2013-11-20 10:57:09,494: DEBUG: Starting the client for the user AAALoadScriptUser5@airborne.aircell.com to the server localhost

2013-11-20 10:57:09,496: DEBUG: DURATION of the TEST: 29
2013-11-20 10:57:09,497: DEBUG: NAS-IP: 10.254.254.1
2013-11-20 10:57:09,499: DEBUG: NAS-MAC-ADDR: 19:21:31:41:52:31
2013-11-20 10:57:09,499: DEBUG: Abruptly End: False
2013-11-20 10:57:09,500: DEBUG: Framed-IP: 10.254.254.197
2013-11-20 10:57:09,501: DEBUG: User-MAC-Addr: 00:16:3E:25:41:F5
2013-11-20 10:57:09,502: DEBUG: 

2013-11-20 10:57:09,503: DEBUG: Creating Authentication Request with the following Attributes:
2013-11-20 10:57:09,504: DEBUG: NAS-Identifier: [u'C08386']
2013-11-20 10:57:09,505: DEBUG: User-Name: [u'AAALoadScriptUser5@airborne.aircell.com']
2013-11-20 10:57:09,506: DEBUG: NAS-IP-Address: ['10.254.254.1']
2013-11-20 10:57:09,507: DEBUG: Service-Type: ['Authenticate-Only']
2013-11-20 10:57:09,507: DEBUG: Proxy-State: ['3237,3134']
2013-11-20 10:57:09,509: DEBUG: Framed-IP-Address: ['10.254.254.197']
2013-11-20 10:57:09,510: DEBUG: GoGo-Airline: [u'BA01']
2013-11-20 10:57:09,511: DEBUG: Acct-Session-Id: [u'AAATestNAS_249-1384925229503-00163E2541F5-1']
2013-11-20 10:57:09,512: DEBUG: GoGo-Tail-Number: [u'AAATestNAS_249']
2013-11-20 10:57:09,513: DEBUG: GoGo-Private-IP-Address: ['192.168.1.179']
2013-11-20 10:57:09,514: DEBUG: WISPr-Location-ID: [u'airline=BA01,tail=01009,network=']
2013-11-20 10:57:09,515: DEBUG: WISPr-Location-Name: [u'TEST LLC,BA01_01009']
2013-11-20 10:57:09,515: DEBUG: NAS-Port-Type: ['Wireless-802.11']
2013-11-20 10:57:09,516: DEBUG: Called-Station-Id: [u'00:16:3E:25:41:F5']
2013-11-20 10:57:09,516: DEBUG: Calling-Station-Id: [u'19:21:31:41:52:31']
2013-11-20 10:57:09,518: DEBUG: 

2013-11-20 10:57:09,518: DEBUG: Received response with code: 2, Accepted
2013-11-20 10:57:09,519: DEBUG: Creating Authentication Request with the following Attributes:
2013-11-20 10:57:09,519: DEBUG: NAS-Identifier: [u'C08386']
2013-11-20 10:57:09,519: DEBUG: User-Name: [u'AAALoadScriptUser5@airborne.aircell.com']
2013-11-20 10:57:09,520: DEBUG: NAS-IP-Address: ['10.254.254.1']
2013-11-20 10:57:09,520: DEBUG: Service-Type: ['Login-User']
2013-11-20 10:57:09,520: DEBUG: Proxy-State: ['3237,3134']
2013-11-20 10:57:09,521: DEBUG: Framed-IP-Address: ['10.254.254.197']
2013-11-20 10:57:09,521: DEBUG: GoGo-Airline: [u'BA01']
2013-11-20 10:57:09,521: DEBUG: Acct-Session-Id: [u'AAATestNAS_249-1384925229518-00163E2541F5-1']
2013-11-20 10:57:09,521: DEBUG: GoGo-Tail-Number: [u'AAATestNAS_249']
2013-11-20 10:57:09,521: DEBUG: GoGo-Private-IP-Address: ['192.168.1.179']
2013-11-20 10:57:09,522: DEBUG: WISPr-Location-ID: [u'airline=BA01,tail=01009,network=']
2013-11-20 10:57:09,522: DEBUG: WISPr-Location-Name: [u'TEST LLC,BA01_01009']
2013-11-20 10:57:09,522: DEBUG: NAS-Port-Type: ['Wireless-802.11']
2013-11-20 10:57:09,522: DEBUG: Called-Station-Id: [u'00:16:3E:25:41:F5']
2013-11-20 10:57:09,522: DEBUG: Calling-Station-Id: [u'19:21:31:41:52:31']
2013-11-20 10:57:09,523: DEBUG: 

2013-11-20 10:57:09,524: DEBUG: Received response with code: 2, Accepted
2013-11-20 10:57:09,524: DEBUG: 

2013-11-20 10:57:09,524: DEBUG: Creating Accounting start Request with the following Attributes:
2013-11-20 10:57:09,524: DEBUG: NAS-Identifier: [u'C08386']
2013-11-20 10:57:09,524: DEBUG: User-Name: [u'AAALoadScriptUser5@airborne.aircell.com']
2013-11-20 10:57:09,525: DEBUG: GoGo-Tail-Number: [u'AAATestNAS_249']
2013-11-20 10:57:09,525: DEBUG: NAS-IP-Address: ['10.254.254.1']
2013-11-20 10:57:09,525: DEBUG: Proxy-State: ['3239,3131']
2013-11-20 10:57:09,525: DEBUG: Acct-Status-Type: ['Start']
2013-11-20 10:57:09,525: DEBUG: GoGo-Airline: [u'BA01']
2013-11-20 10:57:09,525: DEBUG: Acct-Session-Id: [u'AAATestNAS_249-1384925229518-00163E2541F5-1']
2013-11-20 10:57:09,526: DEBUG: GoGo-Private-IP-Address: ['192.168.1.179']
2013-11-20 10:57:09,526: DEBUG: Framed-IP-Address: ['10.254.254.197']
2013-11-20 10:57:09,526: DEBUG: WISPr-Location-ID: [u'airline=BA01,tail=01009,network=']
2013-11-20 10:57:09,526: DEBUG: WISPr-Location-Name: [u'TEST LLC,BA01_01009']
2013-11-20 10:57:09,526: DEBUG: NAS-Port-Type: ['Wireless-802.11']
2013-11-20 10:57:09,527: DEBUG: Called-Station-Id: [u'00:16:3E:25:41:F5']
2013-11-20 10:57:09,527: DEBUG: Calling-Station-Id: [u'19:21:31:41:52:31']
2013-11-20 10:57:09,528: DEBUG: 

2013-11-20 10:57:09,528: DEBUG: Received response with following attributes:
2013-11-20 10:57:19,529: DEBUG: 

2013-11-20 10:57:19,532: DEBUG: Creating Accounting Update Request with the following Attributes:
2013-11-20 10:57:19,534: DEBUG: User-Name: [u'AAALoadScriptUser5@airborne.aircell.com']
2013-11-20 10:57:19,537: DEBUG: GoGo-Tail-Number: [u'AAATestNAS_249']
2013-11-20 10:57:19,540: DEBUG: Acct-Output-Octets: [1159290]
2013-11-20 10:57:19,541: DEBUG: NAS-IP-Address: ['10.254.254.1']
2013-11-20 10:57:19,542: DEBUG: GoGo-Total-Output-Gigawords: [0]
2013-11-20 10:57:19,545: DEBUG: Framed-IP-Address: ['10.254.254.197']
2013-11-20 10:57:19,548: DEBUG: GoGo-Total-Input-Voice-Gigawords: [0]
2013-11-20 10:57:19,550: DEBUG: GoGo-Total-Output-Octets: [1159290]
2013-11-20 10:57:19,551: DEBUG: GoGo-Acct-Input-Voice-Octets: [0]
2013-11-20 10:57:19,555: DEBUG: GoGo-Total-Input-Voice-Packets: [0]
2013-11-20 10:57:19,559: DEBUG: Called-Station-Id: [u'00:16:3E:25:41:F5']
2013-11-20 10:57:19,562: DEBUG: WISPr-Location-Name: [u'TEST LLC,BA01_01009']
2013-11-20 10:57:19,565: DEBUG: NAS-Identifier: [u'C08386']
2013-11-20 10:57:19,568: DEBUG: Proxy-State: ['3330,3132']
2013-11-20 10:57:19,570: DEBUG: GoGo-Total-Input-Voice-Octets: [0]
2013-11-20 10:57:19,571: DEBUG: Acct-Status-Type: ['Interim-Update']
2013-11-20 10:57:19,576: DEBUG: GoGo-Total-Output-Voice-Gigawords: [0]
2013-11-20 10:57:19,578: DEBUG: GoGo-Airline: [u'BA01']
2013-11-20 10:57:19,583: DEBUG: Acct-Session-Id: [u'AAATestNAS_249-1384925229518-00163E2541F5-1']
2013-11-20 10:57:19,590: DEBUG: Acct-Session-Time: [10]
2013-11-20 10:57:19,594: DEBUG: Acct-Input-Packets: [28479]
2013-11-20 10:57:19,598: DEBUG: Acct-Output-Packets: [3453]
2013-11-20 10:57:19,601: DEBUG: GoGo-Acct-Output-Voice-Packets: [0]
2013-11-20 10:57:19,604: DEBUG: GoGo-Acct-Output-Voice-Octets: [0]
2013-11-20 10:57:19,606: DEBUG: Acct-Output-Gigawords: [0]
2013-11-20 10:57:19,609: DEBUG: GoGo-Total-Output-Voice-Packets: [0]
2013-11-20 10:57:19,610: DEBUG: Acct-Input-Gigawords: [0]
2013-11-20 10:57:19,614: DEBUG: Calling-Station-Id: [u'19:21:31:41:52:31']
2013-11-20 10:57:19,617: DEBUG: NAS-Port-Type: ['Wireless-802.11']
2013-11-20 10:57:19,620: DEBUG: GoGo-Total-Output-Voice-Octets: [0]
2013-11-20 10:57:19,622: DEBUG: GoGo-Private-IP-Address: ['192.168.1.179']
2013-11-20 10:57:19,628: DEBUG: GoGo-Acct-Input-Voice-Gigawords: [0]
2013-11-20 10:57:19,630: DEBUG: GoGo-Total-Input-Packets: [28479]
2013-11-20 10:57:19,633: DEBUG: GoGo-Total-Input-Gigawords: [0]
2013-11-20 10:57:19,635: DEBUG: GoGo-Acct-Input-Voice-Packets: [0]
2013-11-20 10:57:19,641: DEBUG: GoGo-Total-Input-Octets: [6664864]
2013-11-20 10:57:19,643: DEBUG: GoGo-Total-Output-Packets: [3453]
2013-11-20 10:57:19,647: DEBUG: WISPr-Location-ID: [u'airline=BA01,tail=01009,network=']
2013-11-20 10:57:19,648: DEBUG: GoGo-Acct-Output-Voice-Gigawords: [0]
2013-11-20 10:57:19,650: DEBUG: Acct-Input-Octets: [6664864]
2013-11-20 10:57:19,655: DEBUG: 

2013-11-20 10:57:19,657: DEBUG: Received response with following attributes:
2013-11-20 10:57:29,660: DEBUG: 

2013-11-20 10:57:29,663: DEBUG: Creating Accounting Update Request with the following Attributes:
2013-11-20 10:57:29,663: DEBUG: User-Name: [u'AAALoadScriptUser5@airborne.aircell.com']
2013-11-20 10:57:29,664: DEBUG: GoGo-Tail-Number: [u'AAATestNAS_249']
2013-11-20 10:57:29,665: DEBUG: Acct-Output-Octets: [1318593]
2013-11-20 10:57:29,666: DEBUG: NAS-IP-Address: ['10.254.254.1']
2013-11-20 10:57:29,667: DEBUG: GoGo-Total-Output-Gigawords: [0]
2013-11-20 10:57:29,668: DEBUG: Framed-IP-Address: ['10.254.254.197']
2013-11-20 10:57:29,668: DEBUG: GoGo-Total-Input-Voice-Gigawords: [0]
2013-11-20 10:57:29,669: DEBUG: GoGo-Total-Output-Octets: [1318593]
2013-11-20 10:57:29,670: DEBUG: GoGo-Acct-Input-Voice-Octets: [0]
2013-11-20 10:57:29,670: DEBUG: GoGo-Total-Input-Voice-Packets: [0]
2013-11-20 10:57:29,672: DEBUG: Called-Station-Id: [u'00:16:3E:25:41:F5']
2013-11-20 10:57:29,672: DEBUG: WISPr-Location-Name: [u'TEST LLC,BA01_01009']
2013-11-20 10:57:29,674: DEBUG: NAS-Identifier: [u'C08386']
2013-11-20 10:57:29,674: DEBUG: Proxy-State: ['3330,3132']
2013-11-20 10:57:29,675: DEBUG: GoGo-Total-Input-Voice-Octets: [0]
2013-11-20 10:57:29,676: DEBUG: Acct-Status-Type: ['Interim-Update']
2013-11-20 10:57:29,677: DEBUG: GoGo-Total-Output-Voice-Gigawords: [0]
2013-11-20 10:57:29,678: DEBUG: GoGo-Airline: [u'BA01']
2013-11-20 10:57:29,678: DEBUG: Acct-Session-Id: [u'AAATestNAS_249-1384925229518-00163E2541F5-1']
2013-11-20 10:57:29,679: DEBUG: Acct-Session-Time: [10]
2013-11-20 10:57:29,680: DEBUG: Acct-Input-Packets: [45926]
2013-11-20 10:57:29,681: DEBUG: Acct-Output-Packets: [4573]
2013-11-20 10:57:29,682: DEBUG: GoGo-Acct-Output-Voice-Packets: [0]
2013-11-20 10:57:29,682: DEBUG: GoGo-Acct-Output-Voice-Octets: [0]
2013-11-20 10:57:29,682: DEBUG: Acct-Output-Gigawords: [0]
2013-11-20 10:57:29,683: DEBUG: GoGo-Total-Output-Voice-Packets: [0]
2013-11-20 10:57:29,683: DEBUG: Acct-Input-Gigawords: [0]
2013-11-20 10:57:29,683: DEBUG: Calling-Station-Id: [u'19:21:31:41:52:31']
2013-11-20 10:57:29,683: DEBUG: NAS-Port-Type: ['Wireless-802.11']
2013-11-20 10:57:29,683: DEBUG: GoGo-Total-Output-Voice-Octets: [0]
2013-11-20 10:57:29,684: DEBUG: GoGo-Private-IP-Address: ['192.168.1.179']
2013-11-20 10:57:29,684: DEBUG: GoGo-Acct-Input-Voice-Gigawords: [0]
2013-11-20 10:57:29,684: DEBUG: GoGo-Total-Input-Packets: [45926]
2013-11-20 10:57:29,684: DEBUG: GoGo-Total-Input-Gigawords: [0]
2013-11-20 10:57:29,684: DEBUG: GoGo-Acct-Input-Voice-Packets: [0]
2013-11-20 10:57:29,684: DEBUG: GoGo-Total-Input-Octets: [5935711]
2013-11-20 10:57:29,685: DEBUG: GoGo-Total-Output-Packets: [4573]
2013-11-20 10:57:29,685: DEBUG: WISPr-Location-ID: [u'airline=BA01,tail=01009,network=']
2013-11-20 10:57:29,685: DEBUG: GoGo-Acct-Output-Voice-Gigawords: [0]
2013-11-20 10:57:29,685: DEBUG: Acct-Input-Octets: [5935711]
2013-11-20 10:57:29,687: DEBUG: 

2013-11-20 10:57:29,687: DEBUG: Received response with following attributes:
2013-11-20 10:57:38,688: DEBUG: 

2013-11-20 10:57:38,689: DEBUG: Creating Accounting Update Request with the following Attributes:
2013-11-20 10:57:38,689: DEBUG: User-Name: [u'AAALoadScriptUser5@airborne.aircell.com']
2013-11-20 10:57:38,689: DEBUG: GoGo-Tail-Number: [u'AAATestNAS_249']
2013-11-20 10:57:38,689: DEBUG: Acct-Output-Octets: [4423087]
2013-11-20 10:57:38,689: DEBUG: NAS-IP-Address: ['10.254.254.1']
2013-11-20 10:57:38,690: DEBUG: GoGo-Total-Output-Gigawords: [0]
2013-11-20 10:57:38,690: DEBUG: Framed-IP-Address: ['10.254.254.197']
2013-11-20 10:57:38,690: DEBUG: GoGo-Total-Input-Voice-Gigawords: [0]
2013-11-20 10:57:38,690: DEBUG: GoGo-Total-Output-Octets: [4423087]
2013-11-20 10:57:38,690: DEBUG: GoGo-Acct-Input-Voice-Octets: [0]
2013-11-20 10:57:38,690: DEBUG: GoGo-Total-Input-Voice-Packets: [0]
2013-11-20 10:57:38,691: DEBUG: Called-Station-Id: [u'00:16:3E:25:41:F5']
2013-11-20 10:57:38,691: DEBUG: WISPr-Location-Name: [u'TEST LLC,BA01_01009']
2013-11-20 10:57:38,691: DEBUG: NAS-Identifier: [u'C08386']
2013-11-20 10:57:38,691: DEBUG: Proxy-State: ['3330,3132']
2013-11-20 10:57:38,691: DEBUG: GoGo-Total-Input-Voice-Octets: [0]
2013-11-20 10:57:38,691: DEBUG: Acct-Status-Type: ['Interim-Update']
2013-11-20 10:57:38,692: DEBUG: GoGo-Total-Output-Voice-Gigawords: [0]
2013-11-20 10:57:38,692: DEBUG: GoGo-Airline: [u'BA01']
2013-11-20 10:57:38,692: DEBUG: Acct-Session-Id: [u'AAATestNAS_249-1384925229518-00163E2541F5-1']
2013-11-20 10:57:38,692: DEBUG: Acct-Session-Time: [9]
2013-11-20 10:57:38,692: DEBUG: Acct-Input-Packets: [7457]
2013-11-20 10:57:38,692: DEBUG: Acct-Output-Packets: [26217]
2013-11-20 10:57:38,693: DEBUG: GoGo-Acct-Output-Voice-Packets: [0]
2013-11-20 10:57:38,693: DEBUG: GoGo-Acct-Output-Voice-Octets: [0]
2013-11-20 10:57:38,693: DEBUG: Acct-Output-Gigawords: [0]
2013-11-20 10:57:38,693: DEBUG: GoGo-Total-Output-Voice-Packets: [0]
2013-11-20 10:57:38,693: DEBUG: Acct-Input-Gigawords: [0]
2013-11-20 10:57:38,693: DEBUG: Calling-Station-Id: [u'19:21:31:41:52:31']
2013-11-20 10:57:38,694: DEBUG: NAS-Port-Type: ['Wireless-802.11']
2013-11-20 10:57:38,694: DEBUG: GoGo-Total-Output-Voice-Octets: [0]
2013-11-20 10:57:38,694: DEBUG: GoGo-Private-IP-Address: ['192.168.1.179']
2013-11-20 10:57:38,694: DEBUG: GoGo-Acct-Input-Voice-Gigawords: [0]
2013-11-20 10:57:38,694: DEBUG: GoGo-Total-Input-Packets: [7457]
2013-11-20 10:57:38,694: DEBUG: GoGo-Total-Input-Gigawords: [0]
2013-11-20 10:57:38,694: DEBUG: GoGo-Acct-Input-Voice-Packets: [0]
2013-11-20 10:57:38,695: DEBUG: GoGo-Total-Input-Octets: [1782364]
2013-11-20 10:57:38,695: DEBUG: GoGo-Total-Output-Packets: [26217]
2013-11-20 10:57:38,695: DEBUG: WISPr-Location-ID: [u'airline=BA01,tail=01009,network=']
2013-11-20 10:57:38,695: DEBUG: GoGo-Acct-Output-Voice-Gigawords: [0]
2013-11-20 10:57:38,695: DEBUG: Acct-Input-Octets: [1782364]
2013-11-20 10:57:38,696: ERROR: Network error, Reason: 'Network error: Too many open files'
2013-11-20 10:57:51,697: DEBUG: 

2013-11-20 10:57:51,697: DEBUG: Creating Accounting Stop Request with the following Attributes:
2013-11-20 10:57:51,697: DEBUG: User-Name: [u'AAALoadScriptUser5@airborne.aircell.com']
2013-11-20 10:57:51,698: DEBUG: GoGo-Tail-Number: [u'01009']
2013-11-20 10:57:51,698: DEBUG: Acct-Output-Octets: [8546527]
2013-11-20 10:57:51,698: DEBUG: NAS-IP-Address: ['10.254.254.1']
2013-11-20 10:57:51,698: DEBUG: GoGo-Total-Output-Gigawords: [0]
2013-11-20 10:57:51,698: DEBUG: Framed-IP-Address: ['10.254.254.197']
2013-11-20 10:57:51,698: DEBUG: GoGo-Total-Input-Voice-Gigawords: [0]
2013-11-20 10:57:51,699: DEBUG: GoGo-Total-Output-Octets: [8546527]
2013-11-20 10:57:51,699: DEBUG: GoGo-Acct-Input-Voice-Octets: [0]
2013-11-20 10:57:51,699: DEBUG: GoGo-Total-Input-Voice-Packets: [0]
2013-11-20 10:57:51,699: DEBUG: Called-Station-Id: [u'00:16:3E:25:41:F5']
2013-11-20 10:57:51,699: DEBUG: WISPr-Location-Name: [u'TEST LLC,BA01_01009']
2013-11-20 10:57:51,700: DEBUG: NAS-Identifier: [u'C08386']
2013-11-20 10:57:51,700: DEBUG: Proxy-State: ['3330,3132']
2013-11-20 10:57:51,700: DEBUG: GoGo-Total-Input-Voice-Octets: [0]
2013-11-20 10:57:51,700: DEBUG: Acct-Status-Type: ['Stop']
2013-11-20 10:57:51,700: DEBUG: GoGo-Total-Output-Voice-Gigawords: [0]
2013-11-20 10:57:51,700: DEBUG: GoGo-Airline: [u'BA01']
2013-11-20 10:57:51,701: DEBUG: Acct-Session-Id: [u'AAATestNAS_249-1384925229518-00163E2541F5-1']
2013-11-20 10:57:51,701: DEBUG: Acct-Session-Time: [13]
2013-11-20 10:57:51,701: DEBUG: Acct-Input-Packets: [41519]
2013-11-20 10:57:51,701: DEBUG: Acct-Output-Packets: [56923]
2013-11-20 10:57:51,701: DEBUG: Acct-Terminate-Cause: ['User-Request']
2013-11-20 10:57:51,701: DEBUG: GoGo-Acct-Output-Voice-Octets: [0]
2013-11-20 10:57:51,702: DEBUG: Acct-Output-Gigawords: [0]
2013-11-20 10:57:51,702: DEBUG: GoGo-Total-Output-Voice-Packets: [0]
2013-11-20 10:57:51,702: DEBUG: Acct-Input-Gigawords: [0]
2013-11-20 10:57:51,702: DEBUG: Calling-Station-Id: [u'19:21:31:41:52:31']
2013-11-20 10:57:51,702: DEBUG: NAS-Port-Type: ['Wireless-802.11']
2013-11-20 10:57:51,702: DEBUG: GoGo-Total-Output-Voice-Octets: [0]
2013-11-20 10:57:51,703: DEBUG: GoGo-Private-IP-Address: ['192.168.1.179']
2013-11-20 10:57:51,703: DEBUG: GoGo-Acct-Input-Voice-Gigawords: [0]
2013-11-20 10:57:51,703: DEBUG: GoGo-Total-Input-Packets: [41519]
2013-11-20 10:57:51,703: DEBUG: GoGo-Total-Input-Gigawords: [0]
2013-11-20 10:57:51,703: DEBUG: GoGo-Acct-Input-Voice-Packets: [0]
2013-11-20 10:57:51,703: DEBUG: GoGo-Total-Input-Octets: [6272995]
2013-11-20 10:57:51,704: DEBUG: GoGo-Total-Output-Packets: [56923]
2013-11-20 10:57:51,704: DEBUG: WISPr-Location-ID: [u'airline=BA01,tail=01009,network=']
2013-11-20 10:57:51,704: DEBUG: GoGo-Acct-Output-Voice-Packets: [0]
2013-11-20 10:57:51,704: DEBUG: GoGo-Acct-Output-Voice-Gigawords: [0]
2013-11-20 10:57:51,704: DEBUG: Acct-Input-Octets: [6272995]
2013-11-20 10:57:51,704: ERROR: Network error, Reason: 'Network error: Too many open files'
2013-11-20 10:57:51,705: ERROR: Ending the test for this user
2013-11-20 10:57:51,705: DEBUG: Ending the test for this user
