2013-11-20 10:55:42,446: DEBUG: Starting the client for the user AAALoadScriptUser3@airborne.aircell.com to the server localhost

2013-11-20 10:55:42,446: DEBUG: DURATION of the TEST: 38
2013-11-20 10:55:42,446: DEBUG: NAS-IP: 10.254.133.1
2013-11-20 10:55:42,446: DEBUG: NAS-MAC-ADDR: 17:21:31:41:52:98
2013-11-20 10:55:42,446: DEBUG: Abruptly End: True
2013-11-20 10:55:42,446: DEBUG: Framed-IP: 10.254.133.102
2013-11-20 10:55:42,446: DEBUG: User-MAC-Addr: 00:16:3E:17:A1:AA
2013-11-20 10:55:42,446: DEBUG: 

2013-11-20 10:55:42,447: DEBUG: Creating Authentication Request with the following Attributes:
2013-11-20 10:55:42,447: DEBUG: NAS-Identifier: [u'C08386']
2013-11-20 10:55:42,447: DEBUG: User-Name: [u'AAALoadScriptUser3@airborne.aircell.com']
2013-11-20 10:55:42,447: DEBUG: NAS-IP-Address: ['10.254.133.1']
2013-11-20 10:55:42,447: DEBUG: Service-Type: ['Authenticate-Only']
2013-11-20 10:55:42,447: DEBUG: Proxy-State: ['3237,3134']
2013-11-20 10:55:42,447: DEBUG: Framed-IP-Address: ['10.254.133.102']
2013-11-20 10:55:42,447: DEBUG: GoGo-Airline: [u'BA01']
2013-11-20 10:55:42,448: DEBUG: Acct-Session-Id: [u'AAATestNAS_128-1384925142447-00163E17A1AA-2']
2013-11-20 10:55:42,448: DEBUG: GoGo-Tail-Number: [u'AAATestNAS_128']
2013-11-20 10:55:42,448: DEBUG: GoGo-Private-IP-Address: ['192.168.1.179']
2013-11-20 10:55:42,448: DEBUG: WISPr-Location-ID: [u'airline=BA01,tail=01009,network=']
2013-11-20 10:55:42,448: DEBUG: WISPr-Location-Name: [u'TEST LLC,BA01_01009']
2013-11-20 10:55:42,448: DEBUG: NAS-Port-Type: ['Wireless-802.11']
2013-11-20 10:55:42,448: DEBUG: Called-Station-Id: [u'00:16:3E:17:A1:AA']
2013-11-20 10:55:42,448: DEBUG: Calling-Station-Id: [u'17:21:31:41:52:98']
2013-11-20 10:55:42,449: DEBUG: 

2013-11-20 10:55:42,449: DEBUG: Received response with code: 2, Accepted
2013-11-20 10:55:42,449: DEBUG: Creating Authentication Request with the following Attributes:
2013-11-20 10:55:42,450: DEBUG: NAS-Identifier: [u'C08386']
2013-11-20 10:55:42,450: DEBUG: User-Name: [u'AAALoadScriptUser3@airborne.aircell.com']
2013-11-20 10:55:42,450: DEBUG: NAS-IP-Address: ['10.254.133.1']
2013-11-20 10:55:42,450: DEBUG: Service-Type: ['Login-User']
2013-11-20 10:55:42,450: DEBUG: Proxy-State: ['3237,3134']
2013-11-20 10:55:42,450: DEBUG: Framed-IP-Address: ['10.254.133.102']
2013-11-20 10:55:42,450: DEBUG: GoGo-Airline: [u'BA01']
2013-11-20 10:55:42,450: DEBUG: Acct-Session-Id: [u'AAATestNAS_128-1384925142449-00163E17A1AA-2']
2013-11-20 10:55:42,450: DEBUG: GoGo-Tail-Number: [u'AAATestNAS_128']
2013-11-20 10:55:42,450: DEBUG: GoGo-Private-IP-Address: ['192.168.1.179']
2013-11-20 10:55:42,450: DEBUG: WISPr-Location-ID: [u'airline=BA01,tail=01009,network=']
2013-11-20 10:55:42,450: DEBUG: WISPr-Location-Name: [u'TEST LLC,BA01_01009']
2013-11-20 10:55:42,451: DEBUG: NAS-Port-Type: ['Wireless-802.11']
2013-11-20 10:55:42,451: DEBUG: Called-Station-Id: [u'00:16:3E:17:A1:AA']
2013-11-20 10:55:42,451: DEBUG: Calling-Station-Id: [u'17:21:31:41:52:98']
2013-11-20 10:55:42,452: DEBUG: 

2013-11-20 10:55:42,452: DEBUG: Received response with code: 2, Accepted
2013-11-20 10:55:42,452: DEBUG: 

2013-11-20 10:55:42,452: DEBUG: Creating Accounting start Request with the following Attributes:
2013-11-20 10:55:42,452: DEBUG: NAS-Identifier: [u'C08386']
2013-11-20 10:55:42,452: DEBUG: User-Name: [u'AAALoadScriptUser3@airborne.aircell.com']
2013-11-20 10:55:42,452: DEBUG: GoGo-Tail-Number: [u'AAATestNAS_128']
2013-11-20 10:55:42,452: DEBUG: NAS-IP-Address: ['10.254.133.1']
2013-11-20 10:55:42,452: DEBUG: Proxy-State: ['3239,3131']
2013-11-20 10:55:42,452: DEBUG: Acct-Status-Type: ['Start']
2013-11-20 10:55:42,452: DEBUG: GoGo-Airline: [u'BA01']
2013-11-20 10:55:42,453: DEBUG: Acct-Session-Id: [u'AAATestNAS_128-1384925142449-00163E17A1AA-2']
2013-11-20 10:55:42,453: DEBUG: GoGo-Private-IP-Address: ['192.168.1.179']
2013-11-20 10:55:42,453: DEBUG: Framed-IP-Address: ['10.254.133.102']
2013-11-20 10:55:42,453: DEBUG: WISPr-Location-ID: [u'airline=BA01,tail=01009,network=']
2013-11-20 10:55:42,453: DEBUG: WISPr-Location-Name: [u'TEST LLC,BA01_01009']
2013-11-20 10:55:42,453: DEBUG: NAS-Port-Type: ['Wireless-802.11']
2013-11-20 10:55:42,453: DEBUG: Called-Station-Id: [u'00:16:3E:17:A1:AA']
2013-11-20 10:55:42,453: DEBUG: Calling-Station-Id: [u'17:21:31:41:52:98']
2013-11-20 10:55:42,454: DEBUG: 

2013-11-20 10:55:42,454: DEBUG: Received response with following attributes:
2013-11-20 10:55:52,455: DEBUG: 

2013-11-20 10:55:52,456: DEBUG: Creating Accounting Update Request with the following Attributes:
2013-11-20 10:55:52,457: DEBUG: User-Name: [u'AAALoadScriptUser3@airborne.aircell.com']
2013-11-20 10:55:52,458: DEBUG: GoGo-Tail-Number: [u'AAATestNAS_128']
2013-11-20 10:55:52,459: DEBUG: Acct-Output-Octets: [7886652]
2013-11-20 10:55:52,460: DEBUG: NAS-IP-Address: ['10.254.133.1']
2013-11-20 10:55:52,461: DEBUG: GoGo-Total-Output-Gigawords: [0]
2013-11-20 10:55:52,462: DEBUG: Framed-IP-Address: ['10.254.133.102']
2013-11-20 10:55:52,463: DEBUG: GoGo-Total-Input-Voice-Gigawords: [0]
2013-11-20 10:55:52,463: DEBUG: GoGo-Total-Output-Octets: [7886652]
2013-11-20 10:55:52,463: DEBUG: GoGo-Acct-Input-Voice-Octets: [0]
2013-11-20 10:55:52,464: DEBUG: GoGo-Total-Input-Voice-Packets: [0]
2013-11-20 10:55:52,465: DEBUG: Called-Station-Id: [u'00:16:3E:17:A1:AA']
2013-11-20 10:55:52,466: DEBUG: WISPr-Location-Name: [u'TEST LLC,BA01_01009']
2013-11-20 10:55:52,466: DEBUG: NAS-Identifier: [u'C08386']
2013-11-20 10:55:52,466: DEBUG: Proxy-State: ['3330,3132']
2013-11-20 10:55:52,468: DEBUG: GoGo-Total-Input-Voice-Octets: [0]
2013-11-20 10:55:52,468: DEBUG: Acct-Status-Type: ['Interim-Update']
2013-11-20 10:55:52,468: DEBUG: GoGo-Total-Output-Voice-Gigawords: [0]
2013-11-20 10:55:52,469: DEBUG: GoGo-Airline: [u'BA01']
2013-11-20 10:55:52,473: DEBUG: Acct-Session-Id: [u'AAATestNAS_128-1384925142449-00163E17A1AA-2']
2013-11-20 10:55:52,475: DEBUG: Acct-Session-Time: [10]
2013-11-20 10:55:52,475: DEBUG: Acct-Input-Packets: [69451]
2013-11-20 10:55:52,475: DEBUG: Acct-Output-Packets: [77919]
2013-11-20 10:55:52,476: DEBUG: GoGo-Acct-Output-Voice-Packets: [0]
2013-11-20 10:55:52,476: DEBUG: GoGo-Acct-Output-Voice-Octets: [0]
2013-11-20 10:55:52,476: DEBUG: Acct-Output-Gigawords: [0]
2013-11-20 10:55:52,477: DEBUG: GoGo-Total-Output-Voice-Packets: [0]
2013-11-20 10:55:52,479: DEBUG: Acct-Input-Gigawords: [0]
2013-11-20 10:55:52,479: DEBUG: Calling-Station-Id: [u'17:21:31:41:52:98']
2013-11-20 10:55:52,479: DEBUG: NAS-Port-Type: ['Wireless-802.11']
2013-11-20 10:55:52,480: DEBUG: GoGo-Total-Output-Voice-Octets: [0]
2013-11-20 10:55:52,480: DEBUG: GoGo-Private-IP-Address: ['192.168.1.179']
2013-11-20 10:55:52,481: DEBUG: GoGo-Acct-Input-Voice-Gigawords: [0]
2013-11-20 10:55:52,481: DEBUG: GoGo-Total-Input-Packets: [69451]
2013-11-20 10:55:52,482: DEBUG: GoGo-Total-Input-Gigawords: [0]
2013-11-20 10:55:52,483: DEBUG: GoGo-Acct-Input-Voice-Packets: [0]
2013-11-20 10:55:52,483: DEBUG: GoGo-Total-Input-Octets: [9854195]
2013-11-20 10:55:52,485: DEBUG: GoGo-Total-Output-Packets: [77919]
2013-11-20 10:55:52,486: DEBUG: WISPr-Location-ID: [u'airline=BA01,tail=01009,network=']
2013-11-20 10:55:52,487: DEBUG: GoGo-Acct-Output-Voice-Gigawords: [0]
2013-11-20 10:55:52,488: DEBUG: Acct-Input-Octets: [9854195]
2013-11-20 10:55:52,493: DEBUG: 

2013-11-20 10:55:52,494: DEBUG: Received response with following attributes:
2013-11-20 10:55:52,494: DEBUG: User has abruptly end flag so ending the test with out AcctStop
2013-11-20 10:55:52,495: DEBUG: Ending the test for this user
2013-11-20 10:55:53,411: DEBUG: Starting the client for the user AAALoadScriptUser3@airborne.aircell.com to the server localhost

2013-11-20 10:55:53,411: DEBUG: Starting the client for the user AAALoadScriptUser3@airborne.aircell.com to the server localhost

2013-11-20 10:55:53,412: DEBUG: DURATION of the TEST: 88
2013-11-20 10:55:53,412: DEBUG: DURATION of the TEST: 88
2013-11-20 10:55:53,412: DEBUG: NAS-IP: 10.254.16.1
2013-11-20 10:55:53,412: DEBUG: NAS-IP: 10.254.16.1
2013-11-20 10:55:53,412: DEBUG: NAS-MAC-ADDR: 16:21:31:41:51:71
2013-11-20 10:55:53,412: DEBUG: NAS-MAC-ADDR: 16:21:31:41:51:71
2013-11-20 10:55:53,412: DEBUG: Abruptly End: False
2013-11-20 10:55:53,412: DEBUG: Abruptly End: False
2013-11-20 10:55:53,412: DEBUG: Framed-IP: 10.254.16.151
2013-11-20 10:55:53,412: DEBUG: Framed-IP: 10.254.16.151
2013-11-20 10:55:53,412: DEBUG: User-MAC-Addr: 00:16:3E:04:A3:83
2013-11-20 10:55:53,412: DEBUG: User-MAC-Addr: 00:16:3E:04:A3:83
2013-11-20 10:55:53,413: DEBUG: 

2013-11-20 10:55:53,413: DEBUG: 

2013-11-20 10:55:53,414: DEBUG: Creating Authentication Request with the following Attributes:
2013-11-20 10:55:53,414: DEBUG: Creating Authentication Request with the following Attributes:
2013-11-20 10:55:53,414: DEBUG: NAS-Identifier: [u'C08386']
2013-11-20 10:55:53,414: DEBUG: NAS-Identifier: [u'C08386']
2013-11-20 10:55:53,414: DEBUG: User-Name: [u'AAALoadScriptUser3@airborne.aircell.com']
2013-11-20 10:55:53,414: DEBUG: User-Name: [u'AAALoadScriptUser3@airborne.aircell.com']
2013-11-20 10:55:53,414: DEBUG: NAS-IP-Address: ['10.254.16.1']
2013-11-20 10:55:53,414: DEBUG: NAS-IP-Address: ['10.254.16.1']
2013-11-20 10:55:53,415: DEBUG: Service-Type: ['Authenticate-Only']
2013-11-20 10:55:53,415: DEBUG: Service-Type: ['Authenticate-Only']
2013-11-20 10:55:53,415: DEBUG: Proxy-State: ['3237,3134']
2013-11-20 10:55:53,415: DEBUG: Proxy-State: ['3237,3134']
2013-11-20 10:55:53,415: DEBUG: Framed-IP-Address: ['10.254.16.151']
2013-11-20 10:55:53,415: DEBUG: Framed-IP-Address: ['10.254.16.151']
2013-11-20 10:55:53,415: DEBUG: GoGo-Airline: [u'BA01']
2013-11-20 10:55:53,415: DEBUG: GoGo-Airline: [u'BA01']
2013-11-20 10:55:53,415: DEBUG: Acct-Session-Id: [u'AAATestNAS_11-1384925153413-00163E04A383-1']
2013-11-20 10:55:53,415: DEBUG: Acct-Session-Id: [u'AAATestNAS_11-1384925153413-00163E04A383-1']
2013-11-20 10:55:53,416: DEBUG: GoGo-Tail-Number: [u'AAATestNAS_11']
2013-11-20 10:55:53,416: DEBUG: GoGo-Tail-Number: [u'AAATestNAS_11']
2013-11-20 10:55:53,416: DEBUG: GoGo-Private-IP-Address: ['192.168.1.179']
2013-11-20 10:55:53,416: DEBUG: GoGo-Private-IP-Address: ['192.168.1.179']
2013-11-20 10:55:53,416: DEBUG: WISPr-Location-ID: [u'airline=BA01,tail=01009,network=']
2013-11-20 10:55:53,416: DEBUG: WISPr-Location-ID: [u'airline=BA01,tail=01009,network=']
2013-11-20 10:55:53,416: DEBUG: WISPr-Location-Name: [u'TEST LLC,BA01_01009']
2013-11-20 10:55:53,416: DEBUG: WISPr-Location-Name: [u'TEST LLC,BA01_01009']
2013-11-20 10:55:53,416: DEBUG: NAS-Port-Type: ['Wireless-802.11']
2013-11-20 10:55:53,416: DEBUG: NAS-Port-Type: ['Wireless-802.11']
2013-11-20 10:55:53,416: DEBUG: Called-Station-Id: [u'00:16:3E:04:A3:83']
2013-11-20 10:55:53,416: DEBUG: Called-Station-Id: [u'00:16:3E:04:A3:83']
2013-11-20 10:55:53,417: DEBUG: Calling-Station-Id: [u'16:21:31:41:51:71']
2013-11-20 10:55:53,417: DEBUG: Calling-Station-Id: [u'16:21:31:41:51:71']
2013-11-20 10:55:53,418: DEBUG: 

2013-11-20 10:55:53,418: DEBUG: 

2013-11-20 10:55:53,418: DEBUG: Received response with code: 2, Accepted
2013-11-20 10:55:53,418: DEBUG: Received response with code: 2, Accepted
2013-11-20 10:55:53,419: DEBUG: Creating Authentication Request with the following Attributes:
2013-11-20 10:55:53,419: DEBUG: Creating Authentication Request with the following Attributes:
2013-11-20 10:55:53,419: DEBUG: NAS-Identifier: [u'C08386']
2013-11-20 10:55:53,419: DEBUG: NAS-Identifier: [u'C08386']
2013-11-20 10:55:53,419: DEBUG: User-Name: [u'AAALoadScriptUser3@airborne.aircell.com']
2013-11-20 10:55:53,419: DEBUG: User-Name: [u'AAALoadScriptUser3@airborne.aircell.com']
2013-11-20 10:55:53,419: DEBUG: NAS-IP-Address: ['10.254.16.1']
2013-11-20 10:55:53,419: DEBUG: NAS-IP-Address: ['10.254.16.1']
2013-11-20 10:55:53,419: DEBUG: Service-Type: ['Login-User']
2013-11-20 10:55:53,419: DEBUG: Service-Type: ['Login-User']
2013-11-20 10:55:53,420: DEBUG: Proxy-State: ['3237,3134']
2013-11-20 10:55:53,420: DEBUG: Proxy-State: ['3237,3134']
2013-11-20 10:55:53,420: DEBUG: Framed-IP-Address: ['10.254.16.151']
2013-11-20 10:55:53,420: DEBUG: Framed-IP-Address: ['10.254.16.151']
2013-11-20 10:55:53,420: DEBUG: GoGo-Airline: [u'BA01']
2013-11-20 10:55:53,420: DEBUG: GoGo-Airline: [u'BA01']
2013-11-20 10:55:53,420: DEBUG: Acct-Session-Id: [u'AAATestNAS_11-1384925153418-00163E04A383-1']
2013-11-20 10:55:53,420: DEBUG: Acct-Session-Id: [u'AAATestNAS_11-1384925153418-00163E04A383-1']
2013-11-20 10:55:53,420: DEBUG: GoGo-Tail-Number: [u'AAATestNAS_11']
2013-11-20 10:55:53,420: DEBUG: GoGo-Tail-Number: [u'AAATestNAS_11']
2013-11-20 10:55:53,420: DEBUG: GoGo-Private-IP-Address: ['192.168.1.179']
2013-11-20 10:55:53,420: DEBUG: GoGo-Private-IP-Address: ['192.168.1.179']
2013-11-20 10:55:53,421: DEBUG: WISPr-Location-ID: [u'airline=BA01,tail=01009,network=']
2013-11-20 10:55:53,421: DEBUG: WISPr-Location-ID: [u'airline=BA01,tail=01009,network=']
2013-11-20 10:55:53,421: DEBUG: WISPr-Location-Name: [u'TEST LLC,BA01_01009']
2013-11-20 10:55:53,421: DEBUG: WISPr-Location-Name: [u'TEST LLC,BA01_01009']
2013-11-20 10:55:53,421: DEBUG: NAS-Port-Type: ['Wireless-802.11']
2013-11-20 10:55:53,421: DEBUG: NAS-Port-Type: ['Wireless-802.11']
2013-11-20 10:55:53,421: DEBUG: Called-Station-Id: [u'00:16:3E:04:A3:83']
2013-11-20 10:55:53,421: DEBUG: Called-Station-Id: [u'00:16:3E:04:A3:83']
2013-11-20 10:55:53,421: DEBUG: Calling-Station-Id: [u'16:21:31:41:51:71']
2013-11-20 10:55:53,421: DEBUG: Calling-Station-Id: [u'16:21:31:41:51:71']
2013-11-20 10:55:53,423: DEBUG: 

2013-11-20 10:55:53,423: DEBUG: 

2013-11-20 10:55:53,423: DEBUG: Received response with code: 2, Accepted
2013-11-20 10:55:53,423: DEBUG: Received response with code: 2, Accepted
2013-11-20 10:55:53,424: DEBUG: 

2013-11-20 10:55:53,424: DEBUG: 

2013-11-20 10:55:53,424: DEBUG: Creating Accounting start Request with the following Attributes:
2013-11-20 10:55:53,424: DEBUG: Creating Accounting start Request with the following Attributes:
2013-11-20 10:55:53,425: DEBUG: NAS-Identifier: [u'C08386']
2013-11-20 10:55:53,425: DEBUG: NAS-Identifier: [u'C08386']
2013-11-20 10:55:53,425: DEBUG: User-Name: [u'AAALoadScriptUser3@airborne.aircell.com']
2013-11-20 10:55:53,425: DEBUG: User-Name: [u'AAALoadScriptUser3@airborne.aircell.com']
2013-11-20 10:55:53,425: DEBUG: GoGo-Tail-Number: [u'AAATestNAS_11']
2013-11-20 10:55:53,425: DEBUG: GoGo-Tail-Number: [u'AAATestNAS_11']
2013-11-20 10:55:53,426: DEBUG: NAS-IP-Address: ['10.254.16.1']
2013-11-20 10:55:53,426: DEBUG: NAS-IP-Address: ['10.254.16.1']
2013-11-20 10:55:53,426: DEBUG: Proxy-State: ['3239,3131']
2013-11-20 10:55:53,426: DEBUG: Proxy-State: ['3239,3131']
2013-11-20 10:55:53,426: DEBUG: Acct-Status-Type: ['Start']
2013-11-20 10:55:53,426: DEBUG: Acct-Status-Type: ['Start']
2013-11-20 10:55:53,427: DEBUG: GoGo-Airline: [u'BA01']
2013-11-20 10:55:53,427: DEBUG: GoGo-Airline: [u'BA01']
2013-11-20 10:55:53,427: DEBUG: Acct-Session-Id: [u'AAATestNAS_11-1384925153418-00163E04A383-1']
2013-11-20 10:55:53,427: DEBUG: Acct-Session-Id: [u'AAATestNAS_11-1384925153418-00163E04A383-1']
2013-11-20 10:55:53,427: DEBUG: GoGo-Private-IP-Address: ['192.168.1.179']
2013-11-20 10:55:53,427: DEBUG: GoGo-Private-IP-Address: ['192.168.1.179']
2013-11-20 10:55:53,427: DEBUG: Framed-IP-Address: ['10.254.16.151']
2013-11-20 10:55:53,427: DEBUG: Framed-IP-Address: ['10.254.16.151']
2013-11-20 10:55:53,428: DEBUG: WISPr-Location-ID: [u'airline=BA01,tail=01009,network=']
2013-11-20 10:55:53,428: DEBUG: WISPr-Location-ID: [u'airline=BA01,tail=01009,network=']
2013-11-20 10:55:53,428: DEBUG: WISPr-Location-Name: [u'TEST LLC,BA01_01009']
2013-11-20 10:55:53,428: DEBUG: WISPr-Location-Name: [u'TEST LLC,BA01_01009']
2013-11-20 10:55:53,428: DEBUG: NAS-Port-Type: ['Wireless-802.11']
2013-11-20 10:55:53,428: DEBUG: NAS-Port-Type: ['Wireless-802.11']
2013-11-20 10:55:53,428: DEBUG: Called-Station-Id: [u'00:16:3E:04:A3:83']
2013-11-20 10:55:53,428: DEBUG: Called-Station-Id: [u'00:16:3E:04:A3:83']
2013-11-20 10:55:53,429: DEBUG: Calling-Station-Id: [u'16:21:31:41:51:71']
2013-11-20 10:55:53,429: DEBUG: Calling-Station-Id: [u'16:21:31:41:51:71']
2013-11-20 10:55:53,430: DEBUG: 

2013-11-20 10:55:53,430: DEBUG: 

2013-11-20 10:55:53,430: DEBUG: Received response with following attributes:
2013-11-20 10:55:53,430: DEBUG: Received response with following attributes:
2013-11-20 10:56:03,430: DEBUG: 

2013-11-20 10:56:03,430: DEBUG: 

2013-11-20 10:56:03,431: DEBUG: Creating Accounting Update Request with the following Attributes:
2013-11-20 10:56:03,431: DEBUG: Creating Accounting Update Request with the following Attributes:
2013-11-20 10:56:03,432: DEBUG: User-Name: [u'AAALoadScriptUser3@airborne.aircell.com']
2013-11-20 10:56:03,432: DEBUG: User-Name: [u'AAALoadScriptUser3@airborne.aircell.com']
2013-11-20 10:56:03,432: DEBUG: GoGo-Tail-Number: [u'AAATestNAS_11']
2013-11-20 10:56:03,432: DEBUG: GoGo-Tail-Number: [u'AAATestNAS_11']
2013-11-20 10:56:03,432: DEBUG: Acct-Output-Octets: [9813395]
2013-11-20 10:56:03,432: DEBUG: Acct-Output-Octets: [9813395]
2013-11-20 10:56:03,433: DEBUG: NAS-IP-Address: ['10.254.16.1']
2013-11-20 10:56:03,433: DEBUG: NAS-IP-Address: ['10.254.16.1']
2013-11-20 10:56:03,433: DEBUG: GoGo-Total-Output-Gigawords: [0]
2013-11-20 10:56:03,433: DEBUG: GoGo-Total-Output-Gigawords: [0]
2013-11-20 10:56:03,433: DEBUG: Framed-IP-Address: ['10.254.16.151']
2013-11-20 10:56:03,433: DEBUG: Framed-IP-Address: ['10.254.16.151']
2013-11-20 10:56:03,433: DEBUG: GoGo-Total-Input-Voice-Gigawords: [0]
2013-11-20 10:56:03,433: DEBUG: GoGo-Total-Input-Voice-Gigawords: [0]
2013-11-20 10:56:03,434: DEBUG: GoGo-Total-Output-Octets: [9813395]
2013-11-20 10:56:03,434: DEBUG: GoGo-Total-Output-Octets: [9813395]
2013-11-20 10:56:03,434: DEBUG: GoGo-Acct-Input-Voice-Octets: [0]
2013-11-20 10:56:03,434: DEBUG: GoGo-Acct-Input-Voice-Octets: [0]
2013-11-20 10:56:03,434: DEBUG: GoGo-Total-Input-Voice-Packets: [0]
2013-11-20 10:56:03,434: DEBUG: GoGo-Total-Input-Voice-Packets: [0]
2013-11-20 10:56:03,434: DEBUG: Called-Station-Id: [u'00:16:3E:04:A3:83']
2013-11-20 10:56:03,434: DEBUG: Called-Station-Id: [u'00:16:3E:04:A3:83']
2013-11-20 10:56:03,435: DEBUG: WISPr-Location-Name: [u'TEST LLC,BA01_01009']
2013-11-20 10:56:03,435: DEBUG: WISPr-Location-Name: [u'TEST LLC,BA01_01009']
2013-11-20 10:56:03,435: DEBUG: NAS-Identifier: [u'C08386']
2013-11-20 10:56:03,435: DEBUG: NAS-Identifier: [u'C08386']
2013-11-20 10:56:03,435: DEBUG: Proxy-State: ['3330,3132']
2013-11-20 10:56:03,435: DEBUG: Proxy-State: ['3330,3132']
2013-11-20 10:56:03,436: DEBUG: GoGo-Total-Input-Voice-Octets: [0]
2013-11-20 10:56:03,436: DEBUG: GoGo-Total-Input-Voice-Octets: [0]
2013-11-20 10:56:03,436: DEBUG: Acct-Status-Type: ['Interim-Update']
2013-11-20 10:56:03,436: DEBUG: Acct-Status-Type: ['Interim-Update']
2013-11-20 10:56:03,436: DEBUG: GoGo-Total-Output-Voice-Gigawords: [0]
2013-11-20 10:56:03,436: DEBUG: GoGo-Total-Output-Voice-Gigawords: [0]
2013-11-20 10:56:03,437: DEBUG: GoGo-Airline: [u'BA01']
2013-11-20 10:56:03,437: DEBUG: GoGo-Airline: [u'BA01']
2013-11-20 10:56:03,437: DEBUG: Acct-Session-Id: [u'AAATestNAS_11-1384925153418-00163E04A383-1']
2013-11-20 10:56:03,437: DEBUG: Acct-Session-Id: [u'AAATestNAS_11-1384925153418-00163E04A383-1']
2013-11-20 10:56:03,437: DEBUG: Acct-Session-Time: [10]
2013-11-20 10:56:03,437: DEBUG: Acct-Session-Time: [10]
2013-11-20 10:56:03,437: DEBUG: Acct-Input-Packets: [76125]
2013-11-20 10:56:03,437: DEBUG: Acct-Input-Packets: [76125]
2013-11-20 10:56:03,437: DEBUG: Acct-Output-Packets: [51143]
2013-11-20 10:56:03,437: DEBUG: Acct-Output-Packets: [51143]
2013-11-20 10:56:03,437: DEBUG: GoGo-Acct-Output-Voice-Packets: [0]
2013-11-20 10:56:03,437: DEBUG: GoGo-Acct-Output-Voice-Packets: [0]
2013-11-20 10:56:03,437: DEBUG: GoGo-Acct-Output-Voice-Octets: [0]
2013-11-20 10:56:03,437: DEBUG: GoGo-Acct-Output-Voice-Octets: [0]
2013-11-20 10:56:03,437: DEBUG: Acct-Output-Gigawords: [0]
2013-11-20 10:56:03,437: DEBUG: Acct-Output-Gigawords: [0]
2013-11-20 10:56:03,438: DEBUG: GoGo-Total-Output-Voice-Packets: [0]
2013-11-20 10:56:03,438: DEBUG: GoGo-Total-Output-Voice-Packets: [0]
2013-11-20 10:56:03,438: DEBUG: Acct-Input-Gigawords: [0]
2013-11-20 10:56:03,438: DEBUG: Acct-Input-Gigawords: [0]
2013-11-20 10:56:03,438: DEBUG: Calling-Station-Id: [u'16:21:31:41:51:71']
2013-11-20 10:56:03,438: DEBUG: Calling-Station-Id: [u'16:21:31:41:51:71']
2013-11-20 10:56:03,438: DEBUG: NAS-Port-Type: ['Wireless-802.11']
2013-11-20 10:56:03,438: DEBUG: NAS-Port-Type: ['Wireless-802.11']
2013-11-20 10:56:03,438: DEBUG: GoGo-Total-Output-Voice-Octets: [0]
2013-11-20 10:56:03,438: DEBUG: GoGo-Total-Output-Voice-Octets: [0]
2013-11-20 10:56:03,439: DEBUG: GoGo-Private-IP-Address: ['192.168.1.179']
2013-11-20 10:56:03,439: DEBUG: GoGo-Private-IP-Address: ['192.168.1.179']
2013-11-20 10:56:03,439: DEBUG: GoGo-Acct-Input-Voice-Gigawords: [0]
2013-11-20 10:56:03,439: DEBUG: GoGo-Acct-Input-Voice-Gigawords: [0]
2013-11-20 10:56:03,439: DEBUG: GoGo-Total-Input-Packets: [76125]
2013-11-20 10:56:03,439: DEBUG: GoGo-Total-Input-Packets: [76125]
2013-11-20 10:56:03,439: DEBUG: GoGo-Total-Input-Gigawords: [0]
2013-11-20 10:56:03,439: DEBUG: GoGo-Total-Input-Gigawords: [0]
2013-11-20 10:56:03,439: DEBUG: GoGo-Acct-Input-Voice-Packets: [0]
2013-11-20 10:56:03,439: DEBUG: GoGo-Acct-Input-Voice-Packets: [0]
2013-11-20 10:56:03,439: DEBUG: GoGo-Total-Input-Octets: [9171515]
2013-11-20 10:56:03,439: DEBUG: GoGo-Total-Input-Octets: [9171515]
2013-11-20 10:56:03,439: DEBUG: GoGo-Total-Output-Packets: [51143]
2013-11-20 10:56:03,439: DEBUG: GoGo-Total-Output-Packets: [51143]
2013-11-20 10:56:03,439: DEBUG: WISPr-Location-ID: [u'airline=BA01,tail=01009,network=']
2013-11-20 10:56:03,439: DEBUG: WISPr-Location-ID: [u'airline=BA01,tail=01009,network=']
2013-11-20 10:56:03,439: DEBUG: GoGo-Acct-Output-Voice-Gigawords: [0]
2013-11-20 10:56:03,439: DEBUG: GoGo-Acct-Output-Voice-Gigawords: [0]
2013-11-20 10:56:03,440: DEBUG: Acct-Input-Octets: [9171515]
2013-11-20 10:56:03,440: DEBUG: Acct-Input-Octets: [9171515]
2013-11-20 10:56:03,441: DEBUG: 

2013-11-20 10:56:03,441: DEBUG: 

2013-11-20 10:56:03,442: DEBUG: Received response with following attributes:
2013-11-20 10:56:03,442: DEBUG: Received response with following attributes:
2013-11-20 10:56:13,443: DEBUG: 

2013-11-20 10:56:13,443: DEBUG: 

2013-11-20 10:56:13,444: DEBUG: Creating Accounting Update Request with the following Attributes:
2013-11-20 10:56:13,444: DEBUG: Creating Accounting Update Request with the following Attributes:
2013-11-20 10:56:13,444: DEBUG: User-Name: [u'AAALoadScriptUser3@airborne.aircell.com']
2013-11-20 10:56:13,444: DEBUG: User-Name: [u'AAALoadScriptUser3@airborne.aircell.com']
2013-11-20 10:56:13,444: DEBUG: GoGo-Tail-Number: [u'AAATestNAS_11']
2013-11-20 10:56:13,444: DEBUG: GoGo-Tail-Number: [u'AAATestNAS_11']
2013-11-20 10:56:13,445: DEBUG: Acct-Output-Octets: [6021748]
2013-11-20 10:56:13,445: DEBUG: Acct-Output-Octets: [6021748]
2013-11-20 10:56:13,446: DEBUG: NAS-IP-Address: ['10.254.16.1']
2013-11-20 10:56:13,446: DEBUG: NAS-IP-Address: ['10.254.16.1']
2013-11-20 10:56:13,447: DEBUG: GoGo-Total-Output-Gigawords: [0]
2013-11-20 10:56:13,447: DEBUG: GoGo-Total-Output-Gigawords: [0]
2013-11-20 10:56:13,447: DEBUG: Framed-IP-Address: ['10.254.16.151']
2013-11-20 10:56:13,447: DEBUG: Framed-IP-Address: ['10.254.16.151']
2013-11-20 10:56:13,448: DEBUG: GoGo-Total-Input-Voice-Gigawords: [0]
2013-11-20 10:56:13,448: DEBUG: GoGo-Total-Input-Voice-Gigawords: [0]
2013-11-20 10:56:13,448: DEBUG: GoGo-Total-Output-Octets: [6021748]
2013-11-20 10:56:13,448: DEBUG: GoGo-Total-Output-Octets: [6021748]
2013-11-20 10:56:13,450: DEBUG: GoGo-Acct-Input-Voice-Octets: [0]
2013-11-20 10:56:13,450: DEBUG: GoGo-Acct-Input-Voice-Octets: [0]
2013-11-20 10:56:13,451: DEBUG: GoGo-Total-Input-Voice-Packets: [0]
2013-11-20 10:56:13,451: DEBUG: GoGo-Total-Input-Voice-Packets: [0]
2013-11-20 10:56:13,452: DEBUG: Called-Station-Id: [u'00:16:3E:04:A3:83']
2013-11-20 10:56:13,452: DEBUG: Called-Station-Id: [u'00:16:3E:04:A3:83']
2013-11-20 10:56:13,453: DEBUG: WISPr-Location-Name: [u'TEST LLC,BA01_01009']
2013-11-20 10:56:13,453: DEBUG: WISPr-Location-Name: [u'TEST LLC,BA01_01009']
2013-11-20 10:56:13,453: DEBUG: NAS-Identifier: [u'C08386']
2013-11-20 10:56:13,453: DEBUG: NAS-Identifier: [u'C08386']
2013-11-20 10:56:13,454: DEBUG: Proxy-State: ['3330,3132']
2013-11-20 10:56:13,454: DEBUG: Proxy-State: ['3330,3132']
2013-11-20 10:56:13,454: DEBUG: GoGo-Total-Input-Voice-Octets: [0]
2013-11-20 10:56:13,454: DEBUG: GoGo-Total-Input-Voice-Octets: [0]
2013-11-20 10:56:13,455: DEBUG: Acct-Status-Type: ['Interim-Update']
2013-11-20 10:56:13,455: DEBUG: Acct-Status-Type: ['Interim-Update']
2013-11-20 10:56:13,456: DEBUG: GoGo-Total-Output-Voice-Gigawords: [0]
2013-11-20 10:56:13,456: DEBUG: GoGo-Total-Output-Voice-Gigawords: [0]
2013-11-20 10:56:13,457: DEBUG: GoGo-Airline: [u'BA01']
2013-11-20 10:56:13,457: DEBUG: GoGo-Airline: [u'BA01']
2013-11-20 10:56:13,458: DEBUG: Acct-Session-Id: [u'AAATestNAS_11-1384925153418-00163E04A383-1']
2013-11-20 10:56:13,458: DEBUG: Acct-Session-Id: [u'AAATestNAS_11-1384925153418-00163E04A383-1']
2013-11-20 10:56:13,460: DEBUG: Acct-Session-Time: [10]
2013-11-20 10:56:13,460: DEBUG: Acct-Session-Time: [10]
2013-11-20 10:56:13,461: DEBUG: Acct-Input-Packets: [1699]
2013-11-20 10:56:13,461: DEBUG: Acct-Input-Packets: [1699]
2013-11-20 10:56:13,461: DEBUG: Acct-Output-Packets: [32471]
2013-11-20 10:56:13,461: DEBUG: Acct-Output-Packets: [32471]
2013-11-20 10:56:13,463: DEBUG: GoGo-Acct-Output-Voice-Packets: [0]
2013-11-20 10:56:13,463: DEBUG: GoGo-Acct-Output-Voice-Packets: [0]
2013-11-20 10:56:13,463: DEBUG: GoGo-Acct-Output-Voice-Octets: [0]
2013-11-20 10:56:13,463: DEBUG: GoGo-Acct-Output-Voice-Octets: [0]
2013-11-20 10:56:13,464: DEBUG: Acct-Output-Gigawords: [0]
2013-11-20 10:56:13,464: DEBUG: Acct-Output-Gigawords: [0]
2013-11-20 10:56:13,465: DEBUG: GoGo-Total-Output-Voice-Packets: [0]
2013-11-20 10:56:13,465: DEBUG: GoGo-Total-Output-Voice-Packets: [0]
2013-11-20 10:56:13,466: DEBUG: Acct-Input-Gigawords: [0]
2013-11-20 10:56:13,466: DEBUG: Acct-Input-Gigawords: [0]
2013-11-20 10:56:13,466: DEBUG: Calling-Station-Id: [u'16:21:31:41:51:71']
2013-11-20 10:56:13,466: DEBUG: Calling-Station-Id: [u'16:21:31:41:51:71']
2013-11-20 10:56:13,467: DEBUG: NAS-Port-Type: ['Wireless-802.11']
2013-11-20 10:56:13,467: DEBUG: NAS-Port-Type: ['Wireless-802.11']
2013-11-20 10:56:13,468: DEBUG: GoGo-Total-Output-Voice-Octets: [0]
2013-11-20 10:56:13,468: DEBUG: GoGo-Total-Output-Voice-Octets: [0]
2013-11-20 10:56:13,469: DEBUG: GoGo-Private-IP-Address: ['192.168.1.179']
2013-11-20 10:56:13,469: DEBUG: GoGo-Private-IP-Address: ['192.168.1.179']
2013-11-20 10:56:13,469: DEBUG: GoGo-Acct-Input-Voice-Gigawords: [0]
2013-11-20 10:56:13,469: DEBUG: GoGo-Acct-Input-Voice-Gigawords: [0]
2013-11-20 10:56:13,470: DEBUG: GoGo-Total-Input-Packets: [1699]
2013-11-20 10:56:13,470: DEBUG: GoGo-Total-Input-Packets: [1699]
2013-11-20 10:56:13,471: DEBUG: GoGo-Total-Input-Gigawords: [0]
2013-11-20 10:56:13,471: DEBUG: GoGo-Total-Input-Gigawords: [0]
2013-11-20 10:56:13,472: DEBUG: GoGo-Acct-Input-Voice-Packets: [0]
2013-11-20 10:56:13,472: DEBUG: GoGo-Acct-Input-Voice-Packets: [0]
2013-11-20 10:56:13,474: DEBUG: GoGo-Total-Input-Octets: [1507638]
2013-11-20 10:56:13,474: DEBUG: GoGo-Total-Input-Octets: [1507638]
2013-11-20 10:56:13,474: DEBUG: GoGo-Total-Output-Packets: [32471]
2013-11-20 10:56:13,474: DEBUG: GoGo-Total-Output-Packets: [32471]
2013-11-20 10:56:13,476: DEBUG: WISPr-Location-ID: [u'airline=BA01,tail=01009,network=']
2013-11-20 10:56:13,476: DEBUG: WISPr-Location-ID: [u'airline=BA01,tail=01009,network=']
2013-11-20 10:56:13,476: DEBUG: GoGo-Acct-Output-Voice-Gigawords: [0]
2013-11-20 10:56:13,476: DEBUG: GoGo-Acct-Output-Voice-Gigawords: [0]
2013-11-20 10:56:13,477: DEBUG: Acct-Input-Octets: [1507638]
2013-11-20 10:56:13,477: DEBUG: Acct-Input-Octets: [1507638]
2013-11-20 10:56:13,480: DEBUG: 

2013-11-20 10:56:13,480: DEBUG: 

2013-11-20 10:56:13,481: DEBUG: Received response with following attributes:
2013-11-20 10:56:13,481: DEBUG: Received response with following attributes:
2013-11-20 10:56:23,483: DEBUG: 

2013-11-20 10:56:23,483: DEBUG: 

2013-11-20 10:56:23,484: DEBUG: Creating Accounting Update Request with the following Attributes:
2013-11-20 10:56:23,484: DEBUG: Creating Accounting Update Request with the following Attributes:
2013-11-20 10:56:23,484: DEBUG: User-Name: [u'AAALoadScriptUser3@airborne.aircell.com']
2013-11-20 10:56:23,484: DEBUG: User-Name: [u'AAALoadScriptUser3@airborne.aircell.com']
2013-11-20 10:56:23,484: DEBUG: GoGo-Tail-Number: [u'AAATestNAS_11']
2013-11-20 10:56:23,484: DEBUG: GoGo-Tail-Number: [u'AAATestNAS_11']
2013-11-20 10:56:23,484: DEBUG: Acct-Output-Octets: [9615268]
2013-11-20 10:56:23,484: DEBUG: Acct-Output-Octets: [9615268]
2013-11-20 10:56:23,484: DEBUG: NAS-IP-Address: ['10.254.16.1']
2013-11-20 10:56:23,484: DEBUG: NAS-IP-Address: ['10.254.16.1']
2013-11-20 10:56:23,484: DEBUG: GoGo-Total-Output-Gigawords: [0]
2013-11-20 10:56:23,484: DEBUG: GoGo-Total-Output-Gigawords: [0]
2013-11-20 10:56:23,485: DEBUG: Framed-IP-Address: ['10.254.16.151']
2013-11-20 10:56:23,485: DEBUG: Framed-IP-Address: ['10.254.16.151']
2013-11-20 10:56:23,485: DEBUG: GoGo-Total-Input-Voice-Gigawords: [0]
2013-11-20 10:56:23,485: DEBUG: GoGo-Total-Input-Voice-Gigawords: [0]
2013-11-20 10:56:23,485: DEBUG: GoGo-Total-Output-Octets: [9615268]
2013-11-20 10:56:23,485: DEBUG: GoGo-Total-Output-Octets: [9615268]
2013-11-20 10:56:23,485: DEBUG: GoGo-Acct-Input-Voice-Octets: [0]
2013-11-20 10:56:23,485: DEBUG: GoGo-Acct-Input-Voice-Octets: [0]
2013-11-20 10:56:23,485: DEBUG: GoGo-Total-Input-Voice-Packets: [0]
2013-11-20 10:56:23,485: DEBUG: GoGo-Total-Input-Voice-Packets: [0]
2013-11-20 10:56:23,485: DEBUG: Called-Station-Id: [u'00:16:3E:04:A3:83']
2013-11-20 10:56:23,485: DEBUG: Called-Station-Id: [u'00:16:3E:04:A3:83']
2013-11-20 10:56:23,485: DEBUG: WISPr-Location-Name: [u'TEST LLC,BA01_01009']
2013-11-20 10:56:23,485: DEBUG: WISPr-Location-Name: [u'TEST LLC,BA01_01009']
2013-11-20 10:56:23,485: DEBUG: NAS-Identifier: [u'C08386']
2013-11-20 10:56:23,485: DEBUG: NAS-Identifier: [u'C08386']
2013-11-20 10:56:23,486: DEBUG: Proxy-State: ['3330,3132']
2013-11-20 10:56:23,486: DEBUG: Proxy-State: ['3330,3132']
2013-11-20 10:56:23,486: DEBUG: GoGo-Total-Input-Voice-Octets: [0]
2013-11-20 10:56:23,486: DEBUG: GoGo-Total-Input-Voice-Octets: [0]
2013-11-20 10:56:23,486: DEBUG: Acct-Status-Type: ['Interim-Update']
2013-11-20 10:56:23,486: DEBUG: Acct-Status-Type: ['Interim-Update']
2013-11-20 10:56:23,487: DEBUG: GoGo-Total-Output-Voice-Gigawords: [0]
2013-11-20 10:56:23,487: DEBUG: GoGo-Total-Output-Voice-Gigawords: [0]
2013-11-20 10:56:23,487: DEBUG: GoGo-Airline: [u'BA01']
2013-11-20 10:56:23,487: DEBUG: GoGo-Airline: [u'BA01']
2013-11-20 10:56:23,487: DEBUG: Acct-Session-Id: [u'AAATestNAS_11-1384925153418-00163E04A383-1']
2013-11-20 10:56:23,487: DEBUG: Acct-Session-Id: [u'AAATestNAS_11-1384925153418-00163E04A383-1']
2013-11-20 10:56:23,488: DEBUG: Acct-Session-Time: [10]
2013-11-20 10:56:23,488: DEBUG: Acct-Session-Time: [10]
2013-11-20 10:56:23,488: DEBUG: Acct-Input-Packets: [20721]
2013-11-20 10:56:23,488: DEBUG: Acct-Input-Packets: [20721]
2013-11-20 10:56:23,488: DEBUG: Acct-Output-Packets: [85591]
2013-11-20 10:56:23,488: DEBUG: Acct-Output-Packets: [85591]
2013-11-20 10:56:23,488: DEBUG: GoGo-Acct-Output-Voice-Packets: [0]
2013-11-20 10:56:23,488: DEBUG: GoGo-Acct-Output-Voice-Packets: [0]
2013-11-20 10:56:23,489: DEBUG: GoGo-Acct-Output-Voice-Octets: [0]
2013-11-20 10:56:23,489: DEBUG: GoGo-Acct-Output-Voice-Octets: [0]
2013-11-20 10:56:23,489: DEBUG: Acct-Output-Gigawords: [0]
2013-11-20 10:56:23,489: DEBUG: Acct-Output-Gigawords: [0]
2013-11-20 10:56:23,489: DEBUG: GoGo-Total-Output-Voice-Packets: [0]
2013-11-20 10:56:23,489: DEBUG: GoGo-Total-Output-Voice-Packets: [0]
2013-11-20 10:56:23,490: DEBUG: Acct-Input-Gigawords: [0]
2013-11-20 10:56:23,490: DEBUG: Acct-Input-Gigawords: [0]
2013-11-20 10:56:23,490: DEBUG: Calling-Station-Id: [u'16:21:31:41:51:71']
2013-11-20 10:56:23,490: DEBUG: Calling-Station-Id: [u'16:21:31:41:51:71']
2013-11-20 10:56:23,490: DEBUG: NAS-Port-Type: ['Wireless-802.11']
2013-11-20 10:56:23,490: DEBUG: NAS-Port-Type: ['Wireless-802.11']
2013-11-20 10:56:23,490: DEBUG: GoGo-Total-Output-Voice-Octets: [0]
2013-11-20 10:56:23,490: DEBUG: GoGo-Total-Output-Voice-Octets: [0]
2013-11-20 10:56:23,491: DEBUG: GoGo-Private-IP-Address: ['192.168.1.179']
2013-11-20 10:56:23,491: DEBUG: GoGo-Private-IP-Address: ['192.168.1.179']
2013-11-20 10:56:23,491: DEBUG: GoGo-Acct-Input-Voice-Gigawords: [0]
2013-11-20 10:56:23,491: DEBUG: GoGo-Acct-Input-Voice-Gigawords: [0]
2013-11-20 10:56:23,491: DEBUG: GoGo-Total-Input-Packets: [20721]
2013-11-20 10:56:23,491: DEBUG: GoGo-Total-Input-Packets: [20721]
2013-11-20 10:56:23,491: DEBUG: GoGo-Total-Input-Gigawords: [0]
2013-11-20 10:56:23,491: DEBUG: GoGo-Total-Input-Gigawords: [0]
2013-11-20 10:56:23,491: DEBUG: GoGo-Acct-Input-Voice-Packets: [0]
2013-11-20 10:56:23,491: DEBUG: GoGo-Acct-Input-Voice-Packets: [0]
2013-11-20 10:56:23,492: DEBUG: GoGo-Total-Input-Octets: [2598897]
2013-11-20 10:56:23,492: DEBUG: GoGo-Total-Input-Octets: [2598897]
2013-11-20 10:56:23,492: DEBUG: GoGo-Total-Output-Packets: [85591]
2013-11-20 10:56:23,492: DEBUG: GoGo-Total-Output-Packets: [85591]
2013-11-20 10:56:23,492: DEBUG: WISPr-Location-ID: [u'airline=BA01,tail=01009,network=']
2013-11-20 10:56:23,492: DEBUG: WISPr-Location-ID: [u'airline=BA01,tail=01009,network=']
2013-11-20 10:56:23,492: DEBUG: GoGo-Acct-Output-Voice-Gigawords: [0]
2013-11-20 10:56:23,492: DEBUG: GoGo-Acct-Output-Voice-Gigawords: [0]
2013-11-20 10:56:23,493: DEBUG: Acct-Input-Octets: [2598897]
2013-11-20 10:56:23,493: DEBUG: Acct-Input-Octets: [2598897]
2013-11-20 10:56:23,497: DEBUG: 

2013-11-20 10:56:23,497: DEBUG: 

2013-11-20 10:56:23,498: DEBUG: Received response with following attributes:
2013-11-20 10:56:23,498: DEBUG: Received response with following attributes:
2013-11-20 10:56:33,499: DEBUG: 

2013-11-20 10:56:33,499: DEBUG: 

2013-11-20 10:56:33,500: DEBUG: Creating Accounting Update Request with the following Attributes:
2013-11-20 10:56:33,500: DEBUG: Creating Accounting Update Request with the following Attributes:
2013-11-20 10:56:33,500: DEBUG: User-Name: [u'AAALoadScriptUser3@airborne.aircell.com']
2013-11-20 10:56:33,500: DEBUG: User-Name: [u'AAALoadScriptUser3@airborne.aircell.com']
2013-11-20 10:56:33,500: DEBUG: GoGo-Tail-Number: [u'AAATestNAS_11']
2013-11-20 10:56:33,500: DEBUG: GoGo-Tail-Number: [u'AAATestNAS_11']
2013-11-20 10:56:33,500: DEBUG: Acct-Output-Octets: [8415037]
2013-11-20 10:56:33,500: DEBUG: Acct-Output-Octets: [8415037]
2013-11-20 10:56:33,500: DEBUG: NAS-IP-Address: ['10.254.16.1']
2013-11-20 10:56:33,500: DEBUG: NAS-IP-Address: ['10.254.16.1']
2013-11-20 10:56:33,501: DEBUG: GoGo-Total-Output-Gigawords: [0]
2013-11-20 10:56:33,501: DEBUG: GoGo-Total-Output-Gigawords: [0]
2013-11-20 10:56:33,501: DEBUG: Framed-IP-Address: ['10.254.16.151']
2013-11-20 10:56:33,501: DEBUG: Framed-IP-Address: ['10.254.16.151']
2013-11-20 10:56:33,501: DEBUG: GoGo-Total-Input-Voice-Gigawords: [0]
2013-11-20 10:56:33,501: DEBUG: GoGo-Total-Input-Voice-Gigawords: [0]
2013-11-20 10:56:33,501: DEBUG: GoGo-Total-Output-Octets: [8415037]
2013-11-20 10:56:33,501: DEBUG: GoGo-Total-Output-Octets: [8415037]
2013-11-20 10:56:33,501: DEBUG: GoGo-Acct-Input-Voice-Octets: [0]
2013-11-20 10:56:33,501: DEBUG: GoGo-Acct-Input-Voice-Octets: [0]
2013-11-20 10:56:33,501: DEBUG: GoGo-Total-Input-Voice-Packets: [0]
2013-11-20 10:56:33,501: DEBUG: GoGo-Total-Input-Voice-Packets: [0]
2013-11-20 10:56:33,501: DEBUG: Called-Station-Id: [u'00:16:3E:04:A3:83']
2013-11-20 10:56:33,501: DEBUG: Called-Station-Id: [u'00:16:3E:04:A3:83']
2013-11-20 10:56:33,501: DEBUG: WISPr-Location-Name: [u'TEST LLC,BA01_01009']
2013-11-20 10:56:33,501: DEBUG: WISPr-Location-Name: [u'TEST LLC,BA01_01009']
2013-11-20 10:56:33,501: DEBUG: NAS-Identifier: [u'C08386']
2013-11-20 10:56:33,501: DEBUG: NAS-Identifier: [u'C08386']
2013-11-20 10:56:33,501: DEBUG: Proxy-State: ['3330,3132']
2013-11-20 10:56:33,501: DEBUG: Proxy-State: ['3330,3132']
2013-11-20 10:56:33,502: DEBUG: GoGo-Total-Input-Voice-Octets: [0]
2013-11-20 10:56:33,502: DEBUG: GoGo-Total-Input-Voice-Octets: [0]
2013-11-20 10:56:33,502: DEBUG: Acct-Status-Type: ['Interim-Update']
2013-11-20 10:56:33,502: DEBUG: Acct-Status-Type: ['Interim-Update']
2013-11-20 10:56:33,502: DEBUG: GoGo-Total-Output-Voice-Gigawords: [0]
2013-11-20 10:56:33,502: DEBUG: GoGo-Total-Output-Voice-Gigawords: [0]
2013-11-20 10:56:33,502: DEBUG: GoGo-Airline: [u'BA01']
2013-11-20 10:56:33,502: DEBUG: GoGo-Airline: [u'BA01']
2013-11-20 10:56:33,502: DEBUG: Acct-Session-Id: [u'AAATestNAS_11-1384925153418-00163E04A383-1']
2013-11-20 10:56:33,502: DEBUG: Acct-Session-Id: [u'AAATestNAS_11-1384925153418-00163E04A383-1']
2013-11-20 10:56:33,502: DEBUG: Acct-Session-Time: [10]
2013-11-20 10:56:33,502: DEBUG: Acct-Session-Time: [10]
2013-11-20 10:56:33,502: DEBUG: Acct-Input-Packets: [4249]
2013-11-20 10:56:33,502: DEBUG: Acct-Input-Packets: [4249]
2013-11-20 10:56:33,502: DEBUG: Acct-Output-Packets: [10669]
2013-11-20 10:56:33,502: DEBUG: Acct-Output-Packets: [10669]
2013-11-20 10:56:33,502: DEBUG: GoGo-Acct-Output-Voice-Packets: [0]
2013-11-20 10:56:33,502: DEBUG: GoGo-Acct-Output-Voice-Packets: [0]
2013-11-20 10:56:33,503: DEBUG: GoGo-Acct-Output-Voice-Octets: [0]
2013-11-20 10:56:33,503: DEBUG: GoGo-Acct-Output-Voice-Octets: [0]
2013-11-20 10:56:33,503: DEBUG: Acct-Output-Gigawords: [0]
2013-11-20 10:56:33,503: DEBUG: Acct-Output-Gigawords: [0]
2013-11-20 10:56:33,503: DEBUG: GoGo-Total-Output-Voice-Packets: [0]
2013-11-20 10:56:33,503: DEBUG: GoGo-Total-Output-Voice-Packets: [0]
2013-11-20 10:56:33,503: DEBUG: Acct-Input-Gigawords: [0]
2013-11-20 10:56:33,503: DEBUG: Acct-Input-Gigawords: [0]
2013-11-20 10:56:33,503: DEBUG: Calling-Station-Id: [u'16:21:31:41:51:71']
2013-11-20 10:56:33,503: DEBUG: Calling-Station-Id: [u'16:21:31:41:51:71']
2013-11-20 10:56:33,503: DEBUG: NAS-Port-Type: ['Wireless-802.11']
2013-11-20 10:56:33,503: DEBUG: NAS-Port-Type: ['Wireless-802.11']
2013-11-20 10:56:33,503: DEBUG: GoGo-Total-Output-Voice-Octets: [0]
2013-11-20 10:56:33,503: DEBUG: GoGo-Total-Output-Voice-Octets: [0]
2013-11-20 10:56:33,503: DEBUG: GoGo-Private-IP-Address: ['192.168.1.179']
2013-11-20 10:56:33,503: DEBUG: GoGo-Private-IP-Address: ['192.168.1.179']
2013-11-20 10:56:33,503: DEBUG: GoGo-Acct-Input-Voice-Gigawords: [0]
2013-11-20 10:56:33,503: DEBUG: GoGo-Acct-Input-Voice-Gigawords: [0]
2013-11-20 10:56:33,504: DEBUG: GoGo-Total-Input-Packets: [4249]
2013-11-20 10:56:33,504: DEBUG: GoGo-Total-Input-Packets: [4249]
2013-11-20 10:56:33,504: DEBUG: GoGo-Total-Input-Gigawords: [0]
2013-11-20 10:56:33,504: DEBUG: GoGo-Total-Input-Gigawords: [0]
2013-11-20 10:56:33,504: DEBUG: GoGo-Acct-Input-Voice-Packets: [0]
2013-11-20 10:56:33,504: DEBUG: GoGo-Acct-Input-Voice-Packets: [0]
2013-11-20 10:56:33,504: DEBUG: GoGo-Total-Input-Octets: [3629961]
2013-11-20 10:56:33,504: DEBUG: GoGo-Total-Input-Octets: [3629961]
2013-11-20 10:56:33,504: DEBUG: GoGo-Total-Output-Packets: [10669]
2013-11-20 10:56:33,504: DEBUG: GoGo-Total-Output-Packets: [10669]
2013-11-20 10:56:33,504: DEBUG: WISPr-Location-ID: [u'airline=BA01,tail=01009,network=']
2013-11-20 10:56:33,504: DEBUG: WISPr-Location-ID: [u'airline=BA01,tail=01009,network=']
2013-11-20 10:56:33,504: DEBUG: GoGo-Acct-Output-Voice-Gigawords: [0]
2013-11-20 10:56:33,504: DEBUG: GoGo-Acct-Output-Voice-Gigawords: [0]
2013-11-20 10:56:33,504: DEBUG: Acct-Input-Octets: [3629961]
2013-11-20 10:56:33,504: DEBUG: Acct-Input-Octets: [3629961]
2013-11-20 10:56:33,506: DEBUG: 

2013-11-20 10:56:33,506: DEBUG: 

2013-11-20 10:56:33,506: DEBUG: Received response with following attributes:
2013-11-20 10:56:33,506: DEBUG: Received response with following attributes:
2013-11-20 10:56:43,507: DEBUG: 

2013-11-20 10:56:43,507: DEBUG: 

2013-11-20 10:56:43,508: DEBUG: Creating Accounting Update Request with the following Attributes:
2013-11-20 10:56:43,508: DEBUG: Creating Accounting Update Request with the following Attributes:
2013-11-20 10:56:43,509: DEBUG: User-Name: [u'AAALoadScriptUser3@airborne.aircell.com']
2013-11-20 10:56:43,509: DEBUG: User-Name: [u'AAALoadScriptUser3@airborne.aircell.com']
2013-11-20 10:56:43,509: DEBUG: GoGo-Tail-Number: [u'AAATestNAS_11']
2013-11-20 10:56:43,509: DEBUG: GoGo-Tail-Number: [u'AAATestNAS_11']
2013-11-20 10:56:43,510: DEBUG: Acct-Output-Octets: [9241592]
2013-11-20 10:56:43,510: DEBUG: Acct-Output-Octets: [9241592]
2013-11-20 10:56:43,510: DEBUG: NAS-IP-Address: ['10.254.16.1']
2013-11-20 10:56:43,510: DEBUG: NAS-IP-Address: ['10.254.16.1']
2013-11-20 10:56:43,511: DEBUG: GoGo-Total-Output-Gigawords: [0]
2013-11-20 10:56:43,511: DEBUG: GoGo-Total-Output-Gigawords: [0]
2013-11-20 10:56:43,512: DEBUG: Framed-IP-Address: ['10.254.16.151']
2013-11-20 10:56:43,512: DEBUG: Framed-IP-Address: ['10.254.16.151']
2013-11-20 10:56:43,512: DEBUG: GoGo-Total-Input-Voice-Gigawords: [0]
2013-11-20 10:56:43,512: DEBUG: GoGo-Total-Input-Voice-Gigawords: [0]
2013-11-20 10:56:43,513: DEBUG: GoGo-Total-Output-Octets: [9241592]
2013-11-20 10:56:43,513: DEBUG: GoGo-Total-Output-Octets: [9241592]
2013-11-20 10:56:43,514: DEBUG: GoGo-Acct-Input-Voice-Octets: [0]
2013-11-20 10:56:43,514: DEBUG: GoGo-Acct-Input-Voice-Octets: [0]
2013-11-20 10:56:43,515: DEBUG: GoGo-Total-Input-Voice-Packets: [0]
2013-11-20 10:56:43,515: DEBUG: GoGo-Total-Input-Voice-Packets: [0]
2013-11-20 10:56:43,515: DEBUG: Called-Station-Id: [u'00:16:3E:04:A3:83']
2013-11-20 10:56:43,515: DEBUG: Called-Station-Id: [u'00:16:3E:04:A3:83']
2013-11-20 10:56:43,517: DEBUG: WISPr-Location-Name: [u'TEST LLC,BA01_01009']
2013-11-20 10:56:43,517: DEBUG: WISPr-Location-Name: [u'TEST LLC,BA01_01009']
2013-11-20 10:56:43,517: DEBUG: NAS-Identifier: [u'C08386']
2013-11-20 10:56:43,517: DEBUG: NAS-Identifier: [u'C08386']
2013-11-20 10:56:43,518: DEBUG: Proxy-State: ['3330,3132']
2013-11-20 10:56:43,518: DEBUG: Proxy-State: ['3330,3132']
2013-11-20 10:56:43,518: DEBUG: GoGo-Total-Input-Voice-Octets: [0]
2013-11-20 10:56:43,518: DEBUG: GoGo-Total-Input-Voice-Octets: [0]
2013-11-20 10:56:43,518: DEBUG: Acct-Status-Type: ['Interim-Update']
2013-11-20 10:56:43,518: DEBUG: Acct-Status-Type: ['Interim-Update']
2013-11-20 10:56:43,519: DEBUG: GoGo-Total-Output-Voice-Gigawords: [0]
2013-11-20 10:56:43,519: DEBUG: GoGo-Total-Output-Voice-Gigawords: [0]
2013-11-20 10:56:43,519: DEBUG: GoGo-Airline: [u'BA01']
2013-11-20 10:56:43,519: DEBUG: GoGo-Airline: [u'BA01']
2013-11-20 10:56:43,520: DEBUG: Acct-Session-Id: [u'AAATestNAS_11-1384925153418-00163E04A383-1']
2013-11-20 10:56:43,520: DEBUG: Acct-Session-Id: [u'AAATestNAS_11-1384925153418-00163E04A383-1']
2013-11-20 10:56:43,521: DEBUG: Acct-Session-Time: [10]
2013-11-20 10:56:43,521: DEBUG: Acct-Session-Time: [10]
2013-11-20 10:56:43,521: DEBUG: Acct-Input-Packets: [17890]
2013-11-20 10:56:43,521: DEBUG: Acct-Input-Packets: [17890]
2013-11-20 10:56:43,521: DEBUG: Acct-Output-Packets: [88593]
2013-11-20 10:56:43,521: DEBUG: Acct-Output-Packets: [88593]
2013-11-20 10:56:43,521: DEBUG: GoGo-Acct-Output-Voice-Packets: [0]
2013-11-20 10:56:43,521: DEBUG: GoGo-Acct-Output-Voice-Packets: [0]
2013-11-20 10:56:43,522: DEBUG: GoGo-Acct-Output-Voice-Octets: [0]
2013-11-20 10:56:43,522: DEBUG: GoGo-Acct-Output-Voice-Octets: [0]
2013-11-20 10:56:43,522: DEBUG: Acct-Output-Gigawords: [0]
2013-11-20 10:56:43,522: DEBUG: Acct-Output-Gigawords: [0]
2013-11-20 10:56:43,522: DEBUG: GoGo-Total-Output-Voice-Packets: [0]
2013-11-20 10:56:43,522: DEBUG: GoGo-Total-Output-Voice-Packets: [0]
2013-11-20 10:56:43,523: DEBUG: Acct-Input-Gigawords: [0]
2013-11-20 10:56:43,523: DEBUG: Acct-Input-Gigawords: [0]
2013-11-20 10:56:43,523: DEBUG: Calling-Station-Id: [u'16:21:31:41:51:71']
2013-11-20 10:56:43,523: DEBUG: Calling-Station-Id: [u'16:21:31:41:51:71']
2013-11-20 10:56:43,523: DEBUG: NAS-Port-Type: ['Wireless-802.11']
2013-11-20 10:56:43,523: DEBUG: NAS-Port-Type: ['Wireless-802.11']
2013-11-20 10:56:43,523: DEBUG: GoGo-Total-Output-Voice-Octets: [0]
2013-11-20 10:56:43,523: DEBUG: GoGo-Total-Output-Voice-Octets: [0]
2013-11-20 10:56:43,523: DEBUG: GoGo-Private-IP-Address: ['192.168.1.179']
2013-11-20 10:56:43,523: DEBUG: GoGo-Private-IP-Address: ['192.168.1.179']
2013-11-20 10:56:43,524: DEBUG: GoGo-Acct-Input-Voice-Gigawords: [0]
2013-11-20 10:56:43,524: DEBUG: GoGo-Acct-Input-Voice-Gigawords: [0]
2013-11-20 10:56:43,524: DEBUG: GoGo-Total-Input-Packets: [17890]
2013-11-20 10:56:43,524: DEBUG: GoGo-Total-Input-Packets: [17890]
2013-11-20 10:56:43,524: DEBUG: GoGo-Total-Input-Gigawords: [0]
2013-11-20 10:56:43,524: DEBUG: GoGo-Total-Input-Gigawords: [0]
2013-11-20 10:56:43,524: DEBUG: GoGo-Acct-Input-Voice-Packets: [0]
2013-11-20 10:56:43,524: DEBUG: GoGo-Acct-Input-Voice-Packets: [0]
2013-11-20 10:56:43,524: DEBUG: GoGo-Total-Input-Octets: [1911348]
2013-11-20 10:56:43,524: DEBUG: GoGo-Total-Input-Octets: [1911348]
2013-11-20 10:56:43,524: DEBUG: GoGo-Total-Output-Packets: [88593]
2013-11-20 10:56:43,524: DEBUG: GoGo-Total-Output-Packets: [88593]
2013-11-20 10:56:43,525: DEBUG: WISPr-Location-ID: [u'airline=BA01,tail=01009,network=']
2013-11-20 10:56:43,525: DEBUG: WISPr-Location-ID: [u'airline=BA01,tail=01009,network=']
2013-11-20 10:56:43,525: DEBUG: GoGo-Acct-Output-Voice-Gigawords: [0]
2013-11-20 10:56:43,525: DEBUG: GoGo-Acct-Output-Voice-Gigawords: [0]
2013-11-20 10:56:43,525: DEBUG: Acct-Input-Octets: [1911348]
2013-11-20 10:56:43,525: DEBUG: Acct-Input-Octets: [1911348]
2013-11-20 10:56:43,527: DEBUG: 

2013-11-20 10:56:43,527: DEBUG: 

2013-11-20 10:56:43,527: DEBUG: Received response with following attributes:
2013-11-20 10:56:43,527: DEBUG: Received response with following attributes:
2013-11-20 10:56:53,528: DEBUG: 

2013-11-20 10:56:53,528: DEBUG: 

2013-11-20 10:56:53,529: DEBUG: Creating Accounting Update Request with the following Attributes:
2013-11-20 10:56:53,529: DEBUG: Creating Accounting Update Request with the following Attributes:
2013-11-20 10:56:53,530: DEBUG: User-Name: [u'AAALoadScriptUser3@airborne.aircell.com']
2013-11-20 10:56:53,530: DEBUG: User-Name: [u'AAALoadScriptUser3@airborne.aircell.com']
2013-11-20 10:56:53,531: DEBUG: GoGo-Tail-Number: [u'AAATestNAS_11']
2013-11-20 10:56:53,531: DEBUG: GoGo-Tail-Number: [u'AAATestNAS_11']
2013-11-20 10:56:53,531: DEBUG: Acct-Output-Octets: [3126693]
2013-11-20 10:56:53,531: DEBUG: Acct-Output-Octets: [3126693]
2013-11-20 10:56:53,532: DEBUG: NAS-IP-Address: ['10.254.16.1']
2013-11-20 10:56:53,532: DEBUG: NAS-IP-Address: ['10.254.16.1']
2013-11-20 10:56:53,533: DEBUG: GoGo-Total-Output-Gigawords: [0]
2013-11-20 10:56:53,533: DEBUG: GoGo-Total-Output-Gigawords: [0]
2013-11-20 10:56:53,533: DEBUG: Framed-IP-Address: ['10.254.16.151']
2013-11-20 10:56:53,533: DEBUG: Framed-IP-Address: ['10.254.16.151']
2013-11-20 10:56:53,533: DEBUG: GoGo-Total-Input-Voice-Gigawords: [0]
2013-11-20 10:56:53,533: DEBUG: GoGo-Total-Input-Voice-Gigawords: [0]
2013-11-20 10:56:53,534: DEBUG: GoGo-Total-Output-Octets: [3126693]
2013-11-20 10:56:53,534: DEBUG: GoGo-Total-Output-Octets: [3126693]
2013-11-20 10:56:53,535: DEBUG: GoGo-Acct-Input-Voice-Octets: [0]
2013-11-20 10:56:53,535: DEBUG: GoGo-Acct-Input-Voice-Octets: [0]
2013-11-20 10:56:53,535: DEBUG: GoGo-Total-Input-Voice-Packets: [0]
2013-11-20 10:56:53,535: DEBUG: GoGo-Total-Input-Voice-Packets: [0]
2013-11-20 10:56:53,536: DEBUG: Called-Station-Id: [u'00:16:3E:04:A3:83']
2013-11-20 10:56:53,536: DEBUG: Called-Station-Id: [u'00:16:3E:04:A3:83']
2013-11-20 10:56:53,536: DEBUG: WISPr-Location-Name: [u'TEST LLC,BA01_01009']
2013-11-20 10:56:53,536: DEBUG: WISPr-Location-Name: [u'TEST LLC,BA01_01009']
2013-11-20 10:56:53,537: DEBUG: NAS-Identifier: [u'C08386']
2013-11-20 10:56:53,537: DEBUG: NAS-Identifier: [u'C08386']
2013-11-20 10:56:53,538: DEBUG: Proxy-State: ['3330,3132']
2013-11-20 10:56:53,538: DEBUG: Proxy-State: ['3330,3132']
2013-11-20 10:56:53,538: DEBUG: GoGo-Total-Input-Voice-Octets: [0]
2013-11-20 10:56:53,538: DEBUG: GoGo-Total-Input-Voice-Octets: [0]
2013-11-20 10:56:53,538: DEBUG: Acct-Status-Type: ['Interim-Update']
2013-11-20 10:56:53,538: DEBUG: Acct-Status-Type: ['Interim-Update']
2013-11-20 10:56:53,539: DEBUG: GoGo-Total-Output-Voice-Gigawords: [0]
2013-11-20 10:56:53,539: DEBUG: GoGo-Total-Output-Voice-Gigawords: [0]
2013-11-20 10:56:53,540: DEBUG: GoGo-Airline: [u'BA01']
2013-11-20 10:56:53,540: DEBUG: GoGo-Airline: [u'BA01']
2013-11-20 10:56:53,540: DEBUG: Acct-Session-Id: [u'AAATestNAS_11-1384925153418-00163E04A383-1']
2013-11-20 10:56:53,540: DEBUG: Acct-Session-Id: [u'AAATestNAS_11-1384925153418-00163E04A383-1']
2013-11-20 10:56:53,541: DEBUG: Acct-Session-Time: [10]
2013-11-20 10:56:53,541: DEBUG: Acct-Session-Time: [10]
2013-11-20 10:56:53,541: DEBUG: Acct-Input-Packets: [6429]
2013-11-20 10:56:53,541: DEBUG: Acct-Input-Packets: [6429]
2013-11-20 10:56:53,542: DEBUG: Acct-Output-Packets: [14251]
2013-11-20 10:56:53,542: DEBUG: Acct-Output-Packets: [14251]
2013-11-20 10:56:53,543: DEBUG: GoGo-Acct-Output-Voice-Packets: [0]
2013-11-20 10:56:53,543: DEBUG: GoGo-Acct-Output-Voice-Packets: [0]
2013-11-20 10:56:53,545: DEBUG: GoGo-Acct-Output-Voice-Octets: [0]
2013-11-20 10:56:53,545: DEBUG: GoGo-Acct-Output-Voice-Octets: [0]
2013-11-20 10:56:53,545: DEBUG: Acct-Output-Gigawords: [0]
2013-11-20 10:56:53,545: DEBUG: Acct-Output-Gigawords: [0]
2013-11-20 10:56:53,546: DEBUG: GoGo-Total-Output-Voice-Packets: [0]
2013-11-20 10:56:53,546: DEBUG: GoGo-Total-Output-Voice-Packets: [0]
2013-11-20 10:56:53,547: DEBUG: Acct-Input-Gigawords: [0]
2013-11-20 10:56:53,547: DEBUG: Acct-Input-Gigawords: [0]
2013-11-20 10:56:53,548: DEBUG: Calling-Station-Id: [u'16:21:31:41:51:71']
2013-11-20 10:56:53,548: DEBUG: Calling-Station-Id: [u'16:21:31:41:51:71']
2013-11-20 10:56:53,548: DEBUG: NAS-Port-Type: ['Wireless-802.11']
2013-11-20 10:56:53,548: DEBUG: NAS-Port-Type: ['Wireless-802.11']
2013-11-20 10:56:53,549: DEBUG: GoGo-Total-Output-Voice-Octets: [0]
2013-11-20 10:56:53,549: DEBUG: GoGo-Total-Output-Voice-Octets: [0]
2013-11-20 10:56:53,550: DEBUG: GoGo-Private-IP-Address: ['192.168.1.179']
2013-11-20 10:56:53,550: DEBUG: GoGo-Private-IP-Address: ['192.168.1.179']
2013-11-20 10:56:53,550: DEBUG: GoGo-Acct-Input-Voice-Gigawords: [0]
2013-11-20 10:56:53,550: DEBUG: GoGo-Acct-Input-Voice-Gigawords: [0]
2013-11-20 10:56:53,550: DEBUG: GoGo-Total-Input-Packets: [6429]
2013-11-20 10:56:53,550: DEBUG: GoGo-Total-Input-Packets: [6429]
2013-11-20 10:56:53,551: DEBUG: GoGo-Total-Input-Gigawords: [0]
2013-11-20 10:56:53,551: DEBUG: GoGo-Total-Input-Gigawords: [0]
2013-11-20 10:56:53,552: DEBUG: GoGo-Acct-Input-Voice-Packets: [0]
2013-11-20 10:56:53,552: DEBUG: GoGo-Acct-Input-Voice-Packets: [0]
2013-11-20 10:56:53,552: DEBUG: GoGo-Total-Input-Octets: [3218600]
2013-11-20 10:56:53,552: DEBUG: GoGo-Total-Input-Octets: [3218600]
2013-11-20 10:56:53,552: DEBUG: GoGo-Total-Output-Packets: [14251]
2013-11-20 10:56:53,552: DEBUG: GoGo-Total-Output-Packets: [14251]
2013-11-20 10:56:53,553: DEBUG: WISPr-Location-ID: [u'airline=BA01,tail=01009,network=']
2013-11-20 10:56:53,553: DEBUG: WISPr-Location-ID: [u'airline=BA01,tail=01009,network=']
2013-11-20 10:56:53,553: DEBUG: GoGo-Acct-Output-Voice-Gigawords: [0]
2013-11-20 10:56:53,553: DEBUG: GoGo-Acct-Output-Voice-Gigawords: [0]
2013-11-20 10:56:53,553: DEBUG: Acct-Input-Octets: [3218600]
2013-11-20 10:56:53,553: DEBUG: Acct-Input-Octets: [3218600]
2013-11-20 10:56:53,556: DEBUG: 

2013-11-20 10:56:53,556: DEBUG: 

2013-11-20 10:56:53,556: DEBUG: Received response with following attributes:
2013-11-20 10:56:53,556: DEBUG: Received response with following attributes:
2013-11-20 10:57:03,557: DEBUG: 

2013-11-20 10:57:03,557: DEBUG: 

2013-11-20 10:57:03,558: DEBUG: Creating Accounting Update Request with the following Attributes:
2013-11-20 10:57:03,558: DEBUG: Creating Accounting Update Request with the following Attributes:
2013-11-20 10:57:03,558: DEBUG: User-Name: [u'AAALoadScriptUser3@airborne.aircell.com']
2013-11-20 10:57:03,558: DEBUG: User-Name: [u'AAALoadScriptUser3@airborne.aircell.com']
2013-11-20 10:57:03,558: DEBUG: GoGo-Tail-Number: [u'AAATestNAS_11']
2013-11-20 10:57:03,558: DEBUG: GoGo-Tail-Number: [u'AAATestNAS_11']
2013-11-20 10:57:03,558: DEBUG: Acct-Output-Octets: [5300794]
2013-11-20 10:57:03,558: DEBUG: Acct-Output-Octets: [5300794]
2013-11-20 10:57:03,558: DEBUG: NAS-IP-Address: ['10.254.16.1']
2013-11-20 10:57:03,558: DEBUG: NAS-IP-Address: ['10.254.16.1']
2013-11-20 10:57:03,559: DEBUG: GoGo-Total-Output-Gigawords: [0]
2013-11-20 10:57:03,559: DEBUG: GoGo-Total-Output-Gigawords: [0]
2013-11-20 10:57:03,559: DEBUG: Framed-IP-Address: ['10.254.16.151']
2013-11-20 10:57:03,559: DEBUG: Framed-IP-Address: ['10.254.16.151']
2013-11-20 10:57:03,559: DEBUG: GoGo-Total-Input-Voice-Gigawords: [0]
2013-11-20 10:57:03,559: DEBUG: GoGo-Total-Input-Voice-Gigawords: [0]
2013-11-20 10:57:03,560: DEBUG: GoGo-Total-Output-Octets: [5300794]
2013-11-20 10:57:03,560: DEBUG: GoGo-Total-Output-Octets: [5300794]
2013-11-20 10:57:03,561: DEBUG: GoGo-Acct-Input-Voice-Octets: [0]
2013-11-20 10:57:03,561: DEBUG: GoGo-Acct-Input-Voice-Octets: [0]
2013-11-20 10:57:03,561: DEBUG: GoGo-Total-Input-Voice-Packets: [0]
2013-11-20 10:57:03,561: DEBUG: GoGo-Total-Input-Voice-Packets: [0]
2013-11-20 10:57:03,562: DEBUG: Called-Station-Id: [u'00:16:3E:04:A3:83']
2013-11-20 10:57:03,562: DEBUG: Called-Station-Id: [u'00:16:3E:04:A3:83']
2013-11-20 10:57:03,562: DEBUG: WISPr-Location-Name: [u'TEST LLC,BA01_01009']
2013-11-20 10:57:03,562: DEBUG: WISPr-Location-Name: [u'TEST LLC,BA01_01009']
2013-11-20 10:57:03,563: DEBUG: NAS-Identifier: [u'C08386']
2013-11-20 10:57:03,563: DEBUG: NAS-Identifier: [u'C08386']
2013-11-20 10:57:03,563: DEBUG: Proxy-State: ['3330,3132']
2013-11-20 10:57:03,563: DEBUG: Proxy-State: ['3330,3132']
2013-11-20 10:57:03,563: DEBUG: GoGo-Total-Input-Voice-Octets: [0]
2013-11-20 10:57:03,563: DEBUG: GoGo-Total-Input-Voice-Octets: [0]
2013-11-20 10:57:03,563: DEBUG: Acct-Status-Type: ['Interim-Update']
2013-11-20 10:57:03,563: DEBUG: Acct-Status-Type: ['Interim-Update']
2013-11-20 10:57:03,564: DEBUG: GoGo-Total-Output-Voice-Gigawords: [0]
2013-11-20 10:57:03,564: DEBUG: GoGo-Total-Output-Voice-Gigawords: [0]
2013-11-20 10:57:03,564: DEBUG: GoGo-Airline: [u'BA01']
2013-11-20 10:57:03,564: DEBUG: GoGo-Airline: [u'BA01']
2013-11-20 10:57:03,564: DEBUG: Acct-Session-Id: [u'AAATestNAS_11-1384925153418-00163E04A383-1']
2013-11-20 10:57:03,564: DEBUG: Acct-Session-Id: [u'AAATestNAS_11-1384925153418-00163E04A383-1']
2013-11-20 10:57:03,565: DEBUG: Acct-Session-Time: [10]
2013-11-20 10:57:03,565: DEBUG: Acct-Session-Time: [10]
2013-11-20 10:57:03,565: DEBUG: Acct-Input-Packets: [65396]
2013-11-20 10:57:03,565: DEBUG: Acct-Input-Packets: [65396]
2013-11-20 10:57:03,565: DEBUG: Acct-Output-Packets: [13115]
2013-11-20 10:57:03,565: DEBUG: Acct-Output-Packets: [13115]
2013-11-20 10:57:03,565: DEBUG: GoGo-Acct-Output-Voice-Packets: [0]
2013-11-20 10:57:03,565: DEBUG: GoGo-Acct-Output-Voice-Packets: [0]
2013-11-20 10:57:03,566: DEBUG: GoGo-Acct-Output-Voice-Octets: [0]
2013-11-20 10:57:03,566: DEBUG: GoGo-Acct-Output-Voice-Octets: [0]
2013-11-20 10:57:03,566: DEBUG: Acct-Output-Gigawords: [0]
2013-11-20 10:57:03,566: DEBUG: Acct-Output-Gigawords: [0]
2013-11-20 10:57:03,566: DEBUG: GoGo-Total-Output-Voice-Packets: [0]
2013-11-20 10:57:03,566: DEBUG: GoGo-Total-Output-Voice-Packets: [0]
2013-11-20 10:57:03,566: DEBUG: Acct-Input-Gigawords: [0]
2013-11-20 10:57:03,566: DEBUG: Acct-Input-Gigawords: [0]
2013-11-20 10:57:03,567: DEBUG: Calling-Station-Id: [u'16:21:31:41:51:71']
2013-11-20 10:57:03,567: DEBUG: Calling-Station-Id: [u'16:21:31:41:51:71']
2013-11-20 10:57:03,567: DEBUG: NAS-Port-Type: ['Wireless-802.11']
2013-11-20 10:57:03,567: DEBUG: NAS-Port-Type: ['Wireless-802.11']
2013-11-20 10:57:03,567: DEBUG: GoGo-Total-Output-Voice-Octets: [0]
2013-11-20 10:57:03,567: DEBUG: GoGo-Total-Output-Voice-Octets: [0]
2013-11-20 10:57:03,568: DEBUG: GoGo-Private-IP-Address: ['192.168.1.179']
2013-11-20 10:57:03,568: DEBUG: GoGo-Private-IP-Address: ['192.168.1.179']
2013-11-20 10:57:03,568: DEBUG: GoGo-Acct-Input-Voice-Gigawords: [0]
2013-11-20 10:57:03,568: DEBUG: GoGo-Acct-Input-Voice-Gigawords: [0]
2013-11-20 10:57:03,568: DEBUG: GoGo-Total-Input-Packets: [65396]
2013-11-20 10:57:03,568: DEBUG: GoGo-Total-Input-Packets: [65396]
2013-11-20 10:57:03,568: DEBUG: GoGo-Total-Input-Gigawords: [0]
2013-11-20 10:57:03,568: DEBUG: GoGo-Total-Input-Gigawords: [0]
2013-11-20 10:57:03,569: DEBUG: GoGo-Acct-Input-Voice-Packets: [0]
2013-11-20 10:57:03,569: DEBUG: GoGo-Acct-Input-Voice-Packets: [0]
2013-11-20 10:57:03,569: DEBUG: GoGo-Total-Input-Octets: [7620771]
2013-11-20 10:57:03,569: DEBUG: GoGo-Total-Input-Octets: [7620771]
2013-11-20 10:57:03,570: DEBUG: GoGo-Total-Output-Packets: [13115]
2013-11-20 10:57:03,570: DEBUG: GoGo-Total-Output-Packets: [13115]
2013-11-20 10:57:03,570: DEBUG: WISPr-Location-ID: [u'airline=BA01,tail=01009,network=']
2013-11-20 10:57:03,570: DEBUG: WISPr-Location-ID: [u'airline=BA01,tail=01009,network=']
2013-11-20 10:57:03,570: DEBUG: GoGo-Acct-Output-Voice-Gigawords: [0]
2013-11-20 10:57:03,570: DEBUG: GoGo-Acct-Output-Voice-Gigawords: [0]
2013-11-20 10:57:03,570: DEBUG: Acct-Input-Octets: [7620771]
2013-11-20 10:57:03,570: DEBUG: Acct-Input-Octets: [7620771]
2013-11-20 10:57:03,572: DEBUG: 

2013-11-20 10:57:03,572: DEBUG: 

2013-11-20 10:57:03,572: DEBUG: Received response with following attributes:
2013-11-20 10:57:03,572: DEBUG: Received response with following attributes:
2013-11-20 10:57:13,574: DEBUG: 

2013-11-20 10:57:13,574: DEBUG: 

2013-11-20 10:57:13,574: DEBUG: Creating Accounting Update Request with the following Attributes:
2013-11-20 10:57:13,574: DEBUG: Creating Accounting Update Request with the following Attributes:
2013-11-20 10:57:13,574: DEBUG: User-Name: [u'AAALoadScriptUser3@airborne.aircell.com']
2013-11-20 10:57:13,574: DEBUG: User-Name: [u'AAALoadScriptUser3@airborne.aircell.com']
2013-11-20 10:57:13,575: DEBUG: GoGo-Tail-Number: [u'AAATestNAS_11']
2013-11-20 10:57:13,575: DEBUG: GoGo-Tail-Number: [u'AAATestNAS_11']
2013-11-20 10:57:13,575: DEBUG: Acct-Output-Octets: [4711525]
2013-11-20 10:57:13,575: DEBUG: Acct-Output-Octets: [4711525]
2013-11-20 10:57:13,575: DEBUG: NAS-IP-Address: ['10.254.16.1']
2013-11-20 10:57:13,575: DEBUG: NAS-IP-Address: ['10.254.16.1']
2013-11-20 10:57:13,575: DEBUG: GoGo-Total-Output-Gigawords: [0]
2013-11-20 10:57:13,575: DEBUG: GoGo-Total-Output-Gigawords: [0]
2013-11-20 10:57:13,575: DEBUG: Framed-IP-Address: ['10.254.16.151']
2013-11-20 10:57:13,575: DEBUG: Framed-IP-Address: ['10.254.16.151']
2013-11-20 10:57:13,575: DEBUG: GoGo-Total-Input-Voice-Gigawords: [0]
2013-11-20 10:57:13,575: DEBUG: GoGo-Total-Input-Voice-Gigawords: [0]
2013-11-20 10:57:13,575: DEBUG: GoGo-Total-Output-Octets: [4711525]
2013-11-20 10:57:13,575: DEBUG: GoGo-Total-Output-Octets: [4711525]
2013-11-20 10:57:13,575: DEBUG: GoGo-Acct-Input-Voice-Octets: [0]
2013-11-20 10:57:13,575: DEBUG: GoGo-Acct-Input-Voice-Octets: [0]
2013-11-20 10:57:13,575: DEBUG: GoGo-Total-Input-Voice-Packets: [0]
2013-11-20 10:57:13,575: DEBUG: GoGo-Total-Input-Voice-Packets: [0]
2013-11-20 10:57:13,576: DEBUG: Called-Station-Id: [u'00:16:3E:04:A3:83']
2013-11-20 10:57:13,576: DEBUG: Called-Station-Id: [u'00:16:3E:04:A3:83']
2013-11-20 10:57:13,576: DEBUG: WISPr-Location-Name: [u'TEST LLC,BA01_01009']
2013-11-20 10:57:13,576: DEBUG: WISPr-Location-Name: [u'TEST LLC,BA01_01009']
2013-11-20 10:57:13,576: DEBUG: NAS-Identifier: [u'C08386']
2013-11-20 10:57:13,576: DEBUG: NAS-Identifier: [u'C08386']
2013-11-20 10:57:13,576: DEBUG: Proxy-State: ['3330,3132']
2013-11-20 10:57:13,576: DEBUG: Proxy-State: ['3330,3132']
2013-11-20 10:57:13,576: DEBUG: GoGo-Total-Input-Voice-Octets: [0]
2013-11-20 10:57:13,576: DEBUG: GoGo-Total-Input-Voice-Octets: [0]
2013-11-20 10:57:13,576: DEBUG: Acct-Status-Type: ['Interim-Update']
2013-11-20 10:57:13,576: DEBUG: Acct-Status-Type: ['Interim-Update']
2013-11-20 10:57:13,576: DEBUG: GoGo-Total-Output-Voice-Gigawords: [0]
2013-11-20 10:57:13,576: DEBUG: GoGo-Total-Output-Voice-Gigawords: [0]
2013-11-20 10:57:13,576: DEBUG: GoGo-Airline: [u'BA01']
2013-11-20 10:57:13,576: DEBUG: GoGo-Airline: [u'BA01']
2013-11-20 10:57:13,576: DEBUG: Acct-Session-Id: [u'AAATestNAS_11-1384925153418-00163E04A383-1']
2013-11-20 10:57:13,576: DEBUG: Acct-Session-Id: [u'AAATestNAS_11-1384925153418-00163E04A383-1']
2013-11-20 10:57:13,576: DEBUG: Acct-Session-Time: [10]
2013-11-20 10:57:13,576: DEBUG: Acct-Session-Time: [10]
2013-11-20 10:57:13,577: DEBUG: Acct-Input-Packets: [54654]
2013-11-20 10:57:13,577: DEBUG: Acct-Input-Packets: [54654]
2013-11-20 10:57:13,577: DEBUG: Acct-Output-Packets: [5457]
2013-11-20 10:57:13,577: DEBUG: Acct-Output-Packets: [5457]
2013-11-20 10:57:13,577: DEBUG: GoGo-Acct-Output-Voice-Packets: [0]
2013-11-20 10:57:13,577: DEBUG: GoGo-Acct-Output-Voice-Packets: [0]
2013-11-20 10:57:13,577: DEBUG: GoGo-Acct-Output-Voice-Octets: [0]
2013-11-20 10:57:13,577: DEBUG: GoGo-Acct-Output-Voice-Octets: [0]
2013-11-20 10:57:13,577: DEBUG: Acct-Output-Gigawords: [0]
2013-11-20 10:57:13,577: DEBUG: Acct-Output-Gigawords: [0]
2013-11-20 10:57:13,577: DEBUG: GoGo-Total-Output-Voice-Packets: [0]
2013-11-20 10:57:13,577: DEBUG: GoGo-Total-Output-Voice-Packets: [0]
2013-11-20 10:57:13,577: DEBUG: Acct-Input-Gigawords: [0]
2013-11-20 10:57:13,577: DEBUG: Acct-Input-Gigawords: [0]
2013-11-20 10:57:13,578: DEBUG: Calling-Station-Id: [u'16:21:31:41:51:71']
2013-11-20 10:57:13,578: DEBUG: Calling-Station-Id: [u'16:21:31:41:51:71']
2013-11-20 10:57:13,578: DEBUG: NAS-Port-Type: ['Wireless-802.11']
2013-11-20 10:57:13,578: DEBUG: NAS-Port-Type: ['Wireless-802.11']
2013-11-20 10:57:13,579: DEBUG: GoGo-Total-Output-Voice-Octets: [0]
2013-11-20 10:57:13,579: DEBUG: GoGo-Total-Output-Voice-Octets: [0]
2013-11-20 10:57:13,579: DEBUG: GoGo-Private-IP-Address: ['192.168.1.179']
2013-11-20 10:57:13,579: DEBUG: GoGo-Private-IP-Address: ['192.168.1.179']
2013-11-20 10:57:13,579: DEBUG: GoGo-Acct-Input-Voice-Gigawords: [0]
2013-11-20 10:57:13,579: DEBUG: GoGo-Acct-Input-Voice-Gigawords: [0]
2013-11-20 10:57:13,579: DEBUG: GoGo-Total-Input-Packets: [54654]
2013-11-20 10:57:13,579: DEBUG: GoGo-Total-Input-Packets: [54654]
2013-11-20 10:57:13,580: DEBUG: GoGo-Total-Input-Gigawords: [0]
2013-11-20 10:57:13,580: DEBUG: GoGo-Total-Input-Gigawords: [0]
2013-11-20 10:57:13,580: DEBUG: GoGo-Acct-Input-Voice-Packets: [0]
2013-11-20 10:57:13,580: DEBUG: GoGo-Acct-Input-Voice-Packets: [0]
2013-11-20 10:57:13,580: DEBUG: GoGo-Total-Input-Octets: [6371282]
2013-11-20 10:57:13,580: DEBUG: GoGo-Total-Input-Octets: [6371282]
2013-11-20 10:57:13,580: DEBUG: GoGo-Total-Output-Packets: [5457]
2013-11-20 10:57:13,580: DEBUG: GoGo-Total-Output-Packets: [5457]
2013-11-20 10:57:13,581: DEBUG: WISPr-Location-ID: [u'airline=BA01,tail=01009,network=']
2013-11-20 10:57:13,581: DEBUG: WISPr-Location-ID: [u'airline=BA01,tail=01009,network=']
2013-11-20 10:57:13,581: DEBUG: GoGo-Acct-Output-Voice-Gigawords: [0]
2013-11-20 10:57:13,581: DEBUG: GoGo-Acct-Output-Voice-Gigawords: [0]
2013-11-20 10:57:13,581: DEBUG: Acct-Input-Octets: [6371282]
2013-11-20 10:57:13,581: DEBUG: Acct-Input-Octets: [6371282]
2013-11-20 10:57:13,583: DEBUG: 

2013-11-20 10:57:13,583: DEBUG: 

2013-11-20 10:57:13,583: DEBUG: Received response with following attributes:
2013-11-20 10:57:13,583: DEBUG: Received response with following attributes:
2013-11-20 10:57:21,584: DEBUG: 

2013-11-20 10:57:21,584: DEBUG: 

2013-11-20 10:57:21,585: DEBUG: Creating Accounting Update Request with the following Attributes:
2013-11-20 10:57:21,585: DEBUG: Creating Accounting Update Request with the following Attributes:
2013-11-20 10:57:21,585: DEBUG: User-Name: [u'AAALoadScriptUser3@airborne.aircell.com']
2013-11-20 10:57:21,585: DEBUG: User-Name: [u'AAALoadScriptUser3@airborne.aircell.com']
2013-11-20 10:57:21,585: DEBUG: GoGo-Tail-Number: [u'AAATestNAS_11']
2013-11-20 10:57:21,585: DEBUG: GoGo-Tail-Number: [u'AAATestNAS_11']
2013-11-20 10:57:21,585: DEBUG: Acct-Output-Octets: [9811499]
2013-11-20 10:57:21,585: DEBUG: Acct-Output-Octets: [9811499]
2013-11-20 10:57:21,585: DEBUG: NAS-IP-Address: ['10.254.16.1']
2013-11-20 10:57:21,585: DEBUG: NAS-IP-Address: ['10.254.16.1']
2013-11-20 10:57:21,585: DEBUG: GoGo-Total-Output-Gigawords: [0]
2013-11-20 10:57:21,585: DEBUG: GoGo-Total-Output-Gigawords: [0]
2013-11-20 10:57:21,585: DEBUG: Framed-IP-Address: ['10.254.16.151']
2013-11-20 10:57:21,585: DEBUG: Framed-IP-Address: ['10.254.16.151']
2013-11-20 10:57:21,586: DEBUG: GoGo-Total-Input-Voice-Gigawords: [0]
2013-11-20 10:57:21,586: DEBUG: GoGo-Total-Input-Voice-Gigawords: [0]
2013-11-20 10:57:21,586: DEBUG: GoGo-Total-Output-Octets: [9811499]
2013-11-20 10:57:21,586: DEBUG: GoGo-Total-Output-Octets: [9811499]
2013-11-20 10:57:21,586: DEBUG: GoGo-Acct-Input-Voice-Octets: [0]
2013-11-20 10:57:21,586: DEBUG: GoGo-Acct-Input-Voice-Octets: [0]
2013-11-20 10:57:21,586: DEBUG: GoGo-Total-Input-Voice-Packets: [0]
2013-11-20 10:57:21,586: DEBUG: GoGo-Total-Input-Voice-Packets: [0]
2013-11-20 10:57:21,586: DEBUG: Called-Station-Id: [u'00:16:3E:04:A3:83']
2013-11-20 10:57:21,586: DEBUG: Called-Station-Id: [u'00:16:3E:04:A3:83']
2013-11-20 10:57:21,586: DEBUG: WISPr-Location-Name: [u'TEST LLC,BA01_01009']
2013-11-20 10:57:21,586: DEBUG: WISPr-Location-Name: [u'TEST LLC,BA01_01009']
2013-11-20 10:57:21,586: DEBUG: NAS-Identifier: [u'C08386']
2013-11-20 10:57:21,586: DEBUG: NAS-Identifier: [u'C08386']
2013-11-20 10:57:21,586: DEBUG: Proxy-State: ['3330,3132']
2013-11-20 10:57:21,586: DEBUG: Proxy-State: ['3330,3132']
2013-11-20 10:57:21,586: DEBUG: GoGo-Total-Input-Voice-Octets: [0]
2013-11-20 10:57:21,586: DEBUG: GoGo-Total-Input-Voice-Octets: [0]
2013-11-20 10:57:21,587: DEBUG: Acct-Status-Type: ['Interim-Update']
2013-11-20 10:57:21,587: DEBUG: Acct-Status-Type: ['Interim-Update']
2013-11-20 10:57:21,587: DEBUG: GoGo-Total-Output-Voice-Gigawords: [0]
2013-11-20 10:57:21,587: DEBUG: GoGo-Total-Output-Voice-Gigawords: [0]
2013-11-20 10:57:21,587: DEBUG: GoGo-Airline: [u'BA01']
2013-11-20 10:57:21,587: DEBUG: GoGo-Airline: [u'BA01']
2013-11-20 10:57:21,587: DEBUG: Acct-Session-Id: [u'AAATestNAS_11-1384925153418-00163E04A383-1']
2013-11-20 10:57:21,587: DEBUG: Acct-Session-Id: [u'AAATestNAS_11-1384925153418-00163E04A383-1']
2013-11-20 10:57:21,587: DEBUG: Acct-Session-Time: [8]
2013-11-20 10:57:21,587: DEBUG: Acct-Session-Time: [8]
2013-11-20 10:57:21,587: DEBUG: Acct-Input-Packets: [4327]
2013-11-20 10:57:21,587: DEBUG: Acct-Input-Packets: [4327]
2013-11-20 10:57:21,587: DEBUG: Acct-Output-Packets: [97982]
2013-11-20 10:57:21,587: DEBUG: Acct-Output-Packets: [97982]
2013-11-20 10:57:21,587: DEBUG: GoGo-Acct-Output-Voice-Packets: [0]
2013-11-20 10:57:21,587: DEBUG: GoGo-Acct-Output-Voice-Packets: [0]
2013-11-20 10:57:21,587: DEBUG: GoGo-Acct-Output-Voice-Octets: [0]
2013-11-20 10:57:21,587: DEBUG: GoGo-Acct-Output-Voice-Octets: [0]
2013-11-20 10:57:21,587: DEBUG: Acct-Output-Gigawords: [0]
2013-11-20 10:57:21,587: DEBUG: Acct-Output-Gigawords: [0]
2013-11-20 10:57:21,588: DEBUG: GoGo-Total-Output-Voice-Packets: [0]
2013-11-20 10:57:21,588: DEBUG: GoGo-Total-Output-Voice-Packets: [0]
2013-11-20 10:57:21,588: DEBUG: Acct-Input-Gigawords: [0]
2013-11-20 10:57:21,588: DEBUG: Acct-Input-Gigawords: [0]
2013-11-20 10:57:21,588: DEBUG: Calling-Station-Id: [u'16:21:31:41:51:71']
2013-11-20 10:57:21,588: DEBUG: Calling-Station-Id: [u'16:21:31:41:51:71']
2013-11-20 10:57:21,588: DEBUG: NAS-Port-Type: ['Wireless-802.11']
2013-11-20 10:57:21,588: DEBUG: NAS-Port-Type: ['Wireless-802.11']
2013-11-20 10:57:21,588: DEBUG: GoGo-Total-Output-Voice-Octets: [0]
2013-11-20 10:57:21,588: DEBUG: GoGo-Total-Output-Voice-Octets: [0]
2013-11-20 10:57:21,588: DEBUG: GoGo-Private-IP-Address: ['192.168.1.179']
2013-11-20 10:57:21,588: DEBUG: GoGo-Private-IP-Address: ['192.168.1.179']
2013-11-20 10:57:21,588: DEBUG: GoGo-Acct-Input-Voice-Gigawords: [0]
2013-11-20 10:57:21,588: DEBUG: GoGo-Acct-Input-Voice-Gigawords: [0]
2013-11-20 10:57:21,588: DEBUG: GoGo-Total-Input-Packets: [4327]
2013-11-20 10:57:21,588: DEBUG: GoGo-Total-Input-Packets: [4327]
2013-11-20 10:57:21,588: DEBUG: GoGo-Total-Input-Gigawords: [0]
2013-11-20 10:57:21,588: DEBUG: GoGo-Total-Input-Gigawords: [0]
2013-11-20 10:57:21,589: DEBUG: GoGo-Acct-Input-Voice-Packets: [0]
2013-11-20 10:57:21,589: DEBUG: GoGo-Acct-Input-Voice-Packets: [0]
2013-11-20 10:57:21,589: DEBUG: GoGo-Total-Input-Octets: [1703145]
2013-11-20 10:57:21,589: DEBUG: GoGo-Total-Input-Octets: [1703145]
2013-11-20 10:57:21,589: DEBUG: GoGo-Total-Output-Packets: [97982]
2013-11-20 10:57:21,589: DEBUG: GoGo-Total-Output-Packets: [97982]
2013-11-20 10:57:21,589: DEBUG: WISPr-Location-ID: [u'airline=BA01,tail=01009,network=']
2013-11-20 10:57:21,589: DEBUG: WISPr-Location-ID: [u'airline=BA01,tail=01009,network=']
2013-11-20 10:57:21,589: DEBUG: GoGo-Acct-Output-Voice-Gigawords: [0]
2013-11-20 10:57:21,589: DEBUG: GoGo-Acct-Output-Voice-Gigawords: [0]
2013-11-20 10:57:21,589: DEBUG: Acct-Input-Octets: [1703145]
2013-11-20 10:57:21,589: DEBUG: Acct-Input-Octets: [1703145]
2013-11-20 10:57:21,590: DEBUG: 

2013-11-20 10:57:21,590: DEBUG: 

2013-11-20 10:57:21,591: DEBUG: Received response with following attributes:
2013-11-20 10:57:21,591: DEBUG: Received response with following attributes:
2013-11-20 10:57:46,591: DEBUG: 

2013-11-20 10:57:46,591: DEBUG: 

2013-11-20 10:57:46,592: DEBUG: Creating Accounting Stop Request with the following Attributes:
2013-11-20 10:57:46,592: DEBUG: Creating Accounting Stop Request with the following Attributes:
2013-11-20 10:57:46,592: DEBUG: User-Name: [u'AAALoadScriptUser3@airborne.aircell.com']
2013-11-20 10:57:46,592: DEBUG: User-Name: [u'AAALoadScriptUser3@airborne.aircell.com']
2013-11-20 10:57:46,592: DEBUG: GoGo-Tail-Number: [u'01009']
2013-11-20 10:57:46,592: DEBUG: GoGo-Tail-Number: [u'01009']
2013-11-20 10:57:46,592: DEBUG: Acct-Output-Octets: [1987158]
2013-11-20 10:57:46,592: DEBUG: Acct-Output-Octets: [1987158]
2013-11-20 10:57:46,592: DEBUG: NAS-IP-Address: ['10.254.16.1']
2013-11-20 10:57:46,592: DEBUG: NAS-IP-Address: ['10.254.16.1']
2013-11-20 10:57:46,592: DEBUG: GoGo-Total-Output-Gigawords: [0]
2013-11-20 10:57:46,592: DEBUG: GoGo-Total-Output-Gigawords: [0]
2013-11-20 10:57:46,592: DEBUG: Framed-IP-Address: ['10.254.16.151']
2013-11-20 10:57:46,592: DEBUG: Framed-IP-Address: ['10.254.16.151']
2013-11-20 10:57:46,592: DEBUG: GoGo-Total-Input-Voice-Gigawords: [0]
2013-11-20 10:57:46,592: DEBUG: GoGo-Total-Input-Voice-Gigawords: [0]
2013-11-20 10:57:46,593: DEBUG: GoGo-Total-Output-Octets: [1987158]
2013-11-20 10:57:46,593: DEBUG: GoGo-Total-Output-Octets: [1987158]
2013-11-20 10:57:46,593: DEBUG: GoGo-Acct-Input-Voice-Octets: [0]
2013-11-20 10:57:46,593: DEBUG: GoGo-Acct-Input-Voice-Octets: [0]
2013-11-20 10:57:46,593: DEBUG: GoGo-Total-Input-Voice-Packets: [0]
2013-11-20 10:57:46,593: DEBUG: GoGo-Total-Input-Voice-Packets: [0]
2013-11-20 10:57:46,593: DEBUG: Called-Station-Id: [u'00:16:3E:04:A3:83']
2013-11-20 10:57:46,593: DEBUG: Called-Station-Id: [u'00:16:3E:04:A3:83']
2013-11-20 10:57:46,593: DEBUG: WISPr-Location-Name: [u'TEST LLC,BA01_01009']
2013-11-20 10:57:46,593: DEBUG: WISPr-Location-Name: [u'TEST LLC,BA01_01009']
2013-11-20 10:57:46,593: DEBUG: NAS-Identifier: [u'C08386']
2013-11-20 10:57:46,593: DEBUG: NAS-Identifier: [u'C08386']
2013-11-20 10:57:46,593: DEBUG: Proxy-State: ['3330,3132']
2013-11-20 10:57:46,593: DEBUG: Proxy-State: ['3330,3132']
2013-11-20 10:57:46,593: DEBUG: GoGo-Total-Input-Voice-Octets: [0]
2013-11-20 10:57:46,593: DEBUG: GoGo-Total-Input-Voice-Octets: [0]
2013-11-20 10:57:46,593: DEBUG: Acct-Status-Type: ['Stop']
2013-11-20 10:57:46,593: DEBUG: Acct-Status-Type: ['Stop']
2013-11-20 10:57:46,593: DEBUG: GoGo-Total-Output-Voice-Gigawords: [0]
2013-11-20 10:57:46,593: DEBUG: GoGo-Total-Output-Voice-Gigawords: [0]
2013-11-20 10:57:46,594: DEBUG: GoGo-Airline: [u'BA01']
2013-11-20 10:57:46,594: DEBUG: GoGo-Airline: [u'BA01']
2013-11-20 10:57:46,594: DEBUG: Acct-Session-Id: [u'AAATestNAS_11-1384925153418-00163E04A383-1']
2013-11-20 10:57:46,594: DEBUG: Acct-Session-Id: [u'AAATestNAS_11-1384925153418-00163E04A383-1']
2013-11-20 10:57:46,594: DEBUG: Acct-Session-Time: [25]
2013-11-20 10:57:46,594: DEBUG: Acct-Session-Time: [25]
2013-11-20 10:57:46,594: DEBUG: Acct-Input-Packets: [6981]
2013-11-20 10:57:46,594: DEBUG: Acct-Input-Packets: [6981]
2013-11-20 10:57:46,594: DEBUG: Acct-Output-Packets: [4073]
2013-11-20 10:57:46,594: DEBUG: Acct-Output-Packets: [4073]
2013-11-20 10:57:46,594: DEBUG: Acct-Terminate-Cause: ['User-Request']
2013-11-20 10:57:46,594: DEBUG: Acct-Terminate-Cause: ['User-Request']
2013-11-20 10:57:46,594: DEBUG: GoGo-Acct-Output-Voice-Octets: [0]
2013-11-20 10:57:46,594: DEBUG: GoGo-Acct-Output-Voice-Octets: [0]
2013-11-20 10:57:46,594: DEBUG: Acct-Output-Gigawords: [0]
2013-11-20 10:57:46,594: DEBUG: Acct-Output-Gigawords: [0]
2013-11-20 10:57:46,594: DEBUG: GoGo-Total-Output-Voice-Packets: [0]
2013-11-20 10:57:46,594: DEBUG: GoGo-Total-Output-Voice-Packets: [0]
2013-11-20 10:57:46,595: DEBUG: Acct-Input-Gigawords: [0]
2013-11-20 10:57:46,595: DEBUG: Acct-Input-Gigawords: [0]
2013-11-20 10:57:46,595: DEBUG: Calling-Station-Id: [u'16:21:31:41:51:71']
2013-11-20 10:57:46,595: DEBUG: Calling-Station-Id: [u'16:21:31:41:51:71']
2013-11-20 10:57:46,595: DEBUG: NAS-Port-Type: ['Wireless-802.11']
2013-11-20 10:57:46,595: DEBUG: NAS-Port-Type: ['Wireless-802.11']
2013-11-20 10:57:46,595: DEBUG: GoGo-Total-Output-Voice-Octets: [0]
2013-11-20 10:57:46,595: DEBUG: GoGo-Total-Output-Voice-Octets: [0]
2013-11-20 10:57:46,595: DEBUG: GoGo-Private-IP-Address: ['192.168.1.179']
2013-11-20 10:57:46,595: DEBUG: GoGo-Private-IP-Address: ['192.168.1.179']
2013-11-20 10:57:46,595: DEBUG: GoGo-Acct-Input-Voice-Gigawords: [0]
2013-11-20 10:57:46,595: DEBUG: GoGo-Acct-Input-Voice-Gigawords: [0]
2013-11-20 10:57:46,595: DEBUG: GoGo-Total-Input-Packets: [6981]
2013-11-20 10:57:46,595: DEBUG: GoGo-Total-Input-Packets: [6981]
2013-11-20 10:57:46,595: DEBUG: GoGo-Total-Input-Gigawords: [0]
2013-11-20 10:57:46,595: DEBUG: GoGo-Total-Input-Gigawords: [0]
2013-11-20 10:57:46,595: DEBUG: GoGo-Acct-Input-Voice-Packets: [0]
2013-11-20 10:57:46,595: DEBUG: GoGo-Acct-Input-Voice-Packets: [0]
2013-11-20 10:57:46,595: DEBUG: GoGo-Total-Input-Octets: [3828916]
2013-11-20 10:57:46,595: DEBUG: GoGo-Total-Input-Octets: [3828916]
2013-11-20 10:57:46,596: DEBUG: GoGo-Total-Output-Packets: [4073]
2013-11-20 10:57:46,596: DEBUG: GoGo-Total-Output-Packets: [4073]
2013-11-20 10:57:46,596: DEBUG: WISPr-Location-ID: [u'airline=BA01,tail=01009,network=']
2013-11-20 10:57:46,596: DEBUG: WISPr-Location-ID: [u'airline=BA01,tail=01009,network=']
2013-11-20 10:57:46,596: DEBUG: GoGo-Acct-Output-Voice-Packets: [0]
2013-11-20 10:57:46,596: DEBUG: GoGo-Acct-Output-Voice-Packets: [0]
2013-11-20 10:57:46,597: DEBUG: GoGo-Acct-Output-Voice-Gigawords: [0]
2013-11-20 10:57:46,597: DEBUG: GoGo-Acct-Output-Voice-Gigawords: [0]
2013-11-20 10:57:46,598: DEBUG: Acct-Input-Octets: [3828916]
2013-11-20 10:57:46,598: DEBUG: Acct-Input-Octets: [3828916]
2013-11-20 10:57:46,598: ERROR: Network error, Reason: 'Network error: Too many open files'
2013-11-20 10:57:46,598: ERROR: Network error, Reason: 'Network error: Too many open files'
2013-11-20 10:57:46,598: ERROR: Ending the test for this user
2013-11-20 10:57:46,598: ERROR: Ending the test for this user
2013-11-20 10:57:46,599: DEBUG: Ending the test for this user
2013-11-20 10:57:46,599: DEBUG: Ending the test for this user
2013-11-20 10:57:47,572: DEBUG: Starting the client for the user AAALoadScriptUser3@airborne.aircell.com to the server localhost

