2013-11-20 10:57:26,505: DEBUG: Starting the client for the user AAALoadScriptUser2@airborne.aircell.com to the server localhost

2013-11-20 10:57:26,505: DEBUG: DURATION of the TEST: 73
2013-11-20 10:57:26,506: DEBUG: NAS-IP: 10.254.239.1
2013-11-20 10:57:26,506: DEBUG: NAS-MAC-ADDR: 19:21:31:41:52:16
2013-11-20 10:57:26,506: DEBUG: Abruptly End: False
2013-11-20 10:57:26,506: DEBUG: Framed-IP: 10.254.239.39
2013-11-20 10:57:26,506: DEBUG: User-MAC-Addr: 00:16:3E:38:DE:FC
2013-11-20 10:57:26,507: DEBUG: 

2013-11-20 10:57:26,507: DEBUG: Creating Authentication Request with the following Attributes:
2013-11-20 10:57:26,507: DEBUG: NAS-Identifier: [u'C08386']
2013-11-20 10:57:26,508: DEBUG: User-Name: [u'AAALoadScriptUser2@airborne.aircell.com']
2013-11-20 10:57:26,508: DEBUG: NAS-IP-Address: ['10.254.239.1']
2013-11-20 10:57:26,508: DEBUG: Service-Type: ['Authenticate-Only']
2013-11-20 10:57:26,508: DEBUG: Proxy-State: ['3237,3134']
2013-11-20 10:57:26,508: DEBUG: Framed-IP-Address: ['10.254.239.39']
2013-11-20 10:57:26,508: DEBUG: GoGo-Airline: [u'BA01']
2013-11-20 10:57:26,508: DEBUG: Acct-Session-Id: [u'AAATestNAS_234-1384925246507-00163E38DEFC-2']
2013-11-20 10:57:26,509: DEBUG: GoGo-Tail-Number: [u'AAATestNAS_234']
2013-11-20 10:57:26,509: DEBUG: GoGo-Private-IP-Address: ['192.168.1.179']
2013-11-20 10:57:26,509: DEBUG: WISPr-Location-ID: [u'airline=BA01,tail=01009,network=']
2013-11-20 10:57:26,509: DEBUG: WISPr-Location-Name: [u'TEST LLC,BA01_01009']
2013-11-20 10:57:26,509: DEBUG: NAS-Port-Type: ['Wireless-802.11']
2013-11-20 10:57:26,509: DEBUG: Called-Station-Id: [u'00:16:3E:38:DE:FC']
2013-11-20 10:57:26,509: DEBUG: Calling-Station-Id: [u'19:21:31:41:52:16']
2013-11-20 10:57:26,510: DEBUG: 

2013-11-20 10:57:26,511: DEBUG: Received response with code: 2, Accepted
2013-11-20 10:57:26,511: DEBUG: Creating Authentication Request with the following Attributes:
2013-11-20 10:57:26,511: DEBUG: NAS-Identifier: [u'C08386']
2013-11-20 10:57:26,511: DEBUG: User-Name: [u'AAALoadScriptUser2@airborne.aircell.com']
2013-11-20 10:57:26,511: DEBUG: NAS-IP-Address: ['10.254.239.1']
2013-11-20 10:57:26,511: DEBUG: Service-Type: ['Login-User']
2013-11-20 10:57:26,512: DEBUG: Proxy-State: ['3237,3134']
2013-11-20 10:57:26,512: DEBUG: Framed-IP-Address: ['10.254.239.39']
2013-11-20 10:57:26,512: DEBUG: GoGo-Airline: [u'BA01']
2013-11-20 10:57:26,512: DEBUG: Acct-Session-Id: [u'AAATestNAS_234-1384925246511-00163E38DEFC-2']
2013-11-20 10:57:26,512: DEBUG: GoGo-Tail-Number: [u'AAATestNAS_234']
2013-11-20 10:57:26,512: DEBUG: GoGo-Private-IP-Address: ['192.168.1.179']
2013-11-20 10:57:26,512: DEBUG: WISPr-Location-ID: [u'airline=BA01,tail=01009,network=']
2013-11-20 10:57:26,513: DEBUG: WISPr-Location-Name: [u'TEST LLC,BA01_01009']
2013-11-20 10:57:26,513: DEBUG: NAS-Port-Type: ['Wireless-802.11']
2013-11-20 10:57:26,513: DEBUG: Called-Station-Id: [u'00:16:3E:38:DE:FC']
2013-11-20 10:57:26,513: DEBUG: Calling-Station-Id: [u'19:21:31:41:52:16']
2013-11-20 10:57:26,514: DEBUG: 

2013-11-20 10:57:26,514: DEBUG: Received response with code: 2, Accepted
2013-11-20 10:57:26,514: DEBUG: 

2013-11-20 10:57:26,515: DEBUG: Creating Accounting start Request with the following Attributes:
2013-11-20 10:57:26,515: DEBUG: NAS-Identifier: [u'C08386']
2013-11-20 10:57:26,515: DEBUG: User-Name: [u'AAALoadScriptUser2@airborne.aircell.com']
2013-11-20 10:57:26,516: DEBUG: GoGo-Tail-Number: [u'AAATestNAS_234']
2013-11-20 10:57:26,516: DEBUG: NAS-IP-Address: ['10.254.239.1']
2013-11-20 10:57:26,516: DEBUG: Proxy-State: ['3239,3131']
2013-11-20 10:57:26,517: DEBUG: Acct-Status-Type: ['Start']
2013-11-20 10:57:26,517: DEBUG: GoGo-Airline: [u'BA01']
2013-11-20 10:57:26,517: DEBUG: Acct-Session-Id: [u'AAATestNAS_234-1384925246511-00163E38DEFC-2']
2013-11-20 10:57:26,518: DEBUG: GoGo-Private-IP-Address: ['192.168.1.179']
2013-11-20 10:57:26,519: DEBUG: Framed-IP-Address: ['10.254.239.39']
2013-11-20 10:57:26,520: DEBUG: WISPr-Location-ID: [u'airline=BA01,tail=01009,network=']
2013-11-20 10:57:26,521: DEBUG: WISPr-Location-Name: [u'TEST LLC,BA01_01009']
2013-11-20 10:57:26,522: DEBUG: NAS-Port-Type: ['Wireless-802.11']
2013-11-20 10:57:26,522: DEBUG: Called-Station-Id: [u'00:16:3E:38:DE:FC']
2013-11-20 10:57:26,523: DEBUG: Calling-Station-Id: [u'19:21:31:41:52:16']
2013-11-20 10:57:26,525: DEBUG: 

2013-11-20 10:57:26,525: DEBUG: Received response with following attributes:
2013-11-20 10:57:36,526: DEBUG: 

2013-11-20 10:57:36,526: DEBUG: Creating Accounting Update Request with the following Attributes:
2013-11-20 10:57:36,527: DEBUG: User-Name: [u'AAALoadScriptUser2@airborne.aircell.com']
2013-11-20 10:57:36,527: DEBUG: GoGo-Tail-Number: [u'AAATestNAS_234']
2013-11-20 10:57:36,527: DEBUG: Acct-Output-Octets: [6979544]
2013-11-20 10:57:36,527: DEBUG: NAS-IP-Address: ['10.254.239.1']
2013-11-20 10:57:36,527: DEBUG: GoGo-Total-Output-Gigawords: [0]
2013-11-20 10:57:36,527: DEBUG: Framed-IP-Address: ['10.254.239.39']
2013-11-20 10:57:36,528: DEBUG: GoGo-Total-Input-Voice-Gigawords: [0]
2013-11-20 10:57:36,528: DEBUG: GoGo-Total-Output-Octets: [6979544]
2013-11-20 10:57:36,528: DEBUG: GoGo-Acct-Input-Voice-Octets: [0]
2013-11-20 10:57:36,528: DEBUG: GoGo-Total-Input-Voice-Packets: [0]
2013-11-20 10:57:36,528: DEBUG: Called-Station-Id: [u'00:16:3E:38:DE:FC']
2013-11-20 10:57:36,528: DEBUG: WISPr-Location-Name: [u'TEST LLC,BA01_01009']
2013-11-20 10:57:36,528: DEBUG: NAS-Identifier: [u'C08386']
2013-11-20 10:57:36,528: DEBUG: Proxy-State: ['3330,3132']
2013-11-20 10:57:36,529: DEBUG: GoGo-Total-Input-Voice-Octets: [0]
2013-11-20 10:57:36,529: DEBUG: Acct-Status-Type: ['Interim-Update']
2013-11-20 10:57:36,529: DEBUG: GoGo-Total-Output-Voice-Gigawords: [0]
2013-11-20 10:57:36,529: DEBUG: GoGo-Airline: [u'BA01']
2013-11-20 10:57:36,529: DEBUG: Acct-Session-Id: [u'AAATestNAS_234-1384925246511-00163E38DEFC-2']
2013-11-20 10:57:36,529: DEBUG: Acct-Session-Time: [10]
2013-11-20 10:57:36,529: DEBUG: Acct-Input-Packets: [39673]
2013-11-20 10:57:36,530: DEBUG: Acct-Output-Packets: [30091]
2013-11-20 10:57:36,530: DEBUG: GoGo-Acct-Output-Voice-Packets: [0]
2013-11-20 10:57:36,530: DEBUG: GoGo-Acct-Output-Voice-Octets: [0]
2013-11-20 10:57:36,530: DEBUG: Acct-Output-Gigawords: [0]
2013-11-20 10:57:36,530: DEBUG: GoGo-Total-Output-Voice-Packets: [0]
2013-11-20 10:57:36,530: DEBUG: Acct-Input-Gigawords: [0]
2013-11-20 10:57:36,530: DEBUG: Calling-Station-Id: [u'19:21:31:41:52:16']
2013-11-20 10:57:36,531: DEBUG: NAS-Port-Type: ['Wireless-802.11']
2013-11-20 10:57:36,531: DEBUG: GoGo-Total-Output-Voice-Octets: [0]
2013-11-20 10:57:36,531: DEBUG: GoGo-Private-IP-Address: ['192.168.1.179']
2013-11-20 10:57:36,531: DEBUG: GoGo-Acct-Input-Voice-Gigawords: [0]
2013-11-20 10:57:36,531: DEBUG: GoGo-Total-Input-Packets: [39673]
2013-11-20 10:57:36,531: DEBUG: GoGo-Total-Input-Gigawords: [0]
2013-11-20 10:57:36,531: DEBUG: GoGo-Acct-Input-Voice-Packets: [0]
2013-11-20 10:57:36,531: DEBUG: GoGo-Total-Input-Octets: [6127031]
2013-11-20 10:57:36,532: DEBUG: GoGo-Total-Output-Packets: [30091]
2013-11-20 10:57:36,532: DEBUG: WISPr-Location-ID: [u'airline=BA01,tail=01009,network=']
2013-11-20 10:57:36,532: DEBUG: GoGo-Acct-Output-Voice-Gigawords: [0]
2013-11-20 10:57:36,532: DEBUG: Acct-Input-Octets: [6127031]
2013-11-20 10:57:36,532: ERROR: Network error, Reason: 'Network error: Too many open files'
2013-11-20 10:57:46,533: DEBUG: 

2013-11-20 10:57:46,534: DEBUG: Creating Accounting Update Request with the following Attributes:
2013-11-20 10:57:46,535: DEBUG: User-Name: [u'AAALoadScriptUser2@airborne.aircell.com']
2013-11-20 10:57:46,536: DEBUG: GoGo-Tail-Number: [u'AAATestNAS_234']
2013-11-20 10:57:46,536: DEBUG: Acct-Output-Octets: [9056351]
2013-11-20 10:57:46,537: DEBUG: NAS-IP-Address: ['10.254.239.1']
2013-11-20 10:57:46,537: DEBUG: GoGo-Total-Output-Gigawords: [0]
2013-11-20 10:57:46,538: DEBUG: Framed-IP-Address: ['10.254.239.39']
2013-11-20 10:57:46,538: DEBUG: GoGo-Total-Input-Voice-Gigawords: [0]
2013-11-20 10:57:46,539: DEBUG: GoGo-Total-Output-Octets: [9056351]
2013-11-20 10:57:46,539: DEBUG: GoGo-Acct-Input-Voice-Octets: [0]
2013-11-20 10:57:46,539: DEBUG: GoGo-Total-Input-Voice-Packets: [0]
2013-11-20 10:57:46,540: DEBUG: Called-Station-Id: [u'00:16:3E:38:DE:FC']
2013-11-20 10:57:46,540: DEBUG: WISPr-Location-Name: [u'TEST LLC,BA01_01009']
2013-11-20 10:57:46,541: DEBUG: NAS-Identifier: [u'C08386']
2013-11-20 10:57:46,541: DEBUG: Proxy-State: ['3330,3132']
2013-11-20 10:57:46,541: DEBUG: GoGo-Total-Input-Voice-Octets: [0]
2013-11-20 10:57:46,542: DEBUG: Acct-Status-Type: ['Interim-Update']
2013-11-20 10:57:46,542: DEBUG: GoGo-Total-Output-Voice-Gigawords: [0]
2013-11-20 10:57:46,543: DEBUG: GoGo-Airline: [u'BA01']
2013-11-20 10:57:46,543: DEBUG: Acct-Session-Id: [u'AAATestNAS_234-1384925246511-00163E38DEFC-2']
2013-11-20 10:57:46,543: DEBUG: Acct-Session-Time: [10]
2013-11-20 10:57:46,544: DEBUG: Acct-Input-Packets: [33832]
2013-11-20 10:57:46,545: DEBUG: Acct-Output-Packets: [43812]
2013-11-20 10:57:46,545: DEBUG: GoGo-Acct-Output-Voice-Packets: [0]
2013-11-20 10:57:46,546: DEBUG: GoGo-Acct-Output-Voice-Octets: [0]
2013-11-20 10:57:46,546: DEBUG: Acct-Output-Gigawords: [0]
2013-11-20 10:57:46,546: DEBUG: GoGo-Total-Output-Voice-Packets: [0]
2013-11-20 10:57:46,547: DEBUG: Acct-Input-Gigawords: [0]
2013-11-20 10:57:46,548: DEBUG: Calling-Station-Id: [u'19:21:31:41:52:16']
2013-11-20 10:57:46,548: DEBUG: NAS-Port-Type: ['Wireless-802.11']
2013-11-20 10:57:46,549: DEBUG: GoGo-Total-Output-Voice-Octets: [0]
2013-11-20 10:57:46,550: DEBUG: GoGo-Private-IP-Address: ['192.168.1.179']
2013-11-20 10:57:46,551: DEBUG: GoGo-Acct-Input-Voice-Gigawords: [0]
2013-11-20 10:57:46,552: DEBUG: GoGo-Total-Input-Packets: [33832]
2013-11-20 10:57:46,552: DEBUG: GoGo-Total-Input-Gigawords: [0]
2013-11-20 10:57:46,554: DEBUG: GoGo-Acct-Input-Voice-Packets: [0]
2013-11-20 10:57:46,554: DEBUG: GoGo-Total-Input-Octets: [5200007]
2013-11-20 10:57:46,556: DEBUG: GoGo-Total-Output-Packets: [43812]
2013-11-20 10:57:46,557: DEBUG: WISPr-Location-ID: [u'airline=BA01,tail=01009,network=']
2013-11-20 10:57:46,557: DEBUG: GoGo-Acct-Output-Voice-Gigawords: [0]
2013-11-20 10:57:46,558: DEBUG: Acct-Input-Octets: [5200007]
2013-11-20 10:57:46,560: ERROR: Network error, Reason: 'Network error: Too many open files'
2013-11-20 10:57:56,562: DEBUG: 

2013-11-20 10:57:56,562: DEBUG: Creating Accounting Update Request with the following Attributes:
2013-11-20 10:57:56,562: DEBUG: User-Name: [u'AAALoadScriptUser2@airborne.aircell.com']
2013-11-20 10:57:56,563: DEBUG: GoGo-Tail-Number: [u'AAATestNAS_234']
2013-11-20 10:57:56,563: DEBUG: Acct-Output-Octets: [4758907]
2013-11-20 10:57:56,563: DEBUG: NAS-IP-Address: ['10.254.239.1']
2013-11-20 10:57:56,563: DEBUG: GoGo-Total-Output-Gigawords: [0]
2013-11-20 10:57:56,563: DEBUG: Framed-IP-Address: ['10.254.239.39']
2013-11-20 10:57:56,563: DEBUG: GoGo-Total-Input-Voice-Gigawords: [0]
2013-11-20 10:57:56,564: DEBUG: GoGo-Total-Output-Octets: [4758907]
2013-11-20 10:57:56,564: DEBUG: GoGo-Acct-Input-Voice-Octets: [0]
2013-11-20 10:57:56,564: DEBUG: GoGo-Total-Input-Voice-Packets: [0]
2013-11-20 10:57:56,564: DEBUG: Called-Station-Id: [u'00:16:3E:38:DE:FC']
2013-11-20 10:57:56,564: DEBUG: WISPr-Location-Name: [u'TEST LLC,BA01_01009']
2013-11-20 10:57:56,564: DEBUG: NAS-Identifier: [u'C08386']
2013-11-20 10:57:56,565: DEBUG: Proxy-State: ['3330,3132']
2013-11-20 10:57:56,565: DEBUG: GoGo-Total-Input-Voice-Octets: [0]
2013-11-20 10:57:56,565: DEBUG: Acct-Status-Type: ['Interim-Update']
2013-11-20 10:57:56,565: DEBUG: GoGo-Total-Output-Voice-Gigawords: [0]
2013-11-20 10:57:56,565: DEBUG: GoGo-Airline: [u'BA01']
2013-11-20 10:57:56,565: DEBUG: Acct-Session-Id: [u'AAATestNAS_234-1384925246511-00163E38DEFC-2']
2013-11-20 10:57:56,565: DEBUG: Acct-Session-Time: [10]
2013-11-20 10:57:56,566: DEBUG: Acct-Input-Packets: [65527]
2013-11-20 10:57:56,566: DEBUG: Acct-Output-Packets: [34646]
2013-11-20 10:57:56,566: DEBUG: GoGo-Acct-Output-Voice-Packets: [0]
2013-11-20 10:57:56,566: DEBUG: GoGo-Acct-Output-Voice-Octets: [0]
2013-11-20 10:57:56,566: DEBUG: Acct-Output-Gigawords: [0]
2013-11-20 10:57:56,566: DEBUG: GoGo-Total-Output-Voice-Packets: [0]
2013-11-20 10:57:56,566: DEBUG: Acct-Input-Gigawords: [0]
2013-11-20 10:57:56,567: DEBUG: Calling-Station-Id: [u'19:21:31:41:52:16']
2013-11-20 10:57:56,567: DEBUG: NAS-Port-Type: ['Wireless-802.11']
2013-11-20 10:57:56,567: DEBUG: GoGo-Total-Output-Voice-Octets: [0]
2013-11-20 10:57:56,567: DEBUG: GoGo-Private-IP-Address: ['192.168.1.179']
2013-11-20 10:57:56,567: DEBUG: GoGo-Acct-Input-Voice-Gigawords: [0]
2013-11-20 10:57:56,567: DEBUG: GoGo-Total-Input-Packets: [65527]
2013-11-20 10:57:56,567: DEBUG: GoGo-Total-Input-Gigawords: [0]
2013-11-20 10:57:56,568: DEBUG: GoGo-Acct-Input-Voice-Packets: [0]
2013-11-20 10:57:56,568: DEBUG: GoGo-Total-Input-Octets: [6603636]
2013-11-20 10:57:56,568: DEBUG: GoGo-Total-Output-Packets: [34646]
2013-11-20 10:57:56,568: DEBUG: WISPr-Location-ID: [u'airline=BA01,tail=01009,network=']
2013-11-20 10:57:56,568: DEBUG: GoGo-Acct-Output-Voice-Gigawords: [0]
2013-11-20 10:57:56,568: DEBUG: Acct-Input-Octets: [6603636]
2013-11-20 10:57:56,568: ERROR: Network error, Reason: 'Network error: Too many open files'
2013-11-20 10:58:06,569: DEBUG: 

2013-11-20 10:58:06,570: DEBUG: Creating Accounting Update Request with the following Attributes:
2013-11-20 10:58:06,570: DEBUG: User-Name: [u'AAALoadScriptUser2@airborne.aircell.com']
2013-11-20 10:58:06,570: DEBUG: GoGo-Tail-Number: [u'AAATestNAS_234']
2013-11-20 10:58:06,570: DEBUG: Acct-Output-Octets: [9959228]
2013-11-20 10:58:06,570: DEBUG: NAS-IP-Address: ['10.254.239.1']
2013-11-20 10:58:06,570: DEBUG: GoGo-Total-Output-Gigawords: [0]
2013-11-20 10:58:06,571: DEBUG: Framed-IP-Address: ['10.254.239.39']
2013-11-20 10:58:06,571: DEBUG: GoGo-Total-Input-Voice-Gigawords: [0]
2013-11-20 10:58:06,571: DEBUG: GoGo-Total-Output-Octets: [9959228]
2013-11-20 10:58:06,571: DEBUG: GoGo-Acct-Input-Voice-Octets: [0]
2013-11-20 10:58:06,571: DEBUG: GoGo-Total-Input-Voice-Packets: [0]
2013-11-20 10:58:06,571: DEBUG: Called-Station-Id: [u'00:16:3E:38:DE:FC']
2013-11-20 10:58:06,571: DEBUG: WISPr-Location-Name: [u'TEST LLC,BA01_01009']
2013-11-20 10:58:06,572: DEBUG: NAS-Identifier: [u'C08386']
2013-11-20 10:58:06,572: DEBUG: Proxy-State: ['3330,3132']
2013-11-20 10:58:06,572: DEBUG: GoGo-Total-Input-Voice-Octets: [0]
2013-11-20 10:58:06,572: DEBUG: Acct-Status-Type: ['Interim-Update']
2013-11-20 10:58:06,572: DEBUG: GoGo-Total-Output-Voice-Gigawords: [0]
2013-11-20 10:58:06,572: DEBUG: GoGo-Airline: [u'BA01']
2013-11-20 10:58:06,572: DEBUG: Acct-Session-Id: [u'AAATestNAS_234-1384925246511-00163E38DEFC-2']
2013-11-20 10:58:06,573: DEBUG: Acct-Session-Time: [10]
2013-11-20 10:58:06,573: DEBUG: Acct-Input-Packets: [33675]
2013-11-20 10:58:06,573: DEBUG: Acct-Output-Packets: [58647]
2013-11-20 10:58:06,573: DEBUG: GoGo-Acct-Output-Voice-Packets: [0]
2013-11-20 10:58:06,573: DEBUG: GoGo-Acct-Output-Voice-Octets: [0]
2013-11-20 10:58:06,573: DEBUG: Acct-Output-Gigawords: [0]
2013-11-20 10:58:06,573: DEBUG: GoGo-Total-Output-Voice-Packets: [0]
2013-11-20 10:58:06,574: DEBUG: Acct-Input-Gigawords: [0]
2013-11-20 10:58:06,574: DEBUG: Calling-Station-Id: [u'19:21:31:41:52:16']
2013-11-20 10:58:06,574: DEBUG: NAS-Port-Type: ['Wireless-802.11']
2013-11-20 10:58:06,574: DEBUG: GoGo-Total-Output-Voice-Octets: [0]
2013-11-20 10:58:06,574: DEBUG: GoGo-Private-IP-Address: ['192.168.1.179']
2013-11-20 10:58:06,574: DEBUG: GoGo-Acct-Input-Voice-Gigawords: [0]
2013-11-20 10:58:06,574: DEBUG: GoGo-Total-Input-Packets: [33675]
2013-11-20 10:58:06,575: DEBUG: GoGo-Total-Input-Gigawords: [0]
2013-11-20 10:58:06,575: DEBUG: GoGo-Acct-Input-Voice-Packets: [0]
2013-11-20 10:58:06,575: DEBUG: GoGo-Total-Input-Octets: [9641852]
2013-11-20 10:58:06,575: DEBUG: GoGo-Total-Output-Packets: [58647]
2013-11-20 10:58:06,575: DEBUG: WISPr-Location-ID: [u'airline=BA01,tail=01009,network=']
2013-11-20 10:58:06,575: DEBUG: GoGo-Acct-Output-Voice-Gigawords: [0]
2013-11-20 10:58:06,575: DEBUG: Acct-Input-Octets: [9641852]
2013-11-20 10:58:06,576: ERROR: Network error, Reason: 'Network error: Too many open files'
2013-11-20 10:58:16,577: DEBUG: 

2013-11-20 10:58:16,577: DEBUG: Creating Accounting Update Request with the following Attributes:
2013-11-20 10:58:16,578: DEBUG: User-Name: [u'AAALoadScriptUser2@airborne.aircell.com']
2013-11-20 10:58:16,578: DEBUG: GoGo-Tail-Number: [u'AAATestNAS_234']
2013-11-20 10:58:16,578: DEBUG: Acct-Output-Octets: [7757246]
2013-11-20 10:58:16,578: DEBUG: NAS-IP-Address: ['10.254.239.1']
2013-11-20 10:58:16,578: DEBUG: GoGo-Total-Output-Gigawords: [0]
2013-11-20 10:58:16,578: DEBUG: Framed-IP-Address: ['10.254.239.39']
2013-11-20 10:58:16,578: DEBUG: GoGo-Total-Input-Voice-Gigawords: [0]
2013-11-20 10:58:16,579: DEBUG: GoGo-Total-Output-Octets: [7757246]
2013-11-20 10:58:16,579: DEBUG: GoGo-Acct-Input-Voice-Octets: [0]
2013-11-20 10:58:16,579: DEBUG: GoGo-Total-Input-Voice-Packets: [0]
2013-11-20 10:58:16,579: DEBUG: Called-Station-Id: [u'00:16:3E:38:DE:FC']
2013-11-20 10:58:16,579: DEBUG: WISPr-Location-Name: [u'TEST LLC,BA01_01009']
2013-11-20 10:58:16,579: DEBUG: NAS-Identifier: [u'C08386']
2013-11-20 10:58:16,579: DEBUG: Proxy-State: ['3330,3132']
2013-11-20 10:58:16,580: DEBUG: GoGo-Total-Input-Voice-Octets: [0]
2013-11-20 10:58:16,580: DEBUG: Acct-Status-Type: ['Interim-Update']
2013-11-20 10:58:16,580: DEBUG: GoGo-Total-Output-Voice-Gigawords: [0]
2013-11-20 10:58:16,580: DEBUG: GoGo-Airline: [u'BA01']
2013-11-20 10:58:16,580: DEBUG: Acct-Session-Id: [u'AAATestNAS_234-1384925246511-00163E38DEFC-2']
2013-11-20 10:58:16,580: DEBUG: Acct-Session-Time: [10]
2013-11-20 10:58:16,580: DEBUG: Acct-Input-Packets: [13944]
2013-11-20 10:58:16,580: DEBUG: Acct-Output-Packets: [14660]
2013-11-20 10:58:16,581: DEBUG: GoGo-Acct-Output-Voice-Packets: [0]
2013-11-20 10:58:16,581: DEBUG: GoGo-Acct-Output-Voice-Octets: [0]
2013-11-20 10:58:16,581: DEBUG: Acct-Output-Gigawords: [0]
2013-11-20 10:58:16,581: DEBUG: GoGo-Total-Output-Voice-Packets: [0]
2013-11-20 10:58:16,581: DEBUG: Acct-Input-Gigawords: [0]
2013-11-20 10:58:16,581: DEBUG: Calling-Station-Id: [u'19:21:31:41:52:16']
2013-11-20 10:58:16,581: DEBUG: NAS-Port-Type: ['Wireless-802.11']
2013-11-20 10:58:16,582: DEBUG: GoGo-Total-Output-Voice-Octets: [0]
2013-11-20 10:58:16,582: DEBUG: GoGo-Private-IP-Address: ['192.168.1.179']
2013-11-20 10:58:16,582: DEBUG: GoGo-Acct-Input-Voice-Gigawords: [0]
2013-11-20 10:58:16,582: DEBUG: GoGo-Total-Input-Packets: [13944]
2013-11-20 10:58:16,582: DEBUG: GoGo-Total-Input-Gigawords: [0]
2013-11-20 10:58:16,582: DEBUG: GoGo-Acct-Input-Voice-Packets: [0]
2013-11-20 10:58:16,582: DEBUG: GoGo-Total-Input-Octets: [7492729]
2013-11-20 10:58:16,583: DEBUG: GoGo-Total-Output-Packets: [14660]
2013-11-20 10:58:16,583: DEBUG: WISPr-Location-ID: [u'airline=BA01,tail=01009,network=']
2013-11-20 10:58:16,584: DEBUG: GoGo-Acct-Output-Voice-Gigawords: [0]
2013-11-20 10:58:16,584: DEBUG: Acct-Input-Octets: [7492729]
2013-11-20 10:58:16,585: ERROR: Network error, Reason: 'Network error: Too many open files'
2013-11-20 10:58:26,586: DEBUG: 

2013-11-20 10:58:26,586: DEBUG: Creating Accounting Update Request with the following Attributes:
2013-11-20 10:58:26,587: DEBUG: User-Name: [u'AAALoadScriptUser2@airborne.aircell.com']
2013-11-20 10:58:26,587: DEBUG: GoGo-Tail-Number: [u'AAATestNAS_234']
2013-11-20 10:58:26,587: DEBUG: Acct-Output-Octets: [5011281]
2013-11-20 10:58:26,587: DEBUG: NAS-IP-Address: ['10.254.239.1']
2013-11-20 10:58:26,587: DEBUG: GoGo-Total-Output-Gigawords: [0]
2013-11-20 10:58:26,587: DEBUG: Framed-IP-Address: ['10.254.239.39']
2013-11-20 10:58:26,587: DEBUG: GoGo-Total-Input-Voice-Gigawords: [0]
2013-11-20 10:58:26,588: DEBUG: GoGo-Total-Output-Octets: [5011281]
2013-11-20 10:58:26,588: DEBUG: GoGo-Acct-Input-Voice-Octets: [0]
2013-11-20 10:58:26,588: DEBUG: GoGo-Total-Input-Voice-Packets: [0]
2013-11-20 10:58:26,588: DEBUG: Called-Station-Id: [u'00:16:3E:38:DE:FC']
2013-11-20 10:58:26,588: DEBUG: WISPr-Location-Name: [u'TEST LLC,BA01_01009']
2013-11-20 10:58:26,588: DEBUG: NAS-Identifier: [u'C08386']
2013-11-20 10:58:26,588: DEBUG: Proxy-State: ['3330,3132']
2013-11-20 10:58:26,589: DEBUG: GoGo-Total-Input-Voice-Octets: [0]
2013-11-20 10:58:26,589: DEBUG: Acct-Status-Type: ['Interim-Update']
2013-11-20 10:58:26,589: DEBUG: GoGo-Total-Output-Voice-Gigawords: [0]
2013-11-20 10:58:26,589: DEBUG: GoGo-Airline: [u'BA01']
2013-11-20 10:58:26,589: DEBUG: Acct-Session-Id: [u'AAATestNAS_234-1384925246511-00163E38DEFC-2']
2013-11-20 10:58:26,589: DEBUG: Acct-Session-Time: [10]
2013-11-20 10:58:26,589: DEBUG: Acct-Input-Packets: [11561]
2013-11-20 10:58:26,590: DEBUG: Acct-Output-Packets: [28046]
2013-11-20 10:58:26,590: DEBUG: GoGo-Acct-Output-Voice-Packets: [0]
2013-11-20 10:58:26,590: DEBUG: GoGo-Acct-Output-Voice-Octets: [0]
2013-11-20 10:58:26,590: DEBUG: Acct-Output-Gigawords: [0]
2013-11-20 10:58:26,590: DEBUG: GoGo-Total-Output-Voice-Packets: [0]
2013-11-20 10:58:26,590: DEBUG: Acct-Input-Gigawords: [0]
2013-11-20 10:58:26,590: DEBUG: Calling-Station-Id: [u'19:21:31:41:52:16']
2013-11-20 10:58:26,591: DEBUG: NAS-Port-Type: ['Wireless-802.11']
2013-11-20 10:58:26,591: DEBUG: GoGo-Total-Output-Voice-Octets: [0]
2013-11-20 10:58:26,591: DEBUG: GoGo-Private-IP-Address: ['192.168.1.179']
2013-11-20 10:58:26,591: DEBUG: GoGo-Acct-Input-Voice-Gigawords: [0]
2013-11-20 10:58:26,591: DEBUG: GoGo-Total-Input-Packets: [11561]
2013-11-20 10:58:26,591: DEBUG: GoGo-Total-Input-Gigawords: [0]
2013-11-20 10:58:26,592: DEBUG: GoGo-Acct-Input-Voice-Packets: [0]
2013-11-20 10:58:26,592: DEBUG: GoGo-Total-Input-Octets: [1338506]
2013-11-20 10:58:26,592: DEBUG: GoGo-Total-Output-Packets: [28046]
2013-11-20 10:58:26,592: DEBUG: WISPr-Location-ID: [u'airline=BA01,tail=01009,network=']
2013-11-20 10:58:26,592: DEBUG: GoGo-Acct-Output-Voice-Gigawords: [0]
2013-11-20 10:58:26,592: DEBUG: Acct-Input-Octets: [1338506]
2013-11-20 10:58:26,592: ERROR: Network error, Reason: 'Network error: Too many open files'
2013-11-20 10:58:36,593: DEBUG: 

2013-11-20 10:58:36,593: DEBUG: Creating Accounting Update Request with the following Attributes:
2013-11-20 10:58:36,593: DEBUG: User-Name: [u'AAALoadScriptUser2@airborne.aircell.com']
2013-11-20 10:58:36,594: DEBUG: GoGo-Tail-Number: [u'AAATestNAS_234']
2013-11-20 10:58:36,594: DEBUG: Acct-Output-Octets: [4361638]
2013-11-20 10:58:36,594: DEBUG: NAS-IP-Address: ['10.254.239.1']
2013-11-20 10:58:36,594: DEBUG: GoGo-Total-Output-Gigawords: [0]
2013-11-20 10:58:36,594: DEBUG: Framed-IP-Address: ['10.254.239.39']
2013-11-20 10:58:36,594: DEBUG: GoGo-Total-Input-Voice-Gigawords: [0]
2013-11-20 10:58:36,594: DEBUG: GoGo-Total-Output-Octets: [4361638]
2013-11-20 10:58:36,595: DEBUG: GoGo-Acct-Input-Voice-Octets: [0]
2013-11-20 10:58:36,595: DEBUG: GoGo-Total-Input-Voice-Packets: [0]
2013-11-20 10:58:36,595: DEBUG: Called-Station-Id: [u'00:16:3E:38:DE:FC']
2013-11-20 10:58:36,595: DEBUG: WISPr-Location-Name: [u'TEST LLC,BA01_01009']
2013-11-20 10:58:36,595: DEBUG: NAS-Identifier: [u'C08386']
2013-11-20 10:58:36,595: DEBUG: Proxy-State: ['3330,3132']
2013-11-20 10:58:36,595: DEBUG: GoGo-Total-Input-Voice-Octets: [0]
2013-11-20 10:58:36,596: DEBUG: Acct-Status-Type: ['Interim-Update']
2013-11-20 10:58:36,596: DEBUG: GoGo-Total-Output-Voice-Gigawords: [0]
2013-11-20 10:58:36,596: DEBUG: GoGo-Airline: [u'BA01']
2013-11-20 10:58:36,596: DEBUG: Acct-Session-Id: [u'AAATestNAS_234-1384925246511-00163E38DEFC-2']
2013-11-20 10:58:36,596: DEBUG: Acct-Session-Time: [10]
2013-11-20 10:58:36,596: DEBUG: Acct-Input-Packets: [25287]
2013-11-20 10:58:36,597: DEBUG: Acct-Output-Packets: [6045]
2013-11-20 10:58:36,597: DEBUG: GoGo-Acct-Output-Voice-Packets: [0]
2013-11-20 10:58:36,597: DEBUG: GoGo-Acct-Output-Voice-Octets: [0]
2013-11-20 10:58:36,598: DEBUG: Acct-Output-Gigawords: [0]
2013-11-20 10:58:36,598: DEBUG: GoGo-Total-Output-Voice-Packets: [0]
2013-11-20 10:58:36,598: DEBUG: Acct-Input-Gigawords: [0]
2013-11-20 10:58:36,599: DEBUG: Calling-Station-Id: [u'19:21:31:41:52:16']
2013-11-20 10:58:36,599: DEBUG: NAS-Port-Type: ['Wireless-802.11']
2013-11-20 10:58:36,599: DEBUG: GoGo-Total-Output-Voice-Octets: [0]
2013-11-20 10:58:36,599: DEBUG: GoGo-Private-IP-Address: ['192.168.1.179']
2013-11-20 10:58:36,600: DEBUG: GoGo-Acct-Input-Voice-Gigawords: [0]
2013-11-20 10:58:36,600: DEBUG: GoGo-Total-Input-Packets: [25287]
2013-11-20 10:58:36,601: DEBUG: GoGo-Total-Input-Gigawords: [0]
2013-11-20 10:58:36,601: DEBUG: GoGo-Acct-Input-Voice-Packets: [0]
2013-11-20 10:58:36,602: DEBUG: GoGo-Total-Input-Octets: [7175831]
2013-11-20 10:58:36,602: DEBUG: GoGo-Total-Output-Packets: [6045]
2013-11-20 10:58:36,603: DEBUG: WISPr-Location-ID: [u'airline=BA01,tail=01009,network=']
2013-11-20 10:58:36,603: DEBUG: GoGo-Acct-Output-Voice-Gigawords: [0]
2013-11-20 10:58:36,603: DEBUG: Acct-Input-Octets: [7175831]
2013-11-20 10:58:36,606: DEBUG: 

2013-11-20 10:58:36,606: DEBUG: Received response with following attributes:
2013-11-20 10:58:57,607: DEBUG: 

2013-11-20 10:58:57,609: DEBUG: Creating Accounting Stop Request with the following Attributes:
2013-11-20 10:58:57,609: DEBUG: User-Name: [u'AAALoadScriptUser2@airborne.aircell.com']
2013-11-20 10:58:57,609: DEBUG: GoGo-Tail-Number: [u'01009']
2013-11-20 10:58:57,610: DEBUG: Acct-Output-Octets: [8927707]
2013-11-20 10:58:57,610: DEBUG: NAS-IP-Address: ['10.254.239.1']
2013-11-20 10:58:57,610: DEBUG: GoGo-Total-Output-Gigawords: [0]
2013-11-20 10:58:57,610: DEBUG: Framed-IP-Address: ['10.254.239.39']
2013-11-20 10:58:57,611: DEBUG: GoGo-Total-Input-Voice-Gigawords: [0]
2013-11-20 10:58:57,611: DEBUG: GoGo-Total-Output-Octets: [8927707]
2013-11-20 10:58:57,611: DEBUG: GoGo-Acct-Input-Voice-Octets: [0]
2013-11-20 10:58:57,611: DEBUG: GoGo-Total-Input-Voice-Packets: [0]
2013-11-20 10:58:57,612: DEBUG: Called-Station-Id: [u'00:16:3E:38:DE:FC']
2013-11-20 10:58:57,612: DEBUG: WISPr-Location-Name: [u'TEST LLC,BA01_01009']
2013-11-20 10:58:57,612: DEBUG: NAS-Identifier: [u'C08386']
2013-11-20 10:58:57,612: DEBUG: Proxy-State: ['3330,3132']
2013-11-20 10:58:57,613: DEBUG: GoGo-Total-Input-Voice-Octets: [0]
2013-11-20 10:58:57,613: DEBUG: Acct-Status-Type: ['Stop']
2013-11-20 10:58:57,613: DEBUG: GoGo-Total-Output-Voice-Gigawords: [0]
2013-11-20 10:58:57,613: DEBUG: GoGo-Airline: [u'BA01']
2013-11-20 10:58:57,613: DEBUG: Acct-Session-Id: [u'AAATestNAS_234-1384925246511-00163E38DEFC-2']
2013-11-20 10:58:57,614: DEBUG: Acct-Session-Time: [21]
2013-11-20 10:58:57,614: DEBUG: Acct-Input-Packets: [8679]
2013-11-20 10:58:57,614: DEBUG: Acct-Output-Packets: [26252]
2013-11-20 10:58:57,614: DEBUG: Acct-Terminate-Cause: ['User-Request']
2013-11-20 10:58:57,614: DEBUG: GoGo-Acct-Output-Voice-Octets: [0]
2013-11-20 10:58:57,615: DEBUG: Acct-Output-Gigawords: [0]
2013-11-20 10:58:57,615: DEBUG: GoGo-Total-Output-Voice-Packets: [0]
2013-11-20 10:58:57,615: DEBUG: Acct-Input-Gigawords: [0]
2013-11-20 10:58:57,615: DEBUG: Calling-Station-Id: [u'19:21:31:41:52:16']
2013-11-20 10:58:57,615: DEBUG: NAS-Port-Type: ['Wireless-802.11']
2013-11-20 10:58:57,616: DEBUG: GoGo-Total-Output-Voice-Octets: [0]
2013-11-20 10:58:57,616: DEBUG: GoGo-Private-IP-Address: ['192.168.1.179']
2013-11-20 10:58:57,616: DEBUG: GoGo-Acct-Input-Voice-Gigawords: [0]
2013-11-20 10:58:57,616: DEBUG: GoGo-Total-Input-Packets: [8679]
2013-11-20 10:58:57,616: DEBUG: GoGo-Total-Input-Gigawords: [0]
2013-11-20 10:58:57,616: DEBUG: GoGo-Acct-Input-Voice-Packets: [0]
2013-11-20 10:58:57,617: DEBUG: GoGo-Total-Input-Octets: [2688087]
2013-11-20 10:58:57,617: DEBUG: GoGo-Total-Output-Packets: [26252]
2013-11-20 10:58:57,617: DEBUG: WISPr-Location-ID: [u'airline=BA01,tail=01009,network=']
2013-11-20 10:58:57,617: DEBUG: GoGo-Acct-Output-Voice-Packets: [0]
2013-11-20 10:58:57,617: DEBUG: GoGo-Acct-Output-Voice-Gigawords: [0]
2013-11-20 10:58:57,618: DEBUG: Acct-Input-Octets: [2688087]
2013-11-20 10:58:57,618: ERROR: Network error, Reason: 'Network error: Too many open files'
2013-11-20 10:58:57,618: ERROR: Ending the test for this user
2013-11-20 10:58:57,618: DEBUG: Ending the test for this user
