2013-11-20 10:56:49,506: DEBUG: Starting the client for the user AAALoadScriptUser1@airborne.aircell.com to the server localhost

2013-11-20 10:56:49,509: DEBUG: DURATION of the TEST: 54
2013-11-20 10:56:49,512: DEBUG: NAS-IP: 10.254.198.1
2013-11-20 10:56:49,513: DEBUG: NAS-MAC-ADDR: 18:21:31:41:52:74
2013-11-20 10:56:49,515: DEBUG: Abruptly End: False
2013-11-20 10:56:49,516: DEBUG: Framed-IP: 10.254.198.27
2013-11-20 10:56:49,517: DEBUG: User-MAC-Addr: 00:16:3E:75:4F:56
2013-11-20 10:56:49,521: DEBUG: 

2013-11-20 10:56:49,526: DEBUG: Creating Authentication Request with the following Attributes:
2013-11-20 10:56:49,526: DEBUG: NAS-Identifier: [u'C08386']
2013-11-20 10:56:49,527: DEBUG: User-Name: [u'AAALoadScriptUser1@airborne.aircell.com']
2013-11-20 10:56:49,530: DEBUG: NAS-IP-Address: ['10.254.198.1']
2013-11-20 10:56:49,530: DEBUG: Service-Type: ['Authenticate-Only']
2013-11-20 10:56:49,531: DEBUG: Proxy-State: ['3237,3134']
2013-11-20 10:56:49,533: DEBUG: Framed-IP-Address: ['10.254.198.27']
2013-11-20 10:56:49,534: DEBUG: GoGo-Airline: [u'BA01']
2013-11-20 10:56:49,536: DEBUG: Acct-Session-Id: [u'AAATestNAS_193-1384925209525-00163E754F56-1']
2013-11-20 10:56:49,537: DEBUG: GoGo-Tail-Number: [u'AAATestNAS_193']
2013-11-20 10:56:49,537: DEBUG: GoGo-Private-IP-Address: ['192.168.1.179']
2013-11-20 10:56:49,539: DEBUG: WISPr-Location-ID: [u'airline=BA01,tail=01009,network=']
2013-11-20 10:56:49,541: DEBUG: WISPr-Location-Name: [u'TEST LLC,BA01_01009']
2013-11-20 10:56:49,543: DEBUG: NAS-Port-Type: ['Wireless-802.11']
2013-11-20 10:56:49,545: DEBUG: Called-Station-Id: [u'00:16:3E:75:4F:56']
2013-11-20 10:56:49,546: DEBUG: Calling-Station-Id: [u'18:21:31:41:52:74']
2013-11-20 10:56:49,551: DEBUG: 

2013-11-20 10:56:49,553: DEBUG: Received response with code: 2, Accepted
2013-11-20 10:56:49,554: DEBUG: Creating Authentication Request with the following Attributes:
2013-11-20 10:56:49,555: DEBUG: NAS-Identifier: [u'C08386']
2013-11-20 10:56:49,556: DEBUG: User-Name: [u'AAALoadScriptUser1@airborne.aircell.com']
2013-11-20 10:56:49,557: DEBUG: NAS-IP-Address: ['10.254.198.1']
2013-11-20 10:56:49,560: DEBUG: Service-Type: ['Login-User']
2013-11-20 10:56:49,560: DEBUG: Proxy-State: ['3237,3134']
2013-11-20 10:56:49,561: DEBUG: Framed-IP-Address: ['10.254.198.27']
2013-11-20 10:56:49,561: DEBUG: GoGo-Airline: [u'BA01']
2013-11-20 10:56:49,563: DEBUG: Acct-Session-Id: [u'AAATestNAS_193-1384925209554-00163E754F56-1']
2013-11-20 10:56:49,564: DEBUG: GoGo-Tail-Number: [u'AAATestNAS_193']
2013-11-20 10:56:49,565: DEBUG: GoGo-Private-IP-Address: ['192.168.1.179']
2013-11-20 10:56:49,565: DEBUG: WISPr-Location-ID: [u'airline=BA01,tail=01009,network=']
2013-11-20 10:56:49,567: DEBUG: WISPr-Location-Name: [u'TEST LLC,BA01_01009']
2013-11-20 10:56:49,568: DEBUG: NAS-Port-Type: ['Wireless-802.11']
2013-11-20 10:56:49,568: DEBUG: Called-Station-Id: [u'00:16:3E:75:4F:56']
2013-11-20 10:56:49,569: DEBUG: Calling-Station-Id: [u'18:21:31:41:52:74']
2013-11-20 10:56:49,571: DEBUG: 

2013-11-20 10:56:49,572: DEBUG: Received response with code: 2, Accepted
2013-11-20 10:56:49,572: DEBUG: 

2013-11-20 10:56:49,573: DEBUG: Creating Accounting start Request with the following Attributes:
2013-11-20 10:56:49,573: DEBUG: NAS-Identifier: [u'C08386']
2013-11-20 10:56:49,574: DEBUG: User-Name: [u'AAALoadScriptUser1@airborne.aircell.com']
2013-11-20 10:56:49,574: DEBUG: GoGo-Tail-Number: [u'AAATestNAS_193']
2013-11-20 10:56:49,576: DEBUG: NAS-IP-Address: ['10.254.198.1']
2013-11-20 10:56:49,576: DEBUG: Proxy-State: ['3239,3131']
2013-11-20 10:56:49,577: DEBUG: Acct-Status-Type: ['Start']
2013-11-20 10:56:49,577: DEBUG: GoGo-Airline: [u'BA01']
2013-11-20 10:56:49,578: DEBUG: Acct-Session-Id: [u'AAATestNAS_193-1384925209554-00163E754F56-1']
2013-11-20 10:56:49,578: DEBUG: GoGo-Private-IP-Address: ['192.168.1.179']
2013-11-20 10:56:49,579: DEBUG: Framed-IP-Address: ['10.254.198.27']
2013-11-20 10:56:49,579: DEBUG: WISPr-Location-ID: [u'airline=BA01,tail=01009,network=']
2013-11-20 10:56:49,579: DEBUG: WISPr-Location-Name: [u'TEST LLC,BA01_01009']
2013-11-20 10:56:49,580: DEBUG: NAS-Port-Type: ['Wireless-802.11']
2013-11-20 10:56:49,580: DEBUG: Called-Station-Id: [u'00:16:3E:75:4F:56']
2013-11-20 10:56:49,580: DEBUG: Calling-Station-Id: [u'18:21:31:41:52:74']
2013-11-20 10:56:49,582: DEBUG: 

2013-11-20 10:56:49,582: DEBUG: Received response with following attributes:
2013-11-20 10:56:59,583: DEBUG: 

2013-11-20 10:56:59,584: DEBUG: Creating Accounting Update Request with the following Attributes:
2013-11-20 10:56:59,584: DEBUG: User-Name: [u'AAALoadScriptUser1@airborne.aircell.com']
2013-11-20 10:56:59,584: DEBUG: GoGo-Tail-Number: [u'AAATestNAS_193']
2013-11-20 10:56:59,584: DEBUG: Acct-Output-Octets: [3941962]
2013-11-20 10:56:59,585: DEBUG: NAS-IP-Address: ['10.254.198.1']
2013-11-20 10:56:59,585: DEBUG: GoGo-Total-Output-Gigawords: [0]
2013-11-20 10:56:59,585: DEBUG: Framed-IP-Address: ['10.254.198.27']
2013-11-20 10:56:59,585: DEBUG: GoGo-Total-Input-Voice-Gigawords: [0]
2013-11-20 10:56:59,585: DEBUG: GoGo-Total-Output-Octets: [3941962]
2013-11-20 10:56:59,585: DEBUG: GoGo-Acct-Input-Voice-Octets: [0]
2013-11-20 10:56:59,585: DEBUG: GoGo-Total-Input-Voice-Packets: [0]
2013-11-20 10:56:59,585: DEBUG: Called-Station-Id: [u'00:16:3E:75:4F:56']
2013-11-20 10:56:59,585: DEBUG: WISPr-Location-Name: [u'TEST LLC,BA01_01009']
2013-11-20 10:56:59,586: DEBUG: NAS-Identifier: [u'C08386']
2013-11-20 10:56:59,586: DEBUG: Proxy-State: ['3330,3132']
2013-11-20 10:56:59,586: DEBUG: GoGo-Total-Input-Voice-Octets: [0]
2013-11-20 10:56:59,586: DEBUG: Acct-Status-Type: ['Interim-Update']
2013-11-20 10:56:59,586: DEBUG: GoGo-Total-Output-Voice-Gigawords: [0]
2013-11-20 10:56:59,586: DEBUG: GoGo-Airline: [u'BA01']
2013-11-20 10:56:59,586: DEBUG: Acct-Session-Id: [u'AAATestNAS_193-1384925209554-00163E754F56-1']
2013-11-20 10:56:59,586: DEBUG: Acct-Session-Time: [10]
2013-11-20 10:56:59,586: DEBUG: Acct-Input-Packets: [15689]
2013-11-20 10:56:59,586: DEBUG: Acct-Output-Packets: [15436]
2013-11-20 10:56:59,587: DEBUG: GoGo-Acct-Output-Voice-Packets: [0]
2013-11-20 10:56:59,587: DEBUG: GoGo-Acct-Output-Voice-Octets: [0]
2013-11-20 10:56:59,587: DEBUG: Acct-Output-Gigawords: [0]
2013-11-20 10:56:59,587: DEBUG: GoGo-Total-Output-Voice-Packets: [0]
2013-11-20 10:56:59,587: DEBUG: Acct-Input-Gigawords: [0]
2013-11-20 10:56:59,587: DEBUG: Calling-Station-Id: [u'18:21:31:41:52:74']
2013-11-20 10:56:59,587: DEBUG: NAS-Port-Type: ['Wireless-802.11']
2013-11-20 10:56:59,587: DEBUG: GoGo-Total-Output-Voice-Octets: [0]
2013-11-20 10:56:59,588: DEBUG: GoGo-Private-IP-Address: ['192.168.1.179']
2013-11-20 10:56:59,589: DEBUG: GoGo-Acct-Input-Voice-Gigawords: [0]
2013-11-20 10:56:59,590: DEBUG: GoGo-Total-Input-Packets: [15689]
2013-11-20 10:56:59,590: DEBUG: GoGo-Total-Input-Gigawords: [0]
2013-11-20 10:56:59,591: DEBUG: GoGo-Acct-Input-Voice-Packets: [0]
2013-11-20 10:56:59,592: DEBUG: GoGo-Total-Input-Octets: [5854108]
2013-11-20 10:56:59,592: DEBUG: GoGo-Total-Output-Packets: [15436]
2013-11-20 10:56:59,592: DEBUG: WISPr-Location-ID: [u'airline=BA01,tail=01009,network=']
2013-11-20 10:56:59,593: DEBUG: GoGo-Acct-Output-Voice-Gigawords: [0]
2013-11-20 10:56:59,593: DEBUG: Acct-Input-Octets: [5854108]
2013-11-20 10:56:59,595: DEBUG: 

2013-11-20 10:56:59,596: DEBUG: Received response with following attributes:
2013-11-20 10:57:09,597: DEBUG: 

2013-11-20 10:57:09,597: DEBUG: Creating Accounting Update Request with the following Attributes:
2013-11-20 10:57:09,597: DEBUG: User-Name: [u'AAALoadScriptUser1@airborne.aircell.com']
2013-11-20 10:57:09,597: DEBUG: GoGo-Tail-Number: [u'AAATestNAS_193']
2013-11-20 10:57:09,598: DEBUG: Acct-Output-Octets: [5862424]
2013-11-20 10:57:09,598: DEBUG: NAS-IP-Address: ['10.254.198.1']
2013-11-20 10:57:09,598: DEBUG: GoGo-Total-Output-Gigawords: [0]
2013-11-20 10:57:09,598: DEBUG: Framed-IP-Address: ['10.254.198.27']
2013-11-20 10:57:09,598: DEBUG: GoGo-Total-Input-Voice-Gigawords: [0]
2013-11-20 10:57:09,598: DEBUG: GoGo-Total-Output-Octets: [5862424]
2013-11-20 10:57:09,598: DEBUG: GoGo-Acct-Input-Voice-Octets: [0]
2013-11-20 10:57:09,598: DEBUG: GoGo-Total-Input-Voice-Packets: [0]
2013-11-20 10:57:09,598: DEBUG: Called-Station-Id: [u'00:16:3E:75:4F:56']
2013-11-20 10:57:09,599: DEBUG: WISPr-Location-Name: [u'TEST LLC,BA01_01009']
2013-11-20 10:57:09,599: DEBUG: NAS-Identifier: [u'C08386']
2013-11-20 10:57:09,599: DEBUG: Proxy-State: ['3330,3132']
2013-11-20 10:57:09,599: DEBUG: GoGo-Total-Input-Voice-Octets: [0]
2013-11-20 10:57:09,599: DEBUG: Acct-Status-Type: ['Interim-Update']
2013-11-20 10:57:09,599: DEBUG: GoGo-Total-Output-Voice-Gigawords: [0]
2013-11-20 10:57:09,599: DEBUG: GoGo-Airline: [u'BA01']
2013-11-20 10:57:09,599: DEBUG: Acct-Session-Id: [u'AAATestNAS_193-1384925209554-00163E754F56-1']
2013-11-20 10:57:09,599: DEBUG: Acct-Session-Time: [10]
2013-11-20 10:57:09,600: DEBUG: Acct-Input-Packets: [50520]
2013-11-20 10:57:09,600: DEBUG: Acct-Output-Packets: [22617]
2013-11-20 10:57:09,600: DEBUG: GoGo-Acct-Output-Voice-Packets: [0]
2013-11-20 10:57:09,600: DEBUG: GoGo-Acct-Output-Voice-Octets: [0]
2013-11-20 10:57:09,600: DEBUG: Acct-Output-Gigawords: [0]
2013-11-20 10:57:09,600: DEBUG: GoGo-Total-Output-Voice-Packets: [0]
2013-11-20 10:57:09,600: DEBUG: Acct-Input-Gigawords: [0]
2013-11-20 10:57:09,600: DEBUG: Calling-Station-Id: [u'18:21:31:41:52:74']
2013-11-20 10:57:09,600: DEBUG: NAS-Port-Type: ['Wireless-802.11']
2013-11-20 10:57:09,600: DEBUG: GoGo-Total-Output-Voice-Octets: [0]
2013-11-20 10:57:09,601: DEBUG: GoGo-Private-IP-Address: ['192.168.1.179']
2013-11-20 10:57:09,601: DEBUG: GoGo-Acct-Input-Voice-Gigawords: [0]
2013-11-20 10:57:09,601: DEBUG: GoGo-Total-Input-Packets: [50520]
2013-11-20 10:57:09,601: DEBUG: GoGo-Total-Input-Gigawords: [0]
2013-11-20 10:57:09,601: DEBUG: GoGo-Acct-Input-Voice-Packets: [0]
2013-11-20 10:57:09,601: DEBUG: GoGo-Total-Input-Octets: [8077790]
2013-11-20 10:57:09,601: DEBUG: GoGo-Total-Output-Packets: [22617]
2013-11-20 10:57:09,601: DEBUG: WISPr-Location-ID: [u'airline=BA01,tail=01009,network=']
2013-11-20 10:57:09,601: DEBUG: GoGo-Acct-Output-Voice-Gigawords: [0]
2013-11-20 10:57:09,601: DEBUG: Acct-Input-Octets: [8077790]
2013-11-20 10:57:09,603: DEBUG: 

2013-11-20 10:57:09,603: DEBUG: Received response with following attributes:
2013-11-20 10:57:19,605: DEBUG: 

2013-11-20 10:57:19,606: DEBUG: Creating Accounting Update Request with the following Attributes:
2013-11-20 10:57:19,607: DEBUG: User-Name: [u'AAALoadScriptUser1@airborne.aircell.com']
2013-11-20 10:57:19,608: DEBUG: GoGo-Tail-Number: [u'AAATestNAS_193']
2013-11-20 10:57:19,610: DEBUG: Acct-Output-Octets: [8906305]
2013-11-20 10:57:19,610: DEBUG: NAS-IP-Address: ['10.254.198.1']
2013-11-20 10:57:19,613: DEBUG: GoGo-Total-Output-Gigawords: [0]
2013-11-20 10:57:19,614: DEBUG: Framed-IP-Address: ['10.254.198.27']
2013-11-20 10:57:19,615: DEBUG: GoGo-Total-Input-Voice-Gigawords: [0]
2013-11-20 10:57:19,615: DEBUG: GoGo-Total-Output-Octets: [8906305]
2013-11-20 10:57:19,618: DEBUG: GoGo-Acct-Input-Voice-Octets: [0]
2013-11-20 10:57:19,620: DEBUG: GoGo-Total-Input-Voice-Packets: [0]
2013-11-20 10:57:19,621: DEBUG: Called-Station-Id: [u'00:16:3E:75:4F:56']
2013-11-20 10:57:19,623: DEBUG: WISPr-Location-Name: [u'TEST LLC,BA01_01009']
2013-11-20 10:57:19,623: DEBUG: NAS-Identifier: [u'C08386']
2013-11-20 10:57:19,624: DEBUG: Proxy-State: ['3330,3132']
2013-11-20 10:57:19,625: DEBUG: GoGo-Total-Input-Voice-Octets: [0]
2013-11-20 10:57:19,627: DEBUG: Acct-Status-Type: ['Interim-Update']
2013-11-20 10:57:19,630: DEBUG: GoGo-Total-Output-Voice-Gigawords: [0]
2013-11-20 10:57:19,631: DEBUG: GoGo-Airline: [u'BA01']
2013-11-20 10:57:19,632: DEBUG: Acct-Session-Id: [u'AAATestNAS_193-1384925209554-00163E754F56-1']
2013-11-20 10:57:19,633: DEBUG: Acct-Session-Time: [10]
2013-11-20 10:57:19,634: DEBUG: Acct-Input-Packets: [10555]
2013-11-20 10:57:19,635: DEBUG: Acct-Output-Packets: [87775]
2013-11-20 10:57:19,637: DEBUG: GoGo-Acct-Output-Voice-Packets: [0]
2013-11-20 10:57:19,638: DEBUG: GoGo-Acct-Output-Voice-Octets: [0]
2013-11-20 10:57:19,640: DEBUG: Acct-Output-Gigawords: [0]
2013-11-20 10:57:19,642: DEBUG: GoGo-Total-Output-Voice-Packets: [0]
2013-11-20 10:57:19,643: DEBUG: Acct-Input-Gigawords: [0]
2013-11-20 10:57:19,644: DEBUG: Calling-Station-Id: [u'18:21:31:41:52:74']
2013-11-20 10:57:19,645: DEBUG: NAS-Port-Type: ['Wireless-802.11']
2013-11-20 10:57:19,646: DEBUG: GoGo-Total-Output-Voice-Octets: [0]
2013-11-20 10:57:19,647: DEBUG: GoGo-Private-IP-Address: ['192.168.1.179']
2013-11-20 10:57:19,647: DEBUG: GoGo-Acct-Input-Voice-Gigawords: [0]
2013-11-20 10:57:19,649: DEBUG: GoGo-Total-Input-Packets: [10555]
2013-11-20 10:57:19,650: DEBUG: GoGo-Total-Input-Gigawords: [0]
2013-11-20 10:57:19,651: DEBUG: GoGo-Acct-Input-Voice-Packets: [0]
2013-11-20 10:57:19,652: DEBUG: GoGo-Total-Input-Octets: [1203095]
2013-11-20 10:57:19,654: DEBUG: GoGo-Total-Output-Packets: [87775]
2013-11-20 10:57:19,654: DEBUG: WISPr-Location-ID: [u'airline=BA01,tail=01009,network=']
2013-11-20 10:57:19,655: DEBUG: GoGo-Acct-Output-Voice-Gigawords: [0]
2013-11-20 10:57:19,655: DEBUG: Acct-Input-Octets: [1203095]
2013-11-20 10:57:19,658: DEBUG: 

2013-11-20 10:57:19,659: DEBUG: Received response with following attributes:
2013-11-20 10:57:29,660: DEBUG: 

2013-11-20 10:57:29,661: DEBUG: Creating Accounting Update Request with the following Attributes:
2013-11-20 10:57:29,661: DEBUG: User-Name: [u'AAALoadScriptUser1@airborne.aircell.com']
2013-11-20 10:57:29,662: DEBUG: GoGo-Tail-Number: [u'AAATestNAS_193']
2013-11-20 10:57:29,663: DEBUG: Acct-Output-Octets: [1082636]
2013-11-20 10:57:29,663: DEBUG: NAS-IP-Address: ['10.254.198.1']
2013-11-20 10:57:29,664: DEBUG: GoGo-Total-Output-Gigawords: [0]
2013-11-20 10:57:29,664: DEBUG: Framed-IP-Address: ['10.254.198.27']
2013-11-20 10:57:29,664: DEBUG: GoGo-Total-Input-Voice-Gigawords: [0]
2013-11-20 10:57:29,665: DEBUG: GoGo-Total-Output-Octets: [1082636]
2013-11-20 10:57:29,665: DEBUG: GoGo-Acct-Input-Voice-Octets: [0]
2013-11-20 10:57:29,665: DEBUG: GoGo-Total-Input-Voice-Packets: [0]
2013-11-20 10:57:29,666: DEBUG: Called-Station-Id: [u'00:16:3E:75:4F:56']
2013-11-20 10:57:29,666: DEBUG: WISPr-Location-Name: [u'TEST LLC,BA01_01009']
2013-11-20 10:57:29,667: DEBUG: NAS-Identifier: [u'C08386']
2013-11-20 10:57:29,667: DEBUG: Proxy-State: ['3330,3132']
2013-11-20 10:57:29,667: DEBUG: GoGo-Total-Input-Voice-Octets: [0]
2013-11-20 10:57:29,668: DEBUG: Acct-Status-Type: ['Interim-Update']
2013-11-20 10:57:29,668: DEBUG: GoGo-Total-Output-Voice-Gigawords: [0]
2013-11-20 10:57:29,668: DEBUG: GoGo-Airline: [u'BA01']
2013-11-20 10:57:29,669: DEBUG: Acct-Session-Id: [u'AAATestNAS_193-1384925209554-00163E754F56-1']
2013-11-20 10:57:29,670: DEBUG: Acct-Session-Time: [10]
2013-11-20 10:57:29,671: DEBUG: Acct-Input-Packets: [5151]
2013-11-20 10:57:29,671: DEBUG: Acct-Output-Packets: [8290]
2013-11-20 10:57:29,672: DEBUG: GoGo-Acct-Output-Voice-Packets: [0]
2013-11-20 10:57:29,672: DEBUG: GoGo-Acct-Output-Voice-Octets: [0]
2013-11-20 10:57:29,673: DEBUG: Acct-Output-Gigawords: [0]
2013-11-20 10:57:29,673: DEBUG: GoGo-Total-Output-Voice-Packets: [0]
2013-11-20 10:57:29,673: DEBUG: Acct-Input-Gigawords: [0]
2013-11-20 10:57:29,673: DEBUG: Calling-Station-Id: [u'18:21:31:41:52:74']
2013-11-20 10:57:29,674: DEBUG: NAS-Port-Type: ['Wireless-802.11']
2013-11-20 10:57:29,675: DEBUG: GoGo-Total-Output-Voice-Octets: [0]
2013-11-20 10:57:29,675: DEBUG: GoGo-Private-IP-Address: ['192.168.1.179']
2013-11-20 10:57:29,676: DEBUG: GoGo-Acct-Input-Voice-Gigawords: [0]
2013-11-20 10:57:29,676: DEBUG: GoGo-Total-Input-Packets: [5151]
2013-11-20 10:57:29,677: DEBUG: GoGo-Total-Input-Gigawords: [0]
2013-11-20 10:57:29,677: DEBUG: GoGo-Acct-Input-Voice-Packets: [0]
2013-11-20 10:57:29,677: DEBUG: GoGo-Total-Input-Octets: [1628189]
2013-11-20 10:57:29,678: DEBUG: GoGo-Total-Output-Packets: [8290]
2013-11-20 10:57:29,679: DEBUG: WISPr-Location-ID: [u'airline=BA01,tail=01009,network=']
2013-11-20 10:57:29,679: DEBUG: GoGo-Acct-Output-Voice-Gigawords: [0]
2013-11-20 10:57:29,680: DEBUG: Acct-Input-Octets: [1628189]
2013-11-20 10:57:29,682: DEBUG: 

2013-11-20 10:57:29,682: DEBUG: Received response with following attributes:
2013-11-20 10:57:39,683: DEBUG: 

2013-11-20 10:57:39,684: DEBUG: Creating Accounting Update Request with the following Attributes:
2013-11-20 10:57:39,684: DEBUG: User-Name: [u'AAALoadScriptUser1@airborne.aircell.com']
2013-11-20 10:57:39,685: DEBUG: GoGo-Tail-Number: [u'AAATestNAS_193']
2013-11-20 10:57:39,685: DEBUG: Acct-Output-Octets: [2640021]
2013-11-20 10:57:39,685: DEBUG: NAS-IP-Address: ['10.254.198.1']
2013-11-20 10:57:39,686: DEBUG: GoGo-Total-Output-Gigawords: [0]
2013-11-20 10:57:39,686: DEBUG: Framed-IP-Address: ['10.254.198.27']
2013-11-20 10:57:39,686: DEBUG: GoGo-Total-Input-Voice-Gigawords: [0]
2013-11-20 10:57:39,687: DEBUG: GoGo-Total-Output-Octets: [2640021]
2013-11-20 10:57:39,687: DEBUG: GoGo-Acct-Input-Voice-Octets: [0]
2013-11-20 10:57:39,687: DEBUG: GoGo-Total-Input-Voice-Packets: [0]
2013-11-20 10:57:39,687: DEBUG: Called-Station-Id: [u'00:16:3E:75:4F:56']
2013-11-20 10:57:39,688: DEBUG: WISPr-Location-Name: [u'TEST LLC,BA01_01009']
2013-11-20 10:57:39,688: DEBUG: NAS-Identifier: [u'C08386']
2013-11-20 10:57:39,688: DEBUG: Proxy-State: ['3330,3132']
2013-11-20 10:57:39,688: DEBUG: GoGo-Total-Input-Voice-Octets: [0]
2013-11-20 10:57:39,689: DEBUG: Acct-Status-Type: ['Interim-Update']
2013-11-20 10:57:39,689: DEBUG: GoGo-Total-Output-Voice-Gigawords: [0]
2013-11-20 10:57:39,689: DEBUG: GoGo-Airline: [u'BA01']
2013-11-20 10:57:39,690: DEBUG: Acct-Session-Id: [u'AAATestNAS_193-1384925209554-00163E754F56-1']
2013-11-20 10:57:39,691: DEBUG: Acct-Session-Time: [10]
2013-11-20 10:57:39,691: DEBUG: Acct-Input-Packets: [19635]
2013-11-20 10:57:39,692: DEBUG: Acct-Output-Packets: [8501]
2013-11-20 10:57:39,692: DEBUG: GoGo-Acct-Output-Voice-Packets: [0]
2013-11-20 10:57:39,693: DEBUG: GoGo-Acct-Output-Voice-Octets: [0]
2013-11-20 10:57:39,693: DEBUG: Acct-Output-Gigawords: [0]
2013-11-20 10:57:39,694: DEBUG: GoGo-Total-Output-Voice-Packets: [0]
2013-11-20 10:57:39,695: DEBUG: Acct-Input-Gigawords: [0]
2013-11-20 10:57:39,696: DEBUG: Calling-Station-Id: [u'18:21:31:41:52:74']
2013-11-20 10:57:39,696: DEBUG: NAS-Port-Type: ['Wireless-802.11']
2013-11-20 10:57:39,697: DEBUG: GoGo-Total-Output-Voice-Octets: [0]
2013-11-20 10:57:39,698: DEBUG: GoGo-Private-IP-Address: ['192.168.1.179']
2013-11-20 10:57:39,699: DEBUG: GoGo-Acct-Input-Voice-Gigawords: [0]
2013-11-20 10:57:39,700: DEBUG: GoGo-Total-Input-Packets: [19635]
2013-11-20 10:57:39,700: DEBUG: GoGo-Total-Input-Gigawords: [0]
2013-11-20 10:57:39,700: DEBUG: GoGo-Acct-Input-Voice-Packets: [0]
2013-11-20 10:57:39,700: DEBUG: GoGo-Total-Input-Octets: [3061691]
2013-11-20 10:57:39,701: DEBUG: GoGo-Total-Output-Packets: [8501]
2013-11-20 10:57:39,701: DEBUG: WISPr-Location-ID: [u'airline=BA01,tail=01009,network=']
2013-11-20 10:57:39,701: DEBUG: GoGo-Acct-Output-Voice-Gigawords: [0]
2013-11-20 10:57:39,702: DEBUG: Acct-Input-Octets: [3061691]
2013-11-20 10:57:39,703: ERROR: Network error, Reason: 'Network error: Too many open files'
2013-11-20 10:58:00,704: DEBUG: 

2013-11-20 10:58:00,705: DEBUG: Creating Accounting Stop Request with the following Attributes:
2013-11-20 10:58:00,706: DEBUG: User-Name: [u'AAALoadScriptUser1@airborne.aircell.com']
2013-11-20 10:58:00,707: DEBUG: GoGo-Tail-Number: [u'01009']
2013-11-20 10:58:00,708: DEBUG: Acct-Output-Octets: [6615564]
2013-11-20 10:58:00,708: DEBUG: NAS-IP-Address: ['10.254.198.1']
2013-11-20 10:58:00,709: DEBUG: GoGo-Total-Output-Gigawords: [0]
2013-11-20 10:58:00,709: DEBUG: Framed-IP-Address: ['10.254.198.27']
2013-11-20 10:58:00,710: DEBUG: GoGo-Total-Input-Voice-Gigawords: [0]
2013-11-20 10:58:00,711: DEBUG: GoGo-Total-Output-Octets: [6615564]
2013-11-20 10:58:00,712: DEBUG: GoGo-Acct-Input-Voice-Octets: [0]
2013-11-20 10:58:00,712: DEBUG: GoGo-Total-Input-Voice-Packets: [0]
2013-11-20 10:58:00,713: DEBUG: Called-Station-Id: [u'00:16:3E:75:4F:56']
2013-11-20 10:58:00,713: DEBUG: WISPr-Location-Name: [u'TEST LLC,BA01_01009']
2013-11-20 10:58:00,714: DEBUG: NAS-Identifier: [u'C08386']
2013-11-20 10:58:00,714: DEBUG: Proxy-State: ['3330,3132']
2013-11-20 10:58:00,714: DEBUG: GoGo-Total-Input-Voice-Octets: [0]
2013-11-20 10:58:00,715: DEBUG: Acct-Status-Type: ['Stop']
2013-11-20 10:58:00,715: DEBUG: GoGo-Total-Output-Voice-Gigawords: [0]
2013-11-20 10:58:00,716: DEBUG: GoGo-Airline: [u'BA01']
2013-11-20 10:58:00,716: DEBUG: Acct-Session-Id: [u'AAATestNAS_193-1384925209554-00163E754F56-1']
2013-11-20 10:58:00,716: DEBUG: Acct-Session-Time: [21]
2013-11-20 10:58:00,717: DEBUG: Acct-Input-Packets: [14272]
2013-11-20 10:58:00,717: DEBUG: Acct-Output-Packets: [55249]
2013-11-20 10:58:00,718: DEBUG: Acct-Terminate-Cause: ['User-Request']
2013-11-20 10:58:00,718: DEBUG: GoGo-Acct-Output-Voice-Octets: [0]
2013-11-20 10:58:00,718: DEBUG: Acct-Output-Gigawords: [0]
2013-11-20 10:58:00,718: DEBUG: GoGo-Total-Output-Voice-Packets: [0]
2013-11-20 10:58:00,719: DEBUG: Acct-Input-Gigawords: [0]
2013-11-20 10:58:00,719: DEBUG: Calling-Station-Id: [u'18:21:31:41:52:74']
2013-11-20 10:58:00,719: DEBUG: NAS-Port-Type: ['Wireless-802.11']
2013-11-20 10:58:00,720: DEBUG: GoGo-Total-Output-Voice-Octets: [0]
2013-11-20 10:58:00,720: DEBUG: GoGo-Private-IP-Address: ['192.168.1.179']
2013-11-20 10:58:00,720: DEBUG: GoGo-Acct-Input-Voice-Gigawords: [0]
2013-11-20 10:58:00,721: DEBUG: GoGo-Total-Input-Packets: [14272]
2013-11-20 10:58:00,721: DEBUG: GoGo-Total-Input-Gigawords: [0]
2013-11-20 10:58:00,722: DEBUG: GoGo-Acct-Input-Voice-Packets: [0]
2013-11-20 10:58:00,722: DEBUG: GoGo-Total-Input-Octets: [3241469]
2013-11-20 10:58:00,722: DEBUG: GoGo-Total-Output-Packets: [55249]
2013-11-20 10:58:00,722: DEBUG: WISPr-Location-ID: [u'airline=BA01,tail=01009,network=']
2013-11-20 10:58:00,723: DEBUG: GoGo-Acct-Output-Voice-Packets: [0]
2013-11-20 10:58:00,723: DEBUG: GoGo-Acct-Output-Voice-Gigawords: [0]
2013-11-20 10:58:00,723: DEBUG: Acct-Input-Octets: [3241469]
2013-11-20 10:58:00,724: ERROR: Network error, Reason: 'Network error: Too many open files'
2013-11-20 10:58:00,725: ERROR: Ending the test for this user
2013-11-20 10:58:00,725: DEBUG: Ending the test for this user
