2013-11-20 10:56:10,433: DEBUG: Starting the client for the user AAALoadScriptUser5@airborne.aircell.com to the server localhost

2013-11-20 10:56:10,433: DEBUG: DURATION of the TEST: 39
2013-11-20 10:56:10,433: DEBUG: NAS-IP: 10.254.63.1
2013-11-20 10:56:10,433: DEBUG: NAS-MAC-ADDR: 17:21:31:41:52:28
2013-11-20 10:56:10,434: DEBUG: Abruptly End: True
2013-11-20 10:56:10,434: DEBUG: Framed-IP: 10.254.63.38
2013-11-20 10:56:10,434: DEBUG: User-MAC-Addr: 00:16:3E:04:D6:DE
2013-11-20 10:56:10,435: DEBUG: 

2013-11-20 10:56:10,435: DEBUG: Creating Authentication Request with the following Attributes:
2013-11-20 10:56:10,435: DEBUG: NAS-Identifier: [u'C08386']
2013-11-20 10:56:10,436: DEBUG: User-Name: [u'AAALoadScriptUser5@airborne.aircell.com']
2013-11-20 10:56:10,436: DEBUG: NAS-IP-Address: ['10.254.63.1']
2013-11-20 10:56:10,436: DEBUG: Service-Type: ['Authenticate-Only']
2013-11-20 10:56:10,437: DEBUG: Proxy-State: ['3237,3134']
2013-11-20 10:56:10,437: DEBUG: Framed-IP-Address: ['10.254.63.38']
2013-11-20 10:56:10,437: DEBUG: GoGo-Airline: [u'BA01']
2013-11-20 10:56:10,437: DEBUG: Acct-Session-Id: [u'AAATestNAS_58-1384925170435-00163E04D6DE-2']
2013-11-20 10:56:10,438: DEBUG: GoGo-Tail-Number: [u'AAATestNAS_58']
2013-11-20 10:56:10,438: DEBUG: GoGo-Private-IP-Address: ['192.168.1.179']
2013-11-20 10:56:10,438: DEBUG: WISPr-Location-ID: [u'airline=BA01,tail=01009,network=']
2013-11-20 10:56:10,438: DEBUG: WISPr-Location-Name: [u'TEST LLC,BA01_01009']
2013-11-20 10:56:10,439: DEBUG: NAS-Port-Type: ['Wireless-802.11']
2013-11-20 10:56:10,439: DEBUG: Called-Station-Id: [u'00:16:3E:04:D6:DE']
2013-11-20 10:56:10,439: DEBUG: Calling-Station-Id: [u'17:21:31:41:52:28']
2013-11-20 10:56:10,440: DEBUG: 

2013-11-20 10:56:10,440: DEBUG: Received response with code: 2, Accepted
2013-11-20 10:56:10,441: DEBUG: Creating Authentication Request with the following Attributes:
2013-11-20 10:56:10,441: DEBUG: NAS-Identifier: [u'C08386']
2013-11-20 10:56:10,441: DEBUG: User-Name: [u'AAALoadScriptUser5@airborne.aircell.com']
2013-11-20 10:56:10,442: DEBUG: NAS-IP-Address: ['10.254.63.1']
2013-11-20 10:56:10,442: DEBUG: Service-Type: ['Login-User']
2013-11-20 10:56:10,442: DEBUG: Proxy-State: ['3237,3134']
2013-11-20 10:56:10,442: DEBUG: Framed-IP-Address: ['10.254.63.38']
2013-11-20 10:56:10,442: DEBUG: GoGo-Airline: [u'BA01']
2013-11-20 10:56:10,442: DEBUG: Acct-Session-Id: [u'AAATestNAS_58-1384925170441-00163E04D6DE-2']
2013-11-20 10:56:10,442: DEBUG: GoGo-Tail-Number: [u'AAATestNAS_58']
2013-11-20 10:56:10,442: DEBUG: GoGo-Private-IP-Address: ['192.168.1.179']
2013-11-20 10:56:10,442: DEBUG: WISPr-Location-ID: [u'airline=BA01,tail=01009,network=']
2013-11-20 10:56:10,443: DEBUG: WISPr-Location-Name: [u'TEST LLC,BA01_01009']
2013-11-20 10:56:10,443: DEBUG: NAS-Port-Type: ['Wireless-802.11']
2013-11-20 10:56:10,443: DEBUG: Called-Station-Id: [u'00:16:3E:04:D6:DE']
2013-11-20 10:56:10,443: DEBUG: Calling-Station-Id: [u'17:21:31:41:52:28']
2013-11-20 10:56:10,444: DEBUG: 

2013-11-20 10:56:10,444: DEBUG: Received response with code: 2, Accepted
2013-11-20 10:56:10,444: DEBUG: 

2013-11-20 10:56:10,444: DEBUG: Creating Accounting start Request with the following Attributes:
2013-11-20 10:56:10,444: DEBUG: NAS-Identifier: [u'C08386']
2013-11-20 10:56:10,445: DEBUG: User-Name: [u'AAALoadScriptUser5@airborne.aircell.com']
2013-11-20 10:56:10,445: DEBUG: GoGo-Tail-Number: [u'AAATestNAS_58']
2013-11-20 10:56:10,445: DEBUG: NAS-IP-Address: ['10.254.63.1']
2013-11-20 10:56:10,445: DEBUG: Proxy-State: ['3239,3131']
2013-11-20 10:56:10,445: DEBUG: Acct-Status-Type: ['Start']
2013-11-20 10:56:10,445: DEBUG: GoGo-Airline: [u'BA01']
2013-11-20 10:56:10,445: DEBUG: Acct-Session-Id: [u'AAATestNAS_58-1384925170441-00163E04D6DE-2']
2013-11-20 10:56:10,445: DEBUG: GoGo-Private-IP-Address: ['192.168.1.179']
2013-11-20 10:56:10,445: DEBUG: Framed-IP-Address: ['10.254.63.38']
2013-11-20 10:56:10,446: DEBUG: WISPr-Location-ID: [u'airline=BA01,tail=01009,network=']
2013-11-20 10:56:10,446: DEBUG: WISPr-Location-Name: [u'TEST LLC,BA01_01009']
2013-11-20 10:56:10,446: DEBUG: NAS-Port-Type: ['Wireless-802.11']
2013-11-20 10:56:10,446: DEBUG: Called-Station-Id: [u'00:16:3E:04:D6:DE']
2013-11-20 10:56:10,446: DEBUG: Calling-Station-Id: [u'17:21:31:41:52:28']
2013-11-20 10:56:10,447: DEBUG: 

2013-11-20 10:56:10,447: DEBUG: Received response with following attributes:
2013-11-20 10:56:20,447: DEBUG: 

2013-11-20 10:56:20,449: DEBUG: Creating Accounting Update Request with the following Attributes:
2013-11-20 10:56:20,449: DEBUG: User-Name: [u'AAALoadScriptUser5@airborne.aircell.com']
2013-11-20 10:56:20,450: DEBUG: GoGo-Tail-Number: [u'AAATestNAS_58']
2013-11-20 10:56:20,450: DEBUG: Acct-Output-Octets: [6989546]
2013-11-20 10:56:20,450: DEBUG: NAS-IP-Address: ['10.254.63.1']
2013-11-20 10:56:20,451: DEBUG: GoGo-Total-Output-Gigawords: [0]
2013-11-20 10:56:20,451: DEBUG: Framed-IP-Address: ['10.254.63.38']
2013-11-20 10:56:20,452: DEBUG: GoGo-Total-Input-Voice-Gigawords: [0]
2013-11-20 10:56:20,452: DEBUG: GoGo-Total-Output-Octets: [6989546]
2013-11-20 10:56:20,453: DEBUG: GoGo-Acct-Input-Voice-Octets: [0]
2013-11-20 10:56:20,453: DEBUG: GoGo-Total-Input-Voice-Packets: [0]
2013-11-20 10:56:20,454: DEBUG: Called-Station-Id: [u'00:16:3E:04:D6:DE']
2013-11-20 10:56:20,454: DEBUG: WISPr-Location-Name: [u'TEST LLC,BA01_01009']
2013-11-20 10:56:20,455: DEBUG: NAS-Identifier: [u'C08386']
2013-11-20 10:56:20,455: DEBUG: Proxy-State: ['3330,3132']
2013-11-20 10:56:20,455: DEBUG: GoGo-Total-Input-Voice-Octets: [0]
2013-11-20 10:56:20,456: DEBUG: Acct-Status-Type: ['Interim-Update']
2013-11-20 10:56:20,456: DEBUG: GoGo-Total-Output-Voice-Gigawords: [0]
2013-11-20 10:56:20,457: DEBUG: GoGo-Airline: [u'BA01']
2013-11-20 10:56:20,457: DEBUG: Acct-Session-Id: [u'AAATestNAS_58-1384925170441-00163E04D6DE-2']
2013-11-20 10:56:20,457: DEBUG: Acct-Session-Time: [10]
2013-11-20 10:56:20,458: DEBUG: Acct-Input-Packets: [16390]
2013-11-20 10:56:20,458: DEBUG: Acct-Output-Packets: [33172]
2013-11-20 10:56:20,458: DEBUG: GoGo-Acct-Output-Voice-Packets: [0]
2013-11-20 10:56:20,458: DEBUG: GoGo-Acct-Output-Voice-Octets: [0]
2013-11-20 10:56:20,458: DEBUG: Acct-Output-Gigawords: [0]
2013-11-20 10:56:20,458: DEBUG: GoGo-Total-Output-Voice-Packets: [0]
2013-11-20 10:56:20,458: DEBUG: Acct-Input-Gigawords: [0]
2013-11-20 10:56:20,458: DEBUG: Calling-Station-Id: [u'17:21:31:41:52:28']
2013-11-20 10:56:20,458: DEBUG: NAS-Port-Type: ['Wireless-802.11']
2013-11-20 10:56:20,459: DEBUG: GoGo-Total-Output-Voice-Octets: [0]
2013-11-20 10:56:20,459: DEBUG: GoGo-Private-IP-Address: ['192.168.1.179']
2013-11-20 10:56:20,459: DEBUG: GoGo-Acct-Input-Voice-Gigawords: [0]
2013-11-20 10:56:20,459: DEBUG: GoGo-Total-Input-Packets: [16390]
2013-11-20 10:56:20,459: DEBUG: GoGo-Total-Input-Gigawords: [0]
2013-11-20 10:56:20,460: DEBUG: GoGo-Acct-Input-Voice-Packets: [0]
2013-11-20 10:56:20,460: DEBUG: GoGo-Total-Input-Octets: [3737647]
2013-11-20 10:56:20,460: DEBUG: GoGo-Total-Output-Packets: [33172]
2013-11-20 10:56:20,460: DEBUG: WISPr-Location-ID: [u'airline=BA01,tail=01009,network=']
2013-11-20 10:56:20,460: DEBUG: GoGo-Acct-Output-Voice-Gigawords: [0]
2013-11-20 10:56:20,460: DEBUG: Acct-Input-Octets: [3737647]
2013-11-20 10:56:20,461: DEBUG: 

2013-11-20 10:56:20,461: DEBUG: Received response with following attributes:
2013-11-20 10:56:20,462: DEBUG: User has abruptly end flag so ending the test with out AcctStop
2013-11-20 10:56:20,462: DEBUG: Ending the test for this user
2013-11-20 10:56:21,436: DEBUG: Starting the client for the user AAALoadScriptUser5@airborne.aircell.com to the server localhost

2013-11-20 10:56:21,436: DEBUG: Starting the client for the user AAALoadScriptUser5@airborne.aircell.com to the server localhost

2013-11-20 10:56:21,436: DEBUG: DURATION of the TEST: 27
2013-11-20 10:56:21,436: DEBUG: DURATION of the TEST: 27
2013-11-20 10:56:21,436: DEBUG: NAS-IP: 10.254.161.1
2013-11-20 10:56:21,436: DEBUG: NAS-IP: 10.254.161.1
2013-11-20 10:56:21,436: DEBUG: NAS-MAC-ADDR: 18:21:31:41:52:37
2013-11-20 10:56:21,436: DEBUG: NAS-MAC-ADDR: 18:21:31:41:52:37
2013-11-20 10:56:21,436: DEBUG: Abruptly End: False
2013-11-20 10:56:21,436: DEBUG: Abruptly End: False
2013-11-20 10:56:21,436: DEBUG: Framed-IP: 10.254.161.98
2013-11-20 10:56:21,436: DEBUG: Framed-IP: 10.254.161.98
2013-11-20 10:56:21,437: DEBUG: User-MAC-Addr: 00:16:3E:05:8F:D4
2013-11-20 10:56:21,437: DEBUG: User-MAC-Addr: 00:16:3E:05:8F:D4
2013-11-20 10:56:21,437: DEBUG: 

2013-11-20 10:56:21,437: DEBUG: 

2013-11-20 10:56:21,437: DEBUG: Creating Authentication Request with the following Attributes:
2013-11-20 10:56:21,437: DEBUG: Creating Authentication Request with the following Attributes:
2013-11-20 10:56:21,437: DEBUG: NAS-Identifier: [u'C08386']
2013-11-20 10:56:21,437: DEBUG: NAS-Identifier: [u'C08386']
2013-11-20 10:56:21,438: DEBUG: User-Name: [u'AAALoadScriptUser5@airborne.aircell.com']
2013-11-20 10:56:21,438: DEBUG: User-Name: [u'AAALoadScriptUser5@airborne.aircell.com']
2013-11-20 10:56:21,438: DEBUG: NAS-IP-Address: ['10.254.161.1']
2013-11-20 10:56:21,438: DEBUG: NAS-IP-Address: ['10.254.161.1']
2013-11-20 10:56:21,438: DEBUG: Service-Type: ['Authenticate-Only']
2013-11-20 10:56:21,438: DEBUG: Service-Type: ['Authenticate-Only']
2013-11-20 10:56:21,438: DEBUG: Proxy-State: ['3237,3134']
2013-11-20 10:56:21,438: DEBUG: Proxy-State: ['3237,3134']
2013-11-20 10:56:21,438: DEBUG: Framed-IP-Address: ['10.254.161.98']
2013-11-20 10:56:21,438: DEBUG: Framed-IP-Address: ['10.254.161.98']
2013-11-20 10:56:21,438: DEBUG: GoGo-Airline: [u'BA01']
2013-11-20 10:56:21,438: DEBUG: GoGo-Airline: [u'BA01']
2013-11-20 10:56:21,438: DEBUG: Acct-Session-Id: [u'AAATestNAS_156-1384925181437-00163E058FD4-1']
2013-11-20 10:56:21,438: DEBUG: Acct-Session-Id: [u'AAATestNAS_156-1384925181437-00163E058FD4-1']
2013-11-20 10:56:21,439: DEBUG: GoGo-Tail-Number: [u'AAATestNAS_156']
2013-11-20 10:56:21,439: DEBUG: GoGo-Tail-Number: [u'AAATestNAS_156']
2013-11-20 10:56:21,439: DEBUG: GoGo-Private-IP-Address: ['192.168.1.179']
2013-11-20 10:56:21,439: DEBUG: GoGo-Private-IP-Address: ['192.168.1.179']
2013-11-20 10:56:21,439: DEBUG: WISPr-Location-ID: [u'airline=BA01,tail=01009,network=']
2013-11-20 10:56:21,439: DEBUG: WISPr-Location-ID: [u'airline=BA01,tail=01009,network=']
2013-11-20 10:56:21,439: DEBUG: WISPr-Location-Name: [u'TEST LLC,BA01_01009']
2013-11-20 10:56:21,439: DEBUG: WISPr-Location-Name: [u'TEST LLC,BA01_01009']
2013-11-20 10:56:21,439: DEBUG: NAS-Port-Type: ['Wireless-802.11']
2013-11-20 10:56:21,439: DEBUG: NAS-Port-Type: ['Wireless-802.11']
2013-11-20 10:56:21,439: DEBUG: Called-Station-Id: [u'00:16:3E:05:8F:D4']
2013-11-20 10:56:21,439: DEBUG: Called-Station-Id: [u'00:16:3E:05:8F:D4']
2013-11-20 10:56:21,439: DEBUG: Calling-Station-Id: [u'18:21:31:41:52:37']
2013-11-20 10:56:21,439: DEBUG: Calling-Station-Id: [u'18:21:31:41:52:37']
2013-11-20 10:56:21,440: DEBUG: 

2013-11-20 10:56:21,440: DEBUG: 

2013-11-20 10:56:21,441: DEBUG: Received response with code: 2, Accepted
2013-11-20 10:56:21,441: DEBUG: Received response with code: 2, Accepted
2013-11-20 10:56:21,441: DEBUG: Creating Authentication Request with the following Attributes:
2013-11-20 10:56:21,441: DEBUG: Creating Authentication Request with the following Attributes:
2013-11-20 10:56:21,441: DEBUG: NAS-Identifier: [u'C08386']
2013-11-20 10:56:21,441: DEBUG: NAS-Identifier: [u'C08386']
2013-11-20 10:56:21,441: DEBUG: User-Name: [u'AAALoadScriptUser5@airborne.aircell.com']
2013-11-20 10:56:21,441: DEBUG: User-Name: [u'AAALoadScriptUser5@airborne.aircell.com']
2013-11-20 10:56:21,442: DEBUG: NAS-IP-Address: ['10.254.161.1']
2013-11-20 10:56:21,442: DEBUG: NAS-IP-Address: ['10.254.161.1']
2013-11-20 10:56:21,442: DEBUG: Service-Type: ['Login-User']
2013-11-20 10:56:21,442: DEBUG: Service-Type: ['Login-User']
2013-11-20 10:56:21,443: DEBUG: Proxy-State: ['3237,3134']
2013-11-20 10:56:21,443: DEBUG: Proxy-State: ['3237,3134']
2013-11-20 10:56:21,443: DEBUG: Framed-IP-Address: ['10.254.161.98']
2013-11-20 10:56:21,443: DEBUG: Framed-IP-Address: ['10.254.161.98']
2013-11-20 10:56:21,444: DEBUG: GoGo-Airline: [u'BA01']
2013-11-20 10:56:21,444: DEBUG: GoGo-Airline: [u'BA01']
2013-11-20 10:56:21,444: DEBUG: Acct-Session-Id: [u'AAATestNAS_156-1384925181441-00163E058FD4-1']
2013-11-20 10:56:21,444: DEBUG: Acct-Session-Id: [u'AAATestNAS_156-1384925181441-00163E058FD4-1']
2013-11-20 10:56:21,444: DEBUG: GoGo-Tail-Number: [u'AAATestNAS_156']
2013-11-20 10:56:21,444: DEBUG: GoGo-Tail-Number: [u'AAATestNAS_156']
2013-11-20 10:56:21,445: DEBUG: GoGo-Private-IP-Address: ['192.168.1.179']
2013-11-20 10:56:21,445: DEBUG: GoGo-Private-IP-Address: ['192.168.1.179']
2013-11-20 10:56:21,445: DEBUG: WISPr-Location-ID: [u'airline=BA01,tail=01009,network=']
2013-11-20 10:56:21,445: DEBUG: WISPr-Location-ID: [u'airline=BA01,tail=01009,network=']
2013-11-20 10:56:21,445: DEBUG: WISPr-Location-Name: [u'TEST LLC,BA01_01009']
2013-11-20 10:56:21,445: DEBUG: WISPr-Location-Name: [u'TEST LLC,BA01_01009']
2013-11-20 10:56:21,446: DEBUG: NAS-Port-Type: ['Wireless-802.11']
2013-11-20 10:56:21,446: DEBUG: NAS-Port-Type: ['Wireless-802.11']
2013-11-20 10:56:21,447: DEBUG: Called-Station-Id: [u'00:16:3E:05:8F:D4']
2013-11-20 10:56:21,447: DEBUG: Called-Station-Id: [u'00:16:3E:05:8F:D4']
2013-11-20 10:56:21,448: DEBUG: Calling-Station-Id: [u'18:21:31:41:52:37']
2013-11-20 10:56:21,448: DEBUG: Calling-Station-Id: [u'18:21:31:41:52:37']
2013-11-20 10:56:21,449: DEBUG: 

2013-11-20 10:56:21,449: DEBUG: 

2013-11-20 10:56:21,450: DEBUG: Received response with code: 2, Accepted
2013-11-20 10:56:21,450: DEBUG: Received response with code: 2, Accepted
2013-11-20 10:56:21,451: DEBUG: 

2013-11-20 10:56:21,451: DEBUG: 

2013-11-20 10:56:21,451: DEBUG: Creating Accounting start Request with the following Attributes:
2013-11-20 10:56:21,451: DEBUG: Creating Accounting start Request with the following Attributes:
2013-11-20 10:56:21,453: DEBUG: NAS-Identifier: [u'C08386']
2013-11-20 10:56:21,453: DEBUG: NAS-Identifier: [u'C08386']
2013-11-20 10:56:21,453: DEBUG: User-Name: [u'AAALoadScriptUser5@airborne.aircell.com']
2013-11-20 10:56:21,453: DEBUG: User-Name: [u'AAALoadScriptUser5@airborne.aircell.com']
2013-11-20 10:56:21,454: DEBUG: GoGo-Tail-Number: [u'AAATestNAS_156']
2013-11-20 10:56:21,454: DEBUG: GoGo-Tail-Number: [u'AAATestNAS_156']
2013-11-20 10:56:21,454: DEBUG: NAS-IP-Address: ['10.254.161.1']
2013-11-20 10:56:21,454: DEBUG: NAS-IP-Address: ['10.254.161.1']
2013-11-20 10:56:21,455: DEBUG: Proxy-State: ['3239,3131']
2013-11-20 10:56:21,455: DEBUG: Proxy-State: ['3239,3131']
2013-11-20 10:56:21,455: DEBUG: Acct-Status-Type: ['Start']
2013-11-20 10:56:21,455: DEBUG: Acct-Status-Type: ['Start']
2013-11-20 10:56:21,456: DEBUG: GoGo-Airline: [u'BA01']
2013-11-20 10:56:21,456: DEBUG: GoGo-Airline: [u'BA01']
2013-11-20 10:56:21,456: DEBUG: Acct-Session-Id: [u'AAATestNAS_156-1384925181441-00163E058FD4-1']
2013-11-20 10:56:21,456: DEBUG: Acct-Session-Id: [u'AAATestNAS_156-1384925181441-00163E058FD4-1']
2013-11-20 10:56:21,457: DEBUG: GoGo-Private-IP-Address: ['192.168.1.179']
2013-11-20 10:56:21,457: DEBUG: GoGo-Private-IP-Address: ['192.168.1.179']
2013-11-20 10:56:21,458: DEBUG: Framed-IP-Address: ['10.254.161.98']
2013-11-20 10:56:21,458: DEBUG: Framed-IP-Address: ['10.254.161.98']
2013-11-20 10:56:21,461: DEBUG: WISPr-Location-ID: [u'airline=BA01,tail=01009,network=']
2013-11-20 10:56:21,461: DEBUG: WISPr-Location-ID: [u'airline=BA01,tail=01009,network=']
2013-11-20 10:56:21,461: DEBUG: WISPr-Location-Name: [u'TEST LLC,BA01_01009']
2013-11-20 10:56:21,461: DEBUG: WISPr-Location-Name: [u'TEST LLC,BA01_01009']
2013-11-20 10:56:21,462: DEBUG: NAS-Port-Type: ['Wireless-802.11']
2013-11-20 10:56:21,462: DEBUG: NAS-Port-Type: ['Wireless-802.11']
2013-11-20 10:56:21,464: DEBUG: Called-Station-Id: [u'00:16:3E:05:8F:D4']
2013-11-20 10:56:21,464: DEBUG: Called-Station-Id: [u'00:16:3E:05:8F:D4']
2013-11-20 10:56:21,464: DEBUG: Calling-Station-Id: [u'18:21:31:41:52:37']
2013-11-20 10:56:21,464: DEBUG: Calling-Station-Id: [u'18:21:31:41:52:37']
2013-11-20 10:56:21,466: DEBUG: 

2013-11-20 10:56:21,466: DEBUG: 

2013-11-20 10:56:21,467: DEBUG: Received response with following attributes:
2013-11-20 10:56:21,467: DEBUG: Received response with following attributes:
2013-11-20 10:56:31,467: DEBUG: 

2013-11-20 10:56:31,467: DEBUG: 

2013-11-20 10:56:31,468: DEBUG: Creating Accounting Update Request with the following Attributes:
2013-11-20 10:56:31,468: DEBUG: Creating Accounting Update Request with the following Attributes:
2013-11-20 10:56:31,469: DEBUG: User-Name: [u'AAALoadScriptUser5@airborne.aircell.com']
2013-11-20 10:56:31,469: DEBUG: User-Name: [u'AAALoadScriptUser5@airborne.aircell.com']
2013-11-20 10:56:31,469: DEBUG: GoGo-Tail-Number: [u'AAATestNAS_156']
2013-11-20 10:56:31,469: DEBUG: GoGo-Tail-Number: [u'AAATestNAS_156']
2013-11-20 10:56:31,470: DEBUG: Acct-Output-Octets: [8474170]
2013-11-20 10:56:31,470: DEBUG: Acct-Output-Octets: [8474170]
2013-11-20 10:56:31,470: DEBUG: NAS-IP-Address: ['10.254.161.1']
2013-11-20 10:56:31,470: DEBUG: NAS-IP-Address: ['10.254.161.1']
2013-11-20 10:56:31,471: DEBUG: GoGo-Total-Output-Gigawords: [0]
2013-11-20 10:56:31,471: DEBUG: GoGo-Total-Output-Gigawords: [0]
2013-11-20 10:56:31,471: DEBUG: Framed-IP-Address: ['10.254.161.98']
2013-11-20 10:56:31,471: DEBUG: Framed-IP-Address: ['10.254.161.98']
2013-11-20 10:56:31,471: DEBUG: GoGo-Total-Input-Voice-Gigawords: [0]
2013-11-20 10:56:31,471: DEBUG: GoGo-Total-Input-Voice-Gigawords: [0]
2013-11-20 10:56:31,472: DEBUG: GoGo-Total-Output-Octets: [8474170]
2013-11-20 10:56:31,472: DEBUG: GoGo-Total-Output-Octets: [8474170]
2013-11-20 10:56:31,474: DEBUG: GoGo-Acct-Input-Voice-Octets: [0]
2013-11-20 10:56:31,474: DEBUG: GoGo-Acct-Input-Voice-Octets: [0]
2013-11-20 10:56:31,475: DEBUG: GoGo-Total-Input-Voice-Packets: [0]
2013-11-20 10:56:31,475: DEBUG: GoGo-Total-Input-Voice-Packets: [0]
2013-11-20 10:56:31,476: DEBUG: Called-Station-Id: [u'00:16:3E:05:8F:D4']
2013-11-20 10:56:31,476: DEBUG: Called-Station-Id: [u'00:16:3E:05:8F:D4']
2013-11-20 10:56:31,477: DEBUG: WISPr-Location-Name: [u'TEST LLC,BA01_01009']
2013-11-20 10:56:31,477: DEBUG: WISPr-Location-Name: [u'TEST LLC,BA01_01009']
2013-11-20 10:56:31,479: DEBUG: NAS-Identifier: [u'C08386']
2013-11-20 10:56:31,479: DEBUG: NAS-Identifier: [u'C08386']
2013-11-20 10:56:31,480: DEBUG: Proxy-State: ['3330,3132']
2013-11-20 10:56:31,480: DEBUG: Proxy-State: ['3330,3132']
2013-11-20 10:56:31,481: DEBUG: GoGo-Total-Input-Voice-Octets: [0]
2013-11-20 10:56:31,481: DEBUG: GoGo-Total-Input-Voice-Octets: [0]
2013-11-20 10:56:31,482: DEBUG: Acct-Status-Type: ['Interim-Update']
2013-11-20 10:56:31,482: DEBUG: Acct-Status-Type: ['Interim-Update']
2013-11-20 10:56:31,482: DEBUG: GoGo-Total-Output-Voice-Gigawords: [0]
2013-11-20 10:56:31,482: DEBUG: GoGo-Total-Output-Voice-Gigawords: [0]
2013-11-20 10:56:31,483: DEBUG: GoGo-Airline: [u'BA01']
2013-11-20 10:56:31,483: DEBUG: GoGo-Airline: [u'BA01']
2013-11-20 10:56:31,484: DEBUG: Acct-Session-Id: [u'AAATestNAS_156-1384925181441-00163E058FD4-1']
2013-11-20 10:56:31,484: DEBUG: Acct-Session-Id: [u'AAATestNAS_156-1384925181441-00163E058FD4-1']
2013-11-20 10:56:31,485: DEBUG: Acct-Session-Time: [10]
2013-11-20 10:56:31,485: DEBUG: Acct-Session-Time: [10]
2013-11-20 10:56:31,485: DEBUG: Acct-Input-Packets: [73629]
2013-11-20 10:56:31,485: DEBUG: Acct-Input-Packets: [73629]
2013-11-20 10:56:31,486: DEBUG: Acct-Output-Packets: [75460]
2013-11-20 10:56:31,486: DEBUG: Acct-Output-Packets: [75460]
2013-11-20 10:56:31,487: DEBUG: GoGo-Acct-Output-Voice-Packets: [0]
2013-11-20 10:56:31,487: DEBUG: GoGo-Acct-Output-Voice-Packets: [0]
2013-11-20 10:56:31,487: DEBUG: GoGo-Acct-Output-Voice-Octets: [0]
2013-11-20 10:56:31,487: DEBUG: GoGo-Acct-Output-Voice-Octets: [0]
2013-11-20 10:56:31,488: DEBUG: Acct-Output-Gigawords: [0]
2013-11-20 10:56:31,488: DEBUG: Acct-Output-Gigawords: [0]
2013-11-20 10:56:31,488: DEBUG: GoGo-Total-Output-Voice-Packets: [0]
2013-11-20 10:56:31,488: DEBUG: GoGo-Total-Output-Voice-Packets: [0]
2013-11-20 10:56:31,489: DEBUG: Acct-Input-Gigawords: [0]
2013-11-20 10:56:31,489: DEBUG: Acct-Input-Gigawords: [0]
2013-11-20 10:56:31,489: DEBUG: Calling-Station-Id: [u'18:21:31:41:52:37']
2013-11-20 10:56:31,489: DEBUG: Calling-Station-Id: [u'18:21:31:41:52:37']
2013-11-20 10:56:31,490: DEBUG: NAS-Port-Type: ['Wireless-802.11']
2013-11-20 10:56:31,490: DEBUG: NAS-Port-Type: ['Wireless-802.11']
2013-11-20 10:56:31,491: DEBUG: GoGo-Total-Output-Voice-Octets: [0]
2013-11-20 10:56:31,491: DEBUG: GoGo-Total-Output-Voice-Octets: [0]
2013-11-20 10:56:31,492: DEBUG: GoGo-Private-IP-Address: ['192.168.1.179']
2013-11-20 10:56:31,492: DEBUG: GoGo-Private-IP-Address: ['192.168.1.179']
2013-11-20 10:56:31,493: DEBUG: GoGo-Acct-Input-Voice-Gigawords: [0]
2013-11-20 10:56:31,493: DEBUG: GoGo-Acct-Input-Voice-Gigawords: [0]
2013-11-20 10:56:31,493: DEBUG: GoGo-Total-Input-Packets: [73629]
2013-11-20 10:56:31,493: DEBUG: GoGo-Total-Input-Packets: [73629]
2013-11-20 10:56:31,494: DEBUG: GoGo-Total-Input-Gigawords: [0]
2013-11-20 10:56:31,494: DEBUG: GoGo-Total-Input-Gigawords: [0]
2013-11-20 10:56:31,495: DEBUG: GoGo-Acct-Input-Voice-Packets: [0]
2013-11-20 10:56:31,495: DEBUG: GoGo-Acct-Input-Voice-Packets: [0]
2013-11-20 10:56:31,496: DEBUG: GoGo-Total-Input-Octets: [9909463]
2013-11-20 10:56:31,496: DEBUG: GoGo-Total-Input-Octets: [9909463]
2013-11-20 10:56:31,496: DEBUG: GoGo-Total-Output-Packets: [75460]
2013-11-20 10:56:31,496: DEBUG: GoGo-Total-Output-Packets: [75460]
2013-11-20 10:56:31,497: DEBUG: WISPr-Location-ID: [u'airline=BA01,tail=01009,network=']
2013-11-20 10:56:31,497: DEBUG: WISPr-Location-ID: [u'airline=BA01,tail=01009,network=']
2013-11-20 10:56:31,497: DEBUG: GoGo-Acct-Output-Voice-Gigawords: [0]
2013-11-20 10:56:31,497: DEBUG: GoGo-Acct-Output-Voice-Gigawords: [0]
2013-11-20 10:56:31,498: DEBUG: Acct-Input-Octets: [9909463]
2013-11-20 10:56:31,498: DEBUG: Acct-Input-Octets: [9909463]
2013-11-20 10:56:31,500: DEBUG: 

2013-11-20 10:56:31,500: DEBUG: 

2013-11-20 10:56:31,500: DEBUG: Received response with following attributes:
2013-11-20 10:56:31,500: DEBUG: Received response with following attributes:
2013-11-20 10:56:41,501: DEBUG: 

2013-11-20 10:56:41,501: DEBUG: 

2013-11-20 10:56:41,502: DEBUG: Creating Accounting Update Request with the following Attributes:
2013-11-20 10:56:41,502: DEBUG: Creating Accounting Update Request with the following Attributes:
2013-11-20 10:56:41,503: DEBUG: User-Name: [u'AAALoadScriptUser5@airborne.aircell.com']
2013-11-20 10:56:41,503: DEBUG: User-Name: [u'AAALoadScriptUser5@airborne.aircell.com']
2013-11-20 10:56:41,503: DEBUG: GoGo-Tail-Number: [u'AAATestNAS_156']
2013-11-20 10:56:41,503: DEBUG: GoGo-Tail-Number: [u'AAATestNAS_156']
2013-11-20 10:56:41,504: DEBUG: Acct-Output-Octets: [2997816]
2013-11-20 10:56:41,504: DEBUG: Acct-Output-Octets: [2997816]
2013-11-20 10:56:41,505: DEBUG: NAS-IP-Address: ['10.254.161.1']
2013-11-20 10:56:41,505: DEBUG: NAS-IP-Address: ['10.254.161.1']
2013-11-20 10:56:41,505: DEBUG: GoGo-Total-Output-Gigawords: [0]
2013-11-20 10:56:41,505: DEBUG: GoGo-Total-Output-Gigawords: [0]
2013-11-20 10:56:41,506: DEBUG: Framed-IP-Address: ['10.254.161.98']
2013-11-20 10:56:41,506: DEBUG: Framed-IP-Address: ['10.254.161.98']
2013-11-20 10:56:41,507: DEBUG: GoGo-Total-Input-Voice-Gigawords: [0]
2013-11-20 10:56:41,507: DEBUG: GoGo-Total-Input-Voice-Gigawords: [0]
2013-11-20 10:56:41,508: DEBUG: GoGo-Total-Output-Octets: [2997816]
2013-11-20 10:56:41,508: DEBUG: GoGo-Total-Output-Octets: [2997816]
2013-11-20 10:56:41,509: DEBUG: GoGo-Acct-Input-Voice-Octets: [0]
2013-11-20 10:56:41,509: DEBUG: GoGo-Acct-Input-Voice-Octets: [0]
2013-11-20 10:56:41,509: DEBUG: GoGo-Total-Input-Voice-Packets: [0]
2013-11-20 10:56:41,509: DEBUG: GoGo-Total-Input-Voice-Packets: [0]
2013-11-20 10:56:41,510: DEBUG: Called-Station-Id: [u'00:16:3E:05:8F:D4']
2013-11-20 10:56:41,510: DEBUG: Called-Station-Id: [u'00:16:3E:05:8F:D4']
2013-11-20 10:56:41,510: DEBUG: WISPr-Location-Name: [u'TEST LLC,BA01_01009']
2013-11-20 10:56:41,510: DEBUG: WISPr-Location-Name: [u'TEST LLC,BA01_01009']
2013-11-20 10:56:41,512: DEBUG: NAS-Identifier: [u'C08386']
2013-11-20 10:56:41,512: DEBUG: NAS-Identifier: [u'C08386']
2013-11-20 10:56:41,512: DEBUG: Proxy-State: ['3330,3132']
2013-11-20 10:56:41,512: DEBUG: Proxy-State: ['3330,3132']
2013-11-20 10:56:41,512: DEBUG: GoGo-Total-Input-Voice-Octets: [0]
2013-11-20 10:56:41,512: DEBUG: GoGo-Total-Input-Voice-Octets: [0]
2013-11-20 10:56:41,513: DEBUG: Acct-Status-Type: ['Interim-Update']
2013-11-20 10:56:41,513: DEBUG: Acct-Status-Type: ['Interim-Update']
2013-11-20 10:56:41,514: DEBUG: GoGo-Total-Output-Voice-Gigawords: [0]
2013-11-20 10:56:41,514: DEBUG: GoGo-Total-Output-Voice-Gigawords: [0]
2013-11-20 10:56:41,514: DEBUG: GoGo-Airline: [u'BA01']
2013-11-20 10:56:41,514: DEBUG: GoGo-Airline: [u'BA01']
2013-11-20 10:56:41,515: DEBUG: Acct-Session-Id: [u'AAATestNAS_156-1384925181441-00163E058FD4-1']
2013-11-20 10:56:41,515: DEBUG: Acct-Session-Id: [u'AAATestNAS_156-1384925181441-00163E058FD4-1']
2013-11-20 10:56:41,516: DEBUG: Acct-Session-Time: [10]
2013-11-20 10:56:41,516: DEBUG: Acct-Session-Time: [10]
2013-11-20 10:56:41,516: DEBUG: Acct-Input-Packets: [58284]
2013-11-20 10:56:41,516: DEBUG: Acct-Input-Packets: [58284]
2013-11-20 10:56:41,516: DEBUG: Acct-Output-Packets: [25904]
2013-11-20 10:56:41,516: DEBUG: Acct-Output-Packets: [25904]
2013-11-20 10:56:41,517: DEBUG: GoGo-Acct-Output-Voice-Packets: [0]
2013-11-20 10:56:41,517: DEBUG: GoGo-Acct-Output-Voice-Packets: [0]
2013-11-20 10:56:41,517: DEBUG: GoGo-Acct-Output-Voice-Octets: [0]
2013-11-20 10:56:41,517: DEBUG: GoGo-Acct-Output-Voice-Octets: [0]
2013-11-20 10:56:41,518: DEBUG: Acct-Output-Gigawords: [0]
2013-11-20 10:56:41,518: DEBUG: Acct-Output-Gigawords: [0]
2013-11-20 10:56:41,518: DEBUG: GoGo-Total-Output-Voice-Packets: [0]
2013-11-20 10:56:41,518: DEBUG: GoGo-Total-Output-Voice-Packets: [0]
2013-11-20 10:56:41,518: DEBUG: Acct-Input-Gigawords: [0]
2013-11-20 10:56:41,518: DEBUG: Acct-Input-Gigawords: [0]
2013-11-20 10:56:41,518: DEBUG: Calling-Station-Id: [u'18:21:31:41:52:37']
2013-11-20 10:56:41,518: DEBUG: Calling-Station-Id: [u'18:21:31:41:52:37']
2013-11-20 10:56:41,518: DEBUG: NAS-Port-Type: ['Wireless-802.11']
2013-11-20 10:56:41,518: DEBUG: NAS-Port-Type: ['Wireless-802.11']
2013-11-20 10:56:41,519: DEBUG: GoGo-Total-Output-Voice-Octets: [0]
2013-11-20 10:56:41,519: DEBUG: GoGo-Total-Output-Voice-Octets: [0]
2013-11-20 10:56:41,519: DEBUG: GoGo-Private-IP-Address: ['192.168.1.179']
2013-11-20 10:56:41,519: DEBUG: GoGo-Private-IP-Address: ['192.168.1.179']
2013-11-20 10:56:41,519: DEBUG: GoGo-Acct-Input-Voice-Gigawords: [0]
2013-11-20 10:56:41,519: DEBUG: GoGo-Acct-Input-Voice-Gigawords: [0]
2013-11-20 10:56:41,519: DEBUG: GoGo-Total-Input-Packets: [58284]
2013-11-20 10:56:41,519: DEBUG: GoGo-Total-Input-Packets: [58284]
2013-11-20 10:56:41,520: DEBUG: GoGo-Total-Input-Gigawords: [0]
2013-11-20 10:56:41,520: DEBUG: GoGo-Total-Input-Gigawords: [0]
2013-11-20 10:56:41,520: DEBUG: GoGo-Acct-Input-Voice-Packets: [0]
2013-11-20 10:56:41,520: DEBUG: GoGo-Acct-Input-Voice-Packets: [0]
2013-11-20 10:56:41,520: DEBUG: GoGo-Total-Input-Octets: [7944593]
2013-11-20 10:56:41,520: DEBUG: GoGo-Total-Input-Octets: [7944593]
2013-11-20 10:56:41,520: DEBUG: GoGo-Total-Output-Packets: [25904]
2013-11-20 10:56:41,520: DEBUG: GoGo-Total-Output-Packets: [25904]
2013-11-20 10:56:41,520: DEBUG: WISPr-Location-ID: [u'airline=BA01,tail=01009,network=']
2013-11-20 10:56:41,520: DEBUG: WISPr-Location-ID: [u'airline=BA01,tail=01009,network=']
2013-11-20 10:56:41,520: DEBUG: GoGo-Acct-Output-Voice-Gigawords: [0]
2013-11-20 10:56:41,520: DEBUG: GoGo-Acct-Output-Voice-Gigawords: [0]
2013-11-20 10:56:41,520: DEBUG: Acct-Input-Octets: [7944593]
2013-11-20 10:56:41,520: DEBUG: Acct-Input-Octets: [7944593]
2013-11-20 10:56:41,522: DEBUG: 

2013-11-20 10:56:41,522: DEBUG: 

2013-11-20 10:56:41,522: DEBUG: Received response with following attributes:
2013-11-20 10:56:41,522: DEBUG: Received response with following attributes:
2013-11-20 10:56:48,523: DEBUG: 

2013-11-20 10:56:48,523: DEBUG: 

2013-11-20 10:56:48,525: DEBUG: Creating Accounting Update Request with the following Attributes:
2013-11-20 10:56:48,525: DEBUG: Creating Accounting Update Request with the following Attributes:
2013-11-20 10:56:48,526: DEBUG: User-Name: [u'AAALoadScriptUser5@airborne.aircell.com']
2013-11-20 10:56:48,526: DEBUG: User-Name: [u'AAALoadScriptUser5@airborne.aircell.com']
2013-11-20 10:56:48,527: DEBUG: GoGo-Tail-Number: [u'AAATestNAS_156']
2013-11-20 10:56:48,527: DEBUG: GoGo-Tail-Number: [u'AAATestNAS_156']
2013-11-20 10:56:48,529: DEBUG: Acct-Output-Octets: [2687649]
2013-11-20 10:56:48,529: DEBUG: Acct-Output-Octets: [2687649]
2013-11-20 10:56:48,532: DEBUG: NAS-IP-Address: ['10.254.161.1']
2013-11-20 10:56:48,532: DEBUG: NAS-IP-Address: ['10.254.161.1']
2013-11-20 10:56:48,534: DEBUG: GoGo-Total-Output-Gigawords: [0]
2013-11-20 10:56:48,534: DEBUG: GoGo-Total-Output-Gigawords: [0]
2013-11-20 10:56:48,535: DEBUG: Framed-IP-Address: ['10.254.161.98']
2013-11-20 10:56:48,535: DEBUG: Framed-IP-Address: ['10.254.161.98']
2013-11-20 10:56:48,536: DEBUG: GoGo-Total-Input-Voice-Gigawords: [0]
2013-11-20 10:56:48,536: DEBUG: GoGo-Total-Input-Voice-Gigawords: [0]
2013-11-20 10:56:48,537: DEBUG: GoGo-Total-Output-Octets: [2687649]
2013-11-20 10:56:48,537: DEBUG: GoGo-Total-Output-Octets: [2687649]
2013-11-20 10:56:48,537: DEBUG: GoGo-Acct-Input-Voice-Octets: [0]
2013-11-20 10:56:48,537: DEBUG: GoGo-Acct-Input-Voice-Octets: [0]
2013-11-20 10:56:48,538: DEBUG: GoGo-Total-Input-Voice-Packets: [0]
2013-11-20 10:56:48,538: DEBUG: GoGo-Total-Input-Voice-Packets: [0]
2013-11-20 10:56:48,539: DEBUG: Called-Station-Id: [u'00:16:3E:05:8F:D4']
2013-11-20 10:56:48,539: DEBUG: Called-Station-Id: [u'00:16:3E:05:8F:D4']
2013-11-20 10:56:48,540: DEBUG: WISPr-Location-Name: [u'TEST LLC,BA01_01009']
2013-11-20 10:56:48,540: DEBUG: WISPr-Location-Name: [u'TEST LLC,BA01_01009']
2013-11-20 10:56:48,541: DEBUG: NAS-Identifier: [u'C08386']
2013-11-20 10:56:48,541: DEBUG: NAS-Identifier: [u'C08386']
2013-11-20 10:56:48,541: DEBUG: Proxy-State: ['3330,3132']
2013-11-20 10:56:48,541: DEBUG: Proxy-State: ['3330,3132']
2013-11-20 10:56:48,542: DEBUG: GoGo-Total-Input-Voice-Octets: [0]
2013-11-20 10:56:48,542: DEBUG: GoGo-Total-Input-Voice-Octets: [0]
2013-11-20 10:56:48,543: DEBUG: Acct-Status-Type: ['Interim-Update']
2013-11-20 10:56:48,543: DEBUG: Acct-Status-Type: ['Interim-Update']
2013-11-20 10:56:48,543: DEBUG: GoGo-Total-Output-Voice-Gigawords: [0]
2013-11-20 10:56:48,543: DEBUG: GoGo-Total-Output-Voice-Gigawords: [0]
2013-11-20 10:56:48,544: DEBUG: GoGo-Airline: [u'BA01']
2013-11-20 10:56:48,544: DEBUG: GoGo-Airline: [u'BA01']
2013-11-20 10:56:48,545: DEBUG: Acct-Session-Id: [u'AAATestNAS_156-1384925181441-00163E058FD4-1']
2013-11-20 10:56:48,545: DEBUG: Acct-Session-Id: [u'AAATestNAS_156-1384925181441-00163E058FD4-1']
2013-11-20 10:56:48,545: DEBUG: Acct-Session-Time: [7]
2013-11-20 10:56:48,545: DEBUG: Acct-Session-Time: [7]
2013-11-20 10:56:48,546: DEBUG: Acct-Input-Packets: [21371]
2013-11-20 10:56:48,546: DEBUG: Acct-Input-Packets: [21371]
2013-11-20 10:56:48,546: DEBUG: Acct-Output-Packets: [24377]
2013-11-20 10:56:48,546: DEBUG: Acct-Output-Packets: [24377]
2013-11-20 10:56:48,547: DEBUG: GoGo-Acct-Output-Voice-Packets: [0]
2013-11-20 10:56:48,547: DEBUG: GoGo-Acct-Output-Voice-Packets: [0]
2013-11-20 10:56:48,548: DEBUG: GoGo-Acct-Output-Voice-Octets: [0]
2013-11-20 10:56:48,548: DEBUG: GoGo-Acct-Output-Voice-Octets: [0]
2013-11-20 10:56:48,548: DEBUG: Acct-Output-Gigawords: [0]
2013-11-20 10:56:48,548: DEBUG: Acct-Output-Gigawords: [0]
2013-11-20 10:56:48,548: DEBUG: GoGo-Total-Output-Voice-Packets: [0]
2013-11-20 10:56:48,548: DEBUG: GoGo-Total-Output-Voice-Packets: [0]
2013-11-20 10:56:48,548: DEBUG: Acct-Input-Gigawords: [0]
2013-11-20 10:56:48,548: DEBUG: Acct-Input-Gigawords: [0]
2013-11-20 10:56:48,548: DEBUG: Calling-Station-Id: [u'18:21:31:41:52:37']
2013-11-20 10:56:48,548: DEBUG: Calling-Station-Id: [u'18:21:31:41:52:37']
2013-11-20 10:56:48,548: DEBUG: NAS-Port-Type: ['Wireless-802.11']
2013-11-20 10:56:48,548: DEBUG: NAS-Port-Type: ['Wireless-802.11']
2013-11-20 10:56:48,548: DEBUG: GoGo-Total-Output-Voice-Octets: [0]
2013-11-20 10:56:48,548: DEBUG: GoGo-Total-Output-Voice-Octets: [0]
2013-11-20 10:56:48,549: DEBUG: GoGo-Private-IP-Address: ['192.168.1.179']
2013-11-20 10:56:48,549: DEBUG: GoGo-Private-IP-Address: ['192.168.1.179']
2013-11-20 10:56:48,549: DEBUG: GoGo-Acct-Input-Voice-Gigawords: [0]
2013-11-20 10:56:48,549: DEBUG: GoGo-Acct-Input-Voice-Gigawords: [0]
2013-11-20 10:56:48,549: DEBUG: GoGo-Total-Input-Packets: [21371]
2013-11-20 10:56:48,549: DEBUG: GoGo-Total-Input-Packets: [21371]
2013-11-20 10:56:48,549: DEBUG: GoGo-Total-Input-Gigawords: [0]
2013-11-20 10:56:48,549: DEBUG: GoGo-Total-Input-Gigawords: [0]
2013-11-20 10:56:48,549: DEBUG: GoGo-Acct-Input-Voice-Packets: [0]
2013-11-20 10:56:48,549: DEBUG: GoGo-Acct-Input-Voice-Packets: [0]
2013-11-20 10:56:48,549: DEBUG: GoGo-Total-Input-Octets: [5940680]
2013-11-20 10:56:48,549: DEBUG: GoGo-Total-Input-Octets: [5940680]
2013-11-20 10:56:48,549: DEBUG: GoGo-Total-Output-Packets: [24377]
2013-11-20 10:56:48,549: DEBUG: GoGo-Total-Output-Packets: [24377]
2013-11-20 10:56:48,550: DEBUG: WISPr-Location-ID: [u'airline=BA01,tail=01009,network=']
2013-11-20 10:56:48,550: DEBUG: WISPr-Location-ID: [u'airline=BA01,tail=01009,network=']
2013-11-20 10:56:48,550: DEBUG: GoGo-Acct-Output-Voice-Gigawords: [0]
2013-11-20 10:56:48,550: DEBUG: GoGo-Acct-Output-Voice-Gigawords: [0]
2013-11-20 10:56:48,550: DEBUG: Acct-Input-Octets: [5940680]
2013-11-20 10:56:48,550: DEBUG: Acct-Input-Octets: [5940680]
2013-11-20 10:56:48,551: DEBUG: 

2013-11-20 10:56:48,551: DEBUG: 

2013-11-20 10:56:48,552: DEBUG: Received response with following attributes:
2013-11-20 10:56:48,552: DEBUG: Received response with following attributes:
2013-11-20 10:57:08,553: DEBUG: 

2013-11-20 10:57:08,553: DEBUG: 

2013-11-20 10:57:08,553: DEBUG: Creating Accounting Stop Request with the following Attributes:
2013-11-20 10:57:08,553: DEBUG: Creating Accounting Stop Request with the following Attributes:
2013-11-20 10:57:08,554: DEBUG: User-Name: [u'AAALoadScriptUser5@airborne.aircell.com']
2013-11-20 10:57:08,554: DEBUG: User-Name: [u'AAALoadScriptUser5@airborne.aircell.com']
2013-11-20 10:57:08,554: DEBUG: GoGo-Tail-Number: [u'01009']
2013-11-20 10:57:08,554: DEBUG: GoGo-Tail-Number: [u'01009']
2013-11-20 10:57:08,555: DEBUG: Acct-Output-Octets: [9739970]
2013-11-20 10:57:08,555: DEBUG: Acct-Output-Octets: [9739970]
2013-11-20 10:57:08,555: DEBUG: NAS-IP-Address: ['10.254.161.1']
2013-11-20 10:57:08,555: DEBUG: NAS-IP-Address: ['10.254.161.1']
2013-11-20 10:57:08,555: DEBUG: GoGo-Total-Output-Gigawords: [0]
2013-11-20 10:57:08,555: DEBUG: GoGo-Total-Output-Gigawords: [0]
2013-11-20 10:57:08,556: DEBUG: Framed-IP-Address: ['10.254.161.98']
2013-11-20 10:57:08,556: DEBUG: Framed-IP-Address: ['10.254.161.98']
2013-11-20 10:57:08,557: DEBUG: GoGo-Total-Input-Voice-Gigawords: [0]
2013-11-20 10:57:08,557: DEBUG: GoGo-Total-Input-Voice-Gigawords: [0]
2013-11-20 10:57:08,558: DEBUG: GoGo-Total-Output-Octets: [9739970]
2013-11-20 10:57:08,558: DEBUG: GoGo-Total-Output-Octets: [9739970]
2013-11-20 10:57:08,558: DEBUG: GoGo-Acct-Input-Voice-Octets: [0]
2013-11-20 10:57:08,558: DEBUG: GoGo-Acct-Input-Voice-Octets: [0]
2013-11-20 10:57:08,559: DEBUG: GoGo-Total-Input-Voice-Packets: [0]
2013-11-20 10:57:08,559: DEBUG: GoGo-Total-Input-Voice-Packets: [0]
2013-11-20 10:57:08,560: DEBUG: Called-Station-Id: [u'00:16:3E:05:8F:D4']
2013-11-20 10:57:08,560: DEBUG: Called-Station-Id: [u'00:16:3E:05:8F:D4']
2013-11-20 10:57:08,561: DEBUG: WISPr-Location-Name: [u'TEST LLC,BA01_01009']
2013-11-20 10:57:08,561: DEBUG: WISPr-Location-Name: [u'TEST LLC,BA01_01009']
2013-11-20 10:57:08,562: DEBUG: NAS-Identifier: [u'C08386']
2013-11-20 10:57:08,562: DEBUG: NAS-Identifier: [u'C08386']
2013-11-20 10:57:08,563: DEBUG: Proxy-State: ['3330,3132']
2013-11-20 10:57:08,563: DEBUG: Proxy-State: ['3330,3132']
2013-11-20 10:57:08,564: DEBUG: GoGo-Total-Input-Voice-Octets: [0]
2013-11-20 10:57:08,564: DEBUG: GoGo-Total-Input-Voice-Octets: [0]
2013-11-20 10:57:08,564: DEBUG: Acct-Status-Type: ['Stop']
2013-11-20 10:57:08,564: DEBUG: Acct-Status-Type: ['Stop']
2013-11-20 10:57:08,565: DEBUG: GoGo-Total-Output-Voice-Gigawords: [0]
2013-11-20 10:57:08,565: DEBUG: GoGo-Total-Output-Voice-Gigawords: [0]
2013-11-20 10:57:08,565: DEBUG: GoGo-Airline: [u'BA01']
2013-11-20 10:57:08,565: DEBUG: GoGo-Airline: [u'BA01']
2013-11-20 10:57:08,566: DEBUG: Acct-Session-Id: [u'AAATestNAS_156-1384925181441-00163E058FD4-1']
2013-11-20 10:57:08,566: DEBUG: Acct-Session-Id: [u'AAATestNAS_156-1384925181441-00163E058FD4-1']
2013-11-20 10:57:08,566: DEBUG: Acct-Session-Time: [20]
2013-11-20 10:57:08,566: DEBUG: Acct-Session-Time: [20]
2013-11-20 10:57:08,567: DEBUG: Acct-Input-Packets: [46690]
2013-11-20 10:57:08,567: DEBUG: Acct-Input-Packets: [46690]
2013-11-20 10:57:08,567: DEBUG: Acct-Output-Packets: [94862]
2013-11-20 10:57:08,567: DEBUG: Acct-Output-Packets: [94862]
2013-11-20 10:57:08,568: DEBUG: Acct-Terminate-Cause: ['User-Request']
2013-11-20 10:57:08,568: DEBUG: Acct-Terminate-Cause: ['User-Request']
2013-11-20 10:57:08,568: DEBUG: GoGo-Acct-Output-Voice-Octets: [0]
2013-11-20 10:57:08,568: DEBUG: GoGo-Acct-Output-Voice-Octets: [0]
2013-11-20 10:57:08,569: DEBUG: Acct-Output-Gigawords: [0]
2013-11-20 10:57:08,569: DEBUG: Acct-Output-Gigawords: [0]
2013-11-20 10:57:08,569: DEBUG: GoGo-Total-Output-Voice-Packets: [0]
2013-11-20 10:57:08,569: DEBUG: GoGo-Total-Output-Voice-Packets: [0]
2013-11-20 10:57:08,569: DEBUG: Acct-Input-Gigawords: [0]
2013-11-20 10:57:08,569: DEBUG: Acct-Input-Gigawords: [0]
2013-11-20 10:57:08,570: DEBUG: Calling-Station-Id: [u'18:21:31:41:52:37']
2013-11-20 10:57:08,570: DEBUG: Calling-Station-Id: [u'18:21:31:41:52:37']
2013-11-20 10:57:08,570: DEBUG: NAS-Port-Type: ['Wireless-802.11']
2013-11-20 10:57:08,570: DEBUG: NAS-Port-Type: ['Wireless-802.11']
2013-11-20 10:57:08,570: DEBUG: GoGo-Total-Output-Voice-Octets: [0]
2013-11-20 10:57:08,570: DEBUG: GoGo-Total-Output-Voice-Octets: [0]
2013-11-20 10:57:08,571: DEBUG: GoGo-Private-IP-Address: ['192.168.1.179']
2013-11-20 10:57:08,571: DEBUG: GoGo-Private-IP-Address: ['192.168.1.179']
2013-11-20 10:57:08,571: DEBUG: GoGo-Acct-Input-Voice-Gigawords: [0]
2013-11-20 10:57:08,571: DEBUG: GoGo-Acct-Input-Voice-Gigawords: [0]
2013-11-20 10:57:08,571: DEBUG: GoGo-Total-Input-Packets: [46690]
2013-11-20 10:57:08,571: DEBUG: GoGo-Total-Input-Packets: [46690]
2013-11-20 10:57:08,572: DEBUG: GoGo-Total-Input-Gigawords: [0]
2013-11-20 10:57:08,572: DEBUG: GoGo-Total-Input-Gigawords: [0]
2013-11-20 10:57:08,572: DEBUG: GoGo-Acct-Input-Voice-Packets: [0]
2013-11-20 10:57:08,572: DEBUG: GoGo-Acct-Input-Voice-Packets: [0]
2013-11-20 10:57:08,572: DEBUG: GoGo-Total-Input-Octets: [5778556]
2013-11-20 10:57:08,572: DEBUG: GoGo-Total-Input-Octets: [5778556]
2013-11-20 10:57:08,572: DEBUG: GoGo-Total-Output-Packets: [94862]
2013-11-20 10:57:08,572: DEBUG: GoGo-Total-Output-Packets: [94862]
2013-11-20 10:57:08,572: DEBUG: WISPr-Location-ID: [u'airline=BA01,tail=01009,network=']
2013-11-20 10:57:08,572: DEBUG: WISPr-Location-ID: [u'airline=BA01,tail=01009,network=']
2013-11-20 10:57:08,573: DEBUG: GoGo-Acct-Output-Voice-Packets: [0]
2013-11-20 10:57:08,573: DEBUG: GoGo-Acct-Output-Voice-Packets: [0]
2013-11-20 10:57:08,573: DEBUG: GoGo-Acct-Output-Voice-Gigawords: [0]
2013-11-20 10:57:08,573: DEBUG: GoGo-Acct-Output-Voice-Gigawords: [0]
2013-11-20 10:57:08,573: DEBUG: Acct-Input-Octets: [5778556]
2013-11-20 10:57:08,573: DEBUG: Acct-Input-Octets: [5778556]
2013-11-20 10:57:08,574: DEBUG: 

2013-11-20 10:57:08,574: DEBUG: 

2013-11-20 10:57:08,574: DEBUG: Received response with following attributes:
2013-11-20 10:57:08,574: DEBUG: Received response with following attributes:
2013-11-20 10:57:08,575: DEBUG: Ending the test for this user
2013-11-20 10:57:08,575: DEBUG: Ending the test for this user
2013-11-20 10:57:09,494: DEBUG: Starting the client for the user AAALoadScriptUser5@airborne.aircell.com to the server localhost

2013-11-20 10:57:09,494: DEBUG: Starting the client for the user AAALoadScriptUser5@airborne.aircell.com to the server localhost

2013-11-20 10:57:09,496: DEBUG: DURATION of the TEST: 29
2013-11-20 10:57:09,496: DEBUG: DURATION of the TEST: 29
2013-11-20 10:57:09,497: DEBUG: NAS-IP: 10.254.254.1
2013-11-20 10:57:09,497: DEBUG: NAS-IP: 10.254.254.1
2013-11-20 10:57:09,499: DEBUG: NAS-MAC-ADDR: 19:21:31:41:52:31
2013-11-20 10:57:09,499: DEBUG: NAS-MAC-ADDR: 19:21:31:41:52:31
2013-11-20 10:57:09,499: DEBUG: Abruptly End: False
2013-11-20 10:57:09,499: DEBUG: Abruptly End: False
2013-11-20 10:57:09,500: DEBUG: Framed-IP: 10.254.254.197
2013-11-20 10:57:09,500: DEBUG: Framed-IP: 10.254.254.197
2013-11-20 10:57:09,501: DEBUG: User-MAC-Addr: 00:16:3E:25:41:F5
2013-11-20 10:57:09,501: DEBUG: User-MAC-Addr: 00:16:3E:25:41:F5
2013-11-20 10:57:09,502: DEBUG: 

2013-11-20 10:57:09,502: DEBUG: 

2013-11-20 10:57:09,503: DEBUG: Creating Authentication Request with the following Attributes:
2013-11-20 10:57:09,503: DEBUG: Creating Authentication Request with the following Attributes:
2013-11-20 10:57:09,504: DEBUG: NAS-Identifier: [u'C08386']
2013-11-20 10:57:09,504: DEBUG: NAS-Identifier: [u'C08386']
2013-11-20 10:57:09,505: DEBUG: User-Name: [u'AAALoadScriptUser5@airborne.aircell.com']
2013-11-20 10:57:09,505: DEBUG: User-Name: [u'AAALoadScriptUser5@airborne.aircell.com']
2013-11-20 10:57:09,506: DEBUG: NAS-IP-Address: ['10.254.254.1']
2013-11-20 10:57:09,506: DEBUG: NAS-IP-Address: ['10.254.254.1']
2013-11-20 10:57:09,507: DEBUG: Service-Type: ['Authenticate-Only']
2013-11-20 10:57:09,507: DEBUG: Service-Type: ['Authenticate-Only']
2013-11-20 10:57:09,507: DEBUG: Proxy-State: ['3237,3134']
2013-11-20 10:57:09,507: DEBUG: Proxy-State: ['3237,3134']
2013-11-20 10:57:09,509: DEBUG: Framed-IP-Address: ['10.254.254.197']
2013-11-20 10:57:09,509: DEBUG: Framed-IP-Address: ['10.254.254.197']
2013-11-20 10:57:09,510: DEBUG: GoGo-Airline: [u'BA01']
2013-11-20 10:57:09,510: DEBUG: GoGo-Airline: [u'BA01']
2013-11-20 10:57:09,511: DEBUG: Acct-Session-Id: [u'AAATestNAS_249-1384925229503-00163E2541F5-1']
2013-11-20 10:57:09,511: DEBUG: Acct-Session-Id: [u'AAATestNAS_249-1384925229503-00163E2541F5-1']
2013-11-20 10:57:09,512: DEBUG: GoGo-Tail-Number: [u'AAATestNAS_249']
2013-11-20 10:57:09,512: DEBUG: GoGo-Tail-Number: [u'AAATestNAS_249']
2013-11-20 10:57:09,513: DEBUG: GoGo-Private-IP-Address: ['192.168.1.179']
2013-11-20 10:57:09,513: DEBUG: GoGo-Private-IP-Address: ['192.168.1.179']
2013-11-20 10:57:09,514: DEBUG: WISPr-Location-ID: [u'airline=BA01,tail=01009,network=']
2013-11-20 10:57:09,514: DEBUG: WISPr-Location-ID: [u'airline=BA01,tail=01009,network=']
2013-11-20 10:57:09,515: DEBUG: WISPr-Location-Name: [u'TEST LLC,BA01_01009']
2013-11-20 10:57:09,515: DEBUG: WISPr-Location-Name: [u'TEST LLC,BA01_01009']
2013-11-20 10:57:09,515: DEBUG: NAS-Port-Type: ['Wireless-802.11']
2013-11-20 10:57:09,515: DEBUG: NAS-Port-Type: ['Wireless-802.11']
2013-11-20 10:57:09,516: DEBUG: Called-Station-Id: [u'00:16:3E:25:41:F5']
2013-11-20 10:57:09,516: DEBUG: Called-Station-Id: [u'00:16:3E:25:41:F5']
2013-11-20 10:57:09,516: DEBUG: Calling-Station-Id: [u'19:21:31:41:52:31']
2013-11-20 10:57:09,516: DEBUG: Calling-Station-Id: [u'19:21:31:41:52:31']
2013-11-20 10:57:09,518: DEBUG: 

2013-11-20 10:57:09,518: DEBUG: 

2013-11-20 10:57:09,518: DEBUG: Received response with code: 2, Accepted
2013-11-20 10:57:09,518: DEBUG: Received response with code: 2, Accepted
2013-11-20 10:57:09,519: DEBUG: Creating Authentication Request with the following Attributes:
2013-11-20 10:57:09,519: DEBUG: Creating Authentication Request with the following Attributes:
2013-11-20 10:57:09,519: DEBUG: NAS-Identifier: [u'C08386']
2013-11-20 10:57:09,519: DEBUG: NAS-Identifier: [u'C08386']
2013-11-20 10:57:09,519: DEBUG: User-Name: [u'AAALoadScriptUser5@airborne.aircell.com']
2013-11-20 10:57:09,519: DEBUG: User-Name: [u'AAALoadScriptUser5@airborne.aircell.com']
2013-11-20 10:57:09,520: DEBUG: NAS-IP-Address: ['10.254.254.1']
2013-11-20 10:57:09,520: DEBUG: NAS-IP-Address: ['10.254.254.1']
2013-11-20 10:57:09,520: DEBUG: Service-Type: ['Login-User']
2013-11-20 10:57:09,520: DEBUG: Service-Type: ['Login-User']
2013-11-20 10:57:09,520: DEBUG: Proxy-State: ['3237,3134']
2013-11-20 10:57:09,520: DEBUG: Proxy-State: ['3237,3134']
2013-11-20 10:57:09,521: DEBUG: Framed-IP-Address: ['10.254.254.197']
2013-11-20 10:57:09,521: DEBUG: Framed-IP-Address: ['10.254.254.197']
2013-11-20 10:57:09,521: DEBUG: GoGo-Airline: [u'BA01']
2013-11-20 10:57:09,521: DEBUG: GoGo-Airline: [u'BA01']
2013-11-20 10:57:09,521: DEBUG: Acct-Session-Id: [u'AAATestNAS_249-1384925229518-00163E2541F5-1']
2013-11-20 10:57:09,521: DEBUG: Acct-Session-Id: [u'AAATestNAS_249-1384925229518-00163E2541F5-1']
2013-11-20 10:57:09,521: DEBUG: GoGo-Tail-Number: [u'AAATestNAS_249']
2013-11-20 10:57:09,521: DEBUG: GoGo-Tail-Number: [u'AAATestNAS_249']
2013-11-20 10:57:09,521: DEBUG: GoGo-Private-IP-Address: ['192.168.1.179']
2013-11-20 10:57:09,521: DEBUG: GoGo-Private-IP-Address: ['192.168.1.179']
2013-11-20 10:57:09,522: DEBUG: WISPr-Location-ID: [u'airline=BA01,tail=01009,network=']
2013-11-20 10:57:09,522: DEBUG: WISPr-Location-ID: [u'airline=BA01,tail=01009,network=']
2013-11-20 10:57:09,522: DEBUG: WISPr-Location-Name: [u'TEST LLC,BA01_01009']
2013-11-20 10:57:09,522: DEBUG: WISPr-Location-Name: [u'TEST LLC,BA01_01009']
2013-11-20 10:57:09,522: DEBUG: NAS-Port-Type: ['Wireless-802.11']
2013-11-20 10:57:09,522: DEBUG: NAS-Port-Type: ['Wireless-802.11']
2013-11-20 10:57:09,522: DEBUG: Called-Station-Id: [u'00:16:3E:25:41:F5']
2013-11-20 10:57:09,522: DEBUG: Called-Station-Id: [u'00:16:3E:25:41:F5']
2013-11-20 10:57:09,522: DEBUG: Calling-Station-Id: [u'19:21:31:41:52:31']
2013-11-20 10:57:09,522: DEBUG: Calling-Station-Id: [u'19:21:31:41:52:31']
2013-11-20 10:57:09,523: DEBUG: 

2013-11-20 10:57:09,523: DEBUG: 

2013-11-20 10:57:09,524: DEBUG: Received response with code: 2, Accepted
2013-11-20 10:57:09,524: DEBUG: Received response with code: 2, Accepted
2013-11-20 10:57:09,524: DEBUG: 

2013-11-20 10:57:09,524: DEBUG: 

2013-11-20 10:57:09,524: DEBUG: Creating Accounting start Request with the following Attributes:
2013-11-20 10:57:09,524: DEBUG: Creating Accounting start Request with the following Attributes:
2013-11-20 10:57:09,524: DEBUG: NAS-Identifier: [u'C08386']
2013-11-20 10:57:09,524: DEBUG: NAS-Identifier: [u'C08386']
2013-11-20 10:57:09,524: DEBUG: User-Name: [u'AAALoadScriptUser5@airborne.aircell.com']
2013-11-20 10:57:09,524: DEBUG: User-Name: [u'AAALoadScriptUser5@airborne.aircell.com']
2013-11-20 10:57:09,525: DEBUG: GoGo-Tail-Number: [u'AAATestNAS_249']
2013-11-20 10:57:09,525: DEBUG: GoGo-Tail-Number: [u'AAATestNAS_249']
2013-11-20 10:57:09,525: DEBUG: NAS-IP-Address: ['10.254.254.1']
2013-11-20 10:57:09,525: DEBUG: NAS-IP-Address: ['10.254.254.1']
2013-11-20 10:57:09,525: DEBUG: Proxy-State: ['3239,3131']
2013-11-20 10:57:09,525: DEBUG: Proxy-State: ['3239,3131']
2013-11-20 10:57:09,525: DEBUG: Acct-Status-Type: ['Start']
2013-11-20 10:57:09,525: DEBUG: Acct-Status-Type: ['Start']
2013-11-20 10:57:09,525: DEBUG: GoGo-Airline: [u'BA01']
2013-11-20 10:57:09,525: DEBUG: GoGo-Airline: [u'BA01']
2013-11-20 10:57:09,525: DEBUG: Acct-Session-Id: [u'AAATestNAS_249-1384925229518-00163E2541F5-1']
2013-11-20 10:57:09,525: DEBUG: Acct-Session-Id: [u'AAATestNAS_249-1384925229518-00163E2541F5-1']
2013-11-20 10:57:09,526: DEBUG: GoGo-Private-IP-Address: ['192.168.1.179']
2013-11-20 10:57:09,526: DEBUG: GoGo-Private-IP-Address: ['192.168.1.179']
2013-11-20 10:57:09,526: DEBUG: Framed-IP-Address: ['10.254.254.197']
2013-11-20 10:57:09,526: DEBUG: Framed-IP-Address: ['10.254.254.197']
2013-11-20 10:57:09,526: DEBUG: WISPr-Location-ID: [u'airline=BA01,tail=01009,network=']
2013-11-20 10:57:09,526: DEBUG: WISPr-Location-ID: [u'airline=BA01,tail=01009,network=']
2013-11-20 10:57:09,526: DEBUG: WISPr-Location-Name: [u'TEST LLC,BA01_01009']
2013-11-20 10:57:09,526: DEBUG: WISPr-Location-Name: [u'TEST LLC,BA01_01009']
2013-11-20 10:57:09,526: DEBUG: NAS-Port-Type: ['Wireless-802.11']
2013-11-20 10:57:09,526: DEBUG: NAS-Port-Type: ['Wireless-802.11']
2013-11-20 10:57:09,527: DEBUG: Called-Station-Id: [u'00:16:3E:25:41:F5']
2013-11-20 10:57:09,527: DEBUG: Called-Station-Id: [u'00:16:3E:25:41:F5']
2013-11-20 10:57:09,527: DEBUG: Calling-Station-Id: [u'19:21:31:41:52:31']
2013-11-20 10:57:09,527: DEBUG: Calling-Station-Id: [u'19:21:31:41:52:31']
2013-11-20 10:57:09,528: DEBUG: 

2013-11-20 10:57:09,528: DEBUG: 

2013-11-20 10:57:09,528: DEBUG: Received response with following attributes:
2013-11-20 10:57:09,528: DEBUG: Received response with following attributes:
2013-11-20 10:57:19,529: DEBUG: 

2013-11-20 10:57:19,529: DEBUG: 

2013-11-20 10:57:19,532: DEBUG: Creating Accounting Update Request with the following Attributes:
2013-11-20 10:57:19,532: DEBUG: Creating Accounting Update Request with the following Attributes:
2013-11-20 10:57:19,534: DEBUG: User-Name: [u'AAALoadScriptUser5@airborne.aircell.com']
2013-11-20 10:57:19,534: DEBUG: User-Name: [u'AAALoadScriptUser5@airborne.aircell.com']
2013-11-20 10:57:19,537: DEBUG: GoGo-Tail-Number: [u'AAATestNAS_249']
2013-11-20 10:57:19,537: DEBUG: GoGo-Tail-Number: [u'AAATestNAS_249']
2013-11-20 10:57:19,540: DEBUG: Acct-Output-Octets: [1159290]
2013-11-20 10:57:19,540: DEBUG: Acct-Output-Octets: [1159290]
2013-11-20 10:57:19,541: DEBUG: NAS-IP-Address: ['10.254.254.1']
2013-11-20 10:57:19,541: DEBUG: NAS-IP-Address: ['10.254.254.1']
2013-11-20 10:57:19,542: DEBUG: GoGo-Total-Output-Gigawords: [0]
2013-11-20 10:57:19,542: DEBUG: GoGo-Total-Output-Gigawords: [0]
2013-11-20 10:57:19,545: DEBUG: Framed-IP-Address: ['10.254.254.197']
2013-11-20 10:57:19,545: DEBUG: Framed-IP-Address: ['10.254.254.197']
2013-11-20 10:57:19,548: DEBUG: GoGo-Total-Input-Voice-Gigawords: [0]
2013-11-20 10:57:19,548: DEBUG: GoGo-Total-Input-Voice-Gigawords: [0]
2013-11-20 10:57:19,550: DEBUG: GoGo-Total-Output-Octets: [1159290]
2013-11-20 10:57:19,550: DEBUG: GoGo-Total-Output-Octets: [1159290]
2013-11-20 10:57:19,551: DEBUG: GoGo-Acct-Input-Voice-Octets: [0]
2013-11-20 10:57:19,551: DEBUG: GoGo-Acct-Input-Voice-Octets: [0]
2013-11-20 10:57:19,555: DEBUG: GoGo-Total-Input-Voice-Packets: [0]
2013-11-20 10:57:19,555: DEBUG: GoGo-Total-Input-Voice-Packets: [0]
2013-11-20 10:57:19,559: DEBUG: Called-Station-Id: [u'00:16:3E:25:41:F5']
2013-11-20 10:57:19,559: DEBUG: Called-Station-Id: [u'00:16:3E:25:41:F5']
2013-11-20 10:57:19,562: DEBUG: WISPr-Location-Name: [u'TEST LLC,BA01_01009']
2013-11-20 10:57:19,562: DEBUG: WISPr-Location-Name: [u'TEST LLC,BA01_01009']
2013-11-20 10:57:19,565: DEBUG: NAS-Identifier: [u'C08386']
2013-11-20 10:57:19,565: DEBUG: NAS-Identifier: [u'C08386']
2013-11-20 10:57:19,568: DEBUG: Proxy-State: ['3330,3132']
2013-11-20 10:57:19,568: DEBUG: Proxy-State: ['3330,3132']
2013-11-20 10:57:19,570: DEBUG: GoGo-Total-Input-Voice-Octets: [0]
2013-11-20 10:57:19,570: DEBUG: GoGo-Total-Input-Voice-Octets: [0]
2013-11-20 10:57:19,571: DEBUG: Acct-Status-Type: ['Interim-Update']
2013-11-20 10:57:19,571: DEBUG: Acct-Status-Type: ['Interim-Update']
2013-11-20 10:57:19,576: DEBUG: GoGo-Total-Output-Voice-Gigawords: [0]
2013-11-20 10:57:19,576: DEBUG: GoGo-Total-Output-Voice-Gigawords: [0]
2013-11-20 10:57:19,578: DEBUG: GoGo-Airline: [u'BA01']
2013-11-20 10:57:19,578: DEBUG: GoGo-Airline: [u'BA01']
2013-11-20 10:57:19,583: DEBUG: Acct-Session-Id: [u'AAATestNAS_249-1384925229518-00163E2541F5-1']
2013-11-20 10:57:19,583: DEBUG: Acct-Session-Id: [u'AAATestNAS_249-1384925229518-00163E2541F5-1']
2013-11-20 10:57:19,590: DEBUG: Acct-Session-Time: [10]
2013-11-20 10:57:19,590: DEBUG: Acct-Session-Time: [10]
2013-11-20 10:57:19,594: DEBUG: Acct-Input-Packets: [28479]
2013-11-20 10:57:19,594: DEBUG: Acct-Input-Packets: [28479]
2013-11-20 10:57:19,598: DEBUG: Acct-Output-Packets: [3453]
2013-11-20 10:57:19,598: DEBUG: Acct-Output-Packets: [3453]
2013-11-20 10:57:19,601: DEBUG: GoGo-Acct-Output-Voice-Packets: [0]
2013-11-20 10:57:19,601: DEBUG: GoGo-Acct-Output-Voice-Packets: [0]
2013-11-20 10:57:19,604: DEBUG: GoGo-Acct-Output-Voice-Octets: [0]
2013-11-20 10:57:19,604: DEBUG: GoGo-Acct-Output-Voice-Octets: [0]
2013-11-20 10:57:19,606: DEBUG: Acct-Output-Gigawords: [0]
2013-11-20 10:57:19,606: DEBUG: Acct-Output-Gigawords: [0]
2013-11-20 10:57:19,609: DEBUG: GoGo-Total-Output-Voice-Packets: [0]
2013-11-20 10:57:19,609: DEBUG: GoGo-Total-Output-Voice-Packets: [0]
2013-11-20 10:57:19,610: DEBUG: Acct-Input-Gigawords: [0]
2013-11-20 10:57:19,610: DEBUG: Acct-Input-Gigawords: [0]
2013-11-20 10:57:19,614: DEBUG: Calling-Station-Id: [u'19:21:31:41:52:31']
2013-11-20 10:57:19,614: DEBUG: Calling-Station-Id: [u'19:21:31:41:52:31']
2013-11-20 10:57:19,617: DEBUG: NAS-Port-Type: ['Wireless-802.11']
2013-11-20 10:57:19,617: DEBUG: NAS-Port-Type: ['Wireless-802.11']
2013-11-20 10:57:19,620: DEBUG: GoGo-Total-Output-Voice-Octets: [0]
2013-11-20 10:57:19,620: DEBUG: GoGo-Total-Output-Voice-Octets: [0]
2013-11-20 10:57:19,622: DEBUG: GoGo-Private-IP-Address: ['192.168.1.179']
2013-11-20 10:57:19,622: DEBUG: GoGo-Private-IP-Address: ['192.168.1.179']
2013-11-20 10:57:19,628: DEBUG: GoGo-Acct-Input-Voice-Gigawords: [0]
2013-11-20 10:57:19,628: DEBUG: GoGo-Acct-Input-Voice-Gigawords: [0]
2013-11-20 10:57:19,630: DEBUG: GoGo-Total-Input-Packets: [28479]
2013-11-20 10:57:19,630: DEBUG: GoGo-Total-Input-Packets: [28479]
2013-11-20 10:57:19,633: DEBUG: GoGo-Total-Input-Gigawords: [0]
2013-11-20 10:57:19,633: DEBUG: GoGo-Total-Input-Gigawords: [0]
2013-11-20 10:57:19,635: DEBUG: GoGo-Acct-Input-Voice-Packets: [0]
2013-11-20 10:57:19,635: DEBUG: GoGo-Acct-Input-Voice-Packets: [0]
2013-11-20 10:57:19,641: DEBUG: GoGo-Total-Input-Octets: [6664864]
2013-11-20 10:57:19,641: DEBUG: GoGo-Total-Input-Octets: [6664864]
2013-11-20 10:57:19,643: DEBUG: GoGo-Total-Output-Packets: [3453]
2013-11-20 10:57:19,643: DEBUG: GoGo-Total-Output-Packets: [3453]
2013-11-20 10:57:19,647: DEBUG: WISPr-Location-ID: [u'airline=BA01,tail=01009,network=']
2013-11-20 10:57:19,647: DEBUG: WISPr-Location-ID: [u'airline=BA01,tail=01009,network=']
2013-11-20 10:57:19,648: DEBUG: GoGo-Acct-Output-Voice-Gigawords: [0]
2013-11-20 10:57:19,648: DEBUG: GoGo-Acct-Output-Voice-Gigawords: [0]
2013-11-20 10:57:19,650: DEBUG: Acct-Input-Octets: [6664864]
2013-11-20 10:57:19,650: DEBUG: Acct-Input-Octets: [6664864]
2013-11-20 10:57:19,655: DEBUG: 

2013-11-20 10:57:19,655: DEBUG: 

2013-11-20 10:57:19,657: DEBUG: Received response with following attributes:
2013-11-20 10:57:19,657: DEBUG: Received response with following attributes:
2013-11-20 10:57:29,660: DEBUG: 

2013-11-20 10:57:29,660: DEBUG: 

2013-11-20 10:57:29,663: DEBUG: Creating Accounting Update Request with the following Attributes:
2013-11-20 10:57:29,663: DEBUG: Creating Accounting Update Request with the following Attributes:
2013-11-20 10:57:29,663: DEBUG: User-Name: [u'AAALoadScriptUser5@airborne.aircell.com']
2013-11-20 10:57:29,663: DEBUG: User-Name: [u'AAALoadScriptUser5@airborne.aircell.com']
2013-11-20 10:57:29,664: DEBUG: GoGo-Tail-Number: [u'AAATestNAS_249']
2013-11-20 10:57:29,664: DEBUG: GoGo-Tail-Number: [u'AAATestNAS_249']
2013-11-20 10:57:29,665: DEBUG: Acct-Output-Octets: [1318593]
2013-11-20 10:57:29,665: DEBUG: Acct-Output-Octets: [1318593]
2013-11-20 10:57:29,666: DEBUG: NAS-IP-Address: ['10.254.254.1']
2013-11-20 10:57:29,666: DEBUG: NAS-IP-Address: ['10.254.254.1']
2013-11-20 10:57:29,667: DEBUG: GoGo-Total-Output-Gigawords: [0]
2013-11-20 10:57:29,667: DEBUG: GoGo-Total-Output-Gigawords: [0]
2013-11-20 10:57:29,668: DEBUG: Framed-IP-Address: ['10.254.254.197']
2013-11-20 10:57:29,668: DEBUG: Framed-IP-Address: ['10.254.254.197']
2013-11-20 10:57:29,668: DEBUG: GoGo-Total-Input-Voice-Gigawords: [0]
2013-11-20 10:57:29,668: DEBUG: GoGo-Total-Input-Voice-Gigawords: [0]
2013-11-20 10:57:29,669: DEBUG: GoGo-Total-Output-Octets: [1318593]
2013-11-20 10:57:29,669: DEBUG: GoGo-Total-Output-Octets: [1318593]
2013-11-20 10:57:29,670: DEBUG: GoGo-Acct-Input-Voice-Octets: [0]
2013-11-20 10:57:29,670: DEBUG: GoGo-Acct-Input-Voice-Octets: [0]
2013-11-20 10:57:29,670: DEBUG: GoGo-Total-Input-Voice-Packets: [0]
2013-11-20 10:57:29,670: DEBUG: GoGo-Total-Input-Voice-Packets: [0]
2013-11-20 10:57:29,672: DEBUG: Called-Station-Id: [u'00:16:3E:25:41:F5']
2013-11-20 10:57:29,672: DEBUG: Called-Station-Id: [u'00:16:3E:25:41:F5']
2013-11-20 10:57:29,672: DEBUG: WISPr-Location-Name: [u'TEST LLC,BA01_01009']
2013-11-20 10:57:29,672: DEBUG: WISPr-Location-Name: [u'TEST LLC,BA01_01009']
2013-11-20 10:57:29,674: DEBUG: NAS-Identifier: [u'C08386']
2013-11-20 10:57:29,674: DEBUG: NAS-Identifier: [u'C08386']
2013-11-20 10:57:29,674: DEBUG: Proxy-State: ['3330,3132']
2013-11-20 10:57:29,674: DEBUG: Proxy-State: ['3330,3132']
2013-11-20 10:57:29,675: DEBUG: GoGo-Total-Input-Voice-Octets: [0]
2013-11-20 10:57:29,675: DEBUG: GoGo-Total-Input-Voice-Octets: [0]
2013-11-20 10:57:29,676: DEBUG: Acct-Status-Type: ['Interim-Update']
2013-11-20 10:57:29,676: DEBUG: Acct-Status-Type: ['Interim-Update']
2013-11-20 10:57:29,677: DEBUG: GoGo-Total-Output-Voice-Gigawords: [0]
2013-11-20 10:57:29,677: DEBUG: GoGo-Total-Output-Voice-Gigawords: [0]
2013-11-20 10:57:29,678: DEBUG: GoGo-Airline: [u'BA01']
2013-11-20 10:57:29,678: DEBUG: GoGo-Airline: [u'BA01']
2013-11-20 10:57:29,678: DEBUG: Acct-Session-Id: [u'AAATestNAS_249-1384925229518-00163E2541F5-1']
2013-11-20 10:57:29,678: DEBUG: Acct-Session-Id: [u'AAATestNAS_249-1384925229518-00163E2541F5-1']
2013-11-20 10:57:29,679: DEBUG: Acct-Session-Time: [10]
2013-11-20 10:57:29,679: DEBUG: Acct-Session-Time: [10]
2013-11-20 10:57:29,680: DEBUG: Acct-Input-Packets: [45926]
2013-11-20 10:57:29,680: DEBUG: Acct-Input-Packets: [45926]
2013-11-20 10:57:29,681: DEBUG: Acct-Output-Packets: [4573]
2013-11-20 10:57:29,681: DEBUG: Acct-Output-Packets: [4573]
2013-11-20 10:57:29,682: DEBUG: GoGo-Acct-Output-Voice-Packets: [0]
2013-11-20 10:57:29,682: DEBUG: GoGo-Acct-Output-Voice-Packets: [0]
2013-11-20 10:57:29,682: DEBUG: GoGo-Acct-Output-Voice-Octets: [0]
2013-11-20 10:57:29,682: DEBUG: GoGo-Acct-Output-Voice-Octets: [0]
2013-11-20 10:57:29,682: DEBUG: Acct-Output-Gigawords: [0]
2013-11-20 10:57:29,682: DEBUG: Acct-Output-Gigawords: [0]
2013-11-20 10:57:29,683: DEBUG: GoGo-Total-Output-Voice-Packets: [0]
2013-11-20 10:57:29,683: DEBUG: GoGo-Total-Output-Voice-Packets: [0]
2013-11-20 10:57:29,683: DEBUG: Acct-Input-Gigawords: [0]
2013-11-20 10:57:29,683: DEBUG: Acct-Input-Gigawords: [0]
2013-11-20 10:57:29,683: DEBUG: Calling-Station-Id: [u'19:21:31:41:52:31']
2013-11-20 10:57:29,683: DEBUG: Calling-Station-Id: [u'19:21:31:41:52:31']
2013-11-20 10:57:29,683: DEBUG: NAS-Port-Type: ['Wireless-802.11']
2013-11-20 10:57:29,683: DEBUG: NAS-Port-Type: ['Wireless-802.11']
2013-11-20 10:57:29,683: DEBUG: GoGo-Total-Output-Voice-Octets: [0]
2013-11-20 10:57:29,683: DEBUG: GoGo-Total-Output-Voice-Octets: [0]
2013-11-20 10:57:29,684: DEBUG: GoGo-Private-IP-Address: ['192.168.1.179']
2013-11-20 10:57:29,684: DEBUG: GoGo-Private-IP-Address: ['192.168.1.179']
2013-11-20 10:57:29,684: DEBUG: GoGo-Acct-Input-Voice-Gigawords: [0]
2013-11-20 10:57:29,684: DEBUG: GoGo-Acct-Input-Voice-Gigawords: [0]
2013-11-20 10:57:29,684: DEBUG: GoGo-Total-Input-Packets: [45926]
2013-11-20 10:57:29,684: DEBUG: GoGo-Total-Input-Packets: [45926]
2013-11-20 10:57:29,684: DEBUG: GoGo-Total-Input-Gigawords: [0]
2013-11-20 10:57:29,684: DEBUG: GoGo-Total-Input-Gigawords: [0]
2013-11-20 10:57:29,684: DEBUG: GoGo-Acct-Input-Voice-Packets: [0]
2013-11-20 10:57:29,684: DEBUG: GoGo-Acct-Input-Voice-Packets: [0]
2013-11-20 10:57:29,684: DEBUG: GoGo-Total-Input-Octets: [5935711]
2013-11-20 10:57:29,684: DEBUG: GoGo-Total-Input-Octets: [5935711]
2013-11-20 10:57:29,685: DEBUG: GoGo-Total-Output-Packets: [4573]
2013-11-20 10:57:29,685: DEBUG: GoGo-Total-Output-Packets: [4573]
2013-11-20 10:57:29,685: DEBUG: WISPr-Location-ID: [u'airline=BA01,tail=01009,network=']
2013-11-20 10:57:29,685: DEBUG: WISPr-Location-ID: [u'airline=BA01,tail=01009,network=']
2013-11-20 10:57:29,685: DEBUG: GoGo-Acct-Output-Voice-Gigawords: [0]
2013-11-20 10:57:29,685: DEBUG: GoGo-Acct-Output-Voice-Gigawords: [0]
2013-11-20 10:57:29,685: DEBUG: Acct-Input-Octets: [5935711]
2013-11-20 10:57:29,685: DEBUG: Acct-Input-Octets: [5935711]
2013-11-20 10:57:29,687: DEBUG: 

2013-11-20 10:57:29,687: DEBUG: 

2013-11-20 10:57:29,687: DEBUG: Received response with following attributes:
2013-11-20 10:57:29,687: DEBUG: Received response with following attributes:
2013-11-20 10:57:38,688: DEBUG: 

2013-11-20 10:57:38,688: DEBUG: 

2013-11-20 10:57:38,689: DEBUG: Creating Accounting Update Request with the following Attributes:
2013-11-20 10:57:38,689: DEBUG: Creating Accounting Update Request with the following Attributes:
2013-11-20 10:57:38,689: DEBUG: User-Name: [u'AAALoadScriptUser5@airborne.aircell.com']
2013-11-20 10:57:38,689: DEBUG: User-Name: [u'AAALoadScriptUser5@airborne.aircell.com']
2013-11-20 10:57:38,689: DEBUG: GoGo-Tail-Number: [u'AAATestNAS_249']
2013-11-20 10:57:38,689: DEBUG: GoGo-Tail-Number: [u'AAATestNAS_249']
2013-11-20 10:57:38,689: DEBUG: Acct-Output-Octets: [4423087]
2013-11-20 10:57:38,689: DEBUG: Acct-Output-Octets: [4423087]
2013-11-20 10:57:38,689: DEBUG: NAS-IP-Address: ['10.254.254.1']
2013-11-20 10:57:38,689: DEBUG: NAS-IP-Address: ['10.254.254.1']
2013-11-20 10:57:38,690: DEBUG: GoGo-Total-Output-Gigawords: [0]
2013-11-20 10:57:38,690: DEBUG: GoGo-Total-Output-Gigawords: [0]
2013-11-20 10:57:38,690: DEBUG: Framed-IP-Address: ['10.254.254.197']
2013-11-20 10:57:38,690: DEBUG: Framed-IP-Address: ['10.254.254.197']
2013-11-20 10:57:38,690: DEBUG: GoGo-Total-Input-Voice-Gigawords: [0]
2013-11-20 10:57:38,690: DEBUG: GoGo-Total-Input-Voice-Gigawords: [0]
2013-11-20 10:57:38,690: DEBUG: GoGo-Total-Output-Octets: [4423087]
2013-11-20 10:57:38,690: DEBUG: GoGo-Total-Output-Octets: [4423087]
2013-11-20 10:57:38,690: DEBUG: GoGo-Acct-Input-Voice-Octets: [0]
2013-11-20 10:57:38,690: DEBUG: GoGo-Acct-Input-Voice-Octets: [0]
2013-11-20 10:57:38,690: DEBUG: GoGo-Total-Input-Voice-Packets: [0]
2013-11-20 10:57:38,690: DEBUG: GoGo-Total-Input-Voice-Packets: [0]
2013-11-20 10:57:38,691: DEBUG: Called-Station-Id: [u'00:16:3E:25:41:F5']
2013-11-20 10:57:38,691: DEBUG: Called-Station-Id: [u'00:16:3E:25:41:F5']
2013-11-20 10:57:38,691: DEBUG: WISPr-Location-Name: [u'TEST LLC,BA01_01009']
2013-11-20 10:57:38,691: DEBUG: WISPr-Location-Name: [u'TEST LLC,BA01_01009']
2013-11-20 10:57:38,691: DEBUG: NAS-Identifier: [u'C08386']
2013-11-20 10:57:38,691: DEBUG: NAS-Identifier: [u'C08386']
2013-11-20 10:57:38,691: DEBUG: Proxy-State: ['3330,3132']
2013-11-20 10:57:38,691: DEBUG: Proxy-State: ['3330,3132']
2013-11-20 10:57:38,691: DEBUG: GoGo-Total-Input-Voice-Octets: [0]
2013-11-20 10:57:38,691: DEBUG: GoGo-Total-Input-Voice-Octets: [0]
2013-11-20 10:57:38,691: DEBUG: Acct-Status-Type: ['Interim-Update']
2013-11-20 10:57:38,691: DEBUG: Acct-Status-Type: ['Interim-Update']
2013-11-20 10:57:38,692: DEBUG: GoGo-Total-Output-Voice-Gigawords: [0]
2013-11-20 10:57:38,692: DEBUG: GoGo-Total-Output-Voice-Gigawords: [0]
2013-11-20 10:57:38,692: DEBUG: GoGo-Airline: [u'BA01']
2013-11-20 10:57:38,692: DEBUG: GoGo-Airline: [u'BA01']
2013-11-20 10:57:38,692: DEBUG: Acct-Session-Id: [u'AAATestNAS_249-1384925229518-00163E2541F5-1']
2013-11-20 10:57:38,692: DEBUG: Acct-Session-Id: [u'AAATestNAS_249-1384925229518-00163E2541F5-1']
2013-11-20 10:57:38,692: DEBUG: Acct-Session-Time: [9]
2013-11-20 10:57:38,692: DEBUG: Acct-Session-Time: [9]
2013-11-20 10:57:38,692: DEBUG: Acct-Input-Packets: [7457]
2013-11-20 10:57:38,692: DEBUG: Acct-Input-Packets: [7457]
2013-11-20 10:57:38,692: DEBUG: Acct-Output-Packets: [26217]
2013-11-20 10:57:38,692: DEBUG: Acct-Output-Packets: [26217]
2013-11-20 10:57:38,693: DEBUG: GoGo-Acct-Output-Voice-Packets: [0]
2013-11-20 10:57:38,693: DEBUG: GoGo-Acct-Output-Voice-Packets: [0]
2013-11-20 10:57:38,693: DEBUG: GoGo-Acct-Output-Voice-Octets: [0]
2013-11-20 10:57:38,693: DEBUG: GoGo-Acct-Output-Voice-Octets: [0]
2013-11-20 10:57:38,693: DEBUG: Acct-Output-Gigawords: [0]
2013-11-20 10:57:38,693: DEBUG: Acct-Output-Gigawords: [0]
2013-11-20 10:57:38,693: DEBUG: GoGo-Total-Output-Voice-Packets: [0]
2013-11-20 10:57:38,693: DEBUG: GoGo-Total-Output-Voice-Packets: [0]
2013-11-20 10:57:38,693: DEBUG: Acct-Input-Gigawords: [0]
2013-11-20 10:57:38,693: DEBUG: Acct-Input-Gigawords: [0]
2013-11-20 10:57:38,693: DEBUG: Calling-Station-Id: [u'19:21:31:41:52:31']
2013-11-20 10:57:38,693: DEBUG: Calling-Station-Id: [u'19:21:31:41:52:31']
2013-11-20 10:57:38,694: DEBUG: NAS-Port-Type: ['Wireless-802.11']
2013-11-20 10:57:38,694: DEBUG: NAS-Port-Type: ['Wireless-802.11']
2013-11-20 10:57:38,694: DEBUG: GoGo-Total-Output-Voice-Octets: [0]
2013-11-20 10:57:38,694: DEBUG: GoGo-Total-Output-Voice-Octets: [0]
2013-11-20 10:57:38,694: DEBUG: GoGo-Private-IP-Address: ['192.168.1.179']
2013-11-20 10:57:38,694: DEBUG: GoGo-Private-IP-Address: ['192.168.1.179']
2013-11-20 10:57:38,694: DEBUG: GoGo-Acct-Input-Voice-Gigawords: [0]
2013-11-20 10:57:38,694: DEBUG: GoGo-Acct-Input-Voice-Gigawords: [0]
2013-11-20 10:57:38,694: DEBUG: GoGo-Total-Input-Packets: [7457]
2013-11-20 10:57:38,694: DEBUG: GoGo-Total-Input-Packets: [7457]
2013-11-20 10:57:38,694: DEBUG: GoGo-Total-Input-Gigawords: [0]
2013-11-20 10:57:38,694: DEBUG: GoGo-Total-Input-Gigawords: [0]
2013-11-20 10:57:38,694: DEBUG: GoGo-Acct-Input-Voice-Packets: [0]
2013-11-20 10:57:38,694: DEBUG: GoGo-Acct-Input-Voice-Packets: [0]
2013-11-20 10:57:38,695: DEBUG: GoGo-Total-Input-Octets: [1782364]
2013-11-20 10:57:38,695: DEBUG: GoGo-Total-Input-Octets: [1782364]
2013-11-20 10:57:38,695: DEBUG: GoGo-Total-Output-Packets: [26217]
2013-11-20 10:57:38,695: DEBUG: GoGo-Total-Output-Packets: [26217]
2013-11-20 10:57:38,695: DEBUG: WISPr-Location-ID: [u'airline=BA01,tail=01009,network=']
2013-11-20 10:57:38,695: DEBUG: WISPr-Location-ID: [u'airline=BA01,tail=01009,network=']
2013-11-20 10:57:38,695: DEBUG: GoGo-Acct-Output-Voice-Gigawords: [0]
2013-11-20 10:57:38,695: DEBUG: GoGo-Acct-Output-Voice-Gigawords: [0]
2013-11-20 10:57:38,695: DEBUG: Acct-Input-Octets: [1782364]
2013-11-20 10:57:38,695: DEBUG: Acct-Input-Octets: [1782364]
2013-11-20 10:57:38,696: ERROR: Network error, Reason: 'Network error: Too many open files'
2013-11-20 10:57:38,696: ERROR: Network error, Reason: 'Network error: Too many open files'
2013-11-20 10:57:51,697: DEBUG: 

2013-11-20 10:57:51,697: DEBUG: 

2013-11-20 10:57:51,697: DEBUG: Creating Accounting Stop Request with the following Attributes:
2013-11-20 10:57:51,697: DEBUG: Creating Accounting Stop Request with the following Attributes:
2013-11-20 10:57:51,697: DEBUG: User-Name: [u'AAALoadScriptUser5@airborne.aircell.com']
2013-11-20 10:57:51,697: DEBUG: User-Name: [u'AAALoadScriptUser5@airborne.aircell.com']
2013-11-20 10:57:51,698: DEBUG: GoGo-Tail-Number: [u'01009']
2013-11-20 10:57:51,698: DEBUG: GoGo-Tail-Number: [u'01009']
2013-11-20 10:57:51,698: DEBUG: Acct-Output-Octets: [8546527]
2013-11-20 10:57:51,698: DEBUG: Acct-Output-Octets: [8546527]
2013-11-20 10:57:51,698: DEBUG: NAS-IP-Address: ['10.254.254.1']
2013-11-20 10:57:51,698: DEBUG: NAS-IP-Address: ['10.254.254.1']
2013-11-20 10:57:51,698: DEBUG: GoGo-Total-Output-Gigawords: [0]
2013-11-20 10:57:51,698: DEBUG: GoGo-Total-Output-Gigawords: [0]
2013-11-20 10:57:51,698: DEBUG: Framed-IP-Address: ['10.254.254.197']
2013-11-20 10:57:51,698: DEBUG: Framed-IP-Address: ['10.254.254.197']
2013-11-20 10:57:51,698: DEBUG: GoGo-Total-Input-Voice-Gigawords: [0]
2013-11-20 10:57:51,698: DEBUG: GoGo-Total-Input-Voice-Gigawords: [0]
2013-11-20 10:57:51,699: DEBUG: GoGo-Total-Output-Octets: [8546527]
2013-11-20 10:57:51,699: DEBUG: GoGo-Total-Output-Octets: [8546527]
2013-11-20 10:57:51,699: DEBUG: GoGo-Acct-Input-Voice-Octets: [0]
2013-11-20 10:57:51,699: DEBUG: GoGo-Acct-Input-Voice-Octets: [0]
2013-11-20 10:57:51,699: DEBUG: GoGo-Total-Input-Voice-Packets: [0]
2013-11-20 10:57:51,699: DEBUG: GoGo-Total-Input-Voice-Packets: [0]
2013-11-20 10:57:51,699: DEBUG: Called-Station-Id: [u'00:16:3E:25:41:F5']
2013-11-20 10:57:51,699: DEBUG: Called-Station-Id: [u'00:16:3E:25:41:F5']
2013-11-20 10:57:51,699: DEBUG: WISPr-Location-Name: [u'TEST LLC,BA01_01009']
2013-11-20 10:57:51,699: DEBUG: WISPr-Location-Name: [u'TEST LLC,BA01_01009']
2013-11-20 10:57:51,700: DEBUG: NAS-Identifier: [u'C08386']
2013-11-20 10:57:51,700: DEBUG: NAS-Identifier: [u'C08386']
2013-11-20 10:57:51,700: DEBUG: Proxy-State: ['3330,3132']
2013-11-20 10:57:51,700: DEBUG: Proxy-State: ['3330,3132']
2013-11-20 10:57:51,700: DEBUG: GoGo-Total-Input-Voice-Octets: [0]
2013-11-20 10:57:51,700: DEBUG: GoGo-Total-Input-Voice-Octets: [0]
2013-11-20 10:57:51,700: DEBUG: Acct-Status-Type: ['Stop']
2013-11-20 10:57:51,700: DEBUG: Acct-Status-Type: ['Stop']
2013-11-20 10:57:51,700: DEBUG: GoGo-Total-Output-Voice-Gigawords: [0]
2013-11-20 10:57:51,700: DEBUG: GoGo-Total-Output-Voice-Gigawords: [0]
2013-11-20 10:57:51,700: DEBUG: GoGo-Airline: [u'BA01']
2013-11-20 10:57:51,700: DEBUG: GoGo-Airline: [u'BA01']
2013-11-20 10:57:51,701: DEBUG: Acct-Session-Id: [u'AAATestNAS_249-1384925229518-00163E2541F5-1']
2013-11-20 10:57:51,701: DEBUG: Acct-Session-Id: [u'AAATestNAS_249-1384925229518-00163E2541F5-1']
2013-11-20 10:57:51,701: DEBUG: Acct-Session-Time: [13]
2013-11-20 10:57:51,701: DEBUG: Acct-Session-Time: [13]
2013-11-20 10:57:51,701: DEBUG: Acct-Input-Packets: [41519]
2013-11-20 10:57:51,701: DEBUG: Acct-Input-Packets: [41519]
2013-11-20 10:57:51,701: DEBUG: Acct-Output-Packets: [56923]
2013-11-20 10:57:51,701: DEBUG: Acct-Output-Packets: [56923]
2013-11-20 10:57:51,701: DEBUG: Acct-Terminate-Cause: ['User-Request']
2013-11-20 10:57:51,701: DEBUG: Acct-Terminate-Cause: ['User-Request']
2013-11-20 10:57:51,701: DEBUG: GoGo-Acct-Output-Voice-Octets: [0]
2013-11-20 10:57:51,701: DEBUG: GoGo-Acct-Output-Voice-Octets: [0]
2013-11-20 10:57:51,702: DEBUG: Acct-Output-Gigawords: [0]
2013-11-20 10:57:51,702: DEBUG: Acct-Output-Gigawords: [0]
2013-11-20 10:57:51,702: DEBUG: GoGo-Total-Output-Voice-Packets: [0]
2013-11-20 10:57:51,702: DEBUG: GoGo-Total-Output-Voice-Packets: [0]
2013-11-20 10:57:51,702: DEBUG: Acct-Input-Gigawords: [0]
2013-11-20 10:57:51,702: DEBUG: Acct-Input-Gigawords: [0]
2013-11-20 10:57:51,702: DEBUG: Calling-Station-Id: [u'19:21:31:41:52:31']
2013-11-20 10:57:51,702: DEBUG: Calling-Station-Id: [u'19:21:31:41:52:31']
2013-11-20 10:57:51,702: DEBUG: NAS-Port-Type: ['Wireless-802.11']
2013-11-20 10:57:51,702: DEBUG: NAS-Port-Type: ['Wireless-802.11']
2013-11-20 10:57:51,702: DEBUG: GoGo-Total-Output-Voice-Octets: [0]
2013-11-20 10:57:51,702: DEBUG: GoGo-Total-Output-Voice-Octets: [0]
2013-11-20 10:57:51,703: DEBUG: GoGo-Private-IP-Address: ['192.168.1.179']
2013-11-20 10:57:51,703: DEBUG: GoGo-Private-IP-Address: ['192.168.1.179']
2013-11-20 10:57:51,703: DEBUG: GoGo-Acct-Input-Voice-Gigawords: [0]
2013-11-20 10:57:51,703: DEBUG: GoGo-Acct-Input-Voice-Gigawords: [0]
2013-11-20 10:57:51,703: DEBUG: GoGo-Total-Input-Packets: [41519]
2013-11-20 10:57:51,703: DEBUG: GoGo-Total-Input-Packets: [41519]
2013-11-20 10:57:51,703: DEBUG: GoGo-Total-Input-Gigawords: [0]
2013-11-20 10:57:51,703: DEBUG: GoGo-Total-Input-Gigawords: [0]
2013-11-20 10:57:51,703: DEBUG: GoGo-Acct-Input-Voice-Packets: [0]
2013-11-20 10:57:51,703: DEBUG: GoGo-Acct-Input-Voice-Packets: [0]
2013-11-20 10:57:51,703: DEBUG: GoGo-Total-Input-Octets: [6272995]
2013-11-20 10:57:51,703: DEBUG: GoGo-Total-Input-Octets: [6272995]
2013-11-20 10:57:51,704: DEBUG: GoGo-Total-Output-Packets: [56923]
2013-11-20 10:57:51,704: DEBUG: GoGo-Total-Output-Packets: [56923]
2013-11-20 10:57:51,704: DEBUG: WISPr-Location-ID: [u'airline=BA01,tail=01009,network=']
2013-11-20 10:57:51,704: DEBUG: WISPr-Location-ID: [u'airline=BA01,tail=01009,network=']
2013-11-20 10:57:51,704: DEBUG: GoGo-Acct-Output-Voice-Packets: [0]
2013-11-20 10:57:51,704: DEBUG: GoGo-Acct-Output-Voice-Packets: [0]
2013-11-20 10:57:51,704: DEBUG: GoGo-Acct-Output-Voice-Gigawords: [0]
2013-11-20 10:57:51,704: DEBUG: GoGo-Acct-Output-Voice-Gigawords: [0]
2013-11-20 10:57:51,704: DEBUG: Acct-Input-Octets: [6272995]
2013-11-20 10:57:51,704: DEBUG: Acct-Input-Octets: [6272995]
2013-11-20 10:57:51,704: ERROR: Network error, Reason: 'Network error: Too many open files'
2013-11-20 10:57:51,704: ERROR: Network error, Reason: 'Network error: Too many open files'
2013-11-20 10:57:51,705: ERROR: Ending the test for this user
2013-11-20 10:57:51,705: ERROR: Ending the test for this user
2013-11-20 10:57:51,705: DEBUG: Ending the test for this user
2013-11-20 10:57:51,705: DEBUG: Ending the test for this user
