2013-11-20 10:55:41,386: DEBUG: Starting the client for the user AAALoadScriptUser4@airborne.aircell.com to the server localhost

2013-11-20 10:55:41,387: DEBUG: DURATION of the TEST: 100
2013-11-20 10:55:41,387: DEBUG: NAS-IP: 10.254.137.1
2013-11-20 10:55:41,387: DEBUG: NAS-MAC-ADDR: 18:21:31:41:52:13
2013-11-20 10:55:41,387: DEBUG: Abruptly End: False
2013-11-20 10:55:41,387: DEBUG: Framed-IP: 10.254.137.147
2013-11-20 10:55:41,387: DEBUG: User-MAC-Addr: 00:16:3E:45:BF:49
2013-11-20 10:55:41,387: DEBUG: 

2013-11-20 10:55:41,387: DEBUG: Creating Authentication Request with the following Attributes:
2013-11-20 10:55:41,388: DEBUG: NAS-Identifier: [u'C08386']
2013-11-20 10:55:41,388: DEBUG: User-Name: [u'AAALoadScriptUser4@airborne.aircell.com']
2013-11-20 10:55:41,388: DEBUG: NAS-IP-Address: ['10.254.137.1']
2013-11-20 10:55:41,388: DEBUG: Service-Type: ['Authenticate-Only']
2013-11-20 10:55:41,388: DEBUG: Proxy-State: ['3237,3134']
2013-11-20 10:55:41,388: DEBUG: Framed-IP-Address: ['10.254.137.147']
2013-11-20 10:55:41,388: DEBUG: GoGo-Airline: [u'BA01']
2013-11-20 10:55:41,388: DEBUG: Acct-Session-Id: [u'AAATestNAS_132-1384925141387-00163E45BF49-1']
2013-11-20 10:55:41,388: DEBUG: GoGo-Tail-Number: [u'AAATestNAS_132']
2013-11-20 10:55:41,388: DEBUG: GoGo-Private-IP-Address: ['192.168.1.179']
2013-11-20 10:55:41,388: DEBUG: WISPr-Location-ID: [u'airline=BA01,tail=01009,network=']
2013-11-20 10:55:41,388: DEBUG: WISPr-Location-Name: [u'TEST LLC,BA01_01009']
2013-11-20 10:55:41,389: DEBUG: NAS-Port-Type: ['Wireless-802.11']
2013-11-20 10:55:41,389: DEBUG: Called-Station-Id: [u'00:16:3E:45:BF:49']
2013-11-20 10:55:41,389: DEBUG: Calling-Station-Id: [u'18:21:31:41:52:13']
2013-11-20 10:55:41,390: DEBUG: 

2013-11-20 10:55:41,391: DEBUG: Received response with code: 2, Accepted
2013-11-20 10:55:41,391: DEBUG: Creating Authentication Request with the following Attributes:
2013-11-20 10:55:41,391: DEBUG: NAS-Identifier: [u'C08386']
2013-11-20 10:55:41,391: DEBUG: User-Name: [u'AAALoadScriptUser4@airborne.aircell.com']
2013-11-20 10:55:41,391: DEBUG: NAS-IP-Address: ['10.254.137.1']
2013-11-20 10:55:41,391: DEBUG: Service-Type: ['Login-User']
2013-11-20 10:55:41,391: DEBUG: Proxy-State: ['3237,3134']
2013-11-20 10:55:41,391: DEBUG: Framed-IP-Address: ['10.254.137.147']
2013-11-20 10:55:41,391: DEBUG: GoGo-Airline: [u'BA01']
2013-11-20 10:55:41,391: DEBUG: Acct-Session-Id: [u'AAATestNAS_132-1384925141391-00163E45BF49-1']
2013-11-20 10:55:41,392: DEBUG: GoGo-Tail-Number: [u'AAATestNAS_132']
2013-11-20 10:55:41,392: DEBUG: GoGo-Private-IP-Address: ['192.168.1.179']
2013-11-20 10:55:41,392: DEBUG: WISPr-Location-ID: [u'airline=BA01,tail=01009,network=']
2013-11-20 10:55:41,392: DEBUG: WISPr-Location-Name: [u'TEST LLC,BA01_01009']
2013-11-20 10:55:41,392: DEBUG: NAS-Port-Type: ['Wireless-802.11']
2013-11-20 10:55:41,392: DEBUG: Called-Station-Id: [u'00:16:3E:45:BF:49']
2013-11-20 10:55:41,392: DEBUG: Calling-Station-Id: [u'18:21:31:41:52:13']
2013-11-20 10:55:41,393: DEBUG: 

2013-11-20 10:55:41,393: DEBUG: Received response with code: 2, Accepted
2013-11-20 10:55:41,393: DEBUG: 

2013-11-20 10:55:41,393: DEBUG: Creating Accounting start Request with the following Attributes:
2013-11-20 10:55:41,393: DEBUG: NAS-Identifier: [u'C08386']
2013-11-20 10:55:41,393: DEBUG: User-Name: [u'AAALoadScriptUser4@airborne.aircell.com']
2013-11-20 10:55:41,393: DEBUG: GoGo-Tail-Number: [u'AAATestNAS_132']
2013-11-20 10:55:41,393: DEBUG: NAS-IP-Address: ['10.254.137.1']
2013-11-20 10:55:41,394: DEBUG: Proxy-State: ['3239,3131']
2013-11-20 10:55:41,394: DEBUG: Acct-Status-Type: ['Start']
2013-11-20 10:55:41,394: DEBUG: GoGo-Airline: [u'BA01']
2013-11-20 10:55:41,394: DEBUG: Acct-Session-Id: [u'AAATestNAS_132-1384925141391-00163E45BF49-1']
2013-11-20 10:55:41,394: DEBUG: GoGo-Private-IP-Address: ['192.168.1.179']
2013-11-20 10:55:41,394: DEBUG: Framed-IP-Address: ['10.254.137.147']
2013-11-20 10:55:41,394: DEBUG: WISPr-Location-ID: [u'airline=BA01,tail=01009,network=']
2013-11-20 10:55:41,394: DEBUG: WISPr-Location-Name: [u'TEST LLC,BA01_01009']
2013-11-20 10:55:41,394: DEBUG: NAS-Port-Type: ['Wireless-802.11']
2013-11-20 10:55:41,394: DEBUG: Called-Station-Id: [u'00:16:3E:45:BF:49']
2013-11-20 10:55:41,394: DEBUG: Calling-Station-Id: [u'18:21:31:41:52:13']
2013-11-20 10:55:41,395: DEBUG: 

2013-11-20 10:55:41,395: DEBUG: Received response with following attributes:
2013-11-20 10:55:51,396: DEBUG: 

2013-11-20 10:55:51,397: DEBUG: Creating Accounting Update Request with the following Attributes:
2013-11-20 10:55:51,397: DEBUG: User-Name: [u'AAALoadScriptUser4@airborne.aircell.com']
2013-11-20 10:55:51,397: DEBUG: GoGo-Tail-Number: [u'AAATestNAS_132']
2013-11-20 10:55:51,397: DEBUG: Acct-Output-Octets: [4009986]
2013-11-20 10:55:51,398: DEBUG: NAS-IP-Address: ['10.254.137.1']
2013-11-20 10:55:51,398: DEBUG: GoGo-Total-Output-Gigawords: [0]
2013-11-20 10:55:51,398: DEBUG: Framed-IP-Address: ['10.254.137.147']
2013-11-20 10:55:51,398: DEBUG: GoGo-Total-Input-Voice-Gigawords: [0]
2013-11-20 10:55:51,398: DEBUG: GoGo-Total-Output-Octets: [4009986]
2013-11-20 10:55:51,398: DEBUG: GoGo-Acct-Input-Voice-Octets: [0]
2013-11-20 10:55:51,399: DEBUG: GoGo-Total-Input-Voice-Packets: [0]
2013-11-20 10:55:51,399: DEBUG: Called-Station-Id: [u'00:16:3E:45:BF:49']
2013-11-20 10:55:51,399: DEBUG: WISPr-Location-Name: [u'TEST LLC,BA01_01009']
2013-11-20 10:55:51,399: DEBUG: NAS-Identifier: [u'C08386']
2013-11-20 10:55:51,399: DEBUG: Proxy-State: ['3330,3132']
2013-11-20 10:55:51,399: DEBUG: GoGo-Total-Input-Voice-Octets: [0]
2013-11-20 10:55:51,399: DEBUG: Acct-Status-Type: ['Interim-Update']
2013-11-20 10:55:51,399: DEBUG: GoGo-Total-Output-Voice-Gigawords: [0]
2013-11-20 10:55:51,399: DEBUG: GoGo-Airline: [u'BA01']
2013-11-20 10:55:51,399: DEBUG: Acct-Session-Id: [u'AAATestNAS_132-1384925141391-00163E45BF49-1']
2013-11-20 10:55:51,400: DEBUG: Acct-Session-Time: [10]
2013-11-20 10:55:51,400: DEBUG: Acct-Input-Packets: [38793]
2013-11-20 10:55:51,400: DEBUG: Acct-Output-Packets: [28243]
2013-11-20 10:55:51,400: DEBUG: GoGo-Acct-Output-Voice-Packets: [0]
2013-11-20 10:55:51,400: DEBUG: GoGo-Acct-Output-Voice-Octets: [0]
2013-11-20 10:55:51,400: DEBUG: Acct-Output-Gigawords: [0]
2013-11-20 10:55:51,400: DEBUG: GoGo-Total-Output-Voice-Packets: [0]
2013-11-20 10:55:51,400: DEBUG: Acct-Input-Gigawords: [0]
2013-11-20 10:55:51,400: DEBUG: Calling-Station-Id: [u'18:21:31:41:52:13']
2013-11-20 10:55:51,400: DEBUG: NAS-Port-Type: ['Wireless-802.11']
2013-11-20 10:55:51,400: DEBUG: GoGo-Total-Output-Voice-Octets: [0]
2013-11-20 10:55:51,400: DEBUG: GoGo-Private-IP-Address: ['192.168.1.179']
2013-11-20 10:55:51,400: DEBUG: GoGo-Acct-Input-Voice-Gigawords: [0]
2013-11-20 10:55:51,400: DEBUG: GoGo-Total-Input-Packets: [38793]
2013-11-20 10:55:51,401: DEBUG: GoGo-Total-Input-Gigawords: [0]
2013-11-20 10:55:51,401: DEBUG: GoGo-Acct-Input-Voice-Packets: [0]
2013-11-20 10:55:51,401: DEBUG: GoGo-Total-Input-Octets: [8855242]
2013-11-20 10:55:51,401: DEBUG: GoGo-Total-Output-Packets: [28243]
2013-11-20 10:55:51,401: DEBUG: WISPr-Location-ID: [u'airline=BA01,tail=01009,network=']
2013-11-20 10:55:51,401: DEBUG: GoGo-Acct-Output-Voice-Gigawords: [0]
2013-11-20 10:55:51,401: DEBUG: Acct-Input-Octets: [8855242]
2013-11-20 10:55:51,402: DEBUG: 

2013-11-20 10:55:51,403: DEBUG: Received response with following attributes:
2013-11-20 10:56:01,403: DEBUG: 

2013-11-20 10:56:01,404: DEBUG: Creating Accounting Update Request with the following Attributes:
2013-11-20 10:56:01,404: DEBUG: User-Name: [u'AAALoadScriptUser4@airborne.aircell.com']
2013-11-20 10:56:01,404: DEBUG: GoGo-Tail-Number: [u'AAATestNAS_132']
2013-11-20 10:56:01,404: DEBUG: Acct-Output-Octets: [7177401]
2013-11-20 10:56:01,404: DEBUG: NAS-IP-Address: ['10.254.137.1']
2013-11-20 10:56:01,404: DEBUG: GoGo-Total-Output-Gigawords: [0]
2013-11-20 10:56:01,404: DEBUG: Framed-IP-Address: ['10.254.137.147']
2013-11-20 10:56:01,404: DEBUG: GoGo-Total-Input-Voice-Gigawords: [0]
2013-11-20 10:56:01,404: DEBUG: GoGo-Total-Output-Octets: [7177401]
2013-11-20 10:56:01,404: DEBUG: GoGo-Acct-Input-Voice-Octets: [0]
2013-11-20 10:56:01,404: DEBUG: GoGo-Total-Input-Voice-Packets: [0]
2013-11-20 10:56:01,405: DEBUG: Called-Station-Id: [u'00:16:3E:45:BF:49']
2013-11-20 10:56:01,405: DEBUG: WISPr-Location-Name: [u'TEST LLC,BA01_01009']
2013-11-20 10:56:01,405: DEBUG: NAS-Identifier: [u'C08386']
2013-11-20 10:56:01,405: DEBUG: Proxy-State: ['3330,3132']
2013-11-20 10:56:01,405: DEBUG: GoGo-Total-Input-Voice-Octets: [0]
2013-11-20 10:56:01,405: DEBUG: Acct-Status-Type: ['Interim-Update']
2013-11-20 10:56:01,405: DEBUG: GoGo-Total-Output-Voice-Gigawords: [0]
2013-11-20 10:56:01,405: DEBUG: GoGo-Airline: [u'BA01']
2013-11-20 10:56:01,405: DEBUG: Acct-Session-Id: [u'AAATestNAS_132-1384925141391-00163E45BF49-1']
2013-11-20 10:56:01,405: DEBUG: Acct-Session-Time: [10]
2013-11-20 10:56:01,405: DEBUG: Acct-Input-Packets: [15517]
2013-11-20 10:56:01,405: DEBUG: Acct-Output-Packets: [33636]
2013-11-20 10:56:01,405: DEBUG: GoGo-Acct-Output-Voice-Packets: [0]
2013-11-20 10:56:01,405: DEBUG: GoGo-Acct-Output-Voice-Octets: [0]
2013-11-20 10:56:01,405: DEBUG: Acct-Output-Gigawords: [0]
2013-11-20 10:56:01,406: DEBUG: GoGo-Total-Output-Voice-Packets: [0]
2013-11-20 10:56:01,406: DEBUG: Acct-Input-Gigawords: [0]
2013-11-20 10:56:01,406: DEBUG: Calling-Station-Id: [u'18:21:31:41:52:13']
2013-11-20 10:56:01,406: DEBUG: NAS-Port-Type: ['Wireless-802.11']
2013-11-20 10:56:01,406: DEBUG: GoGo-Total-Output-Voice-Octets: [0]
2013-11-20 10:56:01,406: DEBUG: GoGo-Private-IP-Address: ['192.168.1.179']
2013-11-20 10:56:01,406: DEBUG: GoGo-Acct-Input-Voice-Gigawords: [0]
2013-11-20 10:56:01,406: DEBUG: GoGo-Total-Input-Packets: [15517]
2013-11-20 10:56:01,406: DEBUG: GoGo-Total-Input-Gigawords: [0]
2013-11-20 10:56:01,406: DEBUG: GoGo-Acct-Input-Voice-Packets: [0]
2013-11-20 10:56:01,406: DEBUG: GoGo-Total-Input-Octets: [5410845]
2013-11-20 10:56:01,406: DEBUG: GoGo-Total-Output-Packets: [33636]
2013-11-20 10:56:01,406: DEBUG: WISPr-Location-ID: [u'airline=BA01,tail=01009,network=']
2013-11-20 10:56:01,406: DEBUG: GoGo-Acct-Output-Voice-Gigawords: [0]
2013-11-20 10:56:01,407: DEBUG: Acct-Input-Octets: [5410845]
2013-11-20 10:56:01,408: DEBUG: 

2013-11-20 10:56:01,408: DEBUG: Received response with following attributes:
2013-11-20 10:56:11,409: DEBUG: 

2013-11-20 10:56:11,409: DEBUG: Creating Accounting Update Request with the following Attributes:
2013-11-20 10:56:11,409: DEBUG: User-Name: [u'AAALoadScriptUser4@airborne.aircell.com']
2013-11-20 10:56:11,409: DEBUG: GoGo-Tail-Number: [u'AAATestNAS_132']
2013-11-20 10:56:11,410: DEBUG: Acct-Output-Octets: [4751502]
2013-11-20 10:56:11,410: DEBUG: NAS-IP-Address: ['10.254.137.1']
2013-11-20 10:56:11,410: DEBUG: GoGo-Total-Output-Gigawords: [0]
2013-11-20 10:56:11,410: DEBUG: Framed-IP-Address: ['10.254.137.147']
2013-11-20 10:56:11,410: DEBUG: GoGo-Total-Input-Voice-Gigawords: [0]
2013-11-20 10:56:11,410: DEBUG: GoGo-Total-Output-Octets: [4751502]
2013-11-20 10:56:11,410: DEBUG: GoGo-Acct-Input-Voice-Octets: [0]
2013-11-20 10:56:11,410: DEBUG: GoGo-Total-Input-Voice-Packets: [0]
2013-11-20 10:56:11,410: DEBUG: Called-Station-Id: [u'00:16:3E:45:BF:49']
2013-11-20 10:56:11,410: DEBUG: WISPr-Location-Name: [u'TEST LLC,BA01_01009']
2013-11-20 10:56:11,410: DEBUG: NAS-Identifier: [u'C08386']
2013-11-20 10:56:11,410: DEBUG: Proxy-State: ['3330,3132']
2013-11-20 10:56:11,410: DEBUG: GoGo-Total-Input-Voice-Octets: [0]
2013-11-20 10:56:11,411: DEBUG: Acct-Status-Type: ['Interim-Update']
2013-11-20 10:56:11,411: DEBUG: GoGo-Total-Output-Voice-Gigawords: [0]
2013-11-20 10:56:11,411: DEBUG: GoGo-Airline: [u'BA01']
2013-11-20 10:56:11,411: DEBUG: Acct-Session-Id: [u'AAATestNAS_132-1384925141391-00163E45BF49-1']
2013-11-20 10:56:11,411: DEBUG: Acct-Session-Time: [10]
2013-11-20 10:56:11,411: DEBUG: Acct-Input-Packets: [35595]
2013-11-20 10:56:11,411: DEBUG: Acct-Output-Packets: [20525]
2013-11-20 10:56:11,411: DEBUG: GoGo-Acct-Output-Voice-Packets: [0]
2013-11-20 10:56:11,411: DEBUG: GoGo-Acct-Output-Voice-Octets: [0]
2013-11-20 10:56:11,411: DEBUG: Acct-Output-Gigawords: [0]
2013-11-20 10:56:11,411: DEBUG: GoGo-Total-Output-Voice-Packets: [0]
2013-11-20 10:56:11,411: DEBUG: Acct-Input-Gigawords: [0]
2013-11-20 10:56:11,411: DEBUG: Calling-Station-Id: [u'18:21:31:41:52:13']
2013-11-20 10:56:11,411: DEBUG: NAS-Port-Type: ['Wireless-802.11']
2013-11-20 10:56:11,412: DEBUG: GoGo-Total-Output-Voice-Octets: [0]
2013-11-20 10:56:11,412: DEBUG: GoGo-Private-IP-Address: ['192.168.1.179']
2013-11-20 10:56:11,412: DEBUG: GoGo-Acct-Input-Voice-Gigawords: [0]
2013-11-20 10:56:11,412: DEBUG: GoGo-Total-Input-Packets: [35595]
2013-11-20 10:56:11,412: DEBUG: GoGo-Total-Input-Gigawords: [0]
2013-11-20 10:56:11,412: DEBUG: GoGo-Acct-Input-Voice-Packets: [0]
2013-11-20 10:56:11,412: DEBUG: GoGo-Total-Input-Octets: [4357136]
2013-11-20 10:56:11,412: DEBUG: GoGo-Total-Output-Packets: [20525]
2013-11-20 10:56:11,412: DEBUG: WISPr-Location-ID: [u'airline=BA01,tail=01009,network=']
2013-11-20 10:56:11,412: DEBUG: GoGo-Acct-Output-Voice-Gigawords: [0]
2013-11-20 10:56:11,412: DEBUG: Acct-Input-Octets: [4357136]
2013-11-20 10:56:11,414: DEBUG: 

2013-11-20 10:56:11,414: DEBUG: Received response with following attributes:
2013-11-20 10:56:21,415: DEBUG: 

2013-11-20 10:56:21,416: DEBUG: Creating Accounting Update Request with the following Attributes:
2013-11-20 10:56:21,416: DEBUG: User-Name: [u'AAALoadScriptUser4@airborne.aircell.com']
2013-11-20 10:56:21,416: DEBUG: GoGo-Tail-Number: [u'AAATestNAS_132']
2013-11-20 10:56:21,417: DEBUG: Acct-Output-Octets: [3535638]
2013-11-20 10:56:21,417: DEBUG: NAS-IP-Address: ['10.254.137.1']
2013-11-20 10:56:21,417: DEBUG: GoGo-Total-Output-Gigawords: [0]
2013-11-20 10:56:21,417: DEBUG: Framed-IP-Address: ['10.254.137.147']
2013-11-20 10:56:21,417: DEBUG: GoGo-Total-Input-Voice-Gigawords: [0]
2013-11-20 10:56:21,417: DEBUG: GoGo-Total-Output-Octets: [3535638]
2013-11-20 10:56:21,417: DEBUG: GoGo-Acct-Input-Voice-Octets: [0]
2013-11-20 10:56:21,418: DEBUG: GoGo-Total-Input-Voice-Packets: [0]
2013-11-20 10:56:21,418: DEBUG: Called-Station-Id: [u'00:16:3E:45:BF:49']
2013-11-20 10:56:21,418: DEBUG: WISPr-Location-Name: [u'TEST LLC,BA01_01009']
2013-11-20 10:56:21,418: DEBUG: NAS-Identifier: [u'C08386']
2013-11-20 10:56:21,418: DEBUG: Proxy-State: ['3330,3132']
2013-11-20 10:56:21,418: DEBUG: GoGo-Total-Input-Voice-Octets: [0]
2013-11-20 10:56:21,419: DEBUG: Acct-Status-Type: ['Interim-Update']
2013-11-20 10:56:21,419: DEBUG: GoGo-Total-Output-Voice-Gigawords: [0]
2013-11-20 10:56:21,419: DEBUG: GoGo-Airline: [u'BA01']
2013-11-20 10:56:21,419: DEBUG: Acct-Session-Id: [u'AAATestNAS_132-1384925141391-00163E45BF49-1']
2013-11-20 10:56:21,419: DEBUG: Acct-Session-Time: [10]
2013-11-20 10:56:21,419: DEBUG: Acct-Input-Packets: [29423]
2013-11-20 10:56:21,419: DEBUG: Acct-Output-Packets: [28578]
2013-11-20 10:56:21,419: DEBUG: GoGo-Acct-Output-Voice-Packets: [0]
2013-11-20 10:56:21,420: DEBUG: GoGo-Acct-Output-Voice-Octets: [0]
2013-11-20 10:56:21,420: DEBUG: Acct-Output-Gigawords: [0]
2013-11-20 10:56:21,420: DEBUG: GoGo-Total-Output-Voice-Packets: [0]
2013-11-20 10:56:21,420: DEBUG: Acct-Input-Gigawords: [0]
2013-11-20 10:56:21,420: DEBUG: Calling-Station-Id: [u'18:21:31:41:52:13']
2013-11-20 10:56:21,420: DEBUG: NAS-Port-Type: ['Wireless-802.11']
2013-11-20 10:56:21,420: DEBUG: GoGo-Total-Output-Voice-Octets: [0]
2013-11-20 10:56:21,421: DEBUG: GoGo-Private-IP-Address: ['192.168.1.179']
2013-11-20 10:56:21,421: DEBUG: GoGo-Acct-Input-Voice-Gigawords: [0]
2013-11-20 10:56:21,421: DEBUG: GoGo-Total-Input-Packets: [29423]
2013-11-20 10:56:21,421: DEBUG: GoGo-Total-Input-Gigawords: [0]
2013-11-20 10:56:21,421: DEBUG: GoGo-Acct-Input-Voice-Packets: [0]
2013-11-20 10:56:21,421: DEBUG: GoGo-Total-Input-Octets: [7944909]
2013-11-20 10:56:21,421: DEBUG: GoGo-Total-Output-Packets: [28578]
2013-11-20 10:56:21,421: DEBUG: WISPr-Location-ID: [u'airline=BA01,tail=01009,network=']
2013-11-20 10:56:21,422: DEBUG: GoGo-Acct-Output-Voice-Gigawords: [0]
2013-11-20 10:56:21,422: DEBUG: Acct-Input-Octets: [7944909]
2013-11-20 10:56:21,424: DEBUG: 

2013-11-20 10:56:21,424: DEBUG: Received response with following attributes:
2013-11-20 10:56:31,425: DEBUG: 

2013-11-20 10:56:31,426: DEBUG: Creating Accounting Update Request with the following Attributes:
2013-11-20 10:56:31,426: DEBUG: User-Name: [u'AAALoadScriptUser4@airborne.aircell.com']
2013-11-20 10:56:31,426: DEBUG: GoGo-Tail-Number: [u'AAATestNAS_132']
2013-11-20 10:56:31,426: DEBUG: Acct-Output-Octets: [6714574]
2013-11-20 10:56:31,426: DEBUG: NAS-IP-Address: ['10.254.137.1']
2013-11-20 10:56:31,426: DEBUG: GoGo-Total-Output-Gigawords: [0]
2013-11-20 10:56:31,426: DEBUG: Framed-IP-Address: ['10.254.137.147']
2013-11-20 10:56:31,426: DEBUG: GoGo-Total-Input-Voice-Gigawords: [0]
2013-11-20 10:56:31,426: DEBUG: GoGo-Total-Output-Octets: [6714574]
2013-11-20 10:56:31,426: DEBUG: GoGo-Acct-Input-Voice-Octets: [0]
2013-11-20 10:56:31,426: DEBUG: GoGo-Total-Input-Voice-Packets: [0]
2013-11-20 10:56:31,427: DEBUG: Called-Station-Id: [u'00:16:3E:45:BF:49']
2013-11-20 10:56:31,427: DEBUG: WISPr-Location-Name: [u'TEST LLC,BA01_01009']
2013-11-20 10:56:31,427: DEBUG: NAS-Identifier: [u'C08386']
2013-11-20 10:56:31,427: DEBUG: Proxy-State: ['3330,3132']
2013-11-20 10:56:31,427: DEBUG: GoGo-Total-Input-Voice-Octets: [0]
2013-11-20 10:56:31,427: DEBUG: Acct-Status-Type: ['Interim-Update']
2013-11-20 10:56:31,427: DEBUG: GoGo-Total-Output-Voice-Gigawords: [0]
2013-11-20 10:56:31,427: DEBUG: GoGo-Airline: [u'BA01']
2013-11-20 10:56:31,427: DEBUG: Acct-Session-Id: [u'AAATestNAS_132-1384925141391-00163E45BF49-1']
2013-11-20 10:56:31,427: DEBUG: Acct-Session-Time: [10]
2013-11-20 10:56:31,427: DEBUG: Acct-Input-Packets: [69791]
2013-11-20 10:56:31,427: DEBUG: Acct-Output-Packets: [53453]
2013-11-20 10:56:31,427: DEBUG: GoGo-Acct-Output-Voice-Packets: [0]
2013-11-20 10:56:31,427: DEBUG: GoGo-Acct-Output-Voice-Octets: [0]
2013-11-20 10:56:31,427: DEBUG: Acct-Output-Gigawords: [0]
2013-11-20 10:56:31,428: DEBUG: GoGo-Total-Output-Voice-Packets: [0]
2013-11-20 10:56:31,428: DEBUG: Acct-Input-Gigawords: [0]
2013-11-20 10:56:31,428: DEBUG: Calling-Station-Id: [u'18:21:31:41:52:13']
2013-11-20 10:56:31,428: DEBUG: NAS-Port-Type: ['Wireless-802.11']
2013-11-20 10:56:31,428: DEBUG: GoGo-Total-Output-Voice-Octets: [0]
2013-11-20 10:56:31,428: DEBUG: GoGo-Private-IP-Address: ['192.168.1.179']
2013-11-20 10:56:31,428: DEBUG: GoGo-Acct-Input-Voice-Gigawords: [0]
2013-11-20 10:56:31,428: DEBUG: GoGo-Total-Input-Packets: [69791]
2013-11-20 10:56:31,428: DEBUG: GoGo-Total-Input-Gigawords: [0]
2013-11-20 10:56:31,428: DEBUG: GoGo-Acct-Input-Voice-Packets: [0]
2013-11-20 10:56:31,428: DEBUG: GoGo-Total-Input-Octets: [9990258]
2013-11-20 10:56:31,428: DEBUG: GoGo-Total-Output-Packets: [53453]
2013-11-20 10:56:31,428: DEBUG: WISPr-Location-ID: [u'airline=BA01,tail=01009,network=']
2013-11-20 10:56:31,428: DEBUG: GoGo-Acct-Output-Voice-Gigawords: [0]
2013-11-20 10:56:31,428: DEBUG: Acct-Input-Octets: [9990258]
2013-11-20 10:56:31,430: DEBUG: 

2013-11-20 10:56:31,430: DEBUG: Received response with following attributes:
2013-11-20 10:56:41,431: DEBUG: 

2013-11-20 10:56:41,431: DEBUG: Creating Accounting Update Request with the following Attributes:
2013-11-20 10:56:41,432: DEBUG: User-Name: [u'AAALoadScriptUser4@airborne.aircell.com']
2013-11-20 10:56:41,432: DEBUG: GoGo-Tail-Number: [u'AAATestNAS_132']
2013-11-20 10:56:41,432: DEBUG: Acct-Output-Octets: [8167895]
2013-11-20 10:56:41,432: DEBUG: NAS-IP-Address: ['10.254.137.1']
2013-11-20 10:56:41,432: DEBUG: GoGo-Total-Output-Gigawords: [0]
2013-11-20 10:56:41,432: DEBUG: Framed-IP-Address: ['10.254.137.147']
2013-11-20 10:56:41,432: DEBUG: GoGo-Total-Input-Voice-Gigawords: [0]
2013-11-20 10:56:41,432: DEBUG: GoGo-Total-Output-Octets: [8167895]
2013-11-20 10:56:41,432: DEBUG: GoGo-Acct-Input-Voice-Octets: [0]
2013-11-20 10:56:41,432: DEBUG: GoGo-Total-Input-Voice-Packets: [0]
2013-11-20 10:56:41,432: DEBUG: Called-Station-Id: [u'00:16:3E:45:BF:49']
2013-11-20 10:56:41,432: DEBUG: WISPr-Location-Name: [u'TEST LLC,BA01_01009']
2013-11-20 10:56:41,432: DEBUG: NAS-Identifier: [u'C08386']
2013-11-20 10:56:41,432: DEBUG: Proxy-State: ['3330,3132']
2013-11-20 10:56:41,432: DEBUG: GoGo-Total-Input-Voice-Octets: [0]
2013-11-20 10:56:41,433: DEBUG: Acct-Status-Type: ['Interim-Update']
2013-11-20 10:56:41,433: DEBUG: GoGo-Total-Output-Voice-Gigawords: [0]
2013-11-20 10:56:41,433: DEBUG: GoGo-Airline: [u'BA01']
2013-11-20 10:56:41,433: DEBUG: Acct-Session-Id: [u'AAATestNAS_132-1384925141391-00163E45BF49-1']
2013-11-20 10:56:41,433: DEBUG: Acct-Session-Time: [10]
2013-11-20 10:56:41,433: DEBUG: Acct-Input-Packets: [24444]
2013-11-20 10:56:41,433: DEBUG: Acct-Output-Packets: [26683]
2013-11-20 10:56:41,433: DEBUG: GoGo-Acct-Output-Voice-Packets: [0]
2013-11-20 10:56:41,433: DEBUG: GoGo-Acct-Output-Voice-Octets: [0]
2013-11-20 10:56:41,433: DEBUG: Acct-Output-Gigawords: [0]
2013-11-20 10:56:41,433: DEBUG: GoGo-Total-Output-Voice-Packets: [0]
2013-11-20 10:56:41,433: DEBUG: Acct-Input-Gigawords: [0]
2013-11-20 10:56:41,433: DEBUG: Calling-Station-Id: [u'18:21:31:41:52:13']
2013-11-20 10:56:41,433: DEBUG: NAS-Port-Type: ['Wireless-802.11']
2013-11-20 10:56:41,433: DEBUG: GoGo-Total-Output-Voice-Octets: [0]
2013-11-20 10:56:41,433: DEBUG: GoGo-Private-IP-Address: ['192.168.1.179']
2013-11-20 10:56:41,434: DEBUG: GoGo-Acct-Input-Voice-Gigawords: [0]
2013-11-20 10:56:41,434: DEBUG: GoGo-Total-Input-Packets: [24444]
2013-11-20 10:56:41,434: DEBUG: GoGo-Total-Input-Gigawords: [0]
2013-11-20 10:56:41,434: DEBUG: GoGo-Acct-Input-Voice-Packets: [0]
2013-11-20 10:56:41,434: DEBUG: GoGo-Total-Input-Octets: [6760621]
2013-11-20 10:56:41,434: DEBUG: GoGo-Total-Output-Packets: [26683]
2013-11-20 10:56:41,434: DEBUG: WISPr-Location-ID: [u'airline=BA01,tail=01009,network=']
2013-11-20 10:56:41,434: DEBUG: GoGo-Acct-Output-Voice-Gigawords: [0]
2013-11-20 10:56:41,434: DEBUG: Acct-Input-Octets: [6760621]
2013-11-20 10:56:41,436: DEBUG: 

2013-11-20 10:56:41,436: DEBUG: Received response with following attributes:
2013-11-20 10:56:51,437: DEBUG: 

2013-11-20 10:56:51,438: DEBUG: Creating Accounting Update Request with the following Attributes:
2013-11-20 10:56:51,438: DEBUG: User-Name: [u'AAALoadScriptUser4@airborne.aircell.com']
2013-11-20 10:56:51,438: DEBUG: GoGo-Tail-Number: [u'AAATestNAS_132']
2013-11-20 10:56:51,438: DEBUG: Acct-Output-Octets: [2341768]
2013-11-20 10:56:51,439: DEBUG: NAS-IP-Address: ['10.254.137.1']
2013-11-20 10:56:51,439: DEBUG: GoGo-Total-Output-Gigawords: [0]
2013-11-20 10:56:51,439: DEBUG: Framed-IP-Address: ['10.254.137.147']
2013-11-20 10:56:51,439: DEBUG: GoGo-Total-Input-Voice-Gigawords: [0]
2013-11-20 10:56:51,439: DEBUG: GoGo-Total-Output-Octets: [2341768]
2013-11-20 10:56:51,439: DEBUG: GoGo-Acct-Input-Voice-Octets: [0]
2013-11-20 10:56:51,439: DEBUG: GoGo-Total-Input-Voice-Packets: [0]
2013-11-20 10:56:51,440: DEBUG: Called-Station-Id: [u'00:16:3E:45:BF:49']
2013-11-20 10:56:51,440: DEBUG: WISPr-Location-Name: [u'TEST LLC,BA01_01009']
2013-11-20 10:56:51,440: DEBUG: NAS-Identifier: [u'C08386']
2013-11-20 10:56:51,440: DEBUG: Proxy-State: ['3330,3132']
2013-11-20 10:56:51,440: DEBUG: GoGo-Total-Input-Voice-Octets: [0]
2013-11-20 10:56:51,440: DEBUG: Acct-Status-Type: ['Interim-Update']
2013-11-20 10:56:51,440: DEBUG: GoGo-Total-Output-Voice-Gigawords: [0]
2013-11-20 10:56:51,440: DEBUG: GoGo-Airline: [u'BA01']
2013-11-20 10:56:51,441: DEBUG: Acct-Session-Id: [u'AAATestNAS_132-1384925141391-00163E45BF49-1']
2013-11-20 10:56:51,441: DEBUG: Acct-Session-Time: [10]
2013-11-20 10:56:51,441: DEBUG: Acct-Input-Packets: [17109]
2013-11-20 10:56:51,441: DEBUG: Acct-Output-Packets: [18214]
2013-11-20 10:56:51,441: DEBUG: GoGo-Acct-Output-Voice-Packets: [0]
2013-11-20 10:56:51,441: DEBUG: GoGo-Acct-Output-Voice-Octets: [0]
2013-11-20 10:56:51,441: DEBUG: Acct-Output-Gigawords: [0]
2013-11-20 10:56:51,441: DEBUG: GoGo-Total-Output-Voice-Packets: [0]
2013-11-20 10:56:51,442: DEBUG: Acct-Input-Gigawords: [0]
2013-11-20 10:56:51,442: DEBUG: Calling-Station-Id: [u'18:21:31:41:52:13']
2013-11-20 10:56:51,442: DEBUG: NAS-Port-Type: ['Wireless-802.11']
2013-11-20 10:56:51,442: DEBUG: GoGo-Total-Output-Voice-Octets: [0]
2013-11-20 10:56:51,442: DEBUG: GoGo-Private-IP-Address: ['192.168.1.179']
2013-11-20 10:56:51,442: DEBUG: GoGo-Acct-Input-Voice-Gigawords: [0]
2013-11-20 10:56:51,442: DEBUG: GoGo-Total-Input-Packets: [17109]
2013-11-20 10:56:51,442: DEBUG: GoGo-Total-Input-Gigawords: [0]
2013-11-20 10:56:51,442: DEBUG: GoGo-Acct-Input-Voice-Packets: [0]
2013-11-20 10:56:51,443: DEBUG: GoGo-Total-Input-Octets: [4241495]
2013-11-20 10:56:51,443: DEBUG: GoGo-Total-Output-Packets: [18214]
2013-11-20 10:56:51,443: DEBUG: WISPr-Location-ID: [u'airline=BA01,tail=01009,network=']
2013-11-20 10:56:51,443: DEBUG: GoGo-Acct-Output-Voice-Gigawords: [0]
2013-11-20 10:56:51,443: DEBUG: Acct-Input-Octets: [4241495]
2013-11-20 10:56:51,445: DEBUG: 

2013-11-20 10:56:51,445: DEBUG: Received response with following attributes:
2013-11-20 10:57:01,446: DEBUG: 

2013-11-20 10:57:01,447: DEBUG: Creating Accounting Update Request with the following Attributes:
2013-11-20 10:57:01,447: DEBUG: User-Name: [u'AAALoadScriptUser4@airborne.aircell.com']
2013-11-20 10:57:01,447: DEBUG: GoGo-Tail-Number: [u'AAATestNAS_132']
2013-11-20 10:57:01,447: DEBUG: Acct-Output-Octets: [8332844]
2013-11-20 10:57:01,448: DEBUG: NAS-IP-Address: ['10.254.137.1']
2013-11-20 10:57:01,448: DEBUG: GoGo-Total-Output-Gigawords: [0]
2013-11-20 10:57:01,448: DEBUG: Framed-IP-Address: ['10.254.137.147']
2013-11-20 10:57:01,448: DEBUG: GoGo-Total-Input-Voice-Gigawords: [0]
2013-11-20 10:57:01,448: DEBUG: GoGo-Total-Output-Octets: [8332844]
2013-11-20 10:57:01,448: DEBUG: GoGo-Acct-Input-Voice-Octets: [0]
2013-11-20 10:57:01,448: DEBUG: GoGo-Total-Input-Voice-Packets: [0]
2013-11-20 10:57:01,448: DEBUG: Called-Station-Id: [u'00:16:3E:45:BF:49']
2013-11-20 10:57:01,448: DEBUG: WISPr-Location-Name: [u'TEST LLC,BA01_01009']
2013-11-20 10:57:01,448: DEBUG: NAS-Identifier: [u'C08386']
2013-11-20 10:57:01,448: DEBUG: Proxy-State: ['3330,3132']
2013-11-20 10:57:01,448: DEBUG: GoGo-Total-Input-Voice-Octets: [0]
2013-11-20 10:57:01,449: DEBUG: Acct-Status-Type: ['Interim-Update']
2013-11-20 10:57:01,449: DEBUG: GoGo-Total-Output-Voice-Gigawords: [0]
2013-11-20 10:57:01,449: DEBUG: GoGo-Airline: [u'BA01']
2013-11-20 10:57:01,449: DEBUG: Acct-Session-Id: [u'AAATestNAS_132-1384925141391-00163E45BF49-1']
2013-11-20 10:57:01,449: DEBUG: Acct-Session-Time: [10]
2013-11-20 10:57:01,449: DEBUG: Acct-Input-Packets: [21874]
2013-11-20 10:57:01,449: DEBUG: Acct-Output-Packets: [70318]
2013-11-20 10:57:01,449: DEBUG: GoGo-Acct-Output-Voice-Packets: [0]
2013-11-20 10:57:01,449: DEBUG: GoGo-Acct-Output-Voice-Octets: [0]
2013-11-20 10:57:01,449: DEBUG: Acct-Output-Gigawords: [0]
2013-11-20 10:57:01,449: DEBUG: GoGo-Total-Output-Voice-Packets: [0]
2013-11-20 10:57:01,449: DEBUG: Acct-Input-Gigawords: [0]
2013-11-20 10:57:01,449: DEBUG: Calling-Station-Id: [u'18:21:31:41:52:13']
2013-11-20 10:57:01,449: DEBUG: NAS-Port-Type: ['Wireless-802.11']
2013-11-20 10:57:01,450: DEBUG: GoGo-Total-Output-Voice-Octets: [0]
2013-11-20 10:57:01,450: DEBUG: GoGo-Private-IP-Address: ['192.168.1.179']
2013-11-20 10:57:01,450: DEBUG: GoGo-Acct-Input-Voice-Gigawords: [0]
2013-11-20 10:57:01,450: DEBUG: GoGo-Total-Input-Packets: [21874]
2013-11-20 10:57:01,450: DEBUG: GoGo-Total-Input-Gigawords: [0]
2013-11-20 10:57:01,450: DEBUG: GoGo-Acct-Input-Voice-Packets: [0]
2013-11-20 10:57:01,450: DEBUG: GoGo-Total-Input-Octets: [4556075]
2013-11-20 10:57:01,450: DEBUG: GoGo-Total-Output-Packets: [70318]
2013-11-20 10:57:01,450: DEBUG: WISPr-Location-ID: [u'airline=BA01,tail=01009,network=']
2013-11-20 10:57:01,450: DEBUG: GoGo-Acct-Output-Voice-Gigawords: [0]
2013-11-20 10:57:01,450: DEBUG: Acct-Input-Octets: [4556075]
2013-11-20 10:57:01,452: DEBUG: 

2013-11-20 10:57:01,453: DEBUG: Received response with following attributes:
2013-11-20 10:57:11,453: DEBUG: 

2013-11-20 10:57:11,454: DEBUG: Creating Accounting Update Request with the following Attributes:
2013-11-20 10:57:11,454: DEBUG: User-Name: [u'AAALoadScriptUser4@airborne.aircell.com']
2013-11-20 10:57:11,454: DEBUG: GoGo-Tail-Number: [u'AAATestNAS_132']
2013-11-20 10:57:11,454: DEBUG: Acct-Output-Octets: [6930780]
2013-11-20 10:57:11,454: DEBUG: NAS-IP-Address: ['10.254.137.1']
2013-11-20 10:57:11,454: DEBUG: GoGo-Total-Output-Gigawords: [0]
2013-11-20 10:57:11,454: DEBUG: Framed-IP-Address: ['10.254.137.147']
2013-11-20 10:57:11,454: DEBUG: GoGo-Total-Input-Voice-Gigawords: [0]
2013-11-20 10:57:11,454: DEBUG: GoGo-Total-Output-Octets: [6930780]
2013-11-20 10:57:11,454: DEBUG: GoGo-Acct-Input-Voice-Octets: [0]
2013-11-20 10:57:11,454: DEBUG: GoGo-Total-Input-Voice-Packets: [0]
2013-11-20 10:57:11,455: DEBUG: Called-Station-Id: [u'00:16:3E:45:BF:49']
2013-11-20 10:57:11,455: DEBUG: WISPr-Location-Name: [u'TEST LLC,BA01_01009']
2013-11-20 10:57:11,455: DEBUG: NAS-Identifier: [u'C08386']
2013-11-20 10:57:11,455: DEBUG: Proxy-State: ['3330,3132']
2013-11-20 10:57:11,455: DEBUG: GoGo-Total-Input-Voice-Octets: [0]
2013-11-20 10:57:11,455: DEBUG: Acct-Status-Type: ['Interim-Update']
2013-11-20 10:57:11,455: DEBUG: GoGo-Total-Output-Voice-Gigawords: [0]
2013-11-20 10:57:11,455: DEBUG: GoGo-Airline: [u'BA01']
2013-11-20 10:57:11,455: DEBUG: Acct-Session-Id: [u'AAATestNAS_132-1384925141391-00163E45BF49-1']
2013-11-20 10:57:11,455: DEBUG: Acct-Session-Time: [10]
2013-11-20 10:57:11,455: DEBUG: Acct-Input-Packets: [56772]
2013-11-20 10:57:11,455: DEBUG: Acct-Output-Packets: [45938]
2013-11-20 10:57:11,455: DEBUG: GoGo-Acct-Output-Voice-Packets: [0]
2013-11-20 10:57:11,455: DEBUG: GoGo-Acct-Output-Voice-Octets: [0]
2013-11-20 10:57:11,456: DEBUG: Acct-Output-Gigawords: [0]
2013-11-20 10:57:11,456: DEBUG: GoGo-Total-Output-Voice-Packets: [0]
2013-11-20 10:57:11,456: DEBUG: Acct-Input-Gigawords: [0]
2013-11-20 10:57:11,456: DEBUG: Calling-Station-Id: [u'18:21:31:41:52:13']
2013-11-20 10:57:11,456: DEBUG: NAS-Port-Type: ['Wireless-802.11']
2013-11-20 10:57:11,456: DEBUG: GoGo-Total-Output-Voice-Octets: [0]
2013-11-20 10:57:11,456: DEBUG: GoGo-Private-IP-Address: ['192.168.1.179']
2013-11-20 10:57:11,456: DEBUG: GoGo-Acct-Input-Voice-Gigawords: [0]
2013-11-20 10:57:11,456: DEBUG: GoGo-Total-Input-Packets: [56772]
2013-11-20 10:57:11,456: DEBUG: GoGo-Total-Input-Gigawords: [0]
2013-11-20 10:57:11,456: DEBUG: GoGo-Acct-Input-Voice-Packets: [0]
2013-11-20 10:57:11,456: DEBUG: GoGo-Total-Input-Octets: [6660154]
2013-11-20 10:57:11,456: DEBUG: GoGo-Total-Output-Packets: [45938]
2013-11-20 10:57:11,456: DEBUG: WISPr-Location-ID: [u'airline=BA01,tail=01009,network=']
2013-11-20 10:57:11,456: DEBUG: GoGo-Acct-Output-Voice-Gigawords: [0]
2013-11-20 10:57:11,457: DEBUG: Acct-Input-Octets: [6660154]
2013-11-20 10:57:11,458: DEBUG: 

2013-11-20 10:57:11,458: DEBUG: Received response with following attributes:
2013-11-20 10:57:21,459: DEBUG: 

2013-11-20 10:57:21,459: DEBUG: Creating Accounting Update Request with the following Attributes:
2013-11-20 10:57:21,460: DEBUG: User-Name: [u'AAALoadScriptUser4@airborne.aircell.com']
2013-11-20 10:57:21,460: DEBUG: GoGo-Tail-Number: [u'AAATestNAS_132']
2013-11-20 10:57:21,460: DEBUG: Acct-Output-Octets: [7590546]
2013-11-20 10:57:21,460: DEBUG: NAS-IP-Address: ['10.254.137.1']
2013-11-20 10:57:21,460: DEBUG: GoGo-Total-Output-Gigawords: [0]
2013-11-20 10:57:21,460: DEBUG: Framed-IP-Address: ['10.254.137.147']
2013-11-20 10:57:21,460: DEBUG: GoGo-Total-Input-Voice-Gigawords: [0]
2013-11-20 10:57:21,460: DEBUG: GoGo-Total-Output-Octets: [7590546]
2013-11-20 10:57:21,460: DEBUG: GoGo-Acct-Input-Voice-Octets: [0]
2013-11-20 10:57:21,461: DEBUG: GoGo-Total-Input-Voice-Packets: [0]
2013-11-20 10:57:21,461: DEBUG: Called-Station-Id: [u'00:16:3E:45:BF:49']
2013-11-20 10:57:21,461: DEBUG: WISPr-Location-Name: [u'TEST LLC,BA01_01009']
2013-11-20 10:57:21,461: DEBUG: NAS-Identifier: [u'C08386']
2013-11-20 10:57:21,461: DEBUG: Proxy-State: ['3330,3132']
2013-11-20 10:57:21,461: DEBUG: GoGo-Total-Input-Voice-Octets: [0]
2013-11-20 10:57:21,461: DEBUG: Acct-Status-Type: ['Interim-Update']
2013-11-20 10:57:21,461: DEBUG: GoGo-Total-Output-Voice-Gigawords: [0]
2013-11-20 10:57:21,461: DEBUG: GoGo-Airline: [u'BA01']
2013-11-20 10:57:21,461: DEBUG: Acct-Session-Id: [u'AAATestNAS_132-1384925141391-00163E45BF49-1']
2013-11-20 10:57:21,462: DEBUG: Acct-Session-Time: [10]
2013-11-20 10:57:21,462: DEBUG: Acct-Input-Packets: [34854]
2013-11-20 10:57:21,462: DEBUG: Acct-Output-Packets: [46350]
2013-11-20 10:57:21,462: DEBUG: GoGo-Acct-Output-Voice-Packets: [0]
2013-11-20 10:57:21,462: DEBUG: GoGo-Acct-Output-Voice-Octets: [0]
2013-11-20 10:57:21,462: DEBUG: Acct-Output-Gigawords: [0]
2013-11-20 10:57:21,462: DEBUG: GoGo-Total-Output-Voice-Packets: [0]
2013-11-20 10:57:21,462: DEBUG: Acct-Input-Gigawords: [0]
2013-11-20 10:57:21,462: DEBUG: Calling-Station-Id: [u'18:21:31:41:52:13']
2013-11-20 10:57:21,462: DEBUG: NAS-Port-Type: ['Wireless-802.11']
2013-11-20 10:57:21,462: DEBUG: GoGo-Total-Output-Voice-Octets: [0]
2013-11-20 10:57:21,462: DEBUG: GoGo-Private-IP-Address: ['192.168.1.179']
2013-11-20 10:57:21,463: DEBUG: GoGo-Acct-Input-Voice-Gigawords: [0]
2013-11-20 10:57:21,463: DEBUG: GoGo-Total-Input-Packets: [34854]
2013-11-20 10:57:21,463: DEBUG: GoGo-Total-Input-Gigawords: [0]
2013-11-20 10:57:21,463: DEBUG: GoGo-Acct-Input-Voice-Packets: [0]
2013-11-20 10:57:21,463: DEBUG: GoGo-Total-Input-Octets: [5467692]
2013-11-20 10:57:21,463: DEBUG: GoGo-Total-Output-Packets: [46350]
2013-11-20 10:57:21,463: DEBUG: WISPr-Location-ID: [u'airline=BA01,tail=01009,network=']
2013-11-20 10:57:21,463: DEBUG: GoGo-Acct-Output-Voice-Gigawords: [0]
2013-11-20 10:57:21,463: DEBUG: Acct-Input-Octets: [5467692]
2013-11-20 10:57:21,465: DEBUG: 

2013-11-20 10:57:21,465: DEBUG: Received response with following attributes:
2013-11-20 10:57:38,466: DEBUG: 

2013-11-20 10:57:38,467: DEBUG: Creating Accounting Stop Request with the following Attributes:
2013-11-20 10:57:38,467: DEBUG: User-Name: [u'AAALoadScriptUser4@airborne.aircell.com']
2013-11-20 10:57:38,468: DEBUG: GoGo-Tail-Number: [u'01009']
2013-11-20 10:57:38,468: DEBUG: Acct-Output-Octets: [7746900]
2013-11-20 10:57:38,468: DEBUG: NAS-IP-Address: ['10.254.137.1']
2013-11-20 10:57:38,468: DEBUG: GoGo-Total-Output-Gigawords: [0]
2013-11-20 10:57:38,468: DEBUG: Framed-IP-Address: ['10.254.137.147']
2013-11-20 10:57:38,468: DEBUG: GoGo-Total-Input-Voice-Gigawords: [0]
2013-11-20 10:57:38,468: DEBUG: GoGo-Total-Output-Octets: [7746900]
2013-11-20 10:57:38,468: DEBUG: GoGo-Acct-Input-Voice-Octets: [0]
2013-11-20 10:57:38,469: DEBUG: GoGo-Total-Input-Voice-Packets: [0]
2013-11-20 10:57:38,469: DEBUG: Called-Station-Id: [u'00:16:3E:45:BF:49']
2013-11-20 10:57:38,469: DEBUG: WISPr-Location-Name: [u'TEST LLC,BA01_01009']
2013-11-20 10:57:38,469: DEBUG: NAS-Identifier: [u'C08386']
2013-11-20 10:57:38,469: DEBUG: Proxy-State: ['3330,3132']
2013-11-20 10:57:38,469: DEBUG: GoGo-Total-Input-Voice-Octets: [0]
2013-11-20 10:57:38,469: DEBUG: Acct-Status-Type: ['Stop']
2013-11-20 10:57:38,469: DEBUG: GoGo-Total-Output-Voice-Gigawords: [0]
2013-11-20 10:57:38,469: DEBUG: GoGo-Airline: [u'BA01']
2013-11-20 10:57:38,470: DEBUG: Acct-Session-Id: [u'AAATestNAS_132-1384925141391-00163E45BF49-1']
2013-11-20 10:57:38,470: DEBUG: Acct-Session-Time: [17]
2013-11-20 10:57:38,470: DEBUG: Acct-Input-Packets: [4501]
2013-11-20 10:57:38,470: DEBUG: Acct-Output-Packets: [26278]
2013-11-20 10:57:38,470: DEBUG: Acct-Terminate-Cause: ['User-Request']
2013-11-20 10:57:38,470: DEBUG: GoGo-Acct-Output-Voice-Octets: [0]
2013-11-20 10:57:38,470: DEBUG: Acct-Output-Gigawords: [0]
2013-11-20 10:57:38,470: DEBUG: GoGo-Total-Output-Voice-Packets: [0]
2013-11-20 10:57:38,470: DEBUG: Acct-Input-Gigawords: [0]
2013-11-20 10:57:38,470: DEBUG: Calling-Station-Id: [u'18:21:31:41:52:13']
2013-11-20 10:57:38,471: DEBUG: NAS-Port-Type: ['Wireless-802.11']
2013-11-20 10:57:38,471: DEBUG: GoGo-Total-Output-Voice-Octets: [0]
2013-11-20 10:57:38,471: DEBUG: GoGo-Private-IP-Address: ['192.168.1.179']
2013-11-20 10:57:38,471: DEBUG: GoGo-Acct-Input-Voice-Gigawords: [0]
2013-11-20 10:57:38,471: DEBUG: GoGo-Total-Input-Packets: [4501]
2013-11-20 10:57:38,471: DEBUG: GoGo-Total-Input-Gigawords: [0]
2013-11-20 10:57:38,471: DEBUG: GoGo-Acct-Input-Voice-Packets: [0]
2013-11-20 10:57:38,471: DEBUG: GoGo-Total-Input-Octets: [3562686]
2013-11-20 10:57:38,471: DEBUG: GoGo-Total-Output-Packets: [26278]
2013-11-20 10:57:38,472: DEBUG: WISPr-Location-ID: [u'airline=BA01,tail=01009,network=']
2013-11-20 10:57:38,472: DEBUG: GoGo-Acct-Output-Voice-Packets: [0]
2013-11-20 10:57:38,472: DEBUG: GoGo-Acct-Output-Voice-Gigawords: [0]
2013-11-20 10:57:38,472: DEBUG: Acct-Input-Octets: [3562686]
2013-11-20 10:57:38,472: ERROR: Network error, Reason: 'Network error: Too many open files'
2013-11-20 10:57:38,472: ERROR: Ending the test for this user
2013-11-20 10:57:38,472: DEBUG: Ending the test for this user
