2013-11-20 10:55:41,677: DEBUG: Starting the client for the user username4@airborne.aircell.com to the server localhost

2013-11-20 10:55:41,677: DEBUG: DURATION of the TEST: 12
2013-11-20 10:55:41,677: DEBUG: NAS-IP: 10.254.207.1
2013-11-20 10:55:41,677: DEBUG: NAS-MAC-ADDR: 18:21:31:41:52:83
2013-11-20 10:55:41,677: DEBUG: Abruptly End: True
2013-11-20 10:55:41,677: DEBUG: Framed-IP: 10.254.207.77
2013-11-20 10:55:41,677: DEBUG: User-MAC-Addr: 00:16:3E:39:2C:D1
2013-11-20 10:55:41,677: DEBUG: 

2013-11-20 10:55:41,678: DEBUG: Creating Authentication Request with the following Attributes:
2013-11-20 10:55:41,678: DEBUG: NAS-Identifier: [u'C08386']
2013-11-20 10:55:41,678: DEBUG: User-Name: [u'username4@airborne.aircell.com']
2013-11-20 10:55:41,678: DEBUG: NAS-IP-Address: ['10.254.207.1']
2013-11-20 10:55:41,678: DEBUG: Service-Type: ['Authenticate-Only']
2013-11-20 10:55:41,678: DEBUG: Proxy-State: ['3237,3134']
2013-11-20 10:55:41,678: DEBUG: Framed-IP-Address: ['10.254.207.77']
2013-11-20 10:55:41,678: DEBUG: GoGo-Airline: [u'BA01']
2013-11-20 10:55:41,678: DEBUG: Acct-Session-Id: [u'AAATestNAS_202-1384925141677-00163E392CD1-1']
2013-11-20 10:55:41,678: DEBUG: GoGo-Tail-Number: [u'AAATestNAS_202']
2013-11-20 10:55:41,678: DEBUG: GoGo-Private-IP-Address: ['192.168.1.179']
2013-11-20 10:55:41,679: DEBUG: WISPr-Location-ID: [u'airline=BA01,tail=01009,network=']
2013-11-20 10:55:41,679: DEBUG: WISPr-Location-Name: [u'TEST LLC,BA01_01009']
2013-11-20 10:55:41,679: DEBUG: NAS-Port-Type: ['Wireless-802.11']
2013-11-20 10:55:41,679: DEBUG: Called-Station-Id: [u'00:16:3E:39:2C:D1']
2013-11-20 10:55:41,679: DEBUG: Calling-Station-Id: [u'18:21:31:41:52:83']
2013-11-20 10:55:41,680: DEBUG: 

2013-11-20 10:55:41,680: DEBUG: Received response with code: 2, Accepted
2013-11-20 10:55:41,680: DEBUG: Creating Authentication Request with the following Attributes:
2013-11-20 10:55:41,680: DEBUG: NAS-Identifier: [u'C08386']
2013-11-20 10:55:41,680: DEBUG: User-Name: [u'username4@airborne.aircell.com']
2013-11-20 10:55:41,681: DEBUG: NAS-IP-Address: ['10.254.207.1']
2013-11-20 10:55:41,681: DEBUG: Service-Type: ['Login-User']
2013-11-20 10:55:41,681: DEBUG: Proxy-State: ['3237,3134']
2013-11-20 10:55:41,681: DEBUG: Framed-IP-Address: ['10.254.207.77']
2013-11-20 10:55:41,681: DEBUG: GoGo-Airline: [u'BA01']
2013-11-20 10:55:41,681: DEBUG: Acct-Session-Id: [u'AAATestNAS_202-1384925141680-00163E392CD1-1']
2013-11-20 10:55:41,681: DEBUG: GoGo-Tail-Number: [u'AAATestNAS_202']
2013-11-20 10:55:41,681: DEBUG: GoGo-Private-IP-Address: ['192.168.1.179']
2013-11-20 10:55:41,681: DEBUG: WISPr-Location-ID: [u'airline=BA01,tail=01009,network=']
2013-11-20 10:55:41,681: DEBUG: WISPr-Location-Name: [u'TEST LLC,BA01_01009']
2013-11-20 10:55:41,681: DEBUG: NAS-Port-Type: ['Wireless-802.11']
2013-11-20 10:55:41,681: DEBUG: Called-Station-Id: [u'00:16:3E:39:2C:D1']
2013-11-20 10:55:41,682: DEBUG: Calling-Station-Id: [u'18:21:31:41:52:83']
2013-11-20 10:55:41,682: DEBUG: 

2013-11-20 10:55:41,683: DEBUG: Received response with code: 2, Accepted
2013-11-20 10:55:41,683: DEBUG: 

2013-11-20 10:55:41,683: DEBUG: Creating Accounting start Request with the following Attributes:
2013-11-20 10:55:41,683: DEBUG: NAS-Identifier: [u'C08386']
2013-11-20 10:55:41,683: DEBUG: User-Name: [u'username4@airborne.aircell.com']
2013-11-20 10:55:41,683: DEBUG: GoGo-Tail-Number: [u'AAATestNAS_202']
2013-11-20 10:55:41,683: DEBUG: NAS-IP-Address: ['10.254.207.1']
2013-11-20 10:55:41,683: DEBUG: Proxy-State: ['3239,3131']
2013-11-20 10:55:41,683: DEBUG: Acct-Status-Type: ['Start']
2013-11-20 10:55:41,683: DEBUG: GoGo-Airline: [u'BA01']
2013-11-20 10:55:41,683: DEBUG: Acct-Session-Id: [u'AAATestNAS_202-1384925141680-00163E392CD1-1']
2013-11-20 10:55:41,684: DEBUG: GoGo-Private-IP-Address: ['192.168.1.179']
2013-11-20 10:55:41,684: DEBUG: Framed-IP-Address: ['10.254.207.77']
2013-11-20 10:55:41,684: DEBUG: WISPr-Location-ID: [u'airline=BA01,tail=01009,network=']
2013-11-20 10:55:41,684: DEBUG: WISPr-Location-Name: [u'TEST LLC,BA01_01009']
2013-11-20 10:55:41,684: DEBUG: NAS-Port-Type: ['Wireless-802.11']
2013-11-20 10:55:41,684: DEBUG: Called-Station-Id: [u'00:16:3E:39:2C:D1']
2013-11-20 10:55:41,684: DEBUG: Calling-Station-Id: [u'18:21:31:41:52:83']
2013-11-20 10:55:41,685: DEBUG: 

2013-11-20 10:55:41,685: DEBUG: Received response with following attributes:
2013-11-20 10:55:51,686: DEBUG: 

2013-11-20 10:55:51,686: DEBUG: Creating Accounting Update Request with the following Attributes:
2013-11-20 10:55:51,686: DEBUG: User-Name: [u'username4@airborne.aircell.com']
2013-11-20 10:55:51,687: DEBUG: GoGo-Tail-Number: [u'AAATestNAS_202']
2013-11-20 10:55:51,687: DEBUG: Acct-Output-Octets: [5104609]
2013-11-20 10:55:51,687: DEBUG: NAS-IP-Address: ['10.254.207.1']
2013-11-20 10:55:51,687: DEBUG: GoGo-Total-Output-Gigawords: [0]
2013-11-20 10:55:51,687: DEBUG: Framed-IP-Address: ['10.254.207.77']
2013-11-20 10:55:51,687: DEBUG: GoGo-Total-Input-Voice-Gigawords: [0]
2013-11-20 10:55:51,687: DEBUG: GoGo-Total-Output-Octets: [5104609]
2013-11-20 10:55:51,687: DEBUG: GoGo-Acct-Input-Voice-Octets: [0]
2013-11-20 10:55:51,687: DEBUG: GoGo-Total-Input-Voice-Packets: [0]
2013-11-20 10:55:51,687: DEBUG: Called-Station-Id: [u'00:16:3E:39:2C:D1']
2013-11-20 10:55:51,687: DEBUG: WISPr-Location-Name: [u'TEST LLC,BA01_01009']
2013-11-20 10:55:51,687: DEBUG: NAS-Identifier: [u'C08386']
2013-11-20 10:55:51,687: DEBUG: Proxy-State: ['3330,3132']
2013-11-20 10:55:51,687: DEBUG: GoGo-Total-Input-Voice-Octets: [0]
2013-11-20 10:55:51,688: DEBUG: Acct-Status-Type: ['Interim-Update']
2013-11-20 10:55:51,688: DEBUG: GoGo-Total-Output-Voice-Gigawords: [0]
2013-11-20 10:55:51,688: DEBUG: GoGo-Airline: [u'BA01']
2013-11-20 10:55:51,688: DEBUG: Acct-Session-Id: [u'AAATestNAS_202-1384925141680-00163E392CD1-1']
2013-11-20 10:55:51,688: DEBUG: Acct-Session-Time: [10]
2013-11-20 10:55:51,688: DEBUG: Acct-Input-Packets: [10072]
2013-11-20 10:55:51,688: DEBUG: Acct-Output-Packets: [22061]
2013-11-20 10:55:51,688: DEBUG: GoGo-Acct-Output-Voice-Packets: [0]
2013-11-20 10:55:51,688: DEBUG: GoGo-Acct-Output-Voice-Octets: [0]
2013-11-20 10:55:51,688: DEBUG: Acct-Output-Gigawords: [0]
2013-11-20 10:55:51,688: DEBUG: GoGo-Total-Output-Voice-Packets: [0]
2013-11-20 10:55:51,688: DEBUG: Acct-Input-Gigawords: [0]
2013-11-20 10:55:51,688: DEBUG: Calling-Station-Id: [u'18:21:31:41:52:83']
2013-11-20 10:55:51,688: DEBUG: NAS-Port-Type: ['Wireless-802.11']
2013-11-20 10:55:51,689: DEBUG: GoGo-Total-Output-Voice-Octets: [0]
2013-11-20 10:55:51,689: DEBUG: GoGo-Private-IP-Address: ['192.168.1.179']
2013-11-20 10:55:51,689: DEBUG: GoGo-Acct-Input-Voice-Gigawords: [0]
2013-11-20 10:55:51,689: DEBUG: GoGo-Total-Input-Packets: [10072]
2013-11-20 10:55:51,689: DEBUG: GoGo-Total-Input-Gigawords: [0]
2013-11-20 10:55:51,689: DEBUG: GoGo-Acct-Input-Voice-Packets: [0]
2013-11-20 10:55:51,689: DEBUG: GoGo-Total-Input-Octets: [1372546]
2013-11-20 10:55:51,689: DEBUG: GoGo-Total-Output-Packets: [22061]
2013-11-20 10:55:51,689: DEBUG: WISPr-Location-ID: [u'airline=BA01,tail=01009,network=']
2013-11-20 10:55:51,689: DEBUG: GoGo-Acct-Output-Voice-Gigawords: [0]
2013-11-20 10:55:51,689: DEBUG: Acct-Input-Octets: [1372546]
2013-11-20 10:55:51,691: DEBUG: 

2013-11-20 10:55:51,691: DEBUG: Received response with following attributes:
2013-11-20 10:56:06,692: DEBUG: User has abruptly end flag so ending the test with out AcctStop
2013-11-20 10:56:06,692: DEBUG: Ending the test for this user
2013-11-20 10:56:07,418: DEBUG: Starting the client for the user username4@airborne.aircell.com to the server localhost

2013-11-20 10:56:07,418: DEBUG: DURATION of the TEST: 49
2013-11-20 10:56:07,418: DEBUG: NAS-IP: 10.254.80.1
2013-11-20 10:56:07,418: DEBUG: NAS-MAC-ADDR: 17:21:31:41:52:45
2013-11-20 10:56:07,418: DEBUG: Abruptly End: False
2013-11-20 10:56:07,418: DEBUG: Framed-IP: 10.254.80.78
2013-11-20 10:56:07,419: DEBUG: User-MAC-Addr: 00:16:3E:5C:F9:21
2013-11-20 10:56:07,419: DEBUG: 

2013-11-20 10:56:07,419: DEBUG: Creating Authentication Request with the following Attributes:
2013-11-20 10:56:07,419: DEBUG: NAS-Identifier: [u'C08386']
2013-11-20 10:56:07,420: DEBUG: User-Name: [u'username4@airborne.aircell.com']
2013-11-20 10:56:07,420: DEBUG: NAS-IP-Address: ['10.254.80.1']
2013-11-20 10:56:07,420: DEBUG: Service-Type: ['Authenticate-Only']
2013-11-20 10:56:07,420: DEBUG: Proxy-State: ['3237,3134']
2013-11-20 10:56:07,420: DEBUG: Framed-IP-Address: ['10.254.80.78']
2013-11-20 10:56:07,420: DEBUG: GoGo-Airline: [u'BA01']
2013-11-20 10:56:07,420: DEBUG: Acct-Session-Id: [u'AAATestNAS_75-1384925167419-00163E5CF921-2']
2013-11-20 10:56:07,420: DEBUG: GoGo-Tail-Number: [u'AAATestNAS_75']
2013-11-20 10:56:07,420: DEBUG: GoGo-Private-IP-Address: ['192.168.1.179']
2013-11-20 10:56:07,421: DEBUG: WISPr-Location-ID: [u'airline=BA01,tail=01009,network=']
2013-11-20 10:56:07,421: DEBUG: WISPr-Location-Name: [u'TEST LLC,BA01_01009']
2013-11-20 10:56:07,421: DEBUG: NAS-Port-Type: ['Wireless-802.11']
2013-11-20 10:56:07,421: DEBUG: Called-Station-Id: [u'00:16:3E:5C:F9:21']
2013-11-20 10:56:07,421: DEBUG: Calling-Station-Id: [u'17:21:31:41:52:45']
2013-11-20 10:56:07,422: DEBUG: 

2013-11-20 10:56:07,422: DEBUG: Received response with code: 2, Accepted
2013-11-20 10:56:07,423: DEBUG: Creating Authentication Request with the following Attributes:
2013-11-20 10:56:07,423: DEBUG: NAS-Identifier: [u'C08386']
2013-11-20 10:56:07,423: DEBUG: User-Name: [u'username4@airborne.aircell.com']
2013-11-20 10:56:07,423: DEBUG: NAS-IP-Address: ['10.254.80.1']
2013-11-20 10:56:07,423: DEBUG: Service-Type: ['Login-User']
2013-11-20 10:56:07,423: DEBUG: Proxy-State: ['3237,3134']
2013-11-20 10:56:07,423: DEBUG: Framed-IP-Address: ['10.254.80.78']
2013-11-20 10:56:07,423: DEBUG: GoGo-Airline: [u'BA01']
2013-11-20 10:56:07,424: DEBUG: Acct-Session-Id: [u'AAATestNAS_75-1384925167422-00163E5CF921-2']
2013-11-20 10:56:07,424: DEBUG: GoGo-Tail-Number: [u'AAATestNAS_75']
2013-11-20 10:56:07,424: DEBUG: GoGo-Private-IP-Address: ['192.168.1.179']
2013-11-20 10:56:07,424: DEBUG: WISPr-Location-ID: [u'airline=BA01,tail=01009,network=']
2013-11-20 10:56:07,424: DEBUG: WISPr-Location-Name: [u'TEST LLC,BA01_01009']
2013-11-20 10:56:07,424: DEBUG: NAS-Port-Type: ['Wireless-802.11']
2013-11-20 10:56:07,424: DEBUG: Called-Station-Id: [u'00:16:3E:5C:F9:21']
2013-11-20 10:56:07,424: DEBUG: Calling-Station-Id: [u'17:21:31:41:52:45']
2013-11-20 10:56:07,425: DEBUG: 

2013-11-20 10:56:07,425: DEBUG: Received response with code: 2, Accepted
2013-11-20 10:56:07,425: DEBUG: 

2013-11-20 10:56:07,426: DEBUG: Creating Accounting start Request with the following Attributes:
2013-11-20 10:56:07,426: DEBUG: NAS-Identifier: [u'C08386']
2013-11-20 10:56:07,426: DEBUG: User-Name: [u'username4@airborne.aircell.com']
2013-11-20 10:56:07,426: DEBUG: GoGo-Tail-Number: [u'AAATestNAS_75']
2013-11-20 10:56:07,426: DEBUG: NAS-IP-Address: ['10.254.80.1']
2013-11-20 10:56:07,426: DEBUG: Proxy-State: ['3239,3131']
2013-11-20 10:56:07,426: DEBUG: Acct-Status-Type: ['Start']
2013-11-20 10:56:07,426: DEBUG: GoGo-Airline: [u'BA01']
2013-11-20 10:56:07,427: DEBUG: Acct-Session-Id: [u'AAATestNAS_75-1384925167422-00163E5CF921-2']
2013-11-20 10:56:07,427: DEBUG: GoGo-Private-IP-Address: ['192.168.1.179']
2013-11-20 10:56:07,427: DEBUG: Framed-IP-Address: ['10.254.80.78']
2013-11-20 10:56:07,427: DEBUG: WISPr-Location-ID: [u'airline=BA01,tail=01009,network=']
2013-11-20 10:56:07,427: DEBUG: WISPr-Location-Name: [u'TEST LLC,BA01_01009']
2013-11-20 10:56:07,427: DEBUG: NAS-Port-Type: ['Wireless-802.11']
2013-11-20 10:56:07,427: DEBUG: Called-Station-Id: [u'00:16:3E:5C:F9:21']
2013-11-20 10:56:07,427: DEBUG: Calling-Station-Id: [u'17:21:31:41:52:45']
2013-11-20 10:56:07,428: DEBUG: 

2013-11-20 10:56:07,429: DEBUG: Received response with following attributes:
2013-11-20 10:56:17,430: DEBUG: 

2013-11-20 10:56:17,447: DEBUG: Creating Accounting Update Request with the following Attributes:
2013-11-20 10:56:17,448: DEBUG: User-Name: [u'username4@airborne.aircell.com']
2013-11-20 10:56:17,449: DEBUG: GoGo-Tail-Number: [u'AAATestNAS_75']
2013-11-20 10:56:17,449: DEBUG: Acct-Output-Octets: [9752401]
2013-11-20 10:56:17,450: DEBUG: NAS-IP-Address: ['10.254.80.1']
2013-11-20 10:56:17,450: DEBUG: GoGo-Total-Output-Gigawords: [0]
2013-11-20 10:56:17,451: DEBUG: Framed-IP-Address: ['10.254.80.78']
2013-11-20 10:56:17,451: DEBUG: GoGo-Total-Input-Voice-Gigawords: [0]
2013-11-20 10:56:17,452: DEBUG: GoGo-Total-Output-Octets: [9752401]
2013-11-20 10:56:17,453: DEBUG: GoGo-Acct-Input-Voice-Octets: [0]
2013-11-20 10:56:17,453: DEBUG: GoGo-Total-Input-Voice-Packets: [0]
2013-11-20 10:56:17,454: DEBUG: Called-Station-Id: [u'00:16:3E:5C:F9:21']
2013-11-20 10:56:17,454: DEBUG: WISPr-Location-Name: [u'TEST LLC,BA01_01009']
2013-11-20 10:56:17,455: DEBUG: NAS-Identifier: [u'C08386']
2013-11-20 10:56:17,455: DEBUG: Proxy-State: ['3330,3132']
2013-11-20 10:56:17,456: DEBUG: GoGo-Total-Input-Voice-Octets: [0]
2013-11-20 10:56:17,457: DEBUG: Acct-Status-Type: ['Interim-Update']
2013-11-20 10:56:17,457: DEBUG: GoGo-Total-Output-Voice-Gigawords: [0]
2013-11-20 10:56:17,458: DEBUG: GoGo-Airline: [u'BA01']
2013-11-20 10:56:17,459: DEBUG: Acct-Session-Id: [u'AAATestNAS_75-1384925167422-00163E5CF921-2']
2013-11-20 10:56:17,459: DEBUG: Acct-Session-Time: [10]
2013-11-20 10:56:17,460: DEBUG: Acct-Input-Packets: [55426]
2013-11-20 10:56:17,461: DEBUG: Acct-Output-Packets: [90178]
2013-11-20 10:56:17,462: DEBUG: GoGo-Acct-Output-Voice-Packets: [0]
2013-11-20 10:56:17,462: DEBUG: GoGo-Acct-Output-Voice-Octets: [0]
2013-11-20 10:56:17,462: DEBUG: Acct-Output-Gigawords: [0]
2013-11-20 10:56:17,462: DEBUG: GoGo-Total-Output-Voice-Packets: [0]
2013-11-20 10:56:17,463: DEBUG: Acct-Input-Gigawords: [0]
2013-11-20 10:56:17,463: DEBUG: Calling-Station-Id: [u'17:21:31:41:52:45']
2013-11-20 10:56:17,464: DEBUG: NAS-Port-Type: ['Wireless-802.11']
2013-11-20 10:56:17,464: DEBUG: GoGo-Total-Output-Voice-Octets: [0]
2013-11-20 10:56:17,464: DEBUG: GoGo-Private-IP-Address: ['192.168.1.179']
2013-11-20 10:56:17,465: DEBUG: GoGo-Acct-Input-Voice-Gigawords: [0]
2013-11-20 10:56:17,465: DEBUG: GoGo-Total-Input-Packets: [55426]
2013-11-20 10:56:17,465: DEBUG: GoGo-Total-Input-Gigawords: [0]
2013-11-20 10:56:17,465: DEBUG: GoGo-Acct-Input-Voice-Packets: [0]
2013-11-20 10:56:17,465: DEBUG: GoGo-Total-Input-Octets: [7280615]
2013-11-20 10:56:17,466: DEBUG: GoGo-Total-Output-Packets: [90178]
2013-11-20 10:56:17,466: DEBUG: WISPr-Location-ID: [u'airline=BA01,tail=01009,network=']
2013-11-20 10:56:17,466: DEBUG: GoGo-Acct-Output-Voice-Gigawords: [0]
2013-11-20 10:56:17,466: DEBUG: Acct-Input-Octets: [7280615]
2013-11-20 10:56:17,468: DEBUG: 

2013-11-20 10:56:17,468: DEBUG: Received response with following attributes:
2013-11-20 10:56:27,469: DEBUG: 

2013-11-20 10:56:27,471: DEBUG: Creating Accounting Update Request with the following Attributes:
2013-11-20 10:56:27,471: DEBUG: User-Name: [u'username4@airborne.aircell.com']
2013-11-20 10:56:27,472: DEBUG: GoGo-Tail-Number: [u'AAATestNAS_75']
2013-11-20 10:56:27,472: DEBUG: Acct-Output-Octets: [5880721]
2013-11-20 10:56:27,473: DEBUG: NAS-IP-Address: ['10.254.80.1']
2013-11-20 10:56:27,473: DEBUG: GoGo-Total-Output-Gigawords: [0]
2013-11-20 10:56:27,473: DEBUG: Framed-IP-Address: ['10.254.80.78']
2013-11-20 10:56:27,474: DEBUG: GoGo-Total-Input-Voice-Gigawords: [0]
2013-11-20 10:56:27,475: DEBUG: GoGo-Total-Output-Octets: [5880721]
2013-11-20 10:56:27,475: DEBUG: GoGo-Acct-Input-Voice-Octets: [0]
2013-11-20 10:56:27,476: DEBUG: GoGo-Total-Input-Voice-Packets: [0]
2013-11-20 10:56:27,476: DEBUG: Called-Station-Id: [u'00:16:3E:5C:F9:21']
2013-11-20 10:56:27,476: DEBUG: WISPr-Location-Name: [u'TEST LLC,BA01_01009']
2013-11-20 10:56:27,476: DEBUG: NAS-Identifier: [u'C08386']
2013-11-20 10:56:27,478: DEBUG: Proxy-State: ['3330,3132']
2013-11-20 10:56:27,478: DEBUG: GoGo-Total-Input-Voice-Octets: [0]
2013-11-20 10:56:27,479: DEBUG: Acct-Status-Type: ['Interim-Update']
2013-11-20 10:56:27,479: DEBUG: GoGo-Total-Output-Voice-Gigawords: [0]
2013-11-20 10:56:27,480: DEBUG: GoGo-Airline: [u'BA01']
2013-11-20 10:56:27,480: DEBUG: Acct-Session-Id: [u'AAATestNAS_75-1384925167422-00163E5CF921-2']
2013-11-20 10:56:27,481: DEBUG: Acct-Session-Time: [10]
2013-11-20 10:56:27,481: DEBUG: Acct-Input-Packets: [15246]
2013-11-20 10:56:27,481: DEBUG: Acct-Output-Packets: [7885]
2013-11-20 10:56:27,482: DEBUG: GoGo-Acct-Output-Voice-Packets: [0]
2013-11-20 10:56:27,482: DEBUG: GoGo-Acct-Output-Voice-Octets: [0]
2013-11-20 10:56:27,483: DEBUG: Acct-Output-Gigawords: [0]
2013-11-20 10:56:27,483: DEBUG: GoGo-Total-Output-Voice-Packets: [0]
2013-11-20 10:56:27,483: DEBUG: Acct-Input-Gigawords: [0]
2013-11-20 10:56:27,484: DEBUG: Calling-Station-Id: [u'17:21:31:41:52:45']
2013-11-20 10:56:27,484: DEBUG: NAS-Port-Type: ['Wireless-802.11']
2013-11-20 10:56:27,484: DEBUG: GoGo-Total-Output-Voice-Octets: [0]
2013-11-20 10:56:27,484: DEBUG: GoGo-Private-IP-Address: ['192.168.1.179']
2013-11-20 10:56:27,485: DEBUG: GoGo-Acct-Input-Voice-Gigawords: [0]
2013-11-20 10:56:27,485: DEBUG: GoGo-Total-Input-Packets: [15246]
2013-11-20 10:56:27,485: DEBUG: GoGo-Total-Input-Gigawords: [0]
2013-11-20 10:56:27,485: DEBUG: GoGo-Acct-Input-Voice-Packets: [0]
2013-11-20 10:56:27,486: DEBUG: GoGo-Total-Input-Octets: [5052711]
2013-11-20 10:56:27,486: DEBUG: GoGo-Total-Output-Packets: [7885]
2013-11-20 10:56:27,486: DEBUG: WISPr-Location-ID: [u'airline=BA01,tail=01009,network=']
2013-11-20 10:56:27,486: DEBUG: GoGo-Acct-Output-Voice-Gigawords: [0]
2013-11-20 10:56:27,486: DEBUG: Acct-Input-Octets: [5052711]
2013-11-20 10:56:27,487: DEBUG: 

2013-11-20 10:56:27,487: DEBUG: Received response with following attributes:
2013-11-20 10:56:37,489: DEBUG: 

2013-11-20 10:56:37,490: DEBUG: Creating Accounting Update Request with the following Attributes:
2013-11-20 10:56:37,491: DEBUG: User-Name: [u'username4@airborne.aircell.com']
2013-11-20 10:56:37,491: DEBUG: GoGo-Tail-Number: [u'AAATestNAS_75']
2013-11-20 10:56:37,491: DEBUG: Acct-Output-Octets: [2187963]
2013-11-20 10:56:37,492: DEBUG: NAS-IP-Address: ['10.254.80.1']
2013-11-20 10:56:37,493: DEBUG: GoGo-Total-Output-Gigawords: [0]
2013-11-20 10:56:37,493: DEBUG: Framed-IP-Address: ['10.254.80.78']
2013-11-20 10:56:37,494: DEBUG: GoGo-Total-Input-Voice-Gigawords: [0]
2013-11-20 10:56:37,495: DEBUG: GoGo-Total-Output-Octets: [2187963]
2013-11-20 10:56:37,495: DEBUG: GoGo-Acct-Input-Voice-Octets: [0]
2013-11-20 10:56:37,495: DEBUG: GoGo-Total-Input-Voice-Packets: [0]
2013-11-20 10:56:37,496: DEBUG: Called-Station-Id: [u'00:16:3E:5C:F9:21']
2013-11-20 10:56:37,496: DEBUG: WISPr-Location-Name: [u'TEST LLC,BA01_01009']
2013-11-20 10:56:37,497: DEBUG: NAS-Identifier: [u'C08386']
2013-11-20 10:56:37,498: DEBUG: Proxy-State: ['3330,3132']
2013-11-20 10:56:37,498: DEBUG: GoGo-Total-Input-Voice-Octets: [0]
2013-11-20 10:56:37,498: DEBUG: Acct-Status-Type: ['Interim-Update']
2013-11-20 10:56:37,499: DEBUG: GoGo-Total-Output-Voice-Gigawords: [0]
2013-11-20 10:56:37,499: DEBUG: GoGo-Airline: [u'BA01']
2013-11-20 10:56:37,500: DEBUG: Acct-Session-Id: [u'AAATestNAS_75-1384925167422-00163E5CF921-2']
2013-11-20 10:56:37,501: DEBUG: Acct-Session-Time: [10]
2013-11-20 10:56:37,501: DEBUG: Acct-Input-Packets: [14185]
2013-11-20 10:56:37,502: DEBUG: Acct-Output-Packets: [9165]
2013-11-20 10:56:37,502: DEBUG: GoGo-Acct-Output-Voice-Packets: [0]
2013-11-20 10:56:37,503: DEBUG: GoGo-Acct-Output-Voice-Octets: [0]
2013-11-20 10:56:37,504: DEBUG: Acct-Output-Gigawords: [0]
2013-11-20 10:56:37,504: DEBUG: GoGo-Total-Output-Voice-Packets: [0]
2013-11-20 10:56:37,505: DEBUG: Acct-Input-Gigawords: [0]
2013-11-20 10:56:37,505: DEBUG: Calling-Station-Id: [u'17:21:31:41:52:45']
2013-11-20 10:56:37,506: DEBUG: NAS-Port-Type: ['Wireless-802.11']
2013-11-20 10:56:37,506: DEBUG: GoGo-Total-Output-Voice-Octets: [0]
2013-11-20 10:56:37,506: DEBUG: GoGo-Private-IP-Address: ['192.168.1.179']
2013-11-20 10:56:37,507: DEBUG: GoGo-Acct-Input-Voice-Gigawords: [0]
2013-11-20 10:56:37,508: DEBUG: GoGo-Total-Input-Packets: [14185]
2013-11-20 10:56:37,509: DEBUG: GoGo-Total-Input-Gigawords: [0]
2013-11-20 10:56:37,509: DEBUG: GoGo-Acct-Input-Voice-Packets: [0]
2013-11-20 10:56:37,510: DEBUG: GoGo-Total-Input-Octets: [4396239]
2013-11-20 10:56:37,511: DEBUG: GoGo-Total-Output-Packets: [9165]
2013-11-20 10:56:37,511: DEBUG: WISPr-Location-ID: [u'airline=BA01,tail=01009,network=']
2013-11-20 10:56:37,512: DEBUG: GoGo-Acct-Output-Voice-Gigawords: [0]
2013-11-20 10:56:37,513: DEBUG: Acct-Input-Octets: [4396239]
2013-11-20 10:56:37,516: DEBUG: 

2013-11-20 10:56:37,516: DEBUG: Received response with following attributes:
2013-11-20 10:56:47,517: DEBUG: 

2013-11-20 10:56:47,518: DEBUG: Creating Accounting Update Request with the following Attributes:
2013-11-20 10:56:47,518: DEBUG: User-Name: [u'username4@airborne.aircell.com']
2013-11-20 10:56:47,519: DEBUG: GoGo-Tail-Number: [u'AAATestNAS_75']
2013-11-20 10:56:47,520: DEBUG: Acct-Output-Octets: [9225225]
2013-11-20 10:56:47,520: DEBUG: NAS-IP-Address: ['10.254.80.1']
2013-11-20 10:56:47,520: DEBUG: GoGo-Total-Output-Gigawords: [0]
2013-11-20 10:56:47,520: DEBUG: Framed-IP-Address: ['10.254.80.78']
2013-11-20 10:56:47,521: DEBUG: GoGo-Total-Input-Voice-Gigawords: [0]
2013-11-20 10:56:47,521: DEBUG: GoGo-Total-Output-Octets: [9225225]
2013-11-20 10:56:47,522: DEBUG: GoGo-Acct-Input-Voice-Octets: [0]
2013-11-20 10:56:47,523: DEBUG: GoGo-Total-Input-Voice-Packets: [0]
2013-11-20 10:56:47,524: DEBUG: Called-Station-Id: [u'00:16:3E:5C:F9:21']
2013-11-20 10:56:47,525: DEBUG: WISPr-Location-Name: [u'TEST LLC,BA01_01009']
2013-11-20 10:56:47,525: DEBUG: NAS-Identifier: [u'C08386']
2013-11-20 10:56:47,526: DEBUG: Proxy-State: ['3330,3132']
2013-11-20 10:56:47,527: DEBUG: GoGo-Total-Input-Voice-Octets: [0]
2013-11-20 10:56:47,527: DEBUG: Acct-Status-Type: ['Interim-Update']
2013-11-20 10:56:47,528: DEBUG: GoGo-Total-Output-Voice-Gigawords: [0]
2013-11-20 10:56:47,528: DEBUG: GoGo-Airline: [u'BA01']
2013-11-20 10:56:47,528: DEBUG: Acct-Session-Id: [u'AAATestNAS_75-1384925167422-00163E5CF921-2']
2013-11-20 10:56:47,529: DEBUG: Acct-Session-Time: [10]
2013-11-20 10:56:47,529: DEBUG: Acct-Input-Packets: [79788]
2013-11-20 10:56:47,530: DEBUG: Acct-Output-Packets: [43419]
2013-11-20 10:56:47,530: DEBUG: GoGo-Acct-Output-Voice-Packets: [0]
2013-11-20 10:56:47,531: DEBUG: GoGo-Acct-Output-Voice-Octets: [0]
2013-11-20 10:56:47,532: DEBUG: Acct-Output-Gigawords: [0]
2013-11-20 10:56:47,532: DEBUG: GoGo-Total-Output-Voice-Packets: [0]
2013-11-20 10:56:47,532: DEBUG: Acct-Input-Gigawords: [0]
2013-11-20 10:56:47,533: DEBUG: Calling-Station-Id: [u'17:21:31:41:52:45']
2013-11-20 10:56:47,533: DEBUG: NAS-Port-Type: ['Wireless-802.11']
2013-11-20 10:56:47,534: DEBUG: GoGo-Total-Output-Voice-Octets: [0]
2013-11-20 10:56:47,534: DEBUG: GoGo-Private-IP-Address: ['192.168.1.179']
2013-11-20 10:56:47,536: DEBUG: GoGo-Acct-Input-Voice-Gigawords: [0]
2013-11-20 10:56:47,536: DEBUG: GoGo-Total-Input-Packets: [79788]
2013-11-20 10:56:47,536: DEBUG: GoGo-Total-Input-Gigawords: [0]
2013-11-20 10:56:47,537: DEBUG: GoGo-Acct-Input-Voice-Packets: [0]
2013-11-20 10:56:47,537: DEBUG: GoGo-Total-Input-Octets: [8156531]
2013-11-20 10:56:47,537: DEBUG: GoGo-Total-Output-Packets: [43419]
2013-11-20 10:56:47,538: DEBUG: WISPr-Location-ID: [u'airline=BA01,tail=01009,network=']
2013-11-20 10:56:47,538: DEBUG: GoGo-Acct-Output-Voice-Gigawords: [0]
2013-11-20 10:56:47,538: DEBUG: Acct-Input-Octets: [8156531]
2013-11-20 10:56:47,540: DEBUG: 

2013-11-20 10:56:47,541: DEBUG: Received response with following attributes:
2013-11-20 10:56:56,542: DEBUG: 

2013-11-20 10:56:56,542: DEBUG: Creating Accounting Update Request with the following Attributes:
2013-11-20 10:56:56,542: DEBUG: User-Name: [u'username4@airborne.aircell.com']
2013-11-20 10:56:56,543: DEBUG: GoGo-Tail-Number: [u'AAATestNAS_75']
2013-11-20 10:56:56,543: DEBUG: Acct-Output-Octets: [2364909]
2013-11-20 10:56:56,543: DEBUG: NAS-IP-Address: ['10.254.80.1']
2013-11-20 10:56:56,543: DEBUG: GoGo-Total-Output-Gigawords: [0]
2013-11-20 10:56:56,543: DEBUG: Framed-IP-Address: ['10.254.80.78']
2013-11-20 10:56:56,543: DEBUG: GoGo-Total-Input-Voice-Gigawords: [0]
2013-11-20 10:56:56,543: DEBUG: GoGo-Total-Output-Octets: [2364909]
2013-11-20 10:56:56,543: DEBUG: GoGo-Acct-Input-Voice-Octets: [0]
2013-11-20 10:56:56,543: DEBUG: GoGo-Total-Input-Voice-Packets: [0]
2013-11-20 10:56:56,543: DEBUG: Called-Station-Id: [u'00:16:3E:5C:F9:21']
2013-11-20 10:56:56,544: DEBUG: WISPr-Location-Name: [u'TEST LLC,BA01_01009']
2013-11-20 10:56:56,544: DEBUG: NAS-Identifier: [u'C08386']
2013-11-20 10:56:56,544: DEBUG: Proxy-State: ['3330,3132']
2013-11-20 10:56:56,544: DEBUG: GoGo-Total-Input-Voice-Octets: [0]
2013-11-20 10:56:56,544: DEBUG: Acct-Status-Type: ['Interim-Update']
2013-11-20 10:56:56,544: DEBUG: GoGo-Total-Output-Voice-Gigawords: [0]
2013-11-20 10:56:56,544: DEBUG: GoGo-Airline: [u'BA01']
2013-11-20 10:56:56,544: DEBUG: Acct-Session-Id: [u'AAATestNAS_75-1384925167422-00163E5CF921-2']
2013-11-20 10:56:56,544: DEBUG: Acct-Session-Time: [9]
2013-11-20 10:56:56,544: DEBUG: Acct-Input-Packets: [13733]
2013-11-20 10:56:56,545: DEBUG: Acct-Output-Packets: [19708]
2013-11-20 10:56:56,545: DEBUG: GoGo-Acct-Output-Voice-Packets: [0]
2013-11-20 10:56:56,545: DEBUG: GoGo-Acct-Output-Voice-Octets: [0]
2013-11-20 10:56:56,545: DEBUG: Acct-Output-Gigawords: [0]
2013-11-20 10:56:56,545: DEBUG: GoGo-Total-Output-Voice-Packets: [0]
2013-11-20 10:56:56,545: DEBUG: Acct-Input-Gigawords: [0]
2013-11-20 10:56:56,545: DEBUG: Calling-Station-Id: [u'17:21:31:41:52:45']
2013-11-20 10:56:56,545: DEBUG: NAS-Port-Type: ['Wireless-802.11']
2013-11-20 10:56:56,545: DEBUG: GoGo-Total-Output-Voice-Octets: [0]
2013-11-20 10:56:56,545: DEBUG: GoGo-Private-IP-Address: ['192.168.1.179']
2013-11-20 10:56:56,546: DEBUG: GoGo-Acct-Input-Voice-Gigawords: [0]
2013-11-20 10:56:56,546: DEBUG: GoGo-Total-Input-Packets: [13733]
2013-11-20 10:56:56,546: DEBUG: GoGo-Total-Input-Gigawords: [0]
2013-11-20 10:56:56,546: DEBUG: GoGo-Acct-Input-Voice-Packets: [0]
2013-11-20 10:56:56,546: DEBUG: GoGo-Total-Input-Octets: [2368232]
2013-11-20 10:56:56,546: DEBUG: GoGo-Total-Output-Packets: [19708]
2013-11-20 10:56:56,546: DEBUG: WISPr-Location-ID: [u'airline=BA01,tail=01009,network=']
2013-11-20 10:56:56,546: DEBUG: GoGo-Acct-Output-Voice-Gigawords: [0]
2013-11-20 10:56:56,546: DEBUG: Acct-Input-Octets: [2368232]
2013-11-20 10:56:56,548: DEBUG: 

2013-11-20 10:56:56,548: DEBUG: Received response with following attributes:
2013-11-20 10:57:08,549: DEBUG: 

2013-11-20 10:57:08,550: DEBUG: Creating Accounting Stop Request with the following Attributes:
2013-11-20 10:57:08,550: DEBUG: User-Name: [u'username4@airborne.aircell.com']
2013-11-20 10:57:08,551: DEBUG: GoGo-Tail-Number: [u'01009']
2013-11-20 10:57:08,551: DEBUG: Acct-Output-Octets: [1472152]
2013-11-20 10:57:08,551: DEBUG: NAS-IP-Address: ['10.254.80.1']
2013-11-20 10:57:08,551: DEBUG: GoGo-Total-Output-Gigawords: [0]
2013-11-20 10:57:08,551: DEBUG: Framed-IP-Address: ['10.254.80.78']
2013-11-20 10:57:08,551: DEBUG: GoGo-Total-Input-Voice-Gigawords: [0]
2013-11-20 10:57:08,551: DEBUG: GoGo-Total-Output-Octets: [1472152]
2013-11-20 10:57:08,551: DEBUG: GoGo-Acct-Input-Voice-Octets: [0]
2013-11-20 10:57:08,551: DEBUG: GoGo-Total-Input-Voice-Packets: [0]
2013-11-20 10:57:08,552: DEBUG: Called-Station-Id: [u'00:16:3E:5C:F9:21']
2013-11-20 10:57:08,552: DEBUG: WISPr-Location-Name: [u'TEST LLC,BA01_01009']
2013-11-20 10:57:08,552: DEBUG: NAS-Identifier: [u'C08386']
2013-11-20 10:57:08,552: DEBUG: Proxy-State: ['3330,3132']
2013-11-20 10:57:08,553: DEBUG: GoGo-Total-Input-Voice-Octets: [0]
2013-11-20 10:57:08,553: DEBUG: Acct-Status-Type: ['Stop']
2013-11-20 10:57:08,553: DEBUG: GoGo-Total-Output-Voice-Gigawords: [0]
2013-11-20 10:57:08,554: DEBUG: GoGo-Airline: [u'BA01']
2013-11-20 10:57:08,554: DEBUG: Acct-Session-Id: [u'AAATestNAS_75-1384925167422-00163E5CF921-2']
2013-11-20 10:57:08,554: DEBUG: Acct-Session-Time: [12]
2013-11-20 10:57:08,555: DEBUG: Acct-Input-Packets: [23126]
2013-11-20 10:57:08,555: DEBUG: Acct-Output-Packets: [13005]
2013-11-20 10:57:08,555: DEBUG: Acct-Terminate-Cause: ['User-Request']
2013-11-20 10:57:08,555: DEBUG: GoGo-Acct-Output-Voice-Octets: [0]
2013-11-20 10:57:08,556: DEBUG: Acct-Output-Gigawords: [0]
2013-11-20 10:57:08,556: DEBUG: GoGo-Total-Output-Voice-Packets: [0]
2013-11-20 10:57:08,556: DEBUG: Acct-Input-Gigawords: [0]
2013-11-20 10:57:08,556: DEBUG: Calling-Station-Id: [u'17:21:31:41:52:45']
2013-11-20 10:57:08,557: DEBUG: NAS-Port-Type: ['Wireless-802.11']
2013-11-20 10:57:08,558: DEBUG: GoGo-Total-Output-Voice-Octets: [0]
2013-11-20 10:57:08,558: DEBUG: GoGo-Private-IP-Address: ['192.168.1.179']
2013-11-20 10:57:08,559: DEBUG: GoGo-Acct-Input-Voice-Gigawords: [0]
2013-11-20 10:57:08,559: DEBUG: GoGo-Total-Input-Packets: [23126]
2013-11-20 10:57:08,559: DEBUG: GoGo-Total-Input-Gigawords: [0]
2013-11-20 10:57:08,559: DEBUG: GoGo-Acct-Input-Voice-Packets: [0]
2013-11-20 10:57:08,560: DEBUG: GoGo-Total-Input-Octets: [3327803]
2013-11-20 10:57:08,560: DEBUG: GoGo-Total-Output-Packets: [13005]
2013-11-20 10:57:08,561: DEBUG: WISPr-Location-ID: [u'airline=BA01,tail=01009,network=']
2013-11-20 10:57:08,561: DEBUG: GoGo-Acct-Output-Voice-Packets: [0]
2013-11-20 10:57:08,561: DEBUG: GoGo-Acct-Output-Voice-Gigawords: [0]
2013-11-20 10:57:08,562: DEBUG: Acct-Input-Octets: [3327803]
2013-11-20 10:57:08,564: DEBUG: 

2013-11-20 10:57:08,564: DEBUG: Received response with following attributes:
2013-11-20 10:57:08,565: DEBUG: Ending the test for this user
2013-11-20 10:57:09,483: DEBUG: Starting the client for the user username4@airborne.aircell.com to the server localhost

2013-11-20 10:57:09,483: DEBUG: DURATION of the TEST: 95
2013-11-20 10:57:09,484: DEBUG: NAS-IP: 10.254.176.1
2013-11-20 10:57:09,484: DEBUG: NAS-MAC-ADDR: 18:21:31:41:52:52
2013-11-20 10:57:09,484: DEBUG: Abruptly End: False
2013-11-20 10:57:09,485: DEBUG: Framed-IP: 10.254.176.73
2013-11-20 10:57:09,485: DEBUG: User-MAC-Addr: 00:16:3E:7F:0B:C8
2013-11-20 10:57:09,485: DEBUG: 

2013-11-20 10:57:09,486: DEBUG: Creating Authentication Request with the following Attributes:
2013-11-20 10:57:09,487: DEBUG: NAS-Identifier: [u'C08386']
2013-11-20 10:57:09,487: DEBUG: User-Name: [u'username4@airborne.aircell.com']
2013-11-20 10:57:09,487: DEBUG: NAS-IP-Address: ['10.254.176.1']
2013-11-20 10:57:09,488: DEBUG: Service-Type: ['Authenticate-Only']
2013-11-20 10:57:09,488: DEBUG: Proxy-State: ['3237,3134']
2013-11-20 10:57:09,489: DEBUG: Framed-IP-Address: ['10.254.176.73']
2013-11-20 10:57:09,489: DEBUG: GoGo-Airline: [u'BA01']
2013-11-20 10:57:09,489: DEBUG: Acct-Session-Id: [u'AAATestNAS_171-1384925229486-00163E7F0BC8-1']
2013-11-20 10:57:09,490: DEBUG: GoGo-Tail-Number: [u'AAATestNAS_171']
2013-11-20 10:57:09,490: DEBUG: GoGo-Private-IP-Address: ['192.168.1.179']
2013-11-20 10:57:09,490: DEBUG: WISPr-Location-ID: [u'airline=BA01,tail=01009,network=']
2013-11-20 10:57:09,491: DEBUG: WISPr-Location-Name: [u'TEST LLC,BA01_01009']
2013-11-20 10:57:09,491: DEBUG: NAS-Port-Type: ['Wireless-802.11']
2013-11-20 10:57:09,491: DEBUG: Called-Station-Id: [u'00:16:3E:7F:0B:C8']
2013-11-20 10:57:09,492: DEBUG: Calling-Station-Id: [u'18:21:31:41:52:52']
2013-11-20 10:57:09,495: DEBUG: 

2013-11-20 10:57:09,496: DEBUG: Received response with code: 2, Accepted
2013-11-20 10:57:09,497: DEBUG: Creating Authentication Request with the following Attributes:
2013-11-20 10:57:09,497: DEBUG: NAS-Identifier: [u'C08386']
2013-11-20 10:57:09,498: DEBUG: User-Name: [u'username4@airborne.aircell.com']
2013-11-20 10:57:09,499: DEBUG: NAS-IP-Address: ['10.254.176.1']
2013-11-20 10:57:09,500: DEBUG: Service-Type: ['Login-User']
2013-11-20 10:57:09,500: DEBUG: Proxy-State: ['3237,3134']
2013-11-20 10:57:09,501: DEBUG: Framed-IP-Address: ['10.254.176.73']
2013-11-20 10:57:09,502: DEBUG: GoGo-Airline: [u'BA01']
2013-11-20 10:57:09,503: DEBUG: Acct-Session-Id: [u'AAATestNAS_171-1384925229496-00163E7F0BC8-1']
2013-11-20 10:57:09,504: DEBUG: GoGo-Tail-Number: [u'AAATestNAS_171']
2013-11-20 10:57:09,505: DEBUG: GoGo-Private-IP-Address: ['192.168.1.179']
2013-11-20 10:57:09,505: DEBUG: WISPr-Location-ID: [u'airline=BA01,tail=01009,network=']
2013-11-20 10:57:09,506: DEBUG: WISPr-Location-Name: [u'TEST LLC,BA01_01009']
2013-11-20 10:57:09,508: DEBUG: NAS-Port-Type: ['Wireless-802.11']
2013-11-20 10:57:09,508: DEBUG: Called-Station-Id: [u'00:16:3E:7F:0B:C8']
2013-11-20 10:57:09,509: DEBUG: Calling-Station-Id: [u'18:21:31:41:52:52']
2013-11-20 10:57:09,511: DEBUG: 

2013-11-20 10:57:09,512: DEBUG: Received response with code: 2, Accepted
2013-11-20 10:57:09,512: DEBUG: 

2013-11-20 10:57:09,513: DEBUG: Creating Accounting start Request with the following Attributes:
2013-11-20 10:57:09,513: DEBUG: NAS-Identifier: [u'C08386']
2013-11-20 10:57:09,514: DEBUG: User-Name: [u'username4@airborne.aircell.com']
2013-11-20 10:57:09,514: DEBUG: GoGo-Tail-Number: [u'AAATestNAS_171']
2013-11-20 10:57:09,515: DEBUG: NAS-IP-Address: ['10.254.176.1']
2013-11-20 10:57:09,516: DEBUG: Proxy-State: ['3239,3131']
2013-11-20 10:57:09,516: DEBUG: Acct-Status-Type: ['Start']
2013-11-20 10:57:09,516: DEBUG: GoGo-Airline: [u'BA01']
2013-11-20 10:57:09,517: DEBUG: Acct-Session-Id: [u'AAATestNAS_171-1384925229496-00163E7F0BC8-1']
2013-11-20 10:57:09,517: DEBUG: GoGo-Private-IP-Address: ['192.168.1.179']
2013-11-20 10:57:09,517: DEBUG: Framed-IP-Address: ['10.254.176.73']
2013-11-20 10:57:09,517: DEBUG: WISPr-Location-ID: [u'airline=BA01,tail=01009,network=']
2013-11-20 10:57:09,517: DEBUG: WISPr-Location-Name: [u'TEST LLC,BA01_01009']
2013-11-20 10:57:09,518: DEBUG: NAS-Port-Type: ['Wireless-802.11']
2013-11-20 10:57:09,518: DEBUG: Called-Station-Id: [u'00:16:3E:7F:0B:C8']
2013-11-20 10:57:09,519: DEBUG: Calling-Station-Id: [u'18:21:31:41:52:52']
2013-11-20 10:57:09,520: DEBUG: 

2013-11-20 10:57:09,520: DEBUG: Received response with following attributes:
2013-11-20 10:57:19,522: DEBUG: 

2013-11-20 10:57:19,523: DEBUG: Creating Accounting Update Request with the following Attributes:
2013-11-20 10:57:19,525: DEBUG: User-Name: [u'username4@airborne.aircell.com']
2013-11-20 10:57:19,527: DEBUG: GoGo-Tail-Number: [u'AAATestNAS_171']
2013-11-20 10:57:19,528: DEBUG: Acct-Output-Octets: [9528987]
2013-11-20 10:57:19,529: DEBUG: NAS-IP-Address: ['10.254.176.1']
2013-11-20 10:57:19,530: DEBUG: GoGo-Total-Output-Gigawords: [0]
2013-11-20 10:57:19,531: DEBUG: Framed-IP-Address: ['10.254.176.73']
2013-11-20 10:57:19,533: DEBUG: GoGo-Total-Input-Voice-Gigawords: [0]
2013-11-20 10:57:19,535: DEBUG: GoGo-Total-Output-Octets: [9528987]
2013-11-20 10:57:19,536: DEBUG: GoGo-Acct-Input-Voice-Octets: [0]
2013-11-20 10:57:19,538: DEBUG: GoGo-Total-Input-Voice-Packets: [0]
2013-11-20 10:57:19,539: DEBUG: Called-Station-Id: [u'00:16:3E:7F:0B:C8']
2013-11-20 10:57:19,541: DEBUG: WISPr-Location-Name: [u'TEST LLC,BA01_01009']
2013-11-20 10:57:19,543: DEBUG: NAS-Identifier: [u'C08386']
2013-11-20 10:57:19,544: DEBUG: Proxy-State: ['3330,3132']
2013-11-20 10:57:19,545: DEBUG: GoGo-Total-Input-Voice-Octets: [0]
2013-11-20 10:57:19,547: DEBUG: Acct-Status-Type: ['Interim-Update']
2013-11-20 10:57:19,549: DEBUG: GoGo-Total-Output-Voice-Gigawords: [0]
2013-11-20 10:57:19,551: DEBUG: GoGo-Airline: [u'BA01']
2013-11-20 10:57:19,553: DEBUG: Acct-Session-Id: [u'AAATestNAS_171-1384925229496-00163E7F0BC8-1']
2013-11-20 10:57:19,554: DEBUG: Acct-Session-Time: [10]
2013-11-20 10:57:19,560: DEBUG: Acct-Input-Packets: [32184]
2013-11-20 10:57:19,563: DEBUG: Acct-Output-Packets: [72241]
2013-11-20 10:57:19,565: DEBUG: GoGo-Acct-Output-Voice-Packets: [0]
2013-11-20 10:57:19,567: DEBUG: GoGo-Acct-Output-Voice-Octets: [0]
2013-11-20 10:57:19,570: DEBUG: Acct-Output-Gigawords: [0]
2013-11-20 10:57:19,572: DEBUG: GoGo-Total-Output-Voice-Packets: [0]
2013-11-20 10:57:19,576: DEBUG: Acct-Input-Gigawords: [0]
2013-11-20 10:57:19,577: DEBUG: Calling-Station-Id: [u'18:21:31:41:52:52']
2013-11-20 10:57:19,579: DEBUG: NAS-Port-Type: ['Wireless-802.11']
2013-11-20 10:57:19,582: DEBUG: GoGo-Total-Output-Voice-Octets: [0]
2013-11-20 10:57:19,585: DEBUG: GoGo-Private-IP-Address: ['192.168.1.179']
2013-11-20 10:57:19,587: DEBUG: GoGo-Acct-Input-Voice-Gigawords: [0]
2013-11-20 10:57:19,591: DEBUG: GoGo-Total-Input-Packets: [32184]
2013-11-20 10:57:19,593: DEBUG: GoGo-Total-Input-Gigawords: [0]
2013-11-20 10:57:19,595: DEBUG: GoGo-Acct-Input-Voice-Packets: [0]
2013-11-20 10:57:19,597: DEBUG: GoGo-Total-Input-Octets: [7957399]
2013-11-20 10:57:19,600: DEBUG: GoGo-Total-Output-Packets: [72241]
2013-11-20 10:57:19,603: DEBUG: WISPr-Location-ID: [u'airline=BA01,tail=01009,network=']
2013-11-20 10:57:19,604: DEBUG: GoGo-Acct-Output-Voice-Gigawords: [0]
2013-11-20 10:57:19,608: DEBUG: Acct-Input-Octets: [7957399]
2013-11-20 10:57:19,614: DEBUG: 

2013-11-20 10:57:19,617: DEBUG: Received response with following attributes:
2013-11-20 10:57:29,620: DEBUG: 

2013-11-20 10:57:29,621: DEBUG: Creating Accounting Update Request with the following Attributes:
2013-11-20 10:57:29,621: DEBUG: User-Name: [u'username4@airborne.aircell.com']
2013-11-20 10:57:29,621: DEBUG: GoGo-Tail-Number: [u'AAATestNAS_171']
2013-11-20 10:57:29,622: DEBUG: Acct-Output-Octets: [5675866]
2013-11-20 10:57:29,622: DEBUG: NAS-IP-Address: ['10.254.176.1']
2013-11-20 10:57:29,622: DEBUG: GoGo-Total-Output-Gigawords: [0]
2013-11-20 10:57:29,622: DEBUG: Framed-IP-Address: ['10.254.176.73']
2013-11-20 10:57:29,622: DEBUG: GoGo-Total-Input-Voice-Gigawords: [0]
2013-11-20 10:57:29,622: DEBUG: GoGo-Total-Output-Octets: [5675866]
2013-11-20 10:57:29,622: DEBUG: GoGo-Acct-Input-Voice-Octets: [0]
2013-11-20 10:57:29,623: DEBUG: GoGo-Total-Input-Voice-Packets: [0]
2013-11-20 10:57:29,623: DEBUG: Called-Station-Id: [u'00:16:3E:7F:0B:C8']
2013-11-20 10:57:29,623: DEBUG: WISPr-Location-Name: [u'TEST LLC,BA01_01009']
2013-11-20 10:57:29,623: DEBUG: NAS-Identifier: [u'C08386']
2013-11-20 10:57:29,624: DEBUG: Proxy-State: ['3330,3132']
2013-11-20 10:57:29,624: DEBUG: GoGo-Total-Input-Voice-Octets: [0]
2013-11-20 10:57:29,625: DEBUG: Acct-Status-Type: ['Interim-Update']
2013-11-20 10:57:29,625: DEBUG: GoGo-Total-Output-Voice-Gigawords: [0]
2013-11-20 10:57:29,625: DEBUG: GoGo-Airline: [u'BA01']
2013-11-20 10:57:29,626: DEBUG: Acct-Session-Id: [u'AAATestNAS_171-1384925229496-00163E7F0BC8-1']
2013-11-20 10:57:29,626: DEBUG: Acct-Session-Time: [10]
2013-11-20 10:57:29,627: DEBUG: Acct-Input-Packets: [40716]
2013-11-20 10:57:29,628: DEBUG: Acct-Output-Packets: [49538]
2013-11-20 10:57:29,628: DEBUG: GoGo-Acct-Output-Voice-Packets: [0]
2013-11-20 10:57:29,628: DEBUG: GoGo-Acct-Output-Voice-Octets: [0]
2013-11-20 10:57:29,629: DEBUG: Acct-Output-Gigawords: [0]
2013-11-20 10:57:29,629: DEBUG: GoGo-Total-Output-Voice-Packets: [0]
2013-11-20 10:57:29,630: DEBUG: Acct-Input-Gigawords: [0]
2013-11-20 10:57:29,630: DEBUG: Calling-Station-Id: [u'18:21:31:41:52:52']
2013-11-20 10:57:29,632: DEBUG: NAS-Port-Type: ['Wireless-802.11']
2013-11-20 10:57:29,632: DEBUG: GoGo-Total-Output-Voice-Octets: [0]
2013-11-20 10:57:29,633: DEBUG: GoGo-Private-IP-Address: ['192.168.1.179']
2013-11-20 10:57:29,634: DEBUG: GoGo-Acct-Input-Voice-Gigawords: [0]
2013-11-20 10:57:29,634: DEBUG: GoGo-Total-Input-Packets: [40716]
2013-11-20 10:57:29,635: DEBUG: GoGo-Total-Input-Gigawords: [0]
2013-11-20 10:57:29,636: DEBUG: GoGo-Acct-Input-Voice-Packets: [0]
2013-11-20 10:57:29,637: DEBUG: GoGo-Total-Input-Octets: [4873918]
2013-11-20 10:57:29,638: DEBUG: GoGo-Total-Output-Packets: [49538]
2013-11-20 10:57:29,638: DEBUG: WISPr-Location-ID: [u'airline=BA01,tail=01009,network=']
2013-11-20 10:57:29,639: DEBUG: GoGo-Acct-Output-Voice-Gigawords: [0]
2013-11-20 10:57:29,639: DEBUG: Acct-Input-Octets: [4873918]
2013-11-20 10:57:29,642: DEBUG: 

2013-11-20 10:57:29,643: DEBUG: Received response with following attributes:
2013-11-20 10:57:39,643: DEBUG: 

2013-11-20 10:57:39,645: DEBUG: Creating Accounting Update Request with the following Attributes:
2013-11-20 10:57:39,645: DEBUG: User-Name: [u'username4@airborne.aircell.com']
2013-11-20 10:57:39,646: DEBUG: GoGo-Tail-Number: [u'AAATestNAS_171']
2013-11-20 10:57:39,646: DEBUG: Acct-Output-Octets: [5964697]
2013-11-20 10:57:39,646: DEBUG: NAS-IP-Address: ['10.254.176.1']
2013-11-20 10:57:39,647: DEBUG: GoGo-Total-Output-Gigawords: [0]
2013-11-20 10:57:39,647: DEBUG: Framed-IP-Address: ['10.254.176.73']
2013-11-20 10:57:39,649: DEBUG: GoGo-Total-Input-Voice-Gigawords: [0]
2013-11-20 10:57:39,650: DEBUG: GoGo-Total-Output-Octets: [5964697]
2013-11-20 10:57:39,651: DEBUG: GoGo-Acct-Input-Voice-Octets: [0]
2013-11-20 10:57:39,652: DEBUG: GoGo-Total-Input-Voice-Packets: [0]
2013-11-20 10:57:39,654: DEBUG: Called-Station-Id: [u'00:16:3E:7F:0B:C8']
2013-11-20 10:57:39,655: DEBUG: WISPr-Location-Name: [u'TEST LLC,BA01_01009']
2013-11-20 10:57:39,656: DEBUG: NAS-Identifier: [u'C08386']
2013-11-20 10:57:39,657: DEBUG: Proxy-State: ['3330,3132']
2013-11-20 10:57:39,658: DEBUG: GoGo-Total-Input-Voice-Octets: [0]
2013-11-20 10:57:39,658: DEBUG: Acct-Status-Type: ['Interim-Update']
2013-11-20 10:57:39,660: DEBUG: GoGo-Total-Output-Voice-Gigawords: [0]
2013-11-20 10:57:39,660: DEBUG: GoGo-Airline: [u'BA01']
2013-11-20 10:57:39,661: DEBUG: Acct-Session-Id: [u'AAATestNAS_171-1384925229496-00163E7F0BC8-1']
2013-11-20 10:57:39,662: DEBUG: Acct-Session-Time: [10]
2013-11-20 10:57:39,663: DEBUG: Acct-Input-Packets: [16173]
2013-11-20 10:57:39,664: DEBUG: Acct-Output-Packets: [27252]
2013-11-20 10:57:39,665: DEBUG: GoGo-Acct-Output-Voice-Packets: [0]
2013-11-20 10:57:39,666: DEBUG: GoGo-Acct-Output-Voice-Octets: [0]
2013-11-20 10:57:39,667: DEBUG: Acct-Output-Gigawords: [0]
2013-11-20 10:57:39,668: DEBUG: GoGo-Total-Output-Voice-Packets: [0]
2013-11-20 10:57:39,668: DEBUG: Acct-Input-Gigawords: [0]
2013-11-20 10:57:39,669: DEBUG: Calling-Station-Id: [u'18:21:31:41:52:52']
2013-11-20 10:57:39,670: DEBUG: NAS-Port-Type: ['Wireless-802.11']
2013-11-20 10:57:39,671: DEBUG: GoGo-Total-Output-Voice-Octets: [0]
2013-11-20 10:57:39,672: DEBUG: GoGo-Private-IP-Address: ['192.168.1.179']
2013-11-20 10:57:39,673: DEBUG: GoGo-Acct-Input-Voice-Gigawords: [0]
2013-11-20 10:57:39,673: DEBUG: GoGo-Total-Input-Packets: [16173]
2013-11-20 10:57:39,674: DEBUG: GoGo-Total-Input-Gigawords: [0]
2013-11-20 10:57:39,674: DEBUG: GoGo-Acct-Input-Voice-Packets: [0]
2013-11-20 10:57:39,675: DEBUG: GoGo-Total-Input-Octets: [2893307]
2013-11-20 10:57:39,675: DEBUG: GoGo-Total-Output-Packets: [27252]
2013-11-20 10:57:39,676: DEBUG: WISPr-Location-ID: [u'airline=BA01,tail=01009,network=']
2013-11-20 10:57:39,676: DEBUG: GoGo-Acct-Output-Voice-Gigawords: [0]
2013-11-20 10:57:39,676: DEBUG: Acct-Input-Octets: [2893307]
2013-11-20 10:57:39,677: ERROR: Network error, Reason: 'Network error: Too many open files'
2013-11-20 10:57:49,677: DEBUG: 

2013-11-20 10:57:49,678: DEBUG: Creating Accounting Update Request with the following Attributes:
2013-11-20 10:57:49,679: DEBUG: User-Name: [u'username4@airborne.aircell.com']
2013-11-20 10:57:49,680: DEBUG: GoGo-Tail-Number: [u'AAATestNAS_171']
2013-11-20 10:57:49,680: DEBUG: Acct-Output-Octets: [4235058]
2013-11-20 10:57:49,681: DEBUG: NAS-IP-Address: ['10.254.176.1']
2013-11-20 10:57:49,681: DEBUG: GoGo-Total-Output-Gigawords: [0]
2013-11-20 10:57:49,682: DEBUG: Framed-IP-Address: ['10.254.176.73']
2013-11-20 10:57:49,682: DEBUG: GoGo-Total-Input-Voice-Gigawords: [0]
2013-11-20 10:57:49,683: DEBUG: GoGo-Total-Output-Octets: [4235058]
2013-11-20 10:57:49,684: DEBUG: GoGo-Acct-Input-Voice-Octets: [0]
2013-11-20 10:57:49,684: DEBUG: GoGo-Total-Input-Voice-Packets: [0]
2013-11-20 10:57:49,685: DEBUG: Called-Station-Id: [u'00:16:3E:7F:0B:C8']
2013-11-20 10:57:49,685: DEBUG: WISPr-Location-Name: [u'TEST LLC,BA01_01009']
2013-11-20 10:57:49,686: DEBUG: NAS-Identifier: [u'C08386']
2013-11-20 10:57:49,686: DEBUG: Proxy-State: ['3330,3132']
2013-11-20 10:57:49,687: DEBUG: GoGo-Total-Input-Voice-Octets: [0]
2013-11-20 10:57:49,688: DEBUG: Acct-Status-Type: ['Interim-Update']
2013-11-20 10:57:49,688: DEBUG: GoGo-Total-Output-Voice-Gigawords: [0]
2013-11-20 10:57:49,688: DEBUG: GoGo-Airline: [u'BA01']
2013-11-20 10:57:49,689: DEBUG: Acct-Session-Id: [u'AAATestNAS_171-1384925229496-00163E7F0BC8-1']
2013-11-20 10:57:49,689: DEBUG: Acct-Session-Time: [10]
2013-11-20 10:57:49,690: DEBUG: Acct-Input-Packets: [32240]
2013-11-20 10:57:49,690: DEBUG: Acct-Output-Packets: [38101]
2013-11-20 10:57:49,690: DEBUG: GoGo-Acct-Output-Voice-Packets: [0]
2013-11-20 10:57:49,691: DEBUG: GoGo-Acct-Output-Voice-Octets: [0]
2013-11-20 10:57:49,691: DEBUG: Acct-Output-Gigawords: [0]
2013-11-20 10:57:49,691: DEBUG: GoGo-Total-Output-Voice-Packets: [0]
2013-11-20 10:57:49,692: DEBUG: Acct-Input-Gigawords: [0]
2013-11-20 10:57:49,692: DEBUG: Calling-Station-Id: [u'18:21:31:41:52:52']
2013-11-20 10:57:49,692: DEBUG: NAS-Port-Type: ['Wireless-802.11']
2013-11-20 10:57:49,693: DEBUG: GoGo-Total-Output-Voice-Octets: [0]
2013-11-20 10:57:49,693: DEBUG: GoGo-Private-IP-Address: ['192.168.1.179']
2013-11-20 10:57:49,693: DEBUG: GoGo-Acct-Input-Voice-Gigawords: [0]
2013-11-20 10:57:49,694: DEBUG: GoGo-Total-Input-Packets: [32240]
2013-11-20 10:57:49,694: DEBUG: GoGo-Total-Input-Gigawords: [0]
2013-11-20 10:57:49,695: DEBUG: GoGo-Acct-Input-Voice-Packets: [0]
2013-11-20 10:57:49,695: DEBUG: GoGo-Total-Input-Octets: [6583869]
2013-11-20 10:57:49,695: DEBUG: GoGo-Total-Output-Packets: [38101]
2013-11-20 10:57:49,696: DEBUG: WISPr-Location-ID: [u'airline=BA01,tail=01009,network=']
2013-11-20 10:57:49,696: DEBUG: GoGo-Acct-Output-Voice-Gigawords: [0]
2013-11-20 10:57:49,696: DEBUG: Acct-Input-Octets: [6583869]
2013-11-20 10:57:49,697: ERROR: Network error, Reason: 'Network error: Too many open files'
2013-11-20 10:57:59,698: DEBUG: 

2013-11-20 10:57:59,699: DEBUG: Creating Accounting Update Request with the following Attributes:
2013-11-20 10:57:59,699: DEBUG: User-Name: [u'username4@airborne.aircell.com']
2013-11-20 10:57:59,699: DEBUG: GoGo-Tail-Number: [u'AAATestNAS_171']
2013-11-20 10:57:59,699: DEBUG: Acct-Output-Octets: [9065386]
2013-11-20 10:57:59,699: DEBUG: NAS-IP-Address: ['10.254.176.1']
2013-11-20 10:57:59,700: DEBUG: GoGo-Total-Output-Gigawords: [0]
2013-11-20 10:57:59,701: DEBUG: Framed-IP-Address: ['10.254.176.73']
2013-11-20 10:57:59,701: DEBUG: GoGo-Total-Input-Voice-Gigawords: [0]
2013-11-20 10:57:59,701: DEBUG: GoGo-Total-Output-Octets: [9065386]
2013-11-20 10:57:59,702: DEBUG: GoGo-Acct-Input-Voice-Octets: [0]
2013-11-20 10:57:59,702: DEBUG: GoGo-Total-Input-Voice-Packets: [0]
2013-11-20 10:57:59,703: DEBUG: Called-Station-Id: [u'00:16:3E:7F:0B:C8']
2013-11-20 10:57:59,703: DEBUG: WISPr-Location-Name: [u'TEST LLC,BA01_01009']
2013-11-20 10:57:59,703: DEBUG: NAS-Identifier: [u'C08386']
2013-11-20 10:57:59,704: DEBUG: Proxy-State: ['3330,3132']
2013-11-20 10:57:59,704: DEBUG: GoGo-Total-Input-Voice-Octets: [0]
2013-11-20 10:57:59,704: DEBUG: Acct-Status-Type: ['Interim-Update']
2013-11-20 10:57:59,705: DEBUG: GoGo-Total-Output-Voice-Gigawords: [0]
2013-11-20 10:57:59,705: DEBUG: GoGo-Airline: [u'BA01']
2013-11-20 10:57:59,706: DEBUG: Acct-Session-Id: [u'AAATestNAS_171-1384925229496-00163E7F0BC8-1']
2013-11-20 10:57:59,706: DEBUG: Acct-Session-Time: [10]
2013-11-20 10:57:59,706: DEBUG: Acct-Input-Packets: [14028]
2013-11-20 10:57:59,707: DEBUG: Acct-Output-Packets: [29321]
2013-11-20 10:57:59,707: DEBUG: GoGo-Acct-Output-Voice-Packets: [0]
2013-11-20 10:57:59,707: DEBUG: GoGo-Acct-Output-Voice-Octets: [0]
2013-11-20 10:57:59,708: DEBUG: Acct-Output-Gigawords: [0]
2013-11-20 10:57:59,708: DEBUG: GoGo-Total-Output-Voice-Packets: [0]
2013-11-20 10:57:59,708: DEBUG: Acct-Input-Gigawords: [0]
2013-11-20 10:57:59,709: DEBUG: Calling-Station-Id: [u'18:21:31:41:52:52']
2013-11-20 10:57:59,709: DEBUG: NAS-Port-Type: ['Wireless-802.11']
2013-11-20 10:57:59,709: DEBUG: GoGo-Total-Output-Voice-Octets: [0]
2013-11-20 10:57:59,710: DEBUG: GoGo-Private-IP-Address: ['192.168.1.179']
2013-11-20 10:57:59,710: DEBUG: GoGo-Acct-Input-Voice-Gigawords: [0]
2013-11-20 10:57:59,710: DEBUG: GoGo-Total-Input-Packets: [14028]
2013-11-20 10:57:59,711: DEBUG: GoGo-Total-Input-Gigawords: [0]
2013-11-20 10:57:59,711: DEBUG: GoGo-Acct-Input-Voice-Packets: [0]
2013-11-20 10:57:59,712: DEBUG: GoGo-Total-Input-Octets: [5654124]
2013-11-20 10:57:59,712: DEBUG: GoGo-Total-Output-Packets: [29321]
2013-11-20 10:57:59,713: DEBUG: WISPr-Location-ID: [u'airline=BA01,tail=01009,network=']
2013-11-20 10:57:59,713: DEBUG: GoGo-Acct-Output-Voice-Gigawords: [0]
2013-11-20 10:57:59,713: DEBUG: Acct-Input-Octets: [5654124]
2013-11-20 10:57:59,716: DEBUG: 

2013-11-20 10:57:59,716: DEBUG: Received response with following attributes:
2013-11-20 10:58:09,717: DEBUG: 

2013-11-20 10:58:09,718: DEBUG: Creating Accounting Update Request with the following Attributes:
2013-11-20 10:58:09,718: DEBUG: User-Name: [u'username4@airborne.aircell.com']
2013-11-20 10:58:09,718: DEBUG: GoGo-Tail-Number: [u'AAATestNAS_171']
2013-11-20 10:58:09,719: DEBUG: Acct-Output-Octets: [6499235]
2013-11-20 10:58:09,719: DEBUG: NAS-IP-Address: ['10.254.176.1']
2013-11-20 10:58:09,720: DEBUG: GoGo-Total-Output-Gigawords: [0]
2013-11-20 10:58:09,720: DEBUG: Framed-IP-Address: ['10.254.176.73']
2013-11-20 10:58:09,720: DEBUG: GoGo-Total-Input-Voice-Gigawords: [0]
2013-11-20 10:58:09,721: DEBUG: GoGo-Total-Output-Octets: [6499235]
2013-11-20 10:58:09,721: DEBUG: GoGo-Acct-Input-Voice-Octets: [0]
2013-11-20 10:58:09,721: DEBUG: GoGo-Total-Input-Voice-Packets: [0]
2013-11-20 10:58:09,722: DEBUG: Called-Station-Id: [u'00:16:3E:7F:0B:C8']
2013-11-20 10:58:09,722: DEBUG: WISPr-Location-Name: [u'TEST LLC,BA01_01009']
2013-11-20 10:58:09,722: DEBUG: NAS-Identifier: [u'C08386']
2013-11-20 10:58:09,723: DEBUG: Proxy-State: ['3330,3132']
2013-11-20 10:58:09,723: DEBUG: GoGo-Total-Input-Voice-Octets: [0]
2013-11-20 10:58:09,723: DEBUG: Acct-Status-Type: ['Interim-Update']
2013-11-20 10:58:09,724: DEBUG: GoGo-Total-Output-Voice-Gigawords: [0]
2013-11-20 10:58:09,724: DEBUG: GoGo-Airline: [u'BA01']
2013-11-20 10:58:09,724: DEBUG: Acct-Session-Id: [u'AAATestNAS_171-1384925229496-00163E7F0BC8-1']
2013-11-20 10:58:09,725: DEBUG: Acct-Session-Time: [10]
2013-11-20 10:58:09,725: DEBUG: Acct-Input-Packets: [80299]
2013-11-20 10:58:09,726: DEBUG: Acct-Output-Packets: [55699]
2013-11-20 10:58:09,726: DEBUG: GoGo-Acct-Output-Voice-Packets: [0]
2013-11-20 10:58:09,726: DEBUG: GoGo-Acct-Output-Voice-Octets: [0]
2013-11-20 10:58:09,727: DEBUG: Acct-Output-Gigawords: [0]
2013-11-20 10:58:09,727: DEBUG: GoGo-Total-Output-Voice-Packets: [0]
2013-11-20 10:58:09,728: DEBUG: Acct-Input-Gigawords: [0]
2013-11-20 10:58:09,728: DEBUG: Calling-Station-Id: [u'18:21:31:41:52:52']
2013-11-20 10:58:09,728: DEBUG: NAS-Port-Type: ['Wireless-802.11']
2013-11-20 10:58:09,729: DEBUG: GoGo-Total-Output-Voice-Octets: [0]
2013-11-20 10:58:09,729: DEBUG: GoGo-Private-IP-Address: ['192.168.1.179']
2013-11-20 10:58:09,729: DEBUG: GoGo-Acct-Input-Voice-Gigawords: [0]
2013-11-20 10:58:09,730: DEBUG: GoGo-Total-Input-Packets: [80299]
2013-11-20 10:58:09,730: DEBUG: GoGo-Total-Input-Gigawords: [0]
2013-11-20 10:58:09,731: DEBUG: GoGo-Acct-Input-Voice-Packets: [0]
2013-11-20 10:58:09,731: DEBUG: GoGo-Total-Input-Octets: [8115682]
2013-11-20 10:58:09,731: DEBUG: GoGo-Total-Output-Packets: [55699]
2013-11-20 10:58:09,731: DEBUG: WISPr-Location-ID: [u'airline=BA01,tail=01009,network=']
2013-11-20 10:58:09,732: DEBUG: GoGo-Acct-Output-Voice-Gigawords: [0]
2013-11-20 10:58:09,732: DEBUG: Acct-Input-Octets: [8115682]
2013-11-20 10:58:09,732: ERROR: Network error, Reason: 'Network error: Too many open files'
2013-11-20 10:58:19,733: DEBUG: 

2013-11-20 10:58:19,734: DEBUG: Creating Accounting Update Request with the following Attributes:
2013-11-20 10:58:19,734: DEBUG: User-Name: [u'username4@airborne.aircell.com']
2013-11-20 10:58:19,734: DEBUG: GoGo-Tail-Number: [u'AAATestNAS_171']
2013-11-20 10:58:19,734: DEBUG: Acct-Output-Octets: [2094644]
2013-11-20 10:58:19,734: DEBUG: NAS-IP-Address: ['10.254.176.1']
2013-11-20 10:58:19,735: DEBUG: GoGo-Total-Output-Gigawords: [0]
2013-11-20 10:58:19,735: DEBUG: Framed-IP-Address: ['10.254.176.73']
2013-11-20 10:58:19,735: DEBUG: GoGo-Total-Input-Voice-Gigawords: [0]
2013-11-20 10:58:19,736: DEBUG: GoGo-Total-Output-Octets: [2094644]
2013-11-20 10:58:19,736: DEBUG: GoGo-Acct-Input-Voice-Octets: [0]
2013-11-20 10:58:19,737: DEBUG: GoGo-Total-Input-Voice-Packets: [0]
2013-11-20 10:58:19,737: DEBUG: Called-Station-Id: [u'00:16:3E:7F:0B:C8']
2013-11-20 10:58:19,738: DEBUG: WISPr-Location-Name: [u'TEST LLC,BA01_01009']
2013-11-20 10:58:19,738: DEBUG: NAS-Identifier: [u'C08386']
2013-11-20 10:58:19,738: DEBUG: Proxy-State: ['3330,3132']
2013-11-20 10:58:19,739: DEBUG: GoGo-Total-Input-Voice-Octets: [0]
2013-11-20 10:58:19,739: DEBUG: Acct-Status-Type: ['Interim-Update']
2013-11-20 10:58:19,739: DEBUG: GoGo-Total-Output-Voice-Gigawords: [0]
2013-11-20 10:58:19,740: DEBUG: GoGo-Airline: [u'BA01']
2013-11-20 10:58:19,740: DEBUG: Acct-Session-Id: [u'AAATestNAS_171-1384925229496-00163E7F0BC8-1']
2013-11-20 10:58:19,740: DEBUG: Acct-Session-Time: [10]
2013-11-20 10:58:19,741: DEBUG: Acct-Input-Packets: [29451]
2013-11-20 10:58:19,741: DEBUG: Acct-Output-Packets: [5425]
2013-11-20 10:58:19,741: DEBUG: GoGo-Acct-Output-Voice-Packets: [0]
2013-11-20 10:58:19,742: DEBUG: GoGo-Acct-Output-Voice-Octets: [0]
2013-11-20 10:58:19,742: DEBUG: Acct-Output-Gigawords: [0]
2013-11-20 10:58:19,742: DEBUG: GoGo-Total-Output-Voice-Packets: [0]
2013-11-20 10:58:19,743: DEBUG: Acct-Input-Gigawords: [0]
2013-11-20 10:58:19,743: DEBUG: Calling-Station-Id: [u'18:21:31:41:52:52']
2013-11-20 10:58:19,743: DEBUG: NAS-Port-Type: ['Wireless-802.11']
2013-11-20 10:58:19,744: DEBUG: GoGo-Total-Output-Voice-Octets: [0]
2013-11-20 10:58:19,744: DEBUG: GoGo-Private-IP-Address: ['192.168.1.179']
2013-11-20 10:58:19,745: DEBUG: GoGo-Acct-Input-Voice-Gigawords: [0]
2013-11-20 10:58:19,745: DEBUG: GoGo-Total-Input-Packets: [29451]
2013-11-20 10:58:19,745: DEBUG: GoGo-Total-Input-Gigawords: [0]
2013-11-20 10:58:19,746: DEBUG: GoGo-Acct-Input-Voice-Packets: [0]
2013-11-20 10:58:19,746: DEBUG: GoGo-Total-Input-Octets: [6029296]
2013-11-20 10:58:19,746: DEBUG: GoGo-Total-Output-Packets: [5425]
2013-11-20 10:58:19,746: DEBUG: WISPr-Location-ID: [u'airline=BA01,tail=01009,network=']
2013-11-20 10:58:19,747: DEBUG: GoGo-Acct-Output-Voice-Gigawords: [0]
2013-11-20 10:58:19,747: DEBUG: Acct-Input-Octets: [6029296]
2013-11-20 10:58:19,748: ERROR: Network error, Reason: 'Network error: Too many open files'
2013-11-20 10:58:29,748: DEBUG: 

2013-11-20 10:58:29,750: DEBUG: Creating Accounting Update Request with the following Attributes:
2013-11-20 10:58:29,751: DEBUG: User-Name: [u'username4@airborne.aircell.com']
2013-11-20 10:58:29,752: DEBUG: GoGo-Tail-Number: [u'AAATestNAS_171']
2013-11-20 10:58:29,754: DEBUG: Acct-Output-Octets: [7840158]
2013-11-20 10:58:29,757: DEBUG: NAS-IP-Address: ['10.254.176.1']
2013-11-20 10:58:29,758: DEBUG: GoGo-Total-Output-Gigawords: [0]
2013-11-20 10:58:29,759: DEBUG: Framed-IP-Address: ['10.254.176.73']
2013-11-20 10:58:29,760: DEBUG: GoGo-Total-Input-Voice-Gigawords: [0]
2013-11-20 10:58:29,761: DEBUG: GoGo-Total-Output-Octets: [7840158]
2013-11-20 10:58:29,762: DEBUG: GoGo-Acct-Input-Voice-Octets: [0]
2013-11-20 10:58:29,762: DEBUG: GoGo-Total-Input-Voice-Packets: [0]
2013-11-20 10:58:29,763: DEBUG: Called-Station-Id: [u'00:16:3E:7F:0B:C8']
2013-11-20 10:58:29,765: DEBUG: WISPr-Location-Name: [u'TEST LLC,BA01_01009']
2013-11-20 10:58:29,765: DEBUG: NAS-Identifier: [u'C08386']
2013-11-20 10:58:29,766: DEBUG: Proxy-State: ['3330,3132']
2013-11-20 10:58:29,767: DEBUG: GoGo-Total-Input-Voice-Octets: [0]
2013-11-20 10:58:29,768: DEBUG: Acct-Status-Type: ['Interim-Update']
2013-11-20 10:58:29,768: DEBUG: GoGo-Total-Output-Voice-Gigawords: [0]
2013-11-20 10:58:29,770: DEBUG: GoGo-Airline: [u'BA01']
2013-11-20 10:58:29,770: DEBUG: Acct-Session-Id: [u'AAATestNAS_171-1384925229496-00163E7F0BC8-1']
2013-11-20 10:58:29,771: DEBUG: Acct-Session-Time: [10]
2013-11-20 10:58:29,772: DEBUG: Acct-Input-Packets: [35553]
2013-11-20 10:58:29,773: DEBUG: Acct-Output-Packets: [63844]
2013-11-20 10:58:29,773: DEBUG: GoGo-Acct-Output-Voice-Packets: [0]
2013-11-20 10:58:29,774: DEBUG: GoGo-Acct-Output-Voice-Octets: [0]
2013-11-20 10:58:29,774: DEBUG: Acct-Output-Gigawords: [0]
2013-11-20 10:58:29,775: DEBUG: GoGo-Total-Output-Voice-Packets: [0]
2013-11-20 10:58:29,776: DEBUG: Acct-Input-Gigawords: [0]
2013-11-20 10:58:29,777: DEBUG: Calling-Station-Id: [u'18:21:31:41:52:52']
2013-11-20 10:58:29,777: DEBUG: NAS-Port-Type: ['Wireless-802.11']
2013-11-20 10:58:29,778: DEBUG: GoGo-Total-Output-Voice-Octets: [0]
2013-11-20 10:58:29,779: DEBUG: GoGo-Private-IP-Address: ['192.168.1.179']
2013-11-20 10:58:29,779: DEBUG: GoGo-Acct-Input-Voice-Gigawords: [0]
2013-11-20 10:58:29,780: DEBUG: GoGo-Total-Input-Packets: [35553]
2013-11-20 10:58:29,780: DEBUG: GoGo-Total-Input-Gigawords: [0]
2013-11-20 10:58:29,781: DEBUG: GoGo-Acct-Input-Voice-Packets: [0]
2013-11-20 10:58:29,782: DEBUG: GoGo-Total-Input-Octets: [6049435]
2013-11-20 10:58:29,783: DEBUG: GoGo-Total-Output-Packets: [63844]
2013-11-20 10:58:29,783: DEBUG: WISPr-Location-ID: [u'airline=BA01,tail=01009,network=']
2013-11-20 10:58:29,784: DEBUG: GoGo-Acct-Output-Voice-Gigawords: [0]
2013-11-20 10:58:29,784: DEBUG: Acct-Input-Octets: [6049435]
2013-11-20 10:58:29,785: ERROR: Network error, Reason: 'Network error: Too many open files'
2013-11-20 10:58:39,786: DEBUG: 

2013-11-20 10:58:39,787: DEBUG: Creating Accounting Update Request with the following Attributes:
2013-11-20 10:58:39,787: DEBUG: User-Name: [u'username4@airborne.aircell.com']
2013-11-20 10:58:39,788: DEBUG: GoGo-Tail-Number: [u'AAATestNAS_171']
2013-11-20 10:58:39,788: DEBUG: Acct-Output-Octets: [8075448]
2013-11-20 10:58:39,789: DEBUG: NAS-IP-Address: ['10.254.176.1']
2013-11-20 10:58:39,789: DEBUG: GoGo-Total-Output-Gigawords: [0]
2013-11-20 10:58:39,789: DEBUG: Framed-IP-Address: ['10.254.176.73']
2013-11-20 10:58:39,790: DEBUG: GoGo-Total-Input-Voice-Gigawords: [0]
2013-11-20 10:58:39,790: DEBUG: GoGo-Total-Output-Octets: [8075448]
2013-11-20 10:58:39,790: DEBUG: GoGo-Acct-Input-Voice-Octets: [0]
2013-11-20 10:58:39,791: DEBUG: GoGo-Total-Input-Voice-Packets: [0]
2013-11-20 10:58:39,791: DEBUG: Called-Station-Id: [u'00:16:3E:7F:0B:C8']
2013-11-20 10:58:39,792: DEBUG: WISPr-Location-Name: [u'TEST LLC,BA01_01009']
2013-11-20 10:58:39,792: DEBUG: NAS-Identifier: [u'C08386']
2013-11-20 10:58:39,792: DEBUG: Proxy-State: ['3330,3132']
2013-11-20 10:58:39,793: DEBUG: GoGo-Total-Input-Voice-Octets: [0]
2013-11-20 10:58:39,793: DEBUG: Acct-Status-Type: ['Interim-Update']
2013-11-20 10:58:39,794: DEBUG: GoGo-Total-Output-Voice-Gigawords: [0]
2013-11-20 10:58:39,794: DEBUG: GoGo-Airline: [u'BA01']
2013-11-20 10:58:39,794: DEBUG: Acct-Session-Id: [u'AAATestNAS_171-1384925229496-00163E7F0BC8-1']
2013-11-20 10:58:39,795: DEBUG: Acct-Session-Time: [10]
2013-11-20 10:58:39,795: DEBUG: Acct-Input-Packets: [23753]
2013-11-20 10:58:39,796: DEBUG: Acct-Output-Packets: [70001]
2013-11-20 10:58:39,796: DEBUG: GoGo-Acct-Output-Voice-Packets: [0]
2013-11-20 10:58:39,796: DEBUG: GoGo-Acct-Output-Voice-Octets: [0]
2013-11-20 10:58:39,797: DEBUG: Acct-Output-Gigawords: [0]
2013-11-20 10:58:39,797: DEBUG: GoGo-Total-Output-Voice-Packets: [0]
2013-11-20 10:58:39,797: DEBUG: Acct-Input-Gigawords: [0]
2013-11-20 10:58:39,798: DEBUG: Calling-Station-Id: [u'18:21:31:41:52:52']
2013-11-20 10:58:39,798: DEBUG: NAS-Port-Type: ['Wireless-802.11']
2013-11-20 10:58:39,798: DEBUG: GoGo-Total-Output-Voice-Octets: [0]
2013-11-20 10:58:39,799: DEBUG: GoGo-Private-IP-Address: ['192.168.1.179']
2013-11-20 10:58:39,799: DEBUG: GoGo-Acct-Input-Voice-Gigawords: [0]
2013-11-20 10:58:39,799: DEBUG: GoGo-Total-Input-Packets: [23753]
2013-11-20 10:58:39,800: DEBUG: GoGo-Total-Input-Gigawords: [0]
2013-11-20 10:58:39,800: DEBUG: GoGo-Acct-Input-Voice-Packets: [0]
2013-11-20 10:58:39,801: DEBUG: GoGo-Total-Input-Octets: [6301424]
2013-11-20 10:58:39,801: DEBUG: GoGo-Total-Output-Packets: [70001]
2013-11-20 10:58:39,801: DEBUG: WISPr-Location-ID: [u'airline=BA01,tail=01009,network=']
2013-11-20 10:58:39,802: DEBUG: GoGo-Acct-Output-Voice-Gigawords: [0]
2013-11-20 10:58:39,802: DEBUG: Acct-Input-Octets: [6301424]
2013-11-20 10:58:39,803: ERROR: Network error, Reason: 'Network error: Too many open files'
2013-11-20 10:59:07,803: DEBUG: 

2013-11-20 10:59:07,803: DEBUG: Creating Accounting Stop Request with the following Attributes:
2013-11-20 10:59:07,803: DEBUG: User-Name: [u'username4@airborne.aircell.com']
2013-11-20 10:59:07,804: DEBUG: GoGo-Tail-Number: [u'01009']
2013-11-20 10:59:07,804: DEBUG: Acct-Output-Octets: [4668431]
2013-11-20 10:59:07,804: DEBUG: NAS-IP-Address: ['10.254.176.1']
2013-11-20 10:59:07,804: DEBUG: GoGo-Total-Output-Gigawords: [0]
2013-11-20 10:59:07,804: DEBUG: Framed-IP-Address: ['10.254.176.73']
2013-11-20 10:59:07,804: DEBUG: GoGo-Total-Input-Voice-Gigawords: [0]
2013-11-20 10:59:07,804: DEBUG: GoGo-Total-Output-Octets: [4668431]
2013-11-20 10:59:07,805: DEBUG: GoGo-Acct-Input-Voice-Octets: [0]
2013-11-20 10:59:07,805: DEBUG: GoGo-Total-Input-Voice-Packets: [0]
2013-11-20 10:59:07,805: DEBUG: Called-Station-Id: [u'00:16:3E:7F:0B:C8']
2013-11-20 10:59:07,805: DEBUG: WISPr-Location-Name: [u'TEST LLC,BA01_01009']
2013-11-20 10:59:07,805: DEBUG: NAS-Identifier: [u'C08386']
2013-11-20 10:59:07,805: DEBUG: Proxy-State: ['3330,3132']
2013-11-20 10:59:07,805: DEBUG: GoGo-Total-Input-Voice-Octets: [0]
2013-11-20 10:59:07,806: DEBUG: Acct-Status-Type: ['Stop']
2013-11-20 10:59:07,806: DEBUG: GoGo-Total-Output-Voice-Gigawords: [0]
2013-11-20 10:59:07,806: DEBUG: GoGo-Airline: [u'BA01']
2013-11-20 10:59:07,806: DEBUG: Acct-Session-Id: [u'AAATestNAS_171-1384925229496-00163E7F0BC8-1']
2013-11-20 10:59:07,806: DEBUG: Acct-Session-Time: [28]
2013-11-20 10:59:07,806: DEBUG: Acct-Input-Packets: [48285]
2013-11-20 10:59:07,806: DEBUG: Acct-Output-Packets: [34809]
2013-11-20 10:59:07,807: DEBUG: Acct-Terminate-Cause: ['User-Request']
2013-11-20 10:59:07,807: DEBUG: GoGo-Acct-Output-Voice-Octets: [0]
2013-11-20 10:59:07,807: DEBUG: Acct-Output-Gigawords: [0]
2013-11-20 10:59:07,807: DEBUG: GoGo-Total-Output-Voice-Packets: [0]
2013-11-20 10:59:07,807: DEBUG: Acct-Input-Gigawords: [0]
2013-11-20 10:59:07,807: DEBUG: Calling-Station-Id: [u'18:21:31:41:52:52']
2013-11-20 10:59:07,807: DEBUG: NAS-Port-Type: ['Wireless-802.11']
2013-11-20 10:59:07,807: DEBUG: GoGo-Total-Output-Voice-Octets: [0]
2013-11-20 10:59:07,808: DEBUG: GoGo-Private-IP-Address: ['192.168.1.179']
2013-11-20 10:59:07,808: DEBUG: GoGo-Acct-Input-Voice-Gigawords: [0]
2013-11-20 10:59:07,808: DEBUG: GoGo-Total-Input-Packets: [48285]
2013-11-20 10:59:07,808: DEBUG: GoGo-Total-Input-Gigawords: [0]
2013-11-20 10:59:07,808: DEBUG: GoGo-Acct-Input-Voice-Packets: [0]
2013-11-20 10:59:07,808: DEBUG: GoGo-Total-Input-Octets: [8132498]
2013-11-20 10:59:07,808: DEBUG: GoGo-Total-Output-Packets: [34809]
2013-11-20 10:59:07,808: DEBUG: WISPr-Location-ID: [u'airline=BA01,tail=01009,network=']
2013-11-20 10:59:07,809: DEBUG: GoGo-Acct-Output-Voice-Packets: [0]
2013-11-20 10:59:07,809: DEBUG: GoGo-Acct-Output-Voice-Gigawords: [0]
2013-11-20 10:59:07,809: DEBUG: Acct-Input-Octets: [8132498]
2013-11-20 10:59:07,809: ERROR: Network error, Reason: 'Network error: Too many open files'
2013-11-20 10:59:07,809: ERROR: Ending the test for this user
2013-11-20 10:59:07,809: DEBUG: Ending the test for this user
2013-11-20 10:59:08,637: DEBUG: Starting the client for the user username4@airborne.aircell.com to the server localhost

