2013-11-20 10:56:33,442: DEBUG: Starting the client for the user username60@airborne.aircell.com to the server localhost

2013-11-20 10:56:33,442: DEBUG: DURATION of the TEST: 83
2013-11-20 10:56:33,442: DEBUG: NAS-IP: 10.254.205.1
2013-11-20 10:56:33,443: DEBUG: NAS-MAC-ADDR: 18:21:31:41:52:81
2013-11-20 10:56:33,443: DEBUG: Abruptly End: False
2013-11-20 10:56:33,443: DEBUG: Framed-IP: 10.254.205.145
2013-11-20 10:56:33,443: DEBUG: User-MAC-Addr: 00:16:3E:19:23:E0
2013-11-20 10:56:33,443: DEBUG: 

2013-11-20 10:56:33,444: DEBUG: Creating Authentication Request with the following Attributes:
2013-11-20 10:56:33,444: DEBUG: NAS-Identifier: [u'C08386']
2013-11-20 10:56:33,444: DEBUG: User-Name: [u'username60@airborne.aircell.com']
2013-11-20 10:56:33,445: DEBUG: NAS-IP-Address: ['10.254.205.1']
2013-11-20 10:56:33,445: DEBUG: Service-Type: ['Authenticate-Only']
2013-11-20 10:56:33,446: DEBUG: Proxy-State: ['3237,3134']
2013-11-20 10:56:33,446: DEBUG: Framed-IP-Address: ['10.254.205.145']
2013-11-20 10:56:33,447: DEBUG: GoGo-Airline: [u'BA01']
2013-11-20 10:56:33,447: DEBUG: Acct-Session-Id: [u'AAATestNAS_200-1384925193443-00163E1923E0-1']
2013-11-20 10:56:33,448: DEBUG: GoGo-Tail-Number: [u'AAATestNAS_200']
2013-11-20 10:56:33,448: DEBUG: GoGo-Private-IP-Address: ['192.168.1.179']
2013-11-20 10:56:33,448: DEBUG: WISPr-Location-ID: [u'airline=BA01,tail=01009,network=']
2013-11-20 10:56:33,449: DEBUG: WISPr-Location-Name: [u'TEST LLC,BA01_01009']
2013-11-20 10:56:33,449: DEBUG: NAS-Port-Type: ['Wireless-802.11']
2013-11-20 10:56:33,449: DEBUG: Called-Station-Id: [u'00:16:3E:19:23:E0']
2013-11-20 10:56:33,450: DEBUG: Calling-Station-Id: [u'18:21:31:41:52:81']
2013-11-20 10:56:33,452: DEBUG: 

2013-11-20 10:56:33,452: DEBUG: Received response with code: 2, Accepted
2013-11-20 10:56:33,453: DEBUG: Creating Authentication Request with the following Attributes:
2013-11-20 10:56:33,454: DEBUG: NAS-Identifier: [u'C08386']
2013-11-20 10:56:33,454: DEBUG: User-Name: [u'username60@airborne.aircell.com']
2013-11-20 10:56:33,455: DEBUG: NAS-IP-Address: ['10.254.205.1']
2013-11-20 10:56:33,456: DEBUG: Service-Type: ['Login-User']
2013-11-20 10:56:33,457: DEBUG: Proxy-State: ['3237,3134']
2013-11-20 10:56:33,457: DEBUG: Framed-IP-Address: ['10.254.205.145']
2013-11-20 10:56:33,458: DEBUG: GoGo-Airline: [u'BA01']
2013-11-20 10:56:33,459: DEBUG: Acct-Session-Id: [u'AAATestNAS_200-1384925193453-00163E1923E0-1']
2013-11-20 10:56:33,460: DEBUG: GoGo-Tail-Number: [u'AAATestNAS_200']
2013-11-20 10:56:33,461: DEBUG: GoGo-Private-IP-Address: ['192.168.1.179']
2013-11-20 10:56:33,461: DEBUG: WISPr-Location-ID: [u'airline=BA01,tail=01009,network=']
2013-11-20 10:56:33,462: DEBUG: WISPr-Location-Name: [u'TEST LLC,BA01_01009']
2013-11-20 10:56:33,462: DEBUG: NAS-Port-Type: ['Wireless-802.11']
2013-11-20 10:56:33,463: DEBUG: Called-Station-Id: [u'00:16:3E:19:23:E0']
2013-11-20 10:56:33,463: DEBUG: Calling-Station-Id: [u'18:21:31:41:52:81']
2013-11-20 10:56:33,464: DEBUG: 

2013-11-20 10:56:33,465: DEBUG: Received response with code: 2, Accepted
2013-11-20 10:56:33,465: DEBUG: 

2013-11-20 10:56:33,466: DEBUG: Creating Accounting start Request with the following Attributes:
2013-11-20 10:56:33,466: DEBUG: NAS-Identifier: [u'C08386']
2013-11-20 10:56:33,467: DEBUG: User-Name: [u'username60@airborne.aircell.com']
2013-11-20 10:56:33,467: DEBUG: GoGo-Tail-Number: [u'AAATestNAS_200']
2013-11-20 10:56:33,467: DEBUG: NAS-IP-Address: ['10.254.205.1']
2013-11-20 10:56:33,468: DEBUG: Proxy-State: ['3239,3131']
2013-11-20 10:56:33,468: DEBUG: Acct-Status-Type: ['Start']
2013-11-20 10:56:33,468: DEBUG: GoGo-Airline: [u'BA01']
2013-11-20 10:56:33,469: DEBUG: Acct-Session-Id: [u'AAATestNAS_200-1384925193453-00163E1923E0-1']
2013-11-20 10:56:33,469: DEBUG: GoGo-Private-IP-Address: ['192.168.1.179']
2013-11-20 10:56:33,470: DEBUG: Framed-IP-Address: ['10.254.205.145']
2013-11-20 10:56:33,470: DEBUG: WISPr-Location-ID: [u'airline=BA01,tail=01009,network=']
2013-11-20 10:56:33,470: DEBUG: WISPr-Location-Name: [u'TEST LLC,BA01_01009']
2013-11-20 10:56:33,471: DEBUG: NAS-Port-Type: ['Wireless-802.11']
2013-11-20 10:56:33,471: DEBUG: Called-Station-Id: [u'00:16:3E:19:23:E0']
2013-11-20 10:56:33,471: DEBUG: Calling-Station-Id: [u'18:21:31:41:52:81']
2013-11-20 10:56:33,472: DEBUG: 

2013-11-20 10:56:33,473: DEBUG: Received response with following attributes:
2013-11-20 10:56:43,473: DEBUG: 

2013-11-20 10:56:43,475: DEBUG: Creating Accounting Update Request with the following Attributes:
2013-11-20 10:56:43,476: DEBUG: User-Name: [u'username60@airborne.aircell.com']
2013-11-20 10:56:43,476: DEBUG: GoGo-Tail-Number: [u'AAATestNAS_200']
2013-11-20 10:56:43,478: DEBUG: Acct-Output-Octets: [9799347]
2013-11-20 10:56:43,478: DEBUG: NAS-IP-Address: ['10.254.205.1']
2013-11-20 10:56:43,479: DEBUG: GoGo-Total-Output-Gigawords: [0]
2013-11-20 10:56:43,480: DEBUG: Framed-IP-Address: ['10.254.205.145']
2013-11-20 10:56:43,481: DEBUG: GoGo-Total-Input-Voice-Gigawords: [0]
2013-11-20 10:56:43,482: DEBUG: GoGo-Total-Output-Octets: [9799347]
2013-11-20 10:56:43,483: DEBUG: GoGo-Acct-Input-Voice-Octets: [0]
2013-11-20 10:56:43,485: DEBUG: GoGo-Total-Input-Voice-Packets: [0]
2013-11-20 10:56:43,486: DEBUG: Called-Station-Id: [u'00:16:3E:19:23:E0']
2013-11-20 10:56:43,487: DEBUG: WISPr-Location-Name: [u'TEST LLC,BA01_01009']
2013-11-20 10:56:43,489: DEBUG: NAS-Identifier: [u'C08386']
2013-11-20 10:56:43,489: DEBUG: Proxy-State: ['3330,3132']
2013-11-20 10:56:43,490: DEBUG: GoGo-Total-Input-Voice-Octets: [0]
2013-11-20 10:56:43,491: DEBUG: Acct-Status-Type: ['Interim-Update']
2013-11-20 10:56:43,492: DEBUG: GoGo-Total-Output-Voice-Gigawords: [0]
2013-11-20 10:56:43,493: DEBUG: GoGo-Airline: [u'BA01']
2013-11-20 10:56:43,495: DEBUG: Acct-Session-Id: [u'AAATestNAS_200-1384925193453-00163E1923E0-1']
2013-11-20 10:56:43,496: DEBUG: Acct-Session-Time: [10]
2013-11-20 10:56:43,497: DEBUG: Acct-Input-Packets: [44339]
2013-11-20 10:56:43,498: DEBUG: Acct-Output-Packets: [46988]
2013-11-20 10:56:43,499: DEBUG: GoGo-Acct-Output-Voice-Packets: [0]
2013-11-20 10:56:43,500: DEBUG: GoGo-Acct-Output-Voice-Octets: [0]
2013-11-20 10:56:43,501: DEBUG: Acct-Output-Gigawords: [0]
2013-11-20 10:56:43,502: DEBUG: GoGo-Total-Output-Voice-Packets: [0]
2013-11-20 10:56:43,503: DEBUG: Acct-Input-Gigawords: [0]
2013-11-20 10:56:43,504: DEBUG: Calling-Station-Id: [u'18:21:31:41:52:81']
2013-11-20 10:56:43,505: DEBUG: NAS-Port-Type: ['Wireless-802.11']
2013-11-20 10:56:43,506: DEBUG: GoGo-Total-Output-Voice-Octets: [0]
2013-11-20 10:56:43,506: DEBUG: GoGo-Private-IP-Address: ['192.168.1.179']
2013-11-20 10:56:43,507: DEBUG: GoGo-Acct-Input-Voice-Gigawords: [0]
2013-11-20 10:56:43,509: DEBUG: GoGo-Total-Input-Packets: [44339]
2013-11-20 10:56:43,509: DEBUG: GoGo-Total-Input-Gigawords: [0]
2013-11-20 10:56:43,510: DEBUG: GoGo-Acct-Input-Voice-Packets: [0]
2013-11-20 10:56:43,511: DEBUG: GoGo-Total-Input-Octets: [7602417]
2013-11-20 10:56:43,512: DEBUG: GoGo-Total-Output-Packets: [46988]
2013-11-20 10:56:43,514: DEBUG: WISPr-Location-ID: [u'airline=BA01,tail=01009,network=']
2013-11-20 10:56:43,514: DEBUG: GoGo-Acct-Output-Voice-Gigawords: [0]
2013-11-20 10:56:43,515: DEBUG: Acct-Input-Octets: [7602417]
2013-11-20 10:56:43,519: DEBUG: 

2013-11-20 10:56:43,520: DEBUG: Received response with following attributes:
2013-11-20 10:56:53,521: DEBUG: 

2013-11-20 10:56:53,523: DEBUG: Creating Accounting Update Request with the following Attributes:
2013-11-20 10:56:53,523: DEBUG: User-Name: [u'username60@airborne.aircell.com']
2013-11-20 10:56:53,524: DEBUG: GoGo-Tail-Number: [u'AAATestNAS_200']
2013-11-20 10:56:53,525: DEBUG: Acct-Output-Octets: [7286906]
2013-11-20 10:56:53,526: DEBUG: NAS-IP-Address: ['10.254.205.1']
2013-11-20 10:56:53,526: DEBUG: GoGo-Total-Output-Gigawords: [0]
2013-11-20 10:56:53,527: DEBUG: Framed-IP-Address: ['10.254.205.145']
2013-11-20 10:56:53,530: DEBUG: GoGo-Total-Input-Voice-Gigawords: [0]
2013-11-20 10:56:53,531: DEBUG: GoGo-Total-Output-Octets: [7286906]
2013-11-20 10:56:53,533: DEBUG: GoGo-Acct-Input-Voice-Octets: [0]
2013-11-20 10:56:53,534: DEBUG: GoGo-Total-Input-Voice-Packets: [0]
2013-11-20 10:56:53,535: DEBUG: Called-Station-Id: [u'00:16:3E:19:23:E0']
2013-11-20 10:56:53,535: DEBUG: WISPr-Location-Name: [u'TEST LLC,BA01_01009']
2013-11-20 10:56:53,536: DEBUG: NAS-Identifier: [u'C08386']
2013-11-20 10:56:53,537: DEBUG: Proxy-State: ['3330,3132']
2013-11-20 10:56:53,538: DEBUG: GoGo-Total-Input-Voice-Octets: [0]
2013-11-20 10:56:53,539: DEBUG: Acct-Status-Type: ['Interim-Update']
2013-11-20 10:56:53,540: DEBUG: GoGo-Total-Output-Voice-Gigawords: [0]
2013-11-20 10:56:53,541: DEBUG: GoGo-Airline: [u'BA01']
2013-11-20 10:56:53,541: DEBUG: Acct-Session-Id: [u'AAATestNAS_200-1384925193453-00163E1923E0-1']
2013-11-20 10:56:53,542: DEBUG: Acct-Session-Time: [10]
2013-11-20 10:56:53,543: DEBUG: Acct-Input-Packets: [19912]
2013-11-20 10:56:53,544: DEBUG: Acct-Output-Packets: [35442]
2013-11-20 10:56:53,545: DEBUG: GoGo-Acct-Output-Voice-Packets: [0]
2013-11-20 10:56:53,546: DEBUG: GoGo-Acct-Output-Voice-Octets: [0]
2013-11-20 10:56:53,546: DEBUG: Acct-Output-Gigawords: [0]
2013-11-20 10:56:53,547: DEBUG: GoGo-Total-Output-Voice-Packets: [0]
2013-11-20 10:56:53,548: DEBUG: Acct-Input-Gigawords: [0]
2013-11-20 10:56:53,549: DEBUG: Calling-Station-Id: [u'18:21:31:41:52:81']
2013-11-20 10:56:53,550: DEBUG: NAS-Port-Type: ['Wireless-802.11']
2013-11-20 10:56:53,550: DEBUG: GoGo-Total-Output-Voice-Octets: [0]
2013-11-20 10:56:53,551: DEBUG: GoGo-Private-IP-Address: ['192.168.1.179']
2013-11-20 10:56:53,551: DEBUG: GoGo-Acct-Input-Voice-Gigawords: [0]
2013-11-20 10:56:53,552: DEBUG: GoGo-Total-Input-Packets: [19912]
2013-11-20 10:56:53,553: DEBUG: GoGo-Total-Input-Gigawords: [0]
2013-11-20 10:56:53,554: DEBUG: GoGo-Acct-Input-Voice-Packets: [0]
2013-11-20 10:56:53,554: DEBUG: GoGo-Total-Input-Octets: [6433803]
2013-11-20 10:56:53,555: DEBUG: GoGo-Total-Output-Packets: [35442]
2013-11-20 10:56:53,555: DEBUG: WISPr-Location-ID: [u'airline=BA01,tail=01009,network=']
2013-11-20 10:56:53,555: DEBUG: GoGo-Acct-Output-Voice-Gigawords: [0]
2013-11-20 10:56:53,555: DEBUG: Acct-Input-Octets: [6433803]
2013-11-20 10:56:53,557: DEBUG: 

2013-11-20 10:56:53,557: DEBUG: Received response with following attributes:
2013-11-20 10:57:03,558: DEBUG: 

2013-11-20 10:57:03,560: DEBUG: Creating Accounting Update Request with the following Attributes:
2013-11-20 10:57:03,561: DEBUG: User-Name: [u'username60@airborne.aircell.com']
2013-11-20 10:57:03,561: DEBUG: GoGo-Tail-Number: [u'AAATestNAS_200']
2013-11-20 10:57:03,562: DEBUG: Acct-Output-Octets: [1073942]
2013-11-20 10:57:03,562: DEBUG: NAS-IP-Address: ['10.254.205.1']
2013-11-20 10:57:03,563: DEBUG: GoGo-Total-Output-Gigawords: [0]
2013-11-20 10:57:03,563: DEBUG: Framed-IP-Address: ['10.254.205.145']
2013-11-20 10:57:03,564: DEBUG: GoGo-Total-Input-Voice-Gigawords: [0]
2013-11-20 10:57:03,565: DEBUG: GoGo-Total-Output-Octets: [1073942]
2013-11-20 10:57:03,565: DEBUG: GoGo-Acct-Input-Voice-Octets: [0]
2013-11-20 10:57:03,566: DEBUG: GoGo-Total-Input-Voice-Packets: [0]
2013-11-20 10:57:03,566: DEBUG: Called-Station-Id: [u'00:16:3E:19:23:E0']
2013-11-20 10:57:03,567: DEBUG: WISPr-Location-Name: [u'TEST LLC,BA01_01009']
2013-11-20 10:57:03,567: DEBUG: NAS-Identifier: [u'C08386']
2013-11-20 10:57:03,568: DEBUG: Proxy-State: ['3330,3132']
2013-11-20 10:57:03,568: DEBUG: GoGo-Total-Input-Voice-Octets: [0]
2013-11-20 10:57:03,569: DEBUG: Acct-Status-Type: ['Interim-Update']
2013-11-20 10:57:03,569: DEBUG: GoGo-Total-Output-Voice-Gigawords: [0]
2013-11-20 10:57:03,570: DEBUG: GoGo-Airline: [u'BA01']
2013-11-20 10:57:03,570: DEBUG: Acct-Session-Id: [u'AAATestNAS_200-1384925193453-00163E1923E0-1']
2013-11-20 10:57:03,571: DEBUG: Acct-Session-Time: [10]
2013-11-20 10:57:03,571: DEBUG: Acct-Input-Packets: [16411]
2013-11-20 10:57:03,571: DEBUG: Acct-Output-Packets: [6643]
2013-11-20 10:57:03,571: DEBUG: GoGo-Acct-Output-Voice-Packets: [0]
2013-11-20 10:57:03,571: DEBUG: GoGo-Acct-Output-Voice-Octets: [0]
2013-11-20 10:57:03,572: DEBUG: Acct-Output-Gigawords: [0]
2013-11-20 10:57:03,572: DEBUG: GoGo-Total-Output-Voice-Packets: [0]
2013-11-20 10:57:03,572: DEBUG: Acct-Input-Gigawords: [0]
2013-11-20 10:57:03,572: DEBUG: Calling-Station-Id: [u'18:21:31:41:52:81']
2013-11-20 10:57:03,572: DEBUG: NAS-Port-Type: ['Wireless-802.11']
2013-11-20 10:57:03,573: DEBUG: GoGo-Total-Output-Voice-Octets: [0]
2013-11-20 10:57:03,573: DEBUG: GoGo-Private-IP-Address: ['192.168.1.179']
2013-11-20 10:57:03,573: DEBUG: GoGo-Acct-Input-Voice-Gigawords: [0]
2013-11-20 10:57:03,573: DEBUG: GoGo-Total-Input-Packets: [16411]
2013-11-20 10:57:03,573: DEBUG: GoGo-Total-Input-Gigawords: [0]
2013-11-20 10:57:03,574: DEBUG: GoGo-Acct-Input-Voice-Packets: [0]
2013-11-20 10:57:03,574: DEBUG: GoGo-Total-Input-Octets: [1919649]
2013-11-20 10:57:03,574: DEBUG: GoGo-Total-Output-Packets: [6643]
2013-11-20 10:57:03,574: DEBUG: WISPr-Location-ID: [u'airline=BA01,tail=01009,network=']
2013-11-20 10:57:03,574: DEBUG: GoGo-Acct-Output-Voice-Gigawords: [0]
2013-11-20 10:57:03,574: DEBUG: Acct-Input-Octets: [1919649]
2013-11-20 10:57:03,576: DEBUG: 

2013-11-20 10:57:03,576: DEBUG: Received response with following attributes:
2013-11-20 10:57:13,577: DEBUG: 

2013-11-20 10:57:13,578: DEBUG: Creating Accounting Update Request with the following Attributes:
2013-11-20 10:57:13,578: DEBUG: User-Name: [u'username60@airborne.aircell.com']
2013-11-20 10:57:13,579: DEBUG: GoGo-Tail-Number: [u'AAATestNAS_200']
2013-11-20 10:57:13,579: DEBUG: Acct-Output-Octets: [6199400]
2013-11-20 10:57:13,579: DEBUG: NAS-IP-Address: ['10.254.205.1']
2013-11-20 10:57:13,580: DEBUG: GoGo-Total-Output-Gigawords: [0]
2013-11-20 10:57:13,580: DEBUG: Framed-IP-Address: ['10.254.205.145']
2013-11-20 10:57:13,580: DEBUG: GoGo-Total-Input-Voice-Gigawords: [0]
2013-11-20 10:57:13,581: DEBUG: GoGo-Total-Output-Octets: [6199400]
2013-11-20 10:57:13,581: DEBUG: GoGo-Acct-Input-Voice-Octets: [0]
2013-11-20 10:57:13,582: DEBUG: GoGo-Total-Input-Voice-Packets: [0]
2013-11-20 10:57:13,582: DEBUG: Called-Station-Id: [u'00:16:3E:19:23:E0']
2013-11-20 10:57:13,582: DEBUG: WISPr-Location-Name: [u'TEST LLC,BA01_01009']
2013-11-20 10:57:13,582: DEBUG: NAS-Identifier: [u'C08386']
2013-11-20 10:57:13,582: DEBUG: Proxy-State: ['3330,3132']
2013-11-20 10:57:13,582: DEBUG: GoGo-Total-Input-Voice-Octets: [0]
2013-11-20 10:57:13,583: DEBUG: Acct-Status-Type: ['Interim-Update']
2013-11-20 10:57:13,583: DEBUG: GoGo-Total-Output-Voice-Gigawords: [0]
2013-11-20 10:57:13,583: DEBUG: GoGo-Airline: [u'BA01']
2013-11-20 10:57:13,583: DEBUG: Acct-Session-Id: [u'AAATestNAS_200-1384925193453-00163E1923E0-1']
2013-11-20 10:57:13,584: DEBUG: Acct-Session-Time: [10]
2013-11-20 10:57:13,584: DEBUG: Acct-Input-Packets: [89850]
2013-11-20 10:57:13,584: DEBUG: Acct-Output-Packets: [21725]
2013-11-20 10:57:13,584: DEBUG: GoGo-Acct-Output-Voice-Packets: [0]
2013-11-20 10:57:13,584: DEBUG: GoGo-Acct-Output-Voice-Octets: [0]
2013-11-20 10:57:13,584: DEBUG: Acct-Output-Gigawords: [0]
2013-11-20 10:57:13,585: DEBUG: GoGo-Total-Output-Voice-Packets: [0]
2013-11-20 10:57:13,585: DEBUG: Acct-Input-Gigawords: [0]
2013-11-20 10:57:13,585: DEBUG: Calling-Station-Id: [u'18:21:31:41:52:81']
2013-11-20 10:57:13,585: DEBUG: NAS-Port-Type: ['Wireless-802.11']
2013-11-20 10:57:13,585: DEBUG: GoGo-Total-Output-Voice-Octets: [0]
2013-11-20 10:57:13,585: DEBUG: GoGo-Private-IP-Address: ['192.168.1.179']
2013-11-20 10:57:13,585: DEBUG: GoGo-Acct-Input-Voice-Gigawords: [0]
2013-11-20 10:57:13,586: DEBUG: GoGo-Total-Input-Packets: [89850]
2013-11-20 10:57:13,586: DEBUG: GoGo-Total-Input-Gigawords: [0]
2013-11-20 10:57:13,586: DEBUG: GoGo-Acct-Input-Voice-Packets: [0]
2013-11-20 10:57:13,586: DEBUG: GoGo-Total-Input-Octets: [9056497]
2013-11-20 10:57:13,586: DEBUG: GoGo-Total-Output-Packets: [21725]
2013-11-20 10:57:13,586: DEBUG: WISPr-Location-ID: [u'airline=BA01,tail=01009,network=']
2013-11-20 10:57:13,586: DEBUG: GoGo-Acct-Output-Voice-Gigawords: [0]
2013-11-20 10:57:13,587: DEBUG: Acct-Input-Octets: [9056497]
2013-11-20 10:57:13,588: DEBUG: 

2013-11-20 10:57:13,588: DEBUG: Received response with following attributes:
2013-11-20 10:57:23,590: DEBUG: 

2013-11-20 10:57:23,591: DEBUG: Creating Accounting Update Request with the following Attributes:
2013-11-20 10:57:23,591: DEBUG: User-Name: [u'username60@airborne.aircell.com']
2013-11-20 10:57:23,591: DEBUG: GoGo-Tail-Number: [u'AAATestNAS_200']
2013-11-20 10:57:23,591: DEBUG: Acct-Output-Octets: [8186256]
2013-11-20 10:57:23,591: DEBUG: NAS-IP-Address: ['10.254.205.1']
2013-11-20 10:57:23,591: DEBUG: GoGo-Total-Output-Gigawords: [0]
2013-11-20 10:57:23,592: DEBUG: Framed-IP-Address: ['10.254.205.145']
2013-11-20 10:57:23,592: DEBUG: GoGo-Total-Input-Voice-Gigawords: [0]
2013-11-20 10:57:23,592: DEBUG: GoGo-Total-Output-Octets: [8186256]
2013-11-20 10:57:23,592: DEBUG: GoGo-Acct-Input-Voice-Octets: [0]
2013-11-20 10:57:23,592: DEBUG: GoGo-Total-Input-Voice-Packets: [0]
2013-11-20 10:57:23,592: DEBUG: Called-Station-Id: [u'00:16:3E:19:23:E0']
2013-11-20 10:57:23,592: DEBUG: WISPr-Location-Name: [u'TEST LLC,BA01_01009']
2013-11-20 10:57:23,592: DEBUG: NAS-Identifier: [u'C08386']
2013-11-20 10:57:23,593: DEBUG: Proxy-State: ['3330,3132']
2013-11-20 10:57:23,593: DEBUG: GoGo-Total-Input-Voice-Octets: [0]
2013-11-20 10:57:23,593: DEBUG: Acct-Status-Type: ['Interim-Update']
2013-11-20 10:57:23,593: DEBUG: GoGo-Total-Output-Voice-Gigawords: [0]
2013-11-20 10:57:23,593: DEBUG: GoGo-Airline: [u'BA01']
2013-11-20 10:57:23,593: DEBUG: Acct-Session-Id: [u'AAATestNAS_200-1384925193453-00163E1923E0-1']
2013-11-20 10:57:23,593: DEBUG: Acct-Session-Time: [10]
2013-11-20 10:57:23,594: DEBUG: Acct-Input-Packets: [68030]
2013-11-20 10:57:23,594: DEBUG: Acct-Output-Packets: [76169]
2013-11-20 10:57:23,594: DEBUG: GoGo-Acct-Output-Voice-Packets: [0]
2013-11-20 10:57:23,594: DEBUG: GoGo-Acct-Output-Voice-Octets: [0]
2013-11-20 10:57:23,594: DEBUG: Acct-Output-Gigawords: [0]
2013-11-20 10:57:23,594: DEBUG: GoGo-Total-Output-Voice-Packets: [0]
2013-11-20 10:57:23,594: DEBUG: Acct-Input-Gigawords: [0]
2013-11-20 10:57:23,594: DEBUG: Calling-Station-Id: [u'18:21:31:41:52:81']
2013-11-20 10:57:23,595: DEBUG: NAS-Port-Type: ['Wireless-802.11']
2013-11-20 10:57:23,595: DEBUG: GoGo-Total-Output-Voice-Octets: [0]
2013-11-20 10:57:23,596: DEBUG: GoGo-Private-IP-Address: ['192.168.1.179']
2013-11-20 10:57:23,596: DEBUG: GoGo-Acct-Input-Voice-Gigawords: [0]
2013-11-20 10:57:23,597: DEBUG: GoGo-Total-Input-Packets: [68030]
2013-11-20 10:57:23,597: DEBUG: GoGo-Total-Input-Gigawords: [0]
2013-11-20 10:57:23,598: DEBUG: GoGo-Acct-Input-Voice-Packets: [0]
2013-11-20 10:57:23,598: DEBUG: GoGo-Total-Input-Octets: [7746992]
2013-11-20 10:57:23,598: DEBUG: GoGo-Total-Output-Packets: [76169]
2013-11-20 10:57:23,599: DEBUG: WISPr-Location-ID: [u'airline=BA01,tail=01009,network=']
2013-11-20 10:57:23,599: DEBUG: GoGo-Acct-Output-Voice-Gigawords: [0]
2013-11-20 10:57:23,599: DEBUG: Acct-Input-Octets: [7746992]
2013-11-20 10:57:23,602: DEBUG: 

2013-11-20 10:57:23,602: DEBUG: Received response with following attributes:
2013-11-20 10:57:33,603: DEBUG: 

2013-11-20 10:57:33,604: DEBUG: Creating Accounting Update Request with the following Attributes:
2013-11-20 10:57:33,604: DEBUG: User-Name: [u'username60@airborne.aircell.com']
2013-11-20 10:57:33,604: DEBUG: GoGo-Tail-Number: [u'AAATestNAS_200']
2013-11-20 10:57:33,604: DEBUG: Acct-Output-Octets: [6175409]
2013-11-20 10:57:33,605: DEBUG: NAS-IP-Address: ['10.254.205.1']
2013-11-20 10:57:33,605: DEBUG: GoGo-Total-Output-Gigawords: [0]
2013-11-20 10:57:33,605: DEBUG: Framed-IP-Address: ['10.254.205.145']
2013-11-20 10:57:33,605: DEBUG: GoGo-Total-Input-Voice-Gigawords: [0]
2013-11-20 10:57:33,605: DEBUG: GoGo-Total-Output-Octets: [6175409]
2013-11-20 10:57:33,605: DEBUG: GoGo-Acct-Input-Voice-Octets: [0]
2013-11-20 10:57:33,605: DEBUG: GoGo-Total-Input-Voice-Packets: [0]
2013-11-20 10:57:33,605: DEBUG: Called-Station-Id: [u'00:16:3E:19:23:E0']
2013-11-20 10:57:33,606: DEBUG: WISPr-Location-Name: [u'TEST LLC,BA01_01009']
2013-11-20 10:57:33,606: DEBUG: NAS-Identifier: [u'C08386']
2013-11-20 10:57:33,606: DEBUG: Proxy-State: ['3330,3132']
2013-11-20 10:57:33,606: DEBUG: GoGo-Total-Input-Voice-Octets: [0]
2013-11-20 10:57:33,606: DEBUG: Acct-Status-Type: ['Interim-Update']
2013-11-20 10:57:33,606: DEBUG: GoGo-Total-Output-Voice-Gigawords: [0]
2013-11-20 10:57:33,606: DEBUG: GoGo-Airline: [u'BA01']
2013-11-20 10:57:33,607: DEBUG: Acct-Session-Id: [u'AAATestNAS_200-1384925193453-00163E1923E0-1']
2013-11-20 10:57:33,607: DEBUG: Acct-Session-Time: [10]
2013-11-20 10:57:33,607: DEBUG: Acct-Input-Packets: [21179]
2013-11-20 10:57:33,607: DEBUG: Acct-Output-Packets: [23561]
2013-11-20 10:57:33,607: DEBUG: GoGo-Acct-Output-Voice-Packets: [0]
2013-11-20 10:57:33,607: DEBUG: GoGo-Acct-Output-Voice-Octets: [0]
2013-11-20 10:57:33,607: DEBUG: Acct-Output-Gigawords: [0]
2013-11-20 10:57:33,608: DEBUG: GoGo-Total-Output-Voice-Packets: [0]
2013-11-20 10:57:33,608: DEBUG: Acct-Input-Gigawords: [0]
2013-11-20 10:57:33,608: DEBUG: Calling-Station-Id: [u'18:21:31:41:52:81']
2013-11-20 10:57:33,608: DEBUG: NAS-Port-Type: ['Wireless-802.11']
2013-11-20 10:57:33,608: DEBUG: GoGo-Total-Output-Voice-Octets: [0]
2013-11-20 10:57:33,608: DEBUG: GoGo-Private-IP-Address: ['192.168.1.179']
2013-11-20 10:57:33,608: DEBUG: GoGo-Acct-Input-Voice-Gigawords: [0]
2013-11-20 10:57:33,608: DEBUG: GoGo-Total-Input-Packets: [21179]
2013-11-20 10:57:33,609: DEBUG: GoGo-Total-Input-Gigawords: [0]
2013-11-20 10:57:33,609: DEBUG: GoGo-Acct-Input-Voice-Packets: [0]
2013-11-20 10:57:33,609: DEBUG: GoGo-Total-Input-Octets: [3483227]
2013-11-20 10:57:33,609: DEBUG: GoGo-Total-Output-Packets: [23561]
2013-11-20 10:57:33,609: DEBUG: WISPr-Location-ID: [u'airline=BA01,tail=01009,network=']
2013-11-20 10:57:33,609: DEBUG: GoGo-Acct-Output-Voice-Gigawords: [0]
2013-11-20 10:57:33,609: DEBUG: Acct-Input-Octets: [3483227]
2013-11-20 10:57:33,610: ERROR: Network error, Reason: 'Network error: Too many open files'
2013-11-20 10:57:43,611: DEBUG: 

2013-11-20 10:57:43,611: DEBUG: Creating Accounting Update Request with the following Attributes:
2013-11-20 10:57:43,612: DEBUG: User-Name: [u'username60@airborne.aircell.com']
2013-11-20 10:57:43,613: DEBUG: GoGo-Tail-Number: [u'AAATestNAS_200']
2013-11-20 10:57:43,613: DEBUG: Acct-Output-Octets: [8205081]
2013-11-20 10:57:43,614: DEBUG: NAS-IP-Address: ['10.254.205.1']
2013-11-20 10:57:43,614: DEBUG: GoGo-Total-Output-Gigawords: [0]
2013-11-20 10:57:43,614: DEBUG: Framed-IP-Address: ['10.254.205.145']
2013-11-20 10:57:43,615: DEBUG: GoGo-Total-Input-Voice-Gigawords: [0]
2013-11-20 10:57:43,615: DEBUG: GoGo-Total-Output-Octets: [8205081]
2013-11-20 10:57:43,615: DEBUG: GoGo-Acct-Input-Voice-Octets: [0]
2013-11-20 10:57:43,616: DEBUG: GoGo-Total-Input-Voice-Packets: [0]
2013-11-20 10:57:43,616: DEBUG: Called-Station-Id: [u'00:16:3E:19:23:E0']
2013-11-20 10:57:43,617: DEBUG: WISPr-Location-Name: [u'TEST LLC,BA01_01009']
2013-11-20 10:57:43,617: DEBUG: NAS-Identifier: [u'C08386']
2013-11-20 10:57:43,617: DEBUG: Proxy-State: ['3330,3132']
2013-11-20 10:57:43,618: DEBUG: GoGo-Total-Input-Voice-Octets: [0]
2013-11-20 10:57:43,618: DEBUG: Acct-Status-Type: ['Interim-Update']
2013-11-20 10:57:43,619: DEBUG: GoGo-Total-Output-Voice-Gigawords: [0]
2013-11-20 10:57:43,619: DEBUG: GoGo-Airline: [u'BA01']
2013-11-20 10:57:43,619: DEBUG: Acct-Session-Id: [u'AAATestNAS_200-1384925193453-00163E1923E0-1']
2013-11-20 10:57:43,620: DEBUG: Acct-Session-Time: [10]
2013-11-20 10:57:43,620: DEBUG: Acct-Input-Packets: [15579]
2013-11-20 10:57:43,620: DEBUG: Acct-Output-Packets: [51951]
2013-11-20 10:57:43,621: DEBUG: GoGo-Acct-Output-Voice-Packets: [0]
2013-11-20 10:57:43,621: DEBUG: GoGo-Acct-Output-Voice-Octets: [0]
2013-11-20 10:57:43,621: DEBUG: Acct-Output-Gigawords: [0]
2013-11-20 10:57:43,622: DEBUG: GoGo-Total-Output-Voice-Packets: [0]
2013-11-20 10:57:43,622: DEBUG: Acct-Input-Gigawords: [0]
2013-11-20 10:57:43,623: DEBUG: Calling-Station-Id: [u'18:21:31:41:52:81']
2013-11-20 10:57:43,623: DEBUG: NAS-Port-Type: ['Wireless-802.11']
2013-11-20 10:57:43,623: DEBUG: GoGo-Total-Output-Voice-Octets: [0]
2013-11-20 10:57:43,624: DEBUG: GoGo-Private-IP-Address: ['192.168.1.179']
2013-11-20 10:57:43,624: DEBUG: GoGo-Acct-Input-Voice-Gigawords: [0]
2013-11-20 10:57:43,624: DEBUG: GoGo-Total-Input-Packets: [15579]
2013-11-20 10:57:43,625: DEBUG: GoGo-Total-Input-Gigawords: [0]
2013-11-20 10:57:43,625: DEBUG: GoGo-Acct-Input-Voice-Packets: [0]
2013-11-20 10:57:43,625: DEBUG: GoGo-Total-Input-Octets: [1928864]
2013-11-20 10:57:43,626: DEBUG: GoGo-Total-Output-Packets: [51951]
2013-11-20 10:57:43,626: DEBUG: WISPr-Location-ID: [u'airline=BA01,tail=01009,network=']
2013-11-20 10:57:43,626: DEBUG: GoGo-Acct-Output-Voice-Gigawords: [0]
2013-11-20 10:57:43,627: DEBUG: Acct-Input-Octets: [1928864]
2013-11-20 10:57:43,627: ERROR: Network error, Reason: 'Network error: Too many open files'
2013-11-20 10:57:53,629: DEBUG: 

2013-11-20 10:57:53,629: DEBUG: Creating Accounting Update Request with the following Attributes:
2013-11-20 10:57:53,629: DEBUG: User-Name: [u'username60@airborne.aircell.com']
2013-11-20 10:57:53,629: DEBUG: GoGo-Tail-Number: [u'AAATestNAS_200']
2013-11-20 10:57:53,630: DEBUG: Acct-Output-Octets: [9394260]
2013-11-20 10:57:53,630: DEBUG: NAS-IP-Address: ['10.254.205.1']
2013-11-20 10:57:53,630: DEBUG: GoGo-Total-Output-Gigawords: [0]
2013-11-20 10:57:53,630: DEBUG: Framed-IP-Address: ['10.254.205.145']
2013-11-20 10:57:53,630: DEBUG: GoGo-Total-Input-Voice-Gigawords: [0]
2013-11-20 10:57:53,630: DEBUG: GoGo-Total-Output-Octets: [9394260]
2013-11-20 10:57:53,630: DEBUG: GoGo-Acct-Input-Voice-Octets: [0]
2013-11-20 10:57:53,631: DEBUG: GoGo-Total-Input-Voice-Packets: [0]
2013-11-20 10:57:53,631: DEBUG: Called-Station-Id: [u'00:16:3E:19:23:E0']
2013-11-20 10:57:53,631: DEBUG: WISPr-Location-Name: [u'TEST LLC,BA01_01009']
2013-11-20 10:57:53,631: DEBUG: NAS-Identifier: [u'C08386']
2013-11-20 10:57:53,631: DEBUG: Proxy-State: ['3330,3132']
2013-11-20 10:57:53,631: DEBUG: GoGo-Total-Input-Voice-Octets: [0]
2013-11-20 10:57:53,631: DEBUG: Acct-Status-Type: ['Interim-Update']
2013-11-20 10:57:53,631: DEBUG: GoGo-Total-Output-Voice-Gigawords: [0]
2013-11-20 10:57:53,632: DEBUG: GoGo-Airline: [u'BA01']
2013-11-20 10:57:53,632: DEBUG: Acct-Session-Id: [u'AAATestNAS_200-1384925193453-00163E1923E0-1']
2013-11-20 10:57:53,632: DEBUG: Acct-Session-Time: [10]
2013-11-20 10:57:53,632: DEBUG: Acct-Input-Packets: [37206]
2013-11-20 10:57:53,632: DEBUG: Acct-Output-Packets: [70660]
2013-11-20 10:57:53,632: DEBUG: GoGo-Acct-Output-Voice-Packets: [0]
2013-11-20 10:57:53,632: DEBUG: GoGo-Acct-Output-Voice-Octets: [0]
2013-11-20 10:57:53,633: DEBUG: Acct-Output-Gigawords: [0]
2013-11-20 10:57:53,633: DEBUG: GoGo-Total-Output-Voice-Packets: [0]
2013-11-20 10:57:53,633: DEBUG: Acct-Input-Gigawords: [0]
2013-11-20 10:57:53,633: DEBUG: Calling-Station-Id: [u'18:21:31:41:52:81']
2013-11-20 10:57:53,633: DEBUG: NAS-Port-Type: ['Wireless-802.11']
2013-11-20 10:57:53,633: DEBUG: GoGo-Total-Output-Voice-Octets: [0]
2013-11-20 10:57:53,633: DEBUG: GoGo-Private-IP-Address: ['192.168.1.179']
2013-11-20 10:57:53,633: DEBUG: GoGo-Acct-Input-Voice-Gigawords: [0]
2013-11-20 10:57:53,634: DEBUG: GoGo-Total-Input-Packets: [37206]
2013-11-20 10:57:53,634: DEBUG: GoGo-Total-Input-Gigawords: [0]
2013-11-20 10:57:53,634: DEBUG: GoGo-Acct-Input-Voice-Packets: [0]
2013-11-20 10:57:53,634: DEBUG: GoGo-Total-Input-Octets: [7771943]
2013-11-20 10:57:53,634: DEBUG: GoGo-Total-Output-Packets: [70660]
2013-11-20 10:57:53,634: DEBUG: WISPr-Location-ID: [u'airline=BA01,tail=01009,network=']
2013-11-20 10:57:53,635: DEBUG: GoGo-Acct-Output-Voice-Gigawords: [0]
2013-11-20 10:57:53,635: DEBUG: Acct-Input-Octets: [7771943]
2013-11-20 10:57:53,637: DEBUG: 

2013-11-20 10:57:53,637: DEBUG: Received response with following attributes:
2013-11-20 10:58:13,638: DEBUG: 

2013-11-20 10:58:13,639: DEBUG: Creating Accounting Stop Request with the following Attributes:
2013-11-20 10:58:13,639: DEBUG: User-Name: [u'username60@airborne.aircell.com']
2013-11-20 10:58:13,639: DEBUG: GoGo-Tail-Number: [u'01009']
2013-11-20 10:58:13,639: DEBUG: Acct-Output-Octets: [8802213]
2013-11-20 10:58:13,639: DEBUG: NAS-IP-Address: ['10.254.205.1']
2013-11-20 10:58:13,640: DEBUG: GoGo-Total-Output-Gigawords: [0]
2013-11-20 10:58:13,640: DEBUG: Framed-IP-Address: ['10.254.205.145']
2013-11-20 10:58:13,640: DEBUG: GoGo-Total-Input-Voice-Gigawords: [0]
2013-11-20 10:58:13,640: DEBUG: GoGo-Total-Output-Octets: [8802213]
2013-11-20 10:58:13,640: DEBUG: GoGo-Acct-Input-Voice-Octets: [0]
2013-11-20 10:58:13,640: DEBUG: GoGo-Total-Input-Voice-Packets: [0]
2013-11-20 10:58:13,640: DEBUG: Called-Station-Id: [u'00:16:3E:19:23:E0']
2013-11-20 10:58:13,641: DEBUG: WISPr-Location-Name: [u'TEST LLC,BA01_01009']
2013-11-20 10:58:13,641: DEBUG: NAS-Identifier: [u'C08386']
2013-11-20 10:58:13,641: DEBUG: Proxy-State: ['3330,3132']
2013-11-20 10:58:13,641: DEBUG: GoGo-Total-Input-Voice-Octets: [0]
2013-11-20 10:58:13,641: DEBUG: Acct-Status-Type: ['Stop']
2013-11-20 10:58:13,641: DEBUG: GoGo-Total-Output-Voice-Gigawords: [0]
2013-11-20 10:58:13,642: DEBUG: GoGo-Airline: [u'BA01']
2013-11-20 10:58:13,642: DEBUG: Acct-Session-Id: [u'AAATestNAS_200-1384925193453-00163E1923E0-1']
2013-11-20 10:58:13,642: DEBUG: Acct-Session-Time: [20]
2013-11-20 10:58:13,642: DEBUG: Acct-Input-Packets: [7033]
2013-11-20 10:58:13,642: DEBUG: Acct-Output-Packets: [85943]
2013-11-20 10:58:13,642: DEBUG: Acct-Terminate-Cause: ['User-Request']
2013-11-20 10:58:13,642: DEBUG: GoGo-Acct-Output-Voice-Octets: [0]
2013-11-20 10:58:13,642: DEBUG: Acct-Output-Gigawords: [0]
2013-11-20 10:58:13,643: DEBUG: GoGo-Total-Output-Voice-Packets: [0]
2013-11-20 10:58:13,643: DEBUG: Acct-Input-Gigawords: [0]
2013-11-20 10:58:13,643: DEBUG: Calling-Station-Id: [u'18:21:31:41:52:81']
2013-11-20 10:58:13,643: DEBUG: NAS-Port-Type: ['Wireless-802.11']
2013-11-20 10:58:13,643: DEBUG: GoGo-Total-Output-Voice-Octets: [0]
2013-11-20 10:58:13,643: DEBUG: GoGo-Private-IP-Address: ['192.168.1.179']
2013-11-20 10:58:13,644: DEBUG: GoGo-Acct-Input-Voice-Gigawords: [0]
2013-11-20 10:58:13,644: DEBUG: GoGo-Total-Input-Packets: [7033]
2013-11-20 10:58:13,644: DEBUG: GoGo-Total-Input-Gigawords: [0]
2013-11-20 10:58:13,644: DEBUG: GoGo-Acct-Input-Voice-Packets: [0]
2013-11-20 10:58:13,644: DEBUG: GoGo-Total-Input-Octets: [1473454]
2013-11-20 10:58:13,644: DEBUG: GoGo-Total-Output-Packets: [85943]
2013-11-20 10:58:13,644: DEBUG: WISPr-Location-ID: [u'airline=BA01,tail=01009,network=']
2013-11-20 10:58:13,644: DEBUG: GoGo-Acct-Output-Voice-Packets: [0]
2013-11-20 10:58:13,645: DEBUG: GoGo-Acct-Output-Voice-Gigawords: [0]
2013-11-20 10:58:13,645: DEBUG: Acct-Input-Octets: [1473454]
2013-11-20 10:58:13,645: ERROR: Network error, Reason: 'Network error: nodename nor servname provided, or not known'
2013-11-20 10:58:13,645: ERROR: Ending the test for this user
2013-11-20 10:58:13,645: DEBUG: Ending the test for this user
