2013-11-20 10:57:18,503: DEBUG: Starting the client for the user username13@airborne.aircell.com to the server localhost

2013-11-20 10:57:18,522: DEBUG: DURATION of the TEST: 82
2013-11-20 10:57:18,522: DEBUG: NAS-IP: 10.254.117.1
2013-11-20 10:57:18,522: DEBUG: NAS-MAC-ADDR: 17:21:31:41:52:82
2013-11-20 10:57:18,522: DEBUG: Abruptly End: False
2013-11-20 10:57:18,522: DEBUG: Framed-IP: 10.254.117.176
2013-11-20 10:57:18,522: DEBUG: User-MAC-Addr: 00:16:3E:0D:C2:D8
2013-11-20 10:57:18,523: DEBUG: 

2013-11-20 10:57:18,523: DEBUG: Creating Authentication Request with the following Attributes:
2013-11-20 10:57:18,523: DEBUG: NAS-Identifier: [u'C08386']
2013-11-20 10:57:18,523: DEBUG: User-Name: [u'username13@airborne.aircell.com']
2013-11-20 10:57:18,523: DEBUG: NAS-IP-Address: ['10.254.117.1']
2013-11-20 10:57:18,524: DEBUG: Service-Type: ['Authenticate-Only']
2013-11-20 10:57:18,524: DEBUG: Proxy-State: ['3237,3134']
2013-11-20 10:57:18,524: DEBUG: Framed-IP-Address: ['10.254.117.176']
2013-11-20 10:57:18,524: DEBUG: GoGo-Airline: [u'BA01']
2013-11-20 10:57:18,524: DEBUG: Acct-Session-Id: [u'AAATestNAS_112-1384925238523-00163E0DC2D8-1']
2013-11-20 10:57:18,524: DEBUG: GoGo-Tail-Number: [u'AAATestNAS_112']
2013-11-20 10:57:18,524: DEBUG: GoGo-Private-IP-Address: ['192.168.1.179']
2013-11-20 10:57:18,524: DEBUG: WISPr-Location-ID: [u'airline=BA01,tail=01009,network=']
2013-11-20 10:57:18,525: DEBUG: WISPr-Location-Name: [u'TEST LLC,BA01_01009']
2013-11-20 10:57:18,525: DEBUG: NAS-Port-Type: ['Wireless-802.11']
2013-11-20 10:57:18,525: DEBUG: Called-Station-Id: [u'00:16:3E:0D:C2:D8']
2013-11-20 10:57:18,525: DEBUG: Calling-Station-Id: [u'17:21:31:41:52:82']
2013-11-20 10:57:18,526: DEBUG: 

2013-11-20 10:57:18,526: DEBUG: Received response with code: 2, Accepted
2013-11-20 10:57:18,526: DEBUG: Creating Authentication Request with the following Attributes:
2013-11-20 10:57:18,526: DEBUG: NAS-Identifier: [u'C08386']
2013-11-20 10:57:18,527: DEBUG: User-Name: [u'username13@airborne.aircell.com']
2013-11-20 10:57:18,527: DEBUG: NAS-IP-Address: ['10.254.117.1']
2013-11-20 10:57:18,527: DEBUG: Service-Type: ['Login-User']
2013-11-20 10:57:18,527: DEBUG: Proxy-State: ['3237,3134']
2013-11-20 10:57:18,527: DEBUG: Framed-IP-Address: ['10.254.117.176']
2013-11-20 10:57:18,527: DEBUG: GoGo-Airline: [u'BA01']
2013-11-20 10:57:18,527: DEBUG: Acct-Session-Id: [u'AAATestNAS_112-1384925238526-00163E0DC2D8-1']
2013-11-20 10:57:18,527: DEBUG: GoGo-Tail-Number: [u'AAATestNAS_112']
2013-11-20 10:57:18,527: DEBUG: GoGo-Private-IP-Address: ['192.168.1.179']
2013-11-20 10:57:18,527: DEBUG: WISPr-Location-ID: [u'airline=BA01,tail=01009,network=']
2013-11-20 10:57:18,528: DEBUG: WISPr-Location-Name: [u'TEST LLC,BA01_01009']
2013-11-20 10:57:18,528: DEBUG: NAS-Port-Type: ['Wireless-802.11']
2013-11-20 10:57:18,528: DEBUG: Called-Station-Id: [u'00:16:3E:0D:C2:D8']
2013-11-20 10:57:18,528: DEBUG: Calling-Station-Id: [u'17:21:31:41:52:82']
2013-11-20 10:57:18,529: DEBUG: 

2013-11-20 10:57:18,529: DEBUG: Received response with code: 2, Accepted
2013-11-20 10:57:18,529: DEBUG: 

2013-11-20 10:57:18,529: DEBUG: Creating Accounting start Request with the following Attributes:
2013-11-20 10:57:18,529: DEBUG: NAS-Identifier: [u'C08386']
2013-11-20 10:57:18,529: DEBUG: User-Name: [u'username13@airborne.aircell.com']
2013-11-20 10:57:18,530: DEBUG: GoGo-Tail-Number: [u'AAATestNAS_112']
2013-11-20 10:57:18,530: DEBUG: NAS-IP-Address: ['10.254.117.1']
2013-11-20 10:57:18,530: DEBUG: Proxy-State: ['3239,3131']
2013-11-20 10:57:18,530: DEBUG: Acct-Status-Type: ['Start']
2013-11-20 10:57:18,530: DEBUG: GoGo-Airline: [u'BA01']
2013-11-20 10:57:18,530: DEBUG: Acct-Session-Id: [u'AAATestNAS_112-1384925238526-00163E0DC2D8-1']
2013-11-20 10:57:18,530: DEBUG: GoGo-Private-IP-Address: ['192.168.1.179']
2013-11-20 10:57:18,530: DEBUG: Framed-IP-Address: ['10.254.117.176']
2013-11-20 10:57:18,530: DEBUG: WISPr-Location-ID: [u'airline=BA01,tail=01009,network=']
2013-11-20 10:57:18,531: DEBUG: WISPr-Location-Name: [u'TEST LLC,BA01_01009']
2013-11-20 10:57:18,531: DEBUG: NAS-Port-Type: ['Wireless-802.11']
2013-11-20 10:57:18,531: DEBUG: Called-Station-Id: [u'00:16:3E:0D:C2:D8']
2013-11-20 10:57:18,531: DEBUG: Calling-Station-Id: [u'17:21:31:41:52:82']
2013-11-20 10:57:18,532: DEBUG: 

2013-11-20 10:57:18,532: DEBUG: Received response with following attributes:
2013-11-20 10:57:28,533: DEBUG: 

2013-11-20 10:57:28,534: DEBUG: Creating Accounting Update Request with the following Attributes:
2013-11-20 10:57:28,535: DEBUG: User-Name: [u'username13@airborne.aircell.com']
2013-11-20 10:57:28,535: DEBUG: GoGo-Tail-Number: [u'AAATestNAS_112']
2013-11-20 10:57:28,536: DEBUG: Acct-Output-Octets: [2162089]
2013-11-20 10:57:28,537: DEBUG: NAS-IP-Address: ['10.254.117.1']
2013-11-20 10:57:28,537: DEBUG: GoGo-Total-Output-Gigawords: [0]
2013-11-20 10:57:28,538: DEBUG: Framed-IP-Address: ['10.254.117.176']
2013-11-20 10:57:28,539: DEBUG: GoGo-Total-Input-Voice-Gigawords: [0]
2013-11-20 10:57:28,540: DEBUG: GoGo-Total-Output-Octets: [2162089]
2013-11-20 10:57:28,540: DEBUG: GoGo-Acct-Input-Voice-Octets: [0]
2013-11-20 10:57:28,540: DEBUG: GoGo-Total-Input-Voice-Packets: [0]
2013-11-20 10:57:28,540: DEBUG: Called-Station-Id: [u'00:16:3E:0D:C2:D8']
2013-11-20 10:57:28,541: DEBUG: WISPr-Location-Name: [u'TEST LLC,BA01_01009']
2013-11-20 10:57:28,541: DEBUG: NAS-Identifier: [u'C08386']
2013-11-20 10:57:28,541: DEBUG: Proxy-State: ['3330,3132']
2013-11-20 10:57:28,542: DEBUG: GoGo-Total-Input-Voice-Octets: [0]
2013-11-20 10:57:28,543: DEBUG: Acct-Status-Type: ['Interim-Update']
2013-11-20 10:57:28,543: DEBUG: GoGo-Total-Output-Voice-Gigawords: [0]
2013-11-20 10:57:28,544: DEBUG: GoGo-Airline: [u'BA01']
2013-11-20 10:57:28,544: DEBUG: Acct-Session-Id: [u'AAATestNAS_112-1384925238526-00163E0DC2D8-1']
2013-11-20 10:57:28,544: DEBUG: Acct-Session-Time: [10]
2013-11-20 10:57:28,545: DEBUG: Acct-Input-Packets: [22167]
2013-11-20 10:57:28,545: DEBUG: Acct-Output-Packets: [15503]
2013-11-20 10:57:28,545: DEBUG: GoGo-Acct-Output-Voice-Packets: [0]
2013-11-20 10:57:28,546: DEBUG: GoGo-Acct-Output-Voice-Octets: [0]
2013-11-20 10:57:28,546: DEBUG: Acct-Output-Gigawords: [0]
2013-11-20 10:57:28,546: DEBUG: GoGo-Total-Output-Voice-Packets: [0]
2013-11-20 10:57:28,547: DEBUG: Acct-Input-Gigawords: [0]
2013-11-20 10:57:28,547: DEBUG: Calling-Station-Id: [u'17:21:31:41:52:82']
2013-11-20 10:57:28,547: DEBUG: NAS-Port-Type: ['Wireless-802.11']
2013-11-20 10:57:28,548: DEBUG: GoGo-Total-Output-Voice-Octets: [0]
2013-11-20 10:57:28,548: DEBUG: GoGo-Private-IP-Address: ['192.168.1.179']
2013-11-20 10:57:28,548: DEBUG: GoGo-Acct-Input-Voice-Gigawords: [0]
2013-11-20 10:57:28,548: DEBUG: GoGo-Total-Input-Packets: [22167]
2013-11-20 10:57:28,548: DEBUG: GoGo-Total-Input-Gigawords: [0]
2013-11-20 10:57:28,548: DEBUG: GoGo-Acct-Input-Voice-Packets: [0]
2013-11-20 10:57:28,548: DEBUG: GoGo-Total-Input-Octets: [9800976]
2013-11-20 10:57:28,549: DEBUG: GoGo-Total-Output-Packets: [15503]
2013-11-20 10:57:28,549: DEBUG: WISPr-Location-ID: [u'airline=BA01,tail=01009,network=']
2013-11-20 10:57:28,549: DEBUG: GoGo-Acct-Output-Voice-Gigawords: [0]
2013-11-20 10:57:28,549: DEBUG: Acct-Input-Octets: [9800976]
2013-11-20 10:57:28,551: DEBUG: 

2013-11-20 10:57:28,551: DEBUG: Received response with following attributes:
2013-11-20 10:57:38,551: DEBUG: 

2013-11-20 10:57:38,552: DEBUG: Creating Accounting Update Request with the following Attributes:
2013-11-20 10:57:38,553: DEBUG: User-Name: [u'username13@airborne.aircell.com']
2013-11-20 10:57:38,553: DEBUG: GoGo-Tail-Number: [u'AAATestNAS_112']
2013-11-20 10:57:38,554: DEBUG: Acct-Output-Octets: [8090340]
2013-11-20 10:57:38,554: DEBUG: NAS-IP-Address: ['10.254.117.1']
2013-11-20 10:57:38,554: DEBUG: GoGo-Total-Output-Gigawords: [0]
2013-11-20 10:57:38,555: DEBUG: Framed-IP-Address: ['10.254.117.176']
2013-11-20 10:57:38,555: DEBUG: GoGo-Total-Input-Voice-Gigawords: [0]
2013-11-20 10:57:38,556: DEBUG: GoGo-Total-Output-Octets: [8090340]
2013-11-20 10:57:38,556: DEBUG: GoGo-Acct-Input-Voice-Octets: [0]
2013-11-20 10:57:38,557: DEBUG: GoGo-Total-Input-Voice-Packets: [0]
2013-11-20 10:57:38,557: DEBUG: Called-Station-Id: [u'00:16:3E:0D:C2:D8']
2013-11-20 10:57:38,557: DEBUG: WISPr-Location-Name: [u'TEST LLC,BA01_01009']
2013-11-20 10:57:38,558: DEBUG: NAS-Identifier: [u'C08386']
2013-11-20 10:57:38,558: DEBUG: Proxy-State: ['3330,3132']
2013-11-20 10:57:38,559: DEBUG: GoGo-Total-Input-Voice-Octets: [0]
2013-11-20 10:57:38,559: DEBUG: Acct-Status-Type: ['Interim-Update']
2013-11-20 10:57:38,559: DEBUG: GoGo-Total-Output-Voice-Gigawords: [0]
2013-11-20 10:57:38,560: DEBUG: GoGo-Airline: [u'BA01']
2013-11-20 10:57:38,560: DEBUG: Acct-Session-Id: [u'AAATestNAS_112-1384925238526-00163E0DC2D8-1']
2013-11-20 10:57:38,560: DEBUG: Acct-Session-Time: [10]
2013-11-20 10:57:38,561: DEBUG: Acct-Input-Packets: [8676]
2013-11-20 10:57:38,561: DEBUG: Acct-Output-Packets: [36169]
2013-11-20 10:57:38,561: DEBUG: GoGo-Acct-Output-Voice-Packets: [0]
2013-11-20 10:57:38,562: DEBUG: GoGo-Acct-Output-Voice-Octets: [0]
2013-11-20 10:57:38,562: DEBUG: Acct-Output-Gigawords: [0]
2013-11-20 10:57:38,562: DEBUG: GoGo-Total-Output-Voice-Packets: [0]
2013-11-20 10:57:38,562: DEBUG: Acct-Input-Gigawords: [0]
2013-11-20 10:57:38,563: DEBUG: Calling-Station-Id: [u'17:21:31:41:52:82']
2013-11-20 10:57:38,563: DEBUG: NAS-Port-Type: ['Wireless-802.11']
2013-11-20 10:57:38,563: DEBUG: GoGo-Total-Output-Voice-Octets: [0]
2013-11-20 10:57:38,564: DEBUG: GoGo-Private-IP-Address: ['192.168.1.179']
2013-11-20 10:57:38,564: DEBUG: GoGo-Acct-Input-Voice-Gigawords: [0]
2013-11-20 10:57:38,564: DEBUG: GoGo-Total-Input-Packets: [8676]
2013-11-20 10:57:38,564: DEBUG: GoGo-Total-Input-Gigawords: [0]
2013-11-20 10:57:38,565: DEBUG: GoGo-Acct-Input-Voice-Packets: [0]
2013-11-20 10:57:38,565: DEBUG: GoGo-Total-Input-Octets: [4376012]
2013-11-20 10:57:38,565: DEBUG: GoGo-Total-Output-Packets: [36169]
2013-11-20 10:57:38,565: DEBUG: WISPr-Location-ID: [u'airline=BA01,tail=01009,network=']
2013-11-20 10:57:38,566: DEBUG: GoGo-Acct-Output-Voice-Gigawords: [0]
2013-11-20 10:57:38,566: DEBUG: Acct-Input-Octets: [4376012]
2013-11-20 10:57:38,566: ERROR: Network error, Reason: 'Network error: Too many open files'
2013-11-20 10:57:48,567: DEBUG: 

2013-11-20 10:57:48,568: DEBUG: Creating Accounting Update Request with the following Attributes:
2013-11-20 10:57:48,568: DEBUG: User-Name: [u'username13@airborne.aircell.com']
2013-11-20 10:57:48,569: DEBUG: GoGo-Tail-Number: [u'AAATestNAS_112']
2013-11-20 10:57:48,569: DEBUG: Acct-Output-Octets: [7936273]
2013-11-20 10:57:48,569: DEBUG: NAS-IP-Address: ['10.254.117.1']
2013-11-20 10:57:48,570: DEBUG: GoGo-Total-Output-Gigawords: [0]
2013-11-20 10:57:48,570: DEBUG: Framed-IP-Address: ['10.254.117.176']
2013-11-20 10:57:48,570: DEBUG: GoGo-Total-Input-Voice-Gigawords: [0]
2013-11-20 10:57:48,571: DEBUG: GoGo-Total-Output-Octets: [7936273]
2013-11-20 10:57:48,571: DEBUG: GoGo-Acct-Input-Voice-Octets: [0]
2013-11-20 10:57:48,571: DEBUG: GoGo-Total-Input-Voice-Packets: [0]
2013-11-20 10:57:48,571: DEBUG: Called-Station-Id: [u'00:16:3E:0D:C2:D8']
2013-11-20 10:57:48,572: DEBUG: WISPr-Location-Name: [u'TEST LLC,BA01_01009']
2013-11-20 10:57:48,572: DEBUG: NAS-Identifier: [u'C08386']
2013-11-20 10:57:48,572: DEBUG: Proxy-State: ['3330,3132']
2013-11-20 10:57:48,572: DEBUG: GoGo-Total-Input-Voice-Octets: [0]
2013-11-20 10:57:48,573: DEBUG: Acct-Status-Type: ['Interim-Update']
2013-11-20 10:57:48,573: DEBUG: GoGo-Total-Output-Voice-Gigawords: [0]
2013-11-20 10:57:48,573: DEBUG: GoGo-Airline: [u'BA01']
2013-11-20 10:57:48,573: DEBUG: Acct-Session-Id: [u'AAATestNAS_112-1384925238526-00163E0DC2D8-1']
2013-11-20 10:57:48,574: DEBUG: Acct-Session-Time: [10]
2013-11-20 10:57:48,574: DEBUG: Acct-Input-Packets: [14388]
2013-11-20 10:57:48,574: DEBUG: Acct-Output-Packets: [40822]
2013-11-20 10:57:48,575: DEBUG: GoGo-Acct-Output-Voice-Packets: [0]
2013-11-20 10:57:48,575: DEBUG: GoGo-Acct-Output-Voice-Octets: [0]
2013-11-20 10:57:48,575: DEBUG: Acct-Output-Gigawords: [0]
2013-11-20 10:57:48,576: DEBUG: GoGo-Total-Output-Voice-Packets: [0]
2013-11-20 10:57:48,576: DEBUG: Acct-Input-Gigawords: [0]
2013-11-20 10:57:48,576: DEBUG: Calling-Station-Id: [u'17:21:31:41:52:82']
2013-11-20 10:57:48,576: DEBUG: NAS-Port-Type: ['Wireless-802.11']
2013-11-20 10:57:48,577: DEBUG: GoGo-Total-Output-Voice-Octets: [0]
2013-11-20 10:57:48,577: DEBUG: GoGo-Private-IP-Address: ['192.168.1.179']
2013-11-20 10:57:48,577: DEBUG: GoGo-Acct-Input-Voice-Gigawords: [0]
2013-11-20 10:57:48,578: DEBUG: GoGo-Total-Input-Packets: [14388]
2013-11-20 10:57:48,578: DEBUG: GoGo-Total-Input-Gigawords: [0]
2013-11-20 10:57:48,578: DEBUG: GoGo-Acct-Input-Voice-Packets: [0]
2013-11-20 10:57:48,579: DEBUG: GoGo-Total-Input-Octets: [4693149]
2013-11-20 10:57:48,579: DEBUG: GoGo-Total-Output-Packets: [40822]
2013-11-20 10:57:48,579: DEBUG: WISPr-Location-ID: [u'airline=BA01,tail=01009,network=']
2013-11-20 10:57:48,580: DEBUG: GoGo-Acct-Output-Voice-Gigawords: [0]
2013-11-20 10:57:48,580: DEBUG: Acct-Input-Octets: [4693149]
2013-11-20 10:57:48,580: ERROR: Network error, Reason: 'Network error: Too many open files'
2013-11-20 10:57:58,580: DEBUG: 

2013-11-20 10:57:58,581: DEBUG: Creating Accounting Update Request with the following Attributes:
2013-11-20 10:57:58,581: DEBUG: User-Name: [u'username13@airborne.aircell.com']
2013-11-20 10:57:58,581: DEBUG: GoGo-Tail-Number: [u'AAATestNAS_112']
2013-11-20 10:57:58,582: DEBUG: Acct-Output-Octets: [8998507]
2013-11-20 10:57:58,582: DEBUG: NAS-IP-Address: ['10.254.117.1']
2013-11-20 10:57:58,582: DEBUG: GoGo-Total-Output-Gigawords: [0]
2013-11-20 10:57:58,582: DEBUG: Framed-IP-Address: ['10.254.117.176']
2013-11-20 10:57:58,582: DEBUG: GoGo-Total-Input-Voice-Gigawords: [0]
2013-11-20 10:57:58,582: DEBUG: GoGo-Total-Output-Octets: [8998507]
2013-11-20 10:57:58,582: DEBUG: GoGo-Acct-Input-Voice-Octets: [0]
2013-11-20 10:57:58,583: DEBUG: GoGo-Total-Input-Voice-Packets: [0]
2013-11-20 10:57:58,583: DEBUG: Called-Station-Id: [u'00:16:3E:0D:C2:D8']
2013-11-20 10:57:58,583: DEBUG: WISPr-Location-Name: [u'TEST LLC,BA01_01009']
2013-11-20 10:57:58,583: DEBUG: NAS-Identifier: [u'C08386']
2013-11-20 10:57:58,583: DEBUG: Proxy-State: ['3330,3132']
2013-11-20 10:57:58,583: DEBUG: GoGo-Total-Input-Voice-Octets: [0]
2013-11-20 10:57:58,583: DEBUG: Acct-Status-Type: ['Interim-Update']
2013-11-20 10:57:58,584: DEBUG: GoGo-Total-Output-Voice-Gigawords: [0]
2013-11-20 10:57:58,584: DEBUG: GoGo-Airline: [u'BA01']
2013-11-20 10:57:58,584: DEBUG: Acct-Session-Id: [u'AAATestNAS_112-1384925238526-00163E0DC2D8-1']
2013-11-20 10:57:58,584: DEBUG: Acct-Session-Time: [10]
2013-11-20 10:57:58,584: DEBUG: Acct-Input-Packets: [19063]
2013-11-20 10:57:58,584: DEBUG: Acct-Output-Packets: [20626]
2013-11-20 10:57:58,584: DEBUG: GoGo-Acct-Output-Voice-Packets: [0]
2013-11-20 10:57:58,584: DEBUG: GoGo-Acct-Output-Voice-Octets: [0]
2013-11-20 10:57:58,584: DEBUG: Acct-Output-Gigawords: [0]
2013-11-20 10:57:58,584: DEBUG: GoGo-Total-Output-Voice-Packets: [0]
2013-11-20 10:57:58,585: DEBUG: Acct-Input-Gigawords: [0]
2013-11-20 10:57:58,585: DEBUG: Calling-Station-Id: [u'17:21:31:41:52:82']
2013-11-20 10:57:58,585: DEBUG: NAS-Port-Type: ['Wireless-802.11']
2013-11-20 10:57:58,585: DEBUG: GoGo-Total-Output-Voice-Octets: [0]
2013-11-20 10:57:58,585: DEBUG: GoGo-Private-IP-Address: ['192.168.1.179']
2013-11-20 10:57:58,585: DEBUG: GoGo-Acct-Input-Voice-Gigawords: [0]
2013-11-20 10:57:58,585: DEBUG: GoGo-Total-Input-Packets: [19063]
2013-11-20 10:57:58,585: DEBUG: GoGo-Total-Input-Gigawords: [0]
2013-11-20 10:57:58,585: DEBUG: GoGo-Acct-Input-Voice-Packets: [0]
2013-11-20 10:57:58,586: DEBUG: GoGo-Total-Input-Octets: [2328515]
2013-11-20 10:57:58,586: DEBUG: GoGo-Total-Output-Packets: [20626]
2013-11-20 10:57:58,586: DEBUG: WISPr-Location-ID: [u'airline=BA01,tail=01009,network=']
2013-11-20 10:57:58,586: DEBUG: GoGo-Acct-Output-Voice-Gigawords: [0]
2013-11-20 10:57:58,586: DEBUG: Acct-Input-Octets: [2328515]
2013-11-20 10:57:58,586: ERROR: Network error, Reason: 'Network error: Too many open files'
2013-11-20 10:58:08,587: DEBUG: 

2013-11-20 10:58:08,588: DEBUG: Creating Accounting Update Request with the following Attributes:
2013-11-20 10:58:08,588: DEBUG: User-Name: [u'username13@airborne.aircell.com']
2013-11-20 10:58:08,588: DEBUG: GoGo-Tail-Number: [u'AAATestNAS_112']
2013-11-20 10:58:08,589: DEBUG: Acct-Output-Octets: [7046399]
2013-11-20 10:58:08,589: DEBUG: NAS-IP-Address: ['10.254.117.1']
2013-11-20 10:58:08,589: DEBUG: GoGo-Total-Output-Gigawords: [0]
2013-11-20 10:58:08,589: DEBUG: Framed-IP-Address: ['10.254.117.176']
2013-11-20 10:58:08,589: DEBUG: GoGo-Total-Input-Voice-Gigawords: [0]
2013-11-20 10:58:08,589: DEBUG: GoGo-Total-Output-Octets: [7046399]
2013-11-20 10:58:08,589: DEBUG: GoGo-Acct-Input-Voice-Octets: [0]
2013-11-20 10:58:08,590: DEBUG: GoGo-Total-Input-Voice-Packets: [0]
2013-11-20 10:58:08,590: DEBUG: Called-Station-Id: [u'00:16:3E:0D:C2:D8']
2013-11-20 10:58:08,590: DEBUG: WISPr-Location-Name: [u'TEST LLC,BA01_01009']
2013-11-20 10:58:08,590: DEBUG: NAS-Identifier: [u'C08386']
2013-11-20 10:58:08,590: DEBUG: Proxy-State: ['3330,3132']
2013-11-20 10:58:08,590: DEBUG: GoGo-Total-Input-Voice-Octets: [0]
2013-11-20 10:58:08,590: DEBUG: Acct-Status-Type: ['Interim-Update']
2013-11-20 10:58:08,591: DEBUG: GoGo-Total-Output-Voice-Gigawords: [0]
2013-11-20 10:58:08,591: DEBUG: GoGo-Airline: [u'BA01']
2013-11-20 10:58:08,591: DEBUG: Acct-Session-Id: [u'AAATestNAS_112-1384925238526-00163E0DC2D8-1']
2013-11-20 10:58:08,591: DEBUG: Acct-Session-Time: [10]
2013-11-20 10:58:08,591: DEBUG: Acct-Input-Packets: [87191]
2013-11-20 10:58:08,591: DEBUG: Acct-Output-Packets: [51063]
2013-11-20 10:58:08,591: DEBUG: GoGo-Acct-Output-Voice-Packets: [0]
2013-11-20 10:58:08,592: DEBUG: GoGo-Acct-Output-Voice-Octets: [0]
2013-11-20 10:58:08,592: DEBUG: Acct-Output-Gigawords: [0]
2013-11-20 10:58:08,592: DEBUG: GoGo-Total-Output-Voice-Packets: [0]
2013-11-20 10:58:08,592: DEBUG: Acct-Input-Gigawords: [0]
2013-11-20 10:58:08,592: DEBUG: Calling-Station-Id: [u'17:21:31:41:52:82']
2013-11-20 10:58:08,592: DEBUG: NAS-Port-Type: ['Wireless-802.11']
2013-11-20 10:58:08,592: DEBUG: GoGo-Total-Output-Voice-Octets: [0]
2013-11-20 10:58:08,592: DEBUG: GoGo-Private-IP-Address: ['192.168.1.179']
2013-11-20 10:58:08,592: DEBUG: GoGo-Acct-Input-Voice-Gigawords: [0]
2013-11-20 10:58:08,592: DEBUG: GoGo-Total-Input-Packets: [87191]
2013-11-20 10:58:08,593: DEBUG: GoGo-Total-Input-Gigawords: [0]
2013-11-20 10:58:08,593: DEBUG: GoGo-Acct-Input-Voice-Packets: [0]
2013-11-20 10:58:08,593: DEBUG: GoGo-Total-Input-Octets: [9501283]
2013-11-20 10:58:08,593: DEBUG: GoGo-Total-Output-Packets: [51063]
2013-11-20 10:58:08,593: DEBUG: WISPr-Location-ID: [u'airline=BA01,tail=01009,network=']
2013-11-20 10:58:08,593: DEBUG: GoGo-Acct-Output-Voice-Gigawords: [0]
2013-11-20 10:58:08,593: DEBUG: Acct-Input-Octets: [9501283]
2013-11-20 10:58:08,593: ERROR: Network error, Reason: 'Network error: Too many open files'
2013-11-20 10:58:18,595: DEBUG: 

2013-11-20 10:58:18,595: DEBUG: Creating Accounting Update Request with the following Attributes:
2013-11-20 10:58:18,595: DEBUG: User-Name: [u'username13@airborne.aircell.com']
2013-11-20 10:58:18,595: DEBUG: GoGo-Tail-Number: [u'AAATestNAS_112']
2013-11-20 10:58:18,595: DEBUG: Acct-Output-Octets: [2959496]
2013-11-20 10:58:18,596: DEBUG: NAS-IP-Address: ['10.254.117.1']
2013-11-20 10:58:18,596: DEBUG: GoGo-Total-Output-Gigawords: [0]
2013-11-20 10:58:18,596: DEBUG: Framed-IP-Address: ['10.254.117.176']
2013-11-20 10:58:18,596: DEBUG: GoGo-Total-Input-Voice-Gigawords: [0]
2013-11-20 10:58:18,596: DEBUG: GoGo-Total-Output-Octets: [2959496]
2013-11-20 10:58:18,596: DEBUG: GoGo-Acct-Input-Voice-Octets: [0]
2013-11-20 10:58:18,596: DEBUG: GoGo-Total-Input-Voice-Packets: [0]
2013-11-20 10:58:18,596: DEBUG: Called-Station-Id: [u'00:16:3E:0D:C2:D8']
2013-11-20 10:58:18,596: DEBUG: WISPr-Location-Name: [u'TEST LLC,BA01_01009']
2013-11-20 10:58:18,596: DEBUG: NAS-Identifier: [u'C08386']
2013-11-20 10:58:18,597: DEBUG: Proxy-State: ['3330,3132']
2013-11-20 10:58:18,597: DEBUG: GoGo-Total-Input-Voice-Octets: [0]
2013-11-20 10:58:18,597: DEBUG: Acct-Status-Type: ['Interim-Update']
2013-11-20 10:58:18,597: DEBUG: GoGo-Total-Output-Voice-Gigawords: [0]
2013-11-20 10:58:18,597: DEBUG: GoGo-Airline: [u'BA01']
2013-11-20 10:58:18,597: DEBUG: Acct-Session-Id: [u'AAATestNAS_112-1384925238526-00163E0DC2D8-1']
2013-11-20 10:58:18,597: DEBUG: Acct-Session-Time: [10]
2013-11-20 10:58:18,597: DEBUG: Acct-Input-Packets: [39214]
2013-11-20 10:58:18,597: DEBUG: Acct-Output-Packets: [21394]
2013-11-20 10:58:18,597: DEBUG: GoGo-Acct-Output-Voice-Packets: [0]
2013-11-20 10:58:18,598: DEBUG: GoGo-Acct-Output-Voice-Octets: [0]
2013-11-20 10:58:18,598: DEBUG: Acct-Output-Gigawords: [0]
2013-11-20 10:58:18,598: DEBUG: GoGo-Total-Output-Voice-Packets: [0]
2013-11-20 10:58:18,598: DEBUG: Acct-Input-Gigawords: [0]
2013-11-20 10:58:18,598: DEBUG: Calling-Station-Id: [u'17:21:31:41:52:82']
2013-11-20 10:58:18,598: DEBUG: NAS-Port-Type: ['Wireless-802.11']
2013-11-20 10:58:18,598: DEBUG: GoGo-Total-Output-Voice-Octets: [0]
2013-11-20 10:58:18,598: DEBUG: GoGo-Private-IP-Address: ['192.168.1.179']
2013-11-20 10:58:18,599: DEBUG: GoGo-Acct-Input-Voice-Gigawords: [0]
2013-11-20 10:58:18,599: DEBUG: GoGo-Total-Input-Packets: [39214]
2013-11-20 10:58:18,599: DEBUG: GoGo-Total-Input-Gigawords: [0]
2013-11-20 10:58:18,599: DEBUG: GoGo-Acct-Input-Voice-Packets: [0]
2013-11-20 10:58:18,599: DEBUG: GoGo-Total-Input-Octets: [4990134]
2013-11-20 10:58:18,599: DEBUG: GoGo-Total-Output-Packets: [21394]
2013-11-20 10:58:18,599: DEBUG: WISPr-Location-ID: [u'airline=BA01,tail=01009,network=']
2013-11-20 10:58:18,599: DEBUG: GoGo-Acct-Output-Voice-Gigawords: [0]
2013-11-20 10:58:18,599: DEBUG: Acct-Input-Octets: [4990134]
2013-11-20 10:58:18,600: ERROR: Network error, Reason: 'Network error: Too many open files'
2013-11-20 10:58:28,601: DEBUG: 

2013-11-20 10:58:28,602: DEBUG: Creating Accounting Update Request with the following Attributes:
2013-11-20 10:58:28,602: DEBUG: User-Name: [u'username13@airborne.aircell.com']
2013-11-20 10:58:28,602: DEBUG: GoGo-Tail-Number: [u'AAATestNAS_112']
2013-11-20 10:58:28,602: DEBUG: Acct-Output-Octets: [2495225]
2013-11-20 10:58:28,603: DEBUG: NAS-IP-Address: ['10.254.117.1']
2013-11-20 10:58:28,603: DEBUG: GoGo-Total-Output-Gigawords: [0]
2013-11-20 10:58:28,603: DEBUG: Framed-IP-Address: ['10.254.117.176']
2013-11-20 10:58:28,603: DEBUG: GoGo-Total-Input-Voice-Gigawords: [0]
2013-11-20 10:58:28,603: DEBUG: GoGo-Total-Output-Octets: [2495225]
2013-11-20 10:58:28,604: DEBUG: GoGo-Acct-Input-Voice-Octets: [0]
2013-11-20 10:58:28,604: DEBUG: GoGo-Total-Input-Voice-Packets: [0]
2013-11-20 10:58:28,604: DEBUG: Called-Station-Id: [u'00:16:3E:0D:C2:D8']
2013-11-20 10:58:28,604: DEBUG: WISPr-Location-Name: [u'TEST LLC,BA01_01009']
2013-11-20 10:58:28,604: DEBUG: NAS-Identifier: [u'C08386']
2013-11-20 10:58:28,604: DEBUG: Proxy-State: ['3330,3132']
2013-11-20 10:58:28,605: DEBUG: GoGo-Total-Input-Voice-Octets: [0]
2013-11-20 10:58:28,605: DEBUG: Acct-Status-Type: ['Interim-Update']
2013-11-20 10:58:28,605: DEBUG: GoGo-Total-Output-Voice-Gigawords: [0]
2013-11-20 10:58:28,605: DEBUG: GoGo-Airline: [u'BA01']
2013-11-20 10:58:28,605: DEBUG: Acct-Session-Id: [u'AAATestNAS_112-1384925238526-00163E0DC2D8-1']
2013-11-20 10:58:28,605: DEBUG: Acct-Session-Time: [10]
2013-11-20 10:58:28,606: DEBUG: Acct-Input-Packets: [10626]
2013-11-20 10:58:28,606: DEBUG: Acct-Output-Packets: [15549]
2013-11-20 10:58:28,606: DEBUG: GoGo-Acct-Output-Voice-Packets: [0]
2013-11-20 10:58:28,606: DEBUG: GoGo-Acct-Output-Voice-Octets: [0]
2013-11-20 10:58:28,606: DEBUG: Acct-Output-Gigawords: [0]
2013-11-20 10:58:28,606: DEBUG: GoGo-Total-Output-Voice-Packets: [0]
2013-11-20 10:58:28,607: DEBUG: Acct-Input-Gigawords: [0]
2013-11-20 10:58:28,607: DEBUG: Calling-Station-Id: [u'17:21:31:41:52:82']
2013-11-20 10:58:28,607: DEBUG: NAS-Port-Type: ['Wireless-802.11']
2013-11-20 10:58:28,607: DEBUG: GoGo-Total-Output-Voice-Octets: [0]
2013-11-20 10:58:28,607: DEBUG: GoGo-Private-IP-Address: ['192.168.1.179']
2013-11-20 10:58:28,607: DEBUG: GoGo-Acct-Input-Voice-Gigawords: [0]
2013-11-20 10:58:28,607: DEBUG: GoGo-Total-Input-Packets: [10626]
2013-11-20 10:58:28,608: DEBUG: GoGo-Total-Input-Gigawords: [0]
2013-11-20 10:58:28,608: DEBUG: GoGo-Acct-Input-Voice-Packets: [0]
2013-11-20 10:58:28,608: DEBUG: GoGo-Total-Input-Octets: [2304614]
2013-11-20 10:58:28,608: DEBUG: GoGo-Total-Output-Packets: [15549]
2013-11-20 10:58:28,608: DEBUG: WISPr-Location-ID: [u'airline=BA01,tail=01009,network=']
2013-11-20 10:58:28,608: DEBUG: GoGo-Acct-Output-Voice-Gigawords: [0]
2013-11-20 10:58:28,608: DEBUG: Acct-Input-Octets: [2304614]
2013-11-20 10:58:28,609: ERROR: Network error, Reason: 'Network error: Too many open files'
2013-11-20 10:58:38,610: DEBUG: 

2013-11-20 10:58:38,611: DEBUG: Creating Accounting Update Request with the following Attributes:
2013-11-20 10:58:38,611: DEBUG: User-Name: [u'username13@airborne.aircell.com']
2013-11-20 10:58:38,611: DEBUG: GoGo-Tail-Number: [u'AAATestNAS_112']
2013-11-20 10:58:38,611: DEBUG: Acct-Output-Octets: [5852181]
2013-11-20 10:58:38,612: DEBUG: NAS-IP-Address: ['10.254.117.1']
2013-11-20 10:58:38,612: DEBUG: GoGo-Total-Output-Gigawords: [0]
2013-11-20 10:58:38,612: DEBUG: Framed-IP-Address: ['10.254.117.176']
2013-11-20 10:58:38,612: DEBUG: GoGo-Total-Input-Voice-Gigawords: [0]
2013-11-20 10:58:38,612: DEBUG: GoGo-Total-Output-Octets: [5852181]
2013-11-20 10:58:38,612: DEBUG: GoGo-Acct-Input-Voice-Octets: [0]
2013-11-20 10:58:38,613: DEBUG: GoGo-Total-Input-Voice-Packets: [0]
2013-11-20 10:58:38,613: DEBUG: Called-Station-Id: [u'00:16:3E:0D:C2:D8']
2013-11-20 10:58:38,613: DEBUG: WISPr-Location-Name: [u'TEST LLC,BA01_01009']
2013-11-20 10:58:38,613: DEBUG: NAS-Identifier: [u'C08386']
2013-11-20 10:58:38,613: DEBUG: Proxy-State: ['3330,3132']
2013-11-20 10:58:38,614: DEBUG: GoGo-Total-Input-Voice-Octets: [0]
2013-11-20 10:58:38,614: DEBUG: Acct-Status-Type: ['Interim-Update']
2013-11-20 10:58:38,614: DEBUG: GoGo-Total-Output-Voice-Gigawords: [0]
2013-11-20 10:58:38,614: DEBUG: GoGo-Airline: [u'BA01']
2013-11-20 10:58:38,614: DEBUG: Acct-Session-Id: [u'AAATestNAS_112-1384925238526-00163E0DC2D8-1']
2013-11-20 10:58:38,615: DEBUG: Acct-Session-Time: [10]
2013-11-20 10:58:38,615: DEBUG: Acct-Input-Packets: [28517]
2013-11-20 10:58:38,615: DEBUG: Acct-Output-Packets: [6439]
2013-11-20 10:58:38,615: DEBUG: GoGo-Acct-Output-Voice-Packets: [0]
2013-11-20 10:58:38,615: DEBUG: GoGo-Acct-Output-Voice-Octets: [0]
2013-11-20 10:58:38,616: DEBUG: Acct-Output-Gigawords: [0]
2013-11-20 10:58:38,616: DEBUG: GoGo-Total-Output-Voice-Packets: [0]
2013-11-20 10:58:38,616: DEBUG: Acct-Input-Gigawords: [0]
2013-11-20 10:58:38,616: DEBUG: Calling-Station-Id: [u'17:21:31:41:52:82']
2013-11-20 10:58:38,616: DEBUG: NAS-Port-Type: ['Wireless-802.11']
2013-11-20 10:58:38,616: DEBUG: GoGo-Total-Output-Voice-Octets: [0]
2013-11-20 10:58:38,617: DEBUG: GoGo-Private-IP-Address: ['192.168.1.179']
2013-11-20 10:58:38,617: DEBUG: GoGo-Acct-Input-Voice-Gigawords: [0]
2013-11-20 10:58:38,617: DEBUG: GoGo-Total-Input-Packets: [28517]
2013-11-20 10:58:38,617: DEBUG: GoGo-Total-Input-Gigawords: [0]
2013-11-20 10:58:38,617: DEBUG: GoGo-Acct-Input-Voice-Packets: [0]
2013-11-20 10:58:38,618: DEBUG: GoGo-Total-Input-Octets: [5821624]
2013-11-20 10:58:38,618: DEBUG: GoGo-Total-Output-Packets: [6439]
2013-11-20 10:58:38,618: DEBUG: WISPr-Location-ID: [u'airline=BA01,tail=01009,network=']
2013-11-20 10:58:38,618: DEBUG: GoGo-Acct-Output-Voice-Gigawords: [0]
2013-11-20 10:58:38,618: DEBUG: Acct-Input-Octets: [5821624]
2013-11-20 10:58:38,618: ERROR: Network error, Reason: 'Network error: Too many open files'
2013-11-20 10:58:54,619: DEBUG: 

2013-11-20 10:58:54,620: DEBUG: Creating Accounting Stop Request with the following Attributes:
2013-11-20 10:58:54,620: DEBUG: User-Name: [u'username13@airborne.aircell.com']
2013-11-20 10:58:54,620: DEBUG: GoGo-Tail-Number: [u'01009']
2013-11-20 10:58:54,620: DEBUG: Acct-Output-Octets: [4005710]
2013-11-20 10:58:54,620: DEBUG: NAS-IP-Address: ['10.254.117.1']
2013-11-20 10:58:54,620: DEBUG: GoGo-Total-Output-Gigawords: [0]
2013-11-20 10:58:54,620: DEBUG: Framed-IP-Address: ['10.254.117.176']
2013-11-20 10:58:54,621: DEBUG: GoGo-Total-Input-Voice-Gigawords: [0]
2013-11-20 10:58:54,621: DEBUG: GoGo-Total-Output-Octets: [4005710]
2013-11-20 10:58:54,621: DEBUG: GoGo-Acct-Input-Voice-Octets: [0]
2013-11-20 10:58:54,621: DEBUG: GoGo-Total-Input-Voice-Packets: [0]
2013-11-20 10:58:54,621: DEBUG: Called-Station-Id: [u'00:16:3E:0D:C2:D8']
2013-11-20 10:58:54,621: DEBUG: WISPr-Location-Name: [u'TEST LLC,BA01_01009']
2013-11-20 10:58:54,621: DEBUG: NAS-Identifier: [u'C08386']
2013-11-20 10:58:54,621: DEBUG: Proxy-State: ['3330,3132']
2013-11-20 10:58:54,621: DEBUG: GoGo-Total-Input-Voice-Octets: [0]
2013-11-20 10:58:54,622: DEBUG: Acct-Status-Type: ['Stop']
2013-11-20 10:58:54,622: DEBUG: GoGo-Total-Output-Voice-Gigawords: [0]
2013-11-20 10:58:54,622: DEBUG: GoGo-Airline: [u'BA01']
2013-11-20 10:58:54,622: DEBUG: Acct-Session-Id: [u'AAATestNAS_112-1384925238526-00163E0DC2D8-1']
2013-11-20 10:58:54,622: DEBUG: Acct-Session-Time: [16]
2013-11-20 10:58:54,623: DEBUG: Acct-Input-Packets: [46472]
2013-11-20 10:58:54,623: DEBUG: Acct-Output-Packets: [7055]
2013-11-20 10:58:54,623: DEBUG: Acct-Terminate-Cause: ['User-Request']
2013-11-20 10:58:54,623: DEBUG: GoGo-Acct-Output-Voice-Octets: [0]
2013-11-20 10:58:54,623: DEBUG: Acct-Output-Gigawords: [0]
2013-11-20 10:58:54,623: DEBUG: GoGo-Total-Output-Voice-Packets: [0]
2013-11-20 10:58:54,623: DEBUG: Acct-Input-Gigawords: [0]
2013-11-20 10:58:54,624: DEBUG: Calling-Station-Id: [u'17:21:31:41:52:82']
2013-11-20 10:58:54,624: DEBUG: NAS-Port-Type: ['Wireless-802.11']
2013-11-20 10:58:54,624: DEBUG: GoGo-Total-Output-Voice-Octets: [0]
2013-11-20 10:58:54,624: DEBUG: GoGo-Private-IP-Address: ['192.168.1.179']
2013-11-20 10:58:54,624: DEBUG: GoGo-Acct-Input-Voice-Gigawords: [0]
2013-11-20 10:58:54,624: DEBUG: GoGo-Total-Input-Packets: [46472]
2013-11-20 10:58:54,624: DEBUG: GoGo-Total-Input-Gigawords: [0]
2013-11-20 10:58:54,624: DEBUG: GoGo-Acct-Input-Voice-Packets: [0]
2013-11-20 10:58:54,624: DEBUG: GoGo-Total-Input-Octets: [8272789]
2013-11-20 10:58:54,625: DEBUG: GoGo-Total-Output-Packets: [7055]
2013-11-20 10:58:54,625: DEBUG: WISPr-Location-ID: [u'airline=BA01,tail=01009,network=']
2013-11-20 10:58:54,625: DEBUG: GoGo-Acct-Output-Voice-Packets: [0]
2013-11-20 10:58:54,625: DEBUG: GoGo-Acct-Output-Voice-Gigawords: [0]
2013-11-20 10:58:54,625: DEBUG: Acct-Input-Octets: [8272789]
2013-11-20 10:58:54,625: ERROR: Network error, Reason: 'Network error: Too many open files'
2013-11-20 10:58:54,625: ERROR: Ending the test for this user
2013-11-20 10:58:54,625: DEBUG: Ending the test for this user
