2013-11-20 10:57:12,487: DEBUG: Starting the client for the user username20@airborne.aircell.com to the server localhost

2013-11-20 10:57:12,488: DEBUG: DURATION of the TEST: 59
2013-11-20 10:57:12,488: DEBUG: NAS-IP: 10.254.98.1
2013-11-20 10:57:12,488: DEBUG: NAS-MAC-ADDR: 17:21:31:41:52:63
2013-11-20 10:57:12,488: DEBUG: Abruptly End: False
2013-11-20 10:57:12,488: DEBUG: Framed-IP: 10.254.98.182
2013-11-20 10:57:12,488: DEBUG: User-MAC-Addr: 00:16:3E:05:8A:FE
2013-11-20 10:57:12,488: DEBUG: 

2013-11-20 10:57:12,489: DEBUG: Creating Authentication Request with the following Attributes:
2013-11-20 10:57:12,489: DEBUG: NAS-Identifier: [u'C08386']
2013-11-20 10:57:12,489: DEBUG: User-Name: [u'username20@airborne.aircell.com']
2013-11-20 10:57:12,489: DEBUG: NAS-IP-Address: ['10.254.98.1']
2013-11-20 10:57:12,489: DEBUG: Service-Type: ['Authenticate-Only']
2013-11-20 10:57:12,490: DEBUG: Proxy-State: ['3237,3134']
2013-11-20 10:57:12,490: DEBUG: Framed-IP-Address: ['10.254.98.182']
2013-11-20 10:57:12,490: DEBUG: GoGo-Airline: [u'BA01']
2013-11-20 10:57:12,490: DEBUG: Acct-Session-Id: [u'AAATestNAS_93-1384925232489-00163E058AFE-1']
2013-11-20 10:57:12,490: DEBUG: GoGo-Tail-Number: [u'AAATestNAS_93']
2013-11-20 10:57:12,490: DEBUG: GoGo-Private-IP-Address: ['192.168.1.179']
2013-11-20 10:57:12,490: DEBUG: WISPr-Location-ID: [u'airline=BA01,tail=01009,network=']
2013-11-20 10:57:12,490: DEBUG: WISPr-Location-Name: [u'TEST LLC,BA01_01009']
2013-11-20 10:57:12,491: DEBUG: NAS-Port-Type: ['Wireless-802.11']
2013-11-20 10:57:12,491: DEBUG: Called-Station-Id: [u'00:16:3E:05:8A:FE']
2013-11-20 10:57:12,491: DEBUG: Calling-Station-Id: [u'17:21:31:41:52:63']
2013-11-20 10:57:12,492: DEBUG: 

2013-11-20 10:57:12,492: DEBUG: Received response with code: 2, Accepted
2013-11-20 10:57:12,492: DEBUG: Creating Authentication Request with the following Attributes:
2013-11-20 10:57:12,492: DEBUG: NAS-Identifier: [u'C08386']
2013-11-20 10:57:12,493: DEBUG: User-Name: [u'username20@airborne.aircell.com']
2013-11-20 10:57:12,493: DEBUG: NAS-IP-Address: ['10.254.98.1']
2013-11-20 10:57:12,493: DEBUG: Service-Type: ['Login-User']
2013-11-20 10:57:12,493: DEBUG: Proxy-State: ['3237,3134']
2013-11-20 10:57:12,493: DEBUG: Framed-IP-Address: ['10.254.98.182']
2013-11-20 10:57:12,493: DEBUG: GoGo-Airline: [u'BA01']
2013-11-20 10:57:12,493: DEBUG: Acct-Session-Id: [u'AAATestNAS_93-1384925232492-00163E058AFE-1']
2013-11-20 10:57:12,493: DEBUG: GoGo-Tail-Number: [u'AAATestNAS_93']
2013-11-20 10:57:12,493: DEBUG: GoGo-Private-IP-Address: ['192.168.1.179']
2013-11-20 10:57:12,494: DEBUG: WISPr-Location-ID: [u'airline=BA01,tail=01009,network=']
2013-11-20 10:57:12,494: DEBUG: WISPr-Location-Name: [u'TEST LLC,BA01_01009']
2013-11-20 10:57:12,494: DEBUG: NAS-Port-Type: ['Wireless-802.11']
2013-11-20 10:57:12,494: DEBUG: Called-Station-Id: [u'00:16:3E:05:8A:FE']
2013-11-20 10:57:12,494: DEBUG: Calling-Station-Id: [u'17:21:31:41:52:63']
2013-11-20 10:57:12,495: DEBUG: 

2013-11-20 10:57:12,495: DEBUG: Received response with code: 2, Accepted
2013-11-20 10:57:12,495: DEBUG: 

2013-11-20 10:57:12,495: DEBUG: Creating Accounting start Request with the following Attributes:
2013-11-20 10:57:12,496: DEBUG: NAS-Identifier: [u'C08386']
2013-11-20 10:57:12,496: DEBUG: User-Name: [u'username20@airborne.aircell.com']
2013-11-20 10:57:12,496: DEBUG: GoGo-Tail-Number: [u'AAATestNAS_93']
2013-11-20 10:57:12,496: DEBUG: NAS-IP-Address: ['10.254.98.1']
2013-11-20 10:57:12,496: DEBUG: Proxy-State: ['3239,3131']
2013-11-20 10:57:12,496: DEBUG: Acct-Status-Type: ['Start']
2013-11-20 10:57:12,496: DEBUG: GoGo-Airline: [u'BA01']
2013-11-20 10:57:12,496: DEBUG: Acct-Session-Id: [u'AAATestNAS_93-1384925232492-00163E058AFE-1']
2013-11-20 10:57:12,497: DEBUG: GoGo-Private-IP-Address: ['192.168.1.179']
2013-11-20 10:57:12,497: DEBUG: Framed-IP-Address: ['10.254.98.182']
2013-11-20 10:57:12,497: DEBUG: WISPr-Location-ID: [u'airline=BA01,tail=01009,network=']
2013-11-20 10:57:12,497: DEBUG: WISPr-Location-Name: [u'TEST LLC,BA01_01009']
2013-11-20 10:57:12,497: DEBUG: NAS-Port-Type: ['Wireless-802.11']
2013-11-20 10:57:12,497: DEBUG: Called-Station-Id: [u'00:16:3E:05:8A:FE']
2013-11-20 10:57:12,497: DEBUG: Calling-Station-Id: [u'17:21:31:41:52:63']
2013-11-20 10:57:12,499: DEBUG: 

2013-11-20 10:57:12,500: DEBUG: Received response with following attributes:
2013-11-20 10:57:22,501: DEBUG: 

2013-11-20 10:57:22,502: DEBUG: Creating Accounting Update Request with the following Attributes:
2013-11-20 10:57:22,502: DEBUG: User-Name: [u'username20@airborne.aircell.com']
2013-11-20 10:57:22,502: DEBUG: GoGo-Tail-Number: [u'AAATestNAS_93']
2013-11-20 10:57:22,503: DEBUG: Acct-Output-Octets: [4912025]
2013-11-20 10:57:22,503: DEBUG: NAS-IP-Address: ['10.254.98.1']
2013-11-20 10:57:22,503: DEBUG: GoGo-Total-Output-Gigawords: [0]
2013-11-20 10:57:22,503: DEBUG: Framed-IP-Address: ['10.254.98.182']
2013-11-20 10:57:22,503: DEBUG: GoGo-Total-Input-Voice-Gigawords: [0]
2013-11-20 10:57:22,503: DEBUG: GoGo-Total-Output-Octets: [4912025]
2013-11-20 10:57:22,503: DEBUG: GoGo-Acct-Input-Voice-Octets: [0]
2013-11-20 10:57:22,504: DEBUG: GoGo-Total-Input-Voice-Packets: [0]
2013-11-20 10:57:22,504: DEBUG: Called-Station-Id: [u'00:16:3E:05:8A:FE']
2013-11-20 10:57:22,504: DEBUG: WISPr-Location-Name: [u'TEST LLC,BA01_01009']
2013-11-20 10:57:22,504: DEBUG: NAS-Identifier: [u'C08386']
2013-11-20 10:57:22,505: DEBUG: Proxy-State: ['3330,3132']
2013-11-20 10:57:22,505: DEBUG: GoGo-Total-Input-Voice-Octets: [0]
2013-11-20 10:57:22,505: DEBUG: Acct-Status-Type: ['Interim-Update']
2013-11-20 10:57:22,506: DEBUG: GoGo-Total-Output-Voice-Gigawords: [0]
2013-11-20 10:57:22,506: DEBUG: GoGo-Airline: [u'BA01']
2013-11-20 10:57:22,506: DEBUG: Acct-Session-Id: [u'AAATestNAS_93-1384925232492-00163E058AFE-1']
2013-11-20 10:57:22,507: DEBUG: Acct-Session-Time: [10]
2013-11-20 10:57:22,507: DEBUG: Acct-Input-Packets: [35727]
2013-11-20 10:57:22,507: DEBUG: Acct-Output-Packets: [12574]
2013-11-20 10:57:22,507: DEBUG: GoGo-Acct-Output-Voice-Packets: [0]
2013-11-20 10:57:22,508: DEBUG: GoGo-Acct-Output-Voice-Octets: [0]
2013-11-20 10:57:22,508: DEBUG: Acct-Output-Gigawords: [0]
2013-11-20 10:57:22,508: DEBUG: GoGo-Total-Output-Voice-Packets: [0]
2013-11-20 10:57:22,509: DEBUG: Acct-Input-Gigawords: [0]
2013-11-20 10:57:22,509: DEBUG: Calling-Station-Id: [u'17:21:31:41:52:63']
2013-11-20 10:57:22,509: DEBUG: NAS-Port-Type: ['Wireless-802.11']
2013-11-20 10:57:22,509: DEBUG: GoGo-Total-Output-Voice-Octets: [0]
2013-11-20 10:57:22,510: DEBUG: GoGo-Private-IP-Address: ['192.168.1.179']
2013-11-20 10:57:22,510: DEBUG: GoGo-Acct-Input-Voice-Gigawords: [0]
2013-11-20 10:57:22,510: DEBUG: GoGo-Total-Input-Packets: [35727]
2013-11-20 10:57:22,510: DEBUG: GoGo-Total-Input-Gigawords: [0]
2013-11-20 10:57:22,510: DEBUG: GoGo-Acct-Input-Voice-Packets: [0]
2013-11-20 10:57:22,510: DEBUG: GoGo-Total-Input-Octets: [5913183]
2013-11-20 10:57:22,510: DEBUG: GoGo-Total-Output-Packets: [12574]
2013-11-20 10:57:22,511: DEBUG: WISPr-Location-ID: [u'airline=BA01,tail=01009,network=']
2013-11-20 10:57:22,511: DEBUG: GoGo-Acct-Output-Voice-Gigawords: [0]
2013-11-20 10:57:22,511: DEBUG: Acct-Input-Octets: [5913183]
2013-11-20 10:57:22,513: DEBUG: 

2013-11-20 10:57:22,513: DEBUG: Received response with following attributes:
2013-11-20 10:57:32,513: DEBUG: 

2013-11-20 10:57:32,514: DEBUG: Creating Accounting Update Request with the following Attributes:
2013-11-20 10:57:32,515: DEBUG: User-Name: [u'username20@airborne.aircell.com']
2013-11-20 10:57:32,515: DEBUG: GoGo-Tail-Number: [u'AAATestNAS_93']
2013-11-20 10:57:32,516: DEBUG: Acct-Output-Octets: [4072318]
2013-11-20 10:57:32,516: DEBUG: NAS-IP-Address: ['10.254.98.1']
2013-11-20 10:57:32,517: DEBUG: GoGo-Total-Output-Gigawords: [0]
2013-11-20 10:57:32,517: DEBUG: Framed-IP-Address: ['10.254.98.182']
2013-11-20 10:57:32,517: DEBUG: GoGo-Total-Input-Voice-Gigawords: [0]
2013-11-20 10:57:32,518: DEBUG: GoGo-Total-Output-Octets: [4072318]
2013-11-20 10:57:32,518: DEBUG: GoGo-Acct-Input-Voice-Octets: [0]
2013-11-20 10:57:32,519: DEBUG: GoGo-Total-Input-Voice-Packets: [0]
2013-11-20 10:57:32,519: DEBUG: Called-Station-Id: [u'00:16:3E:05:8A:FE']
2013-11-20 10:57:32,519: DEBUG: WISPr-Location-Name: [u'TEST LLC,BA01_01009']
2013-11-20 10:57:32,520: DEBUG: NAS-Identifier: [u'C08386']
2013-11-20 10:57:32,520: DEBUG: Proxy-State: ['3330,3132']
2013-11-20 10:57:32,520: DEBUG: GoGo-Total-Input-Voice-Octets: [0]
2013-11-20 10:57:32,521: DEBUG: Acct-Status-Type: ['Interim-Update']
2013-11-20 10:57:32,521: DEBUG: GoGo-Total-Output-Voice-Gigawords: [0]
2013-11-20 10:57:32,521: DEBUG: GoGo-Airline: [u'BA01']
2013-11-20 10:57:32,522: DEBUG: Acct-Session-Id: [u'AAATestNAS_93-1384925232492-00163E058AFE-1']
2013-11-20 10:57:32,522: DEBUG: Acct-Session-Time: [10]
2013-11-20 10:57:32,522: DEBUG: Acct-Input-Packets: [47706]
2013-11-20 10:57:32,523: DEBUG: Acct-Output-Packets: [38790]
2013-11-20 10:57:32,523: DEBUG: GoGo-Acct-Output-Voice-Packets: [0]
2013-11-20 10:57:32,523: DEBUG: GoGo-Acct-Output-Voice-Octets: [0]
2013-11-20 10:57:32,523: DEBUG: Acct-Output-Gigawords: [0]
2013-11-20 10:57:32,524: DEBUG: GoGo-Total-Output-Voice-Packets: [0]
2013-11-20 10:57:32,524: DEBUG: Acct-Input-Gigawords: [0]
2013-11-20 10:57:32,524: DEBUG: Calling-Station-Id: [u'17:21:31:41:52:63']
2013-11-20 10:57:32,524: DEBUG: NAS-Port-Type: ['Wireless-802.11']
2013-11-20 10:57:32,525: DEBUG: GoGo-Total-Output-Voice-Octets: [0]
2013-11-20 10:57:32,525: DEBUG: GoGo-Private-IP-Address: ['192.168.1.179']
2013-11-20 10:57:32,525: DEBUG: GoGo-Acct-Input-Voice-Gigawords: [0]
2013-11-20 10:57:32,526: DEBUG: GoGo-Total-Input-Packets: [47706]
2013-11-20 10:57:32,526: DEBUG: GoGo-Total-Input-Gigawords: [0]
2013-11-20 10:57:32,526: DEBUG: GoGo-Acct-Input-Voice-Packets: [0]
2013-11-20 10:57:32,526: DEBUG: GoGo-Total-Input-Octets: [4808025]
2013-11-20 10:57:32,526: DEBUG: GoGo-Total-Output-Packets: [38790]
2013-11-20 10:57:32,527: DEBUG: WISPr-Location-ID: [u'airline=BA01,tail=01009,network=']
2013-11-20 10:57:32,527: DEBUG: GoGo-Acct-Output-Voice-Gigawords: [0]
2013-11-20 10:57:32,527: DEBUG: Acct-Input-Octets: [4808025]
2013-11-20 10:57:32,528: ERROR: Network error, Reason: 'Network error: Too many open files'
2013-11-20 10:57:42,528: DEBUG: 

2013-11-20 10:57:42,529: DEBUG: Creating Accounting Update Request with the following Attributes:
2013-11-20 10:57:42,530: DEBUG: User-Name: [u'username20@airborne.aircell.com']
2013-11-20 10:57:42,530: DEBUG: GoGo-Tail-Number: [u'AAATestNAS_93']
2013-11-20 10:57:42,530: DEBUG: Acct-Output-Octets: [4419246]
2013-11-20 10:57:42,531: DEBUG: NAS-IP-Address: ['10.254.98.1']
2013-11-20 10:57:42,531: DEBUG: GoGo-Total-Output-Gigawords: [0]
2013-11-20 10:57:42,531: DEBUG: Framed-IP-Address: ['10.254.98.182']
2013-11-20 10:57:42,532: DEBUG: GoGo-Total-Input-Voice-Gigawords: [0]
2013-11-20 10:57:42,532: DEBUG: GoGo-Total-Output-Octets: [4419246]
2013-11-20 10:57:42,532: DEBUG: GoGo-Acct-Input-Voice-Octets: [0]
2013-11-20 10:57:42,533: DEBUG: GoGo-Total-Input-Voice-Packets: [0]
2013-11-20 10:57:42,533: DEBUG: Called-Station-Id: [u'00:16:3E:05:8A:FE']
2013-11-20 10:57:42,533: DEBUG: WISPr-Location-Name: [u'TEST LLC,BA01_01009']
2013-11-20 10:57:42,534: DEBUG: NAS-Identifier: [u'C08386']
2013-11-20 10:57:42,534: DEBUG: Proxy-State: ['3330,3132']
2013-11-20 10:57:42,534: DEBUG: GoGo-Total-Input-Voice-Octets: [0]
2013-11-20 10:57:42,534: DEBUG: Acct-Status-Type: ['Interim-Update']
2013-11-20 10:57:42,535: DEBUG: GoGo-Total-Output-Voice-Gigawords: [0]
2013-11-20 10:57:42,535: DEBUG: GoGo-Airline: [u'BA01']
2013-11-20 10:57:42,535: DEBUG: Acct-Session-Id: [u'AAATestNAS_93-1384925232492-00163E058AFE-1']
2013-11-20 10:57:42,536: DEBUG: Acct-Session-Time: [10]
2013-11-20 10:57:42,536: DEBUG: Acct-Input-Packets: [44705]
2013-11-20 10:57:42,536: DEBUG: Acct-Output-Packets: [24665]
2013-11-20 10:57:42,536: DEBUG: GoGo-Acct-Output-Voice-Packets: [0]
2013-11-20 10:57:42,537: DEBUG: GoGo-Acct-Output-Voice-Octets: [0]
2013-11-20 10:57:42,537: DEBUG: Acct-Output-Gigawords: [0]
2013-11-20 10:57:42,537: DEBUG: GoGo-Total-Output-Voice-Packets: [0]
2013-11-20 10:57:42,538: DEBUG: Acct-Input-Gigawords: [0]
2013-11-20 10:57:42,538: DEBUG: Calling-Station-Id: [u'17:21:31:41:52:63']
2013-11-20 10:57:42,538: DEBUG: NAS-Port-Type: ['Wireless-802.11']
2013-11-20 10:57:42,538: DEBUG: GoGo-Total-Output-Voice-Octets: [0]
2013-11-20 10:57:42,539: DEBUG: GoGo-Private-IP-Address: ['192.168.1.179']
2013-11-20 10:57:42,539: DEBUG: GoGo-Acct-Input-Voice-Gigawords: [0]
2013-11-20 10:57:42,539: DEBUG: GoGo-Total-Input-Packets: [44705]
2013-11-20 10:57:42,539: DEBUG: GoGo-Total-Input-Gigawords: [0]
2013-11-20 10:57:42,540: DEBUG: GoGo-Acct-Input-Voice-Packets: [0]
2013-11-20 10:57:42,540: DEBUG: GoGo-Total-Input-Octets: [7715811]
2013-11-20 10:57:42,540: DEBUG: GoGo-Total-Output-Packets: [24665]
2013-11-20 10:57:42,540: DEBUG: WISPr-Location-ID: [u'airline=BA01,tail=01009,network=']
2013-11-20 10:57:42,541: DEBUG: GoGo-Acct-Output-Voice-Gigawords: [0]
2013-11-20 10:57:42,541: DEBUG: Acct-Input-Octets: [7715811]
2013-11-20 10:57:42,541: ERROR: Network error, Reason: 'Network error: Too many open files'
2013-11-20 10:57:52,542: DEBUG: 

2013-11-20 10:57:52,543: DEBUG: Creating Accounting Update Request with the following Attributes:
2013-11-20 10:57:52,543: DEBUG: User-Name: [u'username20@airborne.aircell.com']
2013-11-20 10:57:52,544: DEBUG: GoGo-Tail-Number: [u'AAATestNAS_93']
2013-11-20 10:57:52,544: DEBUG: Acct-Output-Octets: [8842912]
2013-11-20 10:57:52,544: DEBUG: NAS-IP-Address: ['10.254.98.1']
2013-11-20 10:57:52,544: DEBUG: GoGo-Total-Output-Gigawords: [0]
2013-11-20 10:57:52,545: DEBUG: Framed-IP-Address: ['10.254.98.182']
2013-11-20 10:57:52,545: DEBUG: GoGo-Total-Input-Voice-Gigawords: [0]
2013-11-20 10:57:52,545: DEBUG: GoGo-Total-Output-Octets: [8842912]
2013-11-20 10:57:52,545: DEBUG: GoGo-Acct-Input-Voice-Octets: [0]
2013-11-20 10:57:52,546: DEBUG: GoGo-Total-Input-Voice-Packets: [0]
2013-11-20 10:57:52,546: DEBUG: Called-Station-Id: [u'00:16:3E:05:8A:FE']
2013-11-20 10:57:52,546: DEBUG: WISPr-Location-Name: [u'TEST LLC,BA01_01009']
2013-11-20 10:57:52,547: DEBUG: NAS-Identifier: [u'C08386']
2013-11-20 10:57:52,547: DEBUG: Proxy-State: ['3330,3132']
2013-11-20 10:57:52,547: DEBUG: GoGo-Total-Input-Voice-Octets: [0]
2013-11-20 10:57:52,547: DEBUG: Acct-Status-Type: ['Interim-Update']
2013-11-20 10:57:52,548: DEBUG: GoGo-Total-Output-Voice-Gigawords: [0]
2013-11-20 10:57:52,548: DEBUG: GoGo-Airline: [u'BA01']
2013-11-20 10:57:52,549: DEBUG: Acct-Session-Id: [u'AAATestNAS_93-1384925232492-00163E058AFE-1']
2013-11-20 10:57:52,549: DEBUG: Acct-Session-Time: [10]
2013-11-20 10:57:52,549: DEBUG: Acct-Input-Packets: [18458]
2013-11-20 10:57:52,549: DEBUG: Acct-Output-Packets: [40374]
2013-11-20 10:57:52,550: DEBUG: GoGo-Acct-Output-Voice-Packets: [0]
2013-11-20 10:57:52,550: DEBUG: GoGo-Acct-Output-Voice-Octets: [0]
2013-11-20 10:57:52,550: DEBUG: Acct-Output-Gigawords: [0]
2013-11-20 10:57:52,550: DEBUG: GoGo-Total-Output-Voice-Packets: [0]
2013-11-20 10:57:52,551: DEBUG: Acct-Input-Gigawords: [0]
2013-11-20 10:57:52,551: DEBUG: Calling-Station-Id: [u'17:21:31:41:52:63']
2013-11-20 10:57:52,552: DEBUG: NAS-Port-Type: ['Wireless-802.11']
2013-11-20 10:57:52,552: DEBUG: GoGo-Total-Output-Voice-Octets: [0]
2013-11-20 10:57:52,552: DEBUG: GoGo-Private-IP-Address: ['192.168.1.179']
2013-11-20 10:57:52,552: DEBUG: GoGo-Acct-Input-Voice-Gigawords: [0]
2013-11-20 10:57:52,553: DEBUG: GoGo-Total-Input-Packets: [18458]
2013-11-20 10:57:52,553: DEBUG: GoGo-Total-Input-Gigawords: [0]
2013-11-20 10:57:52,553: DEBUG: GoGo-Acct-Input-Voice-Packets: [0]
2013-11-20 10:57:52,553: DEBUG: GoGo-Total-Input-Octets: [2587700]
2013-11-20 10:57:52,553: DEBUG: GoGo-Total-Output-Packets: [40374]
2013-11-20 10:57:52,554: DEBUG: WISPr-Location-ID: [u'airline=BA01,tail=01009,network=']
2013-11-20 10:57:52,554: DEBUG: GoGo-Acct-Output-Voice-Gigawords: [0]
2013-11-20 10:57:52,554: DEBUG: Acct-Input-Octets: [2587700]
2013-11-20 10:57:52,554: ERROR: Network error, Reason: 'Network error: Too many open files'
2013-11-20 10:58:02,556: DEBUG: 

2013-11-20 10:58:02,557: DEBUG: Creating Accounting Update Request with the following Attributes:
2013-11-20 10:58:02,558: DEBUG: User-Name: [u'username20@airborne.aircell.com']
2013-11-20 10:58:02,559: DEBUG: GoGo-Tail-Number: [u'AAATestNAS_93']
2013-11-20 10:58:02,560: DEBUG: Acct-Output-Octets: [6236043]
2013-11-20 10:58:02,561: DEBUG: NAS-IP-Address: ['10.254.98.1']
2013-11-20 10:58:02,562: DEBUG: GoGo-Total-Output-Gigawords: [0]
2013-11-20 10:58:02,562: DEBUG: Framed-IP-Address: ['10.254.98.182']
2013-11-20 10:58:02,563: DEBUG: GoGo-Total-Input-Voice-Gigawords: [0]
2013-11-20 10:58:02,564: DEBUG: GoGo-Total-Output-Octets: [6236043]
2013-11-20 10:58:02,564: DEBUG: GoGo-Acct-Input-Voice-Octets: [0]
2013-11-20 10:58:02,565: DEBUG: GoGo-Total-Input-Voice-Packets: [0]
2013-11-20 10:58:02,566: DEBUG: Called-Station-Id: [u'00:16:3E:05:8A:FE']
2013-11-20 10:58:02,566: DEBUG: WISPr-Location-Name: [u'TEST LLC,BA01_01009']
2013-11-20 10:58:02,567: DEBUG: NAS-Identifier: [u'C08386']
2013-11-20 10:58:02,567: DEBUG: Proxy-State: ['3330,3132']
2013-11-20 10:58:02,568: DEBUG: GoGo-Total-Input-Voice-Octets: [0]
2013-11-20 10:58:02,568: DEBUG: Acct-Status-Type: ['Interim-Update']
2013-11-20 10:58:02,569: DEBUG: GoGo-Total-Output-Voice-Gigawords: [0]
2013-11-20 10:58:02,569: DEBUG: GoGo-Airline: [u'BA01']
2013-11-20 10:58:02,569: DEBUG: Acct-Session-Id: [u'AAATestNAS_93-1384925232492-00163E058AFE-1']
2013-11-20 10:58:02,570: DEBUG: Acct-Session-Time: [10]
2013-11-20 10:58:02,570: DEBUG: Acct-Input-Packets: [29815]
2013-11-20 10:58:02,570: DEBUG: Acct-Output-Packets: [37691]
2013-11-20 10:58:02,571: DEBUG: GoGo-Acct-Output-Voice-Packets: [0]
2013-11-20 10:58:02,571: DEBUG: GoGo-Acct-Output-Voice-Octets: [0]
2013-11-20 10:58:02,571: DEBUG: Acct-Output-Gigawords: [0]
2013-11-20 10:58:02,572: DEBUG: GoGo-Total-Output-Voice-Packets: [0]
2013-11-20 10:58:02,572: DEBUG: Acct-Input-Gigawords: [0]
2013-11-20 10:58:02,572: DEBUG: Calling-Station-Id: [u'17:21:31:41:52:63']
2013-11-20 10:58:02,573: DEBUG: NAS-Port-Type: ['Wireless-802.11']
2013-11-20 10:58:02,573: DEBUG: GoGo-Total-Output-Voice-Octets: [0]
2013-11-20 10:58:02,574: DEBUG: GoGo-Private-IP-Address: ['192.168.1.179']
2013-11-20 10:58:02,574: DEBUG: GoGo-Acct-Input-Voice-Gigawords: [0]
2013-11-20 10:58:02,574: DEBUG: GoGo-Total-Input-Packets: [29815]
2013-11-20 10:58:02,575: DEBUG: GoGo-Total-Input-Gigawords: [0]
2013-11-20 10:58:02,575: DEBUG: GoGo-Acct-Input-Voice-Packets: [0]
2013-11-20 10:58:02,576: DEBUG: GoGo-Total-Input-Octets: [5118777]
2013-11-20 10:58:02,576: DEBUG: GoGo-Total-Output-Packets: [37691]
2013-11-20 10:58:02,576: DEBUG: WISPr-Location-ID: [u'airline=BA01,tail=01009,network=']
2013-11-20 10:58:02,577: DEBUG: GoGo-Acct-Output-Voice-Gigawords: [0]
2013-11-20 10:58:02,577: DEBUG: Acct-Input-Octets: [5118777]
2013-11-20 10:58:02,578: ERROR: Network error, Reason: 'Network error: nodename nor servname provided, or not known'
2013-11-20 10:58:11,579: DEBUG: 

2013-11-20 10:58:11,580: DEBUG: Creating Accounting Update Request with the following Attributes:
2013-11-20 10:58:11,581: DEBUG: User-Name: [u'username20@airborne.aircell.com']
2013-11-20 10:58:11,582: DEBUG: GoGo-Tail-Number: [u'AAATestNAS_93']
2013-11-20 10:58:11,582: DEBUG: Acct-Output-Octets: [9825593]
2013-11-20 10:58:11,583: DEBUG: NAS-IP-Address: ['10.254.98.1']
2013-11-20 10:58:11,585: DEBUG: GoGo-Total-Output-Gigawords: [0]
2013-11-20 10:58:11,586: DEBUG: Framed-IP-Address: ['10.254.98.182']
2013-11-20 10:58:11,587: DEBUG: GoGo-Total-Input-Voice-Gigawords: [0]
2013-11-20 10:58:11,588: DEBUG: GoGo-Total-Output-Octets: [9825593]
2013-11-20 10:58:11,588: DEBUG: GoGo-Acct-Input-Voice-Octets: [0]
2013-11-20 10:58:11,589: DEBUG: GoGo-Total-Input-Voice-Packets: [0]
2013-11-20 10:58:11,589: DEBUG: Called-Station-Id: [u'00:16:3E:05:8A:FE']
2013-11-20 10:58:11,590: DEBUG: WISPr-Location-Name: [u'TEST LLC,BA01_01009']
2013-11-20 10:58:11,591: DEBUG: NAS-Identifier: [u'C08386']
2013-11-20 10:58:11,592: DEBUG: Proxy-State: ['3330,3132']
2013-11-20 10:58:11,593: DEBUG: GoGo-Total-Input-Voice-Octets: [0]
2013-11-20 10:58:11,593: DEBUG: Acct-Status-Type: ['Interim-Update']
2013-11-20 10:58:11,594: DEBUG: GoGo-Total-Output-Voice-Gigawords: [0]
2013-11-20 10:58:11,595: DEBUG: GoGo-Airline: [u'BA01']
2013-11-20 10:58:11,595: DEBUG: Acct-Session-Id: [u'AAATestNAS_93-1384925232492-00163E058AFE-1']
2013-11-20 10:58:11,597: DEBUG: Acct-Session-Time: [9]
2013-11-20 10:58:11,598: DEBUG: Acct-Input-Packets: [41468]
2013-11-20 10:58:11,598: DEBUG: Acct-Output-Packets: [34605]
2013-11-20 10:58:11,599: DEBUG: GoGo-Acct-Output-Voice-Packets: [0]
2013-11-20 10:58:11,601: DEBUG: GoGo-Acct-Output-Voice-Octets: [0]
2013-11-20 10:58:11,603: DEBUG: Acct-Output-Gigawords: [0]
2013-11-20 10:58:11,605: DEBUG: GoGo-Total-Output-Voice-Packets: [0]
2013-11-20 10:58:11,605: DEBUG: Acct-Input-Gigawords: [0]
2013-11-20 10:58:11,606: DEBUG: Calling-Station-Id: [u'17:21:31:41:52:63']
2013-11-20 10:58:11,607: DEBUG: NAS-Port-Type: ['Wireless-802.11']
2013-11-20 10:58:11,607: DEBUG: GoGo-Total-Output-Voice-Octets: [0]
2013-11-20 10:58:11,608: DEBUG: GoGo-Private-IP-Address: ['192.168.1.179']
2013-11-20 10:58:11,608: DEBUG: GoGo-Acct-Input-Voice-Gigawords: [0]
2013-11-20 10:58:11,609: DEBUG: GoGo-Total-Input-Packets: [41468]
2013-11-20 10:58:11,609: DEBUG: GoGo-Total-Input-Gigawords: [0]
2013-11-20 10:58:11,610: DEBUG: GoGo-Acct-Input-Voice-Packets: [0]
2013-11-20 10:58:11,610: DEBUG: GoGo-Total-Input-Octets: [6128098]
2013-11-20 10:58:11,611: DEBUG: GoGo-Total-Output-Packets: [34605]
2013-11-20 10:58:11,611: DEBUG: WISPr-Location-ID: [u'airline=BA01,tail=01009,network=']
2013-11-20 10:58:11,611: DEBUG: GoGo-Acct-Output-Voice-Gigawords: [0]
2013-11-20 10:58:11,613: DEBUG: Acct-Input-Octets: [6128098]
2013-11-20 10:58:11,616: DEBUG: 

2013-11-20 10:58:11,617: DEBUG: Received response with following attributes:
2013-11-20 10:58:37,617: DEBUG: 

2013-11-20 10:58:37,618: DEBUG: Creating Accounting Stop Request with the following Attributes:
2013-11-20 10:58:37,618: DEBUG: User-Name: [u'username20@airborne.aircell.com']
2013-11-20 10:58:37,618: DEBUG: GoGo-Tail-Number: [u'01009']
2013-11-20 10:58:37,618: DEBUG: Acct-Output-Octets: [3113252]
2013-11-20 10:58:37,618: DEBUG: NAS-IP-Address: ['10.254.98.1']
2013-11-20 10:58:37,618: DEBUG: GoGo-Total-Output-Gigawords: [0]
2013-11-20 10:58:37,618: DEBUG: Framed-IP-Address: ['10.254.98.182']
2013-11-20 10:58:37,619: DEBUG: GoGo-Total-Input-Voice-Gigawords: [0]
2013-11-20 10:58:37,619: DEBUG: GoGo-Total-Output-Octets: [3113252]
2013-11-20 10:58:37,619: DEBUG: GoGo-Acct-Input-Voice-Octets: [0]
2013-11-20 10:58:37,619: DEBUG: GoGo-Total-Input-Voice-Packets: [0]
2013-11-20 10:58:37,619: DEBUG: Called-Station-Id: [u'00:16:3E:05:8A:FE']
2013-11-20 10:58:37,619: DEBUG: WISPr-Location-Name: [u'TEST LLC,BA01_01009']
2013-11-20 10:58:37,619: DEBUG: NAS-Identifier: [u'C08386']
2013-11-20 10:58:37,619: DEBUG: Proxy-State: ['3330,3132']
2013-11-20 10:58:37,619: DEBUG: GoGo-Total-Input-Voice-Octets: [0]
2013-11-20 10:58:37,620: DEBUG: Acct-Status-Type: ['Stop']
2013-11-20 10:58:37,620: DEBUG: GoGo-Total-Output-Voice-Gigawords: [0]
2013-11-20 10:58:37,620: DEBUG: GoGo-Airline: [u'BA01']
2013-11-20 10:58:37,620: DEBUG: Acct-Session-Id: [u'AAATestNAS_93-1384925232492-00163E058AFE-1']
2013-11-20 10:58:37,620: DEBUG: Acct-Session-Time: [26]
2013-11-20 10:58:37,620: DEBUG: Acct-Input-Packets: [80815]
2013-11-20 10:58:37,620: DEBUG: Acct-Output-Packets: [21169]
2013-11-20 10:58:37,620: DEBUG: Acct-Terminate-Cause: ['User-Request']
2013-11-20 10:58:37,620: DEBUG: GoGo-Acct-Output-Voice-Octets: [0]
2013-11-20 10:58:37,620: DEBUG: Acct-Output-Gigawords: [0]
2013-11-20 10:58:37,621: DEBUG: GoGo-Total-Output-Voice-Packets: [0]
2013-11-20 10:58:37,621: DEBUG: Acct-Input-Gigawords: [0]
2013-11-20 10:58:37,621: DEBUG: Calling-Station-Id: [u'17:21:31:41:52:63']
2013-11-20 10:58:37,621: DEBUG: NAS-Port-Type: ['Wireless-802.11']
2013-11-20 10:58:37,621: DEBUG: GoGo-Total-Output-Voice-Octets: [0]
2013-11-20 10:58:37,621: DEBUG: GoGo-Private-IP-Address: ['192.168.1.179']
2013-11-20 10:58:37,621: DEBUG: GoGo-Acct-Input-Voice-Gigawords: [0]
2013-11-20 10:58:37,621: DEBUG: GoGo-Total-Input-Packets: [80815]
2013-11-20 10:58:37,621: DEBUG: GoGo-Total-Input-Gigawords: [0]
2013-11-20 10:58:37,622: DEBUG: GoGo-Acct-Input-Voice-Packets: [0]
2013-11-20 10:58:37,622: DEBUG: GoGo-Total-Input-Octets: [9229727]
2013-11-20 10:58:37,622: DEBUG: GoGo-Total-Output-Packets: [21169]
2013-11-20 10:58:37,622: DEBUG: WISPr-Location-ID: [u'airline=BA01,tail=01009,network=']
2013-11-20 10:58:37,622: DEBUG: GoGo-Acct-Output-Voice-Packets: [0]
2013-11-20 10:58:37,622: DEBUG: GoGo-Acct-Output-Voice-Gigawords: [0]
2013-11-20 10:58:37,622: DEBUG: Acct-Input-Octets: [9229727]
2013-11-20 10:58:37,622: ERROR: Network error, Reason: 'Network error: Too many open files'
2013-11-20 10:58:37,622: ERROR: Ending the test for this user
2013-11-20 10:58:37,623: DEBUG: Ending the test for this user
