2013-11-20 10:55:41,970: DEBUG: Starting the client for the user username83@airborne.aircell.com to the server localhost

2013-11-20 10:55:41,970: DEBUG: DURATION of the TEST: 96
2013-11-20 10:55:41,970: DEBUG: NAS-IP: 10.254.209.1
2013-11-20 10:55:41,970: DEBUG: NAS-MAC-ADDR: 18:21:31:41:52:85
2013-11-20 10:55:41,970: DEBUG: Abruptly End: False
2013-11-20 10:55:41,970: DEBUG: Framed-IP: 10.254.209.55
2013-11-20 10:55:41,970: DEBUG: User-MAC-Addr: 00:16:3E:51:00:7E
2013-11-20 10:55:41,971: DEBUG: 

2013-11-20 10:55:41,971: DEBUG: Creating Authentication Request with the following Attributes:
2013-11-20 10:55:41,971: DEBUG: NAS-Identifier: [u'C08386']
2013-11-20 10:55:41,971: DEBUG: User-Name: [u'username83@airborne.aircell.com']
2013-11-20 10:55:41,971: DEBUG: NAS-IP-Address: ['10.254.209.1']
2013-11-20 10:55:41,971: DEBUG: Service-Type: ['Authenticate-Only']
2013-11-20 10:55:41,971: DEBUG: Proxy-State: ['3237,3134']
2013-11-20 10:55:41,971: DEBUG: Framed-IP-Address: ['10.254.209.55']
2013-11-20 10:55:41,972: DEBUG: GoGo-Airline: [u'BA01']
2013-11-20 10:55:41,972: DEBUG: Acct-Session-Id: [u'AAATestNAS_204-1384925141971-00163E51007E-1']
2013-11-20 10:55:41,972: DEBUG: GoGo-Tail-Number: [u'AAATestNAS_204']
2013-11-20 10:55:41,972: DEBUG: GoGo-Private-IP-Address: ['192.168.1.179']
2013-11-20 10:55:41,972: DEBUG: WISPr-Location-ID: [u'airline=BA01,tail=01009,network=']
2013-11-20 10:55:41,972: DEBUG: WISPr-Location-Name: [u'TEST LLC,BA01_01009']
2013-11-20 10:55:41,972: DEBUG: NAS-Port-Type: ['Wireless-802.11']
2013-11-20 10:55:41,972: DEBUG: Called-Station-Id: [u'00:16:3E:51:00:7E']
2013-11-20 10:55:41,972: DEBUG: Calling-Station-Id: [u'18:21:31:41:52:85']
2013-11-20 10:55:41,973: DEBUG: 

2013-11-20 10:55:41,973: DEBUG: Received response with code: 2, Accepted
2013-11-20 10:55:41,974: DEBUG: Creating Authentication Request with the following Attributes:
2013-11-20 10:55:41,974: DEBUG: NAS-Identifier: [u'C08386']
2013-11-20 10:55:41,974: DEBUG: User-Name: [u'username83@airborne.aircell.com']
2013-11-20 10:55:41,974: DEBUG: NAS-IP-Address: ['10.254.209.1']
2013-11-20 10:55:41,974: DEBUG: Service-Type: ['Login-User']
2013-11-20 10:55:41,974: DEBUG: Proxy-State: ['3237,3134']
2013-11-20 10:55:41,974: DEBUG: Framed-IP-Address: ['10.254.209.55']
2013-11-20 10:55:41,974: DEBUG: GoGo-Airline: [u'BA01']
2013-11-20 10:55:41,974: DEBUG: Acct-Session-Id: [u'AAATestNAS_204-1384925141973-00163E51007E-1']
2013-11-20 10:55:41,974: DEBUG: GoGo-Tail-Number: [u'AAATestNAS_204']
2013-11-20 10:55:41,974: DEBUG: GoGo-Private-IP-Address: ['192.168.1.179']
2013-11-20 10:55:41,974: DEBUG: WISPr-Location-ID: [u'airline=BA01,tail=01009,network=']
2013-11-20 10:55:41,975: DEBUG: WISPr-Location-Name: [u'TEST LLC,BA01_01009']
2013-11-20 10:55:41,975: DEBUG: NAS-Port-Type: ['Wireless-802.11']
2013-11-20 10:55:41,975: DEBUG: Called-Station-Id: [u'00:16:3E:51:00:7E']
2013-11-20 10:55:41,975: DEBUG: Calling-Station-Id: [u'18:21:31:41:52:85']
2013-11-20 10:55:41,976: DEBUG: 

2013-11-20 10:55:41,976: DEBUG: Received response with code: 2, Accepted
2013-11-20 10:55:41,976: DEBUG: 

2013-11-20 10:55:41,976: DEBUG: Creating Accounting start Request with the following Attributes:
2013-11-20 10:55:41,976: DEBUG: NAS-Identifier: [u'C08386']
2013-11-20 10:55:41,976: DEBUG: User-Name: [u'username83@airborne.aircell.com']
2013-11-20 10:55:41,976: DEBUG: GoGo-Tail-Number: [u'AAATestNAS_204']
2013-11-20 10:55:41,976: DEBUG: NAS-IP-Address: ['10.254.209.1']
2013-11-20 10:55:41,976: DEBUG: Proxy-State: ['3239,3131']
2013-11-20 10:55:41,977: DEBUG: Acct-Status-Type: ['Start']
2013-11-20 10:55:41,977: DEBUG: GoGo-Airline: [u'BA01']
2013-11-20 10:55:41,977: DEBUG: Acct-Session-Id: [u'AAATestNAS_204-1384925141973-00163E51007E-1']
2013-11-20 10:55:41,977: DEBUG: GoGo-Private-IP-Address: ['192.168.1.179']
2013-11-20 10:55:41,977: DEBUG: Framed-IP-Address: ['10.254.209.55']
2013-11-20 10:55:41,977: DEBUG: WISPr-Location-ID: [u'airline=BA01,tail=01009,network=']
2013-11-20 10:55:41,977: DEBUG: WISPr-Location-Name: [u'TEST LLC,BA01_01009']
2013-11-20 10:55:41,977: DEBUG: NAS-Port-Type: ['Wireless-802.11']
2013-11-20 10:55:41,977: DEBUG: Called-Station-Id: [u'00:16:3E:51:00:7E']
2013-11-20 10:55:41,977: DEBUG: Calling-Station-Id: [u'18:21:31:41:52:85']
2013-11-20 10:55:41,978: DEBUG: 

2013-11-20 10:55:41,978: DEBUG: Received response with following attributes:
2013-11-20 10:55:51,979: DEBUG: 

2013-11-20 10:55:51,980: DEBUG: Creating Accounting Update Request with the following Attributes:
2013-11-20 10:55:51,980: DEBUG: User-Name: [u'username83@airborne.aircell.com']
2013-11-20 10:55:51,980: DEBUG: GoGo-Tail-Number: [u'AAATestNAS_204']
2013-11-20 10:55:51,980: DEBUG: Acct-Output-Octets: [1215874]
2013-11-20 10:55:51,980: DEBUG: NAS-IP-Address: ['10.254.209.1']
2013-11-20 10:55:51,980: DEBUG: GoGo-Total-Output-Gigawords: [0]
2013-11-20 10:55:51,980: DEBUG: Framed-IP-Address: ['10.254.209.55']
2013-11-20 10:55:51,980: DEBUG: GoGo-Total-Input-Voice-Gigawords: [0]
2013-11-20 10:55:51,980: DEBUG: GoGo-Total-Output-Octets: [1215874]
2013-11-20 10:55:51,981: DEBUG: GoGo-Acct-Input-Voice-Octets: [0]
2013-11-20 10:55:51,981: DEBUG: GoGo-Total-Input-Voice-Packets: [0]
2013-11-20 10:55:51,981: DEBUG: Called-Station-Id: [u'00:16:3E:51:00:7E']
2013-11-20 10:55:51,981: DEBUG: WISPr-Location-Name: [u'TEST LLC,BA01_01009']
2013-11-20 10:55:51,981: DEBUG: NAS-Identifier: [u'C08386']
2013-11-20 10:55:51,981: DEBUG: Proxy-State: ['3330,3132']
2013-11-20 10:55:51,981: DEBUG: GoGo-Total-Input-Voice-Octets: [0]
2013-11-20 10:55:51,981: DEBUG: Acct-Status-Type: ['Interim-Update']
2013-11-20 10:55:51,981: DEBUG: GoGo-Total-Output-Voice-Gigawords: [0]
2013-11-20 10:55:51,981: DEBUG: GoGo-Airline: [u'BA01']
2013-11-20 10:55:51,981: DEBUG: Acct-Session-Id: [u'AAATestNAS_204-1384925141973-00163E51007E-1']
2013-11-20 10:55:51,981: DEBUG: Acct-Session-Time: [10]
2013-11-20 10:55:51,981: DEBUG: Acct-Input-Packets: [20230]
2013-11-20 10:55:51,981: DEBUG: Acct-Output-Packets: [8023]
2013-11-20 10:55:51,981: DEBUG: GoGo-Acct-Output-Voice-Packets: [0]
2013-11-20 10:55:51,981: DEBUG: GoGo-Acct-Output-Voice-Octets: [0]
2013-11-20 10:55:51,982: DEBUG: Acct-Output-Gigawords: [0]
2013-11-20 10:55:51,982: DEBUG: GoGo-Total-Output-Voice-Packets: [0]
2013-11-20 10:55:51,982: DEBUG: Acct-Input-Gigawords: [0]
2013-11-20 10:55:51,982: DEBUG: Calling-Station-Id: [u'18:21:31:41:52:85']
2013-11-20 10:55:51,982: DEBUG: NAS-Port-Type: ['Wireless-802.11']
2013-11-20 10:55:51,982: DEBUG: GoGo-Total-Output-Voice-Octets: [0]
2013-11-20 10:55:51,982: DEBUG: GoGo-Private-IP-Address: ['192.168.1.179']
2013-11-20 10:55:51,982: DEBUG: GoGo-Acct-Input-Voice-Gigawords: [0]
2013-11-20 10:55:51,982: DEBUG: GoGo-Total-Input-Packets: [20230]
2013-11-20 10:55:51,982: DEBUG: GoGo-Total-Input-Gigawords: [0]
2013-11-20 10:55:51,982: DEBUG: GoGo-Acct-Input-Voice-Packets: [0]
2013-11-20 10:55:51,982: DEBUG: GoGo-Total-Input-Octets: [9017212]
2013-11-20 10:55:51,982: DEBUG: GoGo-Total-Output-Packets: [8023]
2013-11-20 10:55:51,982: DEBUG: WISPr-Location-ID: [u'airline=BA01,tail=01009,network=']
2013-11-20 10:55:51,983: DEBUG: GoGo-Acct-Output-Voice-Gigawords: [0]
2013-11-20 10:55:51,983: DEBUG: Acct-Input-Octets: [9017212]
2013-11-20 10:55:51,984: DEBUG: 

2013-11-20 10:55:51,984: DEBUG: Received response with following attributes:
2013-11-20 10:56:01,984: DEBUG: 

2013-11-20 10:56:01,985: DEBUG: Creating Accounting Update Request with the following Attributes:
2013-11-20 10:56:01,985: DEBUG: User-Name: [u'username83@airborne.aircell.com']
2013-11-20 10:56:01,985: DEBUG: GoGo-Tail-Number: [u'AAATestNAS_204']
2013-11-20 10:56:01,986: DEBUG: Acct-Output-Octets: [9093441]
2013-11-20 10:56:01,986: DEBUG: NAS-IP-Address: ['10.254.209.1']
2013-11-20 10:56:01,986: DEBUG: GoGo-Total-Output-Gigawords: [0]
2013-11-20 10:56:01,986: DEBUG: Framed-IP-Address: ['10.254.209.55']
2013-11-20 10:56:01,986: DEBUG: GoGo-Total-Input-Voice-Gigawords: [0]
2013-11-20 10:56:01,986: DEBUG: GoGo-Total-Output-Octets: [9093441]
2013-11-20 10:56:01,986: DEBUG: GoGo-Acct-Input-Voice-Octets: [0]
2013-11-20 10:56:01,987: DEBUG: GoGo-Total-Input-Voice-Packets: [0]
2013-11-20 10:56:01,987: DEBUG: Called-Station-Id: [u'00:16:3E:51:00:7E']
2013-11-20 10:56:01,987: DEBUG: WISPr-Location-Name: [u'TEST LLC,BA01_01009']
2013-11-20 10:56:01,987: DEBUG: NAS-Identifier: [u'C08386']
2013-11-20 10:56:01,987: DEBUG: Proxy-State: ['3330,3132']
2013-11-20 10:56:01,987: DEBUG: GoGo-Total-Input-Voice-Octets: [0]
2013-11-20 10:56:01,987: DEBUG: Acct-Status-Type: ['Interim-Update']
2013-11-20 10:56:01,987: DEBUG: GoGo-Total-Output-Voice-Gigawords: [0]
2013-11-20 10:56:01,988: DEBUG: GoGo-Airline: [u'BA01']
2013-11-20 10:56:01,988: DEBUG: Acct-Session-Id: [u'AAATestNAS_204-1384925141973-00163E51007E-1']
2013-11-20 10:56:01,988: DEBUG: Acct-Session-Time: [10]
2013-11-20 10:56:01,988: DEBUG: Acct-Input-Packets: [17407]
2013-11-20 10:56:01,988: DEBUG: Acct-Output-Packets: [13399]
2013-11-20 10:56:01,988: DEBUG: GoGo-Acct-Output-Voice-Packets: [0]
2013-11-20 10:56:01,988: DEBUG: GoGo-Acct-Output-Voice-Octets: [0]
2013-11-20 10:56:01,988: DEBUG: Acct-Output-Gigawords: [0]
2013-11-20 10:56:01,989: DEBUG: GoGo-Total-Output-Voice-Packets: [0]
2013-11-20 10:56:01,989: DEBUG: Acct-Input-Gigawords: [0]
2013-11-20 10:56:01,989: DEBUG: Calling-Station-Id: [u'18:21:31:41:52:85']
2013-11-20 10:56:01,989: DEBUG: NAS-Port-Type: ['Wireless-802.11']
2013-11-20 10:56:01,989: DEBUG: GoGo-Total-Output-Voice-Octets: [0]
2013-11-20 10:56:01,989: DEBUG: GoGo-Private-IP-Address: ['192.168.1.179']
2013-11-20 10:56:01,989: DEBUG: GoGo-Acct-Input-Voice-Gigawords: [0]
2013-11-20 10:56:01,990: DEBUG: GoGo-Total-Input-Packets: [17407]
2013-11-20 10:56:01,990: DEBUG: GoGo-Total-Input-Gigawords: [0]
2013-11-20 10:56:01,990: DEBUG: GoGo-Acct-Input-Voice-Packets: [0]
2013-11-20 10:56:01,990: DEBUG: GoGo-Total-Input-Octets: [3838339]
2013-11-20 10:56:01,990: DEBUG: GoGo-Total-Output-Packets: [13399]
2013-11-20 10:56:01,990: DEBUG: WISPr-Location-ID: [u'airline=BA01,tail=01009,network=']
2013-11-20 10:56:01,990: DEBUG: GoGo-Acct-Output-Voice-Gigawords: [0]
2013-11-20 10:56:01,990: DEBUG: Acct-Input-Octets: [3838339]
2013-11-20 10:56:01,992: DEBUG: 

2013-11-20 10:56:01,992: DEBUG: Received response with following attributes:
2013-11-20 10:56:11,993: DEBUG: 

2013-11-20 10:56:11,994: DEBUG: Creating Accounting Update Request with the following Attributes:
2013-11-20 10:56:11,995: DEBUG: User-Name: [u'username83@airborne.aircell.com']
2013-11-20 10:56:11,995: DEBUG: GoGo-Tail-Number: [u'AAATestNAS_204']
2013-11-20 10:56:11,995: DEBUG: Acct-Output-Octets: [3856841]
2013-11-20 10:56:11,995: DEBUG: NAS-IP-Address: ['10.254.209.1']
2013-11-20 10:56:11,995: DEBUG: GoGo-Total-Output-Gigawords: [0]
2013-11-20 10:56:11,996: DEBUG: Framed-IP-Address: ['10.254.209.55']
2013-11-20 10:56:11,996: DEBUG: GoGo-Total-Input-Voice-Gigawords: [0]
2013-11-20 10:56:11,996: DEBUG: GoGo-Total-Output-Octets: [3856841]
2013-11-20 10:56:11,996: DEBUG: GoGo-Acct-Input-Voice-Octets: [0]
2013-11-20 10:56:11,996: DEBUG: GoGo-Total-Input-Voice-Packets: [0]
2013-11-20 10:56:11,996: DEBUG: Called-Station-Id: [u'00:16:3E:51:00:7E']
2013-11-20 10:56:11,996: DEBUG: WISPr-Location-Name: [u'TEST LLC,BA01_01009']
2013-11-20 10:56:11,997: DEBUG: NAS-Identifier: [u'C08386']
2013-11-20 10:56:11,997: DEBUG: Proxy-State: ['3330,3132']
2013-11-20 10:56:11,997: DEBUG: GoGo-Total-Input-Voice-Octets: [0]
2013-11-20 10:56:11,997: DEBUG: Acct-Status-Type: ['Interim-Update']
2013-11-20 10:56:11,997: DEBUG: GoGo-Total-Output-Voice-Gigawords: [0]
2013-11-20 10:56:11,997: DEBUG: GoGo-Airline: [u'BA01']
2013-11-20 10:56:11,997: DEBUG: Acct-Session-Id: [u'AAATestNAS_204-1384925141973-00163E51007E-1']
2013-11-20 10:56:11,998: DEBUG: Acct-Session-Time: [10]
2013-11-20 10:56:11,998: DEBUG: Acct-Input-Packets: [88273]
2013-11-20 10:56:11,998: DEBUG: Acct-Output-Packets: [13591]
2013-11-20 10:56:11,998: DEBUG: GoGo-Acct-Output-Voice-Packets: [0]
2013-11-20 10:56:11,998: DEBUG: GoGo-Acct-Output-Voice-Octets: [0]
2013-11-20 10:56:11,998: DEBUG: Acct-Output-Gigawords: [0]
2013-11-20 10:56:11,998: DEBUG: GoGo-Total-Output-Voice-Packets: [0]
2013-11-20 10:56:11,998: DEBUG: Acct-Input-Gigawords: [0]
2013-11-20 10:56:11,999: DEBUG: Calling-Station-Id: [u'18:21:31:41:52:85']
2013-11-20 10:56:11,999: DEBUG: NAS-Port-Type: ['Wireless-802.11']
2013-11-20 10:56:11,999: DEBUG: GoGo-Total-Output-Voice-Octets: [0]
2013-11-20 10:56:11,999: DEBUG: GoGo-Private-IP-Address: ['192.168.1.179']
2013-11-20 10:56:11,999: DEBUG: GoGo-Acct-Input-Voice-Gigawords: [0]
2013-11-20 10:56:11,999: DEBUG: GoGo-Total-Input-Packets: [88273]
2013-11-20 10:56:11,999: DEBUG: GoGo-Total-Input-Gigawords: [0]
2013-11-20 10:56:12,000: DEBUG: GoGo-Acct-Input-Voice-Packets: [0]
2013-11-20 10:56:12,000: DEBUG: GoGo-Total-Input-Octets: [9045670]
2013-11-20 10:56:12,000: DEBUG: GoGo-Total-Output-Packets: [13591]
2013-11-20 10:56:12,000: DEBUG: WISPr-Location-ID: [u'airline=BA01,tail=01009,network=']
2013-11-20 10:56:12,000: DEBUG: GoGo-Acct-Output-Voice-Gigawords: [0]
2013-11-20 10:56:12,000: DEBUG: Acct-Input-Octets: [9045670]
2013-11-20 10:56:12,002: DEBUG: 

2013-11-20 10:56:12,002: DEBUG: Received response with following attributes:
2013-11-20 10:56:22,003: DEBUG: 

2013-11-20 10:56:22,003: DEBUG: Creating Accounting Update Request with the following Attributes:
2013-11-20 10:56:22,003: DEBUG: User-Name: [u'username83@airborne.aircell.com']
2013-11-20 10:56:22,003: DEBUG: GoGo-Tail-Number: [u'AAATestNAS_204']
2013-11-20 10:56:22,003: DEBUG: Acct-Output-Octets: [4936105]
2013-11-20 10:56:22,004: DEBUG: NAS-IP-Address: ['10.254.209.1']
2013-11-20 10:56:22,004: DEBUG: GoGo-Total-Output-Gigawords: [0]
2013-11-20 10:56:22,004: DEBUG: Framed-IP-Address: ['10.254.209.55']
2013-11-20 10:56:22,004: DEBUG: GoGo-Total-Input-Voice-Gigawords: [0]
2013-11-20 10:56:22,004: DEBUG: GoGo-Total-Output-Octets: [4936105]
2013-11-20 10:56:22,004: DEBUG: GoGo-Acct-Input-Voice-Octets: [0]
2013-11-20 10:56:22,004: DEBUG: GoGo-Total-Input-Voice-Packets: [0]
2013-11-20 10:56:22,004: DEBUG: Called-Station-Id: [u'00:16:3E:51:00:7E']
2013-11-20 10:56:22,004: DEBUG: WISPr-Location-Name: [u'TEST LLC,BA01_01009']
2013-11-20 10:56:22,004: DEBUG: NAS-Identifier: [u'C08386']
2013-11-20 10:56:22,004: DEBUG: Proxy-State: ['3330,3132']
2013-11-20 10:56:22,004: DEBUG: GoGo-Total-Input-Voice-Octets: [0]
2013-11-20 10:56:22,004: DEBUG: Acct-Status-Type: ['Interim-Update']
2013-11-20 10:56:22,004: DEBUG: GoGo-Total-Output-Voice-Gigawords: [0]
2013-11-20 10:56:22,005: DEBUG: GoGo-Airline: [u'BA01']
2013-11-20 10:56:22,005: DEBUG: Acct-Session-Id: [u'AAATestNAS_204-1384925141973-00163E51007E-1']
2013-11-20 10:56:22,005: DEBUG: Acct-Session-Time: [10]
2013-11-20 10:56:22,005: DEBUG: Acct-Input-Packets: [9357]
2013-11-20 10:56:22,005: DEBUG: Acct-Output-Packets: [39403]
2013-11-20 10:56:22,005: DEBUG: GoGo-Acct-Output-Voice-Packets: [0]
2013-11-20 10:56:22,005: DEBUG: GoGo-Acct-Output-Voice-Octets: [0]
2013-11-20 10:56:22,005: DEBUG: Acct-Output-Gigawords: [0]
2013-11-20 10:56:22,005: DEBUG: GoGo-Total-Output-Voice-Packets: [0]
2013-11-20 10:56:22,005: DEBUG: Acct-Input-Gigawords: [0]
2013-11-20 10:56:22,005: DEBUG: Calling-Station-Id: [u'18:21:31:41:52:85']
2013-11-20 10:56:22,005: DEBUG: NAS-Port-Type: ['Wireless-802.11']
2013-11-20 10:56:22,005: DEBUG: GoGo-Total-Output-Voice-Octets: [0]
2013-11-20 10:56:22,005: DEBUG: GoGo-Private-IP-Address: ['192.168.1.179']
2013-11-20 10:56:22,006: DEBUG: GoGo-Acct-Input-Voice-Gigawords: [0]
2013-11-20 10:56:22,006: DEBUG: GoGo-Total-Input-Packets: [9357]
2013-11-20 10:56:22,006: DEBUG: GoGo-Total-Input-Gigawords: [0]
2013-11-20 10:56:22,006: DEBUG: GoGo-Acct-Input-Voice-Packets: [0]
2013-11-20 10:56:22,006: DEBUG: GoGo-Total-Input-Octets: [1302522]
2013-11-20 10:56:22,006: DEBUG: GoGo-Total-Output-Packets: [39403]
2013-11-20 10:56:22,006: DEBUG: WISPr-Location-ID: [u'airline=BA01,tail=01009,network=']
2013-11-20 10:56:22,006: DEBUG: GoGo-Acct-Output-Voice-Gigawords: [0]
2013-11-20 10:56:22,006: DEBUG: Acct-Input-Octets: [1302522]
2013-11-20 10:56:22,008: DEBUG: 

2013-11-20 10:56:22,008: DEBUG: Received response with following attributes:
2013-11-20 10:56:32,009: DEBUG: 

2013-11-20 10:56:32,009: DEBUG: Creating Accounting Update Request with the following Attributes:
2013-11-20 10:56:32,009: DEBUG: User-Name: [u'username83@airborne.aircell.com']
2013-11-20 10:56:32,010: DEBUG: GoGo-Tail-Number: [u'AAATestNAS_204']
2013-11-20 10:56:32,010: DEBUG: Acct-Output-Octets: [2517785]
2013-11-20 10:56:32,010: DEBUG: NAS-IP-Address: ['10.254.209.1']
2013-11-20 10:56:32,010: DEBUG: GoGo-Total-Output-Gigawords: [0]
2013-11-20 10:56:32,010: DEBUG: Framed-IP-Address: ['10.254.209.55']
2013-11-20 10:56:32,010: DEBUG: GoGo-Total-Input-Voice-Gigawords: [0]
2013-11-20 10:56:32,010: DEBUG: GoGo-Total-Output-Octets: [2517785]
2013-11-20 10:56:32,010: DEBUG: GoGo-Acct-Input-Voice-Octets: [0]
2013-11-20 10:56:32,010: DEBUG: GoGo-Total-Input-Voice-Packets: [0]
2013-11-20 10:56:32,010: DEBUG: Called-Station-Id: [u'00:16:3E:51:00:7E']
2013-11-20 10:56:32,010: DEBUG: WISPr-Location-Name: [u'TEST LLC,BA01_01009']
2013-11-20 10:56:32,010: DEBUG: NAS-Identifier: [u'C08386']
2013-11-20 10:56:32,010: DEBUG: Proxy-State: ['3330,3132']
2013-11-20 10:56:32,011: DEBUG: GoGo-Total-Input-Voice-Octets: [0]
2013-11-20 10:56:32,011: DEBUG: Acct-Status-Type: ['Interim-Update']
2013-11-20 10:56:32,011: DEBUG: GoGo-Total-Output-Voice-Gigawords: [0]
2013-11-20 10:56:32,011: DEBUG: GoGo-Airline: [u'BA01']
2013-11-20 10:56:32,011: DEBUG: Acct-Session-Id: [u'AAATestNAS_204-1384925141973-00163E51007E-1']
2013-11-20 10:56:32,011: DEBUG: Acct-Session-Time: [10]
2013-11-20 10:56:32,011: DEBUG: Acct-Input-Packets: [13248]
2013-11-20 10:56:32,011: DEBUG: Acct-Output-Packets: [21198]
2013-11-20 10:56:32,011: DEBUG: GoGo-Acct-Output-Voice-Packets: [0]
2013-11-20 10:56:32,011: DEBUG: GoGo-Acct-Output-Voice-Octets: [0]
2013-11-20 10:56:32,011: DEBUG: Acct-Output-Gigawords: [0]
2013-11-20 10:56:32,011: DEBUG: GoGo-Total-Output-Voice-Packets: [0]
2013-11-20 10:56:32,011: DEBUG: Acct-Input-Gigawords: [0]
2013-11-20 10:56:32,012: DEBUG: Calling-Station-Id: [u'18:21:31:41:52:85']
2013-11-20 10:56:32,012: DEBUG: NAS-Port-Type: ['Wireless-802.11']
2013-11-20 10:56:32,012: DEBUG: GoGo-Total-Output-Voice-Octets: [0]
2013-11-20 10:56:32,012: DEBUG: GoGo-Private-IP-Address: ['192.168.1.179']
2013-11-20 10:56:32,012: DEBUG: GoGo-Acct-Input-Voice-Gigawords: [0]
2013-11-20 10:56:32,012: DEBUG: GoGo-Total-Input-Packets: [13248]
2013-11-20 10:56:32,012: DEBUG: GoGo-Total-Input-Gigawords: [0]
2013-11-20 10:56:32,012: DEBUG: GoGo-Acct-Input-Voice-Packets: [0]
2013-11-20 10:56:32,012: DEBUG: GoGo-Total-Input-Octets: [8531238]
2013-11-20 10:56:32,012: DEBUG: GoGo-Total-Output-Packets: [21198]
2013-11-20 10:56:32,012: DEBUG: WISPr-Location-ID: [u'airline=BA01,tail=01009,network=']
2013-11-20 10:56:32,012: DEBUG: GoGo-Acct-Output-Voice-Gigawords: [0]
2013-11-20 10:56:32,012: DEBUG: Acct-Input-Octets: [8531238]
2013-11-20 10:56:32,014: DEBUG: 

2013-11-20 10:56:32,014: DEBUG: Received response with following attributes:
2013-11-20 10:56:42,015: DEBUG: 

2013-11-20 10:56:42,016: DEBUG: Creating Accounting Update Request with the following Attributes:
2013-11-20 10:56:42,016: DEBUG: User-Name: [u'username83@airborne.aircell.com']
2013-11-20 10:56:42,016: DEBUG: GoGo-Tail-Number: [u'AAATestNAS_204']
2013-11-20 10:56:42,016: DEBUG: Acct-Output-Octets: [3141890]
2013-11-20 10:56:42,016: DEBUG: NAS-IP-Address: ['10.254.209.1']
2013-11-20 10:56:42,016: DEBUG: GoGo-Total-Output-Gigawords: [0]
2013-11-20 10:56:42,016: DEBUG: Framed-IP-Address: ['10.254.209.55']
2013-11-20 10:56:42,016: DEBUG: GoGo-Total-Input-Voice-Gigawords: [0]
2013-11-20 10:56:42,017: DEBUG: GoGo-Total-Output-Octets: [3141890]
2013-11-20 10:56:42,017: DEBUG: GoGo-Acct-Input-Voice-Octets: [0]
2013-11-20 10:56:42,017: DEBUG: GoGo-Total-Input-Voice-Packets: [0]
2013-11-20 10:56:42,017: DEBUG: Called-Station-Id: [u'00:16:3E:51:00:7E']
2013-11-20 10:56:42,017: DEBUG: WISPr-Location-Name: [u'TEST LLC,BA01_01009']
2013-11-20 10:56:42,017: DEBUG: NAS-Identifier: [u'C08386']
2013-11-20 10:56:42,017: DEBUG: Proxy-State: ['3330,3132']
2013-11-20 10:56:42,017: DEBUG: GoGo-Total-Input-Voice-Octets: [0]
2013-11-20 10:56:42,017: DEBUG: Acct-Status-Type: ['Interim-Update']
2013-11-20 10:56:42,017: DEBUG: GoGo-Total-Output-Voice-Gigawords: [0]
2013-11-20 10:56:42,017: DEBUG: GoGo-Airline: [u'BA01']
2013-11-20 10:56:42,017: DEBUG: Acct-Session-Id: [u'AAATestNAS_204-1384925141973-00163E51007E-1']
2013-11-20 10:56:42,017: DEBUG: Acct-Session-Time: [10]
2013-11-20 10:56:42,018: DEBUG: Acct-Input-Packets: [19366]
2013-11-20 10:56:42,018: DEBUG: Acct-Output-Packets: [26240]
2013-11-20 10:56:42,018: DEBUG: GoGo-Acct-Output-Voice-Packets: [0]
2013-11-20 10:56:42,018: DEBUG: GoGo-Acct-Output-Voice-Octets: [0]
2013-11-20 10:56:42,018: DEBUG: Acct-Output-Gigawords: [0]
2013-11-20 10:56:42,018: DEBUG: GoGo-Total-Output-Voice-Packets: [0]
2013-11-20 10:56:42,018: DEBUG: Acct-Input-Gigawords: [0]
2013-11-20 10:56:42,018: DEBUG: Calling-Station-Id: [u'18:21:31:41:52:85']
2013-11-20 10:56:42,018: DEBUG: NAS-Port-Type: ['Wireless-802.11']
2013-11-20 10:56:42,018: DEBUG: GoGo-Total-Output-Voice-Octets: [0]
2013-11-20 10:56:42,018: DEBUG: GoGo-Private-IP-Address: ['192.168.1.179']
2013-11-20 10:56:42,018: DEBUG: GoGo-Acct-Input-Voice-Gigawords: [0]
2013-11-20 10:56:42,018: DEBUG: GoGo-Total-Input-Packets: [19366]
2013-11-20 10:56:42,018: DEBUG: GoGo-Total-Input-Gigawords: [0]
2013-11-20 10:56:42,019: DEBUG: GoGo-Acct-Input-Voice-Packets: [0]
2013-11-20 10:56:42,019: DEBUG: GoGo-Total-Input-Octets: [9333672]
2013-11-20 10:56:42,019: DEBUG: GoGo-Total-Output-Packets: [26240]
2013-11-20 10:56:42,019: DEBUG: WISPr-Location-ID: [u'airline=BA01,tail=01009,network=']
2013-11-20 10:56:42,019: DEBUG: GoGo-Acct-Output-Voice-Gigawords: [0]
2013-11-20 10:56:42,019: DEBUG: Acct-Input-Octets: [9333672]
2013-11-20 10:56:42,020: DEBUG: 

2013-11-20 10:56:42,021: DEBUG: Received response with following attributes:
2013-11-20 10:56:52,022: DEBUG: 

2013-11-20 10:56:52,022: DEBUG: Creating Accounting Update Request with the following Attributes:
2013-11-20 10:56:52,022: DEBUG: User-Name: [u'username83@airborne.aircell.com']
2013-11-20 10:56:52,022: DEBUG: GoGo-Tail-Number: [u'AAATestNAS_204']
2013-11-20 10:56:52,022: DEBUG: Acct-Output-Octets: [2202542]
2013-11-20 10:56:52,023: DEBUG: NAS-IP-Address: ['10.254.209.1']
2013-11-20 10:56:52,023: DEBUG: GoGo-Total-Output-Gigawords: [0]
2013-11-20 10:56:52,023: DEBUG: Framed-IP-Address: ['10.254.209.55']
2013-11-20 10:56:52,023: DEBUG: GoGo-Total-Input-Voice-Gigawords: [0]
2013-11-20 10:56:52,023: DEBUG: GoGo-Total-Output-Octets: [2202542]
2013-11-20 10:56:52,023: DEBUG: GoGo-Acct-Input-Voice-Octets: [0]
2013-11-20 10:56:52,023: DEBUG: GoGo-Total-Input-Voice-Packets: [0]
2013-11-20 10:56:52,023: DEBUG: Called-Station-Id: [u'00:16:3E:51:00:7E']
2013-11-20 10:56:52,023: DEBUG: WISPr-Location-Name: [u'TEST LLC,BA01_01009']
2013-11-20 10:56:52,023: DEBUG: NAS-Identifier: [u'C08386']
2013-11-20 10:56:52,023: DEBUG: Proxy-State: ['3330,3132']
2013-11-20 10:56:52,023: DEBUG: GoGo-Total-Input-Voice-Octets: [0]
2013-11-20 10:56:52,023: DEBUG: Acct-Status-Type: ['Interim-Update']
2013-11-20 10:56:52,023: DEBUG: GoGo-Total-Output-Voice-Gigawords: [0]
2013-11-20 10:56:52,024: DEBUG: GoGo-Airline: [u'BA01']
2013-11-20 10:56:52,024: DEBUG: Acct-Session-Id: [u'AAATestNAS_204-1384925141973-00163E51007E-1']
2013-11-20 10:56:52,024: DEBUG: Acct-Session-Time: [10]
2013-11-20 10:56:52,024: DEBUG: Acct-Input-Packets: [69202]
2013-11-20 10:56:52,024: DEBUG: Acct-Output-Packets: [8121]
2013-11-20 10:56:52,024: DEBUG: GoGo-Acct-Output-Voice-Packets: [0]
2013-11-20 10:56:52,024: DEBUG: GoGo-Acct-Output-Voice-Octets: [0]
2013-11-20 10:56:52,024: DEBUG: Acct-Output-Gigawords: [0]
2013-11-20 10:56:52,024: DEBUG: GoGo-Total-Output-Voice-Packets: [0]
2013-11-20 10:56:52,024: DEBUG: Acct-Input-Gigawords: [0]
2013-11-20 10:56:52,024: DEBUG: Calling-Station-Id: [u'18:21:31:41:52:85']
2013-11-20 10:56:52,024: DEBUG: NAS-Port-Type: ['Wireless-802.11']
2013-11-20 10:56:52,024: DEBUG: GoGo-Total-Output-Voice-Octets: [0]
2013-11-20 10:56:52,024: DEBUG: GoGo-Private-IP-Address: ['192.168.1.179']
2013-11-20 10:56:52,024: DEBUG: GoGo-Acct-Input-Voice-Gigawords: [0]
2013-11-20 10:56:52,024: DEBUG: GoGo-Total-Input-Packets: [69202]
2013-11-20 10:56:52,025: DEBUG: GoGo-Total-Input-Gigawords: [0]
2013-11-20 10:56:52,025: DEBUG: GoGo-Acct-Input-Voice-Packets: [0]
2013-11-20 10:56:52,025: DEBUG: GoGo-Total-Input-Octets: [7029623]
2013-11-20 10:56:52,025: DEBUG: GoGo-Total-Output-Packets: [8121]
2013-11-20 10:56:52,025: DEBUG: WISPr-Location-ID: [u'airline=BA01,tail=01009,network=']
2013-11-20 10:56:52,025: DEBUG: GoGo-Acct-Output-Voice-Gigawords: [0]
2013-11-20 10:56:52,025: DEBUG: Acct-Input-Octets: [7029623]
2013-11-20 10:56:52,026: DEBUG: 

2013-11-20 10:56:52,027: DEBUG: Received response with following attributes:
2013-11-20 10:57:02,027: DEBUG: 

2013-11-20 10:57:02,028: DEBUG: Creating Accounting Update Request with the following Attributes:
2013-11-20 10:57:02,028: DEBUG: User-Name: [u'username83@airborne.aircell.com']
2013-11-20 10:57:02,028: DEBUG: GoGo-Tail-Number: [u'AAATestNAS_204']
2013-11-20 10:57:02,028: DEBUG: Acct-Output-Octets: [7426933]
2013-11-20 10:57:02,028: DEBUG: NAS-IP-Address: ['10.254.209.1']
2013-11-20 10:57:02,028: DEBUG: GoGo-Total-Output-Gigawords: [0]
2013-11-20 10:57:02,028: DEBUG: Framed-IP-Address: ['10.254.209.55']
2013-11-20 10:57:02,028: DEBUG: GoGo-Total-Input-Voice-Gigawords: [0]
2013-11-20 10:57:02,029: DEBUG: GoGo-Total-Output-Octets: [7426933]
2013-11-20 10:57:02,029: DEBUG: GoGo-Acct-Input-Voice-Octets: [0]
2013-11-20 10:57:02,029: DEBUG: GoGo-Total-Input-Voice-Packets: [0]
2013-11-20 10:57:02,029: DEBUG: Called-Station-Id: [u'00:16:3E:51:00:7E']
2013-11-20 10:57:02,029: DEBUG: WISPr-Location-Name: [u'TEST LLC,BA01_01009']
2013-11-20 10:57:02,029: DEBUG: NAS-Identifier: [u'C08386']
2013-11-20 10:57:02,029: DEBUG: Proxy-State: ['3330,3132']
2013-11-20 10:57:02,029: DEBUG: GoGo-Total-Input-Voice-Octets: [0]
2013-11-20 10:57:02,029: DEBUG: Acct-Status-Type: ['Interim-Update']
2013-11-20 10:57:02,029: DEBUG: GoGo-Total-Output-Voice-Gigawords: [0]
2013-11-20 10:57:02,029: DEBUG: GoGo-Airline: [u'BA01']
2013-11-20 10:57:02,029: DEBUG: Acct-Session-Id: [u'AAATestNAS_204-1384925141973-00163E51007E-1']
2013-11-20 10:57:02,029: DEBUG: Acct-Session-Time: [10]
2013-11-20 10:57:02,029: DEBUG: Acct-Input-Packets: [30045]
2013-11-20 10:57:02,029: DEBUG: Acct-Output-Packets: [47603]
2013-11-20 10:57:02,030: DEBUG: GoGo-Acct-Output-Voice-Packets: [0]
2013-11-20 10:57:02,030: DEBUG: GoGo-Acct-Output-Voice-Octets: [0]
2013-11-20 10:57:02,030: DEBUG: Acct-Output-Gigawords: [0]
2013-11-20 10:57:02,030: DEBUG: GoGo-Total-Output-Voice-Packets: [0]
2013-11-20 10:57:02,030: DEBUG: Acct-Input-Gigawords: [0]
2013-11-20 10:57:02,030: DEBUG: Calling-Station-Id: [u'18:21:31:41:52:85']
2013-11-20 10:57:02,030: DEBUG: NAS-Port-Type: ['Wireless-802.11']
2013-11-20 10:57:02,030: DEBUG: GoGo-Total-Output-Voice-Octets: [0]
2013-11-20 10:57:02,030: DEBUG: GoGo-Private-IP-Address: ['192.168.1.179']
2013-11-20 10:57:02,030: DEBUG: GoGo-Acct-Input-Voice-Gigawords: [0]
2013-11-20 10:57:02,030: DEBUG: GoGo-Total-Input-Packets: [30045]
2013-11-20 10:57:02,030: DEBUG: GoGo-Total-Input-Gigawords: [0]
2013-11-20 10:57:02,030: DEBUG: GoGo-Acct-Input-Voice-Packets: [0]
2013-11-20 10:57:02,030: DEBUG: GoGo-Total-Input-Octets: [3664308]
2013-11-20 10:57:02,031: DEBUG: GoGo-Total-Output-Packets: [47603]
2013-11-20 10:57:02,031: DEBUG: WISPr-Location-ID: [u'airline=BA01,tail=01009,network=']
2013-11-20 10:57:02,031: DEBUG: GoGo-Acct-Output-Voice-Gigawords: [0]
2013-11-20 10:57:02,031: DEBUG: Acct-Input-Octets: [3664308]
2013-11-20 10:57:02,032: DEBUG: 

2013-11-20 10:57:02,032: DEBUG: Received response with following attributes:
2013-11-20 10:57:12,033: DEBUG: 

2013-11-20 10:57:12,034: DEBUG: Creating Accounting Update Request with the following Attributes:
2013-11-20 10:57:12,034: DEBUG: User-Name: [u'username83@airborne.aircell.com']
2013-11-20 10:57:12,034: DEBUG: GoGo-Tail-Number: [u'AAATestNAS_204']
2013-11-20 10:57:12,034: DEBUG: Acct-Output-Octets: [1379871]
2013-11-20 10:57:12,034: DEBUG: NAS-IP-Address: ['10.254.209.1']
2013-11-20 10:57:12,034: DEBUG: GoGo-Total-Output-Gigawords: [0]
2013-11-20 10:57:12,034: DEBUG: Framed-IP-Address: ['10.254.209.55']
2013-11-20 10:57:12,034: DEBUG: GoGo-Total-Input-Voice-Gigawords: [0]
2013-11-20 10:57:12,034: DEBUG: GoGo-Total-Output-Octets: [1379871]
2013-11-20 10:57:12,035: DEBUG: GoGo-Acct-Input-Voice-Octets: [0]
2013-11-20 10:57:12,035: DEBUG: GoGo-Total-Input-Voice-Packets: [0]
2013-11-20 10:57:12,035: DEBUG: Called-Station-Id: [u'00:16:3E:51:00:7E']
2013-11-20 10:57:12,035: DEBUG: WISPr-Location-Name: [u'TEST LLC,BA01_01009']
2013-11-20 10:57:12,035: DEBUG: NAS-Identifier: [u'C08386']
2013-11-20 10:57:12,035: DEBUG: Proxy-State: ['3330,3132']
2013-11-20 10:57:12,035: DEBUG: GoGo-Total-Input-Voice-Octets: [0]
2013-11-20 10:57:12,035: DEBUG: Acct-Status-Type: ['Interim-Update']
2013-11-20 10:57:12,035: DEBUG: GoGo-Total-Output-Voice-Gigawords: [0]
2013-11-20 10:57:12,035: DEBUG: GoGo-Airline: [u'BA01']
2013-11-20 10:57:12,035: DEBUG: Acct-Session-Id: [u'AAATestNAS_204-1384925141973-00163E51007E-1']
2013-11-20 10:57:12,035: DEBUG: Acct-Session-Time: [10]
2013-11-20 10:57:12,035: DEBUG: Acct-Input-Packets: [3819]
2013-11-20 10:57:12,035: DEBUG: Acct-Output-Packets: [9660]
2013-11-20 10:57:12,036: DEBUG: GoGo-Acct-Output-Voice-Packets: [0]
2013-11-20 10:57:12,036: DEBUG: GoGo-Acct-Output-Voice-Octets: [0]
2013-11-20 10:57:12,036: DEBUG: Acct-Output-Gigawords: [0]
2013-11-20 10:57:12,036: DEBUG: GoGo-Total-Output-Voice-Packets: [0]
2013-11-20 10:57:12,036: DEBUG: Acct-Input-Gigawords: [0]
2013-11-20 10:57:12,036: DEBUG: Calling-Station-Id: [u'18:21:31:41:52:85']
2013-11-20 10:57:12,036: DEBUG: NAS-Port-Type: ['Wireless-802.11']
2013-11-20 10:57:12,036: DEBUG: GoGo-Total-Output-Voice-Octets: [0]
2013-11-20 10:57:12,036: DEBUG: GoGo-Private-IP-Address: ['192.168.1.179']
2013-11-20 10:57:12,036: DEBUG: GoGo-Acct-Input-Voice-Gigawords: [0]
2013-11-20 10:57:12,036: DEBUG: GoGo-Total-Input-Packets: [3819]
2013-11-20 10:57:12,036: DEBUG: GoGo-Total-Input-Gigawords: [0]
2013-11-20 10:57:12,036: DEBUG: GoGo-Acct-Input-Voice-Packets: [0]
2013-11-20 10:57:12,036: DEBUG: GoGo-Total-Input-Octets: [2857668]
2013-11-20 10:57:12,037: DEBUG: GoGo-Total-Output-Packets: [9660]
2013-11-20 10:57:12,037: DEBUG: WISPr-Location-ID: [u'airline=BA01,tail=01009,network=']
2013-11-20 10:57:12,037: DEBUG: GoGo-Acct-Output-Voice-Gigawords: [0]
2013-11-20 10:57:12,037: DEBUG: Acct-Input-Octets: [2857668]
2013-11-20 10:57:12,038: DEBUG: 

2013-11-20 10:57:12,038: DEBUG: Received response with following attributes:
2013-11-20 10:57:18,039: DEBUG: 

2013-11-20 10:57:18,039: DEBUG: Creating Accounting Update Request with the following Attributes:
2013-11-20 10:57:18,039: DEBUG: User-Name: [u'username83@airborne.aircell.com']
2013-11-20 10:57:18,039: DEBUG: GoGo-Tail-Number: [u'AAATestNAS_204']
2013-11-20 10:57:18,039: DEBUG: Acct-Output-Octets: [4564896]
2013-11-20 10:57:18,039: DEBUG: NAS-IP-Address: ['10.254.209.1']
2013-11-20 10:57:18,040: DEBUG: GoGo-Total-Output-Gigawords: [0]
2013-11-20 10:57:18,040: DEBUG: Framed-IP-Address: ['10.254.209.55']
2013-11-20 10:57:18,040: DEBUG: GoGo-Total-Input-Voice-Gigawords: [0]
2013-11-20 10:57:18,040: DEBUG: GoGo-Total-Output-Octets: [4564896]
2013-11-20 10:57:18,040: DEBUG: GoGo-Acct-Input-Voice-Octets: [0]
2013-11-20 10:57:18,040: DEBUG: GoGo-Total-Input-Voice-Packets: [0]
2013-11-20 10:57:18,040: DEBUG: Called-Station-Id: [u'00:16:3E:51:00:7E']
2013-11-20 10:57:18,040: DEBUG: WISPr-Location-Name: [u'TEST LLC,BA01_01009']
2013-11-20 10:57:18,040: DEBUG: NAS-Identifier: [u'C08386']
2013-11-20 10:57:18,040: DEBUG: Proxy-State: ['3330,3132']
2013-11-20 10:57:18,040: DEBUG: GoGo-Total-Input-Voice-Octets: [0]
2013-11-20 10:57:18,040: DEBUG: Acct-Status-Type: ['Interim-Update']
2013-11-20 10:57:18,040: DEBUG: GoGo-Total-Output-Voice-Gigawords: [0]
2013-11-20 10:57:18,040: DEBUG: GoGo-Airline: [u'BA01']
2013-11-20 10:57:18,041: DEBUG: Acct-Session-Id: [u'AAATestNAS_204-1384925141973-00163E51007E-1']
2013-11-20 10:57:18,041: DEBUG: Acct-Session-Time: [6]
2013-11-20 10:57:18,041: DEBUG: Acct-Input-Packets: [54417]
2013-11-20 10:57:18,041: DEBUG: Acct-Output-Packets: [9060]
2013-11-20 10:57:18,041: DEBUG: GoGo-Acct-Output-Voice-Packets: [0]
2013-11-20 10:57:18,041: DEBUG: GoGo-Acct-Output-Voice-Octets: [0]
2013-11-20 10:57:18,041: DEBUG: Acct-Output-Gigawords: [0]
2013-11-20 10:57:18,041: DEBUG: GoGo-Total-Output-Voice-Packets: [0]
2013-11-20 10:57:18,041: DEBUG: Acct-Input-Gigawords: [0]
2013-11-20 10:57:18,041: DEBUG: Calling-Station-Id: [u'18:21:31:41:52:85']
2013-11-20 10:57:18,041: DEBUG: NAS-Port-Type: ['Wireless-802.11']
2013-11-20 10:57:18,041: DEBUG: GoGo-Total-Output-Voice-Octets: [0]
2013-11-20 10:57:18,041: DEBUG: GoGo-Private-IP-Address: ['192.168.1.179']
2013-11-20 10:57:18,041: DEBUG: GoGo-Acct-Input-Voice-Gigawords: [0]
2013-11-20 10:57:18,042: DEBUG: GoGo-Total-Input-Packets: [54417]
2013-11-20 10:57:18,042: DEBUG: GoGo-Total-Input-Gigawords: [0]
2013-11-20 10:57:18,042: DEBUG: GoGo-Acct-Input-Voice-Packets: [0]
2013-11-20 10:57:18,042: DEBUG: GoGo-Total-Input-Octets: [5483855]
2013-11-20 10:57:18,042: DEBUG: GoGo-Total-Output-Packets: [9060]
2013-11-20 10:57:18,042: DEBUG: WISPr-Location-ID: [u'airline=BA01,tail=01009,network=']
2013-11-20 10:57:18,042: DEBUG: GoGo-Acct-Output-Voice-Gigawords: [0]
2013-11-20 10:57:18,042: DEBUG: Acct-Input-Octets: [5483855]
2013-11-20 10:57:18,044: DEBUG: 

2013-11-20 10:57:18,044: DEBUG: Received response with following attributes:
2013-11-20 10:57:47,045: DEBUG: 

2013-11-20 10:57:47,045: DEBUG: Creating Accounting Stop Request with the following Attributes:
2013-11-20 10:57:47,045: DEBUG: User-Name: [u'username83@airborne.aircell.com']
2013-11-20 10:57:47,046: DEBUG: GoGo-Tail-Number: [u'01009']
2013-11-20 10:57:47,046: DEBUG: Acct-Output-Octets: [5193387]
2013-11-20 10:57:47,046: DEBUG: NAS-IP-Address: ['10.254.209.1']
2013-11-20 10:57:47,046: DEBUG: GoGo-Total-Output-Gigawords: [0]
2013-11-20 10:57:47,046: DEBUG: Framed-IP-Address: ['10.254.209.55']
2013-11-20 10:57:47,046: DEBUG: GoGo-Total-Input-Voice-Gigawords: [0]
2013-11-20 10:57:47,046: DEBUG: GoGo-Total-Output-Octets: [5193387]
2013-11-20 10:57:47,046: DEBUG: GoGo-Acct-Input-Voice-Octets: [0]
2013-11-20 10:57:47,046: DEBUG: GoGo-Total-Input-Voice-Packets: [0]
2013-11-20 10:57:47,046: DEBUG: Called-Station-Id: [u'00:16:3E:51:00:7E']
2013-11-20 10:57:47,046: DEBUG: WISPr-Location-Name: [u'TEST LLC,BA01_01009']
2013-11-20 10:57:47,046: DEBUG: NAS-Identifier: [u'C08386']
2013-11-20 10:57:47,046: DEBUG: Proxy-State: ['3330,3132']
2013-11-20 10:57:47,046: DEBUG: GoGo-Total-Input-Voice-Octets: [0]
2013-11-20 10:57:47,047: DEBUG: Acct-Status-Type: ['Stop']
2013-11-20 10:57:47,047: DEBUG: GoGo-Total-Output-Voice-Gigawords: [0]
2013-11-20 10:57:47,047: DEBUG: GoGo-Airline: [u'BA01']
2013-11-20 10:57:47,047: DEBUG: Acct-Session-Id: [u'AAATestNAS_204-1384925141973-00163E51007E-1']
2013-11-20 10:57:47,047: DEBUG: Acct-Session-Time: [29]
2013-11-20 10:57:47,047: DEBUG: Acct-Input-Packets: [13247]
2013-11-20 10:57:47,047: DEBUG: Acct-Output-Packets: [22602]
2013-11-20 10:57:47,047: DEBUG: Acct-Terminate-Cause: ['User-Request']
2013-11-20 10:57:47,047: DEBUG: GoGo-Acct-Output-Voice-Octets: [0]
2013-11-20 10:57:47,047: DEBUG: Acct-Output-Gigawords: [0]
2013-11-20 10:57:47,047: DEBUG: GoGo-Total-Output-Voice-Packets: [0]
2013-11-20 10:57:47,047: DEBUG: Acct-Input-Gigawords: [0]
2013-11-20 10:57:47,047: DEBUG: Calling-Station-Id: [u'18:21:31:41:52:85']
2013-11-20 10:57:47,048: DEBUG: NAS-Port-Type: ['Wireless-802.11']
2013-11-20 10:57:47,048: DEBUG: GoGo-Total-Output-Voice-Octets: [0]
2013-11-20 10:57:47,048: DEBUG: GoGo-Private-IP-Address: ['192.168.1.179']
2013-11-20 10:57:47,048: DEBUG: GoGo-Acct-Input-Voice-Gigawords: [0]
2013-11-20 10:57:47,048: DEBUG: GoGo-Total-Input-Packets: [13247]
2013-11-20 10:57:47,048: DEBUG: GoGo-Total-Input-Gigawords: [0]
2013-11-20 10:57:47,048: DEBUG: GoGo-Acct-Input-Voice-Packets: [0]
2013-11-20 10:57:47,048: DEBUG: GoGo-Total-Input-Octets: [5284873]
2013-11-20 10:57:47,048: DEBUG: GoGo-Total-Output-Packets: [22602]
2013-11-20 10:57:47,048: DEBUG: WISPr-Location-ID: [u'airline=BA01,tail=01009,network=']
2013-11-20 10:57:47,048: DEBUG: GoGo-Acct-Output-Voice-Packets: [0]
2013-11-20 10:57:47,048: DEBUG: GoGo-Acct-Output-Voice-Gigawords: [0]
2013-11-20 10:57:47,048: DEBUG: Acct-Input-Octets: [5284873]
2013-11-20 10:57:47,050: DEBUG: 

2013-11-20 10:57:47,050: DEBUG: Received response with following attributes:
2013-11-20 10:57:47,050: DEBUG: Ending the test for this user
2013-11-20 10:57:47,540: DEBUG: Starting the client for the user username83@airborne.aircell.com to the server localhost

2013-11-20 10:57:47,541: DEBUG: DURATION of the TEST: 16
2013-11-20 10:57:47,542: DEBUG: NAS-IP: 10.254.210.1
2013-11-20 10:57:47,542: DEBUG: NAS-MAC-ADDR: 18:21:31:41:52:86
2013-11-20 10:57:47,542: DEBUG: Abruptly End: False
2013-11-20 10:57:47,543: DEBUG: Framed-IP: 10.254.210.55
2013-11-20 10:57:47,543: DEBUG: User-MAC-Addr: 00:16:3E:5A:4C:B1
2013-11-20 10:57:47,544: DEBUG: 

2013-11-20 10:57:47,545: DEBUG: Creating Authentication Request with the following Attributes:
2013-11-20 10:57:47,546: DEBUG: NAS-Identifier: [u'C08386']
2013-11-20 10:57:47,546: DEBUG: User-Name: [u'username83@airborne.aircell.com']
2013-11-20 10:57:47,546: DEBUG: NAS-IP-Address: ['10.254.210.1']
2013-11-20 10:57:47,546: DEBUG: Service-Type: ['Authenticate-Only']
2013-11-20 10:57:47,547: DEBUG: Proxy-State: ['3237,3134']
2013-11-20 10:57:47,547: DEBUG: Framed-IP-Address: ['10.254.210.55']
2013-11-20 10:57:47,548: DEBUG: GoGo-Airline: [u'BA01']
2013-11-20 10:57:47,548: DEBUG: Acct-Session-Id: [u'AAATestNAS_205-1384925267545-00163E5A4CB1-1']
2013-11-20 10:57:47,549: DEBUG: GoGo-Tail-Number: [u'AAATestNAS_205']
2013-11-20 10:57:47,549: DEBUG: GoGo-Private-IP-Address: ['192.168.1.179']
2013-11-20 10:57:47,550: DEBUG: WISPr-Location-ID: [u'airline=BA01,tail=01009,network=']
2013-11-20 10:57:47,550: DEBUG: WISPr-Location-Name: [u'TEST LLC,BA01_01009']
2013-11-20 10:57:47,551: DEBUG: NAS-Port-Type: ['Wireless-802.11']
2013-11-20 10:57:47,552: DEBUG: Called-Station-Id: [u'00:16:3E:5A:4C:B1']
2013-11-20 10:57:47,552: DEBUG: Calling-Station-Id: [u'18:21:31:41:52:86']
2013-11-20 10:57:47,553: ERROR: Network error, Reason: 'Network error: Too many open files'
2013-11-20 10:57:47,553: DEBUG: Ending the test for this user
2013-11-20 10:57:48,534: DEBUG: Starting the client for the user username83@airborne.aircell.com to the server localhost

