2013-11-20 10:57:00,490: DEBUG: Starting the client for the user username92@airborne.aircell.com to the server localhost

2013-11-20 10:57:00,490: DEBUG: DURATION of the TEST: 36
2013-11-20 10:57:00,490: DEBUG: NAS-IP: 10.254.199.1
2013-11-20 10:57:00,490: DEBUG: NAS-MAC-ADDR: 18:21:31:41:52:75
2013-11-20 10:57:00,490: DEBUG: Abruptly End: True
2013-11-20 10:57:00,491: DEBUG: Framed-IP: 10.254.199.82
2013-11-20 10:57:00,491: DEBUG: User-MAC-Addr: 00:16:3E:51:4D:66
2013-11-20 10:57:00,491: DEBUG: 

2013-11-20 10:57:00,491: DEBUG: Creating Authentication Request with the following Attributes:
2013-11-20 10:57:00,491: DEBUG: NAS-Identifier: [u'C08386']
2013-11-20 10:57:00,492: DEBUG: User-Name: [u'username92@airborne.aircell.com']
2013-11-20 10:57:00,492: DEBUG: NAS-IP-Address: ['10.254.199.1']
2013-11-20 10:57:00,492: DEBUG: Service-Type: ['Authenticate-Only']
2013-11-20 10:57:00,492: DEBUG: Proxy-State: ['3237,3134']
2013-11-20 10:57:00,492: DEBUG: Framed-IP-Address: ['10.254.199.82']
2013-11-20 10:57:00,492: DEBUG: GoGo-Airline: [u'BA01']
2013-11-20 10:57:00,492: DEBUG: Acct-Session-Id: [u'AAATestNAS_194-1384925220491-00163E514D66-1']
2013-11-20 10:57:00,492: DEBUG: GoGo-Tail-Number: [u'AAATestNAS_194']
2013-11-20 10:57:00,492: DEBUG: GoGo-Private-IP-Address: ['192.168.1.179']
2013-11-20 10:57:00,493: DEBUG: WISPr-Location-ID: [u'airline=BA01,tail=01009,network=']
2013-11-20 10:57:00,493: DEBUG: WISPr-Location-Name: [u'TEST LLC,BA01_01009']
2013-11-20 10:57:00,493: DEBUG: NAS-Port-Type: ['Wireless-802.11']
2013-11-20 10:57:00,493: DEBUG: Called-Station-Id: [u'00:16:3E:51:4D:66']
2013-11-20 10:57:00,493: DEBUG: Calling-Station-Id: [u'18:21:31:41:52:75']
2013-11-20 10:57:00,494: DEBUG: 

2013-11-20 10:57:00,494: DEBUG: Received response with code: 2, Accepted
2013-11-20 10:57:00,494: DEBUG: Creating Authentication Request with the following Attributes:
2013-11-20 10:57:00,495: DEBUG: NAS-Identifier: [u'C08386']
2013-11-20 10:57:00,495: DEBUG: User-Name: [u'username92@airborne.aircell.com']
2013-11-20 10:57:00,495: DEBUG: NAS-IP-Address: ['10.254.199.1']
2013-11-20 10:57:00,495: DEBUG: Service-Type: ['Login-User']
2013-11-20 10:57:00,495: DEBUG: Proxy-State: ['3237,3134']
2013-11-20 10:57:00,495: DEBUG: Framed-IP-Address: ['10.254.199.82']
2013-11-20 10:57:00,495: DEBUG: GoGo-Airline: [u'BA01']
2013-11-20 10:57:00,495: DEBUG: Acct-Session-Id: [u'AAATestNAS_194-1384925220494-00163E514D66-1']
2013-11-20 10:57:00,495: DEBUG: GoGo-Tail-Number: [u'AAATestNAS_194']
2013-11-20 10:57:00,496: DEBUG: GoGo-Private-IP-Address: ['192.168.1.179']
2013-11-20 10:57:00,496: DEBUG: WISPr-Location-ID: [u'airline=BA01,tail=01009,network=']
2013-11-20 10:57:00,496: DEBUG: WISPr-Location-Name: [u'TEST LLC,BA01_01009']
2013-11-20 10:57:00,496: DEBUG: NAS-Port-Type: ['Wireless-802.11']
2013-11-20 10:57:00,496: DEBUG: Called-Station-Id: [u'00:16:3E:51:4D:66']
2013-11-20 10:57:00,496: DEBUG: Calling-Station-Id: [u'18:21:31:41:52:75']
2013-11-20 10:57:00,497: DEBUG: 

2013-11-20 10:57:00,497: DEBUG: Received response with code: 2, Accepted
2013-11-20 10:57:00,497: DEBUG: 

2013-11-20 10:57:00,497: DEBUG: Creating Accounting start Request with the following Attributes:
2013-11-20 10:57:00,498: DEBUG: NAS-Identifier: [u'C08386']
2013-11-20 10:57:00,498: DEBUG: User-Name: [u'username92@airborne.aircell.com']
2013-11-20 10:57:00,498: DEBUG: GoGo-Tail-Number: [u'AAATestNAS_194']
2013-11-20 10:57:00,498: DEBUG: NAS-IP-Address: ['10.254.199.1']
2013-11-20 10:57:00,498: DEBUG: Proxy-State: ['3239,3131']
2013-11-20 10:57:00,498: DEBUG: Acct-Status-Type: ['Start']
2013-11-20 10:57:00,498: DEBUG: GoGo-Airline: [u'BA01']
2013-11-20 10:57:00,498: DEBUG: Acct-Session-Id: [u'AAATestNAS_194-1384925220494-00163E514D66-1']
2013-11-20 10:57:00,498: DEBUG: GoGo-Private-IP-Address: ['192.168.1.179']
2013-11-20 10:57:00,499: DEBUG: Framed-IP-Address: ['10.254.199.82']
2013-11-20 10:57:00,499: DEBUG: WISPr-Location-ID: [u'airline=BA01,tail=01009,network=']
2013-11-20 10:57:00,499: DEBUG: WISPr-Location-Name: [u'TEST LLC,BA01_01009']
2013-11-20 10:57:00,499: DEBUG: NAS-Port-Type: ['Wireless-802.11']
2013-11-20 10:57:00,499: DEBUG: Called-Station-Id: [u'00:16:3E:51:4D:66']
2013-11-20 10:57:00,499: DEBUG: Calling-Station-Id: [u'18:21:31:41:52:75']
2013-11-20 10:57:00,500: DEBUG: 

2013-11-20 10:57:00,500: DEBUG: Received response with following attributes:
2013-11-20 10:57:10,501: DEBUG: 

2013-11-20 10:57:10,503: DEBUG: Creating Accounting Update Request with the following Attributes:
2013-11-20 10:57:10,504: DEBUG: User-Name: [u'username92@airborne.aircell.com']
2013-11-20 10:57:10,504: DEBUG: GoGo-Tail-Number: [u'AAATestNAS_194']
2013-11-20 10:57:10,505: DEBUG: Acct-Output-Octets: [3504342]
2013-11-20 10:57:10,506: DEBUG: NAS-IP-Address: ['10.254.199.1']
2013-11-20 10:57:10,506: DEBUG: GoGo-Total-Output-Gigawords: [0]
2013-11-20 10:57:10,506: DEBUG: Framed-IP-Address: ['10.254.199.82']
2013-11-20 10:57:10,507: DEBUG: GoGo-Total-Input-Voice-Gigawords: [0]
2013-11-20 10:57:10,507: DEBUG: GoGo-Total-Output-Octets: [3504342]
2013-11-20 10:57:10,508: DEBUG: GoGo-Acct-Input-Voice-Octets: [0]
2013-11-20 10:57:10,508: DEBUG: GoGo-Total-Input-Voice-Packets: [0]
2013-11-20 10:57:10,509: DEBUG: Called-Station-Id: [u'00:16:3E:51:4D:66']
2013-11-20 10:57:10,510: DEBUG: WISPr-Location-Name: [u'TEST LLC,BA01_01009']
2013-11-20 10:57:10,510: DEBUG: NAS-Identifier: [u'C08386']
2013-11-20 10:57:10,511: DEBUG: Proxy-State: ['3330,3132']
2013-11-20 10:57:10,512: DEBUG: GoGo-Total-Input-Voice-Octets: [0]
2013-11-20 10:57:10,512: DEBUG: Acct-Status-Type: ['Interim-Update']
2013-11-20 10:57:10,512: DEBUG: GoGo-Total-Output-Voice-Gigawords: [0]
2013-11-20 10:57:10,513: DEBUG: GoGo-Airline: [u'BA01']
2013-11-20 10:57:10,513: DEBUG: Acct-Session-Id: [u'AAATestNAS_194-1384925220494-00163E514D66-1']
2013-11-20 10:57:10,513: DEBUG: Acct-Session-Time: [10]
2013-11-20 10:57:10,514: DEBUG: Acct-Input-Packets: [24063]
2013-11-20 10:57:10,514: DEBUG: Acct-Output-Packets: [7813]
2013-11-20 10:57:10,515: DEBUG: GoGo-Acct-Output-Voice-Packets: [0]
2013-11-20 10:57:10,515: DEBUG: GoGo-Acct-Output-Voice-Octets: [0]
2013-11-20 10:57:10,516: DEBUG: Acct-Output-Gigawords: [0]
2013-11-20 10:57:10,516: DEBUG: GoGo-Total-Output-Voice-Packets: [0]
2013-11-20 10:57:10,516: DEBUG: Acct-Input-Gigawords: [0]
2013-11-20 10:57:10,517: DEBUG: Calling-Station-Id: [u'18:21:31:41:52:75']
2013-11-20 10:57:10,518: DEBUG: NAS-Port-Type: ['Wireless-802.11']
2013-11-20 10:57:10,518: DEBUG: GoGo-Total-Output-Voice-Octets: [0]
2013-11-20 10:57:10,518: DEBUG: GoGo-Private-IP-Address: ['192.168.1.179']
2013-11-20 10:57:10,519: DEBUG: GoGo-Acct-Input-Voice-Gigawords: [0]
2013-11-20 10:57:10,519: DEBUG: GoGo-Total-Input-Packets: [24063]
2013-11-20 10:57:10,519: DEBUG: GoGo-Total-Input-Gigawords: [0]
2013-11-20 10:57:10,520: DEBUG: GoGo-Acct-Input-Voice-Packets: [0]
2013-11-20 10:57:10,520: DEBUG: GoGo-Total-Input-Octets: [3442228]
2013-11-20 10:57:10,520: DEBUG: GoGo-Total-Output-Packets: [7813]
2013-11-20 10:57:10,521: DEBUG: WISPr-Location-ID: [u'airline=BA01,tail=01009,network=']
2013-11-20 10:57:10,521: DEBUG: GoGo-Acct-Output-Voice-Gigawords: [0]
2013-11-20 10:57:10,522: DEBUG: Acct-Input-Octets: [3442228]
2013-11-20 10:57:10,526: DEBUG: 

2013-11-20 10:57:10,526: DEBUG: Received response with following attributes:
2013-11-20 10:57:20,528: DEBUG: 

2013-11-20 10:57:20,529: DEBUG: Creating Accounting Update Request with the following Attributes:
2013-11-20 10:57:20,530: DEBUG: User-Name: [u'username92@airborne.aircell.com']
2013-11-20 10:57:20,532: DEBUG: GoGo-Tail-Number: [u'AAATestNAS_194']
2013-11-20 10:57:20,533: DEBUG: Acct-Output-Octets: [1638612]
2013-11-20 10:57:20,534: DEBUG: NAS-IP-Address: ['10.254.199.1']
2013-11-20 10:57:20,535: DEBUG: GoGo-Total-Output-Gigawords: [0]
2013-11-20 10:57:20,537: DEBUG: Framed-IP-Address: ['10.254.199.82']
2013-11-20 10:57:20,537: DEBUG: GoGo-Total-Input-Voice-Gigawords: [0]
2013-11-20 10:57:20,538: DEBUG: GoGo-Total-Output-Octets: [1638612]
2013-11-20 10:57:20,538: DEBUG: GoGo-Acct-Input-Voice-Octets: [0]
2013-11-20 10:57:20,538: DEBUG: GoGo-Total-Input-Voice-Packets: [0]
2013-11-20 10:57:20,540: DEBUG: Called-Station-Id: [u'00:16:3E:51:4D:66']
2013-11-20 10:57:20,542: DEBUG: WISPr-Location-Name: [u'TEST LLC,BA01_01009']
2013-11-20 10:57:20,542: DEBUG: NAS-Identifier: [u'C08386']
2013-11-20 10:57:20,543: DEBUG: Proxy-State: ['3330,3132']
2013-11-20 10:57:20,544: DEBUG: GoGo-Total-Input-Voice-Octets: [0]
2013-11-20 10:57:20,546: DEBUG: Acct-Status-Type: ['Interim-Update']
2013-11-20 10:57:20,546: DEBUG: GoGo-Total-Output-Voice-Gigawords: [0]
2013-11-20 10:57:20,547: DEBUG: GoGo-Airline: [u'BA01']
2013-11-20 10:57:20,548: DEBUG: Acct-Session-Id: [u'AAATestNAS_194-1384925220494-00163E514D66-1']
2013-11-20 10:57:20,548: DEBUG: Acct-Session-Time: [10]
2013-11-20 10:57:20,549: DEBUG: Acct-Input-Packets: [35311]
2013-11-20 10:57:20,549: DEBUG: Acct-Output-Packets: [3612]
2013-11-20 10:57:20,550: DEBUG: GoGo-Acct-Output-Voice-Packets: [0]
2013-11-20 10:57:20,550: DEBUG: GoGo-Acct-Output-Voice-Octets: [0]
2013-11-20 10:57:20,551: DEBUG: Acct-Output-Gigawords: [0]
2013-11-20 10:57:20,552: DEBUG: GoGo-Total-Output-Voice-Packets: [0]
2013-11-20 10:57:20,554: DEBUG: Acct-Input-Gigawords: [0]
2013-11-20 10:57:20,556: DEBUG: Calling-Station-Id: [u'18:21:31:41:52:75']
2013-11-20 10:57:20,557: DEBUG: NAS-Port-Type: ['Wireless-802.11']
2013-11-20 10:57:20,561: DEBUG: GoGo-Total-Output-Voice-Octets: [0]
2013-11-20 10:57:20,561: DEBUG: GoGo-Private-IP-Address: ['192.168.1.179']
2013-11-20 10:57:20,563: DEBUG: GoGo-Acct-Input-Voice-Gigawords: [0]
2013-11-20 10:57:20,564: DEBUG: GoGo-Total-Input-Packets: [35311]
2013-11-20 10:57:20,564: DEBUG: GoGo-Total-Input-Gigawords: [0]
2013-11-20 10:57:20,567: DEBUG: GoGo-Acct-Input-Voice-Packets: [0]
2013-11-20 10:57:20,568: DEBUG: GoGo-Total-Input-Octets: [5542697]
2013-11-20 10:57:20,568: DEBUG: GoGo-Total-Output-Packets: [3612]
2013-11-20 10:57:20,569: DEBUG: WISPr-Location-ID: [u'airline=BA01,tail=01009,network=']
2013-11-20 10:57:20,570: DEBUG: GoGo-Acct-Output-Voice-Gigawords: [0]
2013-11-20 10:57:20,570: DEBUG: Acct-Input-Octets: [5542697]
2013-11-20 10:57:20,573: DEBUG: 

2013-11-20 10:57:20,574: DEBUG: Received response with following attributes:
2013-11-20 10:57:20,575: DEBUG: User has abruptly end flag so ending the test with out AcctStop
2013-11-20 10:57:20,576: DEBUG: Ending the test for this user
2013-11-20 10:57:21,531: DEBUG: Starting the client for the user username92@airborne.aircell.com to the server localhost

2013-11-20 10:57:21,531: DEBUG: Starting the client for the user username92@airborne.aircell.com to the server localhost

2013-11-20 10:57:21,531: DEBUG: DURATION of the TEST: 26
2013-11-20 10:57:21,531: DEBUG: DURATION of the TEST: 26
2013-11-20 10:57:21,532: DEBUG: NAS-IP: 10.254.164.1
2013-11-20 10:57:21,532: DEBUG: NAS-IP: 10.254.164.1
2013-11-20 10:57:21,533: DEBUG: NAS-MAC-ADDR: 18:21:31:41:52:40
2013-11-20 10:57:21,533: DEBUG: NAS-MAC-ADDR: 18:21:31:41:52:40
2013-11-20 10:57:21,533: DEBUG: Abruptly End: True
2013-11-20 10:57:21,533: DEBUG: Abruptly End: True
2013-11-20 10:57:21,534: DEBUG: Framed-IP: 10.254.164.79
2013-11-20 10:57:21,534: DEBUG: Framed-IP: 10.254.164.79
2013-11-20 10:57:21,535: DEBUG: User-MAC-Addr: 00:16:3E:6C:0A:88
2013-11-20 10:57:21,535: DEBUG: User-MAC-Addr: 00:16:3E:6C:0A:88
2013-11-20 10:57:21,536: DEBUG: 

2013-11-20 10:57:21,536: DEBUG: 

2013-11-20 10:57:21,537: DEBUG: Creating Authentication Request with the following Attributes:
2013-11-20 10:57:21,537: DEBUG: Creating Authentication Request with the following Attributes:
2013-11-20 10:57:21,538: DEBUG: NAS-Identifier: [u'C08386']
2013-11-20 10:57:21,538: DEBUG: NAS-Identifier: [u'C08386']
2013-11-20 10:57:21,538: DEBUG: User-Name: [u'username92@airborne.aircell.com']
2013-11-20 10:57:21,538: DEBUG: User-Name: [u'username92@airborne.aircell.com']
2013-11-20 10:57:21,539: DEBUG: NAS-IP-Address: ['10.254.164.1']
2013-11-20 10:57:21,539: DEBUG: NAS-IP-Address: ['10.254.164.1']
2013-11-20 10:57:21,540: DEBUG: Service-Type: ['Authenticate-Only']
2013-11-20 10:57:21,540: DEBUG: Service-Type: ['Authenticate-Only']
2013-11-20 10:57:21,541: DEBUG: Proxy-State: ['3237,3134']
2013-11-20 10:57:21,541: DEBUG: Proxy-State: ['3237,3134']
2013-11-20 10:57:21,541: DEBUG: Framed-IP-Address: ['10.254.164.79']
2013-11-20 10:57:21,541: DEBUG: Framed-IP-Address: ['10.254.164.79']
2013-11-20 10:57:21,542: DEBUG: GoGo-Airline: [u'BA01']
2013-11-20 10:57:21,542: DEBUG: GoGo-Airline: [u'BA01']
2013-11-20 10:57:21,543: DEBUG: Acct-Session-Id: [u'AAATestNAS_159-1384925241537-00163E6C0A88-1']
2013-11-20 10:57:21,543: DEBUG: Acct-Session-Id: [u'AAATestNAS_159-1384925241537-00163E6C0A88-1']
2013-11-20 10:57:21,543: DEBUG: GoGo-Tail-Number: [u'AAATestNAS_159']
2013-11-20 10:57:21,543: DEBUG: GoGo-Tail-Number: [u'AAATestNAS_159']
2013-11-20 10:57:21,544: DEBUG: GoGo-Private-IP-Address: ['192.168.1.179']
2013-11-20 10:57:21,544: DEBUG: GoGo-Private-IP-Address: ['192.168.1.179']
2013-11-20 10:57:21,545: DEBUG: WISPr-Location-ID: [u'airline=BA01,tail=01009,network=']
2013-11-20 10:57:21,545: DEBUG: WISPr-Location-ID: [u'airline=BA01,tail=01009,network=']
2013-11-20 10:57:21,545: DEBUG: WISPr-Location-Name: [u'TEST LLC,BA01_01009']
2013-11-20 10:57:21,545: DEBUG: WISPr-Location-Name: [u'TEST LLC,BA01_01009']
2013-11-20 10:57:21,546: DEBUG: NAS-Port-Type: ['Wireless-802.11']
2013-11-20 10:57:21,546: DEBUG: NAS-Port-Type: ['Wireless-802.11']
2013-11-20 10:57:21,546: DEBUG: Called-Station-Id: [u'00:16:3E:6C:0A:88']
2013-11-20 10:57:21,546: DEBUG: Called-Station-Id: [u'00:16:3E:6C:0A:88']
2013-11-20 10:57:21,547: DEBUG: Calling-Station-Id: [u'18:21:31:41:52:40']
2013-11-20 10:57:21,547: DEBUG: Calling-Station-Id: [u'18:21:31:41:52:40']
2013-11-20 10:57:21,549: DEBUG: 

2013-11-20 10:57:21,549: DEBUG: 

2013-11-20 10:57:21,550: DEBUG: Received response with code: 2, Accepted
2013-11-20 10:57:21,550: DEBUG: Received response with code: 2, Accepted
2013-11-20 10:57:21,551: DEBUG: Creating Authentication Request with the following Attributes:
2013-11-20 10:57:21,551: DEBUG: Creating Authentication Request with the following Attributes:
2013-11-20 10:57:21,552: DEBUG: NAS-Identifier: [u'C08386']
2013-11-20 10:57:21,552: DEBUG: NAS-Identifier: [u'C08386']
2013-11-20 10:57:21,553: DEBUG: User-Name: [u'username92@airborne.aircell.com']
2013-11-20 10:57:21,553: DEBUG: User-Name: [u'username92@airborne.aircell.com']
2013-11-20 10:57:21,554: DEBUG: NAS-IP-Address: ['10.254.164.1']
2013-11-20 10:57:21,554: DEBUG: NAS-IP-Address: ['10.254.164.1']
2013-11-20 10:57:21,555: DEBUG: Service-Type: ['Login-User']
2013-11-20 10:57:21,555: DEBUG: Service-Type: ['Login-User']
2013-11-20 10:57:21,555: DEBUG: Proxy-State: ['3237,3134']
2013-11-20 10:57:21,555: DEBUG: Proxy-State: ['3237,3134']
2013-11-20 10:57:21,556: DEBUG: Framed-IP-Address: ['10.254.164.79']
2013-11-20 10:57:21,556: DEBUG: Framed-IP-Address: ['10.254.164.79']
2013-11-20 10:57:21,557: DEBUG: GoGo-Airline: [u'BA01']
2013-11-20 10:57:21,557: DEBUG: GoGo-Airline: [u'BA01']
2013-11-20 10:57:21,558: DEBUG: Acct-Session-Id: [u'AAATestNAS_159-1384925241551-00163E6C0A88-1']
2013-11-20 10:57:21,558: DEBUG: Acct-Session-Id: [u'AAATestNAS_159-1384925241551-00163E6C0A88-1']
2013-11-20 10:57:21,558: DEBUG: GoGo-Tail-Number: [u'AAATestNAS_159']
2013-11-20 10:57:21,558: DEBUG: GoGo-Tail-Number: [u'AAATestNAS_159']
2013-11-20 10:57:21,559: DEBUG: GoGo-Private-IP-Address: ['192.168.1.179']
2013-11-20 10:57:21,559: DEBUG: GoGo-Private-IP-Address: ['192.168.1.179']
2013-11-20 10:57:21,560: DEBUG: WISPr-Location-ID: [u'airline=BA01,tail=01009,network=']
2013-11-20 10:57:21,560: DEBUG: WISPr-Location-ID: [u'airline=BA01,tail=01009,network=']
2013-11-20 10:57:21,560: DEBUG: WISPr-Location-Name: [u'TEST LLC,BA01_01009']
2013-11-20 10:57:21,560: DEBUG: WISPr-Location-Name: [u'TEST LLC,BA01_01009']
2013-11-20 10:57:21,561: DEBUG: NAS-Port-Type: ['Wireless-802.11']
2013-11-20 10:57:21,561: DEBUG: NAS-Port-Type: ['Wireless-802.11']
2013-11-20 10:57:21,561: DEBUG: Called-Station-Id: [u'00:16:3E:6C:0A:88']
2013-11-20 10:57:21,561: DEBUG: Called-Station-Id: [u'00:16:3E:6C:0A:88']
2013-11-20 10:57:21,561: DEBUG: Calling-Station-Id: [u'18:21:31:41:52:40']
2013-11-20 10:57:21,561: DEBUG: Calling-Station-Id: [u'18:21:31:41:52:40']
2013-11-20 10:57:21,563: DEBUG: 

2013-11-20 10:57:21,563: DEBUG: 

2013-11-20 10:57:21,563: DEBUG: Received response with code: 2, Accepted
2013-11-20 10:57:21,563: DEBUG: Received response with code: 2, Accepted
2013-11-20 10:57:21,563: DEBUG: 

2013-11-20 10:57:21,563: DEBUG: 

2013-11-20 10:57:21,564: DEBUG: Creating Accounting start Request with the following Attributes:
2013-11-20 10:57:21,564: DEBUG: Creating Accounting start Request with the following Attributes:
2013-11-20 10:57:21,564: DEBUG: NAS-Identifier: [u'C08386']
2013-11-20 10:57:21,564: DEBUG: NAS-Identifier: [u'C08386']
2013-11-20 10:57:21,564: DEBUG: User-Name: [u'username92@airborne.aircell.com']
2013-11-20 10:57:21,564: DEBUG: User-Name: [u'username92@airborne.aircell.com']
2013-11-20 10:57:21,564: DEBUG: GoGo-Tail-Number: [u'AAATestNAS_159']
2013-11-20 10:57:21,564: DEBUG: GoGo-Tail-Number: [u'AAATestNAS_159']
2013-11-20 10:57:21,565: DEBUG: NAS-IP-Address: ['10.254.164.1']
2013-11-20 10:57:21,565: DEBUG: NAS-IP-Address: ['10.254.164.1']
2013-11-20 10:57:21,565: DEBUG: Proxy-State: ['3239,3131']
2013-11-20 10:57:21,565: DEBUG: Proxy-State: ['3239,3131']
2013-11-20 10:57:21,565: DEBUG: Acct-Status-Type: ['Start']
2013-11-20 10:57:21,565: DEBUG: Acct-Status-Type: ['Start']
2013-11-20 10:57:21,565: DEBUG: GoGo-Airline: [u'BA01']
2013-11-20 10:57:21,565: DEBUG: GoGo-Airline: [u'BA01']
2013-11-20 10:57:21,565: DEBUG: Acct-Session-Id: [u'AAATestNAS_159-1384925241551-00163E6C0A88-1']
2013-11-20 10:57:21,565: DEBUG: Acct-Session-Id: [u'AAATestNAS_159-1384925241551-00163E6C0A88-1']
2013-11-20 10:57:21,565: DEBUG: GoGo-Private-IP-Address: ['192.168.1.179']
2013-11-20 10:57:21,565: DEBUG: GoGo-Private-IP-Address: ['192.168.1.179']
2013-11-20 10:57:21,565: DEBUG: Framed-IP-Address: ['10.254.164.79']
2013-11-20 10:57:21,565: DEBUG: Framed-IP-Address: ['10.254.164.79']
2013-11-20 10:57:21,566: DEBUG: WISPr-Location-ID: [u'airline=BA01,tail=01009,network=']
2013-11-20 10:57:21,566: DEBUG: WISPr-Location-ID: [u'airline=BA01,tail=01009,network=']
2013-11-20 10:57:21,566: DEBUG: WISPr-Location-Name: [u'TEST LLC,BA01_01009']
2013-11-20 10:57:21,566: DEBUG: WISPr-Location-Name: [u'TEST LLC,BA01_01009']
2013-11-20 10:57:21,566: DEBUG: NAS-Port-Type: ['Wireless-802.11']
2013-11-20 10:57:21,566: DEBUG: NAS-Port-Type: ['Wireless-802.11']
2013-11-20 10:57:21,566: DEBUG: Called-Station-Id: [u'00:16:3E:6C:0A:88']
2013-11-20 10:57:21,566: DEBUG: Called-Station-Id: [u'00:16:3E:6C:0A:88']
2013-11-20 10:57:21,566: DEBUG: Calling-Station-Id: [u'18:21:31:41:52:40']
2013-11-20 10:57:21,566: DEBUG: Calling-Station-Id: [u'18:21:31:41:52:40']
2013-11-20 10:57:21,568: DEBUG: 

2013-11-20 10:57:21,568: DEBUG: 

2013-11-20 10:57:21,568: DEBUG: Received response with following attributes:
2013-11-20 10:57:21,568: DEBUG: Received response with following attributes:
2013-11-20 10:57:31,569: DEBUG: 

2013-11-20 10:57:31,569: DEBUG: 

2013-11-20 10:57:31,570: DEBUG: Creating Accounting Update Request with the following Attributes:
2013-11-20 10:57:31,570: DEBUG: Creating Accounting Update Request with the following Attributes:
2013-11-20 10:57:31,571: DEBUG: User-Name: [u'username92@airborne.aircell.com']
2013-11-20 10:57:31,571: DEBUG: User-Name: [u'username92@airborne.aircell.com']
2013-11-20 10:57:31,571: DEBUG: GoGo-Tail-Number: [u'AAATestNAS_159']
2013-11-20 10:57:31,571: DEBUG: GoGo-Tail-Number: [u'AAATestNAS_159']
2013-11-20 10:57:31,572: DEBUG: Acct-Output-Octets: [7148172]
2013-11-20 10:57:31,572: DEBUG: Acct-Output-Octets: [7148172]
2013-11-20 10:57:31,573: DEBUG: NAS-IP-Address: ['10.254.164.1']
2013-11-20 10:57:31,573: DEBUG: NAS-IP-Address: ['10.254.164.1']
2013-11-20 10:57:31,573: DEBUG: GoGo-Total-Output-Gigawords: [0]
2013-11-20 10:57:31,573: DEBUG: GoGo-Total-Output-Gigawords: [0]
2013-11-20 10:57:31,574: DEBUG: Framed-IP-Address: ['10.254.164.79']
2013-11-20 10:57:31,574: DEBUG: Framed-IP-Address: ['10.254.164.79']
2013-11-20 10:57:31,574: DEBUG: GoGo-Total-Input-Voice-Gigawords: [0]
2013-11-20 10:57:31,574: DEBUG: GoGo-Total-Input-Voice-Gigawords: [0]
2013-11-20 10:57:31,574: DEBUG: GoGo-Total-Output-Octets: [7148172]
2013-11-20 10:57:31,574: DEBUG: GoGo-Total-Output-Octets: [7148172]
2013-11-20 10:57:31,575: DEBUG: GoGo-Acct-Input-Voice-Octets: [0]
2013-11-20 10:57:31,575: DEBUG: GoGo-Acct-Input-Voice-Octets: [0]
2013-11-20 10:57:31,575: DEBUG: GoGo-Total-Input-Voice-Packets: [0]
2013-11-20 10:57:31,575: DEBUG: GoGo-Total-Input-Voice-Packets: [0]
2013-11-20 10:57:31,575: DEBUG: Called-Station-Id: [u'00:16:3E:6C:0A:88']
2013-11-20 10:57:31,575: DEBUG: Called-Station-Id: [u'00:16:3E:6C:0A:88']
2013-11-20 10:57:31,576: DEBUG: WISPr-Location-Name: [u'TEST LLC,BA01_01009']
2013-11-20 10:57:31,576: DEBUG: WISPr-Location-Name: [u'TEST LLC,BA01_01009']
2013-11-20 10:57:31,576: DEBUG: NAS-Identifier: [u'C08386']
2013-11-20 10:57:31,576: DEBUG: NAS-Identifier: [u'C08386']
2013-11-20 10:57:31,577: DEBUG: Proxy-State: ['3330,3132']
2013-11-20 10:57:31,577: DEBUG: Proxy-State: ['3330,3132']
2013-11-20 10:57:31,577: DEBUG: GoGo-Total-Input-Voice-Octets: [0]
2013-11-20 10:57:31,577: DEBUG: GoGo-Total-Input-Voice-Octets: [0]
2013-11-20 10:57:31,577: DEBUG: Acct-Status-Type: ['Interim-Update']
2013-11-20 10:57:31,577: DEBUG: Acct-Status-Type: ['Interim-Update']
2013-11-20 10:57:31,578: DEBUG: GoGo-Total-Output-Voice-Gigawords: [0]
2013-11-20 10:57:31,578: DEBUG: GoGo-Total-Output-Voice-Gigawords: [0]
2013-11-20 10:57:31,578: DEBUG: GoGo-Airline: [u'BA01']
2013-11-20 10:57:31,578: DEBUG: GoGo-Airline: [u'BA01']
2013-11-20 10:57:31,578: DEBUG: Acct-Session-Id: [u'AAATestNAS_159-1384925241551-00163E6C0A88-1']
2013-11-20 10:57:31,578: DEBUG: Acct-Session-Id: [u'AAATestNAS_159-1384925241551-00163E6C0A88-1']
2013-11-20 10:57:31,579: DEBUG: Acct-Session-Time: [10]
2013-11-20 10:57:31,579: DEBUG: Acct-Session-Time: [10]
2013-11-20 10:57:31,579: DEBUG: Acct-Input-Packets: [54637]
2013-11-20 10:57:31,579: DEBUG: Acct-Input-Packets: [54637]
2013-11-20 10:57:31,580: DEBUG: Acct-Output-Packets: [28256]
2013-11-20 10:57:31,580: DEBUG: Acct-Output-Packets: [28256]
2013-11-20 10:57:31,580: DEBUG: GoGo-Acct-Output-Voice-Packets: [0]
2013-11-20 10:57:31,580: DEBUG: GoGo-Acct-Output-Voice-Packets: [0]
2013-11-20 10:57:31,581: DEBUG: GoGo-Acct-Output-Voice-Octets: [0]
2013-11-20 10:57:31,581: DEBUG: GoGo-Acct-Output-Voice-Octets: [0]
2013-11-20 10:57:31,581: DEBUG: Acct-Output-Gigawords: [0]
2013-11-20 10:57:31,581: DEBUG: Acct-Output-Gigawords: [0]
2013-11-20 10:57:31,581: DEBUG: GoGo-Total-Output-Voice-Packets: [0]
2013-11-20 10:57:31,581: DEBUG: GoGo-Total-Output-Voice-Packets: [0]
2013-11-20 10:57:31,582: DEBUG: Acct-Input-Gigawords: [0]
2013-11-20 10:57:31,582: DEBUG: Acct-Input-Gigawords: [0]
2013-11-20 10:57:31,582: DEBUG: Calling-Station-Id: [u'18:21:31:41:52:40']
2013-11-20 10:57:31,582: DEBUG: Calling-Station-Id: [u'18:21:31:41:52:40']
2013-11-20 10:57:31,583: DEBUG: NAS-Port-Type: ['Wireless-802.11']
2013-11-20 10:57:31,583: DEBUG: NAS-Port-Type: ['Wireless-802.11']
2013-11-20 10:57:31,584: DEBUG: GoGo-Total-Output-Voice-Octets: [0]
2013-11-20 10:57:31,584: DEBUG: GoGo-Total-Output-Voice-Octets: [0]
2013-11-20 10:57:31,584: DEBUG: GoGo-Private-IP-Address: ['192.168.1.179']
2013-11-20 10:57:31,584: DEBUG: GoGo-Private-IP-Address: ['192.168.1.179']
2013-11-20 10:57:31,584: DEBUG: GoGo-Acct-Input-Voice-Gigawords: [0]
2013-11-20 10:57:31,584: DEBUG: GoGo-Acct-Input-Voice-Gigawords: [0]
2013-11-20 10:57:31,585: DEBUG: GoGo-Total-Input-Packets: [54637]
2013-11-20 10:57:31,585: DEBUG: GoGo-Total-Input-Packets: [54637]
2013-11-20 10:57:31,585: DEBUG: GoGo-Total-Input-Gigawords: [0]
2013-11-20 10:57:31,585: DEBUG: GoGo-Total-Input-Gigawords: [0]
2013-11-20 10:57:31,585: DEBUG: GoGo-Acct-Input-Voice-Packets: [0]
2013-11-20 10:57:31,585: DEBUG: GoGo-Acct-Input-Voice-Packets: [0]
2013-11-20 10:57:31,586: DEBUG: GoGo-Total-Input-Octets: [5977780]
2013-11-20 10:57:31,586: DEBUG: GoGo-Total-Input-Octets: [5977780]
2013-11-20 10:57:31,586: DEBUG: GoGo-Total-Output-Packets: [28256]
2013-11-20 10:57:31,586: DEBUG: GoGo-Total-Output-Packets: [28256]
2013-11-20 10:57:31,586: DEBUG: WISPr-Location-ID: [u'airline=BA01,tail=01009,network=']
2013-11-20 10:57:31,586: DEBUG: WISPr-Location-ID: [u'airline=BA01,tail=01009,network=']
2013-11-20 10:57:31,587: DEBUG: GoGo-Acct-Output-Voice-Gigawords: [0]
2013-11-20 10:57:31,587: DEBUG: GoGo-Acct-Output-Voice-Gigawords: [0]
2013-11-20 10:57:31,587: DEBUG: Acct-Input-Octets: [5977780]
2013-11-20 10:57:31,587: DEBUG: Acct-Input-Octets: [5977780]
2013-11-20 10:57:31,588: ERROR: Network error, Reason: 'Network error: Too many open files'
2013-11-20 10:57:31,588: ERROR: Network error, Reason: 'Network error: Too many open files'
2013-11-20 10:57:41,589: DEBUG: 

2013-11-20 10:57:41,589: DEBUG: 

2013-11-20 10:57:41,591: DEBUG: Creating Accounting Update Request with the following Attributes:
2013-11-20 10:57:41,591: DEBUG: Creating Accounting Update Request with the following Attributes:
2013-11-20 10:57:41,591: DEBUG: User-Name: [u'username92@airborne.aircell.com']
2013-11-20 10:57:41,591: DEBUG: User-Name: [u'username92@airborne.aircell.com']
2013-11-20 10:57:41,592: DEBUG: GoGo-Tail-Number: [u'AAATestNAS_159']
2013-11-20 10:57:41,592: DEBUG: GoGo-Tail-Number: [u'AAATestNAS_159']
2013-11-20 10:57:41,593: DEBUG: Acct-Output-Octets: [1282142]
2013-11-20 10:57:41,593: DEBUG: Acct-Output-Octets: [1282142]
2013-11-20 10:57:41,594: DEBUG: NAS-IP-Address: ['10.254.164.1']
2013-11-20 10:57:41,594: DEBUG: NAS-IP-Address: ['10.254.164.1']
2013-11-20 10:57:41,595: DEBUG: GoGo-Total-Output-Gigawords: [0]
2013-11-20 10:57:41,595: DEBUG: GoGo-Total-Output-Gigawords: [0]
2013-11-20 10:57:41,595: DEBUG: Framed-IP-Address: ['10.254.164.79']
2013-11-20 10:57:41,595: DEBUG: Framed-IP-Address: ['10.254.164.79']
2013-11-20 10:57:41,597: DEBUG: GoGo-Total-Input-Voice-Gigawords: [0]
2013-11-20 10:57:41,597: DEBUG: GoGo-Total-Input-Voice-Gigawords: [0]
2013-11-20 10:57:41,597: DEBUG: GoGo-Total-Output-Octets: [1282142]
2013-11-20 10:57:41,597: DEBUG: GoGo-Total-Output-Octets: [1282142]
2013-11-20 10:57:41,598: DEBUG: GoGo-Acct-Input-Voice-Octets: [0]
2013-11-20 10:57:41,598: DEBUG: GoGo-Acct-Input-Voice-Octets: [0]
2013-11-20 10:57:41,598: DEBUG: GoGo-Total-Input-Voice-Packets: [0]
2013-11-20 10:57:41,598: DEBUG: GoGo-Total-Input-Voice-Packets: [0]
2013-11-20 10:57:41,599: DEBUG: Called-Station-Id: [u'00:16:3E:6C:0A:88']
2013-11-20 10:57:41,599: DEBUG: Called-Station-Id: [u'00:16:3E:6C:0A:88']
2013-11-20 10:57:41,599: DEBUG: WISPr-Location-Name: [u'TEST LLC,BA01_01009']
2013-11-20 10:57:41,599: DEBUG: WISPr-Location-Name: [u'TEST LLC,BA01_01009']
2013-11-20 10:57:41,600: DEBUG: NAS-Identifier: [u'C08386']
2013-11-20 10:57:41,600: DEBUG: NAS-Identifier: [u'C08386']
2013-11-20 10:57:41,601: DEBUG: Proxy-State: ['3330,3132']
2013-11-20 10:57:41,601: DEBUG: Proxy-State: ['3330,3132']
2013-11-20 10:57:41,601: DEBUG: GoGo-Total-Input-Voice-Octets: [0]
2013-11-20 10:57:41,601: DEBUG: GoGo-Total-Input-Voice-Octets: [0]
2013-11-20 10:57:41,602: DEBUG: Acct-Status-Type: ['Interim-Update']
2013-11-20 10:57:41,602: DEBUG: Acct-Status-Type: ['Interim-Update']
2013-11-20 10:57:41,603: DEBUG: GoGo-Total-Output-Voice-Gigawords: [0]
2013-11-20 10:57:41,603: DEBUG: GoGo-Total-Output-Voice-Gigawords: [0]
2013-11-20 10:57:41,603: DEBUG: GoGo-Airline: [u'BA01']
2013-11-20 10:57:41,603: DEBUG: GoGo-Airline: [u'BA01']
2013-11-20 10:57:41,604: DEBUG: Acct-Session-Id: [u'AAATestNAS_159-1384925241551-00163E6C0A88-1']
2013-11-20 10:57:41,604: DEBUG: Acct-Session-Id: [u'AAATestNAS_159-1384925241551-00163E6C0A88-1']
2013-11-20 10:57:41,605: DEBUG: Acct-Session-Time: [10]
2013-11-20 10:57:41,605: DEBUG: Acct-Session-Time: [10]
2013-11-20 10:57:41,605: DEBUG: Acct-Input-Packets: [20612]
2013-11-20 10:57:41,605: DEBUG: Acct-Input-Packets: [20612]
2013-11-20 10:57:41,606: DEBUG: Acct-Output-Packets: [11183]
2013-11-20 10:57:41,606: DEBUG: Acct-Output-Packets: [11183]
2013-11-20 10:57:41,606: DEBUG: GoGo-Acct-Output-Voice-Packets: [0]
2013-11-20 10:57:41,606: DEBUG: GoGo-Acct-Output-Voice-Packets: [0]
2013-11-20 10:57:41,607: DEBUG: GoGo-Acct-Output-Voice-Octets: [0]
2013-11-20 10:57:41,607: DEBUG: GoGo-Acct-Output-Voice-Octets: [0]
2013-11-20 10:57:41,609: DEBUG: Acct-Output-Gigawords: [0]
2013-11-20 10:57:41,609: DEBUG: Acct-Output-Gigawords: [0]
2013-11-20 10:57:41,609: DEBUG: GoGo-Total-Output-Voice-Packets: [0]
2013-11-20 10:57:41,609: DEBUG: GoGo-Total-Output-Voice-Packets: [0]
2013-11-20 10:57:41,609: DEBUG: Acct-Input-Gigawords: [0]
2013-11-20 10:57:41,609: DEBUG: Acct-Input-Gigawords: [0]
2013-11-20 10:57:41,610: DEBUG: Calling-Station-Id: [u'18:21:31:41:52:40']
2013-11-20 10:57:41,610: DEBUG: Calling-Station-Id: [u'18:21:31:41:52:40']
2013-11-20 10:57:41,610: DEBUG: NAS-Port-Type: ['Wireless-802.11']
2013-11-20 10:57:41,610: DEBUG: NAS-Port-Type: ['Wireless-802.11']
2013-11-20 10:57:41,611: DEBUG: GoGo-Total-Output-Voice-Octets: [0]
2013-11-20 10:57:41,611: DEBUG: GoGo-Total-Output-Voice-Octets: [0]
2013-11-20 10:57:41,611: DEBUG: GoGo-Private-IP-Address: ['192.168.1.179']
2013-11-20 10:57:41,611: DEBUG: GoGo-Private-IP-Address: ['192.168.1.179']
2013-11-20 10:57:41,611: DEBUG: GoGo-Acct-Input-Voice-Gigawords: [0]
2013-11-20 10:57:41,611: DEBUG: GoGo-Acct-Input-Voice-Gigawords: [0]
2013-11-20 10:57:41,611: DEBUG: GoGo-Total-Input-Packets: [20612]
2013-11-20 10:57:41,611: DEBUG: GoGo-Total-Input-Packets: [20612]
2013-11-20 10:57:41,611: DEBUG: GoGo-Total-Input-Gigawords: [0]
2013-11-20 10:57:41,611: DEBUG: GoGo-Total-Input-Gigawords: [0]
2013-11-20 10:57:41,612: DEBUG: GoGo-Acct-Input-Voice-Packets: [0]
2013-11-20 10:57:41,612: DEBUG: GoGo-Acct-Input-Voice-Packets: [0]
2013-11-20 10:57:41,612: DEBUG: GoGo-Total-Input-Octets: [2983255]
2013-11-20 10:57:41,612: DEBUG: GoGo-Total-Input-Octets: [2983255]
2013-11-20 10:57:41,612: DEBUG: GoGo-Total-Output-Packets: [11183]
2013-11-20 10:57:41,612: DEBUG: GoGo-Total-Output-Packets: [11183]
2013-11-20 10:57:41,612: DEBUG: WISPr-Location-ID: [u'airline=BA01,tail=01009,network=']
2013-11-20 10:57:41,612: DEBUG: WISPr-Location-ID: [u'airline=BA01,tail=01009,network=']
2013-11-20 10:57:41,612: DEBUG: GoGo-Acct-Output-Voice-Gigawords: [0]
2013-11-20 10:57:41,612: DEBUG: GoGo-Acct-Output-Voice-Gigawords: [0]
2013-11-20 10:57:41,612: DEBUG: Acct-Input-Octets: [2983255]
2013-11-20 10:57:41,612: DEBUG: Acct-Input-Octets: [2983255]
2013-11-20 10:57:41,612: ERROR: Network error, Reason: 'Network error: Too many open files'
2013-11-20 10:57:41,612: ERROR: Network error, Reason: 'Network error: Too many open files'
2013-11-20 10:57:47,613: DEBUG: 

2013-11-20 10:57:47,613: DEBUG: 

2013-11-20 10:57:47,614: DEBUG: Creating Accounting Update Request with the following Attributes:
2013-11-20 10:57:47,614: DEBUG: Creating Accounting Update Request with the following Attributes:
2013-11-20 10:57:47,615: DEBUG: User-Name: [u'username92@airborne.aircell.com']
2013-11-20 10:57:47,615: DEBUG: User-Name: [u'username92@airborne.aircell.com']
2013-11-20 10:57:47,616: DEBUG: GoGo-Tail-Number: [u'AAATestNAS_159']
2013-11-20 10:57:47,616: DEBUG: GoGo-Tail-Number: [u'AAATestNAS_159']
2013-11-20 10:57:47,616: DEBUG: Acct-Output-Octets: [4121494]
2013-11-20 10:57:47,616: DEBUG: Acct-Output-Octets: [4121494]
2013-11-20 10:57:47,617: DEBUG: NAS-IP-Address: ['10.254.164.1']
2013-11-20 10:57:47,617: DEBUG: NAS-IP-Address: ['10.254.164.1']
2013-11-20 10:57:47,617: DEBUG: GoGo-Total-Output-Gigawords: [0]
2013-11-20 10:57:47,617: DEBUG: GoGo-Total-Output-Gigawords: [0]
2013-11-20 10:57:47,618: DEBUG: Framed-IP-Address: ['10.254.164.79']
2013-11-20 10:57:47,618: DEBUG: Framed-IP-Address: ['10.254.164.79']
2013-11-20 10:57:47,618: DEBUG: GoGo-Total-Input-Voice-Gigawords: [0]
2013-11-20 10:57:47,618: DEBUG: GoGo-Total-Input-Voice-Gigawords: [0]
2013-11-20 10:57:47,618: DEBUG: GoGo-Total-Output-Octets: [4121494]
2013-11-20 10:57:47,618: DEBUG: GoGo-Total-Output-Octets: [4121494]
2013-11-20 10:57:47,619: DEBUG: GoGo-Acct-Input-Voice-Octets: [0]
2013-11-20 10:57:47,619: DEBUG: GoGo-Acct-Input-Voice-Octets: [0]
2013-11-20 10:57:47,619: DEBUG: GoGo-Total-Input-Voice-Packets: [0]
2013-11-20 10:57:47,619: DEBUG: GoGo-Total-Input-Voice-Packets: [0]
2013-11-20 10:57:47,619: DEBUG: Called-Station-Id: [u'00:16:3E:6C:0A:88']
2013-11-20 10:57:47,619: DEBUG: Called-Station-Id: [u'00:16:3E:6C:0A:88']
2013-11-20 10:57:47,620: DEBUG: WISPr-Location-Name: [u'TEST LLC,BA01_01009']
2013-11-20 10:57:47,620: DEBUG: WISPr-Location-Name: [u'TEST LLC,BA01_01009']
2013-11-20 10:57:47,620: DEBUG: NAS-Identifier: [u'C08386']
2013-11-20 10:57:47,620: DEBUG: NAS-Identifier: [u'C08386']
2013-11-20 10:57:47,621: DEBUG: Proxy-State: ['3330,3132']
2013-11-20 10:57:47,621: DEBUG: Proxy-State: ['3330,3132']
2013-11-20 10:57:47,621: DEBUG: GoGo-Total-Input-Voice-Octets: [0]
2013-11-20 10:57:47,621: DEBUG: GoGo-Total-Input-Voice-Octets: [0]
2013-11-20 10:57:47,622: DEBUG: Acct-Status-Type: ['Interim-Update']
2013-11-20 10:57:47,622: DEBUG: Acct-Status-Type: ['Interim-Update']
2013-11-20 10:57:47,622: DEBUG: GoGo-Total-Output-Voice-Gigawords: [0]
2013-11-20 10:57:47,622: DEBUG: GoGo-Total-Output-Voice-Gigawords: [0]
2013-11-20 10:57:47,623: DEBUG: GoGo-Airline: [u'BA01']
2013-11-20 10:57:47,623: DEBUG: GoGo-Airline: [u'BA01']
2013-11-20 10:57:47,623: DEBUG: Acct-Session-Id: [u'AAATestNAS_159-1384925241551-00163E6C0A88-1']
2013-11-20 10:57:47,623: DEBUG: Acct-Session-Id: [u'AAATestNAS_159-1384925241551-00163E6C0A88-1']
2013-11-20 10:57:47,623: DEBUG: Acct-Session-Time: [6]
2013-11-20 10:57:47,623: DEBUG: Acct-Session-Time: [6]
2013-11-20 10:57:47,624: DEBUG: Acct-Input-Packets: [17875]
2013-11-20 10:57:47,624: DEBUG: Acct-Input-Packets: [17875]
2013-11-20 10:57:47,624: DEBUG: Acct-Output-Packets: [21520]
2013-11-20 10:57:47,624: DEBUG: Acct-Output-Packets: [21520]
2013-11-20 10:57:47,624: DEBUG: GoGo-Acct-Output-Voice-Packets: [0]
2013-11-20 10:57:47,624: DEBUG: GoGo-Acct-Output-Voice-Packets: [0]
2013-11-20 10:57:47,624: DEBUG: GoGo-Acct-Output-Voice-Octets: [0]
2013-11-20 10:57:47,624: DEBUG: GoGo-Acct-Output-Voice-Octets: [0]
2013-11-20 10:57:47,625: DEBUG: Acct-Output-Gigawords: [0]
2013-11-20 10:57:47,625: DEBUG: Acct-Output-Gigawords: [0]
2013-11-20 10:57:47,625: DEBUG: GoGo-Total-Output-Voice-Packets: [0]
2013-11-20 10:57:47,625: DEBUG: GoGo-Total-Output-Voice-Packets: [0]
2013-11-20 10:57:47,625: DEBUG: Acct-Input-Gigawords: [0]
2013-11-20 10:57:47,625: DEBUG: Acct-Input-Gigawords: [0]
2013-11-20 10:57:47,625: DEBUG: Calling-Station-Id: [u'18:21:31:41:52:40']
2013-11-20 10:57:47,625: DEBUG: Calling-Station-Id: [u'18:21:31:41:52:40']
2013-11-20 10:57:47,625: DEBUG: NAS-Port-Type: ['Wireless-802.11']
2013-11-20 10:57:47,625: DEBUG: NAS-Port-Type: ['Wireless-802.11']
2013-11-20 10:57:47,625: DEBUG: GoGo-Total-Output-Voice-Octets: [0]
2013-11-20 10:57:47,625: DEBUG: GoGo-Total-Output-Voice-Octets: [0]
2013-11-20 10:57:47,625: DEBUG: GoGo-Private-IP-Address: ['192.168.1.179']
2013-11-20 10:57:47,625: DEBUG: GoGo-Private-IP-Address: ['192.168.1.179']
2013-11-20 10:57:47,626: DEBUG: GoGo-Acct-Input-Voice-Gigawords: [0]
2013-11-20 10:57:47,626: DEBUG: GoGo-Acct-Input-Voice-Gigawords: [0]
2013-11-20 10:57:47,626: DEBUG: GoGo-Total-Input-Packets: [17875]
2013-11-20 10:57:47,626: DEBUG: GoGo-Total-Input-Packets: [17875]
2013-11-20 10:57:47,626: DEBUG: GoGo-Total-Input-Gigawords: [0]
2013-11-20 10:57:47,626: DEBUG: GoGo-Total-Input-Gigawords: [0]
2013-11-20 10:57:47,626: DEBUG: GoGo-Acct-Input-Voice-Packets: [0]
2013-11-20 10:57:47,626: DEBUG: GoGo-Acct-Input-Voice-Packets: [0]
2013-11-20 10:57:47,626: DEBUG: GoGo-Total-Input-Octets: [6104069]
2013-11-20 10:57:47,626: DEBUG: GoGo-Total-Input-Octets: [6104069]
2013-11-20 10:57:47,626: DEBUG: GoGo-Total-Output-Packets: [21520]
2013-11-20 10:57:47,626: DEBUG: GoGo-Total-Output-Packets: [21520]
2013-11-20 10:57:47,626: DEBUG: WISPr-Location-ID: [u'airline=BA01,tail=01009,network=']
2013-11-20 10:57:47,626: DEBUG: WISPr-Location-ID: [u'airline=BA01,tail=01009,network=']
2013-11-20 10:57:47,627: DEBUG: GoGo-Acct-Output-Voice-Gigawords: [0]
2013-11-20 10:57:47,627: DEBUG: GoGo-Acct-Output-Voice-Gigawords: [0]
2013-11-20 10:57:47,627: DEBUG: Acct-Input-Octets: [6104069]
2013-11-20 10:57:47,627: DEBUG: Acct-Input-Octets: [6104069]
2013-11-20 10:57:47,627: ERROR: Network error, Reason: 'Network error: Too many open files'
2013-11-20 10:57:47,627: ERROR: Network error, Reason: 'Network error: Too many open files'
2013-11-20 10:58:01,628: DEBUG: User has abruptly end flag so ending the test with out AcctStop
2013-11-20 10:58:01,628: DEBUG: User has abruptly end flag so ending the test with out AcctStop
2013-11-20 10:58:01,628: DEBUG: Ending the test for this user
2013-11-20 10:58:01,628: DEBUG: Ending the test for this user
2013-11-20 10:58:02,553: DEBUG: Starting the client for the user username92@airborne.aircell.com to the server localhost

2013-11-20 10:58:02,553: DEBUG: Starting the client for the user username92@airborne.aircell.com to the server localhost

2013-11-20 10:58:02,553: DEBUG: DURATION of the TEST: 91
2013-11-20 10:58:02,553: DEBUG: DURATION of the TEST: 91
2013-11-20 10:58:02,553: DEBUG: NAS-IP: 10.254.91.1
2013-11-20 10:58:02,553: DEBUG: NAS-IP: 10.254.91.1
2013-11-20 10:58:02,554: DEBUG: NAS-MAC-ADDR: 17:21:31:41:52:56
2013-11-20 10:58:02,554: DEBUG: NAS-MAC-ADDR: 17:21:31:41:52:56
2013-11-20 10:58:02,554: DEBUG: Abruptly End: False
2013-11-20 10:58:02,554: DEBUG: Abruptly End: False
2013-11-20 10:58:02,554: DEBUG: Framed-IP: 10.254.91.48
2013-11-20 10:58:02,554: DEBUG: Framed-IP: 10.254.91.48
2013-11-20 10:58:02,554: DEBUG: User-MAC-Addr: 00:16:3E:59:81:29
2013-11-20 10:58:02,554: DEBUG: User-MAC-Addr: 00:16:3E:59:81:29
2013-11-20 10:58:02,555: DEBUG: 

2013-11-20 10:58:02,555: DEBUG: 

2013-11-20 10:58:02,556: DEBUG: Creating Authentication Request with the following Attributes:
2013-11-20 10:58:02,556: DEBUG: Creating Authentication Request with the following Attributes:
2013-11-20 10:58:02,558: DEBUG: NAS-Identifier: [u'C08386']
2013-11-20 10:58:02,558: DEBUG: NAS-Identifier: [u'C08386']
2013-11-20 10:58:02,559: DEBUG: User-Name: [u'username92@airborne.aircell.com']
2013-11-20 10:58:02,559: DEBUG: User-Name: [u'username92@airborne.aircell.com']
2013-11-20 10:58:02,561: DEBUG: NAS-IP-Address: ['10.254.91.1']
2013-11-20 10:58:02,561: DEBUG: NAS-IP-Address: ['10.254.91.1']
2013-11-20 10:58:02,562: DEBUG: Service-Type: ['Authenticate-Only']
2013-11-20 10:58:02,562: DEBUG: Service-Type: ['Authenticate-Only']
2013-11-20 10:58:02,563: DEBUG: Proxy-State: ['3237,3134']
2013-11-20 10:58:02,563: DEBUG: Proxy-State: ['3237,3134']
2013-11-20 10:58:02,565: DEBUG: Framed-IP-Address: ['10.254.91.48']
2013-11-20 10:58:02,565: DEBUG: Framed-IP-Address: ['10.254.91.48']
2013-11-20 10:58:02,566: DEBUG: GoGo-Airline: [u'BA01']
2013-11-20 10:58:02,566: DEBUG: GoGo-Airline: [u'BA01']
2013-11-20 10:58:02,567: DEBUG: Acct-Session-Id: [u'AAATestNAS_86-1384925282555-00163E598129-4']
2013-11-20 10:58:02,567: DEBUG: Acct-Session-Id: [u'AAATestNAS_86-1384925282555-00163E598129-4']
2013-11-20 10:58:02,568: DEBUG: GoGo-Tail-Number: [u'AAATestNAS_86']
2013-11-20 10:58:02,568: DEBUG: GoGo-Tail-Number: [u'AAATestNAS_86']
2013-11-20 10:58:02,568: DEBUG: GoGo-Private-IP-Address: ['192.168.1.179']
2013-11-20 10:58:02,568: DEBUG: GoGo-Private-IP-Address: ['192.168.1.179']
2013-11-20 10:58:02,569: DEBUG: WISPr-Location-ID: [u'airline=BA01,tail=01009,network=']
2013-11-20 10:58:02,569: DEBUG: WISPr-Location-ID: [u'airline=BA01,tail=01009,network=']
2013-11-20 10:58:02,571: DEBUG: WISPr-Location-Name: [u'TEST LLC,BA01_01009']
2013-11-20 10:58:02,571: DEBUG: WISPr-Location-Name: [u'TEST LLC,BA01_01009']
2013-11-20 10:58:02,572: DEBUG: NAS-Port-Type: ['Wireless-802.11']
2013-11-20 10:58:02,572: DEBUG: NAS-Port-Type: ['Wireless-802.11']
2013-11-20 10:58:02,572: DEBUG: Called-Station-Id: [u'00:16:3E:59:81:29']
2013-11-20 10:58:02,572: DEBUG: Called-Station-Id: [u'00:16:3E:59:81:29']
2013-11-20 10:58:02,573: DEBUG: Calling-Station-Id: [u'17:21:31:41:52:56']
2013-11-20 10:58:02,573: DEBUG: Calling-Station-Id: [u'17:21:31:41:52:56']
2013-11-20 10:58:02,575: ERROR: Network error, Reason: 'Network error: Too many open files'
2013-11-20 10:58:02,575: ERROR: Network error, Reason: 'Network error: Too many open files'
2013-11-20 10:58:02,575: DEBUG: Ending the test for this user
2013-11-20 10:58:02,575: DEBUG: Ending the test for this user
