2013-11-20 10:56:49,471: DEBUG: Starting the client for the user username40@airborne.aircell.com to the server localhost

2013-11-20 10:56:49,471: DEBUG: DURATION of the TEST: 36
2013-11-20 10:56:49,472: DEBUG: NAS-IP: 10.254.183.1
2013-11-20 10:56:49,472: DEBUG: NAS-MAC-ADDR: 18:21:31:41:52:59
2013-11-20 10:56:49,472: DEBUG: Abruptly End: False
2013-11-20 10:56:49,474: DEBUG: Framed-IP: 10.254.183.120
2013-11-20 10:56:49,474: DEBUG: User-MAC-Addr: 00:16:3E:10:D4:87
2013-11-20 10:56:49,475: DEBUG: 

2013-11-20 10:56:49,475: DEBUG: Creating Authentication Request with the following Attributes:
2013-11-20 10:56:49,476: DEBUG: NAS-Identifier: [u'C08386']
2013-11-20 10:56:49,476: DEBUG: User-Name: [u'username40@airborne.aircell.com']
2013-11-20 10:56:49,476: DEBUG: NAS-IP-Address: ['10.254.183.1']
2013-11-20 10:56:49,477: DEBUG: Service-Type: ['Authenticate-Only']
2013-11-20 10:56:49,478: DEBUG: Proxy-State: ['3237,3134']
2013-11-20 10:56:49,478: DEBUG: Framed-IP-Address: ['10.254.183.120']
2013-11-20 10:56:49,479: DEBUG: GoGo-Airline: [u'BA01']
2013-11-20 10:56:49,480: DEBUG: Acct-Session-Id: [u'AAATestNAS_178-1384925209475-00163E10D487-1']
2013-11-20 10:56:49,481: DEBUG: GoGo-Tail-Number: [u'AAATestNAS_178']
2013-11-20 10:56:49,482: DEBUG: GoGo-Private-IP-Address: ['192.168.1.179']
2013-11-20 10:56:49,483: DEBUG: WISPr-Location-ID: [u'airline=BA01,tail=01009,network=']
2013-11-20 10:56:49,483: DEBUG: WISPr-Location-Name: [u'TEST LLC,BA01_01009']
2013-11-20 10:56:49,484: DEBUG: NAS-Port-Type: ['Wireless-802.11']
2013-11-20 10:56:49,485: DEBUG: Called-Station-Id: [u'00:16:3E:10:D4:87']
2013-11-20 10:56:49,486: DEBUG: Calling-Station-Id: [u'18:21:31:41:52:59']
2013-11-20 10:56:49,488: DEBUG: 

2013-11-20 10:56:49,489: DEBUG: Received response with code: 2, Accepted
2013-11-20 10:56:49,490: DEBUG: Creating Authentication Request with the following Attributes:
2013-11-20 10:56:49,490: DEBUG: NAS-Identifier: [u'C08386']
2013-11-20 10:56:49,492: DEBUG: User-Name: [u'username40@airborne.aircell.com']
2013-11-20 10:56:49,493: DEBUG: NAS-IP-Address: ['10.254.183.1']
2013-11-20 10:56:49,495: DEBUG: Service-Type: ['Login-User']
2013-11-20 10:56:49,496: DEBUG: Proxy-State: ['3237,3134']
2013-11-20 10:56:49,498: DEBUG: Framed-IP-Address: ['10.254.183.120']
2013-11-20 10:56:49,499: DEBUG: GoGo-Airline: [u'BA01']
2013-11-20 10:56:49,499: DEBUG: Acct-Session-Id: [u'AAATestNAS_178-1384925209490-00163E10D487-1']
2013-11-20 10:56:49,500: DEBUG: GoGo-Tail-Number: [u'AAATestNAS_178']
2013-11-20 10:56:49,501: DEBUG: GoGo-Private-IP-Address: ['192.168.1.179']
2013-11-20 10:56:49,502: DEBUG: WISPr-Location-ID: [u'airline=BA01,tail=01009,network=']
2013-11-20 10:56:49,503: DEBUG: WISPr-Location-Name: [u'TEST LLC,BA01_01009']
2013-11-20 10:56:49,503: DEBUG: NAS-Port-Type: ['Wireless-802.11']
2013-11-20 10:56:49,505: DEBUG: Called-Station-Id: [u'00:16:3E:10:D4:87']
2013-11-20 10:56:49,507: DEBUG: Calling-Station-Id: [u'18:21:31:41:52:59']
2013-11-20 10:56:49,512: DEBUG: 

2013-11-20 10:56:49,513: DEBUG: Received response with code: 2, Accepted
2013-11-20 10:56:49,514: DEBUG: 

2013-11-20 10:56:49,516: DEBUG: Creating Accounting start Request with the following Attributes:
2013-11-20 10:56:49,517: DEBUG: NAS-Identifier: [u'C08386']
2013-11-20 10:56:49,519: DEBUG: User-Name: [u'username40@airborne.aircell.com']
2013-11-20 10:56:49,521: DEBUG: GoGo-Tail-Number: [u'AAATestNAS_178']
2013-11-20 10:56:49,522: DEBUG: NAS-IP-Address: ['10.254.183.1']
2013-11-20 10:56:49,523: DEBUG: Proxy-State: ['3239,3131']
2013-11-20 10:56:49,525: DEBUG: Acct-Status-Type: ['Start']
2013-11-20 10:56:49,527: DEBUG: GoGo-Airline: [u'BA01']
2013-11-20 10:56:49,529: DEBUG: Acct-Session-Id: [u'AAATestNAS_178-1384925209490-00163E10D487-1']
2013-11-20 10:56:49,531: DEBUG: GoGo-Private-IP-Address: ['192.168.1.179']
2013-11-20 10:56:49,533: DEBUG: Framed-IP-Address: ['10.254.183.120']
2013-11-20 10:56:49,535: DEBUG: WISPr-Location-ID: [u'airline=BA01,tail=01009,network=']
2013-11-20 10:56:49,536: DEBUG: WISPr-Location-Name: [u'TEST LLC,BA01_01009']
2013-11-20 10:56:49,537: DEBUG: NAS-Port-Type: ['Wireless-802.11']
2013-11-20 10:56:49,539: DEBUG: Called-Station-Id: [u'00:16:3E:10:D4:87']
2013-11-20 10:56:49,541: DEBUG: Calling-Station-Id: [u'18:21:31:41:52:59']
2013-11-20 10:56:49,547: DEBUG: 

2013-11-20 10:56:49,549: DEBUG: Received response with following attributes:
2013-11-20 10:56:59,551: DEBUG: 

2013-11-20 10:56:59,552: DEBUG: Creating Accounting Update Request with the following Attributes:
2013-11-20 10:56:59,552: DEBUG: User-Name: [u'username40@airborne.aircell.com']
2013-11-20 10:56:59,553: DEBUG: GoGo-Tail-Number: [u'AAATestNAS_178']
2013-11-20 10:56:59,553: DEBUG: Acct-Output-Octets: [9646048]
2013-11-20 10:56:59,554: DEBUG: NAS-IP-Address: ['10.254.183.1']
2013-11-20 10:56:59,554: DEBUG: GoGo-Total-Output-Gigawords: [0]
2013-11-20 10:56:59,554: DEBUG: Framed-IP-Address: ['10.254.183.120']
2013-11-20 10:56:59,555: DEBUG: GoGo-Total-Input-Voice-Gigawords: [0]
2013-11-20 10:56:59,555: DEBUG: GoGo-Total-Output-Octets: [9646048]
2013-11-20 10:56:59,555: DEBUG: GoGo-Acct-Input-Voice-Octets: [0]
2013-11-20 10:56:59,556: DEBUG: GoGo-Total-Input-Voice-Packets: [0]
2013-11-20 10:56:59,556: DEBUG: Called-Station-Id: [u'00:16:3E:10:D4:87']
2013-11-20 10:56:59,556: DEBUG: WISPr-Location-Name: [u'TEST LLC,BA01_01009']
2013-11-20 10:56:59,557: DEBUG: NAS-Identifier: [u'C08386']
2013-11-20 10:56:59,557: DEBUG: Proxy-State: ['3330,3132']
2013-11-20 10:56:59,558: DEBUG: GoGo-Total-Input-Voice-Octets: [0]
2013-11-20 10:56:59,558: DEBUG: Acct-Status-Type: ['Interim-Update']
2013-11-20 10:56:59,559: DEBUG: GoGo-Total-Output-Voice-Gigawords: [0]
2013-11-20 10:56:59,559: DEBUG: GoGo-Airline: [u'BA01']
2013-11-20 10:56:59,559: DEBUG: Acct-Session-Id: [u'AAATestNAS_178-1384925209490-00163E10D487-1']
2013-11-20 10:56:59,560: DEBUG: Acct-Session-Time: [10]
2013-11-20 10:56:59,560: DEBUG: Acct-Input-Packets: [17183]
2013-11-20 10:56:59,560: DEBUG: Acct-Output-Packets: [50039]
2013-11-20 10:56:59,560: DEBUG: GoGo-Acct-Output-Voice-Packets: [0]
2013-11-20 10:56:59,561: DEBUG: GoGo-Acct-Output-Voice-Octets: [0]
2013-11-20 10:56:59,561: DEBUG: Acct-Output-Gigawords: [0]
2013-11-20 10:56:59,562: DEBUG: GoGo-Total-Output-Voice-Packets: [0]
2013-11-20 10:56:59,562: DEBUG: Acct-Input-Gigawords: [0]
2013-11-20 10:56:59,562: DEBUG: Calling-Station-Id: [u'18:21:31:41:52:59']
2013-11-20 10:56:59,562: DEBUG: NAS-Port-Type: ['Wireless-802.11']
2013-11-20 10:56:59,562: DEBUG: GoGo-Total-Output-Voice-Octets: [0]
2013-11-20 10:56:59,563: DEBUG: GoGo-Private-IP-Address: ['192.168.1.179']
2013-11-20 10:56:59,563: DEBUG: GoGo-Acct-Input-Voice-Gigawords: [0]
2013-11-20 10:56:59,563: DEBUG: GoGo-Total-Input-Packets: [17183]
2013-11-20 10:56:59,563: DEBUG: GoGo-Total-Input-Gigawords: [0]
2013-11-20 10:56:59,563: DEBUG: GoGo-Acct-Input-Voice-Packets: [0]
2013-11-20 10:56:59,564: DEBUG: GoGo-Total-Input-Octets: [6170932]
2013-11-20 10:56:59,564: DEBUG: GoGo-Total-Output-Packets: [50039]
2013-11-20 10:56:59,564: DEBUG: WISPr-Location-ID: [u'airline=BA01,tail=01009,network=']
2013-11-20 10:56:59,564: DEBUG: GoGo-Acct-Output-Voice-Gigawords: [0]
2013-11-20 10:56:59,565: DEBUG: Acct-Input-Octets: [6170932]
2013-11-20 10:56:59,566: DEBUG: 

2013-11-20 10:56:59,566: DEBUG: Received response with following attributes:
2013-11-20 10:57:09,567: DEBUG: 

2013-11-20 10:57:09,567: DEBUG: Creating Accounting Update Request with the following Attributes:
2013-11-20 10:57:09,568: DEBUG: User-Name: [u'username40@airborne.aircell.com']
2013-11-20 10:57:09,568: DEBUG: GoGo-Tail-Number: [u'AAATestNAS_178']
2013-11-20 10:57:09,568: DEBUG: Acct-Output-Octets: [4641699]
2013-11-20 10:57:09,569: DEBUG: NAS-IP-Address: ['10.254.183.1']
2013-11-20 10:57:09,569: DEBUG: GoGo-Total-Output-Gigawords: [0]
2013-11-20 10:57:09,569: DEBUG: Framed-IP-Address: ['10.254.183.120']
2013-11-20 10:57:09,569: DEBUG: GoGo-Total-Input-Voice-Gigawords: [0]
2013-11-20 10:57:09,570: DEBUG: GoGo-Total-Output-Octets: [4641699]
2013-11-20 10:57:09,570: DEBUG: GoGo-Acct-Input-Voice-Octets: [0]
2013-11-20 10:57:09,570: DEBUG: GoGo-Total-Input-Voice-Packets: [0]
2013-11-20 10:57:09,570: DEBUG: Called-Station-Id: [u'00:16:3E:10:D4:87']
2013-11-20 10:57:09,571: DEBUG: WISPr-Location-Name: [u'TEST LLC,BA01_01009']
2013-11-20 10:57:09,571: DEBUG: NAS-Identifier: [u'C08386']
2013-11-20 10:57:09,571: DEBUG: Proxy-State: ['3330,3132']
2013-11-20 10:57:09,572: DEBUG: GoGo-Total-Input-Voice-Octets: [0]
2013-11-20 10:57:09,572: DEBUG: Acct-Status-Type: ['Interim-Update']
2013-11-20 10:57:09,572: DEBUG: GoGo-Total-Output-Voice-Gigawords: [0]
2013-11-20 10:57:09,572: DEBUG: GoGo-Airline: [u'BA01']
2013-11-20 10:57:09,573: DEBUG: Acct-Session-Id: [u'AAATestNAS_178-1384925209490-00163E10D487-1']
2013-11-20 10:57:09,573: DEBUG: Acct-Session-Time: [10]
2013-11-20 10:57:09,573: DEBUG: Acct-Input-Packets: [20243]
2013-11-20 10:57:09,573: DEBUG: Acct-Output-Packets: [25941]
2013-11-20 10:57:09,574: DEBUG: GoGo-Acct-Output-Voice-Packets: [0]
2013-11-20 10:57:09,574: DEBUG: GoGo-Acct-Output-Voice-Octets: [0]
2013-11-20 10:57:09,574: DEBUG: Acct-Output-Gigawords: [0]
2013-11-20 10:57:09,575: DEBUG: GoGo-Total-Output-Voice-Packets: [0]
2013-11-20 10:57:09,575: DEBUG: Acct-Input-Gigawords: [0]
2013-11-20 10:57:09,575: DEBUG: Calling-Station-Id: [u'18:21:31:41:52:59']
2013-11-20 10:57:09,576: DEBUG: NAS-Port-Type: ['Wireless-802.11']
2013-11-20 10:57:09,576: DEBUG: GoGo-Total-Output-Voice-Octets: [0]
2013-11-20 10:57:09,577: DEBUG: GoGo-Private-IP-Address: ['192.168.1.179']
2013-11-20 10:57:09,577: DEBUG: GoGo-Acct-Input-Voice-Gigawords: [0]
2013-11-20 10:57:09,578: DEBUG: GoGo-Total-Input-Packets: [20243]
2013-11-20 10:57:09,578: DEBUG: GoGo-Total-Input-Gigawords: [0]
2013-11-20 10:57:09,578: DEBUG: GoGo-Acct-Input-Voice-Packets: [0]
2013-11-20 10:57:09,579: DEBUG: GoGo-Total-Input-Octets: [8873631]
2013-11-20 10:57:09,579: DEBUG: GoGo-Total-Output-Packets: [25941]
2013-11-20 10:57:09,579: DEBUG: WISPr-Location-ID: [u'airline=BA01,tail=01009,network=']
2013-11-20 10:57:09,580: DEBUG: GoGo-Acct-Output-Voice-Gigawords: [0]
2013-11-20 10:57:09,580: DEBUG: Acct-Input-Octets: [8873631]
2013-11-20 10:57:09,582: DEBUG: 

2013-11-20 10:57:09,582: DEBUG: Received response with following attributes:
2013-11-20 10:57:19,583: DEBUG: 

2013-11-20 10:57:19,585: DEBUG: Creating Accounting Update Request with the following Attributes:
2013-11-20 10:57:19,586: DEBUG: User-Name: [u'username40@airborne.aircell.com']
2013-11-20 10:57:19,587: DEBUG: GoGo-Tail-Number: [u'AAATestNAS_178']
2013-11-20 10:57:19,592: DEBUG: Acct-Output-Octets: [7061445]
2013-11-20 10:57:19,594: DEBUG: NAS-IP-Address: ['10.254.183.1']
2013-11-20 10:57:19,595: DEBUG: GoGo-Total-Output-Gigawords: [0]
2013-11-20 10:57:19,596: DEBUG: Framed-IP-Address: ['10.254.183.120']
2013-11-20 10:57:19,596: DEBUG: GoGo-Total-Input-Voice-Gigawords: [0]
2013-11-20 10:57:19,598: DEBUG: GoGo-Total-Output-Octets: [7061445]
2013-11-20 10:57:19,600: DEBUG: GoGo-Acct-Input-Voice-Octets: [0]
2013-11-20 10:57:19,604: DEBUG: GoGo-Total-Input-Voice-Packets: [0]
2013-11-20 10:57:19,608: DEBUG: Called-Station-Id: [u'00:16:3E:10:D4:87']
2013-11-20 10:57:19,610: DEBUG: WISPr-Location-Name: [u'TEST LLC,BA01_01009']
2013-11-20 10:57:19,611: DEBUG: NAS-Identifier: [u'C08386']
2013-11-20 10:57:19,613: DEBUG: Proxy-State: ['3330,3132']
2013-11-20 10:57:19,613: DEBUG: GoGo-Total-Input-Voice-Octets: [0]
2013-11-20 10:57:19,615: DEBUG: Acct-Status-Type: ['Interim-Update']
2013-11-20 10:57:19,616: DEBUG: GoGo-Total-Output-Voice-Gigawords: [0]
2013-11-20 10:57:19,619: DEBUG: GoGo-Airline: [u'BA01']
2013-11-20 10:57:19,621: DEBUG: Acct-Session-Id: [u'AAATestNAS_178-1384925209490-00163E10D487-1']
2013-11-20 10:57:19,622: DEBUG: Acct-Session-Time: [10]
2013-11-20 10:57:19,624: DEBUG: Acct-Input-Packets: [14363]
2013-11-20 10:57:19,626: DEBUG: Acct-Output-Packets: [34162]
2013-11-20 10:57:19,627: DEBUG: GoGo-Acct-Output-Voice-Packets: [0]
2013-11-20 10:57:19,628: DEBUG: GoGo-Acct-Output-Voice-Octets: [0]
2013-11-20 10:57:19,628: DEBUG: Acct-Output-Gigawords: [0]
2013-11-20 10:57:19,629: DEBUG: GoGo-Total-Output-Voice-Packets: [0]
2013-11-20 10:57:19,630: DEBUG: Acct-Input-Gigawords: [0]
2013-11-20 10:57:19,631: DEBUG: Calling-Station-Id: [u'18:21:31:41:52:59']
2013-11-20 10:57:19,633: DEBUG: NAS-Port-Type: ['Wireless-802.11']
2013-11-20 10:57:19,634: DEBUG: GoGo-Total-Output-Voice-Octets: [0]
2013-11-20 10:57:19,635: DEBUG: GoGo-Private-IP-Address: ['192.168.1.179']
2013-11-20 10:57:19,636: DEBUG: GoGo-Acct-Input-Voice-Gigawords: [0]
2013-11-20 10:57:19,637: DEBUG: GoGo-Total-Input-Packets: [14363]
2013-11-20 10:57:19,639: DEBUG: GoGo-Total-Input-Gigawords: [0]
2013-11-20 10:57:19,641: DEBUG: GoGo-Acct-Input-Voice-Packets: [0]
2013-11-20 10:57:19,641: DEBUG: GoGo-Total-Input-Octets: [9084358]
2013-11-20 10:57:19,642: DEBUG: GoGo-Total-Output-Packets: [34162]
2013-11-20 10:57:19,643: DEBUG: WISPr-Location-ID: [u'airline=BA01,tail=01009,network=']
2013-11-20 10:57:19,643: DEBUG: GoGo-Acct-Output-Voice-Gigawords: [0]
2013-11-20 10:57:19,644: DEBUG: Acct-Input-Octets: [9084358]
2013-11-20 10:57:19,647: DEBUG: 

2013-11-20 10:57:19,647: DEBUG: Received response with following attributes:
2013-11-20 10:57:25,650: DEBUG: 

2013-11-20 10:57:25,651: DEBUG: Creating Accounting Update Request with the following Attributes:
2013-11-20 10:57:25,651: DEBUG: User-Name: [u'username40@airborne.aircell.com']
2013-11-20 10:57:25,651: DEBUG: GoGo-Tail-Number: [u'AAATestNAS_178']
2013-11-20 10:57:25,651: DEBUG: Acct-Output-Octets: [6449900]
2013-11-20 10:57:25,651: DEBUG: NAS-IP-Address: ['10.254.183.1']
2013-11-20 10:57:25,652: DEBUG: GoGo-Total-Output-Gigawords: [0]
2013-11-20 10:57:25,652: DEBUG: Framed-IP-Address: ['10.254.183.120']
2013-11-20 10:57:25,652: DEBUG: GoGo-Total-Input-Voice-Gigawords: [0]
2013-11-20 10:57:25,652: DEBUG: GoGo-Total-Output-Octets: [6449900]
2013-11-20 10:57:25,652: DEBUG: GoGo-Acct-Input-Voice-Octets: [0]
2013-11-20 10:57:25,652: DEBUG: GoGo-Total-Input-Voice-Packets: [0]
2013-11-20 10:57:25,652: DEBUG: Called-Station-Id: [u'00:16:3E:10:D4:87']
2013-11-20 10:57:25,652: DEBUG: WISPr-Location-Name: [u'TEST LLC,BA01_01009']
2013-11-20 10:57:25,652: DEBUG: NAS-Identifier: [u'C08386']
2013-11-20 10:57:25,652: DEBUG: Proxy-State: ['3330,3132']
2013-11-20 10:57:25,653: DEBUG: GoGo-Total-Input-Voice-Octets: [0]
2013-11-20 10:57:25,653: DEBUG: Acct-Status-Type: ['Interim-Update']
2013-11-20 10:57:25,653: DEBUG: GoGo-Total-Output-Voice-Gigawords: [0]
2013-11-20 10:57:25,653: DEBUG: GoGo-Airline: [u'BA01']
2013-11-20 10:57:25,653: DEBUG: Acct-Session-Id: [u'AAATestNAS_178-1384925209490-00163E10D487-1']
2013-11-20 10:57:25,653: DEBUG: Acct-Session-Time: [6]
2013-11-20 10:57:25,653: DEBUG: Acct-Input-Packets: [22317]
2013-11-20 10:57:25,653: DEBUG: Acct-Output-Packets: [42120]
2013-11-20 10:57:25,653: DEBUG: GoGo-Acct-Output-Voice-Packets: [0]
2013-11-20 10:57:25,654: DEBUG: GoGo-Acct-Output-Voice-Octets: [0]
2013-11-20 10:57:25,654: DEBUG: Acct-Output-Gigawords: [0]
2013-11-20 10:57:25,654: DEBUG: GoGo-Total-Output-Voice-Packets: [0]
2013-11-20 10:57:25,654: DEBUG: Acct-Input-Gigawords: [0]
2013-11-20 10:57:25,654: DEBUG: Calling-Station-Id: [u'18:21:31:41:52:59']
2013-11-20 10:57:25,654: DEBUG: NAS-Port-Type: ['Wireless-802.11']
2013-11-20 10:57:25,654: DEBUG: GoGo-Total-Output-Voice-Octets: [0]
2013-11-20 10:57:25,654: DEBUG: GoGo-Private-IP-Address: ['192.168.1.179']
2013-11-20 10:57:25,654: DEBUG: GoGo-Acct-Input-Voice-Gigawords: [0]
2013-11-20 10:57:25,654: DEBUG: GoGo-Total-Input-Packets: [22317]
2013-11-20 10:57:25,655: DEBUG: GoGo-Total-Input-Gigawords: [0]
2013-11-20 10:57:25,655: DEBUG: GoGo-Acct-Input-Voice-Packets: [0]
2013-11-20 10:57:25,655: DEBUG: GoGo-Total-Input-Octets: [2251096]
2013-11-20 10:57:25,655: DEBUG: GoGo-Total-Output-Packets: [42120]
2013-11-20 10:57:25,655: DEBUG: WISPr-Location-ID: [u'airline=BA01,tail=01009,network=']
2013-11-20 10:57:25,655: DEBUG: GoGo-Acct-Output-Voice-Gigawords: [0]
2013-11-20 10:57:25,655: DEBUG: Acct-Input-Octets: [2251096]
2013-11-20 10:57:25,657: DEBUG: 

2013-11-20 10:57:25,657: DEBUG: Received response with following attributes:
2013-11-20 10:57:52,658: DEBUG: 

2013-11-20 10:57:52,659: DEBUG: Creating Accounting Stop Request with the following Attributes:
2013-11-20 10:57:52,659: DEBUG: User-Name: [u'username40@airborne.aircell.com']
2013-11-20 10:57:52,659: DEBUG: GoGo-Tail-Number: [u'01009']
2013-11-20 10:57:52,660: DEBUG: Acct-Output-Octets: [3052127]
2013-11-20 10:57:52,660: DEBUG: NAS-IP-Address: ['10.254.183.1']
2013-11-20 10:57:52,660: DEBUG: GoGo-Total-Output-Gigawords: [0]
2013-11-20 10:57:52,660: DEBUG: Framed-IP-Address: ['10.254.183.120']
2013-11-20 10:57:52,661: DEBUG: GoGo-Total-Input-Voice-Gigawords: [0]
2013-11-20 10:57:52,661: DEBUG: GoGo-Total-Output-Octets: [3052127]
2013-11-20 10:57:52,661: DEBUG: GoGo-Acct-Input-Voice-Octets: [0]
2013-11-20 10:57:52,661: DEBUG: GoGo-Total-Input-Voice-Packets: [0]
2013-11-20 10:57:52,661: DEBUG: Called-Station-Id: [u'00:16:3E:10:D4:87']
2013-11-20 10:57:52,662: DEBUG: WISPr-Location-Name: [u'TEST LLC,BA01_01009']
2013-11-20 10:57:52,662: DEBUG: NAS-Identifier: [u'C08386']
2013-11-20 10:57:52,662: DEBUG: Proxy-State: ['3330,3132']
2013-11-20 10:57:52,662: DEBUG: GoGo-Total-Input-Voice-Octets: [0]
2013-11-20 10:57:52,662: DEBUG: Acct-Status-Type: ['Stop']
2013-11-20 10:57:52,663: DEBUG: GoGo-Total-Output-Voice-Gigawords: [0]
2013-11-20 10:57:52,663: DEBUG: GoGo-Airline: [u'BA01']
2013-11-20 10:57:52,663: DEBUG: Acct-Session-Id: [u'AAATestNAS_178-1384925209490-00163E10D487-1']
2013-11-20 10:57:52,663: DEBUG: Acct-Session-Time: [27]
2013-11-20 10:57:52,663: DEBUG: Acct-Input-Packets: [48477]
2013-11-20 10:57:52,663: DEBUG: Acct-Output-Packets: [12679]
2013-11-20 10:57:52,663: DEBUG: Acct-Terminate-Cause: ['User-Request']
2013-11-20 10:57:52,664: DEBUG: GoGo-Acct-Output-Voice-Octets: [0]
2013-11-20 10:57:52,664: DEBUG: Acct-Output-Gigawords: [0]
2013-11-20 10:57:52,664: DEBUG: GoGo-Total-Output-Voice-Packets: [0]
2013-11-20 10:57:52,664: DEBUG: Acct-Input-Gigawords: [0]
2013-11-20 10:57:52,664: DEBUG: Calling-Station-Id: [u'18:21:31:41:52:59']
2013-11-20 10:57:52,664: DEBUG: NAS-Port-Type: ['Wireless-802.11']
2013-11-20 10:57:52,665: DEBUG: GoGo-Total-Output-Voice-Octets: [0]
2013-11-20 10:57:52,665: DEBUG: GoGo-Private-IP-Address: ['192.168.1.179']
2013-11-20 10:57:52,665: DEBUG: GoGo-Acct-Input-Voice-Gigawords: [0]
2013-11-20 10:57:52,665: DEBUG: GoGo-Total-Input-Packets: [48477]
2013-11-20 10:57:52,665: DEBUG: GoGo-Total-Input-Gigawords: [0]
2013-11-20 10:57:52,665: DEBUG: GoGo-Acct-Input-Voice-Packets: [0]
2013-11-20 10:57:52,665: DEBUG: GoGo-Total-Input-Octets: [7936494]
2013-11-20 10:57:52,666: DEBUG: GoGo-Total-Output-Packets: [12679]
2013-11-20 10:57:52,666: DEBUG: WISPr-Location-ID: [u'airline=BA01,tail=01009,network=']
2013-11-20 10:57:52,666: DEBUG: GoGo-Acct-Output-Voice-Packets: [0]
2013-11-20 10:57:52,666: DEBUG: GoGo-Acct-Output-Voice-Gigawords: [0]
2013-11-20 10:57:52,666: DEBUG: Acct-Input-Octets: [7936494]
2013-11-20 10:57:52,666: ERROR: Network error, Reason: 'Network error: Too many open files'
2013-11-20 10:57:52,667: ERROR: Ending the test for this user
2013-11-20 10:57:52,667: DEBUG: Ending the test for this user
