2013-11-20 10:56:39,460: DEBUG: Starting the client for the user username29@airborne.aircell.com to the server localhost

2013-11-20 10:56:39,460: DEBUG: DURATION of the TEST: 39
2013-11-20 10:56:39,461: DEBUG: NAS-IP: 10.254.89.1
2013-11-20 10:56:39,461: DEBUG: NAS-MAC-ADDR: 17:21:31:41:52:54
2013-11-20 10:56:39,462: DEBUG: Abruptly End: False
2013-11-20 10:56:39,462: DEBUG: Framed-IP: 10.254.89.99
2013-11-20 10:56:39,462: DEBUG: User-MAC-Addr: 00:16:3E:38:05:BE
2013-11-20 10:56:39,463: DEBUG: 

2013-11-20 10:56:39,463: DEBUG: Creating Authentication Request with the following Attributes:
2013-11-20 10:56:39,463: DEBUG: NAS-Identifier: [u'C08386']
2013-11-20 10:56:39,464: DEBUG: User-Name: [u'username29@airborne.aircell.com']
2013-11-20 10:56:39,464: DEBUG: NAS-IP-Address: ['10.254.89.1']
2013-11-20 10:56:39,464: DEBUG: Service-Type: ['Authenticate-Only']
2013-11-20 10:56:39,464: DEBUG: Proxy-State: ['3237,3134']
2013-11-20 10:56:39,464: DEBUG: Framed-IP-Address: ['10.254.89.99']
2013-11-20 10:56:39,465: DEBUG: GoGo-Airline: [u'BA01']
2013-11-20 10:56:39,465: DEBUG: Acct-Session-Id: [u'AAATestNAS_84-1384925199463-00163E3805BE-1']
2013-11-20 10:56:39,465: DEBUG: GoGo-Tail-Number: [u'AAATestNAS_84']
2013-11-20 10:56:39,465: DEBUG: GoGo-Private-IP-Address: ['192.168.1.179']
2013-11-20 10:56:39,466: DEBUG: WISPr-Location-ID: [u'airline=BA01,tail=01009,network=']
2013-11-20 10:56:39,466: DEBUG: WISPr-Location-Name: [u'TEST LLC,BA01_01009']
2013-11-20 10:56:39,466: DEBUG: NAS-Port-Type: ['Wireless-802.11']
2013-11-20 10:56:39,466: DEBUG: Called-Station-Id: [u'00:16:3E:38:05:BE']
2013-11-20 10:56:39,467: DEBUG: Calling-Station-Id: [u'17:21:31:41:52:54']
2013-11-20 10:56:39,468: DEBUG: 

2013-11-20 10:56:39,468: DEBUG: Received response with code: 2, Accepted
2013-11-20 10:56:39,469: DEBUG: Creating Authentication Request with the following Attributes:
2013-11-20 10:56:39,469: DEBUG: NAS-Identifier: [u'C08386']
2013-11-20 10:56:39,470: DEBUG: User-Name: [u'username29@airborne.aircell.com']
2013-11-20 10:56:39,470: DEBUG: NAS-IP-Address: ['10.254.89.1']
2013-11-20 10:56:39,471: DEBUG: Service-Type: ['Login-User']
2013-11-20 10:56:39,471: DEBUG: Proxy-State: ['3237,3134']
2013-11-20 10:56:39,471: DEBUG: Framed-IP-Address: ['10.254.89.99']
2013-11-20 10:56:39,472: DEBUG: GoGo-Airline: [u'BA01']
2013-11-20 10:56:39,472: DEBUG: Acct-Session-Id: [u'AAATestNAS_84-1384925199469-00163E3805BE-1']
2013-11-20 10:56:39,473: DEBUG: GoGo-Tail-Number: [u'AAATestNAS_84']
2013-11-20 10:56:39,473: DEBUG: GoGo-Private-IP-Address: ['192.168.1.179']
2013-11-20 10:56:39,473: DEBUG: WISPr-Location-ID: [u'airline=BA01,tail=01009,network=']
2013-11-20 10:56:39,474: DEBUG: WISPr-Location-Name: [u'TEST LLC,BA01_01009']
2013-11-20 10:56:39,474: DEBUG: NAS-Port-Type: ['Wireless-802.11']
2013-11-20 10:56:39,474: DEBUG: Called-Station-Id: [u'00:16:3E:38:05:BE']
2013-11-20 10:56:39,475: DEBUG: Calling-Station-Id: [u'17:21:31:41:52:54']
2013-11-20 10:56:39,476: DEBUG: 

2013-11-20 10:56:39,477: DEBUG: Received response with code: 2, Accepted
2013-11-20 10:56:39,477: DEBUG: 

2013-11-20 10:56:39,478: DEBUG: Creating Accounting start Request with the following Attributes:
2013-11-20 10:56:39,478: DEBUG: NAS-Identifier: [u'C08386']
2013-11-20 10:56:39,478: DEBUG: User-Name: [u'username29@airborne.aircell.com']
2013-11-20 10:56:39,478: DEBUG: GoGo-Tail-Number: [u'AAATestNAS_84']
2013-11-20 10:56:39,479: DEBUG: NAS-IP-Address: ['10.254.89.1']
2013-11-20 10:56:39,479: DEBUG: Proxy-State: ['3239,3131']
2013-11-20 10:56:39,480: DEBUG: Acct-Status-Type: ['Start']
2013-11-20 10:56:39,480: DEBUG: GoGo-Airline: [u'BA01']
2013-11-20 10:56:39,480: DEBUG: Acct-Session-Id: [u'AAATestNAS_84-1384925199469-00163E3805BE-1']
2013-11-20 10:56:39,481: DEBUG: GoGo-Private-IP-Address: ['192.168.1.179']
2013-11-20 10:56:39,481: DEBUG: Framed-IP-Address: ['10.254.89.99']
2013-11-20 10:56:39,482: DEBUG: WISPr-Location-ID: [u'airline=BA01,tail=01009,network=']
2013-11-20 10:56:39,482: DEBUG: WISPr-Location-Name: [u'TEST LLC,BA01_01009']
2013-11-20 10:56:39,483: DEBUG: NAS-Port-Type: ['Wireless-802.11']
2013-11-20 10:56:39,483: DEBUG: Called-Station-Id: [u'00:16:3E:38:05:BE']
2013-11-20 10:56:39,483: DEBUG: Calling-Station-Id: [u'17:21:31:41:52:54']
2013-11-20 10:56:39,486: DEBUG: 

2013-11-20 10:56:39,487: DEBUG: Received response with following attributes:
2013-11-20 10:56:49,490: DEBUG: 

2013-11-20 10:56:49,491: DEBUG: Creating Accounting Update Request with the following Attributes:
2013-11-20 10:56:49,493: DEBUG: User-Name: [u'username29@airborne.aircell.com']
2013-11-20 10:56:49,493: DEBUG: GoGo-Tail-Number: [u'AAATestNAS_84']
2013-11-20 10:56:49,494: DEBUG: Acct-Output-Octets: [1531555]
2013-11-20 10:56:49,495: DEBUG: NAS-IP-Address: ['10.254.89.1']
2013-11-20 10:56:49,496: DEBUG: GoGo-Total-Output-Gigawords: [0]
2013-11-20 10:56:49,497: DEBUG: Framed-IP-Address: ['10.254.89.99']
2013-11-20 10:56:49,497: DEBUG: GoGo-Total-Input-Voice-Gigawords: [0]
2013-11-20 10:56:49,498: DEBUG: GoGo-Total-Output-Octets: [1531555]
2013-11-20 10:56:49,498: DEBUG: GoGo-Acct-Input-Voice-Octets: [0]
2013-11-20 10:56:49,499: DEBUG: GoGo-Total-Input-Voice-Packets: [0]
2013-11-20 10:56:49,500: DEBUG: Called-Station-Id: [u'00:16:3E:38:05:BE']
2013-11-20 10:56:49,501: DEBUG: WISPr-Location-Name: [u'TEST LLC,BA01_01009']
2013-11-20 10:56:49,501: DEBUG: NAS-Identifier: [u'C08386']
2013-11-20 10:56:49,502: DEBUG: Proxy-State: ['3330,3132']
2013-11-20 10:56:49,503: DEBUG: GoGo-Total-Input-Voice-Octets: [0]
2013-11-20 10:56:49,504: DEBUG: Acct-Status-Type: ['Interim-Update']
2013-11-20 10:56:49,506: DEBUG: GoGo-Total-Output-Voice-Gigawords: [0]
2013-11-20 10:56:49,508: DEBUG: GoGo-Airline: [u'BA01']
2013-11-20 10:56:49,509: DEBUG: Acct-Session-Id: [u'AAATestNAS_84-1384925199469-00163E3805BE-1']
2013-11-20 10:56:49,510: DEBUG: Acct-Session-Time: [10]
2013-11-20 10:56:49,511: DEBUG: Acct-Input-Packets: [29808]
2013-11-20 10:56:49,513: DEBUG: Acct-Output-Packets: [10733]
2013-11-20 10:56:49,514: DEBUG: GoGo-Acct-Output-Voice-Packets: [0]
2013-11-20 10:56:49,516: DEBUG: GoGo-Acct-Output-Voice-Octets: [0]
2013-11-20 10:56:49,517: DEBUG: Acct-Output-Gigawords: [0]
2013-11-20 10:56:49,517: DEBUG: GoGo-Total-Output-Voice-Packets: [0]
2013-11-20 10:56:49,519: DEBUG: Acct-Input-Gigawords: [0]
2013-11-20 10:56:49,520: DEBUG: Calling-Station-Id: [u'17:21:31:41:52:54']
2013-11-20 10:56:49,521: DEBUG: NAS-Port-Type: ['Wireless-802.11']
2013-11-20 10:56:49,522: DEBUG: GoGo-Total-Output-Voice-Octets: [0]
2013-11-20 10:56:49,523: DEBUG: GoGo-Private-IP-Address: ['192.168.1.179']
2013-11-20 10:56:49,524: DEBUG: GoGo-Acct-Input-Voice-Gigawords: [0]
2013-11-20 10:56:49,525: DEBUG: GoGo-Total-Input-Packets: [29808]
2013-11-20 10:56:49,528: DEBUG: GoGo-Total-Input-Gigawords: [0]
2013-11-20 10:56:49,529: DEBUG: GoGo-Acct-Input-Voice-Packets: [0]
2013-11-20 10:56:49,529: DEBUG: GoGo-Total-Input-Octets: [6368512]
2013-11-20 10:56:49,529: DEBUG: GoGo-Total-Output-Packets: [10733]
2013-11-20 10:56:49,532: DEBUG: WISPr-Location-ID: [u'airline=BA01,tail=01009,network=']
2013-11-20 10:56:49,535: DEBUG: GoGo-Acct-Output-Voice-Gigawords: [0]
2013-11-20 10:56:49,536: DEBUG: Acct-Input-Octets: [6368512]
2013-11-20 10:56:49,540: DEBUG: 

2013-11-20 10:56:49,543: DEBUG: Received response with following attributes:
2013-11-20 10:56:59,544: DEBUG: 

2013-11-20 10:56:59,545: DEBUG: Creating Accounting Update Request with the following Attributes:
2013-11-20 10:56:59,545: DEBUG: User-Name: [u'username29@airborne.aircell.com']
2013-11-20 10:56:59,546: DEBUG: GoGo-Tail-Number: [u'AAATestNAS_84']
2013-11-20 10:56:59,546: DEBUG: Acct-Output-Octets: [4155528]
2013-11-20 10:56:59,546: DEBUG: NAS-IP-Address: ['10.254.89.1']
2013-11-20 10:56:59,547: DEBUG: GoGo-Total-Output-Gigawords: [0]
2013-11-20 10:56:59,547: DEBUG: Framed-IP-Address: ['10.254.89.99']
2013-11-20 10:56:59,547: DEBUG: GoGo-Total-Input-Voice-Gigawords: [0]
2013-11-20 10:56:59,548: DEBUG: GoGo-Total-Output-Octets: [4155528]
2013-11-20 10:56:59,549: DEBUG: GoGo-Acct-Input-Voice-Octets: [0]
2013-11-20 10:56:59,549: DEBUG: GoGo-Total-Input-Voice-Packets: [0]
2013-11-20 10:56:59,549: DEBUG: Called-Station-Id: [u'00:16:3E:38:05:BE']
2013-11-20 10:56:59,549: DEBUG: WISPr-Location-Name: [u'TEST LLC,BA01_01009']
2013-11-20 10:56:59,550: DEBUG: NAS-Identifier: [u'C08386']
2013-11-20 10:56:59,550: DEBUG: Proxy-State: ['3330,3132']
2013-11-20 10:56:59,550: DEBUG: GoGo-Total-Input-Voice-Octets: [0]
2013-11-20 10:56:59,550: DEBUG: Acct-Status-Type: ['Interim-Update']
2013-11-20 10:56:59,551: DEBUG: GoGo-Total-Output-Voice-Gigawords: [0]
2013-11-20 10:56:59,551: DEBUG: GoGo-Airline: [u'BA01']
2013-11-20 10:56:59,552: DEBUG: Acct-Session-Id: [u'AAATestNAS_84-1384925199469-00163E3805BE-1']
2013-11-20 10:56:59,553: DEBUG: Acct-Session-Time: [10]
2013-11-20 10:56:59,553: DEBUG: Acct-Input-Packets: [65058]
2013-11-20 10:56:59,554: DEBUG: Acct-Output-Packets: [14752]
2013-11-20 10:56:59,554: DEBUG: GoGo-Acct-Output-Voice-Packets: [0]
2013-11-20 10:56:59,555: DEBUG: GoGo-Acct-Output-Voice-Octets: [0]
2013-11-20 10:56:59,555: DEBUG: Acct-Output-Gigawords: [0]
2013-11-20 10:56:59,556: DEBUG: GoGo-Total-Output-Voice-Packets: [0]
2013-11-20 10:56:59,556: DEBUG: Acct-Input-Gigawords: [0]
2013-11-20 10:56:59,557: DEBUG: Calling-Station-Id: [u'17:21:31:41:52:54']
2013-11-20 10:56:59,557: DEBUG: NAS-Port-Type: ['Wireless-802.11']
2013-11-20 10:56:59,557: DEBUG: GoGo-Total-Output-Voice-Octets: [0]
2013-11-20 10:56:59,558: DEBUG: GoGo-Private-IP-Address: ['192.168.1.179']
2013-11-20 10:56:59,559: DEBUG: GoGo-Acct-Input-Voice-Gigawords: [0]
2013-11-20 10:56:59,559: DEBUG: GoGo-Total-Input-Packets: [65058]
2013-11-20 10:56:59,559: DEBUG: GoGo-Total-Input-Gigawords: [0]
2013-11-20 10:56:59,560: DEBUG: GoGo-Acct-Input-Voice-Packets: [0]
2013-11-20 10:56:59,560: DEBUG: GoGo-Total-Input-Octets: [8893206]
2013-11-20 10:56:59,560: DEBUG: GoGo-Total-Output-Packets: [14752]
2013-11-20 10:56:59,561: DEBUG: WISPr-Location-ID: [u'airline=BA01,tail=01009,network=']
2013-11-20 10:56:59,561: DEBUG: GoGo-Acct-Output-Voice-Gigawords: [0]
2013-11-20 10:56:59,561: DEBUG: Acct-Input-Octets: [8893206]
2013-11-20 10:56:59,564: DEBUG: 

2013-11-20 10:56:59,564: DEBUG: Received response with following attributes:
2013-11-20 10:57:09,565: DEBUG: 

2013-11-20 10:57:09,565: DEBUG: Creating Accounting Update Request with the following Attributes:
2013-11-20 10:57:09,565: DEBUG: User-Name: [u'username29@airborne.aircell.com']
2013-11-20 10:57:09,566: DEBUG: GoGo-Tail-Number: [u'AAATestNAS_84']
2013-11-20 10:57:09,566: DEBUG: Acct-Output-Octets: [2644296]
2013-11-20 10:57:09,566: DEBUG: NAS-IP-Address: ['10.254.89.1']
2013-11-20 10:57:09,566: DEBUG: GoGo-Total-Output-Gigawords: [0]
2013-11-20 10:57:09,566: DEBUG: Framed-IP-Address: ['10.254.89.99']
2013-11-20 10:57:09,566: DEBUG: GoGo-Total-Input-Voice-Gigawords: [0]
2013-11-20 10:57:09,566: DEBUG: GoGo-Total-Output-Octets: [2644296]
2013-11-20 10:57:09,566: DEBUG: GoGo-Acct-Input-Voice-Octets: [0]
2013-11-20 10:57:09,566: DEBUG: GoGo-Total-Input-Voice-Packets: [0]
2013-11-20 10:57:09,567: DEBUG: Called-Station-Id: [u'00:16:3E:38:05:BE']
2013-11-20 10:57:09,567: DEBUG: WISPr-Location-Name: [u'TEST LLC,BA01_01009']
2013-11-20 10:57:09,568: DEBUG: NAS-Identifier: [u'C08386']
2013-11-20 10:57:09,568: DEBUG: Proxy-State: ['3330,3132']
2013-11-20 10:57:09,568: DEBUG: GoGo-Total-Input-Voice-Octets: [0]
2013-11-20 10:57:09,568: DEBUG: Acct-Status-Type: ['Interim-Update']
2013-11-20 10:57:09,569: DEBUG: GoGo-Total-Output-Voice-Gigawords: [0]
2013-11-20 10:57:09,569: DEBUG: GoGo-Airline: [u'BA01']
2013-11-20 10:57:09,569: DEBUG: Acct-Session-Id: [u'AAATestNAS_84-1384925199469-00163E3805BE-1']
2013-11-20 10:57:09,570: DEBUG: Acct-Session-Time: [10]
2013-11-20 10:57:09,570: DEBUG: Acct-Input-Packets: [48487]
2013-11-20 10:57:09,570: DEBUG: Acct-Output-Packets: [11113]
2013-11-20 10:57:09,570: DEBUG: GoGo-Acct-Output-Voice-Packets: [0]
2013-11-20 10:57:09,571: DEBUG: GoGo-Acct-Output-Voice-Octets: [0]
2013-11-20 10:57:09,571: DEBUG: Acct-Output-Gigawords: [0]
2013-11-20 10:57:09,571: DEBUG: GoGo-Total-Output-Voice-Packets: [0]
2013-11-20 10:57:09,572: DEBUG: Acct-Input-Gigawords: [0]
2013-11-20 10:57:09,572: DEBUG: Calling-Station-Id: [u'17:21:31:41:52:54']
2013-11-20 10:57:09,572: DEBUG: NAS-Port-Type: ['Wireless-802.11']
2013-11-20 10:57:09,572: DEBUG: GoGo-Total-Output-Voice-Octets: [0]
2013-11-20 10:57:09,573: DEBUG: GoGo-Private-IP-Address: ['192.168.1.179']
2013-11-20 10:57:09,573: DEBUG: GoGo-Acct-Input-Voice-Gigawords: [0]
2013-11-20 10:57:09,573: DEBUG: GoGo-Total-Input-Packets: [48487]
2013-11-20 10:57:09,574: DEBUG: GoGo-Total-Input-Gigawords: [0]
2013-11-20 10:57:09,574: DEBUG: GoGo-Acct-Input-Voice-Packets: [0]
2013-11-20 10:57:09,574: DEBUG: GoGo-Total-Input-Octets: [9504974]
2013-11-20 10:57:09,575: DEBUG: GoGo-Total-Output-Packets: [11113]
2013-11-20 10:57:09,575: DEBUG: WISPr-Location-ID: [u'airline=BA01,tail=01009,network=']
2013-11-20 10:57:09,575: DEBUG: GoGo-Acct-Output-Voice-Gigawords: [0]
2013-11-20 10:57:09,575: DEBUG: Acct-Input-Octets: [9504974]
2013-11-20 10:57:09,579: DEBUG: 

2013-11-20 10:57:09,579: DEBUG: Received response with following attributes:
2013-11-20 10:57:18,580: DEBUG: 

2013-11-20 10:57:18,581: DEBUG: Creating Accounting Update Request with the following Attributes:
2013-11-20 10:57:18,581: DEBUG: User-Name: [u'username29@airborne.aircell.com']
2013-11-20 10:57:18,581: DEBUG: GoGo-Tail-Number: [u'AAATestNAS_84']
2013-11-20 10:57:18,581: DEBUG: Acct-Output-Octets: [1656568]
2013-11-20 10:57:18,581: DEBUG: NAS-IP-Address: ['10.254.89.1']
2013-11-20 10:57:18,581: DEBUG: GoGo-Total-Output-Gigawords: [0]
2013-11-20 10:57:18,582: DEBUG: Framed-IP-Address: ['10.254.89.99']
2013-11-20 10:57:18,582: DEBUG: GoGo-Total-Input-Voice-Gigawords: [0]
2013-11-20 10:57:18,582: DEBUG: GoGo-Total-Output-Octets: [1656568]
2013-11-20 10:57:18,582: DEBUG: GoGo-Acct-Input-Voice-Octets: [0]
2013-11-20 10:57:18,582: DEBUG: GoGo-Total-Input-Voice-Packets: [0]
2013-11-20 10:57:18,582: DEBUG: Called-Station-Id: [u'00:16:3E:38:05:BE']
2013-11-20 10:57:18,582: DEBUG: WISPr-Location-Name: [u'TEST LLC,BA01_01009']
2013-11-20 10:57:18,582: DEBUG: NAS-Identifier: [u'C08386']
2013-11-20 10:57:18,582: DEBUG: Proxy-State: ['3330,3132']
2013-11-20 10:57:18,583: DEBUG: GoGo-Total-Input-Voice-Octets: [0]
2013-11-20 10:57:18,583: DEBUG: Acct-Status-Type: ['Interim-Update']
2013-11-20 10:57:18,583: DEBUG: GoGo-Total-Output-Voice-Gigawords: [0]
2013-11-20 10:57:18,583: DEBUG: GoGo-Airline: [u'BA01']
2013-11-20 10:57:18,583: DEBUG: Acct-Session-Id: [u'AAATestNAS_84-1384925199469-00163E3805BE-1']
2013-11-20 10:57:18,583: DEBUG: Acct-Session-Time: [9]
2013-11-20 10:57:18,583: DEBUG: Acct-Input-Packets: [10972]
2013-11-20 10:57:18,583: DEBUG: Acct-Output-Packets: [4055]
2013-11-20 10:57:18,583: DEBUG: GoGo-Acct-Output-Voice-Packets: [0]
2013-11-20 10:57:18,583: DEBUG: GoGo-Acct-Output-Voice-Octets: [0]
2013-11-20 10:57:18,584: DEBUG: Acct-Output-Gigawords: [0]
2013-11-20 10:57:18,584: DEBUG: GoGo-Total-Output-Voice-Packets: [0]
2013-11-20 10:57:18,584: DEBUG: Acct-Input-Gigawords: [0]
2013-11-20 10:57:18,584: DEBUG: Calling-Station-Id: [u'17:21:31:41:52:54']
2013-11-20 10:57:18,584: DEBUG: NAS-Port-Type: ['Wireless-802.11']
2013-11-20 10:57:18,584: DEBUG: GoGo-Total-Output-Voice-Octets: [0]
2013-11-20 10:57:18,584: DEBUG: GoGo-Private-IP-Address: ['192.168.1.179']
2013-11-20 10:57:18,584: DEBUG: GoGo-Acct-Input-Voice-Gigawords: [0]
2013-11-20 10:57:18,584: DEBUG: GoGo-Total-Input-Packets: [10972]
2013-11-20 10:57:18,584: DEBUG: GoGo-Total-Input-Gigawords: [0]
2013-11-20 10:57:18,585: DEBUG: GoGo-Acct-Input-Voice-Packets: [0]
2013-11-20 10:57:18,585: DEBUG: GoGo-Total-Input-Octets: [1121113]
2013-11-20 10:57:18,585: DEBUG: GoGo-Total-Output-Packets: [4055]
2013-11-20 10:57:18,585: DEBUG: WISPr-Location-ID: [u'airline=BA01,tail=01009,network=']
2013-11-20 10:57:18,585: DEBUG: GoGo-Acct-Output-Voice-Gigawords: [0]
2013-11-20 10:57:18,585: DEBUG: Acct-Input-Octets: [1121113]
2013-11-20 10:57:18,586: DEBUG: 

2013-11-20 10:57:18,587: DEBUG: Received response with following attributes:
2013-11-20 10:57:41,587: DEBUG: 

2013-11-20 10:57:41,588: DEBUG: Creating Accounting Stop Request with the following Attributes:
2013-11-20 10:57:41,589: DEBUG: User-Name: [u'username29@airborne.aircell.com']
2013-11-20 10:57:41,589: DEBUG: GoGo-Tail-Number: [u'01009']
2013-11-20 10:57:41,589: DEBUG: Acct-Output-Octets: [2913014]
2013-11-20 10:57:41,590: DEBUG: NAS-IP-Address: ['10.254.89.1']
2013-11-20 10:57:41,591: DEBUG: GoGo-Total-Output-Gigawords: [0]
2013-11-20 10:57:41,592: DEBUG: Framed-IP-Address: ['10.254.89.99']
2013-11-20 10:57:41,592: DEBUG: GoGo-Total-Input-Voice-Gigawords: [0]
2013-11-20 10:57:41,593: DEBUG: GoGo-Total-Output-Octets: [2913014]
2013-11-20 10:57:41,593: DEBUG: GoGo-Acct-Input-Voice-Octets: [0]
2013-11-20 10:57:41,593: DEBUG: GoGo-Total-Input-Voice-Packets: [0]
2013-11-20 10:57:41,594: DEBUG: Called-Station-Id: [u'00:16:3E:38:05:BE']
2013-11-20 10:57:41,594: DEBUG: WISPr-Location-Name: [u'TEST LLC,BA01_01009']
2013-11-20 10:57:41,594: DEBUG: NAS-Identifier: [u'C08386']
2013-11-20 10:57:41,595: DEBUG: Proxy-State: ['3330,3132']
2013-11-20 10:57:41,595: DEBUG: GoGo-Total-Input-Voice-Octets: [0]
2013-11-20 10:57:41,595: DEBUG: Acct-Status-Type: ['Stop']
2013-11-20 10:57:41,596: DEBUG: GoGo-Total-Output-Voice-Gigawords: [0]
2013-11-20 10:57:41,596: DEBUG: GoGo-Airline: [u'BA01']
2013-11-20 10:57:41,596: DEBUG: Acct-Session-Id: [u'AAATestNAS_84-1384925199469-00163E3805BE-1']
2013-11-20 10:57:41,597: DEBUG: Acct-Session-Time: [23]
2013-11-20 10:57:41,597: DEBUG: Acct-Input-Packets: [56303]
2013-11-20 10:57:41,597: DEBUG: Acct-Output-Packets: [15599]
2013-11-20 10:57:41,598: DEBUG: Acct-Terminate-Cause: ['User-Request']
2013-11-20 10:57:41,599: DEBUG: GoGo-Acct-Output-Voice-Octets: [0]
2013-11-20 10:57:41,599: DEBUG: Acct-Output-Gigawords: [0]
2013-11-20 10:57:41,599: DEBUG: GoGo-Total-Output-Voice-Packets: [0]
2013-11-20 10:57:41,600: DEBUG: Acct-Input-Gigawords: [0]
2013-11-20 10:57:41,600: DEBUG: Calling-Station-Id: [u'17:21:31:41:52:54']
2013-11-20 10:57:41,600: DEBUG: NAS-Port-Type: ['Wireless-802.11']
2013-11-20 10:57:41,601: DEBUG: GoGo-Total-Output-Voice-Octets: [0]
2013-11-20 10:57:41,602: DEBUG: GoGo-Private-IP-Address: ['192.168.1.179']
2013-11-20 10:57:41,602: DEBUG: GoGo-Acct-Input-Voice-Gigawords: [0]
2013-11-20 10:57:41,603: DEBUG: GoGo-Total-Input-Packets: [56303]
2013-11-20 10:57:41,603: DEBUG: GoGo-Total-Input-Gigawords: [0]
2013-11-20 10:57:41,603: DEBUG: GoGo-Acct-Input-Voice-Packets: [0]
2013-11-20 10:57:41,604: DEBUG: GoGo-Total-Input-Octets: [6376992]
2013-11-20 10:57:41,604: DEBUG: GoGo-Total-Output-Packets: [15599]
2013-11-20 10:57:41,605: DEBUG: WISPr-Location-ID: [u'airline=BA01,tail=01009,network=']
2013-11-20 10:57:41,605: DEBUG: GoGo-Acct-Output-Voice-Packets: [0]
2013-11-20 10:57:41,606: DEBUG: GoGo-Acct-Output-Voice-Gigawords: [0]
2013-11-20 10:57:41,607: DEBUG: Acct-Input-Octets: [6376992]
2013-11-20 10:57:41,607: ERROR: Network error, Reason: 'Network error: Too many open files'
2013-11-20 10:57:41,608: ERROR: Ending the test for this user
2013-11-20 10:57:41,608: DEBUG: Ending the test for this user
