2013-11-20 10:56:43,472: DEBUG: Starting the client for the user username44@airborne.aircell.com to the server localhost

2013-11-20 10:56:43,474: DEBUG: DURATION of the TEST: 72
2013-11-20 10:56:43,474: DEBUG: NAS-IP: 10.254.38.1
2013-11-20 10:56:43,476: DEBUG: NAS-MAC-ADDR: 16:21:31:41:51:93
2013-11-20 10:56:43,479: DEBUG: Abruptly End: True
2013-11-20 10:56:43,481: DEBUG: Framed-IP: 10.254.38.9
2013-11-20 10:56:43,482: DEBUG: User-MAC-Addr: 00:16:3E:54:6D:72
2013-11-20 10:56:43,483: DEBUG: 

2013-11-20 10:56:43,484: DEBUG: Creating Authentication Request with the following Attributes:
2013-11-20 10:56:43,484: DEBUG: NAS-Identifier: [u'C08386']
2013-11-20 10:56:43,485: DEBUG: User-Name: [u'username44@airborne.aircell.com']
2013-11-20 10:56:43,486: DEBUG: NAS-IP-Address: ['10.254.38.1']
2013-11-20 10:56:43,486: DEBUG: Service-Type: ['Authenticate-Only']
2013-11-20 10:56:43,487: DEBUG: Proxy-State: ['3237,3134']
2013-11-20 10:56:43,487: DEBUG: Framed-IP-Address: ['10.254.38.9']
2013-11-20 10:56:43,487: DEBUG: GoGo-Airline: [u'BA01']
2013-11-20 10:56:43,489: DEBUG: Acct-Session-Id: [u'AAATestNAS_33-1384925203484-00163E546D72-1']
2013-11-20 10:56:43,491: DEBUG: GoGo-Tail-Number: [u'AAATestNAS_33']
2013-11-20 10:56:43,491: DEBUG: GoGo-Private-IP-Address: ['192.168.1.179']
2013-11-20 10:56:43,492: DEBUG: WISPr-Location-ID: [u'airline=BA01,tail=01009,network=']
2013-11-20 10:56:43,492: DEBUG: WISPr-Location-Name: [u'TEST LLC,BA01_01009']
2013-11-20 10:56:43,493: DEBUG: NAS-Port-Type: ['Wireless-802.11']
2013-11-20 10:56:43,494: DEBUG: Called-Station-Id: [u'00:16:3E:54:6D:72']
2013-11-20 10:56:43,494: DEBUG: Calling-Station-Id: [u'16:21:31:41:51:93']
2013-11-20 10:56:43,497: DEBUG: 

2013-11-20 10:56:43,497: DEBUG: Received response with code: 2, Accepted
2013-11-20 10:56:43,498: DEBUG: Creating Authentication Request with the following Attributes:
2013-11-20 10:56:43,499: DEBUG: NAS-Identifier: [u'C08386']
2013-11-20 10:56:43,500: DEBUG: User-Name: [u'username44@airborne.aircell.com']
2013-11-20 10:56:43,501: DEBUG: NAS-IP-Address: ['10.254.38.1']
2013-11-20 10:56:43,502: DEBUG: Service-Type: ['Login-User']
2013-11-20 10:56:43,502: DEBUG: Proxy-State: ['3237,3134']
2013-11-20 10:56:43,503: DEBUG: Framed-IP-Address: ['10.254.38.9']
2013-11-20 10:56:43,504: DEBUG: GoGo-Airline: [u'BA01']
2013-11-20 10:56:43,504: DEBUG: Acct-Session-Id: [u'AAATestNAS_33-1384925203498-00163E546D72-1']
2013-11-20 10:56:43,505: DEBUG: GoGo-Tail-Number: [u'AAATestNAS_33']
2013-11-20 10:56:43,505: DEBUG: GoGo-Private-IP-Address: ['192.168.1.179']
2013-11-20 10:56:43,506: DEBUG: WISPr-Location-ID: [u'airline=BA01,tail=01009,network=']
2013-11-20 10:56:43,507: DEBUG: WISPr-Location-Name: [u'TEST LLC,BA01_01009']
2013-11-20 10:56:43,507: DEBUG: NAS-Port-Type: ['Wireless-802.11']
2013-11-20 10:56:43,508: DEBUG: Called-Station-Id: [u'00:16:3E:54:6D:72']
2013-11-20 10:56:43,509: DEBUG: Calling-Station-Id: [u'16:21:31:41:51:93']
2013-11-20 10:56:43,512: DEBUG: 

2013-11-20 10:56:43,514: DEBUG: Received response with code: 2, Accepted
2013-11-20 10:56:43,515: DEBUG: 

2013-11-20 10:56:43,517: DEBUG: Creating Accounting start Request with the following Attributes:
2013-11-20 10:56:43,518: DEBUG: NAS-Identifier: [u'C08386']
2013-11-20 10:56:43,518: DEBUG: User-Name: [u'username44@airborne.aircell.com']
2013-11-20 10:56:43,519: DEBUG: GoGo-Tail-Number: [u'AAATestNAS_33']
2013-11-20 10:56:43,520: DEBUG: NAS-IP-Address: ['10.254.38.1']
2013-11-20 10:56:43,520: DEBUG: Proxy-State: ['3239,3131']
2013-11-20 10:56:43,520: DEBUG: Acct-Status-Type: ['Start']
2013-11-20 10:56:43,521: DEBUG: GoGo-Airline: [u'BA01']
2013-11-20 10:56:43,521: DEBUG: Acct-Session-Id: [u'AAATestNAS_33-1384925203498-00163E546D72-1']
2013-11-20 10:56:43,521: DEBUG: GoGo-Private-IP-Address: ['192.168.1.179']
2013-11-20 10:56:43,522: DEBUG: Framed-IP-Address: ['10.254.38.9']
2013-11-20 10:56:43,522: DEBUG: WISPr-Location-ID: [u'airline=BA01,tail=01009,network=']
2013-11-20 10:56:43,522: DEBUG: WISPr-Location-Name: [u'TEST LLC,BA01_01009']
2013-11-20 10:56:43,522: DEBUG: NAS-Port-Type: ['Wireless-802.11']
2013-11-20 10:56:43,523: DEBUG: Called-Station-Id: [u'00:16:3E:54:6D:72']
2013-11-20 10:56:43,523: DEBUG: Calling-Station-Id: [u'16:21:31:41:51:93']
2013-11-20 10:56:43,524: DEBUG: 

2013-11-20 10:56:43,524: DEBUG: Received response with following attributes:
2013-11-20 10:56:53,525: DEBUG: 

2013-11-20 10:56:53,526: DEBUG: Creating Accounting Update Request with the following Attributes:
2013-11-20 10:56:53,527: DEBUG: User-Name: [u'username44@airborne.aircell.com']
2013-11-20 10:56:53,527: DEBUG: GoGo-Tail-Number: [u'AAATestNAS_33']
2013-11-20 10:56:53,528: DEBUG: Acct-Output-Octets: [2484686]
2013-11-20 10:56:53,528: DEBUG: NAS-IP-Address: ['10.254.38.1']
2013-11-20 10:56:53,530: DEBUG: GoGo-Total-Output-Gigawords: [0]
2013-11-20 10:56:53,531: DEBUG: Framed-IP-Address: ['10.254.38.9']
2013-11-20 10:56:53,531: DEBUG: GoGo-Total-Input-Voice-Gigawords: [0]
2013-11-20 10:56:53,532: DEBUG: GoGo-Total-Output-Octets: [2484686]
2013-11-20 10:56:53,533: DEBUG: GoGo-Acct-Input-Voice-Octets: [0]
2013-11-20 10:56:53,534: DEBUG: GoGo-Total-Input-Voice-Packets: [0]
2013-11-20 10:56:53,534: DEBUG: Called-Station-Id: [u'00:16:3E:54:6D:72']
2013-11-20 10:56:53,535: DEBUG: WISPr-Location-Name: [u'TEST LLC,BA01_01009']
2013-11-20 10:56:53,535: DEBUG: NAS-Identifier: [u'C08386']
2013-11-20 10:56:53,536: DEBUG: Proxy-State: ['3330,3132']
2013-11-20 10:56:53,536: DEBUG: GoGo-Total-Input-Voice-Octets: [0]
2013-11-20 10:56:53,537: DEBUG: Acct-Status-Type: ['Interim-Update']
2013-11-20 10:56:53,538: DEBUG: GoGo-Total-Output-Voice-Gigawords: [0]
2013-11-20 10:56:53,538: DEBUG: GoGo-Airline: [u'BA01']
2013-11-20 10:56:53,539: DEBUG: Acct-Session-Id: [u'AAATestNAS_33-1384925203498-00163E546D72-1']
2013-11-20 10:56:53,539: DEBUG: Acct-Session-Time: [10]
2013-11-20 10:56:53,540: DEBUG: Acct-Input-Packets: [13788]
2013-11-20 10:56:53,540: DEBUG: Acct-Output-Packets: [20482]
2013-11-20 10:56:53,541: DEBUG: GoGo-Acct-Output-Voice-Packets: [0]
2013-11-20 10:56:53,542: DEBUG: GoGo-Acct-Output-Voice-Octets: [0]
2013-11-20 10:56:53,542: DEBUG: Acct-Output-Gigawords: [0]
2013-11-20 10:56:53,542: DEBUG: GoGo-Total-Output-Voice-Packets: [0]
2013-11-20 10:56:53,543: DEBUG: Acct-Input-Gigawords: [0]
2013-11-20 10:56:53,543: DEBUG: Calling-Station-Id: [u'16:21:31:41:51:93']
2013-11-20 10:56:53,544: DEBUG: NAS-Port-Type: ['Wireless-802.11']
2013-11-20 10:56:53,544: DEBUG: GoGo-Total-Output-Voice-Octets: [0]
2013-11-20 10:56:53,544: DEBUG: GoGo-Private-IP-Address: ['192.168.1.179']
2013-11-20 10:56:53,546: DEBUG: GoGo-Acct-Input-Voice-Gigawords: [0]
2013-11-20 10:56:53,546: DEBUG: GoGo-Total-Input-Packets: [13788]
2013-11-20 10:56:53,547: DEBUG: GoGo-Total-Input-Gigawords: [0]
2013-11-20 10:56:53,547: DEBUG: GoGo-Acct-Input-Voice-Packets: [0]
2013-11-20 10:56:53,547: DEBUG: GoGo-Total-Input-Octets: [2242290]
2013-11-20 10:56:53,548: DEBUG: GoGo-Total-Output-Packets: [20482]
2013-11-20 10:56:53,549: DEBUG: WISPr-Location-ID: [u'airline=BA01,tail=01009,network=']
2013-11-20 10:56:53,550: DEBUG: GoGo-Acct-Output-Voice-Gigawords: [0]
2013-11-20 10:56:53,551: DEBUG: Acct-Input-Octets: [2242290]
2013-11-20 10:56:53,553: DEBUG: 

2013-11-20 10:56:53,553: DEBUG: Received response with following attributes:
2013-11-20 10:56:53,553: DEBUG: User has abruptly end flag so ending the test with out AcctStop
2013-11-20 10:56:53,554: DEBUG: Ending the test for this user
2013-11-20 10:56:54,480: DEBUG: Starting the client for the user username44@airborne.aircell.com to the server localhost

2013-11-20 10:56:54,480: DEBUG: Starting the client for the user username44@airborne.aircell.com to the server localhost

2013-11-20 10:56:54,481: DEBUG: DURATION of the TEST: 28
2013-11-20 10:56:54,481: DEBUG: DURATION of the TEST: 28
2013-11-20 10:56:54,482: DEBUG: NAS-IP: 10.254.94.1
2013-11-20 10:56:54,482: DEBUG: NAS-IP: 10.254.94.1
2013-11-20 10:56:54,482: DEBUG: NAS-MAC-ADDR: 17:21:31:41:52:59
2013-11-20 10:56:54,482: DEBUG: NAS-MAC-ADDR: 17:21:31:41:52:59
2013-11-20 10:56:54,483: DEBUG: Abruptly End: False
2013-11-20 10:56:54,483: DEBUG: Abruptly End: False
2013-11-20 10:56:54,483: DEBUG: Framed-IP: 10.254.94.107
2013-11-20 10:56:54,483: DEBUG: Framed-IP: 10.254.94.107
2013-11-20 10:56:54,483: DEBUG: User-MAC-Addr: 00:16:3E:70:64:65
2013-11-20 10:56:54,483: DEBUG: User-MAC-Addr: 00:16:3E:70:64:65
2013-11-20 10:56:54,484: DEBUG: 

2013-11-20 10:56:54,484: DEBUG: 

2013-11-20 10:56:54,485: DEBUG: Creating Authentication Request with the following Attributes:
2013-11-20 10:56:54,485: DEBUG: Creating Authentication Request with the following Attributes:
2013-11-20 10:56:54,486: DEBUG: NAS-Identifier: [u'C08386']
2013-11-20 10:56:54,486: DEBUG: NAS-Identifier: [u'C08386']
2013-11-20 10:56:54,486: DEBUG: User-Name: [u'username44@airborne.aircell.com']
2013-11-20 10:56:54,486: DEBUG: User-Name: [u'username44@airborne.aircell.com']
2013-11-20 10:56:54,487: DEBUG: NAS-IP-Address: ['10.254.94.1']
2013-11-20 10:56:54,487: DEBUG: NAS-IP-Address: ['10.254.94.1']
2013-11-20 10:56:54,487: DEBUG: Service-Type: ['Authenticate-Only']
2013-11-20 10:56:54,487: DEBUG: Service-Type: ['Authenticate-Only']
2013-11-20 10:56:54,488: DEBUG: Proxy-State: ['3237,3134']
2013-11-20 10:56:54,488: DEBUG: Proxy-State: ['3237,3134']
2013-11-20 10:56:54,488: DEBUG: Framed-IP-Address: ['10.254.94.107']
2013-11-20 10:56:54,488: DEBUG: Framed-IP-Address: ['10.254.94.107']
2013-11-20 10:56:54,489: DEBUG: GoGo-Airline: [u'BA01']
2013-11-20 10:56:54,489: DEBUG: GoGo-Airline: [u'BA01']
2013-11-20 10:56:54,489: DEBUG: Acct-Session-Id: [u'AAATestNAS_89-1384925214485-00163E706465-1']
2013-11-20 10:56:54,489: DEBUG: Acct-Session-Id: [u'AAATestNAS_89-1384925214485-00163E706465-1']
2013-11-20 10:56:54,490: DEBUG: GoGo-Tail-Number: [u'AAATestNAS_89']
2013-11-20 10:56:54,490: DEBUG: GoGo-Tail-Number: [u'AAATestNAS_89']
2013-11-20 10:56:54,490: DEBUG: GoGo-Private-IP-Address: ['192.168.1.179']
2013-11-20 10:56:54,490: DEBUG: GoGo-Private-IP-Address: ['192.168.1.179']
2013-11-20 10:56:54,491: DEBUG: WISPr-Location-ID: [u'airline=BA01,tail=01009,network=']
2013-11-20 10:56:54,491: DEBUG: WISPr-Location-ID: [u'airline=BA01,tail=01009,network=']
2013-11-20 10:56:54,491: DEBUG: WISPr-Location-Name: [u'TEST LLC,BA01_01009']
2013-11-20 10:56:54,491: DEBUG: WISPr-Location-Name: [u'TEST LLC,BA01_01009']
2013-11-20 10:56:54,492: DEBUG: NAS-Port-Type: ['Wireless-802.11']
2013-11-20 10:56:54,492: DEBUG: NAS-Port-Type: ['Wireless-802.11']
2013-11-20 10:56:54,492: DEBUG: Called-Station-Id: [u'00:16:3E:70:64:65']
2013-11-20 10:56:54,492: DEBUG: Called-Station-Id: [u'00:16:3E:70:64:65']
2013-11-20 10:56:54,493: DEBUG: Calling-Station-Id: [u'17:21:31:41:52:59']
2013-11-20 10:56:54,493: DEBUG: Calling-Station-Id: [u'17:21:31:41:52:59']
2013-11-20 10:56:54,495: DEBUG: 

2013-11-20 10:56:54,495: DEBUG: 

2013-11-20 10:56:54,495: DEBUG: Received response with code: 2, Accepted
2013-11-20 10:56:54,495: DEBUG: Received response with code: 2, Accepted
2013-11-20 10:56:54,496: DEBUG: Creating Authentication Request with the following Attributes:
2013-11-20 10:56:54,496: DEBUG: Creating Authentication Request with the following Attributes:
2013-11-20 10:56:54,497: DEBUG: NAS-Identifier: [u'C08386']
2013-11-20 10:56:54,497: DEBUG: NAS-Identifier: [u'C08386']
2013-11-20 10:56:54,497: DEBUG: User-Name: [u'username44@airborne.aircell.com']
2013-11-20 10:56:54,497: DEBUG: User-Name: [u'username44@airborne.aircell.com']
2013-11-20 10:56:54,498: DEBUG: NAS-IP-Address: ['10.254.94.1']
2013-11-20 10:56:54,498: DEBUG: NAS-IP-Address: ['10.254.94.1']
2013-11-20 10:56:54,499: DEBUG: Service-Type: ['Login-User']
2013-11-20 10:56:54,499: DEBUG: Service-Type: ['Login-User']
2013-11-20 10:56:54,499: DEBUG: Proxy-State: ['3237,3134']
2013-11-20 10:56:54,499: DEBUG: Proxy-State: ['3237,3134']
2013-11-20 10:56:54,500: DEBUG: Framed-IP-Address: ['10.254.94.107']
2013-11-20 10:56:54,500: DEBUG: Framed-IP-Address: ['10.254.94.107']
2013-11-20 10:56:54,501: DEBUG: GoGo-Airline: [u'BA01']
2013-11-20 10:56:54,501: DEBUG: GoGo-Airline: [u'BA01']
2013-11-20 10:56:54,502: DEBUG: Acct-Session-Id: [u'AAATestNAS_89-1384925214496-00163E706465-1']
2013-11-20 10:56:54,502: DEBUG: Acct-Session-Id: [u'AAATestNAS_89-1384925214496-00163E706465-1']
2013-11-20 10:56:54,502: DEBUG: GoGo-Tail-Number: [u'AAATestNAS_89']
2013-11-20 10:56:54,502: DEBUG: GoGo-Tail-Number: [u'AAATestNAS_89']
2013-11-20 10:56:54,503: DEBUG: GoGo-Private-IP-Address: ['192.168.1.179']
2013-11-20 10:56:54,503: DEBUG: GoGo-Private-IP-Address: ['192.168.1.179']
2013-11-20 10:56:54,503: DEBUG: WISPr-Location-ID: [u'airline=BA01,tail=01009,network=']
2013-11-20 10:56:54,503: DEBUG: WISPr-Location-ID: [u'airline=BA01,tail=01009,network=']
2013-11-20 10:56:54,504: DEBUG: WISPr-Location-Name: [u'TEST LLC,BA01_01009']
2013-11-20 10:56:54,504: DEBUG: WISPr-Location-Name: [u'TEST LLC,BA01_01009']
2013-11-20 10:56:54,505: DEBUG: NAS-Port-Type: ['Wireless-802.11']
2013-11-20 10:56:54,505: DEBUG: NAS-Port-Type: ['Wireless-802.11']
2013-11-20 10:56:54,505: DEBUG: Called-Station-Id: [u'00:16:3E:70:64:65']
2013-11-20 10:56:54,505: DEBUG: Called-Station-Id: [u'00:16:3E:70:64:65']
2013-11-20 10:56:54,506: DEBUG: Calling-Station-Id: [u'17:21:31:41:52:59']
2013-11-20 10:56:54,506: DEBUG: Calling-Station-Id: [u'17:21:31:41:52:59']
2013-11-20 10:56:54,507: DEBUG: 

2013-11-20 10:56:54,507: DEBUG: 

2013-11-20 10:56:54,507: DEBUG: Received response with code: 2, Accepted
2013-11-20 10:56:54,507: DEBUG: Received response with code: 2, Accepted
2013-11-20 10:56:54,507: DEBUG: 

2013-11-20 10:56:54,507: DEBUG: 

2013-11-20 10:56:54,508: DEBUG: Creating Accounting start Request with the following Attributes:
2013-11-20 10:56:54,508: DEBUG: Creating Accounting start Request with the following Attributes:
2013-11-20 10:56:54,508: DEBUG: NAS-Identifier: [u'C08386']
2013-11-20 10:56:54,508: DEBUG: NAS-Identifier: [u'C08386']
2013-11-20 10:56:54,508: DEBUG: User-Name: [u'username44@airborne.aircell.com']
2013-11-20 10:56:54,508: DEBUG: User-Name: [u'username44@airborne.aircell.com']
2013-11-20 10:56:54,509: DEBUG: GoGo-Tail-Number: [u'AAATestNAS_89']
2013-11-20 10:56:54,509: DEBUG: GoGo-Tail-Number: [u'AAATestNAS_89']
2013-11-20 10:56:54,509: DEBUG: NAS-IP-Address: ['10.254.94.1']
2013-11-20 10:56:54,509: DEBUG: NAS-IP-Address: ['10.254.94.1']
2013-11-20 10:56:54,509: DEBUG: Proxy-State: ['3239,3131']
2013-11-20 10:56:54,509: DEBUG: Proxy-State: ['3239,3131']
2013-11-20 10:56:54,509: DEBUG: Acct-Status-Type: ['Start']
2013-11-20 10:56:54,509: DEBUG: Acct-Status-Type: ['Start']
2013-11-20 10:56:54,509: DEBUG: GoGo-Airline: [u'BA01']
2013-11-20 10:56:54,509: DEBUG: GoGo-Airline: [u'BA01']
2013-11-20 10:56:54,509: DEBUG: Acct-Session-Id: [u'AAATestNAS_89-1384925214496-00163E706465-1']
2013-11-20 10:56:54,509: DEBUG: Acct-Session-Id: [u'AAATestNAS_89-1384925214496-00163E706465-1']
2013-11-20 10:56:54,510: DEBUG: GoGo-Private-IP-Address: ['192.168.1.179']
2013-11-20 10:56:54,510: DEBUG: GoGo-Private-IP-Address: ['192.168.1.179']
2013-11-20 10:56:54,510: DEBUG: Framed-IP-Address: ['10.254.94.107']
2013-11-20 10:56:54,510: DEBUG: Framed-IP-Address: ['10.254.94.107']
2013-11-20 10:56:54,510: DEBUG: WISPr-Location-ID: [u'airline=BA01,tail=01009,network=']
2013-11-20 10:56:54,510: DEBUG: WISPr-Location-ID: [u'airline=BA01,tail=01009,network=']
2013-11-20 10:56:54,510: DEBUG: WISPr-Location-Name: [u'TEST LLC,BA01_01009']
2013-11-20 10:56:54,510: DEBUG: WISPr-Location-Name: [u'TEST LLC,BA01_01009']
2013-11-20 10:56:54,510: DEBUG: NAS-Port-Type: ['Wireless-802.11']
2013-11-20 10:56:54,510: DEBUG: NAS-Port-Type: ['Wireless-802.11']
2013-11-20 10:56:54,510: DEBUG: Called-Station-Id: [u'00:16:3E:70:64:65']
2013-11-20 10:56:54,510: DEBUG: Called-Station-Id: [u'00:16:3E:70:64:65']
2013-11-20 10:56:54,510: DEBUG: Calling-Station-Id: [u'17:21:31:41:52:59']
2013-11-20 10:56:54,510: DEBUG: Calling-Station-Id: [u'17:21:31:41:52:59']
2013-11-20 10:56:54,511: DEBUG: 

2013-11-20 10:56:54,511: DEBUG: 

2013-11-20 10:56:54,511: DEBUG: Received response with following attributes:
2013-11-20 10:56:54,511: DEBUG: Received response with following attributes:
2013-11-20 10:57:04,513: DEBUG: 

2013-11-20 10:57:04,513: DEBUG: 

2013-11-20 10:57:04,513: DEBUG: Creating Accounting Update Request with the following Attributes:
2013-11-20 10:57:04,513: DEBUG: Creating Accounting Update Request with the following Attributes:
2013-11-20 10:57:04,514: DEBUG: User-Name: [u'username44@airborne.aircell.com']
2013-11-20 10:57:04,514: DEBUG: User-Name: [u'username44@airborne.aircell.com']
2013-11-20 10:57:04,515: DEBUG: GoGo-Tail-Number: [u'AAATestNAS_89']
2013-11-20 10:57:04,515: DEBUG: GoGo-Tail-Number: [u'AAATestNAS_89']
2013-11-20 10:57:04,516: DEBUG: Acct-Output-Octets: [3097120]
2013-11-20 10:57:04,516: DEBUG: Acct-Output-Octets: [3097120]
2013-11-20 10:57:04,516: DEBUG: NAS-IP-Address: ['10.254.94.1']
2013-11-20 10:57:04,516: DEBUG: NAS-IP-Address: ['10.254.94.1']
2013-11-20 10:57:04,517: DEBUG: GoGo-Total-Output-Gigawords: [0]
2013-11-20 10:57:04,517: DEBUG: GoGo-Total-Output-Gigawords: [0]
2013-11-20 10:57:04,518: DEBUG: Framed-IP-Address: ['10.254.94.107']
2013-11-20 10:57:04,518: DEBUG: Framed-IP-Address: ['10.254.94.107']
2013-11-20 10:57:04,519: DEBUG: GoGo-Total-Input-Voice-Gigawords: [0]
2013-11-20 10:57:04,519: DEBUG: GoGo-Total-Input-Voice-Gigawords: [0]
2013-11-20 10:57:04,520: DEBUG: GoGo-Total-Output-Octets: [3097120]
2013-11-20 10:57:04,520: DEBUG: GoGo-Total-Output-Octets: [3097120]
2013-11-20 10:57:04,520: DEBUG: GoGo-Acct-Input-Voice-Octets: [0]
2013-11-20 10:57:04,520: DEBUG: GoGo-Acct-Input-Voice-Octets: [0]
2013-11-20 10:57:04,521: DEBUG: GoGo-Total-Input-Voice-Packets: [0]
2013-11-20 10:57:04,521: DEBUG: GoGo-Total-Input-Voice-Packets: [0]
2013-11-20 10:57:04,522: DEBUG: Called-Station-Id: [u'00:16:3E:70:64:65']
2013-11-20 10:57:04,522: DEBUG: Called-Station-Id: [u'00:16:3E:70:64:65']
2013-11-20 10:57:04,524: DEBUG: WISPr-Location-Name: [u'TEST LLC,BA01_01009']
2013-11-20 10:57:04,524: DEBUG: WISPr-Location-Name: [u'TEST LLC,BA01_01009']
2013-11-20 10:57:04,525: DEBUG: NAS-Identifier: [u'C08386']
2013-11-20 10:57:04,525: DEBUG: NAS-Identifier: [u'C08386']
2013-11-20 10:57:04,527: DEBUG: Proxy-State: ['3330,3132']
2013-11-20 10:57:04,527: DEBUG: Proxy-State: ['3330,3132']
2013-11-20 10:57:04,528: DEBUG: GoGo-Total-Input-Voice-Octets: [0]
2013-11-20 10:57:04,528: DEBUG: GoGo-Total-Input-Voice-Octets: [0]
2013-11-20 10:57:04,528: DEBUG: Acct-Status-Type: ['Interim-Update']
2013-11-20 10:57:04,528: DEBUG: Acct-Status-Type: ['Interim-Update']
2013-11-20 10:57:04,529: DEBUG: GoGo-Total-Output-Voice-Gigawords: [0]
2013-11-20 10:57:04,529: DEBUG: GoGo-Total-Output-Voice-Gigawords: [0]
2013-11-20 10:57:04,530: DEBUG: GoGo-Airline: [u'BA01']
2013-11-20 10:57:04,530: DEBUG: GoGo-Airline: [u'BA01']
2013-11-20 10:57:04,531: DEBUG: Acct-Session-Id: [u'AAATestNAS_89-1384925214496-00163E706465-1']
2013-11-20 10:57:04,531: DEBUG: Acct-Session-Id: [u'AAATestNAS_89-1384925214496-00163E706465-1']
2013-11-20 10:57:04,532: DEBUG: Acct-Session-Time: [10]
2013-11-20 10:57:04,532: DEBUG: Acct-Session-Time: [10]
2013-11-20 10:57:04,533: DEBUG: Acct-Input-Packets: [77718]
2013-11-20 10:57:04,533: DEBUG: Acct-Input-Packets: [77718]
2013-11-20 10:57:04,534: DEBUG: Acct-Output-Packets: [29942]
2013-11-20 10:57:04,534: DEBUG: Acct-Output-Packets: [29942]
2013-11-20 10:57:04,535: DEBUG: GoGo-Acct-Output-Voice-Packets: [0]
2013-11-20 10:57:04,535: DEBUG: GoGo-Acct-Output-Voice-Packets: [0]
2013-11-20 10:57:04,535: DEBUG: GoGo-Acct-Output-Voice-Octets: [0]
2013-11-20 10:57:04,535: DEBUG: GoGo-Acct-Output-Voice-Octets: [0]
2013-11-20 10:57:04,537: DEBUG: Acct-Output-Gigawords: [0]
2013-11-20 10:57:04,537: DEBUG: Acct-Output-Gigawords: [0]
2013-11-20 10:57:04,538: DEBUG: GoGo-Total-Output-Voice-Packets: [0]
2013-11-20 10:57:04,538: DEBUG: GoGo-Total-Output-Voice-Packets: [0]
2013-11-20 10:57:04,538: DEBUG: Acct-Input-Gigawords: [0]
2013-11-20 10:57:04,538: DEBUG: Acct-Input-Gigawords: [0]
2013-11-20 10:57:04,539: DEBUG: Calling-Station-Id: [u'17:21:31:41:52:59']
2013-11-20 10:57:04,539: DEBUG: Calling-Station-Id: [u'17:21:31:41:52:59']
2013-11-20 10:57:04,540: DEBUG: NAS-Port-Type: ['Wireless-802.11']
2013-11-20 10:57:04,540: DEBUG: NAS-Port-Type: ['Wireless-802.11']
2013-11-20 10:57:04,541: DEBUG: GoGo-Total-Output-Voice-Octets: [0]
2013-11-20 10:57:04,541: DEBUG: GoGo-Total-Output-Voice-Octets: [0]
2013-11-20 10:57:04,541: DEBUG: GoGo-Private-IP-Address: ['192.168.1.179']
2013-11-20 10:57:04,541: DEBUG: GoGo-Private-IP-Address: ['192.168.1.179']
2013-11-20 10:57:04,541: DEBUG: GoGo-Acct-Input-Voice-Gigawords: [0]
2013-11-20 10:57:04,541: DEBUG: GoGo-Acct-Input-Voice-Gigawords: [0]
2013-11-20 10:57:04,542: DEBUG: GoGo-Total-Input-Packets: [77718]
2013-11-20 10:57:04,542: DEBUG: GoGo-Total-Input-Packets: [77718]
2013-11-20 10:57:04,543: DEBUG: GoGo-Total-Input-Gigawords: [0]
2013-11-20 10:57:04,543: DEBUG: GoGo-Total-Input-Gigawords: [0]
2013-11-20 10:57:04,543: DEBUG: GoGo-Acct-Input-Voice-Packets: [0]
2013-11-20 10:57:04,543: DEBUG: GoGo-Acct-Input-Voice-Packets: [0]
2013-11-20 10:57:04,544: DEBUG: GoGo-Total-Input-Octets: [8430275]
2013-11-20 10:57:04,544: DEBUG: GoGo-Total-Input-Octets: [8430275]
2013-11-20 10:57:04,545: DEBUG: GoGo-Total-Output-Packets: [29942]
2013-11-20 10:57:04,545: DEBUG: GoGo-Total-Output-Packets: [29942]
2013-11-20 10:57:04,545: DEBUG: WISPr-Location-ID: [u'airline=BA01,tail=01009,network=']
2013-11-20 10:57:04,545: DEBUG: WISPr-Location-ID: [u'airline=BA01,tail=01009,network=']
2013-11-20 10:57:04,546: DEBUG: GoGo-Acct-Output-Voice-Gigawords: [0]
2013-11-20 10:57:04,546: DEBUG: GoGo-Acct-Output-Voice-Gigawords: [0]
2013-11-20 10:57:04,546: DEBUG: Acct-Input-Octets: [8430275]
2013-11-20 10:57:04,546: DEBUG: Acct-Input-Octets: [8430275]
2013-11-20 10:57:04,548: DEBUG: 

2013-11-20 10:57:04,548: DEBUG: 

2013-11-20 10:57:04,548: DEBUG: Received response with following attributes:
2013-11-20 10:57:04,548: DEBUG: Received response with following attributes:
2013-11-20 10:57:14,550: DEBUG: 

2013-11-20 10:57:14,550: DEBUG: 

2013-11-20 10:57:14,551: DEBUG: Creating Accounting Update Request with the following Attributes:
2013-11-20 10:57:14,551: DEBUG: Creating Accounting Update Request with the following Attributes:
2013-11-20 10:57:14,552: DEBUG: User-Name: [u'username44@airborne.aircell.com']
2013-11-20 10:57:14,552: DEBUG: User-Name: [u'username44@airborne.aircell.com']
2013-11-20 10:57:14,553: DEBUG: GoGo-Tail-Number: [u'AAATestNAS_89']
2013-11-20 10:57:14,553: DEBUG: GoGo-Tail-Number: [u'AAATestNAS_89']
2013-11-20 10:57:14,553: DEBUG: Acct-Output-Octets: [4817244]
2013-11-20 10:57:14,553: DEBUG: Acct-Output-Octets: [4817244]
2013-11-20 10:57:14,554: DEBUG: NAS-IP-Address: ['10.254.94.1']
2013-11-20 10:57:14,554: DEBUG: NAS-IP-Address: ['10.254.94.1']
2013-11-20 10:57:14,554: DEBUG: GoGo-Total-Output-Gigawords: [0]
2013-11-20 10:57:14,554: DEBUG: GoGo-Total-Output-Gigawords: [0]
2013-11-20 10:57:14,554: DEBUG: Framed-IP-Address: ['10.254.94.107']
2013-11-20 10:57:14,554: DEBUG: Framed-IP-Address: ['10.254.94.107']
2013-11-20 10:57:14,555: DEBUG: GoGo-Total-Input-Voice-Gigawords: [0]
2013-11-20 10:57:14,555: DEBUG: GoGo-Total-Input-Voice-Gigawords: [0]
2013-11-20 10:57:14,555: DEBUG: GoGo-Total-Output-Octets: [4817244]
2013-11-20 10:57:14,555: DEBUG: GoGo-Total-Output-Octets: [4817244]
2013-11-20 10:57:14,556: DEBUG: GoGo-Acct-Input-Voice-Octets: [0]
2013-11-20 10:57:14,556: DEBUG: GoGo-Acct-Input-Voice-Octets: [0]
2013-11-20 10:57:14,556: DEBUG: GoGo-Total-Input-Voice-Packets: [0]
2013-11-20 10:57:14,556: DEBUG: GoGo-Total-Input-Voice-Packets: [0]
2013-11-20 10:57:14,556: DEBUG: Called-Station-Id: [u'00:16:3E:70:64:65']
2013-11-20 10:57:14,556: DEBUG: Called-Station-Id: [u'00:16:3E:70:64:65']
2013-11-20 10:57:14,557: DEBUG: WISPr-Location-Name: [u'TEST LLC,BA01_01009']
2013-11-20 10:57:14,557: DEBUG: WISPr-Location-Name: [u'TEST LLC,BA01_01009']
2013-11-20 10:57:14,557: DEBUG: NAS-Identifier: [u'C08386']
2013-11-20 10:57:14,557: DEBUG: NAS-Identifier: [u'C08386']
2013-11-20 10:57:14,558: DEBUG: Proxy-State: ['3330,3132']
2013-11-20 10:57:14,558: DEBUG: Proxy-State: ['3330,3132']
2013-11-20 10:57:14,558: DEBUG: GoGo-Total-Input-Voice-Octets: [0]
2013-11-20 10:57:14,558: DEBUG: GoGo-Total-Input-Voice-Octets: [0]
2013-11-20 10:57:14,558: DEBUG: Acct-Status-Type: ['Interim-Update']
2013-11-20 10:57:14,558: DEBUG: Acct-Status-Type: ['Interim-Update']
2013-11-20 10:57:14,559: DEBUG: GoGo-Total-Output-Voice-Gigawords: [0]
2013-11-20 10:57:14,559: DEBUG: GoGo-Total-Output-Voice-Gigawords: [0]
2013-11-20 10:57:14,559: DEBUG: GoGo-Airline: [u'BA01']
2013-11-20 10:57:14,559: DEBUG: GoGo-Airline: [u'BA01']
2013-11-20 10:57:14,559: DEBUG: Acct-Session-Id: [u'AAATestNAS_89-1384925214496-00163E706465-1']
2013-11-20 10:57:14,559: DEBUG: Acct-Session-Id: [u'AAATestNAS_89-1384925214496-00163E706465-1']
2013-11-20 10:57:14,560: DEBUG: Acct-Session-Time: [10]
2013-11-20 10:57:14,560: DEBUG: Acct-Session-Time: [10]
2013-11-20 10:57:14,560: DEBUG: Acct-Input-Packets: [90428]
2013-11-20 10:57:14,560: DEBUG: Acct-Input-Packets: [90428]
2013-11-20 10:57:14,560: DEBUG: Acct-Output-Packets: [45102]
2013-11-20 10:57:14,560: DEBUG: Acct-Output-Packets: [45102]
2013-11-20 10:57:14,561: DEBUG: GoGo-Acct-Output-Voice-Packets: [0]
2013-11-20 10:57:14,561: DEBUG: GoGo-Acct-Output-Voice-Packets: [0]
2013-11-20 10:57:14,561: DEBUG: GoGo-Acct-Output-Voice-Octets: [0]
2013-11-20 10:57:14,561: DEBUG: GoGo-Acct-Output-Voice-Octets: [0]
2013-11-20 10:57:14,562: DEBUG: Acct-Output-Gigawords: [0]
2013-11-20 10:57:14,562: DEBUG: Acct-Output-Gigawords: [0]
2013-11-20 10:57:14,562: DEBUG: GoGo-Total-Output-Voice-Packets: [0]
2013-11-20 10:57:14,562: DEBUG: GoGo-Total-Output-Voice-Packets: [0]
2013-11-20 10:57:14,562: DEBUG: Acct-Input-Gigawords: [0]
2013-11-20 10:57:14,562: DEBUG: Acct-Input-Gigawords: [0]
2013-11-20 10:57:14,563: DEBUG: Calling-Station-Id: [u'17:21:31:41:52:59']
2013-11-20 10:57:14,563: DEBUG: Calling-Station-Id: [u'17:21:31:41:52:59']
2013-11-20 10:57:14,563: DEBUG: NAS-Port-Type: ['Wireless-802.11']
2013-11-20 10:57:14,563: DEBUG: NAS-Port-Type: ['Wireless-802.11']
2013-11-20 10:57:14,564: DEBUG: GoGo-Total-Output-Voice-Octets: [0]
2013-11-20 10:57:14,564: DEBUG: GoGo-Total-Output-Voice-Octets: [0]
2013-11-20 10:57:14,564: DEBUG: GoGo-Private-IP-Address: ['192.168.1.179']
2013-11-20 10:57:14,564: DEBUG: GoGo-Private-IP-Address: ['192.168.1.179']
2013-11-20 10:57:14,564: DEBUG: GoGo-Acct-Input-Voice-Gigawords: [0]
2013-11-20 10:57:14,564: DEBUG: GoGo-Acct-Input-Voice-Gigawords: [0]
2013-11-20 10:57:14,565: DEBUG: GoGo-Total-Input-Packets: [90428]
2013-11-20 10:57:14,565: DEBUG: GoGo-Total-Input-Packets: [90428]
2013-11-20 10:57:14,565: DEBUG: GoGo-Total-Input-Gigawords: [0]
2013-11-20 10:57:14,565: DEBUG: GoGo-Total-Input-Gigawords: [0]
2013-11-20 10:57:14,566: DEBUG: GoGo-Acct-Input-Voice-Packets: [0]
2013-11-20 10:57:14,566: DEBUG: GoGo-Acct-Input-Voice-Packets: [0]
2013-11-20 10:57:14,566: DEBUG: GoGo-Total-Input-Octets: [9311105]
2013-11-20 10:57:14,566: DEBUG: GoGo-Total-Input-Octets: [9311105]
2013-11-20 10:57:14,566: DEBUG: GoGo-Total-Output-Packets: [45102]
2013-11-20 10:57:14,566: DEBUG: GoGo-Total-Output-Packets: [45102]
2013-11-20 10:57:14,567: DEBUG: WISPr-Location-ID: [u'airline=BA01,tail=01009,network=']
2013-11-20 10:57:14,567: DEBUG: WISPr-Location-ID: [u'airline=BA01,tail=01009,network=']
2013-11-20 10:57:14,567: DEBUG: GoGo-Acct-Output-Voice-Gigawords: [0]
2013-11-20 10:57:14,567: DEBUG: GoGo-Acct-Output-Voice-Gigawords: [0]
2013-11-20 10:57:14,567: DEBUG: Acct-Input-Octets: [9311105]
2013-11-20 10:57:14,567: DEBUG: Acct-Input-Octets: [9311105]
2013-11-20 10:57:14,569: DEBUG: 

2013-11-20 10:57:14,569: DEBUG: 

2013-11-20 10:57:14,570: DEBUG: Received response with following attributes:
2013-11-20 10:57:14,570: DEBUG: Received response with following attributes:
2013-11-20 10:57:22,571: DEBUG: 

2013-11-20 10:57:22,571: DEBUG: 

2013-11-20 10:57:22,571: DEBUG: Creating Accounting Update Request with the following Attributes:
2013-11-20 10:57:22,571: DEBUG: Creating Accounting Update Request with the following Attributes:
2013-11-20 10:57:22,572: DEBUG: User-Name: [u'username44@airborne.aircell.com']
2013-11-20 10:57:22,572: DEBUG: User-Name: [u'username44@airborne.aircell.com']
2013-11-20 10:57:22,573: DEBUG: GoGo-Tail-Number: [u'AAATestNAS_89']
2013-11-20 10:57:22,573: DEBUG: GoGo-Tail-Number: [u'AAATestNAS_89']
2013-11-20 10:57:22,574: DEBUG: Acct-Output-Octets: [7193223]
2013-11-20 10:57:22,574: DEBUG: Acct-Output-Octets: [7193223]
2013-11-20 10:57:22,574: DEBUG: NAS-IP-Address: ['10.254.94.1']
2013-11-20 10:57:22,574: DEBUG: NAS-IP-Address: ['10.254.94.1']
2013-11-20 10:57:22,575: DEBUG: GoGo-Total-Output-Gigawords: [0]
2013-11-20 10:57:22,575: DEBUG: GoGo-Total-Output-Gigawords: [0]
2013-11-20 10:57:22,576: DEBUG: Framed-IP-Address: ['10.254.94.107']
2013-11-20 10:57:22,576: DEBUG: Framed-IP-Address: ['10.254.94.107']
2013-11-20 10:57:22,576: DEBUG: GoGo-Total-Input-Voice-Gigawords: [0]
2013-11-20 10:57:22,576: DEBUG: GoGo-Total-Input-Voice-Gigawords: [0]
2013-11-20 10:57:22,578: DEBUG: GoGo-Total-Output-Octets: [7193223]
2013-11-20 10:57:22,578: DEBUG: GoGo-Total-Output-Octets: [7193223]
2013-11-20 10:57:22,578: DEBUG: GoGo-Acct-Input-Voice-Octets: [0]
2013-11-20 10:57:22,578: DEBUG: GoGo-Acct-Input-Voice-Octets: [0]
2013-11-20 10:57:22,580: DEBUG: GoGo-Total-Input-Voice-Packets: [0]
2013-11-20 10:57:22,580: DEBUG: GoGo-Total-Input-Voice-Packets: [0]
2013-11-20 10:57:22,581: DEBUG: Called-Station-Id: [u'00:16:3E:70:64:65']
2013-11-20 10:57:22,581: DEBUG: Called-Station-Id: [u'00:16:3E:70:64:65']
2013-11-20 10:57:22,582: DEBUG: WISPr-Location-Name: [u'TEST LLC,BA01_01009']
2013-11-20 10:57:22,582: DEBUG: WISPr-Location-Name: [u'TEST LLC,BA01_01009']
2013-11-20 10:57:22,583: DEBUG: NAS-Identifier: [u'C08386']
2013-11-20 10:57:22,583: DEBUG: NAS-Identifier: [u'C08386']
2013-11-20 10:57:22,584: DEBUG: Proxy-State: ['3330,3132']
2013-11-20 10:57:22,584: DEBUG: Proxy-State: ['3330,3132']
2013-11-20 10:57:22,584: DEBUG: GoGo-Total-Input-Voice-Octets: [0]
2013-11-20 10:57:22,584: DEBUG: GoGo-Total-Input-Voice-Octets: [0]
2013-11-20 10:57:22,585: DEBUG: Acct-Status-Type: ['Interim-Update']
2013-11-20 10:57:22,585: DEBUG: Acct-Status-Type: ['Interim-Update']
2013-11-20 10:57:22,586: DEBUG: GoGo-Total-Output-Voice-Gigawords: [0]
2013-11-20 10:57:22,586: DEBUG: GoGo-Total-Output-Voice-Gigawords: [0]
2013-11-20 10:57:22,587: DEBUG: GoGo-Airline: [u'BA01']
2013-11-20 10:57:22,587: DEBUG: GoGo-Airline: [u'BA01']
2013-11-20 10:57:22,588: DEBUG: Acct-Session-Id: [u'AAATestNAS_89-1384925214496-00163E706465-1']
2013-11-20 10:57:22,588: DEBUG: Acct-Session-Id: [u'AAATestNAS_89-1384925214496-00163E706465-1']
2013-11-20 10:57:22,589: DEBUG: Acct-Session-Time: [8]
2013-11-20 10:57:22,589: DEBUG: Acct-Session-Time: [8]
2013-11-20 10:57:22,590: DEBUG: Acct-Input-Packets: [45322]
2013-11-20 10:57:22,590: DEBUG: Acct-Input-Packets: [45322]
2013-11-20 10:57:22,590: DEBUG: Acct-Output-Packets: [16667]
2013-11-20 10:57:22,590: DEBUG: Acct-Output-Packets: [16667]
2013-11-20 10:57:22,591: DEBUG: GoGo-Acct-Output-Voice-Packets: [0]
2013-11-20 10:57:22,591: DEBUG: GoGo-Acct-Output-Voice-Packets: [0]
2013-11-20 10:57:22,591: DEBUG: GoGo-Acct-Output-Voice-Octets: [0]
2013-11-20 10:57:22,591: DEBUG: GoGo-Acct-Output-Voice-Octets: [0]
2013-11-20 10:57:22,593: DEBUG: Acct-Output-Gigawords: [0]
2013-11-20 10:57:22,593: DEBUG: Acct-Output-Gigawords: [0]
2013-11-20 10:57:22,594: DEBUG: GoGo-Total-Output-Voice-Packets: [0]
2013-11-20 10:57:22,594: DEBUG: GoGo-Total-Output-Voice-Packets: [0]
2013-11-20 10:57:22,596: DEBUG: Acct-Input-Gigawords: [0]
2013-11-20 10:57:22,596: DEBUG: Acct-Input-Gigawords: [0]
2013-11-20 10:57:22,596: DEBUG: Calling-Station-Id: [u'17:21:31:41:52:59']
2013-11-20 10:57:22,596: DEBUG: Calling-Station-Id: [u'17:21:31:41:52:59']
2013-11-20 10:57:22,598: DEBUG: NAS-Port-Type: ['Wireless-802.11']
2013-11-20 10:57:22,598: DEBUG: NAS-Port-Type: ['Wireless-802.11']
2013-11-20 10:57:22,599: DEBUG: GoGo-Total-Output-Voice-Octets: [0]
2013-11-20 10:57:22,599: DEBUG: GoGo-Total-Output-Voice-Octets: [0]
2013-11-20 10:57:22,601: DEBUG: GoGo-Private-IP-Address: ['192.168.1.179']
2013-11-20 10:57:22,601: DEBUG: GoGo-Private-IP-Address: ['192.168.1.179']
2013-11-20 10:57:22,601: DEBUG: GoGo-Acct-Input-Voice-Gigawords: [0]
2013-11-20 10:57:22,601: DEBUG: GoGo-Acct-Input-Voice-Gigawords: [0]
2013-11-20 10:57:22,602: DEBUG: GoGo-Total-Input-Packets: [45322]
2013-11-20 10:57:22,602: DEBUG: GoGo-Total-Input-Packets: [45322]
2013-11-20 10:57:22,603: DEBUG: GoGo-Total-Input-Gigawords: [0]
2013-11-20 10:57:22,603: DEBUG: GoGo-Total-Input-Gigawords: [0]
2013-11-20 10:57:22,603: DEBUG: GoGo-Acct-Input-Voice-Packets: [0]
2013-11-20 10:57:22,603: DEBUG: GoGo-Acct-Input-Voice-Packets: [0]
2013-11-20 10:57:22,604: DEBUG: GoGo-Total-Input-Octets: [4842953]
2013-11-20 10:57:22,604: DEBUG: GoGo-Total-Input-Octets: [4842953]
2013-11-20 10:57:22,604: DEBUG: GoGo-Total-Output-Packets: [16667]
2013-11-20 10:57:22,604: DEBUG: GoGo-Total-Output-Packets: [16667]
2013-11-20 10:57:22,605: DEBUG: WISPr-Location-ID: [u'airline=BA01,tail=01009,network=']
2013-11-20 10:57:22,605: DEBUG: WISPr-Location-ID: [u'airline=BA01,tail=01009,network=']
2013-11-20 10:57:22,605: DEBUG: GoGo-Acct-Output-Voice-Gigawords: [0]
2013-11-20 10:57:22,605: DEBUG: GoGo-Acct-Output-Voice-Gigawords: [0]
2013-11-20 10:57:22,606: DEBUG: Acct-Input-Octets: [4842953]
2013-11-20 10:57:22,606: DEBUG: Acct-Input-Octets: [4842953]
2013-11-20 10:57:22,608: DEBUG: 

2013-11-20 10:57:22,608: DEBUG: 

2013-11-20 10:57:22,609: DEBUG: Received response with following attributes:
2013-11-20 10:57:22,609: DEBUG: Received response with following attributes:
2013-11-20 10:57:50,610: DEBUG: 

2013-11-20 10:57:50,610: DEBUG: 

2013-11-20 10:57:50,611: DEBUG: Creating Accounting Stop Request with the following Attributes:
2013-11-20 10:57:50,611: DEBUG: Creating Accounting Stop Request with the following Attributes:
2013-11-20 10:57:50,611: DEBUG: User-Name: [u'username44@airborne.aircell.com']
2013-11-20 10:57:50,611: DEBUG: User-Name: [u'username44@airborne.aircell.com']
2013-11-20 10:57:50,612: DEBUG: GoGo-Tail-Number: [u'01009']
2013-11-20 10:57:50,612: DEBUG: GoGo-Tail-Number: [u'01009']
2013-11-20 10:57:50,612: DEBUG: Acct-Output-Octets: [4217239]
2013-11-20 10:57:50,612: DEBUG: Acct-Output-Octets: [4217239]
2013-11-20 10:57:50,613: DEBUG: NAS-IP-Address: ['10.254.94.1']
2013-11-20 10:57:50,613: DEBUG: NAS-IP-Address: ['10.254.94.1']
2013-11-20 10:57:50,614: DEBUG: GoGo-Total-Output-Gigawords: [0]
2013-11-20 10:57:50,614: DEBUG: GoGo-Total-Output-Gigawords: [0]
2013-11-20 10:57:50,614: DEBUG: Framed-IP-Address: ['10.254.94.107']
2013-11-20 10:57:50,614: DEBUG: Framed-IP-Address: ['10.254.94.107']
2013-11-20 10:57:50,615: DEBUG: GoGo-Total-Input-Voice-Gigawords: [0]
2013-11-20 10:57:50,615: DEBUG: GoGo-Total-Input-Voice-Gigawords: [0]
2013-11-20 10:57:50,615: DEBUG: GoGo-Total-Output-Octets: [4217239]
2013-11-20 10:57:50,615: DEBUG: GoGo-Total-Output-Octets: [4217239]
2013-11-20 10:57:50,616: DEBUG: GoGo-Acct-Input-Voice-Octets: [0]
2013-11-20 10:57:50,616: DEBUG: GoGo-Acct-Input-Voice-Octets: [0]
2013-11-20 10:57:50,616: DEBUG: GoGo-Total-Input-Voice-Packets: [0]
2013-11-20 10:57:50,616: DEBUG: GoGo-Total-Input-Voice-Packets: [0]
2013-11-20 10:57:50,616: DEBUG: Called-Station-Id: [u'00:16:3E:70:64:65']
2013-11-20 10:57:50,616: DEBUG: Called-Station-Id: [u'00:16:3E:70:64:65']
2013-11-20 10:57:50,617: DEBUG: WISPr-Location-Name: [u'TEST LLC,BA01_01009']
2013-11-20 10:57:50,617: DEBUG: WISPr-Location-Name: [u'TEST LLC,BA01_01009']
2013-11-20 10:57:50,617: DEBUG: NAS-Identifier: [u'C08386']
2013-11-20 10:57:50,617: DEBUG: NAS-Identifier: [u'C08386']
2013-11-20 10:57:50,617: DEBUG: Proxy-State: ['3330,3132']
2013-11-20 10:57:50,617: DEBUG: Proxy-State: ['3330,3132']
2013-11-20 10:57:50,618: DEBUG: GoGo-Total-Input-Voice-Octets: [0]
2013-11-20 10:57:50,618: DEBUG: GoGo-Total-Input-Voice-Octets: [0]
2013-11-20 10:57:50,618: DEBUG: Acct-Status-Type: ['Stop']
2013-11-20 10:57:50,618: DEBUG: Acct-Status-Type: ['Stop']
2013-11-20 10:57:50,618: DEBUG: GoGo-Total-Output-Voice-Gigawords: [0]
2013-11-20 10:57:50,618: DEBUG: GoGo-Total-Output-Voice-Gigawords: [0]
2013-11-20 10:57:50,619: DEBUG: GoGo-Airline: [u'BA01']
2013-11-20 10:57:50,619: DEBUG: GoGo-Airline: [u'BA01']
2013-11-20 10:57:50,619: DEBUG: Acct-Session-Id: [u'AAATestNAS_89-1384925214496-00163E706465-1']
2013-11-20 10:57:50,619: DEBUG: Acct-Session-Id: [u'AAATestNAS_89-1384925214496-00163E706465-1']
2013-11-20 10:57:50,620: DEBUG: Acct-Session-Time: [28]
2013-11-20 10:57:50,620: DEBUG: Acct-Session-Time: [28]
2013-11-20 10:57:50,620: DEBUG: Acct-Input-Packets: [52419]
2013-11-20 10:57:50,620: DEBUG: Acct-Input-Packets: [52419]
2013-11-20 10:57:50,620: DEBUG: Acct-Output-Packets: [39558]
2013-11-20 10:57:50,620: DEBUG: Acct-Output-Packets: [39558]
2013-11-20 10:57:50,621: DEBUG: Acct-Terminate-Cause: ['User-Request']
2013-11-20 10:57:50,621: DEBUG: Acct-Terminate-Cause: ['User-Request']
2013-11-20 10:57:50,621: DEBUG: GoGo-Acct-Output-Voice-Octets: [0]
2013-11-20 10:57:50,621: DEBUG: GoGo-Acct-Output-Voice-Octets: [0]
2013-11-20 10:57:50,622: DEBUG: Acct-Output-Gigawords: [0]
2013-11-20 10:57:50,622: DEBUG: Acct-Output-Gigawords: [0]
2013-11-20 10:57:50,622: DEBUG: GoGo-Total-Output-Voice-Packets: [0]
2013-11-20 10:57:50,622: DEBUG: GoGo-Total-Output-Voice-Packets: [0]
2013-11-20 10:57:50,622: DEBUG: Acct-Input-Gigawords: [0]
2013-11-20 10:57:50,622: DEBUG: Acct-Input-Gigawords: [0]
2013-11-20 10:57:50,623: DEBUG: Calling-Station-Id: [u'17:21:31:41:52:59']
2013-11-20 10:57:50,623: DEBUG: Calling-Station-Id: [u'17:21:31:41:52:59']
2013-11-20 10:57:50,623: DEBUG: NAS-Port-Type: ['Wireless-802.11']
2013-11-20 10:57:50,623: DEBUG: NAS-Port-Type: ['Wireless-802.11']
2013-11-20 10:57:50,623: DEBUG: GoGo-Total-Output-Voice-Octets: [0]
2013-11-20 10:57:50,623: DEBUG: GoGo-Total-Output-Voice-Octets: [0]
2013-11-20 10:57:50,624: DEBUG: GoGo-Private-IP-Address: ['192.168.1.179']
2013-11-20 10:57:50,624: DEBUG: GoGo-Private-IP-Address: ['192.168.1.179']
2013-11-20 10:57:50,624: DEBUG: GoGo-Acct-Input-Voice-Gigawords: [0]
2013-11-20 10:57:50,624: DEBUG: GoGo-Acct-Input-Voice-Gigawords: [0]
2013-11-20 10:57:50,624: DEBUG: GoGo-Total-Input-Packets: [52419]
2013-11-20 10:57:50,624: DEBUG: GoGo-Total-Input-Packets: [52419]
2013-11-20 10:57:50,625: DEBUG: GoGo-Total-Input-Gigawords: [0]
2013-11-20 10:57:50,625: DEBUG: GoGo-Total-Input-Gigawords: [0]
2013-11-20 10:57:50,625: DEBUG: GoGo-Acct-Input-Voice-Packets: [0]
2013-11-20 10:57:50,625: DEBUG: GoGo-Acct-Input-Voice-Packets: [0]
2013-11-20 10:57:50,626: DEBUG: GoGo-Total-Input-Octets: [6649673]
2013-11-20 10:57:50,626: DEBUG: GoGo-Total-Input-Octets: [6649673]
2013-11-20 10:57:50,626: DEBUG: GoGo-Total-Output-Packets: [39558]
2013-11-20 10:57:50,626: DEBUG: GoGo-Total-Output-Packets: [39558]
2013-11-20 10:57:50,627: DEBUG: WISPr-Location-ID: [u'airline=BA01,tail=01009,network=']
2013-11-20 10:57:50,627: DEBUG: WISPr-Location-ID: [u'airline=BA01,tail=01009,network=']
2013-11-20 10:57:50,627: DEBUG: GoGo-Acct-Output-Voice-Packets: [0]
2013-11-20 10:57:50,627: DEBUG: GoGo-Acct-Output-Voice-Packets: [0]
2013-11-20 10:57:50,628: DEBUG: GoGo-Acct-Output-Voice-Gigawords: [0]
2013-11-20 10:57:50,628: DEBUG: GoGo-Acct-Output-Voice-Gigawords: [0]
2013-11-20 10:57:50,628: DEBUG: Acct-Input-Octets: [6649673]
2013-11-20 10:57:50,628: DEBUG: Acct-Input-Octets: [6649673]
2013-11-20 10:57:50,629: ERROR: Network error, Reason: 'Network error: Too many open files'
2013-11-20 10:57:50,629: ERROR: Network error, Reason: 'Network error: Too many open files'
2013-11-20 10:57:50,629: ERROR: Ending the test for this user
2013-11-20 10:57:50,629: ERROR: Ending the test for this user
2013-11-20 10:57:50,629: DEBUG: Ending the test for this user
2013-11-20 10:57:50,629: DEBUG: Ending the test for this user
