2013-11-20 10:55:42,252: DEBUG: Starting the client for the user username26@airborne.aircell.com to the server localhost

2013-11-20 10:55:42,252: DEBUG: DURATION of the TEST: 71
2013-11-20 10:55:42,253: DEBUG: NAS-IP: 10.254.47.1
2013-11-20 10:55:42,253: DEBUG: NAS-MAC-ADDR: 17:21:31:41:52:12
2013-11-20 10:55:42,253: DEBUG: Abruptly End: False
2013-11-20 10:55:42,253: DEBUG: Framed-IP: 10.254.47.122
2013-11-20 10:55:42,253: DEBUG: User-MAC-Addr: 00:16:3E:40:F0:49
2013-11-20 10:55:42,253: DEBUG: 

2013-11-20 10:55:42,253: DEBUG: Creating Authentication Request with the following Attributes:
2013-11-20 10:55:42,253: DEBUG: NAS-Identifier: [u'C08386']
2013-11-20 10:55:42,254: DEBUG: User-Name: [u'username26@airborne.aircell.com']
2013-11-20 10:55:42,254: DEBUG: NAS-IP-Address: ['10.254.47.1']
2013-11-20 10:55:42,254: DEBUG: Service-Type: ['Authenticate-Only']
2013-11-20 10:55:42,254: DEBUG: Proxy-State: ['3237,3134']
2013-11-20 10:55:42,254: DEBUG: Framed-IP-Address: ['10.254.47.122']
2013-11-20 10:55:42,254: DEBUG: GoGo-Airline: [u'BA01']
2013-11-20 10:55:42,254: DEBUG: Acct-Session-Id: [u'AAATestNAS_42-1384925142253-00163E40F049-1']
2013-11-20 10:55:42,254: DEBUG: GoGo-Tail-Number: [u'AAATestNAS_42']
2013-11-20 10:55:42,254: DEBUG: GoGo-Private-IP-Address: ['192.168.1.179']
2013-11-20 10:55:42,254: DEBUG: WISPr-Location-ID: [u'airline=BA01,tail=01009,network=']
2013-11-20 10:55:42,254: DEBUG: WISPr-Location-Name: [u'TEST LLC,BA01_01009']
2013-11-20 10:55:42,254: DEBUG: NAS-Port-Type: ['Wireless-802.11']
2013-11-20 10:55:42,254: DEBUG: Called-Station-Id: [u'00:16:3E:40:F0:49']
2013-11-20 10:55:42,255: DEBUG: Calling-Station-Id: [u'17:21:31:41:52:12']
2013-11-20 10:55:42,256: DEBUG: 

2013-11-20 10:55:42,256: DEBUG: Received response with code: 2, Accepted
2013-11-20 10:55:42,256: DEBUG: Creating Authentication Request with the following Attributes:
2013-11-20 10:55:42,256: DEBUG: NAS-Identifier: [u'C08386']
2013-11-20 10:55:42,256: DEBUG: User-Name: [u'username26@airborne.aircell.com']
2013-11-20 10:55:42,256: DEBUG: NAS-IP-Address: ['10.254.47.1']
2013-11-20 10:55:42,256: DEBUG: Service-Type: ['Login-User']
2013-11-20 10:55:42,256: DEBUG: Proxy-State: ['3237,3134']
2013-11-20 10:55:42,256: DEBUG: Framed-IP-Address: ['10.254.47.122']
2013-11-20 10:55:42,256: DEBUG: GoGo-Airline: [u'BA01']
2013-11-20 10:55:42,257: DEBUG: Acct-Session-Id: [u'AAATestNAS_42-1384925142256-00163E40F049-1']
2013-11-20 10:55:42,257: DEBUG: GoGo-Tail-Number: [u'AAATestNAS_42']
2013-11-20 10:55:42,257: DEBUG: GoGo-Private-IP-Address: ['192.168.1.179']
2013-11-20 10:55:42,257: DEBUG: WISPr-Location-ID: [u'airline=BA01,tail=01009,network=']
2013-11-20 10:55:42,257: DEBUG: WISPr-Location-Name: [u'TEST LLC,BA01_01009']
2013-11-20 10:55:42,257: DEBUG: NAS-Port-Type: ['Wireless-802.11']
2013-11-20 10:55:42,257: DEBUG: Called-Station-Id: [u'00:16:3E:40:F0:49']
2013-11-20 10:55:42,257: DEBUG: Calling-Station-Id: [u'17:21:31:41:52:12']
2013-11-20 10:55:42,258: DEBUG: 

2013-11-20 10:55:42,258: DEBUG: Received response with code: 2, Accepted
2013-11-20 10:55:42,258: DEBUG: 

2013-11-20 10:55:42,258: DEBUG: Creating Accounting start Request with the following Attributes:
2013-11-20 10:55:42,258: DEBUG: NAS-Identifier: [u'C08386']
2013-11-20 10:55:42,259: DEBUG: User-Name: [u'username26@airborne.aircell.com']
2013-11-20 10:55:42,259: DEBUG: GoGo-Tail-Number: [u'AAATestNAS_42']
2013-11-20 10:55:42,259: DEBUG: NAS-IP-Address: ['10.254.47.1']
2013-11-20 10:55:42,259: DEBUG: Proxy-State: ['3239,3131']
2013-11-20 10:55:42,259: DEBUG: Acct-Status-Type: ['Start']
2013-11-20 10:55:42,259: DEBUG: GoGo-Airline: [u'BA01']
2013-11-20 10:55:42,259: DEBUG: Acct-Session-Id: [u'AAATestNAS_42-1384925142256-00163E40F049-1']
2013-11-20 10:55:42,259: DEBUG: GoGo-Private-IP-Address: ['192.168.1.179']
2013-11-20 10:55:42,259: DEBUG: Framed-IP-Address: ['10.254.47.122']
2013-11-20 10:55:42,259: DEBUG: WISPr-Location-ID: [u'airline=BA01,tail=01009,network=']
2013-11-20 10:55:42,259: DEBUG: WISPr-Location-Name: [u'TEST LLC,BA01_01009']
2013-11-20 10:55:42,259: DEBUG: NAS-Port-Type: ['Wireless-802.11']
2013-11-20 10:55:42,259: DEBUG: Called-Station-Id: [u'00:16:3E:40:F0:49']
2013-11-20 10:55:42,259: DEBUG: Calling-Station-Id: [u'17:21:31:41:52:12']
2013-11-20 10:55:42,260: DEBUG: 

2013-11-20 10:55:42,260: DEBUG: Received response with following attributes:
2013-11-20 10:55:52,262: DEBUG: 

2013-11-20 10:55:52,262: DEBUG: Creating Accounting Update Request with the following Attributes:
2013-11-20 10:55:52,262: DEBUG: User-Name: [u'username26@airborne.aircell.com']
2013-11-20 10:55:52,262: DEBUG: GoGo-Tail-Number: [u'AAATestNAS_42']
2013-11-20 10:55:52,262: DEBUG: Acct-Output-Octets: [9780181]
2013-11-20 10:55:52,262: DEBUG: NAS-IP-Address: ['10.254.47.1']
2013-11-20 10:55:52,263: DEBUG: GoGo-Total-Output-Gigawords: [0]
2013-11-20 10:55:52,263: DEBUG: Framed-IP-Address: ['10.254.47.122']
2013-11-20 10:55:52,263: DEBUG: GoGo-Total-Input-Voice-Gigawords: [0]
2013-11-20 10:55:52,263: DEBUG: GoGo-Total-Output-Octets: [9780181]
2013-11-20 10:55:52,263: DEBUG: GoGo-Acct-Input-Voice-Octets: [0]
2013-11-20 10:55:52,263: DEBUG: GoGo-Total-Input-Voice-Packets: [0]
2013-11-20 10:55:52,263: DEBUG: Called-Station-Id: [u'00:16:3E:40:F0:49']
2013-11-20 10:55:52,263: DEBUG: WISPr-Location-Name: [u'TEST LLC,BA01_01009']
2013-11-20 10:55:52,263: DEBUG: NAS-Identifier: [u'C08386']
2013-11-20 10:55:52,263: DEBUG: Proxy-State: ['3330,3132']
2013-11-20 10:55:52,263: DEBUG: GoGo-Total-Input-Voice-Octets: [0]
2013-11-20 10:55:52,263: DEBUG: Acct-Status-Type: ['Interim-Update']
2013-11-20 10:55:52,263: DEBUG: GoGo-Total-Output-Voice-Gigawords: [0]
2013-11-20 10:55:52,263: DEBUG: GoGo-Airline: [u'BA01']
2013-11-20 10:55:52,264: DEBUG: Acct-Session-Id: [u'AAATestNAS_42-1384925142256-00163E40F049-1']
2013-11-20 10:55:52,264: DEBUG: Acct-Session-Time: [10]
2013-11-20 10:55:52,264: DEBUG: Acct-Input-Packets: [88885]
2013-11-20 10:55:52,264: DEBUG: Acct-Output-Packets: [16703]
2013-11-20 10:55:52,264: DEBUG: GoGo-Acct-Output-Voice-Packets: [0]
2013-11-20 10:55:52,264: DEBUG: GoGo-Acct-Output-Voice-Octets: [0]
2013-11-20 10:55:52,264: DEBUG: Acct-Output-Gigawords: [0]
2013-11-20 10:55:52,264: DEBUG: GoGo-Total-Output-Voice-Packets: [0]
2013-11-20 10:55:52,264: DEBUG: Acct-Input-Gigawords: [0]
2013-11-20 10:55:52,264: DEBUG: Calling-Station-Id: [u'17:21:31:41:52:12']
2013-11-20 10:55:52,264: DEBUG: NAS-Port-Type: ['Wireless-802.11']
2013-11-20 10:55:52,264: DEBUG: GoGo-Total-Output-Voice-Octets: [0]
2013-11-20 10:55:52,264: DEBUG: GoGo-Private-IP-Address: ['192.168.1.179']
2013-11-20 10:55:52,264: DEBUG: GoGo-Acct-Input-Voice-Gigawords: [0]
2013-11-20 10:55:52,264: DEBUG: GoGo-Total-Input-Packets: [88885]
2013-11-20 10:55:52,265: DEBUG: GoGo-Total-Input-Gigawords: [0]
2013-11-20 10:55:52,265: DEBUG: GoGo-Acct-Input-Voice-Packets: [0]
2013-11-20 10:55:52,265: DEBUG: GoGo-Total-Input-Octets: [9789698]
2013-11-20 10:55:52,265: DEBUG: GoGo-Total-Output-Packets: [16703]
2013-11-20 10:55:52,265: DEBUG: WISPr-Location-ID: [u'airline=BA01,tail=01009,network=']
2013-11-20 10:55:52,265: DEBUG: GoGo-Acct-Output-Voice-Gigawords: [0]
2013-11-20 10:55:52,265: DEBUG: Acct-Input-Octets: [9789698]
2013-11-20 10:55:52,266: DEBUG: 

2013-11-20 10:55:52,267: DEBUG: Received response with following attributes:
2013-11-20 10:56:02,267: DEBUG: 

2013-11-20 10:56:02,268: DEBUG: Creating Accounting Update Request with the following Attributes:
2013-11-20 10:56:02,268: DEBUG: User-Name: [u'username26@airborne.aircell.com']
2013-11-20 10:56:02,268: DEBUG: GoGo-Tail-Number: [u'AAATestNAS_42']
2013-11-20 10:56:02,268: DEBUG: Acct-Output-Octets: [9725057]
2013-11-20 10:56:02,268: DEBUG: NAS-IP-Address: ['10.254.47.1']
2013-11-20 10:56:02,268: DEBUG: GoGo-Total-Output-Gigawords: [0]
2013-11-20 10:56:02,268: DEBUG: Framed-IP-Address: ['10.254.47.122']
2013-11-20 10:56:02,268: DEBUG: GoGo-Total-Input-Voice-Gigawords: [0]
2013-11-20 10:56:02,268: DEBUG: GoGo-Total-Output-Octets: [9725057]
2013-11-20 10:56:02,268: DEBUG: GoGo-Acct-Input-Voice-Octets: [0]
2013-11-20 10:56:02,269: DEBUG: GoGo-Total-Input-Voice-Packets: [0]
2013-11-20 10:56:02,269: DEBUG: Called-Station-Id: [u'00:16:3E:40:F0:49']
2013-11-20 10:56:02,269: DEBUG: WISPr-Location-Name: [u'TEST LLC,BA01_01009']
2013-11-20 10:56:02,269: DEBUG: NAS-Identifier: [u'C08386']
2013-11-20 10:56:02,269: DEBUG: Proxy-State: ['3330,3132']
2013-11-20 10:56:02,269: DEBUG: GoGo-Total-Input-Voice-Octets: [0]
2013-11-20 10:56:02,269: DEBUG: Acct-Status-Type: ['Interim-Update']
2013-11-20 10:56:02,269: DEBUG: GoGo-Total-Output-Voice-Gigawords: [0]
2013-11-20 10:56:02,269: DEBUG: GoGo-Airline: [u'BA01']
2013-11-20 10:56:02,269: DEBUG: Acct-Session-Id: [u'AAATestNAS_42-1384925142256-00163E40F049-1']
2013-11-20 10:56:02,269: DEBUG: Acct-Session-Time: [10]
2013-11-20 10:56:02,269: DEBUG: Acct-Input-Packets: [67676]
2013-11-20 10:56:02,269: DEBUG: Acct-Output-Packets: [61342]
2013-11-20 10:56:02,269: DEBUG: GoGo-Acct-Output-Voice-Packets: [0]
2013-11-20 10:56:02,270: DEBUG: GoGo-Acct-Output-Voice-Octets: [0]
2013-11-20 10:56:02,270: DEBUG: Acct-Output-Gigawords: [0]
2013-11-20 10:56:02,270: DEBUG: GoGo-Total-Output-Voice-Packets: [0]
2013-11-20 10:56:02,270: DEBUG: Acct-Input-Gigawords: [0]
2013-11-20 10:56:02,270: DEBUG: Calling-Station-Id: [u'17:21:31:41:52:12']
2013-11-20 10:56:02,270: DEBUG: NAS-Port-Type: ['Wireless-802.11']
2013-11-20 10:56:02,270: DEBUG: GoGo-Total-Output-Voice-Octets: [0]
2013-11-20 10:56:02,270: DEBUG: GoGo-Private-IP-Address: ['192.168.1.179']
2013-11-20 10:56:02,270: DEBUG: GoGo-Acct-Input-Voice-Gigawords: [0]
2013-11-20 10:56:02,270: DEBUG: GoGo-Total-Input-Packets: [67676]
2013-11-20 10:56:02,270: DEBUG: GoGo-Total-Input-Gigawords: [0]
2013-11-20 10:56:02,270: DEBUG: GoGo-Acct-Input-Voice-Packets: [0]
2013-11-20 10:56:02,270: DEBUG: GoGo-Total-Input-Octets: [8681357]
2013-11-20 10:56:02,270: DEBUG: GoGo-Total-Output-Packets: [61342]
2013-11-20 10:56:02,271: DEBUG: WISPr-Location-ID: [u'airline=BA01,tail=01009,network=']
2013-11-20 10:56:02,271: DEBUG: GoGo-Acct-Output-Voice-Gigawords: [0]
2013-11-20 10:56:02,271: DEBUG: Acct-Input-Octets: [8681357]
2013-11-20 10:56:02,272: DEBUG: 

2013-11-20 10:56:02,272: DEBUG: Received response with following attributes:
2013-11-20 10:56:12,273: DEBUG: 

2013-11-20 10:56:12,273: DEBUG: Creating Accounting Update Request with the following Attributes:
2013-11-20 10:56:12,274: DEBUG: User-Name: [u'username26@airborne.aircell.com']
2013-11-20 10:56:12,274: DEBUG: GoGo-Tail-Number: [u'AAATestNAS_42']
2013-11-20 10:56:12,274: DEBUG: Acct-Output-Octets: [5811992]
2013-11-20 10:56:12,274: DEBUG: NAS-IP-Address: ['10.254.47.1']
2013-11-20 10:56:12,274: DEBUG: GoGo-Total-Output-Gigawords: [0]
2013-11-20 10:56:12,274: DEBUG: Framed-IP-Address: ['10.254.47.122']
2013-11-20 10:56:12,274: DEBUG: GoGo-Total-Input-Voice-Gigawords: [0]
2013-11-20 10:56:12,274: DEBUG: GoGo-Total-Output-Octets: [5811992]
2013-11-20 10:56:12,274: DEBUG: GoGo-Acct-Input-Voice-Octets: [0]
2013-11-20 10:56:12,274: DEBUG: GoGo-Total-Input-Voice-Packets: [0]
2013-11-20 10:56:12,274: DEBUG: Called-Station-Id: [u'00:16:3E:40:F0:49']
2013-11-20 10:56:12,274: DEBUG: WISPr-Location-Name: [u'TEST LLC,BA01_01009']
2013-11-20 10:56:12,274: DEBUG: NAS-Identifier: [u'C08386']
2013-11-20 10:56:12,275: DEBUG: Proxy-State: ['3330,3132']
2013-11-20 10:56:12,275: DEBUG: GoGo-Total-Input-Voice-Octets: [0]
2013-11-20 10:56:12,275: DEBUG: Acct-Status-Type: ['Interim-Update']
2013-11-20 10:56:12,275: DEBUG: GoGo-Total-Output-Voice-Gigawords: [0]
2013-11-20 10:56:12,275: DEBUG: GoGo-Airline: [u'BA01']
2013-11-20 10:56:12,275: DEBUG: Acct-Session-Id: [u'AAATestNAS_42-1384925142256-00163E40F049-1']
2013-11-20 10:56:12,275: DEBUG: Acct-Session-Time: [10]
2013-11-20 10:56:12,275: DEBUG: Acct-Input-Packets: [47712]
2013-11-20 10:56:12,275: DEBUG: Acct-Output-Packets: [43817]
2013-11-20 10:56:12,275: DEBUG: GoGo-Acct-Output-Voice-Packets: [0]
2013-11-20 10:56:12,275: DEBUG: GoGo-Acct-Output-Voice-Octets: [0]
2013-11-20 10:56:12,275: DEBUG: Acct-Output-Gigawords: [0]
2013-11-20 10:56:12,275: DEBUG: GoGo-Total-Output-Voice-Packets: [0]
2013-11-20 10:56:12,275: DEBUG: Acct-Input-Gigawords: [0]
2013-11-20 10:56:12,276: DEBUG: Calling-Station-Id: [u'17:21:31:41:52:12']
2013-11-20 10:56:12,276: DEBUG: NAS-Port-Type: ['Wireless-802.11']
2013-11-20 10:56:12,276: DEBUG: GoGo-Total-Output-Voice-Octets: [0]
2013-11-20 10:56:12,276: DEBUG: GoGo-Private-IP-Address: ['192.168.1.179']
2013-11-20 10:56:12,276: DEBUG: GoGo-Acct-Input-Voice-Gigawords: [0]
2013-11-20 10:56:12,276: DEBUG: GoGo-Total-Input-Packets: [47712]
2013-11-20 10:56:12,276: DEBUG: GoGo-Total-Input-Gigawords: [0]
2013-11-20 10:56:12,276: DEBUG: GoGo-Acct-Input-Voice-Packets: [0]
2013-11-20 10:56:12,276: DEBUG: GoGo-Total-Input-Octets: [8962422]
2013-11-20 10:56:12,276: DEBUG: GoGo-Total-Output-Packets: [43817]
2013-11-20 10:56:12,276: DEBUG: WISPr-Location-ID: [u'airline=BA01,tail=01009,network=']
2013-11-20 10:56:12,276: DEBUG: GoGo-Acct-Output-Voice-Gigawords: [0]
2013-11-20 10:56:12,276: DEBUG: Acct-Input-Octets: [8962422]
2013-11-20 10:56:12,278: DEBUG: 

2013-11-20 10:56:12,278: DEBUG: Received response with following attributes:
2013-11-20 10:56:22,278: DEBUG: 

2013-11-20 10:56:22,279: DEBUG: Creating Accounting Update Request with the following Attributes:
2013-11-20 10:56:22,279: DEBUG: User-Name: [u'username26@airborne.aircell.com']
2013-11-20 10:56:22,279: DEBUG: GoGo-Tail-Number: [u'AAATestNAS_42']
2013-11-20 10:56:22,279: DEBUG: Acct-Output-Octets: [2270855]
2013-11-20 10:56:22,279: DEBUG: NAS-IP-Address: ['10.254.47.1']
2013-11-20 10:56:22,279: DEBUG: GoGo-Total-Output-Gigawords: [0]
2013-11-20 10:56:22,279: DEBUG: Framed-IP-Address: ['10.254.47.122']
2013-11-20 10:56:22,279: DEBUG: GoGo-Total-Input-Voice-Gigawords: [0]
2013-11-20 10:56:22,279: DEBUG: GoGo-Total-Output-Octets: [2270855]
2013-11-20 10:56:22,280: DEBUG: GoGo-Acct-Input-Voice-Octets: [0]
2013-11-20 10:56:22,280: DEBUG: GoGo-Total-Input-Voice-Packets: [0]
2013-11-20 10:56:22,280: DEBUG: Called-Station-Id: [u'00:16:3E:40:F0:49']
2013-11-20 10:56:22,280: DEBUG: WISPr-Location-Name: [u'TEST LLC,BA01_01009']
2013-11-20 10:56:22,280: DEBUG: NAS-Identifier: [u'C08386']
2013-11-20 10:56:22,280: DEBUG: Proxy-State: ['3330,3132']
2013-11-20 10:56:22,280: DEBUG: GoGo-Total-Input-Voice-Octets: [0]
2013-11-20 10:56:22,280: DEBUG: Acct-Status-Type: ['Interim-Update']
2013-11-20 10:56:22,280: DEBUG: GoGo-Total-Output-Voice-Gigawords: [0]
2013-11-20 10:56:22,280: DEBUG: GoGo-Airline: [u'BA01']
2013-11-20 10:56:22,280: DEBUG: Acct-Session-Id: [u'AAATestNAS_42-1384925142256-00163E40F049-1']
2013-11-20 10:56:22,280: DEBUG: Acct-Session-Time: [10]
2013-11-20 10:56:22,280: DEBUG: Acct-Input-Packets: [43324]
2013-11-20 10:56:22,280: DEBUG: Acct-Output-Packets: [14505]
2013-11-20 10:56:22,280: DEBUG: GoGo-Acct-Output-Voice-Packets: [0]
2013-11-20 10:56:22,281: DEBUG: GoGo-Acct-Output-Voice-Octets: [0]
2013-11-20 10:56:22,281: DEBUG: Acct-Output-Gigawords: [0]
2013-11-20 10:56:22,281: DEBUG: GoGo-Total-Output-Voice-Packets: [0]
2013-11-20 10:56:22,281: DEBUG: Acct-Input-Gigawords: [0]
2013-11-20 10:56:22,281: DEBUG: Calling-Station-Id: [u'17:21:31:41:52:12']
2013-11-20 10:56:22,281: DEBUG: NAS-Port-Type: ['Wireless-802.11']
2013-11-20 10:56:22,281: DEBUG: GoGo-Total-Output-Voice-Octets: [0]
2013-11-20 10:56:22,281: DEBUG: GoGo-Private-IP-Address: ['192.168.1.179']
2013-11-20 10:56:22,281: DEBUG: GoGo-Acct-Input-Voice-Gigawords: [0]
2013-11-20 10:56:22,281: DEBUG: GoGo-Total-Input-Packets: [43324]
2013-11-20 10:56:22,281: DEBUG: GoGo-Total-Input-Gigawords: [0]
2013-11-20 10:56:22,281: DEBUG: GoGo-Acct-Input-Voice-Packets: [0]
2013-11-20 10:56:22,281: DEBUG: GoGo-Total-Input-Octets: [5821703]
2013-11-20 10:56:22,281: DEBUG: GoGo-Total-Output-Packets: [14505]
2013-11-20 10:56:22,281: DEBUG: WISPr-Location-ID: [u'airline=BA01,tail=01009,network=']
2013-11-20 10:56:22,282: DEBUG: GoGo-Acct-Output-Voice-Gigawords: [0]
2013-11-20 10:56:22,282: DEBUG: Acct-Input-Octets: [5821703]
2013-11-20 10:56:22,283: DEBUG: 

2013-11-20 10:56:22,283: DEBUG: Received response with following attributes:
2013-11-20 10:56:32,284: DEBUG: 

2013-11-20 10:56:32,285: DEBUG: Creating Accounting Update Request with the following Attributes:
2013-11-20 10:56:32,285: DEBUG: User-Name: [u'username26@airborne.aircell.com']
2013-11-20 10:56:32,285: DEBUG: GoGo-Tail-Number: [u'AAATestNAS_42']
2013-11-20 10:56:32,285: DEBUG: Acct-Output-Octets: [9022359]
2013-11-20 10:56:32,285: DEBUG: NAS-IP-Address: ['10.254.47.1']
2013-11-20 10:56:32,285: DEBUG: GoGo-Total-Output-Gigawords: [0]
2013-11-20 10:56:32,285: DEBUG: Framed-IP-Address: ['10.254.47.122']
2013-11-20 10:56:32,286: DEBUG: GoGo-Total-Input-Voice-Gigawords: [0]
2013-11-20 10:56:32,286: DEBUG: GoGo-Total-Output-Octets: [9022359]
2013-11-20 10:56:32,286: DEBUG: GoGo-Acct-Input-Voice-Octets: [0]
2013-11-20 10:56:32,286: DEBUG: GoGo-Total-Input-Voice-Packets: [0]
2013-11-20 10:56:32,286: DEBUG: Called-Station-Id: [u'00:16:3E:40:F0:49']
2013-11-20 10:56:32,286: DEBUG: WISPr-Location-Name: [u'TEST LLC,BA01_01009']
2013-11-20 10:56:32,286: DEBUG: NAS-Identifier: [u'C08386']
2013-11-20 10:56:32,286: DEBUG: Proxy-State: ['3330,3132']
2013-11-20 10:56:32,286: DEBUG: GoGo-Total-Input-Voice-Octets: [0]
2013-11-20 10:56:32,286: DEBUG: Acct-Status-Type: ['Interim-Update']
2013-11-20 10:56:32,286: DEBUG: GoGo-Total-Output-Voice-Gigawords: [0]
2013-11-20 10:56:32,286: DEBUG: GoGo-Airline: [u'BA01']
2013-11-20 10:56:32,286: DEBUG: Acct-Session-Id: [u'AAATestNAS_42-1384925142256-00163E40F049-1']
2013-11-20 10:56:32,286: DEBUG: Acct-Session-Time: [10]
2013-11-20 10:56:32,287: DEBUG: Acct-Input-Packets: [16195]
2013-11-20 10:56:32,287: DEBUG: Acct-Output-Packets: [60079]
2013-11-20 10:56:32,287: DEBUG: GoGo-Acct-Output-Voice-Packets: [0]
2013-11-20 10:56:32,287: DEBUG: GoGo-Acct-Output-Voice-Octets: [0]
2013-11-20 10:56:32,287: DEBUG: Acct-Output-Gigawords: [0]
2013-11-20 10:56:32,287: DEBUG: GoGo-Total-Output-Voice-Packets: [0]
2013-11-20 10:56:32,287: DEBUG: Acct-Input-Gigawords: [0]
2013-11-20 10:56:32,287: DEBUG: Calling-Station-Id: [u'17:21:31:41:52:12']
2013-11-20 10:56:32,287: DEBUG: NAS-Port-Type: ['Wireless-802.11']
2013-11-20 10:56:32,287: DEBUG: GoGo-Total-Output-Voice-Octets: [0]
2013-11-20 10:56:32,287: DEBUG: GoGo-Private-IP-Address: ['192.168.1.179']
2013-11-20 10:56:32,287: DEBUG: GoGo-Acct-Input-Voice-Gigawords: [0]
2013-11-20 10:56:32,287: DEBUG: GoGo-Total-Input-Packets: [16195]
2013-11-20 10:56:32,287: DEBUG: GoGo-Total-Input-Gigawords: [0]
2013-11-20 10:56:32,287: DEBUG: GoGo-Acct-Input-Voice-Packets: [0]
2013-11-20 10:56:32,288: DEBUG: GoGo-Total-Input-Octets: [2233749]
2013-11-20 10:56:32,288: DEBUG: GoGo-Total-Output-Packets: [60079]
2013-11-20 10:56:32,288: DEBUG: WISPr-Location-ID: [u'airline=BA01,tail=01009,network=']
2013-11-20 10:56:32,288: DEBUG: GoGo-Acct-Output-Voice-Gigawords: [0]
2013-11-20 10:56:32,288: DEBUG: Acct-Input-Octets: [2233749]
2013-11-20 10:56:32,289: DEBUG: 

2013-11-20 10:56:32,289: DEBUG: Received response with following attributes:
2013-11-20 10:56:42,290: DEBUG: 

2013-11-20 10:56:42,291: DEBUG: Creating Accounting Update Request with the following Attributes:
2013-11-20 10:56:42,291: DEBUG: User-Name: [u'username26@airborne.aircell.com']
2013-11-20 10:56:42,291: DEBUG: GoGo-Tail-Number: [u'AAATestNAS_42']
2013-11-20 10:56:42,291: DEBUG: Acct-Output-Octets: [6589155]
2013-11-20 10:56:42,291: DEBUG: NAS-IP-Address: ['10.254.47.1']
2013-11-20 10:56:42,291: DEBUG: GoGo-Total-Output-Gigawords: [0]
2013-11-20 10:56:42,291: DEBUG: Framed-IP-Address: ['10.254.47.122']
2013-11-20 10:56:42,291: DEBUG: GoGo-Total-Input-Voice-Gigawords: [0]
2013-11-20 10:56:42,292: DEBUG: GoGo-Total-Output-Octets: [6589155]
2013-11-20 10:56:42,292: DEBUG: GoGo-Acct-Input-Voice-Octets: [0]
2013-11-20 10:56:42,292: DEBUG: GoGo-Total-Input-Voice-Packets: [0]
2013-11-20 10:56:42,292: DEBUG: Called-Station-Id: [u'00:16:3E:40:F0:49']
2013-11-20 10:56:42,292: DEBUG: WISPr-Location-Name: [u'TEST LLC,BA01_01009']
2013-11-20 10:56:42,292: DEBUG: NAS-Identifier: [u'C08386']
2013-11-20 10:56:42,292: DEBUG: Proxy-State: ['3330,3132']
2013-11-20 10:56:42,292: DEBUG: GoGo-Total-Input-Voice-Octets: [0]
2013-11-20 10:56:42,292: DEBUG: Acct-Status-Type: ['Interim-Update']
2013-11-20 10:56:42,292: DEBUG: GoGo-Total-Output-Voice-Gigawords: [0]
2013-11-20 10:56:42,292: DEBUG: GoGo-Airline: [u'BA01']
2013-11-20 10:56:42,292: DEBUG: Acct-Session-Id: [u'AAATestNAS_42-1384925142256-00163E40F049-1']
2013-11-20 10:56:42,292: DEBUG: Acct-Session-Time: [10]
2013-11-20 10:56:42,292: DEBUG: Acct-Input-Packets: [12675]
2013-11-20 10:56:42,293: DEBUG: Acct-Output-Packets: [31740]
2013-11-20 10:56:42,293: DEBUG: GoGo-Acct-Output-Voice-Packets: [0]
2013-11-20 10:56:42,293: DEBUG: GoGo-Acct-Output-Voice-Octets: [0]
2013-11-20 10:56:42,293: DEBUG: Acct-Output-Gigawords: [0]
2013-11-20 10:56:42,293: DEBUG: GoGo-Total-Output-Voice-Packets: [0]
2013-11-20 10:56:42,293: DEBUG: Acct-Input-Gigawords: [0]
2013-11-20 10:56:42,293: DEBUG: Calling-Station-Id: [u'17:21:31:41:52:12']
2013-11-20 10:56:42,293: DEBUG: NAS-Port-Type: ['Wireless-802.11']
2013-11-20 10:56:42,293: DEBUG: GoGo-Total-Output-Voice-Octets: [0]
2013-11-20 10:56:42,293: DEBUG: GoGo-Private-IP-Address: ['192.168.1.179']
2013-11-20 10:56:42,293: DEBUG: GoGo-Acct-Input-Voice-Gigawords: [0]
2013-11-20 10:56:42,293: DEBUG: GoGo-Total-Input-Packets: [12675]
2013-11-20 10:56:42,293: DEBUG: GoGo-Total-Input-Gigawords: [0]
2013-11-20 10:56:42,293: DEBUG: GoGo-Acct-Input-Voice-Packets: [0]
2013-11-20 10:56:42,294: DEBUG: GoGo-Total-Input-Octets: [8290984]
2013-11-20 10:56:42,294: DEBUG: GoGo-Total-Output-Packets: [31740]
2013-11-20 10:56:42,294: DEBUG: WISPr-Location-ID: [u'airline=BA01,tail=01009,network=']
2013-11-20 10:56:42,294: DEBUG: GoGo-Acct-Output-Voice-Gigawords: [0]
2013-11-20 10:56:42,294: DEBUG: Acct-Input-Octets: [8290984]
2013-11-20 10:56:42,295: DEBUG: 

2013-11-20 10:56:42,295: DEBUG: Received response with following attributes:
2013-11-20 10:56:52,296: DEBUG: 

2013-11-20 10:56:52,297: DEBUG: Creating Accounting Update Request with the following Attributes:
2013-11-20 10:56:52,297: DEBUG: User-Name: [u'username26@airborne.aircell.com']
2013-11-20 10:56:52,298: DEBUG: GoGo-Tail-Number: [u'AAATestNAS_42']
2013-11-20 10:56:52,298: DEBUG: Acct-Output-Octets: [2766391]
2013-11-20 10:56:52,298: DEBUG: NAS-IP-Address: ['10.254.47.1']
2013-11-20 10:56:52,298: DEBUG: GoGo-Total-Output-Gigawords: [0]
2013-11-20 10:56:52,298: DEBUG: Framed-IP-Address: ['10.254.47.122']
2013-11-20 10:56:52,298: DEBUG: GoGo-Total-Input-Voice-Gigawords: [0]
2013-11-20 10:56:52,298: DEBUG: GoGo-Total-Output-Octets: [2766391]
2013-11-20 10:56:52,298: DEBUG: GoGo-Acct-Input-Voice-Octets: [0]
2013-11-20 10:56:52,298: DEBUG: GoGo-Total-Input-Voice-Packets: [0]
2013-11-20 10:56:52,299: DEBUG: Called-Station-Id: [u'00:16:3E:40:F0:49']
2013-11-20 10:56:52,299: DEBUG: WISPr-Location-Name: [u'TEST LLC,BA01_01009']
2013-11-20 10:56:52,299: DEBUG: NAS-Identifier: [u'C08386']
2013-11-20 10:56:52,299: DEBUG: Proxy-State: ['3330,3132']
2013-11-20 10:56:52,299: DEBUG: GoGo-Total-Input-Voice-Octets: [0]
2013-11-20 10:56:52,299: DEBUG: Acct-Status-Type: ['Interim-Update']
2013-11-20 10:56:52,299: DEBUG: GoGo-Total-Output-Voice-Gigawords: [0]
2013-11-20 10:56:52,299: DEBUG: GoGo-Airline: [u'BA01']
2013-11-20 10:56:52,299: DEBUG: Acct-Session-Id: [u'AAATestNAS_42-1384925142256-00163E40F049-1']
2013-11-20 10:56:52,299: DEBUG: Acct-Session-Time: [10]
2013-11-20 10:56:52,300: DEBUG: Acct-Input-Packets: [64871]
2013-11-20 10:56:52,300: DEBUG: Acct-Output-Packets: [21302]
2013-11-20 10:56:52,300: DEBUG: GoGo-Acct-Output-Voice-Packets: [0]
2013-11-20 10:56:52,300: DEBUG: GoGo-Acct-Output-Voice-Octets: [0]
2013-11-20 10:56:52,300: DEBUG: Acct-Output-Gigawords: [0]
2013-11-20 10:56:52,300: DEBUG: GoGo-Total-Output-Voice-Packets: [0]
2013-11-20 10:56:52,300: DEBUG: Acct-Input-Gigawords: [0]
2013-11-20 10:56:52,300: DEBUG: Calling-Station-Id: [u'17:21:31:41:52:12']
2013-11-20 10:56:52,300: DEBUG: NAS-Port-Type: ['Wireless-802.11']
2013-11-20 10:56:52,300: DEBUG: GoGo-Total-Output-Voice-Octets: [0]
2013-11-20 10:56:52,301: DEBUG: GoGo-Private-IP-Address: ['192.168.1.179']
2013-11-20 10:56:52,301: DEBUG: GoGo-Acct-Input-Voice-Gigawords: [0]
2013-11-20 10:56:52,301: DEBUG: GoGo-Total-Input-Packets: [64871]
2013-11-20 10:56:52,301: DEBUG: GoGo-Total-Input-Gigawords: [0]
2013-11-20 10:56:52,301: DEBUG: GoGo-Acct-Input-Voice-Packets: [0]
2013-11-20 10:56:52,301: DEBUG: GoGo-Total-Input-Octets: [7845607]
2013-11-20 10:56:52,301: DEBUG: GoGo-Total-Output-Packets: [21302]
2013-11-20 10:56:52,302: DEBUG: WISPr-Location-ID: [u'airline=BA01,tail=01009,network=']
2013-11-20 10:56:52,302: DEBUG: GoGo-Acct-Output-Voice-Gigawords: [0]
2013-11-20 10:56:52,302: DEBUG: Acct-Input-Octets: [7845607]
2013-11-20 10:56:52,304: DEBUG: 

2013-11-20 10:56:52,304: DEBUG: Received response with following attributes:
2013-11-20 10:57:10,305: DEBUG: 

2013-11-20 10:57:10,305: DEBUG: Creating Accounting Stop Request with the following Attributes:
2013-11-20 10:57:10,305: DEBUG: User-Name: [u'username26@airborne.aircell.com']
2013-11-20 10:57:10,306: DEBUG: GoGo-Tail-Number: [u'01009']
2013-11-20 10:57:10,306: DEBUG: Acct-Output-Octets: [4307895]
2013-11-20 10:57:10,306: DEBUG: NAS-IP-Address: ['10.254.47.1']
2013-11-20 10:57:10,306: DEBUG: GoGo-Total-Output-Gigawords: [0]
2013-11-20 10:57:10,306: DEBUG: Framed-IP-Address: ['10.254.47.122']
2013-11-20 10:57:10,306: DEBUG: GoGo-Total-Input-Voice-Gigawords: [0]
2013-11-20 10:57:10,306: DEBUG: GoGo-Total-Output-Octets: [4307895]
2013-11-20 10:57:10,306: DEBUG: GoGo-Acct-Input-Voice-Octets: [0]
2013-11-20 10:57:10,306: DEBUG: GoGo-Total-Input-Voice-Packets: [0]
2013-11-20 10:57:10,306: DEBUG: Called-Station-Id: [u'00:16:3E:40:F0:49']
2013-11-20 10:57:10,306: DEBUG: WISPr-Location-Name: [u'TEST LLC,BA01_01009']
2013-11-20 10:57:10,307: DEBUG: NAS-Identifier: [u'C08386']
2013-11-20 10:57:10,307: DEBUG: Proxy-State: ['3330,3132']
2013-11-20 10:57:10,307: DEBUG: GoGo-Total-Input-Voice-Octets: [0]
2013-11-20 10:57:10,307: DEBUG: Acct-Status-Type: ['Stop']
2013-11-20 10:57:10,307: DEBUG: GoGo-Total-Output-Voice-Gigawords: [0]
2013-11-20 10:57:10,307: DEBUG: GoGo-Airline: [u'BA01']
2013-11-20 10:57:10,307: DEBUG: Acct-Session-Id: [u'AAATestNAS_42-1384925142256-00163E40F049-1']
2013-11-20 10:57:10,307: DEBUG: Acct-Session-Time: [18]
2013-11-20 10:57:10,307: DEBUG: Acct-Input-Packets: [31490]
2013-11-20 10:57:10,307: DEBUG: Acct-Output-Packets: [7923]
2013-11-20 10:57:10,307: DEBUG: Acct-Terminate-Cause: ['User-Request']
2013-11-20 10:57:10,307: DEBUG: GoGo-Acct-Output-Voice-Octets: [0]
2013-11-20 10:57:10,307: DEBUG: Acct-Output-Gigawords: [0]
2013-11-20 10:57:10,307: DEBUG: GoGo-Total-Output-Voice-Packets: [0]
2013-11-20 10:57:10,308: DEBUG: Acct-Input-Gigawords: [0]
2013-11-20 10:57:10,308: DEBUG: Calling-Station-Id: [u'17:21:31:41:52:12']
2013-11-20 10:57:10,308: DEBUG: NAS-Port-Type: ['Wireless-802.11']
2013-11-20 10:57:10,308: DEBUG: GoGo-Total-Output-Voice-Octets: [0]
2013-11-20 10:57:10,308: DEBUG: GoGo-Private-IP-Address: ['192.168.1.179']
2013-11-20 10:57:10,308: DEBUG: GoGo-Acct-Input-Voice-Gigawords: [0]
2013-11-20 10:57:10,308: DEBUG: GoGo-Total-Input-Packets: [31490]
2013-11-20 10:57:10,308: DEBUG: GoGo-Total-Input-Gigawords: [0]
2013-11-20 10:57:10,308: DEBUG: GoGo-Acct-Input-Voice-Packets: [0]
2013-11-20 10:57:10,308: DEBUG: GoGo-Total-Input-Octets: [4527484]
2013-11-20 10:57:10,308: DEBUG: GoGo-Total-Output-Packets: [7923]
2013-11-20 10:57:10,308: DEBUG: WISPr-Location-ID: [u'airline=BA01,tail=01009,network=']
2013-11-20 10:57:10,308: DEBUG: GoGo-Acct-Output-Voice-Packets: [0]
2013-11-20 10:57:10,308: DEBUG: GoGo-Acct-Output-Voice-Gigawords: [0]
2013-11-20 10:57:10,308: DEBUG: Acct-Input-Octets: [4527484]
2013-11-20 10:57:10,310: DEBUG: 

2013-11-20 10:57:10,310: DEBUG: Received response with following attributes:
2013-11-20 10:57:10,310: DEBUG: Ending the test for this user
2013-11-20 10:57:10,489: DEBUG: Starting the client for the user username26@airborne.aircell.com to the server localhost

2013-11-20 10:57:10,489: DEBUG: DURATION of the TEST: 66
2013-11-20 10:57:10,490: DEBUG: NAS-IP: 10.254.193.1
2013-11-20 10:57:10,490: DEBUG: NAS-MAC-ADDR: 18:21:31:41:52:69
2013-11-20 10:57:10,490: DEBUG: Abruptly End: False
2013-11-20 10:57:10,490: DEBUG: Framed-IP: 10.254.193.193
2013-11-20 10:57:10,490: DEBUG: User-MAC-Addr: 00:16:3E:38:19:A6
2013-11-20 10:57:10,490: DEBUG: 

2013-11-20 10:57:10,491: DEBUG: Creating Authentication Request with the following Attributes:
2013-11-20 10:57:10,491: DEBUG: NAS-Identifier: [u'C08386']
2013-11-20 10:57:10,491: DEBUG: User-Name: [u'username26@airborne.aircell.com']
2013-11-20 10:57:10,491: DEBUG: NAS-IP-Address: ['10.254.193.1']
2013-11-20 10:57:10,491: DEBUG: Service-Type: ['Authenticate-Only']
2013-11-20 10:57:10,492: DEBUG: Proxy-State: ['3237,3134']
2013-11-20 10:57:10,492: DEBUG: Framed-IP-Address: ['10.254.193.193']
2013-11-20 10:57:10,492: DEBUG: GoGo-Airline: [u'BA01']
2013-11-20 10:57:10,493: DEBUG: Acct-Session-Id: [u'AAATestNAS_188-1384925230490-00163E3819A6-1']
2013-11-20 10:57:10,493: DEBUG: GoGo-Tail-Number: [u'AAATestNAS_188']
2013-11-20 10:57:10,493: DEBUG: GoGo-Private-IP-Address: ['192.168.1.179']
2013-11-20 10:57:10,494: DEBUG: WISPr-Location-ID: [u'airline=BA01,tail=01009,network=']
2013-11-20 10:57:10,494: DEBUG: WISPr-Location-Name: [u'TEST LLC,BA01_01009']
2013-11-20 10:57:10,495: DEBUG: NAS-Port-Type: ['Wireless-802.11']
2013-11-20 10:57:10,495: DEBUG: Called-Station-Id: [u'00:16:3E:38:19:A6']
2013-11-20 10:57:10,495: DEBUG: Calling-Station-Id: [u'18:21:31:41:52:69']
2013-11-20 10:57:10,497: DEBUG: 

2013-11-20 10:57:10,497: DEBUG: Received response with code: 2, Accepted
2013-11-20 10:57:10,498: DEBUG: Creating Authentication Request with the following Attributes:
2013-11-20 10:57:10,498: DEBUG: NAS-Identifier: [u'C08386']
2013-11-20 10:57:10,498: DEBUG: User-Name: [u'username26@airborne.aircell.com']
2013-11-20 10:57:10,498: DEBUG: NAS-IP-Address: ['10.254.193.1']
2013-11-20 10:57:10,499: DEBUG: Service-Type: ['Login-User']
2013-11-20 10:57:10,499: DEBUG: Proxy-State: ['3237,3134']
2013-11-20 10:57:10,500: DEBUG: Framed-IP-Address: ['10.254.193.193']
2013-11-20 10:57:10,500: DEBUG: GoGo-Airline: [u'BA01']
2013-11-20 10:57:10,501: DEBUG: Acct-Session-Id: [u'AAATestNAS_188-1384925230497-00163E3819A6-1']
2013-11-20 10:57:10,501: DEBUG: GoGo-Tail-Number: [u'AAATestNAS_188']
2013-11-20 10:57:10,502: DEBUG: GoGo-Private-IP-Address: ['192.168.1.179']
2013-11-20 10:57:10,503: DEBUG: WISPr-Location-ID: [u'airline=BA01,tail=01009,network=']
2013-11-20 10:57:10,504: DEBUG: WISPr-Location-Name: [u'TEST LLC,BA01_01009']
2013-11-20 10:57:10,504: DEBUG: NAS-Port-Type: ['Wireless-802.11']
2013-11-20 10:57:10,505: DEBUG: Called-Station-Id: [u'00:16:3E:38:19:A6']
2013-11-20 10:57:10,506: DEBUG: Calling-Station-Id: [u'18:21:31:41:52:69']
2013-11-20 10:57:10,508: DEBUG: 

2013-11-20 10:57:10,509: DEBUG: Received response with code: 2, Accepted
2013-11-20 10:57:10,509: DEBUG: 

2013-11-20 10:57:10,511: DEBUG: Creating Accounting start Request with the following Attributes:
2013-11-20 10:57:10,511: DEBUG: NAS-Identifier: [u'C08386']
2013-11-20 10:57:10,512: DEBUG: User-Name: [u'username26@airborne.aircell.com']
2013-11-20 10:57:10,512: DEBUG: GoGo-Tail-Number: [u'AAATestNAS_188']
2013-11-20 10:57:10,513: DEBUG: NAS-IP-Address: ['10.254.193.1']
2013-11-20 10:57:10,513: DEBUG: Proxy-State: ['3239,3131']
2013-11-20 10:57:10,514: DEBUG: Acct-Status-Type: ['Start']
2013-11-20 10:57:10,514: DEBUG: GoGo-Airline: [u'BA01']
2013-11-20 10:57:10,514: DEBUG: Acct-Session-Id: [u'AAATestNAS_188-1384925230497-00163E3819A6-1']
2013-11-20 10:57:10,515: DEBUG: GoGo-Private-IP-Address: ['192.168.1.179']
2013-11-20 10:57:10,515: DEBUG: Framed-IP-Address: ['10.254.193.193']
2013-11-20 10:57:10,516: DEBUG: WISPr-Location-ID: [u'airline=BA01,tail=01009,network=']
2013-11-20 10:57:10,516: DEBUG: WISPr-Location-Name: [u'TEST LLC,BA01_01009']
2013-11-20 10:57:10,517: DEBUG: NAS-Port-Type: ['Wireless-802.11']
2013-11-20 10:57:10,517: DEBUG: Called-Station-Id: [u'00:16:3E:38:19:A6']
2013-11-20 10:57:10,518: DEBUG: Calling-Station-Id: [u'18:21:31:41:52:69']
2013-11-20 10:57:10,520: DEBUG: 

2013-11-20 10:57:10,520: DEBUG: Received response with following attributes:
2013-11-20 10:57:20,521: DEBUG: 

2013-11-20 10:57:20,523: DEBUG: Creating Accounting Update Request with the following Attributes:
2013-11-20 10:57:20,524: DEBUG: User-Name: [u'username26@airborne.aircell.com']
2013-11-20 10:57:20,524: DEBUG: GoGo-Tail-Number: [u'AAATestNAS_188']
2013-11-20 10:57:20,526: DEBUG: Acct-Output-Octets: [9603848]
2013-11-20 10:57:20,527: DEBUG: NAS-IP-Address: ['10.254.193.1']
2013-11-20 10:57:20,527: DEBUG: GoGo-Total-Output-Gigawords: [0]
2013-11-20 10:57:20,529: DEBUG: Framed-IP-Address: ['10.254.193.193']
2013-11-20 10:57:20,530: DEBUG: GoGo-Total-Input-Voice-Gigawords: [0]
2013-11-20 10:57:20,530: DEBUG: GoGo-Total-Output-Octets: [9603848]
2013-11-20 10:57:20,531: DEBUG: GoGo-Acct-Input-Voice-Octets: [0]
2013-11-20 10:57:20,532: DEBUG: GoGo-Total-Input-Voice-Packets: [0]
2013-11-20 10:57:20,534: DEBUG: Called-Station-Id: [u'00:16:3E:38:19:A6']
2013-11-20 10:57:20,536: DEBUG: WISPr-Location-Name: [u'TEST LLC,BA01_01009']
2013-11-20 10:57:20,537: DEBUG: NAS-Identifier: [u'C08386']
2013-11-20 10:57:20,537: DEBUG: Proxy-State: ['3330,3132']
2013-11-20 10:57:20,539: DEBUG: GoGo-Total-Input-Voice-Octets: [0]
2013-11-20 10:57:20,539: DEBUG: Acct-Status-Type: ['Interim-Update']
2013-11-20 10:57:20,540: DEBUG: GoGo-Total-Output-Voice-Gigawords: [0]
2013-11-20 10:57:20,540: DEBUG: GoGo-Airline: [u'BA01']
2013-11-20 10:57:20,541: DEBUG: Acct-Session-Id: [u'AAATestNAS_188-1384925230497-00163E3819A6-1']
2013-11-20 10:57:20,542: DEBUG: Acct-Session-Time: [10]
2013-11-20 10:57:20,543: DEBUG: Acct-Input-Packets: [6529]
2013-11-20 10:57:20,543: DEBUG: Acct-Output-Packets: [86265]
2013-11-20 10:57:20,543: DEBUG: GoGo-Acct-Output-Voice-Packets: [0]
2013-11-20 10:57:20,544: DEBUG: GoGo-Acct-Output-Voice-Octets: [0]
2013-11-20 10:57:20,545: DEBUG: Acct-Output-Gigawords: [0]
2013-11-20 10:57:20,545: DEBUG: GoGo-Total-Output-Voice-Packets: [0]
2013-11-20 10:57:20,546: DEBUG: Acct-Input-Gigawords: [0]
2013-11-20 10:57:20,547: DEBUG: Calling-Station-Id: [u'18:21:31:41:52:69']
2013-11-20 10:57:20,548: DEBUG: NAS-Port-Type: ['Wireless-802.11']
2013-11-20 10:57:20,548: DEBUG: GoGo-Total-Output-Voice-Octets: [0]
2013-11-20 10:57:20,549: DEBUG: GoGo-Private-IP-Address: ['192.168.1.179']
2013-11-20 10:57:20,550: DEBUG: GoGo-Acct-Input-Voice-Gigawords: [0]
2013-11-20 10:57:20,550: DEBUG: GoGo-Total-Input-Packets: [6529]
2013-11-20 10:57:20,551: DEBUG: GoGo-Total-Input-Gigawords: [0]
2013-11-20 10:57:20,551: DEBUG: GoGo-Acct-Input-Voice-Packets: [0]
2013-11-20 10:57:20,552: DEBUG: GoGo-Total-Input-Octets: [3687321]
2013-11-20 10:57:20,553: DEBUG: GoGo-Total-Output-Packets: [86265]
2013-11-20 10:57:20,554: DEBUG: WISPr-Location-ID: [u'airline=BA01,tail=01009,network=']
2013-11-20 10:57:20,555: DEBUG: GoGo-Acct-Output-Voice-Gigawords: [0]
2013-11-20 10:57:20,555: DEBUG: Acct-Input-Octets: [3687321]
2013-11-20 10:57:20,560: DEBUG: 

2013-11-20 10:57:20,563: DEBUG: Received response with following attributes:
2013-11-20 10:57:30,566: DEBUG: 

2013-11-20 10:57:30,568: DEBUG: Creating Accounting Update Request with the following Attributes:
2013-11-20 10:57:30,568: DEBUG: User-Name: [u'username26@airborne.aircell.com']
2013-11-20 10:57:30,569: DEBUG: GoGo-Tail-Number: [u'AAATestNAS_188']
2013-11-20 10:57:30,569: DEBUG: Acct-Output-Octets: [1253603]
2013-11-20 10:57:30,570: DEBUG: NAS-IP-Address: ['10.254.193.1']
2013-11-20 10:57:30,571: DEBUG: GoGo-Total-Output-Gigawords: [0]
2013-11-20 10:57:30,571: DEBUG: Framed-IP-Address: ['10.254.193.193']
2013-11-20 10:57:30,571: DEBUG: GoGo-Total-Input-Voice-Gigawords: [0]
2013-11-20 10:57:30,572: DEBUG: GoGo-Total-Output-Octets: [1253603]
2013-11-20 10:57:30,572: DEBUG: GoGo-Acct-Input-Voice-Octets: [0]
2013-11-20 10:57:30,573: DEBUG: GoGo-Total-Input-Voice-Packets: [0]
2013-11-20 10:57:30,574: DEBUG: Called-Station-Id: [u'00:16:3E:38:19:A6']
2013-11-20 10:57:30,575: DEBUG: WISPr-Location-Name: [u'TEST LLC,BA01_01009']
2013-11-20 10:57:30,575: DEBUG: NAS-Identifier: [u'C08386']
2013-11-20 10:57:30,576: DEBUG: Proxy-State: ['3330,3132']
2013-11-20 10:57:30,576: DEBUG: GoGo-Total-Input-Voice-Octets: [0]
2013-11-20 10:57:30,577: DEBUG: Acct-Status-Type: ['Interim-Update']
2013-11-20 10:57:30,577: DEBUG: GoGo-Total-Output-Voice-Gigawords: [0]
2013-11-20 10:57:30,578: DEBUG: GoGo-Airline: [u'BA01']
2013-11-20 10:57:30,578: DEBUG: Acct-Session-Id: [u'AAATestNAS_188-1384925230497-00163E3819A6-1']
2013-11-20 10:57:30,579: DEBUG: Acct-Session-Time: [10]
2013-11-20 10:57:30,579: DEBUG: Acct-Input-Packets: [65472]
2013-11-20 10:57:30,580: DEBUG: Acct-Output-Packets: [2126]
2013-11-20 10:57:30,581: DEBUG: GoGo-Acct-Output-Voice-Packets: [0]
2013-11-20 10:57:30,581: DEBUG: GoGo-Acct-Output-Voice-Octets: [0]
2013-11-20 10:57:30,582: DEBUG: Acct-Output-Gigawords: [0]
2013-11-20 10:57:30,583: DEBUG: GoGo-Total-Output-Voice-Packets: [0]
2013-11-20 10:57:30,583: DEBUG: Acct-Input-Gigawords: [0]
2013-11-20 10:57:30,584: DEBUG: Calling-Station-Id: [u'18:21:31:41:52:69']
2013-11-20 10:57:30,584: DEBUG: NAS-Port-Type: ['Wireless-802.11']
2013-11-20 10:57:30,584: DEBUG: GoGo-Total-Output-Voice-Octets: [0]
2013-11-20 10:57:30,585: DEBUG: GoGo-Private-IP-Address: ['192.168.1.179']
2013-11-20 10:57:30,585: DEBUG: GoGo-Acct-Input-Voice-Gigawords: [0]
2013-11-20 10:57:30,585: DEBUG: GoGo-Total-Input-Packets: [65472]
2013-11-20 10:57:30,585: DEBUG: GoGo-Total-Input-Gigawords: [0]
2013-11-20 10:57:30,586: DEBUG: GoGo-Acct-Input-Voice-Packets: [0]
2013-11-20 10:57:30,586: DEBUG: GoGo-Total-Input-Octets: [9165327]
2013-11-20 10:57:30,586: DEBUG: GoGo-Total-Output-Packets: [2126]
2013-11-20 10:57:30,586: DEBUG: WISPr-Location-ID: [u'airline=BA01,tail=01009,network=']
2013-11-20 10:57:30,586: DEBUG: GoGo-Acct-Output-Voice-Gigawords: [0]
2013-11-20 10:57:30,586: DEBUG: Acct-Input-Octets: [9165327]
2013-11-20 10:57:30,588: DEBUG: 

2013-11-20 10:57:30,588: DEBUG: Received response with following attributes:
2013-11-20 10:57:40,589: DEBUG: 

2013-11-20 10:57:40,590: DEBUG: Creating Accounting Update Request with the following Attributes:
2013-11-20 10:57:40,590: DEBUG: User-Name: [u'username26@airborne.aircell.com']
2013-11-20 10:57:40,590: DEBUG: GoGo-Tail-Number: [u'AAATestNAS_188']
2013-11-20 10:57:40,591: DEBUG: Acct-Output-Octets: [5467336]
2013-11-20 10:57:40,591: DEBUG: NAS-IP-Address: ['10.254.193.1']
2013-11-20 10:57:40,591: DEBUG: GoGo-Total-Output-Gigawords: [0]
2013-11-20 10:57:40,591: DEBUG: Framed-IP-Address: ['10.254.193.193']
2013-11-20 10:57:40,592: DEBUG: GoGo-Total-Input-Voice-Gigawords: [0]
2013-11-20 10:57:40,592: DEBUG: GoGo-Total-Output-Octets: [5467336]
2013-11-20 10:57:40,592: DEBUG: GoGo-Acct-Input-Voice-Octets: [0]
2013-11-20 10:57:40,592: DEBUG: GoGo-Total-Input-Voice-Packets: [0]
2013-11-20 10:57:40,593: DEBUG: Called-Station-Id: [u'00:16:3E:38:19:A6']
2013-11-20 10:57:40,593: DEBUG: WISPr-Location-Name: [u'TEST LLC,BA01_01009']
2013-11-20 10:57:40,593: DEBUG: NAS-Identifier: [u'C08386']
2013-11-20 10:57:40,593: DEBUG: Proxy-State: ['3330,3132']
2013-11-20 10:57:40,594: DEBUG: GoGo-Total-Input-Voice-Octets: [0]
2013-11-20 10:57:40,594: DEBUG: Acct-Status-Type: ['Interim-Update']
2013-11-20 10:57:40,594: DEBUG: GoGo-Total-Output-Voice-Gigawords: [0]
2013-11-20 10:57:40,594: DEBUG: GoGo-Airline: [u'BA01']
2013-11-20 10:57:40,595: DEBUG: Acct-Session-Id: [u'AAATestNAS_188-1384925230497-00163E3819A6-1']
2013-11-20 10:57:40,595: DEBUG: Acct-Session-Time: [10]
2013-11-20 10:57:40,595: DEBUG: Acct-Input-Packets: [15655]
2013-11-20 10:57:40,595: DEBUG: Acct-Output-Packets: [26339]
2013-11-20 10:57:40,595: DEBUG: GoGo-Acct-Output-Voice-Packets: [0]
2013-11-20 10:57:40,596: DEBUG: GoGo-Acct-Output-Voice-Octets: [0]
2013-11-20 10:57:40,596: DEBUG: Acct-Output-Gigawords: [0]
2013-11-20 10:57:40,596: DEBUG: GoGo-Total-Output-Voice-Packets: [0]
2013-11-20 10:57:40,597: DEBUG: Acct-Input-Gigawords: [0]
2013-11-20 10:57:40,597: DEBUG: Calling-Station-Id: [u'18:21:31:41:52:69']
2013-11-20 10:57:40,597: DEBUG: NAS-Port-Type: ['Wireless-802.11']
2013-11-20 10:57:40,598: DEBUG: GoGo-Total-Output-Voice-Octets: [0]
2013-11-20 10:57:40,598: DEBUG: GoGo-Private-IP-Address: ['192.168.1.179']
2013-11-20 10:57:40,598: DEBUG: GoGo-Acct-Input-Voice-Gigawords: [0]
2013-11-20 10:57:40,598: DEBUG: GoGo-Total-Input-Packets: [15655]
2013-11-20 10:57:40,599: DEBUG: GoGo-Total-Input-Gigawords: [0]
2013-11-20 10:57:40,599: DEBUG: GoGo-Acct-Input-Voice-Packets: [0]
2013-11-20 10:57:40,599: DEBUG: GoGo-Total-Input-Octets: [2003796]
2013-11-20 10:57:40,599: DEBUG: GoGo-Total-Output-Packets: [26339]
2013-11-20 10:57:40,600: DEBUG: WISPr-Location-ID: [u'airline=BA01,tail=01009,network=']
2013-11-20 10:57:40,600: DEBUG: GoGo-Acct-Output-Voice-Gigawords: [0]
2013-11-20 10:57:40,600: DEBUG: Acct-Input-Octets: [2003796]
2013-11-20 10:57:40,601: ERROR: Network error, Reason: 'Network error: Too many open files'
2013-11-20 10:57:50,601: DEBUG: 

2013-11-20 10:57:50,603: DEBUG: Creating Accounting Update Request with the following Attributes:
2013-11-20 10:57:50,603: DEBUG: User-Name: [u'username26@airborne.aircell.com']
2013-11-20 10:57:50,603: DEBUG: GoGo-Tail-Number: [u'AAATestNAS_188']
2013-11-20 10:57:50,604: DEBUG: Acct-Output-Octets: [1491946]
2013-11-20 10:57:50,604: DEBUG: NAS-IP-Address: ['10.254.193.1']
2013-11-20 10:57:50,604: DEBUG: GoGo-Total-Output-Gigawords: [0]
2013-11-20 10:57:50,604: DEBUG: Framed-IP-Address: ['10.254.193.193']
2013-11-20 10:57:50,604: DEBUG: GoGo-Total-Input-Voice-Gigawords: [0]
2013-11-20 10:57:50,605: DEBUG: GoGo-Total-Output-Octets: [1491946]
2013-11-20 10:57:50,605: DEBUG: GoGo-Acct-Input-Voice-Octets: [0]
2013-11-20 10:57:50,605: DEBUG: GoGo-Total-Input-Voice-Packets: [0]
2013-11-20 10:57:50,605: DEBUG: Called-Station-Id: [u'00:16:3E:38:19:A6']
2013-11-20 10:57:50,605: DEBUG: WISPr-Location-Name: [u'TEST LLC,BA01_01009']
2013-11-20 10:57:50,606: DEBUG: NAS-Identifier: [u'C08386']
2013-11-20 10:57:50,606: DEBUG: Proxy-State: ['3330,3132']
2013-11-20 10:57:50,606: DEBUG: GoGo-Total-Input-Voice-Octets: [0]
2013-11-20 10:57:50,606: DEBUG: Acct-Status-Type: ['Interim-Update']
2013-11-20 10:57:50,606: DEBUG: GoGo-Total-Output-Voice-Gigawords: [0]
2013-11-20 10:57:50,607: DEBUG: GoGo-Airline: [u'BA01']
2013-11-20 10:57:50,607: DEBUG: Acct-Session-Id: [u'AAATestNAS_188-1384925230497-00163E3819A6-1']
2013-11-20 10:57:50,607: DEBUG: Acct-Session-Time: [10]
2013-11-20 10:57:50,607: DEBUG: Acct-Input-Packets: [72057]
2013-11-20 10:57:50,607: DEBUG: Acct-Output-Packets: [13301]
2013-11-20 10:57:50,607: DEBUG: GoGo-Acct-Output-Voice-Packets: [0]
2013-11-20 10:57:50,607: DEBUG: GoGo-Acct-Output-Voice-Octets: [0]
2013-11-20 10:57:50,608: DEBUG: Acct-Output-Gigawords: [0]
2013-11-20 10:57:50,608: DEBUG: GoGo-Total-Output-Voice-Packets: [0]
2013-11-20 10:57:50,608: DEBUG: Acct-Input-Gigawords: [0]
2013-11-20 10:57:50,608: DEBUG: Calling-Station-Id: [u'18:21:31:41:52:69']
2013-11-20 10:57:50,608: DEBUG: NAS-Port-Type: ['Wireless-802.11']
2013-11-20 10:57:50,608: DEBUG: GoGo-Total-Output-Voice-Octets: [0]
2013-11-20 10:57:50,609: DEBUG: GoGo-Private-IP-Address: ['192.168.1.179']
2013-11-20 10:57:50,609: DEBUG: GoGo-Acct-Input-Voice-Gigawords: [0]
2013-11-20 10:57:50,609: DEBUG: GoGo-Total-Input-Packets: [72057]
2013-11-20 10:57:50,609: DEBUG: GoGo-Total-Input-Gigawords: [0]
2013-11-20 10:57:50,609: DEBUG: GoGo-Acct-Input-Voice-Packets: [0]
2013-11-20 10:57:50,609: DEBUG: GoGo-Total-Input-Octets: [7712210]
2013-11-20 10:57:50,609: DEBUG: GoGo-Total-Output-Packets: [13301]
2013-11-20 10:57:50,610: DEBUG: WISPr-Location-ID: [u'airline=BA01,tail=01009,network=']
2013-11-20 10:57:50,610: DEBUG: GoGo-Acct-Output-Voice-Gigawords: [0]
2013-11-20 10:57:50,610: DEBUG: Acct-Input-Octets: [7712210]
2013-11-20 10:57:50,612: ERROR: Network error, Reason: 'Network error: Too many open files'
2013-11-20 10:58:00,613: DEBUG: 

2013-11-20 10:58:00,614: DEBUG: Creating Accounting Update Request with the following Attributes:
2013-11-20 10:58:00,614: DEBUG: User-Name: [u'username26@airborne.aircell.com']
2013-11-20 10:58:00,614: DEBUG: GoGo-Tail-Number: [u'AAATestNAS_188']
2013-11-20 10:58:00,614: DEBUG: Acct-Output-Octets: [6989864]
2013-11-20 10:58:00,614: DEBUG: NAS-IP-Address: ['10.254.193.1']
2013-11-20 10:58:00,614: DEBUG: GoGo-Total-Output-Gigawords: [0]
2013-11-20 10:58:00,614: DEBUG: Framed-IP-Address: ['10.254.193.193']
2013-11-20 10:58:00,615: DEBUG: GoGo-Total-Input-Voice-Gigawords: [0]
2013-11-20 10:58:00,615: DEBUG: GoGo-Total-Output-Octets: [6989864]
2013-11-20 10:58:00,615: DEBUG: GoGo-Acct-Input-Voice-Octets: [0]
2013-11-20 10:58:00,615: DEBUG: GoGo-Total-Input-Voice-Packets: [0]
2013-11-20 10:58:00,615: DEBUG: Called-Station-Id: [u'00:16:3E:38:19:A6']
2013-11-20 10:58:00,615: DEBUG: WISPr-Location-Name: [u'TEST LLC,BA01_01009']
2013-11-20 10:58:00,615: DEBUG: NAS-Identifier: [u'C08386']
2013-11-20 10:58:00,615: DEBUG: Proxy-State: ['3330,3132']
2013-11-20 10:58:00,615: DEBUG: GoGo-Total-Input-Voice-Octets: [0]
2013-11-20 10:58:00,616: DEBUG: Acct-Status-Type: ['Interim-Update']
2013-11-20 10:58:00,616: DEBUG: GoGo-Total-Output-Voice-Gigawords: [0]
2013-11-20 10:58:00,616: DEBUG: GoGo-Airline: [u'BA01']
2013-11-20 10:58:00,616: DEBUG: Acct-Session-Id: [u'AAATestNAS_188-1384925230497-00163E3819A6-1']
2013-11-20 10:58:00,616: DEBUG: Acct-Session-Time: [10]
2013-11-20 10:58:00,616: DEBUG: Acct-Input-Packets: [60834]
2013-11-20 10:58:00,616: DEBUG: Acct-Output-Packets: [60067]
2013-11-20 10:58:00,616: DEBUG: GoGo-Acct-Output-Voice-Packets: [0]
2013-11-20 10:58:00,616: DEBUG: GoGo-Acct-Output-Voice-Octets: [0]
2013-11-20 10:58:00,616: DEBUG: Acct-Output-Gigawords: [0]
2013-11-20 10:58:00,617: DEBUG: GoGo-Total-Output-Voice-Packets: [0]
2013-11-20 10:58:00,617: DEBUG: Acct-Input-Gigawords: [0]
2013-11-20 10:58:00,617: DEBUG: Calling-Station-Id: [u'18:21:31:41:52:69']
2013-11-20 10:58:00,617: DEBUG: NAS-Port-Type: ['Wireless-802.11']
2013-11-20 10:58:00,617: DEBUG: GoGo-Total-Output-Voice-Octets: [0]
2013-11-20 10:58:00,617: DEBUG: GoGo-Private-IP-Address: ['192.168.1.179']
2013-11-20 10:58:00,617: DEBUG: GoGo-Acct-Input-Voice-Gigawords: [0]
2013-11-20 10:58:00,617: DEBUG: GoGo-Total-Input-Packets: [60834]
2013-11-20 10:58:00,617: DEBUG: GoGo-Total-Input-Gigawords: [0]
2013-11-20 10:58:00,617: DEBUG: GoGo-Acct-Input-Voice-Packets: [0]
2013-11-20 10:58:00,618: DEBUG: GoGo-Total-Input-Octets: [7308359]
2013-11-20 10:58:00,618: DEBUG: GoGo-Total-Output-Packets: [60067]
2013-11-20 10:58:00,618: DEBUG: WISPr-Location-ID: [u'airline=BA01,tail=01009,network=']
2013-11-20 10:58:00,618: DEBUG: GoGo-Acct-Output-Voice-Gigawords: [0]
2013-11-20 10:58:00,618: DEBUG: Acct-Input-Octets: [7308359]
2013-11-20 10:58:00,618: ERROR: Network error, Reason: 'Network error: nodename nor servname provided, or not known'
2013-11-20 10:58:10,619: DEBUG: 

2013-11-20 10:58:10,620: DEBUG: Creating Accounting Update Request with the following Attributes:
2013-11-20 10:58:10,621: DEBUG: User-Name: [u'username26@airborne.aircell.com']
2013-11-20 10:58:10,622: DEBUG: GoGo-Tail-Number: [u'AAATestNAS_188']
2013-11-20 10:58:10,623: DEBUG: Acct-Output-Octets: [3912387]
2013-11-20 10:58:10,623: DEBUG: NAS-IP-Address: ['10.254.193.1']
2013-11-20 10:58:10,624: DEBUG: GoGo-Total-Output-Gigawords: [0]
2013-11-20 10:58:10,624: DEBUG: Framed-IP-Address: ['10.254.193.193']
2013-11-20 10:58:10,625: DEBUG: GoGo-Total-Input-Voice-Gigawords: [0]
2013-11-20 10:58:10,626: DEBUG: GoGo-Total-Output-Octets: [3912387]
2013-11-20 10:58:10,626: DEBUG: GoGo-Acct-Input-Voice-Octets: [0]
2013-11-20 10:58:10,627: DEBUG: GoGo-Total-Input-Voice-Packets: [0]
2013-11-20 10:58:10,627: DEBUG: Called-Station-Id: [u'00:16:3E:38:19:A6']
2013-11-20 10:58:10,628: DEBUG: WISPr-Location-Name: [u'TEST LLC,BA01_01009']
2013-11-20 10:58:10,628: DEBUG: NAS-Identifier: [u'C08386']
2013-11-20 10:58:10,629: DEBUG: Proxy-State: ['3330,3132']
2013-11-20 10:58:10,629: DEBUG: GoGo-Total-Input-Voice-Octets: [0]
2013-11-20 10:58:10,630: DEBUG: Acct-Status-Type: ['Interim-Update']
2013-11-20 10:58:10,630: DEBUG: GoGo-Total-Output-Voice-Gigawords: [0]
2013-11-20 10:58:10,631: DEBUG: GoGo-Airline: [u'BA01']
2013-11-20 10:58:10,631: DEBUG: Acct-Session-Id: [u'AAATestNAS_188-1384925230497-00163E3819A6-1']
2013-11-20 10:58:10,632: DEBUG: Acct-Session-Time: [10]
2013-11-20 10:58:10,633: DEBUG: Acct-Input-Packets: [18826]
2013-11-20 10:58:10,633: DEBUG: Acct-Output-Packets: [12667]
2013-11-20 10:58:10,633: DEBUG: GoGo-Acct-Output-Voice-Packets: [0]
2013-11-20 10:58:10,634: DEBUG: GoGo-Acct-Output-Voice-Octets: [0]
2013-11-20 10:58:10,634: DEBUG: Acct-Output-Gigawords: [0]
2013-11-20 10:58:10,634: DEBUG: GoGo-Total-Output-Voice-Packets: [0]
2013-11-20 10:58:10,635: DEBUG: Acct-Input-Gigawords: [0]
2013-11-20 10:58:10,635: DEBUG: Calling-Station-Id: [u'18:21:31:41:52:69']
2013-11-20 10:58:10,635: DEBUG: NAS-Port-Type: ['Wireless-802.11']
2013-11-20 10:58:10,636: DEBUG: GoGo-Total-Output-Voice-Octets: [0]
2013-11-20 10:58:10,636: DEBUG: GoGo-Private-IP-Address: ['192.168.1.179']
2013-11-20 10:58:10,636: DEBUG: GoGo-Acct-Input-Voice-Gigawords: [0]
2013-11-20 10:58:10,637: DEBUG: GoGo-Total-Input-Packets: [18826]
2013-11-20 10:58:10,637: DEBUG: GoGo-Total-Input-Gigawords: [0]
2013-11-20 10:58:10,638: DEBUG: GoGo-Acct-Input-Voice-Packets: [0]
2013-11-20 10:58:10,639: DEBUG: GoGo-Total-Input-Octets: [5270408]
2013-11-20 10:58:10,639: DEBUG: GoGo-Total-Output-Packets: [12667]
2013-11-20 10:58:10,639: DEBUG: WISPr-Location-ID: [u'airline=BA01,tail=01009,network=']
2013-11-20 10:58:10,640: DEBUG: GoGo-Acct-Output-Voice-Gigawords: [0]
2013-11-20 10:58:10,640: DEBUG: Acct-Input-Octets: [5270408]
2013-11-20 10:58:10,642: DEBUG: 

2013-11-20 10:58:10,642: DEBUG: Received response with following attributes:
2013-11-20 10:58:16,643: DEBUG: 

2013-11-20 10:58:16,644: DEBUG: Creating Accounting Update Request with the following Attributes:
2013-11-20 10:58:16,644: DEBUG: User-Name: [u'username26@airborne.aircell.com']
2013-11-20 10:58:16,644: DEBUG: GoGo-Tail-Number: [u'AAATestNAS_188']
2013-11-20 10:58:16,644: DEBUG: Acct-Output-Octets: [8206731]
2013-11-20 10:58:16,644: DEBUG: NAS-IP-Address: ['10.254.193.1']
2013-11-20 10:58:16,644: DEBUG: GoGo-Total-Output-Gigawords: [0]
2013-11-20 10:58:16,644: DEBUG: Framed-IP-Address: ['10.254.193.193']
2013-11-20 10:58:16,644: DEBUG: GoGo-Total-Input-Voice-Gigawords: [0]
2013-11-20 10:58:16,645: DEBUG: GoGo-Total-Output-Octets: [8206731]
2013-11-20 10:58:16,645: DEBUG: GoGo-Acct-Input-Voice-Octets: [0]
2013-11-20 10:58:16,645: DEBUG: GoGo-Total-Input-Voice-Packets: [0]
2013-11-20 10:58:16,645: DEBUG: Called-Station-Id: [u'00:16:3E:38:19:A6']
2013-11-20 10:58:16,645: DEBUG: WISPr-Location-Name: [u'TEST LLC,BA01_01009']
2013-11-20 10:58:16,645: DEBUG: NAS-Identifier: [u'C08386']
2013-11-20 10:58:16,645: DEBUG: Proxy-State: ['3330,3132']
2013-11-20 10:58:16,645: DEBUG: GoGo-Total-Input-Voice-Octets: [0]
2013-11-20 10:58:16,645: DEBUG: Acct-Status-Type: ['Interim-Update']
2013-11-20 10:58:16,645: DEBUG: GoGo-Total-Output-Voice-Gigawords: [0]
2013-11-20 10:58:16,646: DEBUG: GoGo-Airline: [u'BA01']
2013-11-20 10:58:16,646: DEBUG: Acct-Session-Id: [u'AAATestNAS_188-1384925230497-00163E3819A6-1']
2013-11-20 10:58:16,646: DEBUG: Acct-Session-Time: [6]
2013-11-20 10:58:16,646: DEBUG: Acct-Input-Packets: [21192]
2013-11-20 10:58:16,646: DEBUG: Acct-Output-Packets: [33412]
2013-11-20 10:58:16,646: DEBUG: GoGo-Acct-Output-Voice-Packets: [0]
2013-11-20 10:58:16,646: DEBUG: GoGo-Acct-Output-Voice-Octets: [0]
2013-11-20 10:58:16,646: DEBUG: Acct-Output-Gigawords: [0]
2013-11-20 10:58:16,646: DEBUG: GoGo-Total-Output-Voice-Packets: [0]
2013-11-20 10:58:16,646: DEBUG: Acct-Input-Gigawords: [0]
2013-11-20 10:58:16,647: DEBUG: Calling-Station-Id: [u'18:21:31:41:52:69']
2013-11-20 10:58:16,647: DEBUG: NAS-Port-Type: ['Wireless-802.11']
2013-11-20 10:58:16,647: DEBUG: GoGo-Total-Output-Voice-Octets: [0]
2013-11-20 10:58:16,647: DEBUG: GoGo-Private-IP-Address: ['192.168.1.179']
2013-11-20 10:58:16,647: DEBUG: GoGo-Acct-Input-Voice-Gigawords: [0]
2013-11-20 10:58:16,647: DEBUG: GoGo-Total-Input-Packets: [21192]
2013-11-20 10:58:16,647: DEBUG: GoGo-Total-Input-Gigawords: [0]
2013-11-20 10:58:16,647: DEBUG: GoGo-Acct-Input-Voice-Packets: [0]
2013-11-20 10:58:16,647: DEBUG: GoGo-Total-Input-Octets: [9421257]
2013-11-20 10:58:16,647: DEBUG: GoGo-Total-Output-Packets: [33412]
2013-11-20 10:58:16,648: DEBUG: WISPr-Location-ID: [u'airline=BA01,tail=01009,network=']
2013-11-20 10:58:16,648: DEBUG: GoGo-Acct-Output-Voice-Gigawords: [0]
2013-11-20 10:58:16,648: DEBUG: Acct-Input-Octets: [9421257]
2013-11-20 10:58:16,648: ERROR: Network error, Reason: 'Network error: Too many open files'
2013-11-20 10:58:27,649: DEBUG: 

2013-11-20 10:58:27,651: DEBUG: Creating Accounting Stop Request with the following Attributes:
2013-11-20 10:58:27,652: DEBUG: User-Name: [u'username26@airborne.aircell.com']
2013-11-20 10:58:27,653: DEBUG: GoGo-Tail-Number: [u'01009']
2013-11-20 10:58:27,654: DEBUG: Acct-Output-Octets: [1020367]
2013-11-20 10:58:27,654: DEBUG: NAS-IP-Address: ['10.254.193.1']
2013-11-20 10:58:27,655: DEBUG: GoGo-Total-Output-Gigawords: [0]
2013-11-20 10:58:27,655: DEBUG: Framed-IP-Address: ['10.254.193.193']
2013-11-20 10:58:27,656: DEBUG: GoGo-Total-Input-Voice-Gigawords: [0]
2013-11-20 10:58:27,656: DEBUG: GoGo-Total-Output-Octets: [1020367]
2013-11-20 10:58:27,657: DEBUG: GoGo-Acct-Input-Voice-Octets: [0]
2013-11-20 10:58:27,657: DEBUG: GoGo-Total-Input-Voice-Packets: [0]
2013-11-20 10:58:27,658: DEBUG: Called-Station-Id: [u'00:16:3E:38:19:A6']
2013-11-20 10:58:27,658: DEBUG: WISPr-Location-Name: [u'TEST LLC,BA01_01009']
2013-11-20 10:58:27,659: DEBUG: NAS-Identifier: [u'C08386']
2013-11-20 10:58:27,659: DEBUG: Proxy-State: ['3330,3132']
2013-11-20 10:58:27,659: DEBUG: GoGo-Total-Input-Voice-Octets: [0]
2013-11-20 10:58:27,660: DEBUG: Acct-Status-Type: ['Stop']
2013-11-20 10:58:27,660: DEBUG: GoGo-Total-Output-Voice-Gigawords: [0]
2013-11-20 10:58:27,661: DEBUG: GoGo-Airline: [u'BA01']
2013-11-20 10:58:27,661: DEBUG: Acct-Session-Id: [u'AAATestNAS_188-1384925230497-00163E3819A6-1']
2013-11-20 10:58:27,661: DEBUG: Acct-Session-Time: [11]
2013-11-20 10:58:27,662: DEBUG: Acct-Input-Packets: [20934]
2013-11-20 10:58:27,662: DEBUG: Acct-Output-Packets: [1473]
2013-11-20 10:58:27,662: DEBUG: Acct-Terminate-Cause: ['User-Request']
2013-11-20 10:58:27,663: DEBUG: GoGo-Acct-Output-Voice-Octets: [0]
2013-11-20 10:58:27,663: DEBUG: Acct-Output-Gigawords: [0]
2013-11-20 10:58:27,664: DEBUG: GoGo-Total-Output-Voice-Packets: [0]
2013-11-20 10:58:27,664: DEBUG: Acct-Input-Gigawords: [0]
2013-11-20 10:58:27,665: DEBUG: Calling-Station-Id: [u'18:21:31:41:52:69']
2013-11-20 10:58:27,665: DEBUG: NAS-Port-Type: ['Wireless-802.11']
2013-11-20 10:58:27,666: DEBUG: GoGo-Total-Output-Voice-Octets: [0]
2013-11-20 10:58:27,667: DEBUG: GoGo-Private-IP-Address: ['192.168.1.179']
2013-11-20 10:58:27,667: DEBUG: GoGo-Acct-Input-Voice-Gigawords: [0]
2013-11-20 10:58:27,668: DEBUG: GoGo-Total-Input-Packets: [20934]
2013-11-20 10:58:27,669: DEBUG: GoGo-Total-Input-Gigawords: [0]
2013-11-20 10:58:27,669: DEBUG: GoGo-Acct-Input-Voice-Packets: [0]
2013-11-20 10:58:27,669: DEBUG: GoGo-Total-Input-Octets: [2463809]
2013-11-20 10:58:27,669: DEBUG: GoGo-Total-Output-Packets: [1473]
2013-11-20 10:58:27,670: DEBUG: WISPr-Location-ID: [u'airline=BA01,tail=01009,network=']
2013-11-20 10:58:27,670: DEBUG: GoGo-Acct-Output-Voice-Packets: [0]
2013-11-20 10:58:27,670: DEBUG: GoGo-Acct-Output-Voice-Gigawords: [0]
2013-11-20 10:58:27,671: DEBUG: Acct-Input-Octets: [2463809]
2013-11-20 10:58:27,671: ERROR: Network error, Reason: 'Network error: Too many open files'
2013-11-20 10:58:27,671: ERROR: Ending the test for this user
2013-11-20 10:58:27,672: DEBUG: Ending the test for this user
