2013-11-20 10:55:41,948: DEBUG: Starting the client for the user username9@airborne.aircell.com to the server localhost

2013-11-20 10:55:41,948: DEBUG: DURATION of the TEST: 91
2013-11-20 10:55:41,948: DEBUG: NAS-IP: 10.254.2.1
2013-11-20 10:55:41,948: DEBUG: NAS-MAC-ADDR: 12:23:34:45:56:67
2013-11-20 10:55:41,948: DEBUG: Abruptly End: False
2013-11-20 10:55:41,948: DEBUG: Framed-IP: 10.254.2.60
2013-11-20 10:55:41,949: DEBUG: User-MAC-Addr: 00:16:3E:7E:B4:C4
2013-11-20 10:55:41,949: DEBUG: 

2013-11-20 10:55:41,949: DEBUG: Creating Authentication Request with the following Attributes:
2013-11-20 10:55:41,949: DEBUG: NAS-Identifier: [u'C08386']
2013-11-20 10:55:41,949: DEBUG: User-Name: [u'username9@airborne.aircell.com']
2013-11-20 10:55:41,950: DEBUG: NAS-IP-Address: ['10.254.2.1']
2013-11-20 10:55:41,950: DEBUG: Service-Type: ['Authenticate-Only']
2013-11-20 10:55:41,950: DEBUG: Proxy-State: ['3237,3134']
2013-11-20 10:55:41,950: DEBUG: Framed-IP-Address: ['10.254.2.60']
2013-11-20 10:55:41,950: DEBUG: GoGo-Airline: [u'BA01']
2013-11-20 10:55:41,950: DEBUG: Acct-Session-Id: [u'AAATest_10_253_253_2-1384925141949-00163E7EB4C4-1']
2013-11-20 10:55:41,950: DEBUG: GoGo-Tail-Number: [u'AAATest_10_253_253_2']
2013-11-20 10:55:41,950: DEBUG: GoGo-Private-IP-Address: ['192.168.1.179']
2013-11-20 10:55:41,950: DEBUG: WISPr-Location-ID: [u'airline=BA01,tail=01009,network=']
2013-11-20 10:55:41,950: DEBUG: WISPr-Location-Name: [u'TEST LLC,BA01_01009']
2013-11-20 10:55:41,950: DEBUG: NAS-Port-Type: ['Wireless-802.11']
2013-11-20 10:55:41,950: DEBUG: Called-Station-Id: [u'00:16:3E:7E:B4:C4']
2013-11-20 10:55:41,950: DEBUG: Calling-Station-Id: [u'12:23:34:45:56:67']
2013-11-20 10:55:41,952: DEBUG: 

2013-11-20 10:55:41,952: DEBUG: Received response with code: 2, Accepted
2013-11-20 10:55:41,952: DEBUG: Creating Authentication Request with the following Attributes:
2013-11-20 10:55:41,952: DEBUG: NAS-Identifier: [u'C08386']
2013-11-20 10:55:41,952: DEBUG: User-Name: [u'username9@airborne.aircell.com']
2013-11-20 10:55:41,953: DEBUG: NAS-IP-Address: ['10.254.2.1']
2013-11-20 10:55:41,953: DEBUG: Service-Type: ['Login-User']
2013-11-20 10:55:41,953: DEBUG: Proxy-State: ['3237,3134']
2013-11-20 10:55:41,953: DEBUG: Framed-IP-Address: ['10.254.2.60']
2013-11-20 10:55:41,953: DEBUG: GoGo-Airline: [u'BA01']
2013-11-20 10:55:41,953: DEBUG: Acct-Session-Id: [u'AAATest_10_253_253_2-1384925141952-00163E7EB4C4-1']
2013-11-20 10:55:41,953: DEBUG: GoGo-Tail-Number: [u'AAATest_10_253_253_2']
2013-11-20 10:55:41,953: DEBUG: GoGo-Private-IP-Address: ['192.168.1.179']
2013-11-20 10:55:41,953: DEBUG: WISPr-Location-ID: [u'airline=BA01,tail=01009,network=']
2013-11-20 10:55:41,953: DEBUG: WISPr-Location-Name: [u'TEST LLC,BA01_01009']
2013-11-20 10:55:41,953: DEBUG: NAS-Port-Type: ['Wireless-802.11']
2013-11-20 10:55:41,953: DEBUG: Called-Station-Id: [u'00:16:3E:7E:B4:C4']
2013-11-20 10:55:41,953: DEBUG: Calling-Station-Id: [u'12:23:34:45:56:67']
2013-11-20 10:55:41,954: DEBUG: 

2013-11-20 10:55:41,954: DEBUG: Received response with code: 2, Accepted
2013-11-20 10:55:41,954: DEBUG: 

2013-11-20 10:55:41,955: DEBUG: Creating Accounting start Request with the following Attributes:
2013-11-20 10:55:41,955: DEBUG: NAS-Identifier: [u'C08386']
2013-11-20 10:55:41,955: DEBUG: User-Name: [u'username9@airborne.aircell.com']
2013-11-20 10:55:41,955: DEBUG: GoGo-Tail-Number: [u'AAATest_10_253_253_2']
2013-11-20 10:55:41,955: DEBUG: NAS-IP-Address: ['10.254.2.1']
2013-11-20 10:55:41,955: DEBUG: Proxy-State: ['3239,3131']
2013-11-20 10:55:41,955: DEBUG: Acct-Status-Type: ['Start']
2013-11-20 10:55:41,955: DEBUG: GoGo-Airline: [u'BA01']
2013-11-20 10:55:41,955: DEBUG: Acct-Session-Id: [u'AAATest_10_253_253_2-1384925141952-00163E7EB4C4-1']
2013-11-20 10:55:41,955: DEBUG: GoGo-Private-IP-Address: ['192.168.1.179']
2013-11-20 10:55:41,955: DEBUG: Framed-IP-Address: ['10.254.2.60']
2013-11-20 10:55:41,955: DEBUG: WISPr-Location-ID: [u'airline=BA01,tail=01009,network=']
2013-11-20 10:55:41,956: DEBUG: WISPr-Location-Name: [u'TEST LLC,BA01_01009']
2013-11-20 10:55:41,956: DEBUG: NAS-Port-Type: ['Wireless-802.11']
2013-11-20 10:55:41,956: DEBUG: Called-Station-Id: [u'00:16:3E:7E:B4:C4']
2013-11-20 10:55:41,956: DEBUG: Calling-Station-Id: [u'12:23:34:45:56:67']
2013-11-20 10:55:41,957: DEBUG: 

2013-11-20 10:55:41,957: DEBUG: Received response with following attributes:
2013-11-20 10:55:51,958: DEBUG: 

2013-11-20 10:55:51,958: DEBUG: Creating Accounting Update Request with the following Attributes:
2013-11-20 10:55:51,958: DEBUG: User-Name: [u'username9@airborne.aircell.com']
2013-11-20 10:55:51,959: DEBUG: GoGo-Tail-Number: [u'AAATest_10_253_253_2']
2013-11-20 10:55:51,959: DEBUG: Acct-Output-Octets: [2819240]
2013-11-20 10:55:51,959: DEBUG: NAS-IP-Address: ['10.254.2.1']
2013-11-20 10:55:51,959: DEBUG: GoGo-Total-Output-Gigawords: [0]
2013-11-20 10:55:51,959: DEBUG: Framed-IP-Address: ['10.254.2.60']
2013-11-20 10:55:51,959: DEBUG: GoGo-Total-Input-Voice-Gigawords: [0]
2013-11-20 10:55:51,959: DEBUG: GoGo-Total-Output-Octets: [2819240]
2013-11-20 10:55:51,959: DEBUG: GoGo-Acct-Input-Voice-Octets: [0]
2013-11-20 10:55:51,959: DEBUG: GoGo-Total-Input-Voice-Packets: [0]
2013-11-20 10:55:51,959: DEBUG: Called-Station-Id: [u'00:16:3E:7E:B4:C4']
2013-11-20 10:55:51,959: DEBUG: WISPr-Location-Name: [u'TEST LLC,BA01_01009']
2013-11-20 10:55:51,959: DEBUG: NAS-Identifier: [u'C08386']
2013-11-20 10:55:51,959: DEBUG: Proxy-State: ['3330,3132']
2013-11-20 10:55:51,959: DEBUG: GoGo-Total-Input-Voice-Octets: [0]
2013-11-20 10:55:51,960: DEBUG: Acct-Status-Type: ['Interim-Update']
2013-11-20 10:55:51,960: DEBUG: GoGo-Total-Output-Voice-Gigawords: [0]
2013-11-20 10:55:51,960: DEBUG: GoGo-Airline: [u'BA01']
2013-11-20 10:55:51,960: DEBUG: Acct-Session-Id: [u'AAATest_10_253_253_2-1384925141952-00163E7EB4C4-1']
2013-11-20 10:55:51,960: DEBUG: Acct-Session-Time: [10]
2013-11-20 10:55:51,960: DEBUG: Acct-Input-Packets: [57914]
2013-11-20 10:55:51,960: DEBUG: Acct-Output-Packets: [20580]
2013-11-20 10:55:51,960: DEBUG: GoGo-Acct-Output-Voice-Packets: [0]
2013-11-20 10:55:51,960: DEBUG: GoGo-Acct-Output-Voice-Octets: [0]
2013-11-20 10:55:51,960: DEBUG: Acct-Output-Gigawords: [0]
2013-11-20 10:55:51,960: DEBUG: GoGo-Total-Output-Voice-Packets: [0]
2013-11-20 10:55:51,960: DEBUG: Acct-Input-Gigawords: [0]
2013-11-20 10:55:51,960: DEBUG: Calling-Station-Id: [u'12:23:34:45:56:67']
2013-11-20 10:55:51,960: DEBUG: NAS-Port-Type: ['Wireless-802.11']
2013-11-20 10:55:51,960: DEBUG: GoGo-Total-Output-Voice-Octets: [0]
2013-11-20 10:55:51,961: DEBUG: GoGo-Private-IP-Address: ['192.168.1.179']
2013-11-20 10:55:51,961: DEBUG: GoGo-Acct-Input-Voice-Gigawords: [0]
2013-11-20 10:55:51,961: DEBUG: GoGo-Total-Input-Packets: [57914]
2013-11-20 10:55:51,961: DEBUG: GoGo-Total-Input-Gigawords: [0]
2013-11-20 10:55:51,961: DEBUG: GoGo-Acct-Input-Voice-Packets: [0]
2013-11-20 10:55:51,961: DEBUG: GoGo-Total-Input-Octets: [8059956]
2013-11-20 10:55:51,961: DEBUG: GoGo-Total-Output-Packets: [20580]
2013-11-20 10:55:51,961: DEBUG: WISPr-Location-ID: [u'airline=BA01,tail=01009,network=']
2013-11-20 10:55:51,961: DEBUG: GoGo-Acct-Output-Voice-Gigawords: [0]
2013-11-20 10:55:51,961: DEBUG: Acct-Input-Octets: [8059956]
2013-11-20 10:55:51,963: DEBUG: 

2013-11-20 10:55:51,963: DEBUG: Received response with following attributes:
2013-11-20 10:56:01,963: DEBUG: 

2013-11-20 10:56:01,964: DEBUG: Creating Accounting Update Request with the following Attributes:
2013-11-20 10:56:01,964: DEBUG: User-Name: [u'username9@airborne.aircell.com']
2013-11-20 10:56:01,964: DEBUG: GoGo-Tail-Number: [u'AAATest_10_253_253_2']
2013-11-20 10:56:01,964: DEBUG: Acct-Output-Octets: [5428549]
2013-11-20 10:56:01,964: DEBUG: NAS-IP-Address: ['10.254.2.1']
2013-11-20 10:56:01,964: DEBUG: GoGo-Total-Output-Gigawords: [0]
2013-11-20 10:56:01,964: DEBUG: Framed-IP-Address: ['10.254.2.60']
2013-11-20 10:56:01,964: DEBUG: GoGo-Total-Input-Voice-Gigawords: [0]
2013-11-20 10:56:01,965: DEBUG: GoGo-Total-Output-Octets: [5428549]
2013-11-20 10:56:01,965: DEBUG: GoGo-Acct-Input-Voice-Octets: [0]
2013-11-20 10:56:01,965: DEBUG: GoGo-Total-Input-Voice-Packets: [0]
2013-11-20 10:56:01,965: DEBUG: Called-Station-Id: [u'00:16:3E:7E:B4:C4']
2013-11-20 10:56:01,965: DEBUG: WISPr-Location-Name: [u'TEST LLC,BA01_01009']
2013-11-20 10:56:01,965: DEBUG: NAS-Identifier: [u'C08386']
2013-11-20 10:56:01,965: DEBUG: Proxy-State: ['3330,3132']
2013-11-20 10:56:01,966: DEBUG: GoGo-Total-Input-Voice-Octets: [0]
2013-11-20 10:56:01,966: DEBUG: Acct-Status-Type: ['Interim-Update']
2013-11-20 10:56:01,966: DEBUG: GoGo-Total-Output-Voice-Gigawords: [0]
2013-11-20 10:56:01,966: DEBUG: GoGo-Airline: [u'BA01']
2013-11-20 10:56:01,966: DEBUG: Acct-Session-Id: [u'AAATest_10_253_253_2-1384925141952-00163E7EB4C4-1']
2013-11-20 10:56:01,966: DEBUG: Acct-Session-Time: [10]
2013-11-20 10:56:01,966: DEBUG: Acct-Input-Packets: [36579]
2013-11-20 10:56:01,966: DEBUG: Acct-Output-Packets: [15307]
2013-11-20 10:56:01,966: DEBUG: GoGo-Acct-Output-Voice-Packets: [0]
2013-11-20 10:56:01,966: DEBUG: GoGo-Acct-Output-Voice-Octets: [0]
2013-11-20 10:56:01,967: DEBUG: Acct-Output-Gigawords: [0]
2013-11-20 10:56:01,967: DEBUG: GoGo-Total-Output-Voice-Packets: [0]
2013-11-20 10:56:01,967: DEBUG: Acct-Input-Gigawords: [0]
2013-11-20 10:56:01,967: DEBUG: Calling-Station-Id: [u'12:23:34:45:56:67']
2013-11-20 10:56:01,967: DEBUG: NAS-Port-Type: ['Wireless-802.11']
2013-11-20 10:56:01,967: DEBUG: GoGo-Total-Output-Voice-Octets: [0]
2013-11-20 10:56:01,967: DEBUG: GoGo-Private-IP-Address: ['192.168.1.179']
2013-11-20 10:56:01,967: DEBUG: GoGo-Acct-Input-Voice-Gigawords: [0]
2013-11-20 10:56:01,967: DEBUG: GoGo-Total-Input-Packets: [36579]
2013-11-20 10:56:01,968: DEBUG: GoGo-Total-Input-Gigawords: [0]
2013-11-20 10:56:01,968: DEBUG: GoGo-Acct-Input-Voice-Packets: [0]
2013-11-20 10:56:01,968: DEBUG: GoGo-Total-Input-Octets: [5921182]
2013-11-20 10:56:01,968: DEBUG: GoGo-Total-Output-Packets: [15307]
2013-11-20 10:56:01,968: DEBUG: WISPr-Location-ID: [u'airline=BA01,tail=01009,network=']
2013-11-20 10:56:01,968: DEBUG: GoGo-Acct-Output-Voice-Gigawords: [0]
2013-11-20 10:56:01,968: DEBUG: Acct-Input-Octets: [5921182]
2013-11-20 10:56:01,970: DEBUG: 

2013-11-20 10:56:01,970: DEBUG: Received response with following attributes:
2013-11-20 10:56:11,971: DEBUG: 

2013-11-20 10:56:11,972: DEBUG: Creating Accounting Update Request with the following Attributes:
2013-11-20 10:56:11,972: DEBUG: User-Name: [u'username9@airborne.aircell.com']
2013-11-20 10:56:11,972: DEBUG: GoGo-Tail-Number: [u'AAATest_10_253_253_2']
2013-11-20 10:56:11,972: DEBUG: Acct-Output-Octets: [4171917]
2013-11-20 10:56:11,972: DEBUG: NAS-IP-Address: ['10.254.2.1']
2013-11-20 10:56:11,972: DEBUG: GoGo-Total-Output-Gigawords: [0]
2013-11-20 10:56:11,973: DEBUG: Framed-IP-Address: ['10.254.2.60']
2013-11-20 10:56:11,973: DEBUG: GoGo-Total-Input-Voice-Gigawords: [0]
2013-11-20 10:56:11,973: DEBUG: GoGo-Total-Output-Octets: [4171917]
2013-11-20 10:56:11,973: DEBUG: GoGo-Acct-Input-Voice-Octets: [0]
2013-11-20 10:56:11,973: DEBUG: GoGo-Total-Input-Voice-Packets: [0]
2013-11-20 10:56:11,973: DEBUG: Called-Station-Id: [u'00:16:3E:7E:B4:C4']
2013-11-20 10:56:11,973: DEBUG: WISPr-Location-Name: [u'TEST LLC,BA01_01009']
2013-11-20 10:56:11,973: DEBUG: NAS-Identifier: [u'C08386']
2013-11-20 10:56:11,973: DEBUG: Proxy-State: ['3330,3132']
2013-11-20 10:56:11,973: DEBUG: GoGo-Total-Input-Voice-Octets: [0]
2013-11-20 10:56:11,973: DEBUG: Acct-Status-Type: ['Interim-Update']
2013-11-20 10:56:11,973: DEBUG: GoGo-Total-Output-Voice-Gigawords: [0]
2013-11-20 10:56:11,973: DEBUG: GoGo-Airline: [u'BA01']
2013-11-20 10:56:11,973: DEBUG: Acct-Session-Id: [u'AAATest_10_253_253_2-1384925141952-00163E7EB4C4-1']
2013-11-20 10:56:11,973: DEBUG: Acct-Session-Time: [10]
2013-11-20 10:56:11,974: DEBUG: Acct-Input-Packets: [33766]
2013-11-20 10:56:11,974: DEBUG: Acct-Output-Packets: [30463]
2013-11-20 10:56:11,974: DEBUG: GoGo-Acct-Output-Voice-Packets: [0]
2013-11-20 10:56:11,974: DEBUG: GoGo-Acct-Output-Voice-Octets: [0]
2013-11-20 10:56:11,974: DEBUG: Acct-Output-Gigawords: [0]
2013-11-20 10:56:11,974: DEBUG: GoGo-Total-Output-Voice-Packets: [0]
2013-11-20 10:56:11,974: DEBUG: Acct-Input-Gigawords: [0]
2013-11-20 10:56:11,974: DEBUG: Calling-Station-Id: [u'12:23:34:45:56:67']
2013-11-20 10:56:11,974: DEBUG: NAS-Port-Type: ['Wireless-802.11']
2013-11-20 10:56:11,974: DEBUG: GoGo-Total-Output-Voice-Octets: [0]
2013-11-20 10:56:11,974: DEBUG: GoGo-Private-IP-Address: ['192.168.1.179']
2013-11-20 10:56:11,974: DEBUG: GoGo-Acct-Input-Voice-Gigawords: [0]
2013-11-20 10:56:11,974: DEBUG: GoGo-Total-Input-Packets: [33766]
2013-11-20 10:56:11,974: DEBUG: GoGo-Total-Input-Gigawords: [0]
2013-11-20 10:56:11,974: DEBUG: GoGo-Acct-Input-Voice-Packets: [0]
2013-11-20 10:56:11,975: DEBUG: GoGo-Total-Input-Octets: [3650618]
2013-11-20 10:56:11,975: DEBUG: GoGo-Total-Output-Packets: [30463]
2013-11-20 10:56:11,975: DEBUG: WISPr-Location-ID: [u'airline=BA01,tail=01009,network=']
2013-11-20 10:56:11,975: DEBUG: GoGo-Acct-Output-Voice-Gigawords: [0]
2013-11-20 10:56:11,975: DEBUG: Acct-Input-Octets: [3650618]
2013-11-20 10:56:11,977: DEBUG: 

2013-11-20 10:56:11,977: DEBUG: Received response with following attributes:
2013-11-20 10:56:21,978: DEBUG: 

2013-11-20 10:56:21,978: DEBUG: Creating Accounting Update Request with the following Attributes:
2013-11-20 10:56:21,978: DEBUG: User-Name: [u'username9@airborne.aircell.com']
2013-11-20 10:56:21,979: DEBUG: GoGo-Tail-Number: [u'AAATest_10_253_253_2']
2013-11-20 10:56:21,979: DEBUG: Acct-Output-Octets: [3462514]
2013-11-20 10:56:21,979: DEBUG: NAS-IP-Address: ['10.254.2.1']
2013-11-20 10:56:21,979: DEBUG: GoGo-Total-Output-Gigawords: [0]
2013-11-20 10:56:21,979: DEBUG: Framed-IP-Address: ['10.254.2.60']
2013-11-20 10:56:21,979: DEBUG: GoGo-Total-Input-Voice-Gigawords: [0]
2013-11-20 10:56:21,979: DEBUG: GoGo-Total-Output-Octets: [3462514]
2013-11-20 10:56:21,979: DEBUG: GoGo-Acct-Input-Voice-Octets: [0]
2013-11-20 10:56:21,979: DEBUG: GoGo-Total-Input-Voice-Packets: [0]
2013-11-20 10:56:21,979: DEBUG: Called-Station-Id: [u'00:16:3E:7E:B4:C4']
2013-11-20 10:56:21,980: DEBUG: WISPr-Location-Name: [u'TEST LLC,BA01_01009']
2013-11-20 10:56:21,980: DEBUG: NAS-Identifier: [u'C08386']
2013-11-20 10:56:21,980: DEBUG: Proxy-State: ['3330,3132']
2013-11-20 10:56:21,980: DEBUG: GoGo-Total-Input-Voice-Octets: [0]
2013-11-20 10:56:21,980: DEBUG: Acct-Status-Type: ['Interim-Update']
2013-11-20 10:56:21,980: DEBUG: GoGo-Total-Output-Voice-Gigawords: [0]
2013-11-20 10:56:21,980: DEBUG: GoGo-Airline: [u'BA01']
2013-11-20 10:56:21,980: DEBUG: Acct-Session-Id: [u'AAATest_10_253_253_2-1384925141952-00163E7EB4C4-1']
2013-11-20 10:56:21,980: DEBUG: Acct-Session-Time: [10]
2013-11-20 10:56:21,980: DEBUG: Acct-Input-Packets: [16332]
2013-11-20 10:56:21,980: DEBUG: Acct-Output-Packets: [3890]
2013-11-20 10:56:21,980: DEBUG: GoGo-Acct-Output-Voice-Packets: [0]
2013-11-20 10:56:21,980: DEBUG: GoGo-Acct-Output-Voice-Octets: [0]
2013-11-20 10:56:21,981: DEBUG: Acct-Output-Gigawords: [0]
2013-11-20 10:56:21,981: DEBUG: GoGo-Total-Output-Voice-Packets: [0]
2013-11-20 10:56:21,981: DEBUG: Acct-Input-Gigawords: [0]
2013-11-20 10:56:21,981: DEBUG: Calling-Station-Id: [u'12:23:34:45:56:67']
2013-11-20 10:56:21,981: DEBUG: NAS-Port-Type: ['Wireless-802.11']
2013-11-20 10:56:21,981: DEBUG: GoGo-Total-Output-Voice-Octets: [0]
2013-11-20 10:56:21,981: DEBUG: GoGo-Private-IP-Address: ['192.168.1.179']
2013-11-20 10:56:21,981: DEBUG: GoGo-Acct-Input-Voice-Gigawords: [0]
2013-11-20 10:56:21,981: DEBUG: GoGo-Total-Input-Packets: [16332]
2013-11-20 10:56:21,981: DEBUG: GoGo-Total-Input-Gigawords: [0]
2013-11-20 10:56:21,981: DEBUG: GoGo-Acct-Input-Voice-Packets: [0]
2013-11-20 10:56:21,981: DEBUG: GoGo-Total-Input-Octets: [2034454]
2013-11-20 10:56:21,981: DEBUG: GoGo-Total-Output-Packets: [3890]
2013-11-20 10:56:21,981: DEBUG: WISPr-Location-ID: [u'airline=BA01,tail=01009,network=']
2013-11-20 10:56:21,981: DEBUG: GoGo-Acct-Output-Voice-Gigawords: [0]
2013-11-20 10:56:21,982: DEBUG: Acct-Input-Octets: [2034454]
2013-11-20 10:56:21,983: DEBUG: 

2013-11-20 10:56:21,983: DEBUG: Received response with following attributes:
2013-11-20 10:56:31,984: DEBUG: 

2013-11-20 10:56:31,986: DEBUG: Creating Accounting Update Request with the following Attributes:
2013-11-20 10:56:31,986: DEBUG: User-Name: [u'username9@airborne.aircell.com']
2013-11-20 10:56:31,986: DEBUG: GoGo-Tail-Number: [u'AAATest_10_253_253_2']
2013-11-20 10:56:31,986: DEBUG: Acct-Output-Octets: [7287506]
2013-11-20 10:56:31,986: DEBUG: NAS-IP-Address: ['10.254.2.1']
2013-11-20 10:56:31,987: DEBUG: GoGo-Total-Output-Gigawords: [0]
2013-11-20 10:56:31,987: DEBUG: Framed-IP-Address: ['10.254.2.60']
2013-11-20 10:56:31,987: DEBUG: GoGo-Total-Input-Voice-Gigawords: [0]
2013-11-20 10:56:31,987: DEBUG: GoGo-Total-Output-Octets: [7287506]
2013-11-20 10:56:31,987: DEBUG: GoGo-Acct-Input-Voice-Octets: [0]
2013-11-20 10:56:31,987: DEBUG: GoGo-Total-Input-Voice-Packets: [0]
2013-11-20 10:56:31,987: DEBUG: Called-Station-Id: [u'00:16:3E:7E:B4:C4']
2013-11-20 10:56:31,987: DEBUG: WISPr-Location-Name: [u'TEST LLC,BA01_01009']
2013-11-20 10:56:31,988: DEBUG: NAS-Identifier: [u'C08386']
2013-11-20 10:56:31,988: DEBUG: Proxy-State: ['3330,3132']
2013-11-20 10:56:31,988: DEBUG: GoGo-Total-Input-Voice-Octets: [0]
2013-11-20 10:56:31,988: DEBUG: Acct-Status-Type: ['Interim-Update']
2013-11-20 10:56:31,988: DEBUG: GoGo-Total-Output-Voice-Gigawords: [0]
2013-11-20 10:56:31,988: DEBUG: GoGo-Airline: [u'BA01']
2013-11-20 10:56:31,988: DEBUG: Acct-Session-Id: [u'AAATest_10_253_253_2-1384925141952-00163E7EB4C4-1']
2013-11-20 10:56:31,989: DEBUG: Acct-Session-Time: [10]
2013-11-20 10:56:31,989: DEBUG: Acct-Input-Packets: [69218]
2013-11-20 10:56:31,989: DEBUG: Acct-Output-Packets: [68765]
2013-11-20 10:56:31,989: DEBUG: GoGo-Acct-Output-Voice-Packets: [0]
2013-11-20 10:56:31,989: DEBUG: GoGo-Acct-Output-Voice-Octets: [0]
2013-11-20 10:56:31,989: DEBUG: Acct-Output-Gigawords: [0]
2013-11-20 10:56:31,989: DEBUG: GoGo-Total-Output-Voice-Packets: [0]
2013-11-20 10:56:31,989: DEBUG: Acct-Input-Gigawords: [0]
2013-11-20 10:56:31,990: DEBUG: Calling-Station-Id: [u'12:23:34:45:56:67']
2013-11-20 10:56:31,990: DEBUG: NAS-Port-Type: ['Wireless-802.11']
2013-11-20 10:56:31,990: DEBUG: GoGo-Total-Output-Voice-Octets: [0]
2013-11-20 10:56:31,990: DEBUG: GoGo-Private-IP-Address: ['192.168.1.179']
2013-11-20 10:56:31,990: DEBUG: GoGo-Acct-Input-Voice-Gigawords: [0]
2013-11-20 10:56:31,990: DEBUG: GoGo-Total-Input-Packets: [69218]
2013-11-20 10:56:31,990: DEBUG: GoGo-Total-Input-Gigawords: [0]
2013-11-20 10:56:31,990: DEBUG: GoGo-Acct-Input-Voice-Packets: [0]
2013-11-20 10:56:31,990: DEBUG: GoGo-Total-Input-Octets: [9314924]
2013-11-20 10:56:31,991: DEBUG: GoGo-Total-Output-Packets: [68765]
2013-11-20 10:56:31,991: DEBUG: WISPr-Location-ID: [u'airline=BA01,tail=01009,network=']
2013-11-20 10:56:31,991: DEBUG: GoGo-Acct-Output-Voice-Gigawords: [0]
2013-11-20 10:56:31,991: DEBUG: Acct-Input-Octets: [9314924]
2013-11-20 10:56:31,994: DEBUG: 

2013-11-20 10:56:31,994: DEBUG: Received response with following attributes:
2013-11-20 10:56:41,996: DEBUG: 

2013-11-20 10:56:41,996: DEBUG: Creating Accounting Update Request with the following Attributes:
2013-11-20 10:56:41,996: DEBUG: User-Name: [u'username9@airborne.aircell.com']
2013-11-20 10:56:41,996: DEBUG: GoGo-Tail-Number: [u'AAATest_10_253_253_2']
2013-11-20 10:56:41,996: DEBUG: Acct-Output-Octets: [9010561]
2013-11-20 10:56:41,997: DEBUG: NAS-IP-Address: ['10.254.2.1']
2013-11-20 10:56:41,997: DEBUG: GoGo-Total-Output-Gigawords: [0]
2013-11-20 10:56:41,997: DEBUG: Framed-IP-Address: ['10.254.2.60']
2013-11-20 10:56:41,997: DEBUG: GoGo-Total-Input-Voice-Gigawords: [0]
2013-11-20 10:56:41,997: DEBUG: GoGo-Total-Output-Octets: [9010561]
2013-11-20 10:56:41,997: DEBUG: GoGo-Acct-Input-Voice-Octets: [0]
2013-11-20 10:56:41,997: DEBUG: GoGo-Total-Input-Voice-Packets: [0]
2013-11-20 10:56:41,997: DEBUG: Called-Station-Id: [u'00:16:3E:7E:B4:C4']
2013-11-20 10:56:41,997: DEBUG: WISPr-Location-Name: [u'TEST LLC,BA01_01009']
2013-11-20 10:56:41,997: DEBUG: NAS-Identifier: [u'C08386']
2013-11-20 10:56:41,997: DEBUG: Proxy-State: ['3330,3132']
2013-11-20 10:56:41,997: DEBUG: GoGo-Total-Input-Voice-Octets: [0]
2013-11-20 10:56:41,997: DEBUG: Acct-Status-Type: ['Interim-Update']
2013-11-20 10:56:41,997: DEBUG: GoGo-Total-Output-Voice-Gigawords: [0]
2013-11-20 10:56:41,998: DEBUG: GoGo-Airline: [u'BA01']
2013-11-20 10:56:41,998: DEBUG: Acct-Session-Id: [u'AAATest_10_253_253_2-1384925141952-00163E7EB4C4-1']
2013-11-20 10:56:41,998: DEBUG: Acct-Session-Time: [10]
2013-11-20 10:56:41,998: DEBUG: Acct-Input-Packets: [5468]
2013-11-20 10:56:41,998: DEBUG: Acct-Output-Packets: [52152]
2013-11-20 10:56:41,998: DEBUG: GoGo-Acct-Output-Voice-Packets: [0]
2013-11-20 10:56:41,998: DEBUG: GoGo-Acct-Output-Voice-Octets: [0]
2013-11-20 10:56:41,998: DEBUG: Acct-Output-Gigawords: [0]
2013-11-20 10:56:41,998: DEBUG: GoGo-Total-Output-Voice-Packets: [0]
2013-11-20 10:56:41,998: DEBUG: Acct-Input-Gigawords: [0]
2013-11-20 10:56:41,998: DEBUG: Calling-Station-Id: [u'12:23:34:45:56:67']
2013-11-20 10:56:41,998: DEBUG: NAS-Port-Type: ['Wireless-802.11']
2013-11-20 10:56:41,998: DEBUG: GoGo-Total-Output-Voice-Octets: [0]
2013-11-20 10:56:41,998: DEBUG: GoGo-Private-IP-Address: ['192.168.1.179']
2013-11-20 10:56:41,999: DEBUG: GoGo-Acct-Input-Voice-Gigawords: [0]
2013-11-20 10:56:41,999: DEBUG: GoGo-Total-Input-Packets: [5468]
2013-11-20 10:56:41,999: DEBUG: GoGo-Total-Input-Gigawords: [0]
2013-11-20 10:56:41,999: DEBUG: GoGo-Acct-Input-Voice-Packets: [0]
2013-11-20 10:56:41,999: DEBUG: GoGo-Total-Input-Octets: [2651211]
2013-11-20 10:56:41,999: DEBUG: GoGo-Total-Output-Packets: [52152]
2013-11-20 10:56:41,999: DEBUG: WISPr-Location-ID: [u'airline=BA01,tail=01009,network=']
2013-11-20 10:56:41,999: DEBUG: GoGo-Acct-Output-Voice-Gigawords: [0]
2013-11-20 10:56:41,999: DEBUG: Acct-Input-Octets: [2651211]
2013-11-20 10:56:42,001: DEBUG: 

2013-11-20 10:56:42,001: DEBUG: Received response with following attributes:
2013-11-20 10:56:52,001: DEBUG: 

2013-11-20 10:56:52,002: DEBUG: Creating Accounting Update Request with the following Attributes:
2013-11-20 10:56:52,002: DEBUG: User-Name: [u'username9@airborne.aircell.com']
2013-11-20 10:56:52,002: DEBUG: GoGo-Tail-Number: [u'AAATest_10_253_253_2']
2013-11-20 10:56:52,003: DEBUG: Acct-Output-Octets: [6204434]
2013-11-20 10:56:52,003: DEBUG: NAS-IP-Address: ['10.254.2.1']
2013-11-20 10:56:52,003: DEBUG: GoGo-Total-Output-Gigawords: [0]
2013-11-20 10:56:52,003: DEBUG: Framed-IP-Address: ['10.254.2.60']
2013-11-20 10:56:52,003: DEBUG: GoGo-Total-Input-Voice-Gigawords: [0]
2013-11-20 10:56:52,003: DEBUG: GoGo-Total-Output-Octets: [6204434]
2013-11-20 10:56:52,003: DEBUG: GoGo-Acct-Input-Voice-Octets: [0]
2013-11-20 10:56:52,003: DEBUG: GoGo-Total-Input-Voice-Packets: [0]
2013-11-20 10:56:52,003: DEBUG: Called-Station-Id: [u'00:16:3E:7E:B4:C4']
2013-11-20 10:56:52,004: DEBUG: WISPr-Location-Name: [u'TEST LLC,BA01_01009']
2013-11-20 10:56:52,004: DEBUG: NAS-Identifier: [u'C08386']
2013-11-20 10:56:52,004: DEBUG: Proxy-State: ['3330,3132']
2013-11-20 10:56:52,004: DEBUG: GoGo-Total-Input-Voice-Octets: [0]
2013-11-20 10:56:52,004: DEBUG: Acct-Status-Type: ['Interim-Update']
2013-11-20 10:56:52,004: DEBUG: GoGo-Total-Output-Voice-Gigawords: [0]
2013-11-20 10:56:52,004: DEBUG: GoGo-Airline: [u'BA01']
2013-11-20 10:56:52,004: DEBUG: Acct-Session-Id: [u'AAATest_10_253_253_2-1384925141952-00163E7EB4C4-1']
2013-11-20 10:56:52,004: DEBUG: Acct-Session-Time: [10]
2013-11-20 10:56:52,005: DEBUG: Acct-Input-Packets: [30837]
2013-11-20 10:56:52,005: DEBUG: Acct-Output-Packets: [60481]
2013-11-20 10:56:52,005: DEBUG: GoGo-Acct-Output-Voice-Packets: [0]
2013-11-20 10:56:52,005: DEBUG: GoGo-Acct-Output-Voice-Octets: [0]
2013-11-20 10:56:52,005: DEBUG: Acct-Output-Gigawords: [0]
2013-11-20 10:56:52,005: DEBUG: GoGo-Total-Output-Voice-Packets: [0]
2013-11-20 10:56:52,005: DEBUG: Acct-Input-Gigawords: [0]
2013-11-20 10:56:52,005: DEBUG: Calling-Station-Id: [u'12:23:34:45:56:67']
2013-11-20 10:56:52,005: DEBUG: NAS-Port-Type: ['Wireless-802.11']
2013-11-20 10:56:52,005: DEBUG: GoGo-Total-Output-Voice-Octets: [0]
2013-11-20 10:56:52,005: DEBUG: GoGo-Private-IP-Address: ['192.168.1.179']
2013-11-20 10:56:52,006: DEBUG: GoGo-Acct-Input-Voice-Gigawords: [0]
2013-11-20 10:56:52,006: DEBUG: GoGo-Total-Input-Packets: [30837]
2013-11-20 10:56:52,006: DEBUG: GoGo-Total-Input-Gigawords: [0]
2013-11-20 10:56:52,006: DEBUG: GoGo-Acct-Input-Voice-Packets: [0]
2013-11-20 10:56:52,006: DEBUG: GoGo-Total-Input-Octets: [8612297]
2013-11-20 10:56:52,006: DEBUG: GoGo-Total-Output-Packets: [60481]
2013-11-20 10:56:52,006: DEBUG: WISPr-Location-ID: [u'airline=BA01,tail=01009,network=']
2013-11-20 10:56:52,006: DEBUG: GoGo-Acct-Output-Voice-Gigawords: [0]
2013-11-20 10:56:52,006: DEBUG: Acct-Input-Octets: [8612297]
2013-11-20 10:56:52,008: DEBUG: 

2013-11-20 10:56:52,008: DEBUG: Received response with following attributes:
2013-11-20 10:57:02,009: DEBUG: 

2013-11-20 10:57:02,010: DEBUG: Creating Accounting Update Request with the following Attributes:
2013-11-20 10:57:02,010: DEBUG: User-Name: [u'username9@airborne.aircell.com']
2013-11-20 10:57:02,010: DEBUG: GoGo-Tail-Number: [u'AAATest_10_253_253_2']
2013-11-20 10:57:02,010: DEBUG: Acct-Output-Octets: [4587450]
2013-11-20 10:57:02,010: DEBUG: NAS-IP-Address: ['10.254.2.1']
2013-11-20 10:57:02,010: DEBUG: GoGo-Total-Output-Gigawords: [0]
2013-11-20 10:57:02,010: DEBUG: Framed-IP-Address: ['10.254.2.60']
2013-11-20 10:57:02,010: DEBUG: GoGo-Total-Input-Voice-Gigawords: [0]
2013-11-20 10:57:02,010: DEBUG: GoGo-Total-Output-Octets: [4587450]
2013-11-20 10:57:02,010: DEBUG: GoGo-Acct-Input-Voice-Octets: [0]
2013-11-20 10:57:02,010: DEBUG: GoGo-Total-Input-Voice-Packets: [0]
2013-11-20 10:57:02,011: DEBUG: Called-Station-Id: [u'00:16:3E:7E:B4:C4']
2013-11-20 10:57:02,011: DEBUG: WISPr-Location-Name: [u'TEST LLC,BA01_01009']
2013-11-20 10:57:02,011: DEBUG: NAS-Identifier: [u'C08386']
2013-11-20 10:57:02,011: DEBUG: Proxy-State: ['3330,3132']
2013-11-20 10:57:02,011: DEBUG: GoGo-Total-Input-Voice-Octets: [0]
2013-11-20 10:57:02,011: DEBUG: Acct-Status-Type: ['Interim-Update']
2013-11-20 10:57:02,011: DEBUG: GoGo-Total-Output-Voice-Gigawords: [0]
2013-11-20 10:57:02,011: DEBUG: GoGo-Airline: [u'BA01']
2013-11-20 10:57:02,011: DEBUG: Acct-Session-Id: [u'AAATest_10_253_253_2-1384925141952-00163E7EB4C4-1']
2013-11-20 10:57:02,011: DEBUG: Acct-Session-Time: [10]
2013-11-20 10:57:02,011: DEBUG: Acct-Input-Packets: [19363]
2013-11-20 10:57:02,011: DEBUG: Acct-Output-Packets: [34871]
2013-11-20 10:57:02,011: DEBUG: GoGo-Acct-Output-Voice-Packets: [0]
2013-11-20 10:57:02,011: DEBUG: GoGo-Acct-Output-Voice-Octets: [0]
2013-11-20 10:57:02,011: DEBUG: Acct-Output-Gigawords: [0]
2013-11-20 10:57:02,012: DEBUG: GoGo-Total-Output-Voice-Packets: [0]
2013-11-20 10:57:02,012: DEBUG: Acct-Input-Gigawords: [0]
2013-11-20 10:57:02,012: DEBUG: Calling-Station-Id: [u'12:23:34:45:56:67']
2013-11-20 10:57:02,012: DEBUG: NAS-Port-Type: ['Wireless-802.11']
2013-11-20 10:57:02,012: DEBUG: GoGo-Total-Output-Voice-Octets: [0]
2013-11-20 10:57:02,012: DEBUG: GoGo-Private-IP-Address: ['192.168.1.179']
2013-11-20 10:57:02,012: DEBUG: GoGo-Acct-Input-Voice-Gigawords: [0]
2013-11-20 10:57:02,012: DEBUG: GoGo-Total-Input-Packets: [19363]
2013-11-20 10:57:02,012: DEBUG: GoGo-Total-Input-Gigawords: [0]
2013-11-20 10:57:02,012: DEBUG: GoGo-Acct-Input-Voice-Packets: [0]
2013-11-20 10:57:02,012: DEBUG: GoGo-Total-Input-Octets: [2933106]
2013-11-20 10:57:02,012: DEBUG: GoGo-Total-Output-Packets: [34871]
2013-11-20 10:57:02,012: DEBUG: WISPr-Location-ID: [u'airline=BA01,tail=01009,network=']
2013-11-20 10:57:02,012: DEBUG: GoGo-Acct-Output-Voice-Gigawords: [0]
2013-11-20 10:57:02,012: DEBUG: Acct-Input-Octets: [2933106]
2013-11-20 10:57:02,014: DEBUG: 

2013-11-20 10:57:02,014: DEBUG: Received response with following attributes:
2013-11-20 10:57:12,016: DEBUG: 

2013-11-20 10:57:12,016: DEBUG: Creating Accounting Update Request with the following Attributes:
2013-11-20 10:57:12,016: DEBUG: User-Name: [u'username9@airborne.aircell.com']
2013-11-20 10:57:12,016: DEBUG: GoGo-Tail-Number: [u'AAATest_10_253_253_2']
2013-11-20 10:57:12,017: DEBUG: Acct-Output-Octets: [1005455]
2013-11-20 10:57:12,017: DEBUG: NAS-IP-Address: ['10.254.2.1']
2013-11-20 10:57:12,017: DEBUG: GoGo-Total-Output-Gigawords: [0]
2013-11-20 10:57:12,017: DEBUG: Framed-IP-Address: ['10.254.2.60']
2013-11-20 10:57:12,017: DEBUG: GoGo-Total-Input-Voice-Gigawords: [0]
2013-11-20 10:57:12,017: DEBUG: GoGo-Total-Output-Octets: [1005455]
2013-11-20 10:57:12,017: DEBUG: GoGo-Acct-Input-Voice-Octets: [0]
2013-11-20 10:57:12,017: DEBUG: GoGo-Total-Input-Voice-Packets: [0]
2013-11-20 10:57:12,017: DEBUG: Called-Station-Id: [u'00:16:3E:7E:B4:C4']
2013-11-20 10:57:12,017: DEBUG: WISPr-Location-Name: [u'TEST LLC,BA01_01009']
2013-11-20 10:57:12,017: DEBUG: NAS-Identifier: [u'C08386']
2013-11-20 10:57:12,017: DEBUG: Proxy-State: ['3330,3132']
2013-11-20 10:57:12,017: DEBUG: GoGo-Total-Input-Voice-Octets: [0]
2013-11-20 10:57:12,017: DEBUG: Acct-Status-Type: ['Interim-Update']
2013-11-20 10:57:12,018: DEBUG: GoGo-Total-Output-Voice-Gigawords: [0]
2013-11-20 10:57:12,018: DEBUG: GoGo-Airline: [u'BA01']
2013-11-20 10:57:12,018: DEBUG: Acct-Session-Id: [u'AAATest_10_253_253_2-1384925141952-00163E7EB4C4-1']
2013-11-20 10:57:12,018: DEBUG: Acct-Session-Time: [10]
2013-11-20 10:57:12,018: DEBUG: Acct-Input-Packets: [35992]
2013-11-20 10:57:12,018: DEBUG: Acct-Output-Packets: [8486]
2013-11-20 10:57:12,018: DEBUG: GoGo-Acct-Output-Voice-Packets: [0]
2013-11-20 10:57:12,018: DEBUG: GoGo-Acct-Output-Voice-Octets: [0]
2013-11-20 10:57:12,018: DEBUG: Acct-Output-Gigawords: [0]
2013-11-20 10:57:12,018: DEBUG: GoGo-Total-Output-Voice-Packets: [0]
2013-11-20 10:57:12,018: DEBUG: Acct-Input-Gigawords: [0]
2013-11-20 10:57:12,018: DEBUG: Calling-Station-Id: [u'12:23:34:45:56:67']
2013-11-20 10:57:12,018: DEBUG: NAS-Port-Type: ['Wireless-802.11']
2013-11-20 10:57:12,018: DEBUG: GoGo-Total-Output-Voice-Octets: [0]
2013-11-20 10:57:12,018: DEBUG: GoGo-Private-IP-Address: ['192.168.1.179']
2013-11-20 10:57:12,019: DEBUG: GoGo-Acct-Input-Voice-Gigawords: [0]
2013-11-20 10:57:12,019: DEBUG: GoGo-Total-Input-Packets: [35992]
2013-11-20 10:57:12,019: DEBUG: GoGo-Total-Input-Gigawords: [0]
2013-11-20 10:57:12,019: DEBUG: GoGo-Acct-Input-Voice-Packets: [0]
2013-11-20 10:57:12,019: DEBUG: GoGo-Total-Input-Octets: [4955000]
2013-11-20 10:57:12,019: DEBUG: GoGo-Total-Output-Packets: [8486]
2013-11-20 10:57:12,019: DEBUG: WISPr-Location-ID: [u'airline=BA01,tail=01009,network=']
2013-11-20 10:57:12,019: DEBUG: GoGo-Acct-Output-Voice-Gigawords: [0]
2013-11-20 10:57:12,019: DEBUG: Acct-Input-Octets: [4955000]
2013-11-20 10:57:12,021: DEBUG: 

2013-11-20 10:57:12,021: DEBUG: Received response with following attributes:
2013-11-20 10:57:31,021: DEBUG: 

2013-11-20 10:57:31,022: DEBUG: Creating Accounting Stop Request with the following Attributes:
2013-11-20 10:57:31,022: DEBUG: User-Name: [u'username9@airborne.aircell.com']
2013-11-20 10:57:31,022: DEBUG: GoGo-Tail-Number: [u'01009']
2013-11-20 10:57:31,022: DEBUG: Acct-Output-Octets: [6630322]
2013-11-20 10:57:31,022: DEBUG: NAS-IP-Address: ['10.254.2.1']
2013-11-20 10:57:31,022: DEBUG: GoGo-Total-Output-Gigawords: [0]
2013-11-20 10:57:31,022: DEBUG: Framed-IP-Address: ['10.254.2.60']
2013-11-20 10:57:31,022: DEBUG: GoGo-Total-Input-Voice-Gigawords: [0]
2013-11-20 10:57:31,022: DEBUG: GoGo-Total-Output-Octets: [6630322]
2013-11-20 10:57:31,022: DEBUG: GoGo-Acct-Input-Voice-Octets: [0]
2013-11-20 10:57:31,022: DEBUG: GoGo-Total-Input-Voice-Packets: [0]
2013-11-20 10:57:31,022: DEBUG: Called-Station-Id: [u'00:16:3E:7E:B4:C4']
2013-11-20 10:57:31,022: DEBUG: WISPr-Location-Name: [u'TEST LLC,BA01_01009']
2013-11-20 10:57:31,023: DEBUG: NAS-Identifier: [u'C08386']
2013-11-20 10:57:31,023: DEBUG: Proxy-State: ['3330,3132']
2013-11-20 10:57:31,023: DEBUG: GoGo-Total-Input-Voice-Octets: [0]
2013-11-20 10:57:31,023: DEBUG: Acct-Status-Type: ['Stop']
2013-11-20 10:57:31,023: DEBUG: GoGo-Total-Output-Voice-Gigawords: [0]
2013-11-20 10:57:31,023: DEBUG: GoGo-Airline: [u'BA01']
2013-11-20 10:57:31,023: DEBUG: Acct-Session-Id: [u'AAATest_10_253_253_2-1384925141952-00163E7EB4C4-1']
2013-11-20 10:57:31,023: DEBUG: Acct-Session-Time: [19]
2013-11-20 10:57:31,023: DEBUG: Acct-Input-Packets: [22183]
2013-11-20 10:57:31,023: DEBUG: Acct-Output-Packets: [29032]
2013-11-20 10:57:31,023: DEBUG: Acct-Terminate-Cause: ['User-Request']
2013-11-20 10:57:31,023: DEBUG: GoGo-Acct-Output-Voice-Octets: [0]
2013-11-20 10:57:31,023: DEBUG: Acct-Output-Gigawords: [0]
2013-11-20 10:57:31,023: DEBUG: GoGo-Total-Output-Voice-Packets: [0]
2013-11-20 10:57:31,024: DEBUG: Acct-Input-Gigawords: [0]
2013-11-20 10:57:31,024: DEBUG: Calling-Station-Id: [u'12:23:34:45:56:67']
2013-11-20 10:57:31,024: DEBUG: NAS-Port-Type: ['Wireless-802.11']
2013-11-20 10:57:31,024: DEBUG: GoGo-Total-Output-Voice-Octets: [0]
2013-11-20 10:57:31,024: DEBUG: GoGo-Private-IP-Address: ['192.168.1.179']
2013-11-20 10:57:31,024: DEBUG: GoGo-Acct-Input-Voice-Gigawords: [0]
2013-11-20 10:57:31,024: DEBUG: GoGo-Total-Input-Packets: [22183]
2013-11-20 10:57:31,024: DEBUG: GoGo-Total-Input-Gigawords: [0]
2013-11-20 10:57:31,024: DEBUG: GoGo-Acct-Input-Voice-Packets: [0]
2013-11-20 10:57:31,024: DEBUG: GoGo-Total-Input-Octets: [8877162]
2013-11-20 10:57:31,024: DEBUG: GoGo-Total-Output-Packets: [29032]
2013-11-20 10:57:31,024: DEBUG: WISPr-Location-ID: [u'airline=BA01,tail=01009,network=']
2013-11-20 10:57:31,024: DEBUG: GoGo-Acct-Output-Voice-Packets: [0]
2013-11-20 10:57:31,024: DEBUG: GoGo-Acct-Output-Voice-Gigawords: [0]
2013-11-20 10:57:31,025: DEBUG: Acct-Input-Octets: [8877162]
2013-11-20 10:57:31,026: DEBUG: 

2013-11-20 10:57:31,026: DEBUG: Received response with following attributes:
2013-11-20 10:57:31,026: DEBUG: Ending the test for this user
2013-11-20 10:57:31,519: DEBUG: Starting the client for the user username9@airborne.aircell.com to the server localhost

2013-11-20 10:57:31,519: DEBUG: DURATION of the TEST: 70
2013-11-20 10:57:31,520: DEBUG: NAS-IP: 10.254.104.1
2013-11-20 10:57:31,520: DEBUG: NAS-MAC-ADDR: 17:21:31:41:52:69
2013-11-20 10:57:31,520: DEBUG: Abruptly End: False
2013-11-20 10:57:31,520: DEBUG: Framed-IP: 10.254.104.51
2013-11-20 10:57:31,520: DEBUG: User-MAC-Addr: 00:16:3E:14:46:F1
2013-11-20 10:57:31,521: DEBUG: 

2013-11-20 10:57:31,521: DEBUG: Creating Authentication Request with the following Attributes:
2013-11-20 10:57:31,521: DEBUG: NAS-Identifier: [u'C08386']
2013-11-20 10:57:31,521: DEBUG: User-Name: [u'username9@airborne.aircell.com']
2013-11-20 10:57:31,522: DEBUG: NAS-IP-Address: ['10.254.104.1']
2013-11-20 10:57:31,522: DEBUG: Service-Type: ['Authenticate-Only']
2013-11-20 10:57:31,522: DEBUG: Proxy-State: ['3237,3134']
2013-11-20 10:57:31,522: DEBUG: Framed-IP-Address: ['10.254.104.51']
2013-11-20 10:57:31,522: DEBUG: GoGo-Airline: [u'BA01']
2013-11-20 10:57:31,522: DEBUG: Acct-Session-Id: [u'AAATestNAS_99-1384925251521-00163E1446F1-1']
2013-11-20 10:57:31,522: DEBUG: GoGo-Tail-Number: [u'AAATestNAS_99']
2013-11-20 10:57:31,522: DEBUG: GoGo-Private-IP-Address: ['192.168.1.179']
2013-11-20 10:57:31,523: DEBUG: WISPr-Location-ID: [u'airline=BA01,tail=01009,network=']
2013-11-20 10:57:31,523: DEBUG: WISPr-Location-Name: [u'TEST LLC,BA01_01009']
2013-11-20 10:57:31,523: DEBUG: NAS-Port-Type: ['Wireless-802.11']
2013-11-20 10:57:31,523: DEBUG: Called-Station-Id: [u'00:16:3E:14:46:F1']
2013-11-20 10:57:31,523: DEBUG: Calling-Station-Id: [u'17:21:31:41:52:69']
2013-11-20 10:57:31,525: DEBUG: 

2013-11-20 10:57:31,525: DEBUG: Received response with code: 2, Accepted
2013-11-20 10:57:31,526: DEBUG: Creating Authentication Request with the following Attributes:
2013-11-20 10:57:31,526: DEBUG: NAS-Identifier: [u'C08386']
2013-11-20 10:57:31,526: DEBUG: User-Name: [u'username9@airborne.aircell.com']
2013-11-20 10:57:31,526: DEBUG: NAS-IP-Address: ['10.254.104.1']
2013-11-20 10:57:31,526: DEBUG: Service-Type: ['Login-User']
2013-11-20 10:57:31,526: DEBUG: Proxy-State: ['3237,3134']
2013-11-20 10:57:31,526: DEBUG: Framed-IP-Address: ['10.254.104.51']
2013-11-20 10:57:31,527: DEBUG: GoGo-Airline: [u'BA01']
2013-11-20 10:57:31,527: DEBUG: Acct-Session-Id: [u'AAATestNAS_99-1384925251525-00163E1446F1-1']
2013-11-20 10:57:31,527: DEBUG: GoGo-Tail-Number: [u'AAATestNAS_99']
2013-11-20 10:57:31,527: DEBUG: GoGo-Private-IP-Address: ['192.168.1.179']
2013-11-20 10:57:31,527: DEBUG: WISPr-Location-ID: [u'airline=BA01,tail=01009,network=']
2013-11-20 10:57:31,527: DEBUG: WISPr-Location-Name: [u'TEST LLC,BA01_01009']
2013-11-20 10:57:31,527: DEBUG: NAS-Port-Type: ['Wireless-802.11']
2013-11-20 10:57:31,527: DEBUG: Called-Station-Id: [u'00:16:3E:14:46:F1']
2013-11-20 10:57:31,528: DEBUG: Calling-Station-Id: [u'17:21:31:41:52:69']
2013-11-20 10:57:31,529: DEBUG: 

2013-11-20 10:57:31,530: DEBUG: Received response with code: 2, Accepted
2013-11-20 10:57:31,531: DEBUG: 

2013-11-20 10:57:31,531: DEBUG: Creating Accounting start Request with the following Attributes:
2013-11-20 10:57:31,532: DEBUG: NAS-Identifier: [u'C08386']
2013-11-20 10:57:31,533: DEBUG: User-Name: [u'username9@airborne.aircell.com']
2013-11-20 10:57:31,534: DEBUG: GoGo-Tail-Number: [u'AAATestNAS_99']
2013-11-20 10:57:31,534: DEBUG: NAS-IP-Address: ['10.254.104.1']
2013-11-20 10:57:31,535: DEBUG: Proxy-State: ['3239,3131']
2013-11-20 10:57:31,536: DEBUG: Acct-Status-Type: ['Start']
2013-11-20 10:57:31,536: DEBUG: GoGo-Airline: [u'BA01']
2013-11-20 10:57:31,536: DEBUG: Acct-Session-Id: [u'AAATestNAS_99-1384925251525-00163E1446F1-1']
2013-11-20 10:57:31,537: DEBUG: GoGo-Private-IP-Address: ['192.168.1.179']
2013-11-20 10:57:31,538: DEBUG: Framed-IP-Address: ['10.254.104.51']
2013-11-20 10:57:31,538: DEBUG: WISPr-Location-ID: [u'airline=BA01,tail=01009,network=']
2013-11-20 10:57:31,539: DEBUG: WISPr-Location-Name: [u'TEST LLC,BA01_01009']
2013-11-20 10:57:31,540: DEBUG: NAS-Port-Type: ['Wireless-802.11']
2013-11-20 10:57:31,540: DEBUG: Called-Station-Id: [u'00:16:3E:14:46:F1']
2013-11-20 10:57:31,540: DEBUG: Calling-Station-Id: [u'17:21:31:41:52:69']
2013-11-20 10:57:31,542: ERROR: Network error, Reason: 'Network error: nodename nor servname provided, or not known'
2013-11-20 10:57:31,543: DEBUG: Ending the test for this user
