2013-11-20 10:56:02,435: DEBUG: Starting the client for the user username81@airborne.aircell.com to the server localhost

2013-11-20 10:56:02,435: DEBUG: DURATION of the TEST: 54
2013-11-20 10:56:02,435: DEBUG: NAS-IP: 10.254.217.1
2013-11-20 10:56:02,436: DEBUG: NAS-MAC-ADDR: 18:21:31:41:52:93
2013-11-20 10:56:02,436: DEBUG: Abruptly End: False
2013-11-20 10:56:02,437: DEBUG: Framed-IP: 10.254.217.62
2013-11-20 10:56:02,437: DEBUG: User-MAC-Addr: 00:16:3E:62:2F:D3
2013-11-20 10:56:02,438: DEBUG: 

2013-11-20 10:56:02,439: DEBUG: Creating Authentication Request with the following Attributes:
2013-11-20 10:56:02,440: DEBUG: NAS-Identifier: [u'C08386']
2013-11-20 10:56:02,440: DEBUG: User-Name: [u'username81@airborne.aircell.com']
2013-11-20 10:56:02,440: DEBUG: NAS-IP-Address: ['10.254.217.1']
2013-11-20 10:56:02,441: DEBUG: Service-Type: ['Authenticate-Only']
2013-11-20 10:56:02,443: DEBUG: Proxy-State: ['3237,3134']
2013-11-20 10:56:02,444: DEBUG: Framed-IP-Address: ['10.254.217.62']
2013-11-20 10:56:02,444: DEBUG: GoGo-Airline: [u'BA01']
2013-11-20 10:56:02,446: DEBUG: Acct-Session-Id: [u'AAATestNAS_212-1384925162439-00163E622FD3-1']
2013-11-20 10:56:02,447: DEBUG: GoGo-Tail-Number: [u'AAATestNAS_212']
2013-11-20 10:56:02,447: DEBUG: GoGo-Private-IP-Address: ['192.168.1.179']
2013-11-20 10:56:02,449: DEBUG: WISPr-Location-ID: [u'airline=BA01,tail=01009,network=']
2013-11-20 10:56:02,450: DEBUG: WISPr-Location-Name: [u'TEST LLC,BA01_01009']
2013-11-20 10:56:02,451: DEBUG: NAS-Port-Type: ['Wireless-802.11']
2013-11-20 10:56:02,453: DEBUG: Called-Station-Id: [u'00:16:3E:62:2F:D3']
2013-11-20 10:56:02,456: DEBUG: Calling-Station-Id: [u'18:21:31:41:52:93']
2013-11-20 10:56:02,458: DEBUG: 

2013-11-20 10:56:02,460: DEBUG: Received response with code: 2, Accepted
2013-11-20 10:56:02,461: DEBUG: Creating Authentication Request with the following Attributes:
2013-11-20 10:56:02,462: DEBUG: NAS-Identifier: [u'C08386']
2013-11-20 10:56:02,463: DEBUG: User-Name: [u'username81@airborne.aircell.com']
2013-11-20 10:56:02,464: DEBUG: NAS-IP-Address: ['10.254.217.1']
2013-11-20 10:56:02,464: DEBUG: Service-Type: ['Login-User']
2013-11-20 10:56:02,465: DEBUG: Proxy-State: ['3237,3134']
2013-11-20 10:56:02,465: DEBUG: Framed-IP-Address: ['10.254.217.62']
2013-11-20 10:56:02,467: DEBUG: GoGo-Airline: [u'BA01']
2013-11-20 10:56:02,468: DEBUG: Acct-Session-Id: [u'AAATestNAS_212-1384925162461-00163E622FD3-1']
2013-11-20 10:56:02,469: DEBUG: GoGo-Tail-Number: [u'AAATestNAS_212']
2013-11-20 10:56:02,470: DEBUG: GoGo-Private-IP-Address: ['192.168.1.179']
2013-11-20 10:56:02,472: DEBUG: WISPr-Location-ID: [u'airline=BA01,tail=01009,network=']
2013-11-20 10:56:02,473: DEBUG: WISPr-Location-Name: [u'TEST LLC,BA01_01009']
2013-11-20 10:56:02,475: DEBUG: NAS-Port-Type: ['Wireless-802.11']
2013-11-20 10:56:02,476: DEBUG: Called-Station-Id: [u'00:16:3E:62:2F:D3']
2013-11-20 10:56:02,479: DEBUG: Calling-Station-Id: [u'18:21:31:41:52:93']
2013-11-20 10:56:02,481: DEBUG: 

2013-11-20 10:56:02,484: DEBUG: Received response with code: 2, Accepted
2013-11-20 10:56:02,486: DEBUG: 

2013-11-20 10:56:02,487: DEBUG: Creating Accounting start Request with the following Attributes:
2013-11-20 10:56:02,488: DEBUG: NAS-Identifier: [u'C08386']
2013-11-20 10:56:02,489: DEBUG: User-Name: [u'username81@airborne.aircell.com']
2013-11-20 10:56:02,489: DEBUG: GoGo-Tail-Number: [u'AAATestNAS_212']
2013-11-20 10:56:02,491: DEBUG: NAS-IP-Address: ['10.254.217.1']
2013-11-20 10:56:02,493: DEBUG: Proxy-State: ['3239,3131']
2013-11-20 10:56:02,493: DEBUG: Acct-Status-Type: ['Start']
2013-11-20 10:56:02,495: DEBUG: GoGo-Airline: [u'BA01']
2013-11-20 10:56:02,496: DEBUG: Acct-Session-Id: [u'AAATestNAS_212-1384925162461-00163E622FD3-1']
2013-11-20 10:56:02,498: DEBUG: GoGo-Private-IP-Address: ['192.168.1.179']
2013-11-20 10:56:02,502: DEBUG: Framed-IP-Address: ['10.254.217.62']
2013-11-20 10:56:02,503: DEBUG: WISPr-Location-ID: [u'airline=BA01,tail=01009,network=']
2013-11-20 10:56:02,503: DEBUG: WISPr-Location-Name: [u'TEST LLC,BA01_01009']
2013-11-20 10:56:02,507: DEBUG: NAS-Port-Type: ['Wireless-802.11']
2013-11-20 10:56:02,508: DEBUG: Called-Station-Id: [u'00:16:3E:62:2F:D3']
2013-11-20 10:56:02,512: DEBUG: Calling-Station-Id: [u'18:21:31:41:52:93']
2013-11-20 10:56:02,520: DEBUG: 

2013-11-20 10:56:02,522: DEBUG: Received response with following attributes:
2013-11-20 10:56:12,530: DEBUG: 

2013-11-20 10:56:12,531: DEBUG: Creating Accounting Update Request with the following Attributes:
2013-11-20 10:56:12,531: DEBUG: User-Name: [u'username81@airborne.aircell.com']
2013-11-20 10:56:12,531: DEBUG: GoGo-Tail-Number: [u'AAATestNAS_212']
2013-11-20 10:56:12,531: DEBUG: Acct-Output-Octets: [4895572]
2013-11-20 10:56:12,531: DEBUG: NAS-IP-Address: ['10.254.217.1']
2013-11-20 10:56:12,531: DEBUG: GoGo-Total-Output-Gigawords: [0]
2013-11-20 10:56:12,531: DEBUG: Framed-IP-Address: ['10.254.217.62']
2013-11-20 10:56:12,532: DEBUG: GoGo-Total-Input-Voice-Gigawords: [0]
2013-11-20 10:56:12,532: DEBUG: GoGo-Total-Output-Octets: [4895572]
2013-11-20 10:56:12,532: DEBUG: GoGo-Acct-Input-Voice-Octets: [0]
2013-11-20 10:56:12,532: DEBUG: GoGo-Total-Input-Voice-Packets: [0]
2013-11-20 10:56:12,532: DEBUG: Called-Station-Id: [u'00:16:3E:62:2F:D3']
2013-11-20 10:56:12,532: DEBUG: WISPr-Location-Name: [u'TEST LLC,BA01_01009']
2013-11-20 10:56:12,532: DEBUG: NAS-Identifier: [u'C08386']
2013-11-20 10:56:12,532: DEBUG: Proxy-State: ['3330,3132']
2013-11-20 10:56:12,532: DEBUG: GoGo-Total-Input-Voice-Octets: [0]
2013-11-20 10:56:12,533: DEBUG: Acct-Status-Type: ['Interim-Update']
2013-11-20 10:56:12,533: DEBUG: GoGo-Total-Output-Voice-Gigawords: [0]
2013-11-20 10:56:12,533: DEBUG: GoGo-Airline: [u'BA01']
2013-11-20 10:56:12,533: DEBUG: Acct-Session-Id: [u'AAATestNAS_212-1384925162461-00163E622FD3-1']
2013-11-20 10:56:12,533: DEBUG: Acct-Session-Time: [10]
2013-11-20 10:56:12,533: DEBUG: Acct-Input-Packets: [10363]
2013-11-20 10:56:12,533: DEBUG: Acct-Output-Packets: [43226]
2013-11-20 10:56:12,533: DEBUG: GoGo-Acct-Output-Voice-Packets: [0]
2013-11-20 10:56:12,533: DEBUG: GoGo-Acct-Output-Voice-Octets: [0]
2013-11-20 10:56:12,533: DEBUG: Acct-Output-Gigawords: [0]
2013-11-20 10:56:12,534: DEBUG: GoGo-Total-Output-Voice-Packets: [0]
2013-11-20 10:56:12,534: DEBUG: Acct-Input-Gigawords: [0]
2013-11-20 10:56:12,534: DEBUG: Calling-Station-Id: [u'18:21:31:41:52:93']
2013-11-20 10:56:12,534: DEBUG: NAS-Port-Type: ['Wireless-802.11']
2013-11-20 10:56:12,534: DEBUG: GoGo-Total-Output-Voice-Octets: [0]
2013-11-20 10:56:12,534: DEBUG: GoGo-Private-IP-Address: ['192.168.1.179']
2013-11-20 10:56:12,534: DEBUG: GoGo-Acct-Input-Voice-Gigawords: [0]
2013-11-20 10:56:12,534: DEBUG: GoGo-Total-Input-Packets: [10363]
2013-11-20 10:56:12,534: DEBUG: GoGo-Total-Input-Gigawords: [0]
2013-11-20 10:56:12,534: DEBUG: GoGo-Acct-Input-Voice-Packets: [0]
2013-11-20 10:56:12,535: DEBUG: GoGo-Total-Input-Octets: [6651776]
2013-11-20 10:56:12,535: DEBUG: GoGo-Total-Output-Packets: [43226]
2013-11-20 10:56:12,535: DEBUG: WISPr-Location-ID: [u'airline=BA01,tail=01009,network=']
2013-11-20 10:56:12,535: DEBUG: GoGo-Acct-Output-Voice-Gigawords: [0]
2013-11-20 10:56:12,535: DEBUG: Acct-Input-Octets: [6651776]
2013-11-20 10:56:12,537: DEBUG: 

2013-11-20 10:56:12,537: DEBUG: Received response with following attributes:
2013-11-20 10:56:22,537: DEBUG: 

2013-11-20 10:56:22,538: DEBUG: Creating Accounting Update Request with the following Attributes:
2013-11-20 10:56:22,538: DEBUG: User-Name: [u'username81@airborne.aircell.com']
2013-11-20 10:56:22,538: DEBUG: GoGo-Tail-Number: [u'AAATestNAS_212']
2013-11-20 10:56:22,538: DEBUG: Acct-Output-Octets: [1959940]
2013-11-20 10:56:22,538: DEBUG: NAS-IP-Address: ['10.254.217.1']
2013-11-20 10:56:22,539: DEBUG: GoGo-Total-Output-Gigawords: [0]
2013-11-20 10:56:22,539: DEBUG: Framed-IP-Address: ['10.254.217.62']
2013-11-20 10:56:22,539: DEBUG: GoGo-Total-Input-Voice-Gigawords: [0]
2013-11-20 10:56:22,539: DEBUG: GoGo-Total-Output-Octets: [1959940]
2013-11-20 10:56:22,539: DEBUG: GoGo-Acct-Input-Voice-Octets: [0]
2013-11-20 10:56:22,539: DEBUG: GoGo-Total-Input-Voice-Packets: [0]
2013-11-20 10:56:22,539: DEBUG: Called-Station-Id: [u'00:16:3E:62:2F:D3']
2013-11-20 10:56:22,539: DEBUG: WISPr-Location-Name: [u'TEST LLC,BA01_01009']
2013-11-20 10:56:22,539: DEBUG: NAS-Identifier: [u'C08386']
2013-11-20 10:56:22,540: DEBUG: Proxy-State: ['3330,3132']
2013-11-20 10:56:22,540: DEBUG: GoGo-Total-Input-Voice-Octets: [0]
2013-11-20 10:56:22,540: DEBUG: Acct-Status-Type: ['Interim-Update']
2013-11-20 10:56:22,540: DEBUG: GoGo-Total-Output-Voice-Gigawords: [0]
2013-11-20 10:56:22,540: DEBUG: GoGo-Airline: [u'BA01']
2013-11-20 10:56:22,540: DEBUG: Acct-Session-Id: [u'AAATestNAS_212-1384925162461-00163E622FD3-1']
2013-11-20 10:56:22,540: DEBUG: Acct-Session-Time: [10]
2013-11-20 10:56:22,540: DEBUG: Acct-Input-Packets: [3514]
2013-11-20 10:56:22,540: DEBUG: Acct-Output-Packets: [6115]
2013-11-20 10:56:22,540: DEBUG: GoGo-Acct-Output-Voice-Packets: [0]
2013-11-20 10:56:22,541: DEBUG: GoGo-Acct-Output-Voice-Octets: [0]
2013-11-20 10:56:22,541: DEBUG: Acct-Output-Gigawords: [0]
2013-11-20 10:56:22,541: DEBUG: GoGo-Total-Output-Voice-Packets: [0]
2013-11-20 10:56:22,541: DEBUG: Acct-Input-Gigawords: [0]
2013-11-20 10:56:22,541: DEBUG: Calling-Station-Id: [u'18:21:31:41:52:93']
2013-11-20 10:56:22,541: DEBUG: NAS-Port-Type: ['Wireless-802.11']
2013-11-20 10:56:22,541: DEBUG: GoGo-Total-Output-Voice-Octets: [0]
2013-11-20 10:56:22,541: DEBUG: GoGo-Private-IP-Address: ['192.168.1.179']
2013-11-20 10:56:22,541: DEBUG: GoGo-Acct-Input-Voice-Gigawords: [0]
2013-11-20 10:56:22,541: DEBUG: GoGo-Total-Input-Packets: [3514]
2013-11-20 10:56:22,542: DEBUG: GoGo-Total-Input-Gigawords: [0]
2013-11-20 10:56:22,542: DEBUG: GoGo-Acct-Input-Voice-Packets: [0]
2013-11-20 10:56:22,542: DEBUG: GoGo-Total-Input-Octets: [3108489]
2013-11-20 10:56:22,542: DEBUG: GoGo-Total-Output-Packets: [6115]
2013-11-20 10:56:22,542: DEBUG: WISPr-Location-ID: [u'airline=BA01,tail=01009,network=']
2013-11-20 10:56:22,542: DEBUG: GoGo-Acct-Output-Voice-Gigawords: [0]
2013-11-20 10:56:22,542: DEBUG: Acct-Input-Octets: [3108489]
2013-11-20 10:56:22,544: DEBUG: 

2013-11-20 10:56:22,544: DEBUG: Received response with following attributes:
2013-11-20 10:56:32,545: DEBUG: 

2013-11-20 10:56:32,545: DEBUG: Creating Accounting Update Request with the following Attributes:
2013-11-20 10:56:32,546: DEBUG: User-Name: [u'username81@airborne.aircell.com']
2013-11-20 10:56:32,546: DEBUG: GoGo-Tail-Number: [u'AAATestNAS_212']
2013-11-20 10:56:32,546: DEBUG: Acct-Output-Octets: [7202939]
2013-11-20 10:56:32,546: DEBUG: NAS-IP-Address: ['10.254.217.1']
2013-11-20 10:56:32,546: DEBUG: GoGo-Total-Output-Gigawords: [0]
2013-11-20 10:56:32,546: DEBUG: Framed-IP-Address: ['10.254.217.62']
2013-11-20 10:56:32,546: DEBUG: GoGo-Total-Input-Voice-Gigawords: [0]
2013-11-20 10:56:32,546: DEBUG: GoGo-Total-Output-Octets: [7202939]
2013-11-20 10:56:32,547: DEBUG: GoGo-Acct-Input-Voice-Octets: [0]
2013-11-20 10:56:32,547: DEBUG: GoGo-Total-Input-Voice-Packets: [0]
2013-11-20 10:56:32,547: DEBUG: Called-Station-Id: [u'00:16:3E:62:2F:D3']
2013-11-20 10:56:32,547: DEBUG: WISPr-Location-Name: [u'TEST LLC,BA01_01009']
2013-11-20 10:56:32,547: DEBUG: NAS-Identifier: [u'C08386']
2013-11-20 10:56:32,547: DEBUG: Proxy-State: ['3330,3132']
2013-11-20 10:56:32,547: DEBUG: GoGo-Total-Input-Voice-Octets: [0]
2013-11-20 10:56:32,547: DEBUG: Acct-Status-Type: ['Interim-Update']
2013-11-20 10:56:32,547: DEBUG: GoGo-Total-Output-Voice-Gigawords: [0]
2013-11-20 10:56:32,547: DEBUG: GoGo-Airline: [u'BA01']
2013-11-20 10:56:32,548: DEBUG: Acct-Session-Id: [u'AAATestNAS_212-1384925162461-00163E622FD3-1']
2013-11-20 10:56:32,548: DEBUG: Acct-Session-Time: [10]
2013-11-20 10:56:32,548: DEBUG: Acct-Input-Packets: [10193]
2013-11-20 10:56:32,548: DEBUG: Acct-Output-Packets: [12637]
2013-11-20 10:56:32,548: DEBUG: GoGo-Acct-Output-Voice-Packets: [0]
2013-11-20 10:56:32,548: DEBUG: GoGo-Acct-Output-Voice-Octets: [0]
2013-11-20 10:56:32,548: DEBUG: Acct-Output-Gigawords: [0]
2013-11-20 10:56:32,548: DEBUG: GoGo-Total-Output-Voice-Packets: [0]
2013-11-20 10:56:32,548: DEBUG: Acct-Input-Gigawords: [0]
2013-11-20 10:56:32,548: DEBUG: Calling-Station-Id: [u'18:21:31:41:52:93']
2013-11-20 10:56:32,549: DEBUG: NAS-Port-Type: ['Wireless-802.11']
2013-11-20 10:56:32,549: DEBUG: GoGo-Total-Output-Voice-Octets: [0]
2013-11-20 10:56:32,549: DEBUG: GoGo-Private-IP-Address: ['192.168.1.179']
2013-11-20 10:56:32,549: DEBUG: GoGo-Acct-Input-Voice-Gigawords: [0]
2013-11-20 10:56:32,549: DEBUG: GoGo-Total-Input-Packets: [10193]
2013-11-20 10:56:32,549: DEBUG: GoGo-Total-Input-Gigawords: [0]
2013-11-20 10:56:32,549: DEBUG: GoGo-Acct-Input-Voice-Packets: [0]
2013-11-20 10:56:32,549: DEBUG: GoGo-Total-Input-Octets: [1610154]
2013-11-20 10:56:32,549: DEBUG: GoGo-Total-Output-Packets: [12637]
2013-11-20 10:56:32,550: DEBUG: WISPr-Location-ID: [u'airline=BA01,tail=01009,network=']
2013-11-20 10:56:32,550: DEBUG: GoGo-Acct-Output-Voice-Gigawords: [0]
2013-11-20 10:56:32,550: DEBUG: Acct-Input-Octets: [1610154]
2013-11-20 10:56:32,551: DEBUG: 

2013-11-20 10:56:32,552: DEBUG: Received response with following attributes:
2013-11-20 10:56:42,552: DEBUG: 

2013-11-20 10:56:42,552: DEBUG: Creating Accounting Update Request with the following Attributes:
2013-11-20 10:56:42,553: DEBUG: User-Name: [u'username81@airborne.aircell.com']
2013-11-20 10:56:42,553: DEBUG: GoGo-Tail-Number: [u'AAATestNAS_212']
2013-11-20 10:56:42,553: DEBUG: Acct-Output-Octets: [4468025]
2013-11-20 10:56:42,553: DEBUG: NAS-IP-Address: ['10.254.217.1']
2013-11-20 10:56:42,553: DEBUG: GoGo-Total-Output-Gigawords: [0]
2013-11-20 10:56:42,553: DEBUG: Framed-IP-Address: ['10.254.217.62']
2013-11-20 10:56:42,553: DEBUG: GoGo-Total-Input-Voice-Gigawords: [0]
2013-11-20 10:56:42,553: DEBUG: GoGo-Total-Output-Octets: [4468025]
2013-11-20 10:56:42,553: DEBUG: GoGo-Acct-Input-Voice-Octets: [0]
2013-11-20 10:56:42,553: DEBUG: GoGo-Total-Input-Voice-Packets: [0]
2013-11-20 10:56:42,554: DEBUG: Called-Station-Id: [u'00:16:3E:62:2F:D3']
2013-11-20 10:56:42,554: DEBUG: WISPr-Location-Name: [u'TEST LLC,BA01_01009']
2013-11-20 10:56:42,554: DEBUG: NAS-Identifier: [u'C08386']
2013-11-20 10:56:42,554: DEBUG: Proxy-State: ['3330,3132']
2013-11-20 10:56:42,554: DEBUG: GoGo-Total-Input-Voice-Octets: [0]
2013-11-20 10:56:42,554: DEBUG: Acct-Status-Type: ['Interim-Update']
2013-11-20 10:56:42,554: DEBUG: GoGo-Total-Output-Voice-Gigawords: [0]
2013-11-20 10:56:42,554: DEBUG: GoGo-Airline: [u'BA01']
2013-11-20 10:56:42,554: DEBUG: Acct-Session-Id: [u'AAATestNAS_212-1384925162461-00163E622FD3-1']
2013-11-20 10:56:42,555: DEBUG: Acct-Session-Time: [10]
2013-11-20 10:56:42,555: DEBUG: Acct-Input-Packets: [41517]
2013-11-20 10:56:42,555: DEBUG: Acct-Output-Packets: [34936]
2013-11-20 10:56:42,555: DEBUG: GoGo-Acct-Output-Voice-Packets: [0]
2013-11-20 10:56:42,555: DEBUG: GoGo-Acct-Output-Voice-Octets: [0]
2013-11-20 10:56:42,555: DEBUG: Acct-Output-Gigawords: [0]
2013-11-20 10:56:42,555: DEBUG: GoGo-Total-Output-Voice-Packets: [0]
2013-11-20 10:56:42,555: DEBUG: Acct-Input-Gigawords: [0]
2013-11-20 10:56:42,555: DEBUG: Calling-Station-Id: [u'18:21:31:41:52:93']
2013-11-20 10:56:42,556: DEBUG: NAS-Port-Type: ['Wireless-802.11']
2013-11-20 10:56:42,556: DEBUG: GoGo-Total-Output-Voice-Octets: [0]
2013-11-20 10:56:42,556: DEBUG: GoGo-Private-IP-Address: ['192.168.1.179']
2013-11-20 10:56:42,556: DEBUG: GoGo-Acct-Input-Voice-Gigawords: [0]
2013-11-20 10:56:42,556: DEBUG: GoGo-Total-Input-Packets: [41517]
2013-11-20 10:56:42,556: DEBUG: GoGo-Total-Input-Gigawords: [0]
2013-11-20 10:56:42,556: DEBUG: GoGo-Acct-Input-Voice-Packets: [0]
2013-11-20 10:56:42,556: DEBUG: GoGo-Total-Input-Octets: [8251852]
2013-11-20 10:56:42,556: DEBUG: GoGo-Total-Output-Packets: [34936]
2013-11-20 10:56:42,556: DEBUG: WISPr-Location-ID: [u'airline=BA01,tail=01009,network=']
2013-11-20 10:56:42,557: DEBUG: GoGo-Acct-Output-Voice-Gigawords: [0]
2013-11-20 10:56:42,557: DEBUG: Acct-Input-Octets: [8251852]
2013-11-20 10:56:42,558: DEBUG: 

2013-11-20 10:56:42,558: DEBUG: Received response with following attributes:
2013-11-20 10:56:52,559: DEBUG: 

2013-11-20 10:56:52,561: DEBUG: Creating Accounting Update Request with the following Attributes:
2013-11-20 10:56:52,561: DEBUG: User-Name: [u'username81@airborne.aircell.com']
2013-11-20 10:56:52,562: DEBUG: GoGo-Tail-Number: [u'AAATestNAS_212']
2013-11-20 10:56:52,562: DEBUG: Acct-Output-Octets: [1691033]
2013-11-20 10:56:52,563: DEBUG: NAS-IP-Address: ['10.254.217.1']
2013-11-20 10:56:52,563: DEBUG: GoGo-Total-Output-Gigawords: [0]
2013-11-20 10:56:52,563: DEBUG: Framed-IP-Address: ['10.254.217.62']
2013-11-20 10:56:52,563: DEBUG: GoGo-Total-Input-Voice-Gigawords: [0]
2013-11-20 10:56:52,564: DEBUG: GoGo-Total-Output-Octets: [1691033]
2013-11-20 10:56:52,564: DEBUG: GoGo-Acct-Input-Voice-Octets: [0]
2013-11-20 10:56:52,564: DEBUG: GoGo-Total-Input-Voice-Packets: [0]
2013-11-20 10:56:52,564: DEBUG: Called-Station-Id: [u'00:16:3E:62:2F:D3']
2013-11-20 10:56:52,564: DEBUG: WISPr-Location-Name: [u'TEST LLC,BA01_01009']
2013-11-20 10:56:52,564: DEBUG: NAS-Identifier: [u'C08386']
2013-11-20 10:56:52,564: DEBUG: Proxy-State: ['3330,3132']
2013-11-20 10:56:52,564: DEBUG: GoGo-Total-Input-Voice-Octets: [0]
2013-11-20 10:56:52,564: DEBUG: Acct-Status-Type: ['Interim-Update']
2013-11-20 10:56:52,565: DEBUG: GoGo-Total-Output-Voice-Gigawords: [0]
2013-11-20 10:56:52,565: DEBUG: GoGo-Airline: [u'BA01']
2013-11-20 10:56:52,565: DEBUG: Acct-Session-Id: [u'AAATestNAS_212-1384925162461-00163E622FD3-1']
2013-11-20 10:56:52,565: DEBUG: Acct-Session-Time: [10]
2013-11-20 10:56:52,565: DEBUG: Acct-Input-Packets: [12507]
2013-11-20 10:56:52,565: DEBUG: Acct-Output-Packets: [12560]
2013-11-20 10:56:52,565: DEBUG: GoGo-Acct-Output-Voice-Packets: [0]
2013-11-20 10:56:52,565: DEBUG: GoGo-Acct-Output-Voice-Octets: [0]
2013-11-20 10:56:52,565: DEBUG: Acct-Output-Gigawords: [0]
2013-11-20 10:56:52,565: DEBUG: GoGo-Total-Output-Voice-Packets: [0]
2013-11-20 10:56:52,566: DEBUG: Acct-Input-Gigawords: [0]
2013-11-20 10:56:52,566: DEBUG: Calling-Station-Id: [u'18:21:31:41:52:93']
2013-11-20 10:56:52,566: DEBUG: NAS-Port-Type: ['Wireless-802.11']
2013-11-20 10:56:52,566: DEBUG: GoGo-Total-Output-Voice-Octets: [0]
2013-11-20 10:56:52,566: DEBUG: GoGo-Private-IP-Address: ['192.168.1.179']
2013-11-20 10:56:52,566: DEBUG: GoGo-Acct-Input-Voice-Gigawords: [0]
2013-11-20 10:56:52,566: DEBUG: GoGo-Total-Input-Packets: [12507]
2013-11-20 10:56:52,566: DEBUG: GoGo-Total-Input-Gigawords: [0]
2013-11-20 10:56:52,566: DEBUG: GoGo-Acct-Input-Voice-Packets: [0]
2013-11-20 10:56:52,567: DEBUG: GoGo-Total-Input-Octets: [1747056]
2013-11-20 10:56:52,567: DEBUG: GoGo-Total-Output-Packets: [12560]
2013-11-20 10:56:52,567: DEBUG: WISPr-Location-ID: [u'airline=BA01,tail=01009,network=']
2013-11-20 10:56:52,567: DEBUG: GoGo-Acct-Output-Voice-Gigawords: [0]
2013-11-20 10:56:52,567: DEBUG: Acct-Input-Octets: [1747056]
2013-11-20 10:56:52,568: DEBUG: 

2013-11-20 10:56:52,568: DEBUG: Received response with following attributes:
2013-11-20 10:57:15,569: DEBUG: 

2013-11-20 10:57:15,570: DEBUG: Creating Accounting Stop Request with the following Attributes:
2013-11-20 10:57:15,570: DEBUG: User-Name: [u'username81@airborne.aircell.com']
2013-11-20 10:57:15,570: DEBUG: GoGo-Tail-Number: [u'01009']
2013-11-20 10:57:15,570: DEBUG: Acct-Output-Octets: [9667106]
2013-11-20 10:57:15,570: DEBUG: NAS-IP-Address: ['10.254.217.1']
2013-11-20 10:57:15,571: DEBUG: GoGo-Total-Output-Gigawords: [0]
2013-11-20 10:57:15,571: DEBUG: Framed-IP-Address: ['10.254.217.62']
2013-11-20 10:57:15,571: DEBUG: GoGo-Total-Input-Voice-Gigawords: [0]
2013-11-20 10:57:15,571: DEBUG: GoGo-Total-Output-Octets: [9667106]
2013-11-20 10:57:15,571: DEBUG: GoGo-Acct-Input-Voice-Octets: [0]
2013-11-20 10:57:15,571: DEBUG: GoGo-Total-Input-Voice-Packets: [0]
2013-11-20 10:57:15,571: DEBUG: Called-Station-Id: [u'00:16:3E:62:2F:D3']
2013-11-20 10:57:15,571: DEBUG: WISPr-Location-Name: [u'TEST LLC,BA01_01009']
2013-11-20 10:57:15,571: DEBUG: NAS-Identifier: [u'C08386']
2013-11-20 10:57:15,571: DEBUG: Proxy-State: ['3330,3132']
2013-11-20 10:57:15,572: DEBUG: GoGo-Total-Input-Voice-Octets: [0]
2013-11-20 10:57:15,572: DEBUG: Acct-Status-Type: ['Stop']
2013-11-20 10:57:15,572: DEBUG: GoGo-Total-Output-Voice-Gigawords: [0]
2013-11-20 10:57:15,572: DEBUG: GoGo-Airline: [u'BA01']
2013-11-20 10:57:15,572: DEBUG: Acct-Session-Id: [u'AAATestNAS_212-1384925162461-00163E622FD3-1']
2013-11-20 10:57:15,572: DEBUG: Acct-Session-Time: [23]
2013-11-20 10:57:15,572: DEBUG: Acct-Input-Packets: [33134]
2013-11-20 10:57:15,572: DEBUG: Acct-Output-Packets: [91407]
2013-11-20 10:57:15,572: DEBUG: Acct-Terminate-Cause: ['User-Request']
2013-11-20 10:57:15,573: DEBUG: GoGo-Acct-Output-Voice-Octets: [0]
2013-11-20 10:57:15,573: DEBUG: Acct-Output-Gigawords: [0]
2013-11-20 10:57:15,573: DEBUG: GoGo-Total-Output-Voice-Packets: [0]
2013-11-20 10:57:15,573: DEBUG: Acct-Input-Gigawords: [0]
2013-11-20 10:57:15,573: DEBUG: Calling-Station-Id: [u'18:21:31:41:52:93']
2013-11-20 10:57:15,573: DEBUG: NAS-Port-Type: ['Wireless-802.11']
2013-11-20 10:57:15,573: DEBUG: GoGo-Total-Output-Voice-Octets: [0]
2013-11-20 10:57:15,573: DEBUG: GoGo-Private-IP-Address: ['192.168.1.179']
2013-11-20 10:57:15,573: DEBUG: GoGo-Acct-Input-Voice-Gigawords: [0]
2013-11-20 10:57:15,573: DEBUG: GoGo-Total-Input-Packets: [33134]
2013-11-20 10:57:15,573: DEBUG: GoGo-Total-Input-Gigawords: [0]
2013-11-20 10:57:15,574: DEBUG: GoGo-Acct-Input-Voice-Packets: [0]
2013-11-20 10:57:15,574: DEBUG: GoGo-Total-Input-Octets: [3962625]
2013-11-20 10:57:15,574: DEBUG: GoGo-Total-Output-Packets: [91407]
2013-11-20 10:57:15,574: DEBUG: WISPr-Location-ID: [u'airline=BA01,tail=01009,network=']
2013-11-20 10:57:15,574: DEBUG: GoGo-Acct-Output-Voice-Packets: [0]
2013-11-20 10:57:15,574: DEBUG: GoGo-Acct-Output-Voice-Gigawords: [0]
2013-11-20 10:57:15,574: DEBUG: Acct-Input-Octets: [3962625]
2013-11-20 10:57:15,576: DEBUG: 

2013-11-20 10:57:15,576: DEBUG: Received response with following attributes:
2013-11-20 10:57:15,576: DEBUG: Ending the test for this user
2013-11-20 10:57:16,511: DEBUG: Starting the client for the user username81@airborne.aircell.com to the server localhost

2013-11-20 10:57:16,512: DEBUG: DURATION of the TEST: 27
2013-11-20 10:57:16,512: DEBUG: NAS-IP: 10.254.165.1
2013-11-20 10:57:16,513: DEBUG: NAS-MAC-ADDR: 18:21:31:41:52:41
2013-11-20 10:57:16,513: DEBUG: Abruptly End: False
2013-11-20 10:57:16,514: DEBUG: Framed-IP: 10.254.165.79
2013-11-20 10:57:16,515: DEBUG: User-MAC-Addr: 00:16:3E:63:E9:84
2013-11-20 10:57:16,516: DEBUG: 

2013-11-20 10:57:16,518: DEBUG: Creating Authentication Request with the following Attributes:
2013-11-20 10:57:16,518: DEBUG: NAS-Identifier: [u'C08386']
2013-11-20 10:57:16,519: DEBUG: User-Name: [u'username81@airborne.aircell.com']
2013-11-20 10:57:16,519: DEBUG: NAS-IP-Address: ['10.254.165.1']
2013-11-20 10:57:16,520: DEBUG: Service-Type: ['Authenticate-Only']
2013-11-20 10:57:16,520: DEBUG: Proxy-State: ['3237,3134']
2013-11-20 10:57:16,521: DEBUG: Framed-IP-Address: ['10.254.165.79']
2013-11-20 10:57:16,522: DEBUG: GoGo-Airline: [u'BA01']
2013-11-20 10:57:16,523: DEBUG: Acct-Session-Id: [u'AAATestNAS_160-1384925236517-00163E63E984-1']
2013-11-20 10:57:16,523: DEBUG: GoGo-Tail-Number: [u'AAATestNAS_160']
2013-11-20 10:57:16,523: DEBUG: GoGo-Private-IP-Address: ['192.168.1.179']
2013-11-20 10:57:16,524: DEBUG: WISPr-Location-ID: [u'airline=BA01,tail=01009,network=']
2013-11-20 10:57:16,524: DEBUG: WISPr-Location-Name: [u'TEST LLC,BA01_01009']
2013-11-20 10:57:16,525: DEBUG: NAS-Port-Type: ['Wireless-802.11']
2013-11-20 10:57:16,525: DEBUG: Called-Station-Id: [u'00:16:3E:63:E9:84']
2013-11-20 10:57:16,526: DEBUG: Calling-Station-Id: [u'18:21:31:41:52:41']
2013-11-20 10:57:16,528: DEBUG: 

2013-11-20 10:57:16,529: DEBUG: Received response with code: 2, Accepted
2013-11-20 10:57:16,530: DEBUG: Creating Authentication Request with the following Attributes:
2013-11-20 10:57:16,531: DEBUG: NAS-Identifier: [u'C08386']
2013-11-20 10:57:16,532: DEBUG: User-Name: [u'username81@airborne.aircell.com']
2013-11-20 10:57:16,532: DEBUG: NAS-IP-Address: ['10.254.165.1']
2013-11-20 10:57:16,533: DEBUG: Service-Type: ['Login-User']
2013-11-20 10:57:16,534: DEBUG: Proxy-State: ['3237,3134']
2013-11-20 10:57:16,536: DEBUG: Framed-IP-Address: ['10.254.165.79']
2013-11-20 10:57:16,537: DEBUG: GoGo-Airline: [u'BA01']
2013-11-20 10:57:16,538: DEBUG: Acct-Session-Id: [u'AAATestNAS_160-1384925236530-00163E63E984-1']
2013-11-20 10:57:16,541: DEBUG: GoGo-Tail-Number: [u'AAATestNAS_160']
2013-11-20 10:57:16,541: DEBUG: GoGo-Private-IP-Address: ['192.168.1.179']
2013-11-20 10:57:16,543: DEBUG: WISPr-Location-ID: [u'airline=BA01,tail=01009,network=']
2013-11-20 10:57:16,544: DEBUG: WISPr-Location-Name: [u'TEST LLC,BA01_01009']
2013-11-20 10:57:16,544: DEBUG: NAS-Port-Type: ['Wireless-802.11']
2013-11-20 10:57:16,546: DEBUG: Called-Station-Id: [u'00:16:3E:63:E9:84']
2013-11-20 10:57:16,547: DEBUG: Calling-Station-Id: [u'18:21:31:41:52:41']
2013-11-20 10:57:16,550: DEBUG: 

2013-11-20 10:57:16,551: DEBUG: Received response with code: 2, Accepted
2013-11-20 10:57:16,552: DEBUG: 

2013-11-20 10:57:16,553: DEBUG: Creating Accounting start Request with the following Attributes:
2013-11-20 10:57:16,554: DEBUG: NAS-Identifier: [u'C08386']
2013-11-20 10:57:16,556: DEBUG: User-Name: [u'username81@airborne.aircell.com']
2013-11-20 10:57:16,557: DEBUG: GoGo-Tail-Number: [u'AAATestNAS_160']
2013-11-20 10:57:16,559: DEBUG: NAS-IP-Address: ['10.254.165.1']
2013-11-20 10:57:16,559: DEBUG: Proxy-State: ['3239,3131']
2013-11-20 10:57:16,561: DEBUG: Acct-Status-Type: ['Start']
2013-11-20 10:57:16,562: DEBUG: GoGo-Airline: [u'BA01']
2013-11-20 10:57:16,563: DEBUG: Acct-Session-Id: [u'AAATestNAS_160-1384925236530-00163E63E984-1']
2013-11-20 10:57:16,563: DEBUG: GoGo-Private-IP-Address: ['192.168.1.179']
2013-11-20 10:57:16,564: DEBUG: Framed-IP-Address: ['10.254.165.79']
2013-11-20 10:57:16,565: DEBUG: WISPr-Location-ID: [u'airline=BA01,tail=01009,network=']
2013-11-20 10:57:16,566: DEBUG: WISPr-Location-Name: [u'TEST LLC,BA01_01009']
2013-11-20 10:57:16,568: DEBUG: NAS-Port-Type: ['Wireless-802.11']
2013-11-20 10:57:16,569: DEBUG: Called-Station-Id: [u'00:16:3E:63:E9:84']
2013-11-20 10:57:16,570: DEBUG: Calling-Station-Id: [u'18:21:31:41:52:41']
2013-11-20 10:57:16,572: DEBUG: 

2013-11-20 10:57:16,573: DEBUG: Received response with following attributes:
2013-11-20 10:57:26,575: DEBUG: 

2013-11-20 10:57:26,576: DEBUG: Creating Accounting Update Request with the following Attributes:
2013-11-20 10:57:26,576: DEBUG: User-Name: [u'username81@airborne.aircell.com']
2013-11-20 10:57:26,576: DEBUG: GoGo-Tail-Number: [u'AAATestNAS_160']
2013-11-20 10:57:26,577: DEBUG: Acct-Output-Octets: [6942689]
2013-11-20 10:57:26,577: DEBUG: NAS-IP-Address: ['10.254.165.1']
2013-11-20 10:57:26,578: DEBUG: GoGo-Total-Output-Gigawords: [0]
2013-11-20 10:57:26,579: DEBUG: Framed-IP-Address: ['10.254.165.79']
2013-11-20 10:57:26,579: DEBUG: GoGo-Total-Input-Voice-Gigawords: [0]
2013-11-20 10:57:26,580: DEBUG: GoGo-Total-Output-Octets: [6942689]
2013-11-20 10:57:26,580: DEBUG: GoGo-Acct-Input-Voice-Octets: [0]
2013-11-20 10:57:26,581: DEBUG: GoGo-Total-Input-Voice-Packets: [0]
2013-11-20 10:57:26,581: DEBUG: Called-Station-Id: [u'00:16:3E:63:E9:84']
2013-11-20 10:57:26,582: DEBUG: WISPr-Location-Name: [u'TEST LLC,BA01_01009']
2013-11-20 10:57:26,583: DEBUG: NAS-Identifier: [u'C08386']
2013-11-20 10:57:26,583: DEBUG: Proxy-State: ['3330,3132']
2013-11-20 10:57:26,584: DEBUG: GoGo-Total-Input-Voice-Octets: [0]
2013-11-20 10:57:26,585: DEBUG: Acct-Status-Type: ['Interim-Update']
2013-11-20 10:57:26,585: DEBUG: GoGo-Total-Output-Voice-Gigawords: [0]
2013-11-20 10:57:26,586: DEBUG: GoGo-Airline: [u'BA01']
2013-11-20 10:57:26,586: DEBUG: Acct-Session-Id: [u'AAATestNAS_160-1384925236530-00163E63E984-1']
2013-11-20 10:57:26,587: DEBUG: Acct-Session-Time: [10]
2013-11-20 10:57:26,587: DEBUG: Acct-Input-Packets: [17652]
2013-11-20 10:57:26,588: DEBUG: Acct-Output-Packets: [19316]
2013-11-20 10:57:26,588: DEBUG: GoGo-Acct-Output-Voice-Packets: [0]
2013-11-20 10:57:26,589: DEBUG: GoGo-Acct-Output-Voice-Octets: [0]
2013-11-20 10:57:26,589: DEBUG: Acct-Output-Gigawords: [0]
2013-11-20 10:57:26,589: DEBUG: GoGo-Total-Output-Voice-Packets: [0]
2013-11-20 10:57:26,590: DEBUG: Acct-Input-Gigawords: [0]
2013-11-20 10:57:26,590: DEBUG: Calling-Station-Id: [u'18:21:31:41:52:41']
2013-11-20 10:57:26,590: DEBUG: NAS-Port-Type: ['Wireless-802.11']
2013-11-20 10:57:26,591: DEBUG: GoGo-Total-Output-Voice-Octets: [0]
2013-11-20 10:57:26,591: DEBUG: GoGo-Private-IP-Address: ['192.168.1.179']
2013-11-20 10:57:26,592: DEBUG: GoGo-Acct-Input-Voice-Gigawords: [0]
2013-11-20 10:57:26,592: DEBUG: GoGo-Total-Input-Packets: [17652]
2013-11-20 10:57:26,592: DEBUG: GoGo-Total-Input-Gigawords: [0]
2013-11-20 10:57:26,593: DEBUG: GoGo-Acct-Input-Voice-Packets: [0]
2013-11-20 10:57:26,593: DEBUG: GoGo-Total-Input-Octets: [3456584]
2013-11-20 10:57:26,593: DEBUG: GoGo-Total-Output-Packets: [19316]
2013-11-20 10:57:26,594: DEBUG: WISPr-Location-ID: [u'airline=BA01,tail=01009,network=']
2013-11-20 10:57:26,594: DEBUG: GoGo-Acct-Output-Voice-Gigawords: [0]
2013-11-20 10:57:26,594: DEBUG: Acct-Input-Octets: [3456584]
2013-11-20 10:57:26,596: DEBUG: 

2013-11-20 10:57:26,596: DEBUG: Received response with following attributes:
2013-11-20 10:57:36,597: DEBUG: 

2013-11-20 10:57:36,598: DEBUG: Creating Accounting Update Request with the following Attributes:
2013-11-20 10:57:36,599: DEBUG: User-Name: [u'username81@airborne.aircell.com']
2013-11-20 10:57:36,599: DEBUG: GoGo-Tail-Number: [u'AAATestNAS_160']
2013-11-20 10:57:36,599: DEBUG: Acct-Output-Octets: [4039385]
2013-11-20 10:57:36,600: DEBUG: NAS-IP-Address: ['10.254.165.1']
2013-11-20 10:57:36,600: DEBUG: GoGo-Total-Output-Gigawords: [0]
2013-11-20 10:57:36,600: DEBUG: Framed-IP-Address: ['10.254.165.79']
2013-11-20 10:57:36,601: DEBUG: GoGo-Total-Input-Voice-Gigawords: [0]
2013-11-20 10:57:36,601: DEBUG: GoGo-Total-Output-Octets: [4039385]
2013-11-20 10:57:36,602: DEBUG: GoGo-Acct-Input-Voice-Octets: [0]
2013-11-20 10:57:36,602: DEBUG: GoGo-Total-Input-Voice-Packets: [0]
2013-11-20 10:57:36,603: DEBUG: Called-Station-Id: [u'00:16:3E:63:E9:84']
2013-11-20 10:57:36,603: DEBUG: WISPr-Location-Name: [u'TEST LLC,BA01_01009']
2013-11-20 10:57:36,603: DEBUG: NAS-Identifier: [u'C08386']
2013-11-20 10:57:36,604: DEBUG: Proxy-State: ['3330,3132']
2013-11-20 10:57:36,604: DEBUG: GoGo-Total-Input-Voice-Octets: [0]
2013-11-20 10:57:36,604: DEBUG: Acct-Status-Type: ['Interim-Update']
2013-11-20 10:57:36,605: DEBUG: GoGo-Total-Output-Voice-Gigawords: [0]
2013-11-20 10:57:36,605: DEBUG: GoGo-Airline: [u'BA01']
2013-11-20 10:57:36,605: DEBUG: Acct-Session-Id: [u'AAATestNAS_160-1384925236530-00163E63E984-1']
2013-11-20 10:57:36,606: DEBUG: Acct-Session-Time: [10]
2013-11-20 10:57:36,606: DEBUG: Acct-Input-Packets: [18579]
2013-11-20 10:57:36,607: DEBUG: Acct-Output-Packets: [14744]
2013-11-20 10:57:36,607: DEBUG: GoGo-Acct-Output-Voice-Packets: [0]
2013-11-20 10:57:36,607: DEBUG: GoGo-Acct-Output-Voice-Octets: [0]
2013-11-20 10:57:36,608: DEBUG: Acct-Output-Gigawords: [0]
2013-11-20 10:57:36,608: DEBUG: GoGo-Total-Output-Voice-Packets: [0]
2013-11-20 10:57:36,609: DEBUG: Acct-Input-Gigawords: [0]
2013-11-20 10:57:36,609: DEBUG: Calling-Station-Id: [u'18:21:31:41:52:41']
2013-11-20 10:57:36,609: DEBUG: NAS-Port-Type: ['Wireless-802.11']
2013-11-20 10:57:36,609: DEBUG: GoGo-Total-Output-Voice-Octets: [0]
2013-11-20 10:57:36,609: DEBUG: GoGo-Private-IP-Address: ['192.168.1.179']
2013-11-20 10:57:36,610: DEBUG: GoGo-Acct-Input-Voice-Gigawords: [0]
2013-11-20 10:57:36,610: DEBUG: GoGo-Total-Input-Packets: [18579]
2013-11-20 10:57:36,610: DEBUG: GoGo-Total-Input-Gigawords: [0]
2013-11-20 10:57:36,610: DEBUG: GoGo-Acct-Input-Voice-Packets: [0]
2013-11-20 10:57:36,610: DEBUG: GoGo-Total-Input-Octets: [2348499]
2013-11-20 10:57:36,610: DEBUG: GoGo-Total-Output-Packets: [14744]
2013-11-20 10:57:36,611: DEBUG: WISPr-Location-ID: [u'airline=BA01,tail=01009,network=']
2013-11-20 10:57:36,611: DEBUG: GoGo-Acct-Output-Voice-Gigawords: [0]
2013-11-20 10:57:36,611: DEBUG: Acct-Input-Octets: [2348499]
2013-11-20 10:57:36,611: ERROR: Network error, Reason: 'Network error: Too many open files'
2013-11-20 10:57:43,612: DEBUG: 

2013-11-20 10:57:43,612: DEBUG: Creating Accounting Update Request with the following Attributes:
2013-11-20 10:57:43,613: DEBUG: User-Name: [u'username81@airborne.aircell.com']
2013-11-20 10:57:43,613: DEBUG: GoGo-Tail-Number: [u'AAATestNAS_160']
2013-11-20 10:57:43,613: DEBUG: Acct-Output-Octets: [6220670]
2013-11-20 10:57:43,614: DEBUG: NAS-IP-Address: ['10.254.165.1']
2013-11-20 10:57:43,614: DEBUG: GoGo-Total-Output-Gigawords: [0]
2013-11-20 10:57:43,615: DEBUG: Framed-IP-Address: ['10.254.165.79']
2013-11-20 10:57:43,615: DEBUG: GoGo-Total-Input-Voice-Gigawords: [0]
2013-11-20 10:57:43,615: DEBUG: GoGo-Total-Output-Octets: [6220670]
2013-11-20 10:57:43,616: DEBUG: GoGo-Acct-Input-Voice-Octets: [0]
2013-11-20 10:57:43,616: DEBUG: GoGo-Total-Input-Voice-Packets: [0]
2013-11-20 10:57:43,616: DEBUG: Called-Station-Id: [u'00:16:3E:63:E9:84']
2013-11-20 10:57:43,617: DEBUG: WISPr-Location-Name: [u'TEST LLC,BA01_01009']
2013-11-20 10:57:43,617: DEBUG: NAS-Identifier: [u'C08386']
2013-11-20 10:57:43,618: DEBUG: Proxy-State: ['3330,3132']
2013-11-20 10:57:43,618: DEBUG: GoGo-Total-Input-Voice-Octets: [0]
2013-11-20 10:57:43,618: DEBUG: Acct-Status-Type: ['Interim-Update']
2013-11-20 10:57:43,619: DEBUG: GoGo-Total-Output-Voice-Gigawords: [0]
2013-11-20 10:57:43,619: DEBUG: GoGo-Airline: [u'BA01']
2013-11-20 10:57:43,620: DEBUG: Acct-Session-Id: [u'AAATestNAS_160-1384925236530-00163E63E984-1']
2013-11-20 10:57:43,620: DEBUG: Acct-Session-Time: [7]
2013-11-20 10:57:43,620: DEBUG: Acct-Input-Packets: [18477]
2013-11-20 10:57:43,621: DEBUG: Acct-Output-Packets: [27193]
2013-11-20 10:57:43,621: DEBUG: GoGo-Acct-Output-Voice-Packets: [0]
2013-11-20 10:57:43,621: DEBUG: GoGo-Acct-Output-Voice-Octets: [0]
2013-11-20 10:57:43,622: DEBUG: Acct-Output-Gigawords: [0]
2013-11-20 10:57:43,622: DEBUG: GoGo-Total-Output-Voice-Packets: [0]
2013-11-20 10:57:43,622: DEBUG: Acct-Input-Gigawords: [0]
2013-11-20 10:57:43,622: DEBUG: Calling-Station-Id: [u'18:21:31:41:52:41']
2013-11-20 10:57:43,623: DEBUG: NAS-Port-Type: ['Wireless-802.11']
2013-11-20 10:57:43,623: DEBUG: GoGo-Total-Output-Voice-Octets: [0]
2013-11-20 10:57:43,624: DEBUG: GoGo-Private-IP-Address: ['192.168.1.179']
2013-11-20 10:57:43,624: DEBUG: GoGo-Acct-Input-Voice-Gigawords: [0]
2013-11-20 10:57:43,624: DEBUG: GoGo-Total-Input-Packets: [18477]
2013-11-20 10:57:43,625: DEBUG: GoGo-Total-Input-Gigawords: [0]
2013-11-20 10:57:43,625: DEBUG: GoGo-Acct-Input-Voice-Packets: [0]
2013-11-20 10:57:43,625: DEBUG: GoGo-Total-Input-Octets: [9092404]
2013-11-20 10:57:43,626: DEBUG: GoGo-Total-Output-Packets: [27193]
2013-11-20 10:57:43,626: DEBUG: WISPr-Location-ID: [u'airline=BA01,tail=01009,network=']
2013-11-20 10:57:43,626: DEBUG: GoGo-Acct-Output-Voice-Gigawords: [0]
2013-11-20 10:57:43,627: DEBUG: Acct-Input-Octets: [9092404]
2013-11-20 10:57:43,627: ERROR: Network error, Reason: 'Network error: Too many open files'
2013-11-20 10:58:00,628: DEBUG: 

2013-11-20 10:58:00,629: DEBUG: Creating Accounting Stop Request with the following Attributes:
2013-11-20 10:58:00,630: DEBUG: User-Name: [u'username81@airborne.aircell.com']
2013-11-20 10:58:00,631: DEBUG: GoGo-Tail-Number: [u'01009']
2013-11-20 10:58:00,631: DEBUG: Acct-Output-Octets: [1160048]
2013-11-20 10:58:00,632: DEBUG: NAS-IP-Address: ['10.254.165.1']
2013-11-20 10:58:00,632: DEBUG: GoGo-Total-Output-Gigawords: [0]
2013-11-20 10:58:00,633: DEBUG: Framed-IP-Address: ['10.254.165.79']
2013-11-20 10:58:00,633: DEBUG: GoGo-Total-Input-Voice-Gigawords: [0]
2013-11-20 10:58:00,634: DEBUG: GoGo-Total-Output-Octets: [1160048]
2013-11-20 10:58:00,635: DEBUG: GoGo-Acct-Input-Voice-Octets: [0]
2013-11-20 10:58:00,636: DEBUG: GoGo-Total-Input-Voice-Packets: [0]
2013-11-20 10:58:00,637: DEBUG: Called-Station-Id: [u'00:16:3E:63:E9:84']
2013-11-20 10:58:00,638: DEBUG: WISPr-Location-Name: [u'TEST LLC,BA01_01009']
2013-11-20 10:58:00,639: DEBUG: NAS-Identifier: [u'C08386']
2013-11-20 10:58:00,639: DEBUG: Proxy-State: ['3330,3132']
2013-11-20 10:58:00,641: DEBUG: GoGo-Total-Input-Voice-Octets: [0]
2013-11-20 10:58:00,641: DEBUG: Acct-Status-Type: ['Stop']
2013-11-20 10:58:00,642: DEBUG: GoGo-Total-Output-Voice-Gigawords: [0]
2013-11-20 10:58:00,643: DEBUG: GoGo-Airline: [u'BA01']
2013-11-20 10:58:00,643: DEBUG: Acct-Session-Id: [u'AAATestNAS_160-1384925236530-00163E63E984-1']
2013-11-20 10:58:00,644: DEBUG: Acct-Session-Time: [17]
2013-11-20 10:58:00,645: DEBUG: Acct-Input-Packets: [12151]
2013-11-20 10:58:00,646: DEBUG: Acct-Output-Packets: [6938]
2013-11-20 10:58:00,647: DEBUG: Acct-Terminate-Cause: ['User-Request']
2013-11-20 10:58:00,648: DEBUG: GoGo-Acct-Output-Voice-Octets: [0]
2013-11-20 10:58:00,649: DEBUG: Acct-Output-Gigawords: [0]
2013-11-20 10:58:00,649: DEBUG: GoGo-Total-Output-Voice-Packets: [0]
2013-11-20 10:58:00,651: DEBUG: Acct-Input-Gigawords: [0]
2013-11-20 10:58:00,652: DEBUG: Calling-Station-Id: [u'18:21:31:41:52:41']
2013-11-20 10:58:00,652: DEBUG: NAS-Port-Type: ['Wireless-802.11']
2013-11-20 10:58:00,653: DEBUG: GoGo-Total-Output-Voice-Octets: [0]
2013-11-20 10:58:00,653: DEBUG: GoGo-Private-IP-Address: ['192.168.1.179']
2013-11-20 10:58:00,654: DEBUG: GoGo-Acct-Input-Voice-Gigawords: [0]
2013-11-20 10:58:00,654: DEBUG: GoGo-Total-Input-Packets: [12151]
2013-11-20 10:58:00,655: DEBUG: GoGo-Total-Input-Gigawords: [0]
2013-11-20 10:58:00,655: DEBUG: GoGo-Acct-Input-Voice-Packets: [0]
2013-11-20 10:58:00,656: DEBUG: GoGo-Total-Input-Octets: [1562938]
2013-11-20 10:58:00,657: DEBUG: GoGo-Total-Output-Packets: [6938]
2013-11-20 10:58:00,657: DEBUG: WISPr-Location-ID: [u'airline=BA01,tail=01009,network=']
2013-11-20 10:58:00,658: DEBUG: GoGo-Acct-Output-Voice-Packets: [0]
2013-11-20 10:58:00,658: DEBUG: GoGo-Acct-Output-Voice-Gigawords: [0]
2013-11-20 10:58:00,658: DEBUG: Acct-Input-Octets: [1562938]
2013-11-20 10:58:00,659: ERROR: Network error, Reason: 'Network error: nodename nor servname provided, or not known'
2013-11-20 10:58:00,660: ERROR: Ending the test for this user
2013-11-20 10:58:00,660: DEBUG: Ending the test for this user
