2013-11-20 10:55:41,817: DEBUG: Starting the client for the user username51@airborne.aircell.com to the server localhost

2013-11-20 10:55:41,817: DEBUG: DURATION of the TEST: 64
2013-11-20 10:55:41,817: DEBUG: NAS-IP: 10.254.206.1
2013-11-20 10:55:41,817: DEBUG: NAS-MAC-ADDR: 18:21:31:41:52:82
2013-11-20 10:55:41,817: DEBUG: Abruptly End: False
2013-11-20 10:55:41,818: DEBUG: Framed-IP: 10.254.206.62
2013-11-20 10:55:41,818: DEBUG: User-MAC-Addr: 00:16:3E:5D:01:9A
2013-11-20 10:55:41,818: DEBUG: 

2013-11-20 10:55:41,818: DEBUG: Creating Authentication Request with the following Attributes:
2013-11-20 10:55:41,818: DEBUG: NAS-Identifier: [u'C08386']
2013-11-20 10:55:41,818: DEBUG: User-Name: [u'username51@airborne.aircell.com']
2013-11-20 10:55:41,819: DEBUG: NAS-IP-Address: ['10.254.206.1']
2013-11-20 10:55:41,819: DEBUG: Service-Type: ['Authenticate-Only']
2013-11-20 10:55:41,819: DEBUG: Proxy-State: ['3237,3134']
2013-11-20 10:55:41,819: DEBUG: Framed-IP-Address: ['10.254.206.62']
2013-11-20 10:55:41,819: DEBUG: GoGo-Airline: [u'BA01']
2013-11-20 10:55:41,819: DEBUG: Acct-Session-Id: [u'AAATestNAS_201-1384925141818-00163E5D019A-1']
2013-11-20 10:55:41,819: DEBUG: GoGo-Tail-Number: [u'AAATestNAS_201']
2013-11-20 10:55:41,819: DEBUG: GoGo-Private-IP-Address: ['192.168.1.179']
2013-11-20 10:55:41,819: DEBUG: WISPr-Location-ID: [u'airline=BA01,tail=01009,network=']
2013-11-20 10:55:41,819: DEBUG: WISPr-Location-Name: [u'TEST LLC,BA01_01009']
2013-11-20 10:55:41,819: DEBUG: NAS-Port-Type: ['Wireless-802.11']
2013-11-20 10:55:41,819: DEBUG: Called-Station-Id: [u'00:16:3E:5D:01:9A']
2013-11-20 10:55:41,819: DEBUG: Calling-Station-Id: [u'18:21:31:41:52:82']
2013-11-20 10:55:41,821: DEBUG: 

2013-11-20 10:55:41,821: DEBUG: Received response with code: 2, Accepted
2013-11-20 10:55:41,821: DEBUG: Creating Authentication Request with the following Attributes:
2013-11-20 10:55:41,821: DEBUG: NAS-Identifier: [u'C08386']
2013-11-20 10:55:41,821: DEBUG: User-Name: [u'username51@airborne.aircell.com']
2013-11-20 10:55:41,821: DEBUG: NAS-IP-Address: ['10.254.206.1']
2013-11-20 10:55:41,821: DEBUG: Service-Type: ['Login-User']
2013-11-20 10:55:41,821: DEBUG: Proxy-State: ['3237,3134']
2013-11-20 10:55:41,821: DEBUG: Framed-IP-Address: ['10.254.206.62']
2013-11-20 10:55:41,822: DEBUG: GoGo-Airline: [u'BA01']
2013-11-20 10:55:41,822: DEBUG: Acct-Session-Id: [u'AAATestNAS_201-1384925141821-00163E5D019A-1']
2013-11-20 10:55:41,822: DEBUG: GoGo-Tail-Number: [u'AAATestNAS_201']
2013-11-20 10:55:41,822: DEBUG: GoGo-Private-IP-Address: ['192.168.1.179']
2013-11-20 10:55:41,822: DEBUG: WISPr-Location-ID: [u'airline=BA01,tail=01009,network=']
2013-11-20 10:55:41,822: DEBUG: WISPr-Location-Name: [u'TEST LLC,BA01_01009']
2013-11-20 10:55:41,822: DEBUG: NAS-Port-Type: ['Wireless-802.11']
2013-11-20 10:55:41,822: DEBUG: Called-Station-Id: [u'00:16:3E:5D:01:9A']
2013-11-20 10:55:41,822: DEBUG: Calling-Station-Id: [u'18:21:31:41:52:82']
2013-11-20 10:55:41,823: DEBUG: 

2013-11-20 10:55:41,823: DEBUG: Received response with code: 2, Accepted
2013-11-20 10:55:41,823: DEBUG: 

2013-11-20 10:55:41,823: DEBUG: Creating Accounting start Request with the following Attributes:
2013-11-20 10:55:41,824: DEBUG: NAS-Identifier: [u'C08386']
2013-11-20 10:55:41,824: DEBUG: User-Name: [u'username51@airborne.aircell.com']
2013-11-20 10:55:41,824: DEBUG: GoGo-Tail-Number: [u'AAATestNAS_201']
2013-11-20 10:55:41,824: DEBUG: NAS-IP-Address: ['10.254.206.1']
2013-11-20 10:55:41,824: DEBUG: Proxy-State: ['3239,3131']
2013-11-20 10:55:41,824: DEBUG: Acct-Status-Type: ['Start']
2013-11-20 10:55:41,824: DEBUG: GoGo-Airline: [u'BA01']
2013-11-20 10:55:41,824: DEBUG: Acct-Session-Id: [u'AAATestNAS_201-1384925141821-00163E5D019A-1']
2013-11-20 10:55:41,824: DEBUG: GoGo-Private-IP-Address: ['192.168.1.179']
2013-11-20 10:55:41,824: DEBUG: Framed-IP-Address: ['10.254.206.62']
2013-11-20 10:55:41,824: DEBUG: WISPr-Location-ID: [u'airline=BA01,tail=01009,network=']
2013-11-20 10:55:41,824: DEBUG: WISPr-Location-Name: [u'TEST LLC,BA01_01009']
2013-11-20 10:55:41,824: DEBUG: NAS-Port-Type: ['Wireless-802.11']
2013-11-20 10:55:41,825: DEBUG: Called-Station-Id: [u'00:16:3E:5D:01:9A']
2013-11-20 10:55:41,825: DEBUG: Calling-Station-Id: [u'18:21:31:41:52:82']
2013-11-20 10:55:41,825: DEBUG: 

2013-11-20 10:55:41,826: DEBUG: Received response with following attributes:
2013-11-20 10:55:51,826: DEBUG: 

2013-11-20 10:55:51,827: DEBUG: Creating Accounting Update Request with the following Attributes:
2013-11-20 10:55:51,827: DEBUG: User-Name: [u'username51@airborne.aircell.com']
2013-11-20 10:55:51,827: DEBUG: GoGo-Tail-Number: [u'AAATestNAS_201']
2013-11-20 10:55:51,827: DEBUG: Acct-Output-Octets: [4406453]
2013-11-20 10:55:51,827: DEBUG: NAS-IP-Address: ['10.254.206.1']
2013-11-20 10:55:51,827: DEBUG: GoGo-Total-Output-Gigawords: [0]
2013-11-20 10:55:51,827: DEBUG: Framed-IP-Address: ['10.254.206.62']
2013-11-20 10:55:51,827: DEBUG: GoGo-Total-Input-Voice-Gigawords: [0]
2013-11-20 10:55:51,827: DEBUG: GoGo-Total-Output-Octets: [4406453]
2013-11-20 10:55:51,827: DEBUG: GoGo-Acct-Input-Voice-Octets: [0]
2013-11-20 10:55:51,827: DEBUG: GoGo-Total-Input-Voice-Packets: [0]
2013-11-20 10:55:51,827: DEBUG: Called-Station-Id: [u'00:16:3E:5D:01:9A']
2013-11-20 10:55:51,828: DEBUG: WISPr-Location-Name: [u'TEST LLC,BA01_01009']
2013-11-20 10:55:51,828: DEBUG: NAS-Identifier: [u'C08386']
2013-11-20 10:55:51,828: DEBUG: Proxy-State: ['3330,3132']
2013-11-20 10:55:51,828: DEBUG: GoGo-Total-Input-Voice-Octets: [0]
2013-11-20 10:55:51,828: DEBUG: Acct-Status-Type: ['Interim-Update']
2013-11-20 10:55:51,828: DEBUG: GoGo-Total-Output-Voice-Gigawords: [0]
2013-11-20 10:55:51,828: DEBUG: GoGo-Airline: [u'BA01']
2013-11-20 10:55:51,828: DEBUG: Acct-Session-Id: [u'AAATestNAS_201-1384925141821-00163E5D019A-1']
2013-11-20 10:55:51,828: DEBUG: Acct-Session-Time: [10]
2013-11-20 10:55:51,828: DEBUG: Acct-Input-Packets: [6192]
2013-11-20 10:55:51,828: DEBUG: Acct-Output-Packets: [28624]
2013-11-20 10:55:51,828: DEBUG: GoGo-Acct-Output-Voice-Packets: [0]
2013-11-20 10:55:51,828: DEBUG: GoGo-Acct-Output-Voice-Octets: [0]
2013-11-20 10:55:51,828: DEBUG: Acct-Output-Gigawords: [0]
2013-11-20 10:55:51,828: DEBUG: GoGo-Total-Output-Voice-Packets: [0]
2013-11-20 10:55:51,829: DEBUG: Acct-Input-Gigawords: [0]
2013-11-20 10:55:51,829: DEBUG: Calling-Station-Id: [u'18:21:31:41:52:82']
2013-11-20 10:55:51,829: DEBUG: NAS-Port-Type: ['Wireless-802.11']
2013-11-20 10:55:51,829: DEBUG: GoGo-Total-Output-Voice-Octets: [0]
2013-11-20 10:55:51,829: DEBUG: GoGo-Private-IP-Address: ['192.168.1.179']
2013-11-20 10:55:51,829: DEBUG: GoGo-Acct-Input-Voice-Gigawords: [0]
2013-11-20 10:55:51,829: DEBUG: GoGo-Total-Input-Packets: [6192]
2013-11-20 10:55:51,829: DEBUG: GoGo-Total-Input-Gigawords: [0]
2013-11-20 10:55:51,829: DEBUG: GoGo-Acct-Input-Voice-Packets: [0]
2013-11-20 10:55:51,829: DEBUG: GoGo-Total-Input-Octets: [4578645]
2013-11-20 10:55:51,829: DEBUG: GoGo-Total-Output-Packets: [28624]
2013-11-20 10:55:51,829: DEBUG: WISPr-Location-ID: [u'airline=BA01,tail=01009,network=']
2013-11-20 10:55:51,829: DEBUG: GoGo-Acct-Output-Voice-Gigawords: [0]
2013-11-20 10:55:51,829: DEBUG: Acct-Input-Octets: [4578645]
2013-11-20 10:55:51,831: DEBUG: 

2013-11-20 10:55:51,831: DEBUG: Received response with following attributes:
2013-11-20 10:56:01,832: DEBUG: 

2013-11-20 10:56:01,832: DEBUG: Creating Accounting Update Request with the following Attributes:
2013-11-20 10:56:01,832: DEBUG: User-Name: [u'username51@airborne.aircell.com']
2013-11-20 10:56:01,832: DEBUG: GoGo-Tail-Number: [u'AAATestNAS_201']
2013-11-20 10:56:01,832: DEBUG: Acct-Output-Octets: [2872940]
2013-11-20 10:56:01,833: DEBUG: NAS-IP-Address: ['10.254.206.1']
2013-11-20 10:56:01,833: DEBUG: GoGo-Total-Output-Gigawords: [0]
2013-11-20 10:56:01,833: DEBUG: Framed-IP-Address: ['10.254.206.62']
2013-11-20 10:56:01,833: DEBUG: GoGo-Total-Input-Voice-Gigawords: [0]
2013-11-20 10:56:01,833: DEBUG: GoGo-Total-Output-Octets: [2872940]
2013-11-20 10:56:01,833: DEBUG: GoGo-Acct-Input-Voice-Octets: [0]
2013-11-20 10:56:01,833: DEBUG: GoGo-Total-Input-Voice-Packets: [0]
2013-11-20 10:56:01,833: DEBUG: Called-Station-Id: [u'00:16:3E:5D:01:9A']
2013-11-20 10:56:01,833: DEBUG: WISPr-Location-Name: [u'TEST LLC,BA01_01009']
2013-11-20 10:56:01,833: DEBUG: NAS-Identifier: [u'C08386']
2013-11-20 10:56:01,833: DEBUG: Proxy-State: ['3330,3132']
2013-11-20 10:56:01,833: DEBUG: GoGo-Total-Input-Voice-Octets: [0]
2013-11-20 10:56:01,833: DEBUG: Acct-Status-Type: ['Interim-Update']
2013-11-20 10:56:01,833: DEBUG: GoGo-Total-Output-Voice-Gigawords: [0]
2013-11-20 10:56:01,834: DEBUG: GoGo-Airline: [u'BA01']
2013-11-20 10:56:01,834: DEBUG: Acct-Session-Id: [u'AAATestNAS_201-1384925141821-00163E5D019A-1']
2013-11-20 10:56:01,834: DEBUG: Acct-Session-Time: [10]
2013-11-20 10:56:01,834: DEBUG: Acct-Input-Packets: [55377]
2013-11-20 10:56:01,834: DEBUG: Acct-Output-Packets: [12925]
2013-11-20 10:56:01,834: DEBUG: GoGo-Acct-Output-Voice-Packets: [0]
2013-11-20 10:56:01,834: DEBUG: GoGo-Acct-Output-Voice-Octets: [0]
2013-11-20 10:56:01,834: DEBUG: Acct-Output-Gigawords: [0]
2013-11-20 10:56:01,834: DEBUG: GoGo-Total-Output-Voice-Packets: [0]
2013-11-20 10:56:01,834: DEBUG: Acct-Input-Gigawords: [0]
2013-11-20 10:56:01,834: DEBUG: Calling-Station-Id: [u'18:21:31:41:52:82']
2013-11-20 10:56:01,834: DEBUG: NAS-Port-Type: ['Wireless-802.11']
2013-11-20 10:56:01,834: DEBUG: GoGo-Total-Output-Voice-Octets: [0]
2013-11-20 10:56:01,834: DEBUG: GoGo-Private-IP-Address: ['192.168.1.179']
2013-11-20 10:56:01,834: DEBUG: GoGo-Acct-Input-Voice-Gigawords: [0]
2013-11-20 10:56:01,835: DEBUG: GoGo-Total-Input-Packets: [55377]
2013-11-20 10:56:01,835: DEBUG: GoGo-Total-Input-Gigawords: [0]
2013-11-20 10:56:01,835: DEBUG: GoGo-Acct-Input-Voice-Packets: [0]
2013-11-20 10:56:01,835: DEBUG: GoGo-Total-Input-Octets: [7550887]
2013-11-20 10:56:01,835: DEBUG: GoGo-Total-Output-Packets: [12925]
2013-11-20 10:56:01,835: DEBUG: WISPr-Location-ID: [u'airline=BA01,tail=01009,network=']
2013-11-20 10:56:01,835: DEBUG: GoGo-Acct-Output-Voice-Gigawords: [0]
2013-11-20 10:56:01,835: DEBUG: Acct-Input-Octets: [7550887]
2013-11-20 10:56:01,837: DEBUG: 

2013-11-20 10:56:01,837: DEBUG: Received response with following attributes:
2013-11-20 10:56:11,838: DEBUG: 

2013-11-20 10:56:11,838: DEBUG: Creating Accounting Update Request with the following Attributes:
2013-11-20 10:56:11,839: DEBUG: User-Name: [u'username51@airborne.aircell.com']
2013-11-20 10:56:11,839: DEBUG: GoGo-Tail-Number: [u'AAATestNAS_201']
2013-11-20 10:56:11,839: DEBUG: Acct-Output-Octets: [8305513]
2013-11-20 10:56:11,839: DEBUG: NAS-IP-Address: ['10.254.206.1']
2013-11-20 10:56:11,839: DEBUG: GoGo-Total-Output-Gigawords: [0]
2013-11-20 10:56:11,839: DEBUG: Framed-IP-Address: ['10.254.206.62']
2013-11-20 10:56:11,839: DEBUG: GoGo-Total-Input-Voice-Gigawords: [0]
2013-11-20 10:56:11,839: DEBUG: GoGo-Total-Output-Octets: [8305513]
2013-11-20 10:56:11,839: DEBUG: GoGo-Acct-Input-Voice-Octets: [0]
2013-11-20 10:56:11,839: DEBUG: GoGo-Total-Input-Voice-Packets: [0]
2013-11-20 10:56:11,839: DEBUG: Called-Station-Id: [u'00:16:3E:5D:01:9A']
2013-11-20 10:56:11,839: DEBUG: WISPr-Location-Name: [u'TEST LLC,BA01_01009']
2013-11-20 10:56:11,839: DEBUG: NAS-Identifier: [u'C08386']
2013-11-20 10:56:11,840: DEBUG: Proxy-State: ['3330,3132']
2013-11-20 10:56:11,840: DEBUG: GoGo-Total-Input-Voice-Octets: [0]
2013-11-20 10:56:11,840: DEBUG: Acct-Status-Type: ['Interim-Update']
2013-11-20 10:56:11,840: DEBUG: GoGo-Total-Output-Voice-Gigawords: [0]
2013-11-20 10:56:11,840: DEBUG: GoGo-Airline: [u'BA01']
2013-11-20 10:56:11,840: DEBUG: Acct-Session-Id: [u'AAATestNAS_201-1384925141821-00163E5D019A-1']
2013-11-20 10:56:11,840: DEBUG: Acct-Session-Time: [10]
2013-11-20 10:56:11,840: DEBUG: Acct-Input-Packets: [4253]
2013-11-20 10:56:11,840: DEBUG: Acct-Output-Packets: [71811]
2013-11-20 10:56:11,840: DEBUG: GoGo-Acct-Output-Voice-Packets: [0]
2013-11-20 10:56:11,840: DEBUG: GoGo-Acct-Output-Voice-Octets: [0]
2013-11-20 10:56:11,840: DEBUG: Acct-Output-Gigawords: [0]
2013-11-20 10:56:11,840: DEBUG: GoGo-Total-Output-Voice-Packets: [0]
2013-11-20 10:56:11,840: DEBUG: Acct-Input-Gigawords: [0]
2013-11-20 10:56:11,840: DEBUG: Calling-Station-Id: [u'18:21:31:41:52:82']
2013-11-20 10:56:11,841: DEBUG: NAS-Port-Type: ['Wireless-802.11']
2013-11-20 10:56:11,841: DEBUG: GoGo-Total-Output-Voice-Octets: [0]
2013-11-20 10:56:11,841: DEBUG: GoGo-Private-IP-Address: ['192.168.1.179']
2013-11-20 10:56:11,841: DEBUG: GoGo-Acct-Input-Voice-Gigawords: [0]
2013-11-20 10:56:11,841: DEBUG: GoGo-Total-Input-Packets: [4253]
2013-11-20 10:56:11,841: DEBUG: GoGo-Total-Input-Gigawords: [0]
2013-11-20 10:56:11,841: DEBUG: GoGo-Acct-Input-Voice-Packets: [0]
2013-11-20 10:56:11,841: DEBUG: GoGo-Total-Input-Octets: [2381875]
2013-11-20 10:56:11,841: DEBUG: GoGo-Total-Output-Packets: [71811]
2013-11-20 10:56:11,841: DEBUG: WISPr-Location-ID: [u'airline=BA01,tail=01009,network=']
2013-11-20 10:56:11,841: DEBUG: GoGo-Acct-Output-Voice-Gigawords: [0]
2013-11-20 10:56:11,841: DEBUG: Acct-Input-Octets: [2381875]
2013-11-20 10:56:11,843: DEBUG: 

2013-11-20 10:56:11,843: DEBUG: Received response with following attributes:
2013-11-20 10:56:21,844: DEBUG: 

2013-11-20 10:56:21,845: DEBUG: Creating Accounting Update Request with the following Attributes:
2013-11-20 10:56:21,845: DEBUG: User-Name: [u'username51@airborne.aircell.com']
2013-11-20 10:56:21,845: DEBUG: GoGo-Tail-Number: [u'AAATestNAS_201']
2013-11-20 10:56:21,845: DEBUG: Acct-Output-Octets: [6571994]
2013-11-20 10:56:21,845: DEBUG: NAS-IP-Address: ['10.254.206.1']
2013-11-20 10:56:21,845: DEBUG: GoGo-Total-Output-Gigawords: [0]
2013-11-20 10:56:21,845: DEBUG: Framed-IP-Address: ['10.254.206.62']
2013-11-20 10:56:21,845: DEBUG: GoGo-Total-Input-Voice-Gigawords: [0]
2013-11-20 10:56:21,845: DEBUG: GoGo-Total-Output-Octets: [6571994]
2013-11-20 10:56:21,845: DEBUG: GoGo-Acct-Input-Voice-Octets: [0]
2013-11-20 10:56:21,845: DEBUG: GoGo-Total-Input-Voice-Packets: [0]
2013-11-20 10:56:21,845: DEBUG: Called-Station-Id: [u'00:16:3E:5D:01:9A']
2013-11-20 10:56:21,845: DEBUG: WISPr-Location-Name: [u'TEST LLC,BA01_01009']
2013-11-20 10:56:21,845: DEBUG: NAS-Identifier: [u'C08386']
2013-11-20 10:56:21,846: DEBUG: Proxy-State: ['3330,3132']
2013-11-20 10:56:21,846: DEBUG: GoGo-Total-Input-Voice-Octets: [0]
2013-11-20 10:56:21,846: DEBUG: Acct-Status-Type: ['Interim-Update']
2013-11-20 10:56:21,846: DEBUG: GoGo-Total-Output-Voice-Gigawords: [0]
2013-11-20 10:56:21,846: DEBUG: GoGo-Airline: [u'BA01']
2013-11-20 10:56:21,846: DEBUG: Acct-Session-Id: [u'AAATestNAS_201-1384925141821-00163E5D019A-1']
2013-11-20 10:56:21,846: DEBUG: Acct-Session-Time: [10]
2013-11-20 10:56:21,846: DEBUG: Acct-Input-Packets: [42634]
2013-11-20 10:56:21,846: DEBUG: Acct-Output-Packets: [8613]
2013-11-20 10:56:21,846: DEBUG: GoGo-Acct-Output-Voice-Packets: [0]
2013-11-20 10:56:21,846: DEBUG: GoGo-Acct-Output-Voice-Octets: [0]
2013-11-20 10:56:21,846: DEBUG: Acct-Output-Gigawords: [0]
2013-11-20 10:56:21,846: DEBUG: GoGo-Total-Output-Voice-Packets: [0]
2013-11-20 10:56:21,847: DEBUG: Acct-Input-Gigawords: [0]
2013-11-20 10:56:21,847: DEBUG: Calling-Station-Id: [u'18:21:31:41:52:82']
2013-11-20 10:56:21,847: DEBUG: NAS-Port-Type: ['Wireless-802.11']
2013-11-20 10:56:21,847: DEBUG: GoGo-Total-Output-Voice-Octets: [0]
2013-11-20 10:56:21,847: DEBUG: GoGo-Private-IP-Address: ['192.168.1.179']
2013-11-20 10:56:21,847: DEBUG: GoGo-Acct-Input-Voice-Gigawords: [0]
2013-11-20 10:56:21,847: DEBUG: GoGo-Total-Input-Packets: [42634]
2013-11-20 10:56:21,847: DEBUG: GoGo-Total-Input-Gigawords: [0]
2013-11-20 10:56:21,847: DEBUG: GoGo-Acct-Input-Voice-Packets: [0]
2013-11-20 10:56:21,847: DEBUG: GoGo-Total-Input-Octets: [5633345]
2013-11-20 10:56:21,847: DEBUG: GoGo-Total-Output-Packets: [8613]
2013-11-20 10:56:21,847: DEBUG: WISPr-Location-ID: [u'airline=BA01,tail=01009,network=']
2013-11-20 10:56:21,847: DEBUG: GoGo-Acct-Output-Voice-Gigawords: [0]
2013-11-20 10:56:21,847: DEBUG: Acct-Input-Octets: [5633345]
2013-11-20 10:56:21,849: DEBUG: 

2013-11-20 10:56:21,849: DEBUG: Received response with following attributes:
2013-11-20 10:56:31,850: DEBUG: 

2013-11-20 10:56:31,851: DEBUG: Creating Accounting Update Request with the following Attributes:
2013-11-20 10:56:31,851: DEBUG: User-Name: [u'username51@airborne.aircell.com']
2013-11-20 10:56:31,851: DEBUG: GoGo-Tail-Number: [u'AAATestNAS_201']
2013-11-20 10:56:31,851: DEBUG: Acct-Output-Octets: [1344684]
2013-11-20 10:56:31,851: DEBUG: NAS-IP-Address: ['10.254.206.1']
2013-11-20 10:56:31,851: DEBUG: GoGo-Total-Output-Gigawords: [0]
2013-11-20 10:56:31,851: DEBUG: Framed-IP-Address: ['10.254.206.62']
2013-11-20 10:56:31,851: DEBUG: GoGo-Total-Input-Voice-Gigawords: [0]
2013-11-20 10:56:31,852: DEBUG: GoGo-Total-Output-Octets: [1344684]
2013-11-20 10:56:31,852: DEBUG: GoGo-Acct-Input-Voice-Octets: [0]
2013-11-20 10:56:31,852: DEBUG: GoGo-Total-Input-Voice-Packets: [0]
2013-11-20 10:56:31,852: DEBUG: Called-Station-Id: [u'00:16:3E:5D:01:9A']
2013-11-20 10:56:31,852: DEBUG: WISPr-Location-Name: [u'TEST LLC,BA01_01009']
2013-11-20 10:56:31,852: DEBUG: NAS-Identifier: [u'C08386']
2013-11-20 10:56:31,852: DEBUG: Proxy-State: ['3330,3132']
2013-11-20 10:56:31,852: DEBUG: GoGo-Total-Input-Voice-Octets: [0]
2013-11-20 10:56:31,852: DEBUG: Acct-Status-Type: ['Interim-Update']
2013-11-20 10:56:31,852: DEBUG: GoGo-Total-Output-Voice-Gigawords: [0]
2013-11-20 10:56:31,852: DEBUG: GoGo-Airline: [u'BA01']
2013-11-20 10:56:31,852: DEBUG: Acct-Session-Id: [u'AAATestNAS_201-1384925141821-00163E5D019A-1']
2013-11-20 10:56:31,852: DEBUG: Acct-Session-Time: [10]
2013-11-20 10:56:31,852: DEBUG: Acct-Input-Packets: [19686]
2013-11-20 10:56:31,853: DEBUG: Acct-Output-Packets: [9039]
2013-11-20 10:56:31,853: DEBUG: GoGo-Acct-Output-Voice-Packets: [0]
2013-11-20 10:56:31,853: DEBUG: GoGo-Acct-Output-Voice-Octets: [0]
2013-11-20 10:56:31,853: DEBUG: Acct-Output-Gigawords: [0]
2013-11-20 10:56:31,853: DEBUG: GoGo-Total-Output-Voice-Packets: [0]
2013-11-20 10:56:31,853: DEBUG: Acct-Input-Gigawords: [0]
2013-11-20 10:56:31,853: DEBUG: Calling-Station-Id: [u'18:21:31:41:52:82']
2013-11-20 10:56:31,853: DEBUG: NAS-Port-Type: ['Wireless-802.11']
2013-11-20 10:56:31,853: DEBUG: GoGo-Total-Output-Voice-Octets: [0]
2013-11-20 10:56:31,853: DEBUG: GoGo-Private-IP-Address: ['192.168.1.179']
2013-11-20 10:56:31,853: DEBUG: GoGo-Acct-Input-Voice-Gigawords: [0]
2013-11-20 10:56:31,853: DEBUG: GoGo-Total-Input-Packets: [19686]
2013-11-20 10:56:31,853: DEBUG: GoGo-Total-Input-Gigawords: [0]
2013-11-20 10:56:31,853: DEBUG: GoGo-Acct-Input-Voice-Packets: [0]
2013-11-20 10:56:31,853: DEBUG: GoGo-Total-Input-Octets: [9051914]
2013-11-20 10:56:31,854: DEBUG: GoGo-Total-Output-Packets: [9039]
2013-11-20 10:56:31,854: DEBUG: WISPr-Location-ID: [u'airline=BA01,tail=01009,network=']
2013-11-20 10:56:31,854: DEBUG: GoGo-Acct-Output-Voice-Gigawords: [0]
2013-11-20 10:56:31,854: DEBUG: Acct-Input-Octets: [9051914]
2013-11-20 10:56:31,855: DEBUG: 

2013-11-20 10:56:31,855: DEBUG: Received response with following attributes:
2013-11-20 10:56:41,856: DEBUG: 

2013-11-20 10:56:41,857: DEBUG: Creating Accounting Update Request with the following Attributes:
2013-11-20 10:56:41,857: DEBUG: User-Name: [u'username51@airborne.aircell.com']
2013-11-20 10:56:41,857: DEBUG: GoGo-Tail-Number: [u'AAATestNAS_201']
2013-11-20 10:56:41,857: DEBUG: Acct-Output-Octets: [4657695]
2013-11-20 10:56:41,857: DEBUG: NAS-IP-Address: ['10.254.206.1']
2013-11-20 10:56:41,857: DEBUG: GoGo-Total-Output-Gigawords: [0]
2013-11-20 10:56:41,858: DEBUG: Framed-IP-Address: ['10.254.206.62']
2013-11-20 10:56:41,858: DEBUG: GoGo-Total-Input-Voice-Gigawords: [0]
2013-11-20 10:56:41,858: DEBUG: GoGo-Total-Output-Octets: [4657695]
2013-11-20 10:56:41,858: DEBUG: GoGo-Acct-Input-Voice-Octets: [0]
2013-11-20 10:56:41,858: DEBUG: GoGo-Total-Input-Voice-Packets: [0]
2013-11-20 10:56:41,858: DEBUG: Called-Station-Id: [u'00:16:3E:5D:01:9A']
2013-11-20 10:56:41,858: DEBUG: WISPr-Location-Name: [u'TEST LLC,BA01_01009']
2013-11-20 10:56:41,858: DEBUG: NAS-Identifier: [u'C08386']
2013-11-20 10:56:41,858: DEBUG: Proxy-State: ['3330,3132']
2013-11-20 10:56:41,858: DEBUG: GoGo-Total-Input-Voice-Octets: [0]
2013-11-20 10:56:41,858: DEBUG: Acct-Status-Type: ['Interim-Update']
2013-11-20 10:56:41,858: DEBUG: GoGo-Total-Output-Voice-Gigawords: [0]
2013-11-20 10:56:41,858: DEBUG: GoGo-Airline: [u'BA01']
2013-11-20 10:56:41,874: DEBUG: Acct-Session-Id: [u'AAATestNAS_201-1384925141821-00163E5D019A-1']
2013-11-20 10:56:41,874: DEBUG: Acct-Session-Time: [10]
2013-11-20 10:56:41,874: DEBUG: Acct-Input-Packets: [13132]
2013-11-20 10:56:41,874: DEBUG: Acct-Output-Packets: [34849]
2013-11-20 10:56:41,874: DEBUG: GoGo-Acct-Output-Voice-Packets: [0]
2013-11-20 10:56:41,874: DEBUG: GoGo-Acct-Output-Voice-Octets: [0]
2013-11-20 10:56:41,874: DEBUG: Acct-Output-Gigawords: [0]
2013-11-20 10:56:41,874: DEBUG: GoGo-Total-Output-Voice-Packets: [0]
2013-11-20 10:56:41,874: DEBUG: Acct-Input-Gigawords: [0]
2013-11-20 10:56:41,874: DEBUG: Calling-Station-Id: [u'18:21:31:41:52:82']
2013-11-20 10:56:41,874: DEBUG: NAS-Port-Type: ['Wireless-802.11']
2013-11-20 10:56:41,875: DEBUG: GoGo-Total-Output-Voice-Octets: [0]
2013-11-20 10:56:41,875: DEBUG: GoGo-Private-IP-Address: ['192.168.1.179']
2013-11-20 10:56:41,875: DEBUG: GoGo-Acct-Input-Voice-Gigawords: [0]
2013-11-20 10:56:41,875: DEBUG: GoGo-Total-Input-Packets: [13132]
2013-11-20 10:56:41,875: DEBUG: GoGo-Total-Input-Gigawords: [0]
2013-11-20 10:56:41,875: DEBUG: GoGo-Acct-Input-Voice-Packets: [0]
2013-11-20 10:56:41,875: DEBUG: GoGo-Total-Input-Octets: [2179993]
2013-11-20 10:56:41,875: DEBUG: GoGo-Total-Output-Packets: [34849]
2013-11-20 10:56:41,875: DEBUG: WISPr-Location-ID: [u'airline=BA01,tail=01009,network=']
2013-11-20 10:56:41,875: DEBUG: GoGo-Acct-Output-Voice-Gigawords: [0]
2013-11-20 10:56:41,875: DEBUG: Acct-Input-Octets: [2179993]
2013-11-20 10:56:41,877: DEBUG: 

2013-11-20 10:56:41,877: DEBUG: Received response with following attributes:
2013-11-20 10:57:10,878: DEBUG: 

2013-11-20 10:57:10,879: DEBUG: Creating Accounting Stop Request with the following Attributes:
2013-11-20 10:57:10,880: DEBUG: User-Name: [u'username51@airborne.aircell.com']
2013-11-20 10:57:10,880: DEBUG: GoGo-Tail-Number: [u'01009']
2013-11-20 10:57:10,880: DEBUG: Acct-Output-Octets: [8250442]
2013-11-20 10:57:10,880: DEBUG: NAS-IP-Address: ['10.254.206.1']
2013-11-20 10:57:10,880: DEBUG: GoGo-Total-Output-Gigawords: [0]
2013-11-20 10:57:10,880: DEBUG: Framed-IP-Address: ['10.254.206.62']
2013-11-20 10:57:10,881: DEBUG: GoGo-Total-Input-Voice-Gigawords: [0]
2013-11-20 10:57:10,881: DEBUG: GoGo-Total-Output-Octets: [8250442]
2013-11-20 10:57:10,881: DEBUG: GoGo-Acct-Input-Voice-Octets: [0]
2013-11-20 10:57:10,881: DEBUG: GoGo-Total-Input-Voice-Packets: [0]
2013-11-20 10:57:10,881: DEBUG: Called-Station-Id: [u'00:16:3E:5D:01:9A']
2013-11-20 10:57:10,881: DEBUG: WISPr-Location-Name: [u'TEST LLC,BA01_01009']
2013-11-20 10:57:10,881: DEBUG: NAS-Identifier: [u'C08386']
2013-11-20 10:57:10,882: DEBUG: Proxy-State: ['3330,3132']
2013-11-20 10:57:10,882: DEBUG: GoGo-Total-Input-Voice-Octets: [0]
2013-11-20 10:57:10,882: DEBUG: Acct-Status-Type: ['Stop']
2013-11-20 10:57:10,882: DEBUG: GoGo-Total-Output-Voice-Gigawords: [0]
2013-11-20 10:57:10,882: DEBUG: GoGo-Airline: [u'BA01']
2013-11-20 10:57:10,882: DEBUG: Acct-Session-Id: [u'AAATestNAS_201-1384925141821-00163E5D019A-1']
2013-11-20 10:57:10,882: DEBUG: Acct-Session-Time: [29]
2013-11-20 10:57:10,883: DEBUG: Acct-Input-Packets: [18271]
2013-11-20 10:57:10,883: DEBUG: Acct-Output-Packets: [68297]
2013-11-20 10:57:10,883: DEBUG: Acct-Terminate-Cause: ['User-Request']
2013-11-20 10:57:10,883: DEBUG: GoGo-Acct-Output-Voice-Octets: [0]
2013-11-20 10:57:10,883: DEBUG: Acct-Output-Gigawords: [0]
2013-11-20 10:57:10,883: DEBUG: GoGo-Total-Output-Voice-Packets: [0]
2013-11-20 10:57:10,883: DEBUG: Acct-Input-Gigawords: [0]
2013-11-20 10:57:10,883: DEBUG: Calling-Station-Id: [u'18:21:31:41:52:82']
2013-11-20 10:57:10,884: DEBUG: NAS-Port-Type: ['Wireless-802.11']
2013-11-20 10:57:10,884: DEBUG: GoGo-Total-Output-Voice-Octets: [0]
2013-11-20 10:57:10,884: DEBUG: GoGo-Private-IP-Address: ['192.168.1.179']
2013-11-20 10:57:10,884: DEBUG: GoGo-Acct-Input-Voice-Gigawords: [0]
2013-11-20 10:57:10,884: DEBUG: GoGo-Total-Input-Packets: [18271]
2013-11-20 10:57:10,884: DEBUG: GoGo-Total-Input-Gigawords: [0]
2013-11-20 10:57:10,884: DEBUG: GoGo-Acct-Input-Voice-Packets: [0]
2013-11-20 10:57:10,884: DEBUG: GoGo-Total-Input-Octets: [3453628]
2013-11-20 10:57:10,885: DEBUG: GoGo-Total-Output-Packets: [68297]
2013-11-20 10:57:10,885: DEBUG: WISPr-Location-ID: [u'airline=BA01,tail=01009,network=']
2013-11-20 10:57:10,885: DEBUG: GoGo-Acct-Output-Voice-Packets: [0]
2013-11-20 10:57:10,885: DEBUG: GoGo-Acct-Output-Voice-Gigawords: [0]
2013-11-20 10:57:10,885: DEBUG: Acct-Input-Octets: [3453628]
2013-11-20 10:57:10,887: DEBUG: 

2013-11-20 10:57:10,887: DEBUG: Received response with following attributes:
2013-11-20 10:57:10,887: DEBUG: Ending the test for this user
2013-11-20 10:57:11,493: DEBUG: Starting the client for the user username51@airborne.aircell.com to the server localhost

2013-11-20 10:57:11,493: DEBUG: DURATION of the TEST: 83
2013-11-20 10:57:11,493: DEBUG: NAS-IP: 10.254.241.1
2013-11-20 10:57:11,493: DEBUG: NAS-MAC-ADDR: 19:21:31:41:52:18
2013-11-20 10:57:11,493: DEBUG: Abruptly End: False
2013-11-20 10:57:11,493: DEBUG: Framed-IP: 10.254.241.117
2013-11-20 10:57:11,493: DEBUG: User-MAC-Addr: 00:16:3E:21:ED:2A
2013-11-20 10:57:11,493: DEBUG: 

2013-11-20 10:57:11,494: DEBUG: Creating Authentication Request with the following Attributes:
2013-11-20 10:57:11,494: DEBUG: NAS-Identifier: [u'C08386']
2013-11-20 10:57:11,494: DEBUG: User-Name: [u'username51@airborne.aircell.com']
2013-11-20 10:57:11,494: DEBUG: NAS-IP-Address: ['10.254.241.1']
2013-11-20 10:57:11,494: DEBUG: Service-Type: ['Authenticate-Only']
2013-11-20 10:57:11,494: DEBUG: Proxy-State: ['3237,3134']
2013-11-20 10:57:11,495: DEBUG: Framed-IP-Address: ['10.254.241.117']
2013-11-20 10:57:11,495: DEBUG: GoGo-Airline: [u'BA01']
2013-11-20 10:57:11,495: DEBUG: Acct-Session-Id: [u'AAATestNAS_236-1384925231494-00163E21ED2A-1']
2013-11-20 10:57:11,495: DEBUG: GoGo-Tail-Number: [u'AAATestNAS_236']
2013-11-20 10:57:11,495: DEBUG: GoGo-Private-IP-Address: ['192.168.1.179']
2013-11-20 10:57:11,495: DEBUG: WISPr-Location-ID: [u'airline=BA01,tail=01009,network=']
2013-11-20 10:57:11,495: DEBUG: WISPr-Location-Name: [u'TEST LLC,BA01_01009']
2013-11-20 10:57:11,495: DEBUG: NAS-Port-Type: ['Wireless-802.11']
2013-11-20 10:57:11,496: DEBUG: Called-Station-Id: [u'00:16:3E:21:ED:2A']
2013-11-20 10:57:11,496: DEBUG: Calling-Station-Id: [u'19:21:31:41:52:18']
2013-11-20 10:57:11,497: DEBUG: 

2013-11-20 10:57:11,497: DEBUG: Received response with code: 2, Accepted
2013-11-20 10:57:11,497: DEBUG: Creating Authentication Request with the following Attributes:
2013-11-20 10:57:11,498: DEBUG: NAS-Identifier: [u'C08386']
2013-11-20 10:57:11,498: DEBUG: User-Name: [u'username51@airborne.aircell.com']
2013-11-20 10:57:11,498: DEBUG: NAS-IP-Address: ['10.254.241.1']
2013-11-20 10:57:11,498: DEBUG: Service-Type: ['Login-User']
2013-11-20 10:57:11,498: DEBUG: Proxy-State: ['3237,3134']
2013-11-20 10:57:11,498: DEBUG: Framed-IP-Address: ['10.254.241.117']
2013-11-20 10:57:11,498: DEBUG: GoGo-Airline: [u'BA01']
2013-11-20 10:57:11,498: DEBUG: Acct-Session-Id: [u'AAATestNAS_236-1384925231497-00163E21ED2A-1']
2013-11-20 10:57:11,498: DEBUG: GoGo-Tail-Number: [u'AAATestNAS_236']
2013-11-20 10:57:11,499: DEBUG: GoGo-Private-IP-Address: ['192.168.1.179']
2013-11-20 10:57:11,499: DEBUG: WISPr-Location-ID: [u'airline=BA01,tail=01009,network=']
2013-11-20 10:57:11,499: DEBUG: WISPr-Location-Name: [u'TEST LLC,BA01_01009']
2013-11-20 10:57:11,499: DEBUG: NAS-Port-Type: ['Wireless-802.11']
2013-11-20 10:57:11,499: DEBUG: Called-Station-Id: [u'00:16:3E:21:ED:2A']
2013-11-20 10:57:11,499: DEBUG: Calling-Station-Id: [u'19:21:31:41:52:18']
2013-11-20 10:57:11,500: DEBUG: 

2013-11-20 10:57:11,500: DEBUG: Received response with code: 2, Accepted
2013-11-20 10:57:11,500: DEBUG: 

2013-11-20 10:57:11,501: DEBUG: Creating Accounting start Request with the following Attributes:
2013-11-20 10:57:11,501: DEBUG: NAS-Identifier: [u'C08386']
2013-11-20 10:57:11,501: DEBUG: User-Name: [u'username51@airborne.aircell.com']
2013-11-20 10:57:11,501: DEBUG: GoGo-Tail-Number: [u'AAATestNAS_236']
2013-11-20 10:57:11,501: DEBUG: NAS-IP-Address: ['10.254.241.1']
2013-11-20 10:57:11,501: DEBUG: Proxy-State: ['3239,3131']
2013-11-20 10:57:11,501: DEBUG: Acct-Status-Type: ['Start']
2013-11-20 10:57:11,501: DEBUG: GoGo-Airline: [u'BA01']
2013-11-20 10:57:11,501: DEBUG: Acct-Session-Id: [u'AAATestNAS_236-1384925231497-00163E21ED2A-1']
2013-11-20 10:57:11,502: DEBUG: GoGo-Private-IP-Address: ['192.168.1.179']
2013-11-20 10:57:11,502: DEBUG: Framed-IP-Address: ['10.254.241.117']
2013-11-20 10:57:11,502: DEBUG: WISPr-Location-ID: [u'airline=BA01,tail=01009,network=']
2013-11-20 10:57:11,502: DEBUG: WISPr-Location-Name: [u'TEST LLC,BA01_01009']
2013-11-20 10:57:11,502: DEBUG: NAS-Port-Type: ['Wireless-802.11']
2013-11-20 10:57:11,502: DEBUG: Called-Station-Id: [u'00:16:3E:21:ED:2A']
2013-11-20 10:57:11,502: DEBUG: Calling-Station-Id: [u'19:21:31:41:52:18']
2013-11-20 10:57:11,503: DEBUG: 

2013-11-20 10:57:11,503: DEBUG: Received response with following attributes:
2013-11-20 10:57:21,505: DEBUG: 

2013-11-20 10:57:21,506: DEBUG: Creating Accounting Update Request with the following Attributes:
2013-11-20 10:57:21,506: DEBUG: User-Name: [u'username51@airborne.aircell.com']
2013-11-20 10:57:21,507: DEBUG: GoGo-Tail-Number: [u'AAATestNAS_236']
2013-11-20 10:57:21,507: DEBUG: Acct-Output-Octets: [4311895]
2013-11-20 10:57:21,507: DEBUG: NAS-IP-Address: ['10.254.241.1']
2013-11-20 10:57:21,507: DEBUG: GoGo-Total-Output-Gigawords: [0]
2013-11-20 10:57:21,508: DEBUG: Framed-IP-Address: ['10.254.241.117']
2013-11-20 10:57:21,508: DEBUG: GoGo-Total-Input-Voice-Gigawords: [0]
2013-11-20 10:57:21,509: DEBUG: GoGo-Total-Output-Octets: [4311895]
2013-11-20 10:57:21,510: DEBUG: GoGo-Acct-Input-Voice-Octets: [0]
2013-11-20 10:57:21,510: DEBUG: GoGo-Total-Input-Voice-Packets: [0]
2013-11-20 10:57:21,511: DEBUG: Called-Station-Id: [u'00:16:3E:21:ED:2A']
2013-11-20 10:57:21,511: DEBUG: WISPr-Location-Name: [u'TEST LLC,BA01_01009']
2013-11-20 10:57:21,512: DEBUG: NAS-Identifier: [u'C08386']
2013-11-20 10:57:21,512: DEBUG: Proxy-State: ['3330,3132']
2013-11-20 10:57:21,513: DEBUG: GoGo-Total-Input-Voice-Octets: [0]
2013-11-20 10:57:21,513: DEBUG: Acct-Status-Type: ['Interim-Update']
2013-11-20 10:57:21,513: DEBUG: GoGo-Total-Output-Voice-Gigawords: [0]
2013-11-20 10:57:21,514: DEBUG: GoGo-Airline: [u'BA01']
2013-11-20 10:57:21,514: DEBUG: Acct-Session-Id: [u'AAATestNAS_236-1384925231497-00163E21ED2A-1']
2013-11-20 10:57:21,514: DEBUG: Acct-Session-Time: [10]
2013-11-20 10:57:21,515: DEBUG: Acct-Input-Packets: [17233]
2013-11-20 10:57:21,515: DEBUG: Acct-Output-Packets: [9240]
2013-11-20 10:57:21,516: DEBUG: GoGo-Acct-Output-Voice-Packets: [0]
2013-11-20 10:57:21,516: DEBUG: GoGo-Acct-Output-Voice-Octets: [0]
2013-11-20 10:57:21,517: DEBUG: Acct-Output-Gigawords: [0]
2013-11-20 10:57:21,517: DEBUG: GoGo-Total-Output-Voice-Packets: [0]
2013-11-20 10:57:21,518: DEBUG: Acct-Input-Gigawords: [0]
2013-11-20 10:57:21,518: DEBUG: Calling-Station-Id: [u'19:21:31:41:52:18']
2013-11-20 10:57:21,519: DEBUG: NAS-Port-Type: ['Wireless-802.11']
2013-11-20 10:57:21,520: DEBUG: GoGo-Total-Output-Voice-Octets: [0]
2013-11-20 10:57:21,521: DEBUG: GoGo-Private-IP-Address: ['192.168.1.179']
2013-11-20 10:57:21,522: DEBUG: GoGo-Acct-Input-Voice-Gigawords: [0]
2013-11-20 10:57:21,522: DEBUG: GoGo-Total-Input-Packets: [17233]
2013-11-20 10:57:21,522: DEBUG: GoGo-Total-Input-Gigawords: [0]
2013-11-20 10:57:21,523: DEBUG: GoGo-Acct-Input-Voice-Packets: [0]
2013-11-20 10:57:21,523: DEBUG: GoGo-Total-Input-Octets: [8093637]
2013-11-20 10:57:21,524: DEBUG: GoGo-Total-Output-Packets: [9240]
2013-11-20 10:57:21,524: DEBUG: WISPr-Location-ID: [u'airline=BA01,tail=01009,network=']
2013-11-20 10:57:21,525: DEBUG: GoGo-Acct-Output-Voice-Gigawords: [0]
2013-11-20 10:57:21,526: DEBUG: Acct-Input-Octets: [8093637]
2013-11-20 10:57:21,528: DEBUG: 

2013-11-20 10:57:21,529: DEBUG: Received response with following attributes:
2013-11-20 10:57:31,530: DEBUG: 

2013-11-20 10:57:31,530: DEBUG: Creating Accounting Update Request with the following Attributes:
2013-11-20 10:57:31,531: DEBUG: User-Name: [u'username51@airborne.aircell.com']
2013-11-20 10:57:31,531: DEBUG: GoGo-Tail-Number: [u'AAATestNAS_236']
2013-11-20 10:57:31,532: DEBUG: Acct-Output-Octets: [6829093]
2013-11-20 10:57:31,532: DEBUG: NAS-IP-Address: ['10.254.241.1']
2013-11-20 10:57:31,533: DEBUG: GoGo-Total-Output-Gigawords: [0]
2013-11-20 10:57:31,533: DEBUG: Framed-IP-Address: ['10.254.241.117']
2013-11-20 10:57:31,534: DEBUG: GoGo-Total-Input-Voice-Gigawords: [0]
2013-11-20 10:57:31,535: DEBUG: GoGo-Total-Output-Octets: [6829093]
2013-11-20 10:57:31,535: DEBUG: GoGo-Acct-Input-Voice-Octets: [0]
2013-11-20 10:57:31,535: DEBUG: GoGo-Total-Input-Voice-Packets: [0]
2013-11-20 10:57:31,537: DEBUG: Called-Station-Id: [u'00:16:3E:21:ED:2A']
2013-11-20 10:57:31,537: DEBUG: WISPr-Location-Name: [u'TEST LLC,BA01_01009']
2013-11-20 10:57:31,538: DEBUG: NAS-Identifier: [u'C08386']
2013-11-20 10:57:31,538: DEBUG: Proxy-State: ['3330,3132']
2013-11-20 10:57:31,539: DEBUG: GoGo-Total-Input-Voice-Octets: [0]
2013-11-20 10:57:31,540: DEBUG: Acct-Status-Type: ['Interim-Update']
2013-11-20 10:57:31,541: DEBUG: GoGo-Total-Output-Voice-Gigawords: [0]
2013-11-20 10:57:31,542: DEBUG: GoGo-Airline: [u'BA01']
2013-11-20 10:57:31,542: DEBUG: Acct-Session-Id: [u'AAATestNAS_236-1384925231497-00163E21ED2A-1']
2013-11-20 10:57:31,543: DEBUG: Acct-Session-Time: [10]
2013-11-20 10:57:31,543: DEBUG: Acct-Input-Packets: [12197]
2013-11-20 10:57:31,543: DEBUG: Acct-Output-Packets: [28301]
2013-11-20 10:57:31,544: DEBUG: GoGo-Acct-Output-Voice-Packets: [0]
2013-11-20 10:57:31,544: DEBUG: GoGo-Acct-Output-Voice-Octets: [0]
2013-11-20 10:57:31,545: DEBUG: Acct-Output-Gigawords: [0]
2013-11-20 10:57:31,545: DEBUG: GoGo-Total-Output-Voice-Packets: [0]
2013-11-20 10:57:31,545: DEBUG: Acct-Input-Gigawords: [0]
2013-11-20 10:57:31,546: DEBUG: Calling-Station-Id: [u'19:21:31:41:52:18']
2013-11-20 10:57:31,546: DEBUG: NAS-Port-Type: ['Wireless-802.11']
2013-11-20 10:57:31,546: DEBUG: GoGo-Total-Output-Voice-Octets: [0]
2013-11-20 10:57:31,547: DEBUG: GoGo-Private-IP-Address: ['192.168.1.179']
2013-11-20 10:57:31,547: DEBUG: GoGo-Acct-Input-Voice-Gigawords: [0]
2013-11-20 10:57:31,547: DEBUG: GoGo-Total-Input-Packets: [12197]
2013-11-20 10:57:31,548: DEBUG: GoGo-Total-Input-Gigawords: [0]
2013-11-20 10:57:31,549: DEBUG: GoGo-Acct-Input-Voice-Packets: [0]
2013-11-20 10:57:31,549: DEBUG: GoGo-Total-Input-Octets: [8320115]
2013-11-20 10:57:31,550: DEBUG: GoGo-Total-Output-Packets: [28301]
2013-11-20 10:57:31,550: DEBUG: WISPr-Location-ID: [u'airline=BA01,tail=01009,network=']
2013-11-20 10:57:31,551: DEBUG: GoGo-Acct-Output-Voice-Gigawords: [0]
2013-11-20 10:57:31,551: DEBUG: Acct-Input-Octets: [8320115]
2013-11-20 10:57:31,552: ERROR: Network error, Reason: 'Network error: nodename nor servname provided, or not known'
2013-11-20 10:57:41,553: DEBUG: 

2013-11-20 10:57:41,554: DEBUG: Creating Accounting Update Request with the following Attributes:
2013-11-20 10:57:41,554: DEBUG: User-Name: [u'username51@airborne.aircell.com']
2013-11-20 10:57:41,554: DEBUG: GoGo-Tail-Number: [u'AAATestNAS_236']
2013-11-20 10:57:41,554: DEBUG: Acct-Output-Octets: [6136936]
2013-11-20 10:57:41,555: DEBUG: NAS-IP-Address: ['10.254.241.1']
2013-11-20 10:57:41,555: DEBUG: GoGo-Total-Output-Gigawords: [0]
2013-11-20 10:57:41,555: DEBUG: Framed-IP-Address: ['10.254.241.117']
2013-11-20 10:57:41,555: DEBUG: GoGo-Total-Input-Voice-Gigawords: [0]
2013-11-20 10:57:41,555: DEBUG: GoGo-Total-Output-Octets: [6136936]
2013-11-20 10:57:41,556: DEBUG: GoGo-Acct-Input-Voice-Octets: [0]
2013-11-20 10:57:41,556: DEBUG: GoGo-Total-Input-Voice-Packets: [0]
2013-11-20 10:57:41,556: DEBUG: Called-Station-Id: [u'00:16:3E:21:ED:2A']
2013-11-20 10:57:41,556: DEBUG: WISPr-Location-Name: [u'TEST LLC,BA01_01009']
2013-11-20 10:57:41,556: DEBUG: NAS-Identifier: [u'C08386']
2013-11-20 10:57:41,556: DEBUG: Proxy-State: ['3330,3132']
2013-11-20 10:57:41,556: DEBUG: GoGo-Total-Input-Voice-Octets: [0]
2013-11-20 10:57:41,556: DEBUG: Acct-Status-Type: ['Interim-Update']
2013-11-20 10:57:41,556: DEBUG: GoGo-Total-Output-Voice-Gigawords: [0]
2013-11-20 10:57:41,557: DEBUG: GoGo-Airline: [u'BA01']
2013-11-20 10:57:41,557: DEBUG: Acct-Session-Id: [u'AAATestNAS_236-1384925231497-00163E21ED2A-1']
2013-11-20 10:57:41,557: DEBUG: Acct-Session-Time: [10]
2013-11-20 10:57:41,557: DEBUG: Acct-Input-Packets: [36104]
2013-11-20 10:57:41,557: DEBUG: Acct-Output-Packets: [36547]
2013-11-20 10:57:41,557: DEBUG: GoGo-Acct-Output-Voice-Packets: [0]
2013-11-20 10:57:41,557: DEBUG: GoGo-Acct-Output-Voice-Octets: [0]
2013-11-20 10:57:41,557: DEBUG: Acct-Output-Gigawords: [0]
2013-11-20 10:57:41,557: DEBUG: GoGo-Total-Output-Voice-Packets: [0]
2013-11-20 10:57:41,557: DEBUG: Acct-Input-Gigawords: [0]
2013-11-20 10:57:41,558: DEBUG: Calling-Station-Id: [u'19:21:31:41:52:18']
2013-11-20 10:57:41,558: DEBUG: NAS-Port-Type: ['Wireless-802.11']
2013-11-20 10:57:41,558: DEBUG: GoGo-Total-Output-Voice-Octets: [0]
2013-11-20 10:57:41,558: DEBUG: GoGo-Private-IP-Address: ['192.168.1.179']
2013-11-20 10:57:41,558: DEBUG: GoGo-Acct-Input-Voice-Gigawords: [0]
2013-11-20 10:57:41,558: DEBUG: GoGo-Total-Input-Packets: [36104]
2013-11-20 10:57:41,558: DEBUG: GoGo-Total-Input-Gigawords: [0]
2013-11-20 10:57:41,558: DEBUG: GoGo-Acct-Input-Voice-Packets: [0]
2013-11-20 10:57:41,558: DEBUG: GoGo-Total-Input-Octets: [4697028]
2013-11-20 10:57:41,559: DEBUG: GoGo-Total-Output-Packets: [36547]
2013-11-20 10:57:41,559: DEBUG: WISPr-Location-ID: [u'airline=BA01,tail=01009,network=']
2013-11-20 10:57:41,559: DEBUG: GoGo-Acct-Output-Voice-Gigawords: [0]
2013-11-20 10:57:41,559: DEBUG: Acct-Input-Octets: [4697028]
2013-11-20 10:57:41,559: ERROR: Network error, Reason: 'Network error: nodename nor servname provided, or not known'
2013-11-20 10:57:51,560: DEBUG: 

2013-11-20 10:57:51,561: DEBUG: Creating Accounting Update Request with the following Attributes:
2013-11-20 10:57:51,561: DEBUG: User-Name: [u'username51@airborne.aircell.com']
2013-11-20 10:57:51,561: DEBUG: GoGo-Tail-Number: [u'AAATestNAS_236']
2013-11-20 10:57:51,561: DEBUG: Acct-Output-Octets: [3716352]
2013-11-20 10:57:51,561: DEBUG: NAS-IP-Address: ['10.254.241.1']
2013-11-20 10:57:51,561: DEBUG: GoGo-Total-Output-Gigawords: [0]
2013-11-20 10:57:51,561: DEBUG: Framed-IP-Address: ['10.254.241.117']
2013-11-20 10:57:51,561: DEBUG: GoGo-Total-Input-Voice-Gigawords: [0]
2013-11-20 10:57:51,562: DEBUG: GoGo-Total-Output-Octets: [3716352]
2013-11-20 10:57:51,562: DEBUG: GoGo-Acct-Input-Voice-Octets: [0]
2013-11-20 10:57:51,562: DEBUG: GoGo-Total-Input-Voice-Packets: [0]
2013-11-20 10:57:51,562: DEBUG: Called-Station-Id: [u'00:16:3E:21:ED:2A']
2013-11-20 10:57:51,562: DEBUG: WISPr-Location-Name: [u'TEST LLC,BA01_01009']
2013-11-20 10:57:51,562: DEBUG: NAS-Identifier: [u'C08386']
2013-11-20 10:57:51,562: DEBUG: Proxy-State: ['3330,3132']
2013-11-20 10:57:51,562: DEBUG: GoGo-Total-Input-Voice-Octets: [0]
2013-11-20 10:57:51,562: DEBUG: Acct-Status-Type: ['Interim-Update']
2013-11-20 10:57:51,563: DEBUG: GoGo-Total-Output-Voice-Gigawords: [0]
2013-11-20 10:57:51,563: DEBUG: GoGo-Airline: [u'BA01']
2013-11-20 10:57:51,563: DEBUG: Acct-Session-Id: [u'AAATestNAS_236-1384925231497-00163E21ED2A-1']
2013-11-20 10:57:51,563: DEBUG: Acct-Session-Time: [10]
2013-11-20 10:57:51,563: DEBUG: Acct-Input-Packets: [15121]
2013-11-20 10:57:51,563: DEBUG: Acct-Output-Packets: [28467]
2013-11-20 10:57:51,563: DEBUG: GoGo-Acct-Output-Voice-Packets: [0]
2013-11-20 10:57:51,563: DEBUG: GoGo-Acct-Output-Voice-Octets: [0]
2013-11-20 10:57:51,563: DEBUG: Acct-Output-Gigawords: [0]
2013-11-20 10:57:51,563: DEBUG: GoGo-Total-Output-Voice-Packets: [0]
2013-11-20 10:57:51,564: DEBUG: Acct-Input-Gigawords: [0]
2013-11-20 10:57:51,564: DEBUG: Calling-Station-Id: [u'19:21:31:41:52:18']
2013-11-20 10:57:51,564: DEBUG: NAS-Port-Type: ['Wireless-802.11']
2013-11-20 10:57:51,564: DEBUG: GoGo-Total-Output-Voice-Octets: [0]
2013-11-20 10:57:51,564: DEBUG: GoGo-Private-IP-Address: ['192.168.1.179']
2013-11-20 10:57:51,564: DEBUG: GoGo-Acct-Input-Voice-Gigawords: [0]
2013-11-20 10:57:51,564: DEBUG: GoGo-Total-Input-Packets: [15121]
2013-11-20 10:57:51,564: DEBUG: GoGo-Total-Input-Gigawords: [0]
2013-11-20 10:57:51,564: DEBUG: GoGo-Acct-Input-Voice-Packets: [0]
2013-11-20 10:57:51,564: DEBUG: GoGo-Total-Input-Octets: [2573653]
2013-11-20 10:57:51,565: DEBUG: GoGo-Total-Output-Packets: [28467]
2013-11-20 10:57:51,565: DEBUG: WISPr-Location-ID: [u'airline=BA01,tail=01009,network=']
2013-11-20 10:57:51,565: DEBUG: GoGo-Acct-Output-Voice-Gigawords: [0]
2013-11-20 10:57:51,565: DEBUG: Acct-Input-Octets: [2573653]
2013-11-20 10:57:51,565: ERROR: Network error, Reason: 'Network error: nodename nor servname provided, or not known'
2013-11-20 10:58:01,566: DEBUG: 

2013-11-20 10:58:01,567: DEBUG: Creating Accounting Update Request with the following Attributes:
2013-11-20 10:58:01,567: DEBUG: User-Name: [u'username51@airborne.aircell.com']
2013-11-20 10:58:01,567: DEBUG: GoGo-Tail-Number: [u'AAATestNAS_236']
2013-11-20 10:58:01,567: DEBUG: Acct-Output-Octets: [6255721]
2013-11-20 10:58:01,567: DEBUG: NAS-IP-Address: ['10.254.241.1']
2013-11-20 10:58:01,567: DEBUG: GoGo-Total-Output-Gigawords: [0]
2013-11-20 10:58:01,568: DEBUG: Framed-IP-Address: ['10.254.241.117']
2013-11-20 10:58:01,568: DEBUG: GoGo-Total-Input-Voice-Gigawords: [0]
2013-11-20 10:58:01,568: DEBUG: GoGo-Total-Output-Octets: [6255721]
2013-11-20 10:58:01,568: DEBUG: GoGo-Acct-Input-Voice-Octets: [0]
2013-11-20 10:58:01,568: DEBUG: GoGo-Total-Input-Voice-Packets: [0]
2013-11-20 10:58:01,568: DEBUG: Called-Station-Id: [u'00:16:3E:21:ED:2A']
2013-11-20 10:58:01,568: DEBUG: WISPr-Location-Name: [u'TEST LLC,BA01_01009']
2013-11-20 10:58:01,568: DEBUG: NAS-Identifier: [u'C08386']
2013-11-20 10:58:01,568: DEBUG: Proxy-State: ['3330,3132']
2013-11-20 10:58:01,569: DEBUG: GoGo-Total-Input-Voice-Octets: [0]
2013-11-20 10:58:01,569: DEBUG: Acct-Status-Type: ['Interim-Update']
2013-11-20 10:58:01,569: DEBUG: GoGo-Total-Output-Voice-Gigawords: [0]
2013-11-20 10:58:01,569: DEBUG: GoGo-Airline: [u'BA01']
2013-11-20 10:58:01,569: DEBUG: Acct-Session-Id: [u'AAATestNAS_236-1384925231497-00163E21ED2A-1']
2013-11-20 10:58:01,569: DEBUG: Acct-Session-Time: [10]
2013-11-20 10:58:01,569: DEBUG: Acct-Input-Packets: [6316]
2013-11-20 10:58:01,569: DEBUG: Acct-Output-Packets: [43533]
2013-11-20 10:58:01,569: DEBUG: GoGo-Acct-Output-Voice-Packets: [0]
2013-11-20 10:58:01,570: DEBUG: GoGo-Acct-Output-Voice-Octets: [0]
2013-11-20 10:58:01,570: DEBUG: Acct-Output-Gigawords: [0]
2013-11-20 10:58:01,570: DEBUG: GoGo-Total-Output-Voice-Packets: [0]
2013-11-20 10:58:01,570: DEBUG: Acct-Input-Gigawords: [0]
2013-11-20 10:58:01,570: DEBUG: Calling-Station-Id: [u'19:21:31:41:52:18']
2013-11-20 10:58:01,570: DEBUG: NAS-Port-Type: ['Wireless-802.11']
2013-11-20 10:58:01,570: DEBUG: GoGo-Total-Output-Voice-Octets: [0]
2013-11-20 10:58:01,570: DEBUG: GoGo-Private-IP-Address: ['192.168.1.179']
2013-11-20 10:58:01,570: DEBUG: GoGo-Acct-Input-Voice-Gigawords: [0]
2013-11-20 10:58:01,571: DEBUG: GoGo-Total-Input-Packets: [6316]
2013-11-20 10:58:01,571: DEBUG: GoGo-Total-Input-Gigawords: [0]
2013-11-20 10:58:01,571: DEBUG: GoGo-Acct-Input-Voice-Packets: [0]
2013-11-20 10:58:01,571: DEBUG: GoGo-Total-Input-Octets: [4257475]
2013-11-20 10:58:01,571: DEBUG: GoGo-Total-Output-Packets: [43533]
2013-11-20 10:58:01,571: DEBUG: WISPr-Location-ID: [u'airline=BA01,tail=01009,network=']
2013-11-20 10:58:01,571: DEBUG: GoGo-Acct-Output-Voice-Gigawords: [0]
2013-11-20 10:58:01,572: DEBUG: Acct-Input-Octets: [4257475]
2013-11-20 10:58:01,572: ERROR: Network error, Reason: 'Network error: nodename nor servname provided, or not known'
2013-11-20 10:58:11,572: DEBUG: 

2013-11-20 10:58:11,573: DEBUG: Creating Accounting Update Request with the following Attributes:
2013-11-20 10:58:11,574: DEBUG: User-Name: [u'username51@airborne.aircell.com']
2013-11-20 10:58:11,574: DEBUG: GoGo-Tail-Number: [u'AAATestNAS_236']
2013-11-20 10:58:11,575: DEBUG: Acct-Output-Octets: [6979604]
2013-11-20 10:58:11,576: DEBUG: NAS-IP-Address: ['10.254.241.1']
2013-11-20 10:58:11,576: DEBUG: GoGo-Total-Output-Gigawords: [0]
2013-11-20 10:58:11,577: DEBUG: Framed-IP-Address: ['10.254.241.117']
2013-11-20 10:58:11,577: DEBUG: GoGo-Total-Input-Voice-Gigawords: [0]
2013-11-20 10:58:11,578: DEBUG: GoGo-Total-Output-Octets: [6979604]
2013-11-20 10:58:11,578: DEBUG: GoGo-Acct-Input-Voice-Octets: [0]
2013-11-20 10:58:11,578: DEBUG: GoGo-Total-Input-Voice-Packets: [0]
2013-11-20 10:58:11,579: DEBUG: Called-Station-Id: [u'00:16:3E:21:ED:2A']
2013-11-20 10:58:11,579: DEBUG: WISPr-Location-Name: [u'TEST LLC,BA01_01009']
2013-11-20 10:58:11,579: DEBUG: NAS-Identifier: [u'C08386']
2013-11-20 10:58:11,580: DEBUG: Proxy-State: ['3330,3132']
2013-11-20 10:58:11,580: DEBUG: GoGo-Total-Input-Voice-Octets: [0]
2013-11-20 10:58:11,581: DEBUG: Acct-Status-Type: ['Interim-Update']
2013-11-20 10:58:11,581: DEBUG: GoGo-Total-Output-Voice-Gigawords: [0]
2013-11-20 10:58:11,582: DEBUG: GoGo-Airline: [u'BA01']
2013-11-20 10:58:11,583: DEBUG: Acct-Session-Id: [u'AAATestNAS_236-1384925231497-00163E21ED2A-1']
2013-11-20 10:58:11,583: DEBUG: Acct-Session-Time: [10]
2013-11-20 10:58:11,583: DEBUG: Acct-Input-Packets: [9352]
2013-11-20 10:58:11,584: DEBUG: Acct-Output-Packets: [27592]
2013-11-20 10:58:11,584: DEBUG: GoGo-Acct-Output-Voice-Packets: [0]
2013-11-20 10:58:11,585: DEBUG: GoGo-Acct-Output-Voice-Octets: [0]
2013-11-20 10:58:11,585: DEBUG: Acct-Output-Gigawords: [0]
2013-11-20 10:58:11,585: DEBUG: GoGo-Total-Output-Voice-Packets: [0]
2013-11-20 10:58:11,586: DEBUG: Acct-Input-Gigawords: [0]
2013-11-20 10:58:11,587: DEBUG: Calling-Station-Id: [u'19:21:31:41:52:18']
2013-11-20 10:58:11,588: DEBUG: NAS-Port-Type: ['Wireless-802.11']
2013-11-20 10:58:11,589: DEBUG: GoGo-Total-Output-Voice-Octets: [0]
2013-11-20 10:58:11,590: DEBUG: GoGo-Private-IP-Address: ['192.168.1.179']
2013-11-20 10:58:11,590: DEBUG: GoGo-Acct-Input-Voice-Gigawords: [0]
2013-11-20 10:58:11,592: DEBUG: GoGo-Total-Input-Packets: [9352]
2013-11-20 10:58:11,592: DEBUG: GoGo-Total-Input-Gigawords: [0]
2013-11-20 10:58:11,592: DEBUG: GoGo-Acct-Input-Voice-Packets: [0]
2013-11-20 10:58:11,593: DEBUG: GoGo-Total-Input-Octets: [5132325]
2013-11-20 10:58:11,593: DEBUG: GoGo-Total-Output-Packets: [27592]
2013-11-20 10:58:11,594: DEBUG: WISPr-Location-ID: [u'airline=BA01,tail=01009,network=']
2013-11-20 10:58:11,595: DEBUG: GoGo-Acct-Output-Voice-Gigawords: [0]
2013-11-20 10:58:11,595: DEBUG: Acct-Input-Octets: [5132325]
2013-11-20 10:58:11,598: DEBUG: 

2013-11-20 10:58:11,598: DEBUG: Received response with following attributes:
2013-11-20 10:58:21,602: DEBUG: 

2013-11-20 10:58:21,603: DEBUG: Creating Accounting Update Request with the following Attributes:
2013-11-20 10:58:21,603: DEBUG: User-Name: [u'username51@airborne.aircell.com']
2013-11-20 10:58:21,603: DEBUG: GoGo-Tail-Number: [u'AAATestNAS_236']
2013-11-20 10:58:21,603: DEBUG: Acct-Output-Octets: [8481980]
2013-11-20 10:58:21,603: DEBUG: NAS-IP-Address: ['10.254.241.1']
2013-11-20 10:58:21,604: DEBUG: GoGo-Total-Output-Gigawords: [0]
2013-11-20 10:58:21,604: DEBUG: Framed-IP-Address: ['10.254.241.117']
2013-11-20 10:58:21,604: DEBUG: GoGo-Total-Input-Voice-Gigawords: [0]
2013-11-20 10:58:21,604: DEBUG: GoGo-Total-Output-Octets: [8481980]
2013-11-20 10:58:21,604: DEBUG: GoGo-Acct-Input-Voice-Octets: [0]
2013-11-20 10:58:21,604: DEBUG: GoGo-Total-Input-Voice-Packets: [0]
2013-11-20 10:58:21,605: DEBUG: Called-Station-Id: [u'00:16:3E:21:ED:2A']
2013-11-20 10:58:21,605: DEBUG: WISPr-Location-Name: [u'TEST LLC,BA01_01009']
2013-11-20 10:58:21,605: DEBUG: NAS-Identifier: [u'C08386']
2013-11-20 10:58:21,605: DEBUG: Proxy-State: ['3330,3132']
2013-11-20 10:58:21,605: DEBUG: GoGo-Total-Input-Voice-Octets: [0]
2013-11-20 10:58:21,605: DEBUG: Acct-Status-Type: ['Interim-Update']
2013-11-20 10:58:21,605: DEBUG: GoGo-Total-Output-Voice-Gigawords: [0]
2013-11-20 10:58:21,606: DEBUG: GoGo-Airline: [u'BA01']
2013-11-20 10:58:21,606: DEBUG: Acct-Session-Id: [u'AAATestNAS_236-1384925231497-00163E21ED2A-1']
2013-11-20 10:58:21,606: DEBUG: Acct-Session-Time: [10]
2013-11-20 10:58:21,606: DEBUG: Acct-Input-Packets: [39351]
2013-11-20 10:58:21,606: DEBUG: Acct-Output-Packets: [43228]
2013-11-20 10:58:21,606: DEBUG: GoGo-Acct-Output-Voice-Packets: [0]
2013-11-20 10:58:21,606: DEBUG: GoGo-Acct-Output-Voice-Octets: [0]
2013-11-20 10:58:21,607: DEBUG: Acct-Output-Gigawords: [0]
2013-11-20 10:58:21,607: DEBUG: GoGo-Total-Output-Voice-Packets: [0]
2013-11-20 10:58:21,607: DEBUG: Acct-Input-Gigawords: [0]
2013-11-20 10:58:21,607: DEBUG: Calling-Station-Id: [u'19:21:31:41:52:18']
2013-11-20 10:58:21,607: DEBUG: NAS-Port-Type: ['Wireless-802.11']
2013-11-20 10:58:21,607: DEBUG: GoGo-Total-Output-Voice-Octets: [0]
2013-11-20 10:58:21,607: DEBUG: GoGo-Private-IP-Address: ['192.168.1.179']
2013-11-20 10:58:21,607: DEBUG: GoGo-Acct-Input-Voice-Gigawords: [0]
2013-11-20 10:58:21,608: DEBUG: GoGo-Total-Input-Packets: [39351]
2013-11-20 10:58:21,608: DEBUG: GoGo-Total-Input-Gigawords: [0]
2013-11-20 10:58:21,608: DEBUG: GoGo-Acct-Input-Voice-Packets: [0]
2013-11-20 10:58:21,608: DEBUG: GoGo-Total-Input-Octets: [5007844]
2013-11-20 10:58:21,608: DEBUG: GoGo-Total-Output-Packets: [43228]
2013-11-20 10:58:21,608: DEBUG: WISPr-Location-ID: [u'airline=BA01,tail=01009,network=']
2013-11-20 10:58:21,608: DEBUG: GoGo-Acct-Output-Voice-Gigawords: [0]
2013-11-20 10:58:21,608: DEBUG: Acct-Input-Octets: [5007844]
2013-11-20 10:58:21,609: ERROR: Network error, Reason: 'Network error: Too many open files'
2013-11-20 10:58:31,611: DEBUG: 

2013-11-20 10:58:31,611: DEBUG: Creating Accounting Update Request with the following Attributes:
2013-11-20 10:58:31,612: DEBUG: User-Name: [u'username51@airborne.aircell.com']
2013-11-20 10:58:31,612: DEBUG: GoGo-Tail-Number: [u'AAATestNAS_236']
2013-11-20 10:58:31,612: DEBUG: Acct-Output-Octets: [1173016]
2013-11-20 10:58:31,612: DEBUG: NAS-IP-Address: ['10.254.241.1']
2013-11-20 10:58:31,613: DEBUG: GoGo-Total-Output-Gigawords: [0]
2013-11-20 10:58:31,613: DEBUG: Framed-IP-Address: ['10.254.241.117']
2013-11-20 10:58:31,613: DEBUG: GoGo-Total-Input-Voice-Gigawords: [0]
2013-11-20 10:58:31,613: DEBUG: GoGo-Total-Output-Octets: [1173016]
2013-11-20 10:58:31,613: DEBUG: GoGo-Acct-Input-Voice-Octets: [0]
2013-11-20 10:58:31,614: DEBUG: GoGo-Total-Input-Voice-Packets: [0]
2013-11-20 10:58:31,614: DEBUG: Called-Station-Id: [u'00:16:3E:21:ED:2A']
2013-11-20 10:58:31,614: DEBUG: WISPr-Location-Name: [u'TEST LLC,BA01_01009']
2013-11-20 10:58:31,614: DEBUG: NAS-Identifier: [u'C08386']
2013-11-20 10:58:31,614: DEBUG: Proxy-State: ['3330,3132']
2013-11-20 10:58:31,615: DEBUG: GoGo-Total-Input-Voice-Octets: [0]
2013-11-20 10:58:31,615: DEBUG: Acct-Status-Type: ['Interim-Update']
2013-11-20 10:58:31,615: DEBUG: GoGo-Total-Output-Voice-Gigawords: [0]
2013-11-20 10:58:31,615: DEBUG: GoGo-Airline: [u'BA01']
2013-11-20 10:58:31,615: DEBUG: Acct-Session-Id: [u'AAATestNAS_236-1384925231497-00163E21ED2A-1']
2013-11-20 10:58:31,615: DEBUG: Acct-Session-Time: [10]
2013-11-20 10:58:31,616: DEBUG: Acct-Input-Packets: [35146]
2013-11-20 10:58:31,616: DEBUG: Acct-Output-Packets: [2834]
2013-11-20 10:58:31,617: DEBUG: GoGo-Acct-Output-Voice-Packets: [0]
2013-11-20 10:58:31,618: DEBUG: GoGo-Acct-Output-Voice-Octets: [0]
2013-11-20 10:58:31,618: DEBUG: Acct-Output-Gigawords: [0]
2013-11-20 10:58:31,619: DEBUG: GoGo-Total-Output-Voice-Packets: [0]
2013-11-20 10:58:31,619: DEBUG: Acct-Input-Gigawords: [0]
2013-11-20 10:58:31,619: DEBUG: Calling-Station-Id: [u'19:21:31:41:52:18']
2013-11-20 10:58:31,620: DEBUG: NAS-Port-Type: ['Wireless-802.11']
2013-11-20 10:58:31,620: DEBUG: GoGo-Total-Output-Voice-Octets: [0]
2013-11-20 10:58:31,620: DEBUG: GoGo-Private-IP-Address: ['192.168.1.179']
2013-11-20 10:58:31,621: DEBUG: GoGo-Acct-Input-Voice-Gigawords: [0]
2013-11-20 10:58:31,621: DEBUG: GoGo-Total-Input-Packets: [35146]
2013-11-20 10:58:31,621: DEBUG: GoGo-Total-Input-Gigawords: [0]
2013-11-20 10:58:31,622: DEBUG: GoGo-Acct-Input-Voice-Packets: [0]
2013-11-20 10:58:31,622: DEBUG: GoGo-Total-Input-Octets: [7910774]
2013-11-20 10:58:31,622: DEBUG: GoGo-Total-Output-Packets: [2834]
2013-11-20 10:58:31,623: DEBUG: WISPr-Location-ID: [u'airline=BA01,tail=01009,network=']
2013-11-20 10:58:31,623: DEBUG: GoGo-Acct-Output-Voice-Gigawords: [0]
2013-11-20 10:58:31,624: DEBUG: Acct-Input-Octets: [7910774]
2013-11-20 10:58:31,624: ERROR: Network error, Reason: 'Network error: Too many open files'
2013-11-20 10:58:41,625: DEBUG: 

2013-11-20 10:58:41,626: DEBUG: Creating Accounting Stop Request with the following Attributes:
2013-11-20 10:58:41,626: DEBUG: User-Name: [u'username51@airborne.aircell.com']
2013-11-20 10:58:41,626: DEBUG: GoGo-Tail-Number: [u'01009']
2013-11-20 10:58:41,626: DEBUG: Acct-Output-Octets: [7254726]
2013-11-20 10:58:41,626: DEBUG: NAS-IP-Address: ['10.254.241.1']
2013-11-20 10:58:41,626: DEBUG: GoGo-Total-Output-Gigawords: [0]
2013-11-20 10:58:41,626: DEBUG: Framed-IP-Address: ['10.254.241.117']
2013-11-20 10:58:41,627: DEBUG: GoGo-Total-Input-Voice-Gigawords: [0]
2013-11-20 10:58:41,627: DEBUG: GoGo-Total-Output-Octets: [7254726]
2013-11-20 10:58:41,627: DEBUG: GoGo-Acct-Input-Voice-Octets: [0]
2013-11-20 10:58:41,627: DEBUG: GoGo-Total-Input-Voice-Packets: [0]
2013-11-20 10:58:41,627: DEBUG: Called-Station-Id: [u'00:16:3E:21:ED:2A']
2013-11-20 10:58:41,627: DEBUG: WISPr-Location-Name: [u'TEST LLC,BA01_01009']
2013-11-20 10:58:41,627: DEBUG: NAS-Identifier: [u'C08386']
2013-11-20 10:58:41,627: DEBUG: Proxy-State: ['3330,3132']
2013-11-20 10:58:41,627: DEBUG: GoGo-Total-Input-Voice-Octets: [0]
2013-11-20 10:58:41,628: DEBUG: Acct-Status-Type: ['Stop']
2013-11-20 10:58:41,628: DEBUG: GoGo-Total-Output-Voice-Gigawords: [0]
2013-11-20 10:58:41,628: DEBUG: GoGo-Airline: [u'BA01']
2013-11-20 10:58:41,628: DEBUG: Acct-Session-Id: [u'AAATestNAS_236-1384925231497-00163E21ED2A-1']
2013-11-20 10:58:41,628: DEBUG: Acct-Session-Time: [10]
2013-11-20 10:58:41,628: DEBUG: Acct-Input-Packets: [54456]
2013-11-20 10:58:41,628: DEBUG: Acct-Output-Packets: [55225]
2013-11-20 10:58:41,628: DEBUG: Acct-Terminate-Cause: ['User-Request']
2013-11-20 10:58:41,628: DEBUG: GoGo-Acct-Output-Voice-Octets: [0]
2013-11-20 10:58:41,628: DEBUG: Acct-Output-Gigawords: [0]
2013-11-20 10:58:41,629: DEBUG: GoGo-Total-Output-Voice-Packets: [0]
2013-11-20 10:58:41,629: DEBUG: Acct-Input-Gigawords: [0]
2013-11-20 10:58:41,629: DEBUG: Calling-Station-Id: [u'19:21:31:41:52:18']
2013-11-20 10:58:41,629: DEBUG: NAS-Port-Type: ['Wireless-802.11']
2013-11-20 10:58:41,629: DEBUG: GoGo-Total-Output-Voice-Octets: [0]
2013-11-20 10:58:41,629: DEBUG: GoGo-Private-IP-Address: ['192.168.1.179']
2013-11-20 10:58:41,629: DEBUG: GoGo-Acct-Input-Voice-Gigawords: [0]
2013-11-20 10:58:41,629: DEBUG: GoGo-Total-Input-Packets: [54456]
2013-11-20 10:58:41,629: DEBUG: GoGo-Total-Input-Gigawords: [0]
2013-11-20 10:58:41,630: DEBUG: GoGo-Acct-Input-Voice-Packets: [0]
2013-11-20 10:58:41,630: DEBUG: GoGo-Total-Input-Octets: [8030425]
2013-11-20 10:58:41,630: DEBUG: GoGo-Total-Output-Packets: [55225]
2013-11-20 10:58:41,631: DEBUG: WISPr-Location-ID: [u'airline=BA01,tail=01009,network=']
2013-11-20 10:58:41,631: DEBUG: GoGo-Acct-Output-Voice-Packets: [0]
2013-11-20 10:58:41,631: DEBUG: GoGo-Acct-Output-Voice-Gigawords: [0]
2013-11-20 10:58:41,631: DEBUG: Acct-Input-Octets: [8030425]
2013-11-20 10:58:41,632: ERROR: Network error, Reason: 'Network error: Too many open files'
2013-11-20 10:58:41,632: ERROR: Ending the test for this user
2013-11-20 10:58:41,632: DEBUG: Ending the test for this user
