2013-11-20 10:55:42,403: DEBUG: Starting the client for the user username41@airborne.aircell.com to the server localhost

2013-11-20 10:55:42,403: DEBUG: DURATION of the TEST: 90
2013-11-20 10:55:42,403: DEBUG: NAS-IP: 10.254.190.1
2013-11-20 10:55:42,403: DEBUG: NAS-MAC-ADDR: 18:21:31:41:52:66
2013-11-20 10:55:42,403: DEBUG: Abruptly End: True
2013-11-20 10:55:42,403: DEBUG: Framed-IP: 10.254.190.122
2013-11-20 10:55:42,403: DEBUG: User-MAC-Addr: 00:16:3E:74:EC:80
2013-11-20 10:55:42,403: DEBUG: 

2013-11-20 10:55:42,404: DEBUG: Creating Authentication Request with the following Attributes:
2013-11-20 10:55:42,404: DEBUG: NAS-Identifier: [u'C08386']
2013-11-20 10:55:42,404: DEBUG: User-Name: [u'username41@airborne.aircell.com']
2013-11-20 10:55:42,404: DEBUG: NAS-IP-Address: ['10.254.190.1']
2013-11-20 10:55:42,404: DEBUG: Service-Type: ['Authenticate-Only']
2013-11-20 10:55:42,404: DEBUG: Proxy-State: ['3237,3134']
2013-11-20 10:55:42,404: DEBUG: Framed-IP-Address: ['10.254.190.122']
2013-11-20 10:55:42,405: DEBUG: GoGo-Airline: [u'BA01']
2013-11-20 10:55:42,405: DEBUG: Acct-Session-Id: [u'AAATestNAS_185-1384925142404-00163E74EC80-1']
2013-11-20 10:55:42,405: DEBUG: GoGo-Tail-Number: [u'AAATestNAS_185']
2013-11-20 10:55:42,405: DEBUG: GoGo-Private-IP-Address: ['192.168.1.179']
2013-11-20 10:55:42,405: DEBUG: WISPr-Location-ID: [u'airline=BA01,tail=01009,network=']
2013-11-20 10:55:42,405: DEBUG: WISPr-Location-Name: [u'TEST LLC,BA01_01009']
2013-11-20 10:55:42,405: DEBUG: NAS-Port-Type: ['Wireless-802.11']
2013-11-20 10:55:42,405: DEBUG: Called-Station-Id: [u'00:16:3E:74:EC:80']
2013-11-20 10:55:42,405: DEBUG: Calling-Station-Id: [u'18:21:31:41:52:66']
2013-11-20 10:55:42,406: DEBUG: 

2013-11-20 10:55:42,406: DEBUG: Received response with code: 2, Accepted
2013-11-20 10:55:42,407: DEBUG: Creating Authentication Request with the following Attributes:
2013-11-20 10:55:42,407: DEBUG: NAS-Identifier: [u'C08386']
2013-11-20 10:55:42,407: DEBUG: User-Name: [u'username41@airborne.aircell.com']
2013-11-20 10:55:42,407: DEBUG: NAS-IP-Address: ['10.254.190.1']
2013-11-20 10:55:42,407: DEBUG: Service-Type: ['Login-User']
2013-11-20 10:55:42,407: DEBUG: Proxy-State: ['3237,3134']
2013-11-20 10:55:42,407: DEBUG: Framed-IP-Address: ['10.254.190.122']
2013-11-20 10:55:42,407: DEBUG: GoGo-Airline: [u'BA01']
2013-11-20 10:55:42,407: DEBUG: Acct-Session-Id: [u'AAATestNAS_185-1384925142406-00163E74EC80-1']
2013-11-20 10:55:42,407: DEBUG: GoGo-Tail-Number: [u'AAATestNAS_185']
2013-11-20 10:55:42,407: DEBUG: GoGo-Private-IP-Address: ['192.168.1.179']
2013-11-20 10:55:42,407: DEBUG: WISPr-Location-ID: [u'airline=BA01,tail=01009,network=']
2013-11-20 10:55:42,407: DEBUG: WISPr-Location-Name: [u'TEST LLC,BA01_01009']
2013-11-20 10:55:42,408: DEBUG: NAS-Port-Type: ['Wireless-802.11']
2013-11-20 10:55:42,408: DEBUG: Called-Station-Id: [u'00:16:3E:74:EC:80']
2013-11-20 10:55:42,408: DEBUG: Calling-Station-Id: [u'18:21:31:41:52:66']
2013-11-20 10:55:42,409: DEBUG: 

2013-11-20 10:55:42,409: DEBUG: Received response with code: 2, Accepted
2013-11-20 10:55:42,409: DEBUG: 

2013-11-20 10:55:42,409: DEBUG: Creating Accounting start Request with the following Attributes:
2013-11-20 10:55:42,409: DEBUG: NAS-Identifier: [u'C08386']
2013-11-20 10:55:42,409: DEBUG: User-Name: [u'username41@airborne.aircell.com']
2013-11-20 10:55:42,409: DEBUG: GoGo-Tail-Number: [u'AAATestNAS_185']
2013-11-20 10:55:42,409: DEBUG: NAS-IP-Address: ['10.254.190.1']
2013-11-20 10:55:42,409: DEBUG: Proxy-State: ['3239,3131']
2013-11-20 10:55:42,409: DEBUG: Acct-Status-Type: ['Start']
2013-11-20 10:55:42,410: DEBUG: GoGo-Airline: [u'BA01']
2013-11-20 10:55:42,410: DEBUG: Acct-Session-Id: [u'AAATestNAS_185-1384925142406-00163E74EC80-1']
2013-11-20 10:55:42,410: DEBUG: GoGo-Private-IP-Address: ['192.168.1.179']
2013-11-20 10:55:42,410: DEBUG: Framed-IP-Address: ['10.254.190.122']
2013-11-20 10:55:42,410: DEBUG: WISPr-Location-ID: [u'airline=BA01,tail=01009,network=']
2013-11-20 10:55:42,410: DEBUG: WISPr-Location-Name: [u'TEST LLC,BA01_01009']
2013-11-20 10:55:42,410: DEBUG: NAS-Port-Type: ['Wireless-802.11']
2013-11-20 10:55:42,410: DEBUG: Called-Station-Id: [u'00:16:3E:74:EC:80']
2013-11-20 10:55:42,410: DEBUG: Calling-Station-Id: [u'18:21:31:41:52:66']
2013-11-20 10:55:42,411: DEBUG: 

2013-11-20 10:55:42,411: DEBUG: Received response with following attributes:
2013-11-20 10:55:52,412: DEBUG: 

2013-11-20 10:55:52,413: DEBUG: Creating Accounting Update Request with the following Attributes:
2013-11-20 10:55:52,413: DEBUG: User-Name: [u'username41@airborne.aircell.com']
2013-11-20 10:55:52,413: DEBUG: GoGo-Tail-Number: [u'AAATestNAS_185']
2013-11-20 10:55:52,413: DEBUG: Acct-Output-Octets: [8169216]
2013-11-20 10:55:52,413: DEBUG: NAS-IP-Address: ['10.254.190.1']
2013-11-20 10:55:52,413: DEBUG: GoGo-Total-Output-Gigawords: [0]
2013-11-20 10:55:52,413: DEBUG: Framed-IP-Address: ['10.254.190.122']
2013-11-20 10:55:52,414: DEBUG: GoGo-Total-Input-Voice-Gigawords: [0]
2013-11-20 10:55:52,414: DEBUG: GoGo-Total-Output-Octets: [8169216]
2013-11-20 10:55:52,414: DEBUG: GoGo-Acct-Input-Voice-Octets: [0]
2013-11-20 10:55:52,414: DEBUG: GoGo-Total-Input-Voice-Packets: [0]
2013-11-20 10:55:52,414: DEBUG: Called-Station-Id: [u'00:16:3E:74:EC:80']
2013-11-20 10:55:52,415: DEBUG: WISPr-Location-Name: [u'TEST LLC,BA01_01009']
2013-11-20 10:55:52,415: DEBUG: NAS-Identifier: [u'C08386']
2013-11-20 10:55:52,415: DEBUG: Proxy-State: ['3330,3132']
2013-11-20 10:55:52,415: DEBUG: GoGo-Total-Input-Voice-Octets: [0]
2013-11-20 10:55:52,415: DEBUG: Acct-Status-Type: ['Interim-Update']
2013-11-20 10:55:52,415: DEBUG: GoGo-Total-Output-Voice-Gigawords: [0]
2013-11-20 10:55:52,416: DEBUG: GoGo-Airline: [u'BA01']
2013-11-20 10:55:52,416: DEBUG: Acct-Session-Id: [u'AAATestNAS_185-1384925142406-00163E74EC80-1']
2013-11-20 10:55:52,416: DEBUG: Acct-Session-Time: [10]
2013-11-20 10:55:52,416: DEBUG: Acct-Input-Packets: [23650]
2013-11-20 10:55:52,416: DEBUG: Acct-Output-Packets: [27718]
2013-11-20 10:55:52,417: DEBUG: GoGo-Acct-Output-Voice-Packets: [0]
2013-11-20 10:55:52,417: DEBUG: GoGo-Acct-Output-Voice-Octets: [0]
2013-11-20 10:55:52,417: DEBUG: Acct-Output-Gigawords: [0]
2013-11-20 10:55:52,417: DEBUG: GoGo-Total-Output-Voice-Packets: [0]
2013-11-20 10:55:52,418: DEBUG: Acct-Input-Gigawords: [0]
2013-11-20 10:55:52,418: DEBUG: Calling-Station-Id: [u'18:21:31:41:52:66']
2013-11-20 10:55:52,418: DEBUG: NAS-Port-Type: ['Wireless-802.11']
2013-11-20 10:55:52,418: DEBUG: GoGo-Total-Output-Voice-Octets: [0]
2013-11-20 10:55:52,419: DEBUG: GoGo-Private-IP-Address: ['192.168.1.179']
2013-11-20 10:55:52,419: DEBUG: GoGo-Acct-Input-Voice-Gigawords: [0]
2013-11-20 10:55:52,419: DEBUG: GoGo-Total-Input-Packets: [23650]
2013-11-20 10:55:52,420: DEBUG: GoGo-Total-Input-Gigawords: [0]
2013-11-20 10:55:52,420: DEBUG: GoGo-Acct-Input-Voice-Packets: [0]
2013-11-20 10:55:52,420: DEBUG: GoGo-Total-Input-Octets: [5053286]
2013-11-20 10:55:52,420: DEBUG: GoGo-Total-Output-Packets: [27718]
2013-11-20 10:55:52,421: DEBUG: WISPr-Location-ID: [u'airline=BA01,tail=01009,network=']
2013-11-20 10:55:52,421: DEBUG: GoGo-Acct-Output-Voice-Gigawords: [0]
2013-11-20 10:55:52,421: DEBUG: Acct-Input-Octets: [5053286]
2013-11-20 10:55:52,424: DEBUG: 

2013-11-20 10:55:52,424: DEBUG: Received response with following attributes:
2013-11-20 10:55:52,424: DEBUG: User has abruptly end flag so ending the test with out AcctStop
2013-11-20 10:55:52,425: DEBUG: Ending the test for this user
2013-11-20 10:55:53,422: DEBUG: Starting the client for the user username41@airborne.aircell.com to the server localhost

2013-11-20 10:55:53,422: DEBUG: Starting the client for the user username41@airborne.aircell.com to the server localhost

2013-11-20 10:55:53,422: DEBUG: DURATION of the TEST: 99
2013-11-20 10:55:53,422: DEBUG: DURATION of the TEST: 99
2013-11-20 10:55:53,422: DEBUG: NAS-IP: 10.254.230.1
2013-11-20 10:55:53,422: DEBUG: NAS-IP: 10.254.230.1
2013-11-20 10:55:53,422: DEBUG: NAS-MAC-ADDR: 19:21:31:41:52:07
2013-11-20 10:55:53,422: DEBUG: NAS-MAC-ADDR: 19:21:31:41:52:07
2013-11-20 10:55:53,423: DEBUG: Abruptly End: False
2013-11-20 10:55:53,423: DEBUG: Abruptly End: False
2013-11-20 10:55:53,423: DEBUG: Framed-IP: 10.254.230.123
2013-11-20 10:55:53,423: DEBUG: Framed-IP: 10.254.230.123
2013-11-20 10:55:53,423: DEBUG: User-MAC-Addr: 00:16:3E:26:CA:22
2013-11-20 10:55:53,423: DEBUG: User-MAC-Addr: 00:16:3E:26:CA:22
2013-11-20 10:55:53,424: DEBUG: 

2013-11-20 10:55:53,424: DEBUG: 

2013-11-20 10:55:53,425: DEBUG: Creating Authentication Request with the following Attributes:
2013-11-20 10:55:53,425: DEBUG: Creating Authentication Request with the following Attributes:
2013-11-20 10:55:53,425: DEBUG: NAS-Identifier: [u'C08386']
2013-11-20 10:55:53,425: DEBUG: NAS-Identifier: [u'C08386']
2013-11-20 10:55:53,426: DEBUG: User-Name: [u'username41@airborne.aircell.com']
2013-11-20 10:55:53,426: DEBUG: User-Name: [u'username41@airborne.aircell.com']
2013-11-20 10:55:53,426: DEBUG: NAS-IP-Address: ['10.254.230.1']
2013-11-20 10:55:53,426: DEBUG: NAS-IP-Address: ['10.254.230.1']
2013-11-20 10:55:53,426: DEBUG: Service-Type: ['Authenticate-Only']
2013-11-20 10:55:53,426: DEBUG: Service-Type: ['Authenticate-Only']
2013-11-20 10:55:53,427: DEBUG: Proxy-State: ['3237,3134']
2013-11-20 10:55:53,427: DEBUG: Proxy-State: ['3237,3134']
2013-11-20 10:55:53,427: DEBUG: Framed-IP-Address: ['10.254.230.123']
2013-11-20 10:55:53,427: DEBUG: Framed-IP-Address: ['10.254.230.123']
2013-11-20 10:55:53,427: DEBUG: GoGo-Airline: [u'BA01']
2013-11-20 10:55:53,427: DEBUG: GoGo-Airline: [u'BA01']
2013-11-20 10:55:53,428: DEBUG: Acct-Session-Id: [u'AAATestNAS_225-1384925153425-00163E26CA22-1']
2013-11-20 10:55:53,428: DEBUG: Acct-Session-Id: [u'AAATestNAS_225-1384925153425-00163E26CA22-1']
2013-11-20 10:55:53,428: DEBUG: GoGo-Tail-Number: [u'AAATestNAS_225']
2013-11-20 10:55:53,428: DEBUG: GoGo-Tail-Number: [u'AAATestNAS_225']
2013-11-20 10:55:53,428: DEBUG: GoGo-Private-IP-Address: ['192.168.1.179']
2013-11-20 10:55:53,428: DEBUG: GoGo-Private-IP-Address: ['192.168.1.179']
2013-11-20 10:55:53,428: DEBUG: WISPr-Location-ID: [u'airline=BA01,tail=01009,network=']
2013-11-20 10:55:53,428: DEBUG: WISPr-Location-ID: [u'airline=BA01,tail=01009,network=']
2013-11-20 10:55:53,429: DEBUG: WISPr-Location-Name: [u'TEST LLC,BA01_01009']
2013-11-20 10:55:53,429: DEBUG: WISPr-Location-Name: [u'TEST LLC,BA01_01009']
2013-11-20 10:55:53,429: DEBUG: NAS-Port-Type: ['Wireless-802.11']
2013-11-20 10:55:53,429: DEBUG: NAS-Port-Type: ['Wireless-802.11']
2013-11-20 10:55:53,429: DEBUG: Called-Station-Id: [u'00:16:3E:26:CA:22']
2013-11-20 10:55:53,429: DEBUG: Called-Station-Id: [u'00:16:3E:26:CA:22']
2013-11-20 10:55:53,429: DEBUG: Calling-Station-Id: [u'19:21:31:41:52:07']
2013-11-20 10:55:53,429: DEBUG: Calling-Station-Id: [u'19:21:31:41:52:07']
2013-11-20 10:55:53,430: DEBUG: 

2013-11-20 10:55:53,430: DEBUG: 

2013-11-20 10:55:53,430: DEBUG: Received response with code: 2, Accepted
2013-11-20 10:55:53,430: DEBUG: Received response with code: 2, Accepted
2013-11-20 10:55:53,430: DEBUG: Creating Authentication Request with the following Attributes:
2013-11-20 10:55:53,430: DEBUG: Creating Authentication Request with the following Attributes:
2013-11-20 10:55:53,431: DEBUG: NAS-Identifier: [u'C08386']
2013-11-20 10:55:53,431: DEBUG: NAS-Identifier: [u'C08386']
2013-11-20 10:55:53,431: DEBUG: User-Name: [u'username41@airborne.aircell.com']
2013-11-20 10:55:53,431: DEBUG: User-Name: [u'username41@airborne.aircell.com']
2013-11-20 10:55:53,431: DEBUG: NAS-IP-Address: ['10.254.230.1']
2013-11-20 10:55:53,431: DEBUG: NAS-IP-Address: ['10.254.230.1']
2013-11-20 10:55:53,431: DEBUG: Service-Type: ['Login-User']
2013-11-20 10:55:53,431: DEBUG: Service-Type: ['Login-User']
2013-11-20 10:55:53,431: DEBUG: Proxy-State: ['3237,3134']
2013-11-20 10:55:53,431: DEBUG: Proxy-State: ['3237,3134']
2013-11-20 10:55:53,431: DEBUG: Framed-IP-Address: ['10.254.230.123']
2013-11-20 10:55:53,431: DEBUG: Framed-IP-Address: ['10.254.230.123']
2013-11-20 10:55:53,431: DEBUG: GoGo-Airline: [u'BA01']
2013-11-20 10:55:53,431: DEBUG: GoGo-Airline: [u'BA01']
2013-11-20 10:55:53,431: DEBUG: Acct-Session-Id: [u'AAATestNAS_225-1384925153430-00163E26CA22-1']
2013-11-20 10:55:53,431: DEBUG: Acct-Session-Id: [u'AAATestNAS_225-1384925153430-00163E26CA22-1']
2013-11-20 10:55:53,432: DEBUG: GoGo-Tail-Number: [u'AAATestNAS_225']
2013-11-20 10:55:53,432: DEBUG: GoGo-Tail-Number: [u'AAATestNAS_225']
2013-11-20 10:55:53,432: DEBUG: GoGo-Private-IP-Address: ['192.168.1.179']
2013-11-20 10:55:53,432: DEBUG: GoGo-Private-IP-Address: ['192.168.1.179']
2013-11-20 10:55:53,432: DEBUG: WISPr-Location-ID: [u'airline=BA01,tail=01009,network=']
2013-11-20 10:55:53,432: DEBUG: WISPr-Location-ID: [u'airline=BA01,tail=01009,network=']
2013-11-20 10:55:53,432: DEBUG: WISPr-Location-Name: [u'TEST LLC,BA01_01009']
2013-11-20 10:55:53,432: DEBUG: WISPr-Location-Name: [u'TEST LLC,BA01_01009']
2013-11-20 10:55:53,432: DEBUG: NAS-Port-Type: ['Wireless-802.11']
2013-11-20 10:55:53,432: DEBUG: NAS-Port-Type: ['Wireless-802.11']
2013-11-20 10:55:53,432: DEBUG: Called-Station-Id: [u'00:16:3E:26:CA:22']
2013-11-20 10:55:53,432: DEBUG: Called-Station-Id: [u'00:16:3E:26:CA:22']
2013-11-20 10:55:53,432: DEBUG: Calling-Station-Id: [u'19:21:31:41:52:07']
2013-11-20 10:55:53,432: DEBUG: Calling-Station-Id: [u'19:21:31:41:52:07']
2013-11-20 10:55:53,433: DEBUG: 

2013-11-20 10:55:53,433: DEBUG: 

2013-11-20 10:55:53,433: DEBUG: Received response with code: 2, Accepted
2013-11-20 10:55:53,433: DEBUG: Received response with code: 2, Accepted
2013-11-20 10:55:53,434: DEBUG: 

2013-11-20 10:55:53,434: DEBUG: 

2013-11-20 10:55:53,434: DEBUG: Creating Accounting start Request with the following Attributes:
2013-11-20 10:55:53,434: DEBUG: Creating Accounting start Request with the following Attributes:
2013-11-20 10:55:53,434: DEBUG: NAS-Identifier: [u'C08386']
2013-11-20 10:55:53,434: DEBUG: NAS-Identifier: [u'C08386']
2013-11-20 10:55:53,435: DEBUG: User-Name: [u'username41@airborne.aircell.com']
2013-11-20 10:55:53,435: DEBUG: User-Name: [u'username41@airborne.aircell.com']
2013-11-20 10:55:53,435: DEBUG: GoGo-Tail-Number: [u'AAATestNAS_225']
2013-11-20 10:55:53,435: DEBUG: GoGo-Tail-Number: [u'AAATestNAS_225']
2013-11-20 10:55:53,435: DEBUG: NAS-IP-Address: ['10.254.230.1']
2013-11-20 10:55:53,435: DEBUG: NAS-IP-Address: ['10.254.230.1']
2013-11-20 10:55:53,436: DEBUG: Proxy-State: ['3239,3131']
2013-11-20 10:55:53,436: DEBUG: Proxy-State: ['3239,3131']
2013-11-20 10:55:53,436: DEBUG: Acct-Status-Type: ['Start']
2013-11-20 10:55:53,436: DEBUG: Acct-Status-Type: ['Start']
2013-11-20 10:55:53,436: DEBUG: GoGo-Airline: [u'BA01']
2013-11-20 10:55:53,436: DEBUG: GoGo-Airline: [u'BA01']
2013-11-20 10:55:53,436: DEBUG: Acct-Session-Id: [u'AAATestNAS_225-1384925153430-00163E26CA22-1']
2013-11-20 10:55:53,436: DEBUG: Acct-Session-Id: [u'AAATestNAS_225-1384925153430-00163E26CA22-1']
2013-11-20 10:55:53,437: DEBUG: GoGo-Private-IP-Address: ['192.168.1.179']
2013-11-20 10:55:53,437: DEBUG: GoGo-Private-IP-Address: ['192.168.1.179']
2013-11-20 10:55:53,437: DEBUG: Framed-IP-Address: ['10.254.230.123']
2013-11-20 10:55:53,437: DEBUG: Framed-IP-Address: ['10.254.230.123']
2013-11-20 10:55:53,437: DEBUG: WISPr-Location-ID: [u'airline=BA01,tail=01009,network=']
2013-11-20 10:55:53,437: DEBUG: WISPr-Location-ID: [u'airline=BA01,tail=01009,network=']
2013-11-20 10:55:53,438: DEBUG: WISPr-Location-Name: [u'TEST LLC,BA01_01009']
2013-11-20 10:55:53,438: DEBUG: WISPr-Location-Name: [u'TEST LLC,BA01_01009']
2013-11-20 10:55:53,438: DEBUG: NAS-Port-Type: ['Wireless-802.11']
2013-11-20 10:55:53,438: DEBUG: NAS-Port-Type: ['Wireless-802.11']
2013-11-20 10:55:53,438: DEBUG: Called-Station-Id: [u'00:16:3E:26:CA:22']
2013-11-20 10:55:53,438: DEBUG: Called-Station-Id: [u'00:16:3E:26:CA:22']
2013-11-20 10:55:53,438: DEBUG: Calling-Station-Id: [u'19:21:31:41:52:07']
2013-11-20 10:55:53,438: DEBUG: Calling-Station-Id: [u'19:21:31:41:52:07']
2013-11-20 10:55:53,440: DEBUG: 

2013-11-20 10:55:53,440: DEBUG: 

2013-11-20 10:55:53,440: DEBUG: Received response with following attributes:
2013-11-20 10:55:53,440: DEBUG: Received response with following attributes:
2013-11-20 10:56:03,441: DEBUG: 

2013-11-20 10:56:03,441: DEBUG: 

2013-11-20 10:56:03,441: DEBUG: Creating Accounting Update Request with the following Attributes:
2013-11-20 10:56:03,441: DEBUG: Creating Accounting Update Request with the following Attributes:
2013-11-20 10:56:03,442: DEBUG: User-Name: [u'username41@airborne.aircell.com']
2013-11-20 10:56:03,442: DEBUG: User-Name: [u'username41@airborne.aircell.com']
2013-11-20 10:56:03,442: DEBUG: GoGo-Tail-Number: [u'AAATestNAS_225']
2013-11-20 10:56:03,442: DEBUG: GoGo-Tail-Number: [u'AAATestNAS_225']
2013-11-20 10:56:03,442: DEBUG: Acct-Output-Octets: [2855271]
2013-11-20 10:56:03,442: DEBUG: Acct-Output-Octets: [2855271]
2013-11-20 10:56:03,442: DEBUG: NAS-IP-Address: ['10.254.230.1']
2013-11-20 10:56:03,442: DEBUG: NAS-IP-Address: ['10.254.230.1']
2013-11-20 10:56:03,442: DEBUG: GoGo-Total-Output-Gigawords: [0]
2013-11-20 10:56:03,442: DEBUG: GoGo-Total-Output-Gigawords: [0]
2013-11-20 10:56:03,443: DEBUG: Framed-IP-Address: ['10.254.230.123']
2013-11-20 10:56:03,443: DEBUG: Framed-IP-Address: ['10.254.230.123']
2013-11-20 10:56:03,443: DEBUG: GoGo-Total-Input-Voice-Gigawords: [0]
2013-11-20 10:56:03,443: DEBUG: GoGo-Total-Input-Voice-Gigawords: [0]
2013-11-20 10:56:03,443: DEBUG: GoGo-Total-Output-Octets: [2855271]
2013-11-20 10:56:03,443: DEBUG: GoGo-Total-Output-Octets: [2855271]
2013-11-20 10:56:03,443: DEBUG: GoGo-Acct-Input-Voice-Octets: [0]
2013-11-20 10:56:03,443: DEBUG: GoGo-Acct-Input-Voice-Octets: [0]
2013-11-20 10:56:03,443: DEBUG: GoGo-Total-Input-Voice-Packets: [0]
2013-11-20 10:56:03,443: DEBUG: GoGo-Total-Input-Voice-Packets: [0]
2013-11-20 10:56:03,443: DEBUG: Called-Station-Id: [u'00:16:3E:26:CA:22']
2013-11-20 10:56:03,443: DEBUG: Called-Station-Id: [u'00:16:3E:26:CA:22']
2013-11-20 10:56:03,443: DEBUG: WISPr-Location-Name: [u'TEST LLC,BA01_01009']
2013-11-20 10:56:03,443: DEBUG: WISPr-Location-Name: [u'TEST LLC,BA01_01009']
2013-11-20 10:56:03,443: DEBUG: NAS-Identifier: [u'C08386']
2013-11-20 10:56:03,443: DEBUG: NAS-Identifier: [u'C08386']
2013-11-20 10:56:03,443: DEBUG: Proxy-State: ['3330,3132']
2013-11-20 10:56:03,443: DEBUG: Proxy-State: ['3330,3132']
2013-11-20 10:56:03,444: DEBUG: GoGo-Total-Input-Voice-Octets: [0]
2013-11-20 10:56:03,444: DEBUG: GoGo-Total-Input-Voice-Octets: [0]
2013-11-20 10:56:03,444: DEBUG: Acct-Status-Type: ['Interim-Update']
2013-11-20 10:56:03,444: DEBUG: Acct-Status-Type: ['Interim-Update']
2013-11-20 10:56:03,444: DEBUG: GoGo-Total-Output-Voice-Gigawords: [0]
2013-11-20 10:56:03,444: DEBUG: GoGo-Total-Output-Voice-Gigawords: [0]
2013-11-20 10:56:03,444: DEBUG: GoGo-Airline: [u'BA01']
2013-11-20 10:56:03,444: DEBUG: GoGo-Airline: [u'BA01']
2013-11-20 10:56:03,444: DEBUG: Acct-Session-Id: [u'AAATestNAS_225-1384925153430-00163E26CA22-1']
2013-11-20 10:56:03,444: DEBUG: Acct-Session-Id: [u'AAATestNAS_225-1384925153430-00163E26CA22-1']
2013-11-20 10:56:03,444: DEBUG: Acct-Session-Time: [10]
2013-11-20 10:56:03,444: DEBUG: Acct-Session-Time: [10]
2013-11-20 10:56:03,444: DEBUG: Acct-Input-Packets: [33115]
2013-11-20 10:56:03,444: DEBUG: Acct-Input-Packets: [33115]
2013-11-20 10:56:03,444: DEBUG: Acct-Output-Packets: [7094]
2013-11-20 10:56:03,444: DEBUG: Acct-Output-Packets: [7094]
2013-11-20 10:56:03,444: DEBUG: GoGo-Acct-Output-Voice-Packets: [0]
2013-11-20 10:56:03,444: DEBUG: GoGo-Acct-Output-Voice-Packets: [0]
2013-11-20 10:56:03,444: DEBUG: GoGo-Acct-Output-Voice-Octets: [0]
2013-11-20 10:56:03,444: DEBUG: GoGo-Acct-Output-Voice-Octets: [0]
2013-11-20 10:56:03,445: DEBUG: Acct-Output-Gigawords: [0]
2013-11-20 10:56:03,445: DEBUG: Acct-Output-Gigawords: [0]
2013-11-20 10:56:03,445: DEBUG: GoGo-Total-Output-Voice-Packets: [0]
2013-11-20 10:56:03,445: DEBUG: GoGo-Total-Output-Voice-Packets: [0]
2013-11-20 10:56:03,445: DEBUG: Acct-Input-Gigawords: [0]
2013-11-20 10:56:03,445: DEBUG: Acct-Input-Gigawords: [0]
2013-11-20 10:56:03,445: DEBUG: Calling-Station-Id: [u'19:21:31:41:52:07']
2013-11-20 10:56:03,445: DEBUG: Calling-Station-Id: [u'19:21:31:41:52:07']
2013-11-20 10:56:03,445: DEBUG: NAS-Port-Type: ['Wireless-802.11']
2013-11-20 10:56:03,445: DEBUG: NAS-Port-Type: ['Wireless-802.11']
2013-11-20 10:56:03,445: DEBUG: GoGo-Total-Output-Voice-Octets: [0]
2013-11-20 10:56:03,445: DEBUG: GoGo-Total-Output-Voice-Octets: [0]
2013-11-20 10:56:03,445: DEBUG: GoGo-Private-IP-Address: ['192.168.1.179']
2013-11-20 10:56:03,445: DEBUG: GoGo-Private-IP-Address: ['192.168.1.179']
2013-11-20 10:56:03,445: DEBUG: GoGo-Acct-Input-Voice-Gigawords: [0]
2013-11-20 10:56:03,445: DEBUG: GoGo-Acct-Input-Voice-Gigawords: [0]
2013-11-20 10:56:03,445: DEBUG: GoGo-Total-Input-Packets: [33115]
2013-11-20 10:56:03,445: DEBUG: GoGo-Total-Input-Packets: [33115]
2013-11-20 10:56:03,446: DEBUG: GoGo-Total-Input-Gigawords: [0]
2013-11-20 10:56:03,446: DEBUG: GoGo-Total-Input-Gigawords: [0]
2013-11-20 10:56:03,446: DEBUG: GoGo-Acct-Input-Voice-Packets: [0]
2013-11-20 10:56:03,446: DEBUG: GoGo-Acct-Input-Voice-Packets: [0]
2013-11-20 10:56:03,446: DEBUG: GoGo-Total-Input-Octets: [4381387]
2013-11-20 10:56:03,446: DEBUG: GoGo-Total-Input-Octets: [4381387]
2013-11-20 10:56:03,446: DEBUG: GoGo-Total-Output-Packets: [7094]
2013-11-20 10:56:03,446: DEBUG: GoGo-Total-Output-Packets: [7094]
2013-11-20 10:56:03,446: DEBUG: WISPr-Location-ID: [u'airline=BA01,tail=01009,network=']
2013-11-20 10:56:03,446: DEBUG: WISPr-Location-ID: [u'airline=BA01,tail=01009,network=']
2013-11-20 10:56:03,446: DEBUG: GoGo-Acct-Output-Voice-Gigawords: [0]
2013-11-20 10:56:03,446: DEBUG: GoGo-Acct-Output-Voice-Gigawords: [0]
2013-11-20 10:56:03,446: DEBUG: Acct-Input-Octets: [4381387]
2013-11-20 10:56:03,446: DEBUG: Acct-Input-Octets: [4381387]
2013-11-20 10:56:03,448: DEBUG: 

2013-11-20 10:56:03,448: DEBUG: 

2013-11-20 10:56:03,449: DEBUG: Received response with following attributes:
2013-11-20 10:56:03,449: DEBUG: Received response with following attributes:
2013-11-20 10:56:13,449: DEBUG: 

2013-11-20 10:56:13,449: DEBUG: 

2013-11-20 10:56:13,450: DEBUG: Creating Accounting Update Request with the following Attributes:
2013-11-20 10:56:13,450: DEBUG: Creating Accounting Update Request with the following Attributes:
2013-11-20 10:56:13,451: DEBUG: User-Name: [u'username41@airborne.aircell.com']
2013-11-20 10:56:13,451: DEBUG: User-Name: [u'username41@airborne.aircell.com']
2013-11-20 10:56:13,452: DEBUG: GoGo-Tail-Number: [u'AAATestNAS_225']
2013-11-20 10:56:13,452: DEBUG: GoGo-Tail-Number: [u'AAATestNAS_225']
2013-11-20 10:56:13,452: DEBUG: Acct-Output-Octets: [4904842]
2013-11-20 10:56:13,452: DEBUG: Acct-Output-Octets: [4904842]
2013-11-20 10:56:13,454: DEBUG: NAS-IP-Address: ['10.254.230.1']
2013-11-20 10:56:13,454: DEBUG: NAS-IP-Address: ['10.254.230.1']
2013-11-20 10:56:13,455: DEBUG: GoGo-Total-Output-Gigawords: [0]
2013-11-20 10:56:13,455: DEBUG: GoGo-Total-Output-Gigawords: [0]
2013-11-20 10:56:13,456: DEBUG: Framed-IP-Address: ['10.254.230.123']
2013-11-20 10:56:13,456: DEBUG: Framed-IP-Address: ['10.254.230.123']
2013-11-20 10:56:13,457: DEBUG: GoGo-Total-Input-Voice-Gigawords: [0]
2013-11-20 10:56:13,457: DEBUG: GoGo-Total-Input-Voice-Gigawords: [0]
2013-11-20 10:56:13,457: DEBUG: GoGo-Total-Output-Octets: [4904842]
2013-11-20 10:56:13,457: DEBUG: GoGo-Total-Output-Octets: [4904842]
2013-11-20 10:56:13,458: DEBUG: GoGo-Acct-Input-Voice-Octets: [0]
2013-11-20 10:56:13,458: DEBUG: GoGo-Acct-Input-Voice-Octets: [0]
2013-11-20 10:56:13,459: DEBUG: GoGo-Total-Input-Voice-Packets: [0]
2013-11-20 10:56:13,459: DEBUG: GoGo-Total-Input-Voice-Packets: [0]
2013-11-20 10:56:13,460: DEBUG: Called-Station-Id: [u'00:16:3E:26:CA:22']
2013-11-20 10:56:13,460: DEBUG: Called-Station-Id: [u'00:16:3E:26:CA:22']
2013-11-20 10:56:13,461: DEBUG: WISPr-Location-Name: [u'TEST LLC,BA01_01009']
2013-11-20 10:56:13,461: DEBUG: WISPr-Location-Name: [u'TEST LLC,BA01_01009']
2013-11-20 10:56:13,462: DEBUG: NAS-Identifier: [u'C08386']
2013-11-20 10:56:13,462: DEBUG: NAS-Identifier: [u'C08386']
2013-11-20 10:56:13,463: DEBUG: Proxy-State: ['3330,3132']
2013-11-20 10:56:13,463: DEBUG: Proxy-State: ['3330,3132']
2013-11-20 10:56:13,464: DEBUG: GoGo-Total-Input-Voice-Octets: [0]
2013-11-20 10:56:13,464: DEBUG: GoGo-Total-Input-Voice-Octets: [0]
2013-11-20 10:56:13,465: DEBUG: Acct-Status-Type: ['Interim-Update']
2013-11-20 10:56:13,465: DEBUG: Acct-Status-Type: ['Interim-Update']
2013-11-20 10:56:13,467: DEBUG: GoGo-Total-Output-Voice-Gigawords: [0]
2013-11-20 10:56:13,467: DEBUG: GoGo-Total-Output-Voice-Gigawords: [0]
2013-11-20 10:56:13,468: DEBUG: GoGo-Airline: [u'BA01']
2013-11-20 10:56:13,468: DEBUG: GoGo-Airline: [u'BA01']
2013-11-20 10:56:13,469: DEBUG: Acct-Session-Id: [u'AAATestNAS_225-1384925153430-00163E26CA22-1']
2013-11-20 10:56:13,469: DEBUG: Acct-Session-Id: [u'AAATestNAS_225-1384925153430-00163E26CA22-1']
2013-11-20 10:56:13,470: DEBUG: Acct-Session-Time: [10]
2013-11-20 10:56:13,470: DEBUG: Acct-Session-Time: [10]
2013-11-20 10:56:13,471: DEBUG: Acct-Input-Packets: [35552]
2013-11-20 10:56:13,471: DEBUG: Acct-Input-Packets: [35552]
2013-11-20 10:56:13,472: DEBUG: Acct-Output-Packets: [28768]
2013-11-20 10:56:13,472: DEBUG: Acct-Output-Packets: [28768]
2013-11-20 10:56:13,472: DEBUG: GoGo-Acct-Output-Voice-Packets: [0]
2013-11-20 10:56:13,472: DEBUG: GoGo-Acct-Output-Voice-Packets: [0]
2013-11-20 10:56:13,473: DEBUG: GoGo-Acct-Output-Voice-Octets: [0]
2013-11-20 10:56:13,473: DEBUG: GoGo-Acct-Output-Voice-Octets: [0]
2013-11-20 10:56:13,473: DEBUG: Acct-Output-Gigawords: [0]
2013-11-20 10:56:13,473: DEBUG: Acct-Output-Gigawords: [0]
2013-11-20 10:56:13,475: DEBUG: GoGo-Total-Output-Voice-Packets: [0]
2013-11-20 10:56:13,475: DEBUG: GoGo-Total-Output-Voice-Packets: [0]
2013-11-20 10:56:13,478: DEBUG: Acct-Input-Gigawords: [0]
2013-11-20 10:56:13,478: DEBUG: Acct-Input-Gigawords: [0]
2013-11-20 10:56:13,479: DEBUG: Calling-Station-Id: [u'19:21:31:41:52:07']
2013-11-20 10:56:13,479: DEBUG: Calling-Station-Id: [u'19:21:31:41:52:07']
2013-11-20 10:56:13,479: DEBUG: NAS-Port-Type: ['Wireless-802.11']
2013-11-20 10:56:13,479: DEBUG: NAS-Port-Type: ['Wireless-802.11']
2013-11-20 10:56:13,480: DEBUG: GoGo-Total-Output-Voice-Octets: [0]
2013-11-20 10:56:13,480: DEBUG: GoGo-Total-Output-Voice-Octets: [0]
2013-11-20 10:56:13,482: DEBUG: GoGo-Private-IP-Address: ['192.168.1.179']
2013-11-20 10:56:13,482: DEBUG: GoGo-Private-IP-Address: ['192.168.1.179']
2013-11-20 10:56:13,482: DEBUG: GoGo-Acct-Input-Voice-Gigawords: [0]
2013-11-20 10:56:13,482: DEBUG: GoGo-Acct-Input-Voice-Gigawords: [0]
2013-11-20 10:56:13,483: DEBUG: GoGo-Total-Input-Packets: [35552]
2013-11-20 10:56:13,483: DEBUG: GoGo-Total-Input-Packets: [35552]
2013-11-20 10:56:13,484: DEBUG: GoGo-Total-Input-Gigawords: [0]
2013-11-20 10:56:13,484: DEBUG: GoGo-Total-Input-Gigawords: [0]
2013-11-20 10:56:13,485: DEBUG: GoGo-Acct-Input-Voice-Packets: [0]
2013-11-20 10:56:13,485: DEBUG: GoGo-Acct-Input-Voice-Packets: [0]
2013-11-20 10:56:13,485: DEBUG: GoGo-Total-Input-Octets: [8760357]
2013-11-20 10:56:13,485: DEBUG: GoGo-Total-Input-Octets: [8760357]
2013-11-20 10:56:13,486: DEBUG: GoGo-Total-Output-Packets: [28768]
2013-11-20 10:56:13,486: DEBUG: GoGo-Total-Output-Packets: [28768]
2013-11-20 10:56:13,487: DEBUG: WISPr-Location-ID: [u'airline=BA01,tail=01009,network=']
2013-11-20 10:56:13,487: DEBUG: WISPr-Location-ID: [u'airline=BA01,tail=01009,network=']
2013-11-20 10:56:13,488: DEBUG: GoGo-Acct-Output-Voice-Gigawords: [0]
2013-11-20 10:56:13,488: DEBUG: GoGo-Acct-Output-Voice-Gigawords: [0]
2013-11-20 10:56:13,488: DEBUG: Acct-Input-Octets: [8760357]
2013-11-20 10:56:13,488: DEBUG: Acct-Input-Octets: [8760357]
2013-11-20 10:56:13,491: DEBUG: 

2013-11-20 10:56:13,491: DEBUG: 

2013-11-20 10:56:13,491: DEBUG: Received response with following attributes:
2013-11-20 10:56:13,491: DEBUG: Received response with following attributes:
2013-11-20 10:56:23,493: DEBUG: 

2013-11-20 10:56:23,493: DEBUG: 

2013-11-20 10:56:23,494: DEBUG: Creating Accounting Update Request with the following Attributes:
2013-11-20 10:56:23,494: DEBUG: Creating Accounting Update Request with the following Attributes:
2013-11-20 10:56:23,497: DEBUG: User-Name: [u'username41@airborne.aircell.com']
2013-11-20 10:56:23,497: DEBUG: User-Name: [u'username41@airborne.aircell.com']
2013-11-20 10:56:23,497: DEBUG: GoGo-Tail-Number: [u'AAATestNAS_225']
2013-11-20 10:56:23,497: DEBUG: GoGo-Tail-Number: [u'AAATestNAS_225']
2013-11-20 10:56:23,499: DEBUG: Acct-Output-Octets: [3188643]
2013-11-20 10:56:23,499: DEBUG: Acct-Output-Octets: [3188643]
2013-11-20 10:56:23,500: DEBUG: NAS-IP-Address: ['10.254.230.1']
2013-11-20 10:56:23,500: DEBUG: NAS-IP-Address: ['10.254.230.1']
2013-11-20 10:56:23,500: DEBUG: GoGo-Total-Output-Gigawords: [0]
2013-11-20 10:56:23,500: DEBUG: GoGo-Total-Output-Gigawords: [0]
2013-11-20 10:56:23,502: DEBUG: Framed-IP-Address: ['10.254.230.123']
2013-11-20 10:56:23,502: DEBUG: Framed-IP-Address: ['10.254.230.123']
2013-11-20 10:56:23,503: DEBUG: GoGo-Total-Input-Voice-Gigawords: [0]
2013-11-20 10:56:23,503: DEBUG: GoGo-Total-Input-Voice-Gigawords: [0]
2013-11-20 10:56:23,504: DEBUG: GoGo-Total-Output-Octets: [3188643]
2013-11-20 10:56:23,504: DEBUG: GoGo-Total-Output-Octets: [3188643]
2013-11-20 10:56:23,504: DEBUG: GoGo-Acct-Input-Voice-Octets: [0]
2013-11-20 10:56:23,504: DEBUG: GoGo-Acct-Input-Voice-Octets: [0]
2013-11-20 10:56:23,505: DEBUG: GoGo-Total-Input-Voice-Packets: [0]
2013-11-20 10:56:23,505: DEBUG: GoGo-Total-Input-Voice-Packets: [0]
2013-11-20 10:56:23,505: DEBUG: Called-Station-Id: [u'00:16:3E:26:CA:22']
2013-11-20 10:56:23,505: DEBUG: Called-Station-Id: [u'00:16:3E:26:CA:22']
2013-11-20 10:56:23,507: DEBUG: WISPr-Location-Name: [u'TEST LLC,BA01_01009']
2013-11-20 10:56:23,507: DEBUG: WISPr-Location-Name: [u'TEST LLC,BA01_01009']
2013-11-20 10:56:23,507: DEBUG: NAS-Identifier: [u'C08386']
2013-11-20 10:56:23,507: DEBUG: NAS-Identifier: [u'C08386']
2013-11-20 10:56:23,507: DEBUG: Proxy-State: ['3330,3132']
2013-11-20 10:56:23,507: DEBUG: Proxy-State: ['3330,3132']
2013-11-20 10:56:23,508: DEBUG: GoGo-Total-Input-Voice-Octets: [0]
2013-11-20 10:56:23,508: DEBUG: GoGo-Total-Input-Voice-Octets: [0]
2013-11-20 10:56:23,508: DEBUG: Acct-Status-Type: ['Interim-Update']
2013-11-20 10:56:23,508: DEBUG: Acct-Status-Type: ['Interim-Update']
2013-11-20 10:56:23,509: DEBUG: GoGo-Total-Output-Voice-Gigawords: [0]
2013-11-20 10:56:23,509: DEBUG: GoGo-Total-Output-Voice-Gigawords: [0]
2013-11-20 10:56:23,509: DEBUG: GoGo-Airline: [u'BA01']
2013-11-20 10:56:23,509: DEBUG: GoGo-Airline: [u'BA01']
2013-11-20 10:56:23,510: DEBUG: Acct-Session-Id: [u'AAATestNAS_225-1384925153430-00163E26CA22-1']
2013-11-20 10:56:23,510: DEBUG: Acct-Session-Id: [u'AAATestNAS_225-1384925153430-00163E26CA22-1']
2013-11-20 10:56:23,511: DEBUG: Acct-Session-Time: [10]
2013-11-20 10:56:23,511: DEBUG: Acct-Session-Time: [10]
2013-11-20 10:56:23,511: DEBUG: Acct-Input-Packets: [16064]
2013-11-20 10:56:23,511: DEBUG: Acct-Input-Packets: [16064]
2013-11-20 10:56:23,512: DEBUG: Acct-Output-Packets: [28718]
2013-11-20 10:56:23,512: DEBUG: Acct-Output-Packets: [28718]
2013-11-20 10:56:23,513: DEBUG: GoGo-Acct-Output-Voice-Packets: [0]
2013-11-20 10:56:23,513: DEBUG: GoGo-Acct-Output-Voice-Packets: [0]
2013-11-20 10:56:23,513: DEBUG: GoGo-Acct-Output-Voice-Octets: [0]
2013-11-20 10:56:23,513: DEBUG: GoGo-Acct-Output-Voice-Octets: [0]
2013-11-20 10:56:23,515: DEBUG: Acct-Output-Gigawords: [0]
2013-11-20 10:56:23,515: DEBUG: Acct-Output-Gigawords: [0]
2013-11-20 10:56:23,515: DEBUG: GoGo-Total-Output-Voice-Packets: [0]
2013-11-20 10:56:23,515: DEBUG: GoGo-Total-Output-Voice-Packets: [0]
2013-11-20 10:56:23,515: DEBUG: Acct-Input-Gigawords: [0]
2013-11-20 10:56:23,515: DEBUG: Acct-Input-Gigawords: [0]
2013-11-20 10:56:23,516: DEBUG: Calling-Station-Id: [u'19:21:31:41:52:07']
2013-11-20 10:56:23,516: DEBUG: Calling-Station-Id: [u'19:21:31:41:52:07']
2013-11-20 10:56:23,517: DEBUG: NAS-Port-Type: ['Wireless-802.11']
2013-11-20 10:56:23,517: DEBUG: NAS-Port-Type: ['Wireless-802.11']
2013-11-20 10:56:23,517: DEBUG: GoGo-Total-Output-Voice-Octets: [0]
2013-11-20 10:56:23,517: DEBUG: GoGo-Total-Output-Voice-Octets: [0]
2013-11-20 10:56:23,518: DEBUG: GoGo-Private-IP-Address: ['192.168.1.179']
2013-11-20 10:56:23,518: DEBUG: GoGo-Private-IP-Address: ['192.168.1.179']
2013-11-20 10:56:23,518: DEBUG: GoGo-Acct-Input-Voice-Gigawords: [0]
2013-11-20 10:56:23,518: DEBUG: GoGo-Acct-Input-Voice-Gigawords: [0]
2013-11-20 10:56:23,519: DEBUG: GoGo-Total-Input-Packets: [16064]
2013-11-20 10:56:23,519: DEBUG: GoGo-Total-Input-Packets: [16064]
2013-11-20 10:56:23,519: DEBUG: GoGo-Total-Input-Gigawords: [0]
2013-11-20 10:56:23,519: DEBUG: GoGo-Total-Input-Gigawords: [0]
2013-11-20 10:56:23,520: DEBUG: GoGo-Acct-Input-Voice-Packets: [0]
2013-11-20 10:56:23,520: DEBUG: GoGo-Acct-Input-Voice-Packets: [0]
2013-11-20 10:56:23,521: DEBUG: GoGo-Total-Input-Octets: [5550271]
2013-11-20 10:56:23,521: DEBUG: GoGo-Total-Input-Octets: [5550271]
2013-11-20 10:56:23,522: DEBUG: GoGo-Total-Output-Packets: [28718]
2013-11-20 10:56:23,522: DEBUG: GoGo-Total-Output-Packets: [28718]
2013-11-20 10:56:23,522: DEBUG: WISPr-Location-ID: [u'airline=BA01,tail=01009,network=']
2013-11-20 10:56:23,522: DEBUG: WISPr-Location-ID: [u'airline=BA01,tail=01009,network=']
2013-11-20 10:56:23,523: DEBUG: GoGo-Acct-Output-Voice-Gigawords: [0]
2013-11-20 10:56:23,523: DEBUG: GoGo-Acct-Output-Voice-Gigawords: [0]
2013-11-20 10:56:23,523: DEBUG: Acct-Input-Octets: [5550271]
2013-11-20 10:56:23,523: DEBUG: Acct-Input-Octets: [5550271]
2013-11-20 10:56:23,527: DEBUG: 

2013-11-20 10:56:23,527: DEBUG: 

2013-11-20 10:56:23,527: DEBUG: Received response with following attributes:
2013-11-20 10:56:23,527: DEBUG: Received response with following attributes:
2013-11-20 10:56:33,528: DEBUG: 

2013-11-20 10:56:33,528: DEBUG: 

2013-11-20 10:56:33,529: DEBUG: Creating Accounting Update Request with the following Attributes:
2013-11-20 10:56:33,529: DEBUG: Creating Accounting Update Request with the following Attributes:
2013-11-20 10:56:33,530: DEBUG: User-Name: [u'username41@airborne.aircell.com']
2013-11-20 10:56:33,530: DEBUG: User-Name: [u'username41@airborne.aircell.com']
2013-11-20 10:56:33,530: DEBUG: GoGo-Tail-Number: [u'AAATestNAS_225']
2013-11-20 10:56:33,530: DEBUG: GoGo-Tail-Number: [u'AAATestNAS_225']
2013-11-20 10:56:33,531: DEBUG: Acct-Output-Octets: [6342775]
2013-11-20 10:56:33,531: DEBUG: Acct-Output-Octets: [6342775]
2013-11-20 10:56:33,532: DEBUG: NAS-IP-Address: ['10.254.230.1']
2013-11-20 10:56:33,532: DEBUG: NAS-IP-Address: ['10.254.230.1']
2013-11-20 10:56:33,532: DEBUG: GoGo-Total-Output-Gigawords: [0]
2013-11-20 10:56:33,532: DEBUG: GoGo-Total-Output-Gigawords: [0]
2013-11-20 10:56:33,533: DEBUG: Framed-IP-Address: ['10.254.230.123']
2013-11-20 10:56:33,533: DEBUG: Framed-IP-Address: ['10.254.230.123']
2013-11-20 10:56:33,534: DEBUG: GoGo-Total-Input-Voice-Gigawords: [0]
2013-11-20 10:56:33,534: DEBUG: GoGo-Total-Input-Voice-Gigawords: [0]
2013-11-20 10:56:33,534: DEBUG: GoGo-Total-Output-Octets: [6342775]
2013-11-20 10:56:33,534: DEBUG: GoGo-Total-Output-Octets: [6342775]
2013-11-20 10:56:33,535: DEBUG: GoGo-Acct-Input-Voice-Octets: [0]
2013-11-20 10:56:33,535: DEBUG: GoGo-Acct-Input-Voice-Octets: [0]
2013-11-20 10:56:33,535: DEBUG: GoGo-Total-Input-Voice-Packets: [0]
2013-11-20 10:56:33,535: DEBUG: GoGo-Total-Input-Voice-Packets: [0]
2013-11-20 10:56:33,536: DEBUG: Called-Station-Id: [u'00:16:3E:26:CA:22']
2013-11-20 10:56:33,536: DEBUG: Called-Station-Id: [u'00:16:3E:26:CA:22']
2013-11-20 10:56:33,537: DEBUG: WISPr-Location-Name: [u'TEST LLC,BA01_01009']
2013-11-20 10:56:33,537: DEBUG: WISPr-Location-Name: [u'TEST LLC,BA01_01009']
2013-11-20 10:56:33,537: DEBUG: NAS-Identifier: [u'C08386']
2013-11-20 10:56:33,537: DEBUG: NAS-Identifier: [u'C08386']
2013-11-20 10:56:33,539: DEBUG: Proxy-State: ['3330,3132']
2013-11-20 10:56:33,539: DEBUG: Proxy-State: ['3330,3132']
2013-11-20 10:56:33,539: DEBUG: GoGo-Total-Input-Voice-Octets: [0]
2013-11-20 10:56:33,539: DEBUG: GoGo-Total-Input-Voice-Octets: [0]
2013-11-20 10:56:33,541: DEBUG: Acct-Status-Type: ['Interim-Update']
2013-11-20 10:56:33,541: DEBUG: Acct-Status-Type: ['Interim-Update']
2013-11-20 10:56:33,541: DEBUG: GoGo-Total-Output-Voice-Gigawords: [0]
2013-11-20 10:56:33,541: DEBUG: GoGo-Total-Output-Voice-Gigawords: [0]
2013-11-20 10:56:33,542: DEBUG: GoGo-Airline: [u'BA01']
2013-11-20 10:56:33,542: DEBUG: GoGo-Airline: [u'BA01']
2013-11-20 10:56:33,542: DEBUG: Acct-Session-Id: [u'AAATestNAS_225-1384925153430-00163E26CA22-1']
2013-11-20 10:56:33,542: DEBUG: Acct-Session-Id: [u'AAATestNAS_225-1384925153430-00163E26CA22-1']
2013-11-20 10:56:33,543: DEBUG: Acct-Session-Time: [10]
2013-11-20 10:56:33,543: DEBUG: Acct-Session-Time: [10]
2013-11-20 10:56:33,544: DEBUG: Acct-Input-Packets: [50855]
2013-11-20 10:56:33,544: DEBUG: Acct-Input-Packets: [50855]
2013-11-20 10:56:33,544: DEBUG: Acct-Output-Packets: [21384]
2013-11-20 10:56:33,544: DEBUG: Acct-Output-Packets: [21384]
2013-11-20 10:56:33,545: DEBUG: GoGo-Acct-Output-Voice-Packets: [0]
2013-11-20 10:56:33,545: DEBUG: GoGo-Acct-Output-Voice-Packets: [0]
2013-11-20 10:56:33,545: DEBUG: GoGo-Acct-Output-Voice-Octets: [0]
2013-11-20 10:56:33,545: DEBUG: GoGo-Acct-Output-Voice-Octets: [0]
2013-11-20 10:56:33,547: DEBUG: Acct-Output-Gigawords: [0]
2013-11-20 10:56:33,547: DEBUG: Acct-Output-Gigawords: [0]
2013-11-20 10:56:33,547: DEBUG: GoGo-Total-Output-Voice-Packets: [0]
2013-11-20 10:56:33,547: DEBUG: GoGo-Total-Output-Voice-Packets: [0]
2013-11-20 10:56:33,547: DEBUG: Acct-Input-Gigawords: [0]
2013-11-20 10:56:33,547: DEBUG: Acct-Input-Gigawords: [0]
2013-11-20 10:56:33,548: DEBUG: Calling-Station-Id: [u'19:21:31:41:52:07']
2013-11-20 10:56:33,548: DEBUG: Calling-Station-Id: [u'19:21:31:41:52:07']
2013-11-20 10:56:33,549: DEBUG: NAS-Port-Type: ['Wireless-802.11']
2013-11-20 10:56:33,549: DEBUG: NAS-Port-Type: ['Wireless-802.11']
2013-11-20 10:56:33,549: DEBUG: GoGo-Total-Output-Voice-Octets: [0]
2013-11-20 10:56:33,549: DEBUG: GoGo-Total-Output-Voice-Octets: [0]
2013-11-20 10:56:33,550: DEBUG: GoGo-Private-IP-Address: ['192.168.1.179']
2013-11-20 10:56:33,550: DEBUG: GoGo-Private-IP-Address: ['192.168.1.179']
2013-11-20 10:56:33,551: DEBUG: GoGo-Acct-Input-Voice-Gigawords: [0]
2013-11-20 10:56:33,551: DEBUG: GoGo-Acct-Input-Voice-Gigawords: [0]
2013-11-20 10:56:33,551: DEBUG: GoGo-Total-Input-Packets: [50855]
2013-11-20 10:56:33,551: DEBUG: GoGo-Total-Input-Packets: [50855]
2013-11-20 10:56:33,552: DEBUG: GoGo-Total-Input-Gigawords: [0]
2013-11-20 10:56:33,552: DEBUG: GoGo-Total-Input-Gigawords: [0]
2013-11-20 10:56:33,553: DEBUG: GoGo-Acct-Input-Voice-Packets: [0]
2013-11-20 10:56:33,553: DEBUG: GoGo-Acct-Input-Voice-Packets: [0]
2013-11-20 10:56:33,554: DEBUG: GoGo-Total-Input-Octets: [7093339]
2013-11-20 10:56:33,554: DEBUG: GoGo-Total-Input-Octets: [7093339]
2013-11-20 10:56:33,555: DEBUG: GoGo-Total-Output-Packets: [21384]
2013-11-20 10:56:33,555: DEBUG: GoGo-Total-Output-Packets: [21384]
2013-11-20 10:56:33,555: DEBUG: WISPr-Location-ID: [u'airline=BA01,tail=01009,network=']
2013-11-20 10:56:33,555: DEBUG: WISPr-Location-ID: [u'airline=BA01,tail=01009,network=']
2013-11-20 10:56:33,555: DEBUG: GoGo-Acct-Output-Voice-Gigawords: [0]
2013-11-20 10:56:33,555: DEBUG: GoGo-Acct-Output-Voice-Gigawords: [0]
2013-11-20 10:56:33,556: DEBUG: Acct-Input-Octets: [7093339]
2013-11-20 10:56:33,556: DEBUG: Acct-Input-Octets: [7093339]
2013-11-20 10:56:33,558: DEBUG: 

2013-11-20 10:56:33,558: DEBUG: 

2013-11-20 10:56:33,559: DEBUG: Received response with following attributes:
2013-11-20 10:56:33,559: DEBUG: Received response with following attributes:
2013-11-20 10:56:43,560: DEBUG: 

2013-11-20 10:56:43,560: DEBUG: 

2013-11-20 10:56:43,561: DEBUG: Creating Accounting Update Request with the following Attributes:
2013-11-20 10:56:43,561: DEBUG: Creating Accounting Update Request with the following Attributes:
2013-11-20 10:56:43,562: DEBUG: User-Name: [u'username41@airborne.aircell.com']
2013-11-20 10:56:43,562: DEBUG: User-Name: [u'username41@airborne.aircell.com']
2013-11-20 10:56:43,562: DEBUG: GoGo-Tail-Number: [u'AAATestNAS_225']
2013-11-20 10:56:43,562: DEBUG: GoGo-Tail-Number: [u'AAATestNAS_225']
2013-11-20 10:56:43,563: DEBUG: Acct-Output-Octets: [7503372]
2013-11-20 10:56:43,563: DEBUG: Acct-Output-Octets: [7503372]
2013-11-20 10:56:43,565: DEBUG: NAS-IP-Address: ['10.254.230.1']
2013-11-20 10:56:43,565: DEBUG: NAS-IP-Address: ['10.254.230.1']
2013-11-20 10:56:43,566: DEBUG: GoGo-Total-Output-Gigawords: [0]
2013-11-20 10:56:43,566: DEBUG: GoGo-Total-Output-Gigawords: [0]
2013-11-20 10:56:43,567: DEBUG: Framed-IP-Address: ['10.254.230.123']
2013-11-20 10:56:43,567: DEBUG: Framed-IP-Address: ['10.254.230.123']
2013-11-20 10:56:43,567: DEBUG: GoGo-Total-Input-Voice-Gigawords: [0]
2013-11-20 10:56:43,567: DEBUG: GoGo-Total-Input-Voice-Gigawords: [0]
2013-11-20 10:56:43,568: DEBUG: GoGo-Total-Output-Octets: [7503372]
2013-11-20 10:56:43,568: DEBUG: GoGo-Total-Output-Octets: [7503372]
2013-11-20 10:56:43,568: DEBUG: GoGo-Acct-Input-Voice-Octets: [0]
2013-11-20 10:56:43,568: DEBUG: GoGo-Acct-Input-Voice-Octets: [0]
2013-11-20 10:56:43,569: DEBUG: GoGo-Total-Input-Voice-Packets: [0]
2013-11-20 10:56:43,569: DEBUG: GoGo-Total-Input-Voice-Packets: [0]
2013-11-20 10:56:43,570: DEBUG: Called-Station-Id: [u'00:16:3E:26:CA:22']
2013-11-20 10:56:43,570: DEBUG: Called-Station-Id: [u'00:16:3E:26:CA:22']
2013-11-20 10:56:43,571: DEBUG: WISPr-Location-Name: [u'TEST LLC,BA01_01009']
2013-11-20 10:56:43,571: DEBUG: WISPr-Location-Name: [u'TEST LLC,BA01_01009']
2013-11-20 10:56:43,571: DEBUG: NAS-Identifier: [u'C08386']
2013-11-20 10:56:43,571: DEBUG: NAS-Identifier: [u'C08386']
2013-11-20 10:56:43,572: DEBUG: Proxy-State: ['3330,3132']
2013-11-20 10:56:43,572: DEBUG: Proxy-State: ['3330,3132']
2013-11-20 10:56:43,573: DEBUG: GoGo-Total-Input-Voice-Octets: [0]
2013-11-20 10:56:43,573: DEBUG: GoGo-Total-Input-Voice-Octets: [0]
2013-11-20 10:56:43,573: DEBUG: Acct-Status-Type: ['Interim-Update']
2013-11-20 10:56:43,573: DEBUG: Acct-Status-Type: ['Interim-Update']
2013-11-20 10:56:43,573: DEBUG: GoGo-Total-Output-Voice-Gigawords: [0]
2013-11-20 10:56:43,573: DEBUG: GoGo-Total-Output-Voice-Gigawords: [0]
2013-11-20 10:56:43,574: DEBUG: GoGo-Airline: [u'BA01']
2013-11-20 10:56:43,574: DEBUG: GoGo-Airline: [u'BA01']
2013-11-20 10:56:43,574: DEBUG: Acct-Session-Id: [u'AAATestNAS_225-1384925153430-00163E26CA22-1']
2013-11-20 10:56:43,574: DEBUG: Acct-Session-Id: [u'AAATestNAS_225-1384925153430-00163E26CA22-1']
2013-11-20 10:56:43,574: DEBUG: Acct-Session-Time: [10]
2013-11-20 10:56:43,574: DEBUG: Acct-Session-Time: [10]
2013-11-20 10:56:43,575: DEBUG: Acct-Input-Packets: [17331]
2013-11-20 10:56:43,575: DEBUG: Acct-Input-Packets: [17331]
2013-11-20 10:56:43,575: DEBUG: Acct-Output-Packets: [51533]
2013-11-20 10:56:43,575: DEBUG: Acct-Output-Packets: [51533]
2013-11-20 10:56:43,576: DEBUG: GoGo-Acct-Output-Voice-Packets: [0]
2013-11-20 10:56:43,576: DEBUG: GoGo-Acct-Output-Voice-Packets: [0]
2013-11-20 10:56:43,577: DEBUG: GoGo-Acct-Output-Voice-Octets: [0]
2013-11-20 10:56:43,577: DEBUG: GoGo-Acct-Output-Voice-Octets: [0]
2013-11-20 10:56:43,577: DEBUG: Acct-Output-Gigawords: [0]
2013-11-20 10:56:43,577: DEBUG: Acct-Output-Gigawords: [0]
2013-11-20 10:56:43,578: DEBUG: GoGo-Total-Output-Voice-Packets: [0]
2013-11-20 10:56:43,578: DEBUG: GoGo-Total-Output-Voice-Packets: [0]
2013-11-20 10:56:43,578: DEBUG: Acct-Input-Gigawords: [0]
2013-11-20 10:56:43,578: DEBUG: Acct-Input-Gigawords: [0]
2013-11-20 10:56:43,578: DEBUG: Calling-Station-Id: [u'19:21:31:41:52:07']
2013-11-20 10:56:43,578: DEBUG: Calling-Station-Id: [u'19:21:31:41:52:07']
2013-11-20 10:56:43,579: DEBUG: NAS-Port-Type: ['Wireless-802.11']
2013-11-20 10:56:43,579: DEBUG: NAS-Port-Type: ['Wireless-802.11']
2013-11-20 10:56:43,579: DEBUG: GoGo-Total-Output-Voice-Octets: [0]
2013-11-20 10:56:43,579: DEBUG: GoGo-Total-Output-Voice-Octets: [0]
2013-11-20 10:56:43,580: DEBUG: GoGo-Private-IP-Address: ['192.168.1.179']
2013-11-20 10:56:43,580: DEBUG: GoGo-Private-IP-Address: ['192.168.1.179']
2013-11-20 10:56:43,580: DEBUG: GoGo-Acct-Input-Voice-Gigawords: [0]
2013-11-20 10:56:43,580: DEBUG: GoGo-Acct-Input-Voice-Gigawords: [0]
2013-11-20 10:56:43,581: DEBUG: GoGo-Total-Input-Packets: [17331]
2013-11-20 10:56:43,581: DEBUG: GoGo-Total-Input-Packets: [17331]
2013-11-20 10:56:43,581: DEBUG: GoGo-Total-Input-Gigawords: [0]
2013-11-20 10:56:43,581: DEBUG: GoGo-Total-Input-Gigawords: [0]
2013-11-20 10:56:43,582: DEBUG: GoGo-Acct-Input-Voice-Packets: [0]
2013-11-20 10:56:43,582: DEBUG: GoGo-Acct-Input-Voice-Packets: [0]
2013-11-20 10:56:43,583: DEBUG: GoGo-Total-Input-Octets: [2744473]
2013-11-20 10:56:43,583: DEBUG: GoGo-Total-Input-Octets: [2744473]
2013-11-20 10:56:43,583: DEBUG: GoGo-Total-Output-Packets: [51533]
2013-11-20 10:56:43,583: DEBUG: GoGo-Total-Output-Packets: [51533]
2013-11-20 10:56:43,584: DEBUG: WISPr-Location-ID: [u'airline=BA01,tail=01009,network=']
2013-11-20 10:56:43,584: DEBUG: WISPr-Location-ID: [u'airline=BA01,tail=01009,network=']
2013-11-20 10:56:43,584: DEBUG: GoGo-Acct-Output-Voice-Gigawords: [0]
2013-11-20 10:56:43,584: DEBUG: GoGo-Acct-Output-Voice-Gigawords: [0]
2013-11-20 10:56:43,585: DEBUG: Acct-Input-Octets: [2744473]
2013-11-20 10:56:43,585: DEBUG: Acct-Input-Octets: [2744473]
2013-11-20 10:56:43,587: DEBUG: 

2013-11-20 10:56:43,587: DEBUG: 

2013-11-20 10:56:43,587: DEBUG: Received response with following attributes:
2013-11-20 10:56:43,587: DEBUG: Received response with following attributes:
2013-11-20 10:56:53,588: DEBUG: 

2013-11-20 10:56:53,588: DEBUG: 

2013-11-20 10:56:53,589: DEBUG: Creating Accounting Update Request with the following Attributes:
2013-11-20 10:56:53,589: DEBUG: Creating Accounting Update Request with the following Attributes:
2013-11-20 10:56:53,589: DEBUG: User-Name: [u'username41@airborne.aircell.com']
2013-11-20 10:56:53,589: DEBUG: User-Name: [u'username41@airborne.aircell.com']
2013-11-20 10:56:53,589: DEBUG: GoGo-Tail-Number: [u'AAATestNAS_225']
2013-11-20 10:56:53,589: DEBUG: GoGo-Tail-Number: [u'AAATestNAS_225']
2013-11-20 10:56:53,589: DEBUG: Acct-Output-Octets: [1619374]
2013-11-20 10:56:53,589: DEBUG: Acct-Output-Octets: [1619374]
2013-11-20 10:56:53,589: DEBUG: NAS-IP-Address: ['10.254.230.1']
2013-11-20 10:56:53,589: DEBUG: NAS-IP-Address: ['10.254.230.1']
2013-11-20 10:56:53,589: DEBUG: GoGo-Total-Output-Gigawords: [0]
2013-11-20 10:56:53,589: DEBUG: GoGo-Total-Output-Gigawords: [0]
2013-11-20 10:56:53,590: DEBUG: Framed-IP-Address: ['10.254.230.123']
2013-11-20 10:56:53,590: DEBUG: Framed-IP-Address: ['10.254.230.123']
2013-11-20 10:56:53,590: DEBUG: GoGo-Total-Input-Voice-Gigawords: [0]
2013-11-20 10:56:53,590: DEBUG: GoGo-Total-Input-Voice-Gigawords: [0]
2013-11-20 10:56:53,590: DEBUG: GoGo-Total-Output-Octets: [1619374]
2013-11-20 10:56:53,590: DEBUG: GoGo-Total-Output-Octets: [1619374]
2013-11-20 10:56:53,590: DEBUG: GoGo-Acct-Input-Voice-Octets: [0]
2013-11-20 10:56:53,590: DEBUG: GoGo-Acct-Input-Voice-Octets: [0]
2013-11-20 10:56:53,590: DEBUG: GoGo-Total-Input-Voice-Packets: [0]
2013-11-20 10:56:53,590: DEBUG: GoGo-Total-Input-Voice-Packets: [0]
2013-11-20 10:56:53,590: DEBUG: Called-Station-Id: [u'00:16:3E:26:CA:22']
2013-11-20 10:56:53,590: DEBUG: Called-Station-Id: [u'00:16:3E:26:CA:22']
2013-11-20 10:56:53,590: DEBUG: WISPr-Location-Name: [u'TEST LLC,BA01_01009']
2013-11-20 10:56:53,590: DEBUG: WISPr-Location-Name: [u'TEST LLC,BA01_01009']
2013-11-20 10:56:53,591: DEBUG: NAS-Identifier: [u'C08386']
2013-11-20 10:56:53,591: DEBUG: NAS-Identifier: [u'C08386']
2013-11-20 10:56:53,591: DEBUG: Proxy-State: ['3330,3132']
2013-11-20 10:56:53,591: DEBUG: Proxy-State: ['3330,3132']
2013-11-20 10:56:53,592: DEBUG: GoGo-Total-Input-Voice-Octets: [0]
2013-11-20 10:56:53,592: DEBUG: GoGo-Total-Input-Voice-Octets: [0]
2013-11-20 10:56:53,592: DEBUG: Acct-Status-Type: ['Interim-Update']
2013-11-20 10:56:53,592: DEBUG: Acct-Status-Type: ['Interim-Update']
2013-11-20 10:56:53,592: DEBUG: GoGo-Total-Output-Voice-Gigawords: [0]
2013-11-20 10:56:53,592: DEBUG: GoGo-Total-Output-Voice-Gigawords: [0]
2013-11-20 10:56:53,592: DEBUG: GoGo-Airline: [u'BA01']
2013-11-20 10:56:53,592: DEBUG: GoGo-Airline: [u'BA01']
2013-11-20 10:56:53,593: DEBUG: Acct-Session-Id: [u'AAATestNAS_225-1384925153430-00163E26CA22-1']
2013-11-20 10:56:53,593: DEBUG: Acct-Session-Id: [u'AAATestNAS_225-1384925153430-00163E26CA22-1']
2013-11-20 10:56:53,593: DEBUG: Acct-Session-Time: [10]
2013-11-20 10:56:53,593: DEBUG: Acct-Session-Time: [10]
2013-11-20 10:56:53,593: DEBUG: Acct-Input-Packets: [12708]
2013-11-20 10:56:53,593: DEBUG: Acct-Input-Packets: [12708]
2013-11-20 10:56:53,593: DEBUG: Acct-Output-Packets: [13748]
2013-11-20 10:56:53,593: DEBUG: Acct-Output-Packets: [13748]
2013-11-20 10:56:53,594: DEBUG: GoGo-Acct-Output-Voice-Packets: [0]
2013-11-20 10:56:53,594: DEBUG: GoGo-Acct-Output-Voice-Packets: [0]
2013-11-20 10:56:53,594: DEBUG: GoGo-Acct-Output-Voice-Octets: [0]
2013-11-20 10:56:53,594: DEBUG: GoGo-Acct-Output-Voice-Octets: [0]
2013-11-20 10:56:53,594: DEBUG: Acct-Output-Gigawords: [0]
2013-11-20 10:56:53,594: DEBUG: Acct-Output-Gigawords: [0]
2013-11-20 10:56:53,594: DEBUG: GoGo-Total-Output-Voice-Packets: [0]
2013-11-20 10:56:53,594: DEBUG: GoGo-Total-Output-Voice-Packets: [0]
2013-11-20 10:56:53,595: DEBUG: Acct-Input-Gigawords: [0]
2013-11-20 10:56:53,595: DEBUG: Acct-Input-Gigawords: [0]
2013-11-20 10:56:53,595: DEBUG: Calling-Station-Id: [u'19:21:31:41:52:07']
2013-11-20 10:56:53,595: DEBUG: Calling-Station-Id: [u'19:21:31:41:52:07']
2013-11-20 10:56:53,595: DEBUG: NAS-Port-Type: ['Wireless-802.11']
2013-11-20 10:56:53,595: DEBUG: NAS-Port-Type: ['Wireless-802.11']
2013-11-20 10:56:53,595: DEBUG: GoGo-Total-Output-Voice-Octets: [0]
2013-11-20 10:56:53,595: DEBUG: GoGo-Total-Output-Voice-Octets: [0]
2013-11-20 10:56:53,596: DEBUG: GoGo-Private-IP-Address: ['192.168.1.179']
2013-11-20 10:56:53,596: DEBUG: GoGo-Private-IP-Address: ['192.168.1.179']
2013-11-20 10:56:53,596: DEBUG: GoGo-Acct-Input-Voice-Gigawords: [0]
2013-11-20 10:56:53,596: DEBUG: GoGo-Acct-Input-Voice-Gigawords: [0]
2013-11-20 10:56:53,596: DEBUG: GoGo-Total-Input-Packets: [12708]
2013-11-20 10:56:53,596: DEBUG: GoGo-Total-Input-Packets: [12708]
2013-11-20 10:56:53,597: DEBUG: GoGo-Total-Input-Gigawords: [0]
2013-11-20 10:56:53,597: DEBUG: GoGo-Total-Input-Gigawords: [0]
2013-11-20 10:56:53,597: DEBUG: GoGo-Acct-Input-Voice-Packets: [0]
2013-11-20 10:56:53,597: DEBUG: GoGo-Acct-Input-Voice-Packets: [0]
2013-11-20 10:56:53,597: DEBUG: GoGo-Total-Input-Octets: [8983244]
2013-11-20 10:56:53,597: DEBUG: GoGo-Total-Input-Octets: [8983244]
2013-11-20 10:56:53,597: DEBUG: GoGo-Total-Output-Packets: [13748]
2013-11-20 10:56:53,597: DEBUG: GoGo-Total-Output-Packets: [13748]
2013-11-20 10:56:53,598: DEBUG: WISPr-Location-ID: [u'airline=BA01,tail=01009,network=']
2013-11-20 10:56:53,598: DEBUG: WISPr-Location-ID: [u'airline=BA01,tail=01009,network=']
2013-11-20 10:56:53,598: DEBUG: GoGo-Acct-Output-Voice-Gigawords: [0]
2013-11-20 10:56:53,598: DEBUG: GoGo-Acct-Output-Voice-Gigawords: [0]
2013-11-20 10:56:53,598: DEBUG: Acct-Input-Octets: [8983244]
2013-11-20 10:56:53,598: DEBUG: Acct-Input-Octets: [8983244]
2013-11-20 10:56:53,600: DEBUG: 

2013-11-20 10:56:53,600: DEBUG: 

2013-11-20 10:56:53,600: DEBUG: Received response with following attributes:
2013-11-20 10:56:53,600: DEBUG: Received response with following attributes:
2013-11-20 10:57:03,602: DEBUG: 

2013-11-20 10:57:03,602: DEBUG: 

2013-11-20 10:57:03,602: DEBUG: Creating Accounting Update Request with the following Attributes:
2013-11-20 10:57:03,602: DEBUG: Creating Accounting Update Request with the following Attributes:
2013-11-20 10:57:03,603: DEBUG: User-Name: [u'username41@airborne.aircell.com']
2013-11-20 10:57:03,603: DEBUG: User-Name: [u'username41@airborne.aircell.com']
2013-11-20 10:57:03,603: DEBUG: GoGo-Tail-Number: [u'AAATestNAS_225']
2013-11-20 10:57:03,603: DEBUG: GoGo-Tail-Number: [u'AAATestNAS_225']
2013-11-20 10:57:03,603: DEBUG: Acct-Output-Octets: [7456946]
2013-11-20 10:57:03,603: DEBUG: Acct-Output-Octets: [7456946]
2013-11-20 10:57:03,603: DEBUG: NAS-IP-Address: ['10.254.230.1']
2013-11-20 10:57:03,603: DEBUG: NAS-IP-Address: ['10.254.230.1']
2013-11-20 10:57:03,603: DEBUG: GoGo-Total-Output-Gigawords: [0]
2013-11-20 10:57:03,603: DEBUG: GoGo-Total-Output-Gigawords: [0]
2013-11-20 10:57:03,603: DEBUG: Framed-IP-Address: ['10.254.230.123']
2013-11-20 10:57:03,603: DEBUG: Framed-IP-Address: ['10.254.230.123']
2013-11-20 10:57:03,603: DEBUG: GoGo-Total-Input-Voice-Gigawords: [0]
2013-11-20 10:57:03,603: DEBUG: GoGo-Total-Input-Voice-Gigawords: [0]
2013-11-20 10:57:03,603: DEBUG: GoGo-Total-Output-Octets: [7456946]
2013-11-20 10:57:03,603: DEBUG: GoGo-Total-Output-Octets: [7456946]
2013-11-20 10:57:03,603: DEBUG: GoGo-Acct-Input-Voice-Octets: [0]
2013-11-20 10:57:03,603: DEBUG: GoGo-Acct-Input-Voice-Octets: [0]
2013-11-20 10:57:03,604: DEBUG: GoGo-Total-Input-Voice-Packets: [0]
2013-11-20 10:57:03,604: DEBUG: GoGo-Total-Input-Voice-Packets: [0]
2013-11-20 10:57:03,604: DEBUG: Called-Station-Id: [u'00:16:3E:26:CA:22']
2013-11-20 10:57:03,604: DEBUG: Called-Station-Id: [u'00:16:3E:26:CA:22']
2013-11-20 10:57:03,604: DEBUG: WISPr-Location-Name: [u'TEST LLC,BA01_01009']
2013-11-20 10:57:03,604: DEBUG: WISPr-Location-Name: [u'TEST LLC,BA01_01009']
2013-11-20 10:57:03,604: DEBUG: NAS-Identifier: [u'C08386']
2013-11-20 10:57:03,604: DEBUG: NAS-Identifier: [u'C08386']
2013-11-20 10:57:03,604: DEBUG: Proxy-State: ['3330,3132']
2013-11-20 10:57:03,604: DEBUG: Proxy-State: ['3330,3132']
2013-11-20 10:57:03,604: DEBUG: GoGo-Total-Input-Voice-Octets: [0]
2013-11-20 10:57:03,604: DEBUG: GoGo-Total-Input-Voice-Octets: [0]
2013-11-20 10:57:03,604: DEBUG: Acct-Status-Type: ['Interim-Update']
2013-11-20 10:57:03,604: DEBUG: Acct-Status-Type: ['Interim-Update']
2013-11-20 10:57:03,604: DEBUG: GoGo-Total-Output-Voice-Gigawords: [0]
2013-11-20 10:57:03,604: DEBUG: GoGo-Total-Output-Voice-Gigawords: [0]
2013-11-20 10:57:03,604: DEBUG: GoGo-Airline: [u'BA01']
2013-11-20 10:57:03,604: DEBUG: GoGo-Airline: [u'BA01']
2013-11-20 10:57:03,605: DEBUG: Acct-Session-Id: [u'AAATestNAS_225-1384925153430-00163E26CA22-1']
2013-11-20 10:57:03,605: DEBUG: Acct-Session-Id: [u'AAATestNAS_225-1384925153430-00163E26CA22-1']
2013-11-20 10:57:03,605: DEBUG: Acct-Session-Time: [10]
2013-11-20 10:57:03,605: DEBUG: Acct-Session-Time: [10]
2013-11-20 10:57:03,605: DEBUG: Acct-Input-Packets: [45124]
2013-11-20 10:57:03,605: DEBUG: Acct-Input-Packets: [45124]
2013-11-20 10:57:03,605: DEBUG: Acct-Output-Packets: [18179]
2013-11-20 10:57:03,605: DEBUG: Acct-Output-Packets: [18179]
2013-11-20 10:57:03,605: DEBUG: GoGo-Acct-Output-Voice-Packets: [0]
2013-11-20 10:57:03,605: DEBUG: GoGo-Acct-Output-Voice-Packets: [0]
2013-11-20 10:57:03,605: DEBUG: GoGo-Acct-Output-Voice-Octets: [0]
2013-11-20 10:57:03,605: DEBUG: GoGo-Acct-Output-Voice-Octets: [0]
2013-11-20 10:57:03,605: DEBUG: Acct-Output-Gigawords: [0]
2013-11-20 10:57:03,605: DEBUG: Acct-Output-Gigawords: [0]
2013-11-20 10:57:03,605: DEBUG: GoGo-Total-Output-Voice-Packets: [0]
2013-11-20 10:57:03,605: DEBUG: GoGo-Total-Output-Voice-Packets: [0]
2013-11-20 10:57:03,605: DEBUG: Acct-Input-Gigawords: [0]
2013-11-20 10:57:03,605: DEBUG: Acct-Input-Gigawords: [0]
2013-11-20 10:57:03,605: DEBUG: Calling-Station-Id: [u'19:21:31:41:52:07']
2013-11-20 10:57:03,605: DEBUG: Calling-Station-Id: [u'19:21:31:41:52:07']
2013-11-20 10:57:03,606: DEBUG: NAS-Port-Type: ['Wireless-802.11']
2013-11-20 10:57:03,606: DEBUG: NAS-Port-Type: ['Wireless-802.11']
2013-11-20 10:57:03,606: DEBUG: GoGo-Total-Output-Voice-Octets: [0]
2013-11-20 10:57:03,606: DEBUG: GoGo-Total-Output-Voice-Octets: [0]
2013-11-20 10:57:03,606: DEBUG: GoGo-Private-IP-Address: ['192.168.1.179']
2013-11-20 10:57:03,606: DEBUG: GoGo-Private-IP-Address: ['192.168.1.179']
2013-11-20 10:57:03,606: DEBUG: GoGo-Acct-Input-Voice-Gigawords: [0]
2013-11-20 10:57:03,606: DEBUG: GoGo-Acct-Input-Voice-Gigawords: [0]
2013-11-20 10:57:03,606: DEBUG: GoGo-Total-Input-Packets: [45124]
2013-11-20 10:57:03,606: DEBUG: GoGo-Total-Input-Packets: [45124]
2013-11-20 10:57:03,606: DEBUG: GoGo-Total-Input-Gigawords: [0]
2013-11-20 10:57:03,606: DEBUG: GoGo-Total-Input-Gigawords: [0]
2013-11-20 10:57:03,606: DEBUG: GoGo-Acct-Input-Voice-Packets: [0]
2013-11-20 10:57:03,606: DEBUG: GoGo-Acct-Input-Voice-Packets: [0]
2013-11-20 10:57:03,606: DEBUG: GoGo-Total-Input-Octets: [4633869]
2013-11-20 10:57:03,606: DEBUG: GoGo-Total-Input-Octets: [4633869]
2013-11-20 10:57:03,606: DEBUG: GoGo-Total-Output-Packets: [18179]
2013-11-20 10:57:03,606: DEBUG: GoGo-Total-Output-Packets: [18179]
2013-11-20 10:57:03,607: DEBUG: WISPr-Location-ID: [u'airline=BA01,tail=01009,network=']
2013-11-20 10:57:03,607: DEBUG: WISPr-Location-ID: [u'airline=BA01,tail=01009,network=']
2013-11-20 10:57:03,607: DEBUG: GoGo-Acct-Output-Voice-Gigawords: [0]
2013-11-20 10:57:03,607: DEBUG: GoGo-Acct-Output-Voice-Gigawords: [0]
2013-11-20 10:57:03,607: DEBUG: Acct-Input-Octets: [4633869]
2013-11-20 10:57:03,607: DEBUG: Acct-Input-Octets: [4633869]
2013-11-20 10:57:03,609: DEBUG: 

2013-11-20 10:57:03,609: DEBUG: 

2013-11-20 10:57:03,609: DEBUG: Received response with following attributes:
2013-11-20 10:57:03,609: DEBUG: Received response with following attributes:
2013-11-20 10:57:13,610: DEBUG: 

2013-11-20 10:57:13,610: DEBUG: 

2013-11-20 10:57:13,611: DEBUG: Creating Accounting Update Request with the following Attributes:
2013-11-20 10:57:13,611: DEBUG: Creating Accounting Update Request with the following Attributes:
2013-11-20 10:57:13,611: DEBUG: User-Name: [u'username41@airborne.aircell.com']
2013-11-20 10:57:13,611: DEBUG: User-Name: [u'username41@airborne.aircell.com']
2013-11-20 10:57:13,611: DEBUG: GoGo-Tail-Number: [u'AAATestNAS_225']
2013-11-20 10:57:13,611: DEBUG: GoGo-Tail-Number: [u'AAATestNAS_225']
2013-11-20 10:57:13,611: DEBUG: Acct-Output-Octets: [5670553]
2013-11-20 10:57:13,611: DEBUG: Acct-Output-Octets: [5670553]
2013-11-20 10:57:13,611: DEBUG: NAS-IP-Address: ['10.254.230.1']
2013-11-20 10:57:13,611: DEBUG: NAS-IP-Address: ['10.254.230.1']
2013-11-20 10:57:13,611: DEBUG: GoGo-Total-Output-Gigawords: [0]
2013-11-20 10:57:13,611: DEBUG: GoGo-Total-Output-Gigawords: [0]
2013-11-20 10:57:13,611: DEBUG: Framed-IP-Address: ['10.254.230.123']
2013-11-20 10:57:13,611: DEBUG: Framed-IP-Address: ['10.254.230.123']
2013-11-20 10:57:13,612: DEBUG: GoGo-Total-Input-Voice-Gigawords: [0]
2013-11-20 10:57:13,612: DEBUG: GoGo-Total-Input-Voice-Gigawords: [0]
2013-11-20 10:57:13,612: DEBUG: GoGo-Total-Output-Octets: [5670553]
2013-11-20 10:57:13,612: DEBUG: GoGo-Total-Output-Octets: [5670553]
2013-11-20 10:57:13,612: DEBUG: GoGo-Acct-Input-Voice-Octets: [0]
2013-11-20 10:57:13,612: DEBUG: GoGo-Acct-Input-Voice-Octets: [0]
2013-11-20 10:57:13,612: DEBUG: GoGo-Total-Input-Voice-Packets: [0]
2013-11-20 10:57:13,612: DEBUG: GoGo-Total-Input-Voice-Packets: [0]
2013-11-20 10:57:13,612: DEBUG: Called-Station-Id: [u'00:16:3E:26:CA:22']
2013-11-20 10:57:13,612: DEBUG: Called-Station-Id: [u'00:16:3E:26:CA:22']
2013-11-20 10:57:13,612: DEBUG: WISPr-Location-Name: [u'TEST LLC,BA01_01009']
2013-11-20 10:57:13,612: DEBUG: WISPr-Location-Name: [u'TEST LLC,BA01_01009']
2013-11-20 10:57:13,612: DEBUG: NAS-Identifier: [u'C08386']
2013-11-20 10:57:13,612: DEBUG: NAS-Identifier: [u'C08386']
2013-11-20 10:57:13,612: DEBUG: Proxy-State: ['3330,3132']
2013-11-20 10:57:13,612: DEBUG: Proxy-State: ['3330,3132']
2013-11-20 10:57:13,612: DEBUG: GoGo-Total-Input-Voice-Octets: [0]
2013-11-20 10:57:13,612: DEBUG: GoGo-Total-Input-Voice-Octets: [0]
2013-11-20 10:57:13,612: DEBUG: Acct-Status-Type: ['Interim-Update']
2013-11-20 10:57:13,612: DEBUG: Acct-Status-Type: ['Interim-Update']
2013-11-20 10:57:13,613: DEBUG: GoGo-Total-Output-Voice-Gigawords: [0]
2013-11-20 10:57:13,613: DEBUG: GoGo-Total-Output-Voice-Gigawords: [0]
2013-11-20 10:57:13,613: DEBUG: GoGo-Airline: [u'BA01']
2013-11-20 10:57:13,613: DEBUG: GoGo-Airline: [u'BA01']
2013-11-20 10:57:13,613: DEBUG: Acct-Session-Id: [u'AAATestNAS_225-1384925153430-00163E26CA22-1']
2013-11-20 10:57:13,613: DEBUG: Acct-Session-Id: [u'AAATestNAS_225-1384925153430-00163E26CA22-1']
2013-11-20 10:57:13,613: DEBUG: Acct-Session-Time: [10]
2013-11-20 10:57:13,613: DEBUG: Acct-Session-Time: [10]
2013-11-20 10:57:13,613: DEBUG: Acct-Input-Packets: [6309]
2013-11-20 10:57:13,613: DEBUG: Acct-Input-Packets: [6309]
2013-11-20 10:57:13,613: DEBUG: Acct-Output-Packets: [54992]
2013-11-20 10:57:13,613: DEBUG: Acct-Output-Packets: [54992]
2013-11-20 10:57:13,613: DEBUG: GoGo-Acct-Output-Voice-Packets: [0]
2013-11-20 10:57:13,613: DEBUG: GoGo-Acct-Output-Voice-Packets: [0]
2013-11-20 10:57:13,613: DEBUG: GoGo-Acct-Output-Voice-Octets: [0]
2013-11-20 10:57:13,613: DEBUG: GoGo-Acct-Output-Voice-Octets: [0]
2013-11-20 10:57:13,613: DEBUG: Acct-Output-Gigawords: [0]
2013-11-20 10:57:13,613: DEBUG: Acct-Output-Gigawords: [0]
2013-11-20 10:57:13,613: DEBUG: GoGo-Total-Output-Voice-Packets: [0]
2013-11-20 10:57:13,613: DEBUG: GoGo-Total-Output-Voice-Packets: [0]
2013-11-20 10:57:13,614: DEBUG: Acct-Input-Gigawords: [0]
2013-11-20 10:57:13,614: DEBUG: Acct-Input-Gigawords: [0]
2013-11-20 10:57:13,614: DEBUG: Calling-Station-Id: [u'19:21:31:41:52:07']
2013-11-20 10:57:13,614: DEBUG: Calling-Station-Id: [u'19:21:31:41:52:07']
2013-11-20 10:57:13,614: DEBUG: NAS-Port-Type: ['Wireless-802.11']
2013-11-20 10:57:13,614: DEBUG: NAS-Port-Type: ['Wireless-802.11']
2013-11-20 10:57:13,614: DEBUG: GoGo-Total-Output-Voice-Octets: [0]
2013-11-20 10:57:13,614: DEBUG: GoGo-Total-Output-Voice-Octets: [0]
2013-11-20 10:57:13,614: DEBUG: GoGo-Private-IP-Address: ['192.168.1.179']
2013-11-20 10:57:13,614: DEBUG: GoGo-Private-IP-Address: ['192.168.1.179']
2013-11-20 10:57:13,614: DEBUG: GoGo-Acct-Input-Voice-Gigawords: [0]
2013-11-20 10:57:13,614: DEBUG: GoGo-Acct-Input-Voice-Gigawords: [0]
2013-11-20 10:57:13,615: DEBUG: GoGo-Total-Input-Packets: [6309]
2013-11-20 10:57:13,615: DEBUG: GoGo-Total-Input-Packets: [6309]
2013-11-20 10:57:13,615: DEBUG: GoGo-Total-Input-Gigawords: [0]
2013-11-20 10:57:13,615: DEBUG: GoGo-Total-Input-Gigawords: [0]
2013-11-20 10:57:13,616: DEBUG: GoGo-Acct-Input-Voice-Packets: [0]
2013-11-20 10:57:13,616: DEBUG: GoGo-Acct-Input-Voice-Packets: [0]
2013-11-20 10:57:13,616: DEBUG: GoGo-Total-Input-Octets: [4196805]
2013-11-20 10:57:13,616: DEBUG: GoGo-Total-Input-Octets: [4196805]
2013-11-20 10:57:13,616: DEBUG: GoGo-Total-Output-Packets: [54992]
2013-11-20 10:57:13,616: DEBUG: GoGo-Total-Output-Packets: [54992]
2013-11-20 10:57:13,617: DEBUG: WISPr-Location-ID: [u'airline=BA01,tail=01009,network=']
2013-11-20 10:57:13,617: DEBUG: WISPr-Location-ID: [u'airline=BA01,tail=01009,network=']
2013-11-20 10:57:13,617: DEBUG: GoGo-Acct-Output-Voice-Gigawords: [0]
2013-11-20 10:57:13,617: DEBUG: GoGo-Acct-Output-Voice-Gigawords: [0]
2013-11-20 10:57:13,617: DEBUG: Acct-Input-Octets: [4196805]
2013-11-20 10:57:13,617: DEBUG: Acct-Input-Octets: [4196805]
2013-11-20 10:57:13,619: DEBUG: 

2013-11-20 10:57:13,619: DEBUG: 

2013-11-20 10:57:13,619: DEBUG: Received response with following attributes:
2013-11-20 10:57:13,619: DEBUG: Received response with following attributes:
2013-11-20 10:57:23,621: DEBUG: 

2013-11-20 10:57:23,621: DEBUG: 

2013-11-20 10:57:23,621: DEBUG: Creating Accounting Update Request with the following Attributes:
2013-11-20 10:57:23,621: DEBUG: Creating Accounting Update Request with the following Attributes:
2013-11-20 10:57:23,621: DEBUG: User-Name: [u'username41@airborne.aircell.com']
2013-11-20 10:57:23,621: DEBUG: User-Name: [u'username41@airborne.aircell.com']
2013-11-20 10:57:23,622: DEBUG: GoGo-Tail-Number: [u'AAATestNAS_225']
2013-11-20 10:57:23,622: DEBUG: GoGo-Tail-Number: [u'AAATestNAS_225']
2013-11-20 10:57:23,622: DEBUG: Acct-Output-Octets: [3055219]
2013-11-20 10:57:23,622: DEBUG: Acct-Output-Octets: [3055219]
2013-11-20 10:57:23,622: DEBUG: NAS-IP-Address: ['10.254.230.1']
2013-11-20 10:57:23,622: DEBUG: NAS-IP-Address: ['10.254.230.1']
2013-11-20 10:57:23,622: DEBUG: GoGo-Total-Output-Gigawords: [0]
2013-11-20 10:57:23,622: DEBUG: GoGo-Total-Output-Gigawords: [0]
2013-11-20 10:57:23,622: DEBUG: Framed-IP-Address: ['10.254.230.123']
2013-11-20 10:57:23,622: DEBUG: Framed-IP-Address: ['10.254.230.123']
2013-11-20 10:57:23,622: DEBUG: GoGo-Total-Input-Voice-Gigawords: [0]
2013-11-20 10:57:23,622: DEBUG: GoGo-Total-Input-Voice-Gigawords: [0]
2013-11-20 10:57:23,622: DEBUG: GoGo-Total-Output-Octets: [3055219]
2013-11-20 10:57:23,622: DEBUG: GoGo-Total-Output-Octets: [3055219]
2013-11-20 10:57:23,622: DEBUG: GoGo-Acct-Input-Voice-Octets: [0]
2013-11-20 10:57:23,622: DEBUG: GoGo-Acct-Input-Voice-Octets: [0]
2013-11-20 10:57:23,622: DEBUG: GoGo-Total-Input-Voice-Packets: [0]
2013-11-20 10:57:23,622: DEBUG: GoGo-Total-Input-Voice-Packets: [0]
2013-11-20 10:57:23,623: DEBUG: Called-Station-Id: [u'00:16:3E:26:CA:22']
2013-11-20 10:57:23,623: DEBUG: Called-Station-Id: [u'00:16:3E:26:CA:22']
2013-11-20 10:57:23,623: DEBUG: WISPr-Location-Name: [u'TEST LLC,BA01_01009']
2013-11-20 10:57:23,623: DEBUG: WISPr-Location-Name: [u'TEST LLC,BA01_01009']
2013-11-20 10:57:23,623: DEBUG: NAS-Identifier: [u'C08386']
2013-11-20 10:57:23,623: DEBUG: NAS-Identifier: [u'C08386']
2013-11-20 10:57:23,623: DEBUG: Proxy-State: ['3330,3132']
2013-11-20 10:57:23,623: DEBUG: Proxy-State: ['3330,3132']
2013-11-20 10:57:23,623: DEBUG: GoGo-Total-Input-Voice-Octets: [0]
2013-11-20 10:57:23,623: DEBUG: GoGo-Total-Input-Voice-Octets: [0]
2013-11-20 10:57:23,623: DEBUG: Acct-Status-Type: ['Interim-Update']
2013-11-20 10:57:23,623: DEBUG: Acct-Status-Type: ['Interim-Update']
2013-11-20 10:57:23,623: DEBUG: GoGo-Total-Output-Voice-Gigawords: [0]
2013-11-20 10:57:23,623: DEBUG: GoGo-Total-Output-Voice-Gigawords: [0]
2013-11-20 10:57:23,623: DEBUG: GoGo-Airline: [u'BA01']
2013-11-20 10:57:23,623: DEBUG: GoGo-Airline: [u'BA01']
2013-11-20 10:57:23,623: DEBUG: Acct-Session-Id: [u'AAATestNAS_225-1384925153430-00163E26CA22-1']
2013-11-20 10:57:23,623: DEBUG: Acct-Session-Id: [u'AAATestNAS_225-1384925153430-00163E26CA22-1']
2013-11-20 10:57:23,624: DEBUG: Acct-Session-Time: [10]
2013-11-20 10:57:23,624: DEBUG: Acct-Session-Time: [10]
2013-11-20 10:57:23,624: DEBUG: Acct-Input-Packets: [10539]
2013-11-20 10:57:23,624: DEBUG: Acct-Input-Packets: [10539]
2013-11-20 10:57:23,624: DEBUG: Acct-Output-Packets: [13279]
2013-11-20 10:57:23,624: DEBUG: Acct-Output-Packets: [13279]
2013-11-20 10:57:23,624: DEBUG: GoGo-Acct-Output-Voice-Packets: [0]
2013-11-20 10:57:23,624: DEBUG: GoGo-Acct-Output-Voice-Packets: [0]
2013-11-20 10:57:23,624: DEBUG: GoGo-Acct-Output-Voice-Octets: [0]
2013-11-20 10:57:23,624: DEBUG: GoGo-Acct-Output-Voice-Octets: [0]
2013-11-20 10:57:23,624: DEBUG: Acct-Output-Gigawords: [0]
2013-11-20 10:57:23,624: DEBUG: Acct-Output-Gigawords: [0]
2013-11-20 10:57:23,624: DEBUG: GoGo-Total-Output-Voice-Packets: [0]
2013-11-20 10:57:23,624: DEBUG: GoGo-Total-Output-Voice-Packets: [0]
2013-11-20 10:57:23,624: DEBUG: Acct-Input-Gigawords: [0]
2013-11-20 10:57:23,624: DEBUG: Acct-Input-Gigawords: [0]
2013-11-20 10:57:23,624: DEBUG: Calling-Station-Id: [u'19:21:31:41:52:07']
2013-11-20 10:57:23,624: DEBUG: Calling-Station-Id: [u'19:21:31:41:52:07']
2013-11-20 10:57:23,624: DEBUG: NAS-Port-Type: ['Wireless-802.11']
2013-11-20 10:57:23,624: DEBUG: NAS-Port-Type: ['Wireless-802.11']
2013-11-20 10:57:23,625: DEBUG: GoGo-Total-Output-Voice-Octets: [0]
2013-11-20 10:57:23,625: DEBUG: GoGo-Total-Output-Voice-Octets: [0]
2013-11-20 10:57:23,625: DEBUG: GoGo-Private-IP-Address: ['192.168.1.179']
2013-11-20 10:57:23,625: DEBUG: GoGo-Private-IP-Address: ['192.168.1.179']
2013-11-20 10:57:23,625: DEBUG: GoGo-Acct-Input-Voice-Gigawords: [0]
2013-11-20 10:57:23,625: DEBUG: GoGo-Acct-Input-Voice-Gigawords: [0]
2013-11-20 10:57:23,625: DEBUG: GoGo-Total-Input-Packets: [10539]
2013-11-20 10:57:23,625: DEBUG: GoGo-Total-Input-Packets: [10539]
2013-11-20 10:57:23,625: DEBUG: GoGo-Total-Input-Gigawords: [0]
2013-11-20 10:57:23,625: DEBUG: GoGo-Total-Input-Gigawords: [0]
2013-11-20 10:57:23,625: DEBUG: GoGo-Acct-Input-Voice-Packets: [0]
2013-11-20 10:57:23,625: DEBUG: GoGo-Acct-Input-Voice-Packets: [0]
2013-11-20 10:57:23,625: DEBUG: GoGo-Total-Input-Octets: [1131953]
2013-11-20 10:57:23,625: DEBUG: GoGo-Total-Input-Octets: [1131953]
2013-11-20 10:57:23,625: DEBUG: GoGo-Total-Output-Packets: [13279]
2013-11-20 10:57:23,625: DEBUG: GoGo-Total-Output-Packets: [13279]
2013-11-20 10:57:23,625: DEBUG: WISPr-Location-ID: [u'airline=BA01,tail=01009,network=']
2013-11-20 10:57:23,625: DEBUG: WISPr-Location-ID: [u'airline=BA01,tail=01009,network=']
2013-11-20 10:57:23,625: DEBUG: GoGo-Acct-Output-Voice-Gigawords: [0]
2013-11-20 10:57:23,625: DEBUG: GoGo-Acct-Output-Voice-Gigawords: [0]
2013-11-20 10:57:23,626: DEBUG: Acct-Input-Octets: [1131953]
2013-11-20 10:57:23,626: DEBUG: Acct-Input-Octets: [1131953]
2013-11-20 10:57:23,627: DEBUG: 

2013-11-20 10:57:23,627: DEBUG: 

2013-11-20 10:57:23,627: DEBUG: Received response with following attributes:
2013-11-20 10:57:23,627: DEBUG: Received response with following attributes:
2013-11-20 10:57:32,628: DEBUG: 

2013-11-20 10:57:32,628: DEBUG: 

2013-11-20 10:57:32,628: DEBUG: Creating Accounting Update Request with the following Attributes:
2013-11-20 10:57:32,628: DEBUG: Creating Accounting Update Request with the following Attributes:
2013-11-20 10:57:32,628: DEBUG: User-Name: [u'username41@airborne.aircell.com']
2013-11-20 10:57:32,628: DEBUG: User-Name: [u'username41@airborne.aircell.com']
2013-11-20 10:57:32,629: DEBUG: GoGo-Tail-Number: [u'AAATestNAS_225']
2013-11-20 10:57:32,629: DEBUG: GoGo-Tail-Number: [u'AAATestNAS_225']
2013-11-20 10:57:32,629: DEBUG: Acct-Output-Octets: [8395930]
2013-11-20 10:57:32,629: DEBUG: Acct-Output-Octets: [8395930]
2013-11-20 10:57:32,629: DEBUG: NAS-IP-Address: ['10.254.230.1']
2013-11-20 10:57:32,629: DEBUG: NAS-IP-Address: ['10.254.230.1']
2013-11-20 10:57:32,629: DEBUG: GoGo-Total-Output-Gigawords: [0]
2013-11-20 10:57:32,629: DEBUG: GoGo-Total-Output-Gigawords: [0]
2013-11-20 10:57:32,629: DEBUG: Framed-IP-Address: ['10.254.230.123']
2013-11-20 10:57:32,629: DEBUG: Framed-IP-Address: ['10.254.230.123']
2013-11-20 10:57:32,629: DEBUG: GoGo-Total-Input-Voice-Gigawords: [0]
2013-11-20 10:57:32,629: DEBUG: GoGo-Total-Input-Voice-Gigawords: [0]
2013-11-20 10:57:32,629: DEBUG: GoGo-Total-Output-Octets: [8395930]
2013-11-20 10:57:32,629: DEBUG: GoGo-Total-Output-Octets: [8395930]
2013-11-20 10:57:32,629: DEBUG: GoGo-Acct-Input-Voice-Octets: [0]
2013-11-20 10:57:32,629: DEBUG: GoGo-Acct-Input-Voice-Octets: [0]
2013-11-20 10:57:32,629: DEBUG: GoGo-Total-Input-Voice-Packets: [0]
2013-11-20 10:57:32,629: DEBUG: GoGo-Total-Input-Voice-Packets: [0]
2013-11-20 10:57:32,630: DEBUG: Called-Station-Id: [u'00:16:3E:26:CA:22']
2013-11-20 10:57:32,630: DEBUG: Called-Station-Id: [u'00:16:3E:26:CA:22']
2013-11-20 10:57:32,630: DEBUG: WISPr-Location-Name: [u'TEST LLC,BA01_01009']
2013-11-20 10:57:32,630: DEBUG: WISPr-Location-Name: [u'TEST LLC,BA01_01009']
2013-11-20 10:57:32,630: DEBUG: NAS-Identifier: [u'C08386']
2013-11-20 10:57:32,630: DEBUG: NAS-Identifier: [u'C08386']
2013-11-20 10:57:32,630: DEBUG: Proxy-State: ['3330,3132']
2013-11-20 10:57:32,630: DEBUG: Proxy-State: ['3330,3132']
2013-11-20 10:57:32,630: DEBUG: GoGo-Total-Input-Voice-Octets: [0]
2013-11-20 10:57:32,630: DEBUG: GoGo-Total-Input-Voice-Octets: [0]
2013-11-20 10:57:32,630: DEBUG: Acct-Status-Type: ['Interim-Update']
2013-11-20 10:57:32,630: DEBUG: Acct-Status-Type: ['Interim-Update']
2013-11-20 10:57:32,630: DEBUG: GoGo-Total-Output-Voice-Gigawords: [0]
2013-11-20 10:57:32,630: DEBUG: GoGo-Total-Output-Voice-Gigawords: [0]
2013-11-20 10:57:32,630: DEBUG: GoGo-Airline: [u'BA01']
2013-11-20 10:57:32,630: DEBUG: GoGo-Airline: [u'BA01']
2013-11-20 10:57:32,630: DEBUG: Acct-Session-Id: [u'AAATestNAS_225-1384925153430-00163E26CA22-1']
2013-11-20 10:57:32,630: DEBUG: Acct-Session-Id: [u'AAATestNAS_225-1384925153430-00163E26CA22-1']
2013-11-20 10:57:32,630: DEBUG: Acct-Session-Time: [9]
2013-11-20 10:57:32,630: DEBUG: Acct-Session-Time: [9]
2013-11-20 10:57:32,631: DEBUG: Acct-Input-Packets: [13183]
2013-11-20 10:57:32,631: DEBUG: Acct-Input-Packets: [13183]
2013-11-20 10:57:32,631: DEBUG: Acct-Output-Packets: [69005]
2013-11-20 10:57:32,631: DEBUG: Acct-Output-Packets: [69005]
2013-11-20 10:57:32,631: DEBUG: GoGo-Acct-Output-Voice-Packets: [0]
2013-11-20 10:57:32,631: DEBUG: GoGo-Acct-Output-Voice-Packets: [0]
2013-11-20 10:57:32,631: DEBUG: GoGo-Acct-Output-Voice-Octets: [0]
2013-11-20 10:57:32,631: DEBUG: GoGo-Acct-Output-Voice-Octets: [0]
2013-11-20 10:57:32,631: DEBUG: Acct-Output-Gigawords: [0]
2013-11-20 10:57:32,631: DEBUG: Acct-Output-Gigawords: [0]
2013-11-20 10:57:32,631: DEBUG: GoGo-Total-Output-Voice-Packets: [0]
2013-11-20 10:57:32,631: DEBUG: GoGo-Total-Output-Voice-Packets: [0]
2013-11-20 10:57:32,631: DEBUG: Acct-Input-Gigawords: [0]
2013-11-20 10:57:32,631: DEBUG: Acct-Input-Gigawords: [0]
2013-11-20 10:57:32,631: DEBUG: Calling-Station-Id: [u'19:21:31:41:52:07']
2013-11-20 10:57:32,631: DEBUG: Calling-Station-Id: [u'19:21:31:41:52:07']
2013-11-20 10:57:32,631: DEBUG: NAS-Port-Type: ['Wireless-802.11']
2013-11-20 10:57:32,631: DEBUG: NAS-Port-Type: ['Wireless-802.11']
2013-11-20 10:57:32,632: DEBUG: GoGo-Total-Output-Voice-Octets: [0]
2013-11-20 10:57:32,632: DEBUG: GoGo-Total-Output-Voice-Octets: [0]
2013-11-20 10:57:32,632: DEBUG: GoGo-Private-IP-Address: ['192.168.1.179']
2013-11-20 10:57:32,632: DEBUG: GoGo-Private-IP-Address: ['192.168.1.179']
2013-11-20 10:57:32,632: DEBUG: GoGo-Acct-Input-Voice-Gigawords: [0]
2013-11-20 10:57:32,632: DEBUG: GoGo-Acct-Input-Voice-Gigawords: [0]
2013-11-20 10:57:32,632: DEBUG: GoGo-Total-Input-Packets: [13183]
2013-11-20 10:57:32,632: DEBUG: GoGo-Total-Input-Packets: [13183]
2013-11-20 10:57:32,632: DEBUG: GoGo-Total-Input-Gigawords: [0]
2013-11-20 10:57:32,632: DEBUG: GoGo-Total-Input-Gigawords: [0]
2013-11-20 10:57:32,632: DEBUG: GoGo-Acct-Input-Voice-Packets: [0]
2013-11-20 10:57:32,632: DEBUG: GoGo-Acct-Input-Voice-Packets: [0]
2013-11-20 10:57:32,632: DEBUG: GoGo-Total-Input-Octets: [1552969]
2013-11-20 10:57:32,632: DEBUG: GoGo-Total-Input-Octets: [1552969]
2013-11-20 10:57:32,632: DEBUG: GoGo-Total-Output-Packets: [69005]
2013-11-20 10:57:32,632: DEBUG: GoGo-Total-Output-Packets: [69005]
2013-11-20 10:57:32,632: DEBUG: WISPr-Location-ID: [u'airline=BA01,tail=01009,network=']
2013-11-20 10:57:32,632: DEBUG: WISPr-Location-ID: [u'airline=BA01,tail=01009,network=']
2013-11-20 10:57:32,632: DEBUG: GoGo-Acct-Output-Voice-Gigawords: [0]
2013-11-20 10:57:32,632: DEBUG: GoGo-Acct-Output-Voice-Gigawords: [0]
2013-11-20 10:57:32,633: DEBUG: Acct-Input-Octets: [1552969]
2013-11-20 10:57:32,633: DEBUG: Acct-Input-Octets: [1552969]
2013-11-20 10:57:32,633: ERROR: Network error, Reason: 'Network error: Too many open files'
2013-11-20 10:57:32,633: ERROR: Network error, Reason: 'Network error: Too many open files'
2013-11-20 10:58:00,633: DEBUG: 

2013-11-20 10:58:00,633: DEBUG: 

2013-11-20 10:58:00,634: DEBUG: Creating Accounting Stop Request with the following Attributes:
2013-11-20 10:58:00,634: DEBUG: Creating Accounting Stop Request with the following Attributes:
2013-11-20 10:58:00,635: DEBUG: User-Name: [u'username41@airborne.aircell.com']
2013-11-20 10:58:00,635: DEBUG: User-Name: [u'username41@airborne.aircell.com']
2013-11-20 10:58:00,637: DEBUG: GoGo-Tail-Number: [u'01009']
2013-11-20 10:58:00,637: DEBUG: GoGo-Tail-Number: [u'01009']
2013-11-20 10:58:00,637: DEBUG: Acct-Output-Octets: [3672824]
2013-11-20 10:58:00,637: DEBUG: Acct-Output-Octets: [3672824]
2013-11-20 10:58:00,637: DEBUG: NAS-IP-Address: ['10.254.230.1']
2013-11-20 10:58:00,637: DEBUG: NAS-IP-Address: ['10.254.230.1']
2013-11-20 10:58:00,638: DEBUG: GoGo-Total-Output-Gigawords: [0]
2013-11-20 10:58:00,638: DEBUG: GoGo-Total-Output-Gigawords: [0]
2013-11-20 10:58:00,639: DEBUG: Framed-IP-Address: ['10.254.230.123']
2013-11-20 10:58:00,639: DEBUG: Framed-IP-Address: ['10.254.230.123']
2013-11-20 10:58:00,639: DEBUG: GoGo-Total-Input-Voice-Gigawords: [0]
2013-11-20 10:58:00,639: DEBUG: GoGo-Total-Input-Voice-Gigawords: [0]
2013-11-20 10:58:00,640: DEBUG: GoGo-Total-Output-Octets: [3672824]
2013-11-20 10:58:00,640: DEBUG: GoGo-Total-Output-Octets: [3672824]
2013-11-20 10:58:00,641: DEBUG: GoGo-Acct-Input-Voice-Octets: [0]
2013-11-20 10:58:00,641: DEBUG: GoGo-Acct-Input-Voice-Octets: [0]
2013-11-20 10:58:00,641: DEBUG: GoGo-Total-Input-Voice-Packets: [0]
2013-11-20 10:58:00,641: DEBUG: GoGo-Total-Input-Voice-Packets: [0]
2013-11-20 10:58:00,642: DEBUG: Called-Station-Id: [u'00:16:3E:26:CA:22']
2013-11-20 10:58:00,642: DEBUG: Called-Station-Id: [u'00:16:3E:26:CA:22']
2013-11-20 10:58:00,642: DEBUG: WISPr-Location-Name: [u'TEST LLC,BA01_01009']
2013-11-20 10:58:00,642: DEBUG: WISPr-Location-Name: [u'TEST LLC,BA01_01009']
2013-11-20 10:58:00,643: DEBUG: NAS-Identifier: [u'C08386']
2013-11-20 10:58:00,643: DEBUG: NAS-Identifier: [u'C08386']
2013-11-20 10:58:00,643: DEBUG: Proxy-State: ['3330,3132']
2013-11-20 10:58:00,643: DEBUG: Proxy-State: ['3330,3132']
2013-11-20 10:58:00,644: DEBUG: GoGo-Total-Input-Voice-Octets: [0]
2013-11-20 10:58:00,644: DEBUG: GoGo-Total-Input-Voice-Octets: [0]
2013-11-20 10:58:00,644: DEBUG: Acct-Status-Type: ['Stop']
2013-11-20 10:58:00,644: DEBUG: Acct-Status-Type: ['Stop']
2013-11-20 10:58:00,645: DEBUG: GoGo-Total-Output-Voice-Gigawords: [0]
2013-11-20 10:58:00,645: DEBUG: GoGo-Total-Output-Voice-Gigawords: [0]
2013-11-20 10:58:00,646: DEBUG: GoGo-Airline: [u'BA01']
2013-11-20 10:58:00,646: DEBUG: GoGo-Airline: [u'BA01']
2013-11-20 10:58:00,647: DEBUG: Acct-Session-Id: [u'AAATestNAS_225-1384925153430-00163E26CA22-1']
2013-11-20 10:58:00,647: DEBUG: Acct-Session-Id: [u'AAATestNAS_225-1384925153430-00163E26CA22-1']
2013-11-20 10:58:00,647: DEBUG: Acct-Session-Time: [28]
2013-11-20 10:58:00,647: DEBUG: Acct-Session-Time: [28]
2013-11-20 10:58:00,648: DEBUG: Acct-Input-Packets: [40221]
2013-11-20 10:58:00,648: DEBUG: Acct-Input-Packets: [40221]
2013-11-20 10:58:00,648: DEBUG: Acct-Output-Packets: [11887]
2013-11-20 10:58:00,648: DEBUG: Acct-Output-Packets: [11887]
2013-11-20 10:58:00,649: DEBUG: Acct-Terminate-Cause: ['User-Request']
2013-11-20 10:58:00,649: DEBUG: Acct-Terminate-Cause: ['User-Request']
2013-11-20 10:58:00,649: DEBUG: GoGo-Acct-Output-Voice-Octets: [0]
2013-11-20 10:58:00,649: DEBUG: GoGo-Acct-Output-Voice-Octets: [0]
2013-11-20 10:58:00,650: DEBUG: Acct-Output-Gigawords: [0]
2013-11-20 10:58:00,650: DEBUG: Acct-Output-Gigawords: [0]
2013-11-20 10:58:00,650: DEBUG: GoGo-Total-Output-Voice-Packets: [0]
2013-11-20 10:58:00,650: DEBUG: GoGo-Total-Output-Voice-Packets: [0]
2013-11-20 10:58:00,650: DEBUG: Acct-Input-Gigawords: [0]
2013-11-20 10:58:00,650: DEBUG: Acct-Input-Gigawords: [0]
2013-11-20 10:58:00,651: DEBUG: Calling-Station-Id: [u'19:21:31:41:52:07']
2013-11-20 10:58:00,651: DEBUG: Calling-Station-Id: [u'19:21:31:41:52:07']
2013-11-20 10:58:00,651: DEBUG: NAS-Port-Type: ['Wireless-802.11']
2013-11-20 10:58:00,651: DEBUG: NAS-Port-Type: ['Wireless-802.11']
2013-11-20 10:58:00,651: DEBUG: GoGo-Total-Output-Voice-Octets: [0]
2013-11-20 10:58:00,651: DEBUG: GoGo-Total-Output-Voice-Octets: [0]
2013-11-20 10:58:00,652: DEBUG: GoGo-Private-IP-Address: ['192.168.1.179']
2013-11-20 10:58:00,652: DEBUG: GoGo-Private-IP-Address: ['192.168.1.179']
2013-11-20 10:58:00,652: DEBUG: GoGo-Acct-Input-Voice-Gigawords: [0]
2013-11-20 10:58:00,652: DEBUG: GoGo-Acct-Input-Voice-Gigawords: [0]
2013-11-20 10:58:00,653: DEBUG: GoGo-Total-Input-Packets: [40221]
2013-11-20 10:58:00,653: DEBUG: GoGo-Total-Input-Packets: [40221]
2013-11-20 10:58:00,653: DEBUG: GoGo-Total-Input-Gigawords: [0]
2013-11-20 10:58:00,653: DEBUG: GoGo-Total-Input-Gigawords: [0]
2013-11-20 10:58:00,654: DEBUG: GoGo-Acct-Input-Voice-Packets: [0]
2013-11-20 10:58:00,654: DEBUG: GoGo-Acct-Input-Voice-Packets: [0]
2013-11-20 10:58:00,654: DEBUG: GoGo-Total-Input-Octets: [7382860]
2013-11-20 10:58:00,654: DEBUG: GoGo-Total-Input-Octets: [7382860]
2013-11-20 10:58:00,654: DEBUG: GoGo-Total-Output-Packets: [11887]
2013-11-20 10:58:00,654: DEBUG: GoGo-Total-Output-Packets: [11887]
2013-11-20 10:58:00,655: DEBUG: WISPr-Location-ID: [u'airline=BA01,tail=01009,network=']
2013-11-20 10:58:00,655: DEBUG: WISPr-Location-ID: [u'airline=BA01,tail=01009,network=']
2013-11-20 10:58:00,655: DEBUG: GoGo-Acct-Output-Voice-Packets: [0]
2013-11-20 10:58:00,655: DEBUG: GoGo-Acct-Output-Voice-Packets: [0]
2013-11-20 10:58:00,656: DEBUG: GoGo-Acct-Output-Voice-Gigawords: [0]
2013-11-20 10:58:00,656: DEBUG: GoGo-Acct-Output-Voice-Gigawords: [0]
2013-11-20 10:58:00,656: DEBUG: Acct-Input-Octets: [7382860]
2013-11-20 10:58:00,656: DEBUG: Acct-Input-Octets: [7382860]
2013-11-20 10:58:00,657: ERROR: Network error, Reason: 'Network error: Too many open files'
2013-11-20 10:58:00,657: ERROR: Network error, Reason: 'Network error: Too many open files'
2013-11-20 10:58:00,658: ERROR: Ending the test for this user
2013-11-20 10:58:00,658: ERROR: Ending the test for this user
2013-11-20 10:58:00,658: DEBUG: Ending the test for this user
2013-11-20 10:58:00,658: DEBUG: Ending the test for this user
