2013-11-20 10:57:12,498: DEBUG: Starting the client for the user username72@airborne.aircell.com to the server localhost

2013-11-20 10:57:12,498: DEBUG: DURATION of the TEST: 21
2013-11-20 10:57:12,499: DEBUG: NAS-IP: 10.254.66.1
2013-11-20 10:57:12,499: DEBUG: NAS-MAC-ADDR: 17:21:31:41:52:31
2013-11-20 10:57:12,500: DEBUG: Abruptly End: False
2013-11-20 10:57:12,501: DEBUG: Framed-IP: 10.254.66.109
2013-11-20 10:57:12,501: DEBUG: User-MAC-Addr: 00:16:3E:2D:F5:E5
2013-11-20 10:57:12,502: DEBUG: 

2013-11-20 10:57:12,502: DEBUG: Creating Authentication Request with the following Attributes:
2013-11-20 10:57:12,503: DEBUG: NAS-Identifier: [u'C08386']
2013-11-20 10:57:12,503: DEBUG: User-Name: [u'username72@airborne.aircell.com']
2013-11-20 10:57:12,503: DEBUG: NAS-IP-Address: ['10.254.66.1']
2013-11-20 10:57:12,504: DEBUG: Service-Type: ['Authenticate-Only']
2013-11-20 10:57:12,505: DEBUG: Proxy-State: ['3237,3134']
2013-11-20 10:57:12,506: DEBUG: Framed-IP-Address: ['10.254.66.109']
2013-11-20 10:57:12,507: DEBUG: GoGo-Airline: [u'BA01']
2013-11-20 10:57:12,508: DEBUG: Acct-Session-Id: [u'AAATestNAS_61-1384925232502-00163E2DF5E5-1']
2013-11-20 10:57:12,509: DEBUG: GoGo-Tail-Number: [u'AAATestNAS_61']
2013-11-20 10:57:12,511: DEBUG: GoGo-Private-IP-Address: ['192.168.1.179']
2013-11-20 10:57:12,512: DEBUG: WISPr-Location-ID: [u'airline=BA01,tail=01009,network=']
2013-11-20 10:57:12,512: DEBUG: WISPr-Location-Name: [u'TEST LLC,BA01_01009']
2013-11-20 10:57:12,513: DEBUG: NAS-Port-Type: ['Wireless-802.11']
2013-11-20 10:57:12,515: DEBUG: Called-Station-Id: [u'00:16:3E:2D:F5:E5']
2013-11-20 10:57:12,516: DEBUG: Calling-Station-Id: [u'17:21:31:41:52:31']
2013-11-20 10:57:12,518: DEBUG: 

2013-11-20 10:57:12,520: DEBUG: Received response with code: 2, Accepted
2013-11-20 10:57:12,521: DEBUG: Creating Authentication Request with the following Attributes:
2013-11-20 10:57:12,522: DEBUG: NAS-Identifier: [u'C08386']
2013-11-20 10:57:12,523: DEBUG: User-Name: [u'username72@airborne.aircell.com']
2013-11-20 10:57:12,523: DEBUG: NAS-IP-Address: ['10.254.66.1']
2013-11-20 10:57:12,526: DEBUG: Service-Type: ['Login-User']
2013-11-20 10:57:12,528: DEBUG: Proxy-State: ['3237,3134']
2013-11-20 10:57:12,530: DEBUG: Framed-IP-Address: ['10.254.66.109']
2013-11-20 10:57:12,531: DEBUG: GoGo-Airline: [u'BA01']
2013-11-20 10:57:12,532: DEBUG: Acct-Session-Id: [u'AAATestNAS_61-1384925232521-00163E2DF5E5-1']
2013-11-20 10:57:12,532: DEBUG: GoGo-Tail-Number: [u'AAATestNAS_61']
2013-11-20 10:57:12,533: DEBUG: GoGo-Private-IP-Address: ['192.168.1.179']
2013-11-20 10:57:12,535: DEBUG: WISPr-Location-ID: [u'airline=BA01,tail=01009,network=']
2013-11-20 10:57:12,536: DEBUG: WISPr-Location-Name: [u'TEST LLC,BA01_01009']
2013-11-20 10:57:12,537: DEBUG: NAS-Port-Type: ['Wireless-802.11']
2013-11-20 10:57:12,538: DEBUG: Called-Station-Id: [u'00:16:3E:2D:F5:E5']
2013-11-20 10:57:12,538: DEBUG: Calling-Station-Id: [u'17:21:31:41:52:31']
2013-11-20 10:57:12,544: DEBUG: 

2013-11-20 10:57:12,546: DEBUG: Received response with code: 2, Accepted
2013-11-20 10:57:12,547: DEBUG: 

2013-11-20 10:57:12,549: DEBUG: Creating Accounting start Request with the following Attributes:
2013-11-20 10:57:12,550: DEBUG: NAS-Identifier: [u'C08386']
2013-11-20 10:57:12,551: DEBUG: User-Name: [u'username72@airborne.aircell.com']
2013-11-20 10:57:12,552: DEBUG: GoGo-Tail-Number: [u'AAATestNAS_61']
2013-11-20 10:57:12,553: DEBUG: NAS-IP-Address: ['10.254.66.1']
2013-11-20 10:57:12,555: DEBUG: Proxy-State: ['3239,3131']
2013-11-20 10:57:12,556: DEBUG: Acct-Status-Type: ['Start']
2013-11-20 10:57:12,557: DEBUG: GoGo-Airline: [u'BA01']
2013-11-20 10:57:12,557: DEBUG: Acct-Session-Id: [u'AAATestNAS_61-1384925232521-00163E2DF5E5-1']
2013-11-20 10:57:12,558: DEBUG: GoGo-Private-IP-Address: ['192.168.1.179']
2013-11-20 10:57:12,559: DEBUG: Framed-IP-Address: ['10.254.66.109']
2013-11-20 10:57:12,560: DEBUG: WISPr-Location-ID: [u'airline=BA01,tail=01009,network=']
2013-11-20 10:57:12,561: DEBUG: WISPr-Location-Name: [u'TEST LLC,BA01_01009']
2013-11-20 10:57:12,562: DEBUG: NAS-Port-Type: ['Wireless-802.11']
2013-11-20 10:57:12,562: DEBUG: Called-Station-Id: [u'00:16:3E:2D:F5:E5']
2013-11-20 10:57:12,562: DEBUG: Calling-Station-Id: [u'17:21:31:41:52:31']
2013-11-20 10:57:12,565: DEBUG: 

2013-11-20 10:57:12,566: DEBUG: Received response with following attributes:
2013-11-20 10:57:22,567: DEBUG: 

2013-11-20 10:57:22,568: DEBUG: Creating Accounting Update Request with the following Attributes:
2013-11-20 10:57:22,569: DEBUG: User-Name: [u'username72@airborne.aircell.com']
2013-11-20 10:57:22,569: DEBUG: GoGo-Tail-Number: [u'AAATestNAS_61']
2013-11-20 10:57:22,569: DEBUG: Acct-Output-Octets: [4487401]
2013-11-20 10:57:22,570: DEBUG: NAS-IP-Address: ['10.254.66.1']
2013-11-20 10:57:22,570: DEBUG: GoGo-Total-Output-Gigawords: [0]
2013-11-20 10:57:22,570: DEBUG: Framed-IP-Address: ['10.254.66.109']
2013-11-20 10:57:22,572: DEBUG: GoGo-Total-Input-Voice-Gigawords: [0]
2013-11-20 10:57:22,572: DEBUG: GoGo-Total-Output-Octets: [4487401]
2013-11-20 10:57:22,573: DEBUG: GoGo-Acct-Input-Voice-Octets: [0]
2013-11-20 10:57:22,573: DEBUG: GoGo-Total-Input-Voice-Packets: [0]
2013-11-20 10:57:22,573: DEBUG: Called-Station-Id: [u'00:16:3E:2D:F5:E5']
2013-11-20 10:57:22,574: DEBUG: WISPr-Location-Name: [u'TEST LLC,BA01_01009']
2013-11-20 10:57:22,574: DEBUG: NAS-Identifier: [u'C08386']
2013-11-20 10:57:22,574: DEBUG: Proxy-State: ['3330,3132']
2013-11-20 10:57:22,575: DEBUG: GoGo-Total-Input-Voice-Octets: [0]
2013-11-20 10:57:22,575: DEBUG: Acct-Status-Type: ['Interim-Update']
2013-11-20 10:57:22,576: DEBUG: GoGo-Total-Output-Voice-Gigawords: [0]
2013-11-20 10:57:22,577: DEBUG: GoGo-Airline: [u'BA01']
2013-11-20 10:57:22,577: DEBUG: Acct-Session-Id: [u'AAATestNAS_61-1384925232521-00163E2DF5E5-1']
2013-11-20 10:57:22,578: DEBUG: Acct-Session-Time: [10]
2013-11-20 10:57:22,578: DEBUG: Acct-Input-Packets: [5541]
2013-11-20 10:57:22,579: DEBUG: Acct-Output-Packets: [24836]
2013-11-20 10:57:22,580: DEBUG: GoGo-Acct-Output-Voice-Packets: [0]
2013-11-20 10:57:22,580: DEBUG: GoGo-Acct-Output-Voice-Octets: [0]
2013-11-20 10:57:22,581: DEBUG: Acct-Output-Gigawords: [0]
2013-11-20 10:57:22,582: DEBUG: GoGo-Total-Output-Voice-Packets: [0]
2013-11-20 10:57:22,583: DEBUG: Acct-Input-Gigawords: [0]
2013-11-20 10:57:22,584: DEBUG: Calling-Station-Id: [u'17:21:31:41:52:31']
2013-11-20 10:57:22,585: DEBUG: NAS-Port-Type: ['Wireless-802.11']
2013-11-20 10:57:22,585: DEBUG: GoGo-Total-Output-Voice-Octets: [0]
2013-11-20 10:57:22,586: DEBUG: GoGo-Private-IP-Address: ['192.168.1.179']
2013-11-20 10:57:22,587: DEBUG: GoGo-Acct-Input-Voice-Gigawords: [0]
2013-11-20 10:57:22,588: DEBUG: GoGo-Total-Input-Packets: [5541]
2013-11-20 10:57:22,588: DEBUG: GoGo-Total-Input-Gigawords: [0]
2013-11-20 10:57:22,589: DEBUG: GoGo-Acct-Input-Voice-Packets: [0]
2013-11-20 10:57:22,591: DEBUG: GoGo-Total-Input-Octets: [1149334]
2013-11-20 10:57:22,592: DEBUG: GoGo-Total-Output-Packets: [24836]
2013-11-20 10:57:22,593: DEBUG: WISPr-Location-ID: [u'airline=BA01,tail=01009,network=']
2013-11-20 10:57:22,593: DEBUG: GoGo-Acct-Output-Voice-Gigawords: [0]
2013-11-20 10:57:22,594: DEBUG: Acct-Input-Octets: [1149334]
2013-11-20 10:57:22,599: DEBUG: 

2013-11-20 10:57:22,600: DEBUG: Received response with following attributes:
2013-11-20 10:57:32,601: DEBUG: 

2013-11-20 10:57:32,602: DEBUG: Creating Accounting Update Request with the following Attributes:
2013-11-20 10:57:32,604: DEBUG: User-Name: [u'username72@airborne.aircell.com']
2013-11-20 10:57:32,605: DEBUG: GoGo-Tail-Number: [u'AAATestNAS_61']
2013-11-20 10:57:32,605: DEBUG: Acct-Output-Octets: [9179910]
2013-11-20 10:57:32,606: DEBUG: NAS-IP-Address: ['10.254.66.1']
2013-11-20 10:57:32,606: DEBUG: GoGo-Total-Output-Gigawords: [0]
2013-11-20 10:57:32,607: DEBUG: Framed-IP-Address: ['10.254.66.109']
2013-11-20 10:57:32,607: DEBUG: GoGo-Total-Input-Voice-Gigawords: [0]
2013-11-20 10:57:32,608: DEBUG: GoGo-Total-Output-Octets: [9179910]
2013-11-20 10:57:32,608: DEBUG: GoGo-Acct-Input-Voice-Octets: [0]
2013-11-20 10:57:32,608: DEBUG: GoGo-Total-Input-Voice-Packets: [0]
2013-11-20 10:57:32,609: DEBUG: Called-Station-Id: [u'00:16:3E:2D:F5:E5']
2013-11-20 10:57:32,609: DEBUG: WISPr-Location-Name: [u'TEST LLC,BA01_01009']
2013-11-20 10:57:32,609: DEBUG: NAS-Identifier: [u'C08386']
2013-11-20 10:57:32,610: DEBUG: Proxy-State: ['3330,3132']
2013-11-20 10:57:32,610: DEBUG: GoGo-Total-Input-Voice-Octets: [0]
2013-11-20 10:57:32,611: DEBUG: Acct-Status-Type: ['Interim-Update']
2013-11-20 10:57:32,611: DEBUG: GoGo-Total-Output-Voice-Gigawords: [0]
2013-11-20 10:57:32,611: DEBUG: GoGo-Airline: [u'BA01']
2013-11-20 10:57:32,612: DEBUG: Acct-Session-Id: [u'AAATestNAS_61-1384925232521-00163E2DF5E5-1']
2013-11-20 10:57:32,613: DEBUG: Acct-Session-Time: [10]
2013-11-20 10:57:32,613: DEBUG: Acct-Input-Packets: [9283]
2013-11-20 10:57:32,614: DEBUG: Acct-Output-Packets: [73116]
2013-11-20 10:57:32,615: DEBUG: GoGo-Acct-Output-Voice-Packets: [0]
2013-11-20 10:57:32,615: DEBUG: GoGo-Acct-Output-Voice-Octets: [0]
2013-11-20 10:57:32,616: DEBUG: Acct-Output-Gigawords: [0]
2013-11-20 10:57:32,616: DEBUG: GoGo-Total-Output-Voice-Packets: [0]
2013-11-20 10:57:32,617: DEBUG: Acct-Input-Gigawords: [0]
2013-11-20 10:57:32,617: DEBUG: Calling-Station-Id: [u'17:21:31:41:52:31']
2013-11-20 10:57:32,618: DEBUG: NAS-Port-Type: ['Wireless-802.11']
2013-11-20 10:57:32,618: DEBUG: GoGo-Total-Output-Voice-Octets: [0]
2013-11-20 10:57:32,619: DEBUG: GoGo-Private-IP-Address: ['192.168.1.179']
2013-11-20 10:57:32,619: DEBUG: GoGo-Acct-Input-Voice-Gigawords: [0]
2013-11-20 10:57:32,619: DEBUG: GoGo-Total-Input-Packets: [9283]
2013-11-20 10:57:32,620: DEBUG: GoGo-Total-Input-Gigawords: [0]
2013-11-20 10:57:32,620: DEBUG: GoGo-Acct-Input-Voice-Packets: [0]
2013-11-20 10:57:32,620: DEBUG: GoGo-Total-Input-Octets: [7773919]
2013-11-20 10:57:32,621: DEBUG: GoGo-Total-Output-Packets: [73116]
2013-11-20 10:57:32,621: DEBUG: WISPr-Location-ID: [u'airline=BA01,tail=01009,network=']
2013-11-20 10:57:32,622: DEBUG: GoGo-Acct-Output-Voice-Gigawords: [0]
2013-11-20 10:57:32,622: DEBUG: Acct-Input-Octets: [7773919]
2013-11-20 10:57:32,623: ERROR: Network error, Reason: 'Network error: Too many open files'
2013-11-20 10:57:59,624: DEBUG: 

2013-11-20 10:57:59,625: DEBUG: Creating Accounting Stop Request with the following Attributes:
2013-11-20 10:57:59,625: DEBUG: User-Name: [u'username72@airborne.aircell.com']
2013-11-20 10:57:59,626: DEBUG: GoGo-Tail-Number: [u'01009']
2013-11-20 10:57:59,626: DEBUG: Acct-Output-Octets: [8632199]
2013-11-20 10:57:59,626: DEBUG: NAS-IP-Address: ['10.254.66.1']
2013-11-20 10:57:59,627: DEBUG: GoGo-Total-Output-Gigawords: [0]
2013-11-20 10:57:59,627: DEBUG: Framed-IP-Address: ['10.254.66.109']
2013-11-20 10:57:59,628: DEBUG: GoGo-Total-Input-Voice-Gigawords: [0]
2013-11-20 10:57:59,628: DEBUG: GoGo-Total-Output-Octets: [8632199]
2013-11-20 10:57:59,629: DEBUG: GoGo-Acct-Input-Voice-Octets: [0]
2013-11-20 10:57:59,629: DEBUG: GoGo-Total-Input-Voice-Packets: [0]
2013-11-20 10:57:59,629: DEBUG: Called-Station-Id: [u'00:16:3E:2D:F5:E5']
2013-11-20 10:57:59,630: DEBUG: WISPr-Location-Name: [u'TEST LLC,BA01_01009']
2013-11-20 10:57:59,630: DEBUG: NAS-Identifier: [u'C08386']
2013-11-20 10:57:59,630: DEBUG: Proxy-State: ['3330,3132']
2013-11-20 10:57:59,631: DEBUG: GoGo-Total-Input-Voice-Octets: [0]
2013-11-20 10:57:59,631: DEBUG: Acct-Status-Type: ['Stop']
2013-11-20 10:57:59,632: DEBUG: GoGo-Total-Output-Voice-Gigawords: [0]
2013-11-20 10:57:59,632: DEBUG: GoGo-Airline: [u'BA01']
2013-11-20 10:57:59,632: DEBUG: Acct-Session-Id: [u'AAATestNAS_61-1384925232521-00163E2DF5E5-1']
2013-11-20 10:57:59,633: DEBUG: Acct-Session-Time: [27]
2013-11-20 10:57:59,633: DEBUG: Acct-Input-Packets: [32582]
2013-11-20 10:57:59,633: DEBUG: Acct-Output-Packets: [33594]
2013-11-20 10:57:59,633: DEBUG: Acct-Terminate-Cause: ['User-Request']
2013-11-20 10:57:59,634: DEBUG: GoGo-Acct-Output-Voice-Octets: [0]
2013-11-20 10:57:59,634: DEBUG: Acct-Output-Gigawords: [0]
2013-11-20 10:57:59,635: DEBUG: GoGo-Total-Output-Voice-Packets: [0]
2013-11-20 10:57:59,635: DEBUG: Acct-Input-Gigawords: [0]
2013-11-20 10:57:59,635: DEBUG: Calling-Station-Id: [u'17:21:31:41:52:31']
2013-11-20 10:57:59,635: DEBUG: NAS-Port-Type: ['Wireless-802.11']
2013-11-20 10:57:59,636: DEBUG: GoGo-Total-Output-Voice-Octets: [0]
2013-11-20 10:57:59,636: DEBUG: GoGo-Private-IP-Address: ['192.168.1.179']
2013-11-20 10:57:59,636: DEBUG: GoGo-Acct-Input-Voice-Gigawords: [0]
2013-11-20 10:57:59,637: DEBUG: GoGo-Total-Input-Packets: [32582]
2013-11-20 10:57:59,637: DEBUG: GoGo-Total-Input-Gigawords: [0]
2013-11-20 10:57:59,637: DEBUG: GoGo-Acct-Input-Voice-Packets: [0]
2013-11-20 10:57:59,637: DEBUG: GoGo-Total-Input-Octets: [4805492]
2013-11-20 10:57:59,638: DEBUG: GoGo-Total-Output-Packets: [33594]
2013-11-20 10:57:59,638: DEBUG: WISPr-Location-ID: [u'airline=BA01,tail=01009,network=']
2013-11-20 10:57:59,638: DEBUG: GoGo-Acct-Output-Voice-Packets: [0]
2013-11-20 10:57:59,638: DEBUG: GoGo-Acct-Output-Voice-Gigawords: [0]
2013-11-20 10:57:59,639: DEBUG: Acct-Input-Octets: [4805492]
2013-11-20 10:57:59,639: ERROR: Network error, Reason: 'Network error: Too many open files'
2013-11-20 10:57:59,639: ERROR: Ending the test for this user
2013-11-20 10:57:59,640: DEBUG: Ending the test for this user
