2013-11-20 10:55:41,612: DEBUG: Starting the client for the user username36@airborne.aircell.com to the server localhost

2013-11-20 10:55:41,612: DEBUG: DURATION of the TEST: 40
2013-11-20 10:55:41,612: DEBUG: NAS-IP: 10.254.238.1
2013-11-20 10:55:41,612: DEBUG: NAS-MAC-ADDR: 19:21:31:41:52:15
2013-11-20 10:55:41,612: DEBUG: Abruptly End: False
2013-11-20 10:55:41,612: DEBUG: Framed-IP: 10.254.238.21
2013-11-20 10:55:41,612: DEBUG: User-MAC-Addr: 00:16:3E:5A:6F:25
2013-11-20 10:55:41,613: DEBUG: 

2013-11-20 10:55:41,613: DEBUG: Creating Authentication Request with the following Attributes:
2013-11-20 10:55:41,613: DEBUG: NAS-Identifier: [u'C08386']
2013-11-20 10:55:41,613: DEBUG: User-Name: [u'username36@airborne.aircell.com']
2013-11-20 10:55:41,613: DEBUG: NAS-IP-Address: ['10.254.238.1']
2013-11-20 10:55:41,613: DEBUG: Service-Type: ['Authenticate-Only']
2013-11-20 10:55:41,613: DEBUG: Proxy-State: ['3237,3134']
2013-11-20 10:55:41,614: DEBUG: Framed-IP-Address: ['10.254.238.21']
2013-11-20 10:55:41,614: DEBUG: GoGo-Airline: [u'BA01']
2013-11-20 10:55:41,614: DEBUG: Acct-Session-Id: [u'AAATestNAS_233-1384925141613-00163E5A6F25-1']
2013-11-20 10:55:41,614: DEBUG: GoGo-Tail-Number: [u'AAATestNAS_233']
2013-11-20 10:55:41,614: DEBUG: GoGo-Private-IP-Address: ['192.168.1.179']
2013-11-20 10:55:41,614: DEBUG: WISPr-Location-ID: [u'airline=BA01,tail=01009,network=']
2013-11-20 10:55:41,614: DEBUG: WISPr-Location-Name: [u'TEST LLC,BA01_01009']
2013-11-20 10:55:41,614: DEBUG: NAS-Port-Type: ['Wireless-802.11']
2013-11-20 10:55:41,614: DEBUG: Called-Station-Id: [u'00:16:3E:5A:6F:25']
2013-11-20 10:55:41,614: DEBUG: Calling-Station-Id: [u'19:21:31:41:52:15']
2013-11-20 10:55:41,615: DEBUG: 

2013-11-20 10:55:41,615: DEBUG: Received response with code: 2, Accepted
2013-11-20 10:55:41,616: DEBUG: Creating Authentication Request with the following Attributes:
2013-11-20 10:55:41,616: DEBUG: NAS-Identifier: [u'C08386']
2013-11-20 10:55:41,616: DEBUG: User-Name: [u'username36@airborne.aircell.com']
2013-11-20 10:55:41,616: DEBUG: NAS-IP-Address: ['10.254.238.1']
2013-11-20 10:55:41,616: DEBUG: Service-Type: ['Login-User']
2013-11-20 10:55:41,616: DEBUG: Proxy-State: ['3237,3134']
2013-11-20 10:55:41,616: DEBUG: Framed-IP-Address: ['10.254.238.21']
2013-11-20 10:55:41,616: DEBUG: GoGo-Airline: [u'BA01']
2013-11-20 10:55:41,616: DEBUG: Acct-Session-Id: [u'AAATestNAS_233-1384925141615-00163E5A6F25-1']
2013-11-20 10:55:41,616: DEBUG: GoGo-Tail-Number: [u'AAATestNAS_233']
2013-11-20 10:55:41,616: DEBUG: GoGo-Private-IP-Address: ['192.168.1.179']
2013-11-20 10:55:41,616: DEBUG: WISPr-Location-ID: [u'airline=BA01,tail=01009,network=']
2013-11-20 10:55:41,617: DEBUG: WISPr-Location-Name: [u'TEST LLC,BA01_01009']
2013-11-20 10:55:41,617: DEBUG: NAS-Port-Type: ['Wireless-802.11']
2013-11-20 10:55:41,617: DEBUG: Called-Station-Id: [u'00:16:3E:5A:6F:25']
2013-11-20 10:55:41,617: DEBUG: Calling-Station-Id: [u'19:21:31:41:52:15']
2013-11-20 10:55:41,618: DEBUG: 

2013-11-20 10:55:41,618: DEBUG: Received response with code: 2, Accepted
2013-11-20 10:55:41,618: DEBUG: 

2013-11-20 10:55:41,618: DEBUG: Creating Accounting start Request with the following Attributes:
2013-11-20 10:55:41,618: DEBUG: NAS-Identifier: [u'C08386']
2013-11-20 10:55:41,618: DEBUG: User-Name: [u'username36@airborne.aircell.com']
2013-11-20 10:55:41,618: DEBUG: GoGo-Tail-Number: [u'AAATestNAS_233']
2013-11-20 10:55:41,618: DEBUG: NAS-IP-Address: ['10.254.238.1']
2013-11-20 10:55:41,619: DEBUG: Proxy-State: ['3239,3131']
2013-11-20 10:55:41,619: DEBUG: Acct-Status-Type: ['Start']
2013-11-20 10:55:41,619: DEBUG: GoGo-Airline: [u'BA01']
2013-11-20 10:55:41,619: DEBUG: Acct-Session-Id: [u'AAATestNAS_233-1384925141615-00163E5A6F25-1']
2013-11-20 10:55:41,619: DEBUG: GoGo-Private-IP-Address: ['192.168.1.179']
2013-11-20 10:55:41,619: DEBUG: Framed-IP-Address: ['10.254.238.21']
2013-11-20 10:55:41,619: DEBUG: WISPr-Location-ID: [u'airline=BA01,tail=01009,network=']
2013-11-20 10:55:41,619: DEBUG: WISPr-Location-Name: [u'TEST LLC,BA01_01009']
2013-11-20 10:55:41,619: DEBUG: NAS-Port-Type: ['Wireless-802.11']
2013-11-20 10:55:41,619: DEBUG: Called-Station-Id: [u'00:16:3E:5A:6F:25']
2013-11-20 10:55:41,619: DEBUG: Calling-Station-Id: [u'19:21:31:41:52:15']
2013-11-20 10:55:41,620: DEBUG: 

2013-11-20 10:55:41,620: DEBUG: Received response with following attributes:
2013-11-20 10:55:51,621: DEBUG: 

2013-11-20 10:55:51,621: DEBUG: Creating Accounting Update Request with the following Attributes:
2013-11-20 10:55:51,622: DEBUG: User-Name: [u'username36@airborne.aircell.com']
2013-11-20 10:55:51,622: DEBUG: GoGo-Tail-Number: [u'AAATestNAS_233']
2013-11-20 10:55:51,622: DEBUG: Acct-Output-Octets: [2099072]
2013-11-20 10:55:51,622: DEBUG: NAS-IP-Address: ['10.254.238.1']
2013-11-20 10:55:51,622: DEBUG: GoGo-Total-Output-Gigawords: [0]
2013-11-20 10:55:51,622: DEBUG: Framed-IP-Address: ['10.254.238.21']
2013-11-20 10:55:51,622: DEBUG: GoGo-Total-Input-Voice-Gigawords: [0]
2013-11-20 10:55:51,622: DEBUG: GoGo-Total-Output-Octets: [2099072]
2013-11-20 10:55:51,622: DEBUG: GoGo-Acct-Input-Voice-Octets: [0]
2013-11-20 10:55:51,622: DEBUG: GoGo-Total-Input-Voice-Packets: [0]
2013-11-20 10:55:51,622: DEBUG: Called-Station-Id: [u'00:16:3E:5A:6F:25']
2013-11-20 10:55:51,622: DEBUG: WISPr-Location-Name: [u'TEST LLC,BA01_01009']
2013-11-20 10:55:51,622: DEBUG: NAS-Identifier: [u'C08386']
2013-11-20 10:55:51,623: DEBUG: Proxy-State: ['3330,3132']
2013-11-20 10:55:51,623: DEBUG: GoGo-Total-Input-Voice-Octets: [0]
2013-11-20 10:55:51,623: DEBUG: Acct-Status-Type: ['Interim-Update']
2013-11-20 10:55:51,623: DEBUG: GoGo-Total-Output-Voice-Gigawords: [0]
2013-11-20 10:55:51,623: DEBUG: GoGo-Airline: [u'BA01']
2013-11-20 10:55:51,623: DEBUG: Acct-Session-Id: [u'AAATestNAS_233-1384925141615-00163E5A6F25-1']
2013-11-20 10:55:51,623: DEBUG: Acct-Session-Time: [10]
2013-11-20 10:55:51,623: DEBUG: Acct-Input-Packets: [4680]
2013-11-20 10:55:51,623: DEBUG: Acct-Output-Packets: [16163]
2013-11-20 10:55:51,623: DEBUG: GoGo-Acct-Output-Voice-Packets: [0]
2013-11-20 10:55:51,623: DEBUG: GoGo-Acct-Output-Voice-Octets: [0]
2013-11-20 10:55:51,623: DEBUG: Acct-Output-Gigawords: [0]
2013-11-20 10:55:51,623: DEBUG: GoGo-Total-Output-Voice-Packets: [0]
2013-11-20 10:55:51,623: DEBUG: Acct-Input-Gigawords: [0]
2013-11-20 10:55:51,624: DEBUG: Calling-Station-Id: [u'19:21:31:41:52:15']
2013-11-20 10:55:51,624: DEBUG: NAS-Port-Type: ['Wireless-802.11']
2013-11-20 10:55:51,624: DEBUG: GoGo-Total-Output-Voice-Octets: [0]
2013-11-20 10:55:51,624: DEBUG: GoGo-Private-IP-Address: ['192.168.1.179']
2013-11-20 10:55:51,624: DEBUG: GoGo-Acct-Input-Voice-Gigawords: [0]
2013-11-20 10:55:51,624: DEBUG: GoGo-Total-Input-Packets: [4680]
2013-11-20 10:55:51,624: DEBUG: GoGo-Total-Input-Gigawords: [0]
2013-11-20 10:55:51,624: DEBUG: GoGo-Acct-Input-Voice-Packets: [0]
2013-11-20 10:55:51,624: DEBUG: GoGo-Total-Input-Octets: [3236921]
2013-11-20 10:55:51,624: DEBUG: GoGo-Total-Output-Packets: [16163]
2013-11-20 10:55:51,624: DEBUG: WISPr-Location-ID: [u'airline=BA01,tail=01009,network=']
2013-11-20 10:55:51,624: DEBUG: GoGo-Acct-Output-Voice-Gigawords: [0]
2013-11-20 10:55:51,624: DEBUG: Acct-Input-Octets: [3236921]
2013-11-20 10:55:51,626: DEBUG: 

2013-11-20 10:55:51,626: DEBUG: Received response with following attributes:
2013-11-20 10:56:01,627: DEBUG: 

2013-11-20 10:56:01,628: DEBUG: Creating Accounting Update Request with the following Attributes:
2013-11-20 10:56:01,628: DEBUG: User-Name: [u'username36@airborne.aircell.com']
2013-11-20 10:56:01,628: DEBUG: GoGo-Tail-Number: [u'AAATestNAS_233']
2013-11-20 10:56:01,628: DEBUG: Acct-Output-Octets: [2917796]
2013-11-20 10:56:01,628: DEBUG: NAS-IP-Address: ['10.254.238.1']
2013-11-20 10:56:01,628: DEBUG: GoGo-Total-Output-Gigawords: [0]
2013-11-20 10:56:01,628: DEBUG: Framed-IP-Address: ['10.254.238.21']
2013-11-20 10:56:01,628: DEBUG: GoGo-Total-Input-Voice-Gigawords: [0]
2013-11-20 10:56:01,628: DEBUG: GoGo-Total-Output-Octets: [2917796]
2013-11-20 10:56:01,628: DEBUG: GoGo-Acct-Input-Voice-Octets: [0]
2013-11-20 10:56:01,628: DEBUG: GoGo-Total-Input-Voice-Packets: [0]
2013-11-20 10:56:01,628: DEBUG: Called-Station-Id: [u'00:16:3E:5A:6F:25']
2013-11-20 10:56:01,629: DEBUG: WISPr-Location-Name: [u'TEST LLC,BA01_01009']
2013-11-20 10:56:01,629: DEBUG: NAS-Identifier: [u'C08386']
2013-11-20 10:56:01,629: DEBUG: Proxy-State: ['3330,3132']
2013-11-20 10:56:01,629: DEBUG: GoGo-Total-Input-Voice-Octets: [0]
2013-11-20 10:56:01,629: DEBUG: Acct-Status-Type: ['Interim-Update']
2013-11-20 10:56:01,629: DEBUG: GoGo-Total-Output-Voice-Gigawords: [0]
2013-11-20 10:56:01,629: DEBUG: GoGo-Airline: [u'BA01']
2013-11-20 10:56:01,629: DEBUG: Acct-Session-Id: [u'AAATestNAS_233-1384925141615-00163E5A6F25-1']
2013-11-20 10:56:01,629: DEBUG: Acct-Session-Time: [10]
2013-11-20 10:56:01,629: DEBUG: Acct-Input-Packets: [73951]
2013-11-20 10:56:01,629: DEBUG: Acct-Output-Packets: [19472]
2013-11-20 10:56:01,629: DEBUG: GoGo-Acct-Output-Voice-Packets: [0]
2013-11-20 10:56:01,629: DEBUG: GoGo-Acct-Output-Voice-Octets: [0]
2013-11-20 10:56:01,629: DEBUG: Acct-Output-Gigawords: [0]
2013-11-20 10:56:01,630: DEBUG: GoGo-Total-Output-Voice-Packets: [0]
2013-11-20 10:56:01,630: DEBUG: Acct-Input-Gigawords: [0]
2013-11-20 10:56:01,630: DEBUG: Calling-Station-Id: [u'19:21:31:41:52:15']
2013-11-20 10:56:01,630: DEBUG: NAS-Port-Type: ['Wireless-802.11']
2013-11-20 10:56:01,630: DEBUG: GoGo-Total-Output-Voice-Octets: [0]
2013-11-20 10:56:01,630: DEBUG: GoGo-Private-IP-Address: ['192.168.1.179']
2013-11-20 10:56:01,630: DEBUG: GoGo-Acct-Input-Voice-Gigawords: [0]
2013-11-20 10:56:01,630: DEBUG: GoGo-Total-Input-Packets: [73951]
2013-11-20 10:56:01,630: DEBUG: GoGo-Total-Input-Gigawords: [0]
2013-11-20 10:56:01,630: DEBUG: GoGo-Acct-Input-Voice-Packets: [0]
2013-11-20 10:56:01,630: DEBUG: GoGo-Total-Input-Octets: [7496971]
2013-11-20 10:56:01,630: DEBUG: GoGo-Total-Output-Packets: [19472]
2013-11-20 10:56:01,630: DEBUG: WISPr-Location-ID: [u'airline=BA01,tail=01009,network=']
2013-11-20 10:56:01,630: DEBUG: GoGo-Acct-Output-Voice-Gigawords: [0]
2013-11-20 10:56:01,630: DEBUG: Acct-Input-Octets: [7496971]
2013-11-20 10:56:01,632: DEBUG: 

2013-11-20 10:56:01,632: DEBUG: Received response with following attributes:
2013-11-20 10:56:11,633: DEBUG: 

2013-11-20 10:56:11,633: DEBUG: Creating Accounting Update Request with the following Attributes:
2013-11-20 10:56:11,633: DEBUG: User-Name: [u'username36@airborne.aircell.com']
2013-11-20 10:56:11,634: DEBUG: GoGo-Tail-Number: [u'AAATestNAS_233']
2013-11-20 10:56:11,634: DEBUG: Acct-Output-Octets: [8443601]
2013-11-20 10:56:11,634: DEBUG: NAS-IP-Address: ['10.254.238.1']
2013-11-20 10:56:11,634: DEBUG: GoGo-Total-Output-Gigawords: [0]
2013-11-20 10:56:11,634: DEBUG: Framed-IP-Address: ['10.254.238.21']
2013-11-20 10:56:11,634: DEBUG: GoGo-Total-Input-Voice-Gigawords: [0]
2013-11-20 10:56:11,634: DEBUG: GoGo-Total-Output-Octets: [8443601]
2013-11-20 10:56:11,634: DEBUG: GoGo-Acct-Input-Voice-Octets: [0]
2013-11-20 10:56:11,634: DEBUG: GoGo-Total-Input-Voice-Packets: [0]
2013-11-20 10:56:11,634: DEBUG: Called-Station-Id: [u'00:16:3E:5A:6F:25']
2013-11-20 10:56:11,634: DEBUG: WISPr-Location-Name: [u'TEST LLC,BA01_01009']
2013-11-20 10:56:11,634: DEBUG: NAS-Identifier: [u'C08386']
2013-11-20 10:56:11,634: DEBUG: Proxy-State: ['3330,3132']
2013-11-20 10:56:11,634: DEBUG: GoGo-Total-Input-Voice-Octets: [0]
2013-11-20 10:56:11,635: DEBUG: Acct-Status-Type: ['Interim-Update']
2013-11-20 10:56:11,635: DEBUG: GoGo-Total-Output-Voice-Gigawords: [0]
2013-11-20 10:56:11,635: DEBUG: GoGo-Airline: [u'BA01']
2013-11-20 10:56:11,635: DEBUG: Acct-Session-Id: [u'AAATestNAS_233-1384925141615-00163E5A6F25-1']
2013-11-20 10:56:11,635: DEBUG: Acct-Session-Time: [10]
2013-11-20 10:56:11,635: DEBUG: Acct-Input-Packets: [30794]
2013-11-20 10:56:11,635: DEBUG: Acct-Output-Packets: [74640]
2013-11-20 10:56:11,635: DEBUG: GoGo-Acct-Output-Voice-Packets: [0]
2013-11-20 10:56:11,635: DEBUG: GoGo-Acct-Output-Voice-Octets: [0]
2013-11-20 10:56:11,635: DEBUG: Acct-Output-Gigawords: [0]
2013-11-20 10:56:11,635: DEBUG: GoGo-Total-Output-Voice-Packets: [0]
2013-11-20 10:56:11,635: DEBUG: Acct-Input-Gigawords: [0]
2013-11-20 10:56:11,635: DEBUG: Calling-Station-Id: [u'19:21:31:41:52:15']
2013-11-20 10:56:11,635: DEBUG: NAS-Port-Type: ['Wireless-802.11']
2013-11-20 10:56:11,635: DEBUG: GoGo-Total-Output-Voice-Octets: [0]
2013-11-20 10:56:11,636: DEBUG: GoGo-Private-IP-Address: ['192.168.1.179']
2013-11-20 10:56:11,636: DEBUG: GoGo-Acct-Input-Voice-Gigawords: [0]
2013-11-20 10:56:11,636: DEBUG: GoGo-Total-Input-Packets: [30794]
2013-11-20 10:56:11,636: DEBUG: GoGo-Total-Input-Gigawords: [0]
2013-11-20 10:56:11,636: DEBUG: GoGo-Acct-Input-Voice-Packets: [0]
2013-11-20 10:56:11,636: DEBUG: GoGo-Total-Input-Octets: [7813439]
2013-11-20 10:56:11,636: DEBUG: GoGo-Total-Output-Packets: [74640]
2013-11-20 10:56:11,636: DEBUG: WISPr-Location-ID: [u'airline=BA01,tail=01009,network=']
2013-11-20 10:56:11,636: DEBUG: GoGo-Acct-Output-Voice-Gigawords: [0]
2013-11-20 10:56:11,636: DEBUG: Acct-Input-Octets: [7813439]
2013-11-20 10:56:11,638: DEBUG: 

2013-11-20 10:56:11,638: DEBUG: Received response with following attributes:
2013-11-20 10:56:21,639: DEBUG: 

2013-11-20 10:56:21,639: DEBUG: Creating Accounting Update Request with the following Attributes:
2013-11-20 10:56:21,640: DEBUG: User-Name: [u'username36@airborne.aircell.com']
2013-11-20 10:56:21,640: DEBUG: GoGo-Tail-Number: [u'AAATestNAS_233']
2013-11-20 10:56:21,640: DEBUG: Acct-Output-Octets: [7582231]
2013-11-20 10:56:21,640: DEBUG: NAS-IP-Address: ['10.254.238.1']
2013-11-20 10:56:21,640: DEBUG: GoGo-Total-Output-Gigawords: [0]
2013-11-20 10:56:21,640: DEBUG: Framed-IP-Address: ['10.254.238.21']
2013-11-20 10:56:21,640: DEBUG: GoGo-Total-Input-Voice-Gigawords: [0]
2013-11-20 10:56:21,640: DEBUG: GoGo-Total-Output-Octets: [7582231]
2013-11-20 10:56:21,640: DEBUG: GoGo-Acct-Input-Voice-Octets: [0]
2013-11-20 10:56:21,640: DEBUG: GoGo-Total-Input-Voice-Packets: [0]
2013-11-20 10:56:21,640: DEBUG: Called-Station-Id: [u'00:16:3E:5A:6F:25']
2013-11-20 10:56:21,640: DEBUG: WISPr-Location-Name: [u'TEST LLC,BA01_01009']
2013-11-20 10:56:21,640: DEBUG: NAS-Identifier: [u'C08386']
2013-11-20 10:56:21,641: DEBUG: Proxy-State: ['3330,3132']
2013-11-20 10:56:21,641: DEBUG: GoGo-Total-Input-Voice-Octets: [0]
2013-11-20 10:56:21,641: DEBUG: Acct-Status-Type: ['Interim-Update']
2013-11-20 10:56:21,641: DEBUG: GoGo-Total-Output-Voice-Gigawords: [0]
2013-11-20 10:56:21,641: DEBUG: GoGo-Airline: [u'BA01']
2013-11-20 10:56:21,641: DEBUG: Acct-Session-Id: [u'AAATestNAS_233-1384925141615-00163E5A6F25-1']
2013-11-20 10:56:21,641: DEBUG: Acct-Session-Time: [10]
2013-11-20 10:56:21,641: DEBUG: Acct-Input-Packets: [3515]
2013-11-20 10:56:21,641: DEBUG: Acct-Output-Packets: [28084]
2013-11-20 10:56:21,641: DEBUG: GoGo-Acct-Output-Voice-Packets: [0]
2013-11-20 10:56:21,641: DEBUG: GoGo-Acct-Output-Voice-Octets: [0]
2013-11-20 10:56:21,641: DEBUG: Acct-Output-Gigawords: [0]
2013-11-20 10:56:21,641: DEBUG: GoGo-Total-Output-Voice-Packets: [0]
2013-11-20 10:56:21,641: DEBUG: Acct-Input-Gigawords: [0]
2013-11-20 10:56:21,642: DEBUG: Calling-Station-Id: [u'19:21:31:41:52:15']
2013-11-20 10:56:21,642: DEBUG: NAS-Port-Type: ['Wireless-802.11']
2013-11-20 10:56:21,642: DEBUG: GoGo-Total-Output-Voice-Octets: [0]
2013-11-20 10:56:21,642: DEBUG: GoGo-Private-IP-Address: ['192.168.1.179']
2013-11-20 10:56:21,642: DEBUG: GoGo-Acct-Input-Voice-Gigawords: [0]
2013-11-20 10:56:21,642: DEBUG: GoGo-Total-Input-Packets: [3515]
2013-11-20 10:56:21,642: DEBUG: GoGo-Total-Input-Gigawords: [0]
2013-11-20 10:56:21,642: DEBUG: GoGo-Acct-Input-Voice-Packets: [0]
2013-11-20 10:56:21,642: DEBUG: GoGo-Total-Input-Octets: [1113869]
2013-11-20 10:56:21,642: DEBUG: GoGo-Total-Output-Packets: [28084]
2013-11-20 10:56:21,642: DEBUG: WISPr-Location-ID: [u'airline=BA01,tail=01009,network=']
2013-11-20 10:56:21,642: DEBUG: GoGo-Acct-Output-Voice-Gigawords: [0]
2013-11-20 10:56:21,642: DEBUG: Acct-Input-Octets: [1113869]
2013-11-20 10:56:21,644: DEBUG: 

2013-11-20 10:56:21,644: DEBUG: Received response with following attributes:
2013-11-20 10:56:36,644: DEBUG: 

2013-11-20 10:56:36,646: DEBUG: Creating Accounting Stop Request with the following Attributes:
2013-11-20 10:56:36,646: DEBUG: User-Name: [u'username36@airborne.aircell.com']
2013-11-20 10:56:36,646: DEBUG: GoGo-Tail-Number: [u'01009']
2013-11-20 10:56:36,647: DEBUG: Acct-Output-Octets: [1572569]
2013-11-20 10:56:36,647: DEBUG: NAS-IP-Address: ['10.254.238.1']
2013-11-20 10:56:36,647: DEBUG: GoGo-Total-Output-Gigawords: [0]
2013-11-20 10:56:36,647: DEBUG: Framed-IP-Address: ['10.254.238.21']
2013-11-20 10:56:36,647: DEBUG: GoGo-Total-Input-Voice-Gigawords: [0]
2013-11-20 10:56:36,647: DEBUG: GoGo-Total-Output-Octets: [1572569]
2013-11-20 10:56:36,647: DEBUG: GoGo-Acct-Input-Voice-Octets: [0]
2013-11-20 10:56:36,648: DEBUG: GoGo-Total-Input-Voice-Packets: [0]
2013-11-20 10:56:36,648: DEBUG: Called-Station-Id: [u'00:16:3E:5A:6F:25']
2013-11-20 10:56:36,648: DEBUG: WISPr-Location-Name: [u'TEST LLC,BA01_01009']
2013-11-20 10:56:36,648: DEBUG: NAS-Identifier: [u'C08386']
2013-11-20 10:56:36,648: DEBUG: Proxy-State: ['3330,3132']
2013-11-20 10:56:36,648: DEBUG: GoGo-Total-Input-Voice-Octets: [0]
2013-11-20 10:56:36,648: DEBUG: Acct-Status-Type: ['Stop']
2013-11-20 10:56:36,648: DEBUG: GoGo-Total-Output-Voice-Gigawords: [0]
2013-11-20 10:56:36,649: DEBUG: GoGo-Airline: [u'BA01']
2013-11-20 10:56:36,649: DEBUG: Acct-Session-Id: [u'AAATestNAS_233-1384925141615-00163E5A6F25-1']
2013-11-20 10:56:36,649: DEBUG: Acct-Session-Time: [15]
2013-11-20 10:56:36,649: DEBUG: Acct-Input-Packets: [87543]
2013-11-20 10:56:36,649: DEBUG: Acct-Output-Packets: [10620]
2013-11-20 10:56:36,649: DEBUG: Acct-Terminate-Cause: ['User-Request']
2013-11-20 10:56:36,649: DEBUG: GoGo-Acct-Output-Voice-Octets: [0]
2013-11-20 10:56:36,650: DEBUG: Acct-Output-Gigawords: [0]
2013-11-20 10:56:36,650: DEBUG: GoGo-Total-Output-Voice-Packets: [0]
2013-11-20 10:56:36,650: DEBUG: Acct-Input-Gigawords: [0]
2013-11-20 10:56:36,650: DEBUG: Calling-Station-Id: [u'19:21:31:41:52:15']
2013-11-20 10:56:36,650: DEBUG: NAS-Port-Type: ['Wireless-802.11']
2013-11-20 10:56:36,650: DEBUG: GoGo-Total-Output-Voice-Octets: [0]
2013-11-20 10:56:36,650: DEBUG: GoGo-Private-IP-Address: ['192.168.1.179']
2013-11-20 10:56:36,650: DEBUG: GoGo-Acct-Input-Voice-Gigawords: [0]
2013-11-20 10:56:36,651: DEBUG: GoGo-Total-Input-Packets: [87543]
2013-11-20 10:56:36,651: DEBUG: GoGo-Total-Input-Gigawords: [0]
2013-11-20 10:56:36,651: DEBUG: GoGo-Acct-Input-Voice-Packets: [0]
2013-11-20 10:56:36,651: DEBUG: GoGo-Total-Input-Octets: [9672245]
2013-11-20 10:56:36,651: DEBUG: GoGo-Total-Output-Packets: [10620]
2013-11-20 10:56:36,651: DEBUG: WISPr-Location-ID: [u'airline=BA01,tail=01009,network=']
2013-11-20 10:56:36,651: DEBUG: GoGo-Acct-Output-Voice-Packets: [0]
2013-11-20 10:56:36,651: DEBUG: GoGo-Acct-Output-Voice-Gigawords: [0]
2013-11-20 10:56:36,651: DEBUG: Acct-Input-Octets: [9672245]
2013-11-20 10:56:36,654: DEBUG: 

2013-11-20 10:56:36,654: DEBUG: Received response with following attributes:
2013-11-20 10:56:36,654: DEBUG: Ending the test for this user
2013-11-20 10:56:37,456: DEBUG: Starting the client for the user username36@airborne.aircell.com to the server localhost

2013-11-20 10:56:37,457: DEBUG: DURATION of the TEST: 39
2013-11-20 10:56:37,457: DEBUG: NAS-IP: 10.254.216.1
2013-11-20 10:56:37,457: DEBUG: NAS-MAC-ADDR: 18:21:31:41:52:92
2013-11-20 10:56:37,457: DEBUG: Abruptly End: False
2013-11-20 10:56:37,457: DEBUG: Framed-IP: 10.254.216.98
2013-11-20 10:56:37,457: DEBUG: User-MAC-Addr: 00:16:3E:2B:5E:C2
2013-11-20 10:56:37,457: DEBUG: 

2013-11-20 10:56:37,458: DEBUG: Creating Authentication Request with the following Attributes:
2013-11-20 10:56:37,458: DEBUG: NAS-Identifier: [u'C08386']
2013-11-20 10:56:37,458: DEBUG: User-Name: [u'username36@airborne.aircell.com']
2013-11-20 10:56:37,458: DEBUG: NAS-IP-Address: ['10.254.216.1']
2013-11-20 10:56:37,458: DEBUG: Service-Type: ['Authenticate-Only']
2013-11-20 10:56:37,458: DEBUG: Proxy-State: ['3237,3134']
2013-11-20 10:56:37,458: DEBUG: Framed-IP-Address: ['10.254.216.98']
2013-11-20 10:56:37,458: DEBUG: GoGo-Airline: [u'BA01']
2013-11-20 10:56:37,459: DEBUG: Acct-Session-Id: [u'AAATestNAS_211-1384925197457-00163E2B5EC2-2']
2013-11-20 10:56:37,459: DEBUG: GoGo-Tail-Number: [u'AAATestNAS_211']
2013-11-20 10:56:37,459: DEBUG: GoGo-Private-IP-Address: ['192.168.1.179']
2013-11-20 10:56:37,459: DEBUG: WISPr-Location-ID: [u'airline=BA01,tail=01009,network=']
2013-11-20 10:56:37,459: DEBUG: WISPr-Location-Name: [u'TEST LLC,BA01_01009']
2013-11-20 10:56:37,459: DEBUG: NAS-Port-Type: ['Wireless-802.11']
2013-11-20 10:56:37,459: DEBUG: Called-Station-Id: [u'00:16:3E:2B:5E:C2']
2013-11-20 10:56:37,459: DEBUG: Calling-Station-Id: [u'18:21:31:41:52:92']
2013-11-20 10:56:37,460: DEBUG: 

2013-11-20 10:56:37,460: DEBUG: Received response with code: 2, Accepted
2013-11-20 10:56:37,461: DEBUG: Creating Authentication Request with the following Attributes:
2013-11-20 10:56:37,461: DEBUG: NAS-Identifier: [u'C08386']
2013-11-20 10:56:37,461: DEBUG: User-Name: [u'username36@airborne.aircell.com']
2013-11-20 10:56:37,461: DEBUG: NAS-IP-Address: ['10.254.216.1']
2013-11-20 10:56:37,461: DEBUG: Service-Type: ['Login-User']
2013-11-20 10:56:37,461: DEBUG: Proxy-State: ['3237,3134']
2013-11-20 10:56:37,461: DEBUG: Framed-IP-Address: ['10.254.216.98']
2013-11-20 10:56:37,462: DEBUG: GoGo-Airline: [u'BA01']
2013-11-20 10:56:37,462: DEBUG: Acct-Session-Id: [u'AAATestNAS_211-1384925197461-00163E2B5EC2-2']
2013-11-20 10:56:37,462: DEBUG: GoGo-Tail-Number: [u'AAATestNAS_211']
2013-11-20 10:56:37,462: DEBUG: GoGo-Private-IP-Address: ['192.168.1.179']
2013-11-20 10:56:37,462: DEBUG: WISPr-Location-ID: [u'airline=BA01,tail=01009,network=']
2013-11-20 10:56:37,462: DEBUG: WISPr-Location-Name: [u'TEST LLC,BA01_01009']
2013-11-20 10:56:37,462: DEBUG: NAS-Port-Type: ['Wireless-802.11']
2013-11-20 10:56:37,462: DEBUG: Called-Station-Id: [u'00:16:3E:2B:5E:C2']
2013-11-20 10:56:37,462: DEBUG: Calling-Station-Id: [u'18:21:31:41:52:92']
2013-11-20 10:56:37,463: DEBUG: 

2013-11-20 10:56:37,463: DEBUG: Received response with code: 2, Accepted
2013-11-20 10:56:37,464: DEBUG: 

2013-11-20 10:56:37,464: DEBUG: Creating Accounting start Request with the following Attributes:
2013-11-20 10:56:37,464: DEBUG: NAS-Identifier: [u'C08386']
2013-11-20 10:56:37,464: DEBUG: User-Name: [u'username36@airborne.aircell.com']
2013-11-20 10:56:37,464: DEBUG: GoGo-Tail-Number: [u'AAATestNAS_211']
2013-11-20 10:56:37,464: DEBUG: NAS-IP-Address: ['10.254.216.1']
2013-11-20 10:56:37,464: DEBUG: Proxy-State: ['3239,3131']
2013-11-20 10:56:37,464: DEBUG: Acct-Status-Type: ['Start']
2013-11-20 10:56:37,465: DEBUG: GoGo-Airline: [u'BA01']
2013-11-20 10:56:37,465: DEBUG: Acct-Session-Id: [u'AAATestNAS_211-1384925197461-00163E2B5EC2-2']
2013-11-20 10:56:37,465: DEBUG: GoGo-Private-IP-Address: ['192.168.1.179']
2013-11-20 10:56:37,465: DEBUG: Framed-IP-Address: ['10.254.216.98']
2013-11-20 10:56:37,465: DEBUG: WISPr-Location-ID: [u'airline=BA01,tail=01009,network=']
2013-11-20 10:56:37,465: DEBUG: WISPr-Location-Name: [u'TEST LLC,BA01_01009']
2013-11-20 10:56:37,465: DEBUG: NAS-Port-Type: ['Wireless-802.11']
2013-11-20 10:56:37,465: DEBUG: Called-Station-Id: [u'00:16:3E:2B:5E:C2']
2013-11-20 10:56:37,465: DEBUG: Calling-Station-Id: [u'18:21:31:41:52:92']
2013-11-20 10:56:37,466: DEBUG: 

2013-11-20 10:56:37,467: DEBUG: Received response with following attributes:
2013-11-20 10:56:47,468: DEBUG: 

2013-11-20 10:56:47,468: DEBUG: Creating Accounting Update Request with the following Attributes:
2013-11-20 10:56:47,468: DEBUG: User-Name: [u'username36@airborne.aircell.com']
2013-11-20 10:56:47,469: DEBUG: GoGo-Tail-Number: [u'AAATestNAS_211']
2013-11-20 10:56:47,469: DEBUG: Acct-Output-Octets: [6784614]
2013-11-20 10:56:47,469: DEBUG: NAS-IP-Address: ['10.254.216.1']
2013-11-20 10:56:47,469: DEBUG: GoGo-Total-Output-Gigawords: [0]
2013-11-20 10:56:47,469: DEBUG: Framed-IP-Address: ['10.254.216.98']
2013-11-20 10:56:47,469: DEBUG: GoGo-Total-Input-Voice-Gigawords: [0]
2013-11-20 10:56:47,469: DEBUG: GoGo-Total-Output-Octets: [6784614]
2013-11-20 10:56:47,469: DEBUG: GoGo-Acct-Input-Voice-Octets: [0]
2013-11-20 10:56:47,470: DEBUG: GoGo-Total-Input-Voice-Packets: [0]
2013-11-20 10:56:47,470: DEBUG: Called-Station-Id: [u'00:16:3E:2B:5E:C2']
2013-11-20 10:56:47,470: DEBUG: WISPr-Location-Name: [u'TEST LLC,BA01_01009']
2013-11-20 10:56:47,470: DEBUG: NAS-Identifier: [u'C08386']
2013-11-20 10:56:47,470: DEBUG: Proxy-State: ['3330,3132']
2013-11-20 10:56:47,470: DEBUG: GoGo-Total-Input-Voice-Octets: [0]
2013-11-20 10:56:47,470: DEBUG: Acct-Status-Type: ['Interim-Update']
2013-11-20 10:56:47,470: DEBUG: GoGo-Total-Output-Voice-Gigawords: [0]
2013-11-20 10:56:47,470: DEBUG: GoGo-Airline: [u'BA01']
2013-11-20 10:56:47,471: DEBUG: Acct-Session-Id: [u'AAATestNAS_211-1384925197461-00163E2B5EC2-2']
2013-11-20 10:56:47,471: DEBUG: Acct-Session-Time: [10]
2013-11-20 10:56:47,471: DEBUG: Acct-Input-Packets: [11293]
2013-11-20 10:56:47,471: DEBUG: Acct-Output-Packets: [61615]
2013-11-20 10:56:47,471: DEBUG: GoGo-Acct-Output-Voice-Packets: [0]
2013-11-20 10:56:47,471: DEBUG: GoGo-Acct-Output-Voice-Octets: [0]
2013-11-20 10:56:47,471: DEBUG: Acct-Output-Gigawords: [0]
2013-11-20 10:56:47,471: DEBUG: GoGo-Total-Output-Voice-Packets: [0]
2013-11-20 10:56:47,471: DEBUG: Acct-Input-Gigawords: [0]
2013-11-20 10:56:47,472: DEBUG: Calling-Station-Id: [u'18:21:31:41:52:92']
2013-11-20 10:56:47,472: DEBUG: NAS-Port-Type: ['Wireless-802.11']
2013-11-20 10:56:47,472: DEBUG: GoGo-Total-Output-Voice-Octets: [0]
2013-11-20 10:56:47,472: DEBUG: GoGo-Private-IP-Address: ['192.168.1.179']
2013-11-20 10:56:47,472: DEBUG: GoGo-Acct-Input-Voice-Gigawords: [0]
2013-11-20 10:56:47,472: DEBUG: GoGo-Total-Input-Packets: [11293]
2013-11-20 10:56:47,472: DEBUG: GoGo-Total-Input-Gigawords: [0]
2013-11-20 10:56:47,472: DEBUG: GoGo-Acct-Input-Voice-Packets: [0]
2013-11-20 10:56:47,472: DEBUG: GoGo-Total-Input-Octets: [1175812]
2013-11-20 10:56:47,472: DEBUG: GoGo-Total-Output-Packets: [61615]
2013-11-20 10:56:47,473: DEBUG: WISPr-Location-ID: [u'airline=BA01,tail=01009,network=']
2013-11-20 10:56:47,473: DEBUG: GoGo-Acct-Output-Voice-Gigawords: [0]
2013-11-20 10:56:47,473: DEBUG: Acct-Input-Octets: [1175812]
2013-11-20 10:56:47,475: DEBUG: 

2013-11-20 10:56:47,475: DEBUG: Received response with following attributes:
2013-11-20 10:56:57,476: DEBUG: 

2013-11-20 10:56:57,476: DEBUG: Creating Accounting Update Request with the following Attributes:
2013-11-20 10:56:57,477: DEBUG: User-Name: [u'username36@airborne.aircell.com']
2013-11-20 10:56:57,477: DEBUG: GoGo-Tail-Number: [u'AAATestNAS_211']
2013-11-20 10:56:57,477: DEBUG: Acct-Output-Octets: [4633675]
2013-11-20 10:56:57,478: DEBUG: NAS-IP-Address: ['10.254.216.1']
2013-11-20 10:56:57,478: DEBUG: GoGo-Total-Output-Gigawords: [0]
2013-11-20 10:56:57,478: DEBUG: Framed-IP-Address: ['10.254.216.98']
2013-11-20 10:56:57,479: DEBUG: GoGo-Total-Input-Voice-Gigawords: [0]
2013-11-20 10:56:57,479: DEBUG: GoGo-Total-Output-Octets: [4633675]
2013-11-20 10:56:57,479: DEBUG: GoGo-Acct-Input-Voice-Octets: [0]
2013-11-20 10:56:57,480: DEBUG: GoGo-Total-Input-Voice-Packets: [0]
2013-11-20 10:56:57,480: DEBUG: Called-Station-Id: [u'00:16:3E:2B:5E:C2']
2013-11-20 10:56:57,480: DEBUG: WISPr-Location-Name: [u'TEST LLC,BA01_01009']
2013-11-20 10:56:57,480: DEBUG: NAS-Identifier: [u'C08386']
2013-11-20 10:56:57,481: DEBUG: Proxy-State: ['3330,3132']
2013-11-20 10:56:57,481: DEBUG: GoGo-Total-Input-Voice-Octets: [0]
2013-11-20 10:56:57,481: DEBUG: Acct-Status-Type: ['Interim-Update']
2013-11-20 10:56:57,481: DEBUG: GoGo-Total-Output-Voice-Gigawords: [0]
2013-11-20 10:56:57,482: DEBUG: GoGo-Airline: [u'BA01']
2013-11-20 10:56:57,482: DEBUG: Acct-Session-Id: [u'AAATestNAS_211-1384925197461-00163E2B5EC2-2']
2013-11-20 10:56:57,482: DEBUG: Acct-Session-Time: [10]
2013-11-20 10:56:57,482: DEBUG: Acct-Input-Packets: [34138]
2013-11-20 10:56:57,482: DEBUG: Acct-Output-Packets: [10224]
2013-11-20 10:56:57,483: DEBUG: GoGo-Acct-Output-Voice-Packets: [0]
2013-11-20 10:56:57,483: DEBUG: GoGo-Acct-Output-Voice-Octets: [0]
2013-11-20 10:56:57,483: DEBUG: Acct-Output-Gigawords: [0]
2013-11-20 10:56:57,484: DEBUG: GoGo-Total-Output-Voice-Packets: [0]
2013-11-20 10:56:57,484: DEBUG: Acct-Input-Gigawords: [0]
2013-11-20 10:56:57,484: DEBUG: Calling-Station-Id: [u'18:21:31:41:52:92']
2013-11-20 10:56:57,485: DEBUG: NAS-Port-Type: ['Wireless-802.11']
2013-11-20 10:56:57,486: DEBUG: GoGo-Total-Output-Voice-Octets: [0]
2013-11-20 10:56:57,487: DEBUG: GoGo-Private-IP-Address: ['192.168.1.179']
2013-11-20 10:56:57,487: DEBUG: GoGo-Acct-Input-Voice-Gigawords: [0]
2013-11-20 10:56:57,488: DEBUG: GoGo-Total-Input-Packets: [34138]
2013-11-20 10:56:57,489: DEBUG: GoGo-Total-Input-Gigawords: [0]
2013-11-20 10:56:57,489: DEBUG: GoGo-Acct-Input-Voice-Packets: [0]
2013-11-20 10:56:57,489: DEBUG: GoGo-Total-Input-Octets: [4707054]
2013-11-20 10:56:57,490: DEBUG: GoGo-Total-Output-Packets: [10224]
2013-11-20 10:56:57,490: DEBUG: WISPr-Location-ID: [u'airline=BA01,tail=01009,network=']
2013-11-20 10:56:57,490: DEBUG: GoGo-Acct-Output-Voice-Gigawords: [0]
2013-11-20 10:56:57,491: DEBUG: Acct-Input-Octets: [4707054]
2013-11-20 10:56:57,493: DEBUG: 

2013-11-20 10:56:57,493: DEBUG: Received response with following attributes:
2013-11-20 10:57:07,494: DEBUG: 

2013-11-20 10:57:07,495: DEBUG: Creating Accounting Update Request with the following Attributes:
2013-11-20 10:57:07,496: DEBUG: User-Name: [u'username36@airborne.aircell.com']
2013-11-20 10:57:07,496: DEBUG: GoGo-Tail-Number: [u'AAATestNAS_211']
2013-11-20 10:57:07,497: DEBUG: Acct-Output-Octets: [7896973]
2013-11-20 10:57:07,497: DEBUG: NAS-IP-Address: ['10.254.216.1']
2013-11-20 10:57:07,498: DEBUG: GoGo-Total-Output-Gigawords: [0]
2013-11-20 10:57:07,498: DEBUG: Framed-IP-Address: ['10.254.216.98']
2013-11-20 10:57:07,498: DEBUG: GoGo-Total-Input-Voice-Gigawords: [0]
2013-11-20 10:57:07,499: DEBUG: GoGo-Total-Output-Octets: [7896973]
2013-11-20 10:57:07,499: DEBUG: GoGo-Acct-Input-Voice-Octets: [0]
2013-11-20 10:57:07,500: DEBUG: GoGo-Total-Input-Voice-Packets: [0]
2013-11-20 10:57:07,500: DEBUG: Called-Station-Id: [u'00:16:3E:2B:5E:C2']
2013-11-20 10:57:07,501: DEBUG: WISPr-Location-Name: [u'TEST LLC,BA01_01009']
2013-11-20 10:57:07,502: DEBUG: NAS-Identifier: [u'C08386']
2013-11-20 10:57:07,502: DEBUG: Proxy-State: ['3330,3132']
2013-11-20 10:57:07,502: DEBUG: GoGo-Total-Input-Voice-Octets: [0]
2013-11-20 10:57:07,502: DEBUG: Acct-Status-Type: ['Interim-Update']
2013-11-20 10:57:07,503: DEBUG: GoGo-Total-Output-Voice-Gigawords: [0]
2013-11-20 10:57:07,503: DEBUG: GoGo-Airline: [u'BA01']
2013-11-20 10:57:07,503: DEBUG: Acct-Session-Id: [u'AAATestNAS_211-1384925197461-00163E2B5EC2-2']
2013-11-20 10:57:07,504: DEBUG: Acct-Session-Time: [10]
2013-11-20 10:57:07,504: DEBUG: Acct-Input-Packets: [10355]
2013-11-20 10:57:07,504: DEBUG: Acct-Output-Packets: [59736]
2013-11-20 10:57:07,504: DEBUG: GoGo-Acct-Output-Voice-Packets: [0]
2013-11-20 10:57:07,505: DEBUG: GoGo-Acct-Output-Voice-Octets: [0]
2013-11-20 10:57:07,505: DEBUG: Acct-Output-Gigawords: [0]
2013-11-20 10:57:07,505: DEBUG: GoGo-Total-Output-Voice-Packets: [0]
2013-11-20 10:57:07,506: DEBUG: Acct-Input-Gigawords: [0]
2013-11-20 10:57:07,506: DEBUG: Calling-Station-Id: [u'18:21:31:41:52:92']
2013-11-20 10:57:07,506: DEBUG: NAS-Port-Type: ['Wireless-802.11']
2013-11-20 10:57:07,506: DEBUG: GoGo-Total-Output-Voice-Octets: [0]
2013-11-20 10:57:07,507: DEBUG: GoGo-Private-IP-Address: ['192.168.1.179']
2013-11-20 10:57:07,507: DEBUG: GoGo-Acct-Input-Voice-Gigawords: [0]
2013-11-20 10:57:07,507: DEBUG: GoGo-Total-Input-Packets: [10355]
2013-11-20 10:57:07,508: DEBUG: GoGo-Total-Input-Gigawords: [0]
2013-11-20 10:57:07,508: DEBUG: GoGo-Acct-Input-Voice-Packets: [0]
2013-11-20 10:57:07,508: DEBUG: GoGo-Total-Input-Octets: [7184699]
2013-11-20 10:57:07,508: DEBUG: GoGo-Total-Output-Packets: [59736]
2013-11-20 10:57:07,508: DEBUG: WISPr-Location-ID: [u'airline=BA01,tail=01009,network=']
2013-11-20 10:57:07,509: DEBUG: GoGo-Acct-Output-Voice-Gigawords: [0]
2013-11-20 10:57:07,510: DEBUG: Acct-Input-Octets: [7184699]
2013-11-20 10:57:07,512: DEBUG: 

2013-11-20 10:57:07,512: DEBUG: Received response with following attributes:
2013-11-20 10:57:16,514: DEBUG: 

2013-11-20 10:57:16,515: DEBUG: Creating Accounting Update Request with the following Attributes:
2013-11-20 10:57:16,515: DEBUG: User-Name: [u'username36@airborne.aircell.com']
2013-11-20 10:57:16,516: DEBUG: GoGo-Tail-Number: [u'AAATestNAS_211']
2013-11-20 10:57:16,516: DEBUG: Acct-Output-Octets: [2749343]
2013-11-20 10:57:16,517: DEBUG: NAS-IP-Address: ['10.254.216.1']
2013-11-20 10:57:16,518: DEBUG: GoGo-Total-Output-Gigawords: [0]
2013-11-20 10:57:16,518: DEBUG: Framed-IP-Address: ['10.254.216.98']
2013-11-20 10:57:16,519: DEBUG: GoGo-Total-Input-Voice-Gigawords: [0]
2013-11-20 10:57:16,520: DEBUG: GoGo-Total-Output-Octets: [2749343]
2013-11-20 10:57:16,520: DEBUG: GoGo-Acct-Input-Voice-Octets: [0]
2013-11-20 10:57:16,521: DEBUG: GoGo-Total-Input-Voice-Packets: [0]
2013-11-20 10:57:16,521: DEBUG: Called-Station-Id: [u'00:16:3E:2B:5E:C2']
2013-11-20 10:57:16,521: DEBUG: WISPr-Location-Name: [u'TEST LLC,BA01_01009']
2013-11-20 10:57:16,522: DEBUG: NAS-Identifier: [u'C08386']
2013-11-20 10:57:16,522: DEBUG: Proxy-State: ['3330,3132']
2013-11-20 10:57:16,523: DEBUG: GoGo-Total-Input-Voice-Octets: [0]
2013-11-20 10:57:16,523: DEBUG: Acct-Status-Type: ['Interim-Update']
2013-11-20 10:57:16,523: DEBUG: GoGo-Total-Output-Voice-Gigawords: [0]
2013-11-20 10:57:16,524: DEBUG: GoGo-Airline: [u'BA01']
2013-11-20 10:57:16,524: DEBUG: Acct-Session-Id: [u'AAATestNAS_211-1384925197461-00163E2B5EC2-2']
2013-11-20 10:57:16,525: DEBUG: Acct-Session-Time: [9]
2013-11-20 10:57:16,525: DEBUG: Acct-Input-Packets: [79265]
2013-11-20 10:57:16,526: DEBUG: Acct-Output-Packets: [10238]
2013-11-20 10:57:16,526: DEBUG: GoGo-Acct-Output-Voice-Packets: [0]
2013-11-20 10:57:16,526: DEBUG: GoGo-Acct-Output-Voice-Octets: [0]
2013-11-20 10:57:16,526: DEBUG: Acct-Output-Gigawords: [0]
2013-11-20 10:57:16,527: DEBUG: GoGo-Total-Output-Voice-Packets: [0]
2013-11-20 10:57:16,527: DEBUG: Acct-Input-Gigawords: [0]
2013-11-20 10:57:16,527: DEBUG: Calling-Station-Id: [u'18:21:31:41:52:92']
2013-11-20 10:57:16,528: DEBUG: NAS-Port-Type: ['Wireless-802.11']
2013-11-20 10:57:16,528: DEBUG: GoGo-Total-Output-Voice-Octets: [0]
2013-11-20 10:57:16,528: DEBUG: GoGo-Private-IP-Address: ['192.168.1.179']
2013-11-20 10:57:16,528: DEBUG: GoGo-Acct-Input-Voice-Gigawords: [0]
2013-11-20 10:57:16,529: DEBUG: GoGo-Total-Input-Packets: [79265]
2013-11-20 10:57:16,529: DEBUG: GoGo-Total-Input-Gigawords: [0]
2013-11-20 10:57:16,531: DEBUG: GoGo-Acct-Input-Voice-Packets: [0]
2013-11-20 10:57:16,531: DEBUG: GoGo-Total-Input-Octets: [9605414]
2013-11-20 10:57:16,532: DEBUG: GoGo-Total-Output-Packets: [10238]
2013-11-20 10:57:16,532: DEBUG: WISPr-Location-ID: [u'airline=BA01,tail=01009,network=']
2013-11-20 10:57:16,533: DEBUG: GoGo-Acct-Output-Voice-Gigawords: [0]
2013-11-20 10:57:16,534: DEBUG: Acct-Input-Octets: [9605414]
2013-11-20 10:57:16,537: DEBUG: 

2013-11-20 10:57:16,538: DEBUG: Received response with following attributes:
2013-11-20 10:57:35,540: DEBUG: 

2013-11-20 10:57:35,540: DEBUG: Creating Accounting Stop Request with the following Attributes:
2013-11-20 10:57:35,540: DEBUG: User-Name: [u'username36@airborne.aircell.com']
2013-11-20 10:57:35,541: DEBUG: GoGo-Tail-Number: [u'01009']
2013-11-20 10:57:35,541: DEBUG: Acct-Output-Octets: [8966323]
2013-11-20 10:57:35,541: DEBUG: NAS-IP-Address: ['10.254.216.1']
2013-11-20 10:57:35,541: DEBUG: GoGo-Total-Output-Gigawords: [0]
2013-11-20 10:57:35,541: DEBUG: Framed-IP-Address: ['10.254.216.98']
2013-11-20 10:57:35,541: DEBUG: GoGo-Total-Input-Voice-Gigawords: [0]
2013-11-20 10:57:35,541: DEBUG: GoGo-Total-Output-Octets: [8966323]
2013-11-20 10:57:35,541: DEBUG: GoGo-Acct-Input-Voice-Octets: [0]
2013-11-20 10:57:35,541: DEBUG: GoGo-Total-Input-Voice-Packets: [0]
2013-11-20 10:57:35,541: DEBUG: Called-Station-Id: [u'00:16:3E:2B:5E:C2']
2013-11-20 10:57:35,542: DEBUG: WISPr-Location-Name: [u'TEST LLC,BA01_01009']
2013-11-20 10:57:35,542: DEBUG: NAS-Identifier: [u'C08386']
2013-11-20 10:57:35,542: DEBUG: Proxy-State: ['3330,3132']
2013-11-20 10:57:35,542: DEBUG: GoGo-Total-Input-Voice-Octets: [0]
2013-11-20 10:57:35,542: DEBUG: Acct-Status-Type: ['Stop']
2013-11-20 10:57:35,542: DEBUG: GoGo-Total-Output-Voice-Gigawords: [0]
2013-11-20 10:57:35,542: DEBUG: GoGo-Airline: [u'BA01']
2013-11-20 10:57:35,542: DEBUG: Acct-Session-Id: [u'AAATestNAS_211-1384925197461-00163E2B5EC2-2']
2013-11-20 10:57:35,542: DEBUG: Acct-Session-Time: [19]
2013-11-20 10:57:35,543: DEBUG: Acct-Input-Packets: [10815]
2013-11-20 10:57:35,543: DEBUG: Acct-Output-Packets: [81001]
2013-11-20 10:57:35,543: DEBUG: Acct-Terminate-Cause: ['User-Request']
2013-11-20 10:57:35,543: DEBUG: GoGo-Acct-Output-Voice-Octets: [0]
2013-11-20 10:57:35,543: DEBUG: Acct-Output-Gigawords: [0]
2013-11-20 10:57:35,543: DEBUG: GoGo-Total-Output-Voice-Packets: [0]
2013-11-20 10:57:35,543: DEBUG: Acct-Input-Gigawords: [0]
2013-11-20 10:57:35,543: DEBUG: Calling-Station-Id: [u'18:21:31:41:52:92']
2013-11-20 10:57:35,543: DEBUG: NAS-Port-Type: ['Wireless-802.11']
2013-11-20 10:57:35,543: DEBUG: GoGo-Total-Output-Voice-Octets: [0]
2013-11-20 10:57:35,544: DEBUG: GoGo-Private-IP-Address: ['192.168.1.179']
2013-11-20 10:57:35,544: DEBUG: GoGo-Acct-Input-Voice-Gigawords: [0]
2013-11-20 10:57:35,544: DEBUG: GoGo-Total-Input-Packets: [10815]
2013-11-20 10:57:35,544: DEBUG: GoGo-Total-Input-Gigawords: [0]
2013-11-20 10:57:35,544: DEBUG: GoGo-Acct-Input-Voice-Packets: [0]
2013-11-20 10:57:35,544: DEBUG: GoGo-Total-Input-Octets: [3193826]
2013-11-20 10:57:35,544: DEBUG: GoGo-Total-Output-Packets: [81001]
2013-11-20 10:57:35,544: DEBUG: WISPr-Location-ID: [u'airline=BA01,tail=01009,network=']
2013-11-20 10:57:35,544: DEBUG: GoGo-Acct-Output-Voice-Packets: [0]
2013-11-20 10:57:35,545: DEBUG: GoGo-Acct-Output-Voice-Gigawords: [0]
2013-11-20 10:57:35,545: DEBUG: Acct-Input-Octets: [3193826]
2013-11-20 10:57:35,545: ERROR: Network error, Reason: 'Network error: Too many open files'
2013-11-20 10:57:35,545: ERROR: Ending the test for this user
2013-11-20 10:57:35,545: DEBUG: Ending the test for this user
