2013-11-20 10:57:31,508: DEBUG: Starting the client for the user username97@airborne.aircell.com to the server localhost

2013-11-20 10:57:31,509: DEBUG: DURATION of the TEST: 86
2013-11-20 10:57:31,509: DEBUG: NAS-IP: 10.254.95.1
2013-11-20 10:57:31,509: DEBUG: NAS-MAC-ADDR: 17:21:31:41:52:60
2013-11-20 10:57:31,509: DEBUG: Abruptly End: True
2013-11-20 10:57:31,509: DEBUG: Framed-IP: 10.254.95.127
2013-11-20 10:57:31,509: DEBUG: User-MAC-Addr: 00:16:3E:7D:F9:25
2013-11-20 10:57:31,509: DEBUG: 

2013-11-20 10:57:31,510: DEBUG: Creating Authentication Request with the following Attributes:
2013-11-20 10:57:31,510: DEBUG: NAS-Identifier: [u'C08386']
2013-11-20 10:57:31,510: DEBUG: User-Name: [u'username97@airborne.aircell.com']
2013-11-20 10:57:31,510: DEBUG: NAS-IP-Address: ['10.254.95.1']
2013-11-20 10:57:31,510: DEBUG: Service-Type: ['Authenticate-Only']
2013-11-20 10:57:31,510: DEBUG: Proxy-State: ['3237,3134']
2013-11-20 10:57:31,510: DEBUG: Framed-IP-Address: ['10.254.95.127']
2013-11-20 10:57:31,510: DEBUG: GoGo-Airline: [u'BA01']
2013-11-20 10:57:31,511: DEBUG: Acct-Session-Id: [u'AAATestNAS_90-1384925251509-00163E7DF925-1']
2013-11-20 10:57:31,511: DEBUG: GoGo-Tail-Number: [u'AAATestNAS_90']
2013-11-20 10:57:31,511: DEBUG: GoGo-Private-IP-Address: ['192.168.1.179']
2013-11-20 10:57:31,511: DEBUG: WISPr-Location-ID: [u'airline=BA01,tail=01009,network=']
2013-11-20 10:57:31,511: DEBUG: WISPr-Location-Name: [u'TEST LLC,BA01_01009']
2013-11-20 10:57:31,511: DEBUG: NAS-Port-Type: ['Wireless-802.11']
2013-11-20 10:57:31,511: DEBUG: Called-Station-Id: [u'00:16:3E:7D:F9:25']
2013-11-20 10:57:31,511: DEBUG: Calling-Station-Id: [u'17:21:31:41:52:60']
2013-11-20 10:57:31,513: DEBUG: 

2013-11-20 10:57:31,513: DEBUG: Received response with code: 2, Accepted
2013-11-20 10:57:31,513: DEBUG: Creating Authentication Request with the following Attributes:
2013-11-20 10:57:31,513: DEBUG: NAS-Identifier: [u'C08386']
2013-11-20 10:57:31,513: DEBUG: User-Name: [u'username97@airborne.aircell.com']
2013-11-20 10:57:31,513: DEBUG: NAS-IP-Address: ['10.254.95.1']
2013-11-20 10:57:31,514: DEBUG: Service-Type: ['Login-User']
2013-11-20 10:57:31,514: DEBUG: Proxy-State: ['3237,3134']
2013-11-20 10:57:31,514: DEBUG: Framed-IP-Address: ['10.254.95.127']
2013-11-20 10:57:31,514: DEBUG: GoGo-Airline: [u'BA01']
2013-11-20 10:57:31,514: DEBUG: Acct-Session-Id: [u'AAATestNAS_90-1384925251513-00163E7DF925-1']
2013-11-20 10:57:31,514: DEBUG: GoGo-Tail-Number: [u'AAATestNAS_90']
2013-11-20 10:57:31,514: DEBUG: GoGo-Private-IP-Address: ['192.168.1.179']
2013-11-20 10:57:31,514: DEBUG: WISPr-Location-ID: [u'airline=BA01,tail=01009,network=']
2013-11-20 10:57:31,514: DEBUG: WISPr-Location-Name: [u'TEST LLC,BA01_01009']
2013-11-20 10:57:31,514: DEBUG: NAS-Port-Type: ['Wireless-802.11']
2013-11-20 10:57:31,515: DEBUG: Called-Station-Id: [u'00:16:3E:7D:F9:25']
2013-11-20 10:57:31,515: DEBUG: Calling-Station-Id: [u'17:21:31:41:52:60']
2013-11-20 10:57:31,516: DEBUG: 

2013-11-20 10:57:31,516: DEBUG: Received response with code: 2, Accepted
2013-11-20 10:57:31,516: DEBUG: 

2013-11-20 10:57:31,516: DEBUG: Creating Accounting start Request with the following Attributes:
2013-11-20 10:57:31,517: DEBUG: NAS-Identifier: [u'C08386']
2013-11-20 10:57:31,517: DEBUG: User-Name: [u'username97@airborne.aircell.com']
2013-11-20 10:57:31,517: DEBUG: GoGo-Tail-Number: [u'AAATestNAS_90']
2013-11-20 10:57:31,517: DEBUG: NAS-IP-Address: ['10.254.95.1']
2013-11-20 10:57:31,517: DEBUG: Proxy-State: ['3239,3131']
2013-11-20 10:57:31,517: DEBUG: Acct-Status-Type: ['Start']
2013-11-20 10:57:31,517: DEBUG: GoGo-Airline: [u'BA01']
2013-11-20 10:57:31,517: DEBUG: Acct-Session-Id: [u'AAATestNAS_90-1384925251513-00163E7DF925-1']
2013-11-20 10:57:31,517: DEBUG: GoGo-Private-IP-Address: ['192.168.1.179']
2013-11-20 10:57:31,517: DEBUG: Framed-IP-Address: ['10.254.95.127']
2013-11-20 10:57:31,518: DEBUG: WISPr-Location-ID: [u'airline=BA01,tail=01009,network=']
2013-11-20 10:57:31,518: DEBUG: WISPr-Location-Name: [u'TEST LLC,BA01_01009']
2013-11-20 10:57:31,518: DEBUG: NAS-Port-Type: ['Wireless-802.11']
2013-11-20 10:57:31,518: DEBUG: Called-Station-Id: [u'00:16:3E:7D:F9:25']
2013-11-20 10:57:31,518: DEBUG: Calling-Station-Id: [u'17:21:31:41:52:60']
2013-11-20 10:57:31,519: DEBUG: 

2013-11-20 10:57:31,519: DEBUG: Received response with following attributes:
2013-11-20 10:57:41,520: DEBUG: 

2013-11-20 10:57:41,521: DEBUG: Creating Accounting Update Request with the following Attributes:
2013-11-20 10:57:41,522: DEBUG: User-Name: [u'username97@airborne.aircell.com']
2013-11-20 10:57:41,522: DEBUG: GoGo-Tail-Number: [u'AAATestNAS_90']
2013-11-20 10:57:41,523: DEBUG: Acct-Output-Octets: [1842726]
2013-11-20 10:57:41,523: DEBUG: NAS-IP-Address: ['10.254.95.1']
2013-11-20 10:57:41,523: DEBUG: GoGo-Total-Output-Gigawords: [0]
2013-11-20 10:57:41,523: DEBUG: Framed-IP-Address: ['10.254.95.127']
2013-11-20 10:57:41,523: DEBUG: GoGo-Total-Input-Voice-Gigawords: [0]
2013-11-20 10:57:41,524: DEBUG: GoGo-Total-Output-Octets: [1842726]
2013-11-20 10:57:41,524: DEBUG: GoGo-Acct-Input-Voice-Octets: [0]
2013-11-20 10:57:41,524: DEBUG: GoGo-Total-Input-Voice-Packets: [0]
2013-11-20 10:57:41,524: DEBUG: Called-Station-Id: [u'00:16:3E:7D:F9:25']
2013-11-20 10:57:41,524: DEBUG: WISPr-Location-Name: [u'TEST LLC,BA01_01009']
2013-11-20 10:57:41,524: DEBUG: NAS-Identifier: [u'C08386']
2013-11-20 10:57:41,525: DEBUG: Proxy-State: ['3330,3132']
2013-11-20 10:57:41,525: DEBUG: GoGo-Total-Input-Voice-Octets: [0]
2013-11-20 10:57:41,525: DEBUG: Acct-Status-Type: ['Interim-Update']
2013-11-20 10:57:41,525: DEBUG: GoGo-Total-Output-Voice-Gigawords: [0]
2013-11-20 10:57:41,525: DEBUG: GoGo-Airline: [u'BA01']
2013-11-20 10:57:41,525: DEBUG: Acct-Session-Id: [u'AAATestNAS_90-1384925251513-00163E7DF925-1']
2013-11-20 10:57:41,526: DEBUG: Acct-Session-Time: [10]
2013-11-20 10:57:41,526: DEBUG: Acct-Input-Packets: [13068]
2013-11-20 10:57:41,526: DEBUG: Acct-Output-Packets: [9544]
2013-11-20 10:57:41,526: DEBUG: GoGo-Acct-Output-Voice-Packets: [0]
2013-11-20 10:57:41,526: DEBUG: GoGo-Acct-Output-Voice-Octets: [0]
2013-11-20 10:57:41,526: DEBUG: Acct-Output-Gigawords: [0]
2013-11-20 10:57:41,526: DEBUG: GoGo-Total-Output-Voice-Packets: [0]
2013-11-20 10:57:41,527: DEBUG: Acct-Input-Gigawords: [0]
2013-11-20 10:57:41,527: DEBUG: Calling-Station-Id: [u'17:21:31:41:52:60']
2013-11-20 10:57:41,527: DEBUG: NAS-Port-Type: ['Wireless-802.11']
2013-11-20 10:57:41,527: DEBUG: GoGo-Total-Output-Voice-Octets: [0]
2013-11-20 10:57:41,527: DEBUG: GoGo-Private-IP-Address: ['192.168.1.179']
2013-11-20 10:57:41,527: DEBUG: GoGo-Acct-Input-Voice-Gigawords: [0]
2013-11-20 10:57:41,528: DEBUG: GoGo-Total-Input-Packets: [13068]
2013-11-20 10:57:41,528: DEBUG: GoGo-Total-Input-Gigawords: [0]
2013-11-20 10:57:41,528: DEBUG: GoGo-Acct-Input-Voice-Packets: [0]
2013-11-20 10:57:41,528: DEBUG: GoGo-Total-Input-Octets: [2286584]
2013-11-20 10:57:41,528: DEBUG: GoGo-Total-Output-Packets: [9544]
2013-11-20 10:57:41,528: DEBUG: WISPr-Location-ID: [u'airline=BA01,tail=01009,network=']
2013-11-20 10:57:41,528: DEBUG: GoGo-Acct-Output-Voice-Gigawords: [0]
2013-11-20 10:57:41,529: DEBUG: Acct-Input-Octets: [2286584]
2013-11-20 10:57:41,529: ERROR: Network error, Reason: 'Network error: Too many open files'
2013-11-20 10:57:41,529: DEBUG: User has abruptly end flag so ending the test with out AcctStop
2013-11-20 10:57:41,529: DEBUG: Ending the test for this user
