2013-11-20 10:58:49,633: DEBUG: Starting the client for the user username78@airborne.aircell.com to the server localhost

2013-11-20 10:58:49,695: DEBUG: DURATION of the TEST: 61
2013-11-20 10:58:49,695: DEBUG: NAS-IP: 10.254.4.1
2013-11-20 10:58:49,695: DEBUG: NAS-MAC-ADDR: 14:22:33:44:55:66
2013-11-20 10:58:49,695: DEBUG: Abruptly End: True
2013-11-20 10:58:49,695: DEBUG: Framed-IP: 10.254.4.66
2013-11-20 10:58:49,695: DEBUG: User-MAC-Addr: 00:16:3E:47:59:0B
2013-11-20 10:58:49,696: DEBUG: 

2013-11-20 10:58:49,697: DEBUG: Creating Authentication Request with the following Attributes:
2013-11-20 10:58:49,697: DEBUG: NAS-Identifier: [u'C08386']
2013-11-20 10:58:49,697: DEBUG: User-Name: [u'username78@airborne.aircell.com']
2013-11-20 10:58:49,697: DEBUG: NAS-IP-Address: ['10.254.4.1']
2013-11-20 10:58:49,697: DEBUG: Service-Type: ['Authenticate-Only']
2013-11-20 10:58:49,697: DEBUG: Proxy-State: ['3237,3134']
2013-11-20 10:58:49,698: DEBUG: Framed-IP-Address: ['10.254.4.66']
2013-11-20 10:58:49,698: DEBUG: GoGo-Airline: [u'BA01']
2013-11-20 10:58:49,698: DEBUG: Acct-Session-Id: [u'AAATest_10_253_253_4-1384925329696-00163E47590B-3']
2013-11-20 10:58:49,698: DEBUG: GoGo-Tail-Number: [u'AAATest_10_253_253_4']
2013-11-20 10:58:49,698: DEBUG: GoGo-Private-IP-Address: ['192.168.1.179']
2013-11-20 10:58:49,698: DEBUG: WISPr-Location-ID: [u'airline=BA01,tail=01009,network=']
2013-11-20 10:58:49,698: DEBUG: WISPr-Location-Name: [u'TEST LLC,BA01_01009']
2013-11-20 10:58:49,699: DEBUG: NAS-Port-Type: ['Wireless-802.11']
2013-11-20 10:58:49,699: DEBUG: Called-Station-Id: [u'00:16:3E:47:59:0B']
2013-11-20 10:58:49,699: DEBUG: Calling-Station-Id: [u'14:22:33:44:55:66']
2013-11-20 10:58:49,699: ERROR: Network error, Reason: 'Network error: Too many open files'
2013-11-20 10:58:49,699: DEBUG: Ending the test for this user
