2013-11-20 10:58:41,606: DEBUG: Starting the client for the user username22@airborne.aircell.com to the server localhost

2013-11-20 10:58:41,607: DEBUG: DURATION of the TEST: 81
2013-11-20 10:58:41,607: DEBUG: NAS-IP: 10.254.92.1
2013-11-20 10:58:41,607: DEBUG: NAS-MAC-ADDR: 17:21:31:41:52:57
2013-11-20 10:58:41,607: DEBUG: Abruptly End: False
2013-11-20 10:58:41,607: DEBUG: Framed-IP: 10.254.92.109
2013-11-20 10:58:41,607: DEBUG: User-MAC-Addr: 00:16:3E:63:80:6E
2013-11-20 10:58:41,608: DEBUG: 

2013-11-20 10:58:41,609: DEBUG: Creating Authentication Request with the following Attributes:
2013-11-20 10:58:41,609: DEBUG: NAS-Identifier: [u'C08386']
2013-11-20 10:58:41,609: DEBUG: User-Name: [u'username22@airborne.aircell.com']
2013-11-20 10:58:41,609: DEBUG: NAS-IP-Address: ['10.254.92.1']
2013-11-20 10:58:41,609: DEBUG: Service-Type: ['Authenticate-Only']
2013-11-20 10:58:41,610: DEBUG: Proxy-State: ['3237,3134']
2013-11-20 10:58:41,610: DEBUG: Framed-IP-Address: ['10.254.92.109']
2013-11-20 10:58:41,610: DEBUG: GoGo-Airline: [u'BA01']
2013-11-20 10:58:41,610: DEBUG: Acct-Session-Id: [u'AAATestNAS_87-1384925321608-00163E63806E-3']
2013-11-20 10:58:41,610: DEBUG: GoGo-Tail-Number: [u'AAATestNAS_87']
2013-11-20 10:58:41,611: DEBUG: GoGo-Private-IP-Address: ['192.168.1.179']
2013-11-20 10:58:41,611: DEBUG: WISPr-Location-ID: [u'airline=BA01,tail=01009,network=']
2013-11-20 10:58:41,611: DEBUG: WISPr-Location-Name: [u'TEST LLC,BA01_01009']
2013-11-20 10:58:41,612: DEBUG: NAS-Port-Type: ['Wireless-802.11']
2013-11-20 10:58:41,612: DEBUG: Called-Station-Id: [u'00:16:3E:63:80:6E']
2013-11-20 10:58:41,612: DEBUG: Calling-Station-Id: [u'17:21:31:41:52:57']
2013-11-20 10:58:41,612: ERROR: Network error, Reason: 'Network error: nodename nor servname provided, or not known'
2013-11-20 10:58:41,612: DEBUG: Ending the test for this user
