2013-11-20 10:57:16,488: DEBUG: Starting the client for the user username89@airborne.aircell.com to the server localhost

2013-11-20 10:57:16,489: DEBUG: DURATION of the TEST: 98
2013-11-20 10:57:16,489: DEBUG: NAS-IP: 10.254.149.1
2013-11-20 10:57:16,489: DEBUG: NAS-MAC-ADDR: 18:21:31:41:52:25
2013-11-20 10:57:16,489: DEBUG: Abruptly End: False
2013-11-20 10:57:16,489: DEBUG: Framed-IP: 10.254.149.66
2013-11-20 10:57:16,489: DEBUG: User-MAC-Addr: 00:16:3E:49:B3:E3
2013-11-20 10:57:16,489: DEBUG: 

2013-11-20 10:57:16,490: DEBUG: Creating Authentication Request with the following Attributes:
2013-11-20 10:57:16,490: DEBUG: NAS-Identifier: [u'C08386']
2013-11-20 10:57:16,490: DEBUG: User-Name: [u'username89@airborne.aircell.com']
2013-11-20 10:57:16,491: DEBUG: NAS-IP-Address: ['10.254.149.1']
2013-11-20 10:57:16,491: DEBUG: Service-Type: ['Authenticate-Only']
2013-11-20 10:57:16,491: DEBUG: Proxy-State: ['3237,3134']
2013-11-20 10:57:16,491: DEBUG: Framed-IP-Address: ['10.254.149.66']
2013-11-20 10:57:16,491: DEBUG: GoGo-Airline: [u'BA01']
2013-11-20 10:57:16,491: DEBUG: Acct-Session-Id: [u'AAATestNAS_144-1384925236490-00163E49B3E3-4']
2013-11-20 10:57:16,491: DEBUG: GoGo-Tail-Number: [u'AAATestNAS_144']
2013-11-20 10:57:16,492: DEBUG: GoGo-Private-IP-Address: ['192.168.1.179']
2013-11-20 10:57:16,492: DEBUG: WISPr-Location-ID: [u'airline=BA01,tail=01009,network=']
2013-11-20 10:57:16,492: DEBUG: WISPr-Location-Name: [u'TEST LLC,BA01_01009']
2013-11-20 10:57:16,492: DEBUG: NAS-Port-Type: ['Wireless-802.11']
2013-11-20 10:57:16,492: DEBUG: Called-Station-Id: [u'00:16:3E:49:B3:E3']
2013-11-20 10:57:16,492: DEBUG: Calling-Station-Id: [u'18:21:31:41:52:25']
2013-11-20 10:57:16,493: DEBUG: 

2013-11-20 10:57:16,493: DEBUG: Received response with code: 2, Accepted
2013-11-20 10:57:16,494: DEBUG: Creating Authentication Request with the following Attributes:
2013-11-20 10:57:16,494: DEBUG: NAS-Identifier: [u'C08386']
2013-11-20 10:57:16,494: DEBUG: User-Name: [u'username89@airborne.aircell.com']
2013-11-20 10:57:16,494: DEBUG: NAS-IP-Address: ['10.254.149.1']
2013-11-20 10:57:16,494: DEBUG: Service-Type: ['Login-User']
2013-11-20 10:57:16,494: DEBUG: Proxy-State: ['3237,3134']
2013-11-20 10:57:16,494: DEBUG: Framed-IP-Address: ['10.254.149.66']
2013-11-20 10:57:16,494: DEBUG: GoGo-Airline: [u'BA01']
2013-11-20 10:57:16,494: DEBUG: Acct-Session-Id: [u'AAATestNAS_144-1384925236493-00163E49B3E3-4']
2013-11-20 10:57:16,495: DEBUG: GoGo-Tail-Number: [u'AAATestNAS_144']
2013-11-20 10:57:16,495: DEBUG: GoGo-Private-IP-Address: ['192.168.1.179']
2013-11-20 10:57:16,495: DEBUG: WISPr-Location-ID: [u'airline=BA01,tail=01009,network=']
2013-11-20 10:57:16,495: DEBUG: WISPr-Location-Name: [u'TEST LLC,BA01_01009']
2013-11-20 10:57:16,495: DEBUG: NAS-Port-Type: ['Wireless-802.11']
2013-11-20 10:57:16,495: DEBUG: Called-Station-Id: [u'00:16:3E:49:B3:E3']
2013-11-20 10:57:16,495: DEBUG: Calling-Station-Id: [u'18:21:31:41:52:25']
2013-11-20 10:57:16,496: DEBUG: 

2013-11-20 10:57:16,496: DEBUG: Received response with code: 2, Accepted
2013-11-20 10:57:16,496: DEBUG: 

2013-11-20 10:57:16,497: DEBUG: Creating Accounting start Request with the following Attributes:
2013-11-20 10:57:16,497: DEBUG: NAS-Identifier: [u'C08386']
2013-11-20 10:57:16,497: DEBUG: User-Name: [u'username89@airborne.aircell.com']
2013-11-20 10:57:16,497: DEBUG: GoGo-Tail-Number: [u'AAATestNAS_144']
2013-11-20 10:57:16,497: DEBUG: NAS-IP-Address: ['10.254.149.1']
2013-11-20 10:57:16,497: DEBUG: Proxy-State: ['3239,3131']
2013-11-20 10:57:16,497: DEBUG: Acct-Status-Type: ['Start']
2013-11-20 10:57:16,497: DEBUG: GoGo-Airline: [u'BA01']
2013-11-20 10:57:16,498: DEBUG: Acct-Session-Id: [u'AAATestNAS_144-1384925236493-00163E49B3E3-4']
2013-11-20 10:57:16,498: DEBUG: GoGo-Private-IP-Address: ['192.168.1.179']
2013-11-20 10:57:16,498: DEBUG: Framed-IP-Address: ['10.254.149.66']
2013-11-20 10:57:16,498: DEBUG: WISPr-Location-ID: [u'airline=BA01,tail=01009,network=']
2013-11-20 10:57:16,498: DEBUG: WISPr-Location-Name: [u'TEST LLC,BA01_01009']
2013-11-20 10:57:16,498: DEBUG: NAS-Port-Type: ['Wireless-802.11']
2013-11-20 10:57:16,498: DEBUG: Called-Station-Id: [u'00:16:3E:49:B3:E3']
2013-11-20 10:57:16,498: DEBUG: Calling-Station-Id: [u'18:21:31:41:52:25']
2013-11-20 10:57:16,499: DEBUG: 

2013-11-20 10:57:16,499: DEBUG: Received response with following attributes:
2013-11-20 10:57:26,500: DEBUG: 

2013-11-20 10:57:26,500: DEBUG: Creating Accounting Update Request with the following Attributes:
2013-11-20 10:57:26,500: DEBUG: User-Name: [u'username89@airborne.aircell.com']
2013-11-20 10:57:26,500: DEBUG: GoGo-Tail-Number: [u'AAATestNAS_144']
2013-11-20 10:57:26,501: DEBUG: Acct-Output-Octets: [5105643]
2013-11-20 10:57:26,501: DEBUG: NAS-IP-Address: ['10.254.149.1']
2013-11-20 10:57:26,501: DEBUG: GoGo-Total-Output-Gigawords: [0]
2013-11-20 10:57:26,501: DEBUG: Framed-IP-Address: ['10.254.149.66']
2013-11-20 10:57:26,501: DEBUG: GoGo-Total-Input-Voice-Gigawords: [0]
2013-11-20 10:57:26,501: DEBUG: GoGo-Total-Output-Octets: [5105643]
2013-11-20 10:57:26,501: DEBUG: GoGo-Acct-Input-Voice-Octets: [0]
2013-11-20 10:57:26,501: DEBUG: GoGo-Total-Input-Voice-Packets: [0]
2013-11-20 10:57:26,501: DEBUG: Called-Station-Id: [u'00:16:3E:49:B3:E3']
2013-11-20 10:57:26,502: DEBUG: WISPr-Location-Name: [u'TEST LLC,BA01_01009']
2013-11-20 10:57:26,502: DEBUG: NAS-Identifier: [u'C08386']
2013-11-20 10:57:26,502: DEBUG: Proxy-State: ['3330,3132']
2013-11-20 10:57:26,502: DEBUG: GoGo-Total-Input-Voice-Octets: [0]
2013-11-20 10:57:26,502: DEBUG: Acct-Status-Type: ['Interim-Update']
2013-11-20 10:57:26,502: DEBUG: GoGo-Total-Output-Voice-Gigawords: [0]
2013-11-20 10:57:26,502: DEBUG: GoGo-Airline: [u'BA01']
2013-11-20 10:57:26,502: DEBUG: Acct-Session-Id: [u'AAATestNAS_144-1384925236493-00163E49B3E3-4']
2013-11-20 10:57:26,502: DEBUG: Acct-Session-Time: [10]
2013-11-20 10:57:26,502: DEBUG: Acct-Input-Packets: [18826]
2013-11-20 10:57:26,503: DEBUG: Acct-Output-Packets: [16142]
2013-11-20 10:57:26,503: DEBUG: GoGo-Acct-Output-Voice-Packets: [0]
2013-11-20 10:57:26,503: DEBUG: GoGo-Acct-Output-Voice-Octets: [0]
2013-11-20 10:57:26,503: DEBUG: Acct-Output-Gigawords: [0]
2013-11-20 10:57:26,503: DEBUG: GoGo-Total-Output-Voice-Packets: [0]
2013-11-20 10:57:26,503: DEBUG: Acct-Input-Gigawords: [0]
2013-11-20 10:57:26,503: DEBUG: Calling-Station-Id: [u'18:21:31:41:52:25']
2013-11-20 10:57:26,503: DEBUG: NAS-Port-Type: ['Wireless-802.11']
2013-11-20 10:57:26,503: DEBUG: GoGo-Total-Output-Voice-Octets: [0]
2013-11-20 10:57:26,504: DEBUG: GoGo-Private-IP-Address: ['192.168.1.179']
2013-11-20 10:57:26,504: DEBUG: GoGo-Acct-Input-Voice-Gigawords: [0]
2013-11-20 10:57:26,504: DEBUG: GoGo-Total-Input-Packets: [18826]
2013-11-20 10:57:26,504: DEBUG: GoGo-Total-Input-Gigawords: [0]
2013-11-20 10:57:26,504: DEBUG: GoGo-Acct-Input-Voice-Packets: [0]
2013-11-20 10:57:26,504: DEBUG: GoGo-Total-Input-Octets: [5386447]
2013-11-20 10:57:26,504: DEBUG: GoGo-Total-Output-Packets: [16142]
2013-11-20 10:57:26,504: DEBUG: WISPr-Location-ID: [u'airline=BA01,tail=01009,network=']
2013-11-20 10:57:26,504: DEBUG: GoGo-Acct-Output-Voice-Gigawords: [0]
2013-11-20 10:57:26,505: DEBUG: Acct-Input-Octets: [5386447]
2013-11-20 10:57:26,506: DEBUG: 

2013-11-20 10:57:26,507: DEBUG: Received response with following attributes:
2013-11-20 10:57:36,508: DEBUG: 

2013-11-20 10:57:36,509: DEBUG: Creating Accounting Update Request with the following Attributes:
2013-11-20 10:57:36,509: DEBUG: User-Name: [u'username89@airborne.aircell.com']
2013-11-20 10:57:36,509: DEBUG: GoGo-Tail-Number: [u'AAATestNAS_144']
2013-11-20 10:57:36,509: DEBUG: Acct-Output-Octets: [1556526]
2013-11-20 10:57:36,509: DEBUG: NAS-IP-Address: ['10.254.149.1']
2013-11-20 10:57:36,509: DEBUG: GoGo-Total-Output-Gigawords: [0]
2013-11-20 10:57:36,509: DEBUG: Framed-IP-Address: ['10.254.149.66']
2013-11-20 10:57:36,510: DEBUG: GoGo-Total-Input-Voice-Gigawords: [0]
2013-11-20 10:57:36,510: DEBUG: GoGo-Total-Output-Octets: [1556526]
2013-11-20 10:57:36,510: DEBUG: GoGo-Acct-Input-Voice-Octets: [0]
2013-11-20 10:57:36,510: DEBUG: GoGo-Total-Input-Voice-Packets: [0]
2013-11-20 10:57:36,510: DEBUG: Called-Station-Id: [u'00:16:3E:49:B3:E3']
2013-11-20 10:57:36,510: DEBUG: WISPr-Location-Name: [u'TEST LLC,BA01_01009']
2013-11-20 10:57:36,510: DEBUG: NAS-Identifier: [u'C08386']
2013-11-20 10:57:36,511: DEBUG: Proxy-State: ['3330,3132']
2013-11-20 10:57:36,511: DEBUG: GoGo-Total-Input-Voice-Octets: [0]
2013-11-20 10:57:36,511: DEBUG: Acct-Status-Type: ['Interim-Update']
2013-11-20 10:57:36,511: DEBUG: GoGo-Total-Output-Voice-Gigawords: [0]
2013-11-20 10:57:36,511: DEBUG: GoGo-Airline: [u'BA01']
2013-11-20 10:57:36,511: DEBUG: Acct-Session-Id: [u'AAATestNAS_144-1384925236493-00163E49B3E3-4']
2013-11-20 10:57:36,511: DEBUG: Acct-Session-Time: [10]
2013-11-20 10:57:36,511: DEBUG: Acct-Input-Packets: [72766]
2013-11-20 10:57:36,511: DEBUG: Acct-Output-Packets: [6270]
2013-11-20 10:57:36,512: DEBUG: GoGo-Acct-Output-Voice-Packets: [0]
2013-11-20 10:57:36,512: DEBUG: GoGo-Acct-Output-Voice-Octets: [0]
2013-11-20 10:57:36,512: DEBUG: Acct-Output-Gigawords: [0]
2013-11-20 10:57:36,512: DEBUG: GoGo-Total-Output-Voice-Packets: [0]
2013-11-20 10:57:36,512: DEBUG: Acct-Input-Gigawords: [0]
2013-11-20 10:57:36,512: DEBUG: Calling-Station-Id: [u'18:21:31:41:52:25']
2013-11-20 10:57:36,512: DEBUG: NAS-Port-Type: ['Wireless-802.11']
2013-11-20 10:57:36,512: DEBUG: GoGo-Total-Output-Voice-Octets: [0]
2013-11-20 10:57:36,512: DEBUG: GoGo-Private-IP-Address: ['192.168.1.179']
2013-11-20 10:57:36,512: DEBUG: GoGo-Acct-Input-Voice-Gigawords: [0]
2013-11-20 10:57:36,512: DEBUG: GoGo-Total-Input-Packets: [72766]
2013-11-20 10:57:36,513: DEBUG: GoGo-Total-Input-Gigawords: [0]
2013-11-20 10:57:36,513: DEBUG: GoGo-Acct-Input-Voice-Packets: [0]
2013-11-20 10:57:36,513: DEBUG: GoGo-Total-Input-Octets: [9581460]
2013-11-20 10:57:36,513: DEBUG: GoGo-Total-Output-Packets: [6270]
2013-11-20 10:57:36,513: DEBUG: WISPr-Location-ID: [u'airline=BA01,tail=01009,network=']
2013-11-20 10:57:36,513: DEBUG: GoGo-Acct-Output-Voice-Gigawords: [0]
2013-11-20 10:57:36,513: DEBUG: Acct-Input-Octets: [9581460]
2013-11-20 10:57:36,513: ERROR: Network error, Reason: 'Network error: Too many open files'
2013-11-20 10:57:46,514: DEBUG: 

2013-11-20 10:57:46,515: DEBUG: Creating Accounting Update Request with the following Attributes:
2013-11-20 10:57:46,516: DEBUG: User-Name: [u'username89@airborne.aircell.com']
2013-11-20 10:57:46,516: DEBUG: GoGo-Tail-Number: [u'AAATestNAS_144']
2013-11-20 10:57:46,516: DEBUG: Acct-Output-Octets: [8392923]
2013-11-20 10:57:46,516: DEBUG: NAS-IP-Address: ['10.254.149.1']
2013-11-20 10:57:46,516: DEBUG: GoGo-Total-Output-Gigawords: [0]
2013-11-20 10:57:46,517: DEBUG: Framed-IP-Address: ['10.254.149.66']
2013-11-20 10:57:46,517: DEBUG: GoGo-Total-Input-Voice-Gigawords: [0]
2013-11-20 10:57:46,517: DEBUG: GoGo-Total-Output-Octets: [8392923]
2013-11-20 10:57:46,517: DEBUG: GoGo-Acct-Input-Voice-Octets: [0]
2013-11-20 10:57:46,517: DEBUG: GoGo-Total-Input-Voice-Packets: [0]
2013-11-20 10:57:46,517: DEBUG: Called-Station-Id: [u'00:16:3E:49:B3:E3']
2013-11-20 10:57:46,518: DEBUG: WISPr-Location-Name: [u'TEST LLC,BA01_01009']
2013-11-20 10:57:46,518: DEBUG: NAS-Identifier: [u'C08386']
2013-11-20 10:57:46,518: DEBUG: Proxy-State: ['3330,3132']
2013-11-20 10:57:46,518: DEBUG: GoGo-Total-Input-Voice-Octets: [0]
2013-11-20 10:57:46,518: DEBUG: Acct-Status-Type: ['Interim-Update']
2013-11-20 10:57:46,518: DEBUG: GoGo-Total-Output-Voice-Gigawords: [0]
2013-11-20 10:57:46,518: DEBUG: GoGo-Airline: [u'BA01']
2013-11-20 10:57:46,519: DEBUG: Acct-Session-Id: [u'AAATestNAS_144-1384925236493-00163E49B3E3-4']
2013-11-20 10:57:46,519: DEBUG: Acct-Session-Time: [10]
2013-11-20 10:57:46,519: DEBUG: Acct-Input-Packets: [74894]
2013-11-20 10:57:46,519: DEBUG: Acct-Output-Packets: [53472]
2013-11-20 10:57:46,519: DEBUG: GoGo-Acct-Output-Voice-Packets: [0]
2013-11-20 10:57:46,519: DEBUG: GoGo-Acct-Output-Voice-Octets: [0]
2013-11-20 10:57:46,520: DEBUG: Acct-Output-Gigawords: [0]
2013-11-20 10:57:46,520: DEBUG: GoGo-Total-Output-Voice-Packets: [0]
2013-11-20 10:57:46,520: DEBUG: Acct-Input-Gigawords: [0]
2013-11-20 10:57:46,520: DEBUG: Calling-Station-Id: [u'18:21:31:41:52:25']
2013-11-20 10:57:46,520: DEBUG: NAS-Port-Type: ['Wireless-802.11']
2013-11-20 10:57:46,520: DEBUG: GoGo-Total-Output-Voice-Octets: [0]
2013-11-20 10:57:46,520: DEBUG: GoGo-Private-IP-Address: ['192.168.1.179']
2013-11-20 10:57:46,521: DEBUG: GoGo-Acct-Input-Voice-Gigawords: [0]
2013-11-20 10:57:46,521: DEBUG: GoGo-Total-Input-Packets: [74894]
2013-11-20 10:57:46,521: DEBUG: GoGo-Total-Input-Gigawords: [0]
2013-11-20 10:57:46,521: DEBUG: GoGo-Acct-Input-Voice-Packets: [0]
2013-11-20 10:57:46,521: DEBUG: GoGo-Total-Input-Octets: [7705586]
2013-11-20 10:57:46,521: DEBUG: GoGo-Total-Output-Packets: [53472]
2013-11-20 10:57:46,521: DEBUG: WISPr-Location-ID: [u'airline=BA01,tail=01009,network=']
2013-11-20 10:57:46,522: DEBUG: GoGo-Acct-Output-Voice-Gigawords: [0]
2013-11-20 10:57:46,523: DEBUG: Acct-Input-Octets: [7705586]
2013-11-20 10:57:46,525: DEBUG: 

2013-11-20 10:57:46,525: DEBUG: Received response with following attributes:
2013-11-20 10:57:56,527: DEBUG: 

2013-11-20 10:57:56,527: DEBUG: Creating Accounting Update Request with the following Attributes:
2013-11-20 10:57:56,527: DEBUG: User-Name: [u'username89@airborne.aircell.com']
2013-11-20 10:57:56,527: DEBUG: GoGo-Tail-Number: [u'AAATestNAS_144']
2013-11-20 10:57:56,528: DEBUG: Acct-Output-Octets: [9782221]
2013-11-20 10:57:56,528: DEBUG: NAS-IP-Address: ['10.254.149.1']
2013-11-20 10:57:56,528: DEBUG: GoGo-Total-Output-Gigawords: [0]
2013-11-20 10:57:56,528: DEBUG: Framed-IP-Address: ['10.254.149.66']
2013-11-20 10:57:56,528: DEBUG: GoGo-Total-Input-Voice-Gigawords: [0]
2013-11-20 10:57:56,528: DEBUG: GoGo-Total-Output-Octets: [9782221]
2013-11-20 10:57:56,528: DEBUG: GoGo-Acct-Input-Voice-Octets: [0]
2013-11-20 10:57:56,528: DEBUG: GoGo-Total-Input-Voice-Packets: [0]
2013-11-20 10:57:56,528: DEBUG: Called-Station-Id: [u'00:16:3E:49:B3:E3']
2013-11-20 10:57:56,528: DEBUG: WISPr-Location-Name: [u'TEST LLC,BA01_01009']
2013-11-20 10:57:56,529: DEBUG: NAS-Identifier: [u'C08386']
2013-11-20 10:57:56,529: DEBUG: Proxy-State: ['3330,3132']
2013-11-20 10:57:56,529: DEBUG: GoGo-Total-Input-Voice-Octets: [0]
2013-11-20 10:57:56,529: DEBUG: Acct-Status-Type: ['Interim-Update']
2013-11-20 10:57:56,529: DEBUG: GoGo-Total-Output-Voice-Gigawords: [0]
2013-11-20 10:57:56,529: DEBUG: GoGo-Airline: [u'BA01']
2013-11-20 10:57:56,529: DEBUG: Acct-Session-Id: [u'AAATestNAS_144-1384925236493-00163E49B3E3-4']
2013-11-20 10:57:56,529: DEBUG: Acct-Session-Time: [10]
2013-11-20 10:57:56,529: DEBUG: Acct-Input-Packets: [75184]
2013-11-20 10:57:56,530: DEBUG: Acct-Output-Packets: [19048]
2013-11-20 10:57:56,530: DEBUG: GoGo-Acct-Output-Voice-Packets: [0]
2013-11-20 10:57:56,530: DEBUG: GoGo-Acct-Output-Voice-Octets: [0]
2013-11-20 10:57:56,530: DEBUG: Acct-Output-Gigawords: [0]
2013-11-20 10:57:56,530: DEBUG: GoGo-Total-Output-Voice-Packets: [0]
2013-11-20 10:57:56,530: DEBUG: Acct-Input-Gigawords: [0]
2013-11-20 10:57:56,530: DEBUG: Calling-Station-Id: [u'18:21:31:41:52:25']
2013-11-20 10:57:56,530: DEBUG: NAS-Port-Type: ['Wireless-802.11']
2013-11-20 10:57:56,530: DEBUG: GoGo-Total-Output-Voice-Octets: [0]
2013-11-20 10:57:56,530: DEBUG: GoGo-Private-IP-Address: ['192.168.1.179']
2013-11-20 10:57:56,531: DEBUG: GoGo-Acct-Input-Voice-Gigawords: [0]
2013-11-20 10:57:56,531: DEBUG: GoGo-Total-Input-Packets: [75184]
2013-11-20 10:57:56,531: DEBUG: GoGo-Total-Input-Gigawords: [0]
2013-11-20 10:57:56,531: DEBUG: GoGo-Acct-Input-Voice-Packets: [0]
2013-11-20 10:57:56,531: DEBUG: GoGo-Total-Input-Octets: [7957120]
2013-11-20 10:57:56,531: DEBUG: GoGo-Total-Output-Packets: [19048]
2013-11-20 10:57:56,531: DEBUG: WISPr-Location-ID: [u'airline=BA01,tail=01009,network=']
2013-11-20 10:57:56,531: DEBUG: GoGo-Acct-Output-Voice-Gigawords: [0]
2013-11-20 10:57:56,531: DEBUG: Acct-Input-Octets: [7957120]
2013-11-20 10:57:56,532: ERROR: Network error, Reason: 'Network error: nodename nor servname provided, or not known'
2013-11-20 10:58:06,532: DEBUG: 

2013-11-20 10:58:06,533: DEBUG: Creating Accounting Update Request with the following Attributes:
2013-11-20 10:58:06,533: DEBUG: User-Name: [u'username89@airborne.aircell.com']
2013-11-20 10:58:06,533: DEBUG: GoGo-Tail-Number: [u'AAATestNAS_144']
2013-11-20 10:58:06,533: DEBUG: Acct-Output-Octets: [3290986]
2013-11-20 10:58:06,534: DEBUG: NAS-IP-Address: ['10.254.149.1']
2013-11-20 10:58:06,534: DEBUG: GoGo-Total-Output-Gigawords: [0]
2013-11-20 10:58:06,534: DEBUG: Framed-IP-Address: ['10.254.149.66']
2013-11-20 10:58:06,534: DEBUG: GoGo-Total-Input-Voice-Gigawords: [0]
2013-11-20 10:58:06,534: DEBUG: GoGo-Total-Output-Octets: [3290986]
2013-11-20 10:58:06,534: DEBUG: GoGo-Acct-Input-Voice-Octets: [0]
2013-11-20 10:58:06,534: DEBUG: GoGo-Total-Input-Voice-Packets: [0]
2013-11-20 10:58:06,534: DEBUG: Called-Station-Id: [u'00:16:3E:49:B3:E3']
2013-11-20 10:58:06,534: DEBUG: WISPr-Location-Name: [u'TEST LLC,BA01_01009']
2013-11-20 10:58:06,535: DEBUG: NAS-Identifier: [u'C08386']
2013-11-20 10:58:06,535: DEBUG: Proxy-State: ['3330,3132']
2013-11-20 10:58:06,535: DEBUG: GoGo-Total-Input-Voice-Octets: [0]
2013-11-20 10:58:06,535: DEBUG: Acct-Status-Type: ['Interim-Update']
2013-11-20 10:58:06,535: DEBUG: GoGo-Total-Output-Voice-Gigawords: [0]
2013-11-20 10:58:06,535: DEBUG: GoGo-Airline: [u'BA01']
2013-11-20 10:58:06,535: DEBUG: Acct-Session-Id: [u'AAATestNAS_144-1384925236493-00163E49B3E3-4']
2013-11-20 10:58:06,535: DEBUG: Acct-Session-Time: [10]
2013-11-20 10:58:06,535: DEBUG: Acct-Input-Packets: [56731]
2013-11-20 10:58:06,536: DEBUG: Acct-Output-Packets: [25842]
2013-11-20 10:58:06,536: DEBUG: GoGo-Acct-Output-Voice-Packets: [0]
2013-11-20 10:58:06,536: DEBUG: GoGo-Acct-Output-Voice-Octets: [0]
2013-11-20 10:58:06,536: DEBUG: Acct-Output-Gigawords: [0]
2013-11-20 10:58:06,536: DEBUG: GoGo-Total-Output-Voice-Packets: [0]
2013-11-20 10:58:06,536: DEBUG: Acct-Input-Gigawords: [0]
2013-11-20 10:58:06,536: DEBUG: Calling-Station-Id: [u'18:21:31:41:52:25']
2013-11-20 10:58:06,536: DEBUG: NAS-Port-Type: ['Wireless-802.11']
2013-11-20 10:58:06,536: DEBUG: GoGo-Total-Output-Voice-Octets: [0]
2013-11-20 10:58:06,536: DEBUG: GoGo-Private-IP-Address: ['192.168.1.179']
2013-11-20 10:58:06,537: DEBUG: GoGo-Acct-Input-Voice-Gigawords: [0]
2013-11-20 10:58:06,537: DEBUG: GoGo-Total-Input-Packets: [56731]
2013-11-20 10:58:06,537: DEBUG: GoGo-Total-Input-Gigawords: [0]
2013-11-20 10:58:06,537: DEBUG: GoGo-Acct-Input-Voice-Packets: [0]
2013-11-20 10:58:06,537: DEBUG: GoGo-Total-Input-Octets: [7153916]
2013-11-20 10:58:06,537: DEBUG: GoGo-Total-Output-Packets: [25842]
2013-11-20 10:58:06,537: DEBUG: WISPr-Location-ID: [u'airline=BA01,tail=01009,network=']
2013-11-20 10:58:06,537: DEBUG: GoGo-Acct-Output-Voice-Gigawords: [0]
2013-11-20 10:58:06,537: DEBUG: Acct-Input-Octets: [7153916]
2013-11-20 10:58:06,538: ERROR: Network error, Reason: 'Network error: nodename nor servname provided, or not known'
2013-11-20 10:58:16,538: DEBUG: 

2013-11-20 10:58:16,540: DEBUG: Creating Accounting Update Request with the following Attributes:
2013-11-20 10:58:16,540: DEBUG: User-Name: [u'username89@airborne.aircell.com']
2013-11-20 10:58:16,540: DEBUG: GoGo-Tail-Number: [u'AAATestNAS_144']
2013-11-20 10:58:16,541: DEBUG: Acct-Output-Octets: [3027414]
2013-11-20 10:58:16,541: DEBUG: NAS-IP-Address: ['10.254.149.1']
2013-11-20 10:58:16,541: DEBUG: GoGo-Total-Output-Gigawords: [0]
2013-11-20 10:58:16,541: DEBUG: Framed-IP-Address: ['10.254.149.66']
2013-11-20 10:58:16,541: DEBUG: GoGo-Total-Input-Voice-Gigawords: [0]
2013-11-20 10:58:16,542: DEBUG: GoGo-Total-Output-Octets: [3027414]
2013-11-20 10:58:16,542: DEBUG: GoGo-Acct-Input-Voice-Octets: [0]
2013-11-20 10:58:16,542: DEBUG: GoGo-Total-Input-Voice-Packets: [0]
2013-11-20 10:58:16,542: DEBUG: Called-Station-Id: [u'00:16:3E:49:B3:E3']
2013-11-20 10:58:16,542: DEBUG: WISPr-Location-Name: [u'TEST LLC,BA01_01009']
2013-11-20 10:58:16,543: DEBUG: NAS-Identifier: [u'C08386']
2013-11-20 10:58:16,543: DEBUG: Proxy-State: ['3330,3132']
2013-11-20 10:58:16,543: DEBUG: GoGo-Total-Input-Voice-Octets: [0]
2013-11-20 10:58:16,543: DEBUG: Acct-Status-Type: ['Interim-Update']
2013-11-20 10:58:16,543: DEBUG: GoGo-Total-Output-Voice-Gigawords: [0]
2013-11-20 10:58:16,544: DEBUG: GoGo-Airline: [u'BA01']
2013-11-20 10:58:16,544: DEBUG: Acct-Session-Id: [u'AAATestNAS_144-1384925236493-00163E49B3E3-4']
2013-11-20 10:58:16,544: DEBUG: Acct-Session-Time: [10]
2013-11-20 10:58:16,544: DEBUG: Acct-Input-Packets: [79765]
2013-11-20 10:58:16,544: DEBUG: Acct-Output-Packets: [4606]
2013-11-20 10:58:16,545: DEBUG: GoGo-Acct-Output-Voice-Packets: [0]
2013-11-20 10:58:16,545: DEBUG: GoGo-Acct-Output-Voice-Octets: [0]
2013-11-20 10:58:16,545: DEBUG: Acct-Output-Gigawords: [0]
2013-11-20 10:58:16,545: DEBUG: GoGo-Total-Output-Voice-Packets: [0]
2013-11-20 10:58:16,545: DEBUG: Acct-Input-Gigawords: [0]
2013-11-20 10:58:16,545: DEBUG: Calling-Station-Id: [u'18:21:31:41:52:25']
2013-11-20 10:58:16,546: DEBUG: NAS-Port-Type: ['Wireless-802.11']
2013-11-20 10:58:16,546: DEBUG: GoGo-Total-Output-Voice-Octets: [0]
2013-11-20 10:58:16,546: DEBUG: GoGo-Private-IP-Address: ['192.168.1.179']
2013-11-20 10:58:16,546: DEBUG: GoGo-Acct-Input-Voice-Gigawords: [0]
2013-11-20 10:58:16,546: DEBUG: GoGo-Total-Input-Packets: [79765]
2013-11-20 10:58:16,546: DEBUG: GoGo-Total-Input-Gigawords: [0]
2013-11-20 10:58:16,546: DEBUG: GoGo-Acct-Input-Voice-Packets: [0]
2013-11-20 10:58:16,547: DEBUG: GoGo-Total-Input-Octets: [9232257]
2013-11-20 10:58:16,547: DEBUG: GoGo-Total-Output-Packets: [4606]
2013-11-20 10:58:16,547: DEBUG: WISPr-Location-ID: [u'airline=BA01,tail=01009,network=']
2013-11-20 10:58:16,547: DEBUG: GoGo-Acct-Output-Voice-Gigawords: [0]
2013-11-20 10:58:16,547: DEBUG: Acct-Input-Octets: [9232257]
2013-11-20 10:58:16,548: ERROR: Network error, Reason: 'Network error: nodename nor servname provided, or not known'
2013-11-20 10:58:26,549: DEBUG: 

2013-11-20 10:58:26,550: DEBUG: Creating Accounting Update Request with the following Attributes:
2013-11-20 10:58:26,550: DEBUG: User-Name: [u'username89@airborne.aircell.com']
2013-11-20 10:58:26,550: DEBUG: GoGo-Tail-Number: [u'AAATestNAS_144']
2013-11-20 10:58:26,550: DEBUG: Acct-Output-Octets: [4474169]
2013-11-20 10:58:26,550: DEBUG: NAS-IP-Address: ['10.254.149.1']
2013-11-20 10:58:26,551: DEBUG: GoGo-Total-Output-Gigawords: [0]
2013-11-20 10:58:26,551: DEBUG: Framed-IP-Address: ['10.254.149.66']
2013-11-20 10:58:26,551: DEBUG: GoGo-Total-Input-Voice-Gigawords: [0]
2013-11-20 10:58:26,551: DEBUG: GoGo-Total-Output-Octets: [4474169]
2013-11-20 10:58:26,551: DEBUG: GoGo-Acct-Input-Voice-Octets: [0]
2013-11-20 10:58:26,551: DEBUG: GoGo-Total-Input-Voice-Packets: [0]
2013-11-20 10:58:26,552: DEBUG: Called-Station-Id: [u'00:16:3E:49:B3:E3']
2013-11-20 10:58:26,552: DEBUG: WISPr-Location-Name: [u'TEST LLC,BA01_01009']
2013-11-20 10:58:26,552: DEBUG: NAS-Identifier: [u'C08386']
2013-11-20 10:58:26,552: DEBUG: Proxy-State: ['3330,3132']
2013-11-20 10:58:26,552: DEBUG: GoGo-Total-Input-Voice-Octets: [0]
2013-11-20 10:58:26,553: DEBUG: Acct-Status-Type: ['Interim-Update']
2013-11-20 10:58:26,553: DEBUG: GoGo-Total-Output-Voice-Gigawords: [0]
2013-11-20 10:58:26,553: DEBUG: GoGo-Airline: [u'BA01']
2013-11-20 10:58:26,553: DEBUG: Acct-Session-Id: [u'AAATestNAS_144-1384925236493-00163E49B3E3-4']
2013-11-20 10:58:26,553: DEBUG: Acct-Session-Time: [10]
2013-11-20 10:58:26,553: DEBUG: Acct-Input-Packets: [7189]
2013-11-20 10:58:26,554: DEBUG: Acct-Output-Packets: [9869]
2013-11-20 10:58:26,554: DEBUG: GoGo-Acct-Output-Voice-Packets: [0]
2013-11-20 10:58:26,554: DEBUG: GoGo-Acct-Output-Voice-Octets: [0]
2013-11-20 10:58:26,554: DEBUG: Acct-Output-Gigawords: [0]
2013-11-20 10:58:26,554: DEBUG: GoGo-Total-Output-Voice-Packets: [0]
2013-11-20 10:58:26,554: DEBUG: Acct-Input-Gigawords: [0]
2013-11-20 10:58:26,554: DEBUG: Calling-Station-Id: [u'18:21:31:41:52:25']
2013-11-20 10:58:26,555: DEBUG: NAS-Port-Type: ['Wireless-802.11']
2013-11-20 10:58:26,555: DEBUG: GoGo-Total-Output-Voice-Octets: [0]
2013-11-20 10:58:26,555: DEBUG: GoGo-Private-IP-Address: ['192.168.1.179']
2013-11-20 10:58:26,555: DEBUG: GoGo-Acct-Input-Voice-Gigawords: [0]
2013-11-20 10:58:26,555: DEBUG: GoGo-Total-Input-Packets: [7189]
2013-11-20 10:58:26,555: DEBUG: GoGo-Total-Input-Gigawords: [0]
2013-11-20 10:58:26,555: DEBUG: GoGo-Acct-Input-Voice-Packets: [0]
2013-11-20 10:58:26,556: DEBUG: GoGo-Total-Input-Octets: [1304617]
2013-11-20 10:58:26,556: DEBUG: GoGo-Total-Output-Packets: [9869]
2013-11-20 10:58:26,556: DEBUG: WISPr-Location-ID: [u'airline=BA01,tail=01009,network=']
2013-11-20 10:58:26,556: DEBUG: GoGo-Acct-Output-Voice-Gigawords: [0]
2013-11-20 10:58:26,556: DEBUG: Acct-Input-Octets: [1304617]
2013-11-20 10:58:26,556: ERROR: Network error, Reason: 'Network error: nodename nor servname provided, or not known'
2013-11-20 10:58:36,558: DEBUG: 

2013-11-20 10:58:36,559: DEBUG: Creating Accounting Update Request with the following Attributes:
2013-11-20 10:58:36,559: DEBUG: User-Name: [u'username89@airborne.aircell.com']
2013-11-20 10:58:36,559: DEBUG: GoGo-Tail-Number: [u'AAATestNAS_144']
2013-11-20 10:58:36,559: DEBUG: Acct-Output-Octets: [4657631]
2013-11-20 10:58:36,560: DEBUG: NAS-IP-Address: ['10.254.149.1']
2013-11-20 10:58:36,560: DEBUG: GoGo-Total-Output-Gigawords: [0]
2013-11-20 10:58:36,560: DEBUG: Framed-IP-Address: ['10.254.149.66']
2013-11-20 10:58:36,560: DEBUG: GoGo-Total-Input-Voice-Gigawords: [0]
2013-11-20 10:58:36,560: DEBUG: GoGo-Total-Output-Octets: [4657631]
2013-11-20 10:58:36,561: DEBUG: GoGo-Acct-Input-Voice-Octets: [0]
2013-11-20 10:58:36,561: DEBUG: GoGo-Total-Input-Voice-Packets: [0]
2013-11-20 10:58:36,561: DEBUG: Called-Station-Id: [u'00:16:3E:49:B3:E3']
2013-11-20 10:58:36,561: DEBUG: WISPr-Location-Name: [u'TEST LLC,BA01_01009']
2013-11-20 10:58:36,561: DEBUG: NAS-Identifier: [u'C08386']
2013-11-20 10:58:36,561: DEBUG: Proxy-State: ['3330,3132']
2013-11-20 10:58:36,562: DEBUG: GoGo-Total-Input-Voice-Octets: [0]
2013-11-20 10:58:36,562: DEBUG: Acct-Status-Type: ['Interim-Update']
2013-11-20 10:58:36,562: DEBUG: GoGo-Total-Output-Voice-Gigawords: [0]
2013-11-20 10:58:36,562: DEBUG: GoGo-Airline: [u'BA01']
2013-11-20 10:58:36,562: DEBUG: Acct-Session-Id: [u'AAATestNAS_144-1384925236493-00163E49B3E3-4']
2013-11-20 10:58:36,562: DEBUG: Acct-Session-Time: [10]
2013-11-20 10:58:36,563: DEBUG: Acct-Input-Packets: [9068]
2013-11-20 10:58:36,563: DEBUG: Acct-Output-Packets: [38324]
2013-11-20 10:58:36,563: DEBUG: GoGo-Acct-Output-Voice-Packets: [0]
2013-11-20 10:58:36,563: DEBUG: GoGo-Acct-Output-Voice-Octets: [0]
2013-11-20 10:58:36,563: DEBUG: Acct-Output-Gigawords: [0]
2013-11-20 10:58:36,563: DEBUG: GoGo-Total-Output-Voice-Packets: [0]
2013-11-20 10:58:36,563: DEBUG: Acct-Input-Gigawords: [0]
2013-11-20 10:58:36,564: DEBUG: Calling-Station-Id: [u'18:21:31:41:52:25']
2013-11-20 10:58:36,564: DEBUG: NAS-Port-Type: ['Wireless-802.11']
2013-11-20 10:58:36,564: DEBUG: GoGo-Total-Output-Voice-Octets: [0]
2013-11-20 10:58:36,564: DEBUG: GoGo-Private-IP-Address: ['192.168.1.179']
2013-11-20 10:58:36,564: DEBUG: GoGo-Acct-Input-Voice-Gigawords: [0]
2013-11-20 10:58:36,564: DEBUG: GoGo-Total-Input-Packets: [9068]
2013-11-20 10:58:36,565: DEBUG: GoGo-Total-Input-Gigawords: [0]
2013-11-20 10:58:36,565: DEBUG: GoGo-Acct-Input-Voice-Packets: [0]
2013-11-20 10:58:36,565: DEBUG: GoGo-Total-Input-Octets: [3451716]
2013-11-20 10:58:36,565: DEBUG: GoGo-Total-Output-Packets: [38324]
2013-11-20 10:58:36,565: DEBUG: WISPr-Location-ID: [u'airline=BA01,tail=01009,network=']
2013-11-20 10:58:36,565: DEBUG: GoGo-Acct-Output-Voice-Gigawords: [0]
2013-11-20 10:58:36,565: DEBUG: Acct-Input-Octets: [3451716]
2013-11-20 10:58:36,567: DEBUG: 

2013-11-20 10:58:36,567: DEBUG: Received response with following attributes:
2013-11-20 10:58:46,569: DEBUG: 

2013-11-20 10:58:46,569: DEBUG: Creating Accounting Update Request with the following Attributes:
2013-11-20 10:58:46,570: DEBUG: User-Name: [u'username89@airborne.aircell.com']
2013-11-20 10:58:46,570: DEBUG: GoGo-Tail-Number: [u'AAATestNAS_144']
2013-11-20 10:58:46,570: DEBUG: Acct-Output-Octets: [9114748]
2013-11-20 10:58:46,570: DEBUG: NAS-IP-Address: ['10.254.149.1']
2013-11-20 10:58:46,571: DEBUG: GoGo-Total-Output-Gigawords: [0]
2013-11-20 10:58:46,571: DEBUG: Framed-IP-Address: ['10.254.149.66']
2013-11-20 10:58:46,571: DEBUG: GoGo-Total-Input-Voice-Gigawords: [0]
2013-11-20 10:58:46,571: DEBUG: GoGo-Total-Output-Octets: [9114748]
2013-11-20 10:58:46,571: DEBUG: GoGo-Acct-Input-Voice-Octets: [0]
2013-11-20 10:58:46,571: DEBUG: GoGo-Total-Input-Voice-Packets: [0]
2013-11-20 10:58:46,572: DEBUG: Called-Station-Id: [u'00:16:3E:49:B3:E3']
2013-11-20 10:58:46,572: DEBUG: WISPr-Location-Name: [u'TEST LLC,BA01_01009']
2013-11-20 10:58:46,572: DEBUG: NAS-Identifier: [u'C08386']
2013-11-20 10:58:46,572: DEBUG: Proxy-State: ['3330,3132']
2013-11-20 10:58:46,572: DEBUG: GoGo-Total-Input-Voice-Octets: [0]
2013-11-20 10:58:46,572: DEBUG: Acct-Status-Type: ['Interim-Update']
2013-11-20 10:58:46,572: DEBUG: GoGo-Total-Output-Voice-Gigawords: [0]
2013-11-20 10:58:46,573: DEBUG: GoGo-Airline: [u'BA01']
2013-11-20 10:58:46,573: DEBUG: Acct-Session-Id: [u'AAATestNAS_144-1384925236493-00163E49B3E3-4']
2013-11-20 10:58:46,573: DEBUG: Acct-Session-Time: [10]
2013-11-20 10:58:46,573: DEBUG: Acct-Input-Packets: [13812]
2013-11-20 10:58:46,573: DEBUG: Acct-Output-Packets: [70727]
2013-11-20 10:58:46,573: DEBUG: GoGo-Acct-Output-Voice-Packets: [0]
2013-11-20 10:58:46,573: DEBUG: GoGo-Acct-Output-Voice-Octets: [0]
2013-11-20 10:58:46,573: DEBUG: Acct-Output-Gigawords: [0]
2013-11-20 10:58:46,573: DEBUG: GoGo-Total-Output-Voice-Packets: [0]
2013-11-20 10:58:46,574: DEBUG: Acct-Input-Gigawords: [0]
2013-11-20 10:58:46,574: DEBUG: Calling-Station-Id: [u'18:21:31:41:52:25']
2013-11-20 10:58:46,574: DEBUG: NAS-Port-Type: ['Wireless-802.11']
2013-11-20 10:58:46,574: DEBUG: GoGo-Total-Output-Voice-Octets: [0]
2013-11-20 10:58:46,574: DEBUG: GoGo-Private-IP-Address: ['192.168.1.179']
2013-11-20 10:58:46,574: DEBUG: GoGo-Acct-Input-Voice-Gigawords: [0]
2013-11-20 10:58:46,574: DEBUG: GoGo-Total-Input-Packets: [13812]
2013-11-20 10:58:46,574: DEBUG: GoGo-Total-Input-Gigawords: [0]
2013-11-20 10:58:46,574: DEBUG: GoGo-Acct-Input-Voice-Packets: [0]
2013-11-20 10:58:46,575: DEBUG: GoGo-Total-Input-Octets: [1948731]
2013-11-20 10:58:46,575: DEBUG: GoGo-Total-Output-Packets: [70727]
2013-11-20 10:58:46,575: DEBUG: WISPr-Location-ID: [u'airline=BA01,tail=01009,network=']
2013-11-20 10:58:46,575: DEBUG: GoGo-Acct-Output-Voice-Gigawords: [0]
2013-11-20 10:58:46,575: DEBUG: Acct-Input-Octets: [1948731]
2013-11-20 10:58:46,575: ERROR: Network error, Reason: 'Network error: Too many open files'
2013-11-20 10:58:54,576: DEBUG: 

2013-11-20 10:58:54,577: DEBUG: Creating Accounting Update Request with the following Attributes:
2013-11-20 10:58:54,577: DEBUG: User-Name: [u'username89@airborne.aircell.com']
2013-11-20 10:58:54,578: DEBUG: GoGo-Tail-Number: [u'AAATestNAS_144']
2013-11-20 10:58:54,578: DEBUG: Acct-Output-Octets: [3834376]
2013-11-20 10:58:54,578: DEBUG: NAS-IP-Address: ['10.254.149.1']
2013-11-20 10:58:54,578: DEBUG: GoGo-Total-Output-Gigawords: [0]
2013-11-20 10:58:54,578: DEBUG: Framed-IP-Address: ['10.254.149.66']
2013-11-20 10:58:54,578: DEBUG: GoGo-Total-Input-Voice-Gigawords: [0]
2013-11-20 10:58:54,579: DEBUG: GoGo-Total-Output-Octets: [3834376]
2013-11-20 10:58:54,579: DEBUG: GoGo-Acct-Input-Voice-Octets: [0]
2013-11-20 10:58:54,579: DEBUG: GoGo-Total-Input-Voice-Packets: [0]
2013-11-20 10:58:54,579: DEBUG: Called-Station-Id: [u'00:16:3E:49:B3:E3']
2013-11-20 10:58:54,579: DEBUG: WISPr-Location-Name: [u'TEST LLC,BA01_01009']
2013-11-20 10:58:54,579: DEBUG: NAS-Identifier: [u'C08386']
2013-11-20 10:58:54,580: DEBUG: Proxy-State: ['3330,3132']
2013-11-20 10:58:54,580: DEBUG: GoGo-Total-Input-Voice-Octets: [0]
2013-11-20 10:58:54,580: DEBUG: Acct-Status-Type: ['Interim-Update']
2013-11-20 10:58:54,580: DEBUG: GoGo-Total-Output-Voice-Gigawords: [0]
2013-11-20 10:58:54,580: DEBUG: GoGo-Airline: [u'BA01']
2013-11-20 10:58:54,580: DEBUG: Acct-Session-Id: [u'AAATestNAS_144-1384925236493-00163E49B3E3-4']
2013-11-20 10:58:54,581: DEBUG: Acct-Session-Time: [8]
2013-11-20 10:58:54,581: DEBUG: Acct-Input-Packets: [27267]
2013-11-20 10:58:54,581: DEBUG: Acct-Output-Packets: [26179]
2013-11-20 10:58:54,581: DEBUG: GoGo-Acct-Output-Voice-Packets: [0]
2013-11-20 10:58:54,581: DEBUG: GoGo-Acct-Output-Voice-Octets: [0]
2013-11-20 10:58:54,581: DEBUG: Acct-Output-Gigawords: [0]
2013-11-20 10:58:54,582: DEBUG: GoGo-Total-Output-Voice-Packets: [0]
2013-11-20 10:58:54,582: DEBUG: Acct-Input-Gigawords: [0]
2013-11-20 10:58:54,582: DEBUG: Calling-Station-Id: [u'18:21:31:41:52:25']
2013-11-20 10:58:54,582: DEBUG: NAS-Port-Type: ['Wireless-802.11']
2013-11-20 10:58:54,582: DEBUG: GoGo-Total-Output-Voice-Octets: [0]
2013-11-20 10:58:54,582: DEBUG: GoGo-Private-IP-Address: ['192.168.1.179']
2013-11-20 10:58:54,582: DEBUG: GoGo-Acct-Input-Voice-Gigawords: [0]
2013-11-20 10:58:54,583: DEBUG: GoGo-Total-Input-Packets: [27267]
2013-11-20 10:58:54,583: DEBUG: GoGo-Total-Input-Gigawords: [0]
2013-11-20 10:58:54,583: DEBUG: GoGo-Acct-Input-Voice-Packets: [0]
2013-11-20 10:58:54,583: DEBUG: GoGo-Total-Input-Octets: [7670560]
2013-11-20 10:58:54,583: DEBUG: GoGo-Total-Output-Packets: [26179]
2013-11-20 10:58:54,583: DEBUG: WISPr-Location-ID: [u'airline=BA01,tail=01009,network=']
2013-11-20 10:58:54,583: DEBUG: GoGo-Acct-Output-Voice-Gigawords: [0]
2013-11-20 10:58:54,583: DEBUG: Acct-Input-Octets: [7670560]
2013-11-20 10:58:54,584: ERROR: Network error, Reason: 'Network error: Too many open files'
2013-11-20 10:59:06,585: DEBUG: 

2013-11-20 10:59:06,585: DEBUG: Creating Accounting Stop Request with the following Attributes:
2013-11-20 10:59:06,586: DEBUG: User-Name: [u'username89@airborne.aircell.com']
2013-11-20 10:59:06,586: DEBUG: GoGo-Tail-Number: [u'01009']
2013-11-20 10:59:06,586: DEBUG: Acct-Output-Octets: [4321670]
2013-11-20 10:59:06,586: DEBUG: NAS-IP-Address: ['10.254.149.1']
2013-11-20 10:59:06,586: DEBUG: GoGo-Total-Output-Gigawords: [0]
2013-11-20 10:59:06,586: DEBUG: Framed-IP-Address: ['10.254.149.66']
2013-11-20 10:59:06,586: DEBUG: GoGo-Total-Input-Voice-Gigawords: [0]
2013-11-20 10:59:06,586: DEBUG: GoGo-Total-Output-Octets: [4321670]
2013-11-20 10:59:06,586: DEBUG: GoGo-Acct-Input-Voice-Octets: [0]
2013-11-20 10:59:06,587: DEBUG: GoGo-Total-Input-Voice-Packets: [0]
2013-11-20 10:59:06,587: DEBUG: Called-Station-Id: [u'00:16:3E:49:B3:E3']
2013-11-20 10:59:06,587: DEBUG: WISPr-Location-Name: [u'TEST LLC,BA01_01009']
2013-11-20 10:59:06,587: DEBUG: NAS-Identifier: [u'C08386']
2013-11-20 10:59:06,587: DEBUG: Proxy-State: ['3330,3132']
2013-11-20 10:59:06,587: DEBUG: GoGo-Total-Input-Voice-Octets: [0]
2013-11-20 10:59:06,587: DEBUG: Acct-Status-Type: ['Stop']
2013-11-20 10:59:06,587: DEBUG: GoGo-Total-Output-Voice-Gigawords: [0]
2013-11-20 10:59:06,587: DEBUG: GoGo-Airline: [u'BA01']
2013-11-20 10:59:06,588: DEBUG: Acct-Session-Id: [u'AAATestNAS_144-1384925236493-00163E49B3E3-4']
2013-11-20 10:59:06,588: DEBUG: Acct-Session-Time: [12]
2013-11-20 10:59:06,588: DEBUG: Acct-Input-Packets: [15787]
2013-11-20 10:59:06,588: DEBUG: Acct-Output-Packets: [41441]
2013-11-20 10:59:06,588: DEBUG: Acct-Terminate-Cause: ['User-Request']
2013-11-20 10:59:06,588: DEBUG: GoGo-Acct-Output-Voice-Octets: [0]
2013-11-20 10:59:06,588: DEBUG: Acct-Output-Gigawords: [0]
2013-11-20 10:59:06,588: DEBUG: GoGo-Total-Output-Voice-Packets: [0]
2013-11-20 10:59:06,588: DEBUG: Acct-Input-Gigawords: [0]
2013-11-20 10:59:06,588: DEBUG: Calling-Station-Id: [u'18:21:31:41:52:25']
2013-11-20 10:59:06,589: DEBUG: NAS-Port-Type: ['Wireless-802.11']
2013-11-20 10:59:06,589: DEBUG: GoGo-Total-Output-Voice-Octets: [0]
2013-11-20 10:59:06,589: DEBUG: GoGo-Private-IP-Address: ['192.168.1.179']
2013-11-20 10:59:06,589: DEBUG: GoGo-Acct-Input-Voice-Gigawords: [0]
2013-11-20 10:59:06,589: DEBUG: GoGo-Total-Input-Packets: [15787]
2013-11-20 10:59:06,589: DEBUG: GoGo-Total-Input-Gigawords: [0]
2013-11-20 10:59:06,589: DEBUG: GoGo-Acct-Input-Voice-Packets: [0]
2013-11-20 10:59:06,589: DEBUG: GoGo-Total-Input-Octets: [2533840]
2013-11-20 10:59:06,589: DEBUG: GoGo-Total-Output-Packets: [41441]
2013-11-20 10:59:06,590: DEBUG: WISPr-Location-ID: [u'airline=BA01,tail=01009,network=']
2013-11-20 10:59:06,590: DEBUG: GoGo-Acct-Output-Voice-Packets: [0]
2013-11-20 10:59:06,590: DEBUG: GoGo-Acct-Output-Voice-Gigawords: [0]
2013-11-20 10:59:06,590: DEBUG: Acct-Input-Octets: [2533840]
2013-11-20 10:59:06,590: ERROR: Network error, Reason: 'Network error: nodename nor servname provided, or not known'
2013-11-20 10:59:06,590: ERROR: Ending the test for this user
2013-11-20 10:59:06,590: DEBUG: Ending the test for this user
