2013-11-20 10:57:18,493: DEBUG: Starting the client for the user username48@airborne.aircell.com to the server localhost

2013-11-20 10:57:18,493: DEBUG: DURATION of the TEST: 33
2013-11-20 10:57:18,493: DEBUG: NAS-IP: 10.254.239.1
2013-11-20 10:57:18,493: DEBUG: NAS-MAC-ADDR: 19:21:31:41:52:16
2013-11-20 10:57:18,493: DEBUG: Abruptly End: True
2013-11-20 10:57:18,494: DEBUG: Framed-IP: 10.254.239.106
2013-11-20 10:57:18,494: DEBUG: User-MAC-Addr: 00:16:3E:5E:2A:E0
2013-11-20 10:57:18,494: DEBUG: 

2013-11-20 10:57:18,495: DEBUG: Creating Authentication Request with the following Attributes:
2013-11-20 10:57:18,495: DEBUG: NAS-Identifier: [u'C08386']
2013-11-20 10:57:18,495: DEBUG: User-Name: [u'username48@airborne.aircell.com']
2013-11-20 10:57:18,495: DEBUG: NAS-IP-Address: ['10.254.239.1']
2013-11-20 10:57:18,495: DEBUG: Service-Type: ['Authenticate-Only']
2013-11-20 10:57:18,496: DEBUG: Proxy-State: ['3237,3134']
2013-11-20 10:57:18,496: DEBUG: Framed-IP-Address: ['10.254.239.106']
2013-11-20 10:57:18,496: DEBUG: GoGo-Airline: [u'BA01']
2013-11-20 10:57:18,496: DEBUG: Acct-Session-Id: [u'AAATestNAS_234-1384925238494-00163E5E2AE0-1']
2013-11-20 10:57:18,496: DEBUG: GoGo-Tail-Number: [u'AAATestNAS_234']
2013-11-20 10:57:18,496: DEBUG: GoGo-Private-IP-Address: ['192.168.1.179']
2013-11-20 10:57:18,496: DEBUG: WISPr-Location-ID: [u'airline=BA01,tail=01009,network=']
2013-11-20 10:57:18,497: DEBUG: WISPr-Location-Name: [u'TEST LLC,BA01_01009']
2013-11-20 10:57:18,497: DEBUG: NAS-Port-Type: ['Wireless-802.11']
2013-11-20 10:57:18,497: DEBUG: Called-Station-Id: [u'00:16:3E:5E:2A:E0']
2013-11-20 10:57:18,497: DEBUG: Calling-Station-Id: [u'19:21:31:41:52:16']
2013-11-20 10:57:18,498: DEBUG: 

2013-11-20 10:57:18,498: DEBUG: Received response with code: 2, Accepted
2013-11-20 10:57:18,499: DEBUG: Creating Authentication Request with the following Attributes:
2013-11-20 10:57:18,499: DEBUG: NAS-Identifier: [u'C08386']
2013-11-20 10:57:18,499: DEBUG: User-Name: [u'username48@airborne.aircell.com']
2013-11-20 10:57:18,499: DEBUG: NAS-IP-Address: ['10.254.239.1']
2013-11-20 10:57:18,499: DEBUG: Service-Type: ['Login-User']
2013-11-20 10:57:18,499: DEBUG: Proxy-State: ['3237,3134']
2013-11-20 10:57:18,500: DEBUG: Framed-IP-Address: ['10.254.239.106']
2013-11-20 10:57:18,500: DEBUG: GoGo-Airline: [u'BA01']
2013-11-20 10:57:18,500: DEBUG: Acct-Session-Id: [u'AAATestNAS_234-1384925238499-00163E5E2AE0-1']
2013-11-20 10:57:18,500: DEBUG: GoGo-Tail-Number: [u'AAATestNAS_234']
2013-11-20 10:57:18,500: DEBUG: GoGo-Private-IP-Address: ['192.168.1.179']
2013-11-20 10:57:18,500: DEBUG: WISPr-Location-ID: [u'airline=BA01,tail=01009,network=']
2013-11-20 10:57:18,500: DEBUG: WISPr-Location-Name: [u'TEST LLC,BA01_01009']
2013-11-20 10:57:18,500: DEBUG: NAS-Port-Type: ['Wireless-802.11']
2013-11-20 10:57:18,500: DEBUG: Called-Station-Id: [u'00:16:3E:5E:2A:E0']
2013-11-20 10:57:18,501: DEBUG: Calling-Station-Id: [u'19:21:31:41:52:16']
2013-11-20 10:57:18,502: DEBUG: 

2013-11-20 10:57:18,502: DEBUG: Received response with code: 2, Accepted
2013-11-20 10:57:18,502: DEBUG: 

2013-11-20 10:57:18,502: DEBUG: Creating Accounting start Request with the following Attributes:
2013-11-20 10:57:18,502: DEBUG: NAS-Identifier: [u'C08386']
2013-11-20 10:57:18,502: DEBUG: User-Name: [u'username48@airborne.aircell.com']
2013-11-20 10:57:18,502: DEBUG: GoGo-Tail-Number: [u'AAATestNAS_234']
2013-11-20 10:57:18,503: DEBUG: NAS-IP-Address: ['10.254.239.1']
2013-11-20 10:57:18,503: DEBUG: Proxy-State: ['3239,3131']
2013-11-20 10:57:18,503: DEBUG: Acct-Status-Type: ['Start']
2013-11-20 10:57:18,503: DEBUG: GoGo-Airline: [u'BA01']
2013-11-20 10:57:18,503: DEBUG: Acct-Session-Id: [u'AAATestNAS_234-1384925238499-00163E5E2AE0-1']
2013-11-20 10:57:18,504: DEBUG: GoGo-Private-IP-Address: ['192.168.1.179']
2013-11-20 10:57:18,504: DEBUG: Framed-IP-Address: ['10.254.239.106']
2013-11-20 10:57:18,504: DEBUG: WISPr-Location-ID: [u'airline=BA01,tail=01009,network=']
2013-11-20 10:57:18,504: DEBUG: WISPr-Location-Name: [u'TEST LLC,BA01_01009']
2013-11-20 10:57:18,504: DEBUG: NAS-Port-Type: ['Wireless-802.11']
2013-11-20 10:57:18,504: DEBUG: Called-Station-Id: [u'00:16:3E:5E:2A:E0']
2013-11-20 10:57:18,504: DEBUG: Calling-Station-Id: [u'19:21:31:41:52:16']
2013-11-20 10:57:18,505: DEBUG: 

2013-11-20 10:57:18,505: DEBUG: Received response with following attributes:
2013-11-20 10:57:28,505: DEBUG: 

2013-11-20 10:57:28,506: DEBUG: Creating Accounting Update Request with the following Attributes:
2013-11-20 10:57:28,506: DEBUG: User-Name: [u'username48@airborne.aircell.com']
2013-11-20 10:57:28,507: DEBUG: GoGo-Tail-Number: [u'AAATestNAS_234']
2013-11-20 10:57:28,507: DEBUG: Acct-Output-Octets: [2508982]
2013-11-20 10:57:28,507: DEBUG: NAS-IP-Address: ['10.254.239.1']
2013-11-20 10:57:28,507: DEBUG: GoGo-Total-Output-Gigawords: [0]
2013-11-20 10:57:28,507: DEBUG: Framed-IP-Address: ['10.254.239.106']
2013-11-20 10:57:28,508: DEBUG: GoGo-Total-Input-Voice-Gigawords: [0]
2013-11-20 10:57:28,508: DEBUG: GoGo-Total-Output-Octets: [2508982]
2013-11-20 10:57:28,508: DEBUG: GoGo-Acct-Input-Voice-Octets: [0]
2013-11-20 10:57:28,508: DEBUG: GoGo-Total-Input-Voice-Packets: [0]
2013-11-20 10:57:28,509: DEBUG: Called-Station-Id: [u'00:16:3E:5E:2A:E0']
2013-11-20 10:57:28,509: DEBUG: WISPr-Location-Name: [u'TEST LLC,BA01_01009']
2013-11-20 10:57:28,509: DEBUG: NAS-Identifier: [u'C08386']
2013-11-20 10:57:28,509: DEBUG: Proxy-State: ['3330,3132']
2013-11-20 10:57:28,510: DEBUG: GoGo-Total-Input-Voice-Octets: [0]
2013-11-20 10:57:28,510: DEBUG: Acct-Status-Type: ['Interim-Update']
2013-11-20 10:57:28,510: DEBUG: GoGo-Total-Output-Voice-Gigawords: [0]
2013-11-20 10:57:28,511: DEBUG: GoGo-Airline: [u'BA01']
2013-11-20 10:57:28,511: DEBUG: Acct-Session-Id: [u'AAATestNAS_234-1384925238499-00163E5E2AE0-1']
2013-11-20 10:57:28,512: DEBUG: Acct-Session-Time: [10]
2013-11-20 10:57:28,512: DEBUG: Acct-Input-Packets: [3560]
2013-11-20 10:57:28,512: DEBUG: Acct-Output-Packets: [19576]
2013-11-20 10:57:28,513: DEBUG: GoGo-Acct-Output-Voice-Packets: [0]
2013-11-20 10:57:28,514: DEBUG: GoGo-Acct-Output-Voice-Octets: [0]
2013-11-20 10:57:28,514: DEBUG: Acct-Output-Gigawords: [0]
2013-11-20 10:57:28,514: DEBUG: GoGo-Total-Output-Voice-Packets: [0]
2013-11-20 10:57:28,515: DEBUG: Acct-Input-Gigawords: [0]
2013-11-20 10:57:28,515: DEBUG: Calling-Station-Id: [u'19:21:31:41:52:16']
2013-11-20 10:57:28,515: DEBUG: NAS-Port-Type: ['Wireless-802.11']
2013-11-20 10:57:28,515: DEBUG: GoGo-Total-Output-Voice-Octets: [0]
2013-11-20 10:57:28,516: DEBUG: GoGo-Private-IP-Address: ['192.168.1.179']
2013-11-20 10:57:28,516: DEBUG: GoGo-Acct-Input-Voice-Gigawords: [0]
2013-11-20 10:57:28,516: DEBUG: GoGo-Total-Input-Packets: [3560]
2013-11-20 10:57:28,517: DEBUG: GoGo-Total-Input-Gigawords: [0]
2013-11-20 10:57:28,517: DEBUG: GoGo-Acct-Input-Voice-Packets: [0]
2013-11-20 10:57:28,517: DEBUG: GoGo-Total-Input-Octets: [1497473]
2013-11-20 10:57:28,518: DEBUG: GoGo-Total-Output-Packets: [19576]
2013-11-20 10:57:28,518: DEBUG: WISPr-Location-ID: [u'airline=BA01,tail=01009,network=']
2013-11-20 10:57:28,518: DEBUG: GoGo-Acct-Output-Voice-Gigawords: [0]
2013-11-20 10:57:28,518: DEBUG: Acct-Input-Octets: [1497473]
2013-11-20 10:57:28,522: DEBUG: 

2013-11-20 10:57:28,522: DEBUG: Received response with following attributes:
2013-11-20 10:57:38,523: DEBUG: 

2013-11-20 10:57:38,524: DEBUG: Creating Accounting Update Request with the following Attributes:
2013-11-20 10:57:38,524: DEBUG: User-Name: [u'username48@airborne.aircell.com']
2013-11-20 10:57:38,524: DEBUG: GoGo-Tail-Number: [u'AAATestNAS_234']
2013-11-20 10:57:38,524: DEBUG: Acct-Output-Octets: [8410739]
2013-11-20 10:57:38,525: DEBUG: NAS-IP-Address: ['10.254.239.1']
2013-11-20 10:57:38,525: DEBUG: GoGo-Total-Output-Gigawords: [0]
2013-11-20 10:57:38,525: DEBUG: Framed-IP-Address: ['10.254.239.106']
2013-11-20 10:57:38,525: DEBUG: GoGo-Total-Input-Voice-Gigawords: [0]
2013-11-20 10:57:38,525: DEBUG: GoGo-Total-Output-Octets: [8410739]
2013-11-20 10:57:38,525: DEBUG: GoGo-Acct-Input-Voice-Octets: [0]
2013-11-20 10:57:38,525: DEBUG: GoGo-Total-Input-Voice-Packets: [0]
2013-11-20 10:57:38,525: DEBUG: Called-Station-Id: [u'00:16:3E:5E:2A:E0']
2013-11-20 10:57:38,525: DEBUG: WISPr-Location-Name: [u'TEST LLC,BA01_01009']
2013-11-20 10:57:38,526: DEBUG: NAS-Identifier: [u'C08386']
2013-11-20 10:57:38,526: DEBUG: Proxy-State: ['3330,3132']
2013-11-20 10:57:38,526: DEBUG: GoGo-Total-Input-Voice-Octets: [0]
2013-11-20 10:57:38,526: DEBUG: Acct-Status-Type: ['Interim-Update']
2013-11-20 10:57:38,526: DEBUG: GoGo-Total-Output-Voice-Gigawords: [0]
2013-11-20 10:57:38,526: DEBUG: GoGo-Airline: [u'BA01']
2013-11-20 10:57:38,526: DEBUG: Acct-Session-Id: [u'AAATestNAS_234-1384925238499-00163E5E2AE0-1']
2013-11-20 10:57:38,526: DEBUG: Acct-Session-Time: [10]
2013-11-20 10:57:38,526: DEBUG: Acct-Input-Packets: [34863]
2013-11-20 10:57:38,527: DEBUG: Acct-Output-Packets: [63948]
2013-11-20 10:57:38,527: DEBUG: GoGo-Acct-Output-Voice-Packets: [0]
2013-11-20 10:57:38,527: DEBUG: GoGo-Acct-Output-Voice-Octets: [0]
2013-11-20 10:57:38,527: DEBUG: Acct-Output-Gigawords: [0]
2013-11-20 10:57:38,527: DEBUG: GoGo-Total-Output-Voice-Packets: [0]
2013-11-20 10:57:38,527: DEBUG: Acct-Input-Gigawords: [0]
2013-11-20 10:57:38,527: DEBUG: Calling-Station-Id: [u'19:21:31:41:52:16']
2013-11-20 10:57:38,527: DEBUG: NAS-Port-Type: ['Wireless-802.11']
2013-11-20 10:57:38,527: DEBUG: GoGo-Total-Output-Voice-Octets: [0]
2013-11-20 10:57:38,527: DEBUG: GoGo-Private-IP-Address: ['192.168.1.179']
2013-11-20 10:57:38,528: DEBUG: GoGo-Acct-Input-Voice-Gigawords: [0]
2013-11-20 10:57:38,528: DEBUG: GoGo-Total-Input-Packets: [34863]
2013-11-20 10:57:38,528: DEBUG: GoGo-Total-Input-Gigawords: [0]
2013-11-20 10:57:38,528: DEBUG: GoGo-Acct-Input-Voice-Packets: [0]
2013-11-20 10:57:38,528: DEBUG: GoGo-Total-Input-Octets: [3499900]
2013-11-20 10:57:38,529: DEBUG: GoGo-Total-Output-Packets: [63948]
2013-11-20 10:57:38,529: DEBUG: WISPr-Location-ID: [u'airline=BA01,tail=01009,network=']
2013-11-20 10:57:38,529: DEBUG: GoGo-Acct-Output-Voice-Gigawords: [0]
2013-11-20 10:57:38,529: DEBUG: Acct-Input-Octets: [3499900]
2013-11-20 10:57:38,529: ERROR: Network error, Reason: 'Network error: Too many open files'
2013-11-20 10:57:48,531: DEBUG: 

2013-11-20 10:57:48,531: DEBUG: Creating Accounting Update Request with the following Attributes:
2013-11-20 10:57:48,532: DEBUG: User-Name: [u'username48@airborne.aircell.com']
2013-11-20 10:57:48,532: DEBUG: GoGo-Tail-Number: [u'AAATestNAS_234']
2013-11-20 10:57:48,532: DEBUG: Acct-Output-Octets: [6015359]
2013-11-20 10:57:48,532: DEBUG: NAS-IP-Address: ['10.254.239.1']
2013-11-20 10:57:48,532: DEBUG: GoGo-Total-Output-Gigawords: [0]
2013-11-20 10:57:48,532: DEBUG: Framed-IP-Address: ['10.254.239.106']
2013-11-20 10:57:48,533: DEBUG: GoGo-Total-Input-Voice-Gigawords: [0]
2013-11-20 10:57:48,533: DEBUG: GoGo-Total-Output-Octets: [6015359]
2013-11-20 10:57:48,533: DEBUG: GoGo-Acct-Input-Voice-Octets: [0]
2013-11-20 10:57:48,534: DEBUG: GoGo-Total-Input-Voice-Packets: [0]
2013-11-20 10:57:48,534: DEBUG: Called-Station-Id: [u'00:16:3E:5E:2A:E0']
2013-11-20 10:57:48,534: DEBUG: WISPr-Location-Name: [u'TEST LLC,BA01_01009']
2013-11-20 10:57:48,534: DEBUG: NAS-Identifier: [u'C08386']
2013-11-20 10:57:48,535: DEBUG: Proxy-State: ['3330,3132']
2013-11-20 10:57:48,535: DEBUG: GoGo-Total-Input-Voice-Octets: [0]
2013-11-20 10:57:48,535: DEBUG: Acct-Status-Type: ['Interim-Update']
2013-11-20 10:57:48,535: DEBUG: GoGo-Total-Output-Voice-Gigawords: [0]
2013-11-20 10:57:48,535: DEBUG: GoGo-Airline: [u'BA01']
2013-11-20 10:57:48,535: DEBUG: Acct-Session-Id: [u'AAATestNAS_234-1384925238499-00163E5E2AE0-1']
2013-11-20 10:57:48,535: DEBUG: Acct-Session-Time: [10]
2013-11-20 10:57:48,536: DEBUG: Acct-Input-Packets: [44950]
2013-11-20 10:57:48,536: DEBUG: Acct-Output-Packets: [29476]
2013-11-20 10:57:48,536: DEBUG: GoGo-Acct-Output-Voice-Packets: [0]
2013-11-20 10:57:48,536: DEBUG: GoGo-Acct-Output-Voice-Octets: [0]
2013-11-20 10:57:48,536: DEBUG: Acct-Output-Gigawords: [0]
2013-11-20 10:57:48,536: DEBUG: GoGo-Total-Output-Voice-Packets: [0]
2013-11-20 10:57:48,536: DEBUG: Acct-Input-Gigawords: [0]
2013-11-20 10:57:48,537: DEBUG: Calling-Station-Id: [u'19:21:31:41:52:16']
2013-11-20 10:57:48,537: DEBUG: NAS-Port-Type: ['Wireless-802.11']
2013-11-20 10:57:48,537: DEBUG: GoGo-Total-Output-Voice-Octets: [0]
2013-11-20 10:57:48,537: DEBUG: GoGo-Private-IP-Address: ['192.168.1.179']
2013-11-20 10:57:48,537: DEBUG: GoGo-Acct-Input-Voice-Gigawords: [0]
2013-11-20 10:57:48,537: DEBUG: GoGo-Total-Input-Packets: [44950]
2013-11-20 10:57:48,537: DEBUG: GoGo-Total-Input-Gigawords: [0]
2013-11-20 10:57:48,537: DEBUG: GoGo-Acct-Input-Voice-Packets: [0]
2013-11-20 10:57:48,538: DEBUG: GoGo-Total-Input-Octets: [5187418]
2013-11-20 10:57:48,538: DEBUG: GoGo-Total-Output-Packets: [29476]
2013-11-20 10:57:48,538: DEBUG: WISPr-Location-ID: [u'airline=BA01,tail=01009,network=']
2013-11-20 10:57:48,538: DEBUG: GoGo-Acct-Output-Voice-Gigawords: [0]
2013-11-20 10:57:48,538: DEBUG: Acct-Input-Octets: [5187418]
2013-11-20 10:57:48,538: ERROR: Network error, Reason: 'Network error: Too many open files'
2013-11-20 10:57:48,538: DEBUG: User has abruptly end flag so ending the test with out AcctStop
2013-11-20 10:57:48,538: DEBUG: Ending the test for this user
