2013-11-20 10:57:22,495: DEBUG: Starting the client for the user username30@airborne.aircell.com to the server localhost

2013-11-20 10:57:22,495: DEBUG: DURATION of the TEST: 53
2013-11-20 10:57:22,495: DEBUG: NAS-IP: 10.254.190.1
2013-11-20 10:57:22,495: DEBUG: NAS-MAC-ADDR: 18:21:31:41:52:66
2013-11-20 10:57:22,495: DEBUG: Abruptly End: False
2013-11-20 10:57:22,495: DEBUG: Framed-IP: 10.254.190.79
2013-11-20 10:57:22,496: DEBUG: User-MAC-Addr: 00:16:3E:76:8E:ED
2013-11-20 10:57:22,496: DEBUG: 

2013-11-20 10:57:22,496: DEBUG: Creating Authentication Request with the following Attributes:
2013-11-20 10:57:22,496: DEBUG: NAS-Identifier: [u'C08386']
2013-11-20 10:57:22,496: DEBUG: User-Name: [u'username30@airborne.aircell.com']
2013-11-20 10:57:22,497: DEBUG: NAS-IP-Address: ['10.254.190.1']
2013-11-20 10:57:22,497: DEBUG: Service-Type: ['Authenticate-Only']
2013-11-20 10:57:22,497: DEBUG: Proxy-State: ['3237,3134']
2013-11-20 10:57:22,497: DEBUG: Framed-IP-Address: ['10.254.190.79']
2013-11-20 10:57:22,497: DEBUG: GoGo-Airline: [u'BA01']
2013-11-20 10:57:22,497: DEBUG: Acct-Session-Id: [u'AAATestNAS_185-1384925242496-00163E768EED-2']
2013-11-20 10:57:22,497: DEBUG: GoGo-Tail-Number: [u'AAATestNAS_185']
2013-11-20 10:57:22,497: DEBUG: GoGo-Private-IP-Address: ['192.168.1.179']
2013-11-20 10:57:22,497: DEBUG: WISPr-Location-ID: [u'airline=BA01,tail=01009,network=']
2013-11-20 10:57:22,498: DEBUG: WISPr-Location-Name: [u'TEST LLC,BA01_01009']
2013-11-20 10:57:22,498: DEBUG: NAS-Port-Type: ['Wireless-802.11']
2013-11-20 10:57:22,498: DEBUG: Called-Station-Id: [u'00:16:3E:76:8E:ED']
2013-11-20 10:57:22,498: DEBUG: Calling-Station-Id: [u'18:21:31:41:52:66']
2013-11-20 10:57:22,499: DEBUG: 

2013-11-20 10:57:22,499: DEBUG: Received response with code: 2, Accepted
2013-11-20 10:57:22,499: DEBUG: Creating Authentication Request with the following Attributes:
2013-11-20 10:57:22,500: DEBUG: NAS-Identifier: [u'C08386']
2013-11-20 10:57:22,500: DEBUG: User-Name: [u'username30@airborne.aircell.com']
2013-11-20 10:57:22,500: DEBUG: NAS-IP-Address: ['10.254.190.1']
2013-11-20 10:57:22,500: DEBUG: Service-Type: ['Login-User']
2013-11-20 10:57:22,500: DEBUG: Proxy-State: ['3237,3134']
2013-11-20 10:57:22,500: DEBUG: Framed-IP-Address: ['10.254.190.79']
2013-11-20 10:57:22,500: DEBUG: GoGo-Airline: [u'BA01']
2013-11-20 10:57:22,500: DEBUG: Acct-Session-Id: [u'AAATestNAS_185-1384925242499-00163E768EED-2']
2013-11-20 10:57:22,500: DEBUG: GoGo-Tail-Number: [u'AAATestNAS_185']
2013-11-20 10:57:22,501: DEBUG: GoGo-Private-IP-Address: ['192.168.1.179']
2013-11-20 10:57:22,501: DEBUG: WISPr-Location-ID: [u'airline=BA01,tail=01009,network=']
2013-11-20 10:57:22,501: DEBUG: WISPr-Location-Name: [u'TEST LLC,BA01_01009']
2013-11-20 10:57:22,501: DEBUG: NAS-Port-Type: ['Wireless-802.11']
2013-11-20 10:57:22,502: DEBUG: Called-Station-Id: [u'00:16:3E:76:8E:ED']
2013-11-20 10:57:22,502: DEBUG: Calling-Station-Id: [u'18:21:31:41:52:66']
2013-11-20 10:57:22,504: DEBUG: 

2013-11-20 10:57:22,504: DEBUG: Received response with code: 2, Accepted
2013-11-20 10:57:22,504: DEBUG: 

2013-11-20 10:57:22,505: DEBUG: Creating Accounting start Request with the following Attributes:
2013-11-20 10:57:22,505: DEBUG: NAS-Identifier: [u'C08386']
2013-11-20 10:57:22,506: DEBUG: User-Name: [u'username30@airborne.aircell.com']
2013-11-20 10:57:22,506: DEBUG: GoGo-Tail-Number: [u'AAATestNAS_185']
2013-11-20 10:57:22,506: DEBUG: NAS-IP-Address: ['10.254.190.1']
2013-11-20 10:57:22,506: DEBUG: Proxy-State: ['3239,3131']
2013-11-20 10:57:22,507: DEBUG: Acct-Status-Type: ['Start']
2013-11-20 10:57:22,507: DEBUG: GoGo-Airline: [u'BA01']
2013-11-20 10:57:22,507: DEBUG: Acct-Session-Id: [u'AAATestNAS_185-1384925242499-00163E768EED-2']
2013-11-20 10:57:22,507: DEBUG: GoGo-Private-IP-Address: ['192.168.1.179']
2013-11-20 10:57:22,508: DEBUG: Framed-IP-Address: ['10.254.190.79']
2013-11-20 10:57:22,508: DEBUG: WISPr-Location-ID: [u'airline=BA01,tail=01009,network=']
2013-11-20 10:57:22,508: DEBUG: WISPr-Location-Name: [u'TEST LLC,BA01_01009']
2013-11-20 10:57:22,509: DEBUG: NAS-Port-Type: ['Wireless-802.11']
2013-11-20 10:57:22,509: DEBUG: Called-Station-Id: [u'00:16:3E:76:8E:ED']
2013-11-20 10:57:22,509: DEBUG: Calling-Station-Id: [u'18:21:31:41:52:66']
2013-11-20 10:57:22,511: DEBUG: 

2013-11-20 10:57:22,511: DEBUG: Received response with following attributes:
2013-11-20 10:57:32,512: DEBUG: 

2013-11-20 10:57:32,513: DEBUG: Creating Accounting Update Request with the following Attributes:
2013-11-20 10:57:32,513: DEBUG: User-Name: [u'username30@airborne.aircell.com']
2013-11-20 10:57:32,515: DEBUG: GoGo-Tail-Number: [u'AAATestNAS_185']
2013-11-20 10:57:32,515: DEBUG: Acct-Output-Octets: [2004435]
2013-11-20 10:57:32,516: DEBUG: NAS-IP-Address: ['10.254.190.1']
2013-11-20 10:57:32,516: DEBUG: GoGo-Total-Output-Gigawords: [0]
2013-11-20 10:57:32,517: DEBUG: Framed-IP-Address: ['10.254.190.79']
2013-11-20 10:57:32,517: DEBUG: GoGo-Total-Input-Voice-Gigawords: [0]
2013-11-20 10:57:32,517: DEBUG: GoGo-Total-Output-Octets: [2004435]
2013-11-20 10:57:32,518: DEBUG: GoGo-Acct-Input-Voice-Octets: [0]
2013-11-20 10:57:32,518: DEBUG: GoGo-Total-Input-Voice-Packets: [0]
2013-11-20 10:57:32,519: DEBUG: Called-Station-Id: [u'00:16:3E:76:8E:ED']
2013-11-20 10:57:32,519: DEBUG: WISPr-Location-Name: [u'TEST LLC,BA01_01009']
2013-11-20 10:57:32,520: DEBUG: NAS-Identifier: [u'C08386']
2013-11-20 10:57:32,520: DEBUG: Proxy-State: ['3330,3132']
2013-11-20 10:57:32,520: DEBUG: GoGo-Total-Input-Voice-Octets: [0]
2013-11-20 10:57:32,520: DEBUG: Acct-Status-Type: ['Interim-Update']
2013-11-20 10:57:32,521: DEBUG: GoGo-Total-Output-Voice-Gigawords: [0]
2013-11-20 10:57:32,521: DEBUG: GoGo-Airline: [u'BA01']
2013-11-20 10:57:32,521: DEBUG: Acct-Session-Id: [u'AAATestNAS_185-1384925242499-00163E768EED-2']
2013-11-20 10:57:32,521: DEBUG: Acct-Session-Time: [10]
2013-11-20 10:57:32,522: DEBUG: Acct-Input-Packets: [45768]
2013-11-20 10:57:32,522: DEBUG: Acct-Output-Packets: [2184]
2013-11-20 10:57:32,522: DEBUG: GoGo-Acct-Output-Voice-Packets: [0]
2013-11-20 10:57:32,522: DEBUG: GoGo-Acct-Output-Voice-Octets: [0]
2013-11-20 10:57:32,523: DEBUG: Acct-Output-Gigawords: [0]
2013-11-20 10:57:32,523: DEBUG: GoGo-Total-Output-Voice-Packets: [0]
2013-11-20 10:57:32,523: DEBUG: Acct-Input-Gigawords: [0]
2013-11-20 10:57:32,524: DEBUG: Calling-Station-Id: [u'18:21:31:41:52:66']
2013-11-20 10:57:32,524: DEBUG: NAS-Port-Type: ['Wireless-802.11']
2013-11-20 10:57:32,524: DEBUG: GoGo-Total-Output-Voice-Octets: [0]
2013-11-20 10:57:32,524: DEBUG: GoGo-Private-IP-Address: ['192.168.1.179']
2013-11-20 10:57:32,525: DEBUG: GoGo-Acct-Input-Voice-Gigawords: [0]
2013-11-20 10:57:32,525: DEBUG: GoGo-Total-Input-Packets: [45768]
2013-11-20 10:57:32,525: DEBUG: GoGo-Total-Input-Gigawords: [0]
2013-11-20 10:57:32,525: DEBUG: GoGo-Acct-Input-Voice-Packets: [0]
2013-11-20 10:57:32,526: DEBUG: GoGo-Total-Input-Octets: [4875265]
2013-11-20 10:57:32,526: DEBUG: GoGo-Total-Output-Packets: [2184]
2013-11-20 10:57:32,526: DEBUG: WISPr-Location-ID: [u'airline=BA01,tail=01009,network=']
2013-11-20 10:57:32,527: DEBUG: GoGo-Acct-Output-Voice-Gigawords: [0]
2013-11-20 10:57:32,527: DEBUG: Acct-Input-Octets: [4875265]
2013-11-20 10:57:32,527: ERROR: Network error, Reason: 'Network error: Too many open files'
2013-11-20 10:57:42,528: DEBUG: 

2013-11-20 10:57:42,529: DEBUG: Creating Accounting Update Request with the following Attributes:
2013-11-20 10:57:42,530: DEBUG: User-Name: [u'username30@airborne.aircell.com']
2013-11-20 10:57:42,530: DEBUG: GoGo-Tail-Number: [u'AAATestNAS_185']
2013-11-20 10:57:42,530: DEBUG: Acct-Output-Octets: [9572078]
2013-11-20 10:57:42,530: DEBUG: NAS-IP-Address: ['10.254.190.1']
2013-11-20 10:57:42,531: DEBUG: GoGo-Total-Output-Gigawords: [0]
2013-11-20 10:57:42,531: DEBUG: Framed-IP-Address: ['10.254.190.79']
2013-11-20 10:57:42,531: DEBUG: GoGo-Total-Input-Voice-Gigawords: [0]
2013-11-20 10:57:42,531: DEBUG: GoGo-Total-Output-Octets: [9572078]
2013-11-20 10:57:42,532: DEBUG: GoGo-Acct-Input-Voice-Octets: [0]
2013-11-20 10:57:42,532: DEBUG: GoGo-Total-Input-Voice-Packets: [0]
2013-11-20 10:57:42,532: DEBUG: Called-Station-Id: [u'00:16:3E:76:8E:ED']
2013-11-20 10:57:42,532: DEBUG: WISPr-Location-Name: [u'TEST LLC,BA01_01009']
2013-11-20 10:57:42,533: DEBUG: NAS-Identifier: [u'C08386']
2013-11-20 10:57:42,533: DEBUG: Proxy-State: ['3330,3132']
2013-11-20 10:57:42,534: DEBUG: GoGo-Total-Input-Voice-Octets: [0]
2013-11-20 10:57:42,534: DEBUG: Acct-Status-Type: ['Interim-Update']
2013-11-20 10:57:42,534: DEBUG: GoGo-Total-Output-Voice-Gigawords: [0]
2013-11-20 10:57:42,534: DEBUG: GoGo-Airline: [u'BA01']
2013-11-20 10:57:42,535: DEBUG: Acct-Session-Id: [u'AAATestNAS_185-1384925242499-00163E768EED-2']
2013-11-20 10:57:42,535: DEBUG: Acct-Session-Time: [10]
2013-11-20 10:57:42,535: DEBUG: Acct-Input-Packets: [21921]
2013-11-20 10:57:42,535: DEBUG: Acct-Output-Packets: [39967]
2013-11-20 10:57:42,536: DEBUG: GoGo-Acct-Output-Voice-Packets: [0]
2013-11-20 10:57:42,536: DEBUG: GoGo-Acct-Output-Voice-Octets: [0]
2013-11-20 10:57:42,536: DEBUG: Acct-Output-Gigawords: [0]
2013-11-20 10:57:42,536: DEBUG: GoGo-Total-Output-Voice-Packets: [0]
2013-11-20 10:57:42,537: DEBUG: Acct-Input-Gigawords: [0]
2013-11-20 10:57:42,537: DEBUG: Calling-Station-Id: [u'18:21:31:41:52:66']
2013-11-20 10:57:42,537: DEBUG: NAS-Port-Type: ['Wireless-802.11']
2013-11-20 10:57:42,537: DEBUG: GoGo-Total-Output-Voice-Octets: [0]
2013-11-20 10:57:42,538: DEBUG: GoGo-Private-IP-Address: ['192.168.1.179']
2013-11-20 10:57:42,538: DEBUG: GoGo-Acct-Input-Voice-Gigawords: [0]
2013-11-20 10:57:42,538: DEBUG: GoGo-Total-Input-Packets: [21921]
2013-11-20 10:57:42,538: DEBUG: GoGo-Total-Input-Gigawords: [0]
2013-11-20 10:57:42,539: DEBUG: GoGo-Acct-Input-Voice-Packets: [0]
2013-11-20 10:57:42,539: DEBUG: GoGo-Total-Input-Octets: [2298822]
2013-11-20 10:57:42,539: DEBUG: GoGo-Total-Output-Packets: [39967]
2013-11-20 10:57:42,540: DEBUG: WISPr-Location-ID: [u'airline=BA01,tail=01009,network=']
2013-11-20 10:57:42,540: DEBUG: GoGo-Acct-Output-Voice-Gigawords: [0]
2013-11-20 10:57:42,540: DEBUG: Acct-Input-Octets: [2298822]
2013-11-20 10:57:42,541: ERROR: Network error, Reason: 'Network error: Too many open files'
2013-11-20 10:57:52,541: DEBUG: 

2013-11-20 10:57:52,542: DEBUG: Creating Accounting Update Request with the following Attributes:
2013-11-20 10:57:52,542: DEBUG: User-Name: [u'username30@airborne.aircell.com']
2013-11-20 10:57:52,542: DEBUG: GoGo-Tail-Number: [u'AAATestNAS_185']
2013-11-20 10:57:52,542: DEBUG: Acct-Output-Octets: [8144993]
2013-11-20 10:57:52,543: DEBUG: NAS-IP-Address: ['10.254.190.1']
2013-11-20 10:57:52,543: DEBUG: GoGo-Total-Output-Gigawords: [0]
2013-11-20 10:57:52,544: DEBUG: Framed-IP-Address: ['10.254.190.79']
2013-11-20 10:57:52,544: DEBUG: GoGo-Total-Input-Voice-Gigawords: [0]
2013-11-20 10:57:52,544: DEBUG: GoGo-Total-Output-Octets: [8144993]
2013-11-20 10:57:52,544: DEBUG: GoGo-Acct-Input-Voice-Octets: [0]
2013-11-20 10:57:52,545: DEBUG: GoGo-Total-Input-Voice-Packets: [0]
2013-11-20 10:57:52,545: DEBUG: Called-Station-Id: [u'00:16:3E:76:8E:ED']
2013-11-20 10:57:52,545: DEBUG: WISPr-Location-Name: [u'TEST LLC,BA01_01009']
2013-11-20 10:57:52,546: DEBUG: NAS-Identifier: [u'C08386']
2013-11-20 10:57:52,546: DEBUG: Proxy-State: ['3330,3132']
2013-11-20 10:57:52,546: DEBUG: GoGo-Total-Input-Voice-Octets: [0]
2013-11-20 10:57:52,546: DEBUG: Acct-Status-Type: ['Interim-Update']
2013-11-20 10:57:52,547: DEBUG: GoGo-Total-Output-Voice-Gigawords: [0]
2013-11-20 10:57:52,547: DEBUG: GoGo-Airline: [u'BA01']
2013-11-20 10:57:52,547: DEBUG: Acct-Session-Id: [u'AAATestNAS_185-1384925242499-00163E768EED-2']
2013-11-20 10:57:52,547: DEBUG: Acct-Session-Time: [10]
2013-11-20 10:57:52,548: DEBUG: Acct-Input-Packets: [35842]
2013-11-20 10:57:52,548: DEBUG: Acct-Output-Packets: [56765]
2013-11-20 10:57:52,549: DEBUG: GoGo-Acct-Output-Voice-Packets: [0]
2013-11-20 10:57:52,549: DEBUG: GoGo-Acct-Output-Voice-Octets: [0]
2013-11-20 10:57:52,549: DEBUG: Acct-Output-Gigawords: [0]
2013-11-20 10:57:52,549: DEBUG: GoGo-Total-Output-Voice-Packets: [0]
2013-11-20 10:57:52,550: DEBUG: Acct-Input-Gigawords: [0]
2013-11-20 10:57:52,550: DEBUG: Calling-Station-Id: [u'18:21:31:41:52:66']
2013-11-20 10:57:52,550: DEBUG: NAS-Port-Type: ['Wireless-802.11']
2013-11-20 10:57:52,551: DEBUG: GoGo-Total-Output-Voice-Octets: [0]
2013-11-20 10:57:52,551: DEBUG: GoGo-Private-IP-Address: ['192.168.1.179']
2013-11-20 10:57:52,551: DEBUG: GoGo-Acct-Input-Voice-Gigawords: [0]
2013-11-20 10:57:52,551: DEBUG: GoGo-Total-Input-Packets: [35842]
2013-11-20 10:57:52,552: DEBUG: GoGo-Total-Input-Gigawords: [0]
2013-11-20 10:57:52,552: DEBUG: GoGo-Acct-Input-Voice-Packets: [0]
2013-11-20 10:57:52,552: DEBUG: GoGo-Total-Input-Octets: [5667123]
2013-11-20 10:57:52,552: DEBUG: GoGo-Total-Output-Packets: [56765]
2013-11-20 10:57:52,553: DEBUG: WISPr-Location-ID: [u'airline=BA01,tail=01009,network=']
2013-11-20 10:57:52,553: DEBUG: GoGo-Acct-Output-Voice-Gigawords: [0]
2013-11-20 10:57:52,554: DEBUG: Acct-Input-Octets: [5667123]
2013-11-20 10:57:52,554: ERROR: Network error, Reason: 'Network error: Too many open files'
2013-11-20 10:58:02,556: DEBUG: 

2013-11-20 10:58:02,558: DEBUG: Creating Accounting Update Request with the following Attributes:
2013-11-20 10:58:02,559: DEBUG: User-Name: [u'username30@airborne.aircell.com']
2013-11-20 10:58:02,559: DEBUG: GoGo-Tail-Number: [u'AAATestNAS_185']
2013-11-20 10:58:02,560: DEBUG: Acct-Output-Octets: [4036773]
2013-11-20 10:58:02,560: DEBUG: NAS-IP-Address: ['10.254.190.1']
2013-11-20 10:58:02,561: DEBUG: GoGo-Total-Output-Gigawords: [0]
2013-11-20 10:58:02,562: DEBUG: Framed-IP-Address: ['10.254.190.79']
2013-11-20 10:58:02,562: DEBUG: GoGo-Total-Input-Voice-Gigawords: [0]
2013-11-20 10:58:02,563: DEBUG: GoGo-Total-Output-Octets: [4036773]
2013-11-20 10:58:02,564: DEBUG: GoGo-Acct-Input-Voice-Octets: [0]
2013-11-20 10:58:02,565: DEBUG: GoGo-Total-Input-Voice-Packets: [0]
2013-11-20 10:58:02,565: DEBUG: Called-Station-Id: [u'00:16:3E:76:8E:ED']
2013-11-20 10:58:02,566: DEBUG: WISPr-Location-Name: [u'TEST LLC,BA01_01009']
2013-11-20 10:58:02,566: DEBUG: NAS-Identifier: [u'C08386']
2013-11-20 10:58:02,567: DEBUG: Proxy-State: ['3330,3132']
2013-11-20 10:58:02,567: DEBUG: GoGo-Total-Input-Voice-Octets: [0]
2013-11-20 10:58:02,568: DEBUG: Acct-Status-Type: ['Interim-Update']
2013-11-20 10:58:02,568: DEBUG: GoGo-Total-Output-Voice-Gigawords: [0]
2013-11-20 10:58:02,569: DEBUG: GoGo-Airline: [u'BA01']
2013-11-20 10:58:02,569: DEBUG: Acct-Session-Id: [u'AAATestNAS_185-1384925242499-00163E768EED-2']
2013-11-20 10:58:02,570: DEBUG: Acct-Session-Time: [10]
2013-11-20 10:58:02,570: DEBUG: Acct-Input-Packets: [16075]
2013-11-20 10:58:02,570: DEBUG: Acct-Output-Packets: [14755]
2013-11-20 10:58:02,570: DEBUG: GoGo-Acct-Output-Voice-Packets: [0]
2013-11-20 10:58:02,571: DEBUG: GoGo-Acct-Output-Voice-Octets: [0]
2013-11-20 10:58:02,571: DEBUG: Acct-Output-Gigawords: [0]
2013-11-20 10:58:02,572: DEBUG: GoGo-Total-Output-Voice-Packets: [0]
2013-11-20 10:58:02,573: DEBUG: Acct-Input-Gigawords: [0]
2013-11-20 10:58:02,573: DEBUG: Calling-Station-Id: [u'18:21:31:41:52:66']
2013-11-20 10:58:02,574: DEBUG: NAS-Port-Type: ['Wireless-802.11']
2013-11-20 10:58:02,574: DEBUG: GoGo-Total-Output-Voice-Octets: [0]
2013-11-20 10:58:02,574: DEBUG: GoGo-Private-IP-Address: ['192.168.1.179']
2013-11-20 10:58:02,575: DEBUG: GoGo-Acct-Input-Voice-Gigawords: [0]
2013-11-20 10:58:02,575: DEBUG: GoGo-Total-Input-Packets: [16075]
2013-11-20 10:58:02,576: DEBUG: GoGo-Total-Input-Gigawords: [0]
2013-11-20 10:58:02,576: DEBUG: GoGo-Acct-Input-Voice-Packets: [0]
2013-11-20 10:58:02,577: DEBUG: GoGo-Total-Input-Octets: [2877705]
2013-11-20 10:58:02,577: DEBUG: GoGo-Total-Output-Packets: [14755]
2013-11-20 10:58:02,577: DEBUG: WISPr-Location-ID: [u'airline=BA01,tail=01009,network=']
2013-11-20 10:58:02,577: DEBUG: GoGo-Acct-Output-Voice-Gigawords: [0]
2013-11-20 10:58:02,578: DEBUG: Acct-Input-Octets: [2877705]
2013-11-20 10:58:02,578: ERROR: Network error, Reason: 'Network error: Too many open files'
2013-11-20 10:58:12,578: DEBUG: 

2013-11-20 10:58:12,579: DEBUG: Creating Accounting Update Request with the following Attributes:
2013-11-20 10:58:12,579: DEBUG: User-Name: [u'username30@airborne.aircell.com']
2013-11-20 10:58:12,579: DEBUG: GoGo-Tail-Number: [u'AAATestNAS_185']
2013-11-20 10:58:12,579: DEBUG: Acct-Output-Octets: [6270879]
2013-11-20 10:58:12,579: DEBUG: NAS-IP-Address: ['10.254.190.1']
2013-11-20 10:58:12,579: DEBUG: GoGo-Total-Output-Gigawords: [0]
2013-11-20 10:58:12,580: DEBUG: Framed-IP-Address: ['10.254.190.79']
2013-11-20 10:58:12,580: DEBUG: GoGo-Total-Input-Voice-Gigawords: [0]
2013-11-20 10:58:12,580: DEBUG: GoGo-Total-Output-Octets: [6270879]
2013-11-20 10:58:12,580: DEBUG: GoGo-Acct-Input-Voice-Octets: [0]
2013-11-20 10:58:12,580: DEBUG: GoGo-Total-Input-Voice-Packets: [0]
2013-11-20 10:58:12,580: DEBUG: Called-Station-Id: [u'00:16:3E:76:8E:ED']
2013-11-20 10:58:12,580: DEBUG: WISPr-Location-Name: [u'TEST LLC,BA01_01009']
2013-11-20 10:58:12,580: DEBUG: NAS-Identifier: [u'C08386']
2013-11-20 10:58:12,580: DEBUG: Proxy-State: ['3330,3132']
2013-11-20 10:58:12,580: DEBUG: GoGo-Total-Input-Voice-Octets: [0]
2013-11-20 10:58:12,581: DEBUG: Acct-Status-Type: ['Interim-Update']
2013-11-20 10:58:12,581: DEBUG: GoGo-Total-Output-Voice-Gigawords: [0]
2013-11-20 10:58:12,581: DEBUG: GoGo-Airline: [u'BA01']
2013-11-20 10:58:12,581: DEBUG: Acct-Session-Id: [u'AAATestNAS_185-1384925242499-00163E768EED-2']
2013-11-20 10:58:12,581: DEBUG: Acct-Session-Time: [10]
2013-11-20 10:58:12,581: DEBUG: Acct-Input-Packets: [55443]
2013-11-20 10:58:12,581: DEBUG: Acct-Output-Packets: [14998]
2013-11-20 10:58:12,581: DEBUG: GoGo-Acct-Output-Voice-Packets: [0]
2013-11-20 10:58:12,581: DEBUG: GoGo-Acct-Output-Voice-Octets: [0]
2013-11-20 10:58:12,581: DEBUG: Acct-Output-Gigawords: [0]
2013-11-20 10:58:12,582: DEBUG: GoGo-Total-Output-Voice-Packets: [0]
2013-11-20 10:58:12,582: DEBUG: Acct-Input-Gigawords: [0]
2013-11-20 10:58:12,582: DEBUG: Calling-Station-Id: [u'18:21:31:41:52:66']
2013-11-20 10:58:12,582: DEBUG: NAS-Port-Type: ['Wireless-802.11']
2013-11-20 10:58:12,582: DEBUG: GoGo-Total-Output-Voice-Octets: [0]
2013-11-20 10:58:12,582: DEBUG: GoGo-Private-IP-Address: ['192.168.1.179']
2013-11-20 10:58:12,582: DEBUG: GoGo-Acct-Input-Voice-Gigawords: [0]
2013-11-20 10:58:12,582: DEBUG: GoGo-Total-Input-Packets: [55443]
2013-11-20 10:58:12,582: DEBUG: GoGo-Total-Input-Gigawords: [0]
2013-11-20 10:58:12,582: DEBUG: GoGo-Acct-Input-Voice-Packets: [0]
2013-11-20 10:58:12,583: DEBUG: GoGo-Total-Input-Octets: [7161616]
2013-11-20 10:58:12,583: DEBUG: GoGo-Total-Output-Packets: [14998]
2013-11-20 10:58:12,583: DEBUG: WISPr-Location-ID: [u'airline=BA01,tail=01009,network=']
2013-11-20 10:58:12,583: DEBUG: GoGo-Acct-Output-Voice-Gigawords: [0]
2013-11-20 10:58:12,583: DEBUG: Acct-Input-Octets: [7161616]
2013-11-20 10:58:12,583: ERROR: Network error, Reason: 'Network error: Too many open files'
2013-11-20 10:58:39,584: DEBUG: 

2013-11-20 10:58:39,585: DEBUG: Creating Accounting Stop Request with the following Attributes:
2013-11-20 10:58:39,585: DEBUG: User-Name: [u'username30@airborne.aircell.com']
2013-11-20 10:58:39,585: DEBUG: GoGo-Tail-Number: [u'01009']
2013-11-20 10:58:39,585: DEBUG: Acct-Output-Octets: [9500792]
2013-11-20 10:58:39,585: DEBUG: NAS-IP-Address: ['10.254.190.1']
2013-11-20 10:58:39,585: DEBUG: GoGo-Total-Output-Gigawords: [0]
2013-11-20 10:58:39,585: DEBUG: Framed-IP-Address: ['10.254.190.79']
2013-11-20 10:58:39,585: DEBUG: GoGo-Total-Input-Voice-Gigawords: [0]
2013-11-20 10:58:39,586: DEBUG: GoGo-Total-Output-Octets: [9500792]
2013-11-20 10:58:39,586: DEBUG: GoGo-Acct-Input-Voice-Octets: [0]
2013-11-20 10:58:39,586: DEBUG: GoGo-Total-Input-Voice-Packets: [0]
2013-11-20 10:58:39,586: DEBUG: Called-Station-Id: [u'00:16:3E:76:8E:ED']
2013-11-20 10:58:39,586: DEBUG: WISPr-Location-Name: [u'TEST LLC,BA01_01009']
2013-11-20 10:58:39,586: DEBUG: NAS-Identifier: [u'C08386']
2013-11-20 10:58:39,586: DEBUG: Proxy-State: ['3330,3132']
2013-11-20 10:58:39,586: DEBUG: GoGo-Total-Input-Voice-Octets: [0]
2013-11-20 10:58:39,586: DEBUG: Acct-Status-Type: ['Stop']
2013-11-20 10:58:39,586: DEBUG: GoGo-Total-Output-Voice-Gigawords: [0]
2013-11-20 10:58:39,587: DEBUG: GoGo-Airline: [u'BA01']
2013-11-20 10:58:39,587: DEBUG: Acct-Session-Id: [u'AAATestNAS_185-1384925242499-00163E768EED-2']
2013-11-20 10:58:39,587: DEBUG: Acct-Session-Time: [27]
2013-11-20 10:58:39,587: DEBUG: Acct-Input-Packets: [6626]
2013-11-20 10:58:39,587: DEBUG: Acct-Output-Packets: [17539]
2013-11-20 10:58:39,587: DEBUG: Acct-Terminate-Cause: ['User-Request']
2013-11-20 10:58:39,587: DEBUG: GoGo-Acct-Output-Voice-Octets: [0]
2013-11-20 10:58:39,587: DEBUG: Acct-Output-Gigawords: [0]
2013-11-20 10:58:39,587: DEBUG: GoGo-Total-Output-Voice-Packets: [0]
2013-11-20 10:58:39,588: DEBUG: Acct-Input-Gigawords: [0]
2013-11-20 10:58:39,588: DEBUG: Calling-Station-Id: [u'18:21:31:41:52:66']
2013-11-20 10:58:39,588: DEBUG: NAS-Port-Type: ['Wireless-802.11']
2013-11-20 10:58:39,588: DEBUG: GoGo-Total-Output-Voice-Octets: [0]
2013-11-20 10:58:39,588: DEBUG: GoGo-Private-IP-Address: ['192.168.1.179']
2013-11-20 10:58:39,588: DEBUG: GoGo-Acct-Input-Voice-Gigawords: [0]
2013-11-20 10:58:39,588: DEBUG: GoGo-Total-Input-Packets: [6626]
2013-11-20 10:58:39,588: DEBUG: GoGo-Total-Input-Gigawords: [0]
2013-11-20 10:58:39,588: DEBUG: GoGo-Acct-Input-Voice-Packets: [0]
2013-11-20 10:58:39,588: DEBUG: GoGo-Total-Input-Octets: [2333150]
2013-11-20 10:58:39,589: DEBUG: GoGo-Total-Output-Packets: [17539]
2013-11-20 10:58:39,589: DEBUG: WISPr-Location-ID: [u'airline=BA01,tail=01009,network=']
2013-11-20 10:58:39,589: DEBUG: GoGo-Acct-Output-Voice-Packets: [0]
2013-11-20 10:58:39,589: DEBUG: GoGo-Acct-Output-Voice-Gigawords: [0]
2013-11-20 10:58:39,589: DEBUG: Acct-Input-Octets: [2333150]
2013-11-20 10:58:39,589: ERROR: Network error, Reason: 'Network error: Too many open files'
2013-11-20 10:58:39,589: ERROR: Ending the test for this user
2013-11-20 10:58:39,589: DEBUG: Ending the test for this user
