2013-11-20 10:56:13,425: DEBUG: Starting the client for the user username49@airborne.aircell.com to the server localhost

2013-11-20 10:56:13,425: DEBUG: DURATION of the TEST: 91
2013-11-20 10:56:13,425: DEBUG: NAS-IP: 10.254.2.1
2013-11-20 10:56:13,425: DEBUG: NAS-MAC-ADDR: 12:23:34:45:56:67
2013-11-20 10:56:13,425: DEBUG: Abruptly End: False
2013-11-20 10:56:13,425: DEBUG: Framed-IP: 10.254.2.18
2013-11-20 10:56:13,425: DEBUG: User-MAC-Addr: 00:16:3E:45:32:BE
2013-11-20 10:56:13,426: DEBUG: 

2013-11-20 10:56:13,426: DEBUG: Creating Authentication Request with the following Attributes:
2013-11-20 10:56:13,426: DEBUG: NAS-Identifier: [u'C08386']
2013-11-20 10:56:13,426: DEBUG: User-Name: [u'username49@airborne.aircell.com']
2013-11-20 10:56:13,426: DEBUG: NAS-IP-Address: ['10.254.2.1']
2013-11-20 10:56:13,427: DEBUG: Service-Type: ['Authenticate-Only']
2013-11-20 10:56:13,427: DEBUG: Proxy-State: ['3237,3134']
2013-11-20 10:56:13,427: DEBUG: Framed-IP-Address: ['10.254.2.18']
2013-11-20 10:56:13,427: DEBUG: GoGo-Airline: [u'BA01']
2013-11-20 10:56:13,427: DEBUG: Acct-Session-Id: [u'AAATest_10_253_253_2-1384925173426-00163E4532BE-2']
2013-11-20 10:56:13,427: DEBUG: GoGo-Tail-Number: [u'AAATest_10_253_253_2']
2013-11-20 10:56:13,427: DEBUG: GoGo-Private-IP-Address: ['192.168.1.179']
2013-11-20 10:56:13,427: DEBUG: WISPr-Location-ID: [u'airline=BA01,tail=01009,network=']
2013-11-20 10:56:13,427: DEBUG: WISPr-Location-Name: [u'TEST LLC,BA01_01009']
2013-11-20 10:56:13,427: DEBUG: NAS-Port-Type: ['Wireless-802.11']
2013-11-20 10:56:13,428: DEBUG: Called-Station-Id: [u'00:16:3E:45:32:BE']
2013-11-20 10:56:13,428: DEBUG: Calling-Station-Id: [u'12:23:34:45:56:67']
2013-11-20 10:56:13,429: DEBUG: 

2013-11-20 10:56:13,429: DEBUG: Received response with code: 2, Accepted
2013-11-20 10:56:13,429: DEBUG: Creating Authentication Request with the following Attributes:
2013-11-20 10:56:13,429: DEBUG: NAS-Identifier: [u'C08386']
2013-11-20 10:56:13,430: DEBUG: User-Name: [u'username49@airborne.aircell.com']
2013-11-20 10:56:13,430: DEBUG: NAS-IP-Address: ['10.254.2.1']
2013-11-20 10:56:13,430: DEBUG: Service-Type: ['Login-User']
2013-11-20 10:56:13,430: DEBUG: Proxy-State: ['3237,3134']
2013-11-20 10:56:13,430: DEBUG: Framed-IP-Address: ['10.254.2.18']
2013-11-20 10:56:13,430: DEBUG: GoGo-Airline: [u'BA01']
2013-11-20 10:56:13,430: DEBUG: Acct-Session-Id: [u'AAATest_10_253_253_2-1384925173429-00163E4532BE-2']
2013-11-20 10:56:13,430: DEBUG: GoGo-Tail-Number: [u'AAATest_10_253_253_2']
2013-11-20 10:56:13,430: DEBUG: GoGo-Private-IP-Address: ['192.168.1.179']
2013-11-20 10:56:13,430: DEBUG: WISPr-Location-ID: [u'airline=BA01,tail=01009,network=']
2013-11-20 10:56:13,431: DEBUG: WISPr-Location-Name: [u'TEST LLC,BA01_01009']
2013-11-20 10:56:13,431: DEBUG: NAS-Port-Type: ['Wireless-802.11']
2013-11-20 10:56:13,431: DEBUG: Called-Station-Id: [u'00:16:3E:45:32:BE']
2013-11-20 10:56:13,431: DEBUG: Calling-Station-Id: [u'12:23:34:45:56:67']
2013-11-20 10:56:13,432: DEBUG: 

2013-11-20 10:56:13,432: DEBUG: Received response with code: 2, Accepted
2013-11-20 10:56:13,432: DEBUG: 

2013-11-20 10:56:13,432: DEBUG: Creating Accounting start Request with the following Attributes:
2013-11-20 10:56:13,432: DEBUG: NAS-Identifier: [u'C08386']
2013-11-20 10:56:13,433: DEBUG: User-Name: [u'username49@airborne.aircell.com']
2013-11-20 10:56:13,433: DEBUG: GoGo-Tail-Number: [u'AAATest_10_253_253_2']
2013-11-20 10:56:13,433: DEBUG: NAS-IP-Address: ['10.254.2.1']
2013-11-20 10:56:13,433: DEBUG: Proxy-State: ['3239,3131']
2013-11-20 10:56:13,433: DEBUG: Acct-Status-Type: ['Start']
2013-11-20 10:56:13,433: DEBUG: GoGo-Airline: [u'BA01']
2013-11-20 10:56:13,433: DEBUG: Acct-Session-Id: [u'AAATest_10_253_253_2-1384925173429-00163E4532BE-2']
2013-11-20 10:56:13,433: DEBUG: GoGo-Private-IP-Address: ['192.168.1.179']
2013-11-20 10:56:13,433: DEBUG: Framed-IP-Address: ['10.254.2.18']
2013-11-20 10:56:13,434: DEBUG: WISPr-Location-ID: [u'airline=BA01,tail=01009,network=']
2013-11-20 10:56:13,434: DEBUG: WISPr-Location-Name: [u'TEST LLC,BA01_01009']
2013-11-20 10:56:13,434: DEBUG: NAS-Port-Type: ['Wireless-802.11']
2013-11-20 10:56:13,434: DEBUG: Called-Station-Id: [u'00:16:3E:45:32:BE']
2013-11-20 10:56:13,434: DEBUG: Calling-Station-Id: [u'12:23:34:45:56:67']
2013-11-20 10:56:13,435: DEBUG: 

2013-11-20 10:56:13,435: DEBUG: Received response with following attributes:
2013-11-20 10:56:23,437: DEBUG: 

2013-11-20 10:56:23,437: DEBUG: Creating Accounting Update Request with the following Attributes:
2013-11-20 10:56:23,437: DEBUG: User-Name: [u'username49@airborne.aircell.com']
2013-11-20 10:56:23,438: DEBUG: GoGo-Tail-Number: [u'AAATest_10_253_253_2']
2013-11-20 10:56:23,438: DEBUG: Acct-Output-Octets: [2201611]
2013-11-20 10:56:23,438: DEBUG: NAS-IP-Address: ['10.254.2.1']
2013-11-20 10:56:23,438: DEBUG: GoGo-Total-Output-Gigawords: [0]
2013-11-20 10:56:23,438: DEBUG: Framed-IP-Address: ['10.254.2.18']
2013-11-20 10:56:23,438: DEBUG: GoGo-Total-Input-Voice-Gigawords: [0]
2013-11-20 10:56:23,438: DEBUG: GoGo-Total-Output-Octets: [2201611]
2013-11-20 10:56:23,438: DEBUG: GoGo-Acct-Input-Voice-Octets: [0]
2013-11-20 10:56:23,438: DEBUG: GoGo-Total-Input-Voice-Packets: [0]
2013-11-20 10:56:23,439: DEBUG: Called-Station-Id: [u'00:16:3E:45:32:BE']
2013-11-20 10:56:23,439: DEBUG: WISPr-Location-Name: [u'TEST LLC,BA01_01009']
2013-11-20 10:56:23,439: DEBUG: NAS-Identifier: [u'C08386']
2013-11-20 10:56:23,439: DEBUG: Proxy-State: ['3330,3132']
2013-11-20 10:56:23,439: DEBUG: GoGo-Total-Input-Voice-Octets: [0]
2013-11-20 10:56:23,439: DEBUG: Acct-Status-Type: ['Interim-Update']
2013-11-20 10:56:23,439: DEBUG: GoGo-Total-Output-Voice-Gigawords: [0]
2013-11-20 10:56:23,439: DEBUG: GoGo-Airline: [u'BA01']
2013-11-20 10:56:23,439: DEBUG: Acct-Session-Id: [u'AAATest_10_253_253_2-1384925173429-00163E4532BE-2']
2013-11-20 10:56:23,439: DEBUG: Acct-Session-Time: [10]
2013-11-20 10:56:23,440: DEBUG: Acct-Input-Packets: [2961]
2013-11-20 10:56:23,440: DEBUG: Acct-Output-Packets: [8742]
2013-11-20 10:56:23,440: DEBUG: GoGo-Acct-Output-Voice-Packets: [0]
2013-11-20 10:56:23,440: DEBUG: GoGo-Acct-Output-Voice-Octets: [0]
2013-11-20 10:56:23,440: DEBUG: Acct-Output-Gigawords: [0]
2013-11-20 10:56:23,440: DEBUG: GoGo-Total-Output-Voice-Packets: [0]
2013-11-20 10:56:23,440: DEBUG: Acct-Input-Gigawords: [0]
2013-11-20 10:56:23,440: DEBUG: Calling-Station-Id: [u'12:23:34:45:56:67']
2013-11-20 10:56:23,440: DEBUG: NAS-Port-Type: ['Wireless-802.11']
2013-11-20 10:56:23,441: DEBUG: GoGo-Total-Output-Voice-Octets: [0]
2013-11-20 10:56:23,441: DEBUG: GoGo-Private-IP-Address: ['192.168.1.179']
2013-11-20 10:56:23,441: DEBUG: GoGo-Acct-Input-Voice-Gigawords: [0]
2013-11-20 10:56:23,441: DEBUG: GoGo-Total-Input-Packets: [2961]
2013-11-20 10:56:23,441: DEBUG: GoGo-Total-Input-Gigawords: [0]
2013-11-20 10:56:23,441: DEBUG: GoGo-Acct-Input-Voice-Packets: [0]
2013-11-20 10:56:23,441: DEBUG: GoGo-Total-Input-Octets: [2854037]
2013-11-20 10:56:23,441: DEBUG: GoGo-Total-Output-Packets: [8742]
2013-11-20 10:56:23,441: DEBUG: WISPr-Location-ID: [u'airline=BA01,tail=01009,network=']
2013-11-20 10:56:23,441: DEBUG: GoGo-Acct-Output-Voice-Gigawords: [0]
2013-11-20 10:56:23,442: DEBUG: Acct-Input-Octets: [2854037]
2013-11-20 10:56:23,443: DEBUG: 

2013-11-20 10:56:23,443: DEBUG: Received response with following attributes:
2013-11-20 10:56:33,444: DEBUG: 

2013-11-20 10:56:33,445: DEBUG: Creating Accounting Update Request with the following Attributes:
2013-11-20 10:56:33,445: DEBUG: User-Name: [u'username49@airborne.aircell.com']
2013-11-20 10:56:33,445: DEBUG: GoGo-Tail-Number: [u'AAATest_10_253_253_2']
2013-11-20 10:56:33,446: DEBUG: Acct-Output-Octets: [3552005]
2013-11-20 10:56:33,446: DEBUG: NAS-IP-Address: ['10.254.2.1']
2013-11-20 10:56:33,446: DEBUG: GoGo-Total-Output-Gigawords: [0]
2013-11-20 10:56:33,446: DEBUG: Framed-IP-Address: ['10.254.2.18']
2013-11-20 10:56:33,447: DEBUG: GoGo-Total-Input-Voice-Gigawords: [0]
2013-11-20 10:56:33,447: DEBUG: GoGo-Total-Output-Octets: [3552005]
2013-11-20 10:56:33,447: DEBUG: GoGo-Acct-Input-Voice-Octets: [0]
2013-11-20 10:56:33,447: DEBUG: GoGo-Total-Input-Voice-Packets: [0]
2013-11-20 10:56:33,448: DEBUG: Called-Station-Id: [u'00:16:3E:45:32:BE']
2013-11-20 10:56:33,448: DEBUG: WISPr-Location-Name: [u'TEST LLC,BA01_01009']
2013-11-20 10:56:33,448: DEBUG: NAS-Identifier: [u'C08386']
2013-11-20 10:56:33,449: DEBUG: Proxy-State: ['3330,3132']
2013-11-20 10:56:33,449: DEBUG: GoGo-Total-Input-Voice-Octets: [0]
2013-11-20 10:56:33,449: DEBUG: Acct-Status-Type: ['Interim-Update']
2013-11-20 10:56:33,449: DEBUG: GoGo-Total-Output-Voice-Gigawords: [0]
2013-11-20 10:56:33,450: DEBUG: GoGo-Airline: [u'BA01']
2013-11-20 10:56:33,450: DEBUG: Acct-Session-Id: [u'AAATest_10_253_253_2-1384925173429-00163E4532BE-2']
2013-11-20 10:56:33,450: DEBUG: Acct-Session-Time: [10]
2013-11-20 10:56:33,450: DEBUG: Acct-Input-Packets: [15434]
2013-11-20 10:56:33,451: DEBUG: Acct-Output-Packets: [14397]
2013-11-20 10:56:33,451: DEBUG: GoGo-Acct-Output-Voice-Packets: [0]
2013-11-20 10:56:33,451: DEBUG: GoGo-Acct-Output-Voice-Octets: [0]
2013-11-20 10:56:33,451: DEBUG: Acct-Output-Gigawords: [0]
2013-11-20 10:56:33,451: DEBUG: GoGo-Total-Output-Voice-Packets: [0]
2013-11-20 10:56:33,452: DEBUG: Acct-Input-Gigawords: [0]
2013-11-20 10:56:33,452: DEBUG: Calling-Station-Id: [u'12:23:34:45:56:67']
2013-11-20 10:56:33,452: DEBUG: NAS-Port-Type: ['Wireless-802.11']
2013-11-20 10:56:33,453: DEBUG: GoGo-Total-Output-Voice-Octets: [0]
2013-11-20 10:56:33,453: DEBUG: GoGo-Private-IP-Address: ['192.168.1.179']
2013-11-20 10:56:33,454: DEBUG: GoGo-Acct-Input-Voice-Gigawords: [0]
2013-11-20 10:56:33,455: DEBUG: GoGo-Total-Input-Packets: [15434]
2013-11-20 10:56:33,455: DEBUG: GoGo-Total-Input-Gigawords: [0]
2013-11-20 10:56:33,455: DEBUG: GoGo-Acct-Input-Voice-Packets: [0]
2013-11-20 10:56:33,456: DEBUG: GoGo-Total-Input-Octets: [3654469]
2013-11-20 10:56:33,456: DEBUG: GoGo-Total-Output-Packets: [14397]
2013-11-20 10:56:33,457: DEBUG: WISPr-Location-ID: [u'airline=BA01,tail=01009,network=']
2013-11-20 10:56:33,457: DEBUG: GoGo-Acct-Output-Voice-Gigawords: [0]
2013-11-20 10:56:33,458: DEBUG: Acct-Input-Octets: [3654469]
2013-11-20 10:56:33,460: DEBUG: 

2013-11-20 10:56:33,460: DEBUG: Received response with following attributes:
2013-11-20 10:56:43,462: DEBUG: 

2013-11-20 10:56:43,463: DEBUG: Creating Accounting Update Request with the following Attributes:
2013-11-20 10:56:43,464: DEBUG: User-Name: [u'username49@airborne.aircell.com']
2013-11-20 10:56:43,464: DEBUG: GoGo-Tail-Number: [u'AAATest_10_253_253_2']
2013-11-20 10:56:43,465: DEBUG: Acct-Output-Octets: [8206865]
2013-11-20 10:56:43,465: DEBUG: NAS-IP-Address: ['10.254.2.1']
2013-11-20 10:56:43,466: DEBUG: GoGo-Total-Output-Gigawords: [0]
2013-11-20 10:56:43,467: DEBUG: Framed-IP-Address: ['10.254.2.18']
2013-11-20 10:56:43,468: DEBUG: GoGo-Total-Input-Voice-Gigawords: [0]
2013-11-20 10:56:43,469: DEBUG: GoGo-Total-Output-Octets: [8206865]
2013-11-20 10:56:43,469: DEBUG: GoGo-Acct-Input-Voice-Octets: [0]
2013-11-20 10:56:43,469: DEBUG: GoGo-Total-Input-Voice-Packets: [0]
2013-11-20 10:56:43,470: DEBUG: Called-Station-Id: [u'00:16:3E:45:32:BE']
2013-11-20 10:56:43,470: DEBUG: WISPr-Location-Name: [u'TEST LLC,BA01_01009']
2013-11-20 10:56:43,471: DEBUG: NAS-Identifier: [u'C08386']
2013-11-20 10:56:43,471: DEBUG: Proxy-State: ['3330,3132']
2013-11-20 10:56:43,472: DEBUG: GoGo-Total-Input-Voice-Octets: [0]
2013-11-20 10:56:43,473: DEBUG: Acct-Status-Type: ['Interim-Update']
2013-11-20 10:56:43,473: DEBUG: GoGo-Total-Output-Voice-Gigawords: [0]
2013-11-20 10:56:43,474: DEBUG: GoGo-Airline: [u'BA01']
2013-11-20 10:56:43,476: DEBUG: Acct-Session-Id: [u'AAATest_10_253_253_2-1384925173429-00163E4532BE-2']
2013-11-20 10:56:43,477: DEBUG: Acct-Session-Time: [10]
2013-11-20 10:56:43,479: DEBUG: Acct-Input-Packets: [10604]
2013-11-20 10:56:43,480: DEBUG: Acct-Output-Packets: [75893]
2013-11-20 10:56:43,481: DEBUG: GoGo-Acct-Output-Voice-Packets: [0]
2013-11-20 10:56:43,482: DEBUG: GoGo-Acct-Output-Voice-Octets: [0]
2013-11-20 10:56:43,482: DEBUG: Acct-Output-Gigawords: [0]
2013-11-20 10:56:43,484: DEBUG: GoGo-Total-Output-Voice-Packets: [0]
2013-11-20 10:56:43,485: DEBUG: Acct-Input-Gigawords: [0]
2013-11-20 10:56:43,486: DEBUG: Calling-Station-Id: [u'12:23:34:45:56:67']
2013-11-20 10:56:43,486: DEBUG: NAS-Port-Type: ['Wireless-802.11']
2013-11-20 10:56:43,487: DEBUG: GoGo-Total-Output-Voice-Octets: [0]
2013-11-20 10:56:43,488: DEBUG: GoGo-Private-IP-Address: ['192.168.1.179']
2013-11-20 10:56:43,488: DEBUG: GoGo-Acct-Input-Voice-Gigawords: [0]
2013-11-20 10:56:43,488: DEBUG: GoGo-Total-Input-Packets: [10604]
2013-11-20 10:56:43,489: DEBUG: GoGo-Total-Input-Gigawords: [0]
2013-11-20 10:56:43,490: DEBUG: GoGo-Acct-Input-Voice-Packets: [0]
2013-11-20 10:56:43,491: DEBUG: GoGo-Total-Input-Octets: [1905830]
2013-11-20 10:56:43,492: DEBUG: GoGo-Total-Output-Packets: [75893]
2013-11-20 10:56:43,493: DEBUG: WISPr-Location-ID: [u'airline=BA01,tail=01009,network=']
2013-11-20 10:56:43,493: DEBUG: GoGo-Acct-Output-Voice-Gigawords: [0]
2013-11-20 10:56:43,494: DEBUG: Acct-Input-Octets: [1905830]
2013-11-20 10:56:43,496: DEBUG: 

2013-11-20 10:56:43,498: DEBUG: Received response with following attributes:
2013-11-20 10:56:53,500: DEBUG: 

2013-11-20 10:56:53,501: DEBUG: Creating Accounting Update Request with the following Attributes:
2013-11-20 10:56:53,502: DEBUG: User-Name: [u'username49@airborne.aircell.com']
2013-11-20 10:56:53,502: DEBUG: GoGo-Tail-Number: [u'AAATest_10_253_253_2']
2013-11-20 10:56:53,502: DEBUG: Acct-Output-Octets: [4342023]
2013-11-20 10:56:53,503: DEBUG: NAS-IP-Address: ['10.254.2.1']
2013-11-20 10:56:53,503: DEBUG: GoGo-Total-Output-Gigawords: [0]
2013-11-20 10:56:53,503: DEBUG: Framed-IP-Address: ['10.254.2.18']
2013-11-20 10:56:53,503: DEBUG: GoGo-Total-Input-Voice-Gigawords: [0]
2013-11-20 10:56:53,503: DEBUG: GoGo-Total-Output-Octets: [4342023]
2013-11-20 10:56:53,503: DEBUG: GoGo-Acct-Input-Voice-Octets: [0]
2013-11-20 10:56:53,504: DEBUG: GoGo-Total-Input-Voice-Packets: [0]
2013-11-20 10:56:53,504: DEBUG: Called-Station-Id: [u'00:16:3E:45:32:BE']
2013-11-20 10:56:53,504: DEBUG: WISPr-Location-Name: [u'TEST LLC,BA01_01009']
2013-11-20 10:56:53,504: DEBUG: NAS-Identifier: [u'C08386']
2013-11-20 10:56:53,504: DEBUG: Proxy-State: ['3330,3132']
2013-11-20 10:56:53,505: DEBUG: GoGo-Total-Input-Voice-Octets: [0]
2013-11-20 10:56:53,505: DEBUG: Acct-Status-Type: ['Interim-Update']
2013-11-20 10:56:53,505: DEBUG: GoGo-Total-Output-Voice-Gigawords: [0]
2013-11-20 10:56:53,505: DEBUG: GoGo-Airline: [u'BA01']
2013-11-20 10:56:53,505: DEBUG: Acct-Session-Id: [u'AAATest_10_253_253_2-1384925173429-00163E4532BE-2']
2013-11-20 10:56:53,505: DEBUG: Acct-Session-Time: [10]
2013-11-20 10:56:53,505: DEBUG: Acct-Input-Packets: [26235]
2013-11-20 10:56:53,506: DEBUG: Acct-Output-Packets: [22864]
2013-11-20 10:56:53,506: DEBUG: GoGo-Acct-Output-Voice-Packets: [0]
2013-11-20 10:56:53,506: DEBUG: GoGo-Acct-Output-Voice-Octets: [0]
2013-11-20 10:56:53,506: DEBUG: Acct-Output-Gigawords: [0]
2013-11-20 10:56:53,506: DEBUG: GoGo-Total-Output-Voice-Packets: [0]
2013-11-20 10:56:53,506: DEBUG: Acct-Input-Gigawords: [0]
2013-11-20 10:56:53,506: DEBUG: Calling-Station-Id: [u'12:23:34:45:56:67']
2013-11-20 10:56:53,506: DEBUG: NAS-Port-Type: ['Wireless-802.11']
2013-11-20 10:56:53,506: DEBUG: GoGo-Total-Output-Voice-Octets: [0]
2013-11-20 10:56:53,507: DEBUG: GoGo-Private-IP-Address: ['192.168.1.179']
2013-11-20 10:56:53,507: DEBUG: GoGo-Acct-Input-Voice-Gigawords: [0]
2013-11-20 10:56:53,507: DEBUG: GoGo-Total-Input-Packets: [26235]
2013-11-20 10:56:53,507: DEBUG: GoGo-Total-Input-Gigawords: [0]
2013-11-20 10:56:53,507: DEBUG: GoGo-Acct-Input-Voice-Packets: [0]
2013-11-20 10:56:53,507: DEBUG: GoGo-Total-Input-Octets: [6402292]
2013-11-20 10:56:53,507: DEBUG: GoGo-Total-Output-Packets: [22864]
2013-11-20 10:56:53,507: DEBUG: WISPr-Location-ID: [u'airline=BA01,tail=01009,network=']
2013-11-20 10:56:53,507: DEBUG: GoGo-Acct-Output-Voice-Gigawords: [0]
2013-11-20 10:56:53,507: DEBUG: Acct-Input-Octets: [6402292]
2013-11-20 10:56:53,509: DEBUG: 

2013-11-20 10:56:53,509: DEBUG: Received response with following attributes:
2013-11-20 10:57:03,510: DEBUG: 

2013-11-20 10:57:03,511: DEBUG: Creating Accounting Update Request with the following Attributes:
2013-11-20 10:57:03,511: DEBUG: User-Name: [u'username49@airborne.aircell.com']
2013-11-20 10:57:03,512: DEBUG: GoGo-Tail-Number: [u'AAATest_10_253_253_2']
2013-11-20 10:57:03,512: DEBUG: Acct-Output-Octets: [8218955]
2013-11-20 10:57:03,512: DEBUG: NAS-IP-Address: ['10.254.2.1']
2013-11-20 10:57:03,512: DEBUG: GoGo-Total-Output-Gigawords: [0]
2013-11-20 10:57:03,513: DEBUG: Framed-IP-Address: ['10.254.2.18']
2013-11-20 10:57:03,513: DEBUG: GoGo-Total-Input-Voice-Gigawords: [0]
2013-11-20 10:57:03,513: DEBUG: GoGo-Total-Output-Octets: [8218955]
2013-11-20 10:57:03,514: DEBUG: GoGo-Acct-Input-Voice-Octets: [0]
2013-11-20 10:57:03,514: DEBUG: GoGo-Total-Input-Voice-Packets: [0]
2013-11-20 10:57:03,514: DEBUG: Called-Station-Id: [u'00:16:3E:45:32:BE']
2013-11-20 10:57:03,515: DEBUG: WISPr-Location-Name: [u'TEST LLC,BA01_01009']
2013-11-20 10:57:03,515: DEBUG: NAS-Identifier: [u'C08386']
2013-11-20 10:57:03,515: DEBUG: Proxy-State: ['3330,3132']
2013-11-20 10:57:03,516: DEBUG: GoGo-Total-Input-Voice-Octets: [0]
2013-11-20 10:57:03,516: DEBUG: Acct-Status-Type: ['Interim-Update']
2013-11-20 10:57:03,516: DEBUG: GoGo-Total-Output-Voice-Gigawords: [0]
2013-11-20 10:57:03,516: DEBUG: GoGo-Airline: [u'BA01']
2013-11-20 10:57:03,516: DEBUG: Acct-Session-Id: [u'AAATest_10_253_253_2-1384925173429-00163E4532BE-2']
2013-11-20 10:57:03,516: DEBUG: Acct-Session-Time: [10]
2013-11-20 10:57:03,516: DEBUG: Acct-Input-Packets: [10186]
2013-11-20 10:57:03,516: DEBUG: Acct-Output-Packets: [39584]
2013-11-20 10:57:03,517: DEBUG: GoGo-Acct-Output-Voice-Packets: [0]
2013-11-20 10:57:03,517: DEBUG: GoGo-Acct-Output-Voice-Octets: [0]
2013-11-20 10:57:03,517: DEBUG: Acct-Output-Gigawords: [0]
2013-11-20 10:57:03,517: DEBUG: GoGo-Total-Output-Voice-Packets: [0]
2013-11-20 10:57:03,517: DEBUG: Acct-Input-Gigawords: [0]
2013-11-20 10:57:03,518: DEBUG: Calling-Station-Id: [u'12:23:34:45:56:67']
2013-11-20 10:57:03,518: DEBUG: NAS-Port-Type: ['Wireless-802.11']
2013-11-20 10:57:03,518: DEBUG: GoGo-Total-Output-Voice-Octets: [0]
2013-11-20 10:57:03,518: DEBUG: GoGo-Private-IP-Address: ['192.168.1.179']
2013-11-20 10:57:03,518: DEBUG: GoGo-Acct-Input-Voice-Gigawords: [0]
2013-11-20 10:57:03,518: DEBUG: GoGo-Total-Input-Packets: [10186]
2013-11-20 10:57:03,519: DEBUG: GoGo-Total-Input-Gigawords: [0]
2013-11-20 10:57:03,519: DEBUG: GoGo-Acct-Input-Voice-Packets: [0]
2013-11-20 10:57:03,519: DEBUG: GoGo-Total-Input-Octets: [8582443]
2013-11-20 10:57:03,519: DEBUG: GoGo-Total-Output-Packets: [39584]
2013-11-20 10:57:03,519: DEBUG: WISPr-Location-ID: [u'airline=BA01,tail=01009,network=']
2013-11-20 10:57:03,519: DEBUG: GoGo-Acct-Output-Voice-Gigawords: [0]
2013-11-20 10:57:03,519: DEBUG: Acct-Input-Octets: [8582443]
2013-11-20 10:57:03,521: DEBUG: 

2013-11-20 10:57:03,521: DEBUG: Received response with following attributes:
2013-11-20 10:57:13,522: DEBUG: 

2013-11-20 10:57:13,523: DEBUG: Creating Accounting Update Request with the following Attributes:
2013-11-20 10:57:13,523: DEBUG: User-Name: [u'username49@airborne.aircell.com']
2013-11-20 10:57:13,523: DEBUG: GoGo-Tail-Number: [u'AAATest_10_253_253_2']
2013-11-20 10:57:13,523: DEBUG: Acct-Output-Octets: [5770412]
2013-11-20 10:57:13,524: DEBUG: NAS-IP-Address: ['10.254.2.1']
2013-11-20 10:57:13,524: DEBUG: GoGo-Total-Output-Gigawords: [0]
2013-11-20 10:57:13,524: DEBUG: Framed-IP-Address: ['10.254.2.18']
2013-11-20 10:57:13,524: DEBUG: GoGo-Total-Input-Voice-Gigawords: [0]
2013-11-20 10:57:13,524: DEBUG: GoGo-Total-Output-Octets: [5770412]
2013-11-20 10:57:13,524: DEBUG: GoGo-Acct-Input-Voice-Octets: [0]
2013-11-20 10:57:13,524: DEBUG: GoGo-Total-Input-Voice-Packets: [0]
2013-11-20 10:57:13,524: DEBUG: Called-Station-Id: [u'00:16:3E:45:32:BE']
2013-11-20 10:57:13,524: DEBUG: WISPr-Location-Name: [u'TEST LLC,BA01_01009']
2013-11-20 10:57:13,525: DEBUG: NAS-Identifier: [u'C08386']
2013-11-20 10:57:13,525: DEBUG: Proxy-State: ['3330,3132']
2013-11-20 10:57:13,525: DEBUG: GoGo-Total-Input-Voice-Octets: [0]
2013-11-20 10:57:13,525: DEBUG: Acct-Status-Type: ['Interim-Update']
2013-11-20 10:57:13,525: DEBUG: GoGo-Total-Output-Voice-Gigawords: [0]
2013-11-20 10:57:13,525: DEBUG: GoGo-Airline: [u'BA01']
2013-11-20 10:57:13,525: DEBUG: Acct-Session-Id: [u'AAATest_10_253_253_2-1384925173429-00163E4532BE-2']
2013-11-20 10:57:13,525: DEBUG: Acct-Session-Time: [10]
2013-11-20 10:57:13,525: DEBUG: Acct-Input-Packets: [8301]
2013-11-20 10:57:13,525: DEBUG: Acct-Output-Packets: [35111]
2013-11-20 10:57:13,526: DEBUG: GoGo-Acct-Output-Voice-Packets: [0]
2013-11-20 10:57:13,526: DEBUG: GoGo-Acct-Output-Voice-Octets: [0]
2013-11-20 10:57:13,526: DEBUG: Acct-Output-Gigawords: [0]
2013-11-20 10:57:13,526: DEBUG: GoGo-Total-Output-Voice-Packets: [0]
2013-11-20 10:57:13,526: DEBUG: Acct-Input-Gigawords: [0]
2013-11-20 10:57:13,526: DEBUG: Calling-Station-Id: [u'12:23:34:45:56:67']
2013-11-20 10:57:13,526: DEBUG: NAS-Port-Type: ['Wireless-802.11']
2013-11-20 10:57:13,526: DEBUG: GoGo-Total-Output-Voice-Octets: [0]
2013-11-20 10:57:13,526: DEBUG: GoGo-Private-IP-Address: ['192.168.1.179']
2013-11-20 10:57:13,526: DEBUG: GoGo-Acct-Input-Voice-Gigawords: [0]
2013-11-20 10:57:13,527: DEBUG: GoGo-Total-Input-Packets: [8301]
2013-11-20 10:57:13,527: DEBUG: GoGo-Total-Input-Gigawords: [0]
2013-11-20 10:57:13,527: DEBUG: GoGo-Acct-Input-Voice-Packets: [0]
2013-11-20 10:57:13,527: DEBUG: GoGo-Total-Input-Octets: [4343927]
2013-11-20 10:57:13,527: DEBUG: GoGo-Total-Output-Packets: [35111]
2013-11-20 10:57:13,527: DEBUG: WISPr-Location-ID: [u'airline=BA01,tail=01009,network=']
2013-11-20 10:57:13,527: DEBUG: GoGo-Acct-Output-Voice-Gigawords: [0]
2013-11-20 10:57:13,527: DEBUG: Acct-Input-Octets: [4343927]
2013-11-20 10:57:13,529: DEBUG: 

2013-11-20 10:57:13,529: DEBUG: Received response with following attributes:
2013-11-20 10:57:23,529: DEBUG: 

2013-11-20 10:57:23,530: DEBUG: Creating Accounting Update Request with the following Attributes:
2013-11-20 10:57:23,532: DEBUG: User-Name: [u'username49@airborne.aircell.com']
2013-11-20 10:57:23,532: DEBUG: GoGo-Tail-Number: [u'AAATest_10_253_253_2']
2013-11-20 10:57:23,533: DEBUG: Acct-Output-Octets: [5576638]
2013-11-20 10:57:23,534: DEBUG: NAS-IP-Address: ['10.254.2.1']
2013-11-20 10:57:23,535: DEBUG: GoGo-Total-Output-Gigawords: [0]
2013-11-20 10:57:23,535: DEBUG: Framed-IP-Address: ['10.254.2.18']
2013-11-20 10:57:23,536: DEBUG: GoGo-Total-Input-Voice-Gigawords: [0]
2013-11-20 10:57:23,536: DEBUG: GoGo-Total-Output-Octets: [5576638]
2013-11-20 10:57:23,537: DEBUG: GoGo-Acct-Input-Voice-Octets: [0]
2013-11-20 10:57:23,538: DEBUG: GoGo-Total-Input-Voice-Packets: [0]
2013-11-20 10:57:23,538: DEBUG: Called-Station-Id: [u'00:16:3E:45:32:BE']
2013-11-20 10:57:23,539: DEBUG: WISPr-Location-Name: [u'TEST LLC,BA01_01009']
2013-11-20 10:57:23,539: DEBUG: NAS-Identifier: [u'C08386']
2013-11-20 10:57:23,540: DEBUG: Proxy-State: ['3330,3132']
2013-11-20 10:57:23,540: DEBUG: GoGo-Total-Input-Voice-Octets: [0]
2013-11-20 10:57:23,541: DEBUG: Acct-Status-Type: ['Interim-Update']
2013-11-20 10:57:23,541: DEBUG: GoGo-Total-Output-Voice-Gigawords: [0]
2013-11-20 10:57:23,543: DEBUG: GoGo-Airline: [u'BA01']
2013-11-20 10:57:23,544: DEBUG: Acct-Session-Id: [u'AAATest_10_253_253_2-1384925173429-00163E4532BE-2']
2013-11-20 10:57:23,545: DEBUG: Acct-Session-Time: [10]
2013-11-20 10:57:23,546: DEBUG: Acct-Input-Packets: [7863]
2013-11-20 10:57:23,546: DEBUG: Acct-Output-Packets: [19724]
2013-11-20 10:57:23,547: DEBUG: GoGo-Acct-Output-Voice-Packets: [0]
2013-11-20 10:57:23,548: DEBUG: GoGo-Acct-Output-Voice-Octets: [0]
2013-11-20 10:57:23,548: DEBUG: Acct-Output-Gigawords: [0]
2013-11-20 10:57:23,548: DEBUG: GoGo-Total-Output-Voice-Packets: [0]
2013-11-20 10:57:23,549: DEBUG: Acct-Input-Gigawords: [0]
2013-11-20 10:57:23,549: DEBUG: Calling-Station-Id: [u'12:23:34:45:56:67']
2013-11-20 10:57:23,551: DEBUG: NAS-Port-Type: ['Wireless-802.11']
2013-11-20 10:57:23,551: DEBUG: GoGo-Total-Output-Voice-Octets: [0]
2013-11-20 10:57:23,552: DEBUG: GoGo-Private-IP-Address: ['192.168.1.179']
2013-11-20 10:57:23,553: DEBUG: GoGo-Acct-Input-Voice-Gigawords: [0]
2013-11-20 10:57:23,554: DEBUG: GoGo-Total-Input-Packets: [7863]
2013-11-20 10:57:23,555: DEBUG: GoGo-Total-Input-Gigawords: [0]
2013-11-20 10:57:23,556: DEBUG: GoGo-Acct-Input-Voice-Packets: [0]
2013-11-20 10:57:23,556: DEBUG: GoGo-Total-Input-Octets: [4311935]
2013-11-20 10:57:23,558: DEBUG: GoGo-Total-Output-Packets: [19724]
2013-11-20 10:57:23,558: DEBUG: WISPr-Location-ID: [u'airline=BA01,tail=01009,network=']
2013-11-20 10:57:23,559: DEBUG: GoGo-Acct-Output-Voice-Gigawords: [0]
2013-11-20 10:57:23,560: DEBUG: Acct-Input-Octets: [4311935]
2013-11-20 10:57:23,564: DEBUG: 

2013-11-20 10:57:23,565: DEBUG: Received response with following attributes:
2013-11-20 10:57:33,566: DEBUG: 

2013-11-20 10:57:33,566: DEBUG: Creating Accounting Update Request with the following Attributes:
2013-11-20 10:57:33,567: DEBUG: User-Name: [u'username49@airborne.aircell.com']
2013-11-20 10:57:33,567: DEBUG: GoGo-Tail-Number: [u'AAATest_10_253_253_2']
2013-11-20 10:57:33,567: DEBUG: Acct-Output-Octets: [4213606]
2013-11-20 10:57:33,567: DEBUG: NAS-IP-Address: ['10.254.2.1']
2013-11-20 10:57:33,567: DEBUG: GoGo-Total-Output-Gigawords: [0]
2013-11-20 10:57:33,567: DEBUG: Framed-IP-Address: ['10.254.2.18']
2013-11-20 10:57:33,567: DEBUG: GoGo-Total-Input-Voice-Gigawords: [0]
2013-11-20 10:57:33,567: DEBUG: GoGo-Total-Output-Octets: [4213606]
2013-11-20 10:57:33,567: DEBUG: GoGo-Acct-Input-Voice-Octets: [0]
2013-11-20 10:57:33,567: DEBUG: GoGo-Total-Input-Voice-Packets: [0]
2013-11-20 10:57:33,568: DEBUG: Called-Station-Id: [u'00:16:3E:45:32:BE']
2013-11-20 10:57:33,568: DEBUG: WISPr-Location-Name: [u'TEST LLC,BA01_01009']
2013-11-20 10:57:33,568: DEBUG: NAS-Identifier: [u'C08386']
2013-11-20 10:57:33,569: DEBUG: Proxy-State: ['3330,3132']
2013-11-20 10:57:33,569: DEBUG: GoGo-Total-Input-Voice-Octets: [0]
2013-11-20 10:57:33,569: DEBUG: Acct-Status-Type: ['Interim-Update']
2013-11-20 10:57:33,569: DEBUG: GoGo-Total-Output-Voice-Gigawords: [0]
2013-11-20 10:57:33,570: DEBUG: GoGo-Airline: [u'BA01']
2013-11-20 10:57:33,570: DEBUG: Acct-Session-Id: [u'AAATest_10_253_253_2-1384925173429-00163E4532BE-2']
2013-11-20 10:57:33,570: DEBUG: Acct-Session-Time: [10]
2013-11-20 10:57:33,570: DEBUG: Acct-Input-Packets: [19524]
2013-11-20 10:57:33,571: DEBUG: Acct-Output-Packets: [30120]
2013-11-20 10:57:33,571: DEBUG: GoGo-Acct-Output-Voice-Packets: [0]
2013-11-20 10:57:33,571: DEBUG: GoGo-Acct-Output-Voice-Octets: [0]
2013-11-20 10:57:33,571: DEBUG: Acct-Output-Gigawords: [0]
2013-11-20 10:57:33,572: DEBUG: GoGo-Total-Output-Voice-Packets: [0]
2013-11-20 10:57:33,572: DEBUG: Acct-Input-Gigawords: [0]
2013-11-20 10:57:33,572: DEBUG: Calling-Station-Id: [u'12:23:34:45:56:67']
2013-11-20 10:57:33,572: DEBUG: NAS-Port-Type: ['Wireless-802.11']
2013-11-20 10:57:33,573: DEBUG: GoGo-Total-Output-Voice-Octets: [0]
2013-11-20 10:57:33,573: DEBUG: GoGo-Private-IP-Address: ['192.168.1.179']
2013-11-20 10:57:33,573: DEBUG: GoGo-Acct-Input-Voice-Gigawords: [0]
2013-11-20 10:57:33,573: DEBUG: GoGo-Total-Input-Packets: [19524]
2013-11-20 10:57:33,574: DEBUG: GoGo-Total-Input-Gigawords: [0]
2013-11-20 10:57:33,574: DEBUG: GoGo-Acct-Input-Voice-Packets: [0]
2013-11-20 10:57:33,574: DEBUG: GoGo-Total-Input-Octets: [2592717]
2013-11-20 10:57:33,574: DEBUG: GoGo-Total-Output-Packets: [30120]
2013-11-20 10:57:33,575: DEBUG: WISPr-Location-ID: [u'airline=BA01,tail=01009,network=']
2013-11-20 10:57:33,575: DEBUG: GoGo-Acct-Output-Voice-Gigawords: [0]
2013-11-20 10:57:33,575: DEBUG: Acct-Input-Octets: [2592717]
2013-11-20 10:57:33,576: ERROR: Network error, Reason: 'Network error: Too many open files'
2013-11-20 10:57:43,576: DEBUG: 

2013-11-20 10:57:43,577: DEBUG: Creating Accounting Update Request with the following Attributes:
2013-11-20 10:57:43,577: DEBUG: User-Name: [u'username49@airborne.aircell.com']
2013-11-20 10:57:43,577: DEBUG: GoGo-Tail-Number: [u'AAATest_10_253_253_2']
2013-11-20 10:57:43,577: DEBUG: Acct-Output-Octets: [7028948]
2013-11-20 10:57:43,578: DEBUG: NAS-IP-Address: ['10.254.2.1']
2013-11-20 10:57:43,578: DEBUG: GoGo-Total-Output-Gigawords: [0]
2013-11-20 10:57:43,578: DEBUG: Framed-IP-Address: ['10.254.2.18']
2013-11-20 10:57:43,578: DEBUG: GoGo-Total-Input-Voice-Gigawords: [0]
2013-11-20 10:57:43,578: DEBUG: GoGo-Total-Output-Octets: [7028948]
2013-11-20 10:57:43,578: DEBUG: GoGo-Acct-Input-Voice-Octets: [0]
2013-11-20 10:57:43,578: DEBUG: GoGo-Total-Input-Voice-Packets: [0]
2013-11-20 10:57:43,578: DEBUG: Called-Station-Id: [u'00:16:3E:45:32:BE']
2013-11-20 10:57:43,578: DEBUG: WISPr-Location-Name: [u'TEST LLC,BA01_01009']
2013-11-20 10:57:43,578: DEBUG: NAS-Identifier: [u'C08386']
2013-11-20 10:57:43,579: DEBUG: Proxy-State: ['3330,3132']
2013-11-20 10:57:43,579: DEBUG: GoGo-Total-Input-Voice-Octets: [0]
2013-11-20 10:57:43,579: DEBUG: Acct-Status-Type: ['Interim-Update']
2013-11-20 10:57:43,579: DEBUG: GoGo-Total-Output-Voice-Gigawords: [0]
2013-11-20 10:57:43,579: DEBUG: GoGo-Airline: [u'BA01']
2013-11-20 10:57:43,579: DEBUG: Acct-Session-Id: [u'AAATest_10_253_253_2-1384925173429-00163E4532BE-2']
2013-11-20 10:57:43,579: DEBUG: Acct-Session-Time: [10]
2013-11-20 10:57:43,579: DEBUG: Acct-Input-Packets: [34865]
2013-11-20 10:57:43,579: DEBUG: Acct-Output-Packets: [27717]
2013-11-20 10:57:43,579: DEBUG: GoGo-Acct-Output-Voice-Packets: [0]
2013-11-20 10:57:43,580: DEBUG: GoGo-Acct-Output-Voice-Octets: [0]
2013-11-20 10:57:43,580: DEBUG: Acct-Output-Gigawords: [0]
2013-11-20 10:57:43,580: DEBUG: GoGo-Total-Output-Voice-Packets: [0]
2013-11-20 10:57:43,580: DEBUG: Acct-Input-Gigawords: [0]
2013-11-20 10:57:43,580: DEBUG: Calling-Station-Id: [u'12:23:34:45:56:67']
2013-11-20 10:57:43,580: DEBUG: NAS-Port-Type: ['Wireless-802.11']
2013-11-20 10:57:43,580: DEBUG: GoGo-Total-Output-Voice-Octets: [0]
2013-11-20 10:57:43,580: DEBUG: GoGo-Private-IP-Address: ['192.168.1.179']
2013-11-20 10:57:43,580: DEBUG: GoGo-Acct-Input-Voice-Gigawords: [0]
2013-11-20 10:57:43,580: DEBUG: GoGo-Total-Input-Packets: [34865]
2013-11-20 10:57:43,581: DEBUG: GoGo-Total-Input-Gigawords: [0]
2013-11-20 10:57:43,581: DEBUG: GoGo-Acct-Input-Voice-Packets: [0]
2013-11-20 10:57:43,581: DEBUG: GoGo-Total-Input-Octets: [4523159]
2013-11-20 10:57:43,581: DEBUG: GoGo-Total-Output-Packets: [27717]
2013-11-20 10:57:43,581: DEBUG: WISPr-Location-ID: [u'airline=BA01,tail=01009,network=']
2013-11-20 10:57:43,581: DEBUG: GoGo-Acct-Output-Voice-Gigawords: [0]
2013-11-20 10:57:43,581: DEBUG: Acct-Input-Octets: [4523159]
2013-11-20 10:57:43,581: ERROR: Network error, Reason: 'Network error: nodename nor servname provided, or not known'
2013-11-20 10:57:55,583: DEBUG: 

2013-11-20 10:57:55,583: DEBUG: Creating Accounting Stop Request with the following Attributes:
2013-11-20 10:57:55,583: DEBUG: User-Name: [u'username49@airborne.aircell.com']
2013-11-20 10:57:55,583: DEBUG: GoGo-Tail-Number: [u'01009']
2013-11-20 10:57:55,584: DEBUG: Acct-Output-Octets: [2195512]
2013-11-20 10:57:55,584: DEBUG: NAS-IP-Address: ['10.254.2.1']
2013-11-20 10:57:55,584: DEBUG: GoGo-Total-Output-Gigawords: [0]
2013-11-20 10:57:55,584: DEBUG: Framed-IP-Address: ['10.254.2.18']
2013-11-20 10:57:55,584: DEBUG: GoGo-Total-Input-Voice-Gigawords: [0]
2013-11-20 10:57:55,584: DEBUG: GoGo-Total-Output-Octets: [2195512]
2013-11-20 10:57:55,584: DEBUG: GoGo-Acct-Input-Voice-Octets: [0]
2013-11-20 10:57:55,584: DEBUG: GoGo-Total-Input-Voice-Packets: [0]
2013-11-20 10:57:55,584: DEBUG: Called-Station-Id: [u'00:16:3E:45:32:BE']
2013-11-20 10:57:55,585: DEBUG: WISPr-Location-Name: [u'TEST LLC,BA01_01009']
2013-11-20 10:57:55,585: DEBUG: NAS-Identifier: [u'C08386']
2013-11-20 10:57:55,585: DEBUG: Proxy-State: ['3330,3132']
2013-11-20 10:57:55,585: DEBUG: GoGo-Total-Input-Voice-Octets: [0]
2013-11-20 10:57:55,585: DEBUG: Acct-Status-Type: ['Stop']
2013-11-20 10:57:55,585: DEBUG: GoGo-Total-Output-Voice-Gigawords: [0]
2013-11-20 10:57:55,585: DEBUG: GoGo-Airline: [u'BA01']
2013-11-20 10:57:55,585: DEBUG: Acct-Session-Id: [u'AAATest_10_253_253_2-1384925173429-00163E4532BE-2']
2013-11-20 10:57:55,585: DEBUG: Acct-Session-Time: [12]
2013-11-20 10:57:55,585: DEBUG: Acct-Input-Packets: [35940]
2013-11-20 10:57:55,585: DEBUG: Acct-Output-Packets: [21768]
2013-11-20 10:57:55,586: DEBUG: Acct-Terminate-Cause: ['User-Request']
2013-11-20 10:57:55,586: DEBUG: GoGo-Acct-Output-Voice-Octets: [0]
2013-11-20 10:57:55,586: DEBUG: Acct-Output-Gigawords: [0]
2013-11-20 10:57:55,586: DEBUG: GoGo-Total-Output-Voice-Packets: [0]
2013-11-20 10:57:55,586: DEBUG: Acct-Input-Gigawords: [0]
2013-11-20 10:57:55,586: DEBUG: Calling-Station-Id: [u'12:23:34:45:56:67']
2013-11-20 10:57:55,586: DEBUG: NAS-Port-Type: ['Wireless-802.11']
2013-11-20 10:57:55,586: DEBUG: GoGo-Total-Output-Voice-Octets: [0]
2013-11-20 10:57:55,586: DEBUG: GoGo-Private-IP-Address: ['192.168.1.179']
2013-11-20 10:57:55,587: DEBUG: GoGo-Acct-Input-Voice-Gigawords: [0]
2013-11-20 10:57:55,587: DEBUG: GoGo-Total-Input-Packets: [35940]
2013-11-20 10:57:55,587: DEBUG: GoGo-Total-Input-Gigawords: [0]
2013-11-20 10:57:55,587: DEBUG: GoGo-Acct-Input-Voice-Packets: [0]
2013-11-20 10:57:55,587: DEBUG: GoGo-Total-Input-Octets: [9354422]
2013-11-20 10:57:55,587: DEBUG: GoGo-Total-Output-Packets: [21768]
2013-11-20 10:57:55,587: DEBUG: WISPr-Location-ID: [u'airline=BA01,tail=01009,network=']
2013-11-20 10:57:55,587: DEBUG: GoGo-Acct-Output-Voice-Packets: [0]
2013-11-20 10:57:55,587: DEBUG: GoGo-Acct-Output-Voice-Gigawords: [0]
2013-11-20 10:57:55,588: DEBUG: Acct-Input-Octets: [9354422]
2013-11-20 10:57:55,588: ERROR: Network error, Reason: 'Network error: nodename nor servname provided, or not known'
2013-11-20 10:57:55,588: ERROR: Ending the test for this user
2013-11-20 10:57:55,588: DEBUG: Ending the test for this user
