2013-11-20 10:57:04,485: DEBUG: Starting the client for the user username78@airborne.aircell.com to the server localhost

2013-11-20 10:57:04,485: DEBUG: DURATION of the TEST: 94
2013-11-20 10:57:04,486: DEBUG: NAS-IP: 10.254.137.1
2013-11-20 10:57:04,486: DEBUG: NAS-MAC-ADDR: 18:21:31:41:52:13
2013-11-20 10:57:04,486: DEBUG: Abruptly End: False
2013-11-20 10:57:04,486: DEBUG: Framed-IP: 10.254.137.47
2013-11-20 10:57:04,486: DEBUG: User-MAC-Addr: 00:16:3E:49:48:83
2013-11-20 10:57:04,486: DEBUG: 

2013-11-20 10:57:04,487: DEBUG: Creating Authentication Request with the following Attributes:
2013-11-20 10:57:04,487: DEBUG: NAS-Identifier: [u'C08386']
2013-11-20 10:57:04,487: DEBUG: User-Name: [u'username78@airborne.aircell.com']
2013-11-20 10:57:04,487: DEBUG: NAS-IP-Address: ['10.254.137.1']
2013-11-20 10:57:04,487: DEBUG: Service-Type: ['Authenticate-Only']
2013-11-20 10:57:04,487: DEBUG: Proxy-State: ['3237,3134']
2013-11-20 10:57:04,487: DEBUG: Framed-IP-Address: ['10.254.137.47']
2013-11-20 10:57:04,487: DEBUG: GoGo-Airline: [u'BA01']
2013-11-20 10:57:04,487: DEBUG: Acct-Session-Id: [u'AAATestNAS_132-1384925224486-00163E494883-2']
2013-11-20 10:57:04,488: DEBUG: GoGo-Tail-Number: [u'AAATestNAS_132']
2013-11-20 10:57:04,488: DEBUG: GoGo-Private-IP-Address: ['192.168.1.179']
2013-11-20 10:57:04,488: DEBUG: WISPr-Location-ID: [u'airline=BA01,tail=01009,network=']
2013-11-20 10:57:04,488: DEBUG: WISPr-Location-Name: [u'TEST LLC,BA01_01009']
2013-11-20 10:57:04,488: DEBUG: NAS-Port-Type: ['Wireless-802.11']
2013-11-20 10:57:04,488: DEBUG: Called-Station-Id: [u'00:16:3E:49:48:83']
2013-11-20 10:57:04,488: DEBUG: Calling-Station-Id: [u'18:21:31:41:52:13']
2013-11-20 10:57:04,489: DEBUG: 

2013-11-20 10:57:04,489: DEBUG: Received response with code: 2, Accepted
2013-11-20 10:57:04,490: DEBUG: Creating Authentication Request with the following Attributes:
2013-11-20 10:57:04,490: DEBUG: NAS-Identifier: [u'C08386']
2013-11-20 10:57:04,490: DEBUG: User-Name: [u'username78@airborne.aircell.com']
2013-11-20 10:57:04,490: DEBUG: NAS-IP-Address: ['10.254.137.1']
2013-11-20 10:57:04,490: DEBUG: Service-Type: ['Login-User']
2013-11-20 10:57:04,490: DEBUG: Proxy-State: ['3237,3134']
2013-11-20 10:57:04,491: DEBUG: Framed-IP-Address: ['10.254.137.47']
2013-11-20 10:57:04,491: DEBUG: GoGo-Airline: [u'BA01']
2013-11-20 10:57:04,491: DEBUG: Acct-Session-Id: [u'AAATestNAS_132-1384925224490-00163E494883-2']
2013-11-20 10:57:04,491: DEBUG: GoGo-Tail-Number: [u'AAATestNAS_132']
2013-11-20 10:57:04,491: DEBUG: GoGo-Private-IP-Address: ['192.168.1.179']
2013-11-20 10:57:04,491: DEBUG: WISPr-Location-ID: [u'airline=BA01,tail=01009,network=']
2013-11-20 10:57:04,491: DEBUG: WISPr-Location-Name: [u'TEST LLC,BA01_01009']
2013-11-20 10:57:04,491: DEBUG: NAS-Port-Type: ['Wireless-802.11']
2013-11-20 10:57:04,491: DEBUG: Called-Station-Id: [u'00:16:3E:49:48:83']
2013-11-20 10:57:04,491: DEBUG: Calling-Station-Id: [u'18:21:31:41:52:13']
2013-11-20 10:57:04,492: DEBUG: 

2013-11-20 10:57:04,493: DEBUG: Received response with code: 2, Accepted
2013-11-20 10:57:04,493: DEBUG: 

2013-11-20 10:57:04,493: DEBUG: Creating Accounting start Request with the following Attributes:
2013-11-20 10:57:04,493: DEBUG: NAS-Identifier: [u'C08386']
2013-11-20 10:57:04,493: DEBUG: User-Name: [u'username78@airborne.aircell.com']
2013-11-20 10:57:04,494: DEBUG: GoGo-Tail-Number: [u'AAATestNAS_132']
2013-11-20 10:57:04,494: DEBUG: NAS-IP-Address: ['10.254.137.1']
2013-11-20 10:57:04,494: DEBUG: Proxy-State: ['3239,3131']
2013-11-20 10:57:04,494: DEBUG: Acct-Status-Type: ['Start']
2013-11-20 10:57:04,494: DEBUG: GoGo-Airline: [u'BA01']
2013-11-20 10:57:04,495: DEBUG: Acct-Session-Id: [u'AAATestNAS_132-1384925224490-00163E494883-2']
2013-11-20 10:57:04,495: DEBUG: GoGo-Private-IP-Address: ['192.168.1.179']
2013-11-20 10:57:04,495: DEBUG: Framed-IP-Address: ['10.254.137.47']
2013-11-20 10:57:04,495: DEBUG: WISPr-Location-ID: [u'airline=BA01,tail=01009,network=']
2013-11-20 10:57:04,495: DEBUG: WISPr-Location-Name: [u'TEST LLC,BA01_01009']
2013-11-20 10:57:04,496: DEBUG: NAS-Port-Type: ['Wireless-802.11']
2013-11-20 10:57:04,496: DEBUG: Called-Station-Id: [u'00:16:3E:49:48:83']
2013-11-20 10:57:04,496: DEBUG: Calling-Station-Id: [u'18:21:31:41:52:13']
2013-11-20 10:57:04,497: DEBUG: 

2013-11-20 10:57:04,497: DEBUG: Received response with following attributes:
2013-11-20 10:57:14,497: DEBUG: 

2013-11-20 10:57:14,498: DEBUG: Creating Accounting Update Request with the following Attributes:
2013-11-20 10:57:14,498: DEBUG: User-Name: [u'username78@airborne.aircell.com']
2013-11-20 10:57:14,499: DEBUG: GoGo-Tail-Number: [u'AAATestNAS_132']
2013-11-20 10:57:14,499: DEBUG: Acct-Output-Octets: [1375718]
2013-11-20 10:57:14,500: DEBUG: NAS-IP-Address: ['10.254.137.1']
2013-11-20 10:57:14,500: DEBUG: GoGo-Total-Output-Gigawords: [0]
2013-11-20 10:57:14,500: DEBUG: Framed-IP-Address: ['10.254.137.47']
2013-11-20 10:57:14,501: DEBUG: GoGo-Total-Input-Voice-Gigawords: [0]
2013-11-20 10:57:14,501: DEBUG: GoGo-Total-Output-Octets: [1375718]
2013-11-20 10:57:14,501: DEBUG: GoGo-Acct-Input-Voice-Octets: [0]
2013-11-20 10:57:14,502: DEBUG: GoGo-Total-Input-Voice-Packets: [0]
2013-11-20 10:57:14,502: DEBUG: Called-Station-Id: [u'00:16:3E:49:48:83']
2013-11-20 10:57:14,502: DEBUG: WISPr-Location-Name: [u'TEST LLC,BA01_01009']
2013-11-20 10:57:14,503: DEBUG: NAS-Identifier: [u'C08386']
2013-11-20 10:57:14,503: DEBUG: Proxy-State: ['3330,3132']
2013-11-20 10:57:14,503: DEBUG: GoGo-Total-Input-Voice-Octets: [0]
2013-11-20 10:57:14,504: DEBUG: Acct-Status-Type: ['Interim-Update']
2013-11-20 10:57:14,504: DEBUG: GoGo-Total-Output-Voice-Gigawords: [0]
2013-11-20 10:57:14,504: DEBUG: GoGo-Airline: [u'BA01']
2013-11-20 10:57:14,504: DEBUG: Acct-Session-Id: [u'AAATestNAS_132-1384925224490-00163E494883-2']
2013-11-20 10:57:14,504: DEBUG: Acct-Session-Time: [10]
2013-11-20 10:57:14,504: DEBUG: Acct-Input-Packets: [41373]
2013-11-20 10:57:14,505: DEBUG: Acct-Output-Packets: [6556]
2013-11-20 10:57:14,505: DEBUG: GoGo-Acct-Output-Voice-Packets: [0]
2013-11-20 10:57:14,505: DEBUG: GoGo-Acct-Output-Voice-Octets: [0]
2013-11-20 10:57:14,505: DEBUG: Acct-Output-Gigawords: [0]
2013-11-20 10:57:14,506: DEBUG: GoGo-Total-Output-Voice-Packets: [0]
2013-11-20 10:57:14,506: DEBUG: Acct-Input-Gigawords: [0]
2013-11-20 10:57:14,506: DEBUG: Calling-Station-Id: [u'18:21:31:41:52:13']
2013-11-20 10:57:14,506: DEBUG: NAS-Port-Type: ['Wireless-802.11']
2013-11-20 10:57:14,506: DEBUG: GoGo-Total-Output-Voice-Octets: [0]
2013-11-20 10:57:14,506: DEBUG: GoGo-Private-IP-Address: ['192.168.1.179']
2013-11-20 10:57:14,506: DEBUG: GoGo-Acct-Input-Voice-Gigawords: [0]
2013-11-20 10:57:14,506: DEBUG: GoGo-Total-Input-Packets: [41373]
2013-11-20 10:57:14,506: DEBUG: GoGo-Total-Input-Gigawords: [0]
2013-11-20 10:57:14,507: DEBUG: GoGo-Acct-Input-Voice-Packets: [0]
2013-11-20 10:57:14,507: DEBUG: GoGo-Total-Input-Octets: [7827917]
2013-11-20 10:57:14,507: DEBUG: GoGo-Total-Output-Packets: [6556]
2013-11-20 10:57:14,507: DEBUG: WISPr-Location-ID: [u'airline=BA01,tail=01009,network=']
2013-11-20 10:57:14,507: DEBUG: GoGo-Acct-Output-Voice-Gigawords: [0]
2013-11-20 10:57:14,507: DEBUG: Acct-Input-Octets: [7827917]
2013-11-20 10:57:14,509: DEBUG: 

2013-11-20 10:57:14,509: DEBUG: Received response with following attributes:
2013-11-20 10:57:24,510: DEBUG: 

2013-11-20 10:57:24,511: DEBUG: Creating Accounting Update Request with the following Attributes:
2013-11-20 10:57:24,512: DEBUG: User-Name: [u'username78@airborne.aircell.com']
2013-11-20 10:57:24,513: DEBUG: GoGo-Tail-Number: [u'AAATestNAS_132']
2013-11-20 10:57:24,513: DEBUG: Acct-Output-Octets: [2419370]
2013-11-20 10:57:24,513: DEBUG: NAS-IP-Address: ['10.254.137.1']
2013-11-20 10:57:24,515: DEBUG: GoGo-Total-Output-Gigawords: [0]
2013-11-20 10:57:24,515: DEBUG: Framed-IP-Address: ['10.254.137.47']
2013-11-20 10:57:24,515: DEBUG: GoGo-Total-Input-Voice-Gigawords: [0]
2013-11-20 10:57:24,516: DEBUG: GoGo-Total-Output-Octets: [2419370]
2013-11-20 10:57:24,516: DEBUG: GoGo-Acct-Input-Voice-Octets: [0]
2013-11-20 10:57:24,517: DEBUG: GoGo-Total-Input-Voice-Packets: [0]
2013-11-20 10:57:24,517: DEBUG: Called-Station-Id: [u'00:16:3E:49:48:83']
2013-11-20 10:57:24,518: DEBUG: WISPr-Location-Name: [u'TEST LLC,BA01_01009']
2013-11-20 10:57:24,518: DEBUG: NAS-Identifier: [u'C08386']
2013-11-20 10:57:24,518: DEBUG: Proxy-State: ['3330,3132']
2013-11-20 10:57:24,520: DEBUG: GoGo-Total-Input-Voice-Octets: [0]
2013-11-20 10:57:24,521: DEBUG: Acct-Status-Type: ['Interim-Update']
2013-11-20 10:57:24,521: DEBUG: GoGo-Total-Output-Voice-Gigawords: [0]
2013-11-20 10:57:24,522: DEBUG: GoGo-Airline: [u'BA01']
2013-11-20 10:57:24,522: DEBUG: Acct-Session-Id: [u'AAATestNAS_132-1384925224490-00163E494883-2']
2013-11-20 10:57:24,523: DEBUG: Acct-Session-Time: [10]
2013-11-20 10:57:24,524: DEBUG: Acct-Input-Packets: [14181]
2013-11-20 10:57:24,524: DEBUG: Acct-Output-Packets: [20653]
2013-11-20 10:57:24,525: DEBUG: GoGo-Acct-Output-Voice-Packets: [0]
2013-11-20 10:57:24,525: DEBUG: GoGo-Acct-Output-Voice-Octets: [0]
2013-11-20 10:57:24,525: DEBUG: Acct-Output-Gigawords: [0]
2013-11-20 10:57:24,526: DEBUG: GoGo-Total-Output-Voice-Packets: [0]
2013-11-20 10:57:24,526: DEBUG: Acct-Input-Gigawords: [0]
2013-11-20 10:57:24,527: DEBUG: Calling-Station-Id: [u'18:21:31:41:52:13']
2013-11-20 10:57:24,527: DEBUG: NAS-Port-Type: ['Wireless-802.11']
2013-11-20 10:57:24,528: DEBUG: GoGo-Total-Output-Voice-Octets: [0]
2013-11-20 10:57:24,528: DEBUG: GoGo-Private-IP-Address: ['192.168.1.179']
2013-11-20 10:57:24,529: DEBUG: GoGo-Acct-Input-Voice-Gigawords: [0]
2013-11-20 10:57:24,529: DEBUG: GoGo-Total-Input-Packets: [14181]
2013-11-20 10:57:24,529: DEBUG: GoGo-Total-Input-Gigawords: [0]
2013-11-20 10:57:24,530: DEBUG: GoGo-Acct-Input-Voice-Packets: [0]
2013-11-20 10:57:24,530: DEBUG: GoGo-Total-Input-Octets: [4072747]
2013-11-20 10:57:24,531: DEBUG: GoGo-Total-Output-Packets: [20653]
2013-11-20 10:57:24,532: DEBUG: WISPr-Location-ID: [u'airline=BA01,tail=01009,network=']
2013-11-20 10:57:24,532: DEBUG: GoGo-Acct-Output-Voice-Gigawords: [0]
2013-11-20 10:57:24,532: DEBUG: Acct-Input-Octets: [4072747]
2013-11-20 10:57:24,534: DEBUG: 

2013-11-20 10:57:24,534: DEBUG: Received response with following attributes:
2013-11-20 10:57:34,535: DEBUG: 

2013-11-20 10:57:34,536: DEBUG: Creating Accounting Update Request with the following Attributes:
2013-11-20 10:57:34,536: DEBUG: User-Name: [u'username78@airborne.aircell.com']
2013-11-20 10:57:34,537: DEBUG: GoGo-Tail-Number: [u'AAATestNAS_132']
2013-11-20 10:57:34,537: DEBUG: Acct-Output-Octets: [3999821]
2013-11-20 10:57:34,537: DEBUG: NAS-IP-Address: ['10.254.137.1']
2013-11-20 10:57:34,538: DEBUG: GoGo-Total-Output-Gigawords: [0]
2013-11-20 10:57:34,538: DEBUG: Framed-IP-Address: ['10.254.137.47']
2013-11-20 10:57:34,538: DEBUG: GoGo-Total-Input-Voice-Gigawords: [0]
2013-11-20 10:57:34,538: DEBUG: GoGo-Total-Output-Octets: [3999821]
2013-11-20 10:57:34,539: DEBUG: GoGo-Acct-Input-Voice-Octets: [0]
2013-11-20 10:57:34,539: DEBUG: GoGo-Total-Input-Voice-Packets: [0]
2013-11-20 10:57:34,539: DEBUG: Called-Station-Id: [u'00:16:3E:49:48:83']
2013-11-20 10:57:34,539: DEBUG: WISPr-Location-Name: [u'TEST LLC,BA01_01009']
2013-11-20 10:57:34,540: DEBUG: NAS-Identifier: [u'C08386']
2013-11-20 10:57:34,540: DEBUG: Proxy-State: ['3330,3132']
2013-11-20 10:57:34,540: DEBUG: GoGo-Total-Input-Voice-Octets: [0]
2013-11-20 10:57:34,540: DEBUG: Acct-Status-Type: ['Interim-Update']
2013-11-20 10:57:34,541: DEBUG: GoGo-Total-Output-Voice-Gigawords: [0]
2013-11-20 10:57:34,541: DEBUG: GoGo-Airline: [u'BA01']
2013-11-20 10:57:34,541: DEBUG: Acct-Session-Id: [u'AAATestNAS_132-1384925224490-00163E494883-2']
2013-11-20 10:57:34,542: DEBUG: Acct-Session-Time: [10]
2013-11-20 10:57:34,542: DEBUG: Acct-Input-Packets: [19604]
2013-11-20 10:57:34,542: DEBUG: Acct-Output-Packets: [34064]
2013-11-20 10:57:34,542: DEBUG: GoGo-Acct-Output-Voice-Packets: [0]
2013-11-20 10:57:34,543: DEBUG: GoGo-Acct-Output-Voice-Octets: [0]
2013-11-20 10:57:34,543: DEBUG: Acct-Output-Gigawords: [0]
2013-11-20 10:57:34,543: DEBUG: GoGo-Total-Output-Voice-Packets: [0]
2013-11-20 10:57:34,543: DEBUG: Acct-Input-Gigawords: [0]
2013-11-20 10:57:34,544: DEBUG: Calling-Station-Id: [u'18:21:31:41:52:13']
2013-11-20 10:57:34,544: DEBUG: NAS-Port-Type: ['Wireless-802.11']
2013-11-20 10:57:34,544: DEBUG: GoGo-Total-Output-Voice-Octets: [0]
2013-11-20 10:57:34,544: DEBUG: GoGo-Private-IP-Address: ['192.168.1.179']
2013-11-20 10:57:34,544: DEBUG: GoGo-Acct-Input-Voice-Gigawords: [0]
2013-11-20 10:57:34,544: DEBUG: GoGo-Total-Input-Packets: [19604]
2013-11-20 10:57:34,544: DEBUG: GoGo-Total-Input-Gigawords: [0]
2013-11-20 10:57:34,544: DEBUG: GoGo-Acct-Input-Voice-Packets: [0]
2013-11-20 10:57:34,544: DEBUG: GoGo-Total-Input-Octets: [3595053]
2013-11-20 10:57:34,545: DEBUG: GoGo-Total-Output-Packets: [34064]
2013-11-20 10:57:34,545: DEBUG: WISPr-Location-ID: [u'airline=BA01,tail=01009,network=']
2013-11-20 10:57:34,545: DEBUG: GoGo-Acct-Output-Voice-Gigawords: [0]
2013-11-20 10:57:34,545: DEBUG: Acct-Input-Octets: [3595053]
2013-11-20 10:57:34,545: ERROR: Network error, Reason: 'Network error: Too many open files'
2013-11-20 10:57:44,546: DEBUG: 

2013-11-20 10:57:44,547: DEBUG: Creating Accounting Update Request with the following Attributes:
2013-11-20 10:57:44,547: DEBUG: User-Name: [u'username78@airborne.aircell.com']
2013-11-20 10:57:44,547: DEBUG: GoGo-Tail-Number: [u'AAATestNAS_132']
2013-11-20 10:57:44,547: DEBUG: Acct-Output-Octets: [8539320]
2013-11-20 10:57:44,547: DEBUG: NAS-IP-Address: ['10.254.137.1']
2013-11-20 10:57:44,548: DEBUG: GoGo-Total-Output-Gigawords: [0]
2013-11-20 10:57:44,548: DEBUG: Framed-IP-Address: ['10.254.137.47']
2013-11-20 10:57:44,548: DEBUG: GoGo-Total-Input-Voice-Gigawords: [0]
2013-11-20 10:57:44,548: DEBUG: GoGo-Total-Output-Octets: [8539320]
2013-11-20 10:57:44,548: DEBUG: GoGo-Acct-Input-Voice-Octets: [0]
2013-11-20 10:57:44,548: DEBUG: GoGo-Total-Input-Voice-Packets: [0]
2013-11-20 10:57:44,548: DEBUG: Called-Station-Id: [u'00:16:3E:49:48:83']
2013-11-20 10:57:44,548: DEBUG: WISPr-Location-Name: [u'TEST LLC,BA01_01009']
2013-11-20 10:57:44,549: DEBUG: NAS-Identifier: [u'C08386']
2013-11-20 10:57:44,549: DEBUG: Proxy-State: ['3330,3132']
2013-11-20 10:57:44,549: DEBUG: GoGo-Total-Input-Voice-Octets: [0]
2013-11-20 10:57:44,549: DEBUG: Acct-Status-Type: ['Interim-Update']
2013-11-20 10:57:44,549: DEBUG: GoGo-Total-Output-Voice-Gigawords: [0]
2013-11-20 10:57:44,549: DEBUG: GoGo-Airline: [u'BA01']
2013-11-20 10:57:44,549: DEBUG: Acct-Session-Id: [u'AAATestNAS_132-1384925224490-00163E494883-2']
2013-11-20 10:57:44,549: DEBUG: Acct-Session-Time: [10]
2013-11-20 10:57:44,549: DEBUG: Acct-Input-Packets: [28875]
2013-11-20 10:57:44,550: DEBUG: Acct-Output-Packets: [68011]
2013-11-20 10:57:44,550: DEBUG: GoGo-Acct-Output-Voice-Packets: [0]
2013-11-20 10:57:44,550: DEBUG: GoGo-Acct-Output-Voice-Octets: [0]
2013-11-20 10:57:44,550: DEBUG: Acct-Output-Gigawords: [0]
2013-11-20 10:57:44,550: DEBUG: GoGo-Total-Output-Voice-Packets: [0]
2013-11-20 10:57:44,550: DEBUG: Acct-Input-Gigawords: [0]
2013-11-20 10:57:44,550: DEBUG: Calling-Station-Id: [u'18:21:31:41:52:13']
2013-11-20 10:57:44,550: DEBUG: NAS-Port-Type: ['Wireless-802.11']
2013-11-20 10:57:44,550: DEBUG: GoGo-Total-Output-Voice-Octets: [0]
2013-11-20 10:57:44,550: DEBUG: GoGo-Private-IP-Address: ['192.168.1.179']
2013-11-20 10:57:44,551: DEBUG: GoGo-Acct-Input-Voice-Gigawords: [0]
2013-11-20 10:57:44,551: DEBUG: GoGo-Total-Input-Packets: [28875]
2013-11-20 10:57:44,551: DEBUG: GoGo-Total-Input-Gigawords: [0]
2013-11-20 10:57:44,551: DEBUG: GoGo-Acct-Input-Voice-Packets: [0]
2013-11-20 10:57:44,551: DEBUG: GoGo-Total-Input-Octets: [5314427]
2013-11-20 10:57:44,551: DEBUG: GoGo-Total-Output-Packets: [68011]
2013-11-20 10:57:44,551: DEBUG: WISPr-Location-ID: [u'airline=BA01,tail=01009,network=']
2013-11-20 10:57:44,551: DEBUG: GoGo-Acct-Output-Voice-Gigawords: [0]
2013-11-20 10:57:44,551: DEBUG: Acct-Input-Octets: [5314427]
2013-11-20 10:57:44,552: ERROR: Network error, Reason: 'Network error: Too many open files'
2013-11-20 10:57:54,553: DEBUG: 

2013-11-20 10:57:54,554: DEBUG: Creating Accounting Update Request with the following Attributes:
2013-11-20 10:57:54,555: DEBUG: User-Name: [u'username78@airborne.aircell.com']
2013-11-20 10:57:54,556: DEBUG: GoGo-Tail-Number: [u'AAATestNAS_132']
2013-11-20 10:57:54,556: DEBUG: Acct-Output-Octets: [8314226]
2013-11-20 10:57:54,556: DEBUG: NAS-IP-Address: ['10.254.137.1']
2013-11-20 10:57:54,556: DEBUG: GoGo-Total-Output-Gigawords: [0]
2013-11-20 10:57:54,556: DEBUG: Framed-IP-Address: ['10.254.137.47']
2013-11-20 10:57:54,557: DEBUG: GoGo-Total-Input-Voice-Gigawords: [0]
2013-11-20 10:57:54,557: DEBUG: GoGo-Total-Output-Octets: [8314226]
2013-11-20 10:57:54,557: DEBUG: GoGo-Acct-Input-Voice-Octets: [0]
2013-11-20 10:57:54,557: DEBUG: GoGo-Total-Input-Voice-Packets: [0]
2013-11-20 10:57:54,557: DEBUG: Called-Station-Id: [u'00:16:3E:49:48:83']
2013-11-20 10:57:54,557: DEBUG: WISPr-Location-Name: [u'TEST LLC,BA01_01009']
2013-11-20 10:57:54,557: DEBUG: NAS-Identifier: [u'C08386']
2013-11-20 10:57:54,557: DEBUG: Proxy-State: ['3330,3132']
2013-11-20 10:57:54,557: DEBUG: GoGo-Total-Input-Voice-Octets: [0]
2013-11-20 10:57:54,558: DEBUG: Acct-Status-Type: ['Interim-Update']
2013-11-20 10:57:54,558: DEBUG: GoGo-Total-Output-Voice-Gigawords: [0]
2013-11-20 10:57:54,558: DEBUG: GoGo-Airline: [u'BA01']
2013-11-20 10:57:54,558: DEBUG: Acct-Session-Id: [u'AAATestNAS_132-1384925224490-00163E494883-2']
2013-11-20 10:57:54,558: DEBUG: Acct-Session-Time: [10]
2013-11-20 10:57:54,558: DEBUG: Acct-Input-Packets: [7574]
2013-11-20 10:57:54,558: DEBUG: Acct-Output-Packets: [47931]
2013-11-20 10:57:54,558: DEBUG: GoGo-Acct-Output-Voice-Packets: [0]
2013-11-20 10:57:54,558: DEBUG: GoGo-Acct-Output-Voice-Octets: [0]
2013-11-20 10:57:54,559: DEBUG: Acct-Output-Gigawords: [0]
2013-11-20 10:57:54,559: DEBUG: GoGo-Total-Output-Voice-Packets: [0]
2013-11-20 10:57:54,559: DEBUG: Acct-Input-Gigawords: [0]
2013-11-20 10:57:54,559: DEBUG: Calling-Station-Id: [u'18:21:31:41:52:13']
2013-11-20 10:57:54,559: DEBUG: NAS-Port-Type: ['Wireless-802.11']
2013-11-20 10:57:54,559: DEBUG: GoGo-Total-Output-Voice-Octets: [0]
2013-11-20 10:57:54,559: DEBUG: GoGo-Private-IP-Address: ['192.168.1.179']
2013-11-20 10:57:54,559: DEBUG: GoGo-Acct-Input-Voice-Gigawords: [0]
2013-11-20 10:57:54,559: DEBUG: GoGo-Total-Input-Packets: [7574]
2013-11-20 10:57:54,560: DEBUG: GoGo-Total-Input-Gigawords: [0]
2013-11-20 10:57:54,560: DEBUG: GoGo-Acct-Input-Voice-Packets: [0]
2013-11-20 10:57:54,560: DEBUG: GoGo-Total-Input-Octets: [3472936]
2013-11-20 10:57:54,560: DEBUG: GoGo-Total-Output-Packets: [47931]
2013-11-20 10:57:54,560: DEBUG: WISPr-Location-ID: [u'airline=BA01,tail=01009,network=']
2013-11-20 10:57:54,560: DEBUG: GoGo-Acct-Output-Voice-Gigawords: [0]
2013-11-20 10:57:54,560: DEBUG: Acct-Input-Octets: [3472936]
2013-11-20 10:57:54,561: ERROR: Network error, Reason: 'Network error: nodename nor servname provided, or not known'
2013-11-20 10:58:04,562: DEBUG: 

2013-11-20 10:58:04,563: DEBUG: Creating Accounting Update Request with the following Attributes:
2013-11-20 10:58:04,563: DEBUG: User-Name: [u'username78@airborne.aircell.com']
2013-11-20 10:58:04,563: DEBUG: GoGo-Tail-Number: [u'AAATestNAS_132']
2013-11-20 10:58:04,564: DEBUG: Acct-Output-Octets: [2605137]
2013-11-20 10:58:04,564: DEBUG: NAS-IP-Address: ['10.254.137.1']
2013-11-20 10:58:04,565: DEBUG: GoGo-Total-Output-Gigawords: [0]
2013-11-20 10:58:04,565: DEBUG: Framed-IP-Address: ['10.254.137.47']
2013-11-20 10:58:04,566: DEBUG: GoGo-Total-Input-Voice-Gigawords: [0]
2013-11-20 10:58:04,566: DEBUG: GoGo-Total-Output-Octets: [2605137]
2013-11-20 10:58:04,566: DEBUG: GoGo-Acct-Input-Voice-Octets: [0]
2013-11-20 10:58:04,567: DEBUG: GoGo-Total-Input-Voice-Packets: [0]
2013-11-20 10:58:04,567: DEBUG: Called-Station-Id: [u'00:16:3E:49:48:83']
2013-11-20 10:58:04,567: DEBUG: WISPr-Location-Name: [u'TEST LLC,BA01_01009']
2013-11-20 10:58:04,568: DEBUG: NAS-Identifier: [u'C08386']
2013-11-20 10:58:04,568: DEBUG: Proxy-State: ['3330,3132']
2013-11-20 10:58:04,569: DEBUG: GoGo-Total-Input-Voice-Octets: [0]
2013-11-20 10:58:04,569: DEBUG: Acct-Status-Type: ['Interim-Update']
2013-11-20 10:58:04,569: DEBUG: GoGo-Total-Output-Voice-Gigawords: [0]
2013-11-20 10:58:04,570: DEBUG: GoGo-Airline: [u'BA01']
2013-11-20 10:58:04,570: DEBUG: Acct-Session-Id: [u'AAATestNAS_132-1384925224490-00163E494883-2']
2013-11-20 10:58:04,571: DEBUG: Acct-Session-Time: [10]
2013-11-20 10:58:04,571: DEBUG: Acct-Input-Packets: [39356]
2013-11-20 10:58:04,571: DEBUG: Acct-Output-Packets: [16887]
2013-11-20 10:58:04,571: DEBUG: GoGo-Acct-Output-Voice-Packets: [0]
2013-11-20 10:58:04,571: DEBUG: GoGo-Acct-Output-Voice-Octets: [0]
2013-11-20 10:58:04,571: DEBUG: Acct-Output-Gigawords: [0]
2013-11-20 10:58:04,572: DEBUG: GoGo-Total-Output-Voice-Packets: [0]
2013-11-20 10:58:04,572: DEBUG: Acct-Input-Gigawords: [0]
2013-11-20 10:58:04,572: DEBUG: Calling-Station-Id: [u'18:21:31:41:52:13']
2013-11-20 10:58:04,572: DEBUG: NAS-Port-Type: ['Wireless-802.11']
2013-11-20 10:58:04,572: DEBUG: GoGo-Total-Output-Voice-Octets: [0]
2013-11-20 10:58:04,572: DEBUG: GoGo-Private-IP-Address: ['192.168.1.179']
2013-11-20 10:58:04,572: DEBUG: GoGo-Acct-Input-Voice-Gigawords: [0]
2013-11-20 10:58:04,572: DEBUG: GoGo-Total-Input-Packets: [39356]
2013-11-20 10:58:04,572: DEBUG: GoGo-Total-Input-Gigawords: [0]
2013-11-20 10:58:04,573: DEBUG: GoGo-Acct-Input-Voice-Packets: [0]
2013-11-20 10:58:04,573: DEBUG: GoGo-Total-Input-Octets: [7621677]
2013-11-20 10:58:04,573: DEBUG: GoGo-Total-Output-Packets: [16887]
2013-11-20 10:58:04,573: DEBUG: WISPr-Location-ID: [u'airline=BA01,tail=01009,network=']
2013-11-20 10:58:04,573: DEBUG: GoGo-Acct-Output-Voice-Gigawords: [0]
2013-11-20 10:58:04,573: DEBUG: Acct-Input-Octets: [7621677]
2013-11-20 10:58:04,573: ERROR: Network error, Reason: 'Network error: nodename nor servname provided, or not known'
2013-11-20 10:58:14,574: DEBUG: 

2013-11-20 10:58:14,575: DEBUG: Creating Accounting Update Request with the following Attributes:
2013-11-20 10:58:14,575: DEBUG: User-Name: [u'username78@airborne.aircell.com']
2013-11-20 10:58:14,576: DEBUG: GoGo-Tail-Number: [u'AAATestNAS_132']
2013-11-20 10:58:14,576: DEBUG: Acct-Output-Octets: [7954625]
2013-11-20 10:58:14,577: DEBUG: NAS-IP-Address: ['10.254.137.1']
2013-11-20 10:58:14,577: DEBUG: GoGo-Total-Output-Gigawords: [0]
2013-11-20 10:58:14,578: DEBUG: Framed-IP-Address: ['10.254.137.47']
2013-11-20 10:58:14,578: DEBUG: GoGo-Total-Input-Voice-Gigawords: [0]
2013-11-20 10:58:14,578: DEBUG: GoGo-Total-Output-Octets: [7954625]
2013-11-20 10:58:14,579: DEBUG: GoGo-Acct-Input-Voice-Octets: [0]
2013-11-20 10:58:14,579: DEBUG: GoGo-Total-Input-Voice-Packets: [0]
2013-11-20 10:58:14,579: DEBUG: Called-Station-Id: [u'00:16:3E:49:48:83']
2013-11-20 10:58:14,579: DEBUG: WISPr-Location-Name: [u'TEST LLC,BA01_01009']
2013-11-20 10:58:14,580: DEBUG: NAS-Identifier: [u'C08386']
2013-11-20 10:58:14,580: DEBUG: Proxy-State: ['3330,3132']
2013-11-20 10:58:14,581: DEBUG: GoGo-Total-Input-Voice-Octets: [0]
2013-11-20 10:58:14,581: DEBUG: Acct-Status-Type: ['Interim-Update']
2013-11-20 10:58:14,581: DEBUG: GoGo-Total-Output-Voice-Gigawords: [0]
2013-11-20 10:58:14,581: DEBUG: GoGo-Airline: [u'BA01']
2013-11-20 10:58:14,582: DEBUG: Acct-Session-Id: [u'AAATestNAS_132-1384925224490-00163E494883-2']
2013-11-20 10:58:14,582: DEBUG: Acct-Session-Time: [10]
2013-11-20 10:58:14,582: DEBUG: Acct-Input-Packets: [26745]
2013-11-20 10:58:14,582: DEBUG: Acct-Output-Packets: [21566]
2013-11-20 10:58:14,583: DEBUG: GoGo-Acct-Output-Voice-Packets: [0]
2013-11-20 10:58:14,583: DEBUG: GoGo-Acct-Output-Voice-Octets: [0]
2013-11-20 10:58:14,584: DEBUG: Acct-Output-Gigawords: [0]
2013-11-20 10:58:14,584: DEBUG: GoGo-Total-Output-Voice-Packets: [0]
2013-11-20 10:58:14,584: DEBUG: Acct-Input-Gigawords: [0]
2013-11-20 10:58:14,584: DEBUG: Calling-Station-Id: [u'18:21:31:41:52:13']
2013-11-20 10:58:14,585: DEBUG: NAS-Port-Type: ['Wireless-802.11']
2013-11-20 10:58:14,585: DEBUG: GoGo-Total-Output-Voice-Octets: [0]
2013-11-20 10:58:14,585: DEBUG: GoGo-Private-IP-Address: ['192.168.1.179']
2013-11-20 10:58:14,586: DEBUG: GoGo-Acct-Input-Voice-Gigawords: [0]
2013-11-20 10:58:14,586: DEBUG: GoGo-Total-Input-Packets: [26745]
2013-11-20 10:58:14,586: DEBUG: GoGo-Total-Input-Gigawords: [0]
2013-11-20 10:58:14,587: DEBUG: GoGo-Acct-Input-Voice-Packets: [0]
2013-11-20 10:58:14,587: DEBUG: GoGo-Total-Input-Octets: [3088287]
2013-11-20 10:58:14,587: DEBUG: GoGo-Total-Output-Packets: [21566]
2013-11-20 10:58:14,587: DEBUG: WISPr-Location-ID: [u'airline=BA01,tail=01009,network=']
2013-11-20 10:58:14,587: DEBUG: GoGo-Acct-Output-Voice-Gigawords: [0]
2013-11-20 10:58:14,587: DEBUG: Acct-Input-Octets: [3088287]
2013-11-20 10:58:14,588: ERROR: Network error, Reason: 'Network error: nodename nor servname provided, or not known'
2013-11-20 10:58:24,588: DEBUG: 

2013-11-20 10:58:24,589: DEBUG: Creating Accounting Update Request with the following Attributes:
2013-11-20 10:58:24,590: DEBUG: User-Name: [u'username78@airborne.aircell.com']
2013-11-20 10:58:24,591: DEBUG: GoGo-Tail-Number: [u'AAATestNAS_132']
2013-11-20 10:58:24,591: DEBUG: Acct-Output-Octets: [7103884]
2013-11-20 10:58:24,591: DEBUG: NAS-IP-Address: ['10.254.137.1']
2013-11-20 10:58:24,592: DEBUG: GoGo-Total-Output-Gigawords: [0]
2013-11-20 10:58:24,592: DEBUG: Framed-IP-Address: ['10.254.137.47']
2013-11-20 10:58:24,592: DEBUG: GoGo-Total-Input-Voice-Gigawords: [0]
2013-11-20 10:58:24,593: DEBUG: GoGo-Total-Output-Octets: [7103884]
2013-11-20 10:58:24,593: DEBUG: GoGo-Acct-Input-Voice-Octets: [0]
2013-11-20 10:58:24,594: DEBUG: GoGo-Total-Input-Voice-Packets: [0]
2013-11-20 10:58:24,594: DEBUG: Called-Station-Id: [u'00:16:3E:49:48:83']
2013-11-20 10:58:24,594: DEBUG: WISPr-Location-Name: [u'TEST LLC,BA01_01009']
2013-11-20 10:58:24,595: DEBUG: NAS-Identifier: [u'C08386']
2013-11-20 10:58:24,595: DEBUG: Proxy-State: ['3330,3132']
2013-11-20 10:58:24,595: DEBUG: GoGo-Total-Input-Voice-Octets: [0]
2013-11-20 10:58:24,595: DEBUG: Acct-Status-Type: ['Interim-Update']
2013-11-20 10:58:24,596: DEBUG: GoGo-Total-Output-Voice-Gigawords: [0]
2013-11-20 10:58:24,596: DEBUG: GoGo-Airline: [u'BA01']
2013-11-20 10:58:24,596: DEBUG: Acct-Session-Id: [u'AAATestNAS_132-1384925224490-00163E494883-2']
2013-11-20 10:58:24,597: DEBUG: Acct-Session-Time: [10]
2013-11-20 10:58:24,597: DEBUG: Acct-Input-Packets: [41078]
2013-11-20 10:58:24,597: DEBUG: Acct-Output-Packets: [58890]
2013-11-20 10:58:24,598: DEBUG: GoGo-Acct-Output-Voice-Packets: [0]
2013-11-20 10:58:24,598: DEBUG: GoGo-Acct-Output-Voice-Octets: [0]
2013-11-20 10:58:24,598: DEBUG: Acct-Output-Gigawords: [0]
2013-11-20 10:58:24,598: DEBUG: GoGo-Total-Output-Voice-Packets: [0]
2013-11-20 10:58:24,599: DEBUG: Acct-Input-Gigawords: [0]
2013-11-20 10:58:24,599: DEBUG: Calling-Station-Id: [u'18:21:31:41:52:13']
2013-11-20 10:58:24,599: DEBUG: NAS-Port-Type: ['Wireless-802.11']
2013-11-20 10:58:24,599: DEBUG: GoGo-Total-Output-Voice-Octets: [0]
2013-11-20 10:58:24,600: DEBUG: GoGo-Private-IP-Address: ['192.168.1.179']
2013-11-20 10:58:24,600: DEBUG: GoGo-Acct-Input-Voice-Gigawords: [0]
2013-11-20 10:58:24,600: DEBUG: GoGo-Total-Input-Packets: [41078]
2013-11-20 10:58:24,601: DEBUG: GoGo-Total-Input-Gigawords: [0]
2013-11-20 10:58:24,601: DEBUG: GoGo-Acct-Input-Voice-Packets: [0]
2013-11-20 10:58:24,601: DEBUG: GoGo-Total-Input-Octets: [5988083]
2013-11-20 10:58:24,601: DEBUG: GoGo-Total-Output-Packets: [58890]
2013-11-20 10:58:24,602: DEBUG: WISPr-Location-ID: [u'airline=BA01,tail=01009,network=']
2013-11-20 10:58:24,602: DEBUG: GoGo-Acct-Output-Voice-Gigawords: [0]
2013-11-20 10:58:24,602: DEBUG: Acct-Input-Octets: [5988083]
2013-11-20 10:58:24,603: ERROR: Network error, Reason: 'Network error: nodename nor servname provided, or not known'
2013-11-20 10:58:34,604: DEBUG: 

2013-11-20 10:58:34,605: DEBUG: Creating Accounting Update Request with the following Attributes:
2013-11-20 10:58:34,606: DEBUG: User-Name: [u'username78@airborne.aircell.com']
2013-11-20 10:58:34,607: DEBUG: GoGo-Tail-Number: [u'AAATestNAS_132']
2013-11-20 10:58:34,607: DEBUG: Acct-Output-Octets: [4911859]
2013-11-20 10:58:34,608: DEBUG: NAS-IP-Address: ['10.254.137.1']
2013-11-20 10:58:34,608: DEBUG: GoGo-Total-Output-Gigawords: [0]
2013-11-20 10:58:34,608: DEBUG: Framed-IP-Address: ['10.254.137.47']
2013-11-20 10:58:34,609: DEBUG: GoGo-Total-Input-Voice-Gigawords: [0]
2013-11-20 10:58:34,609: DEBUG: GoGo-Total-Output-Octets: [4911859]
2013-11-20 10:58:34,609: DEBUG: GoGo-Acct-Input-Voice-Octets: [0]
2013-11-20 10:58:34,609: DEBUG: GoGo-Total-Input-Voice-Packets: [0]
2013-11-20 10:58:34,610: DEBUG: Called-Station-Id: [u'00:16:3E:49:48:83']
2013-11-20 10:58:34,610: DEBUG: WISPr-Location-Name: [u'TEST LLC,BA01_01009']
2013-11-20 10:58:34,610: DEBUG: NAS-Identifier: [u'C08386']
2013-11-20 10:58:34,610: DEBUG: Proxy-State: ['3330,3132']
2013-11-20 10:58:34,611: DEBUG: GoGo-Total-Input-Voice-Octets: [0]
2013-11-20 10:58:34,611: DEBUG: Acct-Status-Type: ['Interim-Update']
2013-11-20 10:58:34,611: DEBUG: GoGo-Total-Output-Voice-Gigawords: [0]
2013-11-20 10:58:34,611: DEBUG: GoGo-Airline: [u'BA01']
2013-11-20 10:58:34,612: DEBUG: Acct-Session-Id: [u'AAATestNAS_132-1384925224490-00163E494883-2']
2013-11-20 10:58:34,612: DEBUG: Acct-Session-Time: [10]
2013-11-20 10:58:34,612: DEBUG: Acct-Input-Packets: [68472]
2013-11-20 10:58:34,613: DEBUG: Acct-Output-Packets: [32669]
2013-11-20 10:58:34,613: DEBUG: GoGo-Acct-Output-Voice-Packets: [0]
2013-11-20 10:58:34,613: DEBUG: GoGo-Acct-Output-Voice-Octets: [0]
2013-11-20 10:58:34,613: DEBUG: Acct-Output-Gigawords: [0]
2013-11-20 10:58:34,614: DEBUG: GoGo-Total-Output-Voice-Packets: [0]
2013-11-20 10:58:34,614: DEBUG: Acct-Input-Gigawords: [0]
2013-11-20 10:58:34,614: DEBUG: Calling-Station-Id: [u'18:21:31:41:52:13']
2013-11-20 10:58:34,614: DEBUG: NAS-Port-Type: ['Wireless-802.11']
2013-11-20 10:58:34,615: DEBUG: GoGo-Total-Output-Voice-Octets: [0]
2013-11-20 10:58:34,615: DEBUG: GoGo-Private-IP-Address: ['192.168.1.179']
2013-11-20 10:58:34,615: DEBUG: GoGo-Acct-Input-Voice-Gigawords: [0]
2013-11-20 10:58:34,616: DEBUG: GoGo-Total-Input-Packets: [68472]
2013-11-20 10:58:34,616: DEBUG: GoGo-Total-Input-Gigawords: [0]
2013-11-20 10:58:34,616: DEBUG: GoGo-Acct-Input-Voice-Packets: [0]
2013-11-20 10:58:34,616: DEBUG: GoGo-Total-Input-Octets: [7973459]
2013-11-20 10:58:34,617: DEBUG: GoGo-Total-Output-Packets: [32669]
2013-11-20 10:58:34,617: DEBUG: WISPr-Location-ID: [u'airline=BA01,tail=01009,network=']
2013-11-20 10:58:34,617: DEBUG: GoGo-Acct-Output-Voice-Gigawords: [0]
2013-11-20 10:58:34,618: DEBUG: Acct-Input-Octets: [7973459]
2013-11-20 10:58:34,618: ERROR: Network error, Reason: 'Network error: nodename nor servname provided, or not known'
2013-11-20 10:58:48,620: DEBUG: 

2013-11-20 10:58:48,620: DEBUG: Creating Accounting Stop Request with the following Attributes:
2013-11-20 10:58:48,620: DEBUG: User-Name: [u'username78@airborne.aircell.com']
2013-11-20 10:58:48,621: DEBUG: GoGo-Tail-Number: [u'01009']
2013-11-20 10:58:48,621: DEBUG: Acct-Output-Octets: [6504069]
2013-11-20 10:58:48,621: DEBUG: NAS-IP-Address: ['10.254.137.1']
2013-11-20 10:58:48,621: DEBUG: GoGo-Total-Output-Gigawords: [0]
2013-11-20 10:58:48,621: DEBUG: Framed-IP-Address: ['10.254.137.47']
2013-11-20 10:58:48,621: DEBUG: GoGo-Total-Input-Voice-Gigawords: [0]
2013-11-20 10:58:48,621: DEBUG: GoGo-Total-Output-Octets: [6504069]
2013-11-20 10:58:48,621: DEBUG: GoGo-Acct-Input-Voice-Octets: [0]
2013-11-20 10:58:48,622: DEBUG: GoGo-Total-Input-Voice-Packets: [0]
2013-11-20 10:58:48,622: DEBUG: Called-Station-Id: [u'00:16:3E:49:48:83']
2013-11-20 10:58:48,622: DEBUG: WISPr-Location-Name: [u'TEST LLC,BA01_01009']
2013-11-20 10:58:48,622: DEBUG: NAS-Identifier: [u'C08386']
2013-11-20 10:58:48,622: DEBUG: Proxy-State: ['3330,3132']
2013-11-20 10:58:48,622: DEBUG: GoGo-Total-Input-Voice-Octets: [0]
2013-11-20 10:58:48,622: DEBUG: Acct-Status-Type: ['Stop']
2013-11-20 10:58:48,622: DEBUG: GoGo-Total-Output-Voice-Gigawords: [0]
2013-11-20 10:58:48,622: DEBUG: GoGo-Airline: [u'BA01']
2013-11-20 10:58:48,622: DEBUG: Acct-Session-Id: [u'AAATestNAS_132-1384925224490-00163E494883-2']
2013-11-20 10:58:48,623: DEBUG: Acct-Session-Time: [14]
2013-11-20 10:58:48,623: DEBUG: Acct-Input-Packets: [10806]
2013-11-20 10:58:48,623: DEBUG: Acct-Output-Packets: [16237]
2013-11-20 10:58:48,623: DEBUG: Acct-Terminate-Cause: ['User-Request']
2013-11-20 10:58:48,623: DEBUG: GoGo-Acct-Output-Voice-Octets: [0]
2013-11-20 10:58:48,623: DEBUG: Acct-Output-Gigawords: [0]
2013-11-20 10:58:48,623: DEBUG: GoGo-Total-Output-Voice-Packets: [0]
2013-11-20 10:58:48,623: DEBUG: Acct-Input-Gigawords: [0]
2013-11-20 10:58:48,623: DEBUG: Calling-Station-Id: [u'18:21:31:41:52:13']
2013-11-20 10:58:48,624: DEBUG: NAS-Port-Type: ['Wireless-802.11']
2013-11-20 10:58:48,624: DEBUG: GoGo-Total-Output-Voice-Octets: [0]
2013-11-20 10:58:48,624: DEBUG: GoGo-Private-IP-Address: ['192.168.1.179']
2013-11-20 10:58:48,624: DEBUG: GoGo-Acct-Input-Voice-Gigawords: [0]
2013-11-20 10:58:48,624: DEBUG: GoGo-Total-Input-Packets: [10806]
2013-11-20 10:58:48,624: DEBUG: GoGo-Total-Input-Gigawords: [0]
2013-11-20 10:58:48,624: DEBUG: GoGo-Acct-Input-Voice-Packets: [0]
2013-11-20 10:58:48,624: DEBUG: GoGo-Total-Input-Octets: [8876365]
2013-11-20 10:58:48,624: DEBUG: GoGo-Total-Output-Packets: [16237]
2013-11-20 10:58:48,624: DEBUG: WISPr-Location-ID: [u'airline=BA01,tail=01009,network=']
2013-11-20 10:58:48,625: DEBUG: GoGo-Acct-Output-Voice-Packets: [0]
2013-11-20 10:58:48,625: DEBUG: GoGo-Acct-Output-Voice-Gigawords: [0]
2013-11-20 10:58:48,625: DEBUG: Acct-Input-Octets: [8876365]
2013-11-20 10:58:48,627: DEBUG: 

2013-11-20 10:58:48,627: DEBUG: Received response with following attributes:
2013-11-20 10:58:48,627: DEBUG: Ending the test for this user
2013-11-20 10:58:49,633: DEBUG: Starting the client for the user username78@airborne.aircell.com to the server localhost

2013-11-20 10:58:49,695: DEBUG: DURATION of the TEST: 61
2013-11-20 10:58:49,695: DEBUG: NAS-IP: 10.254.4.1
2013-11-20 10:58:49,695: DEBUG: NAS-MAC-ADDR: 14:22:33:44:55:66
2013-11-20 10:58:49,695: DEBUG: Abruptly End: True
2013-11-20 10:58:49,695: DEBUG: Framed-IP: 10.254.4.66
2013-11-20 10:58:49,695: DEBUG: User-MAC-Addr: 00:16:3E:47:59:0B
2013-11-20 10:58:49,696: DEBUG: 

2013-11-20 10:58:49,697: DEBUG: Creating Authentication Request with the following Attributes:
2013-11-20 10:58:49,697: DEBUG: NAS-Identifier: [u'C08386']
2013-11-20 10:58:49,697: DEBUG: User-Name: [u'username78@airborne.aircell.com']
2013-11-20 10:58:49,697: DEBUG: NAS-IP-Address: ['10.254.4.1']
2013-11-20 10:58:49,697: DEBUG: Service-Type: ['Authenticate-Only']
2013-11-20 10:58:49,697: DEBUG: Proxy-State: ['3237,3134']
2013-11-20 10:58:49,698: DEBUG: Framed-IP-Address: ['10.254.4.66']
2013-11-20 10:58:49,698: DEBUG: GoGo-Airline: [u'BA01']
2013-11-20 10:58:49,698: DEBUG: Acct-Session-Id: [u'AAATest_10_253_253_4-1384925329696-00163E47590B-3']
2013-11-20 10:58:49,698: DEBUG: GoGo-Tail-Number: [u'AAATest_10_253_253_4']
2013-11-20 10:58:49,698: DEBUG: GoGo-Private-IP-Address: ['192.168.1.179']
2013-11-20 10:58:49,698: DEBUG: WISPr-Location-ID: [u'airline=BA01,tail=01009,network=']
2013-11-20 10:58:49,698: DEBUG: WISPr-Location-Name: [u'TEST LLC,BA01_01009']
2013-11-20 10:58:49,699: DEBUG: NAS-Port-Type: ['Wireless-802.11']
2013-11-20 10:58:49,699: DEBUG: Called-Station-Id: [u'00:16:3E:47:59:0B']
2013-11-20 10:58:49,699: DEBUG: Calling-Station-Id: [u'14:22:33:44:55:66']
2013-11-20 10:58:49,699: ERROR: Network error, Reason: 'Network error: Too many open files'
2013-11-20 10:58:49,699: DEBUG: Ending the test for this user
