2013-11-20 10:57:01,493: DEBUG: Starting the client for the user username19@airborne.aircell.com to the server localhost

2013-11-20 10:57:01,494: DEBUG: DURATION of the TEST: 38
2013-11-20 10:57:01,495: DEBUG: NAS-IP: 10.254.211.1
2013-11-20 10:57:01,496: DEBUG: NAS-MAC-ADDR: 18:21:31:41:52:87
2013-11-20 10:57:01,496: DEBUG: Abruptly End: False
2013-11-20 10:57:01,497: DEBUG: Framed-IP: 10.254.211.82
2013-11-20 10:57:01,497: DEBUG: User-MAC-Addr: 00:16:3E:29:9A:D3
2013-11-20 10:57:01,498: DEBUG: 

2013-11-20 10:57:01,500: DEBUG: Creating Authentication Request with the following Attributes:
2013-11-20 10:57:01,500: DEBUG: NAS-Identifier: [u'C08386']
2013-11-20 10:57:01,501: DEBUG: User-Name: [u'username19@airborne.aircell.com']
2013-11-20 10:57:01,501: DEBUG: NAS-IP-Address: ['10.254.211.1']
2013-11-20 10:57:01,501: DEBUG: Service-Type: ['Authenticate-Only']
2013-11-20 10:57:01,502: DEBUG: Proxy-State: ['3237,3134']
2013-11-20 10:57:01,503: DEBUG: Framed-IP-Address: ['10.254.211.82']
2013-11-20 10:57:01,504: DEBUG: GoGo-Airline: [u'BA01']
2013-11-20 10:57:01,504: DEBUG: Acct-Session-Id: [u'AAATestNAS_206-1384925221500-00163E299AD3-1']
2013-11-20 10:57:01,505: DEBUG: GoGo-Tail-Number: [u'AAATestNAS_206']
2013-11-20 10:57:01,506: DEBUG: GoGo-Private-IP-Address: ['192.168.1.179']
2013-11-20 10:57:01,507: DEBUG: WISPr-Location-ID: [u'airline=BA01,tail=01009,network=']
2013-11-20 10:57:01,509: DEBUG: WISPr-Location-Name: [u'TEST LLC,BA01_01009']
2013-11-20 10:57:01,509: DEBUG: NAS-Port-Type: ['Wireless-802.11']
2013-11-20 10:57:01,510: DEBUG: Called-Station-Id: [u'00:16:3E:29:9A:D3']
2013-11-20 10:57:01,515: DEBUG: Calling-Station-Id: [u'18:21:31:41:52:87']
2013-11-20 10:57:01,518: DEBUG: 

2013-11-20 10:57:01,519: DEBUG: Received response with code: 2, Accepted
2013-11-20 10:57:01,520: DEBUG: Creating Authentication Request with the following Attributes:
2013-11-20 10:57:01,522: DEBUG: NAS-Identifier: [u'C08386']
2013-11-20 10:57:01,522: DEBUG: User-Name: [u'username19@airborne.aircell.com']
2013-11-20 10:57:01,524: DEBUG: NAS-IP-Address: ['10.254.211.1']
2013-11-20 10:57:01,524: DEBUG: Service-Type: ['Login-User']
2013-11-20 10:57:01,526: DEBUG: Proxy-State: ['3237,3134']
2013-11-20 10:57:01,527: DEBUG: Framed-IP-Address: ['10.254.211.82']
2013-11-20 10:57:01,531: DEBUG: GoGo-Airline: [u'BA01']
2013-11-20 10:57:01,533: DEBUG: Acct-Session-Id: [u'AAATestNAS_206-1384925221520-00163E299AD3-1']
2013-11-20 10:57:01,537: DEBUG: GoGo-Tail-Number: [u'AAATestNAS_206']
2013-11-20 10:57:01,538: DEBUG: GoGo-Private-IP-Address: ['192.168.1.179']
2013-11-20 10:57:01,540: DEBUG: WISPr-Location-ID: [u'airline=BA01,tail=01009,network=']
2013-11-20 10:57:01,541: DEBUG: WISPr-Location-Name: [u'TEST LLC,BA01_01009']
2013-11-20 10:57:01,542: DEBUG: NAS-Port-Type: ['Wireless-802.11']
2013-11-20 10:57:01,543: DEBUG: Called-Station-Id: [u'00:16:3E:29:9A:D3']
2013-11-20 10:57:01,545: DEBUG: Calling-Station-Id: [u'18:21:31:41:52:87']
2013-11-20 10:57:01,549: DEBUG: 

2013-11-20 10:57:01,550: DEBUG: Received response with code: 2, Accepted
2013-11-20 10:57:01,551: DEBUG: 

2013-11-20 10:57:01,552: DEBUG: Creating Accounting start Request with the following Attributes:
2013-11-20 10:57:01,553: DEBUG: NAS-Identifier: [u'C08386']
2013-11-20 10:57:01,554: DEBUG: User-Name: [u'username19@airborne.aircell.com']
2013-11-20 10:57:01,555: DEBUG: GoGo-Tail-Number: [u'AAATestNAS_206']
2013-11-20 10:57:01,556: DEBUG: NAS-IP-Address: ['10.254.211.1']
2013-11-20 10:57:01,558: DEBUG: Proxy-State: ['3239,3131']
2013-11-20 10:57:01,559: DEBUG: Acct-Status-Type: ['Start']
2013-11-20 10:57:01,559: DEBUG: GoGo-Airline: [u'BA01']
2013-11-20 10:57:01,560: DEBUG: Acct-Session-Id: [u'AAATestNAS_206-1384925221520-00163E299AD3-1']
2013-11-20 10:57:01,561: DEBUG: GoGo-Private-IP-Address: ['192.168.1.179']
2013-11-20 10:57:01,562: DEBUG: Framed-IP-Address: ['10.254.211.82']
2013-11-20 10:57:01,563: DEBUG: WISPr-Location-ID: [u'airline=BA01,tail=01009,network=']
2013-11-20 10:57:01,563: DEBUG: WISPr-Location-Name: [u'TEST LLC,BA01_01009']
2013-11-20 10:57:01,564: DEBUG: NAS-Port-Type: ['Wireless-802.11']
2013-11-20 10:57:01,565: DEBUG: Called-Station-Id: [u'00:16:3E:29:9A:D3']
2013-11-20 10:57:01,565: DEBUG: Calling-Station-Id: [u'18:21:31:41:52:87']
2013-11-20 10:57:01,567: DEBUG: 

2013-11-20 10:57:01,567: DEBUG: Received response with following attributes:
2013-11-20 10:57:11,569: DEBUG: 

2013-11-20 10:57:11,570: DEBUG: Creating Accounting Update Request with the following Attributes:
2013-11-20 10:57:11,571: DEBUG: User-Name: [u'username19@airborne.aircell.com']
2013-11-20 10:57:11,572: DEBUG: GoGo-Tail-Number: [u'AAATestNAS_206']
2013-11-20 10:57:11,572: DEBUG: Acct-Output-Octets: [5494441]
2013-11-20 10:57:11,574: DEBUG: NAS-IP-Address: ['10.254.211.1']
2013-11-20 10:57:11,575: DEBUG: GoGo-Total-Output-Gigawords: [0]
2013-11-20 10:57:11,576: DEBUG: Framed-IP-Address: ['10.254.211.82']
2013-11-20 10:57:11,578: DEBUG: GoGo-Total-Input-Voice-Gigawords: [0]
2013-11-20 10:57:11,580: DEBUG: GoGo-Total-Output-Octets: [5494441]
2013-11-20 10:57:11,582: DEBUG: GoGo-Acct-Input-Voice-Octets: [0]
2013-11-20 10:57:11,582: DEBUG: GoGo-Total-Input-Voice-Packets: [0]
2013-11-20 10:57:11,584: DEBUG: Called-Station-Id: [u'00:16:3E:29:9A:D3']
2013-11-20 10:57:11,586: DEBUG: WISPr-Location-Name: [u'TEST LLC,BA01_01009']
2013-11-20 10:57:11,586: DEBUG: NAS-Identifier: [u'C08386']
2013-11-20 10:57:11,588: DEBUG: Proxy-State: ['3330,3132']
2013-11-20 10:57:11,589: DEBUG: GoGo-Total-Input-Voice-Octets: [0]
2013-11-20 10:57:11,590: DEBUG: Acct-Status-Type: ['Interim-Update']
2013-11-20 10:57:11,590: DEBUG: GoGo-Total-Output-Voice-Gigawords: [0]
2013-11-20 10:57:11,591: DEBUG: GoGo-Airline: [u'BA01']
2013-11-20 10:57:11,592: DEBUG: Acct-Session-Id: [u'AAATestNAS_206-1384925221520-00163E299AD3-1']
2013-11-20 10:57:11,594: DEBUG: Acct-Session-Time: [10]
2013-11-20 10:57:11,594: DEBUG: Acct-Input-Packets: [37685]
2013-11-20 10:57:11,595: DEBUG: Acct-Output-Packets: [47655]
2013-11-20 10:57:11,596: DEBUG: GoGo-Acct-Output-Voice-Packets: [0]
2013-11-20 10:57:11,598: DEBUG: GoGo-Acct-Output-Voice-Octets: [0]
2013-11-20 10:57:11,598: DEBUG: Acct-Output-Gigawords: [0]
2013-11-20 10:57:11,599: DEBUG: GoGo-Total-Output-Voice-Packets: [0]
2013-11-20 10:57:11,600: DEBUG: Acct-Input-Gigawords: [0]
2013-11-20 10:57:11,600: DEBUG: Calling-Station-Id: [u'18:21:31:41:52:87']
2013-11-20 10:57:11,601: DEBUG: NAS-Port-Type: ['Wireless-802.11']
2013-11-20 10:57:11,602: DEBUG: GoGo-Total-Output-Voice-Octets: [0]
2013-11-20 10:57:11,603: DEBUG: GoGo-Private-IP-Address: ['192.168.1.179']
2013-11-20 10:57:11,603: DEBUG: GoGo-Acct-Input-Voice-Gigawords: [0]
2013-11-20 10:57:11,604: DEBUG: GoGo-Total-Input-Packets: [37685]
2013-11-20 10:57:11,605: DEBUG: GoGo-Total-Input-Gigawords: [0]
2013-11-20 10:57:11,605: DEBUG: GoGo-Acct-Input-Voice-Packets: [0]
2013-11-20 10:57:11,606: DEBUG: GoGo-Total-Input-Octets: [3807748]
2013-11-20 10:57:11,607: DEBUG: GoGo-Total-Output-Packets: [47655]
2013-11-20 10:57:11,608: DEBUG: WISPr-Location-ID: [u'airline=BA01,tail=01009,network=']
2013-11-20 10:57:11,609: DEBUG: GoGo-Acct-Output-Voice-Gigawords: [0]
2013-11-20 10:57:11,610: DEBUG: Acct-Input-Octets: [3807748]
2013-11-20 10:57:11,612: DEBUG: 

2013-11-20 10:57:11,613: DEBUG: Received response with following attributes:
2013-11-20 10:57:21,615: DEBUG: 

2013-11-20 10:57:21,616: DEBUG: Creating Accounting Update Request with the following Attributes:
2013-11-20 10:57:21,617: DEBUG: User-Name: [u'username19@airborne.aircell.com']
2013-11-20 10:57:21,617: DEBUG: GoGo-Tail-Number: [u'AAATestNAS_206']
2013-11-20 10:57:21,617: DEBUG: Acct-Output-Octets: [6476767]
2013-11-20 10:57:21,618: DEBUG: NAS-IP-Address: ['10.254.211.1']
2013-11-20 10:57:21,619: DEBUG: GoGo-Total-Output-Gigawords: [0]
2013-11-20 10:57:21,620: DEBUG: Framed-IP-Address: ['10.254.211.82']
2013-11-20 10:57:21,621: DEBUG: GoGo-Total-Input-Voice-Gigawords: [0]
2013-11-20 10:57:21,624: DEBUG: GoGo-Total-Output-Octets: [6476767]
2013-11-20 10:57:21,624: DEBUG: GoGo-Acct-Input-Voice-Octets: [0]
2013-11-20 10:57:21,625: DEBUG: GoGo-Total-Input-Voice-Packets: [0]
2013-11-20 10:57:21,625: DEBUG: Called-Station-Id: [u'00:16:3E:29:9A:D3']
2013-11-20 10:57:21,626: DEBUG: WISPr-Location-Name: [u'TEST LLC,BA01_01009']
2013-11-20 10:57:21,627: DEBUG: NAS-Identifier: [u'C08386']
2013-11-20 10:57:21,628: DEBUG: Proxy-State: ['3330,3132']
2013-11-20 10:57:21,630: DEBUG: GoGo-Total-Input-Voice-Octets: [0]
2013-11-20 10:57:21,631: DEBUG: Acct-Status-Type: ['Interim-Update']
2013-11-20 10:57:21,631: DEBUG: GoGo-Total-Output-Voice-Gigawords: [0]
2013-11-20 10:57:21,632: DEBUG: GoGo-Airline: [u'BA01']
2013-11-20 10:57:21,634: DEBUG: Acct-Session-Id: [u'AAATestNAS_206-1384925221520-00163E299AD3-1']
2013-11-20 10:57:21,635: DEBUG: Acct-Session-Time: [10]
2013-11-20 10:57:21,635: DEBUG: Acct-Input-Packets: [18749]
2013-11-20 10:57:21,636: DEBUG: Acct-Output-Packets: [8273]
2013-11-20 10:57:21,638: DEBUG: GoGo-Acct-Output-Voice-Packets: [0]
2013-11-20 10:57:21,639: DEBUG: GoGo-Acct-Output-Voice-Octets: [0]
2013-11-20 10:57:21,639: DEBUG: Acct-Output-Gigawords: [0]
2013-11-20 10:57:21,640: DEBUG: GoGo-Total-Output-Voice-Packets: [0]
2013-11-20 10:57:21,642: DEBUG: Acct-Input-Gigawords: [0]
2013-11-20 10:57:21,643: DEBUG: Calling-Station-Id: [u'18:21:31:41:52:87']
2013-11-20 10:57:21,643: DEBUG: NAS-Port-Type: ['Wireless-802.11']
2013-11-20 10:57:21,644: DEBUG: GoGo-Total-Output-Voice-Octets: [0]
2013-11-20 10:57:21,644: DEBUG: GoGo-Private-IP-Address: ['192.168.1.179']
2013-11-20 10:57:21,647: DEBUG: GoGo-Acct-Input-Voice-Gigawords: [0]
2013-11-20 10:57:21,647: DEBUG: GoGo-Total-Input-Packets: [18749]
2013-11-20 10:57:21,649: DEBUG: GoGo-Total-Input-Gigawords: [0]
2013-11-20 10:57:21,649: DEBUG: GoGo-Acct-Input-Voice-Packets: [0]
2013-11-20 10:57:21,651: DEBUG: GoGo-Total-Input-Octets: [9667348]
2013-11-20 10:57:21,652: DEBUG: GoGo-Total-Output-Packets: [8273]
2013-11-20 10:57:21,652: DEBUG: WISPr-Location-ID: [u'airline=BA01,tail=01009,network=']
2013-11-20 10:57:21,653: DEBUG: GoGo-Acct-Output-Voice-Gigawords: [0]
2013-11-20 10:57:21,654: DEBUG: Acct-Input-Octets: [9667348]
2013-11-20 10:57:21,656: DEBUG: 

2013-11-20 10:57:21,656: DEBUG: Received response with following attributes:
2013-11-20 10:57:31,657: DEBUG: 

2013-11-20 10:57:31,659: DEBUG: Creating Accounting Update Request with the following Attributes:
2013-11-20 10:57:31,661: DEBUG: User-Name: [u'username19@airborne.aircell.com']
2013-11-20 10:57:31,662: DEBUG: GoGo-Tail-Number: [u'AAATestNAS_206']
2013-11-20 10:57:31,663: DEBUG: Acct-Output-Octets: [9847102]
2013-11-20 10:57:31,663: DEBUG: NAS-IP-Address: ['10.254.211.1']
2013-11-20 10:57:31,663: DEBUG: GoGo-Total-Output-Gigawords: [0]
2013-11-20 10:57:31,664: DEBUG: Framed-IP-Address: ['10.254.211.82']
2013-11-20 10:57:31,664: DEBUG: GoGo-Total-Input-Voice-Gigawords: [0]
2013-11-20 10:57:31,664: DEBUG: GoGo-Total-Output-Octets: [9847102]
2013-11-20 10:57:31,665: DEBUG: GoGo-Acct-Input-Voice-Octets: [0]
2013-11-20 10:57:31,666: DEBUG: GoGo-Total-Input-Voice-Packets: [0]
2013-11-20 10:57:31,667: DEBUG: Called-Station-Id: [u'00:16:3E:29:9A:D3']
2013-11-20 10:57:31,667: DEBUG: WISPr-Location-Name: [u'TEST LLC,BA01_01009']
2013-11-20 10:57:31,668: DEBUG: NAS-Identifier: [u'C08386']
2013-11-20 10:57:31,668: DEBUG: Proxy-State: ['3330,3132']
2013-11-20 10:57:31,670: DEBUG: GoGo-Total-Input-Voice-Octets: [0]
2013-11-20 10:57:31,670: DEBUG: Acct-Status-Type: ['Interim-Update']
2013-11-20 10:57:31,670: DEBUG: GoGo-Total-Output-Voice-Gigawords: [0]
2013-11-20 10:57:31,671: DEBUG: GoGo-Airline: [u'BA01']
2013-11-20 10:57:31,672: DEBUG: Acct-Session-Id: [u'AAATestNAS_206-1384925221520-00163E299AD3-1']
2013-11-20 10:57:31,673: DEBUG: Acct-Session-Time: [10]
2013-11-20 10:57:31,674: DEBUG: Acct-Input-Packets: [15836]
2013-11-20 10:57:31,675: DEBUG: Acct-Output-Packets: [31398]
2013-11-20 10:57:31,676: DEBUG: GoGo-Acct-Output-Voice-Packets: [0]
2013-11-20 10:57:31,677: DEBUG: GoGo-Acct-Output-Voice-Octets: [0]
2013-11-20 10:57:31,677: DEBUG: Acct-Output-Gigawords: [0]
2013-11-20 10:57:31,678: DEBUG: GoGo-Total-Output-Voice-Packets: [0]
2013-11-20 10:57:31,678: DEBUG: Acct-Input-Gigawords: [0]
2013-11-20 10:57:31,679: DEBUG: Calling-Station-Id: [u'18:21:31:41:52:87']
2013-11-20 10:57:31,680: DEBUG: NAS-Port-Type: ['Wireless-802.11']
2013-11-20 10:57:31,681: DEBUG: GoGo-Total-Output-Voice-Octets: [0]
2013-11-20 10:57:31,682: DEBUG: GoGo-Private-IP-Address: ['192.168.1.179']
2013-11-20 10:57:31,682: DEBUG: GoGo-Acct-Input-Voice-Gigawords: [0]
2013-11-20 10:57:31,683: DEBUG: GoGo-Total-Input-Packets: [15836]
2013-11-20 10:57:31,683: DEBUG: GoGo-Total-Input-Gigawords: [0]
2013-11-20 10:57:31,684: DEBUG: GoGo-Acct-Input-Voice-Packets: [0]
2013-11-20 10:57:31,685: DEBUG: GoGo-Total-Input-Octets: [3847507]
2013-11-20 10:57:31,686: DEBUG: GoGo-Total-Output-Packets: [31398]
2013-11-20 10:57:31,687: DEBUG: WISPr-Location-ID: [u'airline=BA01,tail=01009,network=']
2013-11-20 10:57:31,687: DEBUG: GoGo-Acct-Output-Voice-Gigawords: [0]
2013-11-20 10:57:31,687: DEBUG: Acct-Input-Octets: [3847507]
2013-11-20 10:57:31,689: ERROR: Network error, Reason: 'Network error: Too many open files'
2013-11-20 10:57:39,690: DEBUG: 

2013-11-20 10:57:39,690: DEBUG: Creating Accounting Update Request with the following Attributes:
2013-11-20 10:57:39,691: DEBUG: User-Name: [u'username19@airborne.aircell.com']
2013-11-20 10:57:39,692: DEBUG: GoGo-Tail-Number: [u'AAATestNAS_206']
2013-11-20 10:57:39,692: DEBUG: Acct-Output-Octets: [6565392]
2013-11-20 10:57:39,693: DEBUG: NAS-IP-Address: ['10.254.211.1']
2013-11-20 10:57:39,693: DEBUG: GoGo-Total-Output-Gigawords: [0]
2013-11-20 10:57:39,694: DEBUG: Framed-IP-Address: ['10.254.211.82']
2013-11-20 10:57:39,694: DEBUG: GoGo-Total-Input-Voice-Gigawords: [0]
2013-11-20 10:57:39,695: DEBUG: GoGo-Total-Output-Octets: [6565392]
2013-11-20 10:57:39,696: DEBUG: GoGo-Acct-Input-Voice-Octets: [0]
2013-11-20 10:57:39,696: DEBUG: GoGo-Total-Input-Voice-Packets: [0]
2013-11-20 10:57:39,696: DEBUG: Called-Station-Id: [u'00:16:3E:29:9A:D3']
2013-11-20 10:57:39,697: DEBUG: WISPr-Location-Name: [u'TEST LLC,BA01_01009']
2013-11-20 10:57:39,697: DEBUG: NAS-Identifier: [u'C08386']
2013-11-20 10:57:39,698: DEBUG: Proxy-State: ['3330,3132']
2013-11-20 10:57:39,698: DEBUG: GoGo-Total-Input-Voice-Octets: [0]
2013-11-20 10:57:39,699: DEBUG: Acct-Status-Type: ['Interim-Update']
2013-11-20 10:57:39,699: DEBUG: GoGo-Total-Output-Voice-Gigawords: [0]
2013-11-20 10:57:39,699: DEBUG: GoGo-Airline: [u'BA01']
2013-11-20 10:57:39,700: DEBUG: Acct-Session-Id: [u'AAATestNAS_206-1384925221520-00163E299AD3-1']
2013-11-20 10:57:39,700: DEBUG: Acct-Session-Time: [8]
2013-11-20 10:57:39,700: DEBUG: Acct-Input-Packets: [51647]
2013-11-20 10:57:39,701: DEBUG: Acct-Output-Packets: [7862]
2013-11-20 10:57:39,701: DEBUG: GoGo-Acct-Output-Voice-Packets: [0]
2013-11-20 10:57:39,702: DEBUG: GoGo-Acct-Output-Voice-Octets: [0]
2013-11-20 10:57:39,702: DEBUG: Acct-Output-Gigawords: [0]
2013-11-20 10:57:39,703: DEBUG: GoGo-Total-Output-Voice-Packets: [0]
2013-11-20 10:57:39,703: DEBUG: Acct-Input-Gigawords: [0]
2013-11-20 10:57:39,704: DEBUG: Calling-Station-Id: [u'18:21:31:41:52:87']
2013-11-20 10:57:39,704: DEBUG: NAS-Port-Type: ['Wireless-802.11']
2013-11-20 10:57:39,704: DEBUG: GoGo-Total-Output-Voice-Octets: [0]
2013-11-20 10:57:39,704: DEBUG: GoGo-Private-IP-Address: ['192.168.1.179']
2013-11-20 10:57:39,705: DEBUG: GoGo-Acct-Input-Voice-Gigawords: [0]
2013-11-20 10:57:39,705: DEBUG: GoGo-Total-Input-Packets: [51647]
2013-11-20 10:57:39,705: DEBUG: GoGo-Total-Input-Gigawords: [0]
2013-11-20 10:57:39,706: DEBUG: GoGo-Acct-Input-Voice-Packets: [0]
2013-11-20 10:57:39,706: DEBUG: GoGo-Total-Input-Octets: [7784701]
2013-11-20 10:57:39,706: DEBUG: GoGo-Total-Output-Packets: [7862]
2013-11-20 10:57:39,707: DEBUG: WISPr-Location-ID: [u'airline=BA01,tail=01009,network=']
2013-11-20 10:57:39,707: DEBUG: GoGo-Acct-Output-Voice-Gigawords: [0]
2013-11-20 10:57:39,707: DEBUG: Acct-Input-Octets: [7784701]
2013-11-20 10:57:39,708: ERROR: Network error, Reason: 'Network error: Too many open files'
2013-11-20 10:57:50,708: DEBUG: 

2013-11-20 10:57:50,709: DEBUG: Creating Accounting Stop Request with the following Attributes:
2013-11-20 10:57:50,709: DEBUG: User-Name: [u'username19@airborne.aircell.com']
2013-11-20 10:57:50,709: DEBUG: GoGo-Tail-Number: [u'01009']
2013-11-20 10:57:50,709: DEBUG: Acct-Output-Octets: [2648102]
2013-11-20 10:57:50,709: DEBUG: NAS-IP-Address: ['10.254.211.1']
2013-11-20 10:57:50,709: DEBUG: GoGo-Total-Output-Gigawords: [0]
2013-11-20 10:57:50,710: DEBUG: Framed-IP-Address: ['10.254.211.82']
2013-11-20 10:57:50,710: DEBUG: GoGo-Total-Input-Voice-Gigawords: [0]
2013-11-20 10:57:50,710: DEBUG: GoGo-Total-Output-Octets: [2648102]
2013-11-20 10:57:50,710: DEBUG: GoGo-Acct-Input-Voice-Octets: [0]
2013-11-20 10:57:50,710: DEBUG: GoGo-Total-Input-Voice-Packets: [0]
2013-11-20 10:57:50,710: DEBUG: Called-Station-Id: [u'00:16:3E:29:9A:D3']
2013-11-20 10:57:50,710: DEBUG: WISPr-Location-Name: [u'TEST LLC,BA01_01009']
2013-11-20 10:57:50,710: DEBUG: NAS-Identifier: [u'C08386']
2013-11-20 10:57:50,710: DEBUG: Proxy-State: ['3330,3132']
2013-11-20 10:57:50,711: DEBUG: GoGo-Total-Input-Voice-Octets: [0]
2013-11-20 10:57:50,711: DEBUG: Acct-Status-Type: ['Stop']
2013-11-20 10:57:50,711: DEBUG: GoGo-Total-Output-Voice-Gigawords: [0]
2013-11-20 10:57:50,711: DEBUG: GoGo-Airline: [u'BA01']
2013-11-20 10:57:50,711: DEBUG: Acct-Session-Id: [u'AAATestNAS_206-1384925221520-00163E299AD3-1']
2013-11-20 10:57:50,711: DEBUG: Acct-Session-Time: [11]
2013-11-20 10:57:50,711: DEBUG: Acct-Input-Packets: [10072]
2013-11-20 10:57:50,711: DEBUG: Acct-Output-Packets: [7475]
2013-11-20 10:57:50,711: DEBUG: Acct-Terminate-Cause: ['User-Request']
2013-11-20 10:57:50,711: DEBUG: GoGo-Acct-Output-Voice-Octets: [0]
2013-11-20 10:57:50,712: DEBUG: Acct-Output-Gigawords: [0]
2013-11-20 10:57:50,712: DEBUG: GoGo-Total-Output-Voice-Packets: [0]
2013-11-20 10:57:50,712: DEBUG: Acct-Input-Gigawords: [0]
2013-11-20 10:57:50,712: DEBUG: Calling-Station-Id: [u'18:21:31:41:52:87']
2013-11-20 10:57:50,712: DEBUG: NAS-Port-Type: ['Wireless-802.11']
2013-11-20 10:57:50,712: DEBUG: GoGo-Total-Output-Voice-Octets: [0]
2013-11-20 10:57:50,712: DEBUG: GoGo-Private-IP-Address: ['192.168.1.179']
2013-11-20 10:57:50,712: DEBUG: GoGo-Acct-Input-Voice-Gigawords: [0]
2013-11-20 10:57:50,712: DEBUG: GoGo-Total-Input-Packets: [10072]
2013-11-20 10:57:50,712: DEBUG: GoGo-Total-Input-Gigawords: [0]
2013-11-20 10:57:50,713: DEBUG: GoGo-Acct-Input-Voice-Packets: [0]
2013-11-20 10:57:50,713: DEBUG: GoGo-Total-Input-Octets: [3606992]
2013-11-20 10:57:50,713: DEBUG: GoGo-Total-Output-Packets: [7475]
2013-11-20 10:57:50,713: DEBUG: WISPr-Location-ID: [u'airline=BA01,tail=01009,network=']
2013-11-20 10:57:50,713: DEBUG: GoGo-Acct-Output-Voice-Packets: [0]
2013-11-20 10:57:50,713: DEBUG: GoGo-Acct-Output-Voice-Gigawords: [0]
2013-11-20 10:57:50,713: DEBUG: Acct-Input-Octets: [3606992]
2013-11-20 10:57:50,715: DEBUG: 

2013-11-20 10:57:50,716: DEBUG: Received response with following attributes:
2013-11-20 10:57:50,716: DEBUG: Ending the test for this user
