2013-11-20 10:55:41,644: DEBUG: Starting the client for the user username80@airborne.aircell.com to the server localhost

2013-11-20 10:55:41,644: DEBUG: DURATION of the TEST: 79
2013-11-20 10:55:41,644: DEBUG: NAS-IP: 10.254.222.1
2013-11-20 10:55:41,644: DEBUG: NAS-MAC-ADDR: 18:21:31:41:52:98
2013-11-20 10:55:41,644: DEBUG: Abruptly End: False
2013-11-20 10:55:41,645: DEBUG: Framed-IP: 10.254.222.32
2013-11-20 10:55:41,645: DEBUG: User-MAC-Addr: 00:16:3E:6B:57:B4
2013-11-20 10:55:41,645: DEBUG: 

2013-11-20 10:55:41,645: DEBUG: Creating Authentication Request with the following Attributes:
2013-11-20 10:55:41,645: DEBUG: NAS-Identifier: [u'C08386']
2013-11-20 10:55:41,645: DEBUG: User-Name: [u'username80@airborne.aircell.com']
2013-11-20 10:55:41,645: DEBUG: NAS-IP-Address: ['10.254.222.1']
2013-11-20 10:55:41,645: DEBUG: Service-Type: ['Authenticate-Only']
2013-11-20 10:55:41,646: DEBUG: Proxy-State: ['3237,3134']
2013-11-20 10:55:41,646: DEBUG: Framed-IP-Address: ['10.254.222.32']
2013-11-20 10:55:41,646: DEBUG: GoGo-Airline: [u'BA01']
2013-11-20 10:55:41,646: DEBUG: Acct-Session-Id: [u'AAATestNAS_217-1384925141645-00163E6B57B4-1']
2013-11-20 10:55:41,646: DEBUG: GoGo-Tail-Number: [u'AAATestNAS_217']
2013-11-20 10:55:41,646: DEBUG: GoGo-Private-IP-Address: ['192.168.1.179']
2013-11-20 10:55:41,646: DEBUG: WISPr-Location-ID: [u'airline=BA01,tail=01009,network=']
2013-11-20 10:55:41,646: DEBUG: WISPr-Location-Name: [u'TEST LLC,BA01_01009']
2013-11-20 10:55:41,646: DEBUG: NAS-Port-Type: ['Wireless-802.11']
2013-11-20 10:55:41,646: DEBUG: Called-Station-Id: [u'00:16:3E:6B:57:B4']
2013-11-20 10:55:41,646: DEBUG: Calling-Station-Id: [u'18:21:31:41:52:98']
2013-11-20 10:55:41,647: DEBUG: 

2013-11-20 10:55:41,647: DEBUG: Received response with code: 2, Accepted
2013-11-20 10:55:41,648: DEBUG: Creating Authentication Request with the following Attributes:
2013-11-20 10:55:41,648: DEBUG: NAS-Identifier: [u'C08386']
2013-11-20 10:55:41,648: DEBUG: User-Name: [u'username80@airborne.aircell.com']
2013-11-20 10:55:41,648: DEBUG: NAS-IP-Address: ['10.254.222.1']
2013-11-20 10:55:41,648: DEBUG: Service-Type: ['Login-User']
2013-11-20 10:55:41,648: DEBUG: Proxy-State: ['3237,3134']
2013-11-20 10:55:41,648: DEBUG: Framed-IP-Address: ['10.254.222.32']
2013-11-20 10:55:41,648: DEBUG: GoGo-Airline: [u'BA01']
2013-11-20 10:55:41,648: DEBUG: Acct-Session-Id: [u'AAATestNAS_217-1384925141648-00163E6B57B4-1']
2013-11-20 10:55:41,649: DEBUG: GoGo-Tail-Number: [u'AAATestNAS_217']
2013-11-20 10:55:41,649: DEBUG: GoGo-Private-IP-Address: ['192.168.1.179']
2013-11-20 10:55:41,649: DEBUG: WISPr-Location-ID: [u'airline=BA01,tail=01009,network=']
2013-11-20 10:55:41,649: DEBUG: WISPr-Location-Name: [u'TEST LLC,BA01_01009']
2013-11-20 10:55:41,649: DEBUG: NAS-Port-Type: ['Wireless-802.11']
2013-11-20 10:55:41,649: DEBUG: Called-Station-Id: [u'00:16:3E:6B:57:B4']
2013-11-20 10:55:41,649: DEBUG: Calling-Station-Id: [u'18:21:31:41:52:98']
2013-11-20 10:55:41,650: DEBUG: 

2013-11-20 10:55:41,650: DEBUG: Received response with code: 2, Accepted
2013-11-20 10:55:41,650: DEBUG: 

2013-11-20 10:55:41,650: DEBUG: Creating Accounting start Request with the following Attributes:
2013-11-20 10:55:41,650: DEBUG: NAS-Identifier: [u'C08386']
2013-11-20 10:55:41,650: DEBUG: User-Name: [u'username80@airborne.aircell.com']
2013-11-20 10:55:41,651: DEBUG: GoGo-Tail-Number: [u'AAATestNAS_217']
2013-11-20 10:55:41,651: DEBUG: NAS-IP-Address: ['10.254.222.1']
2013-11-20 10:55:41,651: DEBUG: Proxy-State: ['3239,3131']
2013-11-20 10:55:41,651: DEBUG: Acct-Status-Type: ['Start']
2013-11-20 10:55:41,651: DEBUG: GoGo-Airline: [u'BA01']
2013-11-20 10:55:41,651: DEBUG: Acct-Session-Id: [u'AAATestNAS_217-1384925141648-00163E6B57B4-1']
2013-11-20 10:55:41,651: DEBUG: GoGo-Private-IP-Address: ['192.168.1.179']
2013-11-20 10:55:41,651: DEBUG: Framed-IP-Address: ['10.254.222.32']
2013-11-20 10:55:41,651: DEBUG: WISPr-Location-ID: [u'airline=BA01,tail=01009,network=']
2013-11-20 10:55:41,651: DEBUG: WISPr-Location-Name: [u'TEST LLC,BA01_01009']
2013-11-20 10:55:41,651: DEBUG: NAS-Port-Type: ['Wireless-802.11']
2013-11-20 10:55:41,651: DEBUG: Called-Station-Id: [u'00:16:3E:6B:57:B4']
2013-11-20 10:55:41,651: DEBUG: Calling-Station-Id: [u'18:21:31:41:52:98']
2013-11-20 10:55:41,652: DEBUG: 

2013-11-20 10:55:41,652: DEBUG: Received response with following attributes:
2013-11-20 10:55:51,653: DEBUG: 

2013-11-20 10:55:51,654: DEBUG: Creating Accounting Update Request with the following Attributes:
2013-11-20 10:55:51,654: DEBUG: User-Name: [u'username80@airborne.aircell.com']
2013-11-20 10:55:51,654: DEBUG: GoGo-Tail-Number: [u'AAATestNAS_217']
2013-11-20 10:55:51,654: DEBUG: Acct-Output-Octets: [6907090]
2013-11-20 10:55:51,654: DEBUG: NAS-IP-Address: ['10.254.222.1']
2013-11-20 10:55:51,654: DEBUG: GoGo-Total-Output-Gigawords: [0]
2013-11-20 10:55:51,654: DEBUG: Framed-IP-Address: ['10.254.222.32']
2013-11-20 10:55:51,654: DEBUG: GoGo-Total-Input-Voice-Gigawords: [0]
2013-11-20 10:55:51,654: DEBUG: GoGo-Total-Output-Octets: [6907090]
2013-11-20 10:55:51,655: DEBUG: GoGo-Acct-Input-Voice-Octets: [0]
2013-11-20 10:55:51,655: DEBUG: GoGo-Total-Input-Voice-Packets: [0]
2013-11-20 10:55:51,655: DEBUG: Called-Station-Id: [u'00:16:3E:6B:57:B4']
2013-11-20 10:55:51,655: DEBUG: WISPr-Location-Name: [u'TEST LLC,BA01_01009']
2013-11-20 10:55:51,655: DEBUG: NAS-Identifier: [u'C08386']
2013-11-20 10:55:51,655: DEBUG: Proxy-State: ['3330,3132']
2013-11-20 10:55:51,655: DEBUG: GoGo-Total-Input-Voice-Octets: [0]
2013-11-20 10:55:51,655: DEBUG: Acct-Status-Type: ['Interim-Update']
2013-11-20 10:55:51,655: DEBUG: GoGo-Total-Output-Voice-Gigawords: [0]
2013-11-20 10:55:51,655: DEBUG: GoGo-Airline: [u'BA01']
2013-11-20 10:55:51,655: DEBUG: Acct-Session-Id: [u'AAATestNAS_217-1384925141648-00163E6B57B4-1']
2013-11-20 10:55:51,655: DEBUG: Acct-Session-Time: [10]
2013-11-20 10:55:51,655: DEBUG: Acct-Input-Packets: [71224]
2013-11-20 10:55:51,656: DEBUG: Acct-Output-Packets: [24104]
2013-11-20 10:55:51,656: DEBUG: GoGo-Acct-Output-Voice-Packets: [0]
2013-11-20 10:55:51,656: DEBUG: GoGo-Acct-Output-Voice-Octets: [0]
2013-11-20 10:55:51,656: DEBUG: Acct-Output-Gigawords: [0]
2013-11-20 10:55:51,656: DEBUG: GoGo-Total-Output-Voice-Packets: [0]
2013-11-20 10:55:51,656: DEBUG: Acct-Input-Gigawords: [0]
2013-11-20 10:55:51,656: DEBUG: Calling-Station-Id: [u'18:21:31:41:52:98']
2013-11-20 10:55:51,656: DEBUG: NAS-Port-Type: ['Wireless-802.11']
2013-11-20 10:55:51,656: DEBUG: GoGo-Total-Output-Voice-Octets: [0]
2013-11-20 10:55:51,656: DEBUG: GoGo-Private-IP-Address: ['192.168.1.179']
2013-11-20 10:55:51,656: DEBUG: GoGo-Acct-Input-Voice-Gigawords: [0]
2013-11-20 10:55:51,656: DEBUG: GoGo-Total-Input-Packets: [71224]
2013-11-20 10:55:51,656: DEBUG: GoGo-Total-Input-Gigawords: [0]
2013-11-20 10:55:51,656: DEBUG: GoGo-Acct-Input-Voice-Packets: [0]
2013-11-20 10:55:51,657: DEBUG: GoGo-Total-Input-Octets: [8221534]
2013-11-20 10:55:51,657: DEBUG: GoGo-Total-Output-Packets: [24104]
2013-11-20 10:55:51,657: DEBUG: WISPr-Location-ID: [u'airline=BA01,tail=01009,network=']
2013-11-20 10:55:51,657: DEBUG: GoGo-Acct-Output-Voice-Gigawords: [0]
2013-11-20 10:55:51,657: DEBUG: Acct-Input-Octets: [8221534]
2013-11-20 10:55:51,658: DEBUG: 

2013-11-20 10:55:51,658: DEBUG: Received response with following attributes:
2013-11-20 10:56:01,659: DEBUG: 

2013-11-20 10:56:01,659: DEBUG: Creating Accounting Update Request with the following Attributes:
2013-11-20 10:56:01,659: DEBUG: User-Name: [u'username80@airborne.aircell.com']
2013-11-20 10:56:01,659: DEBUG: GoGo-Tail-Number: [u'AAATestNAS_217']
2013-11-20 10:56:01,659: DEBUG: Acct-Output-Octets: [3592876]
2013-11-20 10:56:01,660: DEBUG: NAS-IP-Address: ['10.254.222.1']
2013-11-20 10:56:01,660: DEBUG: GoGo-Total-Output-Gigawords: [0]
2013-11-20 10:56:01,660: DEBUG: Framed-IP-Address: ['10.254.222.32']
2013-11-20 10:56:01,660: DEBUG: GoGo-Total-Input-Voice-Gigawords: [0]
2013-11-20 10:56:01,660: DEBUG: GoGo-Total-Output-Octets: [3592876]
2013-11-20 10:56:01,660: DEBUG: GoGo-Acct-Input-Voice-Octets: [0]
2013-11-20 10:56:01,660: DEBUG: GoGo-Total-Input-Voice-Packets: [0]
2013-11-20 10:56:01,660: DEBUG: Called-Station-Id: [u'00:16:3E:6B:57:B4']
2013-11-20 10:56:01,660: DEBUG: WISPr-Location-Name: [u'TEST LLC,BA01_01009']
2013-11-20 10:56:01,660: DEBUG: NAS-Identifier: [u'C08386']
2013-11-20 10:56:01,660: DEBUG: Proxy-State: ['3330,3132']
2013-11-20 10:56:01,660: DEBUG: GoGo-Total-Input-Voice-Octets: [0]
2013-11-20 10:56:01,660: DEBUG: Acct-Status-Type: ['Interim-Update']
2013-11-20 10:56:01,660: DEBUG: GoGo-Total-Output-Voice-Gigawords: [0]
2013-11-20 10:56:01,661: DEBUG: GoGo-Airline: [u'BA01']
2013-11-20 10:56:01,661: DEBUG: Acct-Session-Id: [u'AAATestNAS_217-1384925141648-00163E6B57B4-1']
2013-11-20 10:56:01,661: DEBUG: Acct-Session-Time: [10]
2013-11-20 10:56:01,661: DEBUG: Acct-Input-Packets: [11730]
2013-11-20 10:56:01,661: DEBUG: Acct-Output-Packets: [16131]
2013-11-20 10:56:01,661: DEBUG: GoGo-Acct-Output-Voice-Packets: [0]
2013-11-20 10:56:01,661: DEBUG: GoGo-Acct-Output-Voice-Octets: [0]
2013-11-20 10:56:01,661: DEBUG: Acct-Output-Gigawords: [0]
2013-11-20 10:56:01,661: DEBUG: GoGo-Total-Output-Voice-Packets: [0]
2013-11-20 10:56:01,661: DEBUG: Acct-Input-Gigawords: [0]
2013-11-20 10:56:01,661: DEBUG: Calling-Station-Id: [u'18:21:31:41:52:98']
2013-11-20 10:56:01,661: DEBUG: NAS-Port-Type: ['Wireless-802.11']
2013-11-20 10:56:01,661: DEBUG: GoGo-Total-Output-Voice-Octets: [0]
2013-11-20 10:56:01,661: DEBUG: GoGo-Private-IP-Address: ['192.168.1.179']
2013-11-20 10:56:01,662: DEBUG: GoGo-Acct-Input-Voice-Gigawords: [0]
2013-11-20 10:56:01,662: DEBUG: GoGo-Total-Input-Packets: [11730]
2013-11-20 10:56:01,662: DEBUG: GoGo-Total-Input-Gigawords: [0]
2013-11-20 10:56:01,662: DEBUG: GoGo-Acct-Input-Voice-Packets: [0]
2013-11-20 10:56:01,662: DEBUG: GoGo-Total-Input-Octets: [6490974]
2013-11-20 10:56:01,662: DEBUG: GoGo-Total-Output-Packets: [16131]
2013-11-20 10:56:01,662: DEBUG: WISPr-Location-ID: [u'airline=BA01,tail=01009,network=']
2013-11-20 10:56:01,662: DEBUG: GoGo-Acct-Output-Voice-Gigawords: [0]
2013-11-20 10:56:01,662: DEBUG: Acct-Input-Octets: [6490974]
2013-11-20 10:56:01,664: DEBUG: 

2013-11-20 10:56:01,664: DEBUG: Received response with following attributes:
2013-11-20 10:56:11,665: DEBUG: 

2013-11-20 10:56:11,665: DEBUG: Creating Accounting Update Request with the following Attributes:
2013-11-20 10:56:11,665: DEBUG: User-Name: [u'username80@airborne.aircell.com']
2013-11-20 10:56:11,666: DEBUG: GoGo-Tail-Number: [u'AAATestNAS_217']
2013-11-20 10:56:11,666: DEBUG: Acct-Output-Octets: [2602006]
2013-11-20 10:56:11,666: DEBUG: NAS-IP-Address: ['10.254.222.1']
2013-11-20 10:56:11,666: DEBUG: GoGo-Total-Output-Gigawords: [0]
2013-11-20 10:56:11,666: DEBUG: Framed-IP-Address: ['10.254.222.32']
2013-11-20 10:56:11,666: DEBUG: GoGo-Total-Input-Voice-Gigawords: [0]
2013-11-20 10:56:11,666: DEBUG: GoGo-Total-Output-Octets: [2602006]
2013-11-20 10:56:11,666: DEBUG: GoGo-Acct-Input-Voice-Octets: [0]
2013-11-20 10:56:11,666: DEBUG: GoGo-Total-Input-Voice-Packets: [0]
2013-11-20 10:56:11,666: DEBUG: Called-Station-Id: [u'00:16:3E:6B:57:B4']
2013-11-20 10:56:11,666: DEBUG: WISPr-Location-Name: [u'TEST LLC,BA01_01009']
2013-11-20 10:56:11,666: DEBUG: NAS-Identifier: [u'C08386']
2013-11-20 10:56:11,666: DEBUG: Proxy-State: ['3330,3132']
2013-11-20 10:56:11,666: DEBUG: GoGo-Total-Input-Voice-Octets: [0]
2013-11-20 10:56:11,667: DEBUG: Acct-Status-Type: ['Interim-Update']
2013-11-20 10:56:11,667: DEBUG: GoGo-Total-Output-Voice-Gigawords: [0]
2013-11-20 10:56:11,667: DEBUG: GoGo-Airline: [u'BA01']
2013-11-20 10:56:11,667: DEBUG: Acct-Session-Id: [u'AAATestNAS_217-1384925141648-00163E6B57B4-1']
2013-11-20 10:56:11,667: DEBUG: Acct-Session-Time: [10]
2013-11-20 10:56:11,667: DEBUG: Acct-Input-Packets: [30573]
2013-11-20 10:56:11,667: DEBUG: Acct-Output-Packets: [12231]
2013-11-20 10:56:11,667: DEBUG: GoGo-Acct-Output-Voice-Packets: [0]
2013-11-20 10:56:11,667: DEBUG: GoGo-Acct-Output-Voice-Octets: [0]
2013-11-20 10:56:11,667: DEBUG: Acct-Output-Gigawords: [0]
2013-11-20 10:56:11,667: DEBUG: GoGo-Total-Output-Voice-Packets: [0]
2013-11-20 10:56:11,667: DEBUG: Acct-Input-Gigawords: [0]
2013-11-20 10:56:11,667: DEBUG: Calling-Station-Id: [u'18:21:31:41:52:98']
2013-11-20 10:56:11,667: DEBUG: NAS-Port-Type: ['Wireless-802.11']
2013-11-20 10:56:11,667: DEBUG: GoGo-Total-Output-Voice-Octets: [0]
2013-11-20 10:56:11,668: DEBUG: GoGo-Private-IP-Address: ['192.168.1.179']
2013-11-20 10:56:11,668: DEBUG: GoGo-Acct-Input-Voice-Gigawords: [0]
2013-11-20 10:56:11,668: DEBUG: GoGo-Total-Input-Packets: [30573]
2013-11-20 10:56:11,668: DEBUG: GoGo-Total-Input-Gigawords: [0]
2013-11-20 10:56:11,668: DEBUG: GoGo-Acct-Input-Voice-Packets: [0]
2013-11-20 10:56:11,668: DEBUG: GoGo-Total-Input-Octets: [4062462]
2013-11-20 10:56:11,668: DEBUG: GoGo-Total-Output-Packets: [12231]
2013-11-20 10:56:11,668: DEBUG: WISPr-Location-ID: [u'airline=BA01,tail=01009,network=']
2013-11-20 10:56:11,668: DEBUG: GoGo-Acct-Output-Voice-Gigawords: [0]
2013-11-20 10:56:11,668: DEBUG: Acct-Input-Octets: [4062462]
2013-11-20 10:56:11,670: DEBUG: 

2013-11-20 10:56:11,670: DEBUG: Received response with following attributes:
2013-11-20 10:56:21,671: DEBUG: 

2013-11-20 10:56:21,672: DEBUG: Creating Accounting Update Request with the following Attributes:
2013-11-20 10:56:21,672: DEBUG: User-Name: [u'username80@airborne.aircell.com']
2013-11-20 10:56:21,672: DEBUG: GoGo-Tail-Number: [u'AAATestNAS_217']
2013-11-20 10:56:21,672: DEBUG: Acct-Output-Octets: [6100215]
2013-11-20 10:56:21,672: DEBUG: NAS-IP-Address: ['10.254.222.1']
2013-11-20 10:56:21,672: DEBUG: GoGo-Total-Output-Gigawords: [0]
2013-11-20 10:56:21,672: DEBUG: Framed-IP-Address: ['10.254.222.32']
2013-11-20 10:56:21,672: DEBUG: GoGo-Total-Input-Voice-Gigawords: [0]
2013-11-20 10:56:21,672: DEBUG: GoGo-Total-Output-Octets: [6100215]
2013-11-20 10:56:21,672: DEBUG: GoGo-Acct-Input-Voice-Octets: [0]
2013-11-20 10:56:21,672: DEBUG: GoGo-Total-Input-Voice-Packets: [0]
2013-11-20 10:56:21,673: DEBUG: Called-Station-Id: [u'00:16:3E:6B:57:B4']
2013-11-20 10:56:21,673: DEBUG: WISPr-Location-Name: [u'TEST LLC,BA01_01009']
2013-11-20 10:56:21,673: DEBUG: NAS-Identifier: [u'C08386']
2013-11-20 10:56:21,673: DEBUG: Proxy-State: ['3330,3132']
2013-11-20 10:56:21,673: DEBUG: GoGo-Total-Input-Voice-Octets: [0]
2013-11-20 10:56:21,673: DEBUG: Acct-Status-Type: ['Interim-Update']
2013-11-20 10:56:21,673: DEBUG: GoGo-Total-Output-Voice-Gigawords: [0]
2013-11-20 10:56:21,673: DEBUG: GoGo-Airline: [u'BA01']
2013-11-20 10:56:21,673: DEBUG: Acct-Session-Id: [u'AAATestNAS_217-1384925141648-00163E6B57B4-1']
2013-11-20 10:56:21,673: DEBUG: Acct-Session-Time: [10]
2013-11-20 10:56:21,673: DEBUG: Acct-Input-Packets: [34472]
2013-11-20 10:56:21,673: DEBUG: Acct-Output-Packets: [60281]
2013-11-20 10:56:21,673: DEBUG: GoGo-Acct-Output-Voice-Packets: [0]
2013-11-20 10:56:21,673: DEBUG: GoGo-Acct-Output-Voice-Octets: [0]
2013-11-20 10:56:21,673: DEBUG: Acct-Output-Gigawords: [0]
2013-11-20 10:56:21,674: DEBUG: GoGo-Total-Output-Voice-Packets: [0]
2013-11-20 10:56:21,674: DEBUG: Acct-Input-Gigawords: [0]
2013-11-20 10:56:21,674: DEBUG: Calling-Station-Id: [u'18:21:31:41:52:98']
2013-11-20 10:56:21,674: DEBUG: NAS-Port-Type: ['Wireless-802.11']
2013-11-20 10:56:21,674: DEBUG: GoGo-Total-Output-Voice-Octets: [0]
2013-11-20 10:56:21,674: DEBUG: GoGo-Private-IP-Address: ['192.168.1.179']
2013-11-20 10:56:21,674: DEBUG: GoGo-Acct-Input-Voice-Gigawords: [0]
2013-11-20 10:56:21,674: DEBUG: GoGo-Total-Input-Packets: [34472]
2013-11-20 10:56:21,674: DEBUG: GoGo-Total-Input-Gigawords: [0]
2013-11-20 10:56:21,674: DEBUG: GoGo-Acct-Input-Voice-Packets: [0]
2013-11-20 10:56:21,674: DEBUG: GoGo-Total-Input-Octets: [9587333]
2013-11-20 10:56:21,674: DEBUG: GoGo-Total-Output-Packets: [60281]
2013-11-20 10:56:21,674: DEBUG: WISPr-Location-ID: [u'airline=BA01,tail=01009,network=']
2013-11-20 10:56:21,675: DEBUG: GoGo-Acct-Output-Voice-Gigawords: [0]
2013-11-20 10:56:21,675: DEBUG: Acct-Input-Octets: [9587333]
2013-11-20 10:56:21,676: DEBUG: 

2013-11-20 10:56:21,676: DEBUG: Received response with following attributes:
2013-11-20 10:56:31,677: DEBUG: 

2013-11-20 10:56:31,678: DEBUG: Creating Accounting Update Request with the following Attributes:
2013-11-20 10:56:31,678: DEBUG: User-Name: [u'username80@airborne.aircell.com']
2013-11-20 10:56:31,678: DEBUG: GoGo-Tail-Number: [u'AAATestNAS_217']
2013-11-20 10:56:31,678: DEBUG: Acct-Output-Octets: [9491371]
2013-11-20 10:56:31,678: DEBUG: NAS-IP-Address: ['10.254.222.1']
2013-11-20 10:56:31,678: DEBUG: GoGo-Total-Output-Gigawords: [0]
2013-11-20 10:56:31,678: DEBUG: Framed-IP-Address: ['10.254.222.32']
2013-11-20 10:56:31,679: DEBUG: GoGo-Total-Input-Voice-Gigawords: [0]
2013-11-20 10:56:31,679: DEBUG: GoGo-Total-Output-Octets: [9491371]
2013-11-20 10:56:31,679: DEBUG: GoGo-Acct-Input-Voice-Octets: [0]
2013-11-20 10:56:31,679: DEBUG: GoGo-Total-Input-Voice-Packets: [0]
2013-11-20 10:56:31,679: DEBUG: Called-Station-Id: [u'00:16:3E:6B:57:B4']
2013-11-20 10:56:31,679: DEBUG: WISPr-Location-Name: [u'TEST LLC,BA01_01009']
2013-11-20 10:56:31,679: DEBUG: NAS-Identifier: [u'C08386']
2013-11-20 10:56:31,679: DEBUG: Proxy-State: ['3330,3132']
2013-11-20 10:56:31,679: DEBUG: GoGo-Total-Input-Voice-Octets: [0]
2013-11-20 10:56:31,679: DEBUG: Acct-Status-Type: ['Interim-Update']
2013-11-20 10:56:31,679: DEBUG: GoGo-Total-Output-Voice-Gigawords: [0]
2013-11-20 10:56:31,679: DEBUG: GoGo-Airline: [u'BA01']
2013-11-20 10:56:31,679: DEBUG: Acct-Session-Id: [u'AAATestNAS_217-1384925141648-00163E6B57B4-1']
2013-11-20 10:56:31,679: DEBUG: Acct-Session-Time: [10]
2013-11-20 10:56:31,680: DEBUG: Acct-Input-Packets: [17724]
2013-11-20 10:56:31,680: DEBUG: Acct-Output-Packets: [90605]
2013-11-20 10:56:31,680: DEBUG: GoGo-Acct-Output-Voice-Packets: [0]
2013-11-20 10:56:31,680: DEBUG: GoGo-Acct-Output-Voice-Octets: [0]
2013-11-20 10:56:31,680: DEBUG: Acct-Output-Gigawords: [0]
2013-11-20 10:56:31,680: DEBUG: GoGo-Total-Output-Voice-Packets: [0]
2013-11-20 10:56:31,680: DEBUG: Acct-Input-Gigawords: [0]
2013-11-20 10:56:31,680: DEBUG: Calling-Station-Id: [u'18:21:31:41:52:98']
2013-11-20 10:56:31,680: DEBUG: NAS-Port-Type: ['Wireless-802.11']
2013-11-20 10:56:31,680: DEBUG: GoGo-Total-Output-Voice-Octets: [0]
2013-11-20 10:56:31,680: DEBUG: GoGo-Private-IP-Address: ['192.168.1.179']
2013-11-20 10:56:31,680: DEBUG: GoGo-Acct-Input-Voice-Gigawords: [0]
2013-11-20 10:56:31,680: DEBUG: GoGo-Total-Input-Packets: [17724]
2013-11-20 10:56:31,680: DEBUG: GoGo-Total-Input-Gigawords: [0]
2013-11-20 10:56:31,681: DEBUG: GoGo-Acct-Input-Voice-Packets: [0]
2013-11-20 10:56:31,681: DEBUG: GoGo-Total-Input-Octets: [9489623]
2013-11-20 10:56:31,681: DEBUG: GoGo-Total-Output-Packets: [90605]
2013-11-20 10:56:31,681: DEBUG: WISPr-Location-ID: [u'airline=BA01,tail=01009,network=']
2013-11-20 10:56:31,681: DEBUG: GoGo-Acct-Output-Voice-Gigawords: [0]
2013-11-20 10:56:31,681: DEBUG: Acct-Input-Octets: [9489623]
2013-11-20 10:56:31,682: DEBUG: 

2013-11-20 10:56:31,682: DEBUG: Received response with following attributes:
2013-11-20 10:56:41,684: DEBUG: 

2013-11-20 10:56:41,685: DEBUG: Creating Accounting Update Request with the following Attributes:
2013-11-20 10:56:41,685: DEBUG: User-Name: [u'username80@airborne.aircell.com']
2013-11-20 10:56:41,685: DEBUG: GoGo-Tail-Number: [u'AAATestNAS_217']
2013-11-20 10:56:41,685: DEBUG: Acct-Output-Octets: [3279855]
2013-11-20 10:56:41,685: DEBUG: NAS-IP-Address: ['10.254.222.1']
2013-11-20 10:56:41,685: DEBUG: GoGo-Total-Output-Gigawords: [0]
2013-11-20 10:56:41,685: DEBUG: Framed-IP-Address: ['10.254.222.32']
2013-11-20 10:56:41,685: DEBUG: GoGo-Total-Input-Voice-Gigawords: [0]
2013-11-20 10:56:41,685: DEBUG: GoGo-Total-Output-Octets: [3279855]
2013-11-20 10:56:41,685: DEBUG: GoGo-Acct-Input-Voice-Octets: [0]
2013-11-20 10:56:41,685: DEBUG: GoGo-Total-Input-Voice-Packets: [0]
2013-11-20 10:56:41,686: DEBUG: Called-Station-Id: [u'00:16:3E:6B:57:B4']
2013-11-20 10:56:41,686: DEBUG: WISPr-Location-Name: [u'TEST LLC,BA01_01009']
2013-11-20 10:56:41,686: DEBUG: NAS-Identifier: [u'C08386']
2013-11-20 10:56:41,686: DEBUG: Proxy-State: ['3330,3132']
2013-11-20 10:56:41,686: DEBUG: GoGo-Total-Input-Voice-Octets: [0]
2013-11-20 10:56:41,686: DEBUG: Acct-Status-Type: ['Interim-Update']
2013-11-20 10:56:41,686: DEBUG: GoGo-Total-Output-Voice-Gigawords: [0]
2013-11-20 10:56:41,686: DEBUG: GoGo-Airline: [u'BA01']
2013-11-20 10:56:41,686: DEBUG: Acct-Session-Id: [u'AAATestNAS_217-1384925141648-00163E6B57B4-1']
2013-11-20 10:56:41,686: DEBUG: Acct-Session-Time: [10]
2013-11-20 10:56:41,686: DEBUG: Acct-Input-Packets: [3690]
2013-11-20 10:56:41,686: DEBUG: Acct-Output-Packets: [28165]
2013-11-20 10:56:41,686: DEBUG: GoGo-Acct-Output-Voice-Packets: [0]
2013-11-20 10:56:41,687: DEBUG: GoGo-Acct-Output-Voice-Octets: [0]
2013-11-20 10:56:41,687: DEBUG: Acct-Output-Gigawords: [0]
2013-11-20 10:56:41,687: DEBUG: GoGo-Total-Output-Voice-Packets: [0]
2013-11-20 10:56:41,687: DEBUG: Acct-Input-Gigawords: [0]
2013-11-20 10:56:41,687: DEBUG: Calling-Station-Id: [u'18:21:31:41:52:98']
2013-11-20 10:56:41,687: DEBUG: NAS-Port-Type: ['Wireless-802.11']
2013-11-20 10:56:41,687: DEBUG: GoGo-Total-Output-Voice-Octets: [0]
2013-11-20 10:56:41,687: DEBUG: GoGo-Private-IP-Address: ['192.168.1.179']
2013-11-20 10:56:41,687: DEBUG: GoGo-Acct-Input-Voice-Gigawords: [0]
2013-11-20 10:56:41,687: DEBUG: GoGo-Total-Input-Packets: [3690]
2013-11-20 10:56:41,687: DEBUG: GoGo-Total-Input-Gigawords: [0]
2013-11-20 10:56:41,687: DEBUG: GoGo-Acct-Input-Voice-Packets: [0]
2013-11-20 10:56:41,687: DEBUG: GoGo-Total-Input-Octets: [3328286]
2013-11-20 10:56:41,688: DEBUG: GoGo-Total-Output-Packets: [28165]
2013-11-20 10:56:41,688: DEBUG: WISPr-Location-ID: [u'airline=BA01,tail=01009,network=']
2013-11-20 10:56:41,688: DEBUG: GoGo-Acct-Output-Voice-Gigawords: [0]
2013-11-20 10:56:41,688: DEBUG: Acct-Input-Octets: [3328286]
2013-11-20 10:56:41,690: DEBUG: 

2013-11-20 10:56:41,690: DEBUG: Received response with following attributes:
2013-11-20 10:56:51,691: DEBUG: 

2013-11-20 10:56:51,692: DEBUG: Creating Accounting Update Request with the following Attributes:
2013-11-20 10:56:51,692: DEBUG: User-Name: [u'username80@airborne.aircell.com']
2013-11-20 10:56:51,692: DEBUG: GoGo-Tail-Number: [u'AAATestNAS_217']
2013-11-20 10:56:51,692: DEBUG: Acct-Output-Octets: [2273543]
2013-11-20 10:56:51,692: DEBUG: NAS-IP-Address: ['10.254.222.1']
2013-11-20 10:56:51,692: DEBUG: GoGo-Total-Output-Gigawords: [0]
2013-11-20 10:56:51,692: DEBUG: Framed-IP-Address: ['10.254.222.32']
2013-11-20 10:56:51,693: DEBUG: GoGo-Total-Input-Voice-Gigawords: [0]
2013-11-20 10:56:51,693: DEBUG: GoGo-Total-Output-Octets: [2273543]
2013-11-20 10:56:51,693: DEBUG: GoGo-Acct-Input-Voice-Octets: [0]
2013-11-20 10:56:51,693: DEBUG: GoGo-Total-Input-Voice-Packets: [0]
2013-11-20 10:56:51,693: DEBUG: Called-Station-Id: [u'00:16:3E:6B:57:B4']
2013-11-20 10:56:51,693: DEBUG: WISPr-Location-Name: [u'TEST LLC,BA01_01009']
2013-11-20 10:56:51,693: DEBUG: NAS-Identifier: [u'C08386']
2013-11-20 10:56:51,693: DEBUG: Proxy-State: ['3330,3132']
2013-11-20 10:56:51,693: DEBUG: GoGo-Total-Input-Voice-Octets: [0]
2013-11-20 10:56:51,693: DEBUG: Acct-Status-Type: ['Interim-Update']
2013-11-20 10:56:51,693: DEBUG: GoGo-Total-Output-Voice-Gigawords: [0]
2013-11-20 10:56:51,693: DEBUG: GoGo-Airline: [u'BA01']
2013-11-20 10:56:51,693: DEBUG: Acct-Session-Id: [u'AAATestNAS_217-1384925141648-00163E6B57B4-1']
2013-11-20 10:56:51,693: DEBUG: Acct-Session-Time: [10]
2013-11-20 10:56:51,693: DEBUG: Acct-Input-Packets: [36000]
2013-11-20 10:56:51,694: DEBUG: Acct-Output-Packets: [4813]
2013-11-20 10:56:51,694: DEBUG: GoGo-Acct-Output-Voice-Packets: [0]
2013-11-20 10:56:51,694: DEBUG: GoGo-Acct-Output-Voice-Octets: [0]
2013-11-20 10:56:51,694: DEBUG: Acct-Output-Gigawords: [0]
2013-11-20 10:56:51,694: DEBUG: GoGo-Total-Output-Voice-Packets: [0]
2013-11-20 10:56:51,694: DEBUG: Acct-Input-Gigawords: [0]
2013-11-20 10:56:51,694: DEBUG: Calling-Station-Id: [u'18:21:31:41:52:98']
2013-11-20 10:56:51,694: DEBUG: NAS-Port-Type: ['Wireless-802.11']
2013-11-20 10:56:51,694: DEBUG: GoGo-Total-Output-Voice-Octets: [0]
2013-11-20 10:56:51,694: DEBUG: GoGo-Private-IP-Address: ['192.168.1.179']
2013-11-20 10:56:51,694: DEBUG: GoGo-Acct-Input-Voice-Gigawords: [0]
2013-11-20 10:56:51,694: DEBUG: GoGo-Total-Input-Packets: [36000]
2013-11-20 10:56:51,694: DEBUG: GoGo-Total-Input-Gigawords: [0]
2013-11-20 10:56:51,694: DEBUG: GoGo-Acct-Input-Voice-Packets: [0]
2013-11-20 10:56:51,694: DEBUG: GoGo-Total-Input-Octets: [4956208]
2013-11-20 10:56:51,695: DEBUG: GoGo-Total-Output-Packets: [4813]
2013-11-20 10:56:51,695: DEBUG: WISPr-Location-ID: [u'airline=BA01,tail=01009,network=']
2013-11-20 10:56:51,695: DEBUG: GoGo-Acct-Output-Voice-Gigawords: [0]
2013-11-20 10:56:51,695: DEBUG: Acct-Input-Octets: [4956208]
2013-11-20 10:56:51,696: DEBUG: 

2013-11-20 10:56:51,696: DEBUG: Received response with following attributes:
2013-11-20 10:57:00,697: DEBUG: 

2013-11-20 10:57:00,697: DEBUG: Creating Accounting Update Request with the following Attributes:
2013-11-20 10:57:00,697: DEBUG: User-Name: [u'username80@airborne.aircell.com']
2013-11-20 10:57:00,697: DEBUG: GoGo-Tail-Number: [u'AAATestNAS_217']
2013-11-20 10:57:00,698: DEBUG: Acct-Output-Octets: [7719403]
2013-11-20 10:57:00,698: DEBUG: NAS-IP-Address: ['10.254.222.1']
2013-11-20 10:57:00,698: DEBUG: GoGo-Total-Output-Gigawords: [0]
2013-11-20 10:57:00,698: DEBUG: Framed-IP-Address: ['10.254.222.32']
2013-11-20 10:57:00,698: DEBUG: GoGo-Total-Input-Voice-Gigawords: [0]
2013-11-20 10:57:00,698: DEBUG: GoGo-Total-Output-Octets: [7719403]
2013-11-20 10:57:00,698: DEBUG: GoGo-Acct-Input-Voice-Octets: [0]
2013-11-20 10:57:00,698: DEBUG: GoGo-Total-Input-Voice-Packets: [0]
2013-11-20 10:57:00,698: DEBUG: Called-Station-Id: [u'00:16:3E:6B:57:B4']
2013-11-20 10:57:00,698: DEBUG: WISPr-Location-Name: [u'TEST LLC,BA01_01009']
2013-11-20 10:57:00,698: DEBUG: NAS-Identifier: [u'C08386']
2013-11-20 10:57:00,698: DEBUG: Proxy-State: ['3330,3132']
2013-11-20 10:57:00,698: DEBUG: GoGo-Total-Input-Voice-Octets: [0]
2013-11-20 10:57:00,699: DEBUG: Acct-Status-Type: ['Interim-Update']
2013-11-20 10:57:00,699: DEBUG: GoGo-Total-Output-Voice-Gigawords: [0]
2013-11-20 10:57:00,699: DEBUG: GoGo-Airline: [u'BA01']
2013-11-20 10:57:00,699: DEBUG: Acct-Session-Id: [u'AAATestNAS_217-1384925141648-00163E6B57B4-1']
2013-11-20 10:57:00,699: DEBUG: Acct-Session-Time: [9]
2013-11-20 10:57:00,699: DEBUG: Acct-Input-Packets: [29379]
2013-11-20 10:57:00,699: DEBUG: Acct-Output-Packets: [38984]
2013-11-20 10:57:00,699: DEBUG: GoGo-Acct-Output-Voice-Packets: [0]
2013-11-20 10:57:00,699: DEBUG: GoGo-Acct-Output-Voice-Octets: [0]
2013-11-20 10:57:00,699: DEBUG: Acct-Output-Gigawords: [0]
2013-11-20 10:57:00,699: DEBUG: GoGo-Total-Output-Voice-Packets: [0]
2013-11-20 10:57:00,699: DEBUG: Acct-Input-Gigawords: [0]
2013-11-20 10:57:00,699: DEBUG: Calling-Station-Id: [u'18:21:31:41:52:98']
2013-11-20 10:57:00,699: DEBUG: NAS-Port-Type: ['Wireless-802.11']
2013-11-20 10:57:00,700: DEBUG: GoGo-Total-Output-Voice-Octets: [0]
2013-11-20 10:57:00,700: DEBUG: GoGo-Private-IP-Address: ['192.168.1.179']
2013-11-20 10:57:00,700: DEBUG: GoGo-Acct-Input-Voice-Gigawords: [0]
2013-11-20 10:57:00,700: DEBUG: GoGo-Total-Input-Packets: [29379]
2013-11-20 10:57:00,700: DEBUG: GoGo-Total-Input-Gigawords: [0]
2013-11-20 10:57:00,700: DEBUG: GoGo-Acct-Input-Voice-Packets: [0]
2013-11-20 10:57:00,700: DEBUG: GoGo-Total-Input-Octets: [2995394]
2013-11-20 10:57:00,700: DEBUG: GoGo-Total-Output-Packets: [38984]
2013-11-20 10:57:00,700: DEBUG: WISPr-Location-ID: [u'airline=BA01,tail=01009,network=']
2013-11-20 10:57:00,700: DEBUG: GoGo-Acct-Output-Voice-Gigawords: [0]
2013-11-20 10:57:00,700: DEBUG: Acct-Input-Octets: [2995394]
2013-11-20 10:57:00,702: DEBUG: 

2013-11-20 10:57:00,702: DEBUG: Received response with following attributes:
2013-11-20 10:57:24,702: DEBUG: 

2013-11-20 10:57:24,704: DEBUG: Creating Accounting Stop Request with the following Attributes:
2013-11-20 10:57:24,704: DEBUG: User-Name: [u'username80@airborne.aircell.com']
2013-11-20 10:57:24,704: DEBUG: GoGo-Tail-Number: [u'01009']
2013-11-20 10:57:24,704: DEBUG: Acct-Output-Octets: [7163911]
2013-11-20 10:57:24,705: DEBUG: NAS-IP-Address: ['10.254.222.1']
2013-11-20 10:57:24,705: DEBUG: GoGo-Total-Output-Gigawords: [0]
2013-11-20 10:57:24,705: DEBUG: Framed-IP-Address: ['10.254.222.32']
2013-11-20 10:57:24,705: DEBUG: GoGo-Total-Input-Voice-Gigawords: [0]
2013-11-20 10:57:24,705: DEBUG: GoGo-Total-Output-Octets: [7163911]
2013-11-20 10:57:24,705: DEBUG: GoGo-Acct-Input-Voice-Octets: [0]
2013-11-20 10:57:24,705: DEBUG: GoGo-Total-Input-Voice-Packets: [0]
2013-11-20 10:57:24,706: DEBUG: Called-Station-Id: [u'00:16:3E:6B:57:B4']
2013-11-20 10:57:24,706: DEBUG: WISPr-Location-Name: [u'TEST LLC,BA01_01009']
2013-11-20 10:57:24,706: DEBUG: NAS-Identifier: [u'C08386']
2013-11-20 10:57:24,706: DEBUG: Proxy-State: ['3330,3132']
2013-11-20 10:57:24,706: DEBUG: GoGo-Total-Input-Voice-Octets: [0]
2013-11-20 10:57:24,706: DEBUG: Acct-Status-Type: ['Stop']
2013-11-20 10:57:24,706: DEBUG: GoGo-Total-Output-Voice-Gigawords: [0]
2013-11-20 10:57:24,706: DEBUG: GoGo-Airline: [u'BA01']
2013-11-20 10:57:24,707: DEBUG: Acct-Session-Id: [u'AAATestNAS_217-1384925141648-00163E6B57B4-1']
2013-11-20 10:57:24,707: DEBUG: Acct-Session-Time: [24]
2013-11-20 10:57:24,707: DEBUG: Acct-Input-Packets: [9005]
2013-11-20 10:57:24,707: DEBUG: Acct-Output-Packets: [60999]
2013-11-20 10:57:24,707: DEBUG: Acct-Terminate-Cause: ['User-Request']
2013-11-20 10:57:24,707: DEBUG: GoGo-Acct-Output-Voice-Octets: [0]
2013-11-20 10:57:24,707: DEBUG: Acct-Output-Gigawords: [0]
2013-11-20 10:57:24,707: DEBUG: GoGo-Total-Output-Voice-Packets: [0]
2013-11-20 10:57:24,708: DEBUG: Acct-Input-Gigawords: [0]
2013-11-20 10:57:24,708: DEBUG: Calling-Station-Id: [u'18:21:31:41:52:98']
2013-11-20 10:57:24,708: DEBUG: NAS-Port-Type: ['Wireless-802.11']
2013-11-20 10:57:24,708: DEBUG: GoGo-Total-Output-Voice-Octets: [0]
2013-11-20 10:57:24,708: DEBUG: GoGo-Private-IP-Address: ['192.168.1.179']
2013-11-20 10:57:24,708: DEBUG: GoGo-Acct-Input-Voice-Gigawords: [0]
2013-11-20 10:57:24,708: DEBUG: GoGo-Total-Input-Packets: [9005]
2013-11-20 10:57:24,709: DEBUG: GoGo-Total-Input-Gigawords: [0]
2013-11-20 10:57:24,709: DEBUG: GoGo-Acct-Input-Voice-Packets: [0]
2013-11-20 10:57:24,709: DEBUG: GoGo-Total-Input-Octets: [2640596]
2013-11-20 10:57:24,709: DEBUG: GoGo-Total-Output-Packets: [60999]
2013-11-20 10:57:24,709: DEBUG: WISPr-Location-ID: [u'airline=BA01,tail=01009,network=']
2013-11-20 10:57:24,709: DEBUG: GoGo-Acct-Output-Voice-Packets: [0]
2013-11-20 10:57:24,709: DEBUG: GoGo-Acct-Output-Voice-Gigawords: [0]
2013-11-20 10:57:24,709: DEBUG: Acct-Input-Octets: [2640596]
2013-11-20 10:57:24,712: DEBUG: 

2013-11-20 10:57:24,712: DEBUG: Received response with following attributes:
2013-11-20 10:57:24,712: DEBUG: Ending the test for this user
2013-11-20 10:57:25,518: DEBUG: Starting the client for the user username80@airborne.aircell.com to the server localhost

2013-11-20 10:57:25,518: DEBUG: DURATION of the TEST: 86
2013-11-20 10:57:25,519: DEBUG: NAS-IP: 10.254.225.1
2013-11-20 10:57:25,519: DEBUG: NAS-MAC-ADDR: 19:21:31:41:52:02
2013-11-20 10:57:25,519: DEBUG: Abruptly End: False
2013-11-20 10:57:25,519: DEBUG: Framed-IP: 10.254.225.150
2013-11-20 10:57:25,520: DEBUG: User-MAC-Addr: 00:16:3E:05:B4:78
2013-11-20 10:57:25,520: DEBUG: 

2013-11-20 10:57:25,521: DEBUG: Creating Authentication Request with the following Attributes:
2013-11-20 10:57:25,521: DEBUG: NAS-Identifier: [u'C08386']
2013-11-20 10:57:25,521: DEBUG: User-Name: [u'username80@airborne.aircell.com']
2013-11-20 10:57:25,522: DEBUG: NAS-IP-Address: ['10.254.225.1']
2013-11-20 10:57:25,522: DEBUG: Service-Type: ['Authenticate-Only']
2013-11-20 10:57:25,522: DEBUG: Proxy-State: ['3237,3134']
2013-11-20 10:57:25,522: DEBUG: Framed-IP-Address: ['10.254.225.150']
2013-11-20 10:57:25,523: DEBUG: GoGo-Airline: [u'BA01']
2013-11-20 10:57:25,523: DEBUG: Acct-Session-Id: [u'AAATestNAS_220-1384925245521-00163E05B478-2']
2013-11-20 10:57:25,523: DEBUG: GoGo-Tail-Number: [u'AAATestNAS_220']
2013-11-20 10:57:25,524: DEBUG: GoGo-Private-IP-Address: ['192.168.1.179']
2013-11-20 10:57:25,524: DEBUG: WISPr-Location-ID: [u'airline=BA01,tail=01009,network=']
2013-11-20 10:57:25,524: DEBUG: WISPr-Location-Name: [u'TEST LLC,BA01_01009']
2013-11-20 10:57:25,524: DEBUG: NAS-Port-Type: ['Wireless-802.11']
2013-11-20 10:57:25,524: DEBUG: Called-Station-Id: [u'00:16:3E:05:B4:78']
2013-11-20 10:57:25,525: DEBUG: Calling-Station-Id: [u'19:21:31:41:52:02']
2013-11-20 10:57:25,527: DEBUG: 

2013-11-20 10:57:25,527: DEBUG: Received response with code: 2, Accepted
2013-11-20 10:57:25,528: DEBUG: Creating Authentication Request with the following Attributes:
2013-11-20 10:57:25,529: DEBUG: NAS-Identifier: [u'C08386']
2013-11-20 10:57:25,529: DEBUG: User-Name: [u'username80@airborne.aircell.com']
2013-11-20 10:57:25,530: DEBUG: NAS-IP-Address: ['10.254.225.1']
2013-11-20 10:57:25,531: DEBUG: Service-Type: ['Login-User']
2013-11-20 10:57:25,531: DEBUG: Proxy-State: ['3237,3134']
2013-11-20 10:57:25,532: DEBUG: Framed-IP-Address: ['10.254.225.150']
2013-11-20 10:57:25,532: DEBUG: GoGo-Airline: [u'BA01']
2013-11-20 10:57:25,533: DEBUG: Acct-Session-Id: [u'AAATestNAS_220-1384925245528-00163E05B478-2']
2013-11-20 10:57:25,533: DEBUG: GoGo-Tail-Number: [u'AAATestNAS_220']
2013-11-20 10:57:25,533: DEBUG: GoGo-Private-IP-Address: ['192.168.1.179']
2013-11-20 10:57:25,534: DEBUG: WISPr-Location-ID: [u'airline=BA01,tail=01009,network=']
2013-11-20 10:57:25,535: DEBUG: WISPr-Location-Name: [u'TEST LLC,BA01_01009']
2013-11-20 10:57:25,535: DEBUG: NAS-Port-Type: ['Wireless-802.11']
2013-11-20 10:57:25,536: DEBUG: Called-Station-Id: [u'00:16:3E:05:B4:78']
2013-11-20 10:57:25,536: DEBUG: Calling-Station-Id: [u'19:21:31:41:52:02']
2013-11-20 10:57:25,538: DEBUG: 

2013-11-20 10:57:25,538: DEBUG: Received response with code: 2, Accepted
2013-11-20 10:57:25,539: DEBUG: 

2013-11-20 10:57:25,539: DEBUG: Creating Accounting start Request with the following Attributes:
2013-11-20 10:57:25,540: DEBUG: NAS-Identifier: [u'C08386']
2013-11-20 10:57:25,540: DEBUG: User-Name: [u'username80@airborne.aircell.com']
2013-11-20 10:57:25,541: DEBUG: GoGo-Tail-Number: [u'AAATestNAS_220']
2013-11-20 10:57:25,541: DEBUG: NAS-IP-Address: ['10.254.225.1']
2013-11-20 10:57:25,542: DEBUG: Proxy-State: ['3239,3131']
2013-11-20 10:57:25,543: DEBUG: Acct-Status-Type: ['Start']
2013-11-20 10:57:25,543: DEBUG: GoGo-Airline: [u'BA01']
2013-11-20 10:57:25,543: DEBUG: Acct-Session-Id: [u'AAATestNAS_220-1384925245528-00163E05B478-2']
2013-11-20 10:57:25,544: DEBUG: GoGo-Private-IP-Address: ['192.168.1.179']
2013-11-20 10:57:25,544: DEBUG: Framed-IP-Address: ['10.254.225.150']
2013-11-20 10:57:25,545: DEBUG: WISPr-Location-ID: [u'airline=BA01,tail=01009,network=']
2013-11-20 10:57:25,545: DEBUG: WISPr-Location-Name: [u'TEST LLC,BA01_01009']
2013-11-20 10:57:25,545: DEBUG: NAS-Port-Type: ['Wireless-802.11']
2013-11-20 10:57:25,545: DEBUG: Called-Station-Id: [u'00:16:3E:05:B4:78']
2013-11-20 10:57:25,545: DEBUG: Calling-Station-Id: [u'19:21:31:41:52:02']
2013-11-20 10:57:25,547: DEBUG: 

2013-11-20 10:57:25,548: DEBUG: Received response with following attributes:
2013-11-20 10:57:35,549: DEBUG: 

2013-11-20 10:57:35,549: DEBUG: Creating Accounting Update Request with the following Attributes:
2013-11-20 10:57:35,549: DEBUG: User-Name: [u'username80@airborne.aircell.com']
2013-11-20 10:57:35,549: DEBUG: GoGo-Tail-Number: [u'AAATestNAS_220']
2013-11-20 10:57:35,550: DEBUG: Acct-Output-Octets: [7036611]
2013-11-20 10:57:35,550: DEBUG: NAS-IP-Address: ['10.254.225.1']
2013-11-20 10:57:35,550: DEBUG: GoGo-Total-Output-Gigawords: [0]
2013-11-20 10:57:35,550: DEBUG: Framed-IP-Address: ['10.254.225.150']
2013-11-20 10:57:35,550: DEBUG: GoGo-Total-Input-Voice-Gigawords: [0]
2013-11-20 10:57:35,550: DEBUG: GoGo-Total-Output-Octets: [7036611]
2013-11-20 10:57:35,550: DEBUG: GoGo-Acct-Input-Voice-Octets: [0]
2013-11-20 10:57:35,550: DEBUG: GoGo-Total-Input-Voice-Packets: [0]
2013-11-20 10:57:35,550: DEBUG: Called-Station-Id: [u'00:16:3E:05:B4:78']
2013-11-20 10:57:35,551: DEBUG: WISPr-Location-Name: [u'TEST LLC,BA01_01009']
2013-11-20 10:57:35,551: DEBUG: NAS-Identifier: [u'C08386']
2013-11-20 10:57:35,551: DEBUG: Proxy-State: ['3330,3132']
2013-11-20 10:57:35,551: DEBUG: GoGo-Total-Input-Voice-Octets: [0]
2013-11-20 10:57:35,551: DEBUG: Acct-Status-Type: ['Interim-Update']
2013-11-20 10:57:35,551: DEBUG: GoGo-Total-Output-Voice-Gigawords: [0]
2013-11-20 10:57:35,551: DEBUG: GoGo-Airline: [u'BA01']
2013-11-20 10:57:35,551: DEBUG: Acct-Session-Id: [u'AAATestNAS_220-1384925245528-00163E05B478-2']
2013-11-20 10:57:35,551: DEBUG: Acct-Session-Time: [10]
2013-11-20 10:57:35,552: DEBUG: Acct-Input-Packets: [66041]
2013-11-20 10:57:35,552: DEBUG: Acct-Output-Packets: [61544]
2013-11-20 10:57:35,552: DEBUG: GoGo-Acct-Output-Voice-Packets: [0]
2013-11-20 10:57:35,552: DEBUG: GoGo-Acct-Output-Voice-Octets: [0]
2013-11-20 10:57:35,552: DEBUG: Acct-Output-Gigawords: [0]
2013-11-20 10:57:35,552: DEBUG: GoGo-Total-Output-Voice-Packets: [0]
2013-11-20 10:57:35,552: DEBUG: Acct-Input-Gigawords: [0]
2013-11-20 10:57:35,552: DEBUG: Calling-Station-Id: [u'19:21:31:41:52:02']
2013-11-20 10:57:35,552: DEBUG: NAS-Port-Type: ['Wireless-802.11']
2013-11-20 10:57:35,552: DEBUG: GoGo-Total-Output-Voice-Octets: [0]
2013-11-20 10:57:35,553: DEBUG: GoGo-Private-IP-Address: ['192.168.1.179']
2013-11-20 10:57:35,553: DEBUG: GoGo-Acct-Input-Voice-Gigawords: [0]
2013-11-20 10:57:35,553: DEBUG: GoGo-Total-Input-Packets: [66041]
2013-11-20 10:57:35,553: DEBUG: GoGo-Total-Input-Gigawords: [0]
2013-11-20 10:57:35,553: DEBUG: GoGo-Acct-Input-Voice-Packets: [0]
2013-11-20 10:57:35,553: DEBUG: GoGo-Total-Input-Octets: [9781047]
2013-11-20 10:57:35,553: DEBUG: GoGo-Total-Output-Packets: [61544]
2013-11-20 10:57:35,553: DEBUG: WISPr-Location-ID: [u'airline=BA01,tail=01009,network=']
2013-11-20 10:57:35,553: DEBUG: GoGo-Acct-Output-Voice-Gigawords: [0]
2013-11-20 10:57:35,553: DEBUG: Acct-Input-Octets: [9781047]
2013-11-20 10:57:35,554: ERROR: Network error, Reason: 'Network error: nodename nor servname provided, or not known'
2013-11-20 10:57:45,555: DEBUG: 

2013-11-20 10:57:45,555: DEBUG: Creating Accounting Update Request with the following Attributes:
2013-11-20 10:57:45,556: DEBUG: User-Name: [u'username80@airborne.aircell.com']
2013-11-20 10:57:45,556: DEBUG: GoGo-Tail-Number: [u'AAATestNAS_220']
2013-11-20 10:57:45,556: DEBUG: Acct-Output-Octets: [3196483]
2013-11-20 10:57:45,556: DEBUG: NAS-IP-Address: ['10.254.225.1']
2013-11-20 10:57:45,556: DEBUG: GoGo-Total-Output-Gigawords: [0]
2013-11-20 10:57:45,556: DEBUG: Framed-IP-Address: ['10.254.225.150']
2013-11-20 10:57:45,556: DEBUG: GoGo-Total-Input-Voice-Gigawords: [0]
2013-11-20 10:57:45,556: DEBUG: GoGo-Total-Output-Octets: [3196483]
2013-11-20 10:57:45,556: DEBUG: GoGo-Acct-Input-Voice-Octets: [0]
2013-11-20 10:57:45,557: DEBUG: GoGo-Total-Input-Voice-Packets: [0]
2013-11-20 10:57:45,557: DEBUG: Called-Station-Id: [u'00:16:3E:05:B4:78']
2013-11-20 10:57:45,557: DEBUG: WISPr-Location-Name: [u'TEST LLC,BA01_01009']
2013-11-20 10:57:45,557: DEBUG: NAS-Identifier: [u'C08386']
2013-11-20 10:57:45,557: DEBUG: Proxy-State: ['3330,3132']
2013-11-20 10:57:45,557: DEBUG: GoGo-Total-Input-Voice-Octets: [0]
2013-11-20 10:57:45,557: DEBUG: Acct-Status-Type: ['Interim-Update']
2013-11-20 10:57:45,557: DEBUG: GoGo-Total-Output-Voice-Gigawords: [0]
2013-11-20 10:57:45,557: DEBUG: GoGo-Airline: [u'BA01']
2013-11-20 10:57:45,557: DEBUG: Acct-Session-Id: [u'AAATestNAS_220-1384925245528-00163E05B478-2']
2013-11-20 10:57:45,558: DEBUG: Acct-Session-Time: [10]
2013-11-20 10:57:45,558: DEBUG: Acct-Input-Packets: [55430]
2013-11-20 10:57:45,558: DEBUG: Acct-Output-Packets: [25302]
2013-11-20 10:57:45,558: DEBUG: GoGo-Acct-Output-Voice-Packets: [0]
2013-11-20 10:57:45,558: DEBUG: GoGo-Acct-Output-Voice-Octets: [0]
2013-11-20 10:57:45,558: DEBUG: Acct-Output-Gigawords: [0]
2013-11-20 10:57:45,558: DEBUG: GoGo-Total-Output-Voice-Packets: [0]
2013-11-20 10:57:45,558: DEBUG: Acct-Input-Gigawords: [0]
2013-11-20 10:57:45,558: DEBUG: Calling-Station-Id: [u'19:21:31:41:52:02']
2013-11-20 10:57:45,558: DEBUG: NAS-Port-Type: ['Wireless-802.11']
2013-11-20 10:57:45,559: DEBUG: GoGo-Total-Output-Voice-Octets: [0]
2013-11-20 10:57:45,559: DEBUG: GoGo-Private-IP-Address: ['192.168.1.179']
2013-11-20 10:57:45,559: DEBUG: GoGo-Acct-Input-Voice-Gigawords: [0]
2013-11-20 10:57:45,559: DEBUG: GoGo-Total-Input-Packets: [55430]
2013-11-20 10:57:45,559: DEBUG: GoGo-Total-Input-Gigawords: [0]
2013-11-20 10:57:45,559: DEBUG: GoGo-Acct-Input-Voice-Packets: [0]
2013-11-20 10:57:45,559: DEBUG: GoGo-Total-Input-Octets: [9589540]
2013-11-20 10:57:45,559: DEBUG: GoGo-Total-Output-Packets: [25302]
2013-11-20 10:57:45,559: DEBUG: WISPr-Location-ID: [u'airline=BA01,tail=01009,network=']
2013-11-20 10:57:45,560: DEBUG: GoGo-Acct-Output-Voice-Gigawords: [0]
2013-11-20 10:57:45,560: DEBUG: Acct-Input-Octets: [9589540]
2013-11-20 10:57:45,562: DEBUG: 

2013-11-20 10:57:45,562: DEBUG: Received response with following attributes:
2013-11-20 10:57:55,563: DEBUG: 

2013-11-20 10:57:55,563: DEBUG: Creating Accounting Update Request with the following Attributes:
2013-11-20 10:57:55,564: DEBUG: User-Name: [u'username80@airborne.aircell.com']
2013-11-20 10:57:55,564: DEBUG: GoGo-Tail-Number: [u'AAATestNAS_220']
2013-11-20 10:57:55,564: DEBUG: Acct-Output-Octets: [7032551]
2013-11-20 10:57:55,564: DEBUG: NAS-IP-Address: ['10.254.225.1']
2013-11-20 10:57:55,564: DEBUG: GoGo-Total-Output-Gigawords: [0]
2013-11-20 10:57:55,564: DEBUG: Framed-IP-Address: ['10.254.225.150']
2013-11-20 10:57:55,564: DEBUG: GoGo-Total-Input-Voice-Gigawords: [0]
2013-11-20 10:57:55,565: DEBUG: GoGo-Total-Output-Octets: [7032551]
2013-11-20 10:57:55,565: DEBUG: GoGo-Acct-Input-Voice-Octets: [0]
2013-11-20 10:57:55,565: DEBUG: GoGo-Total-Input-Voice-Packets: [0]
2013-11-20 10:57:55,565: DEBUG: Called-Station-Id: [u'00:16:3E:05:B4:78']
2013-11-20 10:57:55,565: DEBUG: WISPr-Location-Name: [u'TEST LLC,BA01_01009']
2013-11-20 10:57:55,565: DEBUG: NAS-Identifier: [u'C08386']
2013-11-20 10:57:55,565: DEBUG: Proxy-State: ['3330,3132']
2013-11-20 10:57:55,565: DEBUG: GoGo-Total-Input-Voice-Octets: [0]
2013-11-20 10:57:55,565: DEBUG: Acct-Status-Type: ['Interim-Update']
2013-11-20 10:57:55,566: DEBUG: GoGo-Total-Output-Voice-Gigawords: [0]
2013-11-20 10:57:55,566: DEBUG: GoGo-Airline: [u'BA01']
2013-11-20 10:57:55,566: DEBUG: Acct-Session-Id: [u'AAATestNAS_220-1384925245528-00163E05B478-2']
2013-11-20 10:57:55,566: DEBUG: Acct-Session-Time: [10]
2013-11-20 10:57:55,566: DEBUG: Acct-Input-Packets: [13768]
2013-11-20 10:57:55,566: DEBUG: Acct-Output-Packets: [27753]
2013-11-20 10:57:55,566: DEBUG: GoGo-Acct-Output-Voice-Packets: [0]
2013-11-20 10:57:55,566: DEBUG: GoGo-Acct-Output-Voice-Octets: [0]
2013-11-20 10:57:55,566: DEBUG: Acct-Output-Gigawords: [0]
2013-11-20 10:57:55,566: DEBUG: GoGo-Total-Output-Voice-Packets: [0]
2013-11-20 10:57:55,567: DEBUG: Acct-Input-Gigawords: [0]
2013-11-20 10:57:55,567: DEBUG: Calling-Station-Id: [u'19:21:31:41:52:02']
2013-11-20 10:57:55,567: DEBUG: NAS-Port-Type: ['Wireless-802.11']
2013-11-20 10:57:55,567: DEBUG: GoGo-Total-Output-Voice-Octets: [0]
2013-11-20 10:57:55,567: DEBUG: GoGo-Private-IP-Address: ['192.168.1.179']
2013-11-20 10:57:55,567: DEBUG: GoGo-Acct-Input-Voice-Gigawords: [0]
2013-11-20 10:57:55,567: DEBUG: GoGo-Total-Input-Packets: [13768]
2013-11-20 10:57:55,567: DEBUG: GoGo-Total-Input-Gigawords: [0]
2013-11-20 10:57:55,567: DEBUG: GoGo-Acct-Input-Voice-Packets: [0]
2013-11-20 10:57:55,567: DEBUG: GoGo-Total-Input-Octets: [8199520]
2013-11-20 10:57:55,568: DEBUG: GoGo-Total-Output-Packets: [27753]
2013-11-20 10:57:55,568: DEBUG: WISPr-Location-ID: [u'airline=BA01,tail=01009,network=']
2013-11-20 10:57:55,568: DEBUG: GoGo-Acct-Output-Voice-Gigawords: [0]
2013-11-20 10:57:55,568: DEBUG: Acct-Input-Octets: [8199520]
2013-11-20 10:57:55,568: ERROR: Network error, Reason: 'Network error: Too many open files'
2013-11-20 10:58:05,569: DEBUG: 

2013-11-20 10:58:05,570: DEBUG: Creating Accounting Update Request with the following Attributes:
2013-11-20 10:58:05,570: DEBUG: User-Name: [u'username80@airborne.aircell.com']
2013-11-20 10:58:05,570: DEBUG: GoGo-Tail-Number: [u'AAATestNAS_220']
2013-11-20 10:58:05,571: DEBUG: Acct-Output-Octets: [1345036]
2013-11-20 10:58:05,571: DEBUG: NAS-IP-Address: ['10.254.225.1']
2013-11-20 10:58:05,571: DEBUG: GoGo-Total-Output-Gigawords: [0]
2013-11-20 10:58:05,571: DEBUG: Framed-IP-Address: ['10.254.225.150']
2013-11-20 10:58:05,572: DEBUG: GoGo-Total-Input-Voice-Gigawords: [0]
2013-11-20 10:58:05,572: DEBUG: GoGo-Total-Output-Octets: [1345036]
2013-11-20 10:58:05,572: DEBUG: GoGo-Acct-Input-Voice-Octets: [0]
2013-11-20 10:58:05,573: DEBUG: GoGo-Total-Input-Voice-Packets: [0]
2013-11-20 10:58:05,573: DEBUG: Called-Station-Id: [u'00:16:3E:05:B4:78']
2013-11-20 10:58:05,573: DEBUG: WISPr-Location-Name: [u'TEST LLC,BA01_01009']
2013-11-20 10:58:05,573: DEBUG: NAS-Identifier: [u'C08386']
2013-11-20 10:58:05,573: DEBUG: Proxy-State: ['3330,3132']
2013-11-20 10:58:05,574: DEBUG: GoGo-Total-Input-Voice-Octets: [0]
2013-11-20 10:58:05,574: DEBUG: Acct-Status-Type: ['Interim-Update']
2013-11-20 10:58:05,574: DEBUG: GoGo-Total-Output-Voice-Gigawords: [0]
2013-11-20 10:58:05,574: DEBUG: GoGo-Airline: [u'BA01']
2013-11-20 10:58:05,574: DEBUG: Acct-Session-Id: [u'AAATestNAS_220-1384925245528-00163E05B478-2']
2013-11-20 10:58:05,574: DEBUG: Acct-Session-Time: [10]
2013-11-20 10:58:05,574: DEBUG: Acct-Input-Packets: [81879]
2013-11-20 10:58:05,574: DEBUG: Acct-Output-Packets: [1592]
2013-11-20 10:58:05,574: DEBUG: GoGo-Acct-Output-Voice-Packets: [0]
2013-11-20 10:58:05,574: DEBUG: GoGo-Acct-Output-Voice-Octets: [0]
2013-11-20 10:58:05,575: DEBUG: Acct-Output-Gigawords: [0]
2013-11-20 10:58:05,575: DEBUG: GoGo-Total-Output-Voice-Packets: [0]
2013-11-20 10:58:05,575: DEBUG: Acct-Input-Gigawords: [0]
2013-11-20 10:58:05,575: DEBUG: Calling-Station-Id: [u'19:21:31:41:52:02']
2013-11-20 10:58:05,575: DEBUG: NAS-Port-Type: ['Wireless-802.11']
2013-11-20 10:58:05,575: DEBUG: GoGo-Total-Output-Voice-Octets: [0]
2013-11-20 10:58:05,575: DEBUG: GoGo-Private-IP-Address: ['192.168.1.179']
2013-11-20 10:58:05,575: DEBUG: GoGo-Acct-Input-Voice-Gigawords: [0]
2013-11-20 10:58:05,575: DEBUG: GoGo-Total-Input-Packets: [81879]
2013-11-20 10:58:05,576: DEBUG: GoGo-Total-Input-Gigawords: [0]
2013-11-20 10:58:05,576: DEBUG: GoGo-Acct-Input-Voice-Packets: [0]
2013-11-20 10:58:05,576: DEBUG: GoGo-Total-Input-Octets: [8411939]
2013-11-20 10:58:05,576: DEBUG: GoGo-Total-Output-Packets: [1592]
2013-11-20 10:58:05,576: DEBUG: WISPr-Location-ID: [u'airline=BA01,tail=01009,network=']
2013-11-20 10:58:05,576: DEBUG: GoGo-Acct-Output-Voice-Gigawords: [0]
2013-11-20 10:58:05,576: DEBUG: Acct-Input-Octets: [8411939]
2013-11-20 10:58:05,576: ERROR: Network error, Reason: 'Network error: Too many open files'
2013-11-20 10:58:15,577: DEBUG: 

2013-11-20 10:58:15,579: DEBUG: Creating Accounting Update Request with the following Attributes:
2013-11-20 10:58:15,580: DEBUG: User-Name: [u'username80@airborne.aircell.com']
2013-11-20 10:58:15,580: DEBUG: GoGo-Tail-Number: [u'AAATestNAS_220']
2013-11-20 10:58:15,581: DEBUG: Acct-Output-Octets: [8228271]
2013-11-20 10:58:15,581: DEBUG: NAS-IP-Address: ['10.254.225.1']
2013-11-20 10:58:15,582: DEBUG: GoGo-Total-Output-Gigawords: [0]
2013-11-20 10:58:15,582: DEBUG: Framed-IP-Address: ['10.254.225.150']
2013-11-20 10:58:15,583: DEBUG: GoGo-Total-Input-Voice-Gigawords: [0]
2013-11-20 10:58:15,583: DEBUG: GoGo-Total-Output-Octets: [8228271]
2013-11-20 10:58:15,583: DEBUG: GoGo-Acct-Input-Voice-Octets: [0]
2013-11-20 10:58:15,584: DEBUG: GoGo-Total-Input-Voice-Packets: [0]
2013-11-20 10:58:15,584: DEBUG: Called-Station-Id: [u'00:16:3E:05:B4:78']
2013-11-20 10:58:15,585: DEBUG: WISPr-Location-Name: [u'TEST LLC,BA01_01009']
2013-11-20 10:58:15,585: DEBUG: NAS-Identifier: [u'C08386']
2013-11-20 10:58:15,585: DEBUG: Proxy-State: ['3330,3132']
2013-11-20 10:58:15,586: DEBUG: GoGo-Total-Input-Voice-Octets: [0]
2013-11-20 10:58:15,586: DEBUG: Acct-Status-Type: ['Interim-Update']
2013-11-20 10:58:15,586: DEBUG: GoGo-Total-Output-Voice-Gigawords: [0]
2013-11-20 10:58:15,587: DEBUG: GoGo-Airline: [u'BA01']
2013-11-20 10:58:15,587: DEBUG: Acct-Session-Id: [u'AAATestNAS_220-1384925245528-00163E05B478-2']
2013-11-20 10:58:15,587: DEBUG: Acct-Session-Time: [10]
2013-11-20 10:58:15,588: DEBUG: Acct-Input-Packets: [20531]
2013-11-20 10:58:15,588: DEBUG: Acct-Output-Packets: [63620]
2013-11-20 10:58:15,589: DEBUG: GoGo-Acct-Output-Voice-Packets: [0]
2013-11-20 10:58:15,589: DEBUG: GoGo-Acct-Output-Voice-Octets: [0]
2013-11-20 10:58:15,589: DEBUG: Acct-Output-Gigawords: [0]
2013-11-20 10:58:15,590: DEBUG: GoGo-Total-Output-Voice-Packets: [0]
2013-11-20 10:58:15,590: DEBUG: Acct-Input-Gigawords: [0]
2013-11-20 10:58:15,591: DEBUG: Calling-Station-Id: [u'19:21:31:41:52:02']
2013-11-20 10:58:15,591: DEBUG: NAS-Port-Type: ['Wireless-802.11']
2013-11-20 10:58:15,591: DEBUG: GoGo-Total-Output-Voice-Octets: [0]
2013-11-20 10:58:15,592: DEBUG: GoGo-Private-IP-Address: ['192.168.1.179']
2013-11-20 10:58:15,592: DEBUG: GoGo-Acct-Input-Voice-Gigawords: [0]
2013-11-20 10:58:15,592: DEBUG: GoGo-Total-Input-Packets: [20531]
2013-11-20 10:58:15,592: DEBUG: GoGo-Total-Input-Gigawords: [0]
2013-11-20 10:58:15,593: DEBUG: GoGo-Acct-Input-Voice-Packets: [0]
2013-11-20 10:58:15,593: DEBUG: GoGo-Total-Input-Octets: [5426302]
2013-11-20 10:58:15,593: DEBUG: GoGo-Total-Output-Packets: [63620]
2013-11-20 10:58:15,593: DEBUG: WISPr-Location-ID: [u'airline=BA01,tail=01009,network=']
2013-11-20 10:58:15,594: DEBUG: GoGo-Acct-Output-Voice-Gigawords: [0]
2013-11-20 10:58:15,594: DEBUG: Acct-Input-Octets: [5426302]
2013-11-20 10:58:15,594: ERROR: Network error, Reason: 'Network error: Too many open files'
2013-11-20 10:58:25,595: DEBUG: 

2013-11-20 10:58:25,596: DEBUG: Creating Accounting Update Request with the following Attributes:
2013-11-20 10:58:25,596: DEBUG: User-Name: [u'username80@airborne.aircell.com']
2013-11-20 10:58:25,596: DEBUG: GoGo-Tail-Number: [u'AAATestNAS_220']
2013-11-20 10:58:25,596: DEBUG: Acct-Output-Octets: [1180755]
2013-11-20 10:58:25,596: DEBUG: NAS-IP-Address: ['10.254.225.1']
2013-11-20 10:58:25,596: DEBUG: GoGo-Total-Output-Gigawords: [0]
2013-11-20 10:58:25,596: DEBUG: Framed-IP-Address: ['10.254.225.150']
2013-11-20 10:58:25,597: DEBUG: GoGo-Total-Input-Voice-Gigawords: [0]
2013-11-20 10:58:25,597: DEBUG: GoGo-Total-Output-Octets: [1180755]
2013-11-20 10:58:25,597: DEBUG: GoGo-Acct-Input-Voice-Octets: [0]
2013-11-20 10:58:25,598: DEBUG: GoGo-Total-Input-Voice-Packets: [0]
2013-11-20 10:58:25,598: DEBUG: Called-Station-Id: [u'00:16:3E:05:B4:78']
2013-11-20 10:58:25,598: DEBUG: WISPr-Location-Name: [u'TEST LLC,BA01_01009']
2013-11-20 10:58:25,599: DEBUG: NAS-Identifier: [u'C08386']
2013-11-20 10:58:25,599: DEBUG: Proxy-State: ['3330,3132']
2013-11-20 10:58:25,599: DEBUG: GoGo-Total-Input-Voice-Octets: [0]
2013-11-20 10:58:25,599: DEBUG: Acct-Status-Type: ['Interim-Update']
2013-11-20 10:58:25,600: DEBUG: GoGo-Total-Output-Voice-Gigawords: [0]
2013-11-20 10:58:25,600: DEBUG: GoGo-Airline: [u'BA01']
2013-11-20 10:58:25,600: DEBUG: Acct-Session-Id: [u'AAATestNAS_220-1384925245528-00163E05B478-2']
2013-11-20 10:58:25,600: DEBUG: Acct-Session-Time: [10]
2013-11-20 10:58:25,601: DEBUG: Acct-Input-Packets: [30387]
2013-11-20 10:58:25,601: DEBUG: Acct-Output-Packets: [8332]
2013-11-20 10:58:25,601: DEBUG: GoGo-Acct-Output-Voice-Packets: [0]
2013-11-20 10:58:25,602: DEBUG: GoGo-Acct-Output-Voice-Octets: [0]
2013-11-20 10:58:25,602: DEBUG: Acct-Output-Gigawords: [0]
2013-11-20 10:58:25,602: DEBUG: GoGo-Total-Output-Voice-Packets: [0]
2013-11-20 10:58:25,602: DEBUG: Acct-Input-Gigawords: [0]
2013-11-20 10:58:25,602: DEBUG: Calling-Station-Id: [u'19:21:31:41:52:02']
2013-11-20 10:58:25,603: DEBUG: NAS-Port-Type: ['Wireless-802.11']
2013-11-20 10:58:25,603: DEBUG: GoGo-Total-Output-Voice-Octets: [0]
2013-11-20 10:58:25,603: DEBUG: GoGo-Private-IP-Address: ['192.168.1.179']
2013-11-20 10:58:25,604: DEBUG: GoGo-Acct-Input-Voice-Gigawords: [0]
2013-11-20 10:58:25,604: DEBUG: GoGo-Total-Input-Packets: [30387]
2013-11-20 10:58:25,604: DEBUG: GoGo-Total-Input-Gigawords: [0]
2013-11-20 10:58:25,604: DEBUG: GoGo-Acct-Input-Voice-Packets: [0]
2013-11-20 10:58:25,605: DEBUG: GoGo-Total-Input-Octets: [6709571]
2013-11-20 10:58:25,605: DEBUG: GoGo-Total-Output-Packets: [8332]
2013-11-20 10:58:25,605: DEBUG: WISPr-Location-ID: [u'airline=BA01,tail=01009,network=']
2013-11-20 10:58:25,605: DEBUG: GoGo-Acct-Output-Voice-Gigawords: [0]
2013-11-20 10:58:25,605: DEBUG: Acct-Input-Octets: [6709571]
2013-11-20 10:58:25,606: ERROR: Network error, Reason: 'Network error: Too many open files'
2013-11-20 10:58:35,607: DEBUG: 

2013-11-20 10:58:35,608: DEBUG: Creating Accounting Update Request with the following Attributes:
2013-11-20 10:58:35,608: DEBUG: User-Name: [u'username80@airborne.aircell.com']
2013-11-20 10:58:35,608: DEBUG: GoGo-Tail-Number: [u'AAATestNAS_220']
2013-11-20 10:58:35,608: DEBUG: Acct-Output-Octets: [2893082]
2013-11-20 10:58:35,609: DEBUG: NAS-IP-Address: ['10.254.225.1']
2013-11-20 10:58:35,609: DEBUG: GoGo-Total-Output-Gigawords: [0]
2013-11-20 10:58:35,609: DEBUG: Framed-IP-Address: ['10.254.225.150']
2013-11-20 10:58:35,609: DEBUG: GoGo-Total-Input-Voice-Gigawords: [0]
2013-11-20 10:58:35,609: DEBUG: GoGo-Total-Output-Octets: [2893082]
2013-11-20 10:58:35,610: DEBUG: GoGo-Acct-Input-Voice-Octets: [0]
2013-11-20 10:58:35,611: DEBUG: GoGo-Total-Input-Voice-Packets: [0]
2013-11-20 10:58:35,612: DEBUG: Called-Station-Id: [u'00:16:3E:05:B4:78']
2013-11-20 10:58:35,612: DEBUG: WISPr-Location-Name: [u'TEST LLC,BA01_01009']
2013-11-20 10:58:35,613: DEBUG: NAS-Identifier: [u'C08386']
2013-11-20 10:58:35,613: DEBUG: Proxy-State: ['3330,3132']
2013-11-20 10:58:35,613: DEBUG: GoGo-Total-Input-Voice-Octets: [0]
2013-11-20 10:58:35,614: DEBUG: Acct-Status-Type: ['Interim-Update']
2013-11-20 10:58:35,614: DEBUG: GoGo-Total-Output-Voice-Gigawords: [0]
2013-11-20 10:58:35,615: DEBUG: GoGo-Airline: [u'BA01']
2013-11-20 10:58:35,615: DEBUG: Acct-Session-Id: [u'AAATestNAS_220-1384925245528-00163E05B478-2']
2013-11-20 10:58:35,616: DEBUG: Acct-Session-Time: [10]
2013-11-20 10:58:35,616: DEBUG: Acct-Input-Packets: [11543]
2013-11-20 10:58:35,617: DEBUG: Acct-Output-Packets: [6318]
2013-11-20 10:58:35,617: DEBUG: GoGo-Acct-Output-Voice-Packets: [0]
2013-11-20 10:58:35,617: DEBUG: GoGo-Acct-Output-Voice-Octets: [0]
2013-11-20 10:58:35,618: DEBUG: Acct-Output-Gigawords: [0]
2013-11-20 10:58:35,618: DEBUG: GoGo-Total-Output-Voice-Packets: [0]
2013-11-20 10:58:35,618: DEBUG: Acct-Input-Gigawords: [0]
2013-11-20 10:58:35,619: DEBUG: Calling-Station-Id: [u'19:21:31:41:52:02']
2013-11-20 10:58:35,619: DEBUG: NAS-Port-Type: ['Wireless-802.11']
2013-11-20 10:58:35,619: DEBUG: GoGo-Total-Output-Voice-Octets: [0]
2013-11-20 10:58:35,620: DEBUG: GoGo-Private-IP-Address: ['192.168.1.179']
2013-11-20 10:58:35,620: DEBUG: GoGo-Acct-Input-Voice-Gigawords: [0]
2013-11-20 10:58:35,620: DEBUG: GoGo-Total-Input-Packets: [11543]
2013-11-20 10:58:35,621: DEBUG: GoGo-Total-Input-Gigawords: [0]
2013-11-20 10:58:35,621: DEBUG: GoGo-Acct-Input-Voice-Packets: [0]
2013-11-20 10:58:35,621: DEBUG: GoGo-Total-Input-Octets: [1366851]
2013-11-20 10:58:35,621: DEBUG: GoGo-Total-Output-Packets: [6318]
2013-11-20 10:58:35,622: DEBUG: WISPr-Location-ID: [u'airline=BA01,tail=01009,network=']
2013-11-20 10:58:35,622: DEBUG: GoGo-Acct-Output-Voice-Gigawords: [0]
2013-11-20 10:58:35,623: DEBUG: Acct-Input-Octets: [1366851]
2013-11-20 10:58:35,623: ERROR: Network error, Reason: 'Network error: Too many open files'
2013-11-20 10:58:45,624: DEBUG: 

2013-11-20 10:58:45,625: DEBUG: Creating Accounting Update Request with the following Attributes:
2013-11-20 10:58:45,625: DEBUG: User-Name: [u'username80@airborne.aircell.com']
2013-11-20 10:58:45,625: DEBUG: GoGo-Tail-Number: [u'AAATestNAS_220']
2013-11-20 10:58:45,625: DEBUG: Acct-Output-Octets: [4862224]
2013-11-20 10:58:45,626: DEBUG: NAS-IP-Address: ['10.254.225.1']
2013-11-20 10:58:45,626: DEBUG: GoGo-Total-Output-Gigawords: [0]
2013-11-20 10:58:45,626: DEBUG: Framed-IP-Address: ['10.254.225.150']
2013-11-20 10:58:45,626: DEBUG: GoGo-Total-Input-Voice-Gigawords: [0]
2013-11-20 10:58:45,626: DEBUG: GoGo-Total-Output-Octets: [4862224]
2013-11-20 10:58:45,627: DEBUG: GoGo-Acct-Input-Voice-Octets: [0]
2013-11-20 10:58:45,627: DEBUG: GoGo-Total-Input-Voice-Packets: [0]
2013-11-20 10:58:45,627: DEBUG: Called-Station-Id: [u'00:16:3E:05:B4:78']
2013-11-20 10:58:45,627: DEBUG: WISPr-Location-Name: [u'TEST LLC,BA01_01009']
2013-11-20 10:58:45,627: DEBUG: NAS-Identifier: [u'C08386']
2013-11-20 10:58:45,628: DEBUG: Proxy-State: ['3330,3132']
2013-11-20 10:58:45,628: DEBUG: GoGo-Total-Input-Voice-Octets: [0]
2013-11-20 10:58:45,628: DEBUG: Acct-Status-Type: ['Interim-Update']
2013-11-20 10:58:45,628: DEBUG: GoGo-Total-Output-Voice-Gigawords: [0]
2013-11-20 10:58:45,628: DEBUG: GoGo-Airline: [u'BA01']
2013-11-20 10:58:45,628: DEBUG: Acct-Session-Id: [u'AAATestNAS_220-1384925245528-00163E05B478-2']
2013-11-20 10:58:45,629: DEBUG: Acct-Session-Time: [10]
2013-11-20 10:58:45,629: DEBUG: Acct-Input-Packets: [8810]
2013-11-20 10:58:45,629: DEBUG: Acct-Output-Packets: [47206]
2013-11-20 10:58:45,629: DEBUG: GoGo-Acct-Output-Voice-Packets: [0]
2013-11-20 10:58:45,629: DEBUG: GoGo-Acct-Output-Voice-Octets: [0]
2013-11-20 10:58:45,629: DEBUG: Acct-Output-Gigawords: [0]
2013-11-20 10:58:45,629: DEBUG: GoGo-Total-Output-Voice-Packets: [0]
2013-11-20 10:58:45,630: DEBUG: Acct-Input-Gigawords: [0]
2013-11-20 10:58:45,630: DEBUG: Calling-Station-Id: [u'19:21:31:41:52:02']
2013-11-20 10:58:45,630: DEBUG: NAS-Port-Type: ['Wireless-802.11']
2013-11-20 10:58:45,630: DEBUG: GoGo-Total-Output-Voice-Octets: [0]
2013-11-20 10:58:45,630: DEBUG: GoGo-Private-IP-Address: ['192.168.1.179']
2013-11-20 10:58:45,630: DEBUG: GoGo-Acct-Input-Voice-Gigawords: [0]
2013-11-20 10:58:45,631: DEBUG: GoGo-Total-Input-Packets: [8810]
2013-11-20 10:58:45,631: DEBUG: GoGo-Total-Input-Gigawords: [0]
2013-11-20 10:58:45,631: DEBUG: GoGo-Acct-Input-Voice-Packets: [0]
2013-11-20 10:58:45,631: DEBUG: GoGo-Total-Input-Octets: [1850382]
2013-11-20 10:58:45,631: DEBUG: GoGo-Total-Output-Packets: [47206]
2013-11-20 10:58:45,631: DEBUG: WISPr-Location-ID: [u'airline=BA01,tail=01009,network=']
2013-11-20 10:58:45,631: DEBUG: GoGo-Acct-Output-Voice-Gigawords: [0]
2013-11-20 10:58:45,632: DEBUG: Acct-Input-Octets: [1850382]
2013-11-20 10:58:45,632: ERROR: Network error, Reason: 'Network error: Too many open files'
2013-11-20 10:58:51,632: DEBUG: 

2013-11-20 10:58:51,633: DEBUG: Creating Accounting Update Request with the following Attributes:
2013-11-20 10:58:51,633: DEBUG: User-Name: [u'username80@airborne.aircell.com']
2013-11-20 10:58:51,633: DEBUG: GoGo-Tail-Number: [u'AAATestNAS_220']
2013-11-20 10:58:51,633: DEBUG: Acct-Output-Octets: [1129352]
2013-11-20 10:58:51,633: DEBUG: NAS-IP-Address: ['10.254.225.1']
2013-11-20 10:58:51,633: DEBUG: GoGo-Total-Output-Gigawords: [0]
2013-11-20 10:58:51,634: DEBUG: Framed-IP-Address: ['10.254.225.150']
2013-11-20 10:58:51,634: DEBUG: GoGo-Total-Input-Voice-Gigawords: [0]
2013-11-20 10:58:51,634: DEBUG: GoGo-Total-Output-Octets: [1129352]
2013-11-20 10:58:51,634: DEBUG: GoGo-Acct-Input-Voice-Octets: [0]
2013-11-20 10:58:51,634: DEBUG: GoGo-Total-Input-Voice-Packets: [0]
2013-11-20 10:58:51,634: DEBUG: Called-Station-Id: [u'00:16:3E:05:B4:78']
2013-11-20 10:58:51,634: DEBUG: WISPr-Location-Name: [u'TEST LLC,BA01_01009']
2013-11-20 10:58:51,634: DEBUG: NAS-Identifier: [u'C08386']
2013-11-20 10:58:51,634: DEBUG: Proxy-State: ['3330,3132']
2013-11-20 10:58:51,635: DEBUG: GoGo-Total-Input-Voice-Octets: [0]
2013-11-20 10:58:51,635: DEBUG: Acct-Status-Type: ['Interim-Update']
2013-11-20 10:58:51,635: DEBUG: GoGo-Total-Output-Voice-Gigawords: [0]
2013-11-20 10:58:51,635: DEBUG: GoGo-Airline: [u'BA01']
2013-11-20 10:58:51,635: DEBUG: Acct-Session-Id: [u'AAATestNAS_220-1384925245528-00163E05B478-2']
2013-11-20 10:58:51,635: DEBUG: Acct-Session-Time: [6]
2013-11-20 10:58:51,635: DEBUG: Acct-Input-Packets: [13509]
2013-11-20 10:58:51,635: DEBUG: Acct-Output-Packets: [10133]
2013-11-20 10:58:51,635: DEBUG: GoGo-Acct-Output-Voice-Packets: [0]
2013-11-20 10:58:51,635: DEBUG: GoGo-Acct-Output-Voice-Octets: [0]
2013-11-20 10:58:51,636: DEBUG: Acct-Output-Gigawords: [0]
2013-11-20 10:58:51,636: DEBUG: GoGo-Total-Output-Voice-Packets: [0]
2013-11-20 10:58:51,636: DEBUG: Acct-Input-Gigawords: [0]
2013-11-20 10:58:51,636: DEBUG: Calling-Station-Id: [u'19:21:31:41:52:02']
2013-11-20 10:58:51,636: DEBUG: NAS-Port-Type: ['Wireless-802.11']
2013-11-20 10:58:51,636: DEBUG: GoGo-Total-Output-Voice-Octets: [0]
2013-11-20 10:58:51,636: DEBUG: GoGo-Private-IP-Address: ['192.168.1.179']
2013-11-20 10:58:51,636: DEBUG: GoGo-Acct-Input-Voice-Gigawords: [0]
2013-11-20 10:58:51,636: DEBUG: GoGo-Total-Input-Packets: [13509]
2013-11-20 10:58:51,637: DEBUG: GoGo-Total-Input-Gigawords: [0]
2013-11-20 10:58:51,637: DEBUG: GoGo-Acct-Input-Voice-Packets: [0]
2013-11-20 10:58:51,637: DEBUG: GoGo-Total-Input-Octets: [7095387]
2013-11-20 10:58:51,637: DEBUG: GoGo-Total-Output-Packets: [10133]
2013-11-20 10:58:51,637: DEBUG: WISPr-Location-ID: [u'airline=BA01,tail=01009,network=']
2013-11-20 10:58:51,637: DEBUG: GoGo-Acct-Output-Voice-Gigawords: [0]
2013-11-20 10:58:51,637: DEBUG: Acct-Input-Octets: [7095387]
2013-11-20 10:58:51,637: ERROR: Network error, Reason: 'Network error: Too many open files'
2013-11-20 10:59:09,638: DEBUG: 

2013-11-20 10:59:09,639: DEBUG: Creating Accounting Stop Request with the following Attributes:
2013-11-20 10:59:09,639: DEBUG: User-Name: [u'username80@airborne.aircell.com']
2013-11-20 10:59:09,639: DEBUG: GoGo-Tail-Number: [u'01009']
2013-11-20 10:59:09,639: DEBUG: Acct-Output-Octets: [1747144]
2013-11-20 10:59:09,639: DEBUG: NAS-IP-Address: ['10.254.225.1']
2013-11-20 10:59:09,639: DEBUG: GoGo-Total-Output-Gigawords: [0]
2013-11-20 10:59:09,640: DEBUG: Framed-IP-Address: ['10.254.225.150']
2013-11-20 10:59:09,640: DEBUG: GoGo-Total-Input-Voice-Gigawords: [0]
2013-11-20 10:59:09,640: DEBUG: GoGo-Total-Output-Octets: [1747144]
2013-11-20 10:59:09,640: DEBUG: GoGo-Acct-Input-Voice-Octets: [0]
2013-11-20 10:59:09,640: DEBUG: GoGo-Total-Input-Voice-Packets: [0]
2013-11-20 10:59:09,640: DEBUG: Called-Station-Id: [u'00:16:3E:05:B4:78']
2013-11-20 10:59:09,640: DEBUG: WISPr-Location-Name: [u'TEST LLC,BA01_01009']
2013-11-20 10:59:09,640: DEBUG: NAS-Identifier: [u'C08386']
2013-11-20 10:59:09,640: DEBUG: Proxy-State: ['3330,3132']
2013-11-20 10:59:09,640: DEBUG: GoGo-Total-Input-Voice-Octets: [0]
2013-11-20 10:59:09,641: DEBUG: Acct-Status-Type: ['Stop']
2013-11-20 10:59:09,641: DEBUG: GoGo-Total-Output-Voice-Gigawords: [0]
2013-11-20 10:59:09,641: DEBUG: GoGo-Airline: [u'BA01']
2013-11-20 10:59:09,641: DEBUG: Acct-Session-Id: [u'AAATestNAS_220-1384925245528-00163E05B478-2']
2013-11-20 10:59:09,641: DEBUG: Acct-Session-Time: [18]
2013-11-20 10:59:09,641: DEBUG: Acct-Input-Packets: [38117]
2013-11-20 10:59:09,641: DEBUG: Acct-Output-Packets: [4115]
2013-11-20 10:59:09,641: DEBUG: Acct-Terminate-Cause: ['User-Request']
2013-11-20 10:59:09,641: DEBUG: GoGo-Acct-Output-Voice-Octets: [0]
2013-11-20 10:59:09,641: DEBUG: Acct-Output-Gigawords: [0]
2013-11-20 10:59:09,642: DEBUG: GoGo-Total-Output-Voice-Packets: [0]
2013-11-20 10:59:09,642: DEBUG: Acct-Input-Gigawords: [0]
2013-11-20 10:59:09,642: DEBUG: Calling-Station-Id: [u'19:21:31:41:52:02']
2013-11-20 10:59:09,642: DEBUG: NAS-Port-Type: ['Wireless-802.11']
2013-11-20 10:59:09,642: DEBUG: GoGo-Total-Output-Voice-Octets: [0]
2013-11-20 10:59:09,642: DEBUG: GoGo-Private-IP-Address: ['192.168.1.179']
2013-11-20 10:59:09,642: DEBUG: GoGo-Acct-Input-Voice-Gigawords: [0]
2013-11-20 10:59:09,642: DEBUG: GoGo-Total-Input-Packets: [38117]
2013-11-20 10:59:09,642: DEBUG: GoGo-Total-Input-Gigawords: [0]
2013-11-20 10:59:09,642: DEBUG: GoGo-Acct-Input-Voice-Packets: [0]
2013-11-20 10:59:09,643: DEBUG: GoGo-Total-Input-Octets: [4826185]
2013-11-20 10:59:09,643: DEBUG: GoGo-Total-Output-Packets: [4115]
2013-11-20 10:59:09,643: DEBUG: WISPr-Location-ID: [u'airline=BA01,tail=01009,network=']
2013-11-20 10:59:09,643: DEBUG: GoGo-Acct-Output-Voice-Packets: [0]
2013-11-20 10:59:09,643: DEBUG: GoGo-Acct-Output-Voice-Gigawords: [0]
2013-11-20 10:59:09,643: DEBUG: Acct-Input-Octets: [4826185]
2013-11-20 10:59:09,643: ERROR: Network error, Reason: 'Network error: Too many open files'
2013-11-20 10:59:09,643: ERROR: Ending the test for this user
2013-11-20 10:59:09,643: DEBUG: Ending the test for this user
2013-11-20 10:59:10,642: DEBUG: Starting the client for the user username80@airborne.aircell.com to the server localhost

2013-11-20 10:59:10,642: DEBUG: DURATION of the TEST: 14
2013-11-20 10:59:10,642: DEBUG: NAS-IP: 10.254.220.1
2013-11-20 10:59:10,642: DEBUG: NAS-MAC-ADDR: 18:21:31:41:52:96
2013-11-20 10:59:10,642: DEBUG: Abruptly End: False
2013-11-20 10:59:10,642: DEBUG: Framed-IP: 10.254.220.13
2013-11-20 10:59:10,642: DEBUG: User-MAC-Addr: 00:16:3E:68:FF:01
2013-11-20 10:59:10,643: DEBUG: 

2013-11-20 10:59:10,643: DEBUG: Creating Authentication Request with the following Attributes:
2013-11-20 10:59:10,643: DEBUG: NAS-Identifier: [u'C08386']
2013-11-20 10:59:10,644: DEBUG: User-Name: [u'username80@airborne.aircell.com']
2013-11-20 10:59:10,644: DEBUG: NAS-IP-Address: ['10.254.220.1']
2013-11-20 10:59:10,644: DEBUG: Service-Type: ['Authenticate-Only']
2013-11-20 10:59:10,644: DEBUG: Proxy-State: ['3237,3134']
2013-11-20 10:59:10,644: DEBUG: Framed-IP-Address: ['10.254.220.13']
2013-11-20 10:59:10,644: DEBUG: GoGo-Airline: [u'BA01']
2013-11-20 10:59:10,644: DEBUG: Acct-Session-Id: [u'AAATestNAS_215-1384925350643-00163E68FF01-4']
2013-11-20 10:59:10,645: DEBUG: GoGo-Tail-Number: [u'AAATestNAS_215']
2013-11-20 10:59:10,645: DEBUG: GoGo-Private-IP-Address: ['192.168.1.179']
2013-11-20 10:59:10,645: DEBUG: WISPr-Location-ID: [u'airline=BA01,tail=01009,network=']
2013-11-20 10:59:10,645: DEBUG: WISPr-Location-Name: [u'TEST LLC,BA01_01009']
2013-11-20 10:59:10,645: DEBUG: NAS-Port-Type: ['Wireless-802.11']
2013-11-20 10:59:10,645: DEBUG: Called-Station-Id: [u'00:16:3E:68:FF:01']
2013-11-20 10:59:10,645: DEBUG: Calling-Station-Id: [u'18:21:31:41:52:96']
2013-11-20 10:59:10,646: ERROR: Network error, Reason: 'Network error: nodename nor servname provided, or not known'
2013-11-20 10:59:10,646: DEBUG: Ending the test for this user
