2013-11-20 10:55:42,467: DEBUG: Starting the client for the user username30@airborne.aircell.com to the server localhost

2013-11-20 10:55:42,467: DEBUG: DURATION of the TEST: 84
2013-11-20 10:55:42,467: DEBUG: NAS-IP: 10.254.227.1
2013-11-20 10:55:42,467: DEBUG: NAS-MAC-ADDR: 19:21:31:41:52:04
2013-11-20 10:55:42,467: DEBUG: Abruptly End: False
2013-11-20 10:55:42,467: DEBUG: Framed-IP: 10.254.227.117
2013-11-20 10:55:42,467: DEBUG: User-MAC-Addr: 00:16:3E:26:D7:DD
2013-11-20 10:55:42,468: DEBUG: 

2013-11-20 10:55:42,468: DEBUG: Creating Authentication Request with the following Attributes:
2013-11-20 10:55:42,468: DEBUG: NAS-Identifier: [u'C08386']
2013-11-20 10:55:42,468: DEBUG: User-Name: [u'username30@airborne.aircell.com']
2013-11-20 10:55:42,468: DEBUG: NAS-IP-Address: ['10.254.227.1']
2013-11-20 10:55:42,468: DEBUG: Service-Type: ['Authenticate-Only']
2013-11-20 10:55:42,468: DEBUG: Proxy-State: ['3237,3134']
2013-11-20 10:55:42,468: DEBUG: Framed-IP-Address: ['10.254.227.117']
2013-11-20 10:55:42,469: DEBUG: GoGo-Airline: [u'BA01']
2013-11-20 10:55:42,469: DEBUG: Acct-Session-Id: [u'AAATestNAS_222-1384925142468-00163E26D7DD-1']
2013-11-20 10:55:42,469: DEBUG: GoGo-Tail-Number: [u'AAATestNAS_222']
2013-11-20 10:55:42,469: DEBUG: GoGo-Private-IP-Address: ['192.168.1.179']
2013-11-20 10:55:42,469: DEBUG: WISPr-Location-ID: [u'airline=BA01,tail=01009,network=']
2013-11-20 10:55:42,469: DEBUG: WISPr-Location-Name: [u'TEST LLC,BA01_01009']
2013-11-20 10:55:42,469: DEBUG: NAS-Port-Type: ['Wireless-802.11']
2013-11-20 10:55:42,469: DEBUG: Called-Station-Id: [u'00:16:3E:26:D7:DD']
2013-11-20 10:55:42,469: DEBUG: Calling-Station-Id: [u'19:21:31:41:52:04']
2013-11-20 10:55:42,470: DEBUG: 

2013-11-20 10:55:42,470: DEBUG: Received response with code: 2, Accepted
2013-11-20 10:55:42,471: DEBUG: Creating Authentication Request with the following Attributes:
2013-11-20 10:55:42,471: DEBUG: NAS-Identifier: [u'C08386']
2013-11-20 10:55:42,471: DEBUG: User-Name: [u'username30@airborne.aircell.com']
2013-11-20 10:55:42,471: DEBUG: NAS-IP-Address: ['10.254.227.1']
2013-11-20 10:55:42,471: DEBUG: Service-Type: ['Login-User']
2013-11-20 10:55:42,471: DEBUG: Proxy-State: ['3237,3134']
2013-11-20 10:55:42,471: DEBUG: Framed-IP-Address: ['10.254.227.117']
2013-11-20 10:55:42,471: DEBUG: GoGo-Airline: [u'BA01']
2013-11-20 10:55:42,471: DEBUG: Acct-Session-Id: [u'AAATestNAS_222-1384925142470-00163E26D7DD-1']
2013-11-20 10:55:42,471: DEBUG: GoGo-Tail-Number: [u'AAATestNAS_222']
2013-11-20 10:55:42,471: DEBUG: GoGo-Private-IP-Address: ['192.168.1.179']
2013-11-20 10:55:42,472: DEBUG: WISPr-Location-ID: [u'airline=BA01,tail=01009,network=']
2013-11-20 10:55:42,472: DEBUG: WISPr-Location-Name: [u'TEST LLC,BA01_01009']
2013-11-20 10:55:42,472: DEBUG: NAS-Port-Type: ['Wireless-802.11']
2013-11-20 10:55:42,472: DEBUG: Called-Station-Id: [u'00:16:3E:26:D7:DD']
2013-11-20 10:55:42,472: DEBUG: Calling-Station-Id: [u'19:21:31:41:52:04']
2013-11-20 10:55:42,473: DEBUG: 

2013-11-20 10:55:42,473: DEBUG: Received response with code: 2, Accepted
2013-11-20 10:55:42,473: DEBUG: 

2013-11-20 10:55:42,473: DEBUG: Creating Accounting start Request with the following Attributes:
2013-11-20 10:55:42,473: DEBUG: NAS-Identifier: [u'C08386']
2013-11-20 10:55:42,473: DEBUG: User-Name: [u'username30@airborne.aircell.com']
2013-11-20 10:55:42,473: DEBUG: GoGo-Tail-Number: [u'AAATestNAS_222']
2013-11-20 10:55:42,474: DEBUG: NAS-IP-Address: ['10.254.227.1']
2013-11-20 10:55:42,474: DEBUG: Proxy-State: ['3239,3131']
2013-11-20 10:55:42,474: DEBUG: Acct-Status-Type: ['Start']
2013-11-20 10:55:42,474: DEBUG: GoGo-Airline: [u'BA01']
2013-11-20 10:55:42,474: DEBUG: Acct-Session-Id: [u'AAATestNAS_222-1384925142470-00163E26D7DD-1']
2013-11-20 10:55:42,474: DEBUG: GoGo-Private-IP-Address: ['192.168.1.179']
2013-11-20 10:55:42,474: DEBUG: Framed-IP-Address: ['10.254.227.117']
2013-11-20 10:55:42,474: DEBUG: WISPr-Location-ID: [u'airline=BA01,tail=01009,network=']
2013-11-20 10:55:42,474: DEBUG: WISPr-Location-Name: [u'TEST LLC,BA01_01009']
2013-11-20 10:55:42,474: DEBUG: NAS-Port-Type: ['Wireless-802.11']
2013-11-20 10:55:42,474: DEBUG: Called-Station-Id: [u'00:16:3E:26:D7:DD']
2013-11-20 10:55:42,474: DEBUG: Calling-Station-Id: [u'19:21:31:41:52:04']
2013-11-20 10:55:42,475: DEBUG: 

2013-11-20 10:55:42,475: DEBUG: Received response with following attributes:
2013-11-20 10:55:52,477: DEBUG: 

2013-11-20 10:55:52,477: DEBUG: Creating Accounting Update Request with the following Attributes:
2013-11-20 10:55:52,478: DEBUG: User-Name: [u'username30@airborne.aircell.com']
2013-11-20 10:55:52,478: DEBUG: GoGo-Tail-Number: [u'AAATestNAS_222']
2013-11-20 10:55:52,479: DEBUG: Acct-Output-Octets: [3036976]
2013-11-20 10:55:52,479: DEBUG: NAS-IP-Address: ['10.254.227.1']
2013-11-20 10:55:52,480: DEBUG: GoGo-Total-Output-Gigawords: [0]
2013-11-20 10:55:52,480: DEBUG: Framed-IP-Address: ['10.254.227.117']
2013-11-20 10:55:52,481: DEBUG: GoGo-Total-Input-Voice-Gigawords: [0]
2013-11-20 10:55:52,482: DEBUG: GoGo-Total-Output-Octets: [3036976]
2013-11-20 10:55:52,482: DEBUG: GoGo-Acct-Input-Voice-Octets: [0]
2013-11-20 10:55:52,483: DEBUG: GoGo-Total-Input-Voice-Packets: [0]
2013-11-20 10:55:52,483: DEBUG: Called-Station-Id: [u'00:16:3E:26:D7:DD']
2013-11-20 10:55:52,483: DEBUG: WISPr-Location-Name: [u'TEST LLC,BA01_01009']
2013-11-20 10:55:52,484: DEBUG: NAS-Identifier: [u'C08386']
2013-11-20 10:55:52,484: DEBUG: Proxy-State: ['3330,3132']
2013-11-20 10:55:52,484: DEBUG: GoGo-Total-Input-Voice-Octets: [0]
2013-11-20 10:55:52,485: DEBUG: Acct-Status-Type: ['Interim-Update']
2013-11-20 10:55:52,486: DEBUG: GoGo-Total-Output-Voice-Gigawords: [0]
2013-11-20 10:55:52,486: DEBUG: GoGo-Airline: [u'BA01']
2013-11-20 10:55:52,486: DEBUG: Acct-Session-Id: [u'AAATestNAS_222-1384925142470-00163E26D7DD-1']
2013-11-20 10:55:52,487: DEBUG: Acct-Session-Time: [10]
2013-11-20 10:55:52,488: DEBUG: Acct-Input-Packets: [24706]
2013-11-20 10:55:52,488: DEBUG: Acct-Output-Packets: [15732]
2013-11-20 10:55:52,489: DEBUG: GoGo-Acct-Output-Voice-Packets: [0]
2013-11-20 10:55:52,489: DEBUG: GoGo-Acct-Output-Voice-Octets: [0]
2013-11-20 10:55:52,490: DEBUG: Acct-Output-Gigawords: [0]
2013-11-20 10:55:52,492: DEBUG: GoGo-Total-Output-Voice-Packets: [0]
2013-11-20 10:55:52,493: DEBUG: Acct-Input-Gigawords: [0]
2013-11-20 10:55:52,494: DEBUG: Calling-Station-Id: [u'19:21:31:41:52:04']
2013-11-20 10:55:52,494: DEBUG: NAS-Port-Type: ['Wireless-802.11']
2013-11-20 10:55:52,496: DEBUG: GoGo-Total-Output-Voice-Octets: [0]
2013-11-20 10:55:52,496: DEBUG: GoGo-Private-IP-Address: ['192.168.1.179']
2013-11-20 10:55:52,497: DEBUG: GoGo-Acct-Input-Voice-Gigawords: [0]
2013-11-20 10:55:52,497: DEBUG: GoGo-Total-Input-Packets: [24706]
2013-11-20 10:55:52,497: DEBUG: GoGo-Total-Input-Gigawords: [0]
2013-11-20 10:55:52,497: DEBUG: GoGo-Acct-Input-Voice-Packets: [0]
2013-11-20 10:55:52,498: DEBUG: GoGo-Total-Input-Octets: [6015273]
2013-11-20 10:55:52,499: DEBUG: GoGo-Total-Output-Packets: [15732]
2013-11-20 10:55:52,499: DEBUG: WISPr-Location-ID: [u'airline=BA01,tail=01009,network=']
2013-11-20 10:55:52,499: DEBUG: GoGo-Acct-Output-Voice-Gigawords: [0]
2013-11-20 10:55:52,499: DEBUG: Acct-Input-Octets: [6015273]
2013-11-20 10:55:52,502: DEBUG: 

2013-11-20 10:55:52,502: DEBUG: Received response with following attributes:
2013-11-20 10:56:02,504: DEBUG: 

2013-11-20 10:56:02,505: DEBUG: Creating Accounting Update Request with the following Attributes:
2013-11-20 10:56:02,506: DEBUG: User-Name: [u'username30@airborne.aircell.com']
2013-11-20 10:56:02,506: DEBUG: GoGo-Tail-Number: [u'AAATestNAS_222']
2013-11-20 10:56:02,506: DEBUG: Acct-Output-Octets: [4460671]
2013-11-20 10:56:02,507: DEBUG: NAS-IP-Address: ['10.254.227.1']
2013-11-20 10:56:02,507: DEBUG: GoGo-Total-Output-Gigawords: [0]
2013-11-20 10:56:02,507: DEBUG: Framed-IP-Address: ['10.254.227.117']
2013-11-20 10:56:02,509: DEBUG: GoGo-Total-Input-Voice-Gigawords: [0]
2013-11-20 10:56:02,509: DEBUG: GoGo-Total-Output-Octets: [4460671]
2013-11-20 10:56:02,511: DEBUG: GoGo-Acct-Input-Voice-Octets: [0]
2013-11-20 10:56:02,511: DEBUG: GoGo-Total-Input-Voice-Packets: [0]
2013-11-20 10:56:02,512: DEBUG: Called-Station-Id: [u'00:16:3E:26:D7:DD']
2013-11-20 10:56:02,516: DEBUG: WISPr-Location-Name: [u'TEST LLC,BA01_01009']
2013-11-20 10:56:02,520: DEBUG: NAS-Identifier: [u'C08386']
2013-11-20 10:56:02,520: DEBUG: Proxy-State: ['3330,3132']
2013-11-20 10:56:02,523: DEBUG: GoGo-Total-Input-Voice-Octets: [0]
2013-11-20 10:56:02,526: DEBUG: Acct-Status-Type: ['Interim-Update']
2013-11-20 10:56:02,527: DEBUG: GoGo-Total-Output-Voice-Gigawords: [0]
2013-11-20 10:56:02,527: DEBUG: GoGo-Airline: [u'BA01']
2013-11-20 10:56:02,528: DEBUG: Acct-Session-Id: [u'AAATestNAS_222-1384925142470-00163E26D7DD-1']
2013-11-20 10:56:02,528: DEBUG: Acct-Session-Time: [10]
2013-11-20 10:56:02,532: DEBUG: Acct-Input-Packets: [81146]
2013-11-20 10:56:02,537: DEBUG: Acct-Output-Packets: [25191]
2013-11-20 10:56:02,539: DEBUG: GoGo-Acct-Output-Voice-Packets: [0]
2013-11-20 10:56:02,543: DEBUG: GoGo-Acct-Output-Voice-Octets: [0]
2013-11-20 10:56:02,544: DEBUG: Acct-Output-Gigawords: [0]
2013-11-20 10:56:02,544: DEBUG: GoGo-Total-Output-Voice-Packets: [0]
2013-11-20 10:56:02,544: DEBUG: Acct-Input-Gigawords: [0]
2013-11-20 10:56:02,546: DEBUG: Calling-Station-Id: [u'19:21:31:41:52:04']
2013-11-20 10:56:02,549: DEBUG: NAS-Port-Type: ['Wireless-802.11']
2013-11-20 10:56:02,550: DEBUG: GoGo-Total-Output-Voice-Octets: [0]
2013-11-20 10:56:02,551: DEBUG: GoGo-Private-IP-Address: ['192.168.1.179']
2013-11-20 10:56:02,552: DEBUG: GoGo-Acct-Input-Voice-Gigawords: [0]
2013-11-20 10:56:02,554: DEBUG: GoGo-Total-Input-Packets: [81146]
2013-11-20 10:56:02,555: DEBUG: GoGo-Total-Input-Gigawords: [0]
2013-11-20 10:56:02,557: DEBUG: GoGo-Acct-Input-Voice-Packets: [0]
2013-11-20 10:56:02,559: DEBUG: GoGo-Total-Input-Octets: [8658510]
2013-11-20 10:56:02,560: DEBUG: GoGo-Total-Output-Packets: [25191]
2013-11-20 10:56:02,560: DEBUG: WISPr-Location-ID: [u'airline=BA01,tail=01009,network=']
2013-11-20 10:56:02,562: DEBUG: GoGo-Acct-Output-Voice-Gigawords: [0]
2013-11-20 10:56:02,564: DEBUG: Acct-Input-Octets: [8658510]
2013-11-20 10:56:02,572: DEBUG: 

2013-11-20 10:56:02,573: DEBUG: Received response with following attributes:
2013-11-20 10:56:12,575: DEBUG: 

2013-11-20 10:56:12,575: DEBUG: Creating Accounting Update Request with the following Attributes:
2013-11-20 10:56:12,576: DEBUG: User-Name: [u'username30@airborne.aircell.com']
2013-11-20 10:56:12,576: DEBUG: GoGo-Tail-Number: [u'AAATestNAS_222']
2013-11-20 10:56:12,576: DEBUG: Acct-Output-Octets: [7327894]
2013-11-20 10:56:12,577: DEBUG: NAS-IP-Address: ['10.254.227.1']
2013-11-20 10:56:12,577: DEBUG: GoGo-Total-Output-Gigawords: [0]
2013-11-20 10:56:12,577: DEBUG: Framed-IP-Address: ['10.254.227.117']
2013-11-20 10:56:12,577: DEBUG: GoGo-Total-Input-Voice-Gigawords: [0]
2013-11-20 10:56:12,578: DEBUG: GoGo-Total-Output-Octets: [7327894]
2013-11-20 10:56:12,578: DEBUG: GoGo-Acct-Input-Voice-Octets: [0]
2013-11-20 10:56:12,578: DEBUG: GoGo-Total-Input-Voice-Packets: [0]
2013-11-20 10:56:12,578: DEBUG: Called-Station-Id: [u'00:16:3E:26:D7:DD']
2013-11-20 10:56:12,579: DEBUG: WISPr-Location-Name: [u'TEST LLC,BA01_01009']
2013-11-20 10:56:12,579: DEBUG: NAS-Identifier: [u'C08386']
2013-11-20 10:56:12,579: DEBUG: Proxy-State: ['3330,3132']
2013-11-20 10:56:12,579: DEBUG: GoGo-Total-Input-Voice-Octets: [0]
2013-11-20 10:56:12,579: DEBUG: Acct-Status-Type: ['Interim-Update']
2013-11-20 10:56:12,579: DEBUG: GoGo-Total-Output-Voice-Gigawords: [0]
2013-11-20 10:56:12,580: DEBUG: GoGo-Airline: [u'BA01']
2013-11-20 10:56:12,580: DEBUG: Acct-Session-Id: [u'AAATestNAS_222-1384925142470-00163E26D7DD-1']
2013-11-20 10:56:12,580: DEBUG: Acct-Session-Time: [10]
2013-11-20 10:56:12,580: DEBUG: Acct-Input-Packets: [67862]
2013-11-20 10:56:12,580: DEBUG: Acct-Output-Packets: [58214]
2013-11-20 10:56:12,580: DEBUG: GoGo-Acct-Output-Voice-Packets: [0]
2013-11-20 10:56:12,581: DEBUG: GoGo-Acct-Output-Voice-Octets: [0]
2013-11-20 10:56:12,581: DEBUG: Acct-Output-Gigawords: [0]
2013-11-20 10:56:12,582: DEBUG: GoGo-Total-Output-Voice-Packets: [0]
2013-11-20 10:56:12,582: DEBUG: Acct-Input-Gigawords: [0]
2013-11-20 10:56:12,583: DEBUG: Calling-Station-Id: [u'19:21:31:41:52:04']
2013-11-20 10:56:12,583: DEBUG: NAS-Port-Type: ['Wireless-802.11']
2013-11-20 10:56:12,583: DEBUG: GoGo-Total-Output-Voice-Octets: [0]
2013-11-20 10:56:12,584: DEBUG: GoGo-Private-IP-Address: ['192.168.1.179']
2013-11-20 10:56:12,585: DEBUG: GoGo-Acct-Input-Voice-Gigawords: [0]
2013-11-20 10:56:12,585: DEBUG: GoGo-Total-Input-Packets: [67862]
2013-11-20 10:56:12,586: DEBUG: GoGo-Total-Input-Gigawords: [0]
2013-11-20 10:56:12,586: DEBUG: GoGo-Acct-Input-Voice-Packets: [0]
2013-11-20 10:56:12,586: DEBUG: GoGo-Total-Input-Octets: [8855345]
2013-11-20 10:56:12,586: DEBUG: GoGo-Total-Output-Packets: [58214]
2013-11-20 10:56:12,587: DEBUG: WISPr-Location-ID: [u'airline=BA01,tail=01009,network=']
2013-11-20 10:56:12,587: DEBUG: GoGo-Acct-Output-Voice-Gigawords: [0]
2013-11-20 10:56:12,587: DEBUG: Acct-Input-Octets: [8855345]
2013-11-20 10:56:12,589: DEBUG: 

2013-11-20 10:56:12,589: DEBUG: Received response with following attributes:
2013-11-20 10:56:22,590: DEBUG: 

2013-11-20 10:56:22,591: DEBUG: Creating Accounting Update Request with the following Attributes:
2013-11-20 10:56:22,591: DEBUG: User-Name: [u'username30@airborne.aircell.com']
2013-11-20 10:56:22,592: DEBUG: GoGo-Tail-Number: [u'AAATestNAS_222']
2013-11-20 10:56:22,592: DEBUG: Acct-Output-Octets: [8724687]
2013-11-20 10:56:22,592: DEBUG: NAS-IP-Address: ['10.254.227.1']
2013-11-20 10:56:22,592: DEBUG: GoGo-Total-Output-Gigawords: [0]
2013-11-20 10:56:22,592: DEBUG: Framed-IP-Address: ['10.254.227.117']
2013-11-20 10:56:22,592: DEBUG: GoGo-Total-Input-Voice-Gigawords: [0]
2013-11-20 10:56:22,593: DEBUG: GoGo-Total-Output-Octets: [8724687]
2013-11-20 10:56:22,593: DEBUG: GoGo-Acct-Input-Voice-Octets: [0]
2013-11-20 10:56:22,593: DEBUG: GoGo-Total-Input-Voice-Packets: [0]
2013-11-20 10:56:22,593: DEBUG: Called-Station-Id: [u'00:16:3E:26:D7:DD']
2013-11-20 10:56:22,593: DEBUG: WISPr-Location-Name: [u'TEST LLC,BA01_01009']
2013-11-20 10:56:22,593: DEBUG: NAS-Identifier: [u'C08386']
2013-11-20 10:56:22,594: DEBUG: Proxy-State: ['3330,3132']
2013-11-20 10:56:22,594: DEBUG: GoGo-Total-Input-Voice-Octets: [0]
2013-11-20 10:56:22,594: DEBUG: Acct-Status-Type: ['Interim-Update']
2013-11-20 10:56:22,594: DEBUG: GoGo-Total-Output-Voice-Gigawords: [0]
2013-11-20 10:56:22,594: DEBUG: GoGo-Airline: [u'BA01']
2013-11-20 10:56:22,595: DEBUG: Acct-Session-Id: [u'AAATestNAS_222-1384925142470-00163E26D7DD-1']
2013-11-20 10:56:22,595: DEBUG: Acct-Session-Time: [10]
2013-11-20 10:56:22,595: DEBUG: Acct-Input-Packets: [17880]
2013-11-20 10:56:22,595: DEBUG: Acct-Output-Packets: [32712]
2013-11-20 10:56:22,595: DEBUG: GoGo-Acct-Output-Voice-Packets: [0]
2013-11-20 10:56:22,595: DEBUG: GoGo-Acct-Output-Voice-Octets: [0]
2013-11-20 10:56:22,596: DEBUG: Acct-Output-Gigawords: [0]
2013-11-20 10:56:22,596: DEBUG: GoGo-Total-Output-Voice-Packets: [0]
2013-11-20 10:56:22,597: DEBUG: Acct-Input-Gigawords: [0]
2013-11-20 10:56:22,597: DEBUG: Calling-Station-Id: [u'19:21:31:41:52:04']
2013-11-20 10:56:22,597: DEBUG: NAS-Port-Type: ['Wireless-802.11']
2013-11-20 10:56:22,597: DEBUG: GoGo-Total-Output-Voice-Octets: [0]
2013-11-20 10:56:22,598: DEBUG: GoGo-Private-IP-Address: ['192.168.1.179']
2013-11-20 10:56:22,599: DEBUG: GoGo-Acct-Input-Voice-Gigawords: [0]
2013-11-20 10:56:22,599: DEBUG: GoGo-Total-Input-Packets: [17880]
2013-11-20 10:56:22,599: DEBUG: GoGo-Total-Input-Gigawords: [0]
2013-11-20 10:56:22,600: DEBUG: GoGo-Acct-Input-Voice-Packets: [0]
2013-11-20 10:56:22,600: DEBUG: GoGo-Total-Input-Octets: [3035529]
2013-11-20 10:56:22,601: DEBUG: GoGo-Total-Output-Packets: [32712]
2013-11-20 10:56:22,601: DEBUG: WISPr-Location-ID: [u'airline=BA01,tail=01009,network=']
2013-11-20 10:56:22,601: DEBUG: GoGo-Acct-Output-Voice-Gigawords: [0]
2013-11-20 10:56:22,601: DEBUG: Acct-Input-Octets: [3035529]
2013-11-20 10:56:22,604: DEBUG: 

2013-11-20 10:56:22,605: DEBUG: Received response with following attributes:
2013-11-20 10:56:32,605: DEBUG: 

2013-11-20 10:56:32,605: DEBUG: Creating Accounting Update Request with the following Attributes:
2013-11-20 10:56:32,605: DEBUG: User-Name: [u'username30@airborne.aircell.com']
2013-11-20 10:56:32,606: DEBUG: GoGo-Tail-Number: [u'AAATestNAS_222']
2013-11-20 10:56:32,606: DEBUG: Acct-Output-Octets: [1854143]
2013-11-20 10:56:32,606: DEBUG: NAS-IP-Address: ['10.254.227.1']
2013-11-20 10:56:32,606: DEBUG: GoGo-Total-Output-Gigawords: [0]
2013-11-20 10:56:32,606: DEBUG: Framed-IP-Address: ['10.254.227.117']
2013-11-20 10:56:32,606: DEBUG: GoGo-Total-Input-Voice-Gigawords: [0]
2013-11-20 10:56:32,606: DEBUG: GoGo-Total-Output-Octets: [1854143]
2013-11-20 10:56:32,606: DEBUG: GoGo-Acct-Input-Voice-Octets: [0]
2013-11-20 10:56:32,606: DEBUG: GoGo-Total-Input-Voice-Packets: [0]
2013-11-20 10:56:32,606: DEBUG: Called-Station-Id: [u'00:16:3E:26:D7:DD']
2013-11-20 10:56:32,606: DEBUG: WISPr-Location-Name: [u'TEST LLC,BA01_01009']
2013-11-20 10:56:32,606: DEBUG: NAS-Identifier: [u'C08386']
2013-11-20 10:56:32,606: DEBUG: Proxy-State: ['3330,3132']
2013-11-20 10:56:32,606: DEBUG: GoGo-Total-Input-Voice-Octets: [0]
2013-11-20 10:56:32,607: DEBUG: Acct-Status-Type: ['Interim-Update']
2013-11-20 10:56:32,607: DEBUG: GoGo-Total-Output-Voice-Gigawords: [0]
2013-11-20 10:56:32,607: DEBUG: GoGo-Airline: [u'BA01']
2013-11-20 10:56:32,607: DEBUG: Acct-Session-Id: [u'AAATestNAS_222-1384925142470-00163E26D7DD-1']
2013-11-20 10:56:32,607: DEBUG: Acct-Session-Time: [10]
2013-11-20 10:56:32,607: DEBUG: Acct-Input-Packets: [40887]
2013-11-20 10:56:32,607: DEBUG: Acct-Output-Packets: [17321]
2013-11-20 10:56:32,607: DEBUG: GoGo-Acct-Output-Voice-Packets: [0]
2013-11-20 10:56:32,607: DEBUG: GoGo-Acct-Output-Voice-Octets: [0]
2013-11-20 10:56:32,607: DEBUG: Acct-Output-Gigawords: [0]
2013-11-20 10:56:32,607: DEBUG: GoGo-Total-Output-Voice-Packets: [0]
2013-11-20 10:56:32,607: DEBUG: Acct-Input-Gigawords: [0]
2013-11-20 10:56:32,607: DEBUG: Calling-Station-Id: [u'19:21:31:41:52:04']
2013-11-20 10:56:32,607: DEBUG: NAS-Port-Type: ['Wireless-802.11']
2013-11-20 10:56:32,608: DEBUG: GoGo-Total-Output-Voice-Octets: [0]
2013-11-20 10:56:32,608: DEBUG: GoGo-Private-IP-Address: ['192.168.1.179']
2013-11-20 10:56:32,608: DEBUG: GoGo-Acct-Input-Voice-Gigawords: [0]
2013-11-20 10:56:32,608: DEBUG: GoGo-Total-Input-Packets: [40887]
2013-11-20 10:56:32,608: DEBUG: GoGo-Total-Input-Gigawords: [0]
2013-11-20 10:56:32,608: DEBUG: GoGo-Acct-Input-Voice-Packets: [0]
2013-11-20 10:56:32,608: DEBUG: GoGo-Total-Input-Octets: [5869263]
2013-11-20 10:56:32,608: DEBUG: GoGo-Total-Output-Packets: [17321]
2013-11-20 10:56:32,608: DEBUG: WISPr-Location-ID: [u'airline=BA01,tail=01009,network=']
2013-11-20 10:56:32,608: DEBUG: GoGo-Acct-Output-Voice-Gigawords: [0]
2013-11-20 10:56:32,608: DEBUG: Acct-Input-Octets: [5869263]
2013-11-20 10:56:32,610: DEBUG: 

2013-11-20 10:56:32,610: DEBUG: Received response with following attributes:
2013-11-20 10:56:42,611: DEBUG: 

2013-11-20 10:56:42,612: DEBUG: Creating Accounting Update Request with the following Attributes:
2013-11-20 10:56:42,612: DEBUG: User-Name: [u'username30@airborne.aircell.com']
2013-11-20 10:56:42,612: DEBUG: GoGo-Tail-Number: [u'AAATestNAS_222']
2013-11-20 10:56:42,612: DEBUG: Acct-Output-Octets: [7001029]
2013-11-20 10:56:42,612: DEBUG: NAS-IP-Address: ['10.254.227.1']
2013-11-20 10:56:42,612: DEBUG: GoGo-Total-Output-Gigawords: [0]
2013-11-20 10:56:42,612: DEBUG: Framed-IP-Address: ['10.254.227.117']
2013-11-20 10:56:42,612: DEBUG: GoGo-Total-Input-Voice-Gigawords: [0]
2013-11-20 10:56:42,612: DEBUG: GoGo-Total-Output-Octets: [7001029]
2013-11-20 10:56:42,612: DEBUG: GoGo-Acct-Input-Voice-Octets: [0]
2013-11-20 10:56:42,612: DEBUG: GoGo-Total-Input-Voice-Packets: [0]
2013-11-20 10:56:42,612: DEBUG: Called-Station-Id: [u'00:16:3E:26:D7:DD']
2013-11-20 10:56:42,612: DEBUG: WISPr-Location-Name: [u'TEST LLC,BA01_01009']
2013-11-20 10:56:42,613: DEBUG: NAS-Identifier: [u'C08386']
2013-11-20 10:56:42,613: DEBUG: Proxy-State: ['3330,3132']
2013-11-20 10:56:42,613: DEBUG: GoGo-Total-Input-Voice-Octets: [0]
2013-11-20 10:56:42,613: DEBUG: Acct-Status-Type: ['Interim-Update']
2013-11-20 10:56:42,613: DEBUG: GoGo-Total-Output-Voice-Gigawords: [0]
2013-11-20 10:56:42,613: DEBUG: GoGo-Airline: [u'BA01']
2013-11-20 10:56:42,613: DEBUG: Acct-Session-Id: [u'AAATestNAS_222-1384925142470-00163E26D7DD-1']
2013-11-20 10:56:42,613: DEBUG: Acct-Session-Time: [10]
2013-11-20 10:56:42,613: DEBUG: Acct-Input-Packets: [39096]
2013-11-20 10:56:42,613: DEBUG: Acct-Output-Packets: [10704]
2013-11-20 10:56:42,613: DEBUG: GoGo-Acct-Output-Voice-Packets: [0]
2013-11-20 10:56:42,613: DEBUG: GoGo-Acct-Output-Voice-Octets: [0]
2013-11-20 10:56:42,613: DEBUG: Acct-Output-Gigawords: [0]
2013-11-20 10:56:42,613: DEBUG: GoGo-Total-Output-Voice-Packets: [0]
2013-11-20 10:56:42,614: DEBUG: Acct-Input-Gigawords: [0]
2013-11-20 10:56:42,614: DEBUG: Calling-Station-Id: [u'19:21:31:41:52:04']
2013-11-20 10:56:42,614: DEBUG: NAS-Port-Type: ['Wireless-802.11']
2013-11-20 10:56:42,614: DEBUG: GoGo-Total-Output-Voice-Octets: [0]
2013-11-20 10:56:42,614: DEBUG: GoGo-Private-IP-Address: ['192.168.1.179']
2013-11-20 10:56:42,614: DEBUG: GoGo-Acct-Input-Voice-Gigawords: [0]
2013-11-20 10:56:42,614: DEBUG: GoGo-Total-Input-Packets: [39096]
2013-11-20 10:56:42,614: DEBUG: GoGo-Total-Input-Gigawords: [0]
2013-11-20 10:56:42,614: DEBUG: GoGo-Acct-Input-Voice-Packets: [0]
2013-11-20 10:56:42,614: DEBUG: GoGo-Total-Input-Octets: [7087199]
2013-11-20 10:56:42,614: DEBUG: GoGo-Total-Output-Packets: [10704]
2013-11-20 10:56:42,614: DEBUG: WISPr-Location-ID: [u'airline=BA01,tail=01009,network=']
2013-11-20 10:56:42,614: DEBUG: GoGo-Acct-Output-Voice-Gigawords: [0]
2013-11-20 10:56:42,614: DEBUG: Acct-Input-Octets: [7087199]
2013-11-20 10:56:42,616: DEBUG: 

2013-11-20 10:56:42,616: DEBUG: Received response with following attributes:
2013-11-20 10:56:52,616: DEBUG: 

2013-11-20 10:56:52,617: DEBUG: Creating Accounting Update Request with the following Attributes:
2013-11-20 10:56:52,617: DEBUG: User-Name: [u'username30@airborne.aircell.com']
2013-11-20 10:56:52,617: DEBUG: GoGo-Tail-Number: [u'AAATestNAS_222']
2013-11-20 10:56:52,617: DEBUG: Acct-Output-Octets: [9303424]
2013-11-20 10:56:52,617: DEBUG: NAS-IP-Address: ['10.254.227.1']
2013-11-20 10:56:52,617: DEBUG: GoGo-Total-Output-Gigawords: [0]
2013-11-20 10:56:52,617: DEBUG: Framed-IP-Address: ['10.254.227.117']
2013-11-20 10:56:52,617: DEBUG: GoGo-Total-Input-Voice-Gigawords: [0]
2013-11-20 10:56:52,617: DEBUG: GoGo-Total-Output-Octets: [9303424]
2013-11-20 10:56:52,618: DEBUG: GoGo-Acct-Input-Voice-Octets: [0]
2013-11-20 10:56:52,618: DEBUG: GoGo-Total-Input-Voice-Packets: [0]
2013-11-20 10:56:52,618: DEBUG: Called-Station-Id: [u'00:16:3E:26:D7:DD']
2013-11-20 10:56:52,618: DEBUG: WISPr-Location-Name: [u'TEST LLC,BA01_01009']
2013-11-20 10:56:52,618: DEBUG: NAS-Identifier: [u'C08386']
2013-11-20 10:56:52,618: DEBUG: Proxy-State: ['3330,3132']
2013-11-20 10:56:52,618: DEBUG: GoGo-Total-Input-Voice-Octets: [0]
2013-11-20 10:56:52,618: DEBUG: Acct-Status-Type: ['Interim-Update']
2013-11-20 10:56:52,618: DEBUG: GoGo-Total-Output-Voice-Gigawords: [0]
2013-11-20 10:56:52,618: DEBUG: GoGo-Airline: [u'BA01']
2013-11-20 10:56:52,618: DEBUG: Acct-Session-Id: [u'AAATestNAS_222-1384925142470-00163E26D7DD-1']
2013-11-20 10:56:52,618: DEBUG: Acct-Session-Time: [10]
2013-11-20 10:56:52,618: DEBUG: Acct-Input-Packets: [9477]
2013-11-20 10:56:52,618: DEBUG: Acct-Output-Packets: [48284]
2013-11-20 10:56:52,619: DEBUG: GoGo-Acct-Output-Voice-Packets: [0]
2013-11-20 10:56:52,619: DEBUG: GoGo-Acct-Output-Voice-Octets: [0]
2013-11-20 10:56:52,619: DEBUG: Acct-Output-Gigawords: [0]
2013-11-20 10:56:52,619: DEBUG: GoGo-Total-Output-Voice-Packets: [0]
2013-11-20 10:56:52,619: DEBUG: Acct-Input-Gigawords: [0]
2013-11-20 10:56:52,619: DEBUG: Calling-Station-Id: [u'19:21:31:41:52:04']
2013-11-20 10:56:52,619: DEBUG: NAS-Port-Type: ['Wireless-802.11']
2013-11-20 10:56:52,619: DEBUG: GoGo-Total-Output-Voice-Octets: [0]
2013-11-20 10:56:52,619: DEBUG: GoGo-Private-IP-Address: ['192.168.1.179']
2013-11-20 10:56:52,619: DEBUG: GoGo-Acct-Input-Voice-Gigawords: [0]
2013-11-20 10:56:52,619: DEBUG: GoGo-Total-Input-Packets: [9477]
2013-11-20 10:56:52,619: DEBUG: GoGo-Total-Input-Gigawords: [0]
2013-11-20 10:56:52,619: DEBUG: GoGo-Acct-Input-Voice-Packets: [0]
2013-11-20 10:56:52,619: DEBUG: GoGo-Total-Input-Octets: [3571816]
2013-11-20 10:56:52,619: DEBUG: GoGo-Total-Output-Packets: [48284]
2013-11-20 10:56:52,620: DEBUG: WISPr-Location-ID: [u'airline=BA01,tail=01009,network=']
2013-11-20 10:56:52,620: DEBUG: GoGo-Acct-Output-Voice-Gigawords: [0]
2013-11-20 10:56:52,620: DEBUG: Acct-Input-Octets: [3571816]
2013-11-20 10:56:52,621: DEBUG: 

2013-11-20 10:56:52,621: DEBUG: Received response with following attributes:
2013-11-20 10:57:02,622: DEBUG: 

2013-11-20 10:57:02,623: DEBUG: Creating Accounting Update Request with the following Attributes:
2013-11-20 10:57:02,623: DEBUG: User-Name: [u'username30@airborne.aircell.com']
2013-11-20 10:57:02,623: DEBUG: GoGo-Tail-Number: [u'AAATestNAS_222']
2013-11-20 10:57:02,623: DEBUG: Acct-Output-Octets: [5536130]
2013-11-20 10:57:02,623: DEBUG: NAS-IP-Address: ['10.254.227.1']
2013-11-20 10:57:02,623: DEBUG: GoGo-Total-Output-Gigawords: [0]
2013-11-20 10:57:02,623: DEBUG: Framed-IP-Address: ['10.254.227.117']
2013-11-20 10:57:02,623: DEBUG: GoGo-Total-Input-Voice-Gigawords: [0]
2013-11-20 10:57:02,623: DEBUG: GoGo-Total-Output-Octets: [5536130]
2013-11-20 10:57:02,624: DEBUG: GoGo-Acct-Input-Voice-Octets: [0]
2013-11-20 10:57:02,624: DEBUG: GoGo-Total-Input-Voice-Packets: [0]
2013-11-20 10:57:02,624: DEBUG: Called-Station-Id: [u'00:16:3E:26:D7:DD']
2013-11-20 10:57:02,624: DEBUG: WISPr-Location-Name: [u'TEST LLC,BA01_01009']
2013-11-20 10:57:02,624: DEBUG: NAS-Identifier: [u'C08386']
2013-11-20 10:57:02,624: DEBUG: Proxy-State: ['3330,3132']
2013-11-20 10:57:02,624: DEBUG: GoGo-Total-Input-Voice-Octets: [0]
2013-11-20 10:57:02,624: DEBUG: Acct-Status-Type: ['Interim-Update']
2013-11-20 10:57:02,624: DEBUG: GoGo-Total-Output-Voice-Gigawords: [0]
2013-11-20 10:57:02,624: DEBUG: GoGo-Airline: [u'BA01']
2013-11-20 10:57:02,624: DEBUG: Acct-Session-Id: [u'AAATestNAS_222-1384925142470-00163E26D7DD-1']
2013-11-20 10:57:02,624: DEBUG: Acct-Session-Time: [10]
2013-11-20 10:57:02,624: DEBUG: Acct-Input-Packets: [49588]
2013-11-20 10:57:02,624: DEBUG: Acct-Output-Packets: [42967]
2013-11-20 10:57:02,625: DEBUG: GoGo-Acct-Output-Voice-Packets: [0]
2013-11-20 10:57:02,625: DEBUG: GoGo-Acct-Output-Voice-Octets: [0]
2013-11-20 10:57:02,625: DEBUG: Acct-Output-Gigawords: [0]
2013-11-20 10:57:02,625: DEBUG: GoGo-Total-Output-Voice-Packets: [0]
2013-11-20 10:57:02,625: DEBUG: Acct-Input-Gigawords: [0]
2013-11-20 10:57:02,625: DEBUG: Calling-Station-Id: [u'19:21:31:41:52:04']
2013-11-20 10:57:02,625: DEBUG: NAS-Port-Type: ['Wireless-802.11']
2013-11-20 10:57:02,625: DEBUG: GoGo-Total-Output-Voice-Octets: [0]
2013-11-20 10:57:02,625: DEBUG: GoGo-Private-IP-Address: ['192.168.1.179']
2013-11-20 10:57:02,625: DEBUG: GoGo-Acct-Input-Voice-Gigawords: [0]
2013-11-20 10:57:02,625: DEBUG: GoGo-Total-Input-Packets: [49588]
2013-11-20 10:57:02,625: DEBUG: GoGo-Total-Input-Gigawords: [0]
2013-11-20 10:57:02,625: DEBUG: GoGo-Acct-Input-Voice-Packets: [0]
2013-11-20 10:57:02,625: DEBUG: GoGo-Total-Input-Octets: [5140504]
2013-11-20 10:57:02,625: DEBUG: GoGo-Total-Output-Packets: [42967]
2013-11-20 10:57:02,626: DEBUG: WISPr-Location-ID: [u'airline=BA01,tail=01009,network=']
2013-11-20 10:57:02,626: DEBUG: GoGo-Acct-Output-Voice-Gigawords: [0]
2013-11-20 10:57:02,626: DEBUG: Acct-Input-Octets: [5140504]
2013-11-20 10:57:02,627: DEBUG: 

2013-11-20 10:57:02,627: DEBUG: Received response with following attributes:
2013-11-20 10:57:21,628: DEBUG: 

2013-11-20 10:57:21,629: DEBUG: Creating Accounting Stop Request with the following Attributes:
2013-11-20 10:57:21,629: DEBUG: User-Name: [u'username30@airborne.aircell.com']
2013-11-20 10:57:21,629: DEBUG: GoGo-Tail-Number: [u'01009']
2013-11-20 10:57:21,630: DEBUG: Acct-Output-Octets: [6390014]
2013-11-20 10:57:21,630: DEBUG: NAS-IP-Address: ['10.254.227.1']
2013-11-20 10:57:21,631: DEBUG: GoGo-Total-Output-Gigawords: [0]
2013-11-20 10:57:21,631: DEBUG: Framed-IP-Address: ['10.254.227.117']
2013-11-20 10:57:21,632: DEBUG: GoGo-Total-Input-Voice-Gigawords: [0]
2013-11-20 10:57:21,633: DEBUG: GoGo-Total-Output-Octets: [6390014]
2013-11-20 10:57:21,633: DEBUG: GoGo-Acct-Input-Voice-Octets: [0]
2013-11-20 10:57:21,633: DEBUG: GoGo-Total-Input-Voice-Packets: [0]
2013-11-20 10:57:21,633: DEBUG: Called-Station-Id: [u'00:16:3E:26:D7:DD']
2013-11-20 10:57:21,634: DEBUG: WISPr-Location-Name: [u'TEST LLC,BA01_01009']
2013-11-20 10:57:21,634: DEBUG: NAS-Identifier: [u'C08386']
2013-11-20 10:57:21,635: DEBUG: Proxy-State: ['3330,3132']
2013-11-20 10:57:21,635: DEBUG: GoGo-Total-Input-Voice-Octets: [0]
2013-11-20 10:57:21,635: DEBUG: Acct-Status-Type: ['Stop']
2013-11-20 10:57:21,636: DEBUG: GoGo-Total-Output-Voice-Gigawords: [0]
2013-11-20 10:57:21,636: DEBUG: GoGo-Airline: [u'BA01']
2013-11-20 10:57:21,636: DEBUG: Acct-Session-Id: [u'AAATestNAS_222-1384925142470-00163E26D7DD-1']
2013-11-20 10:57:21,637: DEBUG: Acct-Session-Time: [19]
2013-11-20 10:57:21,637: DEBUG: Acct-Input-Packets: [33350]
2013-11-20 10:57:21,637: DEBUG: Acct-Output-Packets: [55476]
2013-11-20 10:57:21,638: DEBUG: Acct-Terminate-Cause: ['User-Request']
2013-11-20 10:57:21,638: DEBUG: GoGo-Acct-Output-Voice-Octets: [0]
2013-11-20 10:57:21,639: DEBUG: Acct-Output-Gigawords: [0]
2013-11-20 10:57:21,639: DEBUG: GoGo-Total-Output-Voice-Packets: [0]
2013-11-20 10:57:21,640: DEBUG: Acct-Input-Gigawords: [0]
2013-11-20 10:57:21,640: DEBUG: Calling-Station-Id: [u'19:21:31:41:52:04']
2013-11-20 10:57:21,640: DEBUG: NAS-Port-Type: ['Wireless-802.11']
2013-11-20 10:57:21,640: DEBUG: GoGo-Total-Output-Voice-Octets: [0]
2013-11-20 10:57:21,641: DEBUG: GoGo-Private-IP-Address: ['192.168.1.179']
2013-11-20 10:57:21,641: DEBUG: GoGo-Acct-Input-Voice-Gigawords: [0]
2013-11-20 10:57:21,641: DEBUG: GoGo-Total-Input-Packets: [33350]
2013-11-20 10:57:21,642: DEBUG: GoGo-Total-Input-Gigawords: [0]
2013-11-20 10:57:21,643: DEBUG: GoGo-Acct-Input-Voice-Packets: [0]
2013-11-20 10:57:21,643: DEBUG: GoGo-Total-Input-Octets: [4676800]
2013-11-20 10:57:21,643: DEBUG: GoGo-Total-Output-Packets: [55476]
2013-11-20 10:57:21,644: DEBUG: WISPr-Location-ID: [u'airline=BA01,tail=01009,network=']
2013-11-20 10:57:21,644: DEBUG: GoGo-Acct-Output-Voice-Packets: [0]
2013-11-20 10:57:21,644: DEBUG: GoGo-Acct-Output-Voice-Gigawords: [0]
2013-11-20 10:57:21,645: DEBUG: Acct-Input-Octets: [4676800]
2013-11-20 10:57:21,647: DEBUG: 

2013-11-20 10:57:21,647: DEBUG: Received response with following attributes:
2013-11-20 10:57:21,648: DEBUG: Ending the test for this user
2013-11-20 10:57:22,495: DEBUG: Starting the client for the user username30@airborne.aircell.com to the server localhost

2013-11-20 10:57:22,495: DEBUG: DURATION of the TEST: 53
2013-11-20 10:57:22,495: DEBUG: NAS-IP: 10.254.190.1
2013-11-20 10:57:22,495: DEBUG: NAS-MAC-ADDR: 18:21:31:41:52:66
2013-11-20 10:57:22,495: DEBUG: Abruptly End: False
2013-11-20 10:57:22,495: DEBUG: Framed-IP: 10.254.190.79
2013-11-20 10:57:22,496: DEBUG: User-MAC-Addr: 00:16:3E:76:8E:ED
2013-11-20 10:57:22,496: DEBUG: 

2013-11-20 10:57:22,496: DEBUG: Creating Authentication Request with the following Attributes:
2013-11-20 10:57:22,496: DEBUG: NAS-Identifier: [u'C08386']
2013-11-20 10:57:22,496: DEBUG: User-Name: [u'username30@airborne.aircell.com']
2013-11-20 10:57:22,497: DEBUG: NAS-IP-Address: ['10.254.190.1']
2013-11-20 10:57:22,497: DEBUG: Service-Type: ['Authenticate-Only']
2013-11-20 10:57:22,497: DEBUG: Proxy-State: ['3237,3134']
2013-11-20 10:57:22,497: DEBUG: Framed-IP-Address: ['10.254.190.79']
2013-11-20 10:57:22,497: DEBUG: GoGo-Airline: [u'BA01']
2013-11-20 10:57:22,497: DEBUG: Acct-Session-Id: [u'AAATestNAS_185-1384925242496-00163E768EED-2']
2013-11-20 10:57:22,497: DEBUG: GoGo-Tail-Number: [u'AAATestNAS_185']
2013-11-20 10:57:22,497: DEBUG: GoGo-Private-IP-Address: ['192.168.1.179']
2013-11-20 10:57:22,497: DEBUG: WISPr-Location-ID: [u'airline=BA01,tail=01009,network=']
2013-11-20 10:57:22,498: DEBUG: WISPr-Location-Name: [u'TEST LLC,BA01_01009']
2013-11-20 10:57:22,498: DEBUG: NAS-Port-Type: ['Wireless-802.11']
2013-11-20 10:57:22,498: DEBUG: Called-Station-Id: [u'00:16:3E:76:8E:ED']
2013-11-20 10:57:22,498: DEBUG: Calling-Station-Id: [u'18:21:31:41:52:66']
2013-11-20 10:57:22,499: DEBUG: 

2013-11-20 10:57:22,499: DEBUG: Received response with code: 2, Accepted
2013-11-20 10:57:22,499: DEBUG: Creating Authentication Request with the following Attributes:
2013-11-20 10:57:22,500: DEBUG: NAS-Identifier: [u'C08386']
2013-11-20 10:57:22,500: DEBUG: User-Name: [u'username30@airborne.aircell.com']
2013-11-20 10:57:22,500: DEBUG: NAS-IP-Address: ['10.254.190.1']
2013-11-20 10:57:22,500: DEBUG: Service-Type: ['Login-User']
2013-11-20 10:57:22,500: DEBUG: Proxy-State: ['3237,3134']
2013-11-20 10:57:22,500: DEBUG: Framed-IP-Address: ['10.254.190.79']
2013-11-20 10:57:22,500: DEBUG: GoGo-Airline: [u'BA01']
2013-11-20 10:57:22,500: DEBUG: Acct-Session-Id: [u'AAATestNAS_185-1384925242499-00163E768EED-2']
2013-11-20 10:57:22,500: DEBUG: GoGo-Tail-Number: [u'AAATestNAS_185']
2013-11-20 10:57:22,501: DEBUG: GoGo-Private-IP-Address: ['192.168.1.179']
2013-11-20 10:57:22,501: DEBUG: WISPr-Location-ID: [u'airline=BA01,tail=01009,network=']
2013-11-20 10:57:22,501: DEBUG: WISPr-Location-Name: [u'TEST LLC,BA01_01009']
2013-11-20 10:57:22,501: DEBUG: NAS-Port-Type: ['Wireless-802.11']
2013-11-20 10:57:22,502: DEBUG: Called-Station-Id: [u'00:16:3E:76:8E:ED']
2013-11-20 10:57:22,502: DEBUG: Calling-Station-Id: [u'18:21:31:41:52:66']
2013-11-20 10:57:22,504: DEBUG: 

2013-11-20 10:57:22,504: DEBUG: Received response with code: 2, Accepted
2013-11-20 10:57:22,504: DEBUG: 

2013-11-20 10:57:22,505: DEBUG: Creating Accounting start Request with the following Attributes:
2013-11-20 10:57:22,505: DEBUG: NAS-Identifier: [u'C08386']
2013-11-20 10:57:22,506: DEBUG: User-Name: [u'username30@airborne.aircell.com']
2013-11-20 10:57:22,506: DEBUG: GoGo-Tail-Number: [u'AAATestNAS_185']
2013-11-20 10:57:22,506: DEBUG: NAS-IP-Address: ['10.254.190.1']
2013-11-20 10:57:22,506: DEBUG: Proxy-State: ['3239,3131']
2013-11-20 10:57:22,507: DEBUG: Acct-Status-Type: ['Start']
2013-11-20 10:57:22,507: DEBUG: GoGo-Airline: [u'BA01']
2013-11-20 10:57:22,507: DEBUG: Acct-Session-Id: [u'AAATestNAS_185-1384925242499-00163E768EED-2']
2013-11-20 10:57:22,507: DEBUG: GoGo-Private-IP-Address: ['192.168.1.179']
2013-11-20 10:57:22,508: DEBUG: Framed-IP-Address: ['10.254.190.79']
2013-11-20 10:57:22,508: DEBUG: WISPr-Location-ID: [u'airline=BA01,tail=01009,network=']
2013-11-20 10:57:22,508: DEBUG: WISPr-Location-Name: [u'TEST LLC,BA01_01009']
2013-11-20 10:57:22,509: DEBUG: NAS-Port-Type: ['Wireless-802.11']
2013-11-20 10:57:22,509: DEBUG: Called-Station-Id: [u'00:16:3E:76:8E:ED']
2013-11-20 10:57:22,509: DEBUG: Calling-Station-Id: [u'18:21:31:41:52:66']
2013-11-20 10:57:22,511: DEBUG: 

2013-11-20 10:57:22,511: DEBUG: Received response with following attributes:
2013-11-20 10:57:32,512: DEBUG: 

2013-11-20 10:57:32,513: DEBUG: Creating Accounting Update Request with the following Attributes:
2013-11-20 10:57:32,513: DEBUG: User-Name: [u'username30@airborne.aircell.com']
2013-11-20 10:57:32,515: DEBUG: GoGo-Tail-Number: [u'AAATestNAS_185']
2013-11-20 10:57:32,515: DEBUG: Acct-Output-Octets: [2004435]
2013-11-20 10:57:32,516: DEBUG: NAS-IP-Address: ['10.254.190.1']
2013-11-20 10:57:32,516: DEBUG: GoGo-Total-Output-Gigawords: [0]
2013-11-20 10:57:32,517: DEBUG: Framed-IP-Address: ['10.254.190.79']
2013-11-20 10:57:32,517: DEBUG: GoGo-Total-Input-Voice-Gigawords: [0]
2013-11-20 10:57:32,517: DEBUG: GoGo-Total-Output-Octets: [2004435]
2013-11-20 10:57:32,518: DEBUG: GoGo-Acct-Input-Voice-Octets: [0]
2013-11-20 10:57:32,518: DEBUG: GoGo-Total-Input-Voice-Packets: [0]
2013-11-20 10:57:32,519: DEBUG: Called-Station-Id: [u'00:16:3E:76:8E:ED']
2013-11-20 10:57:32,519: DEBUG: WISPr-Location-Name: [u'TEST LLC,BA01_01009']
2013-11-20 10:57:32,520: DEBUG: NAS-Identifier: [u'C08386']
2013-11-20 10:57:32,520: DEBUG: Proxy-State: ['3330,3132']
2013-11-20 10:57:32,520: DEBUG: GoGo-Total-Input-Voice-Octets: [0]
2013-11-20 10:57:32,520: DEBUG: Acct-Status-Type: ['Interim-Update']
2013-11-20 10:57:32,521: DEBUG: GoGo-Total-Output-Voice-Gigawords: [0]
2013-11-20 10:57:32,521: DEBUG: GoGo-Airline: [u'BA01']
2013-11-20 10:57:32,521: DEBUG: Acct-Session-Id: [u'AAATestNAS_185-1384925242499-00163E768EED-2']
2013-11-20 10:57:32,521: DEBUG: Acct-Session-Time: [10]
2013-11-20 10:57:32,522: DEBUG: Acct-Input-Packets: [45768]
2013-11-20 10:57:32,522: DEBUG: Acct-Output-Packets: [2184]
2013-11-20 10:57:32,522: DEBUG: GoGo-Acct-Output-Voice-Packets: [0]
2013-11-20 10:57:32,522: DEBUG: GoGo-Acct-Output-Voice-Octets: [0]
2013-11-20 10:57:32,523: DEBUG: Acct-Output-Gigawords: [0]
2013-11-20 10:57:32,523: DEBUG: GoGo-Total-Output-Voice-Packets: [0]
2013-11-20 10:57:32,523: DEBUG: Acct-Input-Gigawords: [0]
2013-11-20 10:57:32,524: DEBUG: Calling-Station-Id: [u'18:21:31:41:52:66']
2013-11-20 10:57:32,524: DEBUG: NAS-Port-Type: ['Wireless-802.11']
2013-11-20 10:57:32,524: DEBUG: GoGo-Total-Output-Voice-Octets: [0]
2013-11-20 10:57:32,524: DEBUG: GoGo-Private-IP-Address: ['192.168.1.179']
2013-11-20 10:57:32,525: DEBUG: GoGo-Acct-Input-Voice-Gigawords: [0]
2013-11-20 10:57:32,525: DEBUG: GoGo-Total-Input-Packets: [45768]
2013-11-20 10:57:32,525: DEBUG: GoGo-Total-Input-Gigawords: [0]
2013-11-20 10:57:32,525: DEBUG: GoGo-Acct-Input-Voice-Packets: [0]
2013-11-20 10:57:32,526: DEBUG: GoGo-Total-Input-Octets: [4875265]
2013-11-20 10:57:32,526: DEBUG: GoGo-Total-Output-Packets: [2184]
2013-11-20 10:57:32,526: DEBUG: WISPr-Location-ID: [u'airline=BA01,tail=01009,network=']
2013-11-20 10:57:32,527: DEBUG: GoGo-Acct-Output-Voice-Gigawords: [0]
2013-11-20 10:57:32,527: DEBUG: Acct-Input-Octets: [4875265]
2013-11-20 10:57:32,527: ERROR: Network error, Reason: 'Network error: Too many open files'
2013-11-20 10:57:42,528: DEBUG: 

2013-11-20 10:57:42,529: DEBUG: Creating Accounting Update Request with the following Attributes:
2013-11-20 10:57:42,530: DEBUG: User-Name: [u'username30@airborne.aircell.com']
2013-11-20 10:57:42,530: DEBUG: GoGo-Tail-Number: [u'AAATestNAS_185']
2013-11-20 10:57:42,530: DEBUG: Acct-Output-Octets: [9572078]
2013-11-20 10:57:42,530: DEBUG: NAS-IP-Address: ['10.254.190.1']
2013-11-20 10:57:42,531: DEBUG: GoGo-Total-Output-Gigawords: [0]
2013-11-20 10:57:42,531: DEBUG: Framed-IP-Address: ['10.254.190.79']
2013-11-20 10:57:42,531: DEBUG: GoGo-Total-Input-Voice-Gigawords: [0]
2013-11-20 10:57:42,531: DEBUG: GoGo-Total-Output-Octets: [9572078]
2013-11-20 10:57:42,532: DEBUG: GoGo-Acct-Input-Voice-Octets: [0]
2013-11-20 10:57:42,532: DEBUG: GoGo-Total-Input-Voice-Packets: [0]
2013-11-20 10:57:42,532: DEBUG: Called-Station-Id: [u'00:16:3E:76:8E:ED']
2013-11-20 10:57:42,532: DEBUG: WISPr-Location-Name: [u'TEST LLC,BA01_01009']
2013-11-20 10:57:42,533: DEBUG: NAS-Identifier: [u'C08386']
2013-11-20 10:57:42,533: DEBUG: Proxy-State: ['3330,3132']
2013-11-20 10:57:42,534: DEBUG: GoGo-Total-Input-Voice-Octets: [0]
2013-11-20 10:57:42,534: DEBUG: Acct-Status-Type: ['Interim-Update']
2013-11-20 10:57:42,534: DEBUG: GoGo-Total-Output-Voice-Gigawords: [0]
2013-11-20 10:57:42,534: DEBUG: GoGo-Airline: [u'BA01']
2013-11-20 10:57:42,535: DEBUG: Acct-Session-Id: [u'AAATestNAS_185-1384925242499-00163E768EED-2']
2013-11-20 10:57:42,535: DEBUG: Acct-Session-Time: [10]
2013-11-20 10:57:42,535: DEBUG: Acct-Input-Packets: [21921]
2013-11-20 10:57:42,535: DEBUG: Acct-Output-Packets: [39967]
2013-11-20 10:57:42,536: DEBUG: GoGo-Acct-Output-Voice-Packets: [0]
2013-11-20 10:57:42,536: DEBUG: GoGo-Acct-Output-Voice-Octets: [0]
2013-11-20 10:57:42,536: DEBUG: Acct-Output-Gigawords: [0]
2013-11-20 10:57:42,536: DEBUG: GoGo-Total-Output-Voice-Packets: [0]
2013-11-20 10:57:42,537: DEBUG: Acct-Input-Gigawords: [0]
2013-11-20 10:57:42,537: DEBUG: Calling-Station-Id: [u'18:21:31:41:52:66']
2013-11-20 10:57:42,537: DEBUG: NAS-Port-Type: ['Wireless-802.11']
2013-11-20 10:57:42,537: DEBUG: GoGo-Total-Output-Voice-Octets: [0]
2013-11-20 10:57:42,538: DEBUG: GoGo-Private-IP-Address: ['192.168.1.179']
2013-11-20 10:57:42,538: DEBUG: GoGo-Acct-Input-Voice-Gigawords: [0]
2013-11-20 10:57:42,538: DEBUG: GoGo-Total-Input-Packets: [21921]
2013-11-20 10:57:42,538: DEBUG: GoGo-Total-Input-Gigawords: [0]
2013-11-20 10:57:42,539: DEBUG: GoGo-Acct-Input-Voice-Packets: [0]
2013-11-20 10:57:42,539: DEBUG: GoGo-Total-Input-Octets: [2298822]
2013-11-20 10:57:42,539: DEBUG: GoGo-Total-Output-Packets: [39967]
2013-11-20 10:57:42,540: DEBUG: WISPr-Location-ID: [u'airline=BA01,tail=01009,network=']
2013-11-20 10:57:42,540: DEBUG: GoGo-Acct-Output-Voice-Gigawords: [0]
2013-11-20 10:57:42,540: DEBUG: Acct-Input-Octets: [2298822]
2013-11-20 10:57:42,541: ERROR: Network error, Reason: 'Network error: Too many open files'
2013-11-20 10:57:52,541: DEBUG: 

2013-11-20 10:57:52,542: DEBUG: Creating Accounting Update Request with the following Attributes:
2013-11-20 10:57:52,542: DEBUG: User-Name: [u'username30@airborne.aircell.com']
2013-11-20 10:57:52,542: DEBUG: GoGo-Tail-Number: [u'AAATestNAS_185']
2013-11-20 10:57:52,542: DEBUG: Acct-Output-Octets: [8144993]
2013-11-20 10:57:52,543: DEBUG: NAS-IP-Address: ['10.254.190.1']
2013-11-20 10:57:52,543: DEBUG: GoGo-Total-Output-Gigawords: [0]
2013-11-20 10:57:52,544: DEBUG: Framed-IP-Address: ['10.254.190.79']
2013-11-20 10:57:52,544: DEBUG: GoGo-Total-Input-Voice-Gigawords: [0]
2013-11-20 10:57:52,544: DEBUG: GoGo-Total-Output-Octets: [8144993]
2013-11-20 10:57:52,544: DEBUG: GoGo-Acct-Input-Voice-Octets: [0]
2013-11-20 10:57:52,545: DEBUG: GoGo-Total-Input-Voice-Packets: [0]
2013-11-20 10:57:52,545: DEBUG: Called-Station-Id: [u'00:16:3E:76:8E:ED']
2013-11-20 10:57:52,545: DEBUG: WISPr-Location-Name: [u'TEST LLC,BA01_01009']
2013-11-20 10:57:52,546: DEBUG: NAS-Identifier: [u'C08386']
2013-11-20 10:57:52,546: DEBUG: Proxy-State: ['3330,3132']
2013-11-20 10:57:52,546: DEBUG: GoGo-Total-Input-Voice-Octets: [0]
2013-11-20 10:57:52,546: DEBUG: Acct-Status-Type: ['Interim-Update']
2013-11-20 10:57:52,547: DEBUG: GoGo-Total-Output-Voice-Gigawords: [0]
2013-11-20 10:57:52,547: DEBUG: GoGo-Airline: [u'BA01']
2013-11-20 10:57:52,547: DEBUG: Acct-Session-Id: [u'AAATestNAS_185-1384925242499-00163E768EED-2']
2013-11-20 10:57:52,547: DEBUG: Acct-Session-Time: [10]
2013-11-20 10:57:52,548: DEBUG: Acct-Input-Packets: [35842]
2013-11-20 10:57:52,548: DEBUG: Acct-Output-Packets: [56765]
2013-11-20 10:57:52,549: DEBUG: GoGo-Acct-Output-Voice-Packets: [0]
2013-11-20 10:57:52,549: DEBUG: GoGo-Acct-Output-Voice-Octets: [0]
2013-11-20 10:57:52,549: DEBUG: Acct-Output-Gigawords: [0]
2013-11-20 10:57:52,549: DEBUG: GoGo-Total-Output-Voice-Packets: [0]
2013-11-20 10:57:52,550: DEBUG: Acct-Input-Gigawords: [0]
2013-11-20 10:57:52,550: DEBUG: Calling-Station-Id: [u'18:21:31:41:52:66']
2013-11-20 10:57:52,550: DEBUG: NAS-Port-Type: ['Wireless-802.11']
2013-11-20 10:57:52,551: DEBUG: GoGo-Total-Output-Voice-Octets: [0]
2013-11-20 10:57:52,551: DEBUG: GoGo-Private-IP-Address: ['192.168.1.179']
2013-11-20 10:57:52,551: DEBUG: GoGo-Acct-Input-Voice-Gigawords: [0]
2013-11-20 10:57:52,551: DEBUG: GoGo-Total-Input-Packets: [35842]
2013-11-20 10:57:52,552: DEBUG: GoGo-Total-Input-Gigawords: [0]
2013-11-20 10:57:52,552: DEBUG: GoGo-Acct-Input-Voice-Packets: [0]
2013-11-20 10:57:52,552: DEBUG: GoGo-Total-Input-Octets: [5667123]
2013-11-20 10:57:52,552: DEBUG: GoGo-Total-Output-Packets: [56765]
2013-11-20 10:57:52,553: DEBUG: WISPr-Location-ID: [u'airline=BA01,tail=01009,network=']
2013-11-20 10:57:52,553: DEBUG: GoGo-Acct-Output-Voice-Gigawords: [0]
2013-11-20 10:57:52,554: DEBUG: Acct-Input-Octets: [5667123]
2013-11-20 10:57:52,554: ERROR: Network error, Reason: 'Network error: Too many open files'
2013-11-20 10:58:02,556: DEBUG: 

2013-11-20 10:58:02,558: DEBUG: Creating Accounting Update Request with the following Attributes:
2013-11-20 10:58:02,559: DEBUG: User-Name: [u'username30@airborne.aircell.com']
2013-11-20 10:58:02,559: DEBUG: GoGo-Tail-Number: [u'AAATestNAS_185']
2013-11-20 10:58:02,560: DEBUG: Acct-Output-Octets: [4036773]
2013-11-20 10:58:02,560: DEBUG: NAS-IP-Address: ['10.254.190.1']
2013-11-20 10:58:02,561: DEBUG: GoGo-Total-Output-Gigawords: [0]
2013-11-20 10:58:02,562: DEBUG: Framed-IP-Address: ['10.254.190.79']
2013-11-20 10:58:02,562: DEBUG: GoGo-Total-Input-Voice-Gigawords: [0]
2013-11-20 10:58:02,563: DEBUG: GoGo-Total-Output-Octets: [4036773]
2013-11-20 10:58:02,564: DEBUG: GoGo-Acct-Input-Voice-Octets: [0]
2013-11-20 10:58:02,565: DEBUG: GoGo-Total-Input-Voice-Packets: [0]
2013-11-20 10:58:02,565: DEBUG: Called-Station-Id: [u'00:16:3E:76:8E:ED']
2013-11-20 10:58:02,566: DEBUG: WISPr-Location-Name: [u'TEST LLC,BA01_01009']
2013-11-20 10:58:02,566: DEBUG: NAS-Identifier: [u'C08386']
2013-11-20 10:58:02,567: DEBUG: Proxy-State: ['3330,3132']
2013-11-20 10:58:02,567: DEBUG: GoGo-Total-Input-Voice-Octets: [0]
2013-11-20 10:58:02,568: DEBUG: Acct-Status-Type: ['Interim-Update']
2013-11-20 10:58:02,568: DEBUG: GoGo-Total-Output-Voice-Gigawords: [0]
2013-11-20 10:58:02,569: DEBUG: GoGo-Airline: [u'BA01']
2013-11-20 10:58:02,569: DEBUG: Acct-Session-Id: [u'AAATestNAS_185-1384925242499-00163E768EED-2']
2013-11-20 10:58:02,570: DEBUG: Acct-Session-Time: [10]
2013-11-20 10:58:02,570: DEBUG: Acct-Input-Packets: [16075]
2013-11-20 10:58:02,570: DEBUG: Acct-Output-Packets: [14755]
2013-11-20 10:58:02,570: DEBUG: GoGo-Acct-Output-Voice-Packets: [0]
2013-11-20 10:58:02,571: DEBUG: GoGo-Acct-Output-Voice-Octets: [0]
2013-11-20 10:58:02,571: DEBUG: Acct-Output-Gigawords: [0]
2013-11-20 10:58:02,572: DEBUG: GoGo-Total-Output-Voice-Packets: [0]
2013-11-20 10:58:02,573: DEBUG: Acct-Input-Gigawords: [0]
2013-11-20 10:58:02,573: DEBUG: Calling-Station-Id: [u'18:21:31:41:52:66']
2013-11-20 10:58:02,574: DEBUG: NAS-Port-Type: ['Wireless-802.11']
2013-11-20 10:58:02,574: DEBUG: GoGo-Total-Output-Voice-Octets: [0]
2013-11-20 10:58:02,574: DEBUG: GoGo-Private-IP-Address: ['192.168.1.179']
2013-11-20 10:58:02,575: DEBUG: GoGo-Acct-Input-Voice-Gigawords: [0]
2013-11-20 10:58:02,575: DEBUG: GoGo-Total-Input-Packets: [16075]
2013-11-20 10:58:02,576: DEBUG: GoGo-Total-Input-Gigawords: [0]
2013-11-20 10:58:02,576: DEBUG: GoGo-Acct-Input-Voice-Packets: [0]
2013-11-20 10:58:02,577: DEBUG: GoGo-Total-Input-Octets: [2877705]
2013-11-20 10:58:02,577: DEBUG: GoGo-Total-Output-Packets: [14755]
2013-11-20 10:58:02,577: DEBUG: WISPr-Location-ID: [u'airline=BA01,tail=01009,network=']
2013-11-20 10:58:02,577: DEBUG: GoGo-Acct-Output-Voice-Gigawords: [0]
2013-11-20 10:58:02,578: DEBUG: Acct-Input-Octets: [2877705]
2013-11-20 10:58:02,578: ERROR: Network error, Reason: 'Network error: Too many open files'
2013-11-20 10:58:12,578: DEBUG: 

2013-11-20 10:58:12,579: DEBUG: Creating Accounting Update Request with the following Attributes:
2013-11-20 10:58:12,579: DEBUG: User-Name: [u'username30@airborne.aircell.com']
2013-11-20 10:58:12,579: DEBUG: GoGo-Tail-Number: [u'AAATestNAS_185']
2013-11-20 10:58:12,579: DEBUG: Acct-Output-Octets: [6270879]
2013-11-20 10:58:12,579: DEBUG: NAS-IP-Address: ['10.254.190.1']
2013-11-20 10:58:12,579: DEBUG: GoGo-Total-Output-Gigawords: [0]
2013-11-20 10:58:12,580: DEBUG: Framed-IP-Address: ['10.254.190.79']
2013-11-20 10:58:12,580: DEBUG: GoGo-Total-Input-Voice-Gigawords: [0]
2013-11-20 10:58:12,580: DEBUG: GoGo-Total-Output-Octets: [6270879]
2013-11-20 10:58:12,580: DEBUG: GoGo-Acct-Input-Voice-Octets: [0]
2013-11-20 10:58:12,580: DEBUG: GoGo-Total-Input-Voice-Packets: [0]
2013-11-20 10:58:12,580: DEBUG: Called-Station-Id: [u'00:16:3E:76:8E:ED']
2013-11-20 10:58:12,580: DEBUG: WISPr-Location-Name: [u'TEST LLC,BA01_01009']
2013-11-20 10:58:12,580: DEBUG: NAS-Identifier: [u'C08386']
2013-11-20 10:58:12,580: DEBUG: Proxy-State: ['3330,3132']
2013-11-20 10:58:12,580: DEBUG: GoGo-Total-Input-Voice-Octets: [0]
2013-11-20 10:58:12,581: DEBUG: Acct-Status-Type: ['Interim-Update']
2013-11-20 10:58:12,581: DEBUG: GoGo-Total-Output-Voice-Gigawords: [0]
2013-11-20 10:58:12,581: DEBUG: GoGo-Airline: [u'BA01']
2013-11-20 10:58:12,581: DEBUG: Acct-Session-Id: [u'AAATestNAS_185-1384925242499-00163E768EED-2']
2013-11-20 10:58:12,581: DEBUG: Acct-Session-Time: [10]
2013-11-20 10:58:12,581: DEBUG: Acct-Input-Packets: [55443]
2013-11-20 10:58:12,581: DEBUG: Acct-Output-Packets: [14998]
2013-11-20 10:58:12,581: DEBUG: GoGo-Acct-Output-Voice-Packets: [0]
2013-11-20 10:58:12,581: DEBUG: GoGo-Acct-Output-Voice-Octets: [0]
2013-11-20 10:58:12,581: DEBUG: Acct-Output-Gigawords: [0]
2013-11-20 10:58:12,582: DEBUG: GoGo-Total-Output-Voice-Packets: [0]
2013-11-20 10:58:12,582: DEBUG: Acct-Input-Gigawords: [0]
2013-11-20 10:58:12,582: DEBUG: Calling-Station-Id: [u'18:21:31:41:52:66']
2013-11-20 10:58:12,582: DEBUG: NAS-Port-Type: ['Wireless-802.11']
2013-11-20 10:58:12,582: DEBUG: GoGo-Total-Output-Voice-Octets: [0]
2013-11-20 10:58:12,582: DEBUG: GoGo-Private-IP-Address: ['192.168.1.179']
2013-11-20 10:58:12,582: DEBUG: GoGo-Acct-Input-Voice-Gigawords: [0]
2013-11-20 10:58:12,582: DEBUG: GoGo-Total-Input-Packets: [55443]
2013-11-20 10:58:12,582: DEBUG: GoGo-Total-Input-Gigawords: [0]
2013-11-20 10:58:12,582: DEBUG: GoGo-Acct-Input-Voice-Packets: [0]
2013-11-20 10:58:12,583: DEBUG: GoGo-Total-Input-Octets: [7161616]
2013-11-20 10:58:12,583: DEBUG: GoGo-Total-Output-Packets: [14998]
2013-11-20 10:58:12,583: DEBUG: WISPr-Location-ID: [u'airline=BA01,tail=01009,network=']
2013-11-20 10:58:12,583: DEBUG: GoGo-Acct-Output-Voice-Gigawords: [0]
2013-11-20 10:58:12,583: DEBUG: Acct-Input-Octets: [7161616]
2013-11-20 10:58:12,583: ERROR: Network error, Reason: 'Network error: Too many open files'
2013-11-20 10:58:39,584: DEBUG: 

2013-11-20 10:58:39,585: DEBUG: Creating Accounting Stop Request with the following Attributes:
2013-11-20 10:58:39,585: DEBUG: User-Name: [u'username30@airborne.aircell.com']
2013-11-20 10:58:39,585: DEBUG: GoGo-Tail-Number: [u'01009']
2013-11-20 10:58:39,585: DEBUG: Acct-Output-Octets: [9500792]
2013-11-20 10:58:39,585: DEBUG: NAS-IP-Address: ['10.254.190.1']
2013-11-20 10:58:39,585: DEBUG: GoGo-Total-Output-Gigawords: [0]
2013-11-20 10:58:39,585: DEBUG: Framed-IP-Address: ['10.254.190.79']
2013-11-20 10:58:39,585: DEBUG: GoGo-Total-Input-Voice-Gigawords: [0]
2013-11-20 10:58:39,586: DEBUG: GoGo-Total-Output-Octets: [9500792]
2013-11-20 10:58:39,586: DEBUG: GoGo-Acct-Input-Voice-Octets: [0]
2013-11-20 10:58:39,586: DEBUG: GoGo-Total-Input-Voice-Packets: [0]
2013-11-20 10:58:39,586: DEBUG: Called-Station-Id: [u'00:16:3E:76:8E:ED']
2013-11-20 10:58:39,586: DEBUG: WISPr-Location-Name: [u'TEST LLC,BA01_01009']
2013-11-20 10:58:39,586: DEBUG: NAS-Identifier: [u'C08386']
2013-11-20 10:58:39,586: DEBUG: Proxy-State: ['3330,3132']
2013-11-20 10:58:39,586: DEBUG: GoGo-Total-Input-Voice-Octets: [0]
2013-11-20 10:58:39,586: DEBUG: Acct-Status-Type: ['Stop']
2013-11-20 10:58:39,586: DEBUG: GoGo-Total-Output-Voice-Gigawords: [0]
2013-11-20 10:58:39,587: DEBUG: GoGo-Airline: [u'BA01']
2013-11-20 10:58:39,587: DEBUG: Acct-Session-Id: [u'AAATestNAS_185-1384925242499-00163E768EED-2']
2013-11-20 10:58:39,587: DEBUG: Acct-Session-Time: [27]
2013-11-20 10:58:39,587: DEBUG: Acct-Input-Packets: [6626]
2013-11-20 10:58:39,587: DEBUG: Acct-Output-Packets: [17539]
2013-11-20 10:58:39,587: DEBUG: Acct-Terminate-Cause: ['User-Request']
2013-11-20 10:58:39,587: DEBUG: GoGo-Acct-Output-Voice-Octets: [0]
2013-11-20 10:58:39,587: DEBUG: Acct-Output-Gigawords: [0]
2013-11-20 10:58:39,587: DEBUG: GoGo-Total-Output-Voice-Packets: [0]
2013-11-20 10:58:39,588: DEBUG: Acct-Input-Gigawords: [0]
2013-11-20 10:58:39,588: DEBUG: Calling-Station-Id: [u'18:21:31:41:52:66']
2013-11-20 10:58:39,588: DEBUG: NAS-Port-Type: ['Wireless-802.11']
2013-11-20 10:58:39,588: DEBUG: GoGo-Total-Output-Voice-Octets: [0]
2013-11-20 10:58:39,588: DEBUG: GoGo-Private-IP-Address: ['192.168.1.179']
2013-11-20 10:58:39,588: DEBUG: GoGo-Acct-Input-Voice-Gigawords: [0]
2013-11-20 10:58:39,588: DEBUG: GoGo-Total-Input-Packets: [6626]
2013-11-20 10:58:39,588: DEBUG: GoGo-Total-Input-Gigawords: [0]
2013-11-20 10:58:39,588: DEBUG: GoGo-Acct-Input-Voice-Packets: [0]
2013-11-20 10:58:39,588: DEBUG: GoGo-Total-Input-Octets: [2333150]
2013-11-20 10:58:39,589: DEBUG: GoGo-Total-Output-Packets: [17539]
2013-11-20 10:58:39,589: DEBUG: WISPr-Location-ID: [u'airline=BA01,tail=01009,network=']
2013-11-20 10:58:39,589: DEBUG: GoGo-Acct-Output-Voice-Packets: [0]
2013-11-20 10:58:39,589: DEBUG: GoGo-Acct-Output-Voice-Gigawords: [0]
2013-11-20 10:58:39,589: DEBUG: Acct-Input-Octets: [2333150]
2013-11-20 10:58:39,589: ERROR: Network error, Reason: 'Network error: Too many open files'
2013-11-20 10:58:39,589: ERROR: Ending the test for this user
2013-11-20 10:58:39,589: DEBUG: Ending the test for this user
2013-11-20 10:58:39,599: DEBUG: Starting the client for the user username30@airborne.aircell.com to the server localhost

