2013-11-20 10:57:01,472: DEBUG: Starting the client for the user username52@airborne.aircell.com to the server localhost

2013-11-20 10:57:01,473: DEBUG: DURATION of the TEST: 32
2013-11-20 10:57:01,473: DEBUG: NAS-IP: 10.254.163.1
2013-11-20 10:57:01,474: DEBUG: NAS-MAC-ADDR: 18:21:31:41:52:39
2013-11-20 10:57:01,474: DEBUG: Abruptly End: False
2013-11-20 10:57:01,475: DEBUG: Framed-IP: 10.254.163.65
2013-11-20 10:57:01,475: DEBUG: User-MAC-Addr: 00:16:3E:42:35:DB
2013-11-20 10:57:01,476: DEBUG: 

2013-11-20 10:57:01,477: DEBUG: Creating Authentication Request with the following Attributes:
2013-11-20 10:57:01,477: DEBUG: NAS-Identifier: [u'C08386']
2013-11-20 10:57:01,477: DEBUG: User-Name: [u'username52@airborne.aircell.com']
2013-11-20 10:57:01,477: DEBUG: NAS-IP-Address: ['10.254.163.1']
2013-11-20 10:57:01,478: DEBUG: Service-Type: ['Authenticate-Only']
2013-11-20 10:57:01,478: DEBUG: Proxy-State: ['3237,3134']
2013-11-20 10:57:01,478: DEBUG: Framed-IP-Address: ['10.254.163.65']
2013-11-20 10:57:01,478: DEBUG: GoGo-Airline: [u'BA01']
2013-11-20 10:57:01,479: DEBUG: Acct-Session-Id: [u'AAATestNAS_158-1384925221476-00163E4235DB-3']
2013-11-20 10:57:01,479: DEBUG: GoGo-Tail-Number: [u'AAATestNAS_158']
2013-11-20 10:57:01,479: DEBUG: GoGo-Private-IP-Address: ['192.168.1.179']
2013-11-20 10:57:01,479: DEBUG: WISPr-Location-ID: [u'airline=BA01,tail=01009,network=']
2013-11-20 10:57:01,479: DEBUG: WISPr-Location-Name: [u'TEST LLC,BA01_01009']
2013-11-20 10:57:01,480: DEBUG: NAS-Port-Type: ['Wireless-802.11']
2013-11-20 10:57:01,480: DEBUG: Called-Station-Id: [u'00:16:3E:42:35:DB']
2013-11-20 10:57:01,480: DEBUG: Calling-Station-Id: [u'18:21:31:41:52:39']
2013-11-20 10:57:01,481: DEBUG: 

2013-11-20 10:57:01,482: DEBUG: Received response with code: 2, Accepted
2013-11-20 10:57:01,482: DEBUG: Creating Authentication Request with the following Attributes:
2013-11-20 10:57:01,483: DEBUG: NAS-Identifier: [u'C08386']
2013-11-20 10:57:01,483: DEBUG: User-Name: [u'username52@airborne.aircell.com']
2013-11-20 10:57:01,484: DEBUG: NAS-IP-Address: ['10.254.163.1']
2013-11-20 10:57:01,484: DEBUG: Service-Type: ['Login-User']
2013-11-20 10:57:01,485: DEBUG: Proxy-State: ['3237,3134']
2013-11-20 10:57:01,485: DEBUG: Framed-IP-Address: ['10.254.163.65']
2013-11-20 10:57:01,486: DEBUG: GoGo-Airline: [u'BA01']
2013-11-20 10:57:01,487: DEBUG: Acct-Session-Id: [u'AAATestNAS_158-1384925221482-00163E4235DB-3']
2013-11-20 10:57:01,488: DEBUG: GoGo-Tail-Number: [u'AAATestNAS_158']
2013-11-20 10:57:01,489: DEBUG: GoGo-Private-IP-Address: ['192.168.1.179']
2013-11-20 10:57:01,490: DEBUG: WISPr-Location-ID: [u'airline=BA01,tail=01009,network=']
2013-11-20 10:57:01,491: DEBUG: WISPr-Location-Name: [u'TEST LLC,BA01_01009']
2013-11-20 10:57:01,492: DEBUG: NAS-Port-Type: ['Wireless-802.11']
2013-11-20 10:57:01,493: DEBUG: Called-Station-Id: [u'00:16:3E:42:35:DB']
2013-11-20 10:57:01,495: DEBUG: Calling-Station-Id: [u'18:21:31:41:52:39']
2013-11-20 10:57:01,499: DEBUG: 

2013-11-20 10:57:01,502: DEBUG: Received response with code: 2, Accepted
2013-11-20 10:57:01,505: DEBUG: 

2013-11-20 10:57:01,506: DEBUG: Creating Accounting start Request with the following Attributes:
2013-11-20 10:57:01,508: DEBUG: NAS-Identifier: [u'C08386']
2013-11-20 10:57:01,509: DEBUG: User-Name: [u'username52@airborne.aircell.com']
2013-11-20 10:57:01,512: DEBUG: GoGo-Tail-Number: [u'AAATestNAS_158']
2013-11-20 10:57:01,516: DEBUG: NAS-IP-Address: ['10.254.163.1']
2013-11-20 10:57:01,518: DEBUG: Proxy-State: ['3239,3131']
2013-11-20 10:57:01,521: DEBUG: Acct-Status-Type: ['Start']
2013-11-20 10:57:01,523: DEBUG: GoGo-Airline: [u'BA01']
2013-11-20 10:57:01,529: DEBUG: Acct-Session-Id: [u'AAATestNAS_158-1384925221482-00163E4235DB-3']
2013-11-20 10:57:01,532: DEBUG: GoGo-Private-IP-Address: ['192.168.1.179']
2013-11-20 10:57:01,533: DEBUG: Framed-IP-Address: ['10.254.163.65']
2013-11-20 10:57:01,536: DEBUG: WISPr-Location-ID: [u'airline=BA01,tail=01009,network=']
2013-11-20 10:57:01,537: DEBUG: WISPr-Location-Name: [u'TEST LLC,BA01_01009']
2013-11-20 10:57:01,543: DEBUG: NAS-Port-Type: ['Wireless-802.11']
2013-11-20 10:57:01,546: DEBUG: Called-Station-Id: [u'00:16:3E:42:35:DB']
2013-11-20 10:57:01,548: DEBUG: Calling-Station-Id: [u'18:21:31:41:52:39']
2013-11-20 10:57:01,551: DEBUG: 

2013-11-20 10:57:01,552: DEBUG: Received response with following attributes:
2013-11-20 10:57:11,554: DEBUG: 

2013-11-20 10:57:11,555: DEBUG: Creating Accounting Update Request with the following Attributes:
2013-11-20 10:57:11,555: DEBUG: User-Name: [u'username52@airborne.aircell.com']
2013-11-20 10:57:11,556: DEBUG: GoGo-Tail-Number: [u'AAATestNAS_158']
2013-11-20 10:57:11,556: DEBUG: Acct-Output-Octets: [3740022]
2013-11-20 10:57:11,556: DEBUG: NAS-IP-Address: ['10.254.163.1']
2013-11-20 10:57:11,556: DEBUG: GoGo-Total-Output-Gigawords: [0]
2013-11-20 10:57:11,556: DEBUG: Framed-IP-Address: ['10.254.163.65']
2013-11-20 10:57:11,556: DEBUG: GoGo-Total-Input-Voice-Gigawords: [0]
2013-11-20 10:57:11,557: DEBUG: GoGo-Total-Output-Octets: [3740022]
2013-11-20 10:57:11,557: DEBUG: GoGo-Acct-Input-Voice-Octets: [0]
2013-11-20 10:57:11,557: DEBUG: GoGo-Total-Input-Voice-Packets: [0]
2013-11-20 10:57:11,557: DEBUG: Called-Station-Id: [u'00:16:3E:42:35:DB']
2013-11-20 10:57:11,557: DEBUG: WISPr-Location-Name: [u'TEST LLC,BA01_01009']
2013-11-20 10:57:11,558: DEBUG: NAS-Identifier: [u'C08386']
2013-11-20 10:57:11,558: DEBUG: Proxy-State: ['3330,3132']
2013-11-20 10:57:11,558: DEBUG: GoGo-Total-Input-Voice-Octets: [0]
2013-11-20 10:57:11,558: DEBUG: Acct-Status-Type: ['Interim-Update']
2013-11-20 10:57:11,558: DEBUG: GoGo-Total-Output-Voice-Gigawords: [0]
2013-11-20 10:57:11,559: DEBUG: GoGo-Airline: [u'BA01']
2013-11-20 10:57:11,559: DEBUG: Acct-Session-Id: [u'AAATestNAS_158-1384925221482-00163E4235DB-3']
2013-11-20 10:57:11,559: DEBUG: Acct-Session-Time: [10]
2013-11-20 10:57:11,559: DEBUG: Acct-Input-Packets: [49754]
2013-11-20 10:57:11,559: DEBUG: Acct-Output-Packets: [29374]
2013-11-20 10:57:11,559: DEBUG: GoGo-Acct-Output-Voice-Packets: [0]
2013-11-20 10:57:11,560: DEBUG: GoGo-Acct-Output-Voice-Octets: [0]
2013-11-20 10:57:11,560: DEBUG: Acct-Output-Gigawords: [0]
2013-11-20 10:57:11,560: DEBUG: GoGo-Total-Output-Voice-Packets: [0]
2013-11-20 10:57:11,560: DEBUG: Acct-Input-Gigawords: [0]
2013-11-20 10:57:11,560: DEBUG: Calling-Station-Id: [u'18:21:31:41:52:39']
2013-11-20 10:57:11,560: DEBUG: NAS-Port-Type: ['Wireless-802.11']
2013-11-20 10:57:11,561: DEBUG: GoGo-Total-Output-Voice-Octets: [0]
2013-11-20 10:57:11,561: DEBUG: GoGo-Private-IP-Address: ['192.168.1.179']
2013-11-20 10:57:11,561: DEBUG: GoGo-Acct-Input-Voice-Gigawords: [0]
2013-11-20 10:57:11,561: DEBUG: GoGo-Total-Input-Packets: [49754]
2013-11-20 10:57:11,561: DEBUG: GoGo-Total-Input-Gigawords: [0]
2013-11-20 10:57:11,561: DEBUG: GoGo-Acct-Input-Voice-Packets: [0]
2013-11-20 10:57:11,562: DEBUG: GoGo-Total-Input-Octets: [7484719]
2013-11-20 10:57:11,562: DEBUG: GoGo-Total-Output-Packets: [29374]
2013-11-20 10:57:11,562: DEBUG: WISPr-Location-ID: [u'airline=BA01,tail=01009,network=']
2013-11-20 10:57:11,562: DEBUG: GoGo-Acct-Output-Voice-Gigawords: [0]
2013-11-20 10:57:11,562: DEBUG: Acct-Input-Octets: [7484719]
2013-11-20 10:57:11,564: DEBUG: 

2013-11-20 10:57:11,567: DEBUG: Received response with following attributes:
2013-11-20 10:57:21,570: DEBUG: 

2013-11-20 10:57:21,570: DEBUG: Creating Accounting Update Request with the following Attributes:
2013-11-20 10:57:21,571: DEBUG: User-Name: [u'username52@airborne.aircell.com']
2013-11-20 10:57:21,571: DEBUG: GoGo-Tail-Number: [u'AAATestNAS_158']
2013-11-20 10:57:21,571: DEBUG: Acct-Output-Octets: [1732671]
2013-11-20 10:57:21,571: DEBUG: NAS-IP-Address: ['10.254.163.1']
2013-11-20 10:57:21,571: DEBUG: GoGo-Total-Output-Gigawords: [0]
2013-11-20 10:57:21,572: DEBUG: Framed-IP-Address: ['10.254.163.65']
2013-11-20 10:57:21,572: DEBUG: GoGo-Total-Input-Voice-Gigawords: [0]
2013-11-20 10:57:21,572: DEBUG: GoGo-Total-Output-Octets: [1732671]
2013-11-20 10:57:21,572: DEBUG: GoGo-Acct-Input-Voice-Octets: [0]
2013-11-20 10:57:21,572: DEBUG: GoGo-Total-Input-Voice-Packets: [0]
2013-11-20 10:57:21,572: DEBUG: Called-Station-Id: [u'00:16:3E:42:35:DB']
2013-11-20 10:57:21,573: DEBUG: WISPr-Location-Name: [u'TEST LLC,BA01_01009']
2013-11-20 10:57:21,573: DEBUG: NAS-Identifier: [u'C08386']
2013-11-20 10:57:21,573: DEBUG: Proxy-State: ['3330,3132']
2013-11-20 10:57:21,573: DEBUG: GoGo-Total-Input-Voice-Octets: [0]
2013-11-20 10:57:21,573: DEBUG: Acct-Status-Type: ['Interim-Update']
2013-11-20 10:57:21,574: DEBUG: GoGo-Total-Output-Voice-Gigawords: [0]
2013-11-20 10:57:21,574: DEBUG: GoGo-Airline: [u'BA01']
2013-11-20 10:57:21,574: DEBUG: Acct-Session-Id: [u'AAATestNAS_158-1384925221482-00163E4235DB-3']
2013-11-20 10:57:21,574: DEBUG: Acct-Session-Time: [10]
2013-11-20 10:57:21,574: DEBUG: Acct-Input-Packets: [63584]
2013-11-20 10:57:21,574: DEBUG: Acct-Output-Packets: [10088]
2013-11-20 10:57:21,575: DEBUG: GoGo-Acct-Output-Voice-Packets: [0]
2013-11-20 10:57:21,575: DEBUG: GoGo-Acct-Output-Voice-Octets: [0]
2013-11-20 10:57:21,575: DEBUG: Acct-Output-Gigawords: [0]
2013-11-20 10:57:21,575: DEBUG: GoGo-Total-Output-Voice-Packets: [0]
2013-11-20 10:57:21,575: DEBUG: Acct-Input-Gigawords: [0]
2013-11-20 10:57:21,575: DEBUG: Calling-Station-Id: [u'18:21:31:41:52:39']
2013-11-20 10:57:21,576: DEBUG: NAS-Port-Type: ['Wireless-802.11']
2013-11-20 10:57:21,576: DEBUG: GoGo-Total-Output-Voice-Octets: [0]
2013-11-20 10:57:21,576: DEBUG: GoGo-Private-IP-Address: ['192.168.1.179']
2013-11-20 10:57:21,577: DEBUG: GoGo-Acct-Input-Voice-Gigawords: [0]
2013-11-20 10:57:21,577: DEBUG: GoGo-Total-Input-Packets: [63584]
2013-11-20 10:57:21,577: DEBUG: GoGo-Total-Input-Gigawords: [0]
2013-11-20 10:57:21,578: DEBUG: GoGo-Acct-Input-Voice-Packets: [0]
2013-11-20 10:57:21,578: DEBUG: GoGo-Total-Input-Octets: [6873742]
2013-11-20 10:57:21,578: DEBUG: GoGo-Total-Output-Packets: [10088]
2013-11-20 10:57:21,578: DEBUG: WISPr-Location-ID: [u'airline=BA01,tail=01009,network=']
2013-11-20 10:57:21,579: DEBUG: GoGo-Acct-Output-Voice-Gigawords: [0]
2013-11-20 10:57:21,579: DEBUG: Acct-Input-Octets: [6873742]
2013-11-20 10:57:21,581: DEBUG: 

2013-11-20 10:57:21,581: DEBUG: Received response with following attributes:
2013-11-20 10:57:31,582: DEBUG: 

2013-11-20 10:57:31,583: DEBUG: Creating Accounting Update Request with the following Attributes:
2013-11-20 10:57:31,584: DEBUG: User-Name: [u'username52@airborne.aircell.com']
2013-11-20 10:57:31,584: DEBUG: GoGo-Tail-Number: [u'AAATestNAS_158']
2013-11-20 10:57:31,585: DEBUG: Acct-Output-Octets: [2026719]
2013-11-20 10:57:31,585: DEBUG: NAS-IP-Address: ['10.254.163.1']
2013-11-20 10:57:31,586: DEBUG: GoGo-Total-Output-Gigawords: [0]
2013-11-20 10:57:31,586: DEBUG: Framed-IP-Address: ['10.254.163.65']
2013-11-20 10:57:31,587: DEBUG: GoGo-Total-Input-Voice-Gigawords: [0]
2013-11-20 10:57:31,587: DEBUG: GoGo-Total-Output-Octets: [2026719]
2013-11-20 10:57:31,588: DEBUG: GoGo-Acct-Input-Voice-Octets: [0]
2013-11-20 10:57:31,588: DEBUG: GoGo-Total-Input-Voice-Packets: [0]
2013-11-20 10:57:31,588: DEBUG: Called-Station-Id: [u'00:16:3E:42:35:DB']
2013-11-20 10:57:31,588: DEBUG: WISPr-Location-Name: [u'TEST LLC,BA01_01009']
2013-11-20 10:57:31,589: DEBUG: NAS-Identifier: [u'C08386']
2013-11-20 10:57:31,589: DEBUG: Proxy-State: ['3330,3132']
2013-11-20 10:57:31,589: DEBUG: GoGo-Total-Input-Voice-Octets: [0]
2013-11-20 10:57:31,589: DEBUG: Acct-Status-Type: ['Interim-Update']
2013-11-20 10:57:31,589: DEBUG: GoGo-Total-Output-Voice-Gigawords: [0]
2013-11-20 10:57:31,590: DEBUG: GoGo-Airline: [u'BA01']
2013-11-20 10:57:31,590: DEBUG: Acct-Session-Id: [u'AAATestNAS_158-1384925221482-00163E4235DB-3']
2013-11-20 10:57:31,590: DEBUG: Acct-Session-Time: [10]
2013-11-20 10:57:31,590: DEBUG: Acct-Input-Packets: [6905]
2013-11-20 10:57:31,590: DEBUG: Acct-Output-Packets: [7232]
2013-11-20 10:57:31,590: DEBUG: GoGo-Acct-Output-Voice-Packets: [0]
2013-11-20 10:57:31,591: DEBUG: GoGo-Acct-Output-Voice-Octets: [0]
2013-11-20 10:57:31,591: DEBUG: Acct-Output-Gigawords: [0]
2013-11-20 10:57:31,591: DEBUG: GoGo-Total-Output-Voice-Packets: [0]
2013-11-20 10:57:31,591: DEBUG: Acct-Input-Gigawords: [0]
2013-11-20 10:57:31,591: DEBUG: Calling-Station-Id: [u'18:21:31:41:52:39']
2013-11-20 10:57:31,591: DEBUG: NAS-Port-Type: ['Wireless-802.11']
2013-11-20 10:57:31,592: DEBUG: GoGo-Total-Output-Voice-Octets: [0]
2013-11-20 10:57:31,592: DEBUG: GoGo-Private-IP-Address: ['192.168.1.179']
2013-11-20 10:57:31,592: DEBUG: GoGo-Acct-Input-Voice-Gigawords: [0]
2013-11-20 10:57:31,592: DEBUG: GoGo-Total-Input-Packets: [6905]
2013-11-20 10:57:31,592: DEBUG: GoGo-Total-Input-Gigawords: [0]
2013-11-20 10:57:31,593: DEBUG: GoGo-Acct-Input-Voice-Packets: [0]
2013-11-20 10:57:31,593: DEBUG: GoGo-Total-Input-Octets: [6871128]
2013-11-20 10:57:31,593: DEBUG: GoGo-Total-Output-Packets: [7232]
2013-11-20 10:57:31,593: DEBUG: WISPr-Location-ID: [u'airline=BA01,tail=01009,network=']
2013-11-20 10:57:31,593: DEBUG: GoGo-Acct-Output-Voice-Gigawords: [0]
2013-11-20 10:57:31,593: DEBUG: Acct-Input-Octets: [6871128]
2013-11-20 10:57:31,594: ERROR: Network error, Reason: 'Network error: Too many open files'
2013-11-20 10:58:00,594: DEBUG: 

2013-11-20 10:58:00,595: DEBUG: Creating Accounting Stop Request with the following Attributes:
2013-11-20 10:58:00,595: DEBUG: User-Name: [u'username52@airborne.aircell.com']
2013-11-20 10:58:00,596: DEBUG: GoGo-Tail-Number: [u'01009']
2013-11-20 10:58:00,596: DEBUG: Acct-Output-Octets: [7001494]
2013-11-20 10:58:00,596: DEBUG: NAS-IP-Address: ['10.254.163.1']
2013-11-20 10:58:00,596: DEBUG: GoGo-Total-Output-Gigawords: [0]
2013-11-20 10:58:00,596: DEBUG: Framed-IP-Address: ['10.254.163.65']
2013-11-20 10:58:00,596: DEBUG: GoGo-Total-Input-Voice-Gigawords: [0]
2013-11-20 10:58:00,597: DEBUG: GoGo-Total-Output-Octets: [7001494]
2013-11-20 10:58:00,597: DEBUG: GoGo-Acct-Input-Voice-Octets: [0]
2013-11-20 10:58:00,597: DEBUG: GoGo-Total-Input-Voice-Packets: [0]
2013-11-20 10:58:00,597: DEBUG: Called-Station-Id: [u'00:16:3E:42:35:DB']
2013-11-20 10:58:00,597: DEBUG: WISPr-Location-Name: [u'TEST LLC,BA01_01009']
2013-11-20 10:58:00,597: DEBUG: NAS-Identifier: [u'C08386']
2013-11-20 10:58:00,598: DEBUG: Proxy-State: ['3330,3132']
2013-11-20 10:58:00,598: DEBUG: GoGo-Total-Input-Voice-Octets: [0]
2013-11-20 10:58:00,598: DEBUG: Acct-Status-Type: ['Stop']
2013-11-20 10:58:00,598: DEBUG: GoGo-Total-Output-Voice-Gigawords: [0]
2013-11-20 10:58:00,598: DEBUG: GoGo-Airline: [u'BA01']
2013-11-20 10:58:00,599: DEBUG: Acct-Session-Id: [u'AAATestNAS_158-1384925221482-00163E4235DB-3']
2013-11-20 10:58:00,599: DEBUG: Acct-Session-Time: [29]
2013-11-20 10:58:00,599: DEBUG: Acct-Input-Packets: [38168]
2013-11-20 10:58:00,599: DEBUG: Acct-Output-Packets: [62458]
2013-11-20 10:58:00,599: DEBUG: Acct-Terminate-Cause: ['User-Request']
2013-11-20 10:58:00,599: DEBUG: GoGo-Acct-Output-Voice-Octets: [0]
2013-11-20 10:58:00,600: DEBUG: Acct-Output-Gigawords: [0]
2013-11-20 10:58:00,600: DEBUG: GoGo-Total-Output-Voice-Packets: [0]
2013-11-20 10:58:00,600: DEBUG: Acct-Input-Gigawords: [0]
2013-11-20 10:58:00,600: DEBUG: Calling-Station-Id: [u'18:21:31:41:52:39']
2013-11-20 10:58:00,600: DEBUG: NAS-Port-Type: ['Wireless-802.11']
2013-11-20 10:58:00,600: DEBUG: GoGo-Total-Output-Voice-Octets: [0]
2013-11-20 10:58:00,601: DEBUG: GoGo-Private-IP-Address: ['192.168.1.179']
2013-11-20 10:58:00,601: DEBUG: GoGo-Acct-Input-Voice-Gigawords: [0]
2013-11-20 10:58:00,601: DEBUG: GoGo-Total-Input-Packets: [38168]
2013-11-20 10:58:00,601: DEBUG: GoGo-Total-Input-Gigawords: [0]
2013-11-20 10:58:00,601: DEBUG: GoGo-Acct-Input-Voice-Packets: [0]
2013-11-20 10:58:00,601: DEBUG: GoGo-Total-Input-Octets: [4403783]
2013-11-20 10:58:00,602: DEBUG: GoGo-Total-Output-Packets: [62458]
2013-11-20 10:58:00,602: DEBUG: WISPr-Location-ID: [u'airline=BA01,tail=01009,network=']
2013-11-20 10:58:00,602: DEBUG: GoGo-Acct-Output-Voice-Packets: [0]
2013-11-20 10:58:00,602: DEBUG: GoGo-Acct-Output-Voice-Gigawords: [0]
2013-11-20 10:58:00,602: DEBUG: Acct-Input-Octets: [4403783]
2013-11-20 10:58:00,602: ERROR: Network error, Reason: 'Network error: Too many open files'
2013-11-20 10:58:00,603: ERROR: Ending the test for this user
2013-11-20 10:58:00,603: DEBUG: Ending the test for this user
