2013-11-20 10:56:42,461: DEBUG: Starting the client for the user username31@airborne.aircell.com to the server localhost

2013-11-20 10:56:42,461: DEBUG: DURATION of the TEST: 85
2013-11-20 10:56:42,461: DEBUG: NAS-IP: 10.254.111.1
2013-11-20 10:56:42,461: DEBUG: NAS-MAC-ADDR: 17:21:31:41:52:76
2013-11-20 10:56:42,461: DEBUG: Abruptly End: False
2013-11-20 10:56:42,461: DEBUG: Framed-IP: 10.254.111.88
2013-11-20 10:56:42,462: DEBUG: User-MAC-Addr: 00:16:3E:1D:75:7B
2013-11-20 10:56:42,462: DEBUG: 

2013-11-20 10:56:42,462: DEBUG: Creating Authentication Request with the following Attributes:
2013-11-20 10:56:42,462: DEBUG: NAS-Identifier: [u'C08386']
2013-11-20 10:56:42,462: DEBUG: User-Name: [u'username31@airborne.aircell.com']
2013-11-20 10:56:42,463: DEBUG: NAS-IP-Address: ['10.254.111.1']
2013-11-20 10:56:42,463: DEBUG: Service-Type: ['Authenticate-Only']
2013-11-20 10:56:42,463: DEBUG: Proxy-State: ['3237,3134']
2013-11-20 10:56:42,463: DEBUG: Framed-IP-Address: ['10.254.111.88']
2013-11-20 10:56:42,463: DEBUG: GoGo-Airline: [u'BA01']
2013-11-20 10:56:42,463: DEBUG: Acct-Session-Id: [u'AAATestNAS_106-1384925202462-00163E1D757B-3']
2013-11-20 10:56:42,463: DEBUG: GoGo-Tail-Number: [u'AAATestNAS_106']
2013-11-20 10:56:42,463: DEBUG: GoGo-Private-IP-Address: ['192.168.1.179']
2013-11-20 10:56:42,463: DEBUG: WISPr-Location-ID: [u'airline=BA01,tail=01009,network=']
2013-11-20 10:56:42,464: DEBUG: WISPr-Location-Name: [u'TEST LLC,BA01_01009']
2013-11-20 10:56:42,464: DEBUG: NAS-Port-Type: ['Wireless-802.11']
2013-11-20 10:56:42,464: DEBUG: Called-Station-Id: [u'00:16:3E:1D:75:7B']
2013-11-20 10:56:42,464: DEBUG: Calling-Station-Id: [u'17:21:31:41:52:76']
2013-11-20 10:56:42,465: DEBUG: 

2013-11-20 10:56:42,466: DEBUG: Received response with code: 2, Accepted
2013-11-20 10:56:42,466: DEBUG: Creating Authentication Request with the following Attributes:
2013-11-20 10:56:42,466: DEBUG: NAS-Identifier: [u'C08386']
2013-11-20 10:56:42,466: DEBUG: User-Name: [u'username31@airborne.aircell.com']
2013-11-20 10:56:42,466: DEBUG: NAS-IP-Address: ['10.254.111.1']
2013-11-20 10:56:42,467: DEBUG: Service-Type: ['Login-User']
2013-11-20 10:56:42,467: DEBUG: Proxy-State: ['3237,3134']
2013-11-20 10:56:42,467: DEBUG: Framed-IP-Address: ['10.254.111.88']
2013-11-20 10:56:42,467: DEBUG: GoGo-Airline: [u'BA01']
2013-11-20 10:56:42,467: DEBUG: Acct-Session-Id: [u'AAATestNAS_106-1384925202466-00163E1D757B-3']
2013-11-20 10:56:42,467: DEBUG: GoGo-Tail-Number: [u'AAATestNAS_106']
2013-11-20 10:56:42,467: DEBUG: GoGo-Private-IP-Address: ['192.168.1.179']
2013-11-20 10:56:42,467: DEBUG: WISPr-Location-ID: [u'airline=BA01,tail=01009,network=']
2013-11-20 10:56:42,467: DEBUG: WISPr-Location-Name: [u'TEST LLC,BA01_01009']
2013-11-20 10:56:42,467: DEBUG: NAS-Port-Type: ['Wireless-802.11']
2013-11-20 10:56:42,468: DEBUG: Called-Station-Id: [u'00:16:3E:1D:75:7B']
2013-11-20 10:56:42,468: DEBUG: Calling-Station-Id: [u'17:21:31:41:52:76']
2013-11-20 10:56:42,469: DEBUG: 

2013-11-20 10:56:42,469: DEBUG: Received response with code: 2, Accepted
2013-11-20 10:56:42,469: DEBUG: 

2013-11-20 10:56:42,469: DEBUG: Creating Accounting start Request with the following Attributes:
2013-11-20 10:56:42,469: DEBUG: NAS-Identifier: [u'C08386']
2013-11-20 10:56:42,469: DEBUG: User-Name: [u'username31@airborne.aircell.com']
2013-11-20 10:56:42,469: DEBUG: GoGo-Tail-Number: [u'AAATestNAS_106']
2013-11-20 10:56:42,470: DEBUG: NAS-IP-Address: ['10.254.111.1']
2013-11-20 10:56:42,470: DEBUG: Proxy-State: ['3239,3131']
2013-11-20 10:56:42,470: DEBUG: Acct-Status-Type: ['Start']
2013-11-20 10:56:42,470: DEBUG: GoGo-Airline: [u'BA01']
2013-11-20 10:56:42,470: DEBUG: Acct-Session-Id: [u'AAATestNAS_106-1384925202466-00163E1D757B-3']
2013-11-20 10:56:42,470: DEBUG: GoGo-Private-IP-Address: ['192.168.1.179']
2013-11-20 10:56:42,470: DEBUG: Framed-IP-Address: ['10.254.111.88']
2013-11-20 10:56:42,470: DEBUG: WISPr-Location-ID: [u'airline=BA01,tail=01009,network=']
2013-11-20 10:56:42,470: DEBUG: WISPr-Location-Name: [u'TEST LLC,BA01_01009']
2013-11-20 10:56:42,471: DEBUG: NAS-Port-Type: ['Wireless-802.11']
2013-11-20 10:56:42,471: DEBUG: Called-Station-Id: [u'00:16:3E:1D:75:7B']
2013-11-20 10:56:42,471: DEBUG: Calling-Station-Id: [u'17:21:31:41:52:76']
2013-11-20 10:56:42,472: DEBUG: 

2013-11-20 10:56:42,472: DEBUG: Received response with following attributes:
2013-11-20 10:56:52,473: DEBUG: 

2013-11-20 10:56:52,473: DEBUG: Creating Accounting Update Request with the following Attributes:
2013-11-20 10:56:52,473: DEBUG: User-Name: [u'username31@airborne.aircell.com']
2013-11-20 10:56:52,474: DEBUG: GoGo-Tail-Number: [u'AAATestNAS_106']
2013-11-20 10:56:52,474: DEBUG: Acct-Output-Octets: [9887383]
2013-11-20 10:56:52,474: DEBUG: NAS-IP-Address: ['10.254.111.1']
2013-11-20 10:56:52,475: DEBUG: GoGo-Total-Output-Gigawords: [0]
2013-11-20 10:56:52,475: DEBUG: Framed-IP-Address: ['10.254.111.88']
2013-11-20 10:56:52,475: DEBUG: GoGo-Total-Input-Voice-Gigawords: [0]
2013-11-20 10:56:52,475: DEBUG: GoGo-Total-Output-Octets: [9887383]
2013-11-20 10:56:52,475: DEBUG: GoGo-Acct-Input-Voice-Octets: [0]
2013-11-20 10:56:52,475: DEBUG: GoGo-Total-Input-Voice-Packets: [0]
2013-11-20 10:56:52,475: DEBUG: Called-Station-Id: [u'00:16:3E:1D:75:7B']
2013-11-20 10:56:52,476: DEBUG: WISPr-Location-Name: [u'TEST LLC,BA01_01009']
2013-11-20 10:56:52,476: DEBUG: NAS-Identifier: [u'C08386']
2013-11-20 10:56:52,476: DEBUG: Proxy-State: ['3330,3132']
2013-11-20 10:56:52,476: DEBUG: GoGo-Total-Input-Voice-Octets: [0]
2013-11-20 10:56:52,476: DEBUG: Acct-Status-Type: ['Interim-Update']
2013-11-20 10:56:52,477: DEBUG: GoGo-Total-Output-Voice-Gigawords: [0]
2013-11-20 10:56:52,477: DEBUG: GoGo-Airline: [u'BA01']
2013-11-20 10:56:52,477: DEBUG: Acct-Session-Id: [u'AAATestNAS_106-1384925202466-00163E1D757B-3']
2013-11-20 10:56:52,478: DEBUG: Acct-Session-Time: [10]
2013-11-20 10:56:52,478: DEBUG: Acct-Input-Packets: [38586]
2013-11-20 10:56:52,478: DEBUG: Acct-Output-Packets: [54752]
2013-11-20 10:56:52,479: DEBUG: GoGo-Acct-Output-Voice-Packets: [0]
2013-11-20 10:56:52,479: DEBUG: GoGo-Acct-Output-Voice-Octets: [0]
2013-11-20 10:56:52,479: DEBUG: Acct-Output-Gigawords: [0]
2013-11-20 10:56:52,479: DEBUG: GoGo-Total-Output-Voice-Packets: [0]
2013-11-20 10:56:52,479: DEBUG: Acct-Input-Gigawords: [0]
2013-11-20 10:56:52,480: DEBUG: Calling-Station-Id: [u'17:21:31:41:52:76']
2013-11-20 10:56:52,480: DEBUG: NAS-Port-Type: ['Wireless-802.11']
2013-11-20 10:56:52,480: DEBUG: GoGo-Total-Output-Voice-Octets: [0]
2013-11-20 10:56:52,480: DEBUG: GoGo-Private-IP-Address: ['192.168.1.179']
2013-11-20 10:56:52,481: DEBUG: GoGo-Acct-Input-Voice-Gigawords: [0]
2013-11-20 10:56:52,481: DEBUG: GoGo-Total-Input-Packets: [38586]
2013-11-20 10:56:52,481: DEBUG: GoGo-Total-Input-Gigawords: [0]
2013-11-20 10:56:52,481: DEBUG: GoGo-Acct-Input-Voice-Packets: [0]
2013-11-20 10:56:52,482: DEBUG: GoGo-Total-Input-Octets: [5756793]
2013-11-20 10:56:52,482: DEBUG: GoGo-Total-Output-Packets: [54752]
2013-11-20 10:56:52,482: DEBUG: WISPr-Location-ID: [u'airline=BA01,tail=01009,network=']
2013-11-20 10:56:52,482: DEBUG: GoGo-Acct-Output-Voice-Gigawords: [0]
2013-11-20 10:56:52,483: DEBUG: Acct-Input-Octets: [5756793]
2013-11-20 10:56:52,484: DEBUG: 

2013-11-20 10:56:52,484: DEBUG: Received response with following attributes:
2013-11-20 10:57:02,485: DEBUG: 

2013-11-20 10:57:02,486: DEBUG: Creating Accounting Update Request with the following Attributes:
2013-11-20 10:57:02,487: DEBUG: User-Name: [u'username31@airborne.aircell.com']
2013-11-20 10:57:02,487: DEBUG: GoGo-Tail-Number: [u'AAATestNAS_106']
2013-11-20 10:57:02,488: DEBUG: Acct-Output-Octets: [4214065]
2013-11-20 10:57:02,488: DEBUG: NAS-IP-Address: ['10.254.111.1']
2013-11-20 10:57:02,489: DEBUG: GoGo-Total-Output-Gigawords: [0]
2013-11-20 10:57:02,489: DEBUG: Framed-IP-Address: ['10.254.111.88']
2013-11-20 10:57:02,489: DEBUG: GoGo-Total-Input-Voice-Gigawords: [0]
2013-11-20 10:57:02,490: DEBUG: GoGo-Total-Output-Octets: [4214065]
2013-11-20 10:57:02,490: DEBUG: GoGo-Acct-Input-Voice-Octets: [0]
2013-11-20 10:57:02,490: DEBUG: GoGo-Total-Input-Voice-Packets: [0]
2013-11-20 10:57:02,491: DEBUG: Called-Station-Id: [u'00:16:3E:1D:75:7B']
2013-11-20 10:57:02,491: DEBUG: WISPr-Location-Name: [u'TEST LLC,BA01_01009']
2013-11-20 10:57:02,492: DEBUG: NAS-Identifier: [u'C08386']
2013-11-20 10:57:02,492: DEBUG: Proxy-State: ['3330,3132']
2013-11-20 10:57:02,492: DEBUG: GoGo-Total-Input-Voice-Octets: [0]
2013-11-20 10:57:02,493: DEBUG: Acct-Status-Type: ['Interim-Update']
2013-11-20 10:57:02,493: DEBUG: GoGo-Total-Output-Voice-Gigawords: [0]
2013-11-20 10:57:02,494: DEBUG: GoGo-Airline: [u'BA01']
2013-11-20 10:57:02,494: DEBUG: Acct-Session-Id: [u'AAATestNAS_106-1384925202466-00163E1D757B-3']
2013-11-20 10:57:02,494: DEBUG: Acct-Session-Time: [10]
2013-11-20 10:57:02,495: DEBUG: Acct-Input-Packets: [21362]
2013-11-20 10:57:02,495: DEBUG: Acct-Output-Packets: [31830]
2013-11-20 10:57:02,496: DEBUG: GoGo-Acct-Output-Voice-Packets: [0]
2013-11-20 10:57:02,496: DEBUG: GoGo-Acct-Output-Voice-Octets: [0]
2013-11-20 10:57:02,496: DEBUG: Acct-Output-Gigawords: [0]
2013-11-20 10:57:02,497: DEBUG: GoGo-Total-Output-Voice-Packets: [0]
2013-11-20 10:57:02,497: DEBUG: Acct-Input-Gigawords: [0]
2013-11-20 10:57:02,497: DEBUG: Calling-Station-Id: [u'17:21:31:41:52:76']
2013-11-20 10:57:02,497: DEBUG: NAS-Port-Type: ['Wireless-802.11']
2013-11-20 10:57:02,498: DEBUG: GoGo-Total-Output-Voice-Octets: [0]
2013-11-20 10:57:02,498: DEBUG: GoGo-Private-IP-Address: ['192.168.1.179']
2013-11-20 10:57:02,499: DEBUG: GoGo-Acct-Input-Voice-Gigawords: [0]
2013-11-20 10:57:02,499: DEBUG: GoGo-Total-Input-Packets: [21362]
2013-11-20 10:57:02,499: DEBUG: GoGo-Total-Input-Gigawords: [0]
2013-11-20 10:57:02,499: DEBUG: GoGo-Acct-Input-Voice-Packets: [0]
2013-11-20 10:57:02,500: DEBUG: GoGo-Total-Input-Octets: [3109701]
2013-11-20 10:57:02,500: DEBUG: GoGo-Total-Output-Packets: [31830]
2013-11-20 10:57:02,500: DEBUG: WISPr-Location-ID: [u'airline=BA01,tail=01009,network=']
2013-11-20 10:57:02,500: DEBUG: GoGo-Acct-Output-Voice-Gigawords: [0]
2013-11-20 10:57:02,501: DEBUG: Acct-Input-Octets: [3109701]
2013-11-20 10:57:02,502: DEBUG: 

2013-11-20 10:57:02,503: DEBUG: Received response with following attributes:
2013-11-20 10:57:12,503: DEBUG: 

2013-11-20 10:57:12,504: DEBUG: Creating Accounting Update Request with the following Attributes:
2013-11-20 10:57:12,506: DEBUG: User-Name: [u'username31@airborne.aircell.com']
2013-11-20 10:57:12,507: DEBUG: GoGo-Tail-Number: [u'AAATestNAS_106']
2013-11-20 10:57:12,509: DEBUG: Acct-Output-Octets: [4225879]
2013-11-20 10:57:12,510: DEBUG: NAS-IP-Address: ['10.254.111.1']
2013-11-20 10:57:12,511: DEBUG: GoGo-Total-Output-Gigawords: [0]
2013-11-20 10:57:12,512: DEBUG: Framed-IP-Address: ['10.254.111.88']
2013-11-20 10:57:12,514: DEBUG: GoGo-Total-Input-Voice-Gigawords: [0]
2013-11-20 10:57:12,514: DEBUG: GoGo-Total-Output-Octets: [4225879]
2013-11-20 10:57:12,515: DEBUG: GoGo-Acct-Input-Voice-Octets: [0]
2013-11-20 10:57:12,517: DEBUG: GoGo-Total-Input-Voice-Packets: [0]
2013-11-20 10:57:12,517: DEBUG: Called-Station-Id: [u'00:16:3E:1D:75:7B']
2013-11-20 10:57:12,519: DEBUG: WISPr-Location-Name: [u'TEST LLC,BA01_01009']
2013-11-20 10:57:12,519: DEBUG: NAS-Identifier: [u'C08386']
2013-11-20 10:57:12,521: DEBUG: Proxy-State: ['3330,3132']
2013-11-20 10:57:12,523: DEBUG: GoGo-Total-Input-Voice-Octets: [0]
2013-11-20 10:57:12,524: DEBUG: Acct-Status-Type: ['Interim-Update']
2013-11-20 10:57:12,524: DEBUG: GoGo-Total-Output-Voice-Gigawords: [0]
2013-11-20 10:57:12,525: DEBUG: GoGo-Airline: [u'BA01']
2013-11-20 10:57:12,527: DEBUG: Acct-Session-Id: [u'AAATestNAS_106-1384925202466-00163E1D757B-3']
2013-11-20 10:57:12,528: DEBUG: Acct-Session-Time: [10]
2013-11-20 10:57:12,529: DEBUG: Acct-Input-Packets: [46300]
2013-11-20 10:57:12,530: DEBUG: Acct-Output-Packets: [8161]
2013-11-20 10:57:12,531: DEBUG: GoGo-Acct-Output-Voice-Packets: [0]
2013-11-20 10:57:12,531: DEBUG: GoGo-Acct-Output-Voice-Octets: [0]
2013-11-20 10:57:12,532: DEBUG: Acct-Output-Gigawords: [0]
2013-11-20 10:57:12,533: DEBUG: GoGo-Total-Output-Voice-Packets: [0]
2013-11-20 10:57:12,533: DEBUG: Acct-Input-Gigawords: [0]
2013-11-20 10:57:12,534: DEBUG: Calling-Station-Id: [u'17:21:31:41:52:76']
2013-11-20 10:57:12,536: DEBUG: NAS-Port-Type: ['Wireless-802.11']
2013-11-20 10:57:12,536: DEBUG: GoGo-Total-Output-Voice-Octets: [0]
2013-11-20 10:57:12,537: DEBUG: GoGo-Private-IP-Address: ['192.168.1.179']
2013-11-20 10:57:12,538: DEBUG: GoGo-Acct-Input-Voice-Gigawords: [0]
2013-11-20 10:57:12,538: DEBUG: GoGo-Total-Input-Packets: [46300]
2013-11-20 10:57:12,539: DEBUG: GoGo-Total-Input-Gigawords: [0]
2013-11-20 10:57:12,540: DEBUG: GoGo-Acct-Input-Voice-Packets: [0]
2013-11-20 10:57:12,541: DEBUG: GoGo-Total-Input-Octets: [4804948]
2013-11-20 10:57:12,542: DEBUG: GoGo-Total-Output-Packets: [8161]
2013-11-20 10:57:12,544: DEBUG: WISPr-Location-ID: [u'airline=BA01,tail=01009,network=']
2013-11-20 10:57:12,545: DEBUG: GoGo-Acct-Output-Voice-Gigawords: [0]
2013-11-20 10:57:12,545: DEBUG: Acct-Input-Octets: [4804948]
2013-11-20 10:57:12,551: DEBUG: 

2013-11-20 10:57:12,552: DEBUG: Received response with following attributes:
2013-11-20 10:57:22,553: DEBUG: 

2013-11-20 10:57:22,553: DEBUG: Creating Accounting Update Request with the following Attributes:
2013-11-20 10:57:22,554: DEBUG: User-Name: [u'username31@airborne.aircell.com']
2013-11-20 10:57:22,554: DEBUG: GoGo-Tail-Number: [u'AAATestNAS_106']
2013-11-20 10:57:22,554: DEBUG: Acct-Output-Octets: [7763157]
2013-11-20 10:57:22,554: DEBUG: NAS-IP-Address: ['10.254.111.1']
2013-11-20 10:57:22,555: DEBUG: GoGo-Total-Output-Gigawords: [0]
2013-11-20 10:57:22,555: DEBUG: Framed-IP-Address: ['10.254.111.88']
2013-11-20 10:57:22,555: DEBUG: GoGo-Total-Input-Voice-Gigawords: [0]
2013-11-20 10:57:22,555: DEBUG: GoGo-Total-Output-Octets: [7763157]
2013-11-20 10:57:22,555: DEBUG: GoGo-Acct-Input-Voice-Octets: [0]
2013-11-20 10:57:22,555: DEBUG: GoGo-Total-Input-Voice-Packets: [0]
2013-11-20 10:57:22,555: DEBUG: Called-Station-Id: [u'00:16:3E:1D:75:7B']
2013-11-20 10:57:22,555: DEBUG: WISPr-Location-Name: [u'TEST LLC,BA01_01009']
2013-11-20 10:57:22,555: DEBUG: NAS-Identifier: [u'C08386']
2013-11-20 10:57:22,556: DEBUG: Proxy-State: ['3330,3132']
2013-11-20 10:57:22,556: DEBUG: GoGo-Total-Input-Voice-Octets: [0]
2013-11-20 10:57:22,556: DEBUG: Acct-Status-Type: ['Interim-Update']
2013-11-20 10:57:22,556: DEBUG: GoGo-Total-Output-Voice-Gigawords: [0]
2013-11-20 10:57:22,556: DEBUG: GoGo-Airline: [u'BA01']
2013-11-20 10:57:22,556: DEBUG: Acct-Session-Id: [u'AAATestNAS_106-1384925202466-00163E1D757B-3']
2013-11-20 10:57:22,556: DEBUG: Acct-Session-Time: [10]
2013-11-20 10:57:22,556: DEBUG: Acct-Input-Packets: [29048]
2013-11-20 10:57:22,556: DEBUG: Acct-Output-Packets: [33985]
2013-11-20 10:57:22,557: DEBUG: GoGo-Acct-Output-Voice-Packets: [0]
2013-11-20 10:57:22,557: DEBUG: GoGo-Acct-Output-Voice-Octets: [0]
2013-11-20 10:57:22,557: DEBUG: Acct-Output-Gigawords: [0]
2013-11-20 10:57:22,557: DEBUG: GoGo-Total-Output-Voice-Packets: [0]
2013-11-20 10:57:22,557: DEBUG: Acct-Input-Gigawords: [0]
2013-11-20 10:57:22,557: DEBUG: Calling-Station-Id: [u'17:21:31:41:52:76']
2013-11-20 10:57:22,557: DEBUG: NAS-Port-Type: ['Wireless-802.11']
2013-11-20 10:57:22,557: DEBUG: GoGo-Total-Output-Voice-Octets: [0]
2013-11-20 10:57:22,557: DEBUG: GoGo-Private-IP-Address: ['192.168.1.179']
2013-11-20 10:57:22,557: DEBUG: GoGo-Acct-Input-Voice-Gigawords: [0]
2013-11-20 10:57:22,558: DEBUG: GoGo-Total-Input-Packets: [29048]
2013-11-20 10:57:22,558: DEBUG: GoGo-Total-Input-Gigawords: [0]
2013-11-20 10:57:22,558: DEBUG: GoGo-Acct-Input-Voice-Packets: [0]
2013-11-20 10:57:22,558: DEBUG: GoGo-Total-Input-Octets: [4600476]
2013-11-20 10:57:22,558: DEBUG: GoGo-Total-Output-Packets: [33985]
2013-11-20 10:57:22,558: DEBUG: WISPr-Location-ID: [u'airline=BA01,tail=01009,network=']
2013-11-20 10:57:22,558: DEBUG: GoGo-Acct-Output-Voice-Gigawords: [0]
2013-11-20 10:57:22,558: DEBUG: Acct-Input-Octets: [4600476]
2013-11-20 10:57:22,560: DEBUG: 

2013-11-20 10:57:22,560: DEBUG: Received response with following attributes:
2013-11-20 10:57:32,561: DEBUG: 

2013-11-20 10:57:32,562: DEBUG: Creating Accounting Update Request with the following Attributes:
2013-11-20 10:57:32,562: DEBUG: User-Name: [u'username31@airborne.aircell.com']
2013-11-20 10:57:32,562: DEBUG: GoGo-Tail-Number: [u'AAATestNAS_106']
2013-11-20 10:57:32,562: DEBUG: Acct-Output-Octets: [4127300]
2013-11-20 10:57:32,563: DEBUG: NAS-IP-Address: ['10.254.111.1']
2013-11-20 10:57:32,563: DEBUG: GoGo-Total-Output-Gigawords: [0]
2013-11-20 10:57:32,563: DEBUG: Framed-IP-Address: ['10.254.111.88']
2013-11-20 10:57:32,563: DEBUG: GoGo-Total-Input-Voice-Gigawords: [0]
2013-11-20 10:57:32,563: DEBUG: GoGo-Total-Output-Octets: [4127300]
2013-11-20 10:57:32,563: DEBUG: GoGo-Acct-Input-Voice-Octets: [0]
2013-11-20 10:57:32,563: DEBUG: GoGo-Total-Input-Voice-Packets: [0]
2013-11-20 10:57:32,563: DEBUG: Called-Station-Id: [u'00:16:3E:1D:75:7B']
2013-11-20 10:57:32,563: DEBUG: WISPr-Location-Name: [u'TEST LLC,BA01_01009']
2013-11-20 10:57:32,564: DEBUG: NAS-Identifier: [u'C08386']
2013-11-20 10:57:32,564: DEBUG: Proxy-State: ['3330,3132']
2013-11-20 10:57:32,564: DEBUG: GoGo-Total-Input-Voice-Octets: [0]
2013-11-20 10:57:32,564: DEBUG: Acct-Status-Type: ['Interim-Update']
2013-11-20 10:57:32,564: DEBUG: GoGo-Total-Output-Voice-Gigawords: [0]
2013-11-20 10:57:32,564: DEBUG: GoGo-Airline: [u'BA01']
2013-11-20 10:57:32,564: DEBUG: Acct-Session-Id: [u'AAATestNAS_106-1384925202466-00163E1D757B-3']
2013-11-20 10:57:32,564: DEBUG: Acct-Session-Time: [10]
2013-11-20 10:57:32,564: DEBUG: Acct-Input-Packets: [40724]
2013-11-20 10:57:32,564: DEBUG: Acct-Output-Packets: [30621]
2013-11-20 10:57:32,564: DEBUG: GoGo-Acct-Output-Voice-Packets: [0]
2013-11-20 10:57:32,565: DEBUG: GoGo-Acct-Output-Voice-Octets: [0]
2013-11-20 10:57:32,565: DEBUG: Acct-Output-Gigawords: [0]
2013-11-20 10:57:32,565: DEBUG: GoGo-Total-Output-Voice-Packets: [0]
2013-11-20 10:57:32,565: DEBUG: Acct-Input-Gigawords: [0]
2013-11-20 10:57:32,565: DEBUG: Calling-Station-Id: [u'17:21:31:41:52:76']
2013-11-20 10:57:32,565: DEBUG: NAS-Port-Type: ['Wireless-802.11']
2013-11-20 10:57:32,565: DEBUG: GoGo-Total-Output-Voice-Octets: [0]
2013-11-20 10:57:32,565: DEBUG: GoGo-Private-IP-Address: ['192.168.1.179']
2013-11-20 10:57:32,565: DEBUG: GoGo-Acct-Input-Voice-Gigawords: [0]
2013-11-20 10:57:32,565: DEBUG: GoGo-Total-Input-Packets: [40724]
2013-11-20 10:57:32,566: DEBUG: GoGo-Total-Input-Gigawords: [0]
2013-11-20 10:57:32,566: DEBUG: GoGo-Acct-Input-Voice-Packets: [0]
2013-11-20 10:57:32,566: DEBUG: GoGo-Total-Input-Octets: [7239273]
2013-11-20 10:57:32,566: DEBUG: GoGo-Total-Output-Packets: [30621]
2013-11-20 10:57:32,566: DEBUG: WISPr-Location-ID: [u'airline=BA01,tail=01009,network=']
2013-11-20 10:57:32,566: DEBUG: GoGo-Acct-Output-Voice-Gigawords: [0]
2013-11-20 10:57:32,566: DEBUG: Acct-Input-Octets: [7239273]
2013-11-20 10:57:32,566: ERROR: Network error, Reason: 'Network error: Too many open files'
2013-11-20 10:57:42,567: DEBUG: 

2013-11-20 10:57:42,568: DEBUG: Creating Accounting Update Request with the following Attributes:
2013-11-20 10:57:42,569: DEBUG: User-Name: [u'username31@airborne.aircell.com']
2013-11-20 10:57:42,569: DEBUG: GoGo-Tail-Number: [u'AAATestNAS_106']
2013-11-20 10:57:42,569: DEBUG: Acct-Output-Octets: [4411897]
2013-11-20 10:57:42,569: DEBUG: NAS-IP-Address: ['10.254.111.1']
2013-11-20 10:57:42,569: DEBUG: GoGo-Total-Output-Gigawords: [0]
2013-11-20 10:57:42,569: DEBUG: Framed-IP-Address: ['10.254.111.88']
2013-11-20 10:57:42,570: DEBUG: GoGo-Total-Input-Voice-Gigawords: [0]
2013-11-20 10:57:42,570: DEBUG: GoGo-Total-Output-Octets: [4411897]
2013-11-20 10:57:42,570: DEBUG: GoGo-Acct-Input-Voice-Octets: [0]
2013-11-20 10:57:42,570: DEBUG: GoGo-Total-Input-Voice-Packets: [0]
2013-11-20 10:57:42,570: DEBUG: Called-Station-Id: [u'00:16:3E:1D:75:7B']
2013-11-20 10:57:42,570: DEBUG: WISPr-Location-Name: [u'TEST LLC,BA01_01009']
2013-11-20 10:57:42,570: DEBUG: NAS-Identifier: [u'C08386']
2013-11-20 10:57:42,571: DEBUG: Proxy-State: ['3330,3132']
2013-11-20 10:57:42,571: DEBUG: GoGo-Total-Input-Voice-Octets: [0]
2013-11-20 10:57:42,571: DEBUG: Acct-Status-Type: ['Interim-Update']
2013-11-20 10:57:42,571: DEBUG: GoGo-Total-Output-Voice-Gigawords: [0]
2013-11-20 10:57:42,571: DEBUG: GoGo-Airline: [u'BA01']
2013-11-20 10:57:42,571: DEBUG: Acct-Session-Id: [u'AAATestNAS_106-1384925202466-00163E1D757B-3']
2013-11-20 10:57:42,572: DEBUG: Acct-Session-Time: [10]
2013-11-20 10:57:42,572: DEBUG: Acct-Input-Packets: [40886]
2013-11-20 10:57:42,572: DEBUG: Acct-Output-Packets: [14954]
2013-11-20 10:57:42,572: DEBUG: GoGo-Acct-Output-Voice-Packets: [0]
2013-11-20 10:57:42,572: DEBUG: GoGo-Acct-Output-Voice-Octets: [0]
2013-11-20 10:57:42,572: DEBUG: Acct-Output-Gigawords: [0]
2013-11-20 10:57:42,572: DEBUG: GoGo-Total-Output-Voice-Packets: [0]
2013-11-20 10:57:42,573: DEBUG: Acct-Input-Gigawords: [0]
2013-11-20 10:57:42,573: DEBUG: Calling-Station-Id: [u'17:21:31:41:52:76']
2013-11-20 10:57:42,573: DEBUG: NAS-Port-Type: ['Wireless-802.11']
2013-11-20 10:57:42,573: DEBUG: GoGo-Total-Output-Voice-Octets: [0]
2013-11-20 10:57:42,573: DEBUG: GoGo-Private-IP-Address: ['192.168.1.179']
2013-11-20 10:57:42,573: DEBUG: GoGo-Acct-Input-Voice-Gigawords: [0]
2013-11-20 10:57:42,573: DEBUG: GoGo-Total-Input-Packets: [40886]
2013-11-20 10:57:42,573: DEBUG: GoGo-Total-Input-Gigawords: [0]
2013-11-20 10:57:42,574: DEBUG: GoGo-Acct-Input-Voice-Packets: [0]
2013-11-20 10:57:42,574: DEBUG: GoGo-Total-Input-Octets: [5208249]
2013-11-20 10:57:42,574: DEBUG: GoGo-Total-Output-Packets: [14954]
2013-11-20 10:57:42,574: DEBUG: WISPr-Location-ID: [u'airline=BA01,tail=01009,network=']
2013-11-20 10:57:42,574: DEBUG: GoGo-Acct-Output-Voice-Gigawords: [0]
2013-11-20 10:57:42,574: DEBUG: Acct-Input-Octets: [5208249]
2013-11-20 10:57:42,574: ERROR: Network error, Reason: 'Network error: Too many open files'
2013-11-20 10:57:52,575: DEBUG: 

2013-11-20 10:57:52,576: DEBUG: Creating Accounting Update Request with the following Attributes:
2013-11-20 10:57:52,576: DEBUG: User-Name: [u'username31@airborne.aircell.com']
2013-11-20 10:57:52,576: DEBUG: GoGo-Tail-Number: [u'AAATestNAS_106']
2013-11-20 10:57:52,576: DEBUG: Acct-Output-Octets: [2647080]
2013-11-20 10:57:52,576: DEBUG: NAS-IP-Address: ['10.254.111.1']
2013-11-20 10:57:52,577: DEBUG: GoGo-Total-Output-Gigawords: [0]
2013-11-20 10:57:52,577: DEBUG: Framed-IP-Address: ['10.254.111.88']
2013-11-20 10:57:52,577: DEBUG: GoGo-Total-Input-Voice-Gigawords: [0]
2013-11-20 10:57:52,577: DEBUG: GoGo-Total-Output-Octets: [2647080]
2013-11-20 10:57:52,577: DEBUG: GoGo-Acct-Input-Voice-Octets: [0]
2013-11-20 10:57:52,577: DEBUG: GoGo-Total-Input-Voice-Packets: [0]
2013-11-20 10:57:52,577: DEBUG: Called-Station-Id: [u'00:16:3E:1D:75:7B']
2013-11-20 10:57:52,577: DEBUG: WISPr-Location-Name: [u'TEST LLC,BA01_01009']
2013-11-20 10:57:52,577: DEBUG: NAS-Identifier: [u'C08386']
2013-11-20 10:57:52,578: DEBUG: Proxy-State: ['3330,3132']
2013-11-20 10:57:52,578: DEBUG: GoGo-Total-Input-Voice-Octets: [0]
2013-11-20 10:57:52,578: DEBUG: Acct-Status-Type: ['Interim-Update']
2013-11-20 10:57:52,578: DEBUG: GoGo-Total-Output-Voice-Gigawords: [0]
2013-11-20 10:57:52,578: DEBUG: GoGo-Airline: [u'BA01']
2013-11-20 10:57:52,578: DEBUG: Acct-Session-Id: [u'AAATestNAS_106-1384925202466-00163E1D757B-3']
2013-11-20 10:57:52,578: DEBUG: Acct-Session-Time: [10]
2013-11-20 10:57:52,578: DEBUG: Acct-Input-Packets: [23482]
2013-11-20 10:57:52,578: DEBUG: Acct-Output-Packets: [7474]
2013-11-20 10:57:52,578: DEBUG: GoGo-Acct-Output-Voice-Packets: [0]
2013-11-20 10:57:52,579: DEBUG: GoGo-Acct-Output-Voice-Octets: [0]
2013-11-20 10:57:52,579: DEBUG: Acct-Output-Gigawords: [0]
2013-11-20 10:57:52,579: DEBUG: GoGo-Total-Output-Voice-Packets: [0]
2013-11-20 10:57:52,579: DEBUG: Acct-Input-Gigawords: [0]
2013-11-20 10:57:52,579: DEBUG: Calling-Station-Id: [u'17:21:31:41:52:76']
2013-11-20 10:57:52,579: DEBUG: NAS-Port-Type: ['Wireless-802.11']
2013-11-20 10:57:52,579: DEBUG: GoGo-Total-Output-Voice-Octets: [0]
2013-11-20 10:57:52,579: DEBUG: GoGo-Private-IP-Address: ['192.168.1.179']
2013-11-20 10:57:52,579: DEBUG: GoGo-Acct-Input-Voice-Gigawords: [0]
2013-11-20 10:57:52,579: DEBUG: GoGo-Total-Input-Packets: [23482]
2013-11-20 10:57:52,580: DEBUG: GoGo-Total-Input-Gigawords: [0]
2013-11-20 10:57:52,580: DEBUG: GoGo-Acct-Input-Voice-Packets: [0]
2013-11-20 10:57:52,580: DEBUG: GoGo-Total-Input-Octets: [5002938]
2013-11-20 10:57:52,580: DEBUG: GoGo-Total-Output-Packets: [7474]
2013-11-20 10:57:52,580: DEBUG: WISPr-Location-ID: [u'airline=BA01,tail=01009,network=']
2013-11-20 10:57:52,580: DEBUG: GoGo-Acct-Output-Voice-Gigawords: [0]
2013-11-20 10:57:52,580: DEBUG: Acct-Input-Octets: [5002938]
2013-11-20 10:57:52,580: ERROR: Network error, Reason: 'Network error: Too many open files'
2013-11-20 10:58:02,581: DEBUG: 

2013-11-20 10:58:02,582: DEBUG: Creating Accounting Update Request with the following Attributes:
2013-11-20 10:58:02,582: DEBUG: User-Name: [u'username31@airborne.aircell.com']
2013-11-20 10:58:02,582: DEBUG: GoGo-Tail-Number: [u'AAATestNAS_106']
2013-11-20 10:58:02,582: DEBUG: Acct-Output-Octets: [2649425]
2013-11-20 10:58:02,583: DEBUG: NAS-IP-Address: ['10.254.111.1']
2013-11-20 10:58:02,583: DEBUG: GoGo-Total-Output-Gigawords: [0]
2013-11-20 10:58:02,583: DEBUG: Framed-IP-Address: ['10.254.111.88']
2013-11-20 10:58:02,583: DEBUG: GoGo-Total-Input-Voice-Gigawords: [0]
2013-11-20 10:58:02,583: DEBUG: GoGo-Total-Output-Octets: [2649425]
2013-11-20 10:58:02,583: DEBUG: GoGo-Acct-Input-Voice-Octets: [0]
2013-11-20 10:58:02,583: DEBUG: GoGo-Total-Input-Voice-Packets: [0]
2013-11-20 10:58:02,583: DEBUG: Called-Station-Id: [u'00:16:3E:1D:75:7B']
2013-11-20 10:58:02,583: DEBUG: WISPr-Location-Name: [u'TEST LLC,BA01_01009']
2013-11-20 10:58:02,583: DEBUG: NAS-Identifier: [u'C08386']
2013-11-20 10:58:02,583: DEBUG: Proxy-State: ['3330,3132']
2013-11-20 10:58:02,584: DEBUG: GoGo-Total-Input-Voice-Octets: [0]
2013-11-20 10:58:02,584: DEBUG: Acct-Status-Type: ['Interim-Update']
2013-11-20 10:58:02,584: DEBUG: GoGo-Total-Output-Voice-Gigawords: [0]
2013-11-20 10:58:02,584: DEBUG: GoGo-Airline: [u'BA01']
2013-11-20 10:58:02,584: DEBUG: Acct-Session-Id: [u'AAATestNAS_106-1384925202466-00163E1D757B-3']
2013-11-20 10:58:02,584: DEBUG: Acct-Session-Time: [10]
2013-11-20 10:58:02,584: DEBUG: Acct-Input-Packets: [19595]
2013-11-20 10:58:02,584: DEBUG: Acct-Output-Packets: [14557]
2013-11-20 10:58:02,584: DEBUG: GoGo-Acct-Output-Voice-Packets: [0]
2013-11-20 10:58:02,585: DEBUG: GoGo-Acct-Output-Voice-Octets: [0]
2013-11-20 10:58:02,585: DEBUG: Acct-Output-Gigawords: [0]
2013-11-20 10:58:02,585: DEBUG: GoGo-Total-Output-Voice-Packets: [0]
2013-11-20 10:58:02,585: DEBUG: Acct-Input-Gigawords: [0]
2013-11-20 10:58:02,585: DEBUG: Calling-Station-Id: [u'17:21:31:41:52:76']
2013-11-20 10:58:02,585: DEBUG: NAS-Port-Type: ['Wireless-802.11']
2013-11-20 10:58:02,585: DEBUG: GoGo-Total-Output-Voice-Octets: [0]
2013-11-20 10:58:02,585: DEBUG: GoGo-Private-IP-Address: ['192.168.1.179']
2013-11-20 10:58:02,585: DEBUG: GoGo-Acct-Input-Voice-Gigawords: [0]
2013-11-20 10:58:02,586: DEBUG: GoGo-Total-Input-Packets: [19595]
2013-11-20 10:58:02,586: DEBUG: GoGo-Total-Input-Gigawords: [0]
2013-11-20 10:58:02,586: DEBUG: GoGo-Acct-Input-Voice-Packets: [0]
2013-11-20 10:58:02,586: DEBUG: GoGo-Total-Input-Octets: [6382925]
2013-11-20 10:58:02,586: DEBUG: GoGo-Total-Output-Packets: [14557]
2013-11-20 10:58:02,586: DEBUG: WISPr-Location-ID: [u'airline=BA01,tail=01009,network=']
2013-11-20 10:58:02,586: DEBUG: GoGo-Acct-Output-Voice-Gigawords: [0]
2013-11-20 10:58:02,586: DEBUG: Acct-Input-Octets: [6382925]
2013-11-20 10:58:02,586: ERROR: Network error, Reason: 'Network error: Too many open files'
2013-11-20 10:58:12,587: DEBUG: 

2013-11-20 10:58:12,587: DEBUG: Creating Accounting Stop Request with the following Attributes:
2013-11-20 10:58:12,588: DEBUG: User-Name: [u'username31@airborne.aircell.com']
2013-11-20 10:58:12,588: DEBUG: GoGo-Tail-Number: [u'01009']
2013-11-20 10:58:12,588: DEBUG: Acct-Output-Octets: [3890357]
2013-11-20 10:58:12,588: DEBUG: NAS-IP-Address: ['10.254.111.1']
2013-11-20 10:58:12,588: DEBUG: GoGo-Total-Output-Gigawords: [0]
2013-11-20 10:58:12,588: DEBUG: Framed-IP-Address: ['10.254.111.88']
2013-11-20 10:58:12,588: DEBUG: GoGo-Total-Input-Voice-Gigawords: [0]
2013-11-20 10:58:12,588: DEBUG: GoGo-Total-Output-Octets: [3890357]
2013-11-20 10:58:12,588: DEBUG: GoGo-Acct-Input-Voice-Octets: [0]
2013-11-20 10:58:12,589: DEBUG: GoGo-Total-Input-Voice-Packets: [0]
2013-11-20 10:58:12,589: DEBUG: Called-Station-Id: [u'00:16:3E:1D:75:7B']
2013-11-20 10:58:12,589: DEBUG: WISPr-Location-Name: [u'TEST LLC,BA01_01009']
2013-11-20 10:58:12,589: DEBUG: NAS-Identifier: [u'C08386']
2013-11-20 10:58:12,589: DEBUG: Proxy-State: ['3330,3132']
2013-11-20 10:58:12,589: DEBUG: GoGo-Total-Input-Voice-Octets: [0]
2013-11-20 10:58:12,589: DEBUG: Acct-Status-Type: ['Stop']
2013-11-20 10:58:12,589: DEBUG: GoGo-Total-Output-Voice-Gigawords: [0]
2013-11-20 10:58:12,589: DEBUG: GoGo-Airline: [u'BA01']
2013-11-20 10:58:12,589: DEBUG: Acct-Session-Id: [u'AAATestNAS_106-1384925202466-00163E1D757B-3']
2013-11-20 10:58:12,590: DEBUG: Acct-Session-Time: [10]
2013-11-20 10:58:12,590: DEBUG: Acct-Input-Packets: [8010]
2013-11-20 10:58:12,590: DEBUG: Acct-Output-Packets: [37418]
2013-11-20 10:58:12,590: DEBUG: Acct-Terminate-Cause: ['User-Request']
2013-11-20 10:58:12,590: DEBUG: GoGo-Acct-Output-Voice-Octets: [0]
2013-11-20 10:58:12,590: DEBUG: Acct-Output-Gigawords: [0]
2013-11-20 10:58:12,590: DEBUG: GoGo-Total-Output-Voice-Packets: [0]
2013-11-20 10:58:12,590: DEBUG: Acct-Input-Gigawords: [0]
2013-11-20 10:58:12,590: DEBUG: Calling-Station-Id: [u'17:21:31:41:52:76']
2013-11-20 10:58:12,591: DEBUG: NAS-Port-Type: ['Wireless-802.11']
2013-11-20 10:58:12,591: DEBUG: GoGo-Total-Output-Voice-Octets: [0]
2013-11-20 10:58:12,591: DEBUG: GoGo-Private-IP-Address: ['192.168.1.179']
2013-11-20 10:58:12,591: DEBUG: GoGo-Acct-Input-Voice-Gigawords: [0]
2013-11-20 10:58:12,591: DEBUG: GoGo-Total-Input-Packets: [8010]
2013-11-20 10:58:12,591: DEBUG: GoGo-Total-Input-Gigawords: [0]
2013-11-20 10:58:12,591: DEBUG: GoGo-Acct-Input-Voice-Packets: [0]
2013-11-20 10:58:12,591: DEBUG: GoGo-Total-Input-Octets: [2888351]
2013-11-20 10:58:12,591: DEBUG: GoGo-Total-Output-Packets: [37418]
2013-11-20 10:58:12,591: DEBUG: WISPr-Location-ID: [u'airline=BA01,tail=01009,network=']
2013-11-20 10:58:12,592: DEBUG: GoGo-Acct-Output-Voice-Packets: [0]
2013-11-20 10:58:12,592: DEBUG: GoGo-Acct-Output-Voice-Gigawords: [0]
2013-11-20 10:58:12,592: DEBUG: Acct-Input-Octets: [2888351]
2013-11-20 10:58:12,592: ERROR: Network error, Reason: 'Network error: Too many open files'
2013-11-20 10:58:12,592: ERROR: Ending the test for this user
2013-11-20 10:58:12,592: DEBUG: Ending the test for this user
