2013-11-20 10:55:41,665: DEBUG: Starting the client for the user username63@airborne.aircell.com to the server localhost

2013-11-20 10:55:41,666: DEBUG: DURATION of the TEST: 11
2013-11-20 10:55:41,666: DEBUG: NAS-IP: 10.254.134.1
2013-11-20 10:55:41,666: DEBUG: NAS-MAC-ADDR: 17:21:31:41:52:99
2013-11-20 10:55:41,666: DEBUG: Abruptly End: False
2013-11-20 10:55:41,666: DEBUG: Framed-IP: 10.254.134.43
2013-11-20 10:55:41,666: DEBUG: User-MAC-Addr: 00:16:3E:09:7E:C8
2013-11-20 10:55:41,666: DEBUG: 

2013-11-20 10:55:41,666: DEBUG: Creating Authentication Request with the following Attributes:
2013-11-20 10:55:41,667: DEBUG: NAS-Identifier: [u'C08386']
2013-11-20 10:55:41,667: DEBUG: User-Name: [u'username63@airborne.aircell.com']
2013-11-20 10:55:41,667: DEBUG: NAS-IP-Address: ['10.254.134.1']
2013-11-20 10:55:41,667: DEBUG: Service-Type: ['Authenticate-Only']
2013-11-20 10:55:41,667: DEBUG: Proxy-State: ['3237,3134']
2013-11-20 10:55:41,667: DEBUG: Framed-IP-Address: ['10.254.134.43']
2013-11-20 10:55:41,667: DEBUG: GoGo-Airline: [u'BA01']
2013-11-20 10:55:41,667: DEBUG: Acct-Session-Id: [u'AAATestNAS_129-1384925141666-00163E097EC8-1']
2013-11-20 10:55:41,667: DEBUG: GoGo-Tail-Number: [u'AAATestNAS_129']
2013-11-20 10:55:41,667: DEBUG: GoGo-Private-IP-Address: ['192.168.1.179']
2013-11-20 10:55:41,667: DEBUG: WISPr-Location-ID: [u'airline=BA01,tail=01009,network=']
2013-11-20 10:55:41,667: DEBUG: WISPr-Location-Name: [u'TEST LLC,BA01_01009']
2013-11-20 10:55:41,667: DEBUG: NAS-Port-Type: ['Wireless-802.11']
2013-11-20 10:55:41,668: DEBUG: Called-Station-Id: [u'00:16:3E:09:7E:C8']
2013-11-20 10:55:41,668: DEBUG: Calling-Station-Id: [u'17:21:31:41:52:99']
2013-11-20 10:55:41,669: DEBUG: 

2013-11-20 10:55:41,669: DEBUG: Received response with code: 2, Accepted
2013-11-20 10:55:41,669: DEBUG: Creating Authentication Request with the following Attributes:
2013-11-20 10:55:41,669: DEBUG: NAS-Identifier: [u'C08386']
2013-11-20 10:55:41,669: DEBUG: User-Name: [u'username63@airborne.aircell.com']
2013-11-20 10:55:41,669: DEBUG: NAS-IP-Address: ['10.254.134.1']
2013-11-20 10:55:41,670: DEBUG: Service-Type: ['Login-User']
2013-11-20 10:55:41,670: DEBUG: Proxy-State: ['3237,3134']
2013-11-20 10:55:41,670: DEBUG: Framed-IP-Address: ['10.254.134.43']
2013-11-20 10:55:41,670: DEBUG: GoGo-Airline: [u'BA01']
2013-11-20 10:55:41,670: DEBUG: Acct-Session-Id: [u'AAATestNAS_129-1384925141669-00163E097EC8-1']
2013-11-20 10:55:41,670: DEBUG: GoGo-Tail-Number: [u'AAATestNAS_129']
2013-11-20 10:55:41,670: DEBUG: GoGo-Private-IP-Address: ['192.168.1.179']
2013-11-20 10:55:41,670: DEBUG: WISPr-Location-ID: [u'airline=BA01,tail=01009,network=']
2013-11-20 10:55:41,670: DEBUG: WISPr-Location-Name: [u'TEST LLC,BA01_01009']
2013-11-20 10:55:41,670: DEBUG: NAS-Port-Type: ['Wireless-802.11']
2013-11-20 10:55:41,670: DEBUG: Called-Station-Id: [u'00:16:3E:09:7E:C8']
2013-11-20 10:55:41,670: DEBUG: Calling-Station-Id: [u'17:21:31:41:52:99']
2013-11-20 10:55:41,671: DEBUG: 

2013-11-20 10:55:41,671: DEBUG: Received response with code: 2, Accepted
2013-11-20 10:55:41,672: DEBUG: 

2013-11-20 10:55:41,672: DEBUG: Creating Accounting start Request with the following Attributes:
2013-11-20 10:55:41,672: DEBUG: NAS-Identifier: [u'C08386']
2013-11-20 10:55:41,672: DEBUG: User-Name: [u'username63@airborne.aircell.com']
2013-11-20 10:55:41,672: DEBUG: GoGo-Tail-Number: [u'AAATestNAS_129']
2013-11-20 10:55:41,672: DEBUG: NAS-IP-Address: ['10.254.134.1']
2013-11-20 10:55:41,672: DEBUG: Proxy-State: ['3239,3131']
2013-11-20 10:55:41,672: DEBUG: Acct-Status-Type: ['Start']
2013-11-20 10:55:41,672: DEBUG: GoGo-Airline: [u'BA01']
2013-11-20 10:55:41,672: DEBUG: Acct-Session-Id: [u'AAATestNAS_129-1384925141669-00163E097EC8-1']
2013-11-20 10:55:41,672: DEBUG: GoGo-Private-IP-Address: ['192.168.1.179']
2013-11-20 10:55:41,672: DEBUG: Framed-IP-Address: ['10.254.134.43']
2013-11-20 10:55:41,673: DEBUG: WISPr-Location-ID: [u'airline=BA01,tail=01009,network=']
2013-11-20 10:55:41,673: DEBUG: WISPr-Location-Name: [u'TEST LLC,BA01_01009']
2013-11-20 10:55:41,673: DEBUG: NAS-Port-Type: ['Wireless-802.11']
2013-11-20 10:55:41,673: DEBUG: Called-Station-Id: [u'00:16:3E:09:7E:C8']
2013-11-20 10:55:41,673: DEBUG: Calling-Station-Id: [u'17:21:31:41:52:99']
2013-11-20 10:55:41,674: DEBUG: 

2013-11-20 10:55:41,674: DEBUG: Received response with following attributes:
2013-11-20 10:55:51,675: DEBUG: 

2013-11-20 10:55:51,675: DEBUG: Creating Accounting Update Request with the following Attributes:
2013-11-20 10:55:51,676: DEBUG: User-Name: [u'username63@airborne.aircell.com']
2013-11-20 10:55:51,676: DEBUG: GoGo-Tail-Number: [u'AAATestNAS_129']
2013-11-20 10:55:51,676: DEBUG: Acct-Output-Octets: [4885455]
2013-11-20 10:55:51,676: DEBUG: NAS-IP-Address: ['10.254.134.1']
2013-11-20 10:55:51,676: DEBUG: GoGo-Total-Output-Gigawords: [0]
2013-11-20 10:55:51,676: DEBUG: Framed-IP-Address: ['10.254.134.43']
2013-11-20 10:55:51,676: DEBUG: GoGo-Total-Input-Voice-Gigawords: [0]
2013-11-20 10:55:51,676: DEBUG: GoGo-Total-Output-Octets: [4885455]
2013-11-20 10:55:51,676: DEBUG: GoGo-Acct-Input-Voice-Octets: [0]
2013-11-20 10:55:51,676: DEBUG: GoGo-Total-Input-Voice-Packets: [0]
2013-11-20 10:55:51,676: DEBUG: Called-Station-Id: [u'00:16:3E:09:7E:C8']
2013-11-20 10:55:51,676: DEBUG: WISPr-Location-Name: [u'TEST LLC,BA01_01009']
2013-11-20 10:55:51,676: DEBUG: NAS-Identifier: [u'C08386']
2013-11-20 10:55:51,676: DEBUG: Proxy-State: ['3330,3132']
2013-11-20 10:55:51,676: DEBUG: GoGo-Total-Input-Voice-Octets: [0]
2013-11-20 10:55:51,677: DEBUG: Acct-Status-Type: ['Interim-Update']
2013-11-20 10:55:51,677: DEBUG: GoGo-Total-Output-Voice-Gigawords: [0]
2013-11-20 10:55:51,677: DEBUG: GoGo-Airline: [u'BA01']
2013-11-20 10:55:51,677: DEBUG: Acct-Session-Id: [u'AAATestNAS_129-1384925141669-00163E097EC8-1']
2013-11-20 10:55:51,677: DEBUG: Acct-Session-Time: [10]
2013-11-20 10:55:51,677: DEBUG: Acct-Input-Packets: [49762]
2013-11-20 10:55:51,677: DEBUG: Acct-Output-Packets: [47526]
2013-11-20 10:55:51,677: DEBUG: GoGo-Acct-Output-Voice-Packets: [0]
2013-11-20 10:55:51,677: DEBUG: GoGo-Acct-Output-Voice-Octets: [0]
2013-11-20 10:55:51,677: DEBUG: Acct-Output-Gigawords: [0]
2013-11-20 10:55:51,677: DEBUG: GoGo-Total-Output-Voice-Packets: [0]
2013-11-20 10:55:51,677: DEBUG: Acct-Input-Gigawords: [0]
2013-11-20 10:55:51,677: DEBUG: Calling-Station-Id: [u'17:21:31:41:52:99']
2013-11-20 10:55:51,677: DEBUG: NAS-Port-Type: ['Wireless-802.11']
2013-11-20 10:55:51,678: DEBUG: GoGo-Total-Output-Voice-Octets: [0]
2013-11-20 10:55:51,678: DEBUG: GoGo-Private-IP-Address: ['192.168.1.179']
2013-11-20 10:55:51,678: DEBUG: GoGo-Acct-Input-Voice-Gigawords: [0]
2013-11-20 10:55:51,678: DEBUG: GoGo-Total-Input-Packets: [49762]
2013-11-20 10:55:51,678: DEBUG: GoGo-Total-Input-Gigawords: [0]
2013-11-20 10:55:51,678: DEBUG: GoGo-Acct-Input-Voice-Packets: [0]
2013-11-20 10:55:51,678: DEBUG: GoGo-Total-Input-Octets: [6244456]
2013-11-20 10:55:51,678: DEBUG: GoGo-Total-Output-Packets: [47526]
2013-11-20 10:55:51,678: DEBUG: WISPr-Location-ID: [u'airline=BA01,tail=01009,network=']
2013-11-20 10:55:51,678: DEBUG: GoGo-Acct-Output-Voice-Gigawords: [0]
2013-11-20 10:55:51,678: DEBUG: Acct-Input-Octets: [6244456]
2013-11-20 10:55:51,680: DEBUG: 

2013-11-20 10:55:51,680: DEBUG: Received response with following attributes:
2013-11-20 10:56:14,681: DEBUG: 

2013-11-20 10:56:14,682: DEBUG: Creating Accounting Stop Request with the following Attributes:
2013-11-20 10:56:14,682: DEBUG: User-Name: [u'username63@airborne.aircell.com']
2013-11-20 10:56:14,682: DEBUG: GoGo-Tail-Number: [u'01009']
2013-11-20 10:56:14,682: DEBUG: Acct-Output-Octets: [2087643]
2013-11-20 10:56:14,682: DEBUG: NAS-IP-Address: ['10.254.134.1']
2013-11-20 10:56:14,683: DEBUG: GoGo-Total-Output-Gigawords: [0]
2013-11-20 10:56:14,683: DEBUG: Framed-IP-Address: ['10.254.134.43']
2013-11-20 10:56:14,683: DEBUG: GoGo-Total-Input-Voice-Gigawords: [0]
2013-11-20 10:56:14,683: DEBUG: GoGo-Total-Output-Octets: [2087643]
2013-11-20 10:56:14,683: DEBUG: GoGo-Acct-Input-Voice-Octets: [0]
2013-11-20 10:56:14,683: DEBUG: GoGo-Total-Input-Voice-Packets: [0]
2013-11-20 10:56:14,683: DEBUG: Called-Station-Id: [u'00:16:3E:09:7E:C8']
2013-11-20 10:56:14,683: DEBUG: WISPr-Location-Name: [u'TEST LLC,BA01_01009']
2013-11-20 10:56:14,684: DEBUG: NAS-Identifier: [u'C08386']
2013-11-20 10:56:14,684: DEBUG: Proxy-State: ['3330,3132']
2013-11-20 10:56:14,684: DEBUG: GoGo-Total-Input-Voice-Octets: [0]
2013-11-20 10:56:14,684: DEBUG: Acct-Status-Type: ['Stop']
2013-11-20 10:56:14,684: DEBUG: GoGo-Total-Output-Voice-Gigawords: [0]
2013-11-20 10:56:14,684: DEBUG: GoGo-Airline: [u'BA01']
2013-11-20 10:56:14,684: DEBUG: Acct-Session-Id: [u'AAATestNAS_129-1384925141669-00163E097EC8-1']
2013-11-20 10:56:14,684: DEBUG: Acct-Session-Time: [23]
2013-11-20 10:56:14,685: DEBUG: Acct-Input-Packets: [9398]
2013-11-20 10:56:14,685: DEBUG: Acct-Output-Packets: [3252]
2013-11-20 10:56:14,685: DEBUG: Acct-Terminate-Cause: ['User-Request']
2013-11-20 10:56:14,685: DEBUG: GoGo-Acct-Output-Voice-Octets: [0]
2013-11-20 10:56:14,685: DEBUG: Acct-Output-Gigawords: [0]
2013-11-20 10:56:14,685: DEBUG: GoGo-Total-Output-Voice-Packets: [0]
2013-11-20 10:56:14,685: DEBUG: Acct-Input-Gigawords: [0]
2013-11-20 10:56:14,685: DEBUG: Calling-Station-Id: [u'17:21:31:41:52:99']
2013-11-20 10:56:14,685: DEBUG: NAS-Port-Type: ['Wireless-802.11']
2013-11-20 10:56:14,685: DEBUG: GoGo-Total-Output-Voice-Octets: [0]
2013-11-20 10:56:14,686: DEBUG: GoGo-Private-IP-Address: ['192.168.1.179']
2013-11-20 10:56:14,686: DEBUG: GoGo-Acct-Input-Voice-Gigawords: [0]
2013-11-20 10:56:14,686: DEBUG: GoGo-Total-Input-Packets: [9398]
2013-11-20 10:56:14,686: DEBUG: GoGo-Total-Input-Gigawords: [0]
2013-11-20 10:56:14,686: DEBUG: GoGo-Acct-Input-Voice-Packets: [0]
2013-11-20 10:56:14,686: DEBUG: GoGo-Total-Input-Octets: [3744366]
2013-11-20 10:56:14,686: DEBUG: GoGo-Total-Output-Packets: [3252]
2013-11-20 10:56:14,686: DEBUG: WISPr-Location-ID: [u'airline=BA01,tail=01009,network=']
2013-11-20 10:56:14,686: DEBUG: GoGo-Acct-Output-Voice-Packets: [0]
2013-11-20 10:56:14,687: DEBUG: GoGo-Acct-Output-Voice-Gigawords: [0]
2013-11-20 10:56:14,687: DEBUG: Acct-Input-Octets: [3744366]
2013-11-20 10:56:14,688: DEBUG: 

2013-11-20 10:56:14,688: DEBUG: Received response with following attributes:
2013-11-20 10:56:14,688: DEBUG: Ending the test for this user
2013-11-20 10:56:15,424: DEBUG: Starting the client for the user username63@airborne.aircell.com to the server localhost

2013-11-20 10:56:15,424: DEBUG: DURATION of the TEST: 19
2013-11-20 10:56:15,424: DEBUG: NAS-IP: 10.254.40.1
2013-11-20 10:56:15,424: DEBUG: NAS-MAC-ADDR: 16:21:31:41:51:95
2013-11-20 10:56:15,424: DEBUG: Abruptly End: False
2013-11-20 10:56:15,424: DEBUG: Framed-IP: 10.254.40.107
2013-11-20 10:56:15,424: DEBUG: User-MAC-Addr: 00:16:3E:2F:1B:A8
2013-11-20 10:56:15,425: DEBUG: 

2013-11-20 10:56:15,425: DEBUG: Creating Authentication Request with the following Attributes:
2013-11-20 10:56:15,425: DEBUG: NAS-Identifier: [u'C08386']
2013-11-20 10:56:15,425: DEBUG: User-Name: [u'username63@airborne.aircell.com']
2013-11-20 10:56:15,425: DEBUG: NAS-IP-Address: ['10.254.40.1']
2013-11-20 10:56:15,426: DEBUG: Service-Type: ['Authenticate-Only']
2013-11-20 10:56:15,426: DEBUG: Proxy-State: ['3237,3134']
2013-11-20 10:56:15,426: DEBUG: Framed-IP-Address: ['10.254.40.107']
2013-11-20 10:56:15,426: DEBUG: GoGo-Airline: [u'BA01']
2013-11-20 10:56:15,426: DEBUG: Acct-Session-Id: [u'AAATestNAS_35-1384925175425-00163E2F1BA8-1']
2013-11-20 10:56:15,426: DEBUG: GoGo-Tail-Number: [u'AAATestNAS_35']
2013-11-20 10:56:15,426: DEBUG: GoGo-Private-IP-Address: ['192.168.1.179']
2013-11-20 10:56:15,426: DEBUG: WISPr-Location-ID: [u'airline=BA01,tail=01009,network=']
2013-11-20 10:56:15,426: DEBUG: WISPr-Location-Name: [u'TEST LLC,BA01_01009']
2013-11-20 10:56:15,427: DEBUG: NAS-Port-Type: ['Wireless-802.11']
2013-11-20 10:56:15,427: DEBUG: Called-Station-Id: [u'00:16:3E:2F:1B:A8']
2013-11-20 10:56:15,427: DEBUG: Calling-Station-Id: [u'16:21:31:41:51:95']
2013-11-20 10:56:15,428: DEBUG: 

2013-11-20 10:56:15,428: DEBUG: Received response with code: 2, Accepted
2013-11-20 10:56:15,428: DEBUG: Creating Authentication Request with the following Attributes:
2013-11-20 10:56:15,428: DEBUG: NAS-Identifier: [u'C08386']
2013-11-20 10:56:15,429: DEBUG: User-Name: [u'username63@airborne.aircell.com']
2013-11-20 10:56:15,429: DEBUG: NAS-IP-Address: ['10.254.40.1']
2013-11-20 10:56:15,429: DEBUG: Service-Type: ['Login-User']
2013-11-20 10:56:15,429: DEBUG: Proxy-State: ['3237,3134']
2013-11-20 10:56:15,429: DEBUG: Framed-IP-Address: ['10.254.40.107']
2013-11-20 10:56:15,429: DEBUG: GoGo-Airline: [u'BA01']
2013-11-20 10:56:15,429: DEBUG: Acct-Session-Id: [u'AAATestNAS_35-1384925175428-00163E2F1BA8-1']
2013-11-20 10:56:15,429: DEBUG: GoGo-Tail-Number: [u'AAATestNAS_35']
2013-11-20 10:56:15,430: DEBUG: GoGo-Private-IP-Address: ['192.168.1.179']
2013-11-20 10:56:15,430: DEBUG: WISPr-Location-ID: [u'airline=BA01,tail=01009,network=']
2013-11-20 10:56:15,430: DEBUG: WISPr-Location-Name: [u'TEST LLC,BA01_01009']
2013-11-20 10:56:15,430: DEBUG: NAS-Port-Type: ['Wireless-802.11']
2013-11-20 10:56:15,430: DEBUG: Called-Station-Id: [u'00:16:3E:2F:1B:A8']
2013-11-20 10:56:15,430: DEBUG: Calling-Station-Id: [u'16:21:31:41:51:95']
2013-11-20 10:56:15,431: DEBUG: 

2013-11-20 10:56:15,431: DEBUG: Received response with code: 2, Accepted
2013-11-20 10:56:15,431: DEBUG: 

2013-11-20 10:56:15,431: DEBUG: Creating Accounting start Request with the following Attributes:
2013-11-20 10:56:15,432: DEBUG: NAS-Identifier: [u'C08386']
2013-11-20 10:56:15,432: DEBUG: User-Name: [u'username63@airborne.aircell.com']
2013-11-20 10:56:15,432: DEBUG: GoGo-Tail-Number: [u'AAATestNAS_35']
2013-11-20 10:56:15,432: DEBUG: NAS-IP-Address: ['10.254.40.1']
2013-11-20 10:56:15,432: DEBUG: Proxy-State: ['3239,3131']
2013-11-20 10:56:15,432: DEBUG: Acct-Status-Type: ['Start']
2013-11-20 10:56:15,432: DEBUG: GoGo-Airline: [u'BA01']
2013-11-20 10:56:15,432: DEBUG: Acct-Session-Id: [u'AAATestNAS_35-1384925175428-00163E2F1BA8-1']
2013-11-20 10:56:15,432: DEBUG: GoGo-Private-IP-Address: ['192.168.1.179']
2013-11-20 10:56:15,433: DEBUG: Framed-IP-Address: ['10.254.40.107']
2013-11-20 10:56:15,433: DEBUG: WISPr-Location-ID: [u'airline=BA01,tail=01009,network=']
2013-11-20 10:56:15,433: DEBUG: WISPr-Location-Name: [u'TEST LLC,BA01_01009']
2013-11-20 10:56:15,433: DEBUG: NAS-Port-Type: ['Wireless-802.11']
2013-11-20 10:56:15,433: DEBUG: Called-Station-Id: [u'00:16:3E:2F:1B:A8']
2013-11-20 10:56:15,433: DEBUG: Calling-Station-Id: [u'16:21:31:41:51:95']
2013-11-20 10:56:15,434: DEBUG: 

2013-11-20 10:56:15,435: DEBUG: Received response with following attributes:
2013-11-20 10:56:25,436: DEBUG: 

2013-11-20 10:56:25,437: DEBUG: Creating Accounting Update Request with the following Attributes:
2013-11-20 10:56:25,437: DEBUG: User-Name: [u'username63@airborne.aircell.com']
2013-11-20 10:56:25,437: DEBUG: GoGo-Tail-Number: [u'AAATestNAS_35']
2013-11-20 10:56:25,438: DEBUG: Acct-Output-Octets: [9756578]
2013-11-20 10:56:25,438: DEBUG: NAS-IP-Address: ['10.254.40.1']
2013-11-20 10:56:25,438: DEBUG: GoGo-Total-Output-Gigawords: [0]
2013-11-20 10:56:25,438: DEBUG: Framed-IP-Address: ['10.254.40.107']
2013-11-20 10:56:25,439: DEBUG: GoGo-Total-Input-Voice-Gigawords: [0]
2013-11-20 10:56:25,439: DEBUG: GoGo-Total-Output-Octets: [9756578]
2013-11-20 10:56:25,439: DEBUG: GoGo-Acct-Input-Voice-Octets: [0]
2013-11-20 10:56:25,439: DEBUG: GoGo-Total-Input-Voice-Packets: [0]
2013-11-20 10:56:25,439: DEBUG: Called-Station-Id: [u'00:16:3E:2F:1B:A8']
2013-11-20 10:56:25,439: DEBUG: WISPr-Location-Name: [u'TEST LLC,BA01_01009']
2013-11-20 10:56:25,440: DEBUG: NAS-Identifier: [u'C08386']
2013-11-20 10:56:25,440: DEBUG: Proxy-State: ['3330,3132']
2013-11-20 10:56:25,440: DEBUG: GoGo-Total-Input-Voice-Octets: [0]
2013-11-20 10:56:25,440: DEBUG: Acct-Status-Type: ['Interim-Update']
2013-11-20 10:56:25,440: DEBUG: GoGo-Total-Output-Voice-Gigawords: [0]
2013-11-20 10:56:25,440: DEBUG: GoGo-Airline: [u'BA01']
2013-11-20 10:56:25,440: DEBUG: Acct-Session-Id: [u'AAATestNAS_35-1384925175428-00163E2F1BA8-1']
2013-11-20 10:56:25,441: DEBUG: Acct-Session-Time: [10]
2013-11-20 10:56:25,441: DEBUG: Acct-Input-Packets: [8170]
2013-11-20 10:56:25,441: DEBUG: Acct-Output-Packets: [65684]
2013-11-20 10:56:25,441: DEBUG: GoGo-Acct-Output-Voice-Packets: [0]
2013-11-20 10:56:25,441: DEBUG: GoGo-Acct-Output-Voice-Octets: [0]
2013-11-20 10:56:25,441: DEBUG: Acct-Output-Gigawords: [0]
2013-11-20 10:56:25,442: DEBUG: GoGo-Total-Output-Voice-Packets: [0]
2013-11-20 10:56:25,442: DEBUG: Acct-Input-Gigawords: [0]
2013-11-20 10:56:25,442: DEBUG: Calling-Station-Id: [u'16:21:31:41:51:95']
2013-11-20 10:56:25,442: DEBUG: NAS-Port-Type: ['Wireless-802.11']
2013-11-20 10:56:25,442: DEBUG: GoGo-Total-Output-Voice-Octets: [0]
2013-11-20 10:56:25,442: DEBUG: GoGo-Private-IP-Address: ['192.168.1.179']
2013-11-20 10:56:25,442: DEBUG: GoGo-Acct-Input-Voice-Gigawords: [0]
2013-11-20 10:56:25,443: DEBUG: GoGo-Total-Input-Packets: [8170]
2013-11-20 10:56:25,443: DEBUG: GoGo-Total-Input-Gigawords: [0]
2013-11-20 10:56:25,443: DEBUG: GoGo-Acct-Input-Voice-Packets: [0]
2013-11-20 10:56:25,443: DEBUG: GoGo-Total-Input-Octets: [2298673]
2013-11-20 10:56:25,443: DEBUG: GoGo-Total-Output-Packets: [65684]
2013-11-20 10:56:25,443: DEBUG: WISPr-Location-ID: [u'airline=BA01,tail=01009,network=']
2013-11-20 10:56:25,443: DEBUG: GoGo-Acct-Output-Voice-Gigawords: [0]
2013-11-20 10:56:25,444: DEBUG: Acct-Input-Octets: [2298673]
2013-11-20 10:56:25,446: DEBUG: 

2013-11-20 10:56:25,446: DEBUG: Received response with following attributes:
2013-11-20 10:56:34,447: DEBUG: 

2013-11-20 10:56:34,448: DEBUG: Creating Accounting Update Request with the following Attributes:
2013-11-20 10:56:34,448: DEBUG: User-Name: [u'username63@airborne.aircell.com']
2013-11-20 10:56:34,448: DEBUG: GoGo-Tail-Number: [u'AAATestNAS_35']
2013-11-20 10:56:34,448: DEBUG: Acct-Output-Octets: [9824699]
2013-11-20 10:56:34,448: DEBUG: NAS-IP-Address: ['10.254.40.1']
2013-11-20 10:56:34,448: DEBUG: GoGo-Total-Output-Gigawords: [0]
2013-11-20 10:56:34,448: DEBUG: Framed-IP-Address: ['10.254.40.107']
2013-11-20 10:56:34,449: DEBUG: GoGo-Total-Input-Voice-Gigawords: [0]
2013-11-20 10:56:34,449: DEBUG: GoGo-Total-Output-Octets: [9824699]
2013-11-20 10:56:34,449: DEBUG: GoGo-Acct-Input-Voice-Octets: [0]
2013-11-20 10:56:34,449: DEBUG: GoGo-Total-Input-Voice-Packets: [0]
2013-11-20 10:56:34,449: DEBUG: Called-Station-Id: [u'00:16:3E:2F:1B:A8']
2013-11-20 10:56:34,449: DEBUG: WISPr-Location-Name: [u'TEST LLC,BA01_01009']
2013-11-20 10:56:34,449: DEBUG: NAS-Identifier: [u'C08386']
2013-11-20 10:56:34,449: DEBUG: Proxy-State: ['3330,3132']
2013-11-20 10:56:34,449: DEBUG: GoGo-Total-Input-Voice-Octets: [0]
2013-11-20 10:56:34,450: DEBUG: Acct-Status-Type: ['Interim-Update']
2013-11-20 10:56:34,450: DEBUG: GoGo-Total-Output-Voice-Gigawords: [0]
2013-11-20 10:56:34,450: DEBUG: GoGo-Airline: [u'BA01']
2013-11-20 10:56:34,450: DEBUG: Acct-Session-Id: [u'AAATestNAS_35-1384925175428-00163E2F1BA8-1']
2013-11-20 10:56:34,450: DEBUG: Acct-Session-Time: [9]
2013-11-20 10:56:34,450: DEBUG: Acct-Input-Packets: [19678]
2013-11-20 10:56:34,450: DEBUG: Acct-Output-Packets: [29309]
2013-11-20 10:56:34,450: DEBUG: GoGo-Acct-Output-Voice-Packets: [0]
2013-11-20 10:56:34,450: DEBUG: GoGo-Acct-Output-Voice-Octets: [0]
2013-11-20 10:56:34,450: DEBUG: Acct-Output-Gigawords: [0]
2013-11-20 10:56:34,451: DEBUG: GoGo-Total-Output-Voice-Packets: [0]
2013-11-20 10:56:34,451: DEBUG: Acct-Input-Gigawords: [0]
2013-11-20 10:56:34,451: DEBUG: Calling-Station-Id: [u'16:21:31:41:51:95']
2013-11-20 10:56:34,451: DEBUG: NAS-Port-Type: ['Wireless-802.11']
2013-11-20 10:56:34,451: DEBUG: GoGo-Total-Output-Voice-Octets: [0]
2013-11-20 10:56:34,451: DEBUG: GoGo-Private-IP-Address: ['192.168.1.179']
2013-11-20 10:56:34,451: DEBUG: GoGo-Acct-Input-Voice-Gigawords: [0]
2013-11-20 10:56:34,451: DEBUG: GoGo-Total-Input-Packets: [19678]
2013-11-20 10:56:34,451: DEBUG: GoGo-Total-Input-Gigawords: [0]
2013-11-20 10:56:34,452: DEBUG: GoGo-Acct-Input-Voice-Packets: [0]
2013-11-20 10:56:34,452: DEBUG: GoGo-Total-Input-Octets: [5273780]
2013-11-20 10:56:34,452: DEBUG: GoGo-Total-Output-Packets: [29309]
2013-11-20 10:56:34,452: DEBUG: WISPr-Location-ID: [u'airline=BA01,tail=01009,network=']
2013-11-20 10:56:34,452: DEBUG: GoGo-Acct-Output-Voice-Gigawords: [0]
2013-11-20 10:56:34,452: DEBUG: Acct-Input-Octets: [5273780]
2013-11-20 10:56:34,455: DEBUG: 

2013-11-20 10:56:34,455: DEBUG: Received response with following attributes:
2013-11-20 10:56:57,456: DEBUG: 

2013-11-20 10:56:57,457: DEBUG: Creating Accounting Stop Request with the following Attributes:
2013-11-20 10:56:57,457: DEBUG: User-Name: [u'username63@airborne.aircell.com']
2013-11-20 10:56:57,457: DEBUG: GoGo-Tail-Number: [u'01009']
2013-11-20 10:56:57,457: DEBUG: Acct-Output-Octets: [7753217]
2013-11-20 10:56:57,457: DEBUG: NAS-IP-Address: ['10.254.40.1']
2013-11-20 10:56:57,457: DEBUG: GoGo-Total-Output-Gigawords: [0]
2013-11-20 10:56:57,457: DEBUG: Framed-IP-Address: ['10.254.40.107']
2013-11-20 10:56:57,457: DEBUG: GoGo-Total-Input-Voice-Gigawords: [0]
2013-11-20 10:56:57,457: DEBUG: GoGo-Total-Output-Octets: [7753217]
2013-11-20 10:56:57,458: DEBUG: GoGo-Acct-Input-Voice-Octets: [0]
2013-11-20 10:56:57,458: DEBUG: GoGo-Total-Input-Voice-Packets: [0]
2013-11-20 10:56:57,458: DEBUG: Called-Station-Id: [u'00:16:3E:2F:1B:A8']
2013-11-20 10:56:57,458: DEBUG: WISPr-Location-Name: [u'TEST LLC,BA01_01009']
2013-11-20 10:56:57,458: DEBUG: NAS-Identifier: [u'C08386']
2013-11-20 10:56:57,458: DEBUG: Proxy-State: ['3330,3132']
2013-11-20 10:56:57,458: DEBUG: GoGo-Total-Input-Voice-Octets: [0]
2013-11-20 10:56:57,458: DEBUG: Acct-Status-Type: ['Stop']
2013-11-20 10:56:57,458: DEBUG: GoGo-Total-Output-Voice-Gigawords: [0]
2013-11-20 10:56:57,458: DEBUG: GoGo-Airline: [u'BA01']
2013-11-20 10:56:57,459: DEBUG: Acct-Session-Id: [u'AAATestNAS_35-1384925175428-00163E2F1BA8-1']
2013-11-20 10:56:57,459: DEBUG: Acct-Session-Time: [23]
2013-11-20 10:56:57,459: DEBUG: Acct-Input-Packets: [38271]
2013-11-20 10:56:57,459: DEBUG: Acct-Output-Packets: [67959]
2013-11-20 10:56:57,459: DEBUG: Acct-Terminate-Cause: ['User-Request']
2013-11-20 10:56:57,459: DEBUG: GoGo-Acct-Output-Voice-Octets: [0]
2013-11-20 10:56:57,459: DEBUG: Acct-Output-Gigawords: [0]
2013-11-20 10:56:57,459: DEBUG: GoGo-Total-Output-Voice-Packets: [0]
2013-11-20 10:56:57,459: DEBUG: Acct-Input-Gigawords: [0]
2013-11-20 10:56:57,460: DEBUG: Calling-Station-Id: [u'16:21:31:41:51:95']
2013-11-20 10:56:57,460: DEBUG: NAS-Port-Type: ['Wireless-802.11']
2013-11-20 10:56:57,460: DEBUG: GoGo-Total-Output-Voice-Octets: [0]
2013-11-20 10:56:57,460: DEBUG: GoGo-Private-IP-Address: ['192.168.1.179']
2013-11-20 10:56:57,460: DEBUG: GoGo-Acct-Input-Voice-Gigawords: [0]
2013-11-20 10:56:57,460: DEBUG: GoGo-Total-Input-Packets: [38271]
2013-11-20 10:56:57,460: DEBUG: GoGo-Total-Input-Gigawords: [0]
2013-11-20 10:56:57,460: DEBUG: GoGo-Acct-Input-Voice-Packets: [0]
2013-11-20 10:56:57,460: DEBUG: GoGo-Total-Input-Octets: [4992044]
2013-11-20 10:56:57,460: DEBUG: GoGo-Total-Output-Packets: [67959]
2013-11-20 10:56:57,461: DEBUG: WISPr-Location-ID: [u'airline=BA01,tail=01009,network=']
2013-11-20 10:56:57,461: DEBUG: GoGo-Acct-Output-Voice-Packets: [0]
2013-11-20 10:56:57,461: DEBUG: GoGo-Acct-Output-Voice-Gigawords: [0]
2013-11-20 10:56:57,461: DEBUG: Acct-Input-Octets: [4992044]
2013-11-20 10:56:57,463: DEBUG: 

2013-11-20 10:56:57,463: DEBUG: Received response with following attributes:
2013-11-20 10:56:57,463: DEBUG: Ending the test for this user
2013-11-20 10:56:57,493: DEBUG: Starting the client for the user username63@airborne.aircell.com to the server localhost

2013-11-20 10:56:57,494: DEBUG: DURATION of the TEST: 93
2013-11-20 10:56:57,494: DEBUG: NAS-IP: 10.254.28.1
2013-11-20 10:56:57,494: DEBUG: NAS-MAC-ADDR: 16:21:31:41:51:83
2013-11-20 10:56:57,494: DEBUG: Abruptly End: False
2013-11-20 10:56:57,495: DEBUG: Framed-IP: 10.254.28.87
2013-11-20 10:56:57,495: DEBUG: User-MAC-Addr: 00:16:3E:3A:BD:FB
2013-11-20 10:56:57,496: DEBUG: 

2013-11-20 10:56:57,497: DEBUG: Creating Authentication Request with the following Attributes:
2013-11-20 10:56:57,497: DEBUG: NAS-Identifier: [u'C08386']
2013-11-20 10:56:57,498: DEBUG: User-Name: [u'username63@airborne.aircell.com']
2013-11-20 10:56:57,498: DEBUG: NAS-IP-Address: ['10.254.28.1']
2013-11-20 10:56:57,499: DEBUG: Service-Type: ['Authenticate-Only']
2013-11-20 10:56:57,499: DEBUG: Proxy-State: ['3237,3134']
2013-11-20 10:56:57,499: DEBUG: Framed-IP-Address: ['10.254.28.87']
2013-11-20 10:56:57,500: DEBUG: GoGo-Airline: [u'BA01']
2013-11-20 10:56:57,500: DEBUG: Acct-Session-Id: [u'AAATestNAS_23-1384925217496-00163E3ABDFB-3']
2013-11-20 10:56:57,500: DEBUG: GoGo-Tail-Number: [u'AAATestNAS_23']
2013-11-20 10:56:57,501: DEBUG: GoGo-Private-IP-Address: ['192.168.1.179']
2013-11-20 10:56:57,501: DEBUG: WISPr-Location-ID: [u'airline=BA01,tail=01009,network=']
2013-11-20 10:56:57,501: DEBUG: WISPr-Location-Name: [u'TEST LLC,BA01_01009']
2013-11-20 10:56:57,501: DEBUG: NAS-Port-Type: ['Wireless-802.11']
2013-11-20 10:56:57,501: DEBUG: Called-Station-Id: [u'00:16:3E:3A:BD:FB']
2013-11-20 10:56:57,502: DEBUG: Calling-Station-Id: [u'16:21:31:41:51:83']
2013-11-20 10:56:57,503: DEBUG: 

2013-11-20 10:56:57,504: DEBUG: Received response with code: 2, Accepted
2013-11-20 10:56:57,504: DEBUG: Creating Authentication Request with the following Attributes:
2013-11-20 10:56:57,505: DEBUG: NAS-Identifier: [u'C08386']
2013-11-20 10:56:57,505: DEBUG: User-Name: [u'username63@airborne.aircell.com']
2013-11-20 10:56:57,506: DEBUG: NAS-IP-Address: ['10.254.28.1']
2013-11-20 10:56:57,506: DEBUG: Service-Type: ['Login-User']
2013-11-20 10:56:57,506: DEBUG: Proxy-State: ['3237,3134']
2013-11-20 10:56:57,507: DEBUG: Framed-IP-Address: ['10.254.28.87']
2013-11-20 10:56:57,507: DEBUG: GoGo-Airline: [u'BA01']
2013-11-20 10:56:57,507: DEBUG: Acct-Session-Id: [u'AAATestNAS_23-1384925217504-00163E3ABDFB-3']
2013-11-20 10:56:57,507: DEBUG: GoGo-Tail-Number: [u'AAATestNAS_23']
2013-11-20 10:56:57,507: DEBUG: GoGo-Private-IP-Address: ['192.168.1.179']
2013-11-20 10:56:57,508: DEBUG: WISPr-Location-ID: [u'airline=BA01,tail=01009,network=']
2013-11-20 10:56:57,508: DEBUG: WISPr-Location-Name: [u'TEST LLC,BA01_01009']
2013-11-20 10:56:57,508: DEBUG: NAS-Port-Type: ['Wireless-802.11']
2013-11-20 10:56:57,508: DEBUG: Called-Station-Id: [u'00:16:3E:3A:BD:FB']
2013-11-20 10:56:57,508: DEBUG: Calling-Station-Id: [u'16:21:31:41:51:83']
2013-11-20 10:56:57,509: DEBUG: 

2013-11-20 10:56:57,510: DEBUG: Received response with code: 2, Accepted
2013-11-20 10:56:57,510: DEBUG: 

2013-11-20 10:56:57,510: DEBUG: Creating Accounting start Request with the following Attributes:
2013-11-20 10:56:57,510: DEBUG: NAS-Identifier: [u'C08386']
2013-11-20 10:56:57,510: DEBUG: User-Name: [u'username63@airborne.aircell.com']
2013-11-20 10:56:57,510: DEBUG: GoGo-Tail-Number: [u'AAATestNAS_23']
2013-11-20 10:56:57,511: DEBUG: NAS-IP-Address: ['10.254.28.1']
2013-11-20 10:56:57,511: DEBUG: Proxy-State: ['3239,3131']
2013-11-20 10:56:57,511: DEBUG: Acct-Status-Type: ['Start']
2013-11-20 10:56:57,511: DEBUG: GoGo-Airline: [u'BA01']
2013-11-20 10:56:57,511: DEBUG: Acct-Session-Id: [u'AAATestNAS_23-1384925217504-00163E3ABDFB-3']
2013-11-20 10:56:57,511: DEBUG: GoGo-Private-IP-Address: ['192.168.1.179']
2013-11-20 10:56:57,511: DEBUG: Framed-IP-Address: ['10.254.28.87']
2013-11-20 10:56:57,512: DEBUG: WISPr-Location-ID: [u'airline=BA01,tail=01009,network=']
2013-11-20 10:56:57,512: DEBUG: WISPr-Location-Name: [u'TEST LLC,BA01_01009']
2013-11-20 10:56:57,512: DEBUG: NAS-Port-Type: ['Wireless-802.11']
2013-11-20 10:56:57,512: DEBUG: Called-Station-Id: [u'00:16:3E:3A:BD:FB']
2013-11-20 10:56:57,512: DEBUG: Calling-Station-Id: [u'16:21:31:41:51:83']
2013-11-20 10:56:57,513: DEBUG: 

2013-11-20 10:56:57,513: DEBUG: Received response with following attributes:
2013-11-20 10:57:07,514: DEBUG: 

2013-11-20 10:57:07,515: DEBUG: Creating Accounting Update Request with the following Attributes:
2013-11-20 10:57:07,516: DEBUG: User-Name: [u'username63@airborne.aircell.com']
2013-11-20 10:57:07,516: DEBUG: GoGo-Tail-Number: [u'AAATestNAS_23']
2013-11-20 10:57:07,517: DEBUG: Acct-Output-Octets: [5456040]
2013-11-20 10:57:07,517: DEBUG: NAS-IP-Address: ['10.254.28.1']
2013-11-20 10:57:07,518: DEBUG: GoGo-Total-Output-Gigawords: [0]
2013-11-20 10:57:07,518: DEBUG: Framed-IP-Address: ['10.254.28.87']
2013-11-20 10:57:07,518: DEBUG: GoGo-Total-Input-Voice-Gigawords: [0]
2013-11-20 10:57:07,519: DEBUG: GoGo-Total-Output-Octets: [5456040]
2013-11-20 10:57:07,519: DEBUG: GoGo-Acct-Input-Voice-Octets: [0]
2013-11-20 10:57:07,519: DEBUG: GoGo-Total-Input-Voice-Packets: [0]
2013-11-20 10:57:07,519: DEBUG: Called-Station-Id: [u'00:16:3E:3A:BD:FB']
2013-11-20 10:57:07,520: DEBUG: WISPr-Location-Name: [u'TEST LLC,BA01_01009']
2013-11-20 10:57:07,520: DEBUG: NAS-Identifier: [u'C08386']
2013-11-20 10:57:07,520: DEBUG: Proxy-State: ['3330,3132']
2013-11-20 10:57:07,520: DEBUG: GoGo-Total-Input-Voice-Octets: [0]
2013-11-20 10:57:07,520: DEBUG: Acct-Status-Type: ['Interim-Update']
2013-11-20 10:57:07,520: DEBUG: GoGo-Total-Output-Voice-Gigawords: [0]
2013-11-20 10:57:07,521: DEBUG: GoGo-Airline: [u'BA01']
2013-11-20 10:57:07,521: DEBUG: Acct-Session-Id: [u'AAATestNAS_23-1384925217504-00163E3ABDFB-3']
2013-11-20 10:57:07,521: DEBUG: Acct-Session-Time: [10]
2013-11-20 10:57:07,521: DEBUG: Acct-Input-Packets: [14265]
2013-11-20 10:57:07,521: DEBUG: Acct-Output-Packets: [35132]
2013-11-20 10:57:07,522: DEBUG: GoGo-Acct-Output-Voice-Packets: [0]
2013-11-20 10:57:07,522: DEBUG: GoGo-Acct-Output-Voice-Octets: [0]
2013-11-20 10:57:07,522: DEBUG: Acct-Output-Gigawords: [0]
2013-11-20 10:57:07,522: DEBUG: GoGo-Total-Output-Voice-Packets: [0]
2013-11-20 10:57:07,522: DEBUG: Acct-Input-Gigawords: [0]
2013-11-20 10:57:07,522: DEBUG: Calling-Station-Id: [u'16:21:31:41:51:83']
2013-11-20 10:57:07,522: DEBUG: NAS-Port-Type: ['Wireless-802.11']
2013-11-20 10:57:07,522: DEBUG: GoGo-Total-Output-Voice-Octets: [0]
2013-11-20 10:57:07,523: DEBUG: GoGo-Private-IP-Address: ['192.168.1.179']
2013-11-20 10:57:07,523: DEBUG: GoGo-Acct-Input-Voice-Gigawords: [0]
2013-11-20 10:57:07,523: DEBUG: GoGo-Total-Input-Packets: [14265]
2013-11-20 10:57:07,523: DEBUG: GoGo-Total-Input-Gigawords: [0]
2013-11-20 10:57:07,523: DEBUG: GoGo-Acct-Input-Voice-Packets: [0]
2013-11-20 10:57:07,523: DEBUG: GoGo-Total-Input-Octets: [2753883]
2013-11-20 10:57:07,523: DEBUG: GoGo-Total-Output-Packets: [35132]
2013-11-20 10:57:07,524: DEBUG: WISPr-Location-ID: [u'airline=BA01,tail=01009,network=']
2013-11-20 10:57:07,524: DEBUG: GoGo-Acct-Output-Voice-Gigawords: [0]
2013-11-20 10:57:07,524: DEBUG: Acct-Input-Octets: [2753883]
2013-11-20 10:57:07,525: DEBUG: 

2013-11-20 10:57:07,525: DEBUG: Received response with following attributes:
2013-11-20 10:57:17,527: DEBUG: 

2013-11-20 10:57:17,528: DEBUG: Creating Accounting Update Request with the following Attributes:
2013-11-20 10:57:17,529: DEBUG: User-Name: [u'username63@airborne.aircell.com']
2013-11-20 10:57:17,530: DEBUG: GoGo-Tail-Number: [u'AAATestNAS_23']
2013-11-20 10:57:17,531: DEBUG: Acct-Output-Octets: [2243181]
2013-11-20 10:57:17,532: DEBUG: NAS-IP-Address: ['10.254.28.1']
2013-11-20 10:57:17,532: DEBUG: GoGo-Total-Output-Gigawords: [0]
2013-11-20 10:57:17,534: DEBUG: Framed-IP-Address: ['10.254.28.87']
2013-11-20 10:57:17,535: DEBUG: GoGo-Total-Input-Voice-Gigawords: [0]
2013-11-20 10:57:17,537: DEBUG: GoGo-Total-Output-Octets: [2243181]
2013-11-20 10:57:17,537: DEBUG: GoGo-Acct-Input-Voice-Octets: [0]
2013-11-20 10:57:17,538: DEBUG: GoGo-Total-Input-Voice-Packets: [0]
2013-11-20 10:57:17,540: DEBUG: Called-Station-Id: [u'00:16:3E:3A:BD:FB']
2013-11-20 10:57:17,541: DEBUG: WISPr-Location-Name: [u'TEST LLC,BA01_01009']
2013-11-20 10:57:17,543: DEBUG: NAS-Identifier: [u'C08386']
2013-11-20 10:57:17,543: DEBUG: Proxy-State: ['3330,3132']
2013-11-20 10:57:17,544: DEBUG: GoGo-Total-Input-Voice-Octets: [0]
2013-11-20 10:57:17,545: DEBUG: Acct-Status-Type: ['Interim-Update']
2013-11-20 10:57:17,545: DEBUG: GoGo-Total-Output-Voice-Gigawords: [0]
2013-11-20 10:57:17,546: DEBUG: GoGo-Airline: [u'BA01']
2013-11-20 10:57:17,546: DEBUG: Acct-Session-Id: [u'AAATestNAS_23-1384925217504-00163E3ABDFB-3']
2013-11-20 10:57:17,547: DEBUG: Acct-Session-Time: [10]
2013-11-20 10:57:17,547: DEBUG: Acct-Input-Packets: [12449]
2013-11-20 10:57:17,548: DEBUG: Acct-Output-Packets: [7790]
2013-11-20 10:57:17,549: DEBUG: GoGo-Acct-Output-Voice-Packets: [0]
2013-11-20 10:57:17,549: DEBUG: GoGo-Acct-Output-Voice-Octets: [0]
2013-11-20 10:57:17,550: DEBUG: Acct-Output-Gigawords: [0]
2013-11-20 10:57:17,550: DEBUG: GoGo-Total-Output-Voice-Packets: [0]
2013-11-20 10:57:17,551: DEBUG: Acct-Input-Gigawords: [0]
2013-11-20 10:57:17,551: DEBUG: Calling-Station-Id: [u'16:21:31:41:51:83']
2013-11-20 10:57:17,551: DEBUG: NAS-Port-Type: ['Wireless-802.11']
2013-11-20 10:57:17,552: DEBUG: GoGo-Total-Output-Voice-Octets: [0]
2013-11-20 10:57:17,552: DEBUG: GoGo-Private-IP-Address: ['192.168.1.179']
2013-11-20 10:57:17,552: DEBUG: GoGo-Acct-Input-Voice-Gigawords: [0]
2013-11-20 10:57:17,553: DEBUG: GoGo-Total-Input-Packets: [12449]
2013-11-20 10:57:17,554: DEBUG: GoGo-Total-Input-Gigawords: [0]
2013-11-20 10:57:17,554: DEBUG: GoGo-Acct-Input-Voice-Packets: [0]
2013-11-20 10:57:17,555: DEBUG: GoGo-Total-Input-Octets: [5588097]
2013-11-20 10:57:17,557: DEBUG: GoGo-Total-Output-Packets: [7790]
2013-11-20 10:57:17,557: DEBUG: WISPr-Location-ID: [u'airline=BA01,tail=01009,network=']
2013-11-20 10:57:17,558: DEBUG: GoGo-Acct-Output-Voice-Gigawords: [0]
2013-11-20 10:57:17,559: DEBUG: Acct-Input-Octets: [5588097]
2013-11-20 10:57:17,561: DEBUG: 

2013-11-20 10:57:17,562: DEBUG: Received response with following attributes:
2013-11-20 10:57:27,564: DEBUG: 

2013-11-20 10:57:27,566: DEBUG: Creating Accounting Update Request with the following Attributes:
2013-11-20 10:57:27,567: DEBUG: User-Name: [u'username63@airborne.aircell.com']
2013-11-20 10:57:27,567: DEBUG: GoGo-Tail-Number: [u'AAATestNAS_23']
2013-11-20 10:57:27,568: DEBUG: Acct-Output-Octets: [3504809]
2013-11-20 10:57:27,568: DEBUG: NAS-IP-Address: ['10.254.28.1']
2013-11-20 10:57:27,572: DEBUG: GoGo-Total-Output-Gigawords: [0]
2013-11-20 10:57:27,572: DEBUG: Framed-IP-Address: ['10.254.28.87']
2013-11-20 10:57:27,575: DEBUG: GoGo-Total-Input-Voice-Gigawords: [0]
2013-11-20 10:57:27,578: DEBUG: GoGo-Total-Output-Octets: [3504809]
2013-11-20 10:57:27,579: DEBUG: GoGo-Acct-Input-Voice-Octets: [0]
2013-11-20 10:57:27,580: DEBUG: GoGo-Total-Input-Voice-Packets: [0]
2013-11-20 10:57:27,582: DEBUG: Called-Station-Id: [u'00:16:3E:3A:BD:FB']
2013-11-20 10:57:27,583: DEBUG: WISPr-Location-Name: [u'TEST LLC,BA01_01009']
2013-11-20 10:57:27,584: DEBUG: NAS-Identifier: [u'C08386']
2013-11-20 10:57:27,586: DEBUG: Proxy-State: ['3330,3132']
2013-11-20 10:57:27,588: DEBUG: GoGo-Total-Input-Voice-Octets: [0]
2013-11-20 10:57:27,589: DEBUG: Acct-Status-Type: ['Interim-Update']
2013-11-20 10:57:27,591: DEBUG: GoGo-Total-Output-Voice-Gigawords: [0]
2013-11-20 10:57:27,591: DEBUG: GoGo-Airline: [u'BA01']
2013-11-20 10:57:27,593: DEBUG: Acct-Session-Id: [u'AAATestNAS_23-1384925217504-00163E3ABDFB-3']
2013-11-20 10:57:27,594: DEBUG: Acct-Session-Time: [10]
2013-11-20 10:57:27,594: DEBUG: Acct-Input-Packets: [45848]
2013-11-20 10:57:27,595: DEBUG: Acct-Output-Packets: [23138]
2013-11-20 10:57:27,596: DEBUG: GoGo-Acct-Output-Voice-Packets: [0]
2013-11-20 10:57:27,597: DEBUG: GoGo-Acct-Output-Voice-Octets: [0]
2013-11-20 10:57:27,598: DEBUG: Acct-Output-Gigawords: [0]
2013-11-20 10:57:27,598: DEBUG: GoGo-Total-Output-Voice-Packets: [0]
2013-11-20 10:57:27,599: DEBUG: Acct-Input-Gigawords: [0]
2013-11-20 10:57:27,600: DEBUG: Calling-Station-Id: [u'16:21:31:41:51:83']
2013-11-20 10:57:27,601: DEBUG: NAS-Port-Type: ['Wireless-802.11']
2013-11-20 10:57:27,602: DEBUG: GoGo-Total-Output-Voice-Octets: [0]
2013-11-20 10:57:27,602: DEBUG: GoGo-Private-IP-Address: ['192.168.1.179']
2013-11-20 10:57:27,603: DEBUG: GoGo-Acct-Input-Voice-Gigawords: [0]
2013-11-20 10:57:27,604: DEBUG: GoGo-Total-Input-Packets: [45848]
2013-11-20 10:57:27,605: DEBUG: GoGo-Total-Input-Gigawords: [0]
2013-11-20 10:57:27,605: DEBUG: GoGo-Acct-Input-Voice-Packets: [0]
2013-11-20 10:57:27,606: DEBUG: GoGo-Total-Input-Octets: [6410017]
2013-11-20 10:57:27,607: DEBUG: GoGo-Total-Output-Packets: [23138]
2013-11-20 10:57:27,607: DEBUG: WISPr-Location-ID: [u'airline=BA01,tail=01009,network=']
2013-11-20 10:57:27,608: DEBUG: GoGo-Acct-Output-Voice-Gigawords: [0]
2013-11-20 10:57:27,609: DEBUG: Acct-Input-Octets: [6410017]
2013-11-20 10:57:27,612: DEBUG: 

2013-11-20 10:57:27,612: DEBUG: Received response with following attributes:
2013-11-20 10:57:37,614: DEBUG: 

2013-11-20 10:57:37,615: DEBUG: Creating Accounting Update Request with the following Attributes:
2013-11-20 10:57:37,615: DEBUG: User-Name: [u'username63@airborne.aircell.com']
2013-11-20 10:57:37,616: DEBUG: GoGo-Tail-Number: [u'AAATestNAS_23']
2013-11-20 10:57:37,616: DEBUG: Acct-Output-Octets: [8625820]
2013-11-20 10:57:37,617: DEBUG: NAS-IP-Address: ['10.254.28.1']
2013-11-20 10:57:37,617: DEBUG: GoGo-Total-Output-Gigawords: [0]
2013-11-20 10:57:37,618: DEBUG: Framed-IP-Address: ['10.254.28.87']
2013-11-20 10:57:37,618: DEBUG: GoGo-Total-Input-Voice-Gigawords: [0]
2013-11-20 10:57:37,618: DEBUG: GoGo-Total-Output-Octets: [8625820]
2013-11-20 10:57:37,619: DEBUG: GoGo-Acct-Input-Voice-Octets: [0]
2013-11-20 10:57:37,619: DEBUG: GoGo-Total-Input-Voice-Packets: [0]
2013-11-20 10:57:37,619: DEBUG: Called-Station-Id: [u'00:16:3E:3A:BD:FB']
2013-11-20 10:57:37,619: DEBUG: WISPr-Location-Name: [u'TEST LLC,BA01_01009']
2013-11-20 10:57:37,619: DEBUG: NAS-Identifier: [u'C08386']
2013-11-20 10:57:37,619: DEBUG: Proxy-State: ['3330,3132']
2013-11-20 10:57:37,619: DEBUG: GoGo-Total-Input-Voice-Octets: [0]
2013-11-20 10:57:37,620: DEBUG: Acct-Status-Type: ['Interim-Update']
2013-11-20 10:57:37,620: DEBUG: GoGo-Total-Output-Voice-Gigawords: [0]
2013-11-20 10:57:37,620: DEBUG: GoGo-Airline: [u'BA01']
2013-11-20 10:57:37,620: DEBUG: Acct-Session-Id: [u'AAATestNAS_23-1384925217504-00163E3ABDFB-3']
2013-11-20 10:57:37,620: DEBUG: Acct-Session-Time: [10]
2013-11-20 10:57:37,621: DEBUG: Acct-Input-Packets: [53301]
2013-11-20 10:57:37,621: DEBUG: Acct-Output-Packets: [56568]
2013-11-20 10:57:37,622: DEBUG: GoGo-Acct-Output-Voice-Packets: [0]
2013-11-20 10:57:37,622: DEBUG: GoGo-Acct-Output-Voice-Octets: [0]
2013-11-20 10:57:37,624: DEBUG: Acct-Output-Gigawords: [0]
2013-11-20 10:57:37,624: DEBUG: GoGo-Total-Output-Voice-Packets: [0]
2013-11-20 10:57:37,624: DEBUG: Acct-Input-Gigawords: [0]
2013-11-20 10:57:37,625: DEBUG: Calling-Station-Id: [u'16:21:31:41:51:83']
2013-11-20 10:57:37,625: DEBUG: NAS-Port-Type: ['Wireless-802.11']
2013-11-20 10:57:37,626: DEBUG: GoGo-Total-Output-Voice-Octets: [0]
2013-11-20 10:57:37,627: DEBUG: GoGo-Private-IP-Address: ['192.168.1.179']
2013-11-20 10:57:37,627: DEBUG: GoGo-Acct-Input-Voice-Gigawords: [0]
2013-11-20 10:57:37,628: DEBUG: GoGo-Total-Input-Packets: [53301]
2013-11-20 10:57:37,628: DEBUG: GoGo-Total-Input-Gigawords: [0]
2013-11-20 10:57:37,629: DEBUG: GoGo-Acct-Input-Voice-Packets: [0]
2013-11-20 10:57:37,629: DEBUG: GoGo-Total-Input-Octets: [5698096]
2013-11-20 10:57:37,630: DEBUG: GoGo-Total-Output-Packets: [56568]
2013-11-20 10:57:37,631: DEBUG: WISPr-Location-ID: [u'airline=BA01,tail=01009,network=']
2013-11-20 10:57:37,631: DEBUG: GoGo-Acct-Output-Voice-Gigawords: [0]
2013-11-20 10:57:37,632: DEBUG: Acct-Input-Octets: [5698096]
2013-11-20 10:57:37,633: ERROR: Network error, Reason: 'Network error: Too many open files'
2013-11-20 10:57:47,634: DEBUG: 

2013-11-20 10:57:47,635: DEBUG: Creating Accounting Update Request with the following Attributes:
2013-11-20 10:57:47,635: DEBUG: User-Name: [u'username63@airborne.aircell.com']
2013-11-20 10:57:47,635: DEBUG: GoGo-Tail-Number: [u'AAATestNAS_23']
2013-11-20 10:57:47,635: DEBUG: Acct-Output-Octets: [9420379]
2013-11-20 10:57:47,635: DEBUG: NAS-IP-Address: ['10.254.28.1']
2013-11-20 10:57:47,635: DEBUG: GoGo-Total-Output-Gigawords: [0]
2013-11-20 10:57:47,636: DEBUG: Framed-IP-Address: ['10.254.28.87']
2013-11-20 10:57:47,636: DEBUG: GoGo-Total-Input-Voice-Gigawords: [0]
2013-11-20 10:57:47,636: DEBUG: GoGo-Total-Output-Octets: [9420379]
2013-11-20 10:57:47,636: DEBUG: GoGo-Acct-Input-Voice-Octets: [0]
2013-11-20 10:57:47,636: DEBUG: GoGo-Total-Input-Voice-Packets: [0]
2013-11-20 10:57:47,636: DEBUG: Called-Station-Id: [u'00:16:3E:3A:BD:FB']
2013-11-20 10:57:47,636: DEBUG: WISPr-Location-Name: [u'TEST LLC,BA01_01009']
2013-11-20 10:57:47,637: DEBUG: NAS-Identifier: [u'C08386']
2013-11-20 10:57:47,637: DEBUG: Proxy-State: ['3330,3132']
2013-11-20 10:57:47,637: DEBUG: GoGo-Total-Input-Voice-Octets: [0]
2013-11-20 10:57:47,637: DEBUG: Acct-Status-Type: ['Interim-Update']
2013-11-20 10:57:47,637: DEBUG: GoGo-Total-Output-Voice-Gigawords: [0]
2013-11-20 10:57:47,637: DEBUG: GoGo-Airline: [u'BA01']
2013-11-20 10:57:47,637: DEBUG: Acct-Session-Id: [u'AAATestNAS_23-1384925217504-00163E3ABDFB-3']
2013-11-20 10:57:47,638: DEBUG: Acct-Session-Time: [10]
2013-11-20 10:57:47,638: DEBUG: Acct-Input-Packets: [42194]
2013-11-20 10:57:47,638: DEBUG: Acct-Output-Packets: [58888]
2013-11-20 10:57:47,638: DEBUG: GoGo-Acct-Output-Voice-Packets: [0]
2013-11-20 10:57:47,638: DEBUG: GoGo-Acct-Output-Voice-Octets: [0]
2013-11-20 10:57:47,638: DEBUG: Acct-Output-Gigawords: [0]
2013-11-20 10:57:47,638: DEBUG: GoGo-Total-Output-Voice-Packets: [0]
2013-11-20 10:57:47,638: DEBUG: Acct-Input-Gigawords: [0]
2013-11-20 10:57:47,639: DEBUG: Calling-Station-Id: [u'16:21:31:41:51:83']
2013-11-20 10:57:47,639: DEBUG: NAS-Port-Type: ['Wireless-802.11']
2013-11-20 10:57:47,639: DEBUG: GoGo-Total-Output-Voice-Octets: [0]
2013-11-20 10:57:47,639: DEBUG: GoGo-Private-IP-Address: ['192.168.1.179']
2013-11-20 10:57:47,639: DEBUG: GoGo-Acct-Input-Voice-Gigawords: [0]
2013-11-20 10:57:47,639: DEBUG: GoGo-Total-Input-Packets: [42194]
2013-11-20 10:57:47,639: DEBUG: GoGo-Total-Input-Gigawords: [0]
2013-11-20 10:57:47,640: DEBUG: GoGo-Acct-Input-Voice-Packets: [0]
2013-11-20 10:57:47,640: DEBUG: GoGo-Total-Input-Octets: [7577337]
2013-11-20 10:57:47,640: DEBUG: GoGo-Total-Output-Packets: [58888]
2013-11-20 10:57:47,640: DEBUG: WISPr-Location-ID: [u'airline=BA01,tail=01009,network=']
2013-11-20 10:57:47,640: DEBUG: GoGo-Acct-Output-Voice-Gigawords: [0]
2013-11-20 10:57:47,640: DEBUG: Acct-Input-Octets: [7577337]
2013-11-20 10:57:47,640: ERROR: Network error, Reason: 'Network error: Too many open files'
2013-11-20 10:57:57,642: DEBUG: 

2013-11-20 10:57:57,642: DEBUG: Creating Accounting Update Request with the following Attributes:
2013-11-20 10:57:57,642: DEBUG: User-Name: [u'username63@airborne.aircell.com']
2013-11-20 10:57:57,643: DEBUG: GoGo-Tail-Number: [u'AAATestNAS_23']
2013-11-20 10:57:57,643: DEBUG: Acct-Output-Octets: [5028426]
2013-11-20 10:57:57,643: DEBUG: NAS-IP-Address: ['10.254.28.1']
2013-11-20 10:57:57,643: DEBUG: GoGo-Total-Output-Gigawords: [0]
2013-11-20 10:57:57,643: DEBUG: Framed-IP-Address: ['10.254.28.87']
2013-11-20 10:57:57,643: DEBUG: GoGo-Total-Input-Voice-Gigawords: [0]
2013-11-20 10:57:57,643: DEBUG: GoGo-Total-Output-Octets: [5028426]
2013-11-20 10:57:57,644: DEBUG: GoGo-Acct-Input-Voice-Octets: [0]
2013-11-20 10:57:57,644: DEBUG: GoGo-Total-Input-Voice-Packets: [0]
2013-11-20 10:57:57,644: DEBUG: Called-Station-Id: [u'00:16:3E:3A:BD:FB']
2013-11-20 10:57:57,644: DEBUG: WISPr-Location-Name: [u'TEST LLC,BA01_01009']
2013-11-20 10:57:57,644: DEBUG: NAS-Identifier: [u'C08386']
2013-11-20 10:57:57,644: DEBUG: Proxy-State: ['3330,3132']
2013-11-20 10:57:57,644: DEBUG: GoGo-Total-Input-Voice-Octets: [0]
2013-11-20 10:57:57,645: DEBUG: Acct-Status-Type: ['Interim-Update']
2013-11-20 10:57:57,645: DEBUG: GoGo-Total-Output-Voice-Gigawords: [0]
2013-11-20 10:57:57,645: DEBUG: GoGo-Airline: [u'BA01']
2013-11-20 10:57:57,645: DEBUG: Acct-Session-Id: [u'AAATestNAS_23-1384925217504-00163E3ABDFB-3']
2013-11-20 10:57:57,645: DEBUG: Acct-Session-Time: [10]
2013-11-20 10:57:57,645: DEBUG: Acct-Input-Packets: [24857]
2013-11-20 10:57:57,645: DEBUG: Acct-Output-Packets: [41215]
2013-11-20 10:57:57,646: DEBUG: GoGo-Acct-Output-Voice-Packets: [0]
2013-11-20 10:57:57,646: DEBUG: GoGo-Acct-Output-Voice-Octets: [0]
2013-11-20 10:57:57,646: DEBUG: Acct-Output-Gigawords: [0]
2013-11-20 10:57:57,646: DEBUG: GoGo-Total-Output-Voice-Packets: [0]
2013-11-20 10:57:57,646: DEBUG: Acct-Input-Gigawords: [0]
2013-11-20 10:57:57,646: DEBUG: Calling-Station-Id: [u'16:21:31:41:51:83']
2013-11-20 10:57:57,646: DEBUG: NAS-Port-Type: ['Wireless-802.11']
2013-11-20 10:57:57,646: DEBUG: GoGo-Total-Output-Voice-Octets: [0]
2013-11-20 10:57:57,647: DEBUG: GoGo-Private-IP-Address: ['192.168.1.179']
2013-11-20 10:57:57,647: DEBUG: GoGo-Acct-Input-Voice-Gigawords: [0]
2013-11-20 10:57:57,647: DEBUG: GoGo-Total-Input-Packets: [24857]
2013-11-20 10:57:57,647: DEBUG: GoGo-Total-Input-Gigawords: [0]
2013-11-20 10:57:57,647: DEBUG: GoGo-Acct-Input-Voice-Packets: [0]
2013-11-20 10:57:57,647: DEBUG: GoGo-Total-Input-Octets: [8435211]
2013-11-20 10:57:57,647: DEBUG: GoGo-Total-Output-Packets: [41215]
2013-11-20 10:57:57,648: DEBUG: WISPr-Location-ID: [u'airline=BA01,tail=01009,network=']
2013-11-20 10:57:57,648: DEBUG: GoGo-Acct-Output-Voice-Gigawords: [0]
2013-11-20 10:57:57,648: DEBUG: Acct-Input-Octets: [8435211]
2013-11-20 10:57:57,648: ERROR: Network error, Reason: 'Network error: Too many open files'
2013-11-20 10:58:07,649: DEBUG: 

2013-11-20 10:58:07,650: DEBUG: Creating Accounting Update Request with the following Attributes:
2013-11-20 10:58:07,650: DEBUG: User-Name: [u'username63@airborne.aircell.com']
2013-11-20 10:58:07,650: DEBUG: GoGo-Tail-Number: [u'AAATestNAS_23']
2013-11-20 10:58:07,650: DEBUG: Acct-Output-Octets: [7083446]
2013-11-20 10:58:07,650: DEBUG: NAS-IP-Address: ['10.254.28.1']
2013-11-20 10:58:07,651: DEBUG: GoGo-Total-Output-Gigawords: [0]
2013-11-20 10:58:07,651: DEBUG: Framed-IP-Address: ['10.254.28.87']
2013-11-20 10:58:07,651: DEBUG: GoGo-Total-Input-Voice-Gigawords: [0]
2013-11-20 10:58:07,651: DEBUG: GoGo-Total-Output-Octets: [7083446]
2013-11-20 10:58:07,651: DEBUG: GoGo-Acct-Input-Voice-Octets: [0]
2013-11-20 10:58:07,651: DEBUG: GoGo-Total-Input-Voice-Packets: [0]
2013-11-20 10:58:07,651: DEBUG: Called-Station-Id: [u'00:16:3E:3A:BD:FB']
2013-11-20 10:58:07,652: DEBUG: WISPr-Location-Name: [u'TEST LLC,BA01_01009']
2013-11-20 10:58:07,652: DEBUG: NAS-Identifier: [u'C08386']
2013-11-20 10:58:07,652: DEBUG: Proxy-State: ['3330,3132']
2013-11-20 10:58:07,652: DEBUG: GoGo-Total-Input-Voice-Octets: [0]
2013-11-20 10:58:07,652: DEBUG: Acct-Status-Type: ['Interim-Update']
2013-11-20 10:58:07,652: DEBUG: GoGo-Total-Output-Voice-Gigawords: [0]
2013-11-20 10:58:07,652: DEBUG: GoGo-Airline: [u'BA01']
2013-11-20 10:58:07,653: DEBUG: Acct-Session-Id: [u'AAATestNAS_23-1384925217504-00163E3ABDFB-3']
2013-11-20 10:58:07,653: DEBUG: Acct-Session-Time: [10]
2013-11-20 10:58:07,653: DEBUG: Acct-Input-Packets: [6827]
2013-11-20 10:58:07,653: DEBUG: Acct-Output-Packets: [47613]
2013-11-20 10:58:07,653: DEBUG: GoGo-Acct-Output-Voice-Packets: [0]
2013-11-20 10:58:07,653: DEBUG: GoGo-Acct-Output-Voice-Octets: [0]
2013-11-20 10:58:07,653: DEBUG: Acct-Output-Gigawords: [0]
2013-11-20 10:58:07,653: DEBUG: GoGo-Total-Output-Voice-Packets: [0]
2013-11-20 10:58:07,654: DEBUG: Acct-Input-Gigawords: [0]
2013-11-20 10:58:07,654: DEBUG: Calling-Station-Id: [u'16:21:31:41:51:83']
2013-11-20 10:58:07,654: DEBUG: NAS-Port-Type: ['Wireless-802.11']
2013-11-20 10:58:07,654: DEBUG: GoGo-Total-Output-Voice-Octets: [0]
2013-11-20 10:58:07,654: DEBUG: GoGo-Private-IP-Address: ['192.168.1.179']
2013-11-20 10:58:07,654: DEBUG: GoGo-Acct-Input-Voice-Gigawords: [0]
2013-11-20 10:58:07,655: DEBUG: GoGo-Total-Input-Packets: [6827]
2013-11-20 10:58:07,655: DEBUG: GoGo-Total-Input-Gigawords: [0]
2013-11-20 10:58:07,655: DEBUG: GoGo-Acct-Input-Voice-Packets: [0]
2013-11-20 10:58:07,655: DEBUG: GoGo-Total-Input-Octets: [2406371]
2013-11-20 10:58:07,655: DEBUG: GoGo-Total-Output-Packets: [47613]
2013-11-20 10:58:07,655: DEBUG: WISPr-Location-ID: [u'airline=BA01,tail=01009,network=']
2013-11-20 10:58:07,655: DEBUG: GoGo-Acct-Output-Voice-Gigawords: [0]
2013-11-20 10:58:07,656: DEBUG: Acct-Input-Octets: [2406371]
2013-11-20 10:58:07,656: ERROR: Network error, Reason: 'Network error: Too many open files'
2013-11-20 10:58:17,656: DEBUG: 

2013-11-20 10:58:17,657: DEBUG: Creating Accounting Update Request with the following Attributes:
2013-11-20 10:58:17,657: DEBUG: User-Name: [u'username63@airborne.aircell.com']
2013-11-20 10:58:17,657: DEBUG: GoGo-Tail-Number: [u'AAATestNAS_23']
2013-11-20 10:58:17,657: DEBUG: Acct-Output-Octets: [5119660]
2013-11-20 10:58:17,658: DEBUG: NAS-IP-Address: ['10.254.28.1']
2013-11-20 10:58:17,658: DEBUG: GoGo-Total-Output-Gigawords: [0]
2013-11-20 10:58:17,658: DEBUG: Framed-IP-Address: ['10.254.28.87']
2013-11-20 10:58:17,658: DEBUG: GoGo-Total-Input-Voice-Gigawords: [0]
2013-11-20 10:58:17,658: DEBUG: GoGo-Total-Output-Octets: [5119660]
2013-11-20 10:58:17,658: DEBUG: GoGo-Acct-Input-Voice-Octets: [0]
2013-11-20 10:58:17,658: DEBUG: GoGo-Total-Input-Voice-Packets: [0]
2013-11-20 10:58:17,659: DEBUG: Called-Station-Id: [u'00:16:3E:3A:BD:FB']
2013-11-20 10:58:17,659: DEBUG: WISPr-Location-Name: [u'TEST LLC,BA01_01009']
2013-11-20 10:58:17,659: DEBUG: NAS-Identifier: [u'C08386']
2013-11-20 10:58:17,659: DEBUG: Proxy-State: ['3330,3132']
2013-11-20 10:58:17,659: DEBUG: GoGo-Total-Input-Voice-Octets: [0]
2013-11-20 10:58:17,659: DEBUG: Acct-Status-Type: ['Interim-Update']
2013-11-20 10:58:17,659: DEBUG: GoGo-Total-Output-Voice-Gigawords: [0]
2013-11-20 10:58:17,660: DEBUG: GoGo-Airline: [u'BA01']
2013-11-20 10:58:17,660: DEBUG: Acct-Session-Id: [u'AAATestNAS_23-1384925217504-00163E3ABDFB-3']
2013-11-20 10:58:17,660: DEBUG: Acct-Session-Time: [10]
2013-11-20 10:58:17,660: DEBUG: Acct-Input-Packets: [42646]
2013-11-20 10:58:17,660: DEBUG: Acct-Output-Packets: [31187]
2013-11-20 10:58:17,660: DEBUG: GoGo-Acct-Output-Voice-Packets: [0]
2013-11-20 10:58:17,660: DEBUG: GoGo-Acct-Output-Voice-Octets: [0]
2013-11-20 10:58:17,661: DEBUG: Acct-Output-Gigawords: [0]
2013-11-20 10:58:17,661: DEBUG: GoGo-Total-Output-Voice-Packets: [0]
2013-11-20 10:58:17,661: DEBUG: Acct-Input-Gigawords: [0]
2013-11-20 10:58:17,661: DEBUG: Calling-Station-Id: [u'16:21:31:41:51:83']
2013-11-20 10:58:17,661: DEBUG: NAS-Port-Type: ['Wireless-802.11']
2013-11-20 10:58:17,661: DEBUG: GoGo-Total-Output-Voice-Octets: [0]
2013-11-20 10:58:17,661: DEBUG: GoGo-Private-IP-Address: ['192.168.1.179']
2013-11-20 10:58:17,662: DEBUG: GoGo-Acct-Input-Voice-Gigawords: [0]
2013-11-20 10:58:17,662: DEBUG: GoGo-Total-Input-Packets: [42646]
2013-11-20 10:58:17,662: DEBUG: GoGo-Total-Input-Gigawords: [0]
2013-11-20 10:58:17,662: DEBUG: GoGo-Acct-Input-Voice-Packets: [0]
2013-11-20 10:58:17,662: DEBUG: GoGo-Total-Input-Octets: [5517085]
2013-11-20 10:58:17,662: DEBUG: GoGo-Total-Output-Packets: [31187]
2013-11-20 10:58:17,662: DEBUG: WISPr-Location-ID: [u'airline=BA01,tail=01009,network=']
2013-11-20 10:58:17,662: DEBUG: GoGo-Acct-Output-Voice-Gigawords: [0]
2013-11-20 10:58:17,663: DEBUG: Acct-Input-Octets: [5517085]
2013-11-20 10:58:17,663: ERROR: Network error, Reason: 'Network error: Too many open files'
2013-11-20 10:58:27,664: DEBUG: 

2013-11-20 10:58:27,665: DEBUG: Creating Accounting Update Request with the following Attributes:
2013-11-20 10:58:27,666: DEBUG: User-Name: [u'username63@airborne.aircell.com']
2013-11-20 10:58:27,666: DEBUG: GoGo-Tail-Number: [u'AAATestNAS_23']
2013-11-20 10:58:27,667: DEBUG: Acct-Output-Octets: [9559805]
2013-11-20 10:58:27,668: DEBUG: NAS-IP-Address: ['10.254.28.1']
2013-11-20 10:58:27,668: DEBUG: GoGo-Total-Output-Gigawords: [0]
2013-11-20 10:58:27,669: DEBUG: Framed-IP-Address: ['10.254.28.87']
2013-11-20 10:58:27,670: DEBUG: GoGo-Total-Input-Voice-Gigawords: [0]
2013-11-20 10:58:27,670: DEBUG: GoGo-Total-Output-Octets: [9559805]
2013-11-20 10:58:27,672: DEBUG: GoGo-Acct-Input-Voice-Octets: [0]
2013-11-20 10:58:27,672: DEBUG: GoGo-Total-Input-Voice-Packets: [0]
2013-11-20 10:58:27,673: DEBUG: Called-Station-Id: [u'00:16:3E:3A:BD:FB']
2013-11-20 10:58:27,673: DEBUG: WISPr-Location-Name: [u'TEST LLC,BA01_01009']
2013-11-20 10:58:27,673: DEBUG: NAS-Identifier: [u'C08386']
2013-11-20 10:58:27,674: DEBUG: Proxy-State: ['3330,3132']
2013-11-20 10:58:27,674: DEBUG: GoGo-Total-Input-Voice-Octets: [0]
2013-11-20 10:58:27,675: DEBUG: Acct-Status-Type: ['Interim-Update']
2013-11-20 10:58:27,675: DEBUG: GoGo-Total-Output-Voice-Gigawords: [0]
2013-11-20 10:58:27,675: DEBUG: GoGo-Airline: [u'BA01']
2013-11-20 10:58:27,676: DEBUG: Acct-Session-Id: [u'AAATestNAS_23-1384925217504-00163E3ABDFB-3']
2013-11-20 10:58:27,676: DEBUG: Acct-Session-Time: [10]
2013-11-20 10:58:27,676: DEBUG: Acct-Input-Packets: [57008]
2013-11-20 10:58:27,677: DEBUG: Acct-Output-Packets: [66170]
2013-11-20 10:58:27,677: DEBUG: GoGo-Acct-Output-Voice-Packets: [0]
2013-11-20 10:58:27,677: DEBUG: GoGo-Acct-Output-Voice-Octets: [0]
2013-11-20 10:58:27,678: DEBUG: Acct-Output-Gigawords: [0]
2013-11-20 10:58:27,678: DEBUG: GoGo-Total-Output-Voice-Packets: [0]
2013-11-20 10:58:27,679: DEBUG: Acct-Input-Gigawords: [0]
2013-11-20 10:58:27,679: DEBUG: Calling-Station-Id: [u'16:21:31:41:51:83']
2013-11-20 10:58:27,679: DEBUG: NAS-Port-Type: ['Wireless-802.11']
2013-11-20 10:58:27,679: DEBUG: GoGo-Total-Output-Voice-Octets: [0]
2013-11-20 10:58:27,680: DEBUG: GoGo-Private-IP-Address: ['192.168.1.179']
2013-11-20 10:58:27,680: DEBUG: GoGo-Acct-Input-Voice-Gigawords: [0]
2013-11-20 10:58:27,680: DEBUG: GoGo-Total-Input-Packets: [57008]
2013-11-20 10:58:27,681: DEBUG: GoGo-Total-Input-Gigawords: [0]
2013-11-20 10:58:27,681: DEBUG: GoGo-Acct-Input-Voice-Packets: [0]
2013-11-20 10:58:27,682: DEBUG: GoGo-Total-Input-Octets: [6991126]
2013-11-20 10:58:27,682: DEBUG: GoGo-Total-Output-Packets: [66170]
2013-11-20 10:58:27,683: DEBUG: WISPr-Location-ID: [u'airline=BA01,tail=01009,network=']
2013-11-20 10:58:27,683: DEBUG: GoGo-Acct-Output-Voice-Gigawords: [0]
2013-11-20 10:58:27,684: DEBUG: Acct-Input-Octets: [6991126]
2013-11-20 10:58:27,684: ERROR: Network error, Reason: 'Network error: Too many open files'
2013-11-20 10:58:48,685: DEBUG: 

2013-11-20 10:58:48,686: DEBUG: Creating Accounting Stop Request with the following Attributes:
2013-11-20 10:58:48,686: DEBUG: User-Name: [u'username63@airborne.aircell.com']
2013-11-20 10:58:48,686: DEBUG: GoGo-Tail-Number: [u'01009']
2013-11-20 10:58:48,686: DEBUG: Acct-Output-Octets: [8973954]
2013-11-20 10:58:48,686: DEBUG: NAS-IP-Address: ['10.254.28.1']
2013-11-20 10:58:48,687: DEBUG: GoGo-Total-Output-Gigawords: [0]
2013-11-20 10:58:48,687: DEBUG: Framed-IP-Address: ['10.254.28.87']
2013-11-20 10:58:48,687: DEBUG: GoGo-Total-Input-Voice-Gigawords: [0]
2013-11-20 10:58:48,687: DEBUG: GoGo-Total-Output-Octets: [8973954]
2013-11-20 10:58:48,687: DEBUG: GoGo-Acct-Input-Voice-Octets: [0]
2013-11-20 10:58:48,687: DEBUG: GoGo-Total-Input-Voice-Packets: [0]
2013-11-20 10:58:48,687: DEBUG: Called-Station-Id: [u'00:16:3E:3A:BD:FB']
2013-11-20 10:58:48,688: DEBUG: WISPr-Location-Name: [u'TEST LLC,BA01_01009']
2013-11-20 10:58:48,688: DEBUG: NAS-Identifier: [u'C08386']
2013-11-20 10:58:48,688: DEBUG: Proxy-State: ['3330,3132']
2013-11-20 10:58:48,688: DEBUG: GoGo-Total-Input-Voice-Octets: [0]
2013-11-20 10:58:48,688: DEBUG: Acct-Status-Type: ['Stop']
2013-11-20 10:58:48,688: DEBUG: GoGo-Total-Output-Voice-Gigawords: [0]
2013-11-20 10:58:48,688: DEBUG: GoGo-Airline: [u'BA01']
2013-11-20 10:58:48,689: DEBUG: Acct-Session-Id: [u'AAATestNAS_23-1384925217504-00163E3ABDFB-3']
2013-11-20 10:58:48,689: DEBUG: Acct-Session-Time: [21]
2013-11-20 10:58:48,689: DEBUG: Acct-Input-Packets: [41668]
2013-11-20 10:58:48,689: DEBUG: Acct-Output-Packets: [12977]
2013-11-20 10:58:48,689: DEBUG: Acct-Terminate-Cause: ['User-Request']
2013-11-20 10:58:48,689: DEBUG: GoGo-Acct-Output-Voice-Octets: [0]
2013-11-20 10:58:48,689: DEBUG: Acct-Output-Gigawords: [0]
2013-11-20 10:58:48,690: DEBUG: GoGo-Total-Output-Voice-Packets: [0]
2013-11-20 10:58:48,690: DEBUG: Acct-Input-Gigawords: [0]
2013-11-20 10:58:48,690: DEBUG: Calling-Station-Id: [u'16:21:31:41:51:83']
2013-11-20 10:58:48,690: DEBUG: NAS-Port-Type: ['Wireless-802.11']
2013-11-20 10:58:48,690: DEBUG: GoGo-Total-Output-Voice-Octets: [0]
2013-11-20 10:58:48,690: DEBUG: GoGo-Private-IP-Address: ['192.168.1.179']
2013-11-20 10:58:48,690: DEBUG: GoGo-Acct-Input-Voice-Gigawords: [0]
2013-11-20 10:58:48,690: DEBUG: GoGo-Total-Input-Packets: [41668]
2013-11-20 10:58:48,691: DEBUG: GoGo-Total-Input-Gigawords: [0]
2013-11-20 10:58:48,691: DEBUG: GoGo-Acct-Input-Voice-Packets: [0]
2013-11-20 10:58:48,691: DEBUG: GoGo-Total-Input-Octets: [4627365]
2013-11-20 10:58:48,691: DEBUG: GoGo-Total-Output-Packets: [12977]
2013-11-20 10:58:48,691: DEBUG: WISPr-Location-ID: [u'airline=BA01,tail=01009,network=']
2013-11-20 10:58:48,691: DEBUG: GoGo-Acct-Output-Voice-Packets: [0]
2013-11-20 10:58:48,691: DEBUG: GoGo-Acct-Output-Voice-Gigawords: [0]
2013-11-20 10:58:48,692: DEBUG: Acct-Input-Octets: [4627365]
2013-11-20 10:58:48,694: DEBUG: 

2013-11-20 10:58:48,694: DEBUG: Received response with following attributes:
2013-11-20 10:58:48,694: DEBUG: Ending the test for this user
2013-11-20 10:58:49,617: DEBUG: Starting the client for the user username63@airborne.aircell.com to the server localhost

2013-11-20 10:58:49,630: DEBUG: DURATION of the TEST: 75
2013-11-20 10:58:49,630: DEBUG: NAS-IP: 10.254.112.1
2013-11-20 10:58:49,631: DEBUG: NAS-MAC-ADDR: 17:21:31:41:52:77
2013-11-20 10:58:49,631: DEBUG: Abruptly End: False
2013-11-20 10:58:49,631: DEBUG: Framed-IP: 10.254.112.192
2013-11-20 10:58:49,632: DEBUG: User-MAC-Addr: 00:16:3E:1B:C4:BD
2013-11-20 10:58:49,632: DEBUG: 

2013-11-20 10:58:49,633: DEBUG: Creating Authentication Request with the following Attributes:
2013-11-20 10:58:49,633: DEBUG: NAS-Identifier: [u'C08386']
2013-11-20 10:58:49,633: DEBUG: User-Name: [u'username63@airborne.aircell.com']
2013-11-20 10:58:49,634: DEBUG: NAS-IP-Address: ['10.254.112.1']
2013-11-20 10:58:49,634: DEBUG: Service-Type: ['Authenticate-Only']
2013-11-20 10:58:49,634: DEBUG: Proxy-State: ['3237,3134']
2013-11-20 10:58:49,634: DEBUG: Framed-IP-Address: ['10.254.112.192']
2013-11-20 10:58:49,634: DEBUG: GoGo-Airline: [u'BA01']
2013-11-20 10:58:49,634: DEBUG: Acct-Session-Id: [u'AAATestNAS_107-1384925329633-00163E1BC4BD-1']
2013-11-20 10:58:49,635: DEBUG: GoGo-Tail-Number: [u'AAATestNAS_107']
2013-11-20 10:58:49,635: DEBUG: GoGo-Private-IP-Address: ['192.168.1.179']
2013-11-20 10:58:49,635: DEBUG: WISPr-Location-ID: [u'airline=BA01,tail=01009,network=']
2013-11-20 10:58:49,635: DEBUG: WISPr-Location-Name: [u'TEST LLC,BA01_01009']
2013-11-20 10:58:49,635: DEBUG: NAS-Port-Type: ['Wireless-802.11']
2013-11-20 10:58:49,636: DEBUG: Called-Station-Id: [u'00:16:3E:1B:C4:BD']
2013-11-20 10:58:49,636: DEBUG: Calling-Station-Id: [u'17:21:31:41:52:77']
2013-11-20 10:58:49,636: ERROR: Network error, Reason: 'Network error: nodename nor servname provided, or not known'
2013-11-20 10:58:49,636: DEBUG: Ending the test for this user
