2013-11-20 10:55:41,762: DEBUG: Starting the client for the user username28@airborne.aircell.com to the server localhost

2013-11-20 10:55:41,763: DEBUG: DURATION of the TEST: 55
2013-11-20 10:55:41,763: DEBUG: NAS-IP: 10.254.138.1
2013-11-20 10:55:41,763: DEBUG: NAS-MAC-ADDR: 18:21:31:41:52:14
2013-11-20 10:55:41,763: DEBUG: Abruptly End: False
2013-11-20 10:55:41,763: DEBUG: Framed-IP: 10.254.138.115
2013-11-20 10:55:41,763: DEBUG: User-MAC-Addr: 00:16:3E:13:90:66
2013-11-20 10:55:41,763: DEBUG: 

2013-11-20 10:55:41,764: DEBUG: Creating Authentication Request with the following Attributes:
2013-11-20 10:55:41,764: DEBUG: NAS-Identifier: [u'C08386']
2013-11-20 10:55:41,764: DEBUG: User-Name: [u'username28@airborne.aircell.com']
2013-11-20 10:55:41,764: DEBUG: NAS-IP-Address: ['10.254.138.1']
2013-11-20 10:55:41,764: DEBUG: Service-Type: ['Authenticate-Only']
2013-11-20 10:55:41,764: DEBUG: Proxy-State: ['3237,3134']
2013-11-20 10:55:41,764: DEBUG: Framed-IP-Address: ['10.254.138.115']
2013-11-20 10:55:41,764: DEBUG: GoGo-Airline: [u'BA01']
2013-11-20 10:55:41,764: DEBUG: Acct-Session-Id: [u'AAATestNAS_133-1384925141763-00163E139066-1']
2013-11-20 10:55:41,764: DEBUG: GoGo-Tail-Number: [u'AAATestNAS_133']
2013-11-20 10:55:41,764: DEBUG: GoGo-Private-IP-Address: ['192.168.1.179']
2013-11-20 10:55:41,764: DEBUG: WISPr-Location-ID: [u'airline=BA01,tail=01009,network=']
2013-11-20 10:55:41,764: DEBUG: WISPr-Location-Name: [u'TEST LLC,BA01_01009']
2013-11-20 10:55:41,765: DEBUG: NAS-Port-Type: ['Wireless-802.11']
2013-11-20 10:55:41,765: DEBUG: Called-Station-Id: [u'00:16:3E:13:90:66']
2013-11-20 10:55:41,765: DEBUG: Calling-Station-Id: [u'18:21:31:41:52:14']
2013-11-20 10:55:41,766: DEBUG: 

2013-11-20 10:55:41,766: DEBUG: Received response with code: 2, Accepted
2013-11-20 10:55:41,766: DEBUG: Creating Authentication Request with the following Attributes:
2013-11-20 10:55:41,766: DEBUG: NAS-Identifier: [u'C08386']
2013-11-20 10:55:41,766: DEBUG: User-Name: [u'username28@airborne.aircell.com']
2013-11-20 10:55:41,766: DEBUG: NAS-IP-Address: ['10.254.138.1']
2013-11-20 10:55:41,767: DEBUG: Service-Type: ['Login-User']
2013-11-20 10:55:41,767: DEBUG: Proxy-State: ['3237,3134']
2013-11-20 10:55:41,767: DEBUG: Framed-IP-Address: ['10.254.138.115']
2013-11-20 10:55:41,767: DEBUG: GoGo-Airline: [u'BA01']
2013-11-20 10:55:41,767: DEBUG: Acct-Session-Id: [u'AAATestNAS_133-1384925141766-00163E139066-1']
2013-11-20 10:55:41,767: DEBUG: GoGo-Tail-Number: [u'AAATestNAS_133']
2013-11-20 10:55:41,767: DEBUG: GoGo-Private-IP-Address: ['192.168.1.179']
2013-11-20 10:55:41,767: DEBUG: WISPr-Location-ID: [u'airline=BA01,tail=01009,network=']
2013-11-20 10:55:41,767: DEBUG: WISPr-Location-Name: [u'TEST LLC,BA01_01009']
2013-11-20 10:55:41,767: DEBUG: NAS-Port-Type: ['Wireless-802.11']
2013-11-20 10:55:41,767: DEBUG: Called-Station-Id: [u'00:16:3E:13:90:66']
2013-11-20 10:55:41,767: DEBUG: Calling-Station-Id: [u'18:21:31:41:52:14']
2013-11-20 10:55:41,768: DEBUG: 

2013-11-20 10:55:41,769: DEBUG: Received response with code: 2, Accepted
2013-11-20 10:55:41,769: DEBUG: 

2013-11-20 10:55:41,769: DEBUG: Creating Accounting start Request with the following Attributes:
2013-11-20 10:55:41,769: DEBUG: NAS-Identifier: [u'C08386']
2013-11-20 10:55:41,769: DEBUG: User-Name: [u'username28@airborne.aircell.com']
2013-11-20 10:55:41,769: DEBUG: GoGo-Tail-Number: [u'AAATestNAS_133']
2013-11-20 10:55:41,769: DEBUG: NAS-IP-Address: ['10.254.138.1']
2013-11-20 10:55:41,769: DEBUG: Proxy-State: ['3239,3131']
2013-11-20 10:55:41,769: DEBUG: Acct-Status-Type: ['Start']
2013-11-20 10:55:41,769: DEBUG: GoGo-Airline: [u'BA01']
2013-11-20 10:55:41,769: DEBUG: Acct-Session-Id: [u'AAATestNAS_133-1384925141766-00163E139066-1']
2013-11-20 10:55:41,769: DEBUG: GoGo-Private-IP-Address: ['192.168.1.179']
2013-11-20 10:55:41,770: DEBUG: Framed-IP-Address: ['10.254.138.115']
2013-11-20 10:55:41,770: DEBUG: WISPr-Location-ID: [u'airline=BA01,tail=01009,network=']
2013-11-20 10:55:41,770: DEBUG: WISPr-Location-Name: [u'TEST LLC,BA01_01009']
2013-11-20 10:55:41,770: DEBUG: NAS-Port-Type: ['Wireless-802.11']
2013-11-20 10:55:41,770: DEBUG: Called-Station-Id: [u'00:16:3E:13:90:66']
2013-11-20 10:55:41,770: DEBUG: Calling-Station-Id: [u'18:21:31:41:52:14']
2013-11-20 10:55:41,771: DEBUG: 

2013-11-20 10:55:41,771: DEBUG: Received response with following attributes:
2013-11-20 10:55:51,771: DEBUG: 

2013-11-20 10:55:51,772: DEBUG: Creating Accounting Update Request with the following Attributes:
2013-11-20 10:55:51,772: DEBUG: User-Name: [u'username28@airborne.aircell.com']
2013-11-20 10:55:51,772: DEBUG: GoGo-Tail-Number: [u'AAATestNAS_133']
2013-11-20 10:55:51,772: DEBUG: Acct-Output-Octets: [4457067]
2013-11-20 10:55:51,772: DEBUG: NAS-IP-Address: ['10.254.138.1']
2013-11-20 10:55:51,772: DEBUG: GoGo-Total-Output-Gigawords: [0]
2013-11-20 10:55:51,772: DEBUG: Framed-IP-Address: ['10.254.138.115']
2013-11-20 10:55:51,772: DEBUG: GoGo-Total-Input-Voice-Gigawords: [0]
2013-11-20 10:55:51,773: DEBUG: GoGo-Total-Output-Octets: [4457067]
2013-11-20 10:55:51,773: DEBUG: GoGo-Acct-Input-Voice-Octets: [0]
2013-11-20 10:55:51,773: DEBUG: GoGo-Total-Input-Voice-Packets: [0]
2013-11-20 10:55:51,773: DEBUG: Called-Station-Id: [u'00:16:3E:13:90:66']
2013-11-20 10:55:51,773: DEBUG: WISPr-Location-Name: [u'TEST LLC,BA01_01009']
2013-11-20 10:55:51,773: DEBUG: NAS-Identifier: [u'C08386']
2013-11-20 10:55:51,773: DEBUG: Proxy-State: ['3330,3132']
2013-11-20 10:55:51,773: DEBUG: GoGo-Total-Input-Voice-Octets: [0]
2013-11-20 10:55:51,773: DEBUG: Acct-Status-Type: ['Interim-Update']
2013-11-20 10:55:51,773: DEBUG: GoGo-Total-Output-Voice-Gigawords: [0]
2013-11-20 10:55:51,773: DEBUG: GoGo-Airline: [u'BA01']
2013-11-20 10:55:51,773: DEBUG: Acct-Session-Id: [u'AAATestNAS_133-1384925141766-00163E139066-1']
2013-11-20 10:55:51,773: DEBUG: Acct-Session-Time: [10]
2013-11-20 10:55:51,773: DEBUG: Acct-Input-Packets: [6168]
2013-11-20 10:55:51,773: DEBUG: Acct-Output-Packets: [32484]
2013-11-20 10:55:51,774: DEBUG: GoGo-Acct-Output-Voice-Packets: [0]
2013-11-20 10:55:51,774: DEBUG: GoGo-Acct-Output-Voice-Octets: [0]
2013-11-20 10:55:51,774: DEBUG: Acct-Output-Gigawords: [0]
2013-11-20 10:55:51,774: DEBUG: GoGo-Total-Output-Voice-Packets: [0]
2013-11-20 10:55:51,774: DEBUG: Acct-Input-Gigawords: [0]
2013-11-20 10:55:51,774: DEBUG: Calling-Station-Id: [u'18:21:31:41:52:14']
2013-11-20 10:55:51,774: DEBUG: NAS-Port-Type: ['Wireless-802.11']
2013-11-20 10:55:51,774: DEBUG: GoGo-Total-Output-Voice-Octets: [0]
2013-11-20 10:55:51,774: DEBUG: GoGo-Private-IP-Address: ['192.168.1.179']
2013-11-20 10:55:51,774: DEBUG: GoGo-Acct-Input-Voice-Gigawords: [0]
2013-11-20 10:55:51,774: DEBUG: GoGo-Total-Input-Packets: [6168]
2013-11-20 10:55:51,774: DEBUG: GoGo-Total-Input-Gigawords: [0]
2013-11-20 10:55:51,774: DEBUG: GoGo-Acct-Input-Voice-Packets: [0]
2013-11-20 10:55:51,774: DEBUG: GoGo-Total-Input-Octets: [1101342]
2013-11-20 10:55:51,775: DEBUG: GoGo-Total-Output-Packets: [32484]
2013-11-20 10:55:51,775: DEBUG: WISPr-Location-ID: [u'airline=BA01,tail=01009,network=']
2013-11-20 10:55:51,775: DEBUG: GoGo-Acct-Output-Voice-Gigawords: [0]
2013-11-20 10:55:51,775: DEBUG: Acct-Input-Octets: [1101342]
2013-11-20 10:55:51,777: DEBUG: 

2013-11-20 10:55:51,777: DEBUG: Received response with following attributes:
2013-11-20 10:56:01,777: DEBUG: 

2013-11-20 10:56:01,778: DEBUG: Creating Accounting Update Request with the following Attributes:
2013-11-20 10:56:01,778: DEBUG: User-Name: [u'username28@airborne.aircell.com']
2013-11-20 10:56:01,778: DEBUG: GoGo-Tail-Number: [u'AAATestNAS_133']
2013-11-20 10:56:01,778: DEBUG: Acct-Output-Octets: [1654681]
2013-11-20 10:56:01,778: DEBUG: NAS-IP-Address: ['10.254.138.1']
2013-11-20 10:56:01,778: DEBUG: GoGo-Total-Output-Gigawords: [0]
2013-11-20 10:56:01,778: DEBUG: Framed-IP-Address: ['10.254.138.115']
2013-11-20 10:56:01,779: DEBUG: GoGo-Total-Input-Voice-Gigawords: [0]
2013-11-20 10:56:01,779: DEBUG: GoGo-Total-Output-Octets: [1654681]
2013-11-20 10:56:01,779: DEBUG: GoGo-Acct-Input-Voice-Octets: [0]
2013-11-20 10:56:01,779: DEBUG: GoGo-Total-Input-Voice-Packets: [0]
2013-11-20 10:56:01,779: DEBUG: Called-Station-Id: [u'00:16:3E:13:90:66']
2013-11-20 10:56:01,779: DEBUG: WISPr-Location-Name: [u'TEST LLC,BA01_01009']
2013-11-20 10:56:01,779: DEBUG: NAS-Identifier: [u'C08386']
2013-11-20 10:56:01,779: DEBUG: Proxy-State: ['3330,3132']
2013-11-20 10:56:01,779: DEBUG: GoGo-Total-Input-Voice-Octets: [0]
2013-11-20 10:56:01,779: DEBUG: Acct-Status-Type: ['Interim-Update']
2013-11-20 10:56:01,779: DEBUG: GoGo-Total-Output-Voice-Gigawords: [0]
2013-11-20 10:56:01,779: DEBUG: GoGo-Airline: [u'BA01']
2013-11-20 10:56:01,779: DEBUG: Acct-Session-Id: [u'AAATestNAS_133-1384925141766-00163E139066-1']
2013-11-20 10:56:01,780: DEBUG: Acct-Session-Time: [10]
2013-11-20 10:56:01,780: DEBUG: Acct-Input-Packets: [89973]
2013-11-20 10:56:01,780: DEBUG: Acct-Output-Packets: [5034]
2013-11-20 10:56:01,780: DEBUG: GoGo-Acct-Output-Voice-Packets: [0]
2013-11-20 10:56:01,780: DEBUG: GoGo-Acct-Output-Voice-Octets: [0]
2013-11-20 10:56:01,780: DEBUG: Acct-Output-Gigawords: [0]
2013-11-20 10:56:01,780: DEBUG: GoGo-Total-Output-Voice-Packets: [0]
2013-11-20 10:56:01,780: DEBUG: Acct-Input-Gigawords: [0]
2013-11-20 10:56:01,780: DEBUG: Calling-Station-Id: [u'18:21:31:41:52:14']
2013-11-20 10:56:01,780: DEBUG: NAS-Port-Type: ['Wireless-802.11']
2013-11-20 10:56:01,780: DEBUG: GoGo-Total-Output-Voice-Octets: [0]
2013-11-20 10:56:01,780: DEBUG: GoGo-Private-IP-Address: ['192.168.1.179']
2013-11-20 10:56:01,780: DEBUG: GoGo-Acct-Input-Voice-Gigawords: [0]
2013-11-20 10:56:01,780: DEBUG: GoGo-Total-Input-Packets: [89973]
2013-11-20 10:56:01,781: DEBUG: GoGo-Total-Input-Gigawords: [0]
2013-11-20 10:56:01,781: DEBUG: GoGo-Acct-Input-Voice-Packets: [0]
2013-11-20 10:56:01,781: DEBUG: GoGo-Total-Input-Octets: [9714035]
2013-11-20 10:56:01,781: DEBUG: GoGo-Total-Output-Packets: [5034]
2013-11-20 10:56:01,781: DEBUG: WISPr-Location-ID: [u'airline=BA01,tail=01009,network=']
2013-11-20 10:56:01,781: DEBUG: GoGo-Acct-Output-Voice-Gigawords: [0]
2013-11-20 10:56:01,781: DEBUG: Acct-Input-Octets: [9714035]
2013-11-20 10:56:01,783: DEBUG: 

2013-11-20 10:56:01,783: DEBUG: Received response with following attributes:
2013-11-20 10:56:11,783: DEBUG: 

2013-11-20 10:56:11,784: DEBUG: Creating Accounting Update Request with the following Attributes:
2013-11-20 10:56:11,784: DEBUG: User-Name: [u'username28@airborne.aircell.com']
2013-11-20 10:56:11,784: DEBUG: GoGo-Tail-Number: [u'AAATestNAS_133']
2013-11-20 10:56:11,784: DEBUG: Acct-Output-Octets: [6925442]
2013-11-20 10:56:11,785: DEBUG: NAS-IP-Address: ['10.254.138.1']
2013-11-20 10:56:11,785: DEBUG: GoGo-Total-Output-Gigawords: [0]
2013-11-20 10:56:11,785: DEBUG: Framed-IP-Address: ['10.254.138.115']
2013-11-20 10:56:11,785: DEBUG: GoGo-Total-Input-Voice-Gigawords: [0]
2013-11-20 10:56:11,785: DEBUG: GoGo-Total-Output-Octets: [6925442]
2013-11-20 10:56:11,785: DEBUG: GoGo-Acct-Input-Voice-Octets: [0]
2013-11-20 10:56:11,785: DEBUG: GoGo-Total-Input-Voice-Packets: [0]
2013-11-20 10:56:11,785: DEBUG: Called-Station-Id: [u'00:16:3E:13:90:66']
2013-11-20 10:56:11,786: DEBUG: WISPr-Location-Name: [u'TEST LLC,BA01_01009']
2013-11-20 10:56:11,786: DEBUG: NAS-Identifier: [u'C08386']
2013-11-20 10:56:11,786: DEBUG: Proxy-State: ['3330,3132']
2013-11-20 10:56:11,786: DEBUG: GoGo-Total-Input-Voice-Octets: [0]
2013-11-20 10:56:11,786: DEBUG: Acct-Status-Type: ['Interim-Update']
2013-11-20 10:56:11,786: DEBUG: GoGo-Total-Output-Voice-Gigawords: [0]
2013-11-20 10:56:11,786: DEBUG: GoGo-Airline: [u'BA01']
2013-11-20 10:56:11,786: DEBUG: Acct-Session-Id: [u'AAATestNAS_133-1384925141766-00163E139066-1']
2013-11-20 10:56:11,786: DEBUG: Acct-Session-Time: [10]
2013-11-20 10:56:11,787: DEBUG: Acct-Input-Packets: [11641]
2013-11-20 10:56:11,787: DEBUG: Acct-Output-Packets: [27441]
2013-11-20 10:56:11,787: DEBUG: GoGo-Acct-Output-Voice-Packets: [0]
2013-11-20 10:56:11,787: DEBUG: GoGo-Acct-Output-Voice-Octets: [0]
2013-11-20 10:56:11,787: DEBUG: Acct-Output-Gigawords: [0]
2013-11-20 10:56:11,787: DEBUG: GoGo-Total-Output-Voice-Packets: [0]
2013-11-20 10:56:11,787: DEBUG: Acct-Input-Gigawords: [0]
2013-11-20 10:56:11,787: DEBUG: Calling-Station-Id: [u'18:21:31:41:52:14']
2013-11-20 10:56:11,787: DEBUG: NAS-Port-Type: ['Wireless-802.11']
2013-11-20 10:56:11,787: DEBUG: GoGo-Total-Output-Voice-Octets: [0]
2013-11-20 10:56:11,788: DEBUG: GoGo-Private-IP-Address: ['192.168.1.179']
2013-11-20 10:56:11,788: DEBUG: GoGo-Acct-Input-Voice-Gigawords: [0]
2013-11-20 10:56:11,788: DEBUG: GoGo-Total-Input-Packets: [11641]
2013-11-20 10:56:11,788: DEBUG: GoGo-Total-Input-Gigawords: [0]
2013-11-20 10:56:11,788: DEBUG: GoGo-Acct-Input-Voice-Packets: [0]
2013-11-20 10:56:11,788: DEBUG: GoGo-Total-Input-Octets: [4765280]
2013-11-20 10:56:11,788: DEBUG: GoGo-Total-Output-Packets: [27441]
2013-11-20 10:56:11,788: DEBUG: WISPr-Location-ID: [u'airline=BA01,tail=01009,network=']
2013-11-20 10:56:11,788: DEBUG: GoGo-Acct-Output-Voice-Gigawords: [0]
2013-11-20 10:56:11,788: DEBUG: Acct-Input-Octets: [4765280]
2013-11-20 10:56:11,790: DEBUG: 

2013-11-20 10:56:11,790: DEBUG: Received response with following attributes:
2013-11-20 10:56:21,791: DEBUG: 

2013-11-20 10:56:21,791: DEBUG: Creating Accounting Update Request with the following Attributes:
2013-11-20 10:56:21,792: DEBUG: User-Name: [u'username28@airborne.aircell.com']
2013-11-20 10:56:21,792: DEBUG: GoGo-Tail-Number: [u'AAATestNAS_133']
2013-11-20 10:56:21,792: DEBUG: Acct-Output-Octets: [4192483]
2013-11-20 10:56:21,792: DEBUG: NAS-IP-Address: ['10.254.138.1']
2013-11-20 10:56:21,792: DEBUG: GoGo-Total-Output-Gigawords: [0]
2013-11-20 10:56:21,792: DEBUG: Framed-IP-Address: ['10.254.138.115']
2013-11-20 10:56:21,792: DEBUG: GoGo-Total-Input-Voice-Gigawords: [0]
2013-11-20 10:56:21,792: DEBUG: GoGo-Total-Output-Octets: [4192483]
2013-11-20 10:56:21,792: DEBUG: GoGo-Acct-Input-Voice-Octets: [0]
2013-11-20 10:56:21,792: DEBUG: GoGo-Total-Input-Voice-Packets: [0]
2013-11-20 10:56:21,792: DEBUG: Called-Station-Id: [u'00:16:3E:13:90:66']
2013-11-20 10:56:21,792: DEBUG: WISPr-Location-Name: [u'TEST LLC,BA01_01009']
2013-11-20 10:56:21,792: DEBUG: NAS-Identifier: [u'C08386']
2013-11-20 10:56:21,793: DEBUG: Proxy-State: ['3330,3132']
2013-11-20 10:56:21,793: DEBUG: GoGo-Total-Input-Voice-Octets: [0]
2013-11-20 10:56:21,793: DEBUG: Acct-Status-Type: ['Interim-Update']
2013-11-20 10:56:21,793: DEBUG: GoGo-Total-Output-Voice-Gigawords: [0]
2013-11-20 10:56:21,793: DEBUG: GoGo-Airline: [u'BA01']
2013-11-20 10:56:21,793: DEBUG: Acct-Session-Id: [u'AAATestNAS_133-1384925141766-00163E139066-1']
2013-11-20 10:56:21,793: DEBUG: Acct-Session-Time: [10]
2013-11-20 10:56:21,793: DEBUG: Acct-Input-Packets: [44823]
2013-11-20 10:56:21,793: DEBUG: Acct-Output-Packets: [24471]
2013-11-20 10:56:21,793: DEBUG: GoGo-Acct-Output-Voice-Packets: [0]
2013-11-20 10:56:21,793: DEBUG: GoGo-Acct-Output-Voice-Octets: [0]
2013-11-20 10:56:21,793: DEBUG: Acct-Output-Gigawords: [0]
2013-11-20 10:56:21,793: DEBUG: GoGo-Total-Output-Voice-Packets: [0]
2013-11-20 10:56:21,794: DEBUG: Acct-Input-Gigawords: [0]
2013-11-20 10:56:21,794: DEBUG: Calling-Station-Id: [u'18:21:31:41:52:14']
2013-11-20 10:56:21,794: DEBUG: NAS-Port-Type: ['Wireless-802.11']
2013-11-20 10:56:21,794: DEBUG: GoGo-Total-Output-Voice-Octets: [0]
2013-11-20 10:56:21,794: DEBUG: GoGo-Private-IP-Address: ['192.168.1.179']
2013-11-20 10:56:21,794: DEBUG: GoGo-Acct-Input-Voice-Gigawords: [0]
2013-11-20 10:56:21,794: DEBUG: GoGo-Total-Input-Packets: [44823]
2013-11-20 10:56:21,794: DEBUG: GoGo-Total-Input-Gigawords: [0]
2013-11-20 10:56:21,794: DEBUG: GoGo-Acct-Input-Voice-Packets: [0]
2013-11-20 10:56:21,794: DEBUG: GoGo-Total-Input-Octets: [7499598]
2013-11-20 10:56:21,794: DEBUG: GoGo-Total-Output-Packets: [24471]
2013-11-20 10:56:21,794: DEBUG: WISPr-Location-ID: [u'airline=BA01,tail=01009,network=']
2013-11-20 10:56:21,794: DEBUG: GoGo-Acct-Output-Voice-Gigawords: [0]
2013-11-20 10:56:21,794: DEBUG: Acct-Input-Octets: [7499598]
2013-11-20 10:56:21,796: DEBUG: 

2013-11-20 10:56:21,796: DEBUG: Received response with following attributes:
2013-11-20 10:56:31,797: DEBUG: 

2013-11-20 10:56:31,797: DEBUG: Creating Accounting Update Request with the following Attributes:
2013-11-20 10:56:31,798: DEBUG: User-Name: [u'username28@airborne.aircell.com']
2013-11-20 10:56:31,798: DEBUG: GoGo-Tail-Number: [u'AAATestNAS_133']
2013-11-20 10:56:31,798: DEBUG: Acct-Output-Octets: [2854381]
2013-11-20 10:56:31,798: DEBUG: NAS-IP-Address: ['10.254.138.1']
2013-11-20 10:56:31,798: DEBUG: GoGo-Total-Output-Gigawords: [0]
2013-11-20 10:56:31,798: DEBUG: Framed-IP-Address: ['10.254.138.115']
2013-11-20 10:56:31,798: DEBUG: GoGo-Total-Input-Voice-Gigawords: [0]
2013-11-20 10:56:31,798: DEBUG: GoGo-Total-Output-Octets: [2854381]
2013-11-20 10:56:31,798: DEBUG: GoGo-Acct-Input-Voice-Octets: [0]
2013-11-20 10:56:31,798: DEBUG: GoGo-Total-Input-Voice-Packets: [0]
2013-11-20 10:56:31,798: DEBUG: Called-Station-Id: [u'00:16:3E:13:90:66']
2013-11-20 10:56:31,798: DEBUG: WISPr-Location-Name: [u'TEST LLC,BA01_01009']
2013-11-20 10:56:31,799: DEBUG: NAS-Identifier: [u'C08386']
2013-11-20 10:56:31,799: DEBUG: Proxy-State: ['3330,3132']
2013-11-20 10:56:31,799: DEBUG: GoGo-Total-Input-Voice-Octets: [0]
2013-11-20 10:56:31,799: DEBUG: Acct-Status-Type: ['Interim-Update']
2013-11-20 10:56:31,799: DEBUG: GoGo-Total-Output-Voice-Gigawords: [0]
2013-11-20 10:56:31,799: DEBUG: GoGo-Airline: [u'BA01']
2013-11-20 10:56:31,799: DEBUG: Acct-Session-Id: [u'AAATestNAS_133-1384925141766-00163E139066-1']
2013-11-20 10:56:31,799: DEBUG: Acct-Session-Time: [10]
2013-11-20 10:56:31,799: DEBUG: Acct-Input-Packets: [7365]
2013-11-20 10:56:31,799: DEBUG: Acct-Output-Packets: [16913]
2013-11-20 10:56:31,799: DEBUG: GoGo-Acct-Output-Voice-Packets: [0]
2013-11-20 10:56:31,799: DEBUG: GoGo-Acct-Output-Voice-Octets: [0]
2013-11-20 10:56:31,799: DEBUG: Acct-Output-Gigawords: [0]
2013-11-20 10:56:31,799: DEBUG: GoGo-Total-Output-Voice-Packets: [0]
2013-11-20 10:56:31,800: DEBUG: Acct-Input-Gigawords: [0]
2013-11-20 10:56:31,800: DEBUG: Calling-Station-Id: [u'18:21:31:41:52:14']
2013-11-20 10:56:31,800: DEBUG: NAS-Port-Type: ['Wireless-802.11']
2013-11-20 10:56:31,800: DEBUG: GoGo-Total-Output-Voice-Octets: [0]
2013-11-20 10:56:31,800: DEBUG: GoGo-Private-IP-Address: ['192.168.1.179']
2013-11-20 10:56:31,800: DEBUG: GoGo-Acct-Input-Voice-Gigawords: [0]
2013-11-20 10:56:31,800: DEBUG: GoGo-Total-Input-Packets: [7365]
2013-11-20 10:56:31,800: DEBUG: GoGo-Total-Input-Gigawords: [0]
2013-11-20 10:56:31,800: DEBUG: GoGo-Acct-Input-Voice-Packets: [0]
2013-11-20 10:56:31,800: DEBUG: GoGo-Total-Input-Octets: [5789227]
2013-11-20 10:56:31,800: DEBUG: GoGo-Total-Output-Packets: [16913]
2013-11-20 10:56:31,800: DEBUG: WISPr-Location-ID: [u'airline=BA01,tail=01009,network=']
2013-11-20 10:56:31,800: DEBUG: GoGo-Acct-Output-Voice-Gigawords: [0]
2013-11-20 10:56:31,800: DEBUG: Acct-Input-Octets: [5789227]
2013-11-20 10:56:31,802: DEBUG: 

2013-11-20 10:56:31,802: DEBUG: Received response with following attributes:
2013-11-20 10:56:56,803: DEBUG: 

2013-11-20 10:56:56,804: DEBUG: Creating Accounting Stop Request with the following Attributes:
2013-11-20 10:56:56,804: DEBUG: User-Name: [u'username28@airborne.aircell.com']
2013-11-20 10:56:56,804: DEBUG: GoGo-Tail-Number: [u'01009']
2013-11-20 10:56:56,804: DEBUG: Acct-Output-Octets: [7006648]
2013-11-20 10:56:56,804: DEBUG: NAS-IP-Address: ['10.254.138.1']
2013-11-20 10:56:56,804: DEBUG: GoGo-Total-Output-Gigawords: [0]
2013-11-20 10:56:56,804: DEBUG: Framed-IP-Address: ['10.254.138.115']
2013-11-20 10:56:56,804: DEBUG: GoGo-Total-Input-Voice-Gigawords: [0]
2013-11-20 10:56:56,804: DEBUG: GoGo-Total-Output-Octets: [7006648]
2013-11-20 10:56:56,804: DEBUG: GoGo-Acct-Input-Voice-Octets: [0]
2013-11-20 10:56:56,804: DEBUG: GoGo-Total-Input-Voice-Packets: [0]
2013-11-20 10:56:56,805: DEBUG: Called-Station-Id: [u'00:16:3E:13:90:66']
2013-11-20 10:56:56,805: DEBUG: WISPr-Location-Name: [u'TEST LLC,BA01_01009']
2013-11-20 10:56:56,805: DEBUG: NAS-Identifier: [u'C08386']
2013-11-20 10:56:56,805: DEBUG: Proxy-State: ['3330,3132']
2013-11-20 10:56:56,805: DEBUG: GoGo-Total-Input-Voice-Octets: [0]
2013-11-20 10:56:56,805: DEBUG: Acct-Status-Type: ['Stop']
2013-11-20 10:56:56,805: DEBUG: GoGo-Total-Output-Voice-Gigawords: [0]
2013-11-20 10:56:56,805: DEBUG: GoGo-Airline: [u'BA01']
2013-11-20 10:56:56,805: DEBUG: Acct-Session-Id: [u'AAATestNAS_133-1384925141766-00163E139066-1']
2013-11-20 10:56:56,805: DEBUG: Acct-Session-Time: [25]
2013-11-20 10:56:56,805: DEBUG: Acct-Input-Packets: [20213]
2013-11-20 10:56:56,805: DEBUG: Acct-Output-Packets: [19734]
2013-11-20 10:56:56,805: DEBUG: Acct-Terminate-Cause: ['User-Request']
2013-11-20 10:56:56,805: DEBUG: GoGo-Acct-Output-Voice-Octets: [0]
2013-11-20 10:56:56,806: DEBUG: Acct-Output-Gigawords: [0]
2013-11-20 10:56:56,806: DEBUG: GoGo-Total-Output-Voice-Packets: [0]
2013-11-20 10:56:56,806: DEBUG: Acct-Input-Gigawords: [0]
2013-11-20 10:56:56,806: DEBUG: Calling-Station-Id: [u'18:21:31:41:52:14']
2013-11-20 10:56:56,806: DEBUG: NAS-Port-Type: ['Wireless-802.11']
2013-11-20 10:56:56,806: DEBUG: GoGo-Total-Output-Voice-Octets: [0]
2013-11-20 10:56:56,806: DEBUG: GoGo-Private-IP-Address: ['192.168.1.179']
2013-11-20 10:56:56,806: DEBUG: GoGo-Acct-Input-Voice-Gigawords: [0]
2013-11-20 10:56:56,806: DEBUG: GoGo-Total-Input-Packets: [20213]
2013-11-20 10:56:56,806: DEBUG: GoGo-Total-Input-Gigawords: [0]
2013-11-20 10:56:56,806: DEBUG: GoGo-Acct-Input-Voice-Packets: [0]
2013-11-20 10:56:56,806: DEBUG: GoGo-Total-Input-Octets: [9214183]
2013-11-20 10:56:56,806: DEBUG: GoGo-Total-Output-Packets: [19734]
2013-11-20 10:56:56,806: DEBUG: WISPr-Location-ID: [u'airline=BA01,tail=01009,network=']
2013-11-20 10:56:56,807: DEBUG: GoGo-Acct-Output-Voice-Packets: [0]
2013-11-20 10:56:56,807: DEBUG: GoGo-Acct-Output-Voice-Gigawords: [0]
2013-11-20 10:56:56,807: DEBUG: Acct-Input-Octets: [9214183]
2013-11-20 10:56:56,808: DEBUG: 

2013-11-20 10:56:56,808: DEBUG: Received response with following attributes:
2013-11-20 10:56:56,808: DEBUG: Ending the test for this user
2013-11-20 10:56:57,472: DEBUG: Starting the client for the user username28@airborne.aircell.com to the server localhost

2013-11-20 10:56:57,472: DEBUG: DURATION of the TEST: 53
2013-11-20 10:56:57,472: DEBUG: NAS-IP: 10.254.148.1
2013-11-20 10:56:57,472: DEBUG: NAS-MAC-ADDR: 18:21:31:41:52:24
2013-11-20 10:56:57,472: DEBUG: Abruptly End: False
2013-11-20 10:56:57,472: DEBUG: Framed-IP: 10.254.148.162
2013-11-20 10:56:57,472: DEBUG: User-MAC-Addr: 00:16:3E:74:96:5F
2013-11-20 10:56:57,473: DEBUG: 

2013-11-20 10:56:57,473: DEBUG: Creating Authentication Request with the following Attributes:
2013-11-20 10:56:57,473: DEBUG: NAS-Identifier: [u'C08386']
2013-11-20 10:56:57,473: DEBUG: User-Name: [u'username28@airborne.aircell.com']
2013-11-20 10:56:57,473: DEBUG: NAS-IP-Address: ['10.254.148.1']
2013-11-20 10:56:57,474: DEBUG: Service-Type: ['Authenticate-Only']
2013-11-20 10:56:57,474: DEBUG: Proxy-State: ['3237,3134']
2013-11-20 10:56:57,474: DEBUG: Framed-IP-Address: ['10.254.148.162']
2013-11-20 10:56:57,474: DEBUG: GoGo-Airline: [u'BA01']
2013-11-20 10:56:57,474: DEBUG: Acct-Session-Id: [u'AAATestNAS_143-1384925217473-00163E74965F-1']
2013-11-20 10:56:57,474: DEBUG: GoGo-Tail-Number: [u'AAATestNAS_143']
2013-11-20 10:56:57,474: DEBUG: GoGo-Private-IP-Address: ['192.168.1.179']
2013-11-20 10:56:57,474: DEBUG: WISPr-Location-ID: [u'airline=BA01,tail=01009,network=']
2013-11-20 10:56:57,474: DEBUG: WISPr-Location-Name: [u'TEST LLC,BA01_01009']
2013-11-20 10:56:57,475: DEBUG: NAS-Port-Type: ['Wireless-802.11']
2013-11-20 10:56:57,475: DEBUG: Called-Station-Id: [u'00:16:3E:74:96:5F']
2013-11-20 10:56:57,475: DEBUG: Calling-Station-Id: [u'18:21:31:41:52:24']
2013-11-20 10:56:57,476: DEBUG: 

2013-11-20 10:56:57,477: DEBUG: Received response with code: 2, Accepted
2013-11-20 10:56:57,477: DEBUG: Creating Authentication Request with the following Attributes:
2013-11-20 10:56:57,477: DEBUG: NAS-Identifier: [u'C08386']
2013-11-20 10:56:57,478: DEBUG: User-Name: [u'username28@airborne.aircell.com']
2013-11-20 10:56:57,478: DEBUG: NAS-IP-Address: ['10.254.148.1']
2013-11-20 10:56:57,478: DEBUG: Service-Type: ['Login-User']
2013-11-20 10:56:57,479: DEBUG: Proxy-State: ['3237,3134']
2013-11-20 10:56:57,479: DEBUG: Framed-IP-Address: ['10.254.148.162']
2013-11-20 10:56:57,479: DEBUG: GoGo-Airline: [u'BA01']
2013-11-20 10:56:57,479: DEBUG: Acct-Session-Id: [u'AAATestNAS_143-1384925217477-00163E74965F-1']
2013-11-20 10:56:57,480: DEBUG: GoGo-Tail-Number: [u'AAATestNAS_143']
2013-11-20 10:56:57,480: DEBUG: GoGo-Private-IP-Address: ['192.168.1.179']
2013-11-20 10:56:57,480: DEBUG: WISPr-Location-ID: [u'airline=BA01,tail=01009,network=']
2013-11-20 10:56:57,480: DEBUG: WISPr-Location-Name: [u'TEST LLC,BA01_01009']
2013-11-20 10:56:57,481: DEBUG: NAS-Port-Type: ['Wireless-802.11']
2013-11-20 10:56:57,481: DEBUG: Called-Station-Id: [u'00:16:3E:74:96:5F']
2013-11-20 10:56:57,481: DEBUG: Calling-Station-Id: [u'18:21:31:41:52:24']
2013-11-20 10:56:57,483: DEBUG: 

2013-11-20 10:56:57,483: DEBUG: Received response with code: 2, Accepted
2013-11-20 10:56:57,484: DEBUG: 

2013-11-20 10:56:57,484: DEBUG: Creating Accounting start Request with the following Attributes:
2013-11-20 10:56:57,485: DEBUG: NAS-Identifier: [u'C08386']
2013-11-20 10:56:57,485: DEBUG: User-Name: [u'username28@airborne.aircell.com']
2013-11-20 10:56:57,485: DEBUG: GoGo-Tail-Number: [u'AAATestNAS_143']
2013-11-20 10:56:57,485: DEBUG: NAS-IP-Address: ['10.254.148.1']
2013-11-20 10:56:57,486: DEBUG: Proxy-State: ['3239,3131']
2013-11-20 10:56:57,486: DEBUG: Acct-Status-Type: ['Start']
2013-11-20 10:56:57,486: DEBUG: GoGo-Airline: [u'BA01']
2013-11-20 10:56:57,487: DEBUG: Acct-Session-Id: [u'AAATestNAS_143-1384925217477-00163E74965F-1']
2013-11-20 10:56:57,487: DEBUG: GoGo-Private-IP-Address: ['192.168.1.179']
2013-11-20 10:56:57,488: DEBUG: Framed-IP-Address: ['10.254.148.162']
2013-11-20 10:56:57,488: DEBUG: WISPr-Location-ID: [u'airline=BA01,tail=01009,network=']
2013-11-20 10:56:57,489: DEBUG: WISPr-Location-Name: [u'TEST LLC,BA01_01009']
2013-11-20 10:56:57,490: DEBUG: NAS-Port-Type: ['Wireless-802.11']
2013-11-20 10:56:57,490: DEBUG: Called-Station-Id: [u'00:16:3E:74:96:5F']
2013-11-20 10:56:57,491: DEBUG: Calling-Station-Id: [u'18:21:31:41:52:24']
2013-11-20 10:56:57,492: DEBUG: 

2013-11-20 10:56:57,492: DEBUG: Received response with following attributes:
2013-11-20 10:57:07,493: DEBUG: 

2013-11-20 10:57:07,493: DEBUG: Creating Accounting Update Request with the following Attributes:
2013-11-20 10:57:07,494: DEBUG: User-Name: [u'username28@airborne.aircell.com']
2013-11-20 10:57:07,494: DEBUG: GoGo-Tail-Number: [u'AAATestNAS_143']
2013-11-20 10:57:07,494: DEBUG: Acct-Output-Octets: [7066546]
2013-11-20 10:57:07,495: DEBUG: NAS-IP-Address: ['10.254.148.1']
2013-11-20 10:57:07,496: DEBUG: GoGo-Total-Output-Gigawords: [0]
2013-11-20 10:57:07,496: DEBUG: Framed-IP-Address: ['10.254.148.162']
2013-11-20 10:57:07,497: DEBUG: GoGo-Total-Input-Voice-Gigawords: [0]
2013-11-20 10:57:07,497: DEBUG: GoGo-Total-Output-Octets: [7066546]
2013-11-20 10:57:07,497: DEBUG: GoGo-Acct-Input-Voice-Octets: [0]
2013-11-20 10:57:07,498: DEBUG: GoGo-Total-Input-Voice-Packets: [0]
2013-11-20 10:57:07,498: DEBUG: Called-Station-Id: [u'00:16:3E:74:96:5F']
2013-11-20 10:57:07,498: DEBUG: WISPr-Location-Name: [u'TEST LLC,BA01_01009']
2013-11-20 10:57:07,499: DEBUG: NAS-Identifier: [u'C08386']
2013-11-20 10:57:07,499: DEBUG: Proxy-State: ['3330,3132']
2013-11-20 10:57:07,500: DEBUG: GoGo-Total-Input-Voice-Octets: [0]
2013-11-20 10:57:07,500: DEBUG: Acct-Status-Type: ['Interim-Update']
2013-11-20 10:57:07,500: DEBUG: GoGo-Total-Output-Voice-Gigawords: [0]
2013-11-20 10:57:07,501: DEBUG: GoGo-Airline: [u'BA01']
2013-11-20 10:57:07,501: DEBUG: Acct-Session-Id: [u'AAATestNAS_143-1384925217477-00163E74965F-1']
2013-11-20 10:57:07,501: DEBUG: Acct-Session-Time: [10]
2013-11-20 10:57:07,502: DEBUG: Acct-Input-Packets: [63198]
2013-11-20 10:57:07,502: DEBUG: Acct-Output-Packets: [57630]
2013-11-20 10:57:07,503: DEBUG: GoGo-Acct-Output-Voice-Packets: [0]
2013-11-20 10:57:07,503: DEBUG: GoGo-Acct-Output-Voice-Octets: [0]
2013-11-20 10:57:07,503: DEBUG: Acct-Output-Gigawords: [0]
2013-11-20 10:57:07,503: DEBUG: GoGo-Total-Output-Voice-Packets: [0]
2013-11-20 10:57:07,504: DEBUG: Acct-Input-Gigawords: [0]
2013-11-20 10:57:07,504: DEBUG: Calling-Station-Id: [u'18:21:31:41:52:24']
2013-11-20 10:57:07,504: DEBUG: NAS-Port-Type: ['Wireless-802.11']
2013-11-20 10:57:07,505: DEBUG: GoGo-Total-Output-Voice-Octets: [0]
2013-11-20 10:57:07,505: DEBUG: GoGo-Private-IP-Address: ['192.168.1.179']
2013-11-20 10:57:07,505: DEBUG: GoGo-Acct-Input-Voice-Gigawords: [0]
2013-11-20 10:57:07,505: DEBUG: GoGo-Total-Input-Packets: [63198]
2013-11-20 10:57:07,506: DEBUG: GoGo-Total-Input-Gigawords: [0]
2013-11-20 10:57:07,506: DEBUG: GoGo-Acct-Input-Voice-Packets: [0]
2013-11-20 10:57:07,506: DEBUG: GoGo-Total-Input-Octets: [9823210]
2013-11-20 10:57:07,506: DEBUG: GoGo-Total-Output-Packets: [57630]
2013-11-20 10:57:07,507: DEBUG: WISPr-Location-ID: [u'airline=BA01,tail=01009,network=']
2013-11-20 10:57:07,507: DEBUG: GoGo-Acct-Output-Voice-Gigawords: [0]
2013-11-20 10:57:07,507: DEBUG: Acct-Input-Octets: [9823210]
2013-11-20 10:57:07,509: DEBUG: 

2013-11-20 10:57:07,510: DEBUG: Received response with following attributes:
2013-11-20 10:57:17,512: DEBUG: 

2013-11-20 10:57:17,513: DEBUG: Creating Accounting Update Request with the following Attributes:
2013-11-20 10:57:17,513: DEBUG: User-Name: [u'username28@airborne.aircell.com']
2013-11-20 10:57:17,514: DEBUG: GoGo-Tail-Number: [u'AAATestNAS_143']
2013-11-20 10:57:17,514: DEBUG: Acct-Output-Octets: [4055662]
2013-11-20 10:57:17,515: DEBUG: NAS-IP-Address: ['10.254.148.1']
2013-11-20 10:57:17,515: DEBUG: GoGo-Total-Output-Gigawords: [0]
2013-11-20 10:57:17,516: DEBUG: Framed-IP-Address: ['10.254.148.162']
2013-11-20 10:57:17,517: DEBUG: GoGo-Total-Input-Voice-Gigawords: [0]
2013-11-20 10:57:17,517: DEBUG: GoGo-Total-Output-Octets: [4055662]
2013-11-20 10:57:17,517: DEBUG: GoGo-Acct-Input-Voice-Octets: [0]
2013-11-20 10:57:17,518: DEBUG: GoGo-Total-Input-Voice-Packets: [0]
2013-11-20 10:57:17,518: DEBUG: Called-Station-Id: [u'00:16:3E:74:96:5F']
2013-11-20 10:57:17,518: DEBUG: WISPr-Location-Name: [u'TEST LLC,BA01_01009']
2013-11-20 10:57:17,519: DEBUG: NAS-Identifier: [u'C08386']
2013-11-20 10:57:17,519: DEBUG: Proxy-State: ['3330,3132']
2013-11-20 10:57:17,520: DEBUG: GoGo-Total-Input-Voice-Octets: [0]
2013-11-20 10:57:17,521: DEBUG: Acct-Status-Type: ['Interim-Update']
2013-11-20 10:57:17,521: DEBUG: GoGo-Total-Output-Voice-Gigawords: [0]
2013-11-20 10:57:17,522: DEBUG: GoGo-Airline: [u'BA01']
2013-11-20 10:57:17,522: DEBUG: Acct-Session-Id: [u'AAATestNAS_143-1384925217477-00163E74965F-1']
2013-11-20 10:57:17,523: DEBUG: Acct-Session-Time: [10]
2013-11-20 10:57:17,523: DEBUG: Acct-Input-Packets: [60982]
2013-11-20 10:57:17,524: DEBUG: Acct-Output-Packets: [11666]
2013-11-20 10:57:17,526: DEBUG: GoGo-Acct-Output-Voice-Packets: [0]
2013-11-20 10:57:17,526: DEBUG: GoGo-Acct-Output-Voice-Octets: [0]
2013-11-20 10:57:17,527: DEBUG: Acct-Output-Gigawords: [0]
2013-11-20 10:57:17,528: DEBUG: GoGo-Total-Output-Voice-Packets: [0]
2013-11-20 10:57:17,529: DEBUG: Acct-Input-Gigawords: [0]
2013-11-20 10:57:17,530: DEBUG: Calling-Station-Id: [u'18:21:31:41:52:24']
2013-11-20 10:57:17,531: DEBUG: NAS-Port-Type: ['Wireless-802.11']
2013-11-20 10:57:17,531: DEBUG: GoGo-Total-Output-Voice-Octets: [0]
2013-11-20 10:57:17,532: DEBUG: GoGo-Private-IP-Address: ['192.168.1.179']
2013-11-20 10:57:17,532: DEBUG: GoGo-Acct-Input-Voice-Gigawords: [0]
2013-11-20 10:57:17,533: DEBUG: GoGo-Total-Input-Packets: [60982]
2013-11-20 10:57:17,533: DEBUG: GoGo-Total-Input-Gigawords: [0]
2013-11-20 10:57:17,534: DEBUG: GoGo-Acct-Input-Voice-Packets: [0]
2013-11-20 10:57:17,535: DEBUG: GoGo-Total-Input-Octets: [6362975]
2013-11-20 10:57:17,537: DEBUG: GoGo-Total-Output-Packets: [11666]
2013-11-20 10:57:17,537: DEBUG: WISPr-Location-ID: [u'airline=BA01,tail=01009,network=']
2013-11-20 10:57:17,538: DEBUG: GoGo-Acct-Output-Voice-Gigawords: [0]
2013-11-20 10:57:17,540: DEBUG: Acct-Input-Octets: [6362975]
2013-11-20 10:57:17,542: DEBUG: 

2013-11-20 10:57:17,543: DEBUG: Received response with following attributes:
2013-11-20 10:57:27,545: DEBUG: 

2013-11-20 10:57:27,546: DEBUG: Creating Accounting Update Request with the following Attributes:
2013-11-20 10:57:27,547: DEBUG: User-Name: [u'username28@airborne.aircell.com']
2013-11-20 10:57:27,547: DEBUG: GoGo-Tail-Number: [u'AAATestNAS_143']
2013-11-20 10:57:27,548: DEBUG: Acct-Output-Octets: [7820651]
2013-11-20 10:57:27,548: DEBUG: NAS-IP-Address: ['10.254.148.1']
2013-11-20 10:57:27,549: DEBUG: GoGo-Total-Output-Gigawords: [0]
2013-11-20 10:57:27,549: DEBUG: Framed-IP-Address: ['10.254.148.162']
2013-11-20 10:57:27,550: DEBUG: GoGo-Total-Input-Voice-Gigawords: [0]
2013-11-20 10:57:27,550: DEBUG: GoGo-Total-Output-Octets: [7820651]
2013-11-20 10:57:27,551: DEBUG: GoGo-Acct-Input-Voice-Octets: [0]
2013-11-20 10:57:27,552: DEBUG: GoGo-Total-Input-Voice-Packets: [0]
2013-11-20 10:57:27,553: DEBUG: Called-Station-Id: [u'00:16:3E:74:96:5F']
2013-11-20 10:57:27,554: DEBUG: WISPr-Location-Name: [u'TEST LLC,BA01_01009']
2013-11-20 10:57:27,555: DEBUG: NAS-Identifier: [u'C08386']
2013-11-20 10:57:27,555: DEBUG: Proxy-State: ['3330,3132']
2013-11-20 10:57:27,555: DEBUG: GoGo-Total-Input-Voice-Octets: [0]
2013-11-20 10:57:27,556: DEBUG: Acct-Status-Type: ['Interim-Update']
2013-11-20 10:57:27,557: DEBUG: GoGo-Total-Output-Voice-Gigawords: [0]
2013-11-20 10:57:27,557: DEBUG: GoGo-Airline: [u'BA01']
2013-11-20 10:57:27,557: DEBUG: Acct-Session-Id: [u'AAATestNAS_143-1384925217477-00163E74965F-1']
2013-11-20 10:57:27,558: DEBUG: Acct-Session-Time: [10]
2013-11-20 10:57:27,559: DEBUG: Acct-Input-Packets: [3797]
2013-11-20 10:57:27,559: DEBUG: Acct-Output-Packets: [54540]
2013-11-20 10:57:27,560: DEBUG: GoGo-Acct-Output-Voice-Packets: [0]
2013-11-20 10:57:27,560: DEBUG: GoGo-Acct-Output-Voice-Octets: [0]
2013-11-20 10:57:27,561: DEBUG: Acct-Output-Gigawords: [0]
2013-11-20 10:57:27,561: DEBUG: GoGo-Total-Output-Voice-Packets: [0]
2013-11-20 10:57:27,561: DEBUG: Acct-Input-Gigawords: [0]
2013-11-20 10:57:27,562: DEBUG: Calling-Station-Id: [u'18:21:31:41:52:24']
2013-11-20 10:57:27,562: DEBUG: NAS-Port-Type: ['Wireless-802.11']
2013-11-20 10:57:27,563: DEBUG: GoGo-Total-Output-Voice-Octets: [0]
2013-11-20 10:57:27,564: DEBUG: GoGo-Private-IP-Address: ['192.168.1.179']
2013-11-20 10:57:27,564: DEBUG: GoGo-Acct-Input-Voice-Gigawords: [0]
2013-11-20 10:57:27,564: DEBUG: GoGo-Total-Input-Packets: [3797]
2013-11-20 10:57:27,565: DEBUG: GoGo-Total-Input-Gigawords: [0]
2013-11-20 10:57:27,565: DEBUG: GoGo-Acct-Input-Voice-Packets: [0]
2013-11-20 10:57:27,566: DEBUG: GoGo-Total-Input-Octets: [1744180]
2013-11-20 10:57:27,568: DEBUG: GoGo-Total-Output-Packets: [54540]
2013-11-20 10:57:27,568: DEBUG: WISPr-Location-ID: [u'airline=BA01,tail=01009,network=']
2013-11-20 10:57:27,569: DEBUG: GoGo-Acct-Output-Voice-Gigawords: [0]
2013-11-20 10:57:27,571: DEBUG: Acct-Input-Octets: [1744180]
2013-11-20 10:57:27,576: DEBUG: 

2013-11-20 10:57:27,576: DEBUG: Received response with following attributes:
2013-11-20 10:57:37,579: DEBUG: 

2013-11-20 10:57:37,580: DEBUG: Creating Accounting Update Request with the following Attributes:
2013-11-20 10:57:37,580: DEBUG: User-Name: [u'username28@airborne.aircell.com']
2013-11-20 10:57:37,580: DEBUG: GoGo-Tail-Number: [u'AAATestNAS_143']
2013-11-20 10:57:37,580: DEBUG: Acct-Output-Octets: [9455322]
2013-11-20 10:57:37,581: DEBUG: NAS-IP-Address: ['10.254.148.1']
2013-11-20 10:57:37,581: DEBUG: GoGo-Total-Output-Gigawords: [0]
2013-11-20 10:57:37,581: DEBUG: Framed-IP-Address: ['10.254.148.162']
2013-11-20 10:57:37,581: DEBUG: GoGo-Total-Input-Voice-Gigawords: [0]
2013-11-20 10:57:37,581: DEBUG: GoGo-Total-Output-Octets: [9455322]
2013-11-20 10:57:37,582: DEBUG: GoGo-Acct-Input-Voice-Octets: [0]
2013-11-20 10:57:37,582: DEBUG: GoGo-Total-Input-Voice-Packets: [0]
2013-11-20 10:57:37,582: DEBUG: Called-Station-Id: [u'00:16:3E:74:96:5F']
2013-11-20 10:57:37,582: DEBUG: WISPr-Location-Name: [u'TEST LLC,BA01_01009']
2013-11-20 10:57:37,582: DEBUG: NAS-Identifier: [u'C08386']
2013-11-20 10:57:37,582: DEBUG: Proxy-State: ['3330,3132']
2013-11-20 10:57:37,583: DEBUG: GoGo-Total-Input-Voice-Octets: [0]
2013-11-20 10:57:37,583: DEBUG: Acct-Status-Type: ['Interim-Update']
2013-11-20 10:57:37,583: DEBUG: GoGo-Total-Output-Voice-Gigawords: [0]
2013-11-20 10:57:37,583: DEBUG: GoGo-Airline: [u'BA01']
2013-11-20 10:57:37,583: DEBUG: Acct-Session-Id: [u'AAATestNAS_143-1384925217477-00163E74965F-1']
2013-11-20 10:57:37,583: DEBUG: Acct-Session-Time: [10]
2013-11-20 10:57:37,584: DEBUG: Acct-Input-Packets: [96654]
2013-11-20 10:57:37,584: DEBUG: Acct-Output-Packets: [28378]
2013-11-20 10:57:37,584: DEBUG: GoGo-Acct-Output-Voice-Packets: [0]
2013-11-20 10:57:37,584: DEBUG: GoGo-Acct-Output-Voice-Octets: [0]
2013-11-20 10:57:37,584: DEBUG: Acct-Output-Gigawords: [0]
2013-11-20 10:57:37,584: DEBUG: GoGo-Total-Output-Voice-Packets: [0]
2013-11-20 10:57:37,584: DEBUG: Acct-Input-Gigawords: [0]
2013-11-20 10:57:37,585: DEBUG: Calling-Station-Id: [u'18:21:31:41:52:24']
2013-11-20 10:57:37,585: DEBUG: NAS-Port-Type: ['Wireless-802.11']
2013-11-20 10:57:37,585: DEBUG: GoGo-Total-Output-Voice-Octets: [0]
2013-11-20 10:57:37,586: DEBUG: GoGo-Private-IP-Address: ['192.168.1.179']
2013-11-20 10:57:37,586: DEBUG: GoGo-Acct-Input-Voice-Gigawords: [0]
2013-11-20 10:57:37,587: DEBUG: GoGo-Total-Input-Packets: [96654]
2013-11-20 10:57:37,587: DEBUG: GoGo-Total-Input-Gigawords: [0]
2013-11-20 10:57:37,588: DEBUG: GoGo-Acct-Input-Voice-Packets: [0]
2013-11-20 10:57:37,589: DEBUG: GoGo-Total-Input-Octets: [9966297]
2013-11-20 10:57:37,590: DEBUG: GoGo-Total-Output-Packets: [28378]
2013-11-20 10:57:37,591: DEBUG: WISPr-Location-ID: [u'airline=BA01,tail=01009,network=']
2013-11-20 10:57:37,591: DEBUG: GoGo-Acct-Output-Voice-Gigawords: [0]
2013-11-20 10:57:37,592: DEBUG: Acct-Input-Octets: [9966297]
2013-11-20 10:57:37,593: ERROR: Network error, Reason: 'Network error: Too many open files'
2013-11-20 10:57:47,594: DEBUG: 

2013-11-20 10:57:47,594: DEBUG: Creating Accounting Update Request with the following Attributes:
2013-11-20 10:57:47,595: DEBUG: User-Name: [u'username28@airborne.aircell.com']
2013-11-20 10:57:47,595: DEBUG: GoGo-Tail-Number: [u'AAATestNAS_143']
2013-11-20 10:57:47,595: DEBUG: Acct-Output-Octets: [3304966]
2013-11-20 10:57:47,595: DEBUG: NAS-IP-Address: ['10.254.148.1']
2013-11-20 10:57:47,595: DEBUG: GoGo-Total-Output-Gigawords: [0]
2013-11-20 10:57:47,595: DEBUG: Framed-IP-Address: ['10.254.148.162']
2013-11-20 10:57:47,595: DEBUG: GoGo-Total-Input-Voice-Gigawords: [0]
2013-11-20 10:57:47,595: DEBUG: GoGo-Total-Output-Octets: [3304966]
2013-11-20 10:57:47,596: DEBUG: GoGo-Acct-Input-Voice-Octets: [0]
2013-11-20 10:57:47,596: DEBUG: GoGo-Total-Input-Voice-Packets: [0]
2013-11-20 10:57:47,596: DEBUG: Called-Station-Id: [u'00:16:3E:74:96:5F']
2013-11-20 10:57:47,596: DEBUG: WISPr-Location-Name: [u'TEST LLC,BA01_01009']
2013-11-20 10:57:47,596: DEBUG: NAS-Identifier: [u'C08386']
2013-11-20 10:57:47,596: DEBUG: Proxy-State: ['3330,3132']
2013-11-20 10:57:47,596: DEBUG: GoGo-Total-Input-Voice-Octets: [0]
2013-11-20 10:57:47,596: DEBUG: Acct-Status-Type: ['Interim-Update']
2013-11-20 10:57:47,596: DEBUG: GoGo-Total-Output-Voice-Gigawords: [0]
2013-11-20 10:57:47,597: DEBUG: GoGo-Airline: [u'BA01']
2013-11-20 10:57:47,597: DEBUG: Acct-Session-Id: [u'AAATestNAS_143-1384925217477-00163E74965F-1']
2013-11-20 10:57:47,597: DEBUG: Acct-Session-Time: [10]
2013-11-20 10:57:47,597: DEBUG: Acct-Input-Packets: [11627]
2013-11-20 10:57:47,597: DEBUG: Acct-Output-Packets: [18290]
2013-11-20 10:57:47,597: DEBUG: GoGo-Acct-Output-Voice-Packets: [0]
2013-11-20 10:57:47,597: DEBUG: GoGo-Acct-Output-Voice-Octets: [0]
2013-11-20 10:57:47,597: DEBUG: Acct-Output-Gigawords: [0]
2013-11-20 10:57:47,597: DEBUG: GoGo-Total-Output-Voice-Packets: [0]
2013-11-20 10:57:47,597: DEBUG: Acct-Input-Gigawords: [0]
2013-11-20 10:57:47,598: DEBUG: Calling-Station-Id: [u'18:21:31:41:52:24']
2013-11-20 10:57:47,598: DEBUG: NAS-Port-Type: ['Wireless-802.11']
2013-11-20 10:57:47,598: DEBUG: GoGo-Total-Output-Voice-Octets: [0]
2013-11-20 10:57:47,598: DEBUG: GoGo-Private-IP-Address: ['192.168.1.179']
2013-11-20 10:57:47,598: DEBUG: GoGo-Acct-Input-Voice-Gigawords: [0]
2013-11-20 10:57:47,598: DEBUG: GoGo-Total-Input-Packets: [11627]
2013-11-20 10:57:47,598: DEBUG: GoGo-Total-Input-Gigawords: [0]
2013-11-20 10:57:47,598: DEBUG: GoGo-Acct-Input-Voice-Packets: [0]
2013-11-20 10:57:47,598: DEBUG: GoGo-Total-Input-Octets: [1558776]
2013-11-20 10:57:47,598: DEBUG: GoGo-Total-Output-Packets: [18290]
2013-11-20 10:57:47,599: DEBUG: WISPr-Location-ID: [u'airline=BA01,tail=01009,network=']
2013-11-20 10:57:47,599: DEBUG: GoGo-Acct-Output-Voice-Gigawords: [0]
2013-11-20 10:57:47,599: DEBUG: Acct-Input-Octets: [1558776]
2013-11-20 10:57:47,599: ERROR: Network error, Reason: 'Network error: nodename nor servname provided, or not known'
2013-11-20 10:58:10,600: DEBUG: 

2013-11-20 10:58:10,601: DEBUG: Creating Accounting Stop Request with the following Attributes:
2013-11-20 10:58:10,601: DEBUG: User-Name: [u'username28@airborne.aircell.com']
2013-11-20 10:58:10,602: DEBUG: GoGo-Tail-Number: [u'01009']
2013-11-20 10:58:10,603: DEBUG: Acct-Output-Octets: [5050373]
2013-11-20 10:58:10,604: DEBUG: NAS-IP-Address: ['10.254.148.1']
2013-11-20 10:58:10,604: DEBUG: GoGo-Total-Output-Gigawords: [0]
2013-11-20 10:58:10,605: DEBUG: Framed-IP-Address: ['10.254.148.162']
2013-11-20 10:58:10,605: DEBUG: GoGo-Total-Input-Voice-Gigawords: [0]
2013-11-20 10:58:10,606: DEBUG: GoGo-Total-Output-Octets: [5050373]
2013-11-20 10:58:10,606: DEBUG: GoGo-Acct-Input-Voice-Octets: [0]
2013-11-20 10:58:10,606: DEBUG: GoGo-Total-Input-Voice-Packets: [0]
2013-11-20 10:58:10,607: DEBUG: Called-Station-Id: [u'00:16:3E:74:96:5F']
2013-11-20 10:58:10,607: DEBUG: WISPr-Location-Name: [u'TEST LLC,BA01_01009']
2013-11-20 10:58:10,608: DEBUG: NAS-Identifier: [u'C08386']
2013-11-20 10:58:10,608: DEBUG: Proxy-State: ['3330,3132']
2013-11-20 10:58:10,609: DEBUG: GoGo-Total-Input-Voice-Octets: [0]
2013-11-20 10:58:10,609: DEBUG: Acct-Status-Type: ['Stop']
2013-11-20 10:58:10,610: DEBUG: GoGo-Total-Output-Voice-Gigawords: [0]
2013-11-20 10:58:10,610: DEBUG: GoGo-Airline: [u'BA01']
2013-11-20 10:58:10,611: DEBUG: Acct-Session-Id: [u'AAATestNAS_143-1384925217477-00163E74965F-1']
2013-11-20 10:58:10,611: DEBUG: Acct-Session-Time: [23]
2013-11-20 10:58:10,612: DEBUG: Acct-Input-Packets: [11261]
2013-11-20 10:58:10,612: DEBUG: Acct-Output-Packets: [6172]
2013-11-20 10:58:10,613: DEBUG: Acct-Terminate-Cause: ['User-Request']
2013-11-20 10:58:10,613: DEBUG: GoGo-Acct-Output-Voice-Octets: [0]
2013-11-20 10:58:10,613: DEBUG: Acct-Output-Gigawords: [0]
2013-11-20 10:58:10,614: DEBUG: GoGo-Total-Output-Voice-Packets: [0]
2013-11-20 10:58:10,614: DEBUG: Acct-Input-Gigawords: [0]
2013-11-20 10:58:10,615: DEBUG: Calling-Station-Id: [u'18:21:31:41:52:24']
2013-11-20 10:58:10,615: DEBUG: NAS-Port-Type: ['Wireless-802.11']
2013-11-20 10:58:10,616: DEBUG: GoGo-Total-Output-Voice-Octets: [0]
2013-11-20 10:58:10,617: DEBUG: GoGo-Private-IP-Address: ['192.168.1.179']
2013-11-20 10:58:10,617: DEBUG: GoGo-Acct-Input-Voice-Gigawords: [0]
2013-11-20 10:58:10,617: DEBUG: GoGo-Total-Input-Packets: [11261]
2013-11-20 10:58:10,618: DEBUG: GoGo-Total-Input-Gigawords: [0]
2013-11-20 10:58:10,618: DEBUG: GoGo-Acct-Input-Voice-Packets: [0]
2013-11-20 10:58:10,618: DEBUG: GoGo-Total-Input-Octets: [5591829]
2013-11-20 10:58:10,619: DEBUG: GoGo-Total-Output-Packets: [6172]
2013-11-20 10:58:10,619: DEBUG: WISPr-Location-ID: [u'airline=BA01,tail=01009,network=']
2013-11-20 10:58:10,619: DEBUG: GoGo-Acct-Output-Voice-Packets: [0]
2013-11-20 10:58:10,620: DEBUG: GoGo-Acct-Output-Voice-Gigawords: [0]
2013-11-20 10:58:10,621: DEBUG: Acct-Input-Octets: [5591829]
2013-11-20 10:58:10,625: DEBUG: 

2013-11-20 10:58:10,625: DEBUG: Received response with following attributes:
2013-11-20 10:58:10,626: DEBUG: Ending the test for this user
2013-11-20 10:58:11,599: DEBUG: Starting the client for the user username28@airborne.aircell.com to the server localhost

2013-11-20 10:58:11,601: DEBUG: DURATION of the TEST: 21
2013-11-20 10:58:11,603: DEBUG: NAS-IP: 10.254.23.1
2013-11-20 10:58:11,605: DEBUG: NAS-MAC-ADDR: 16:21:31:41:51:78
2013-11-20 10:58:11,606: DEBUG: Abruptly End: False
2013-11-20 10:58:11,608: DEBUG: Framed-IP: 10.254.23.167
2013-11-20 10:58:11,609: DEBUG: User-MAC-Addr: 00:16:3E:40:6E:C4
2013-11-20 10:58:11,612: DEBUG: 

2013-11-20 10:58:11,612: DEBUG: Creating Authentication Request with the following Attributes:
2013-11-20 10:58:11,613: DEBUG: NAS-Identifier: [u'C08386']
2013-11-20 10:58:11,614: DEBUG: User-Name: [u'username28@airborne.aircell.com']
2013-11-20 10:58:11,616: DEBUG: NAS-IP-Address: ['10.254.23.1']
2013-11-20 10:58:11,618: DEBUG: Service-Type: ['Authenticate-Only']
2013-11-20 10:58:11,619: DEBUG: Proxy-State: ['3237,3134']
2013-11-20 10:58:11,621: DEBUG: Framed-IP-Address: ['10.254.23.167']
2013-11-20 10:58:11,622: DEBUG: GoGo-Airline: [u'BA01']
2013-11-20 10:58:11,623: DEBUG: Acct-Session-Id: [u'AAATestNAS_18-1384925291612-00163E406EC4-3']
2013-11-20 10:58:11,623: DEBUG: GoGo-Tail-Number: [u'AAATestNAS_18']
2013-11-20 10:58:11,624: DEBUG: GoGo-Private-IP-Address: ['192.168.1.179']
2013-11-20 10:58:11,625: DEBUG: WISPr-Location-ID: [u'airline=BA01,tail=01009,network=']
2013-11-20 10:58:11,626: DEBUG: WISPr-Location-Name: [u'TEST LLC,BA01_01009']
2013-11-20 10:58:11,626: DEBUG: NAS-Port-Type: ['Wireless-802.11']
2013-11-20 10:58:11,628: DEBUG: Called-Station-Id: [u'00:16:3E:40:6E:C4']
2013-11-20 10:58:11,629: DEBUG: Calling-Station-Id: [u'16:21:31:41:51:78']
2013-11-20 10:58:11,632: ERROR: Network error, Reason: 'Network error: Too many open files'
2013-11-20 10:58:11,633: DEBUG: Ending the test for this user
2013-11-20 10:58:12,574: DEBUG: Starting the client for the user username28@airborne.aircell.com to the server localhost

