2013-11-20 10:57:47,540: DEBUG: Starting the client for the user username83@airborne.aircell.com to the server localhost

2013-11-20 10:57:47,541: DEBUG: DURATION of the TEST: 16
2013-11-20 10:57:47,542: DEBUG: NAS-IP: 10.254.210.1
2013-11-20 10:57:47,542: DEBUG: NAS-MAC-ADDR: 18:21:31:41:52:86
2013-11-20 10:57:47,542: DEBUG: Abruptly End: False
2013-11-20 10:57:47,543: DEBUG: Framed-IP: 10.254.210.55
2013-11-20 10:57:47,543: DEBUG: User-MAC-Addr: 00:16:3E:5A:4C:B1
2013-11-20 10:57:47,544: DEBUG: 

2013-11-20 10:57:47,545: DEBUG: Creating Authentication Request with the following Attributes:
2013-11-20 10:57:47,546: DEBUG: NAS-Identifier: [u'C08386']
2013-11-20 10:57:47,546: DEBUG: User-Name: [u'username83@airborne.aircell.com']
2013-11-20 10:57:47,546: DEBUG: NAS-IP-Address: ['10.254.210.1']
2013-11-20 10:57:47,546: DEBUG: Service-Type: ['Authenticate-Only']
2013-11-20 10:57:47,547: DEBUG: Proxy-State: ['3237,3134']
2013-11-20 10:57:47,547: DEBUG: Framed-IP-Address: ['10.254.210.55']
2013-11-20 10:57:47,548: DEBUG: GoGo-Airline: [u'BA01']
2013-11-20 10:57:47,548: DEBUG: Acct-Session-Id: [u'AAATestNAS_205-1384925267545-00163E5A4CB1-1']
2013-11-20 10:57:47,549: DEBUG: GoGo-Tail-Number: [u'AAATestNAS_205']
2013-11-20 10:57:47,549: DEBUG: GoGo-Private-IP-Address: ['192.168.1.179']
2013-11-20 10:57:47,550: DEBUG: WISPr-Location-ID: [u'airline=BA01,tail=01009,network=']
2013-11-20 10:57:47,550: DEBUG: WISPr-Location-Name: [u'TEST LLC,BA01_01009']
2013-11-20 10:57:47,551: DEBUG: NAS-Port-Type: ['Wireless-802.11']
2013-11-20 10:57:47,552: DEBUG: Called-Station-Id: [u'00:16:3E:5A:4C:B1']
2013-11-20 10:57:47,552: DEBUG: Calling-Station-Id: [u'18:21:31:41:52:86']
2013-11-20 10:57:47,553: ERROR: Network error, Reason: 'Network error: Too many open files'
2013-11-20 10:57:47,553: DEBUG: Ending the test for this user
