2013-11-20 10:57:19,501: DEBUG: Starting the client for the user username42@airborne.aircell.com to the server localhost

2013-11-20 10:57:19,502: DEBUG: DURATION of the TEST: 86
2013-11-20 10:57:19,502: DEBUG: NAS-IP: 10.254.90.1
2013-11-20 10:57:19,503: DEBUG: NAS-MAC-ADDR: 17:21:31:41:52:55
2013-11-20 10:57:19,504: DEBUG: Abruptly End: False
2013-11-20 10:57:19,504: DEBUG: Framed-IP: 10.254.90.181
2013-11-20 10:57:19,504: DEBUG: User-MAC-Addr: 00:16:3E:0C:48:48
2013-11-20 10:57:19,505: DEBUG: 

2013-11-20 10:57:19,506: DEBUG: Creating Authentication Request with the following Attributes:
2013-11-20 10:57:19,506: DEBUG: NAS-Identifier: [u'C08386']
2013-11-20 10:57:19,506: DEBUG: User-Name: [u'username42@airborne.aircell.com']
2013-11-20 10:57:19,507: DEBUG: NAS-IP-Address: ['10.254.90.1']
2013-11-20 10:57:19,507: DEBUG: Service-Type: ['Authenticate-Only']
2013-11-20 10:57:19,507: DEBUG: Proxy-State: ['3237,3134']
2013-11-20 10:57:19,507: DEBUG: Framed-IP-Address: ['10.254.90.181']
2013-11-20 10:57:19,508: DEBUG: GoGo-Airline: [u'BA01']
2013-11-20 10:57:19,508: DEBUG: Acct-Session-Id: [u'AAATestNAS_85-1384925239505-00163E0C4848-1']
2013-11-20 10:57:19,508: DEBUG: GoGo-Tail-Number: [u'AAATestNAS_85']
2013-11-20 10:57:19,508: DEBUG: GoGo-Private-IP-Address: ['192.168.1.179']
2013-11-20 10:57:19,508: DEBUG: WISPr-Location-ID: [u'airline=BA01,tail=01009,network=']
2013-11-20 10:57:19,509: DEBUG: WISPr-Location-Name: [u'TEST LLC,BA01_01009']
2013-11-20 10:57:19,509: DEBUG: NAS-Port-Type: ['Wireless-802.11']
2013-11-20 10:57:19,509: DEBUG: Called-Station-Id: [u'00:16:3E:0C:48:48']
2013-11-20 10:57:19,509: DEBUG: Calling-Station-Id: [u'17:21:31:41:52:55']
2013-11-20 10:57:19,510: DEBUG: 

2013-11-20 10:57:19,510: DEBUG: Received response with code: 2, Accepted
2013-11-20 10:57:19,511: DEBUG: Creating Authentication Request with the following Attributes:
2013-11-20 10:57:19,511: DEBUG: NAS-Identifier: [u'C08386']
2013-11-20 10:57:19,512: DEBUG: User-Name: [u'username42@airborne.aircell.com']
2013-11-20 10:57:19,512: DEBUG: NAS-IP-Address: ['10.254.90.1']
2013-11-20 10:57:19,513: DEBUG: Service-Type: ['Login-User']
2013-11-20 10:57:19,513: DEBUG: Proxy-State: ['3237,3134']
2013-11-20 10:57:19,514: DEBUG: Framed-IP-Address: ['10.254.90.181']
2013-11-20 10:57:19,514: DEBUG: GoGo-Airline: [u'BA01']
2013-11-20 10:57:19,515: DEBUG: Acct-Session-Id: [u'AAATestNAS_85-1384925239511-00163E0C4848-1']
2013-11-20 10:57:19,516: DEBUG: GoGo-Tail-Number: [u'AAATestNAS_85']
2013-11-20 10:57:19,517: DEBUG: GoGo-Private-IP-Address: ['192.168.1.179']
2013-11-20 10:57:19,519: DEBUG: WISPr-Location-ID: [u'airline=BA01,tail=01009,network=']
2013-11-20 10:57:19,520: DEBUG: WISPr-Location-Name: [u'TEST LLC,BA01_01009']
2013-11-20 10:57:19,522: DEBUG: NAS-Port-Type: ['Wireless-802.11']
2013-11-20 10:57:19,525: DEBUG: Called-Station-Id: [u'00:16:3E:0C:48:48']
2013-11-20 10:57:19,527: DEBUG: Calling-Station-Id: [u'17:21:31:41:52:55']
2013-11-20 10:57:19,530: DEBUG: 

2013-11-20 10:57:19,535: DEBUG: Received response with code: 2, Accepted
2013-11-20 10:57:19,538: DEBUG: 

2013-11-20 10:57:19,541: DEBUG: Creating Accounting start Request with the following Attributes:
2013-11-20 10:57:19,542: DEBUG: NAS-Identifier: [u'C08386']
2013-11-20 10:57:19,545: DEBUG: User-Name: [u'username42@airborne.aircell.com']
2013-11-20 10:57:19,546: DEBUG: GoGo-Tail-Number: [u'AAATestNAS_85']
2013-11-20 10:57:19,551: DEBUG: NAS-IP-Address: ['10.254.90.1']
2013-11-20 10:57:19,556: DEBUG: Proxy-State: ['3239,3131']
2013-11-20 10:57:19,559: DEBUG: Acct-Status-Type: ['Start']
2013-11-20 10:57:19,564: DEBUG: GoGo-Airline: [u'BA01']
2013-11-20 10:57:19,566: DEBUG: Acct-Session-Id: [u'AAATestNAS_85-1384925239511-00163E0C4848-1']
2013-11-20 10:57:19,569: DEBUG: GoGo-Private-IP-Address: ['192.168.1.179']
2013-11-20 10:57:19,572: DEBUG: Framed-IP-Address: ['10.254.90.181']
2013-11-20 10:57:19,576: DEBUG: WISPr-Location-ID: [u'airline=BA01,tail=01009,network=']
2013-11-20 10:57:19,578: DEBUG: WISPr-Location-Name: [u'TEST LLC,BA01_01009']
2013-11-20 10:57:19,581: DEBUG: NAS-Port-Type: ['Wireless-802.11']
2013-11-20 10:57:19,587: DEBUG: Called-Station-Id: [u'00:16:3E:0C:48:48']
2013-11-20 10:57:19,590: DEBUG: Calling-Station-Id: [u'17:21:31:41:52:55']
2013-11-20 10:57:19,595: DEBUG: 

2013-11-20 10:57:19,600: DEBUG: Received response with following attributes:
2013-11-20 10:57:29,604: DEBUG: 

2013-11-20 10:57:29,605: DEBUG: Creating Accounting Update Request with the following Attributes:
2013-11-20 10:57:29,606: DEBUG: User-Name: [u'username42@airborne.aircell.com']
2013-11-20 10:57:29,606: DEBUG: GoGo-Tail-Number: [u'AAATestNAS_85']
2013-11-20 10:57:29,606: DEBUG: Acct-Output-Octets: [5261227]
2013-11-20 10:57:29,607: DEBUG: NAS-IP-Address: ['10.254.90.1']
2013-11-20 10:57:29,607: DEBUG: GoGo-Total-Output-Gigawords: [0]
2013-11-20 10:57:29,608: DEBUG: Framed-IP-Address: ['10.254.90.181']
2013-11-20 10:57:29,608: DEBUG: GoGo-Total-Input-Voice-Gigawords: [0]
2013-11-20 10:57:29,608: DEBUG: GoGo-Total-Output-Octets: [5261227]
2013-11-20 10:57:29,609: DEBUG: GoGo-Acct-Input-Voice-Octets: [0]
2013-11-20 10:57:29,609: DEBUG: GoGo-Total-Input-Voice-Packets: [0]
2013-11-20 10:57:29,609: DEBUG: Called-Station-Id: [u'00:16:3E:0C:48:48']
2013-11-20 10:57:29,609: DEBUG: WISPr-Location-Name: [u'TEST LLC,BA01_01009']
2013-11-20 10:57:29,610: DEBUG: NAS-Identifier: [u'C08386']
2013-11-20 10:57:29,610: DEBUG: Proxy-State: ['3330,3132']
2013-11-20 10:57:29,610: DEBUG: GoGo-Total-Input-Voice-Octets: [0]
2013-11-20 10:57:29,611: DEBUG: Acct-Status-Type: ['Interim-Update']
2013-11-20 10:57:29,611: DEBUG: GoGo-Total-Output-Voice-Gigawords: [0]
2013-11-20 10:57:29,611: DEBUG: GoGo-Airline: [u'BA01']
2013-11-20 10:57:29,612: DEBUG: Acct-Session-Id: [u'AAATestNAS_85-1384925239511-00163E0C4848-1']
2013-11-20 10:57:29,612: DEBUG: Acct-Session-Time: [10]
2013-11-20 10:57:29,612: DEBUG: Acct-Input-Packets: [11210]
2013-11-20 10:57:29,612: DEBUG: Acct-Output-Packets: [38961]
2013-11-20 10:57:29,613: DEBUG: GoGo-Acct-Output-Voice-Packets: [0]
2013-11-20 10:57:29,613: DEBUG: GoGo-Acct-Output-Voice-Octets: [0]
2013-11-20 10:57:29,613: DEBUG: Acct-Output-Gigawords: [0]
2013-11-20 10:57:29,614: DEBUG: GoGo-Total-Output-Voice-Packets: [0]
2013-11-20 10:57:29,614: DEBUG: Acct-Input-Gigawords: [0]
2013-11-20 10:57:29,614: DEBUG: Calling-Station-Id: [u'17:21:31:41:52:55']
2013-11-20 10:57:29,614: DEBUG: NAS-Port-Type: ['Wireless-802.11']
2013-11-20 10:57:29,615: DEBUG: GoGo-Total-Output-Voice-Octets: [0]
2013-11-20 10:57:29,615: DEBUG: GoGo-Private-IP-Address: ['192.168.1.179']
2013-11-20 10:57:29,615: DEBUG: GoGo-Acct-Input-Voice-Gigawords: [0]
2013-11-20 10:57:29,615: DEBUG: GoGo-Total-Input-Packets: [11210]
2013-11-20 10:57:29,616: DEBUG: GoGo-Total-Input-Gigawords: [0]
2013-11-20 10:57:29,616: DEBUG: GoGo-Acct-Input-Voice-Packets: [0]
2013-11-20 10:57:29,616: DEBUG: GoGo-Total-Input-Octets: [2032544]
2013-11-20 10:57:29,616: DEBUG: GoGo-Total-Output-Packets: [38961]
2013-11-20 10:57:29,616: DEBUG: WISPr-Location-ID: [u'airline=BA01,tail=01009,network=']
2013-11-20 10:57:29,617: DEBUG: GoGo-Acct-Output-Voice-Gigawords: [0]
2013-11-20 10:57:29,617: DEBUG: Acct-Input-Octets: [2032544]
2013-11-20 10:57:29,619: DEBUG: 

2013-11-20 10:57:29,619: DEBUG: Received response with following attributes:
2013-11-20 10:57:39,620: DEBUG: 

2013-11-20 10:57:39,621: DEBUG: Creating Accounting Update Request with the following Attributes:
2013-11-20 10:57:39,621: DEBUG: User-Name: [u'username42@airborne.aircell.com']
2013-11-20 10:57:39,621: DEBUG: GoGo-Tail-Number: [u'AAATestNAS_85']
2013-11-20 10:57:39,622: DEBUG: Acct-Output-Octets: [1271137]
2013-11-20 10:57:39,622: DEBUG: NAS-IP-Address: ['10.254.90.1']
2013-11-20 10:57:39,622: DEBUG: GoGo-Total-Output-Gigawords: [0]
2013-11-20 10:57:39,622: DEBUG: Framed-IP-Address: ['10.254.90.181']
2013-11-20 10:57:39,622: DEBUG: GoGo-Total-Input-Voice-Gigawords: [0]
2013-11-20 10:57:39,623: DEBUG: GoGo-Total-Output-Octets: [1271137]
2013-11-20 10:57:39,623: DEBUG: GoGo-Acct-Input-Voice-Octets: [0]
2013-11-20 10:57:39,623: DEBUG: GoGo-Total-Input-Voice-Packets: [0]
2013-11-20 10:57:39,623: DEBUG: Called-Station-Id: [u'00:16:3E:0C:48:48']
2013-11-20 10:57:39,623: DEBUG: WISPr-Location-Name: [u'TEST LLC,BA01_01009']
2013-11-20 10:57:39,624: DEBUG: NAS-Identifier: [u'C08386']
2013-11-20 10:57:39,624: DEBUG: Proxy-State: ['3330,3132']
2013-11-20 10:57:39,624: DEBUG: GoGo-Total-Input-Voice-Octets: [0]
2013-11-20 10:57:39,624: DEBUG: Acct-Status-Type: ['Interim-Update']
2013-11-20 10:57:39,624: DEBUG: GoGo-Total-Output-Voice-Gigawords: [0]
2013-11-20 10:57:39,625: DEBUG: GoGo-Airline: [u'BA01']
2013-11-20 10:57:39,625: DEBUG: Acct-Session-Id: [u'AAATestNAS_85-1384925239511-00163E0C4848-1']
2013-11-20 10:57:39,625: DEBUG: Acct-Session-Time: [10]
2013-11-20 10:57:39,625: DEBUG: Acct-Input-Packets: [13507]
2013-11-20 10:57:39,625: DEBUG: Acct-Output-Packets: [10143]
2013-11-20 10:57:39,626: DEBUG: GoGo-Acct-Output-Voice-Packets: [0]
2013-11-20 10:57:39,626: DEBUG: GoGo-Acct-Output-Voice-Octets: [0]
2013-11-20 10:57:39,626: DEBUG: Acct-Output-Gigawords: [0]
2013-11-20 10:57:39,626: DEBUG: GoGo-Total-Output-Voice-Packets: [0]
2013-11-20 10:57:39,626: DEBUG: Acct-Input-Gigawords: [0]
2013-11-20 10:57:39,627: DEBUG: Calling-Station-Id: [u'17:21:31:41:52:55']
2013-11-20 10:57:39,627: DEBUG: NAS-Port-Type: ['Wireless-802.11']
2013-11-20 10:57:39,627: DEBUG: GoGo-Total-Output-Voice-Octets: [0]
2013-11-20 10:57:39,627: DEBUG: GoGo-Private-IP-Address: ['192.168.1.179']
2013-11-20 10:57:39,627: DEBUG: GoGo-Acct-Input-Voice-Gigawords: [0]
2013-11-20 10:57:39,628: DEBUG: GoGo-Total-Input-Packets: [13507]
2013-11-20 10:57:39,628: DEBUG: GoGo-Total-Input-Gigawords: [0]
2013-11-20 10:57:39,628: DEBUG: GoGo-Acct-Input-Voice-Packets: [0]
2013-11-20 10:57:39,628: DEBUG: GoGo-Total-Input-Octets: [6738811]
2013-11-20 10:57:39,628: DEBUG: GoGo-Total-Output-Packets: [10143]
2013-11-20 10:57:39,629: DEBUG: WISPr-Location-ID: [u'airline=BA01,tail=01009,network=']
2013-11-20 10:57:39,629: DEBUG: GoGo-Acct-Output-Voice-Gigawords: [0]
2013-11-20 10:57:39,629: DEBUG: Acct-Input-Octets: [6738811]
2013-11-20 10:57:39,629: ERROR: Network error, Reason: 'Network error: nodename nor servname provided, or not known'
2013-11-20 10:57:49,630: DEBUG: 

2013-11-20 10:57:49,631: DEBUG: Creating Accounting Update Request with the following Attributes:
2013-11-20 10:57:49,631: DEBUG: User-Name: [u'username42@airborne.aircell.com']
2013-11-20 10:57:49,632: DEBUG: GoGo-Tail-Number: [u'AAATestNAS_85']
2013-11-20 10:57:49,632: DEBUG: Acct-Output-Octets: [8483129]
2013-11-20 10:57:49,632: DEBUG: NAS-IP-Address: ['10.254.90.1']
2013-11-20 10:57:49,632: DEBUG: GoGo-Total-Output-Gigawords: [0]
2013-11-20 10:57:49,632: DEBUG: Framed-IP-Address: ['10.254.90.181']
2013-11-20 10:57:49,633: DEBUG: GoGo-Total-Input-Voice-Gigawords: [0]
2013-11-20 10:57:49,633: DEBUG: GoGo-Total-Output-Octets: [8483129]
2013-11-20 10:57:49,633: DEBUG: GoGo-Acct-Input-Voice-Octets: [0]
2013-11-20 10:57:49,633: DEBUG: GoGo-Total-Input-Voice-Packets: [0]
2013-11-20 10:57:49,633: DEBUG: Called-Station-Id: [u'00:16:3E:0C:48:48']
2013-11-20 10:57:49,634: DEBUG: WISPr-Location-Name: [u'TEST LLC,BA01_01009']
2013-11-20 10:57:49,634: DEBUG: NAS-Identifier: [u'C08386']
2013-11-20 10:57:49,634: DEBUG: Proxy-State: ['3330,3132']
2013-11-20 10:57:49,634: DEBUG: GoGo-Total-Input-Voice-Octets: [0]
2013-11-20 10:57:49,635: DEBUG: Acct-Status-Type: ['Interim-Update']
2013-11-20 10:57:49,635: DEBUG: GoGo-Total-Output-Voice-Gigawords: [0]
2013-11-20 10:57:49,635: DEBUG: GoGo-Airline: [u'BA01']
2013-11-20 10:57:49,635: DEBUG: Acct-Session-Id: [u'AAATestNAS_85-1384925239511-00163E0C4848-1']
2013-11-20 10:57:49,635: DEBUG: Acct-Session-Time: [10]
2013-11-20 10:57:49,636: DEBUG: Acct-Input-Packets: [52087]
2013-11-20 10:57:49,636: DEBUG: Acct-Output-Packets: [53204]
2013-11-20 10:57:49,636: DEBUG: GoGo-Acct-Output-Voice-Packets: [0]
2013-11-20 10:57:49,636: DEBUG: GoGo-Acct-Output-Voice-Octets: [0]
2013-11-20 10:57:49,636: DEBUG: Acct-Output-Gigawords: [0]
2013-11-20 10:57:49,637: DEBUG: GoGo-Total-Output-Voice-Packets: [0]
2013-11-20 10:57:49,637: DEBUG: Acct-Input-Gigawords: [0]
2013-11-20 10:57:49,637: DEBUG: Calling-Station-Id: [u'17:21:31:41:52:55']
2013-11-20 10:57:49,637: DEBUG: NAS-Port-Type: ['Wireless-802.11']
2013-11-20 10:57:49,637: DEBUG: GoGo-Total-Output-Voice-Octets: [0]
2013-11-20 10:57:49,638: DEBUG: GoGo-Private-IP-Address: ['192.168.1.179']
2013-11-20 10:57:49,638: DEBUG: GoGo-Acct-Input-Voice-Gigawords: [0]
2013-11-20 10:57:49,638: DEBUG: GoGo-Total-Input-Packets: [52087]
2013-11-20 10:57:49,638: DEBUG: GoGo-Total-Input-Gigawords: [0]
2013-11-20 10:57:49,638: DEBUG: GoGo-Acct-Input-Voice-Packets: [0]
2013-11-20 10:57:49,639: DEBUG: GoGo-Total-Input-Octets: [6723047]
2013-11-20 10:57:49,639: DEBUG: GoGo-Total-Output-Packets: [53204]
2013-11-20 10:57:49,639: DEBUG: WISPr-Location-ID: [u'airline=BA01,tail=01009,network=']
2013-11-20 10:57:49,639: DEBUG: GoGo-Acct-Output-Voice-Gigawords: [0]
2013-11-20 10:57:49,639: DEBUG: Acct-Input-Octets: [6723047]
2013-11-20 10:57:49,640: ERROR: Network error, Reason: 'Network error: nodename nor servname provided, or not known'
2013-11-20 10:57:59,640: DEBUG: 

2013-11-20 10:57:59,641: DEBUG: Creating Accounting Update Request with the following Attributes:
2013-11-20 10:57:59,642: DEBUG: User-Name: [u'username42@airborne.aircell.com']
2013-11-20 10:57:59,642: DEBUG: GoGo-Tail-Number: [u'AAATestNAS_85']
2013-11-20 10:57:59,643: DEBUG: Acct-Output-Octets: [2141275]
2013-11-20 10:57:59,643: DEBUG: NAS-IP-Address: ['10.254.90.1']
2013-11-20 10:57:59,644: DEBUG: GoGo-Total-Output-Gigawords: [0]
2013-11-20 10:57:59,645: DEBUG: Framed-IP-Address: ['10.254.90.181']
2013-11-20 10:57:59,645: DEBUG: GoGo-Total-Input-Voice-Gigawords: [0]
2013-11-20 10:57:59,646: DEBUG: GoGo-Total-Output-Octets: [2141275]
2013-11-20 10:57:59,647: DEBUG: GoGo-Acct-Input-Voice-Octets: [0]
2013-11-20 10:57:59,647: DEBUG: GoGo-Total-Input-Voice-Packets: [0]
2013-11-20 10:57:59,647: DEBUG: Called-Station-Id: [u'00:16:3E:0C:48:48']
2013-11-20 10:57:59,647: DEBUG: WISPr-Location-Name: [u'TEST LLC,BA01_01009']
2013-11-20 10:57:59,648: DEBUG: NAS-Identifier: [u'C08386']
2013-11-20 10:57:59,648: DEBUG: Proxy-State: ['3330,3132']
2013-11-20 10:57:59,648: DEBUG: GoGo-Total-Input-Voice-Octets: [0]
2013-11-20 10:57:59,648: DEBUG: Acct-Status-Type: ['Interim-Update']
2013-11-20 10:57:59,648: DEBUG: GoGo-Total-Output-Voice-Gigawords: [0]
2013-11-20 10:57:59,649: DEBUG: GoGo-Airline: [u'BA01']
2013-11-20 10:57:59,649: DEBUG: Acct-Session-Id: [u'AAATestNAS_85-1384925239511-00163E0C4848-1']
2013-11-20 10:57:59,649: DEBUG: Acct-Session-Time: [10]
2013-11-20 10:57:59,649: DEBUG: Acct-Input-Packets: [54089]
2013-11-20 10:57:59,650: DEBUG: Acct-Output-Packets: [6615]
2013-11-20 10:57:59,650: DEBUG: GoGo-Acct-Output-Voice-Packets: [0]
2013-11-20 10:57:59,650: DEBUG: GoGo-Acct-Output-Voice-Octets: [0]
2013-11-20 10:57:59,650: DEBUG: Acct-Output-Gigawords: [0]
2013-11-20 10:57:59,650: DEBUG: GoGo-Total-Output-Voice-Packets: [0]
2013-11-20 10:57:59,651: DEBUG: Acct-Input-Gigawords: [0]
2013-11-20 10:57:59,651: DEBUG: Calling-Station-Id: [u'17:21:31:41:52:55']
2013-11-20 10:57:59,651: DEBUG: NAS-Port-Type: ['Wireless-802.11']
2013-11-20 10:57:59,651: DEBUG: GoGo-Total-Output-Voice-Octets: [0]
2013-11-20 10:57:59,651: DEBUG: GoGo-Private-IP-Address: ['192.168.1.179']
2013-11-20 10:57:59,652: DEBUG: GoGo-Acct-Input-Voice-Gigawords: [0]
2013-11-20 10:57:59,652: DEBUG: GoGo-Total-Input-Packets: [54089]
2013-11-20 10:57:59,652: DEBUG: GoGo-Total-Input-Gigawords: [0]
2013-11-20 10:57:59,652: DEBUG: GoGo-Acct-Input-Voice-Packets: [0]
2013-11-20 10:57:59,653: DEBUG: GoGo-Total-Input-Octets: [8297648]
2013-11-20 10:57:59,653: DEBUG: GoGo-Total-Output-Packets: [6615]
2013-11-20 10:57:59,653: DEBUG: WISPr-Location-ID: [u'airline=BA01,tail=01009,network=']
2013-11-20 10:57:59,653: DEBUG: GoGo-Acct-Output-Voice-Gigawords: [0]
2013-11-20 10:57:59,653: DEBUG: Acct-Input-Octets: [8297648]
2013-11-20 10:57:59,656: DEBUG: 

2013-11-20 10:57:59,656: DEBUG: Received response with following attributes:
2013-11-20 10:58:09,657: DEBUG: 

2013-11-20 10:58:09,657: DEBUG: Creating Accounting Update Request with the following Attributes:
2013-11-20 10:58:09,657: DEBUG: User-Name: [u'username42@airborne.aircell.com']
2013-11-20 10:58:09,658: DEBUG: GoGo-Tail-Number: [u'AAATestNAS_85']
2013-11-20 10:58:09,658: DEBUG: Acct-Output-Octets: [6780246]
2013-11-20 10:58:09,658: DEBUG: NAS-IP-Address: ['10.254.90.1']
2013-11-20 10:58:09,658: DEBUG: GoGo-Total-Output-Gigawords: [0]
2013-11-20 10:58:09,658: DEBUG: Framed-IP-Address: ['10.254.90.181']
2013-11-20 10:58:09,659: DEBUG: GoGo-Total-Input-Voice-Gigawords: [0]
2013-11-20 10:58:09,659: DEBUG: GoGo-Total-Output-Octets: [6780246]
2013-11-20 10:58:09,659: DEBUG: GoGo-Acct-Input-Voice-Octets: [0]
2013-11-20 10:58:09,659: DEBUG: GoGo-Total-Input-Voice-Packets: [0]
2013-11-20 10:58:09,659: DEBUG: Called-Station-Id: [u'00:16:3E:0C:48:48']
2013-11-20 10:58:09,660: DEBUG: WISPr-Location-Name: [u'TEST LLC,BA01_01009']
2013-11-20 10:58:09,660: DEBUG: NAS-Identifier: [u'C08386']
2013-11-20 10:58:09,660: DEBUG: Proxy-State: ['3330,3132']
2013-11-20 10:58:09,660: DEBUG: GoGo-Total-Input-Voice-Octets: [0]
2013-11-20 10:58:09,660: DEBUG: Acct-Status-Type: ['Interim-Update']
2013-11-20 10:58:09,661: DEBUG: GoGo-Total-Output-Voice-Gigawords: [0]
2013-11-20 10:58:09,661: DEBUG: GoGo-Airline: [u'BA01']
2013-11-20 10:58:09,661: DEBUG: Acct-Session-Id: [u'AAATestNAS_85-1384925239511-00163E0C4848-1']
2013-11-20 10:58:09,661: DEBUG: Acct-Session-Time: [10]
2013-11-20 10:58:09,662: DEBUG: Acct-Input-Packets: [19203]
2013-11-20 10:58:09,662: DEBUG: Acct-Output-Packets: [25156]
2013-11-20 10:58:09,662: DEBUG: GoGo-Acct-Output-Voice-Packets: [0]
2013-11-20 10:58:09,662: DEBUG: GoGo-Acct-Output-Voice-Octets: [0]
2013-11-20 10:58:09,662: DEBUG: Acct-Output-Gigawords: [0]
2013-11-20 10:58:09,663: DEBUG: GoGo-Total-Output-Voice-Packets: [0]
2013-11-20 10:58:09,663: DEBUG: Acct-Input-Gigawords: [0]
2013-11-20 10:58:09,663: DEBUG: Calling-Station-Id: [u'17:21:31:41:52:55']
2013-11-20 10:58:09,663: DEBUG: NAS-Port-Type: ['Wireless-802.11']
2013-11-20 10:58:09,663: DEBUG: GoGo-Total-Output-Voice-Octets: [0]
2013-11-20 10:58:09,664: DEBUG: GoGo-Private-IP-Address: ['192.168.1.179']
2013-11-20 10:58:09,664: DEBUG: GoGo-Acct-Input-Voice-Gigawords: [0]
2013-11-20 10:58:09,664: DEBUG: GoGo-Total-Input-Packets: [19203]
2013-11-20 10:58:09,664: DEBUG: GoGo-Total-Input-Gigawords: [0]
2013-11-20 10:58:09,664: DEBUG: GoGo-Acct-Input-Voice-Packets: [0]
2013-11-20 10:58:09,665: DEBUG: GoGo-Total-Input-Octets: [2235324]
2013-11-20 10:58:09,665: DEBUG: GoGo-Total-Output-Packets: [25156]
2013-11-20 10:58:09,665: DEBUG: WISPr-Location-ID: [u'airline=BA01,tail=01009,network=']
2013-11-20 10:58:09,665: DEBUG: GoGo-Acct-Output-Voice-Gigawords: [0]
2013-11-20 10:58:09,665: DEBUG: Acct-Input-Octets: [2235324]
2013-11-20 10:58:09,668: DEBUG: 

2013-11-20 10:58:09,668: DEBUG: Received response with following attributes:
2013-11-20 10:58:19,669: DEBUG: 

2013-11-20 10:58:19,670: DEBUG: Creating Accounting Update Request with the following Attributes:
2013-11-20 10:58:19,671: DEBUG: User-Name: [u'username42@airborne.aircell.com']
2013-11-20 10:58:19,671: DEBUG: GoGo-Tail-Number: [u'AAATestNAS_85']
2013-11-20 10:58:19,672: DEBUG: Acct-Output-Octets: [9111987]
2013-11-20 10:58:19,672: DEBUG: NAS-IP-Address: ['10.254.90.1']
2013-11-20 10:58:19,673: DEBUG: GoGo-Total-Output-Gigawords: [0]
2013-11-20 10:58:19,673: DEBUG: Framed-IP-Address: ['10.254.90.181']
2013-11-20 10:58:19,673: DEBUG: GoGo-Total-Input-Voice-Gigawords: [0]
2013-11-20 10:58:19,674: DEBUG: GoGo-Total-Output-Octets: [9111987]
2013-11-20 10:58:19,674: DEBUG: GoGo-Acct-Input-Voice-Octets: [0]
2013-11-20 10:58:19,674: DEBUG: GoGo-Total-Input-Voice-Packets: [0]
2013-11-20 10:58:19,675: DEBUG: Called-Station-Id: [u'00:16:3E:0C:48:48']
2013-11-20 10:58:19,675: DEBUG: WISPr-Location-Name: [u'TEST LLC,BA01_01009']
2013-11-20 10:58:19,675: DEBUG: NAS-Identifier: [u'C08386']
2013-11-20 10:58:19,676: DEBUG: Proxy-State: ['3330,3132']
2013-11-20 10:58:19,676: DEBUG: GoGo-Total-Input-Voice-Octets: [0]
2013-11-20 10:58:19,676: DEBUG: Acct-Status-Type: ['Interim-Update']
2013-11-20 10:58:19,676: DEBUG: GoGo-Total-Output-Voice-Gigawords: [0]
2013-11-20 10:58:19,678: DEBUG: GoGo-Airline: [u'BA01']
2013-11-20 10:58:19,678: DEBUG: Acct-Session-Id: [u'AAATestNAS_85-1384925239511-00163E0C4848-1']
2013-11-20 10:58:19,678: DEBUG: Acct-Session-Time: [10]
2013-11-20 10:58:19,678: DEBUG: Acct-Input-Packets: [68248]
2013-11-20 10:58:19,679: DEBUG: Acct-Output-Packets: [65974]
2013-11-20 10:58:19,679: DEBUG: GoGo-Acct-Output-Voice-Packets: [0]
2013-11-20 10:58:19,679: DEBUG: GoGo-Acct-Output-Voice-Octets: [0]
2013-11-20 10:58:19,680: DEBUG: Acct-Output-Gigawords: [0]
2013-11-20 10:58:19,680: DEBUG: GoGo-Total-Output-Voice-Packets: [0]
2013-11-20 10:58:19,680: DEBUG: Acct-Input-Gigawords: [0]
2013-11-20 10:58:19,680: DEBUG: Calling-Station-Id: [u'17:21:31:41:52:55']
2013-11-20 10:58:19,680: DEBUG: NAS-Port-Type: ['Wireless-802.11']
2013-11-20 10:58:19,681: DEBUG: GoGo-Total-Output-Voice-Octets: [0]
2013-11-20 10:58:19,681: DEBUG: GoGo-Private-IP-Address: ['192.168.1.179']
2013-11-20 10:58:19,681: DEBUG: GoGo-Acct-Input-Voice-Gigawords: [0]
2013-11-20 10:58:19,681: DEBUG: GoGo-Total-Input-Packets: [68248]
2013-11-20 10:58:19,681: DEBUG: GoGo-Total-Input-Gigawords: [0]
2013-11-20 10:58:19,682: DEBUG: GoGo-Acct-Input-Voice-Packets: [0]
2013-11-20 10:58:19,682: DEBUG: GoGo-Total-Input-Octets: [8316550]
2013-11-20 10:58:19,682: DEBUG: GoGo-Total-Output-Packets: [65974]
2013-11-20 10:58:19,682: DEBUG: WISPr-Location-ID: [u'airline=BA01,tail=01009,network=']
2013-11-20 10:58:19,682: DEBUG: GoGo-Acct-Output-Voice-Gigawords: [0]
2013-11-20 10:58:19,683: DEBUG: Acct-Input-Octets: [8316550]
2013-11-20 10:58:19,683: ERROR: Network error, Reason: 'Network error: Too many open files'
2013-11-20 10:58:29,684: DEBUG: 

2013-11-20 10:58:29,685: DEBUG: Creating Accounting Update Request with the following Attributes:
2013-11-20 10:58:29,685: DEBUG: User-Name: [u'username42@airborne.aircell.com']
2013-11-20 10:58:29,685: DEBUG: GoGo-Tail-Number: [u'AAATestNAS_85']
2013-11-20 10:58:29,686: DEBUG: Acct-Output-Octets: [9240317]
2013-11-20 10:58:29,686: DEBUG: NAS-IP-Address: ['10.254.90.1']
2013-11-20 10:58:29,686: DEBUG: GoGo-Total-Output-Gigawords: [0]
2013-11-20 10:58:29,686: DEBUG: Framed-IP-Address: ['10.254.90.181']
2013-11-20 10:58:29,686: DEBUG: GoGo-Total-Input-Voice-Gigawords: [0]
2013-11-20 10:58:29,687: DEBUG: GoGo-Total-Output-Octets: [9240317]
2013-11-20 10:58:29,687: DEBUG: GoGo-Acct-Input-Voice-Octets: [0]
2013-11-20 10:58:29,687: DEBUG: GoGo-Total-Input-Voice-Packets: [0]
2013-11-20 10:58:29,687: DEBUG: Called-Station-Id: [u'00:16:3E:0C:48:48']
2013-11-20 10:58:29,687: DEBUG: WISPr-Location-Name: [u'TEST LLC,BA01_01009']
2013-11-20 10:58:29,688: DEBUG: NAS-Identifier: [u'C08386']
2013-11-20 10:58:29,688: DEBUG: Proxy-State: ['3330,3132']
2013-11-20 10:58:29,688: DEBUG: GoGo-Total-Input-Voice-Octets: [0]
2013-11-20 10:58:29,688: DEBUG: Acct-Status-Type: ['Interim-Update']
2013-11-20 10:58:29,689: DEBUG: GoGo-Total-Output-Voice-Gigawords: [0]
2013-11-20 10:58:29,689: DEBUG: GoGo-Airline: [u'BA01']
2013-11-20 10:58:29,689: DEBUG: Acct-Session-Id: [u'AAATestNAS_85-1384925239511-00163E0C4848-1']
2013-11-20 10:58:29,689: DEBUG: Acct-Session-Time: [10]
2013-11-20 10:58:29,689: DEBUG: Acct-Input-Packets: [50268]
2013-11-20 10:58:29,689: DEBUG: Acct-Output-Packets: [9402]
2013-11-20 10:58:29,690: DEBUG: GoGo-Acct-Output-Voice-Packets: [0]
2013-11-20 10:58:29,690: DEBUG: GoGo-Acct-Output-Voice-Octets: [0]
2013-11-20 10:58:29,690: DEBUG: Acct-Output-Gigawords: [0]
2013-11-20 10:58:29,690: DEBUG: GoGo-Total-Output-Voice-Packets: [0]
2013-11-20 10:58:29,690: DEBUG: Acct-Input-Gigawords: [0]
2013-11-20 10:58:29,691: DEBUG: Calling-Station-Id: [u'17:21:31:41:52:55']
2013-11-20 10:58:29,691: DEBUG: NAS-Port-Type: ['Wireless-802.11']
2013-11-20 10:58:29,691: DEBUG: GoGo-Total-Output-Voice-Octets: [0]
2013-11-20 10:58:29,691: DEBUG: GoGo-Private-IP-Address: ['192.168.1.179']
2013-11-20 10:58:29,691: DEBUG: GoGo-Acct-Input-Voice-Gigawords: [0]
2013-11-20 10:58:29,692: DEBUG: GoGo-Total-Input-Packets: [50268]
2013-11-20 10:58:29,692: DEBUG: GoGo-Total-Input-Gigawords: [0]
2013-11-20 10:58:29,692: DEBUG: GoGo-Acct-Input-Voice-Packets: [0]
2013-11-20 10:58:29,692: DEBUG: GoGo-Total-Input-Octets: [9517129]
2013-11-20 10:58:29,692: DEBUG: GoGo-Total-Output-Packets: [9402]
2013-11-20 10:58:29,693: DEBUG: WISPr-Location-ID: [u'airline=BA01,tail=01009,network=']
2013-11-20 10:58:29,693: DEBUG: GoGo-Acct-Output-Voice-Gigawords: [0]
2013-11-20 10:58:29,693: DEBUG: Acct-Input-Octets: [9517129]
2013-11-20 10:58:29,693: ERROR: Network error, Reason: 'Network error: nodename nor servname provided, or not known'
2013-11-20 10:58:39,695: DEBUG: 

2013-11-20 10:58:39,695: DEBUG: Creating Accounting Update Request with the following Attributes:
2013-11-20 10:58:39,695: DEBUG: User-Name: [u'username42@airborne.aircell.com']
2013-11-20 10:58:39,696: DEBUG: GoGo-Tail-Number: [u'AAATestNAS_85']
2013-11-20 10:58:39,696: DEBUG: Acct-Output-Octets: [4889692]
2013-11-20 10:58:39,696: DEBUG: NAS-IP-Address: ['10.254.90.1']
2013-11-20 10:58:39,696: DEBUG: GoGo-Total-Output-Gigawords: [0]
2013-11-20 10:58:39,697: DEBUG: Framed-IP-Address: ['10.254.90.181']
2013-11-20 10:58:39,697: DEBUG: GoGo-Total-Input-Voice-Gigawords: [0]
2013-11-20 10:58:39,697: DEBUG: GoGo-Total-Output-Octets: [4889692]
2013-11-20 10:58:39,697: DEBUG: GoGo-Acct-Input-Voice-Octets: [0]
2013-11-20 10:58:39,697: DEBUG: GoGo-Total-Input-Voice-Packets: [0]
2013-11-20 10:58:39,698: DEBUG: Called-Station-Id: [u'00:16:3E:0C:48:48']
2013-11-20 10:58:39,698: DEBUG: WISPr-Location-Name: [u'TEST LLC,BA01_01009']
2013-11-20 10:58:39,698: DEBUG: NAS-Identifier: [u'C08386']
2013-11-20 10:58:39,698: DEBUG: Proxy-State: ['3330,3132']
2013-11-20 10:58:39,698: DEBUG: GoGo-Total-Input-Voice-Octets: [0]
2013-11-20 10:58:39,699: DEBUG: Acct-Status-Type: ['Interim-Update']
2013-11-20 10:58:39,699: DEBUG: GoGo-Total-Output-Voice-Gigawords: [0]
2013-11-20 10:58:39,699: DEBUG: GoGo-Airline: [u'BA01']
2013-11-20 10:58:39,699: DEBUG: Acct-Session-Id: [u'AAATestNAS_85-1384925239511-00163E0C4848-1']
2013-11-20 10:58:39,699: DEBUG: Acct-Session-Time: [10]
2013-11-20 10:58:39,700: DEBUG: Acct-Input-Packets: [42689]
2013-11-20 10:58:39,700: DEBUG: Acct-Output-Packets: [19331]
2013-11-20 10:58:39,700: DEBUG: GoGo-Acct-Output-Voice-Packets: [0]
2013-11-20 10:58:39,700: DEBUG: GoGo-Acct-Output-Voice-Octets: [0]
2013-11-20 10:58:39,700: DEBUG: Acct-Output-Gigawords: [0]
2013-11-20 10:58:39,701: DEBUG: GoGo-Total-Output-Voice-Packets: [0]
2013-11-20 10:58:39,701: DEBUG: Acct-Input-Gigawords: [0]
2013-11-20 10:58:39,701: DEBUG: Calling-Station-Id: [u'17:21:31:41:52:55']
2013-11-20 10:58:39,701: DEBUG: NAS-Port-Type: ['Wireless-802.11']
2013-11-20 10:58:39,701: DEBUG: GoGo-Total-Output-Voice-Octets: [0]
2013-11-20 10:58:39,702: DEBUG: GoGo-Private-IP-Address: ['192.168.1.179']
2013-11-20 10:58:39,702: DEBUG: GoGo-Acct-Input-Voice-Gigawords: [0]
2013-11-20 10:58:39,702: DEBUG: GoGo-Total-Input-Packets: [42689]
2013-11-20 10:58:39,702: DEBUG: GoGo-Total-Input-Gigawords: [0]
2013-11-20 10:58:39,703: DEBUG: GoGo-Acct-Input-Voice-Packets: [0]
2013-11-20 10:58:39,703: DEBUG: GoGo-Total-Input-Octets: [5834937]
2013-11-20 10:58:39,703: DEBUG: GoGo-Total-Output-Packets: [19331]
2013-11-20 10:58:39,703: DEBUG: WISPr-Location-ID: [u'airline=BA01,tail=01009,network=']
2013-11-20 10:58:39,703: DEBUG: GoGo-Acct-Output-Voice-Gigawords: [0]
2013-11-20 10:58:39,704: DEBUG: Acct-Input-Octets: [5834937]
2013-11-20 10:58:39,704: ERROR: Network error, Reason: 'Network error: nodename nor servname provided, or not known'
2013-11-20 10:58:45,705: DEBUG: 

2013-11-20 10:58:45,706: DEBUG: Creating Accounting Update Request with the following Attributes:
2013-11-20 10:58:45,707: DEBUG: User-Name: [u'username42@airborne.aircell.com']
2013-11-20 10:58:45,707: DEBUG: GoGo-Tail-Number: [u'AAATestNAS_85']
2013-11-20 10:58:45,707: DEBUG: Acct-Output-Octets: [3465829]
2013-11-20 10:58:45,707: DEBUG: NAS-IP-Address: ['10.254.90.1']
2013-11-20 10:58:45,708: DEBUG: GoGo-Total-Output-Gigawords: [0]
2013-11-20 10:58:45,708: DEBUG: Framed-IP-Address: ['10.254.90.181']
2013-11-20 10:58:45,708: DEBUG: GoGo-Total-Input-Voice-Gigawords: [0]
2013-11-20 10:58:45,708: DEBUG: GoGo-Total-Output-Octets: [3465829]
2013-11-20 10:58:45,709: DEBUG: GoGo-Acct-Input-Voice-Octets: [0]
2013-11-20 10:58:45,709: DEBUG: GoGo-Total-Input-Voice-Packets: [0]
2013-11-20 10:58:45,709: DEBUG: Called-Station-Id: [u'00:16:3E:0C:48:48']
2013-11-20 10:58:45,709: DEBUG: WISPr-Location-Name: [u'TEST LLC,BA01_01009']
2013-11-20 10:58:45,709: DEBUG: NAS-Identifier: [u'C08386']
2013-11-20 10:58:45,710: DEBUG: Proxy-State: ['3330,3132']
2013-11-20 10:58:45,710: DEBUG: GoGo-Total-Input-Voice-Octets: [0]
2013-11-20 10:58:45,710: DEBUG: Acct-Status-Type: ['Interim-Update']
2013-11-20 10:58:45,710: DEBUG: GoGo-Total-Output-Voice-Gigawords: [0]
2013-11-20 10:58:45,710: DEBUG: GoGo-Airline: [u'BA01']
2013-11-20 10:58:45,711: DEBUG: Acct-Session-Id: [u'AAATestNAS_85-1384925239511-00163E0C4848-1']
2013-11-20 10:58:45,711: DEBUG: Acct-Session-Time: [6]
2013-11-20 10:58:45,711: DEBUG: Acct-Input-Packets: [33162]
2013-11-20 10:58:45,711: DEBUG: Acct-Output-Packets: [33016]
2013-11-20 10:58:45,711: DEBUG: GoGo-Acct-Output-Voice-Packets: [0]
2013-11-20 10:58:45,712: DEBUG: GoGo-Acct-Output-Voice-Octets: [0]
2013-11-20 10:58:45,712: DEBUG: Acct-Output-Gigawords: [0]
2013-11-20 10:58:45,712: DEBUG: GoGo-Total-Output-Voice-Packets: [0]
2013-11-20 10:58:45,712: DEBUG: Acct-Input-Gigawords: [0]
2013-11-20 10:58:45,712: DEBUG: Calling-Station-Id: [u'17:21:31:41:52:55']
2013-11-20 10:58:45,713: DEBUG: NAS-Port-Type: ['Wireless-802.11']
2013-11-20 10:58:45,713: DEBUG: GoGo-Total-Output-Voice-Octets: [0]
2013-11-20 10:58:45,713: DEBUG: GoGo-Private-IP-Address: ['192.168.1.179']
2013-11-20 10:58:45,713: DEBUG: GoGo-Acct-Input-Voice-Gigawords: [0]
2013-11-20 10:58:45,713: DEBUG: GoGo-Total-Input-Packets: [33162]
2013-11-20 10:58:45,714: DEBUG: GoGo-Total-Input-Gigawords: [0]
2013-11-20 10:58:45,714: DEBUG: GoGo-Acct-Input-Voice-Packets: [0]
2013-11-20 10:58:45,714: DEBUG: GoGo-Total-Input-Octets: [6594862]
2013-11-20 10:58:45,714: DEBUG: GoGo-Total-Output-Packets: [33016]
2013-11-20 10:58:45,714: DEBUG: WISPr-Location-ID: [u'airline=BA01,tail=01009,network=']
2013-11-20 10:58:45,715: DEBUG: GoGo-Acct-Output-Voice-Gigawords: [0]
2013-11-20 10:58:45,715: DEBUG: Acct-Input-Octets: [6594862]
2013-11-20 10:58:45,715: ERROR: Network error, Reason: 'Network error: nodename nor servname provided, or not known'
2013-11-20 10:59:05,716: DEBUG: 

2013-11-20 10:59:05,716: DEBUG: Creating Accounting Stop Request with the following Attributes:
2013-11-20 10:59:05,717: DEBUG: User-Name: [u'username42@airborne.aircell.com']
2013-11-20 10:59:05,717: DEBUG: GoGo-Tail-Number: [u'01009']
2013-11-20 10:59:05,717: DEBUG: Acct-Output-Octets: [4130510]
2013-11-20 10:59:05,718: DEBUG: NAS-IP-Address: ['10.254.90.1']
2013-11-20 10:59:05,718: DEBUG: GoGo-Total-Output-Gigawords: [0]
2013-11-20 10:59:05,718: DEBUG: Framed-IP-Address: ['10.254.90.181']
2013-11-20 10:59:05,719: DEBUG: GoGo-Total-Input-Voice-Gigawords: [0]
2013-11-20 10:59:05,719: DEBUG: GoGo-Total-Output-Octets: [4130510]
2013-11-20 10:59:05,719: DEBUG: GoGo-Acct-Input-Voice-Octets: [0]
2013-11-20 10:59:05,720: DEBUG: GoGo-Total-Input-Voice-Packets: [0]
2013-11-20 10:59:05,720: DEBUG: Called-Station-Id: [u'00:16:3E:0C:48:48']
2013-11-20 10:59:05,720: DEBUG: WISPr-Location-Name: [u'TEST LLC,BA01_01009']
2013-11-20 10:59:05,720: DEBUG: NAS-Identifier: [u'C08386']
2013-11-20 10:59:05,721: DEBUG: Proxy-State: ['3330,3132']
2013-11-20 10:59:05,721: DEBUG: GoGo-Total-Input-Voice-Octets: [0]
2013-11-20 10:59:05,721: DEBUG: Acct-Status-Type: ['Stop']
2013-11-20 10:59:05,722: DEBUG: GoGo-Total-Output-Voice-Gigawords: [0]
2013-11-20 10:59:05,722: DEBUG: GoGo-Airline: [u'BA01']
2013-11-20 10:59:05,722: DEBUG: Acct-Session-Id: [u'AAATestNAS_85-1384925239511-00163E0C4848-1']
2013-11-20 10:59:05,722: DEBUG: Acct-Session-Time: [20]
2013-11-20 10:59:05,723: DEBUG: Acct-Input-Packets: [47275]
2013-11-20 10:59:05,723: DEBUG: Acct-Output-Packets: [36025]
2013-11-20 10:59:05,723: DEBUG: Acct-Terminate-Cause: ['User-Request']
2013-11-20 10:59:05,723: DEBUG: GoGo-Acct-Output-Voice-Octets: [0]
2013-11-20 10:59:05,723: DEBUG: Acct-Output-Gigawords: [0]
2013-11-20 10:59:05,724: DEBUG: GoGo-Total-Output-Voice-Packets: [0]
2013-11-20 10:59:05,724: DEBUG: Acct-Input-Gigawords: [0]
2013-11-20 10:59:05,724: DEBUG: Calling-Station-Id: [u'17:21:31:41:52:55']
2013-11-20 10:59:05,724: DEBUG: NAS-Port-Type: ['Wireless-802.11']
2013-11-20 10:59:05,724: DEBUG: GoGo-Total-Output-Voice-Octets: [0]
2013-11-20 10:59:05,725: DEBUG: GoGo-Private-IP-Address: ['192.168.1.179']
2013-11-20 10:59:05,725: DEBUG: GoGo-Acct-Input-Voice-Gigawords: [0]
2013-11-20 10:59:05,725: DEBUG: GoGo-Total-Input-Packets: [47275]
2013-11-20 10:59:05,725: DEBUG: GoGo-Total-Input-Gigawords: [0]
2013-11-20 10:59:05,725: DEBUG: GoGo-Acct-Input-Voice-Packets: [0]
2013-11-20 10:59:05,726: DEBUG: GoGo-Total-Input-Octets: [8492261]
2013-11-20 10:59:05,726: DEBUG: GoGo-Total-Output-Packets: [36025]
2013-11-20 10:59:05,726: DEBUG: WISPr-Location-ID: [u'airline=BA01,tail=01009,network=']
2013-11-20 10:59:05,726: DEBUG: GoGo-Acct-Output-Voice-Packets: [0]
2013-11-20 10:59:05,726: DEBUG: GoGo-Acct-Output-Voice-Gigawords: [0]
2013-11-20 10:59:05,727: DEBUG: Acct-Input-Octets: [8492261]
2013-11-20 10:59:05,727: ERROR: Network error, Reason: 'Network error: nodename nor servname provided, or not known'
2013-11-20 10:59:05,727: ERROR: Ending the test for this user
2013-11-20 10:59:05,727: DEBUG: Ending the test for this user
