2013-11-20 10:55:42,478: DEBUG: Starting the client for the user username76@airborne.aircell.com to the server localhost

2013-11-20 10:55:42,478: DEBUG: DURATION of the TEST: 45
2013-11-20 10:55:42,478: DEBUG: NAS-IP: 10.254.56.1
2013-11-20 10:55:42,478: DEBUG: NAS-MAC-ADDR: 17:21:31:41:52:21
2013-11-20 10:55:42,478: DEBUG: Abruptly End: False
2013-11-20 10:55:42,478: DEBUG: Framed-IP: 10.254.56.60
2013-11-20 10:55:42,478: DEBUG: User-MAC-Addr: 00:16:3E:26:DD:BD
2013-11-20 10:55:42,479: DEBUG: 

2013-11-20 10:55:42,479: DEBUG: Creating Authentication Request with the following Attributes:
2013-11-20 10:55:42,479: DEBUG: NAS-Identifier: [u'C08386']
2013-11-20 10:55:42,479: DEBUG: User-Name: [u'username76@airborne.aircell.com']
2013-11-20 10:55:42,479: DEBUG: NAS-IP-Address: ['10.254.56.1']
2013-11-20 10:55:42,479: DEBUG: Service-Type: ['Authenticate-Only']
2013-11-20 10:55:42,479: DEBUG: Proxy-State: ['3237,3134']
2013-11-20 10:55:42,480: DEBUG: Framed-IP-Address: ['10.254.56.60']
2013-11-20 10:55:42,480: DEBUG: GoGo-Airline: [u'BA01']
2013-11-20 10:55:42,480: DEBUG: Acct-Session-Id: [u'AAATestNAS_51-1384925142479-00163E26DDBD-1']
2013-11-20 10:55:42,480: DEBUG: GoGo-Tail-Number: [u'AAATestNAS_51']
2013-11-20 10:55:42,480: DEBUG: GoGo-Private-IP-Address: ['192.168.1.179']
2013-11-20 10:55:42,480: DEBUG: WISPr-Location-ID: [u'airline=BA01,tail=01009,network=']
2013-11-20 10:55:42,480: DEBUG: WISPr-Location-Name: [u'TEST LLC,BA01_01009']
2013-11-20 10:55:42,480: DEBUG: NAS-Port-Type: ['Wireless-802.11']
2013-11-20 10:55:42,480: DEBUG: Called-Station-Id: [u'00:16:3E:26:DD:BD']
2013-11-20 10:55:42,480: DEBUG: Calling-Station-Id: [u'17:21:31:41:52:21']
2013-11-20 10:55:42,481: DEBUG: 

2013-11-20 10:55:42,481: DEBUG: Received response with code: 2, Accepted
2013-11-20 10:55:42,482: DEBUG: Creating Authentication Request with the following Attributes:
2013-11-20 10:55:42,482: DEBUG: NAS-Identifier: [u'C08386']
2013-11-20 10:55:42,482: DEBUG: User-Name: [u'username76@airborne.aircell.com']
2013-11-20 10:55:42,482: DEBUG: NAS-IP-Address: ['10.254.56.1']
2013-11-20 10:55:42,482: DEBUG: Service-Type: ['Login-User']
2013-11-20 10:55:42,482: DEBUG: Proxy-State: ['3237,3134']
2013-11-20 10:55:42,482: DEBUG: Framed-IP-Address: ['10.254.56.60']
2013-11-20 10:55:42,482: DEBUG: GoGo-Airline: [u'BA01']
2013-11-20 10:55:42,482: DEBUG: Acct-Session-Id: [u'AAATestNAS_51-1384925142482-00163E26DDBD-1']
2013-11-20 10:55:42,482: DEBUG: GoGo-Tail-Number: [u'AAATestNAS_51']
2013-11-20 10:55:42,483: DEBUG: GoGo-Private-IP-Address: ['192.168.1.179']
2013-11-20 10:55:42,483: DEBUG: WISPr-Location-ID: [u'airline=BA01,tail=01009,network=']
2013-11-20 10:55:42,483: DEBUG: WISPr-Location-Name: [u'TEST LLC,BA01_01009']
2013-11-20 10:55:42,483: DEBUG: NAS-Port-Type: ['Wireless-802.11']
2013-11-20 10:55:42,483: DEBUG: Called-Station-Id: [u'00:16:3E:26:DD:BD']
2013-11-20 10:55:42,483: DEBUG: Calling-Station-Id: [u'17:21:31:41:52:21']
2013-11-20 10:55:42,484: DEBUG: 

2013-11-20 10:55:42,484: DEBUG: Received response with code: 2, Accepted
2013-11-20 10:55:42,484: DEBUG: 

2013-11-20 10:55:42,484: DEBUG: Creating Accounting start Request with the following Attributes:
2013-11-20 10:55:42,484: DEBUG: NAS-Identifier: [u'C08386']
2013-11-20 10:55:42,484: DEBUG: User-Name: [u'username76@airborne.aircell.com']
2013-11-20 10:55:42,484: DEBUG: GoGo-Tail-Number: [u'AAATestNAS_51']
2013-11-20 10:55:42,484: DEBUG: NAS-IP-Address: ['10.254.56.1']
2013-11-20 10:55:42,485: DEBUG: Proxy-State: ['3239,3131']
2013-11-20 10:55:42,485: DEBUG: Acct-Status-Type: ['Start']
2013-11-20 10:55:42,485: DEBUG: GoGo-Airline: [u'BA01']
2013-11-20 10:55:42,485: DEBUG: Acct-Session-Id: [u'AAATestNAS_51-1384925142482-00163E26DDBD-1']
2013-11-20 10:55:42,485: DEBUG: GoGo-Private-IP-Address: ['192.168.1.179']
2013-11-20 10:55:42,485: DEBUG: Framed-IP-Address: ['10.254.56.60']
2013-11-20 10:55:42,485: DEBUG: WISPr-Location-ID: [u'airline=BA01,tail=01009,network=']
2013-11-20 10:55:42,485: DEBUG: WISPr-Location-Name: [u'TEST LLC,BA01_01009']
2013-11-20 10:55:42,485: DEBUG: NAS-Port-Type: ['Wireless-802.11']
2013-11-20 10:55:42,485: DEBUG: Called-Station-Id: [u'00:16:3E:26:DD:BD']
2013-11-20 10:55:42,485: DEBUG: Calling-Station-Id: [u'17:21:31:41:52:21']
2013-11-20 10:55:42,486: DEBUG: 

2013-11-20 10:55:42,486: DEBUG: Received response with following attributes:
2013-11-20 10:55:52,487: DEBUG: 

2013-11-20 10:55:52,490: DEBUG: Creating Accounting Update Request with the following Attributes:
2013-11-20 10:55:52,491: DEBUG: User-Name: [u'username76@airborne.aircell.com']
2013-11-20 10:55:52,491: DEBUG: GoGo-Tail-Number: [u'AAATestNAS_51']
2013-11-20 10:55:52,491: DEBUG: Acct-Output-Octets: [1795133]
2013-11-20 10:55:52,491: DEBUG: NAS-IP-Address: ['10.254.56.1']
2013-11-20 10:55:52,492: DEBUG: GoGo-Total-Output-Gigawords: [0]
2013-11-20 10:55:52,493: DEBUG: Framed-IP-Address: ['10.254.56.60']
2013-11-20 10:55:52,494: DEBUG: GoGo-Total-Input-Voice-Gigawords: [0]
2013-11-20 10:55:52,494: DEBUG: GoGo-Total-Output-Octets: [1795133]
2013-11-20 10:55:52,495: DEBUG: GoGo-Acct-Input-Voice-Octets: [0]
2013-11-20 10:55:52,495: DEBUG: GoGo-Total-Input-Voice-Packets: [0]
2013-11-20 10:55:52,496: DEBUG: Called-Station-Id: [u'00:16:3E:26:DD:BD']
2013-11-20 10:55:52,496: DEBUG: WISPr-Location-Name: [u'TEST LLC,BA01_01009']
2013-11-20 10:55:52,497: DEBUG: NAS-Identifier: [u'C08386']
2013-11-20 10:55:52,497: DEBUG: Proxy-State: ['3330,3132']
2013-11-20 10:55:52,498: DEBUG: GoGo-Total-Input-Voice-Octets: [0]
2013-11-20 10:55:52,498: DEBUG: Acct-Status-Type: ['Interim-Update']
2013-11-20 10:55:52,499: DEBUG: GoGo-Total-Output-Voice-Gigawords: [0]
2013-11-20 10:55:52,500: DEBUG: GoGo-Airline: [u'BA01']
2013-11-20 10:55:52,500: DEBUG: Acct-Session-Id: [u'AAATestNAS_51-1384925142482-00163E26DDBD-1']
2013-11-20 10:55:52,500: DEBUG: Acct-Session-Time: [10]
2013-11-20 10:55:52,501: DEBUG: Acct-Input-Packets: [12995]
2013-11-20 10:55:52,502: DEBUG: Acct-Output-Packets: [16832]
2013-11-20 10:55:52,502: DEBUG: GoGo-Acct-Output-Voice-Packets: [0]
2013-11-20 10:55:52,502: DEBUG: GoGo-Acct-Output-Voice-Octets: [0]
2013-11-20 10:55:52,503: DEBUG: Acct-Output-Gigawords: [0]
2013-11-20 10:55:52,503: DEBUG: GoGo-Total-Output-Voice-Packets: [0]
2013-11-20 10:55:52,503: DEBUG: Acct-Input-Gigawords: [0]
2013-11-20 10:55:52,503: DEBUG: Calling-Station-Id: [u'17:21:31:41:52:21']
2013-11-20 10:55:52,504: DEBUG: NAS-Port-Type: ['Wireless-802.11']
2013-11-20 10:55:52,504: DEBUG: GoGo-Total-Output-Voice-Octets: [0]
2013-11-20 10:55:52,505: DEBUG: GoGo-Private-IP-Address: ['192.168.1.179']
2013-11-20 10:55:52,505: DEBUG: GoGo-Acct-Input-Voice-Gigawords: [0]
2013-11-20 10:55:52,505: DEBUG: GoGo-Total-Input-Packets: [12995]
2013-11-20 10:55:52,506: DEBUG: GoGo-Total-Input-Gigawords: [0]
2013-11-20 10:55:52,507: DEBUG: GoGo-Acct-Input-Voice-Packets: [0]
2013-11-20 10:55:52,508: DEBUG: GoGo-Total-Input-Octets: [1817013]
2013-11-20 10:55:52,508: DEBUG: GoGo-Total-Output-Packets: [16832]
2013-11-20 10:55:52,508: DEBUG: WISPr-Location-ID: [u'airline=BA01,tail=01009,network=']
2013-11-20 10:55:52,508: DEBUG: GoGo-Acct-Output-Voice-Gigawords: [0]
2013-11-20 10:55:52,509: DEBUG: Acct-Input-Octets: [1817013]
2013-11-20 10:55:52,513: DEBUG: 

2013-11-20 10:55:52,513: DEBUG: Received response with following attributes:
2013-11-20 10:56:02,515: DEBUG: 

2013-11-20 10:56:02,516: DEBUG: Creating Accounting Update Request with the following Attributes:
2013-11-20 10:56:02,517: DEBUG: User-Name: [u'username76@airborne.aircell.com']
2013-11-20 10:56:02,517: DEBUG: GoGo-Tail-Number: [u'AAATestNAS_51']
2013-11-20 10:56:02,519: DEBUG: Acct-Output-Octets: [1922507]
2013-11-20 10:56:02,519: DEBUG: NAS-IP-Address: ['10.254.56.1']
2013-11-20 10:56:02,521: DEBUG: GoGo-Total-Output-Gigawords: [0]
2013-11-20 10:56:02,523: DEBUG: Framed-IP-Address: ['10.254.56.60']
2013-11-20 10:56:02,525: DEBUG: GoGo-Total-Input-Voice-Gigawords: [0]
2013-11-20 10:56:02,527: DEBUG: GoGo-Total-Output-Octets: [1922507]
2013-11-20 10:56:02,529: DEBUG: GoGo-Acct-Input-Voice-Octets: [0]
2013-11-20 10:56:02,530: DEBUG: GoGo-Total-Input-Voice-Packets: [0]
2013-11-20 10:56:02,534: DEBUG: Called-Station-Id: [u'00:16:3E:26:DD:BD']
2013-11-20 10:56:02,535: DEBUG: WISPr-Location-Name: [u'TEST LLC,BA01_01009']
2013-11-20 10:56:02,541: DEBUG: NAS-Identifier: [u'C08386']
2013-11-20 10:56:02,542: DEBUG: Proxy-State: ['3330,3132']
2013-11-20 10:56:02,543: DEBUG: GoGo-Total-Input-Voice-Octets: [0]
2013-11-20 10:56:02,544: DEBUG: Acct-Status-Type: ['Interim-Update']
2013-11-20 10:56:02,545: DEBUG: GoGo-Total-Output-Voice-Gigawords: [0]
2013-11-20 10:56:02,545: DEBUG: GoGo-Airline: [u'BA01']
2013-11-20 10:56:02,546: DEBUG: Acct-Session-Id: [u'AAATestNAS_51-1384925142482-00163E26DDBD-1']
2013-11-20 10:56:02,548: DEBUG: Acct-Session-Time: [10]
2013-11-20 10:56:02,549: DEBUG: Acct-Input-Packets: [26602]
2013-11-20 10:56:02,550: DEBUG: Acct-Output-Packets: [8047]
2013-11-20 10:56:02,551: DEBUG: GoGo-Acct-Output-Voice-Packets: [0]
2013-11-20 10:56:02,551: DEBUG: GoGo-Acct-Output-Voice-Octets: [0]
2013-11-20 10:56:02,551: DEBUG: Acct-Output-Gigawords: [0]
2013-11-20 10:56:02,552: DEBUG: GoGo-Total-Output-Voice-Packets: [0]
2013-11-20 10:56:02,554: DEBUG: Acct-Input-Gigawords: [0]
2013-11-20 10:56:02,555: DEBUG: Calling-Station-Id: [u'17:21:31:41:52:21']
2013-11-20 10:56:02,557: DEBUG: NAS-Port-Type: ['Wireless-802.11']
2013-11-20 10:56:02,557: DEBUG: GoGo-Total-Output-Voice-Octets: [0]
2013-11-20 10:56:02,558: DEBUG: GoGo-Private-IP-Address: ['192.168.1.179']
2013-11-20 10:56:02,559: DEBUG: GoGo-Acct-Input-Voice-Gigawords: [0]
2013-11-20 10:56:02,559: DEBUG: GoGo-Total-Input-Packets: [26602]
2013-11-20 10:56:02,560: DEBUG: GoGo-Total-Input-Gigawords: [0]
2013-11-20 10:56:02,560: DEBUG: GoGo-Acct-Input-Voice-Packets: [0]
2013-11-20 10:56:02,561: DEBUG: GoGo-Total-Input-Octets: [3316361]
2013-11-20 10:56:02,562: DEBUG: GoGo-Total-Output-Packets: [8047]
2013-11-20 10:56:02,563: DEBUG: WISPr-Location-ID: [u'airline=BA01,tail=01009,network=']
2013-11-20 10:56:02,564: DEBUG: GoGo-Acct-Output-Voice-Gigawords: [0]
2013-11-20 10:56:02,565: DEBUG: Acct-Input-Octets: [3316361]
2013-11-20 10:56:02,570: DEBUG: 

2013-11-20 10:56:02,570: DEBUG: Received response with following attributes:
2013-11-20 10:56:12,573: DEBUG: 

2013-11-20 10:56:12,574: DEBUG: Creating Accounting Update Request with the following Attributes:
2013-11-20 10:56:12,574: DEBUG: User-Name: [u'username76@airborne.aircell.com']
2013-11-20 10:56:12,574: DEBUG: GoGo-Tail-Number: [u'AAATestNAS_51']
2013-11-20 10:56:12,574: DEBUG: Acct-Output-Octets: [6869372]
2013-11-20 10:56:12,574: DEBUG: NAS-IP-Address: ['10.254.56.1']
2013-11-20 10:56:12,574: DEBUG: GoGo-Total-Output-Gigawords: [0]
2013-11-20 10:56:12,574: DEBUG: Framed-IP-Address: ['10.254.56.60']
2013-11-20 10:56:12,574: DEBUG: GoGo-Total-Input-Voice-Gigawords: [0]
2013-11-20 10:56:12,574: DEBUG: GoGo-Total-Output-Octets: [6869372]
2013-11-20 10:56:12,574: DEBUG: GoGo-Acct-Input-Voice-Octets: [0]
2013-11-20 10:56:12,574: DEBUG: GoGo-Total-Input-Voice-Packets: [0]
2013-11-20 10:56:12,575: DEBUG: Called-Station-Id: [u'00:16:3E:26:DD:BD']
2013-11-20 10:56:12,575: DEBUG: WISPr-Location-Name: [u'TEST LLC,BA01_01009']
2013-11-20 10:56:12,575: DEBUG: NAS-Identifier: [u'C08386']
2013-11-20 10:56:12,575: DEBUG: Proxy-State: ['3330,3132']
2013-11-20 10:56:12,576: DEBUG: GoGo-Total-Input-Voice-Octets: [0]
2013-11-20 10:56:12,576: DEBUG: Acct-Status-Type: ['Interim-Update']
2013-11-20 10:56:12,577: DEBUG: GoGo-Total-Output-Voice-Gigawords: [0]
2013-11-20 10:56:12,577: DEBUG: GoGo-Airline: [u'BA01']
2013-11-20 10:56:12,577: DEBUG: Acct-Session-Id: [u'AAATestNAS_51-1384925142482-00163E26DDBD-1']
2013-11-20 10:56:12,577: DEBUG: Acct-Session-Time: [10]
2013-11-20 10:56:12,578: DEBUG: Acct-Input-Packets: [7422]
2013-11-20 10:56:12,578: DEBUG: Acct-Output-Packets: [18544]
2013-11-20 10:56:12,578: DEBUG: GoGo-Acct-Output-Voice-Packets: [0]
2013-11-20 10:56:12,579: DEBUG: GoGo-Acct-Output-Voice-Octets: [0]
2013-11-20 10:56:12,579: DEBUG: Acct-Output-Gigawords: [0]
2013-11-20 10:56:12,579: DEBUG: GoGo-Total-Output-Voice-Packets: [0]
2013-11-20 10:56:12,580: DEBUG: Acct-Input-Gigawords: [0]
2013-11-20 10:56:12,581: DEBUG: Calling-Station-Id: [u'17:21:31:41:52:21']
2013-11-20 10:56:12,581: DEBUG: NAS-Port-Type: ['Wireless-802.11']
2013-11-20 10:56:12,581: DEBUG: GoGo-Total-Output-Voice-Octets: [0]
2013-11-20 10:56:12,582: DEBUG: GoGo-Private-IP-Address: ['192.168.1.179']
2013-11-20 10:56:12,582: DEBUG: GoGo-Acct-Input-Voice-Gigawords: [0]
2013-11-20 10:56:12,583: DEBUG: GoGo-Total-Input-Packets: [7422]
2013-11-20 10:56:12,584: DEBUG: GoGo-Total-Input-Gigawords: [0]
2013-11-20 10:56:12,584: DEBUG: GoGo-Acct-Input-Voice-Packets: [0]
2013-11-20 10:56:12,584: DEBUG: GoGo-Total-Input-Octets: [6854043]
2013-11-20 10:56:12,584: DEBUG: GoGo-Total-Output-Packets: [18544]
2013-11-20 10:56:12,585: DEBUG: WISPr-Location-ID: [u'airline=BA01,tail=01009,network=']
2013-11-20 10:56:12,585: DEBUG: GoGo-Acct-Output-Voice-Gigawords: [0]
2013-11-20 10:56:12,585: DEBUG: Acct-Input-Octets: [6854043]
2013-11-20 10:56:12,588: DEBUG: 

2013-11-20 10:56:12,588: DEBUG: Received response with following attributes:
2013-11-20 10:56:22,590: DEBUG: 

2013-11-20 10:56:22,590: DEBUG: Creating Accounting Update Request with the following Attributes:
2013-11-20 10:56:22,591: DEBUG: User-Name: [u'username76@airborne.aircell.com']
2013-11-20 10:56:22,591: DEBUG: GoGo-Tail-Number: [u'AAATestNAS_51']
2013-11-20 10:56:22,592: DEBUG: Acct-Output-Octets: [9888825]
2013-11-20 10:56:22,592: DEBUG: NAS-IP-Address: ['10.254.56.1']
2013-11-20 10:56:22,592: DEBUG: GoGo-Total-Output-Gigawords: [0]
2013-11-20 10:56:22,592: DEBUG: Framed-IP-Address: ['10.254.56.60']
2013-11-20 10:56:22,592: DEBUG: GoGo-Total-Input-Voice-Gigawords: [0]
2013-11-20 10:56:22,593: DEBUG: GoGo-Total-Output-Octets: [9888825]
2013-11-20 10:56:22,593: DEBUG: GoGo-Acct-Input-Voice-Octets: [0]
2013-11-20 10:56:22,593: DEBUG: GoGo-Total-Input-Voice-Packets: [0]
2013-11-20 10:56:22,593: DEBUG: Called-Station-Id: [u'00:16:3E:26:DD:BD']
2013-11-20 10:56:22,593: DEBUG: WISPr-Location-Name: [u'TEST LLC,BA01_01009']
2013-11-20 10:56:22,594: DEBUG: NAS-Identifier: [u'C08386']
2013-11-20 10:56:22,594: DEBUG: Proxy-State: ['3330,3132']
2013-11-20 10:56:22,594: DEBUG: GoGo-Total-Input-Voice-Octets: [0]
2013-11-20 10:56:22,594: DEBUG: Acct-Status-Type: ['Interim-Update']
2013-11-20 10:56:22,594: DEBUG: GoGo-Total-Output-Voice-Gigawords: [0]
2013-11-20 10:56:22,594: DEBUG: GoGo-Airline: [u'BA01']
2013-11-20 10:56:22,595: DEBUG: Acct-Session-Id: [u'AAATestNAS_51-1384925142482-00163E26DDBD-1']
2013-11-20 10:56:22,595: DEBUG: Acct-Session-Time: [10]
2013-11-20 10:56:22,595: DEBUG: Acct-Input-Packets: [51756]
2013-11-20 10:56:22,595: DEBUG: Acct-Output-Packets: [46707]
2013-11-20 10:56:22,595: DEBUG: GoGo-Acct-Output-Voice-Packets: [0]
2013-11-20 10:56:22,595: DEBUG: GoGo-Acct-Output-Voice-Octets: [0]
2013-11-20 10:56:22,596: DEBUG: Acct-Output-Gigawords: [0]
2013-11-20 10:56:22,597: DEBUG: GoGo-Total-Output-Voice-Packets: [0]
2013-11-20 10:56:22,597: DEBUG: Acct-Input-Gigawords: [0]
2013-11-20 10:56:22,598: DEBUG: Calling-Station-Id: [u'17:21:31:41:52:21']
2013-11-20 10:56:22,598: DEBUG: NAS-Port-Type: ['Wireless-802.11']
2013-11-20 10:56:22,598: DEBUG: GoGo-Total-Output-Voice-Octets: [0]
2013-11-20 10:56:22,599: DEBUG: GoGo-Private-IP-Address: ['192.168.1.179']
2013-11-20 10:56:22,599: DEBUG: GoGo-Acct-Input-Voice-Gigawords: [0]
2013-11-20 10:56:22,600: DEBUG: GoGo-Total-Input-Packets: [51756]
2013-11-20 10:56:22,600: DEBUG: GoGo-Total-Input-Gigawords: [0]
2013-11-20 10:56:22,600: DEBUG: GoGo-Acct-Input-Voice-Packets: [0]
2013-11-20 10:56:22,600: DEBUG: GoGo-Total-Input-Octets: [9275434]
2013-11-20 10:56:22,601: DEBUG: GoGo-Total-Output-Packets: [46707]
2013-11-20 10:56:22,601: DEBUG: WISPr-Location-ID: [u'airline=BA01,tail=01009,network=']
2013-11-20 10:56:22,601: DEBUG: GoGo-Acct-Output-Voice-Gigawords: [0]
2013-11-20 10:56:22,602: DEBUG: Acct-Input-Octets: [9275434]
2013-11-20 10:56:22,605: DEBUG: 

2013-11-20 10:56:22,605: DEBUG: Received response with following attributes:
2013-11-20 10:56:52,606: DEBUG: 

2013-11-20 10:56:52,606: DEBUG: Creating Accounting Stop Request with the following Attributes:
2013-11-20 10:56:52,606: DEBUG: User-Name: [u'username76@airborne.aircell.com']
2013-11-20 10:56:52,606: DEBUG: GoGo-Tail-Number: [u'01009']
2013-11-20 10:56:52,606: DEBUG: Acct-Output-Octets: [6156263]
2013-11-20 10:56:52,606: DEBUG: NAS-IP-Address: ['10.254.56.1']
2013-11-20 10:56:52,607: DEBUG: GoGo-Total-Output-Gigawords: [0]
2013-11-20 10:56:52,607: DEBUG: Framed-IP-Address: ['10.254.56.60']
2013-11-20 10:56:52,607: DEBUG: GoGo-Total-Input-Voice-Gigawords: [0]
2013-11-20 10:56:52,607: DEBUG: GoGo-Total-Output-Octets: [6156263]
2013-11-20 10:56:52,607: DEBUG: GoGo-Acct-Input-Voice-Octets: [0]
2013-11-20 10:56:52,607: DEBUG: GoGo-Total-Input-Voice-Packets: [0]
2013-11-20 10:56:52,607: DEBUG: Called-Station-Id: [u'00:16:3E:26:DD:BD']
2013-11-20 10:56:52,607: DEBUG: WISPr-Location-Name: [u'TEST LLC,BA01_01009']
2013-11-20 10:56:52,607: DEBUG: NAS-Identifier: [u'C08386']
2013-11-20 10:56:52,607: DEBUG: Proxy-State: ['3330,3132']
2013-11-20 10:56:52,607: DEBUG: GoGo-Total-Input-Voice-Octets: [0]
2013-11-20 10:56:52,607: DEBUG: Acct-Status-Type: ['Stop']
2013-11-20 10:56:52,607: DEBUG: GoGo-Total-Output-Voice-Gigawords: [0]
2013-11-20 10:56:52,608: DEBUG: GoGo-Airline: [u'BA01']
2013-11-20 10:56:52,608: DEBUG: Acct-Session-Id: [u'AAATestNAS_51-1384925142482-00163E26DDBD-1']
2013-11-20 10:56:52,608: DEBUG: Acct-Session-Time: [30]
2013-11-20 10:56:52,608: DEBUG: Acct-Input-Packets: [1803]
2013-11-20 10:56:52,608: DEBUG: Acct-Output-Packets: [59232]
2013-11-20 10:56:52,608: DEBUG: Acct-Terminate-Cause: ['User-Request']
2013-11-20 10:56:52,608: DEBUG: GoGo-Acct-Output-Voice-Octets: [0]
2013-11-20 10:56:52,608: DEBUG: Acct-Output-Gigawords: [0]
2013-11-20 10:56:52,608: DEBUG: GoGo-Total-Output-Voice-Packets: [0]
2013-11-20 10:56:52,608: DEBUG: Acct-Input-Gigawords: [0]
2013-11-20 10:56:52,608: DEBUG: Calling-Station-Id: [u'17:21:31:41:52:21']
2013-11-20 10:56:52,608: DEBUG: NAS-Port-Type: ['Wireless-802.11']
2013-11-20 10:56:52,608: DEBUG: GoGo-Total-Output-Voice-Octets: [0]
2013-11-20 10:56:52,608: DEBUG: GoGo-Private-IP-Address: ['192.168.1.179']
2013-11-20 10:56:52,608: DEBUG: GoGo-Acct-Input-Voice-Gigawords: [0]
2013-11-20 10:56:52,609: DEBUG: GoGo-Total-Input-Packets: [1803]
2013-11-20 10:56:52,609: DEBUG: GoGo-Total-Input-Gigawords: [0]
2013-11-20 10:56:52,609: DEBUG: GoGo-Acct-Input-Voice-Packets: [0]
2013-11-20 10:56:52,609: DEBUG: GoGo-Total-Input-Octets: [1193109]
2013-11-20 10:56:52,609: DEBUG: GoGo-Total-Output-Packets: [59232]
2013-11-20 10:56:52,609: DEBUG: WISPr-Location-ID: [u'airline=BA01,tail=01009,network=']
2013-11-20 10:56:52,609: DEBUG: GoGo-Acct-Output-Voice-Packets: [0]
2013-11-20 10:56:52,609: DEBUG: GoGo-Acct-Output-Voice-Gigawords: [0]
2013-11-20 10:56:52,609: DEBUG: Acct-Input-Octets: [1193109]
2013-11-20 10:56:52,611: DEBUG: 

2013-11-20 10:56:52,611: DEBUG: Received response with following attributes:
2013-11-20 10:56:52,611: DEBUG: Ending the test for this user
2013-11-20 10:56:53,479: DEBUG: Starting the client for the user username76@airborne.aircell.com to the server localhost

2013-11-20 10:56:53,479: DEBUG: DURATION of the TEST: 13
2013-11-20 10:56:53,479: DEBUG: NAS-IP: 10.254.61.1
2013-11-20 10:56:53,479: DEBUG: NAS-MAC-ADDR: 17:21:31:41:52:26
2013-11-20 10:56:53,480: DEBUG: Abruptly End: True
2013-11-20 10:56:53,480: DEBUG: Framed-IP: 10.254.61.200
2013-11-20 10:56:53,480: DEBUG: User-MAC-Addr: 00:16:3E:0E:CE:EA
2013-11-20 10:56:53,480: DEBUG: 

2013-11-20 10:56:53,480: DEBUG: Creating Authentication Request with the following Attributes:
2013-11-20 10:56:53,480: DEBUG: NAS-Identifier: [u'C08386']
2013-11-20 10:56:53,481: DEBUG: User-Name: [u'username76@airborne.aircell.com']
2013-11-20 10:56:53,481: DEBUG: NAS-IP-Address: ['10.254.61.1']
2013-11-20 10:56:53,481: DEBUG: Service-Type: ['Authenticate-Only']
2013-11-20 10:56:53,481: DEBUG: Proxy-State: ['3237,3134']
2013-11-20 10:56:53,481: DEBUG: Framed-IP-Address: ['10.254.61.200']
2013-11-20 10:56:53,481: DEBUG: GoGo-Airline: [u'BA01']
2013-11-20 10:56:53,481: DEBUG: Acct-Session-Id: [u'AAATestNAS_56-1384925213480-00163E0ECEEA-1']
2013-11-20 10:56:53,481: DEBUG: GoGo-Tail-Number: [u'AAATestNAS_56']
2013-11-20 10:56:53,481: DEBUG: GoGo-Private-IP-Address: ['192.168.1.179']
2013-11-20 10:56:53,481: DEBUG: WISPr-Location-ID: [u'airline=BA01,tail=01009,network=']
2013-11-20 10:56:53,482: DEBUG: WISPr-Location-Name: [u'TEST LLC,BA01_01009']
2013-11-20 10:56:53,482: DEBUG: NAS-Port-Type: ['Wireless-802.11']
2013-11-20 10:56:53,482: DEBUG: Called-Station-Id: [u'00:16:3E:0E:CE:EA']
2013-11-20 10:56:53,482: DEBUG: Calling-Station-Id: [u'17:21:31:41:52:26']
2013-11-20 10:56:53,483: DEBUG: 

2013-11-20 10:56:53,483: DEBUG: Received response with code: 2, Accepted
2013-11-20 10:56:53,483: DEBUG: Creating Authentication Request with the following Attributes:
2013-11-20 10:56:53,484: DEBUG: NAS-Identifier: [u'C08386']
2013-11-20 10:56:53,484: DEBUG: User-Name: [u'username76@airborne.aircell.com']
2013-11-20 10:56:53,484: DEBUG: NAS-IP-Address: ['10.254.61.1']
2013-11-20 10:56:53,484: DEBUG: Service-Type: ['Login-User']
2013-11-20 10:56:53,484: DEBUG: Proxy-State: ['3237,3134']
2013-11-20 10:56:53,484: DEBUG: Framed-IP-Address: ['10.254.61.200']
2013-11-20 10:56:53,484: DEBUG: GoGo-Airline: [u'BA01']
2013-11-20 10:56:53,484: DEBUG: Acct-Session-Id: [u'AAATestNAS_56-1384925213483-00163E0ECEEA-1']
2013-11-20 10:56:53,484: DEBUG: GoGo-Tail-Number: [u'AAATestNAS_56']
2013-11-20 10:56:53,485: DEBUG: GoGo-Private-IP-Address: ['192.168.1.179']
2013-11-20 10:56:53,485: DEBUG: WISPr-Location-ID: [u'airline=BA01,tail=01009,network=']
2013-11-20 10:56:53,485: DEBUG: WISPr-Location-Name: [u'TEST LLC,BA01_01009']
2013-11-20 10:56:53,485: DEBUG: NAS-Port-Type: ['Wireless-802.11']
2013-11-20 10:56:53,485: DEBUG: Called-Station-Id: [u'00:16:3E:0E:CE:EA']
2013-11-20 10:56:53,485: DEBUG: Calling-Station-Id: [u'17:21:31:41:52:26']
2013-11-20 10:56:53,486: DEBUG: 

2013-11-20 10:56:53,486: DEBUG: Received response with code: 2, Accepted
2013-11-20 10:56:53,486: DEBUG: 

2013-11-20 10:56:53,487: DEBUG: Creating Accounting start Request with the following Attributes:
2013-11-20 10:56:53,487: DEBUG: NAS-Identifier: [u'C08386']
2013-11-20 10:56:53,487: DEBUG: User-Name: [u'username76@airborne.aircell.com']
2013-11-20 10:56:53,487: DEBUG: GoGo-Tail-Number: [u'AAATestNAS_56']
2013-11-20 10:56:53,487: DEBUG: NAS-IP-Address: ['10.254.61.1']
2013-11-20 10:56:53,487: DEBUG: Proxy-State: ['3239,3131']
2013-11-20 10:56:53,487: DEBUG: Acct-Status-Type: ['Start']
2013-11-20 10:56:53,487: DEBUG: GoGo-Airline: [u'BA01']
2013-11-20 10:56:53,487: DEBUG: Acct-Session-Id: [u'AAATestNAS_56-1384925213483-00163E0ECEEA-1']
2013-11-20 10:56:53,488: DEBUG: GoGo-Private-IP-Address: ['192.168.1.179']
2013-11-20 10:56:53,488: DEBUG: Framed-IP-Address: ['10.254.61.200']
2013-11-20 10:56:53,488: DEBUG: WISPr-Location-ID: [u'airline=BA01,tail=01009,network=']
2013-11-20 10:56:53,488: DEBUG: WISPr-Location-Name: [u'TEST LLC,BA01_01009']
2013-11-20 10:56:53,488: DEBUG: NAS-Port-Type: ['Wireless-802.11']
2013-11-20 10:56:53,488: DEBUG: Called-Station-Id: [u'00:16:3E:0E:CE:EA']
2013-11-20 10:56:53,488: DEBUG: Calling-Station-Id: [u'17:21:31:41:52:26']
2013-11-20 10:56:53,489: DEBUG: 

2013-11-20 10:56:53,489: DEBUG: Received response with following attributes:
2013-11-20 10:57:03,490: DEBUG: 

2013-11-20 10:57:03,491: DEBUG: Creating Accounting Update Request with the following Attributes:
2013-11-20 10:57:03,491: DEBUG: User-Name: [u'username76@airborne.aircell.com']
2013-11-20 10:57:03,491: DEBUG: GoGo-Tail-Number: [u'AAATestNAS_56']
2013-11-20 10:57:03,491: DEBUG: Acct-Output-Octets: [9140193]
2013-11-20 10:57:03,491: DEBUG: NAS-IP-Address: ['10.254.61.1']
2013-11-20 10:57:03,492: DEBUG: GoGo-Total-Output-Gigawords: [0]
2013-11-20 10:57:03,492: DEBUG: Framed-IP-Address: ['10.254.61.200']
2013-11-20 10:57:03,492: DEBUG: GoGo-Total-Input-Voice-Gigawords: [0]
2013-11-20 10:57:03,492: DEBUG: GoGo-Total-Output-Octets: [9140193]
2013-11-20 10:57:03,492: DEBUG: GoGo-Acct-Input-Voice-Octets: [0]
2013-11-20 10:57:03,492: DEBUG: GoGo-Total-Input-Voice-Packets: [0]
2013-11-20 10:57:03,492: DEBUG: Called-Station-Id: [u'00:16:3E:0E:CE:EA']
2013-11-20 10:57:03,492: DEBUG: WISPr-Location-Name: [u'TEST LLC,BA01_01009']
2013-11-20 10:57:03,492: DEBUG: NAS-Identifier: [u'C08386']
2013-11-20 10:57:03,493: DEBUG: Proxy-State: ['3330,3132']
2013-11-20 10:57:03,493: DEBUG: GoGo-Total-Input-Voice-Octets: [0]
2013-11-20 10:57:03,493: DEBUG: Acct-Status-Type: ['Interim-Update']
2013-11-20 10:57:03,493: DEBUG: GoGo-Total-Output-Voice-Gigawords: [0]
2013-11-20 10:57:03,493: DEBUG: GoGo-Airline: [u'BA01']
2013-11-20 10:57:03,493: DEBUG: Acct-Session-Id: [u'AAATestNAS_56-1384925213483-00163E0ECEEA-1']
2013-11-20 10:57:03,493: DEBUG: Acct-Session-Time: [10]
2013-11-20 10:57:03,493: DEBUG: Acct-Input-Packets: [36587]
2013-11-20 10:57:03,493: DEBUG: Acct-Output-Packets: [61320]
2013-11-20 10:57:03,494: DEBUG: GoGo-Acct-Output-Voice-Packets: [0]
2013-11-20 10:57:03,494: DEBUG: GoGo-Acct-Output-Voice-Octets: [0]
2013-11-20 10:57:03,494: DEBUG: Acct-Output-Gigawords: [0]
2013-11-20 10:57:03,494: DEBUG: GoGo-Total-Output-Voice-Packets: [0]
2013-11-20 10:57:03,494: DEBUG: Acct-Input-Gigawords: [0]
2013-11-20 10:57:03,494: DEBUG: Calling-Station-Id: [u'17:21:31:41:52:26']
2013-11-20 10:57:03,494: DEBUG: NAS-Port-Type: ['Wireless-802.11']
2013-11-20 10:57:03,494: DEBUG: GoGo-Total-Output-Voice-Octets: [0]
2013-11-20 10:57:03,494: DEBUG: GoGo-Private-IP-Address: ['192.168.1.179']
2013-11-20 10:57:03,494: DEBUG: GoGo-Acct-Input-Voice-Gigawords: [0]
2013-11-20 10:57:03,495: DEBUG: GoGo-Total-Input-Packets: [36587]
2013-11-20 10:57:03,495: DEBUG: GoGo-Total-Input-Gigawords: [0]
2013-11-20 10:57:03,495: DEBUG: GoGo-Acct-Input-Voice-Packets: [0]
2013-11-20 10:57:03,495: DEBUG: GoGo-Total-Input-Octets: [8240508]
2013-11-20 10:57:03,495: DEBUG: GoGo-Total-Output-Packets: [61320]
2013-11-20 10:57:03,495: DEBUG: WISPr-Location-ID: [u'airline=BA01,tail=01009,network=']
2013-11-20 10:57:03,495: DEBUG: GoGo-Acct-Output-Voice-Gigawords: [0]
2013-11-20 10:57:03,495: DEBUG: Acct-Input-Octets: [8240508]
2013-11-20 10:57:03,497: DEBUG: 

2013-11-20 10:57:03,497: DEBUG: Received response with following attributes:
2013-11-20 10:57:18,498: DEBUG: User has abruptly end flag so ending the test with out AcctStop
2013-11-20 10:57:18,498: DEBUG: Ending the test for this user
2013-11-20 10:57:19,511: DEBUG: Starting the client for the user username76@airborne.aircell.com to the server localhost

2013-11-20 10:57:19,512: DEBUG: DURATION of the TEST: 94
2013-11-20 10:57:19,512: DEBUG: NAS-IP: 10.254.92.1
2013-11-20 10:57:19,513: DEBUG: NAS-MAC-ADDR: 17:21:31:41:52:57
2013-11-20 10:57:19,513: DEBUG: Abruptly End: False
2013-11-20 10:57:19,513: DEBUG: Framed-IP: 10.254.92.128
2013-11-20 10:57:19,514: DEBUG: User-MAC-Addr: 00:16:3E:1F:AC:7F
2013-11-20 10:57:19,514: DEBUG: 

2013-11-20 10:57:19,515: DEBUG: Creating Authentication Request with the following Attributes:
2013-11-20 10:57:19,516: DEBUG: NAS-Identifier: [u'C08386']
2013-11-20 10:57:19,517: DEBUG: User-Name: [u'username76@airborne.aircell.com']
2013-11-20 10:57:19,518: DEBUG: NAS-IP-Address: ['10.254.92.1']
2013-11-20 10:57:19,518: DEBUG: Service-Type: ['Authenticate-Only']
2013-11-20 10:57:19,519: DEBUG: Proxy-State: ['3237,3134']
2013-11-20 10:57:19,520: DEBUG: Framed-IP-Address: ['10.254.92.128']
2013-11-20 10:57:19,521: DEBUG: GoGo-Airline: [u'BA01']
2013-11-20 10:57:19,523: DEBUG: Acct-Session-Id: [u'AAATestNAS_87-1384925239515-00163E1FAC7F-1']
2013-11-20 10:57:19,524: DEBUG: GoGo-Tail-Number: [u'AAATestNAS_87']
2013-11-20 10:57:19,525: DEBUG: GoGo-Private-IP-Address: ['192.168.1.179']
2013-11-20 10:57:19,528: DEBUG: WISPr-Location-ID: [u'airline=BA01,tail=01009,network=']
2013-11-20 10:57:19,530: DEBUG: WISPr-Location-Name: [u'TEST LLC,BA01_01009']
2013-11-20 10:57:19,531: DEBUG: NAS-Port-Type: ['Wireless-802.11']
2013-11-20 10:57:19,533: DEBUG: Called-Station-Id: [u'00:16:3E:1F:AC:7F']
2013-11-20 10:57:19,534: DEBUG: Calling-Station-Id: [u'17:21:31:41:52:57']
2013-11-20 10:57:19,538: DEBUG: 

2013-11-20 10:57:19,541: DEBUG: Received response with code: 2, Accepted
2013-11-20 10:57:19,543: DEBUG: Creating Authentication Request with the following Attributes:
2013-11-20 10:57:19,545: DEBUG: NAS-Identifier: [u'C08386']
2013-11-20 10:57:19,546: DEBUG: User-Name: [u'username76@airborne.aircell.com']
2013-11-20 10:57:19,547: DEBUG: NAS-IP-Address: ['10.254.92.1']
2013-11-20 10:57:19,549: DEBUG: Service-Type: ['Login-User']
2013-11-20 10:57:19,552: DEBUG: Proxy-State: ['3237,3134']
2013-11-20 10:57:19,553: DEBUG: Framed-IP-Address: ['10.254.92.128']
2013-11-20 10:57:19,556: DEBUG: GoGo-Airline: [u'BA01']
2013-11-20 10:57:19,556: DEBUG: Acct-Session-Id: [u'AAATestNAS_87-1384925239543-00163E1FAC7F-1']
2013-11-20 10:57:19,558: DEBUG: GoGo-Tail-Number: [u'AAATestNAS_87']
2013-11-20 10:57:19,560: DEBUG: GoGo-Private-IP-Address: ['192.168.1.179']
2013-11-20 10:57:19,563: DEBUG: WISPr-Location-ID: [u'airline=BA01,tail=01009,network=']
2013-11-20 10:57:19,565: DEBUG: WISPr-Location-Name: [u'TEST LLC,BA01_01009']
2013-11-20 10:57:19,566: DEBUG: NAS-Port-Type: ['Wireless-802.11']
2013-11-20 10:57:19,567: DEBUG: Called-Station-Id: [u'00:16:3E:1F:AC:7F']
2013-11-20 10:57:19,568: DEBUG: Calling-Station-Id: [u'17:21:31:41:52:57']
2013-11-20 10:57:19,572: DEBUG: 

2013-11-20 10:57:19,575: DEBUG: Received response with code: 2, Accepted
2013-11-20 10:57:19,578: DEBUG: 

2013-11-20 10:57:19,580: DEBUG: Creating Accounting start Request with the following Attributes:
2013-11-20 10:57:19,582: DEBUG: NAS-Identifier: [u'C08386']
2013-11-20 10:57:19,587: DEBUG: User-Name: [u'username76@airborne.aircell.com']
2013-11-20 10:57:19,593: DEBUG: GoGo-Tail-Number: [u'AAATestNAS_87']
2013-11-20 10:57:19,597: DEBUG: NAS-IP-Address: ['10.254.92.1']
2013-11-20 10:57:19,598: DEBUG: Proxy-State: ['3239,3131']
2013-11-20 10:57:19,601: DEBUG: Acct-Status-Type: ['Start']
2013-11-20 10:57:19,602: DEBUG: GoGo-Airline: [u'BA01']
2013-11-20 10:57:19,604: DEBUG: Acct-Session-Id: [u'AAATestNAS_87-1384925239543-00163E1FAC7F-1']
2013-11-20 10:57:19,606: DEBUG: GoGo-Private-IP-Address: ['192.168.1.179']
2013-11-20 10:57:19,611: DEBUG: Framed-IP-Address: ['10.254.92.128']
2013-11-20 10:57:19,614: DEBUG: WISPr-Location-ID: [u'airline=BA01,tail=01009,network=']
2013-11-20 10:57:19,617: DEBUG: WISPr-Location-Name: [u'TEST LLC,BA01_01009']
2013-11-20 10:57:19,618: DEBUG: NAS-Port-Type: ['Wireless-802.11']
2013-11-20 10:57:19,621: DEBUG: Called-Station-Id: [u'00:16:3E:1F:AC:7F']
2013-11-20 10:57:19,623: DEBUG: Calling-Station-Id: [u'17:21:31:41:52:57']
2013-11-20 10:57:19,627: DEBUG: 

2013-11-20 10:57:19,627: DEBUG: Received response with following attributes:
2013-11-20 10:57:29,630: DEBUG: 

2013-11-20 10:57:29,631: DEBUG: Creating Accounting Update Request with the following Attributes:
2013-11-20 10:57:29,632: DEBUG: User-Name: [u'username76@airborne.aircell.com']
2013-11-20 10:57:29,633: DEBUG: GoGo-Tail-Number: [u'AAATestNAS_87']
2013-11-20 10:57:29,634: DEBUG: Acct-Output-Octets: [9201198]
2013-11-20 10:57:29,634: DEBUG: NAS-IP-Address: ['10.254.92.1']
2013-11-20 10:57:29,635: DEBUG: GoGo-Total-Output-Gigawords: [0]
2013-11-20 10:57:29,636: DEBUG: Framed-IP-Address: ['10.254.92.128']
2013-11-20 10:57:29,637: DEBUG: GoGo-Total-Input-Voice-Gigawords: [0]
2013-11-20 10:57:29,638: DEBUG: GoGo-Total-Output-Octets: [9201198]
2013-11-20 10:57:29,638: DEBUG: GoGo-Acct-Input-Voice-Octets: [0]
2013-11-20 10:57:29,639: DEBUG: GoGo-Total-Input-Voice-Packets: [0]
2013-11-20 10:57:29,640: DEBUG: Called-Station-Id: [u'00:16:3E:1F:AC:7F']
2013-11-20 10:57:29,641: DEBUG: WISPr-Location-Name: [u'TEST LLC,BA01_01009']
2013-11-20 10:57:29,642: DEBUG: NAS-Identifier: [u'C08386']
2013-11-20 10:57:29,642: DEBUG: Proxy-State: ['3330,3132']
2013-11-20 10:57:29,643: DEBUG: GoGo-Total-Input-Voice-Octets: [0]
2013-11-20 10:57:29,643: DEBUG: Acct-Status-Type: ['Interim-Update']
2013-11-20 10:57:29,643: DEBUG: GoGo-Total-Output-Voice-Gigawords: [0]
2013-11-20 10:57:29,644: DEBUG: GoGo-Airline: [u'BA01']
2013-11-20 10:57:29,644: DEBUG: Acct-Session-Id: [u'AAATestNAS_87-1384925239543-00163E1FAC7F-1']
2013-11-20 10:57:29,644: DEBUG: Acct-Session-Time: [10]
2013-11-20 10:57:29,644: DEBUG: Acct-Input-Packets: [26945]
2013-11-20 10:57:29,644: DEBUG: Acct-Output-Packets: [34854]
2013-11-20 10:57:29,645: DEBUG: GoGo-Acct-Output-Voice-Packets: [0]
2013-11-20 10:57:29,645: DEBUG: GoGo-Acct-Output-Voice-Octets: [0]
2013-11-20 10:57:29,645: DEBUG: Acct-Output-Gigawords: [0]
2013-11-20 10:57:29,646: DEBUG: GoGo-Total-Output-Voice-Packets: [0]
2013-11-20 10:57:29,646: DEBUG: Acct-Input-Gigawords: [0]
2013-11-20 10:57:29,646: DEBUG: Calling-Station-Id: [u'17:21:31:41:52:57']
2013-11-20 10:57:29,647: DEBUG: NAS-Port-Type: ['Wireless-802.11']
2013-11-20 10:57:29,647: DEBUG: GoGo-Total-Output-Voice-Octets: [0]
2013-11-20 10:57:29,647: DEBUG: GoGo-Private-IP-Address: ['192.168.1.179']
2013-11-20 10:57:29,647: DEBUG: GoGo-Acct-Input-Voice-Gigawords: [0]
2013-11-20 10:57:29,648: DEBUG: GoGo-Total-Input-Packets: [26945]
2013-11-20 10:57:29,648: DEBUG: GoGo-Total-Input-Gigawords: [0]
2013-11-20 10:57:29,648: DEBUG: GoGo-Acct-Input-Voice-Packets: [0]
2013-11-20 10:57:29,648: DEBUG: GoGo-Total-Input-Octets: [4319204]
2013-11-20 10:57:29,649: DEBUG: GoGo-Total-Output-Packets: [34854]
2013-11-20 10:57:29,649: DEBUG: WISPr-Location-ID: [u'airline=BA01,tail=01009,network=']
2013-11-20 10:57:29,649: DEBUG: GoGo-Acct-Output-Voice-Gigawords: [0]
2013-11-20 10:57:29,649: DEBUG: Acct-Input-Octets: [4319204]
2013-11-20 10:57:29,650: DEBUG: 

2013-11-20 10:57:29,651: DEBUG: Received response with following attributes:
2013-11-20 10:57:39,652: DEBUG: 

2013-11-20 10:57:39,653: DEBUG: Creating Accounting Update Request with the following Attributes:
2013-11-20 10:57:39,654: DEBUG: User-Name: [u'username76@airborne.aircell.com']
2013-11-20 10:57:39,655: DEBUG: GoGo-Tail-Number: [u'AAATestNAS_87']
2013-11-20 10:57:39,655: DEBUG: Acct-Output-Octets: [6354041]
2013-11-20 10:57:39,656: DEBUG: NAS-IP-Address: ['10.254.92.1']
2013-11-20 10:57:39,657: DEBUG: GoGo-Total-Output-Gigawords: [0]
2013-11-20 10:57:39,658: DEBUG: Framed-IP-Address: ['10.254.92.128']
2013-11-20 10:57:39,659: DEBUG: GoGo-Total-Input-Voice-Gigawords: [0]
2013-11-20 10:57:39,660: DEBUG: GoGo-Total-Output-Octets: [6354041]
2013-11-20 10:57:39,661: DEBUG: GoGo-Acct-Input-Voice-Octets: [0]
2013-11-20 10:57:39,662: DEBUG: GoGo-Total-Input-Voice-Packets: [0]
2013-11-20 10:57:39,663: DEBUG: Called-Station-Id: [u'00:16:3E:1F:AC:7F']
2013-11-20 10:57:39,663: DEBUG: WISPr-Location-Name: [u'TEST LLC,BA01_01009']
2013-11-20 10:57:39,664: DEBUG: NAS-Identifier: [u'C08386']
2013-11-20 10:57:39,665: DEBUG: Proxy-State: ['3330,3132']
2013-11-20 10:57:39,666: DEBUG: GoGo-Total-Input-Voice-Octets: [0]
2013-11-20 10:57:39,668: DEBUG: Acct-Status-Type: ['Interim-Update']
2013-11-20 10:57:39,669: DEBUG: GoGo-Total-Output-Voice-Gigawords: [0]
2013-11-20 10:57:39,670: DEBUG: GoGo-Airline: [u'BA01']
2013-11-20 10:57:39,670: DEBUG: Acct-Session-Id: [u'AAATestNAS_87-1384925239543-00163E1FAC7F-1']
2013-11-20 10:57:39,671: DEBUG: Acct-Session-Time: [10]
2013-11-20 10:57:39,671: DEBUG: Acct-Input-Packets: [35661]
2013-11-20 10:57:39,672: DEBUG: Acct-Output-Packets: [19451]
2013-11-20 10:57:39,672: DEBUG: GoGo-Acct-Output-Voice-Packets: [0]
2013-11-20 10:57:39,673: DEBUG: GoGo-Acct-Output-Voice-Octets: [0]
2013-11-20 10:57:39,674: DEBUG: Acct-Output-Gigawords: [0]
2013-11-20 10:57:39,674: DEBUG: GoGo-Total-Output-Voice-Packets: [0]
2013-11-20 10:57:39,674: DEBUG: Acct-Input-Gigawords: [0]
2013-11-20 10:57:39,675: DEBUG: Calling-Station-Id: [u'17:21:31:41:52:57']
2013-11-20 10:57:39,675: DEBUG: NAS-Port-Type: ['Wireless-802.11']
2013-11-20 10:57:39,675: DEBUG: GoGo-Total-Output-Voice-Octets: [0]
2013-11-20 10:57:39,676: DEBUG: GoGo-Private-IP-Address: ['192.168.1.179']
2013-11-20 10:57:39,676: DEBUG: GoGo-Acct-Input-Voice-Gigawords: [0]
2013-11-20 10:57:39,676: DEBUG: GoGo-Total-Input-Packets: [35661]
2013-11-20 10:57:39,677: DEBUG: GoGo-Total-Input-Gigawords: [0]
2013-11-20 10:57:39,677: DEBUG: GoGo-Acct-Input-Voice-Packets: [0]
2013-11-20 10:57:39,677: DEBUG: GoGo-Total-Input-Octets: [9828352]
2013-11-20 10:57:39,677: DEBUG: GoGo-Total-Output-Packets: [19451]
2013-11-20 10:57:39,678: DEBUG: WISPr-Location-ID: [u'airline=BA01,tail=01009,network=']
2013-11-20 10:57:39,678: DEBUG: GoGo-Acct-Output-Voice-Gigawords: [0]
2013-11-20 10:57:39,678: DEBUG: Acct-Input-Octets: [9828352]
2013-11-20 10:57:39,678: ERROR: Network error, Reason: 'Network error: Too many open files'
2013-11-20 10:57:49,679: DEBUG: 

2013-11-20 10:57:49,680: DEBUG: Creating Accounting Update Request with the following Attributes:
2013-11-20 10:57:49,681: DEBUG: User-Name: [u'username76@airborne.aircell.com']
2013-11-20 10:57:49,681: DEBUG: GoGo-Tail-Number: [u'AAATestNAS_87']
2013-11-20 10:57:49,682: DEBUG: Acct-Output-Octets: [6070946]
2013-11-20 10:57:49,682: DEBUG: NAS-IP-Address: ['10.254.92.1']
2013-11-20 10:57:49,683: DEBUG: GoGo-Total-Output-Gigawords: [0]
2013-11-20 10:57:49,684: DEBUG: Framed-IP-Address: ['10.254.92.128']
2013-11-20 10:57:49,684: DEBUG: GoGo-Total-Input-Voice-Gigawords: [0]
2013-11-20 10:57:49,685: DEBUG: GoGo-Total-Output-Octets: [6070946]
2013-11-20 10:57:49,686: DEBUG: GoGo-Acct-Input-Voice-Octets: [0]
2013-11-20 10:57:49,686: DEBUG: GoGo-Total-Input-Voice-Packets: [0]
2013-11-20 10:57:49,687: DEBUG: Called-Station-Id: [u'00:16:3E:1F:AC:7F']
2013-11-20 10:57:49,687: DEBUG: WISPr-Location-Name: [u'TEST LLC,BA01_01009']
2013-11-20 10:57:49,687: DEBUG: NAS-Identifier: [u'C08386']
2013-11-20 10:57:49,688: DEBUG: Proxy-State: ['3330,3132']
2013-11-20 10:57:49,688: DEBUG: GoGo-Total-Input-Voice-Octets: [0]
2013-11-20 10:57:49,689: DEBUG: Acct-Status-Type: ['Interim-Update']
2013-11-20 10:57:49,689: DEBUG: GoGo-Total-Output-Voice-Gigawords: [0]
2013-11-20 10:57:49,689: DEBUG: GoGo-Airline: [u'BA01']
2013-11-20 10:57:49,690: DEBUG: Acct-Session-Id: [u'AAATestNAS_87-1384925239543-00163E1FAC7F-1']
2013-11-20 10:57:49,690: DEBUG: Acct-Session-Time: [10]
2013-11-20 10:57:49,691: DEBUG: Acct-Input-Packets: [49389]
2013-11-20 10:57:49,691: DEBUG: Acct-Output-Packets: [34873]
2013-11-20 10:57:49,691: DEBUG: GoGo-Acct-Output-Voice-Packets: [0]
2013-11-20 10:57:49,692: DEBUG: GoGo-Acct-Output-Voice-Octets: [0]
2013-11-20 10:57:49,692: DEBUG: Acct-Output-Gigawords: [0]
2013-11-20 10:57:49,693: DEBUG: GoGo-Total-Output-Voice-Packets: [0]
2013-11-20 10:57:49,693: DEBUG: Acct-Input-Gigawords: [0]
2013-11-20 10:57:49,693: DEBUG: Calling-Station-Id: [u'17:21:31:41:52:57']
2013-11-20 10:57:49,694: DEBUG: NAS-Port-Type: ['Wireless-802.11']
2013-11-20 10:57:49,694: DEBUG: GoGo-Total-Output-Voice-Octets: [0]
2013-11-20 10:57:49,694: DEBUG: GoGo-Private-IP-Address: ['192.168.1.179']
2013-11-20 10:57:49,695: DEBUG: GoGo-Acct-Input-Voice-Gigawords: [0]
2013-11-20 10:57:49,695: DEBUG: GoGo-Total-Input-Packets: [49389]
2013-11-20 10:57:49,695: DEBUG: GoGo-Total-Input-Gigawords: [0]
2013-11-20 10:57:49,696: DEBUG: GoGo-Acct-Input-Voice-Packets: [0]
2013-11-20 10:57:49,696: DEBUG: GoGo-Total-Input-Octets: [8537373]
2013-11-20 10:57:49,697: DEBUG: GoGo-Total-Output-Packets: [34873]
2013-11-20 10:57:49,697: DEBUG: WISPr-Location-ID: [u'airline=BA01,tail=01009,network=']
2013-11-20 10:57:49,697: DEBUG: GoGo-Acct-Output-Voice-Gigawords: [0]
2013-11-20 10:57:49,698: DEBUG: Acct-Input-Octets: [8537373]
2013-11-20 10:57:49,699: ERROR: Network error, Reason: 'Network error: Too many open files'
2013-11-20 10:57:59,700: DEBUG: 

2013-11-20 10:57:59,700: DEBUG: Creating Accounting Update Request with the following Attributes:
2013-11-20 10:57:59,701: DEBUG: User-Name: [u'username76@airborne.aircell.com']
2013-11-20 10:57:59,701: DEBUG: GoGo-Tail-Number: [u'AAATestNAS_87']
2013-11-20 10:57:59,701: DEBUG: Acct-Output-Octets: [8494620]
2013-11-20 10:57:59,702: DEBUG: NAS-IP-Address: ['10.254.92.1']
2013-11-20 10:57:59,702: DEBUG: GoGo-Total-Output-Gigawords: [0]
2013-11-20 10:57:59,702: DEBUG: Framed-IP-Address: ['10.254.92.128']
2013-11-20 10:57:59,703: DEBUG: GoGo-Total-Input-Voice-Gigawords: [0]
2013-11-20 10:57:59,703: DEBUG: GoGo-Total-Output-Octets: [8494620]
2013-11-20 10:57:59,703: DEBUG: GoGo-Acct-Input-Voice-Octets: [0]
2013-11-20 10:57:59,704: DEBUG: GoGo-Total-Input-Voice-Packets: [0]
2013-11-20 10:57:59,704: DEBUG: Called-Station-Id: [u'00:16:3E:1F:AC:7F']
2013-11-20 10:57:59,705: DEBUG: WISPr-Location-Name: [u'TEST LLC,BA01_01009']
2013-11-20 10:57:59,705: DEBUG: NAS-Identifier: [u'C08386']
2013-11-20 10:57:59,705: DEBUG: Proxy-State: ['3330,3132']
2013-11-20 10:57:59,706: DEBUG: GoGo-Total-Input-Voice-Octets: [0]
2013-11-20 10:57:59,706: DEBUG: Acct-Status-Type: ['Interim-Update']
2013-11-20 10:57:59,706: DEBUG: GoGo-Total-Output-Voice-Gigawords: [0]
2013-11-20 10:57:59,707: DEBUG: GoGo-Airline: [u'BA01']
2013-11-20 10:57:59,707: DEBUG: Acct-Session-Id: [u'AAATestNAS_87-1384925239543-00163E1FAC7F-1']
2013-11-20 10:57:59,707: DEBUG: Acct-Session-Time: [10]
2013-11-20 10:57:59,708: DEBUG: Acct-Input-Packets: [38820]
2013-11-20 10:57:59,708: DEBUG: Acct-Output-Packets: [58873]
2013-11-20 10:57:59,708: DEBUG: GoGo-Acct-Output-Voice-Packets: [0]
2013-11-20 10:57:59,709: DEBUG: GoGo-Acct-Output-Voice-Octets: [0]
2013-11-20 10:57:59,709: DEBUG: Acct-Output-Gigawords: [0]
2013-11-20 10:57:59,710: DEBUG: GoGo-Total-Output-Voice-Packets: [0]
2013-11-20 10:57:59,710: DEBUG: Acct-Input-Gigawords: [0]
2013-11-20 10:57:59,710: DEBUG: Calling-Station-Id: [u'17:21:31:41:52:57']
2013-11-20 10:57:59,711: DEBUG: NAS-Port-Type: ['Wireless-802.11']
2013-11-20 10:57:59,711: DEBUG: GoGo-Total-Output-Voice-Octets: [0]
2013-11-20 10:57:59,711: DEBUG: GoGo-Private-IP-Address: ['192.168.1.179']
2013-11-20 10:57:59,712: DEBUG: GoGo-Acct-Input-Voice-Gigawords: [0]
2013-11-20 10:57:59,712: DEBUG: GoGo-Total-Input-Packets: [38820]
2013-11-20 10:57:59,712: DEBUG: GoGo-Total-Input-Gigawords: [0]
2013-11-20 10:57:59,713: DEBUG: GoGo-Acct-Input-Voice-Packets: [0]
2013-11-20 10:57:59,713: DEBUG: GoGo-Total-Input-Octets: [5956445]
2013-11-20 10:57:59,713: DEBUG: GoGo-Total-Output-Packets: [58873]
2013-11-20 10:57:59,714: DEBUG: WISPr-Location-ID: [u'airline=BA01,tail=01009,network=']
2013-11-20 10:57:59,714: DEBUG: GoGo-Acct-Output-Voice-Gigawords: [0]
2013-11-20 10:57:59,714: DEBUG: Acct-Input-Octets: [5956445]
2013-11-20 10:57:59,714: ERROR: Network error, Reason: 'Network error: Too many open files'
2013-11-20 10:58:09,715: DEBUG: 

2013-11-20 10:58:09,716: DEBUG: Creating Accounting Update Request with the following Attributes:
2013-11-20 10:58:09,716: DEBUG: User-Name: [u'username76@airborne.aircell.com']
2013-11-20 10:58:09,716: DEBUG: GoGo-Tail-Number: [u'AAATestNAS_87']
2013-11-20 10:58:09,716: DEBUG: Acct-Output-Octets: [1724266]
2013-11-20 10:58:09,717: DEBUG: NAS-IP-Address: ['10.254.92.1']
2013-11-20 10:58:09,717: DEBUG: GoGo-Total-Output-Gigawords: [0]
2013-11-20 10:58:09,717: DEBUG: Framed-IP-Address: ['10.254.92.128']
2013-11-20 10:58:09,718: DEBUG: GoGo-Total-Input-Voice-Gigawords: [0]
2013-11-20 10:58:09,718: DEBUG: GoGo-Total-Output-Octets: [1724266]
2013-11-20 10:58:09,719: DEBUG: GoGo-Acct-Input-Voice-Octets: [0]
2013-11-20 10:58:09,719: DEBUG: GoGo-Total-Input-Voice-Packets: [0]
2013-11-20 10:58:09,720: DEBUG: Called-Station-Id: [u'00:16:3E:1F:AC:7F']
2013-11-20 10:58:09,720: DEBUG: WISPr-Location-Name: [u'TEST LLC,BA01_01009']
2013-11-20 10:58:09,720: DEBUG: NAS-Identifier: [u'C08386']
2013-11-20 10:58:09,721: DEBUG: Proxy-State: ['3330,3132']
2013-11-20 10:58:09,721: DEBUG: GoGo-Total-Input-Voice-Octets: [0]
2013-11-20 10:58:09,721: DEBUG: Acct-Status-Type: ['Interim-Update']
2013-11-20 10:58:09,722: DEBUG: GoGo-Total-Output-Voice-Gigawords: [0]
2013-11-20 10:58:09,722: DEBUG: GoGo-Airline: [u'BA01']
2013-11-20 10:58:09,723: DEBUG: Acct-Session-Id: [u'AAATestNAS_87-1384925239543-00163E1FAC7F-1']
2013-11-20 10:58:09,723: DEBUG: Acct-Session-Time: [10]
2013-11-20 10:58:09,724: DEBUG: Acct-Input-Packets: [47227]
2013-11-20 10:58:09,724: DEBUG: Acct-Output-Packets: [13491]
2013-11-20 10:58:09,724: DEBUG: GoGo-Acct-Output-Voice-Packets: [0]
2013-11-20 10:58:09,724: DEBUG: GoGo-Acct-Output-Voice-Octets: [0]
2013-11-20 10:58:09,725: DEBUG: Acct-Output-Gigawords: [0]
2013-11-20 10:58:09,725: DEBUG: GoGo-Total-Output-Voice-Packets: [0]
2013-11-20 10:58:09,725: DEBUG: Acct-Input-Gigawords: [0]
2013-11-20 10:58:09,726: DEBUG: Calling-Station-Id: [u'17:21:31:41:52:57']
2013-11-20 10:58:09,726: DEBUG: NAS-Port-Type: ['Wireless-802.11']
2013-11-20 10:58:09,727: DEBUG: GoGo-Total-Output-Voice-Octets: [0]
2013-11-20 10:58:09,727: DEBUG: GoGo-Private-IP-Address: ['192.168.1.179']
2013-11-20 10:58:09,728: DEBUG: GoGo-Acct-Input-Voice-Gigawords: [0]
2013-11-20 10:58:09,728: DEBUG: GoGo-Total-Input-Packets: [47227]
2013-11-20 10:58:09,728: DEBUG: GoGo-Total-Input-Gigawords: [0]
2013-11-20 10:58:09,729: DEBUG: GoGo-Acct-Input-Voice-Packets: [0]
2013-11-20 10:58:09,729: DEBUG: GoGo-Total-Input-Octets: [9639237]
2013-11-20 10:58:09,729: DEBUG: GoGo-Total-Output-Packets: [13491]
2013-11-20 10:58:09,730: DEBUG: WISPr-Location-ID: [u'airline=BA01,tail=01009,network=']
2013-11-20 10:58:09,730: DEBUG: GoGo-Acct-Output-Voice-Gigawords: [0]
2013-11-20 10:58:09,730: DEBUG: Acct-Input-Octets: [9639237]
2013-11-20 10:58:09,734: DEBUG: 

2013-11-20 10:58:09,734: DEBUG: Received response with following attributes:
2013-11-20 10:58:19,735: DEBUG: 

2013-11-20 10:58:19,736: DEBUG: Creating Accounting Update Request with the following Attributes:
2013-11-20 10:58:19,736: DEBUG: User-Name: [u'username76@airborne.aircell.com']
2013-11-20 10:58:19,736: DEBUG: GoGo-Tail-Number: [u'AAATestNAS_87']
2013-11-20 10:58:19,737: DEBUG: Acct-Output-Octets: [6949599]
2013-11-20 10:58:19,737: DEBUG: NAS-IP-Address: ['10.254.92.1']
2013-11-20 10:58:19,737: DEBUG: GoGo-Total-Output-Gigawords: [0]
2013-11-20 10:58:19,738: DEBUG: Framed-IP-Address: ['10.254.92.128']
2013-11-20 10:58:19,738: DEBUG: GoGo-Total-Input-Voice-Gigawords: [0]
2013-11-20 10:58:19,739: DEBUG: GoGo-Total-Output-Octets: [6949599]
2013-11-20 10:58:19,739: DEBUG: GoGo-Acct-Input-Voice-Octets: [0]
2013-11-20 10:58:19,739: DEBUG: GoGo-Total-Input-Voice-Packets: [0]
2013-11-20 10:58:19,740: DEBUG: Called-Station-Id: [u'00:16:3E:1F:AC:7F']
2013-11-20 10:58:19,740: DEBUG: WISPr-Location-Name: [u'TEST LLC,BA01_01009']
2013-11-20 10:58:19,741: DEBUG: NAS-Identifier: [u'C08386']
2013-11-20 10:58:19,741: DEBUG: Proxy-State: ['3330,3132']
2013-11-20 10:58:19,741: DEBUG: GoGo-Total-Input-Voice-Octets: [0]
2013-11-20 10:58:19,742: DEBUG: Acct-Status-Type: ['Interim-Update']
2013-11-20 10:58:19,742: DEBUG: GoGo-Total-Output-Voice-Gigawords: [0]
2013-11-20 10:58:19,742: DEBUG: GoGo-Airline: [u'BA01']
2013-11-20 10:58:19,743: DEBUG: Acct-Session-Id: [u'AAATestNAS_87-1384925239543-00163E1FAC7F-1']
2013-11-20 10:58:19,743: DEBUG: Acct-Session-Time: [10]
2013-11-20 10:58:19,744: DEBUG: Acct-Input-Packets: [31095]
2013-11-20 10:58:19,744: DEBUG: Acct-Output-Packets: [49984]
2013-11-20 10:58:19,744: DEBUG: GoGo-Acct-Output-Voice-Packets: [0]
2013-11-20 10:58:19,745: DEBUG: GoGo-Acct-Output-Voice-Octets: [0]
2013-11-20 10:58:19,745: DEBUG: Acct-Output-Gigawords: [0]
2013-11-20 10:58:19,745: DEBUG: GoGo-Total-Output-Voice-Packets: [0]
2013-11-20 10:58:19,746: DEBUG: Acct-Input-Gigawords: [0]
2013-11-20 10:58:19,746: DEBUG: Calling-Station-Id: [u'17:21:31:41:52:57']
2013-11-20 10:58:19,747: DEBUG: NAS-Port-Type: ['Wireless-802.11']
2013-11-20 10:58:19,747: DEBUG: GoGo-Total-Output-Voice-Octets: [0]
2013-11-20 10:58:19,747: DEBUG: GoGo-Private-IP-Address: ['192.168.1.179']
2013-11-20 10:58:19,748: DEBUG: GoGo-Acct-Input-Voice-Gigawords: [0]
2013-11-20 10:58:19,748: DEBUG: GoGo-Total-Input-Packets: [31095]
2013-11-20 10:58:19,748: DEBUG: GoGo-Total-Input-Gigawords: [0]
2013-11-20 10:58:19,748: DEBUG: GoGo-Acct-Input-Voice-Packets: [0]
2013-11-20 10:58:19,748: DEBUG: GoGo-Total-Input-Octets: [6543373]
2013-11-20 10:58:19,748: DEBUG: GoGo-Total-Output-Packets: [49984]
2013-11-20 10:58:19,749: DEBUG: WISPr-Location-ID: [u'airline=BA01,tail=01009,network=']
2013-11-20 10:58:19,749: DEBUG: GoGo-Acct-Output-Voice-Gigawords: [0]
2013-11-20 10:58:19,749: DEBUG: Acct-Input-Octets: [6543373]
2013-11-20 10:58:19,749: ERROR: Network error, Reason: 'Network error: Too many open files'
2013-11-20 10:58:29,750: DEBUG: 

2013-11-20 10:58:29,753: DEBUG: Creating Accounting Update Request with the following Attributes:
2013-11-20 10:58:29,754: DEBUG: User-Name: [u'username76@airborne.aircell.com']
2013-11-20 10:58:29,755: DEBUG: GoGo-Tail-Number: [u'AAATestNAS_87']
2013-11-20 10:58:29,757: DEBUG: Acct-Output-Octets: [7421509]
2013-11-20 10:58:29,758: DEBUG: NAS-IP-Address: ['10.254.92.1']
2013-11-20 10:58:29,760: DEBUG: GoGo-Total-Output-Gigawords: [0]
2013-11-20 10:58:29,761: DEBUG: Framed-IP-Address: ['10.254.92.128']
2013-11-20 10:58:29,762: DEBUG: GoGo-Total-Input-Voice-Gigawords: [0]
2013-11-20 10:58:29,763: DEBUG: GoGo-Total-Output-Octets: [7421509]
2013-11-20 10:58:29,763: DEBUG: GoGo-Acct-Input-Voice-Octets: [0]
2013-11-20 10:58:29,764: DEBUG: GoGo-Total-Input-Voice-Packets: [0]
2013-11-20 10:58:29,765: DEBUG: Called-Station-Id: [u'00:16:3E:1F:AC:7F']
2013-11-20 10:58:29,766: DEBUG: WISPr-Location-Name: [u'TEST LLC,BA01_01009']
2013-11-20 10:58:29,767: DEBUG: NAS-Identifier: [u'C08386']
2013-11-20 10:58:29,768: DEBUG: Proxy-State: ['3330,3132']
2013-11-20 10:58:29,769: DEBUG: GoGo-Total-Input-Voice-Octets: [0]
2013-11-20 10:58:29,770: DEBUG: Acct-Status-Type: ['Interim-Update']
2013-11-20 10:58:29,770: DEBUG: GoGo-Total-Output-Voice-Gigawords: [0]
2013-11-20 10:58:29,771: DEBUG: GoGo-Airline: [u'BA01']
2013-11-20 10:58:29,772: DEBUG: Acct-Session-Id: [u'AAATestNAS_87-1384925239543-00163E1FAC7F-1']
2013-11-20 10:58:29,773: DEBUG: Acct-Session-Time: [10]
2013-11-20 10:58:29,773: DEBUG: Acct-Input-Packets: [49387]
2013-11-20 10:58:29,773: DEBUG: Acct-Output-Packets: [52757]
2013-11-20 10:58:29,774: DEBUG: GoGo-Acct-Output-Voice-Packets: [0]
2013-11-20 10:58:29,775: DEBUG: GoGo-Acct-Output-Voice-Octets: [0]
2013-11-20 10:58:29,775: DEBUG: Acct-Output-Gigawords: [0]
2013-11-20 10:58:29,775: DEBUG: GoGo-Total-Output-Voice-Packets: [0]
2013-11-20 10:58:29,776: DEBUG: Acct-Input-Gigawords: [0]
2013-11-20 10:58:29,776: DEBUG: Calling-Station-Id: [u'17:21:31:41:52:57']
2013-11-20 10:58:29,777: DEBUG: NAS-Port-Type: ['Wireless-802.11']
2013-11-20 10:58:29,777: DEBUG: GoGo-Total-Output-Voice-Octets: [0]
2013-11-20 10:58:29,778: DEBUG: GoGo-Private-IP-Address: ['192.168.1.179']
2013-11-20 10:58:29,778: DEBUG: GoGo-Acct-Input-Voice-Gigawords: [0]
2013-11-20 10:58:29,779: DEBUG: GoGo-Total-Input-Packets: [49387]
2013-11-20 10:58:29,779: DEBUG: GoGo-Total-Input-Gigawords: [0]
2013-11-20 10:58:29,780: DEBUG: GoGo-Acct-Input-Voice-Packets: [0]
2013-11-20 10:58:29,780: DEBUG: GoGo-Total-Input-Octets: [8743413]
2013-11-20 10:58:29,781: DEBUG: GoGo-Total-Output-Packets: [52757]
2013-11-20 10:58:29,781: DEBUG: WISPr-Location-ID: [u'airline=BA01,tail=01009,network=']
2013-11-20 10:58:29,782: DEBUG: GoGo-Acct-Output-Voice-Gigawords: [0]
2013-11-20 10:58:29,783: DEBUG: Acct-Input-Octets: [8743413]
2013-11-20 10:58:29,784: ERROR: Network error, Reason: 'Network error: Too many open files'
2013-11-20 10:58:39,786: DEBUG: 

2013-11-20 10:58:39,786: DEBUG: Creating Accounting Update Request with the following Attributes:
2013-11-20 10:58:39,787: DEBUG: User-Name: [u'username76@airborne.aircell.com']
2013-11-20 10:58:39,788: DEBUG: GoGo-Tail-Number: [u'AAATestNAS_87']
2013-11-20 10:58:39,788: DEBUG: Acct-Output-Octets: [3021814]
2013-11-20 10:58:39,788: DEBUG: NAS-IP-Address: ['10.254.92.1']
2013-11-20 10:58:39,789: DEBUG: GoGo-Total-Output-Gigawords: [0]
2013-11-20 10:58:39,789: DEBUG: Framed-IP-Address: ['10.254.92.128']
2013-11-20 10:58:39,790: DEBUG: GoGo-Total-Input-Voice-Gigawords: [0]
2013-11-20 10:58:39,790: DEBUG: GoGo-Total-Output-Octets: [3021814]
2013-11-20 10:58:39,790: DEBUG: GoGo-Acct-Input-Voice-Octets: [0]
2013-11-20 10:58:39,791: DEBUG: GoGo-Total-Input-Voice-Packets: [0]
2013-11-20 10:58:39,791: DEBUG: Called-Station-Id: [u'00:16:3E:1F:AC:7F']
2013-11-20 10:58:39,791: DEBUG: WISPr-Location-Name: [u'TEST LLC,BA01_01009']
2013-11-20 10:58:39,792: DEBUG: NAS-Identifier: [u'C08386']
2013-11-20 10:58:39,792: DEBUG: Proxy-State: ['3330,3132']
2013-11-20 10:58:39,792: DEBUG: GoGo-Total-Input-Voice-Octets: [0]
2013-11-20 10:58:39,793: DEBUG: Acct-Status-Type: ['Interim-Update']
2013-11-20 10:58:39,793: DEBUG: GoGo-Total-Output-Voice-Gigawords: [0]
2013-11-20 10:58:39,794: DEBUG: GoGo-Airline: [u'BA01']
2013-11-20 10:58:39,794: DEBUG: Acct-Session-Id: [u'AAATestNAS_87-1384925239543-00163E1FAC7F-1']
2013-11-20 10:58:39,794: DEBUG: Acct-Session-Time: [10]
2013-11-20 10:58:39,795: DEBUG: Acct-Input-Packets: [3642]
2013-11-20 10:58:39,795: DEBUG: Acct-Output-Packets: [18463]
2013-11-20 10:58:39,795: DEBUG: GoGo-Acct-Output-Voice-Packets: [0]
2013-11-20 10:58:39,796: DEBUG: GoGo-Acct-Output-Voice-Octets: [0]
2013-11-20 10:58:39,796: DEBUG: Acct-Output-Gigawords: [0]
2013-11-20 10:58:39,796: DEBUG: GoGo-Total-Output-Voice-Packets: [0]
2013-11-20 10:58:39,797: DEBUG: Acct-Input-Gigawords: [0]
2013-11-20 10:58:39,797: DEBUG: Calling-Station-Id: [u'17:21:31:41:52:57']
2013-11-20 10:58:39,798: DEBUG: NAS-Port-Type: ['Wireless-802.11']
2013-11-20 10:58:39,798: DEBUG: GoGo-Total-Output-Voice-Octets: [0]
2013-11-20 10:58:39,798: DEBUG: GoGo-Private-IP-Address: ['192.168.1.179']
2013-11-20 10:58:39,799: DEBUG: GoGo-Acct-Input-Voice-Gigawords: [0]
2013-11-20 10:58:39,799: DEBUG: GoGo-Total-Input-Packets: [3642]
2013-11-20 10:58:39,800: DEBUG: GoGo-Total-Input-Gigawords: [0]
2013-11-20 10:58:39,800: DEBUG: GoGo-Acct-Input-Voice-Packets: [0]
2013-11-20 10:58:39,800: DEBUG: GoGo-Total-Input-Octets: [2351760]
2013-11-20 10:58:39,801: DEBUG: GoGo-Total-Output-Packets: [18463]
2013-11-20 10:58:39,801: DEBUG: WISPr-Location-ID: [u'airline=BA01,tail=01009,network=']
2013-11-20 10:58:39,801: DEBUG: GoGo-Acct-Output-Voice-Gigawords: [0]
2013-11-20 10:58:39,802: DEBUG: Acct-Input-Octets: [2351760]
2013-11-20 10:58:39,802: ERROR: Network error, Reason: 'Network error: Too many open files'
2013-11-20 10:58:49,803: DEBUG: 

2013-11-20 10:58:49,804: DEBUG: Creating Accounting Update Request with the following Attributes:
2013-11-20 10:58:49,804: DEBUG: User-Name: [u'username76@airborne.aircell.com']
2013-11-20 10:58:49,804: DEBUG: GoGo-Tail-Number: [u'AAATestNAS_87']
2013-11-20 10:58:49,804: DEBUG: Acct-Output-Octets: [1161030]
2013-11-20 10:58:49,804: DEBUG: NAS-IP-Address: ['10.254.92.1']
2013-11-20 10:58:49,804: DEBUG: GoGo-Total-Output-Gigawords: [0]
2013-11-20 10:58:49,804: DEBUG: Framed-IP-Address: ['10.254.92.128']
2013-11-20 10:58:49,805: DEBUG: GoGo-Total-Input-Voice-Gigawords: [0]
2013-11-20 10:58:49,805: DEBUG: GoGo-Total-Output-Octets: [1161030]
2013-11-20 10:58:49,805: DEBUG: GoGo-Acct-Input-Voice-Octets: [0]
2013-11-20 10:58:49,805: DEBUG: GoGo-Total-Input-Voice-Packets: [0]
2013-11-20 10:58:49,805: DEBUG: Called-Station-Id: [u'00:16:3E:1F:AC:7F']
2013-11-20 10:58:49,805: DEBUG: WISPr-Location-Name: [u'TEST LLC,BA01_01009']
2013-11-20 10:58:49,805: DEBUG: NAS-Identifier: [u'C08386']
2013-11-20 10:58:49,805: DEBUG: Proxy-State: ['3330,3132']
2013-11-20 10:58:49,806: DEBUG: GoGo-Total-Input-Voice-Octets: [0]
2013-11-20 10:58:49,806: DEBUG: Acct-Status-Type: ['Interim-Update']
2013-11-20 10:58:49,806: DEBUG: GoGo-Total-Output-Voice-Gigawords: [0]
2013-11-20 10:58:49,806: DEBUG: GoGo-Airline: [u'BA01']
2013-11-20 10:58:49,806: DEBUG: Acct-Session-Id: [u'AAATestNAS_87-1384925239543-00163E1FAC7F-1']
2013-11-20 10:58:49,806: DEBUG: Acct-Session-Time: [10]
2013-11-20 10:58:49,806: DEBUG: Acct-Input-Packets: [73765]
2013-11-20 10:58:49,807: DEBUG: Acct-Output-Packets: [6651]
2013-11-20 10:58:49,807: DEBUG: GoGo-Acct-Output-Voice-Packets: [0]
2013-11-20 10:58:49,807: DEBUG: GoGo-Acct-Output-Voice-Octets: [0]
2013-11-20 10:58:49,807: DEBUG: Acct-Output-Gigawords: [0]
2013-11-20 10:58:49,807: DEBUG: GoGo-Total-Output-Voice-Packets: [0]
2013-11-20 10:58:49,807: DEBUG: Acct-Input-Gigawords: [0]
2013-11-20 10:58:49,807: DEBUG: Calling-Station-Id: [u'17:21:31:41:52:57']
2013-11-20 10:58:49,807: DEBUG: NAS-Port-Type: ['Wireless-802.11']
2013-11-20 10:58:49,808: DEBUG: GoGo-Total-Output-Voice-Octets: [0]
2013-11-20 10:58:49,808: DEBUG: GoGo-Private-IP-Address: ['192.168.1.179']
2013-11-20 10:58:49,808: DEBUG: GoGo-Acct-Input-Voice-Gigawords: [0]
2013-11-20 10:58:49,808: DEBUG: GoGo-Total-Input-Packets: [73765]
2013-11-20 10:58:49,808: DEBUG: GoGo-Total-Input-Gigawords: [0]
2013-11-20 10:58:49,808: DEBUG: GoGo-Acct-Input-Voice-Packets: [0]
2013-11-20 10:58:49,808: DEBUG: GoGo-Total-Input-Octets: [8460483]
2013-11-20 10:58:49,809: DEBUG: GoGo-Total-Output-Packets: [6651]
2013-11-20 10:58:49,809: DEBUG: WISPr-Location-ID: [u'airline=BA01,tail=01009,network=']
2013-11-20 10:58:49,809: DEBUG: GoGo-Acct-Output-Voice-Gigawords: [0]
2013-11-20 10:58:49,809: DEBUG: Acct-Input-Octets: [8460483]
2013-11-20 10:58:49,809: ERROR: Network error, Reason: 'Network error: nodename nor servname provided, or not known'
2013-11-20 10:59:12,810: DEBUG: 

2013-11-20 10:59:12,811: DEBUG: Creating Accounting Stop Request with the following Attributes:
2013-11-20 10:59:12,812: DEBUG: User-Name: [u'username76@airborne.aircell.com']
2013-11-20 10:59:12,812: DEBUG: GoGo-Tail-Number: [u'01009']
2013-11-20 10:59:12,812: DEBUG: Acct-Output-Octets: [2962653]
2013-11-20 10:59:12,813: DEBUG: NAS-IP-Address: ['10.254.92.1']
2013-11-20 10:59:12,813: DEBUG: GoGo-Total-Output-Gigawords: [0]
2013-11-20 10:59:12,813: DEBUG: Framed-IP-Address: ['10.254.92.128']
2013-11-20 10:59:12,813: DEBUG: GoGo-Total-Input-Voice-Gigawords: [0]
2013-11-20 10:59:12,814: DEBUG: GoGo-Total-Output-Octets: [2962653]
2013-11-20 10:59:12,814: DEBUG: GoGo-Acct-Input-Voice-Octets: [0]
2013-11-20 10:59:12,814: DEBUG: GoGo-Total-Input-Voice-Packets: [0]
2013-11-20 10:59:12,814: DEBUG: Called-Station-Id: [u'00:16:3E:1F:AC:7F']
2013-11-20 10:59:12,815: DEBUG: WISPr-Location-Name: [u'TEST LLC,BA01_01009']
2013-11-20 10:59:12,815: DEBUG: NAS-Identifier: [u'C08386']
2013-11-20 10:59:12,815: DEBUG: Proxy-State: ['3330,3132']
2013-11-20 10:59:12,815: DEBUG: GoGo-Total-Input-Voice-Octets: [0]
2013-11-20 10:59:12,815: DEBUG: Acct-Status-Type: ['Stop']
2013-11-20 10:59:12,816: DEBUG: GoGo-Total-Output-Voice-Gigawords: [0]
2013-11-20 10:59:12,816: DEBUG: GoGo-Airline: [u'BA01']
2013-11-20 10:59:12,816: DEBUG: Acct-Session-Id: [u'AAATestNAS_87-1384925239543-00163E1FAC7F-1']
2013-11-20 10:59:12,816: DEBUG: Acct-Session-Time: [23]
2013-11-20 10:59:12,817: DEBUG: Acct-Input-Packets: [8377]
2013-11-20 10:59:12,817: DEBUG: Acct-Output-Packets: [23580]
2013-11-20 10:59:12,817: DEBUG: Acct-Terminate-Cause: ['User-Request']
2013-11-20 10:59:12,817: DEBUG: GoGo-Acct-Output-Voice-Octets: [0]
2013-11-20 10:59:12,817: DEBUG: Acct-Output-Gigawords: [0]
2013-11-20 10:59:12,818: DEBUG: GoGo-Total-Output-Voice-Packets: [0]
2013-11-20 10:59:12,818: DEBUG: Acct-Input-Gigawords: [0]
2013-11-20 10:59:12,818: DEBUG: Calling-Station-Id: [u'17:21:31:41:52:57']
2013-11-20 10:59:12,818: DEBUG: NAS-Port-Type: ['Wireless-802.11']
2013-11-20 10:59:12,818: DEBUG: GoGo-Total-Output-Voice-Octets: [0]
2013-11-20 10:59:12,819: DEBUG: GoGo-Private-IP-Address: ['192.168.1.179']
2013-11-20 10:59:12,819: DEBUG: GoGo-Acct-Input-Voice-Gigawords: [0]
2013-11-20 10:59:12,819: DEBUG: GoGo-Total-Input-Packets: [8377]
2013-11-20 10:59:12,819: DEBUG: GoGo-Total-Input-Gigawords: [0]
2013-11-20 10:59:12,819: DEBUG: GoGo-Acct-Input-Voice-Packets: [0]
2013-11-20 10:59:12,819: DEBUG: GoGo-Total-Input-Octets: [3029640]
2013-11-20 10:59:12,820: DEBUG: GoGo-Total-Output-Packets: [23580]
2013-11-20 10:59:12,820: DEBUG: WISPr-Location-ID: [u'airline=BA01,tail=01009,network=']
2013-11-20 10:59:12,820: DEBUG: GoGo-Acct-Output-Voice-Packets: [0]
2013-11-20 10:59:12,820: DEBUG: GoGo-Acct-Output-Voice-Gigawords: [0]
2013-11-20 10:59:12,820: DEBUG: Acct-Input-Octets: [3029640]
2013-11-20 10:59:12,821: ERROR: Network error, Reason: 'Network error: nodename nor servname provided, or not known'
2013-11-20 10:59:12,821: ERROR: Ending the test for this user
2013-11-20 10:59:12,821: DEBUG: Ending the test for this user
2013-11-20 10:59:13,649: DEBUG: Starting the client for the user username76@airborne.aircell.com to the server localhost

