2013-11-20 10:56:50,471: DEBUG: Starting the client for the user username35@airborne.aircell.com to the server localhost

2013-11-20 10:56:50,471: DEBUG: DURATION of the TEST: 73
2013-11-20 10:56:50,471: DEBUG: NAS-IP: 10.254.68.1
2013-11-20 10:56:50,471: DEBUG: NAS-MAC-ADDR: 17:21:31:41:52:33
2013-11-20 10:56:50,472: DEBUG: Abruptly End: False
2013-11-20 10:56:50,472: DEBUG: Framed-IP: 10.254.68.66
2013-11-20 10:56:50,472: DEBUG: User-MAC-Addr: 00:16:3E:76:E6:CC
2013-11-20 10:56:50,472: DEBUG: 

2013-11-20 10:56:50,473: DEBUG: Creating Authentication Request with the following Attributes:
2013-11-20 10:56:50,473: DEBUG: NAS-Identifier: [u'C08386']
2013-11-20 10:56:50,474: DEBUG: User-Name: [u'username35@airborne.aircell.com']
2013-11-20 10:56:50,474: DEBUG: NAS-IP-Address: ['10.254.68.1']
2013-11-20 10:56:50,474: DEBUG: Service-Type: ['Authenticate-Only']
2013-11-20 10:56:50,474: DEBUG: Proxy-State: ['3237,3134']
2013-11-20 10:56:50,474: DEBUG: Framed-IP-Address: ['10.254.68.66']
2013-11-20 10:56:50,475: DEBUG: GoGo-Airline: [u'BA01']
2013-11-20 10:56:50,475: DEBUG: Acct-Session-Id: [u'AAATestNAS_63-1384925210473-00163E76E6CC-2']
2013-11-20 10:56:50,475: DEBUG: GoGo-Tail-Number: [u'AAATestNAS_63']
2013-11-20 10:56:50,475: DEBUG: GoGo-Private-IP-Address: ['192.168.1.179']
2013-11-20 10:56:50,475: DEBUG: WISPr-Location-ID: [u'airline=BA01,tail=01009,network=']
2013-11-20 10:56:50,476: DEBUG: WISPr-Location-Name: [u'TEST LLC,BA01_01009']
2013-11-20 10:56:50,476: DEBUG: NAS-Port-Type: ['Wireless-802.11']
2013-11-20 10:56:50,476: DEBUG: Called-Station-Id: [u'00:16:3E:76:E6:CC']
2013-11-20 10:56:50,476: DEBUG: Calling-Station-Id: [u'17:21:31:41:52:33']
2013-11-20 10:56:50,478: DEBUG: 

2013-11-20 10:56:50,479: DEBUG: Received response with code: 2, Accepted
2013-11-20 10:56:50,480: DEBUG: Creating Authentication Request with the following Attributes:
2013-11-20 10:56:50,480: DEBUG: NAS-Identifier: [u'C08386']
2013-11-20 10:56:50,481: DEBUG: User-Name: [u'username35@airborne.aircell.com']
2013-11-20 10:56:50,482: DEBUG: NAS-IP-Address: ['10.254.68.1']
2013-11-20 10:56:50,482: DEBUG: Service-Type: ['Login-User']
2013-11-20 10:56:50,482: DEBUG: Proxy-State: ['3237,3134']
2013-11-20 10:56:50,483: DEBUG: Framed-IP-Address: ['10.254.68.66']
2013-11-20 10:56:50,484: DEBUG: GoGo-Airline: [u'BA01']
2013-11-20 10:56:50,485: DEBUG: Acct-Session-Id: [u'AAATestNAS_63-1384925210479-00163E76E6CC-2']
2013-11-20 10:56:50,486: DEBUG: GoGo-Tail-Number: [u'AAATestNAS_63']
2013-11-20 10:56:50,486: DEBUG: GoGo-Private-IP-Address: ['192.168.1.179']
2013-11-20 10:56:50,486: DEBUG: WISPr-Location-ID: [u'airline=BA01,tail=01009,network=']
2013-11-20 10:56:50,487: DEBUG: WISPr-Location-Name: [u'TEST LLC,BA01_01009']
2013-11-20 10:56:50,487: DEBUG: NAS-Port-Type: ['Wireless-802.11']
2013-11-20 10:56:50,488: DEBUG: Called-Station-Id: [u'00:16:3E:76:E6:CC']
2013-11-20 10:56:50,489: DEBUG: Calling-Station-Id: [u'17:21:31:41:52:33']
2013-11-20 10:56:50,492: DEBUG: 

2013-11-20 10:56:50,492: DEBUG: Received response with code: 2, Accepted
2013-11-20 10:56:50,493: DEBUG: 

2013-11-20 10:56:50,494: DEBUG: Creating Accounting start Request with the following Attributes:
2013-11-20 10:56:50,495: DEBUG: NAS-Identifier: [u'C08386']
2013-11-20 10:56:50,495: DEBUG: User-Name: [u'username35@airborne.aircell.com']
2013-11-20 10:56:50,495: DEBUG: GoGo-Tail-Number: [u'AAATestNAS_63']
2013-11-20 10:56:50,496: DEBUG: NAS-IP-Address: ['10.254.68.1']
2013-11-20 10:56:50,496: DEBUG: Proxy-State: ['3239,3131']
2013-11-20 10:56:50,497: DEBUG: Acct-Status-Type: ['Start']
2013-11-20 10:56:50,498: DEBUG: GoGo-Airline: [u'BA01']
2013-11-20 10:56:50,498: DEBUG: Acct-Session-Id: [u'AAATestNAS_63-1384925210479-00163E76E6CC-2']
2013-11-20 10:56:50,499: DEBUG: GoGo-Private-IP-Address: ['192.168.1.179']
2013-11-20 10:56:50,500: DEBUG: Framed-IP-Address: ['10.254.68.66']
2013-11-20 10:56:50,501: DEBUG: WISPr-Location-ID: [u'airline=BA01,tail=01009,network=']
2013-11-20 10:56:50,501: DEBUG: WISPr-Location-Name: [u'TEST LLC,BA01_01009']
2013-11-20 10:56:50,502: DEBUG: NAS-Port-Type: ['Wireless-802.11']
2013-11-20 10:56:50,503: DEBUG: Called-Station-Id: [u'00:16:3E:76:E6:CC']
2013-11-20 10:56:50,504: DEBUG: Calling-Station-Id: [u'17:21:31:41:52:33']
2013-11-20 10:56:50,506: DEBUG: 

2013-11-20 10:56:50,507: DEBUG: Received response with following attributes:
2013-11-20 10:57:00,508: DEBUG: 

2013-11-20 10:57:00,508: DEBUG: Creating Accounting Update Request with the following Attributes:
2013-11-20 10:57:00,509: DEBUG: User-Name: [u'username35@airborne.aircell.com']
2013-11-20 10:57:00,509: DEBUG: GoGo-Tail-Number: [u'AAATestNAS_63']
2013-11-20 10:57:00,509: DEBUG: Acct-Output-Octets: [2233816]
2013-11-20 10:57:00,509: DEBUG: NAS-IP-Address: ['10.254.68.1']
2013-11-20 10:57:00,510: DEBUG: GoGo-Total-Output-Gigawords: [0]
2013-11-20 10:57:00,510: DEBUG: Framed-IP-Address: ['10.254.68.66']
2013-11-20 10:57:00,510: DEBUG: GoGo-Total-Input-Voice-Gigawords: [0]
2013-11-20 10:57:00,510: DEBUG: GoGo-Total-Output-Octets: [2233816]
2013-11-20 10:57:00,510: DEBUG: GoGo-Acct-Input-Voice-Octets: [0]
2013-11-20 10:57:00,510: DEBUG: GoGo-Total-Input-Voice-Packets: [0]
2013-11-20 10:57:00,511: DEBUG: Called-Station-Id: [u'00:16:3E:76:E6:CC']
2013-11-20 10:57:00,511: DEBUG: WISPr-Location-Name: [u'TEST LLC,BA01_01009']
2013-11-20 10:57:00,511: DEBUG: NAS-Identifier: [u'C08386']
2013-11-20 10:57:00,511: DEBUG: Proxy-State: ['3330,3132']
2013-11-20 10:57:00,511: DEBUG: GoGo-Total-Input-Voice-Octets: [0]
2013-11-20 10:57:00,512: DEBUG: Acct-Status-Type: ['Interim-Update']
2013-11-20 10:57:00,512: DEBUG: GoGo-Total-Output-Voice-Gigawords: [0]
2013-11-20 10:57:00,512: DEBUG: GoGo-Airline: [u'BA01']
2013-11-20 10:57:00,513: DEBUG: Acct-Session-Id: [u'AAATestNAS_63-1384925210479-00163E76E6CC-2']
2013-11-20 10:57:00,513: DEBUG: Acct-Session-Time: [10]
2013-11-20 10:57:00,513: DEBUG: Acct-Input-Packets: [40841]
2013-11-20 10:57:00,514: DEBUG: Acct-Output-Packets: [17636]
2013-11-20 10:57:00,514: DEBUG: GoGo-Acct-Output-Voice-Packets: [0]
2013-11-20 10:57:00,514: DEBUG: GoGo-Acct-Output-Voice-Octets: [0]
2013-11-20 10:57:00,515: DEBUG: Acct-Output-Gigawords: [0]
2013-11-20 10:57:00,515: DEBUG: GoGo-Total-Output-Voice-Packets: [0]
2013-11-20 10:57:00,515: DEBUG: Acct-Input-Gigawords: [0]
2013-11-20 10:57:00,515: DEBUG: Calling-Station-Id: [u'17:21:31:41:52:33']
2013-11-20 10:57:00,516: DEBUG: NAS-Port-Type: ['Wireless-802.11']
2013-11-20 10:57:00,516: DEBUG: GoGo-Total-Output-Voice-Octets: [0]
2013-11-20 10:57:00,516: DEBUG: GoGo-Private-IP-Address: ['192.168.1.179']
2013-11-20 10:57:00,516: DEBUG: GoGo-Acct-Input-Voice-Gigawords: [0]
2013-11-20 10:57:00,517: DEBUG: GoGo-Total-Input-Packets: [40841]
2013-11-20 10:57:00,517: DEBUG: GoGo-Total-Input-Gigawords: [0]
2013-11-20 10:57:00,517: DEBUG: GoGo-Acct-Input-Voice-Packets: [0]
2013-11-20 10:57:00,518: DEBUG: GoGo-Total-Input-Octets: [4757742]
2013-11-20 10:57:00,518: DEBUG: GoGo-Total-Output-Packets: [17636]
2013-11-20 10:57:00,518: DEBUG: WISPr-Location-ID: [u'airline=BA01,tail=01009,network=']
2013-11-20 10:57:00,518: DEBUG: GoGo-Acct-Output-Voice-Gigawords: [0]
2013-11-20 10:57:00,519: DEBUG: Acct-Input-Octets: [4757742]
2013-11-20 10:57:00,521: DEBUG: 

2013-11-20 10:57:00,521: DEBUG: Received response with following attributes:
2013-11-20 10:57:10,522: DEBUG: 

2013-11-20 10:57:10,523: DEBUG: Creating Accounting Update Request with the following Attributes:
2013-11-20 10:57:10,524: DEBUG: User-Name: [u'username35@airborne.aircell.com']
2013-11-20 10:57:10,525: DEBUG: GoGo-Tail-Number: [u'AAATestNAS_63']
2013-11-20 10:57:10,526: DEBUG: Acct-Output-Octets: [2193755]
2013-11-20 10:57:10,527: DEBUG: NAS-IP-Address: ['10.254.68.1']
2013-11-20 10:57:10,527: DEBUG: GoGo-Total-Output-Gigawords: [0]
2013-11-20 10:57:10,527: DEBUG: Framed-IP-Address: ['10.254.68.66']
2013-11-20 10:57:10,528: DEBUG: GoGo-Total-Input-Voice-Gigawords: [0]
2013-11-20 10:57:10,528: DEBUG: GoGo-Total-Output-Octets: [2193755]
2013-11-20 10:57:10,528: DEBUG: GoGo-Acct-Input-Voice-Octets: [0]
2013-11-20 10:57:10,529: DEBUG: GoGo-Total-Input-Voice-Packets: [0]
2013-11-20 10:57:10,530: DEBUG: Called-Station-Id: [u'00:16:3E:76:E6:CC']
2013-11-20 10:57:10,530: DEBUG: WISPr-Location-Name: [u'TEST LLC,BA01_01009']
2013-11-20 10:57:10,531: DEBUG: NAS-Identifier: [u'C08386']
2013-11-20 10:57:10,531: DEBUG: Proxy-State: ['3330,3132']
2013-11-20 10:57:10,531: DEBUG: GoGo-Total-Input-Voice-Octets: [0]
2013-11-20 10:57:10,532: DEBUG: Acct-Status-Type: ['Interim-Update']
2013-11-20 10:57:10,533: DEBUG: GoGo-Total-Output-Voice-Gigawords: [0]
2013-11-20 10:57:10,533: DEBUG: GoGo-Airline: [u'BA01']
2013-11-20 10:57:10,534: DEBUG: Acct-Session-Id: [u'AAATestNAS_63-1384925210479-00163E76E6CC-2']
2013-11-20 10:57:10,534: DEBUG: Acct-Session-Time: [10]
2013-11-20 10:57:10,534: DEBUG: Acct-Input-Packets: [15416]
2013-11-20 10:57:10,535: DEBUG: Acct-Output-Packets: [9573]
2013-11-20 10:57:10,535: DEBUG: GoGo-Acct-Output-Voice-Packets: [0]
2013-11-20 10:57:10,535: DEBUG: GoGo-Acct-Output-Voice-Octets: [0]
2013-11-20 10:57:10,536: DEBUG: Acct-Output-Gigawords: [0]
2013-11-20 10:57:10,536: DEBUG: GoGo-Total-Output-Voice-Packets: [0]
2013-11-20 10:57:10,537: DEBUG: Acct-Input-Gigawords: [0]
2013-11-20 10:57:10,538: DEBUG: Calling-Station-Id: [u'17:21:31:41:52:33']
2013-11-20 10:57:10,539: DEBUG: NAS-Port-Type: ['Wireless-802.11']
2013-11-20 10:57:10,540: DEBUG: GoGo-Total-Output-Voice-Octets: [0]
2013-11-20 10:57:10,541: DEBUG: GoGo-Private-IP-Address: ['192.168.1.179']
2013-11-20 10:57:10,542: DEBUG: GoGo-Acct-Input-Voice-Gigawords: [0]
2013-11-20 10:57:10,542: DEBUG: GoGo-Total-Input-Packets: [15416]
2013-11-20 10:57:10,543: DEBUG: GoGo-Total-Input-Gigawords: [0]
2013-11-20 10:57:10,543: DEBUG: GoGo-Acct-Input-Voice-Packets: [0]
2013-11-20 10:57:10,543: DEBUG: GoGo-Total-Input-Octets: [4928096]
2013-11-20 10:57:10,544: DEBUG: GoGo-Total-Output-Packets: [9573]
2013-11-20 10:57:10,544: DEBUG: WISPr-Location-ID: [u'airline=BA01,tail=01009,network=']
2013-11-20 10:57:10,545: DEBUG: GoGo-Acct-Output-Voice-Gigawords: [0]
2013-11-20 10:57:10,545: DEBUG: Acct-Input-Octets: [4928096]
2013-11-20 10:57:10,548: DEBUG: 

2013-11-20 10:57:10,548: DEBUG: Received response with following attributes:
2013-11-20 10:57:20,551: DEBUG: 

2013-11-20 10:57:20,553: DEBUG: Creating Accounting Update Request with the following Attributes:
2013-11-20 10:57:20,556: DEBUG: User-Name: [u'username35@airborne.aircell.com']
2013-11-20 10:57:20,557: DEBUG: GoGo-Tail-Number: [u'AAATestNAS_63']
2013-11-20 10:57:20,558: DEBUG: Acct-Output-Octets: [6407750]
2013-11-20 10:57:20,559: DEBUG: NAS-IP-Address: ['10.254.68.1']
2013-11-20 10:57:20,562: DEBUG: GoGo-Total-Output-Gigawords: [0]
2013-11-20 10:57:20,562: DEBUG: Framed-IP-Address: ['10.254.68.66']
2013-11-20 10:57:20,563: DEBUG: GoGo-Total-Input-Voice-Gigawords: [0]
2013-11-20 10:57:20,563: DEBUG: GoGo-Total-Output-Octets: [6407750]
2013-11-20 10:57:20,565: DEBUG: GoGo-Acct-Input-Voice-Octets: [0]
2013-11-20 10:57:20,566: DEBUG: GoGo-Total-Input-Voice-Packets: [0]
2013-11-20 10:57:20,566: DEBUG: Called-Station-Id: [u'00:16:3E:76:E6:CC']
2013-11-20 10:57:20,568: DEBUG: WISPr-Location-Name: [u'TEST LLC,BA01_01009']
2013-11-20 10:57:20,568: DEBUG: NAS-Identifier: [u'C08386']
2013-11-20 10:57:20,568: DEBUG: Proxy-State: ['3330,3132']
2013-11-20 10:57:20,570: DEBUG: GoGo-Total-Input-Voice-Octets: [0]
2013-11-20 10:57:20,572: DEBUG: Acct-Status-Type: ['Interim-Update']
2013-11-20 10:57:20,573: DEBUG: GoGo-Total-Output-Voice-Gigawords: [0]
2013-11-20 10:57:20,573: DEBUG: GoGo-Airline: [u'BA01']
2013-11-20 10:57:20,575: DEBUG: Acct-Session-Id: [u'AAATestNAS_63-1384925210479-00163E76E6CC-2']
2013-11-20 10:57:20,576: DEBUG: Acct-Session-Time: [10]
2013-11-20 10:57:20,576: DEBUG: Acct-Input-Packets: [18414]
2013-11-20 10:57:20,577: DEBUG: Acct-Output-Packets: [27367]
2013-11-20 10:57:20,577: DEBUG: GoGo-Acct-Output-Voice-Packets: [0]
2013-11-20 10:57:20,579: DEBUG: GoGo-Acct-Output-Voice-Octets: [0]
2013-11-20 10:57:20,579: DEBUG: Acct-Output-Gigawords: [0]
2013-11-20 10:57:20,579: DEBUG: GoGo-Total-Output-Voice-Packets: [0]
2013-11-20 10:57:20,580: DEBUG: Acct-Input-Gigawords: [0]
2013-11-20 10:57:20,580: DEBUG: Calling-Station-Id: [u'17:21:31:41:52:33']
2013-11-20 10:57:20,581: DEBUG: NAS-Port-Type: ['Wireless-802.11']
2013-11-20 10:57:20,582: DEBUG: GoGo-Total-Output-Voice-Octets: [0]
2013-11-20 10:57:20,582: DEBUG: GoGo-Private-IP-Address: ['192.168.1.179']
2013-11-20 10:57:20,584: DEBUG: GoGo-Acct-Input-Voice-Gigawords: [0]
2013-11-20 10:57:20,585: DEBUG: GoGo-Total-Input-Packets: [18414]
2013-11-20 10:57:20,585: DEBUG: GoGo-Total-Input-Gigawords: [0]
2013-11-20 10:57:20,586: DEBUG: GoGo-Acct-Input-Voice-Packets: [0]
2013-11-20 10:57:20,587: DEBUG: GoGo-Total-Input-Octets: [2034967]
2013-11-20 10:57:20,588: DEBUG: GoGo-Total-Output-Packets: [27367]
2013-11-20 10:57:20,588: DEBUG: WISPr-Location-ID: [u'airline=BA01,tail=01009,network=']
2013-11-20 10:57:20,588: DEBUG: GoGo-Acct-Output-Voice-Gigawords: [0]
2013-11-20 10:57:20,589: DEBUG: Acct-Input-Octets: [2034967]
2013-11-20 10:57:20,592: DEBUG: 

2013-11-20 10:57:20,592: DEBUG: Received response with following attributes:
2013-11-20 10:57:30,593: DEBUG: 

2013-11-20 10:57:30,594: DEBUG: Creating Accounting Update Request with the following Attributes:
2013-11-20 10:57:30,594: DEBUG: User-Name: [u'username35@airborne.aircell.com']
2013-11-20 10:57:30,594: DEBUG: GoGo-Tail-Number: [u'AAATestNAS_63']
2013-11-20 10:57:30,594: DEBUG: Acct-Output-Octets: [9838406]
2013-11-20 10:57:30,594: DEBUG: NAS-IP-Address: ['10.254.68.1']
2013-11-20 10:57:30,594: DEBUG: GoGo-Total-Output-Gigawords: [0]
2013-11-20 10:57:30,594: DEBUG: Framed-IP-Address: ['10.254.68.66']
2013-11-20 10:57:30,595: DEBUG: GoGo-Total-Input-Voice-Gigawords: [0]
2013-11-20 10:57:30,595: DEBUG: GoGo-Total-Output-Octets: [9838406]
2013-11-20 10:57:30,595: DEBUG: GoGo-Acct-Input-Voice-Octets: [0]
2013-11-20 10:57:30,595: DEBUG: GoGo-Total-Input-Voice-Packets: [0]
2013-11-20 10:57:30,595: DEBUG: Called-Station-Id: [u'00:16:3E:76:E6:CC']
2013-11-20 10:57:30,595: DEBUG: WISPr-Location-Name: [u'TEST LLC,BA01_01009']
2013-11-20 10:57:30,595: DEBUG: NAS-Identifier: [u'C08386']
2013-11-20 10:57:30,595: DEBUG: Proxy-State: ['3330,3132']
2013-11-20 10:57:30,595: DEBUG: GoGo-Total-Input-Voice-Octets: [0]
2013-11-20 10:57:30,596: DEBUG: Acct-Status-Type: ['Interim-Update']
2013-11-20 10:57:30,596: DEBUG: GoGo-Total-Output-Voice-Gigawords: [0]
2013-11-20 10:57:30,596: DEBUG: GoGo-Airline: [u'BA01']
2013-11-20 10:57:30,596: DEBUG: Acct-Session-Id: [u'AAATestNAS_63-1384925210479-00163E76E6CC-2']
2013-11-20 10:57:30,596: DEBUG: Acct-Session-Time: [10]
2013-11-20 10:57:30,596: DEBUG: Acct-Input-Packets: [8756]
2013-11-20 10:57:30,596: DEBUG: Acct-Output-Packets: [52474]
2013-11-20 10:57:30,596: DEBUG: GoGo-Acct-Output-Voice-Packets: [0]
2013-11-20 10:57:30,596: DEBUG: GoGo-Acct-Output-Voice-Octets: [0]
2013-11-20 10:57:30,596: DEBUG: Acct-Output-Gigawords: [0]
2013-11-20 10:57:30,597: DEBUG: GoGo-Total-Output-Voice-Packets: [0]
2013-11-20 10:57:30,597: DEBUG: Acct-Input-Gigawords: [0]
2013-11-20 10:57:30,597: DEBUG: Calling-Station-Id: [u'17:21:31:41:52:33']
2013-11-20 10:57:30,597: DEBUG: NAS-Port-Type: ['Wireless-802.11']
2013-11-20 10:57:30,597: DEBUG: GoGo-Total-Output-Voice-Octets: [0]
2013-11-20 10:57:30,597: DEBUG: GoGo-Private-IP-Address: ['192.168.1.179']
2013-11-20 10:57:30,597: DEBUG: GoGo-Acct-Input-Voice-Gigawords: [0]
2013-11-20 10:57:30,597: DEBUG: GoGo-Total-Input-Packets: [8756]
2013-11-20 10:57:30,597: DEBUG: GoGo-Total-Input-Gigawords: [0]
2013-11-20 10:57:30,598: DEBUG: GoGo-Acct-Input-Voice-Packets: [0]
2013-11-20 10:57:30,598: DEBUG: GoGo-Total-Input-Octets: [3507788]
2013-11-20 10:57:30,599: DEBUG: GoGo-Total-Output-Packets: [52474]
2013-11-20 10:57:30,599: DEBUG: WISPr-Location-ID: [u'airline=BA01,tail=01009,network=']
2013-11-20 10:57:30,599: DEBUG: GoGo-Acct-Output-Voice-Gigawords: [0]
2013-11-20 10:57:30,600: DEBUG: Acct-Input-Octets: [3507788]
2013-11-20 10:57:30,603: DEBUG: 

2013-11-20 10:57:30,605: DEBUG: Received response with following attributes:
2013-11-20 10:57:40,606: DEBUG: 

2013-11-20 10:57:40,607: DEBUG: Creating Accounting Update Request with the following Attributes:
2013-11-20 10:57:40,607: DEBUG: User-Name: [u'username35@airborne.aircell.com']
2013-11-20 10:57:40,607: DEBUG: GoGo-Tail-Number: [u'AAATestNAS_63']
2013-11-20 10:57:40,607: DEBUG: Acct-Output-Octets: [9378426]
2013-11-20 10:57:40,607: DEBUG: NAS-IP-Address: ['10.254.68.1']
2013-11-20 10:57:40,607: DEBUG: GoGo-Total-Output-Gigawords: [0]
2013-11-20 10:57:40,607: DEBUG: Framed-IP-Address: ['10.254.68.66']
2013-11-20 10:57:40,608: DEBUG: GoGo-Total-Input-Voice-Gigawords: [0]
2013-11-20 10:57:40,608: DEBUG: GoGo-Total-Output-Octets: [9378426]
2013-11-20 10:57:40,608: DEBUG: GoGo-Acct-Input-Voice-Octets: [0]
2013-11-20 10:57:40,608: DEBUG: GoGo-Total-Input-Voice-Packets: [0]
2013-11-20 10:57:40,608: DEBUG: Called-Station-Id: [u'00:16:3E:76:E6:CC']
2013-11-20 10:57:40,608: DEBUG: WISPr-Location-Name: [u'TEST LLC,BA01_01009']
2013-11-20 10:57:40,608: DEBUG: NAS-Identifier: [u'C08386']
2013-11-20 10:57:40,608: DEBUG: Proxy-State: ['3330,3132']
2013-11-20 10:57:40,608: DEBUG: GoGo-Total-Input-Voice-Octets: [0]
2013-11-20 10:57:40,609: DEBUG: Acct-Status-Type: ['Interim-Update']
2013-11-20 10:57:40,609: DEBUG: GoGo-Total-Output-Voice-Gigawords: [0]
2013-11-20 10:57:40,609: DEBUG: GoGo-Airline: [u'BA01']
2013-11-20 10:57:40,609: DEBUG: Acct-Session-Id: [u'AAATestNAS_63-1384925210479-00163E76E6CC-2']
2013-11-20 10:57:40,609: DEBUG: Acct-Session-Time: [10]
2013-11-20 10:57:40,609: DEBUG: Acct-Input-Packets: [62886]
2013-11-20 10:57:40,609: DEBUG: Acct-Output-Packets: [37322]
2013-11-20 10:57:40,609: DEBUG: GoGo-Acct-Output-Voice-Packets: [0]
2013-11-20 10:57:40,609: DEBUG: GoGo-Acct-Output-Voice-Octets: [0]
2013-11-20 10:57:40,609: DEBUG: Acct-Output-Gigawords: [0]
2013-11-20 10:57:40,610: DEBUG: GoGo-Total-Output-Voice-Packets: [0]
2013-11-20 10:57:40,610: DEBUG: Acct-Input-Gigawords: [0]
2013-11-20 10:57:40,610: DEBUG: Calling-Station-Id: [u'17:21:31:41:52:33']
2013-11-20 10:57:40,610: DEBUG: NAS-Port-Type: ['Wireless-802.11']
2013-11-20 10:57:40,610: DEBUG: GoGo-Total-Output-Voice-Octets: [0]
2013-11-20 10:57:40,610: DEBUG: GoGo-Private-IP-Address: ['192.168.1.179']
2013-11-20 10:57:40,610: DEBUG: GoGo-Acct-Input-Voice-Gigawords: [0]
2013-11-20 10:57:40,610: DEBUG: GoGo-Total-Input-Packets: [62886]
2013-11-20 10:57:40,610: DEBUG: GoGo-Total-Input-Gigawords: [0]
2013-11-20 10:57:40,611: DEBUG: GoGo-Acct-Input-Voice-Packets: [0]
2013-11-20 10:57:40,611: DEBUG: GoGo-Total-Input-Octets: [9256076]
2013-11-20 10:57:40,611: DEBUG: GoGo-Total-Output-Packets: [37322]
2013-11-20 10:57:40,611: DEBUG: WISPr-Location-ID: [u'airline=BA01,tail=01009,network=']
2013-11-20 10:57:40,611: DEBUG: GoGo-Acct-Output-Voice-Gigawords: [0]
2013-11-20 10:57:40,611: DEBUG: Acct-Input-Octets: [9256076]
2013-11-20 10:57:40,611: ERROR: Network error, Reason: 'Network error: Too many open files'
2013-11-20 10:57:50,612: DEBUG: 

2013-11-20 10:57:50,613: DEBUG: Creating Accounting Update Request with the following Attributes:
2013-11-20 10:57:50,613: DEBUG: User-Name: [u'username35@airborne.aircell.com']
2013-11-20 10:57:50,614: DEBUG: GoGo-Tail-Number: [u'AAATestNAS_63']
2013-11-20 10:57:50,614: DEBUG: Acct-Output-Octets: [1305568]
2013-11-20 10:57:50,614: DEBUG: NAS-IP-Address: ['10.254.68.1']
2013-11-20 10:57:50,615: DEBUG: GoGo-Total-Output-Gigawords: [0]
2013-11-20 10:57:50,615: DEBUG: Framed-IP-Address: ['10.254.68.66']
2013-11-20 10:57:50,615: DEBUG: GoGo-Total-Input-Voice-Gigawords: [0]
2013-11-20 10:57:50,615: DEBUG: GoGo-Total-Output-Octets: [1305568]
2013-11-20 10:57:50,616: DEBUG: GoGo-Acct-Input-Voice-Octets: [0]
2013-11-20 10:57:50,616: DEBUG: GoGo-Total-Input-Voice-Packets: [0]
2013-11-20 10:57:50,616: DEBUG: Called-Station-Id: [u'00:16:3E:76:E6:CC']
2013-11-20 10:57:50,617: DEBUG: WISPr-Location-Name: [u'TEST LLC,BA01_01009']
2013-11-20 10:57:50,617: DEBUG: NAS-Identifier: [u'C08386']
2013-11-20 10:57:50,617: DEBUG: Proxy-State: ['3330,3132']
2013-11-20 10:57:50,617: DEBUG: GoGo-Total-Input-Voice-Octets: [0]
2013-11-20 10:57:50,618: DEBUG: Acct-Status-Type: ['Interim-Update']
2013-11-20 10:57:50,618: DEBUG: GoGo-Total-Output-Voice-Gigawords: [0]
2013-11-20 10:57:50,618: DEBUG: GoGo-Airline: [u'BA01']
2013-11-20 10:57:50,618: DEBUG: Acct-Session-Id: [u'AAATestNAS_63-1384925210479-00163E76E6CC-2']
2013-11-20 10:57:50,619: DEBUG: Acct-Session-Time: [10]
2013-11-20 10:57:50,619: DEBUG: Acct-Input-Packets: [40127]
2013-11-20 10:57:50,619: DEBUG: Acct-Output-Packets: [3153]
2013-11-20 10:57:50,619: DEBUG: GoGo-Acct-Output-Voice-Packets: [0]
2013-11-20 10:57:50,620: DEBUG: GoGo-Acct-Output-Voice-Octets: [0]
2013-11-20 10:57:50,620: DEBUG: Acct-Output-Gigawords: [0]
2013-11-20 10:57:50,620: DEBUG: GoGo-Total-Output-Voice-Packets: [0]
2013-11-20 10:57:50,620: DEBUG: Acct-Input-Gigawords: [0]
2013-11-20 10:57:50,621: DEBUG: Calling-Station-Id: [u'17:21:31:41:52:33']
2013-11-20 10:57:50,621: DEBUG: NAS-Port-Type: ['Wireless-802.11']
2013-11-20 10:57:50,621: DEBUG: GoGo-Total-Output-Voice-Octets: [0]
2013-11-20 10:57:50,622: DEBUG: GoGo-Private-IP-Address: ['192.168.1.179']
2013-11-20 10:57:50,622: DEBUG: GoGo-Acct-Input-Voice-Gigawords: [0]
2013-11-20 10:57:50,622: DEBUG: GoGo-Total-Input-Packets: [40127]
2013-11-20 10:57:50,623: DEBUG: GoGo-Total-Input-Gigawords: [0]
2013-11-20 10:57:50,623: DEBUG: GoGo-Acct-Input-Voice-Packets: [0]
2013-11-20 10:57:50,623: DEBUG: GoGo-Total-Input-Octets: [6548311]
2013-11-20 10:57:50,623: DEBUG: GoGo-Total-Output-Packets: [3153]
2013-11-20 10:57:50,624: DEBUG: WISPr-Location-ID: [u'airline=BA01,tail=01009,network=']
2013-11-20 10:57:50,624: DEBUG: GoGo-Acct-Output-Voice-Gigawords: [0]
2013-11-20 10:57:50,624: DEBUG: Acct-Input-Octets: [6548311]
2013-11-20 10:57:50,625: ERROR: Network error, Reason: 'Network error: Too many open files'
2013-11-20 10:58:00,626: DEBUG: 

2013-11-20 10:58:00,626: DEBUG: Creating Accounting Update Request with the following Attributes:
2013-11-20 10:58:00,627: DEBUG: User-Name: [u'username35@airborne.aircell.com']
2013-11-20 10:58:00,627: DEBUG: GoGo-Tail-Number: [u'AAATestNAS_63']
2013-11-20 10:58:00,627: DEBUG: Acct-Output-Octets: [4106661]
2013-11-20 10:58:00,628: DEBUG: NAS-IP-Address: ['10.254.68.1']
2013-11-20 10:58:00,628: DEBUG: GoGo-Total-Output-Gigawords: [0]
2013-11-20 10:58:00,628: DEBUG: Framed-IP-Address: ['10.254.68.66']
2013-11-20 10:58:00,629: DEBUG: GoGo-Total-Input-Voice-Gigawords: [0]
2013-11-20 10:58:00,630: DEBUG: GoGo-Total-Output-Octets: [4106661]
2013-11-20 10:58:00,630: DEBUG: GoGo-Acct-Input-Voice-Octets: [0]
2013-11-20 10:58:00,631: DEBUG: GoGo-Total-Input-Voice-Packets: [0]
2013-11-20 10:58:00,631: DEBUG: Called-Station-Id: [u'00:16:3E:76:E6:CC']
2013-11-20 10:58:00,632: DEBUG: WISPr-Location-Name: [u'TEST LLC,BA01_01009']
2013-11-20 10:58:00,632: DEBUG: NAS-Identifier: [u'C08386']
2013-11-20 10:58:00,633: DEBUG: Proxy-State: ['3330,3132']
2013-11-20 10:58:00,633: DEBUG: GoGo-Total-Input-Voice-Octets: [0]
2013-11-20 10:58:00,634: DEBUG: Acct-Status-Type: ['Interim-Update']
2013-11-20 10:58:00,635: DEBUG: GoGo-Total-Output-Voice-Gigawords: [0]
2013-11-20 10:58:00,635: DEBUG: GoGo-Airline: [u'BA01']
2013-11-20 10:58:00,636: DEBUG: Acct-Session-Id: [u'AAATestNAS_63-1384925210479-00163E76E6CC-2']
2013-11-20 10:58:00,638: DEBUG: Acct-Session-Time: [10]
2013-11-20 10:58:00,638: DEBUG: Acct-Input-Packets: [6802]
2013-11-20 10:58:00,639: DEBUG: Acct-Output-Packets: [20169]
2013-11-20 10:58:00,639: DEBUG: GoGo-Acct-Output-Voice-Packets: [0]
2013-11-20 10:58:00,640: DEBUG: GoGo-Acct-Output-Voice-Octets: [0]
2013-11-20 10:58:00,640: DEBUG: Acct-Output-Gigawords: [0]
2013-11-20 10:58:00,641: DEBUG: GoGo-Total-Output-Voice-Packets: [0]
2013-11-20 10:58:00,642: DEBUG: Acct-Input-Gigawords: [0]
2013-11-20 10:58:00,643: DEBUG: Calling-Station-Id: [u'17:21:31:41:52:33']
2013-11-20 10:58:00,643: DEBUG: NAS-Port-Type: ['Wireless-802.11']
2013-11-20 10:58:00,644: DEBUG: GoGo-Total-Output-Voice-Octets: [0]
2013-11-20 10:58:00,645: DEBUG: GoGo-Private-IP-Address: ['192.168.1.179']
2013-11-20 10:58:00,645: DEBUG: GoGo-Acct-Input-Voice-Gigawords: [0]
2013-11-20 10:58:00,645: DEBUG: GoGo-Total-Input-Packets: [6802]
2013-11-20 10:58:00,646: DEBUG: GoGo-Total-Input-Gigawords: [0]
2013-11-20 10:58:00,646: DEBUG: GoGo-Acct-Input-Voice-Packets: [0]
2013-11-20 10:58:00,646: DEBUG: GoGo-Total-Input-Octets: [2214509]
2013-11-20 10:58:00,646: DEBUG: GoGo-Total-Output-Packets: [20169]
2013-11-20 10:58:00,647: DEBUG: WISPr-Location-ID: [u'airline=BA01,tail=01009,network=']
2013-11-20 10:58:00,648: DEBUG: GoGo-Acct-Output-Voice-Gigawords: [0]
2013-11-20 10:58:00,649: DEBUG: Acct-Input-Octets: [2214509]
2013-11-20 10:58:00,649: ERROR: Network error, Reason: 'Network error: Too many open files'
2013-11-20 10:58:13,650: DEBUG: 

2013-11-20 10:58:13,650: DEBUG: Creating Accounting Stop Request with the following Attributes:
2013-11-20 10:58:13,651: DEBUG: User-Name: [u'username35@airborne.aircell.com']
2013-11-20 10:58:13,651: DEBUG: GoGo-Tail-Number: [u'01009']
2013-11-20 10:58:13,651: DEBUG: Acct-Output-Octets: [5336986]
2013-11-20 10:58:13,651: DEBUG: NAS-IP-Address: ['10.254.68.1']
2013-11-20 10:58:13,651: DEBUG: GoGo-Total-Output-Gigawords: [0]
2013-11-20 10:58:13,651: DEBUG: Framed-IP-Address: ['10.254.68.66']
2013-11-20 10:58:13,651: DEBUG: GoGo-Total-Input-Voice-Gigawords: [0]
2013-11-20 10:58:13,652: DEBUG: GoGo-Total-Output-Octets: [5336986]
2013-11-20 10:58:13,652: DEBUG: GoGo-Acct-Input-Voice-Octets: [0]
2013-11-20 10:58:13,652: DEBUG: GoGo-Total-Input-Voice-Packets: [0]
2013-11-20 10:58:13,652: DEBUG: Called-Station-Id: [u'00:16:3E:76:E6:CC']
2013-11-20 10:58:13,652: DEBUG: WISPr-Location-Name: [u'TEST LLC,BA01_01009']
2013-11-20 10:58:13,653: DEBUG: NAS-Identifier: [u'C08386']
2013-11-20 10:58:13,653: DEBUG: Proxy-State: ['3330,3132']
2013-11-20 10:58:13,653: DEBUG: GoGo-Total-Input-Voice-Octets: [0]
2013-11-20 10:58:13,653: DEBUG: Acct-Status-Type: ['Stop']
2013-11-20 10:58:13,653: DEBUG: GoGo-Total-Output-Voice-Gigawords: [0]
2013-11-20 10:58:13,653: DEBUG: GoGo-Airline: [u'BA01']
2013-11-20 10:58:13,653: DEBUG: Acct-Session-Id: [u'AAATestNAS_63-1384925210479-00163E76E6CC-2']
2013-11-20 10:58:13,654: DEBUG: Acct-Session-Time: [13]
2013-11-20 10:58:13,654: DEBUG: Acct-Input-Packets: [86790]
2013-11-20 10:58:13,654: DEBUG: Acct-Output-Packets: [40588]
2013-11-20 10:58:13,654: DEBUG: Acct-Terminate-Cause: ['User-Request']
2013-11-20 10:58:13,654: DEBUG: GoGo-Acct-Output-Voice-Octets: [0]
2013-11-20 10:58:13,654: DEBUG: Acct-Output-Gigawords: [0]
2013-11-20 10:58:13,654: DEBUG: GoGo-Total-Output-Voice-Packets: [0]
2013-11-20 10:58:13,654: DEBUG: Acct-Input-Gigawords: [0]
2013-11-20 10:58:13,655: DEBUG: Calling-Station-Id: [u'17:21:31:41:52:33']
2013-11-20 10:58:13,655: DEBUG: NAS-Port-Type: ['Wireless-802.11']
2013-11-20 10:58:13,655: DEBUG: GoGo-Total-Output-Voice-Octets: [0]
2013-11-20 10:58:13,655: DEBUG: GoGo-Private-IP-Address: ['192.168.1.179']
2013-11-20 10:58:13,655: DEBUG: GoGo-Acct-Input-Voice-Gigawords: [0]
2013-11-20 10:58:13,655: DEBUG: GoGo-Total-Input-Packets: [86790]
2013-11-20 10:58:13,655: DEBUG: GoGo-Total-Input-Gigawords: [0]
2013-11-20 10:58:13,655: DEBUG: GoGo-Acct-Input-Voice-Packets: [0]
2013-11-20 10:58:13,656: DEBUG: GoGo-Total-Input-Octets: [8827422]
2013-11-20 10:58:13,656: DEBUG: GoGo-Total-Output-Packets: [40588]
2013-11-20 10:58:13,656: DEBUG: WISPr-Location-ID: [u'airline=BA01,tail=01009,network=']
2013-11-20 10:58:13,656: DEBUG: GoGo-Acct-Output-Voice-Packets: [0]
2013-11-20 10:58:13,656: DEBUG: GoGo-Acct-Output-Voice-Gigawords: [0]
2013-11-20 10:58:13,656: DEBUG: Acct-Input-Octets: [8827422]
2013-11-20 10:58:13,656: ERROR: Network error, Reason: 'Network error: nodename nor servname provided, or not known'
2013-11-20 10:58:13,657: ERROR: Ending the test for this user
2013-11-20 10:58:13,657: DEBUG: Ending the test for this user
