2013-11-20 10:55:41,752: DEBUG: Starting the client for the user username7@airborne.aircell.com to the server localhost

2013-11-20 10:55:41,752: DEBUG: DURATION of the TEST: 86
2013-11-20 10:55:41,752: DEBUG: NAS-IP: 10.254.179.1
2013-11-20 10:55:41,752: DEBUG: NAS-MAC-ADDR: 18:21:31:41:52:55
2013-11-20 10:55:41,752: DEBUG: Abruptly End: False
2013-11-20 10:55:41,752: DEBUG: Framed-IP: 10.254.179.45
2013-11-20 10:55:41,752: DEBUG: User-MAC-Addr: 00:16:3E:50:93:39
2013-11-20 10:55:41,752: DEBUG: 

2013-11-20 10:55:41,753: DEBUG: Creating Authentication Request with the following Attributes:
2013-11-20 10:55:41,753: DEBUG: NAS-Identifier: [u'C08386']
2013-11-20 10:55:41,753: DEBUG: User-Name: [u'username7@airborne.aircell.com']
2013-11-20 10:55:41,753: DEBUG: NAS-IP-Address: ['10.254.179.1']
2013-11-20 10:55:41,753: DEBUG: Service-Type: ['Authenticate-Only']
2013-11-20 10:55:41,753: DEBUG: Proxy-State: ['3237,3134']
2013-11-20 10:55:41,753: DEBUG: Framed-IP-Address: ['10.254.179.45']
2013-11-20 10:55:41,753: DEBUG: GoGo-Airline: [u'BA01']
2013-11-20 10:55:41,754: DEBUG: Acct-Session-Id: [u'AAATestNAS_174-1384925141753-00163E509339-1']
2013-11-20 10:55:41,754: DEBUG: GoGo-Tail-Number: [u'AAATestNAS_174']
2013-11-20 10:55:41,754: DEBUG: GoGo-Private-IP-Address: ['192.168.1.179']
2013-11-20 10:55:41,754: DEBUG: WISPr-Location-ID: [u'airline=BA01,tail=01009,network=']
2013-11-20 10:55:41,754: DEBUG: WISPr-Location-Name: [u'TEST LLC,BA01_01009']
2013-11-20 10:55:41,754: DEBUG: NAS-Port-Type: ['Wireless-802.11']
2013-11-20 10:55:41,754: DEBUG: Called-Station-Id: [u'00:16:3E:50:93:39']
2013-11-20 10:55:41,754: DEBUG: Calling-Station-Id: [u'18:21:31:41:52:55']
2013-11-20 10:55:41,755: DEBUG: 

2013-11-20 10:55:41,755: DEBUG: Received response with code: 2, Accepted
2013-11-20 10:55:41,756: DEBUG: Creating Authentication Request with the following Attributes:
2013-11-20 10:55:41,756: DEBUG: NAS-Identifier: [u'C08386']
2013-11-20 10:55:41,756: DEBUG: User-Name: [u'username7@airborne.aircell.com']
2013-11-20 10:55:41,756: DEBUG: NAS-IP-Address: ['10.254.179.1']
2013-11-20 10:55:41,756: DEBUG: Service-Type: ['Login-User']
2013-11-20 10:55:41,756: DEBUG: Proxy-State: ['3237,3134']
2013-11-20 10:55:41,756: DEBUG: Framed-IP-Address: ['10.254.179.45']
2013-11-20 10:55:41,756: DEBUG: GoGo-Airline: [u'BA01']
2013-11-20 10:55:41,756: DEBUG: Acct-Session-Id: [u'AAATestNAS_174-1384925141755-00163E509339-1']
2013-11-20 10:55:41,756: DEBUG: GoGo-Tail-Number: [u'AAATestNAS_174']
2013-11-20 10:55:41,756: DEBUG: GoGo-Private-IP-Address: ['192.168.1.179']
2013-11-20 10:55:41,756: DEBUG: WISPr-Location-ID: [u'airline=BA01,tail=01009,network=']
2013-11-20 10:55:41,757: DEBUG: WISPr-Location-Name: [u'TEST LLC,BA01_01009']
2013-11-20 10:55:41,757: DEBUG: NAS-Port-Type: ['Wireless-802.11']
2013-11-20 10:55:41,757: DEBUG: Called-Station-Id: [u'00:16:3E:50:93:39']
2013-11-20 10:55:41,757: DEBUG: Calling-Station-Id: [u'18:21:31:41:52:55']
2013-11-20 10:55:41,758: DEBUG: 

2013-11-20 10:55:41,758: DEBUG: Received response with code: 2, Accepted
2013-11-20 10:55:41,758: DEBUG: 

2013-11-20 10:55:41,758: DEBUG: Creating Accounting start Request with the following Attributes:
2013-11-20 10:55:41,758: DEBUG: NAS-Identifier: [u'C08386']
2013-11-20 10:55:41,758: DEBUG: User-Name: [u'username7@airborne.aircell.com']
2013-11-20 10:55:41,758: DEBUG: GoGo-Tail-Number: [u'AAATestNAS_174']
2013-11-20 10:55:41,758: DEBUG: NAS-IP-Address: ['10.254.179.1']
2013-11-20 10:55:41,758: DEBUG: Proxy-State: ['3239,3131']
2013-11-20 10:55:41,759: DEBUG: Acct-Status-Type: ['Start']
2013-11-20 10:55:41,759: DEBUG: GoGo-Airline: [u'BA01']
2013-11-20 10:55:41,759: DEBUG: Acct-Session-Id: [u'AAATestNAS_174-1384925141755-00163E509339-1']
2013-11-20 10:55:41,759: DEBUG: GoGo-Private-IP-Address: ['192.168.1.179']
2013-11-20 10:55:41,759: DEBUG: Framed-IP-Address: ['10.254.179.45']
2013-11-20 10:55:41,759: DEBUG: WISPr-Location-ID: [u'airline=BA01,tail=01009,network=']
2013-11-20 10:55:41,759: DEBUG: WISPr-Location-Name: [u'TEST LLC,BA01_01009']
2013-11-20 10:55:41,759: DEBUG: NAS-Port-Type: ['Wireless-802.11']
2013-11-20 10:55:41,759: DEBUG: Called-Station-Id: [u'00:16:3E:50:93:39']
2013-11-20 10:55:41,759: DEBUG: Calling-Station-Id: [u'18:21:31:41:52:55']
2013-11-20 10:55:41,760: DEBUG: 

2013-11-20 10:55:41,760: DEBUG: Received response with following attributes:
2013-11-20 10:55:51,761: DEBUG: 

2013-11-20 10:55:51,761: DEBUG: Creating Accounting Update Request with the following Attributes:
2013-11-20 10:55:51,761: DEBUG: User-Name: [u'username7@airborne.aircell.com']
2013-11-20 10:55:51,761: DEBUG: GoGo-Tail-Number: [u'AAATestNAS_174']
2013-11-20 10:55:51,761: DEBUG: Acct-Output-Octets: [3868734]
2013-11-20 10:55:51,761: DEBUG: NAS-IP-Address: ['10.254.179.1']
2013-11-20 10:55:51,762: DEBUG: GoGo-Total-Output-Gigawords: [0]
2013-11-20 10:55:51,762: DEBUG: Framed-IP-Address: ['10.254.179.45']
2013-11-20 10:55:51,762: DEBUG: GoGo-Total-Input-Voice-Gigawords: [0]
2013-11-20 10:55:51,762: DEBUG: GoGo-Total-Output-Octets: [3868734]
2013-11-20 10:55:51,762: DEBUG: GoGo-Acct-Input-Voice-Octets: [0]
2013-11-20 10:55:51,762: DEBUG: GoGo-Total-Input-Voice-Packets: [0]
2013-11-20 10:55:51,762: DEBUG: Called-Station-Id: [u'00:16:3E:50:93:39']
2013-11-20 10:55:51,762: DEBUG: WISPr-Location-Name: [u'TEST LLC,BA01_01009']
2013-11-20 10:55:51,762: DEBUG: NAS-Identifier: [u'C08386']
2013-11-20 10:55:51,762: DEBUG: Proxy-State: ['3330,3132']
2013-11-20 10:55:51,762: DEBUG: GoGo-Total-Input-Voice-Octets: [0]
2013-11-20 10:55:51,762: DEBUG: Acct-Status-Type: ['Interim-Update']
2013-11-20 10:55:51,762: DEBUG: GoGo-Total-Output-Voice-Gigawords: [0]
2013-11-20 10:55:51,762: DEBUG: GoGo-Airline: [u'BA01']
2013-11-20 10:55:51,762: DEBUG: Acct-Session-Id: [u'AAATestNAS_174-1384925141755-00163E509339-1']
2013-11-20 10:55:51,762: DEBUG: Acct-Session-Time: [10]
2013-11-20 10:55:51,763: DEBUG: Acct-Input-Packets: [86014]
2013-11-20 10:55:51,763: DEBUG: Acct-Output-Packets: [25354]
2013-11-20 10:55:51,763: DEBUG: GoGo-Acct-Output-Voice-Packets: [0]
2013-11-20 10:55:51,763: DEBUG: GoGo-Acct-Output-Voice-Octets: [0]
2013-11-20 10:55:51,763: DEBUG: Acct-Output-Gigawords: [0]
2013-11-20 10:55:51,763: DEBUG: GoGo-Total-Output-Voice-Packets: [0]
2013-11-20 10:55:51,763: DEBUG: Acct-Input-Gigawords: [0]
2013-11-20 10:55:51,763: DEBUG: Calling-Station-Id: [u'18:21:31:41:52:55']
2013-11-20 10:55:51,763: DEBUG: NAS-Port-Type: ['Wireless-802.11']
2013-11-20 10:55:51,763: DEBUG: GoGo-Total-Output-Voice-Octets: [0]
2013-11-20 10:55:51,763: DEBUG: GoGo-Private-IP-Address: ['192.168.1.179']
2013-11-20 10:55:51,763: DEBUG: GoGo-Acct-Input-Voice-Gigawords: [0]
2013-11-20 10:55:51,763: DEBUG: GoGo-Total-Input-Packets: [86014]
2013-11-20 10:55:51,763: DEBUG: GoGo-Total-Input-Gigawords: [0]
2013-11-20 10:55:51,763: DEBUG: GoGo-Acct-Input-Voice-Packets: [0]
2013-11-20 10:55:51,764: DEBUG: GoGo-Total-Input-Octets: [9215251]
2013-11-20 10:55:51,764: DEBUG: GoGo-Total-Output-Packets: [25354]
2013-11-20 10:55:51,764: DEBUG: WISPr-Location-ID: [u'airline=BA01,tail=01009,network=']
2013-11-20 10:55:51,764: DEBUG: GoGo-Acct-Output-Voice-Gigawords: [0]
2013-11-20 10:55:51,764: DEBUG: Acct-Input-Octets: [9215251]
2013-11-20 10:55:51,765: DEBUG: 

2013-11-20 10:55:51,765: DEBUG: Received response with following attributes:
2013-11-20 10:56:01,765: DEBUG: 

2013-11-20 10:56:01,766: DEBUG: Creating Accounting Update Request with the following Attributes:
2013-11-20 10:56:01,766: DEBUG: User-Name: [u'username7@airborne.aircell.com']
2013-11-20 10:56:01,767: DEBUG: GoGo-Tail-Number: [u'AAATestNAS_174']
2013-11-20 10:56:01,767: DEBUG: Acct-Output-Octets: [3870921]
2013-11-20 10:56:01,767: DEBUG: NAS-IP-Address: ['10.254.179.1']
2013-11-20 10:56:01,767: DEBUG: GoGo-Total-Output-Gigawords: [0]
2013-11-20 10:56:01,767: DEBUG: Framed-IP-Address: ['10.254.179.45']
2013-11-20 10:56:01,767: DEBUG: GoGo-Total-Input-Voice-Gigawords: [0]
2013-11-20 10:56:01,767: DEBUG: GoGo-Total-Output-Octets: [3870921]
2013-11-20 10:56:01,767: DEBUG: GoGo-Acct-Input-Voice-Octets: [0]
2013-11-20 10:56:01,768: DEBUG: GoGo-Total-Input-Voice-Packets: [0]
2013-11-20 10:56:01,768: DEBUG: Called-Station-Id: [u'00:16:3E:50:93:39']
2013-11-20 10:56:01,768: DEBUG: WISPr-Location-Name: [u'TEST LLC,BA01_01009']
2013-11-20 10:56:01,768: DEBUG: NAS-Identifier: [u'C08386']
2013-11-20 10:56:01,768: DEBUG: Proxy-State: ['3330,3132']
2013-11-20 10:56:01,768: DEBUG: GoGo-Total-Input-Voice-Octets: [0]
2013-11-20 10:56:01,768: DEBUG: Acct-Status-Type: ['Interim-Update']
2013-11-20 10:56:01,769: DEBUG: GoGo-Total-Output-Voice-Gigawords: [0]
2013-11-20 10:56:01,769: DEBUG: GoGo-Airline: [u'BA01']
2013-11-20 10:56:01,769: DEBUG: Acct-Session-Id: [u'AAATestNAS_174-1384925141755-00163E509339-1']
2013-11-20 10:56:01,769: DEBUG: Acct-Session-Time: [10]
2013-11-20 10:56:01,769: DEBUG: Acct-Input-Packets: [86608]
2013-11-20 10:56:01,769: DEBUG: Acct-Output-Packets: [13653]
2013-11-20 10:56:01,769: DEBUG: GoGo-Acct-Output-Voice-Packets: [0]
2013-11-20 10:56:01,769: DEBUG: GoGo-Acct-Output-Voice-Octets: [0]
2013-11-20 10:56:01,770: DEBUG: Acct-Output-Gigawords: [0]
2013-11-20 10:56:01,770: DEBUG: GoGo-Total-Output-Voice-Packets: [0]
2013-11-20 10:56:01,770: DEBUG: Acct-Input-Gigawords: [0]
2013-11-20 10:56:01,770: DEBUG: Calling-Station-Id: [u'18:21:31:41:52:55']
2013-11-20 10:56:01,770: DEBUG: NAS-Port-Type: ['Wireless-802.11']
2013-11-20 10:56:01,770: DEBUG: GoGo-Total-Output-Voice-Octets: [0]
2013-11-20 10:56:01,770: DEBUG: GoGo-Private-IP-Address: ['192.168.1.179']
2013-11-20 10:56:01,771: DEBUG: GoGo-Acct-Input-Voice-Gigawords: [0]
2013-11-20 10:56:01,771: DEBUG: GoGo-Total-Input-Packets: [86608]
2013-11-20 10:56:01,771: DEBUG: GoGo-Total-Input-Gigawords: [0]
2013-11-20 10:56:01,771: DEBUG: GoGo-Acct-Input-Voice-Packets: [0]
2013-11-20 10:56:01,771: DEBUG: GoGo-Total-Input-Octets: [8738714]
2013-11-20 10:56:01,771: DEBUG: GoGo-Total-Output-Packets: [13653]
2013-11-20 10:56:01,771: DEBUG: WISPr-Location-ID: [u'airline=BA01,tail=01009,network=']
2013-11-20 10:56:01,771: DEBUG: GoGo-Acct-Output-Voice-Gigawords: [0]
2013-11-20 10:56:01,772: DEBUG: Acct-Input-Octets: [8738714]
2013-11-20 10:56:01,774: DEBUG: 

2013-11-20 10:56:01,774: DEBUG: Received response with following attributes:
2013-11-20 10:56:11,775: DEBUG: 

2013-11-20 10:56:11,776: DEBUG: Creating Accounting Update Request with the following Attributes:
2013-11-20 10:56:11,776: DEBUG: User-Name: [u'username7@airborne.aircell.com']
2013-11-20 10:56:11,777: DEBUG: GoGo-Tail-Number: [u'AAATestNAS_174']
2013-11-20 10:56:11,777: DEBUG: Acct-Output-Octets: [8167251]
2013-11-20 10:56:11,777: DEBUG: NAS-IP-Address: ['10.254.179.1']
2013-11-20 10:56:11,777: DEBUG: GoGo-Total-Output-Gigawords: [0]
2013-11-20 10:56:11,777: DEBUG: Framed-IP-Address: ['10.254.179.45']
2013-11-20 10:56:11,777: DEBUG: GoGo-Total-Input-Voice-Gigawords: [0]
2013-11-20 10:56:11,777: DEBUG: GoGo-Total-Output-Octets: [8167251]
2013-11-20 10:56:11,778: DEBUG: GoGo-Acct-Input-Voice-Octets: [0]
2013-11-20 10:56:11,778: DEBUG: GoGo-Total-Input-Voice-Packets: [0]
2013-11-20 10:56:11,778: DEBUG: Called-Station-Id: [u'00:16:3E:50:93:39']
2013-11-20 10:56:11,778: DEBUG: WISPr-Location-Name: [u'TEST LLC,BA01_01009']
2013-11-20 10:56:11,778: DEBUG: NAS-Identifier: [u'C08386']
2013-11-20 10:56:11,778: DEBUG: Proxy-State: ['3330,3132']
2013-11-20 10:56:11,778: DEBUG: GoGo-Total-Input-Voice-Octets: [0]
2013-11-20 10:56:11,779: DEBUG: Acct-Status-Type: ['Interim-Update']
2013-11-20 10:56:11,779: DEBUG: GoGo-Total-Output-Voice-Gigawords: [0]
2013-11-20 10:56:11,779: DEBUG: GoGo-Airline: [u'BA01']
2013-11-20 10:56:11,779: DEBUG: Acct-Session-Id: [u'AAATestNAS_174-1384925141755-00163E509339-1']
2013-11-20 10:56:11,779: DEBUG: Acct-Session-Time: [10]
2013-11-20 10:56:11,779: DEBUG: Acct-Input-Packets: [39476]
2013-11-20 10:56:11,779: DEBUG: Acct-Output-Packets: [63541]
2013-11-20 10:56:11,780: DEBUG: GoGo-Acct-Output-Voice-Packets: [0]
2013-11-20 10:56:11,780: DEBUG: GoGo-Acct-Output-Voice-Octets: [0]
2013-11-20 10:56:11,780: DEBUG: Acct-Output-Gigawords: [0]
2013-11-20 10:56:11,780: DEBUG: GoGo-Total-Output-Voice-Packets: [0]
2013-11-20 10:56:11,780: DEBUG: Acct-Input-Gigawords: [0]
2013-11-20 10:56:11,780: DEBUG: Calling-Station-Id: [u'18:21:31:41:52:55']
2013-11-20 10:56:11,780: DEBUG: NAS-Port-Type: ['Wireless-802.11']
2013-11-20 10:56:11,780: DEBUG: GoGo-Total-Output-Voice-Octets: [0]
2013-11-20 10:56:11,781: DEBUG: GoGo-Private-IP-Address: ['192.168.1.179']
2013-11-20 10:56:11,781: DEBUG: GoGo-Acct-Input-Voice-Gigawords: [0]
2013-11-20 10:56:11,781: DEBUG: GoGo-Total-Input-Packets: [39476]
2013-11-20 10:56:11,781: DEBUG: GoGo-Total-Input-Gigawords: [0]
2013-11-20 10:56:11,781: DEBUG: GoGo-Acct-Input-Voice-Packets: [0]
2013-11-20 10:56:11,781: DEBUG: GoGo-Total-Input-Octets: [6896200]
2013-11-20 10:56:11,781: DEBUG: GoGo-Total-Output-Packets: [63541]
2013-11-20 10:56:11,781: DEBUG: WISPr-Location-ID: [u'airline=BA01,tail=01009,network=']
2013-11-20 10:56:11,781: DEBUG: GoGo-Acct-Output-Voice-Gigawords: [0]
2013-11-20 10:56:11,782: DEBUG: Acct-Input-Octets: [6896200]
2013-11-20 10:56:11,784: DEBUG: 

2013-11-20 10:56:11,784: DEBUG: Received response with following attributes:
2013-11-20 10:56:21,785: DEBUG: 

2013-11-20 10:56:21,786: DEBUG: Creating Accounting Update Request with the following Attributes:
2013-11-20 10:56:21,786: DEBUG: User-Name: [u'username7@airborne.aircell.com']
2013-11-20 10:56:21,786: DEBUG: GoGo-Tail-Number: [u'AAATestNAS_174']
2013-11-20 10:56:21,786: DEBUG: Acct-Output-Octets: [2919671]
2013-11-20 10:56:21,786: DEBUG: NAS-IP-Address: ['10.254.179.1']
2013-11-20 10:56:21,786: DEBUG: GoGo-Total-Output-Gigawords: [0]
2013-11-20 10:56:21,786: DEBUG: Framed-IP-Address: ['10.254.179.45']
2013-11-20 10:56:21,787: DEBUG: GoGo-Total-Input-Voice-Gigawords: [0]
2013-11-20 10:56:21,787: DEBUG: GoGo-Total-Output-Octets: [2919671]
2013-11-20 10:56:21,787: DEBUG: GoGo-Acct-Input-Voice-Octets: [0]
2013-11-20 10:56:21,787: DEBUG: GoGo-Total-Input-Voice-Packets: [0]
2013-11-20 10:56:21,787: DEBUG: Called-Station-Id: [u'00:16:3E:50:93:39']
2013-11-20 10:56:21,787: DEBUG: WISPr-Location-Name: [u'TEST LLC,BA01_01009']
2013-11-20 10:56:21,787: DEBUG: NAS-Identifier: [u'C08386']
2013-11-20 10:56:21,787: DEBUG: Proxy-State: ['3330,3132']
2013-11-20 10:56:21,787: DEBUG: GoGo-Total-Input-Voice-Octets: [0]
2013-11-20 10:56:21,787: DEBUG: Acct-Status-Type: ['Interim-Update']
2013-11-20 10:56:21,787: DEBUG: GoGo-Total-Output-Voice-Gigawords: [0]
2013-11-20 10:56:21,787: DEBUG: GoGo-Airline: [u'BA01']
2013-11-20 10:56:21,787: DEBUG: Acct-Session-Id: [u'AAATestNAS_174-1384925141755-00163E509339-1']
2013-11-20 10:56:21,787: DEBUG: Acct-Session-Time: [10]
2013-11-20 10:56:21,788: DEBUG: Acct-Input-Packets: [64869]
2013-11-20 10:56:21,788: DEBUG: Acct-Output-Packets: [24041]
2013-11-20 10:56:21,788: DEBUG: GoGo-Acct-Output-Voice-Packets: [0]
2013-11-20 10:56:21,788: DEBUG: GoGo-Acct-Output-Voice-Octets: [0]
2013-11-20 10:56:21,788: DEBUG: Acct-Output-Gigawords: [0]
2013-11-20 10:56:21,788: DEBUG: GoGo-Total-Output-Voice-Packets: [0]
2013-11-20 10:56:21,788: DEBUG: Acct-Input-Gigawords: [0]
2013-11-20 10:56:21,788: DEBUG: Calling-Station-Id: [u'18:21:31:41:52:55']
2013-11-20 10:56:21,788: DEBUG: NAS-Port-Type: ['Wireless-802.11']
2013-11-20 10:56:21,788: DEBUG: GoGo-Total-Output-Voice-Octets: [0]
2013-11-20 10:56:21,788: DEBUG: GoGo-Private-IP-Address: ['192.168.1.179']
2013-11-20 10:56:21,788: DEBUG: GoGo-Acct-Input-Voice-Gigawords: [0]
2013-11-20 10:56:21,788: DEBUG: GoGo-Total-Input-Packets: [64869]
2013-11-20 10:56:21,788: DEBUG: GoGo-Total-Input-Gigawords: [0]
2013-11-20 10:56:21,788: DEBUG: GoGo-Acct-Input-Voice-Packets: [0]
2013-11-20 10:56:21,789: DEBUG: GoGo-Total-Input-Octets: [7403125]
2013-11-20 10:56:21,789: DEBUG: GoGo-Total-Output-Packets: [24041]
2013-11-20 10:56:21,789: DEBUG: WISPr-Location-ID: [u'airline=BA01,tail=01009,network=']
2013-11-20 10:56:21,789: DEBUG: GoGo-Acct-Output-Voice-Gigawords: [0]
2013-11-20 10:56:21,789: DEBUG: Acct-Input-Octets: [7403125]
2013-11-20 10:56:21,790: DEBUG: 

2013-11-20 10:56:21,790: DEBUG: Received response with following attributes:
2013-11-20 10:56:31,791: DEBUG: 

2013-11-20 10:56:31,792: DEBUG: Creating Accounting Update Request with the following Attributes:
2013-11-20 10:56:31,792: DEBUG: User-Name: [u'username7@airborne.aircell.com']
2013-11-20 10:56:31,792: DEBUG: GoGo-Tail-Number: [u'AAATestNAS_174']
2013-11-20 10:56:31,792: DEBUG: Acct-Output-Octets: [7331702]
2013-11-20 10:56:31,792: DEBUG: NAS-IP-Address: ['10.254.179.1']
2013-11-20 10:56:31,792: DEBUG: GoGo-Total-Output-Gigawords: [0]
2013-11-20 10:56:31,792: DEBUG: Framed-IP-Address: ['10.254.179.45']
2013-11-20 10:56:31,792: DEBUG: GoGo-Total-Input-Voice-Gigawords: [0]
2013-11-20 10:56:31,792: DEBUG: GoGo-Total-Output-Octets: [7331702]
2013-11-20 10:56:31,793: DEBUG: GoGo-Acct-Input-Voice-Octets: [0]
2013-11-20 10:56:31,793: DEBUG: GoGo-Total-Input-Voice-Packets: [0]
2013-11-20 10:56:31,793: DEBUG: Called-Station-Id: [u'00:16:3E:50:93:39']
2013-11-20 10:56:31,793: DEBUG: WISPr-Location-Name: [u'TEST LLC,BA01_01009']
2013-11-20 10:56:31,793: DEBUG: NAS-Identifier: [u'C08386']
2013-11-20 10:56:31,793: DEBUG: Proxy-State: ['3330,3132']
2013-11-20 10:56:31,793: DEBUG: GoGo-Total-Input-Voice-Octets: [0]
2013-11-20 10:56:31,793: DEBUG: Acct-Status-Type: ['Interim-Update']
2013-11-20 10:56:31,793: DEBUG: GoGo-Total-Output-Voice-Gigawords: [0]
2013-11-20 10:56:31,793: DEBUG: GoGo-Airline: [u'BA01']
2013-11-20 10:56:31,793: DEBUG: Acct-Session-Id: [u'AAATestNAS_174-1384925141755-00163E509339-1']
2013-11-20 10:56:31,793: DEBUG: Acct-Session-Time: [10]
2013-11-20 10:56:31,793: DEBUG: Acct-Input-Packets: [46090]
2013-11-20 10:56:31,793: DEBUG: Acct-Output-Packets: [7549]
2013-11-20 10:56:31,793: DEBUG: GoGo-Acct-Output-Voice-Packets: [0]
2013-11-20 10:56:31,793: DEBUG: GoGo-Acct-Output-Voice-Octets: [0]
2013-11-20 10:56:31,794: DEBUG: Acct-Output-Gigawords: [0]
2013-11-20 10:56:31,794: DEBUG: GoGo-Total-Output-Voice-Packets: [0]
2013-11-20 10:56:31,794: DEBUG: Acct-Input-Gigawords: [0]
2013-11-20 10:56:31,794: DEBUG: Calling-Station-Id: [u'18:21:31:41:52:55']
2013-11-20 10:56:31,794: DEBUG: NAS-Port-Type: ['Wireless-802.11']
2013-11-20 10:56:31,794: DEBUG: GoGo-Total-Output-Voice-Octets: [0]
2013-11-20 10:56:31,794: DEBUG: GoGo-Private-IP-Address: ['192.168.1.179']
2013-11-20 10:56:31,794: DEBUG: GoGo-Acct-Input-Voice-Gigawords: [0]
2013-11-20 10:56:31,794: DEBUG: GoGo-Total-Input-Packets: [46090]
2013-11-20 10:56:31,794: DEBUG: GoGo-Total-Input-Gigawords: [0]
2013-11-20 10:56:31,794: DEBUG: GoGo-Acct-Input-Voice-Packets: [0]
2013-11-20 10:56:31,794: DEBUG: GoGo-Total-Input-Octets: [7639761]
2013-11-20 10:56:31,794: DEBUG: GoGo-Total-Output-Packets: [7549]
2013-11-20 10:56:31,794: DEBUG: WISPr-Location-ID: [u'airline=BA01,tail=01009,network=']
2013-11-20 10:56:31,794: DEBUG: GoGo-Acct-Output-Voice-Gigawords: [0]
2013-11-20 10:56:31,795: DEBUG: Acct-Input-Octets: [7639761]
2013-11-20 10:56:31,796: DEBUG: 

2013-11-20 10:56:31,796: DEBUG: Received response with following attributes:
2013-11-20 10:56:41,797: DEBUG: 

2013-11-20 10:56:41,798: DEBUG: Creating Accounting Update Request with the following Attributes:
2013-11-20 10:56:41,798: DEBUG: User-Name: [u'username7@airborne.aircell.com']
2013-11-20 10:56:41,798: DEBUG: GoGo-Tail-Number: [u'AAATestNAS_174']
2013-11-20 10:56:41,798: DEBUG: Acct-Output-Octets: [7154468]
2013-11-20 10:56:41,798: DEBUG: NAS-IP-Address: ['10.254.179.1']
2013-11-20 10:56:41,798: DEBUG: GoGo-Total-Output-Gigawords: [0]
2013-11-20 10:56:41,798: DEBUG: Framed-IP-Address: ['10.254.179.45']
2013-11-20 10:56:41,798: DEBUG: GoGo-Total-Input-Voice-Gigawords: [0]
2013-11-20 10:56:41,798: DEBUG: GoGo-Total-Output-Octets: [7154468]
2013-11-20 10:56:41,799: DEBUG: GoGo-Acct-Input-Voice-Octets: [0]
2013-11-20 10:56:41,799: DEBUG: GoGo-Total-Input-Voice-Packets: [0]
2013-11-20 10:56:41,799: DEBUG: Called-Station-Id: [u'00:16:3E:50:93:39']
2013-11-20 10:56:41,799: DEBUG: WISPr-Location-Name: [u'TEST LLC,BA01_01009']
2013-11-20 10:56:41,799: DEBUG: NAS-Identifier: [u'C08386']
2013-11-20 10:56:41,799: DEBUG: Proxy-State: ['3330,3132']
2013-11-20 10:56:41,799: DEBUG: GoGo-Total-Input-Voice-Octets: [0]
2013-11-20 10:56:41,799: DEBUG: Acct-Status-Type: ['Interim-Update']
2013-11-20 10:56:41,799: DEBUG: GoGo-Total-Output-Voice-Gigawords: [0]
2013-11-20 10:56:41,799: DEBUG: GoGo-Airline: [u'BA01']
2013-11-20 10:56:41,799: DEBUG: Acct-Session-Id: [u'AAATestNAS_174-1384925141755-00163E509339-1']
2013-11-20 10:56:41,799: DEBUG: Acct-Session-Time: [10]
2013-11-20 10:56:41,799: DEBUG: Acct-Input-Packets: [2624]
2013-11-20 10:56:41,800: DEBUG: Acct-Output-Packets: [32144]
2013-11-20 10:56:41,800: DEBUG: GoGo-Acct-Output-Voice-Packets: [0]
2013-11-20 10:56:41,800: DEBUG: GoGo-Acct-Output-Voice-Octets: [0]
2013-11-20 10:56:41,800: DEBUG: Acct-Output-Gigawords: [0]
2013-11-20 10:56:41,800: DEBUG: GoGo-Total-Output-Voice-Packets: [0]
2013-11-20 10:56:41,800: DEBUG: Acct-Input-Gigawords: [0]
2013-11-20 10:56:41,800: DEBUG: Calling-Station-Id: [u'18:21:31:41:52:55']
2013-11-20 10:56:41,800: DEBUG: NAS-Port-Type: ['Wireless-802.11']
2013-11-20 10:56:41,800: DEBUG: GoGo-Total-Output-Voice-Octets: [0]
2013-11-20 10:56:41,800: DEBUG: GoGo-Private-IP-Address: ['192.168.1.179']
2013-11-20 10:56:41,800: DEBUG: GoGo-Acct-Input-Voice-Gigawords: [0]
2013-11-20 10:56:41,800: DEBUG: GoGo-Total-Input-Packets: [2624]
2013-11-20 10:56:41,800: DEBUG: GoGo-Total-Input-Gigawords: [0]
2013-11-20 10:56:41,800: DEBUG: GoGo-Acct-Input-Voice-Packets: [0]
2013-11-20 10:56:41,800: DEBUG: GoGo-Total-Input-Octets: [1122777]
2013-11-20 10:56:41,801: DEBUG: GoGo-Total-Output-Packets: [32144]
2013-11-20 10:56:41,801: DEBUG: WISPr-Location-ID: [u'airline=BA01,tail=01009,network=']
2013-11-20 10:56:41,801: DEBUG: GoGo-Acct-Output-Voice-Gigawords: [0]
2013-11-20 10:56:41,801: DEBUG: Acct-Input-Octets: [1122777]
2013-11-20 10:56:41,802: DEBUG: 

2013-11-20 10:56:41,802: DEBUG: Received response with following attributes:
2013-11-20 10:56:51,803: DEBUG: 

2013-11-20 10:56:51,803: DEBUG: Creating Accounting Update Request with the following Attributes:
2013-11-20 10:56:51,803: DEBUG: User-Name: [u'username7@airborne.aircell.com']
2013-11-20 10:56:51,804: DEBUG: GoGo-Tail-Number: [u'AAATestNAS_174']
2013-11-20 10:56:51,804: DEBUG: Acct-Output-Octets: [6840462]
2013-11-20 10:56:51,804: DEBUG: NAS-IP-Address: ['10.254.179.1']
2013-11-20 10:56:51,804: DEBUG: GoGo-Total-Output-Gigawords: [0]
2013-11-20 10:56:51,804: DEBUG: Framed-IP-Address: ['10.254.179.45']
2013-11-20 10:56:51,804: DEBUG: GoGo-Total-Input-Voice-Gigawords: [0]
2013-11-20 10:56:51,804: DEBUG: GoGo-Total-Output-Octets: [6840462]
2013-11-20 10:56:51,804: DEBUG: GoGo-Acct-Input-Voice-Octets: [0]
2013-11-20 10:56:51,804: DEBUG: GoGo-Total-Input-Voice-Packets: [0]
2013-11-20 10:56:51,804: DEBUG: Called-Station-Id: [u'00:16:3E:50:93:39']
2013-11-20 10:56:51,804: DEBUG: WISPr-Location-Name: [u'TEST LLC,BA01_01009']
2013-11-20 10:56:51,804: DEBUG: NAS-Identifier: [u'C08386']
2013-11-20 10:56:51,805: DEBUG: Proxy-State: ['3330,3132']
2013-11-20 10:56:51,805: DEBUG: GoGo-Total-Input-Voice-Octets: [0]
2013-11-20 10:56:51,805: DEBUG: Acct-Status-Type: ['Interim-Update']
2013-11-20 10:56:51,805: DEBUG: GoGo-Total-Output-Voice-Gigawords: [0]
2013-11-20 10:56:51,805: DEBUG: GoGo-Airline: [u'BA01']
2013-11-20 10:56:51,805: DEBUG: Acct-Session-Id: [u'AAATestNAS_174-1384925141755-00163E509339-1']
2013-11-20 10:56:51,805: DEBUG: Acct-Session-Time: [10]
2013-11-20 10:56:51,805: DEBUG: Acct-Input-Packets: [43975]
2013-11-20 10:56:51,805: DEBUG: Acct-Output-Packets: [22632]
2013-11-20 10:56:51,805: DEBUG: GoGo-Acct-Output-Voice-Packets: [0]
2013-11-20 10:56:51,805: DEBUG: GoGo-Acct-Output-Voice-Octets: [0]
2013-11-20 10:56:51,805: DEBUG: Acct-Output-Gigawords: [0]
2013-11-20 10:56:51,806: DEBUG: GoGo-Total-Output-Voice-Packets: [0]
2013-11-20 10:56:51,806: DEBUG: Acct-Input-Gigawords: [0]
2013-11-20 10:56:51,806: DEBUG: Calling-Station-Id: [u'18:21:31:41:52:55']
2013-11-20 10:56:51,806: DEBUG: NAS-Port-Type: ['Wireless-802.11']
2013-11-20 10:56:51,806: DEBUG: GoGo-Total-Output-Voice-Octets: [0]
2013-11-20 10:56:51,806: DEBUG: GoGo-Private-IP-Address: ['192.168.1.179']
2013-11-20 10:56:51,806: DEBUG: GoGo-Acct-Input-Voice-Gigawords: [0]
2013-11-20 10:56:51,806: DEBUG: GoGo-Total-Input-Packets: [43975]
2013-11-20 10:56:51,806: DEBUG: GoGo-Total-Input-Gigawords: [0]
2013-11-20 10:56:51,806: DEBUG: GoGo-Acct-Input-Voice-Packets: [0]
2013-11-20 10:56:51,807: DEBUG: GoGo-Total-Input-Octets: [8934156]
2013-11-20 10:56:51,807: DEBUG: GoGo-Total-Output-Packets: [22632]
2013-11-20 10:56:51,807: DEBUG: WISPr-Location-ID: [u'airline=BA01,tail=01009,network=']
2013-11-20 10:56:51,807: DEBUG: GoGo-Acct-Output-Voice-Gigawords: [0]
2013-11-20 10:56:51,807: DEBUG: Acct-Input-Octets: [8934156]
2013-11-20 10:56:51,809: DEBUG: 

2013-11-20 10:56:51,809: DEBUG: Received response with following attributes:
2013-11-20 10:57:01,810: DEBUG: 

2013-11-20 10:57:01,811: DEBUG: Creating Accounting Update Request with the following Attributes:
2013-11-20 10:57:01,811: DEBUG: User-Name: [u'username7@airborne.aircell.com']
2013-11-20 10:57:01,811: DEBUG: GoGo-Tail-Number: [u'AAATestNAS_174']
2013-11-20 10:57:01,811: DEBUG: Acct-Output-Octets: [1727914]
2013-11-20 10:57:01,811: DEBUG: NAS-IP-Address: ['10.254.179.1']
2013-11-20 10:57:01,811: DEBUG: GoGo-Total-Output-Gigawords: [0]
2013-11-20 10:57:01,811: DEBUG: Framed-IP-Address: ['10.254.179.45']
2013-11-20 10:57:01,812: DEBUG: GoGo-Total-Input-Voice-Gigawords: [0]
2013-11-20 10:57:01,812: DEBUG: GoGo-Total-Output-Octets: [1727914]
2013-11-20 10:57:01,812: DEBUG: GoGo-Acct-Input-Voice-Octets: [0]
2013-11-20 10:57:01,812: DEBUG: GoGo-Total-Input-Voice-Packets: [0]
2013-11-20 10:57:01,812: DEBUG: Called-Station-Id: [u'00:16:3E:50:93:39']
2013-11-20 10:57:01,812: DEBUG: WISPr-Location-Name: [u'TEST LLC,BA01_01009']
2013-11-20 10:57:01,812: DEBUG: NAS-Identifier: [u'C08386']
2013-11-20 10:57:01,812: DEBUG: Proxy-State: ['3330,3132']
2013-11-20 10:57:01,812: DEBUG: GoGo-Total-Input-Voice-Octets: [0]
2013-11-20 10:57:01,812: DEBUG: Acct-Status-Type: ['Interim-Update']
2013-11-20 10:57:01,812: DEBUG: GoGo-Total-Output-Voice-Gigawords: [0]
2013-11-20 10:57:01,812: DEBUG: GoGo-Airline: [u'BA01']
2013-11-20 10:57:01,812: DEBUG: Acct-Session-Id: [u'AAATestNAS_174-1384925141755-00163E509339-1']
2013-11-20 10:57:01,812: DEBUG: Acct-Session-Time: [10]
2013-11-20 10:57:01,813: DEBUG: Acct-Input-Packets: [4171]
2013-11-20 10:57:01,813: DEBUG: Acct-Output-Packets: [3332]
2013-11-20 10:57:01,813: DEBUG: GoGo-Acct-Output-Voice-Packets: [0]
2013-11-20 10:57:01,813: DEBUG: GoGo-Acct-Output-Voice-Octets: [0]
2013-11-20 10:57:01,813: DEBUG: Acct-Output-Gigawords: [0]
2013-11-20 10:57:01,813: DEBUG: GoGo-Total-Output-Voice-Packets: [0]
2013-11-20 10:57:01,813: DEBUG: Acct-Input-Gigawords: [0]
2013-11-20 10:57:01,813: DEBUG: Calling-Station-Id: [u'18:21:31:41:52:55']
2013-11-20 10:57:01,813: DEBUG: NAS-Port-Type: ['Wireless-802.11']
2013-11-20 10:57:01,813: DEBUG: GoGo-Total-Output-Voice-Octets: [0]
2013-11-20 10:57:01,813: DEBUG: GoGo-Private-IP-Address: ['192.168.1.179']
2013-11-20 10:57:01,813: DEBUG: GoGo-Acct-Input-Voice-Gigawords: [0]
2013-11-20 10:57:01,813: DEBUG: GoGo-Total-Input-Packets: [4171]
2013-11-20 10:57:01,813: DEBUG: GoGo-Total-Input-Gigawords: [0]
2013-11-20 10:57:01,813: DEBUG: GoGo-Acct-Input-Voice-Packets: [0]
2013-11-20 10:57:01,813: DEBUG: GoGo-Total-Input-Octets: [4082791]
2013-11-20 10:57:01,814: DEBUG: GoGo-Total-Output-Packets: [3332]
2013-11-20 10:57:01,814: DEBUG: WISPr-Location-ID: [u'airline=BA01,tail=01009,network=']
2013-11-20 10:57:01,814: DEBUG: GoGo-Acct-Output-Voice-Gigawords: [0]
2013-11-20 10:57:01,814: DEBUG: Acct-Input-Octets: [4082791]
2013-11-20 10:57:01,815: DEBUG: 

2013-11-20 10:57:01,815: DEBUG: Received response with following attributes:
2013-11-20 10:57:07,816: DEBUG: 

2013-11-20 10:57:07,816: DEBUG: Creating Accounting Update Request with the following Attributes:
2013-11-20 10:57:07,817: DEBUG: User-Name: [u'username7@airborne.aircell.com']
2013-11-20 10:57:07,817: DEBUG: GoGo-Tail-Number: [u'AAATestNAS_174']
2013-11-20 10:57:07,817: DEBUG: Acct-Output-Octets: [6621019]
2013-11-20 10:57:07,817: DEBUG: NAS-IP-Address: ['10.254.179.1']
2013-11-20 10:57:07,817: DEBUG: GoGo-Total-Output-Gigawords: [0]
2013-11-20 10:57:07,817: DEBUG: Framed-IP-Address: ['10.254.179.45']
2013-11-20 10:57:07,817: DEBUG: GoGo-Total-Input-Voice-Gigawords: [0]
2013-11-20 10:57:07,817: DEBUG: GoGo-Total-Output-Octets: [6621019]
2013-11-20 10:57:07,817: DEBUG: GoGo-Acct-Input-Voice-Octets: [0]
2013-11-20 10:57:07,817: DEBUG: GoGo-Total-Input-Voice-Packets: [0]
2013-11-20 10:57:07,817: DEBUG: Called-Station-Id: [u'00:16:3E:50:93:39']
2013-11-20 10:57:07,817: DEBUG: WISPr-Location-Name: [u'TEST LLC,BA01_01009']
2013-11-20 10:57:07,818: DEBUG: NAS-Identifier: [u'C08386']
2013-11-20 10:57:07,818: DEBUG: Proxy-State: ['3330,3132']
2013-11-20 10:57:07,818: DEBUG: GoGo-Total-Input-Voice-Octets: [0]
2013-11-20 10:57:07,818: DEBUG: Acct-Status-Type: ['Interim-Update']
2013-11-20 10:57:07,818: DEBUG: GoGo-Total-Output-Voice-Gigawords: [0]
2013-11-20 10:57:07,818: DEBUG: GoGo-Airline: [u'BA01']
2013-11-20 10:57:07,818: DEBUG: Acct-Session-Id: [u'AAATestNAS_174-1384925141755-00163E509339-1']
2013-11-20 10:57:07,818: DEBUG: Acct-Session-Time: [6]
2013-11-20 10:57:07,818: DEBUG: Acct-Input-Packets: [8443]
2013-11-20 10:57:07,818: DEBUG: Acct-Output-Packets: [59268]
2013-11-20 10:57:07,818: DEBUG: GoGo-Acct-Output-Voice-Packets: [0]
2013-11-20 10:57:07,818: DEBUG: GoGo-Acct-Output-Voice-Octets: [0]
2013-11-20 10:57:07,818: DEBUG: Acct-Output-Gigawords: [0]
2013-11-20 10:57:07,818: DEBUG: GoGo-Total-Output-Voice-Packets: [0]
2013-11-20 10:57:07,819: DEBUG: Acct-Input-Gigawords: [0]
2013-11-20 10:57:07,819: DEBUG: Calling-Station-Id: [u'18:21:31:41:52:55']
2013-11-20 10:57:07,819: DEBUG: NAS-Port-Type: ['Wireless-802.11']
2013-11-20 10:57:07,819: DEBUG: GoGo-Total-Output-Voice-Octets: [0]
2013-11-20 10:57:07,819: DEBUG: GoGo-Private-IP-Address: ['192.168.1.179']
2013-11-20 10:57:07,819: DEBUG: GoGo-Acct-Input-Voice-Gigawords: [0]
2013-11-20 10:57:07,819: DEBUG: GoGo-Total-Input-Packets: [8443]
2013-11-20 10:57:07,819: DEBUG: GoGo-Total-Input-Gigawords: [0]
2013-11-20 10:57:07,819: DEBUG: GoGo-Acct-Input-Voice-Packets: [0]
2013-11-20 10:57:07,819: DEBUG: GoGo-Total-Input-Octets: [3701680]
2013-11-20 10:57:07,819: DEBUG: GoGo-Total-Output-Packets: [59268]
2013-11-20 10:57:07,819: DEBUG: WISPr-Location-ID: [u'airline=BA01,tail=01009,network=']
2013-11-20 10:57:07,819: DEBUG: GoGo-Acct-Output-Voice-Gigawords: [0]
2013-11-20 10:57:07,819: DEBUG: Acct-Input-Octets: [3701680]
2013-11-20 10:57:07,821: DEBUG: 

2013-11-20 10:57:07,821: DEBUG: Received response with following attributes:
2013-11-20 10:57:23,822: DEBUG: 

2013-11-20 10:57:23,823: DEBUG: Creating Accounting Stop Request with the following Attributes:
2013-11-20 10:57:23,824: DEBUG: User-Name: [u'username7@airborne.aircell.com']
2013-11-20 10:57:23,824: DEBUG: GoGo-Tail-Number: [u'01009']
2013-11-20 10:57:23,824: DEBUG: Acct-Output-Octets: [4822003]
2013-11-20 10:57:23,824: DEBUG: NAS-IP-Address: ['10.254.179.1']
2013-11-20 10:57:23,824: DEBUG: GoGo-Total-Output-Gigawords: [0]
2013-11-20 10:57:23,824: DEBUG: Framed-IP-Address: ['10.254.179.45']
2013-11-20 10:57:23,825: DEBUG: GoGo-Total-Input-Voice-Gigawords: [0]
2013-11-20 10:57:23,825: DEBUG: GoGo-Total-Output-Octets: [4822003]
2013-11-20 10:57:23,825: DEBUG: GoGo-Acct-Input-Voice-Octets: [0]
2013-11-20 10:57:23,825: DEBUG: GoGo-Total-Input-Voice-Packets: [0]
2013-11-20 10:57:23,825: DEBUG: Called-Station-Id: [u'00:16:3E:50:93:39']
2013-11-20 10:57:23,825: DEBUG: WISPr-Location-Name: [u'TEST LLC,BA01_01009']
2013-11-20 10:57:23,825: DEBUG: NAS-Identifier: [u'C08386']
2013-11-20 10:57:23,825: DEBUG: Proxy-State: ['3330,3132']
2013-11-20 10:57:23,826: DEBUG: GoGo-Total-Input-Voice-Octets: [0]
2013-11-20 10:57:23,826: DEBUG: Acct-Status-Type: ['Stop']
2013-11-20 10:57:23,826: DEBUG: GoGo-Total-Output-Voice-Gigawords: [0]
2013-11-20 10:57:23,826: DEBUG: GoGo-Airline: [u'BA01']
2013-11-20 10:57:23,826: DEBUG: Acct-Session-Id: [u'AAATestNAS_174-1384925141755-00163E509339-1']
2013-11-20 10:57:23,826: DEBUG: Acct-Session-Time: [16]
2013-11-20 10:57:23,827: DEBUG: Acct-Input-Packets: [11693]
2013-11-20 10:57:23,827: DEBUG: Acct-Output-Packets: [31004]
2013-11-20 10:57:23,827: DEBUG: Acct-Terminate-Cause: ['User-Request']
2013-11-20 10:57:23,827: DEBUG: GoGo-Acct-Output-Voice-Octets: [0]
2013-11-20 10:57:23,827: DEBUG: Acct-Output-Gigawords: [0]
2013-11-20 10:57:23,827: DEBUG: GoGo-Total-Output-Voice-Packets: [0]
2013-11-20 10:57:23,827: DEBUG: Acct-Input-Gigawords: [0]
2013-11-20 10:57:23,828: DEBUG: Calling-Station-Id: [u'18:21:31:41:52:55']
2013-11-20 10:57:23,828: DEBUG: NAS-Port-Type: ['Wireless-802.11']
2013-11-20 10:57:23,828: DEBUG: GoGo-Total-Output-Voice-Octets: [0]
2013-11-20 10:57:23,828: DEBUG: GoGo-Private-IP-Address: ['192.168.1.179']
2013-11-20 10:57:23,828: DEBUG: GoGo-Acct-Input-Voice-Gigawords: [0]
2013-11-20 10:57:23,828: DEBUG: GoGo-Total-Input-Packets: [11693]
2013-11-20 10:57:23,828: DEBUG: GoGo-Total-Input-Gigawords: [0]
2013-11-20 10:57:23,828: DEBUG: GoGo-Acct-Input-Voice-Packets: [0]
2013-11-20 10:57:23,828: DEBUG: GoGo-Total-Input-Octets: [8817720]
2013-11-20 10:57:23,829: DEBUG: GoGo-Total-Output-Packets: [31004]
2013-11-20 10:57:23,829: DEBUG: WISPr-Location-ID: [u'airline=BA01,tail=01009,network=']
2013-11-20 10:57:23,829: DEBUG: GoGo-Acct-Output-Voice-Packets: [0]
2013-11-20 10:57:23,829: DEBUG: GoGo-Acct-Output-Voice-Gigawords: [0]
2013-11-20 10:57:23,829: DEBUG: Acct-Input-Octets: [8817720]
2013-11-20 10:57:23,831: DEBUG: 

2013-11-20 10:57:23,831: DEBUG: Received response with following attributes:
2013-11-20 10:57:23,831: DEBUG: Ending the test for this user
2013-11-20 10:57:24,496: DEBUG: Starting the client for the user username7@airborne.aircell.com to the server localhost

2013-11-20 10:57:24,496: DEBUG: DURATION of the TEST: 85
2013-11-20 10:57:24,496: DEBUG: NAS-IP: 10.254.102.1
2013-11-20 10:57:24,496: DEBUG: NAS-MAC-ADDR: 17:21:31:41:52:67
2013-11-20 10:57:24,496: DEBUG: Abruptly End: False
2013-11-20 10:57:24,496: DEBUG: Framed-IP: 10.254.102.97
2013-11-20 10:57:24,496: DEBUG: User-MAC-Addr: 00:16:3E:3A:9B:5E
2013-11-20 10:57:24,497: DEBUG: 

2013-11-20 10:57:24,497: DEBUG: Creating Authentication Request with the following Attributes:
2013-11-20 10:57:24,497: DEBUG: NAS-Identifier: [u'C08386']
2013-11-20 10:57:24,497: DEBUG: User-Name: [u'username7@airborne.aircell.com']
2013-11-20 10:57:24,497: DEBUG: NAS-IP-Address: ['10.254.102.1']
2013-11-20 10:57:24,497: DEBUG: Service-Type: ['Authenticate-Only']
2013-11-20 10:57:24,498: DEBUG: Proxy-State: ['3237,3134']
2013-11-20 10:57:24,498: DEBUG: Framed-IP-Address: ['10.254.102.97']
2013-11-20 10:57:24,499: DEBUG: GoGo-Airline: [u'BA01']
2013-11-20 10:57:24,499: DEBUG: Acct-Session-Id: [u'AAATestNAS_97-1384925244497-00163E3A9B5E-1']
2013-11-20 10:57:24,499: DEBUG: GoGo-Tail-Number: [u'AAATestNAS_97']
2013-11-20 10:57:24,499: DEBUG: GoGo-Private-IP-Address: ['192.168.1.179']
2013-11-20 10:57:24,500: DEBUG: WISPr-Location-ID: [u'airline=BA01,tail=01009,network=']
2013-11-20 10:57:24,500: DEBUG: WISPr-Location-Name: [u'TEST LLC,BA01_01009']
2013-11-20 10:57:24,500: DEBUG: NAS-Port-Type: ['Wireless-802.11']
2013-11-20 10:57:24,501: DEBUG: Called-Station-Id: [u'00:16:3E:3A:9B:5E']
2013-11-20 10:57:24,501: DEBUG: Calling-Station-Id: [u'17:21:31:41:52:67']
2013-11-20 10:57:24,503: DEBUG: 

2013-11-20 10:57:24,503: DEBUG: Received response with code: 2, Accepted
2013-11-20 10:57:24,503: DEBUG: Creating Authentication Request with the following Attributes:
2013-11-20 10:57:24,504: DEBUG: NAS-Identifier: [u'C08386']
2013-11-20 10:57:24,504: DEBUG: User-Name: [u'username7@airborne.aircell.com']
2013-11-20 10:57:24,504: DEBUG: NAS-IP-Address: ['10.254.102.1']
2013-11-20 10:57:24,504: DEBUG: Service-Type: ['Login-User']
2013-11-20 10:57:24,505: DEBUG: Proxy-State: ['3237,3134']
2013-11-20 10:57:24,505: DEBUG: Framed-IP-Address: ['10.254.102.97']
2013-11-20 10:57:24,505: DEBUG: GoGo-Airline: [u'BA01']
2013-11-20 10:57:24,505: DEBUG: Acct-Session-Id: [u'AAATestNAS_97-1384925244503-00163E3A9B5E-1']
2013-11-20 10:57:24,506: DEBUG: GoGo-Tail-Number: [u'AAATestNAS_97']
2013-11-20 10:57:24,506: DEBUG: GoGo-Private-IP-Address: ['192.168.1.179']
2013-11-20 10:57:24,507: DEBUG: WISPr-Location-ID: [u'airline=BA01,tail=01009,network=']
2013-11-20 10:57:24,507: DEBUG: WISPr-Location-Name: [u'TEST LLC,BA01_01009']
2013-11-20 10:57:24,508: DEBUG: NAS-Port-Type: ['Wireless-802.11']
2013-11-20 10:57:24,509: DEBUG: Called-Station-Id: [u'00:16:3E:3A:9B:5E']
2013-11-20 10:57:24,509: DEBUG: Calling-Station-Id: [u'17:21:31:41:52:67']
2013-11-20 10:57:24,512: DEBUG: 

2013-11-20 10:57:24,512: DEBUG: Received response with code: 2, Accepted
2013-11-20 10:57:24,513: DEBUG: 

2013-11-20 10:57:24,514: DEBUG: Creating Accounting start Request with the following Attributes:
2013-11-20 10:57:24,515: DEBUG: NAS-Identifier: [u'C08386']
2013-11-20 10:57:24,515: DEBUG: User-Name: [u'username7@airborne.aircell.com']
2013-11-20 10:57:24,516: DEBUG: GoGo-Tail-Number: [u'AAATestNAS_97']
2013-11-20 10:57:24,516: DEBUG: NAS-IP-Address: ['10.254.102.1']
2013-11-20 10:57:24,516: DEBUG: Proxy-State: ['3239,3131']
2013-11-20 10:57:24,517: DEBUG: Acct-Status-Type: ['Start']
2013-11-20 10:57:24,517: DEBUG: GoGo-Airline: [u'BA01']
2013-11-20 10:57:24,518: DEBUG: Acct-Session-Id: [u'AAATestNAS_97-1384925244503-00163E3A9B5E-1']
2013-11-20 10:57:24,518: DEBUG: GoGo-Private-IP-Address: ['192.168.1.179']
2013-11-20 10:57:24,519: DEBUG: Framed-IP-Address: ['10.254.102.97']
2013-11-20 10:57:24,519: DEBUG: WISPr-Location-ID: [u'airline=BA01,tail=01009,network=']
2013-11-20 10:57:24,519: DEBUG: WISPr-Location-Name: [u'TEST LLC,BA01_01009']
2013-11-20 10:57:24,519: DEBUG: NAS-Port-Type: ['Wireless-802.11']
2013-11-20 10:57:24,520: DEBUG: Called-Station-Id: [u'00:16:3E:3A:9B:5E']
2013-11-20 10:57:24,521: DEBUG: Calling-Station-Id: [u'17:21:31:41:52:67']
2013-11-20 10:57:24,523: DEBUG: 

2013-11-20 10:57:24,524: DEBUG: Received response with following attributes:
2013-11-20 10:57:34,525: DEBUG: 

2013-11-20 10:57:34,526: DEBUG: Creating Accounting Update Request with the following Attributes:
2013-11-20 10:57:34,526: DEBUG: User-Name: [u'username7@airborne.aircell.com']
2013-11-20 10:57:34,527: DEBUG: GoGo-Tail-Number: [u'AAATestNAS_97']
2013-11-20 10:57:34,527: DEBUG: Acct-Output-Octets: [5290707]
2013-11-20 10:57:34,527: DEBUG: NAS-IP-Address: ['10.254.102.1']
2013-11-20 10:57:34,527: DEBUG: GoGo-Total-Output-Gigawords: [0]
2013-11-20 10:57:34,527: DEBUG: Framed-IP-Address: ['10.254.102.97']
2013-11-20 10:57:34,527: DEBUG: GoGo-Total-Input-Voice-Gigawords: [0]
2013-11-20 10:57:34,527: DEBUG: GoGo-Total-Output-Octets: [5290707]
2013-11-20 10:57:34,527: DEBUG: GoGo-Acct-Input-Voice-Octets: [0]
2013-11-20 10:57:34,528: DEBUG: GoGo-Total-Input-Voice-Packets: [0]
2013-11-20 10:57:34,528: DEBUG: Called-Station-Id: [u'00:16:3E:3A:9B:5E']
2013-11-20 10:57:34,528: DEBUG: WISPr-Location-Name: [u'TEST LLC,BA01_01009']
2013-11-20 10:57:34,528: DEBUG: NAS-Identifier: [u'C08386']
2013-11-20 10:57:34,528: DEBUG: Proxy-State: ['3330,3132']
2013-11-20 10:57:34,528: DEBUG: GoGo-Total-Input-Voice-Octets: [0]
2013-11-20 10:57:34,528: DEBUG: Acct-Status-Type: ['Interim-Update']
2013-11-20 10:57:34,528: DEBUG: GoGo-Total-Output-Voice-Gigawords: [0]
2013-11-20 10:57:34,528: DEBUG: GoGo-Airline: [u'BA01']
2013-11-20 10:57:34,528: DEBUG: Acct-Session-Id: [u'AAATestNAS_97-1384925244503-00163E3A9B5E-1']
2013-11-20 10:57:34,529: DEBUG: Acct-Session-Time: [10]
2013-11-20 10:57:34,529: DEBUG: Acct-Input-Packets: [7903]
2013-11-20 10:57:34,529: DEBUG: Acct-Output-Packets: [28553]
2013-11-20 10:57:34,529: DEBUG: GoGo-Acct-Output-Voice-Packets: [0]
2013-11-20 10:57:34,529: DEBUG: GoGo-Acct-Output-Voice-Octets: [0]
2013-11-20 10:57:34,529: DEBUG: Acct-Output-Gigawords: [0]
2013-11-20 10:57:34,529: DEBUG: GoGo-Total-Output-Voice-Packets: [0]
2013-11-20 10:57:34,529: DEBUG: Acct-Input-Gigawords: [0]
2013-11-20 10:57:34,529: DEBUG: Calling-Station-Id: [u'17:21:31:41:52:67']
2013-11-20 10:57:34,530: DEBUG: NAS-Port-Type: ['Wireless-802.11']
2013-11-20 10:57:34,530: DEBUG: GoGo-Total-Output-Voice-Octets: [0]
2013-11-20 10:57:34,530: DEBUG: GoGo-Private-IP-Address: ['192.168.1.179']
2013-11-20 10:57:34,530: DEBUG: GoGo-Acct-Input-Voice-Gigawords: [0]
2013-11-20 10:57:34,530: DEBUG: GoGo-Total-Input-Packets: [7903]
2013-11-20 10:57:34,530: DEBUG: GoGo-Total-Input-Gigawords: [0]
2013-11-20 10:57:34,530: DEBUG: GoGo-Acct-Input-Voice-Packets: [0]
2013-11-20 10:57:34,530: DEBUG: GoGo-Total-Input-Octets: [3464396]
2013-11-20 10:57:34,530: DEBUG: GoGo-Total-Output-Packets: [28553]
2013-11-20 10:57:34,530: DEBUG: WISPr-Location-ID: [u'airline=BA01,tail=01009,network=']
2013-11-20 10:57:34,531: DEBUG: GoGo-Acct-Output-Voice-Gigawords: [0]
2013-11-20 10:57:34,531: DEBUG: Acct-Input-Octets: [3464396]
2013-11-20 10:57:34,531: ERROR: Network error, Reason: 'Network error: Too many open files'
2013-11-20 10:57:44,531: DEBUG: 

2013-11-20 10:57:44,532: DEBUG: Creating Accounting Update Request with the following Attributes:
2013-11-20 10:57:44,533: DEBUG: User-Name: [u'username7@airborne.aircell.com']
2013-11-20 10:57:44,533: DEBUG: GoGo-Tail-Number: [u'AAATestNAS_97']
2013-11-20 10:57:44,533: DEBUG: Acct-Output-Octets: [3846157]
2013-11-20 10:57:44,534: DEBUG: NAS-IP-Address: ['10.254.102.1']
2013-11-20 10:57:44,534: DEBUG: GoGo-Total-Output-Gigawords: [0]
2013-11-20 10:57:44,534: DEBUG: Framed-IP-Address: ['10.254.102.97']
2013-11-20 10:57:44,534: DEBUG: GoGo-Total-Input-Voice-Gigawords: [0]
2013-11-20 10:57:44,535: DEBUG: GoGo-Total-Output-Octets: [3846157]
2013-11-20 10:57:44,535: DEBUG: GoGo-Acct-Input-Voice-Octets: [0]
2013-11-20 10:57:44,535: DEBUG: GoGo-Total-Input-Voice-Packets: [0]
2013-11-20 10:57:44,535: DEBUG: Called-Station-Id: [u'00:16:3E:3A:9B:5E']
2013-11-20 10:57:44,535: DEBUG: WISPr-Location-Name: [u'TEST LLC,BA01_01009']
2013-11-20 10:57:44,535: DEBUG: NAS-Identifier: [u'C08386']
2013-11-20 10:57:44,535: DEBUG: Proxy-State: ['3330,3132']
2013-11-20 10:57:44,536: DEBUG: GoGo-Total-Input-Voice-Octets: [0]
2013-11-20 10:57:44,536: DEBUG: Acct-Status-Type: ['Interim-Update']
2013-11-20 10:57:44,536: DEBUG: GoGo-Total-Output-Voice-Gigawords: [0]
2013-11-20 10:57:44,536: DEBUG: GoGo-Airline: [u'BA01']
2013-11-20 10:57:44,536: DEBUG: Acct-Session-Id: [u'AAATestNAS_97-1384925244503-00163E3A9B5E-1']
2013-11-20 10:57:44,536: DEBUG: Acct-Session-Time: [10]
2013-11-20 10:57:44,537: DEBUG: Acct-Input-Packets: [10296]
2013-11-20 10:57:44,537: DEBUG: Acct-Output-Packets: [26408]
2013-11-20 10:57:44,537: DEBUG: GoGo-Acct-Output-Voice-Packets: [0]
2013-11-20 10:57:44,537: DEBUG: GoGo-Acct-Output-Voice-Octets: [0]
2013-11-20 10:57:44,537: DEBUG: Acct-Output-Gigawords: [0]
2013-11-20 10:57:44,537: DEBUG: GoGo-Total-Output-Voice-Packets: [0]
2013-11-20 10:57:44,537: DEBUG: Acct-Input-Gigawords: [0]
2013-11-20 10:57:44,538: DEBUG: Calling-Station-Id: [u'17:21:31:41:52:67']
2013-11-20 10:57:44,538: DEBUG: NAS-Port-Type: ['Wireless-802.11']
2013-11-20 10:57:44,538: DEBUG: GoGo-Total-Output-Voice-Octets: [0]
2013-11-20 10:57:44,538: DEBUG: GoGo-Private-IP-Address: ['192.168.1.179']
2013-11-20 10:57:44,538: DEBUG: GoGo-Acct-Input-Voice-Gigawords: [0]
2013-11-20 10:57:44,538: DEBUG: GoGo-Total-Input-Packets: [10296]
2013-11-20 10:57:44,539: DEBUG: GoGo-Total-Input-Gigawords: [0]
2013-11-20 10:57:44,539: DEBUG: GoGo-Acct-Input-Voice-Packets: [0]
2013-11-20 10:57:44,539: DEBUG: GoGo-Total-Input-Octets: [1723877]
2013-11-20 10:57:44,539: DEBUG: GoGo-Total-Output-Packets: [26408]
2013-11-20 10:57:44,539: DEBUG: WISPr-Location-ID: [u'airline=BA01,tail=01009,network=']
2013-11-20 10:57:44,539: DEBUG: GoGo-Acct-Output-Voice-Gigawords: [0]
2013-11-20 10:57:44,539: DEBUG: Acct-Input-Octets: [1723877]
2013-11-20 10:57:44,540: ERROR: Network error, Reason: 'Network error: Too many open files'
2013-11-20 10:57:54,541: DEBUG: 

2013-11-20 10:57:54,541: DEBUG: Creating Accounting Update Request with the following Attributes:
2013-11-20 10:57:54,541: DEBUG: User-Name: [u'username7@airborne.aircell.com']
2013-11-20 10:57:54,542: DEBUG: GoGo-Tail-Number: [u'AAATestNAS_97']
2013-11-20 10:57:54,542: DEBUG: Acct-Output-Octets: [7891036]
2013-11-20 10:57:54,542: DEBUG: NAS-IP-Address: ['10.254.102.1']
2013-11-20 10:57:54,542: DEBUG: GoGo-Total-Output-Gigawords: [0]
2013-11-20 10:57:54,542: DEBUG: Framed-IP-Address: ['10.254.102.97']
2013-11-20 10:57:54,543: DEBUG: GoGo-Total-Input-Voice-Gigawords: [0]
2013-11-20 10:57:54,543: DEBUG: GoGo-Total-Output-Octets: [7891036]
2013-11-20 10:57:54,543: DEBUG: GoGo-Acct-Input-Voice-Octets: [0]
2013-11-20 10:57:54,543: DEBUG: GoGo-Total-Input-Voice-Packets: [0]
2013-11-20 10:57:54,544: DEBUG: Called-Station-Id: [u'00:16:3E:3A:9B:5E']
2013-11-20 10:57:54,544: DEBUG: WISPr-Location-Name: [u'TEST LLC,BA01_01009']
2013-11-20 10:57:54,544: DEBUG: NAS-Identifier: [u'C08386']
2013-11-20 10:57:54,544: DEBUG: Proxy-State: ['3330,3132']
2013-11-20 10:57:54,545: DEBUG: GoGo-Total-Input-Voice-Octets: [0]
2013-11-20 10:57:54,545: DEBUG: Acct-Status-Type: ['Interim-Update']
2013-11-20 10:57:54,545: DEBUG: GoGo-Total-Output-Voice-Gigawords: [0]
2013-11-20 10:57:54,546: DEBUG: GoGo-Airline: [u'BA01']
2013-11-20 10:57:54,546: DEBUG: Acct-Session-Id: [u'AAATestNAS_97-1384925244503-00163E3A9B5E-1']
2013-11-20 10:57:54,547: DEBUG: Acct-Session-Time: [10]
2013-11-20 10:57:54,547: DEBUG: Acct-Input-Packets: [9418]
2013-11-20 10:57:54,547: DEBUG: Acct-Output-Packets: [50529]
2013-11-20 10:57:54,547: DEBUG: GoGo-Acct-Output-Voice-Packets: [0]
2013-11-20 10:57:54,548: DEBUG: GoGo-Acct-Output-Voice-Octets: [0]
2013-11-20 10:57:54,548: DEBUG: Acct-Output-Gigawords: [0]
2013-11-20 10:57:54,548: DEBUG: GoGo-Total-Output-Voice-Packets: [0]
2013-11-20 10:57:54,548: DEBUG: Acct-Input-Gigawords: [0]
2013-11-20 10:57:54,549: DEBUG: Calling-Station-Id: [u'17:21:31:41:52:67']
2013-11-20 10:57:54,549: DEBUG: NAS-Port-Type: ['Wireless-802.11']
2013-11-20 10:57:54,549: DEBUG: GoGo-Total-Output-Voice-Octets: [0]
2013-11-20 10:57:54,549: DEBUG: GoGo-Private-IP-Address: ['192.168.1.179']
2013-11-20 10:57:54,550: DEBUG: GoGo-Acct-Input-Voice-Gigawords: [0]
2013-11-20 10:57:54,550: DEBUG: GoGo-Total-Input-Packets: [9418]
2013-11-20 10:57:54,551: DEBUG: GoGo-Total-Input-Gigawords: [0]
2013-11-20 10:57:54,551: DEBUG: GoGo-Acct-Input-Voice-Packets: [0]
2013-11-20 10:57:54,551: DEBUG: GoGo-Total-Input-Octets: [1475620]
2013-11-20 10:57:54,551: DEBUG: GoGo-Total-Output-Packets: [50529]
2013-11-20 10:57:54,552: DEBUG: WISPr-Location-ID: [u'airline=BA01,tail=01009,network=']
2013-11-20 10:57:54,552: DEBUG: GoGo-Acct-Output-Voice-Gigawords: [0]
2013-11-20 10:57:54,552: DEBUG: Acct-Input-Octets: [1475620]
2013-11-20 10:57:54,555: ERROR: Network error, Reason: 'Network error: nodename nor servname provided, or not known'
2013-11-20 10:58:04,556: DEBUG: 

2013-11-20 10:58:04,557: DEBUG: Creating Accounting Update Request with the following Attributes:
2013-11-20 10:58:04,558: DEBUG: User-Name: [u'username7@airborne.aircell.com']
2013-11-20 10:58:04,558: DEBUG: GoGo-Tail-Number: [u'AAATestNAS_97']
2013-11-20 10:58:04,558: DEBUG: Acct-Output-Octets: [3314291]
2013-11-20 10:58:04,558: DEBUG: NAS-IP-Address: ['10.254.102.1']
2013-11-20 10:58:04,559: DEBUG: GoGo-Total-Output-Gigawords: [0]
2013-11-20 10:58:04,559: DEBUG: Framed-IP-Address: ['10.254.102.97']
2013-11-20 10:58:04,559: DEBUG: GoGo-Total-Input-Voice-Gigawords: [0]
2013-11-20 10:58:04,559: DEBUG: GoGo-Total-Output-Octets: [3314291]
2013-11-20 10:58:04,559: DEBUG: GoGo-Acct-Input-Voice-Octets: [0]
2013-11-20 10:58:04,560: DEBUG: GoGo-Total-Input-Voice-Packets: [0]
2013-11-20 10:58:04,560: DEBUG: Called-Station-Id: [u'00:16:3E:3A:9B:5E']
2013-11-20 10:58:04,560: DEBUG: WISPr-Location-Name: [u'TEST LLC,BA01_01009']
2013-11-20 10:58:04,560: DEBUG: NAS-Identifier: [u'C08386']
2013-11-20 10:58:04,560: DEBUG: Proxy-State: ['3330,3132']
2013-11-20 10:58:04,561: DEBUG: GoGo-Total-Input-Voice-Octets: [0]
2013-11-20 10:58:04,561: DEBUG: Acct-Status-Type: ['Interim-Update']
2013-11-20 10:58:04,561: DEBUG: GoGo-Total-Output-Voice-Gigawords: [0]
2013-11-20 10:58:04,561: DEBUG: GoGo-Airline: [u'BA01']
2013-11-20 10:58:04,561: DEBUG: Acct-Session-Id: [u'AAATestNAS_97-1384925244503-00163E3A9B5E-1']
2013-11-20 10:58:04,561: DEBUG: Acct-Session-Time: [10]
2013-11-20 10:58:04,562: DEBUG: Acct-Input-Packets: [6589]
2013-11-20 10:58:04,562: DEBUG: Acct-Output-Packets: [27782]
2013-11-20 10:58:04,563: DEBUG: GoGo-Acct-Output-Voice-Packets: [0]
2013-11-20 10:58:04,564: DEBUG: GoGo-Acct-Output-Voice-Octets: [0]
2013-11-20 10:58:04,564: DEBUG: Acct-Output-Gigawords: [0]
2013-11-20 10:58:04,565: DEBUG: GoGo-Total-Output-Voice-Packets: [0]
2013-11-20 10:58:04,565: DEBUG: Acct-Input-Gigawords: [0]
2013-11-20 10:58:04,565: DEBUG: Calling-Station-Id: [u'17:21:31:41:52:67']
2013-11-20 10:58:04,566: DEBUG: NAS-Port-Type: ['Wireless-802.11']
2013-11-20 10:58:04,566: DEBUG: GoGo-Total-Output-Voice-Octets: [0]
2013-11-20 10:58:04,567: DEBUG: GoGo-Private-IP-Address: ['192.168.1.179']
2013-11-20 10:58:04,567: DEBUG: GoGo-Acct-Input-Voice-Gigawords: [0]
2013-11-20 10:58:04,568: DEBUG: GoGo-Total-Input-Packets: [6589]
2013-11-20 10:58:04,568: DEBUG: GoGo-Total-Input-Gigawords: [0]
2013-11-20 10:58:04,568: DEBUG: GoGo-Acct-Input-Voice-Packets: [0]
2013-11-20 10:58:04,568: DEBUG: GoGo-Total-Input-Octets: [1384519]
2013-11-20 10:58:04,569: DEBUG: GoGo-Total-Output-Packets: [27782]
2013-11-20 10:58:04,569: DEBUG: WISPr-Location-ID: [u'airline=BA01,tail=01009,network=']
2013-11-20 10:58:04,570: DEBUG: GoGo-Acct-Output-Voice-Gigawords: [0]
2013-11-20 10:58:04,570: DEBUG: Acct-Input-Octets: [1384519]
2013-11-20 10:58:04,571: ERROR: Network error, Reason: 'Network error: nodename nor servname provided, or not known'
2013-11-20 10:58:14,572: DEBUG: 

2013-11-20 10:58:14,573: DEBUG: Creating Accounting Update Request with the following Attributes:
2013-11-20 10:58:14,573: DEBUG: User-Name: [u'username7@airborne.aircell.com']
2013-11-20 10:58:14,573: DEBUG: GoGo-Tail-Number: [u'AAATestNAS_97']
2013-11-20 10:58:14,573: DEBUG: Acct-Output-Octets: [9789081]
2013-11-20 10:58:14,574: DEBUG: NAS-IP-Address: ['10.254.102.1']
2013-11-20 10:58:14,574: DEBUG: GoGo-Total-Output-Gigawords: [0]
2013-11-20 10:58:14,575: DEBUG: Framed-IP-Address: ['10.254.102.97']
2013-11-20 10:58:14,575: DEBUG: GoGo-Total-Input-Voice-Gigawords: [0]
2013-11-20 10:58:14,576: DEBUG: GoGo-Total-Output-Octets: [9789081]
2013-11-20 10:58:14,576: DEBUG: GoGo-Acct-Input-Voice-Octets: [0]
2013-11-20 10:58:14,576: DEBUG: GoGo-Total-Input-Voice-Packets: [0]
2013-11-20 10:58:14,577: DEBUG: Called-Station-Id: [u'00:16:3E:3A:9B:5E']
2013-11-20 10:58:14,577: DEBUG: WISPr-Location-Name: [u'TEST LLC,BA01_01009']
2013-11-20 10:58:14,577: DEBUG: NAS-Identifier: [u'C08386']
2013-11-20 10:58:14,578: DEBUG: Proxy-State: ['3330,3132']
2013-11-20 10:58:14,578: DEBUG: GoGo-Total-Input-Voice-Octets: [0]
2013-11-20 10:58:14,579: DEBUG: Acct-Status-Type: ['Interim-Update']
2013-11-20 10:58:14,579: DEBUG: GoGo-Total-Output-Voice-Gigawords: [0]
2013-11-20 10:58:14,579: DEBUG: GoGo-Airline: [u'BA01']
2013-11-20 10:58:14,580: DEBUG: Acct-Session-Id: [u'AAATestNAS_97-1384925244503-00163E3A9B5E-1']
2013-11-20 10:58:14,580: DEBUG: Acct-Session-Time: [10]
2013-11-20 10:58:14,580: DEBUG: Acct-Input-Packets: [16132]
2013-11-20 10:58:14,581: DEBUG: Acct-Output-Packets: [24881]
2013-11-20 10:58:14,581: DEBUG: GoGo-Acct-Output-Voice-Packets: [0]
2013-11-20 10:58:14,581: DEBUG: GoGo-Acct-Output-Voice-Octets: [0]
2013-11-20 10:58:14,582: DEBUG: Acct-Output-Gigawords: [0]
2013-11-20 10:58:14,582: DEBUG: GoGo-Total-Output-Voice-Packets: [0]
2013-11-20 10:58:14,582: DEBUG: Acct-Input-Gigawords: [0]
2013-11-20 10:58:14,582: DEBUG: Calling-Station-Id: [u'17:21:31:41:52:67']
2013-11-20 10:58:14,582: DEBUG: NAS-Port-Type: ['Wireless-802.11']
2013-11-20 10:58:14,583: DEBUG: GoGo-Total-Output-Voice-Octets: [0]
2013-11-20 10:58:14,583: DEBUG: GoGo-Private-IP-Address: ['192.168.1.179']
2013-11-20 10:58:14,583: DEBUG: GoGo-Acct-Input-Voice-Gigawords: [0]
2013-11-20 10:58:14,584: DEBUG: GoGo-Total-Input-Packets: [16132]
2013-11-20 10:58:14,584: DEBUG: GoGo-Total-Input-Gigawords: [0]
2013-11-20 10:58:14,584: DEBUG: GoGo-Acct-Input-Voice-Packets: [0]
2013-11-20 10:58:14,585: DEBUG: GoGo-Total-Input-Octets: [1680192]
2013-11-20 10:58:14,585: DEBUG: GoGo-Total-Output-Packets: [24881]
2013-11-20 10:58:14,585: DEBUG: WISPr-Location-ID: [u'airline=BA01,tail=01009,network=']
2013-11-20 10:58:14,586: DEBUG: GoGo-Acct-Output-Voice-Gigawords: [0]
2013-11-20 10:58:14,586: DEBUG: Acct-Input-Octets: [1680192]
2013-11-20 10:58:14,587: ERROR: Network error, Reason: 'Network error: nodename nor servname provided, or not known'
2013-11-20 10:58:24,588: DEBUG: 

2013-11-20 10:58:24,590: DEBUG: Creating Accounting Update Request with the following Attributes:
2013-11-20 10:58:24,591: DEBUG: User-Name: [u'username7@airborne.aircell.com']
2013-11-20 10:58:24,591: DEBUG: GoGo-Tail-Number: [u'AAATestNAS_97']
2013-11-20 10:58:24,592: DEBUG: Acct-Output-Octets: [2466967]
2013-11-20 10:58:24,592: DEBUG: NAS-IP-Address: ['10.254.102.1']
2013-11-20 10:58:24,592: DEBUG: GoGo-Total-Output-Gigawords: [0]
2013-11-20 10:58:24,593: DEBUG: Framed-IP-Address: ['10.254.102.97']
2013-11-20 10:58:24,593: DEBUG: GoGo-Total-Input-Voice-Gigawords: [0]
2013-11-20 10:58:24,593: DEBUG: GoGo-Total-Output-Octets: [2466967]
2013-11-20 10:58:24,594: DEBUG: GoGo-Acct-Input-Voice-Octets: [0]
2013-11-20 10:58:24,594: DEBUG: GoGo-Total-Input-Voice-Packets: [0]
2013-11-20 10:58:24,594: DEBUG: Called-Station-Id: [u'00:16:3E:3A:9B:5E']
2013-11-20 10:58:24,595: DEBUG: WISPr-Location-Name: [u'TEST LLC,BA01_01009']
2013-11-20 10:58:24,595: DEBUG: NAS-Identifier: [u'C08386']
2013-11-20 10:58:24,595: DEBUG: Proxy-State: ['3330,3132']
2013-11-20 10:58:24,595: DEBUG: GoGo-Total-Input-Voice-Octets: [0]
2013-11-20 10:58:24,596: DEBUG: Acct-Status-Type: ['Interim-Update']
2013-11-20 10:58:24,596: DEBUG: GoGo-Total-Output-Voice-Gigawords: [0]
2013-11-20 10:58:24,596: DEBUG: GoGo-Airline: [u'BA01']
2013-11-20 10:58:24,596: DEBUG: Acct-Session-Id: [u'AAATestNAS_97-1384925244503-00163E3A9B5E-1']
2013-11-20 10:58:24,597: DEBUG: Acct-Session-Time: [10]
2013-11-20 10:58:24,597: DEBUG: Acct-Input-Packets: [34838]
2013-11-20 10:58:24,597: DEBUG: Acct-Output-Packets: [15449]
2013-11-20 10:58:24,597: DEBUG: GoGo-Acct-Output-Voice-Packets: [0]
2013-11-20 10:58:24,597: DEBUG: GoGo-Acct-Output-Voice-Octets: [0]
2013-11-20 10:58:24,598: DEBUG: Acct-Output-Gigawords: [0]
2013-11-20 10:58:24,598: DEBUG: GoGo-Total-Output-Voice-Packets: [0]
2013-11-20 10:58:24,598: DEBUG: Acct-Input-Gigawords: [0]
2013-11-20 10:58:24,599: DEBUG: Calling-Station-Id: [u'17:21:31:41:52:67']
2013-11-20 10:58:24,599: DEBUG: NAS-Port-Type: ['Wireless-802.11']
2013-11-20 10:58:24,599: DEBUG: GoGo-Total-Output-Voice-Octets: [0]
2013-11-20 10:58:24,599: DEBUG: GoGo-Private-IP-Address: ['192.168.1.179']
2013-11-20 10:58:24,599: DEBUG: GoGo-Acct-Input-Voice-Gigawords: [0]
2013-11-20 10:58:24,600: DEBUG: GoGo-Total-Input-Packets: [34838]
2013-11-20 10:58:24,600: DEBUG: GoGo-Total-Input-Gigawords: [0]
2013-11-20 10:58:24,600: DEBUG: GoGo-Acct-Input-Voice-Packets: [0]
2013-11-20 10:58:24,600: DEBUG: GoGo-Total-Input-Octets: [4354886]
2013-11-20 10:58:24,601: DEBUG: GoGo-Total-Output-Packets: [15449]
2013-11-20 10:58:24,601: DEBUG: WISPr-Location-ID: [u'airline=BA01,tail=01009,network=']
2013-11-20 10:58:24,601: DEBUG: GoGo-Acct-Output-Voice-Gigawords: [0]
2013-11-20 10:58:24,602: DEBUG: Acct-Input-Octets: [4354886]
2013-11-20 10:58:24,602: ERROR: Network error, Reason: 'Network error: nodename nor servname provided, or not known'
2013-11-20 10:58:34,604: DEBUG: 

2013-11-20 10:58:34,605: DEBUG: Creating Accounting Update Request with the following Attributes:
2013-11-20 10:58:34,605: DEBUG: User-Name: [u'username7@airborne.aircell.com']
2013-11-20 10:58:34,606: DEBUG: GoGo-Tail-Number: [u'AAATestNAS_97']
2013-11-20 10:58:34,606: DEBUG: Acct-Output-Octets: [7431839]
2013-11-20 10:58:34,607: DEBUG: NAS-IP-Address: ['10.254.102.1']
2013-11-20 10:58:34,607: DEBUG: GoGo-Total-Output-Gigawords: [0]
2013-11-20 10:58:34,608: DEBUG: Framed-IP-Address: ['10.254.102.97']
2013-11-20 10:58:34,608: DEBUG: GoGo-Total-Input-Voice-Gigawords: [0]
2013-11-20 10:58:34,608: DEBUG: GoGo-Total-Output-Octets: [7431839]
2013-11-20 10:58:34,609: DEBUG: GoGo-Acct-Input-Voice-Octets: [0]
2013-11-20 10:58:34,609: DEBUG: GoGo-Total-Input-Voice-Packets: [0]
2013-11-20 10:58:34,609: DEBUG: Called-Station-Id: [u'00:16:3E:3A:9B:5E']
2013-11-20 10:58:34,609: DEBUG: WISPr-Location-Name: [u'TEST LLC,BA01_01009']
2013-11-20 10:58:34,610: DEBUG: NAS-Identifier: [u'C08386']
2013-11-20 10:58:34,610: DEBUG: Proxy-State: ['3330,3132']
2013-11-20 10:58:34,610: DEBUG: GoGo-Total-Input-Voice-Octets: [0]
2013-11-20 10:58:34,611: DEBUG: Acct-Status-Type: ['Interim-Update']
2013-11-20 10:58:34,611: DEBUG: GoGo-Total-Output-Voice-Gigawords: [0]
2013-11-20 10:58:34,611: DEBUG: GoGo-Airline: [u'BA01']
2013-11-20 10:58:34,612: DEBUG: Acct-Session-Id: [u'AAATestNAS_97-1384925244503-00163E3A9B5E-1']
2013-11-20 10:58:34,612: DEBUG: Acct-Session-Time: [10]
2013-11-20 10:58:34,612: DEBUG: Acct-Input-Packets: [2554]
2013-11-20 10:58:34,612: DEBUG: Acct-Output-Packets: [62349]
2013-11-20 10:58:34,613: DEBUG: GoGo-Acct-Output-Voice-Packets: [0]
2013-11-20 10:58:34,613: DEBUG: GoGo-Acct-Output-Voice-Octets: [0]
2013-11-20 10:58:34,613: DEBUG: Acct-Output-Gigawords: [0]
2013-11-20 10:58:34,613: DEBUG: GoGo-Total-Output-Voice-Packets: [0]
2013-11-20 10:58:34,614: DEBUG: Acct-Input-Gigawords: [0]
2013-11-20 10:58:34,614: DEBUG: Calling-Station-Id: [u'17:21:31:41:52:67']
2013-11-20 10:58:34,615: DEBUG: NAS-Port-Type: ['Wireless-802.11']
2013-11-20 10:58:34,615: DEBUG: GoGo-Total-Output-Voice-Octets: [0]
2013-11-20 10:58:34,615: DEBUG: GoGo-Private-IP-Address: ['192.168.1.179']
2013-11-20 10:58:34,615: DEBUG: GoGo-Acct-Input-Voice-Gigawords: [0]
2013-11-20 10:58:34,616: DEBUG: GoGo-Total-Input-Packets: [2554]
2013-11-20 10:58:34,616: DEBUG: GoGo-Total-Input-Gigawords: [0]
2013-11-20 10:58:34,616: DEBUG: GoGo-Acct-Input-Voice-Packets: [0]
2013-11-20 10:58:34,617: DEBUG: GoGo-Total-Input-Octets: [2323026]
2013-11-20 10:58:34,617: DEBUG: GoGo-Total-Output-Packets: [62349]
2013-11-20 10:58:34,617: DEBUG: WISPr-Location-ID: [u'airline=BA01,tail=01009,network=']
2013-11-20 10:58:34,618: DEBUG: GoGo-Acct-Output-Voice-Gigawords: [0]
2013-11-20 10:58:34,618: DEBUG: Acct-Input-Octets: [2323026]
2013-11-20 10:58:34,619: ERROR: Network error, Reason: 'Network error: nodename nor servname provided, or not known'
2013-11-20 10:58:44,619: DEBUG: 

2013-11-20 10:58:44,619: DEBUG: Creating Accounting Update Request with the following Attributes:
2013-11-20 10:58:44,620: DEBUG: User-Name: [u'username7@airborne.aircell.com']
2013-11-20 10:58:44,620: DEBUG: GoGo-Tail-Number: [u'AAATestNAS_97']
2013-11-20 10:58:44,620: DEBUG: Acct-Output-Octets: [3833112]
2013-11-20 10:58:44,620: DEBUG: NAS-IP-Address: ['10.254.102.1']
2013-11-20 10:58:44,620: DEBUG: GoGo-Total-Output-Gigawords: [0]
2013-11-20 10:58:44,620: DEBUG: Framed-IP-Address: ['10.254.102.97']
2013-11-20 10:58:44,620: DEBUG: GoGo-Total-Input-Voice-Gigawords: [0]
2013-11-20 10:58:44,620: DEBUG: GoGo-Total-Output-Octets: [3833112]
2013-11-20 10:58:44,621: DEBUG: GoGo-Acct-Input-Voice-Octets: [0]
2013-11-20 10:58:44,621: DEBUG: GoGo-Total-Input-Voice-Packets: [0]
2013-11-20 10:58:44,621: DEBUG: Called-Station-Id: [u'00:16:3E:3A:9B:5E']
2013-11-20 10:58:44,621: DEBUG: WISPr-Location-Name: [u'TEST LLC,BA01_01009']
2013-11-20 10:58:44,621: DEBUG: NAS-Identifier: [u'C08386']
2013-11-20 10:58:44,621: DEBUG: Proxy-State: ['3330,3132']
2013-11-20 10:58:44,621: DEBUG: GoGo-Total-Input-Voice-Octets: [0]
2013-11-20 10:58:44,621: DEBUG: Acct-Status-Type: ['Interim-Update']
2013-11-20 10:58:44,621: DEBUG: GoGo-Total-Output-Voice-Gigawords: [0]
2013-11-20 10:58:44,621: DEBUG: GoGo-Airline: [u'BA01']
2013-11-20 10:58:44,622: DEBUG: Acct-Session-Id: [u'AAATestNAS_97-1384925244503-00163E3A9B5E-1']
2013-11-20 10:58:44,622: DEBUG: Acct-Session-Time: [10]
2013-11-20 10:58:44,622: DEBUG: Acct-Input-Packets: [34167]
2013-11-20 10:58:44,622: DEBUG: Acct-Output-Packets: [34315]
2013-11-20 10:58:44,622: DEBUG: GoGo-Acct-Output-Voice-Packets: [0]
2013-11-20 10:58:44,622: DEBUG: GoGo-Acct-Output-Voice-Octets: [0]
2013-11-20 10:58:44,622: DEBUG: Acct-Output-Gigawords: [0]
2013-11-20 10:58:44,622: DEBUG: GoGo-Total-Output-Voice-Packets: [0]
2013-11-20 10:58:44,622: DEBUG: Acct-Input-Gigawords: [0]
2013-11-20 10:58:44,622: DEBUG: Calling-Station-Id: [u'17:21:31:41:52:67']
2013-11-20 10:58:44,623: DEBUG: NAS-Port-Type: ['Wireless-802.11']
2013-11-20 10:58:44,623: DEBUG: GoGo-Total-Output-Voice-Octets: [0]
2013-11-20 10:58:44,623: DEBUG: GoGo-Private-IP-Address: ['192.168.1.179']
2013-11-20 10:58:44,623: DEBUG: GoGo-Acct-Input-Voice-Gigawords: [0]
2013-11-20 10:58:44,623: DEBUG: GoGo-Total-Input-Packets: [34167]
2013-11-20 10:58:44,623: DEBUG: GoGo-Total-Input-Gigawords: [0]
2013-11-20 10:58:44,623: DEBUG: GoGo-Acct-Input-Voice-Packets: [0]
2013-11-20 10:58:44,623: DEBUG: GoGo-Total-Input-Octets: [7230636]
2013-11-20 10:58:44,623: DEBUG: GoGo-Total-Output-Packets: [34315]
2013-11-20 10:58:44,623: DEBUG: WISPr-Location-ID: [u'airline=BA01,tail=01009,network=']
2013-11-20 10:58:44,624: DEBUG: GoGo-Acct-Output-Voice-Gigawords: [0]
2013-11-20 10:58:44,624: DEBUG: Acct-Input-Octets: [7230636]
2013-11-20 10:58:44,624: ERROR: Network error, Reason: 'Network error: nodename nor servname provided, or not known'
2013-11-20 10:58:59,625: DEBUG: 

2013-11-20 10:58:59,626: DEBUG: Creating Accounting Stop Request with the following Attributes:
2013-11-20 10:58:59,626: DEBUG: User-Name: [u'username7@airborne.aircell.com']
2013-11-20 10:58:59,626: DEBUG: GoGo-Tail-Number: [u'01009']
2013-11-20 10:58:59,626: DEBUG: Acct-Output-Octets: [9318932]
2013-11-20 10:58:59,626: DEBUG: NAS-IP-Address: ['10.254.102.1']
2013-11-20 10:58:59,626: DEBUG: GoGo-Total-Output-Gigawords: [0]
2013-11-20 10:58:59,626: DEBUG: Framed-IP-Address: ['10.254.102.97']
2013-11-20 10:58:59,626: DEBUG: GoGo-Total-Input-Voice-Gigawords: [0]
2013-11-20 10:58:59,627: DEBUG: GoGo-Total-Output-Octets: [9318932]
2013-11-20 10:58:59,627: DEBUG: GoGo-Acct-Input-Voice-Octets: [0]
2013-11-20 10:58:59,627: DEBUG: GoGo-Total-Input-Voice-Packets: [0]
2013-11-20 10:58:59,627: DEBUG: Called-Station-Id: [u'00:16:3E:3A:9B:5E']
2013-11-20 10:58:59,627: DEBUG: WISPr-Location-Name: [u'TEST LLC,BA01_01009']
2013-11-20 10:58:59,627: DEBUG: NAS-Identifier: [u'C08386']
2013-11-20 10:58:59,627: DEBUG: Proxy-State: ['3330,3132']
2013-11-20 10:58:59,627: DEBUG: GoGo-Total-Input-Voice-Octets: [0]
2013-11-20 10:58:59,627: DEBUG: Acct-Status-Type: ['Stop']
2013-11-20 10:58:59,627: DEBUG: GoGo-Total-Output-Voice-Gigawords: [0]
2013-11-20 10:58:59,628: DEBUG: GoGo-Airline: [u'BA01']
2013-11-20 10:58:59,628: DEBUG: Acct-Session-Id: [u'AAATestNAS_97-1384925244503-00163E3A9B5E-1']
2013-11-20 10:58:59,628: DEBUG: Acct-Session-Time: [15]
2013-11-20 10:58:59,628: DEBUG: Acct-Input-Packets: [45673]
2013-11-20 10:58:59,628: DEBUG: Acct-Output-Packets: [88281]
2013-11-20 10:58:59,628: DEBUG: Acct-Terminate-Cause: ['User-Request']
2013-11-20 10:58:59,628: DEBUG: GoGo-Acct-Output-Voice-Octets: [0]
2013-11-20 10:58:59,628: DEBUG: Acct-Output-Gigawords: [0]
2013-11-20 10:58:59,628: DEBUG: GoGo-Total-Output-Voice-Packets: [0]
2013-11-20 10:58:59,629: DEBUG: Acct-Input-Gigawords: [0]
2013-11-20 10:58:59,629: DEBUG: Calling-Station-Id: [u'17:21:31:41:52:67']
2013-11-20 10:58:59,629: DEBUG: NAS-Port-Type: ['Wireless-802.11']
2013-11-20 10:58:59,629: DEBUG: GoGo-Total-Output-Voice-Octets: [0]
2013-11-20 10:58:59,629: DEBUG: GoGo-Private-IP-Address: ['192.168.1.179']
2013-11-20 10:58:59,629: DEBUG: GoGo-Acct-Input-Voice-Gigawords: [0]
2013-11-20 10:58:59,629: DEBUG: GoGo-Total-Input-Packets: [45673]
2013-11-20 10:58:59,629: DEBUG: GoGo-Total-Input-Gigawords: [0]
2013-11-20 10:58:59,629: DEBUG: GoGo-Acct-Input-Voice-Packets: [0]
2013-11-20 10:58:59,629: DEBUG: GoGo-Total-Input-Octets: [7468799]
2013-11-20 10:58:59,630: DEBUG: GoGo-Total-Output-Packets: [88281]
2013-11-20 10:58:59,630: DEBUG: WISPr-Location-ID: [u'airline=BA01,tail=01009,network=']
2013-11-20 10:58:59,630: DEBUG: GoGo-Acct-Output-Voice-Packets: [0]
2013-11-20 10:58:59,630: DEBUG: GoGo-Acct-Output-Voice-Gigawords: [0]
2013-11-20 10:58:59,630: DEBUG: Acct-Input-Octets: [7468799]
2013-11-20 10:58:59,630: ERROR: Network error, Reason: 'Network error: nodename nor servname provided, or not known'
2013-11-20 10:58:59,630: ERROR: Ending the test for this user
2013-11-20 10:58:59,631: DEBUG: Ending the test for this user
2013-11-20 10:59:00,625: DEBUG: Starting the client for the user username7@airborne.aircell.com to the server localhost

