2013-11-20 10:55:42,210: DEBUG: Starting the client for the user username46@airborne.aircell.com to the server localhost

2013-11-20 10:55:42,210: DEBUG: DURATION of the TEST: 66
2013-11-20 10:55:42,210: DEBUG: NAS-IP: 10.254.80.1
2013-11-20 10:55:42,210: DEBUG: NAS-MAC-ADDR: 17:21:31:41:52:45
2013-11-20 10:55:42,210: DEBUG: Abruptly End: False
2013-11-20 10:55:42,210: DEBUG: Framed-IP: 10.254.80.38
2013-11-20 10:55:42,210: DEBUG: User-MAC-Addr: 00:16:3E:49:8D:5E
2013-11-20 10:55:42,210: DEBUG: 

2013-11-20 10:55:42,211: DEBUG: Creating Authentication Request with the following Attributes:
2013-11-20 10:55:42,211: DEBUG: NAS-Identifier: [u'C08386']
2013-11-20 10:55:42,211: DEBUG: User-Name: [u'username46@airborne.aircell.com']
2013-11-20 10:55:42,211: DEBUG: NAS-IP-Address: ['10.254.80.1']
2013-11-20 10:55:42,211: DEBUG: Service-Type: ['Authenticate-Only']
2013-11-20 10:55:42,211: DEBUG: Proxy-State: ['3237,3134']
2013-11-20 10:55:42,211: DEBUG: Framed-IP-Address: ['10.254.80.38']
2013-11-20 10:55:42,211: DEBUG: GoGo-Airline: [u'BA01']
2013-11-20 10:55:42,211: DEBUG: Acct-Session-Id: [u'AAATestNAS_75-1384925142210-00163E498D5E-1']
2013-11-20 10:55:42,211: DEBUG: GoGo-Tail-Number: [u'AAATestNAS_75']
2013-11-20 10:55:42,212: DEBUG: GoGo-Private-IP-Address: ['192.168.1.179']
2013-11-20 10:55:42,212: DEBUG: WISPr-Location-ID: [u'airline=BA01,tail=01009,network=']
2013-11-20 10:55:42,212: DEBUG: WISPr-Location-Name: [u'TEST LLC,BA01_01009']
2013-11-20 10:55:42,212: DEBUG: NAS-Port-Type: ['Wireless-802.11']
2013-11-20 10:55:42,212: DEBUG: Called-Station-Id: [u'00:16:3E:49:8D:5E']
2013-11-20 10:55:42,212: DEBUG: Calling-Station-Id: [u'17:21:31:41:52:45']
2013-11-20 10:55:42,213: DEBUG: 

2013-11-20 10:55:42,213: DEBUG: Received response with code: 2, Accepted
2013-11-20 10:55:42,213: DEBUG: Creating Authentication Request with the following Attributes:
2013-11-20 10:55:42,213: DEBUG: NAS-Identifier: [u'C08386']
2013-11-20 10:55:42,213: DEBUG: User-Name: [u'username46@airborne.aircell.com']
2013-11-20 10:55:42,214: DEBUG: NAS-IP-Address: ['10.254.80.1']
2013-11-20 10:55:42,214: DEBUG: Service-Type: ['Login-User']
2013-11-20 10:55:42,214: DEBUG: Proxy-State: ['3237,3134']
2013-11-20 10:55:42,214: DEBUG: Framed-IP-Address: ['10.254.80.38']
2013-11-20 10:55:42,214: DEBUG: GoGo-Airline: [u'BA01']
2013-11-20 10:55:42,214: DEBUG: Acct-Session-Id: [u'AAATestNAS_75-1384925142213-00163E498D5E-1']
2013-11-20 10:55:42,214: DEBUG: GoGo-Tail-Number: [u'AAATestNAS_75']
2013-11-20 10:55:42,214: DEBUG: GoGo-Private-IP-Address: ['192.168.1.179']
2013-11-20 10:55:42,214: DEBUG: WISPr-Location-ID: [u'airline=BA01,tail=01009,network=']
2013-11-20 10:55:42,214: DEBUG: WISPr-Location-Name: [u'TEST LLC,BA01_01009']
2013-11-20 10:55:42,214: DEBUG: NAS-Port-Type: ['Wireless-802.11']
2013-11-20 10:55:42,214: DEBUG: Called-Station-Id: [u'00:16:3E:49:8D:5E']
2013-11-20 10:55:42,214: DEBUG: Calling-Station-Id: [u'17:21:31:41:52:45']
2013-11-20 10:55:42,216: DEBUG: 

2013-11-20 10:55:42,216: DEBUG: Received response with code: 2, Accepted
2013-11-20 10:55:42,216: DEBUG: 

2013-11-20 10:55:42,216: DEBUG: Creating Accounting start Request with the following Attributes:
2013-11-20 10:55:42,216: DEBUG: NAS-Identifier: [u'C08386']
2013-11-20 10:55:42,216: DEBUG: User-Name: [u'username46@airborne.aircell.com']
2013-11-20 10:55:42,216: DEBUG: GoGo-Tail-Number: [u'AAATestNAS_75']
2013-11-20 10:55:42,216: DEBUG: NAS-IP-Address: ['10.254.80.1']
2013-11-20 10:55:42,216: DEBUG: Proxy-State: ['3239,3131']
2013-11-20 10:55:42,216: DEBUG: Acct-Status-Type: ['Start']
2013-11-20 10:55:42,216: DEBUG: GoGo-Airline: [u'BA01']
2013-11-20 10:55:42,216: DEBUG: Acct-Session-Id: [u'AAATestNAS_75-1384925142213-00163E498D5E-1']
2013-11-20 10:55:42,217: DEBUG: GoGo-Private-IP-Address: ['192.168.1.179']
2013-11-20 10:55:42,217: DEBUG: Framed-IP-Address: ['10.254.80.38']
2013-11-20 10:55:42,217: DEBUG: WISPr-Location-ID: [u'airline=BA01,tail=01009,network=']
2013-11-20 10:55:42,217: DEBUG: WISPr-Location-Name: [u'TEST LLC,BA01_01009']
2013-11-20 10:55:42,217: DEBUG: NAS-Port-Type: ['Wireless-802.11']
2013-11-20 10:55:42,217: DEBUG: Called-Station-Id: [u'00:16:3E:49:8D:5E']
2013-11-20 10:55:42,217: DEBUG: Calling-Station-Id: [u'17:21:31:41:52:45']
2013-11-20 10:55:42,218: DEBUG: 

2013-11-20 10:55:42,218: DEBUG: Received response with following attributes:
2013-11-20 10:55:52,219: DEBUG: 

2013-11-20 10:55:52,219: DEBUG: Creating Accounting Update Request with the following Attributes:
2013-11-20 10:55:52,219: DEBUG: User-Name: [u'username46@airborne.aircell.com']
2013-11-20 10:55:52,219: DEBUG: GoGo-Tail-Number: [u'AAATestNAS_75']
2013-11-20 10:55:52,219: DEBUG: Acct-Output-Octets: [6314380]
2013-11-20 10:55:52,219: DEBUG: NAS-IP-Address: ['10.254.80.1']
2013-11-20 10:55:52,219: DEBUG: GoGo-Total-Output-Gigawords: [0]
2013-11-20 10:55:52,220: DEBUG: Framed-IP-Address: ['10.254.80.38']
2013-11-20 10:55:52,220: DEBUG: GoGo-Total-Input-Voice-Gigawords: [0]
2013-11-20 10:55:52,220: DEBUG: GoGo-Total-Output-Octets: [6314380]
2013-11-20 10:55:52,220: DEBUG: GoGo-Acct-Input-Voice-Octets: [0]
2013-11-20 10:55:52,220: DEBUG: GoGo-Total-Input-Voice-Packets: [0]
2013-11-20 10:55:52,220: DEBUG: Called-Station-Id: [u'00:16:3E:49:8D:5E']
2013-11-20 10:55:52,220: DEBUG: WISPr-Location-Name: [u'TEST LLC,BA01_01009']
2013-11-20 10:55:52,220: DEBUG: NAS-Identifier: [u'C08386']
2013-11-20 10:55:52,220: DEBUG: Proxy-State: ['3330,3132']
2013-11-20 10:55:52,220: DEBUG: GoGo-Total-Input-Voice-Octets: [0]
2013-11-20 10:55:52,220: DEBUG: Acct-Status-Type: ['Interim-Update']
2013-11-20 10:55:52,220: DEBUG: GoGo-Total-Output-Voice-Gigawords: [0]
2013-11-20 10:55:52,220: DEBUG: GoGo-Airline: [u'BA01']
2013-11-20 10:55:52,220: DEBUG: Acct-Session-Id: [u'AAATestNAS_75-1384925142213-00163E498D5E-1']
2013-11-20 10:55:52,220: DEBUG: Acct-Session-Time: [10]
2013-11-20 10:55:52,221: DEBUG: Acct-Input-Packets: [51315]
2013-11-20 10:55:52,221: DEBUG: Acct-Output-Packets: [48372]
2013-11-20 10:55:52,221: DEBUG: GoGo-Acct-Output-Voice-Packets: [0]
2013-11-20 10:55:52,221: DEBUG: GoGo-Acct-Output-Voice-Octets: [0]
2013-11-20 10:55:52,221: DEBUG: Acct-Output-Gigawords: [0]
2013-11-20 10:55:52,221: DEBUG: GoGo-Total-Output-Voice-Packets: [0]
2013-11-20 10:55:52,221: DEBUG: Acct-Input-Gigawords: [0]
2013-11-20 10:55:52,221: DEBUG: Calling-Station-Id: [u'17:21:31:41:52:45']
2013-11-20 10:55:52,221: DEBUG: NAS-Port-Type: ['Wireless-802.11']
2013-11-20 10:55:52,221: DEBUG: GoGo-Total-Output-Voice-Octets: [0]
2013-11-20 10:55:52,221: DEBUG: GoGo-Private-IP-Address: ['192.168.1.179']
2013-11-20 10:55:52,221: DEBUG: GoGo-Acct-Input-Voice-Gigawords: [0]
2013-11-20 10:55:52,221: DEBUG: GoGo-Total-Input-Packets: [51315]
2013-11-20 10:55:52,221: DEBUG: GoGo-Total-Input-Gigawords: [0]
2013-11-20 10:55:52,221: DEBUG: GoGo-Acct-Input-Voice-Packets: [0]
2013-11-20 10:55:52,222: DEBUG: GoGo-Total-Input-Octets: [8884301]
2013-11-20 10:55:52,222: DEBUG: GoGo-Total-Output-Packets: [48372]
2013-11-20 10:55:52,222: DEBUG: WISPr-Location-ID: [u'airline=BA01,tail=01009,network=']
2013-11-20 10:55:52,222: DEBUG: GoGo-Acct-Output-Voice-Gigawords: [0]
2013-11-20 10:55:52,222: DEBUG: Acct-Input-Octets: [8884301]
2013-11-20 10:55:52,223: DEBUG: 

2013-11-20 10:55:52,223: DEBUG: Received response with following attributes:
2013-11-20 10:56:02,224: DEBUG: 

2013-11-20 10:56:02,225: DEBUG: Creating Accounting Update Request with the following Attributes:
2013-11-20 10:56:02,225: DEBUG: User-Name: [u'username46@airborne.aircell.com']
2013-11-20 10:56:02,226: DEBUG: GoGo-Tail-Number: [u'AAATestNAS_75']
2013-11-20 10:56:02,226: DEBUG: Acct-Output-Octets: [5244267]
2013-11-20 10:56:02,226: DEBUG: NAS-IP-Address: ['10.254.80.1']
2013-11-20 10:56:02,226: DEBUG: GoGo-Total-Output-Gigawords: [0]
2013-11-20 10:56:02,226: DEBUG: Framed-IP-Address: ['10.254.80.38']
2013-11-20 10:56:02,226: DEBUG: GoGo-Total-Input-Voice-Gigawords: [0]
2013-11-20 10:56:02,226: DEBUG: GoGo-Total-Output-Octets: [5244267]
2013-11-20 10:56:02,227: DEBUG: GoGo-Acct-Input-Voice-Octets: [0]
2013-11-20 10:56:02,227: DEBUG: GoGo-Total-Input-Voice-Packets: [0]
2013-11-20 10:56:02,227: DEBUG: Called-Station-Id: [u'00:16:3E:49:8D:5E']
2013-11-20 10:56:02,227: DEBUG: WISPr-Location-Name: [u'TEST LLC,BA01_01009']
2013-11-20 10:56:02,227: DEBUG: NAS-Identifier: [u'C08386']
2013-11-20 10:56:02,227: DEBUG: Proxy-State: ['3330,3132']
2013-11-20 10:56:02,227: DEBUG: GoGo-Total-Input-Voice-Octets: [0]
2013-11-20 10:56:02,227: DEBUG: Acct-Status-Type: ['Interim-Update']
2013-11-20 10:56:02,228: DEBUG: GoGo-Total-Output-Voice-Gigawords: [0]
2013-11-20 10:56:02,228: DEBUG: GoGo-Airline: [u'BA01']
2013-11-20 10:56:02,228: DEBUG: Acct-Session-Id: [u'AAATestNAS_75-1384925142213-00163E498D5E-1']
2013-11-20 10:56:02,228: DEBUG: Acct-Session-Time: [10]
2013-11-20 10:56:02,228: DEBUG: Acct-Input-Packets: [25870]
2013-11-20 10:56:02,228: DEBUG: Acct-Output-Packets: [23467]
2013-11-20 10:56:02,228: DEBUG: GoGo-Acct-Output-Voice-Packets: [0]
2013-11-20 10:56:02,228: DEBUG: GoGo-Acct-Output-Voice-Octets: [0]
2013-11-20 10:56:02,228: DEBUG: Acct-Output-Gigawords: [0]
2013-11-20 10:56:02,229: DEBUG: GoGo-Total-Output-Voice-Packets: [0]
2013-11-20 10:56:02,229: DEBUG: Acct-Input-Gigawords: [0]
2013-11-20 10:56:02,229: DEBUG: Calling-Station-Id: [u'17:21:31:41:52:45']
2013-11-20 10:56:02,229: DEBUG: NAS-Port-Type: ['Wireless-802.11']
2013-11-20 10:56:02,229: DEBUG: GoGo-Total-Output-Voice-Octets: [0]
2013-11-20 10:56:02,229: DEBUG: GoGo-Private-IP-Address: ['192.168.1.179']
2013-11-20 10:56:02,229: DEBUG: GoGo-Acct-Input-Voice-Gigawords: [0]
2013-11-20 10:56:02,229: DEBUG: GoGo-Total-Input-Packets: [25870]
2013-11-20 10:56:02,229: DEBUG: GoGo-Total-Input-Gigawords: [0]
2013-11-20 10:56:02,229: DEBUG: GoGo-Acct-Input-Voice-Packets: [0]
2013-11-20 10:56:02,229: DEBUG: GoGo-Total-Input-Octets: [5181471]
2013-11-20 10:56:02,229: DEBUG: GoGo-Total-Output-Packets: [23467]
2013-11-20 10:56:02,230: DEBUG: WISPr-Location-ID: [u'airline=BA01,tail=01009,network=']
2013-11-20 10:56:02,230: DEBUG: GoGo-Acct-Output-Voice-Gigawords: [0]
2013-11-20 10:56:02,230: DEBUG: Acct-Input-Octets: [5181471]
2013-11-20 10:56:02,232: DEBUG: 

2013-11-20 10:56:02,232: DEBUG: Received response with following attributes:
2013-11-20 10:56:12,232: DEBUG: 

2013-11-20 10:56:12,233: DEBUG: Creating Accounting Update Request with the following Attributes:
2013-11-20 10:56:12,233: DEBUG: User-Name: [u'username46@airborne.aircell.com']
2013-11-20 10:56:12,233: DEBUG: GoGo-Tail-Number: [u'AAATestNAS_75']
2013-11-20 10:56:12,233: DEBUG: Acct-Output-Octets: [7407678]
2013-11-20 10:56:12,233: DEBUG: NAS-IP-Address: ['10.254.80.1']
2013-11-20 10:56:12,233: DEBUG: GoGo-Total-Output-Gigawords: [0]
2013-11-20 10:56:12,233: DEBUG: Framed-IP-Address: ['10.254.80.38']
2013-11-20 10:56:12,233: DEBUG: GoGo-Total-Input-Voice-Gigawords: [0]
2013-11-20 10:56:12,233: DEBUG: GoGo-Total-Output-Octets: [7407678]
2013-11-20 10:56:12,233: DEBUG: GoGo-Acct-Input-Voice-Octets: [0]
2013-11-20 10:56:12,233: DEBUG: GoGo-Total-Input-Voice-Packets: [0]
2013-11-20 10:56:12,234: DEBUG: Called-Station-Id: [u'00:16:3E:49:8D:5E']
2013-11-20 10:56:12,234: DEBUG: WISPr-Location-Name: [u'TEST LLC,BA01_01009']
2013-11-20 10:56:12,234: DEBUG: NAS-Identifier: [u'C08386']
2013-11-20 10:56:12,234: DEBUG: Proxy-State: ['3330,3132']
2013-11-20 10:56:12,234: DEBUG: GoGo-Total-Input-Voice-Octets: [0]
2013-11-20 10:56:12,234: DEBUG: Acct-Status-Type: ['Interim-Update']
2013-11-20 10:56:12,234: DEBUG: GoGo-Total-Output-Voice-Gigawords: [0]
2013-11-20 10:56:12,234: DEBUG: GoGo-Airline: [u'BA01']
2013-11-20 10:56:12,234: DEBUG: Acct-Session-Id: [u'AAATestNAS_75-1384925142213-00163E498D5E-1']
2013-11-20 10:56:12,234: DEBUG: Acct-Session-Time: [10]
2013-11-20 10:56:12,234: DEBUG: Acct-Input-Packets: [76862]
2013-11-20 10:56:12,234: DEBUG: Acct-Output-Packets: [68593]
2013-11-20 10:56:12,234: DEBUG: GoGo-Acct-Output-Voice-Packets: [0]
2013-11-20 10:56:12,234: DEBUG: GoGo-Acct-Output-Voice-Octets: [0]
2013-11-20 10:56:12,234: DEBUG: Acct-Output-Gigawords: [0]
2013-11-20 10:56:12,235: DEBUG: GoGo-Total-Output-Voice-Packets: [0]
2013-11-20 10:56:12,235: DEBUG: Acct-Input-Gigawords: [0]
2013-11-20 10:56:12,235: DEBUG: Calling-Station-Id: [u'17:21:31:41:52:45']
2013-11-20 10:56:12,235: DEBUG: NAS-Port-Type: ['Wireless-802.11']
2013-11-20 10:56:12,235: DEBUG: GoGo-Total-Output-Voice-Octets: [0]
2013-11-20 10:56:12,235: DEBUG: GoGo-Private-IP-Address: ['192.168.1.179']
2013-11-20 10:56:12,235: DEBUG: GoGo-Acct-Input-Voice-Gigawords: [0]
2013-11-20 10:56:12,235: DEBUG: GoGo-Total-Input-Packets: [76862]
2013-11-20 10:56:12,235: DEBUG: GoGo-Total-Input-Gigawords: [0]
2013-11-20 10:56:12,235: DEBUG: GoGo-Acct-Input-Voice-Packets: [0]
2013-11-20 10:56:12,235: DEBUG: GoGo-Total-Input-Octets: [9915159]
2013-11-20 10:56:12,235: DEBUG: GoGo-Total-Output-Packets: [68593]
2013-11-20 10:56:12,235: DEBUG: WISPr-Location-ID: [u'airline=BA01,tail=01009,network=']
2013-11-20 10:56:12,235: DEBUG: GoGo-Acct-Output-Voice-Gigawords: [0]
2013-11-20 10:56:12,235: DEBUG: Acct-Input-Octets: [9915159]
2013-11-20 10:56:12,237: DEBUG: 

2013-11-20 10:56:12,237: DEBUG: Received response with following attributes:
2013-11-20 10:56:22,238: DEBUG: 

2013-11-20 10:56:22,239: DEBUG: Creating Accounting Update Request with the following Attributes:
2013-11-20 10:56:22,239: DEBUG: User-Name: [u'username46@airborne.aircell.com']
2013-11-20 10:56:22,239: DEBUG: GoGo-Tail-Number: [u'AAATestNAS_75']
2013-11-20 10:56:22,239: DEBUG: Acct-Output-Octets: [9866161]
2013-11-20 10:56:22,239: DEBUG: NAS-IP-Address: ['10.254.80.1']
2013-11-20 10:56:22,239: DEBUG: GoGo-Total-Output-Gigawords: [0]
2013-11-20 10:56:22,239: DEBUG: Framed-IP-Address: ['10.254.80.38']
2013-11-20 10:56:22,239: DEBUG: GoGo-Total-Input-Voice-Gigawords: [0]
2013-11-20 10:56:22,239: DEBUG: GoGo-Total-Output-Octets: [9866161]
2013-11-20 10:56:22,239: DEBUG: GoGo-Acct-Input-Voice-Octets: [0]
2013-11-20 10:56:22,239: DEBUG: GoGo-Total-Input-Voice-Packets: [0]
2013-11-20 10:56:22,240: DEBUG: Called-Station-Id: [u'00:16:3E:49:8D:5E']
2013-11-20 10:56:22,240: DEBUG: WISPr-Location-Name: [u'TEST LLC,BA01_01009']
2013-11-20 10:56:22,240: DEBUG: NAS-Identifier: [u'C08386']
2013-11-20 10:56:22,240: DEBUG: Proxy-State: ['3330,3132']
2013-11-20 10:56:22,240: DEBUG: GoGo-Total-Input-Voice-Octets: [0]
2013-11-20 10:56:22,240: DEBUG: Acct-Status-Type: ['Interim-Update']
2013-11-20 10:56:22,240: DEBUG: GoGo-Total-Output-Voice-Gigawords: [0]
2013-11-20 10:56:22,240: DEBUG: GoGo-Airline: [u'BA01']
2013-11-20 10:56:22,240: DEBUG: Acct-Session-Id: [u'AAATestNAS_75-1384925142213-00163E498D5E-1']
2013-11-20 10:56:22,240: DEBUG: Acct-Session-Time: [10]
2013-11-20 10:56:22,240: DEBUG: Acct-Input-Packets: [41032]
2013-11-20 10:56:22,240: DEBUG: Acct-Output-Packets: [21944]
2013-11-20 10:56:22,240: DEBUG: GoGo-Acct-Output-Voice-Packets: [0]
2013-11-20 10:56:22,240: DEBUG: GoGo-Acct-Output-Voice-Octets: [0]
2013-11-20 10:56:22,240: DEBUG: Acct-Output-Gigawords: [0]
2013-11-20 10:56:22,241: DEBUG: GoGo-Total-Output-Voice-Packets: [0]
2013-11-20 10:56:22,241: DEBUG: Acct-Input-Gigawords: [0]
2013-11-20 10:56:22,241: DEBUG: Calling-Station-Id: [u'17:21:31:41:52:45']
2013-11-20 10:56:22,241: DEBUG: NAS-Port-Type: ['Wireless-802.11']
2013-11-20 10:56:22,241: DEBUG: GoGo-Total-Output-Voice-Octets: [0]
2013-11-20 10:56:22,241: DEBUG: GoGo-Private-IP-Address: ['192.168.1.179']
2013-11-20 10:56:22,241: DEBUG: GoGo-Acct-Input-Voice-Gigawords: [0]
2013-11-20 10:56:22,241: DEBUG: GoGo-Total-Input-Packets: [41032]
2013-11-20 10:56:22,241: DEBUG: GoGo-Total-Input-Gigawords: [0]
2013-11-20 10:56:22,241: DEBUG: GoGo-Acct-Input-Voice-Packets: [0]
2013-11-20 10:56:22,241: DEBUG: GoGo-Total-Input-Octets: [4761581]
2013-11-20 10:56:22,241: DEBUG: GoGo-Total-Output-Packets: [21944]
2013-11-20 10:56:22,241: DEBUG: WISPr-Location-ID: [u'airline=BA01,tail=01009,network=']
2013-11-20 10:56:22,241: DEBUG: GoGo-Acct-Output-Voice-Gigawords: [0]
2013-11-20 10:56:22,241: DEBUG: Acct-Input-Octets: [4761581]
2013-11-20 10:56:22,243: DEBUG: 

2013-11-20 10:56:22,243: DEBUG: Received response with following attributes:
2013-11-20 10:56:32,244: DEBUG: 

2013-11-20 10:56:32,245: DEBUG: Creating Accounting Update Request with the following Attributes:
2013-11-20 10:56:32,245: DEBUG: User-Name: [u'username46@airborne.aircell.com']
2013-11-20 10:56:32,245: DEBUG: GoGo-Tail-Number: [u'AAATestNAS_75']
2013-11-20 10:56:32,245: DEBUG: Acct-Output-Octets: [8313221]
2013-11-20 10:56:32,245: DEBUG: NAS-IP-Address: ['10.254.80.1']
2013-11-20 10:56:32,245: DEBUG: GoGo-Total-Output-Gigawords: [0]
2013-11-20 10:56:32,245: DEBUG: Framed-IP-Address: ['10.254.80.38']
2013-11-20 10:56:32,245: DEBUG: GoGo-Total-Input-Voice-Gigawords: [0]
2013-11-20 10:56:32,245: DEBUG: GoGo-Total-Output-Octets: [8313221]
2013-11-20 10:56:32,245: DEBUG: GoGo-Acct-Input-Voice-Octets: [0]
2013-11-20 10:56:32,246: DEBUG: GoGo-Total-Input-Voice-Packets: [0]
2013-11-20 10:56:32,246: DEBUG: Called-Station-Id: [u'00:16:3E:49:8D:5E']
2013-11-20 10:56:32,246: DEBUG: WISPr-Location-Name: [u'TEST LLC,BA01_01009']
2013-11-20 10:56:32,246: DEBUG: NAS-Identifier: [u'C08386']
2013-11-20 10:56:32,246: DEBUG: Proxy-State: ['3330,3132']
2013-11-20 10:56:32,246: DEBUG: GoGo-Total-Input-Voice-Octets: [0]
2013-11-20 10:56:32,246: DEBUG: Acct-Status-Type: ['Interim-Update']
2013-11-20 10:56:32,246: DEBUG: GoGo-Total-Output-Voice-Gigawords: [0]
2013-11-20 10:56:32,246: DEBUG: GoGo-Airline: [u'BA01']
2013-11-20 10:56:32,246: DEBUG: Acct-Session-Id: [u'AAATestNAS_75-1384925142213-00163E498D5E-1']
2013-11-20 10:56:32,246: DEBUG: Acct-Session-Time: [10]
2013-11-20 10:56:32,246: DEBUG: Acct-Input-Packets: [11941]
2013-11-20 10:56:32,246: DEBUG: Acct-Output-Packets: [29366]
2013-11-20 10:56:32,246: DEBUG: GoGo-Acct-Output-Voice-Packets: [0]
2013-11-20 10:56:32,246: DEBUG: GoGo-Acct-Output-Voice-Octets: [0]
2013-11-20 10:56:32,247: DEBUG: Acct-Output-Gigawords: [0]
2013-11-20 10:56:32,247: DEBUG: GoGo-Total-Output-Voice-Packets: [0]
2013-11-20 10:56:32,247: DEBUG: Acct-Input-Gigawords: [0]
2013-11-20 10:56:32,247: DEBUG: Calling-Station-Id: [u'17:21:31:41:52:45']
2013-11-20 10:56:32,247: DEBUG: NAS-Port-Type: ['Wireless-802.11']
2013-11-20 10:56:32,247: DEBUG: GoGo-Total-Output-Voice-Octets: [0]
2013-11-20 10:56:32,247: DEBUG: GoGo-Private-IP-Address: ['192.168.1.179']
2013-11-20 10:56:32,247: DEBUG: GoGo-Acct-Input-Voice-Gigawords: [0]
2013-11-20 10:56:32,247: DEBUG: GoGo-Total-Input-Packets: [11941]
2013-11-20 10:56:32,247: DEBUG: GoGo-Total-Input-Gigawords: [0]
2013-11-20 10:56:32,247: DEBUG: GoGo-Acct-Input-Voice-Packets: [0]
2013-11-20 10:56:32,247: DEBUG: GoGo-Total-Input-Octets: [2310636]
2013-11-20 10:56:32,247: DEBUG: GoGo-Total-Output-Packets: [29366]
2013-11-20 10:56:32,247: DEBUG: WISPr-Location-ID: [u'airline=BA01,tail=01009,network=']
2013-11-20 10:56:32,247: DEBUG: GoGo-Acct-Output-Voice-Gigawords: [0]
2013-11-20 10:56:32,247: DEBUG: Acct-Input-Octets: [2310636]
2013-11-20 10:56:32,249: DEBUG: 

2013-11-20 10:56:32,249: DEBUG: Received response with following attributes:
2013-11-20 10:56:42,250: DEBUG: 

2013-11-20 10:56:42,250: DEBUG: Creating Accounting Update Request with the following Attributes:
2013-11-20 10:56:42,251: DEBUG: User-Name: [u'username46@airborne.aircell.com']
2013-11-20 10:56:42,251: DEBUG: GoGo-Tail-Number: [u'AAATestNAS_75']
2013-11-20 10:56:42,251: DEBUG: Acct-Output-Octets: [8784114]
2013-11-20 10:56:42,251: DEBUG: NAS-IP-Address: ['10.254.80.1']
2013-11-20 10:56:42,251: DEBUG: GoGo-Total-Output-Gigawords: [0]
2013-11-20 10:56:42,251: DEBUG: Framed-IP-Address: ['10.254.80.38']
2013-11-20 10:56:42,251: DEBUG: GoGo-Total-Input-Voice-Gigawords: [0]
2013-11-20 10:56:42,251: DEBUG: GoGo-Total-Output-Octets: [8784114]
2013-11-20 10:56:42,251: DEBUG: GoGo-Acct-Input-Voice-Octets: [0]
2013-11-20 10:56:42,251: DEBUG: GoGo-Total-Input-Voice-Packets: [0]
2013-11-20 10:56:42,251: DEBUG: Called-Station-Id: [u'00:16:3E:49:8D:5E']
2013-11-20 10:56:42,251: DEBUG: WISPr-Location-Name: [u'TEST LLC,BA01_01009']
2013-11-20 10:56:42,251: DEBUG: NAS-Identifier: [u'C08386']
2013-11-20 10:56:42,251: DEBUG: Proxy-State: ['3330,3132']
2013-11-20 10:56:42,252: DEBUG: GoGo-Total-Input-Voice-Octets: [0]
2013-11-20 10:56:42,252: DEBUG: Acct-Status-Type: ['Interim-Update']
2013-11-20 10:56:42,252: DEBUG: GoGo-Total-Output-Voice-Gigawords: [0]
2013-11-20 10:56:42,252: DEBUG: GoGo-Airline: [u'BA01']
2013-11-20 10:56:42,252: DEBUG: Acct-Session-Id: [u'AAATestNAS_75-1384925142213-00163E498D5E-1']
2013-11-20 10:56:42,252: DEBUG: Acct-Session-Time: [10]
2013-11-20 10:56:42,252: DEBUG: Acct-Input-Packets: [69256]
2013-11-20 10:56:42,252: DEBUG: Acct-Output-Packets: [85140]
2013-11-20 10:56:42,252: DEBUG: GoGo-Acct-Output-Voice-Packets: [0]
2013-11-20 10:56:42,252: DEBUG: GoGo-Acct-Output-Voice-Octets: [0]
2013-11-20 10:56:42,252: DEBUG: Acct-Output-Gigawords: [0]
2013-11-20 10:56:42,252: DEBUG: GoGo-Total-Output-Voice-Packets: [0]
2013-11-20 10:56:42,252: DEBUG: Acct-Input-Gigawords: [0]
2013-11-20 10:56:42,252: DEBUG: Calling-Station-Id: [u'17:21:31:41:52:45']
2013-11-20 10:56:42,253: DEBUG: NAS-Port-Type: ['Wireless-802.11']
2013-11-20 10:56:42,253: DEBUG: GoGo-Total-Output-Voice-Octets: [0]
2013-11-20 10:56:42,253: DEBUG: GoGo-Private-IP-Address: ['192.168.1.179']
2013-11-20 10:56:42,253: DEBUG: GoGo-Acct-Input-Voice-Gigawords: [0]
2013-11-20 10:56:42,253: DEBUG: GoGo-Total-Input-Packets: [69256]
2013-11-20 10:56:42,253: DEBUG: GoGo-Total-Input-Gigawords: [0]
2013-11-20 10:56:42,253: DEBUG: GoGo-Acct-Input-Voice-Packets: [0]
2013-11-20 10:56:42,253: DEBUG: GoGo-Total-Input-Octets: [9035797]
2013-11-20 10:56:42,253: DEBUG: GoGo-Total-Output-Packets: [85140]
2013-11-20 10:56:42,253: DEBUG: WISPr-Location-ID: [u'airline=BA01,tail=01009,network=']
2013-11-20 10:56:42,253: DEBUG: GoGo-Acct-Output-Voice-Gigawords: [0]
2013-11-20 10:56:42,253: DEBUG: Acct-Input-Octets: [9035797]
2013-11-20 10:56:42,255: DEBUG: 

2013-11-20 10:56:42,255: DEBUG: Received response with following attributes:
2013-11-20 10:56:48,256: DEBUG: 

2013-11-20 10:56:48,256: DEBUG: Creating Accounting Update Request with the following Attributes:
2013-11-20 10:56:48,256: DEBUG: User-Name: [u'username46@airborne.aircell.com']
2013-11-20 10:56:48,256: DEBUG: GoGo-Tail-Number: [u'AAATestNAS_75']
2013-11-20 10:56:48,256: DEBUG: Acct-Output-Octets: [6173689]
2013-11-20 10:56:48,257: DEBUG: NAS-IP-Address: ['10.254.80.1']
2013-11-20 10:56:48,257: DEBUG: GoGo-Total-Output-Gigawords: [0]
2013-11-20 10:56:48,257: DEBUG: Framed-IP-Address: ['10.254.80.38']
2013-11-20 10:56:48,257: DEBUG: GoGo-Total-Input-Voice-Gigawords: [0]
2013-11-20 10:56:48,257: DEBUG: GoGo-Total-Output-Octets: [6173689]
2013-11-20 10:56:48,257: DEBUG: GoGo-Acct-Input-Voice-Octets: [0]
2013-11-20 10:56:48,257: DEBUG: GoGo-Total-Input-Voice-Packets: [0]
2013-11-20 10:56:48,257: DEBUG: Called-Station-Id: [u'00:16:3E:49:8D:5E']
2013-11-20 10:56:48,257: DEBUG: WISPr-Location-Name: [u'TEST LLC,BA01_01009']
2013-11-20 10:56:48,257: DEBUG: NAS-Identifier: [u'C08386']
2013-11-20 10:56:48,257: DEBUG: Proxy-State: ['3330,3132']
2013-11-20 10:56:48,257: DEBUG: GoGo-Total-Input-Voice-Octets: [0]
2013-11-20 10:56:48,257: DEBUG: Acct-Status-Type: ['Interim-Update']
2013-11-20 10:56:48,257: DEBUG: GoGo-Total-Output-Voice-Gigawords: [0]
2013-11-20 10:56:48,258: DEBUG: GoGo-Airline: [u'BA01']
2013-11-20 10:56:48,258: DEBUG: Acct-Session-Id: [u'AAATestNAS_75-1384925142213-00163E498D5E-1']
2013-11-20 10:56:48,258: DEBUG: Acct-Session-Time: [6]
2013-11-20 10:56:48,258: DEBUG: Acct-Input-Packets: [41428]
2013-11-20 10:56:48,258: DEBUG: Acct-Output-Packets: [25878]
2013-11-20 10:56:48,258: DEBUG: GoGo-Acct-Output-Voice-Packets: [0]
2013-11-20 10:56:48,258: DEBUG: GoGo-Acct-Output-Voice-Octets: [0]
2013-11-20 10:56:48,258: DEBUG: Acct-Output-Gigawords: [0]
2013-11-20 10:56:48,258: DEBUG: GoGo-Total-Output-Voice-Packets: [0]
2013-11-20 10:56:48,258: DEBUG: Acct-Input-Gigawords: [0]
2013-11-20 10:56:48,258: DEBUG: Calling-Station-Id: [u'17:21:31:41:52:45']
2013-11-20 10:56:48,258: DEBUG: NAS-Port-Type: ['Wireless-802.11']
2013-11-20 10:56:48,258: DEBUG: GoGo-Total-Output-Voice-Octets: [0]
2013-11-20 10:56:48,258: DEBUG: GoGo-Private-IP-Address: ['192.168.1.179']
2013-11-20 10:56:48,259: DEBUG: GoGo-Acct-Input-Voice-Gigawords: [0]
2013-11-20 10:56:48,259: DEBUG: GoGo-Total-Input-Packets: [41428]
2013-11-20 10:56:48,259: DEBUG: GoGo-Total-Input-Gigawords: [0]
2013-11-20 10:56:48,259: DEBUG: GoGo-Acct-Input-Voice-Packets: [0]
2013-11-20 10:56:48,259: DEBUG: GoGo-Total-Input-Octets: [9667264]
2013-11-20 10:56:48,259: DEBUG: GoGo-Total-Output-Packets: [25878]
2013-11-20 10:56:48,259: DEBUG: WISPr-Location-ID: [u'airline=BA01,tail=01009,network=']
2013-11-20 10:56:48,259: DEBUG: GoGo-Acct-Output-Voice-Gigawords: [0]
2013-11-20 10:56:48,259: DEBUG: Acct-Input-Octets: [9667264]
2013-11-20 10:56:48,261: DEBUG: 

2013-11-20 10:56:48,261: DEBUG: Received response with following attributes:
2013-11-20 10:57:17,262: DEBUG: 

2013-11-20 10:57:17,262: DEBUG: Creating Accounting Stop Request with the following Attributes:
2013-11-20 10:57:17,263: DEBUG: User-Name: [u'username46@airborne.aircell.com']
2013-11-20 10:57:17,263: DEBUG: GoGo-Tail-Number: [u'01009']
2013-11-20 10:57:17,263: DEBUG: Acct-Output-Octets: [6633492]
2013-11-20 10:57:17,263: DEBUG: NAS-IP-Address: ['10.254.80.1']
2013-11-20 10:57:17,263: DEBUG: GoGo-Total-Output-Gigawords: [0]
2013-11-20 10:57:17,263: DEBUG: Framed-IP-Address: ['10.254.80.38']
2013-11-20 10:57:17,263: DEBUG: GoGo-Total-Input-Voice-Gigawords: [0]
2013-11-20 10:57:17,263: DEBUG: GoGo-Total-Output-Octets: [6633492]
2013-11-20 10:57:17,264: DEBUG: GoGo-Acct-Input-Voice-Octets: [0]
2013-11-20 10:57:17,264: DEBUG: GoGo-Total-Input-Voice-Packets: [0]
2013-11-20 10:57:17,264: DEBUG: Called-Station-Id: [u'00:16:3E:49:8D:5E']
2013-11-20 10:57:17,264: DEBUG: WISPr-Location-Name: [u'TEST LLC,BA01_01009']
2013-11-20 10:57:17,264: DEBUG: NAS-Identifier: [u'C08386']
2013-11-20 10:57:17,264: DEBUG: Proxy-State: ['3330,3132']
2013-11-20 10:57:17,264: DEBUG: GoGo-Total-Input-Voice-Octets: [0]
2013-11-20 10:57:17,264: DEBUG: Acct-Status-Type: ['Stop']
2013-11-20 10:57:17,264: DEBUG: GoGo-Total-Output-Voice-Gigawords: [0]
2013-11-20 10:57:17,265: DEBUG: GoGo-Airline: [u'BA01']
2013-11-20 10:57:17,265: DEBUG: Acct-Session-Id: [u'AAATestNAS_75-1384925142213-00163E498D5E-1']
2013-11-20 10:57:17,265: DEBUG: Acct-Session-Time: [29]
2013-11-20 10:57:17,265: DEBUG: Acct-Input-Packets: [76252]
2013-11-20 10:57:17,265: DEBUG: Acct-Output-Packets: [31810]
2013-11-20 10:57:17,265: DEBUG: Acct-Terminate-Cause: ['User-Request']
2013-11-20 10:57:17,265: DEBUG: GoGo-Acct-Output-Voice-Octets: [0]
2013-11-20 10:57:17,265: DEBUG: Acct-Output-Gigawords: [0]
2013-11-20 10:57:17,265: DEBUG: GoGo-Total-Output-Voice-Packets: [0]
2013-11-20 10:57:17,265: DEBUG: Acct-Input-Gigawords: [0]
2013-11-20 10:57:17,266: DEBUG: Calling-Station-Id: [u'17:21:31:41:52:45']
2013-11-20 10:57:17,266: DEBUG: NAS-Port-Type: ['Wireless-802.11']
2013-11-20 10:57:17,266: DEBUG: GoGo-Total-Output-Voice-Octets: [0]
2013-11-20 10:57:17,266: DEBUG: GoGo-Private-IP-Address: ['192.168.1.179']
2013-11-20 10:57:17,266: DEBUG: GoGo-Acct-Input-Voice-Gigawords: [0]
2013-11-20 10:57:17,266: DEBUG: GoGo-Total-Input-Packets: [76252]
2013-11-20 10:57:17,266: DEBUG: GoGo-Total-Input-Gigawords: [0]
2013-11-20 10:57:17,266: DEBUG: GoGo-Acct-Input-Voice-Packets: [0]
2013-11-20 10:57:17,266: DEBUG: GoGo-Total-Input-Octets: [8436270]
2013-11-20 10:57:17,266: DEBUG: GoGo-Total-Output-Packets: [31810]
2013-11-20 10:57:17,266: DEBUG: WISPr-Location-ID: [u'airline=BA01,tail=01009,network=']
2013-11-20 10:57:17,267: DEBUG: GoGo-Acct-Output-Voice-Packets: [0]
2013-11-20 10:57:17,267: DEBUG: GoGo-Acct-Output-Voice-Gigawords: [0]
2013-11-20 10:57:17,267: DEBUG: Acct-Input-Octets: [8436270]
2013-11-20 10:57:17,269: DEBUG: 

2013-11-20 10:57:17,269: DEBUG: Received response with following attributes:
2013-11-20 10:57:17,269: DEBUG: Ending the test for this user
2013-11-20 10:57:17,494: DEBUG: Starting the client for the user username46@airborne.aircell.com to the server localhost

2013-11-20 10:57:17,494: DEBUG: DURATION of the TEST: 85
2013-11-20 10:57:17,494: DEBUG: NAS-IP: 10.254.52.1
2013-11-20 10:57:17,494: DEBUG: NAS-MAC-ADDR: 17:21:31:41:52:17
2013-11-20 10:57:17,494: DEBUG: Abruptly End: False
2013-11-20 10:57:17,494: DEBUG: Framed-IP: 10.254.52.134
2013-11-20 10:57:17,494: DEBUG: User-MAC-Addr: 00:16:3E:30:53:87
2013-11-20 10:57:17,494: DEBUG: 

2013-11-20 10:57:17,495: DEBUG: Creating Authentication Request with the following Attributes:
2013-11-20 10:57:17,495: DEBUG: NAS-Identifier: [u'C08386']
2013-11-20 10:57:17,495: DEBUG: User-Name: [u'username46@airborne.aircell.com']
2013-11-20 10:57:17,495: DEBUG: NAS-IP-Address: ['10.254.52.1']
2013-11-20 10:57:17,495: DEBUG: Service-Type: ['Authenticate-Only']
2013-11-20 10:57:17,495: DEBUG: Proxy-State: ['3237,3134']
2013-11-20 10:57:17,495: DEBUG: Framed-IP-Address: ['10.254.52.134']
2013-11-20 10:57:17,496: DEBUG: GoGo-Airline: [u'BA01']
2013-11-20 10:57:17,496: DEBUG: Acct-Session-Id: [u'AAATestNAS_47-1384925237495-00163E305387-2']
2013-11-20 10:57:17,496: DEBUG: GoGo-Tail-Number: [u'AAATestNAS_47']
2013-11-20 10:57:17,496: DEBUG: GoGo-Private-IP-Address: ['192.168.1.179']
2013-11-20 10:57:17,496: DEBUG: WISPr-Location-ID: [u'airline=BA01,tail=01009,network=']
2013-11-20 10:57:17,496: DEBUG: WISPr-Location-Name: [u'TEST LLC,BA01_01009']
2013-11-20 10:57:17,496: DEBUG: NAS-Port-Type: ['Wireless-802.11']
2013-11-20 10:57:17,496: DEBUG: Called-Station-Id: [u'00:16:3E:30:53:87']
2013-11-20 10:57:17,496: DEBUG: Calling-Station-Id: [u'17:21:31:41:52:17']
2013-11-20 10:57:17,498: DEBUG: 

2013-11-20 10:57:17,498: DEBUG: Received response with code: 2, Accepted
2013-11-20 10:57:17,499: DEBUG: Creating Authentication Request with the following Attributes:
2013-11-20 10:57:17,499: DEBUG: NAS-Identifier: [u'C08386']
2013-11-20 10:57:17,499: DEBUG: User-Name: [u'username46@airborne.aircell.com']
2013-11-20 10:57:17,500: DEBUG: NAS-IP-Address: ['10.254.52.1']
2013-11-20 10:57:17,500: DEBUG: Service-Type: ['Login-User']
2013-11-20 10:57:17,500: DEBUG: Proxy-State: ['3237,3134']
2013-11-20 10:57:17,500: DEBUG: Framed-IP-Address: ['10.254.52.134']
2013-11-20 10:57:17,501: DEBUG: GoGo-Airline: [u'BA01']
2013-11-20 10:57:17,501: DEBUG: Acct-Session-Id: [u'AAATestNAS_47-1384925237498-00163E305387-2']
2013-11-20 10:57:17,501: DEBUG: GoGo-Tail-Number: [u'AAATestNAS_47']
2013-11-20 10:57:17,501: DEBUG: GoGo-Private-IP-Address: ['192.168.1.179']
2013-11-20 10:57:17,501: DEBUG: WISPr-Location-ID: [u'airline=BA01,tail=01009,network=']
2013-11-20 10:57:17,502: DEBUG: WISPr-Location-Name: [u'TEST LLC,BA01_01009']
2013-11-20 10:57:17,502: DEBUG: NAS-Port-Type: ['Wireless-802.11']
2013-11-20 10:57:17,502: DEBUG: Called-Station-Id: [u'00:16:3E:30:53:87']
2013-11-20 10:57:17,502: DEBUG: Calling-Station-Id: [u'17:21:31:41:52:17']
2013-11-20 10:57:17,504: DEBUG: 

2013-11-20 10:57:17,504: DEBUG: Received response with code: 2, Accepted
2013-11-20 10:57:17,505: DEBUG: 

2013-11-20 10:57:17,506: DEBUG: Creating Accounting start Request with the following Attributes:
2013-11-20 10:57:17,506: DEBUG: NAS-Identifier: [u'C08386']
2013-11-20 10:57:17,507: DEBUG: User-Name: [u'username46@airborne.aircell.com']
2013-11-20 10:57:17,507: DEBUG: GoGo-Tail-Number: [u'AAATestNAS_47']
2013-11-20 10:57:17,508: DEBUG: NAS-IP-Address: ['10.254.52.1']
2013-11-20 10:57:17,508: DEBUG: Proxy-State: ['3239,3131']
2013-11-20 10:57:17,509: DEBUG: Acct-Status-Type: ['Start']
2013-11-20 10:57:17,509: DEBUG: GoGo-Airline: [u'BA01']
2013-11-20 10:57:17,510: DEBUG: Acct-Session-Id: [u'AAATestNAS_47-1384925237498-00163E305387-2']
2013-11-20 10:57:17,510: DEBUG: GoGo-Private-IP-Address: ['192.168.1.179']
2013-11-20 10:57:17,511: DEBUG: Framed-IP-Address: ['10.254.52.134']
2013-11-20 10:57:17,511: DEBUG: WISPr-Location-ID: [u'airline=BA01,tail=01009,network=']
2013-11-20 10:57:17,512: DEBUG: WISPr-Location-Name: [u'TEST LLC,BA01_01009']
2013-11-20 10:57:17,513: DEBUG: NAS-Port-Type: ['Wireless-802.11']
2013-11-20 10:57:17,514: DEBUG: Called-Station-Id: [u'00:16:3E:30:53:87']
2013-11-20 10:57:17,514: DEBUG: Calling-Station-Id: [u'17:21:31:41:52:17']
2013-11-20 10:57:17,516: DEBUG: 

2013-11-20 10:57:17,517: DEBUG: Received response with following attributes:
2013-11-20 10:57:27,518: DEBUG: 

2013-11-20 10:57:27,520: DEBUG: Creating Accounting Update Request with the following Attributes:
2013-11-20 10:57:27,520: DEBUG: User-Name: [u'username46@airborne.aircell.com']
2013-11-20 10:57:27,520: DEBUG: GoGo-Tail-Number: [u'AAATestNAS_47']
2013-11-20 10:57:27,520: DEBUG: Acct-Output-Octets: [6245088]
2013-11-20 10:57:27,521: DEBUG: NAS-IP-Address: ['10.254.52.1']
2013-11-20 10:57:27,521: DEBUG: GoGo-Total-Output-Gigawords: [0]
2013-11-20 10:57:27,521: DEBUG: Framed-IP-Address: ['10.254.52.134']
2013-11-20 10:57:27,521: DEBUG: GoGo-Total-Input-Voice-Gigawords: [0]
2013-11-20 10:57:27,521: DEBUG: GoGo-Total-Output-Octets: [6245088]
2013-11-20 10:57:27,522: DEBUG: GoGo-Acct-Input-Voice-Octets: [0]
2013-11-20 10:57:27,522: DEBUG: GoGo-Total-Input-Voice-Packets: [0]
2013-11-20 10:57:27,522: DEBUG: Called-Station-Id: [u'00:16:3E:30:53:87']
2013-11-20 10:57:27,522: DEBUG: WISPr-Location-Name: [u'TEST LLC,BA01_01009']
2013-11-20 10:57:27,522: DEBUG: NAS-Identifier: [u'C08386']
2013-11-20 10:57:27,523: DEBUG: Proxy-State: ['3330,3132']
2013-11-20 10:57:27,523: DEBUG: GoGo-Total-Input-Voice-Octets: [0]
2013-11-20 10:57:27,523: DEBUG: Acct-Status-Type: ['Interim-Update']
2013-11-20 10:57:27,523: DEBUG: GoGo-Total-Output-Voice-Gigawords: [0]
2013-11-20 10:57:27,523: DEBUG: GoGo-Airline: [u'BA01']
2013-11-20 10:57:27,524: DEBUG: Acct-Session-Id: [u'AAATestNAS_47-1384925237498-00163E305387-2']
2013-11-20 10:57:27,524: DEBUG: Acct-Session-Time: [10]
2013-11-20 10:57:27,524: DEBUG: Acct-Input-Packets: [63079]
2013-11-20 10:57:27,524: DEBUG: Acct-Output-Packets: [14940]
2013-11-20 10:57:27,524: DEBUG: GoGo-Acct-Output-Voice-Packets: [0]
2013-11-20 10:57:27,524: DEBUG: GoGo-Acct-Output-Voice-Octets: [0]
2013-11-20 10:57:27,525: DEBUG: Acct-Output-Gigawords: [0]
2013-11-20 10:57:27,525: DEBUG: GoGo-Total-Output-Voice-Packets: [0]
2013-11-20 10:57:27,525: DEBUG: Acct-Input-Gigawords: [0]
2013-11-20 10:57:27,525: DEBUG: Calling-Station-Id: [u'17:21:31:41:52:17']
2013-11-20 10:57:27,525: DEBUG: NAS-Port-Type: ['Wireless-802.11']
2013-11-20 10:57:27,525: DEBUG: GoGo-Total-Output-Voice-Octets: [0]
2013-11-20 10:57:27,525: DEBUG: GoGo-Private-IP-Address: ['192.168.1.179']
2013-11-20 10:57:27,526: DEBUG: GoGo-Acct-Input-Voice-Gigawords: [0]
2013-11-20 10:57:27,526: DEBUG: GoGo-Total-Input-Packets: [63079]
2013-11-20 10:57:27,526: DEBUG: GoGo-Total-Input-Gigawords: [0]
2013-11-20 10:57:27,526: DEBUG: GoGo-Acct-Input-Voice-Packets: [0]
2013-11-20 10:57:27,526: DEBUG: GoGo-Total-Input-Octets: [9837307]
2013-11-20 10:57:27,526: DEBUG: GoGo-Total-Output-Packets: [14940]
2013-11-20 10:57:27,527: DEBUG: WISPr-Location-ID: [u'airline=BA01,tail=01009,network=']
2013-11-20 10:57:27,527: DEBUG: GoGo-Acct-Output-Voice-Gigawords: [0]
2013-11-20 10:57:27,527: DEBUG: Acct-Input-Octets: [9837307]
2013-11-20 10:57:27,529: DEBUG: 

2013-11-20 10:57:27,529: DEBUG: Received response with following attributes:
2013-11-20 10:57:37,530: DEBUG: 

2013-11-20 10:57:37,531: DEBUG: Creating Accounting Update Request with the following Attributes:
2013-11-20 10:57:37,531: DEBUG: User-Name: [u'username46@airborne.aircell.com']
2013-11-20 10:57:37,531: DEBUG: GoGo-Tail-Number: [u'AAATestNAS_47']
2013-11-20 10:57:37,531: DEBUG: Acct-Output-Octets: [6446584]
2013-11-20 10:57:37,531: DEBUG: NAS-IP-Address: ['10.254.52.1']
2013-11-20 10:57:37,531: DEBUG: GoGo-Total-Output-Gigawords: [0]
2013-11-20 10:57:37,531: DEBUG: Framed-IP-Address: ['10.254.52.134']
2013-11-20 10:57:37,532: DEBUG: GoGo-Total-Input-Voice-Gigawords: [0]
2013-11-20 10:57:37,532: DEBUG: GoGo-Total-Output-Octets: [6446584]
2013-11-20 10:57:37,532: DEBUG: GoGo-Acct-Input-Voice-Octets: [0]
2013-11-20 10:57:37,532: DEBUG: GoGo-Total-Input-Voice-Packets: [0]
2013-11-20 10:57:37,532: DEBUG: Called-Station-Id: [u'00:16:3E:30:53:87']
2013-11-20 10:57:37,532: DEBUG: WISPr-Location-Name: [u'TEST LLC,BA01_01009']
2013-11-20 10:57:37,532: DEBUG: NAS-Identifier: [u'C08386']
2013-11-20 10:57:37,532: DEBUG: Proxy-State: ['3330,3132']
2013-11-20 10:57:37,532: DEBUG: GoGo-Total-Input-Voice-Octets: [0]
2013-11-20 10:57:37,533: DEBUG: Acct-Status-Type: ['Interim-Update']
2013-11-20 10:57:37,533: DEBUG: GoGo-Total-Output-Voice-Gigawords: [0]
2013-11-20 10:57:37,533: DEBUG: GoGo-Airline: [u'BA01']
2013-11-20 10:57:37,533: DEBUG: Acct-Session-Id: [u'AAATestNAS_47-1384925237498-00163E305387-2']
2013-11-20 10:57:37,533: DEBUG: Acct-Session-Time: [10]
2013-11-20 10:57:37,533: DEBUG: Acct-Input-Packets: [32083]
2013-11-20 10:57:37,533: DEBUG: Acct-Output-Packets: [14636]
2013-11-20 10:57:37,533: DEBUG: GoGo-Acct-Output-Voice-Packets: [0]
2013-11-20 10:57:37,533: DEBUG: GoGo-Acct-Output-Voice-Octets: [0]
2013-11-20 10:57:37,533: DEBUG: Acct-Output-Gigawords: [0]
2013-11-20 10:57:37,534: DEBUG: GoGo-Total-Output-Voice-Packets: [0]
2013-11-20 10:57:37,534: DEBUG: Acct-Input-Gigawords: [0]
2013-11-20 10:57:37,534: DEBUG: Calling-Station-Id: [u'17:21:31:41:52:17']
2013-11-20 10:57:37,534: DEBUG: NAS-Port-Type: ['Wireless-802.11']
2013-11-20 10:57:37,534: DEBUG: GoGo-Total-Output-Voice-Octets: [0]
2013-11-20 10:57:37,534: DEBUG: GoGo-Private-IP-Address: ['192.168.1.179']
2013-11-20 10:57:37,534: DEBUG: GoGo-Acct-Input-Voice-Gigawords: [0]
2013-11-20 10:57:37,534: DEBUG: GoGo-Total-Input-Packets: [32083]
2013-11-20 10:57:37,534: DEBUG: GoGo-Total-Input-Gigawords: [0]
2013-11-20 10:57:37,535: DEBUG: GoGo-Acct-Input-Voice-Packets: [0]
2013-11-20 10:57:37,535: DEBUG: GoGo-Total-Input-Octets: [6609040]
2013-11-20 10:57:37,535: DEBUG: GoGo-Total-Output-Packets: [14636]
2013-11-20 10:57:37,535: DEBUG: WISPr-Location-ID: [u'airline=BA01,tail=01009,network=']
2013-11-20 10:57:37,535: DEBUG: GoGo-Acct-Output-Voice-Gigawords: [0]
2013-11-20 10:57:37,536: DEBUG: Acct-Input-Octets: [6609040]
2013-11-20 10:57:37,536: ERROR: Network error, Reason: 'Network error: Too many open files'
2013-11-20 10:57:47,537: DEBUG: 

2013-11-20 10:57:47,537: DEBUG: Creating Accounting Update Request with the following Attributes:
2013-11-20 10:57:47,537: DEBUG: User-Name: [u'username46@airborne.aircell.com']
2013-11-20 10:57:47,538: DEBUG: GoGo-Tail-Number: [u'AAATestNAS_47']
2013-11-20 10:57:47,538: DEBUG: Acct-Output-Octets: [6043550]
2013-11-20 10:57:47,538: DEBUG: NAS-IP-Address: ['10.254.52.1']
2013-11-20 10:57:47,539: DEBUG: GoGo-Total-Output-Gigawords: [0]
2013-11-20 10:57:47,539: DEBUG: Framed-IP-Address: ['10.254.52.134']
2013-11-20 10:57:47,539: DEBUG: GoGo-Total-Input-Voice-Gigawords: [0]
2013-11-20 10:57:47,539: DEBUG: GoGo-Total-Output-Octets: [6043550]
2013-11-20 10:57:47,540: DEBUG: GoGo-Acct-Input-Voice-Octets: [0]
2013-11-20 10:57:47,540: DEBUG: GoGo-Total-Input-Voice-Packets: [0]
2013-11-20 10:57:47,541: DEBUG: Called-Station-Id: [u'00:16:3E:30:53:87']
2013-11-20 10:57:47,541: DEBUG: WISPr-Location-Name: [u'TEST LLC,BA01_01009']
2013-11-20 10:57:47,541: DEBUG: NAS-Identifier: [u'C08386']
2013-11-20 10:57:47,542: DEBUG: Proxy-State: ['3330,3132']
2013-11-20 10:57:47,543: DEBUG: GoGo-Total-Input-Voice-Octets: [0]
2013-11-20 10:57:47,544: DEBUG: Acct-Status-Type: ['Interim-Update']
2013-11-20 10:57:47,544: DEBUG: GoGo-Total-Output-Voice-Gigawords: [0]
2013-11-20 10:57:47,544: DEBUG: GoGo-Airline: [u'BA01']
2013-11-20 10:57:47,545: DEBUG: Acct-Session-Id: [u'AAATestNAS_47-1384925237498-00163E305387-2']
2013-11-20 10:57:47,545: DEBUG: Acct-Session-Time: [10]
2013-11-20 10:57:47,546: DEBUG: Acct-Input-Packets: [16857]
2013-11-20 10:57:47,546: DEBUG: Acct-Output-Packets: [6047]
2013-11-20 10:57:47,547: DEBUG: GoGo-Acct-Output-Voice-Packets: [0]
2013-11-20 10:57:47,547: DEBUG: GoGo-Acct-Output-Voice-Octets: [0]
2013-11-20 10:57:47,548: DEBUG: Acct-Output-Gigawords: [0]
2013-11-20 10:57:47,548: DEBUG: GoGo-Total-Output-Voice-Packets: [0]
2013-11-20 10:57:47,549: DEBUG: Acct-Input-Gigawords: [0]
2013-11-20 10:57:47,549: DEBUG: Calling-Station-Id: [u'17:21:31:41:52:17']
2013-11-20 10:57:47,550: DEBUG: NAS-Port-Type: ['Wireless-802.11']
2013-11-20 10:57:47,551: DEBUG: GoGo-Total-Output-Voice-Octets: [0]
2013-11-20 10:57:47,552: DEBUG: GoGo-Private-IP-Address: ['192.168.1.179']
2013-11-20 10:57:47,552: DEBUG: GoGo-Acct-Input-Voice-Gigawords: [0]
2013-11-20 10:57:47,553: DEBUG: GoGo-Total-Input-Packets: [16857]
2013-11-20 10:57:47,554: DEBUG: GoGo-Total-Input-Gigawords: [0]
2013-11-20 10:57:47,554: DEBUG: GoGo-Acct-Input-Voice-Packets: [0]
2013-11-20 10:57:47,554: DEBUG: GoGo-Total-Input-Octets: [2794555]
2013-11-20 10:57:47,555: DEBUG: GoGo-Total-Output-Packets: [6047]
2013-11-20 10:57:47,555: DEBUG: WISPr-Location-ID: [u'airline=BA01,tail=01009,network=']
2013-11-20 10:57:47,556: DEBUG: GoGo-Acct-Output-Voice-Gigawords: [0]
2013-11-20 10:57:47,556: DEBUG: Acct-Input-Octets: [2794555]
2013-11-20 10:57:47,557: ERROR: Network error, Reason: 'Network error: nodename nor servname provided, or not known'
2013-11-20 10:57:57,558: DEBUG: 

2013-11-20 10:57:57,559: DEBUG: Creating Accounting Update Request with the following Attributes:
2013-11-20 10:57:57,559: DEBUG: User-Name: [u'username46@airborne.aircell.com']
2013-11-20 10:57:57,559: DEBUG: GoGo-Tail-Number: [u'AAATestNAS_47']
2013-11-20 10:57:57,559: DEBUG: Acct-Output-Octets: [8596447]
2013-11-20 10:57:57,559: DEBUG: NAS-IP-Address: ['10.254.52.1']
2013-11-20 10:57:57,560: DEBUG: GoGo-Total-Output-Gigawords: [0]
2013-11-20 10:57:57,560: DEBUG: Framed-IP-Address: ['10.254.52.134']
2013-11-20 10:57:57,560: DEBUG: GoGo-Total-Input-Voice-Gigawords: [0]
2013-11-20 10:57:57,560: DEBUG: GoGo-Total-Output-Octets: [8596447]
2013-11-20 10:57:57,560: DEBUG: GoGo-Acct-Input-Voice-Octets: [0]
2013-11-20 10:57:57,560: DEBUG: GoGo-Total-Input-Voice-Packets: [0]
2013-11-20 10:57:57,560: DEBUG: Called-Station-Id: [u'00:16:3E:30:53:87']
2013-11-20 10:57:57,560: DEBUG: WISPr-Location-Name: [u'TEST LLC,BA01_01009']
2013-11-20 10:57:57,561: DEBUG: NAS-Identifier: [u'C08386']
2013-11-20 10:57:57,561: DEBUG: Proxy-State: ['3330,3132']
2013-11-20 10:57:57,561: DEBUG: GoGo-Total-Input-Voice-Octets: [0]
2013-11-20 10:57:57,561: DEBUG: Acct-Status-Type: ['Interim-Update']
2013-11-20 10:57:57,561: DEBUG: GoGo-Total-Output-Voice-Gigawords: [0]
2013-11-20 10:57:57,561: DEBUG: GoGo-Airline: [u'BA01']
2013-11-20 10:57:57,561: DEBUG: Acct-Session-Id: [u'AAATestNAS_47-1384925237498-00163E305387-2']
2013-11-20 10:57:57,561: DEBUG: Acct-Session-Time: [10]
2013-11-20 10:57:57,562: DEBUG: Acct-Input-Packets: [24691]
2013-11-20 10:57:57,562: DEBUG: Acct-Output-Packets: [80654]
2013-11-20 10:57:57,562: DEBUG: GoGo-Acct-Output-Voice-Packets: [0]
2013-11-20 10:57:57,562: DEBUG: GoGo-Acct-Output-Voice-Octets: [0]
2013-11-20 10:57:57,562: DEBUG: Acct-Output-Gigawords: [0]
2013-11-20 10:57:57,562: DEBUG: GoGo-Total-Output-Voice-Packets: [0]
2013-11-20 10:57:57,562: DEBUG: Acct-Input-Gigawords: [0]
2013-11-20 10:57:57,562: DEBUG: Calling-Station-Id: [u'17:21:31:41:52:17']
2013-11-20 10:57:57,562: DEBUG: NAS-Port-Type: ['Wireless-802.11']
2013-11-20 10:57:57,563: DEBUG: GoGo-Total-Output-Voice-Octets: [0]
2013-11-20 10:57:57,563: DEBUG: GoGo-Private-IP-Address: ['192.168.1.179']
2013-11-20 10:57:57,563: DEBUG: GoGo-Acct-Input-Voice-Gigawords: [0]
2013-11-20 10:57:57,563: DEBUG: GoGo-Total-Input-Packets: [24691]
2013-11-20 10:57:57,563: DEBUG: GoGo-Total-Input-Gigawords: [0]
2013-11-20 10:57:57,563: DEBUG: GoGo-Acct-Input-Voice-Packets: [0]
2013-11-20 10:57:57,563: DEBUG: GoGo-Total-Input-Octets: [3333358]
2013-11-20 10:57:57,563: DEBUG: GoGo-Total-Output-Packets: [80654]
2013-11-20 10:57:57,563: DEBUG: WISPr-Location-ID: [u'airline=BA01,tail=01009,network=']
2013-11-20 10:57:57,563: DEBUG: GoGo-Acct-Output-Voice-Gigawords: [0]
2013-11-20 10:57:57,564: DEBUG: Acct-Input-Octets: [3333358]
2013-11-20 10:57:57,564: ERROR: Network error, Reason: 'Network error: nodename nor servname provided, or not known'
2013-11-20 10:58:07,565: DEBUG: 

2013-11-20 10:58:07,565: DEBUG: Creating Accounting Update Request with the following Attributes:
2013-11-20 10:58:07,566: DEBUG: User-Name: [u'username46@airborne.aircell.com']
2013-11-20 10:58:07,566: DEBUG: GoGo-Tail-Number: [u'AAATestNAS_47']
2013-11-20 10:58:07,566: DEBUG: Acct-Output-Octets: [9080636]
2013-11-20 10:58:07,566: DEBUG: NAS-IP-Address: ['10.254.52.1']
2013-11-20 10:58:07,566: DEBUG: GoGo-Total-Output-Gigawords: [0]
2013-11-20 10:58:07,566: DEBUG: Framed-IP-Address: ['10.254.52.134']
2013-11-20 10:58:07,566: DEBUG: GoGo-Total-Input-Voice-Gigawords: [0]
2013-11-20 10:58:07,566: DEBUG: GoGo-Total-Output-Octets: [9080636]
2013-11-20 10:58:07,567: DEBUG: GoGo-Acct-Input-Voice-Octets: [0]
2013-11-20 10:58:07,567: DEBUG: GoGo-Total-Input-Voice-Packets: [0]
2013-11-20 10:58:07,567: DEBUG: Called-Station-Id: [u'00:16:3E:30:53:87']
2013-11-20 10:58:07,567: DEBUG: WISPr-Location-Name: [u'TEST LLC,BA01_01009']
2013-11-20 10:58:07,567: DEBUG: NAS-Identifier: [u'C08386']
2013-11-20 10:58:07,567: DEBUG: Proxy-State: ['3330,3132']
2013-11-20 10:58:07,567: DEBUG: GoGo-Total-Input-Voice-Octets: [0]
2013-11-20 10:58:07,567: DEBUG: Acct-Status-Type: ['Interim-Update']
2013-11-20 10:58:07,567: DEBUG: GoGo-Total-Output-Voice-Gigawords: [0]
2013-11-20 10:58:07,568: DEBUG: GoGo-Airline: [u'BA01']
2013-11-20 10:58:07,568: DEBUG: Acct-Session-Id: [u'AAATestNAS_47-1384925237498-00163E305387-2']
2013-11-20 10:58:07,568: DEBUG: Acct-Session-Time: [10]
2013-11-20 10:58:07,568: DEBUG: Acct-Input-Packets: [71735]
2013-11-20 10:58:07,568: DEBUG: Acct-Output-Packets: [15765]
2013-11-20 10:58:07,568: DEBUG: GoGo-Acct-Output-Voice-Packets: [0]
2013-11-20 10:58:07,568: DEBUG: GoGo-Acct-Output-Voice-Octets: [0]
2013-11-20 10:58:07,568: DEBUG: Acct-Output-Gigawords: [0]
2013-11-20 10:58:07,568: DEBUG: GoGo-Total-Output-Voice-Packets: [0]
2013-11-20 10:58:07,569: DEBUG: Acct-Input-Gigawords: [0]
2013-11-20 10:58:07,569: DEBUG: Calling-Station-Id: [u'17:21:31:41:52:17']
2013-11-20 10:58:07,569: DEBUG: NAS-Port-Type: ['Wireless-802.11']
2013-11-20 10:58:07,569: DEBUG: GoGo-Total-Output-Voice-Octets: [0]
2013-11-20 10:58:07,569: DEBUG: GoGo-Private-IP-Address: ['192.168.1.179']
2013-11-20 10:58:07,569: DEBUG: GoGo-Acct-Input-Voice-Gigawords: [0]
2013-11-20 10:58:07,569: DEBUG: GoGo-Total-Input-Packets: [71735]
2013-11-20 10:58:07,569: DEBUG: GoGo-Total-Input-Gigawords: [0]
2013-11-20 10:58:07,569: DEBUG: GoGo-Acct-Input-Voice-Packets: [0]
2013-11-20 10:58:07,569: DEBUG: GoGo-Total-Input-Octets: [8229876]
2013-11-20 10:58:07,570: DEBUG: GoGo-Total-Output-Packets: [15765]
2013-11-20 10:58:07,570: DEBUG: WISPr-Location-ID: [u'airline=BA01,tail=01009,network=']
2013-11-20 10:58:07,570: DEBUG: GoGo-Acct-Output-Voice-Gigawords: [0]
2013-11-20 10:58:07,570: DEBUG: Acct-Input-Octets: [8229876]
2013-11-20 10:58:07,570: ERROR: Network error, Reason: 'Network error: nodename nor servname provided, or not known'
2013-11-20 10:58:17,571: DEBUG: 

2013-11-20 10:58:17,572: DEBUG: Creating Accounting Update Request with the following Attributes:
2013-11-20 10:58:17,572: DEBUG: User-Name: [u'username46@airborne.aircell.com']
2013-11-20 10:58:17,572: DEBUG: GoGo-Tail-Number: [u'AAATestNAS_47']
2013-11-20 10:58:17,572: DEBUG: Acct-Output-Octets: [8959053]
2013-11-20 10:58:17,572: DEBUG: NAS-IP-Address: ['10.254.52.1']
2013-11-20 10:58:17,572: DEBUG: GoGo-Total-Output-Gigawords: [0]
2013-11-20 10:58:17,572: DEBUG: Framed-IP-Address: ['10.254.52.134']
2013-11-20 10:58:17,573: DEBUG: GoGo-Total-Input-Voice-Gigawords: [0]
2013-11-20 10:58:17,573: DEBUG: GoGo-Total-Output-Octets: [8959053]
2013-11-20 10:58:17,573: DEBUG: GoGo-Acct-Input-Voice-Octets: [0]
2013-11-20 10:58:17,573: DEBUG: GoGo-Total-Input-Voice-Packets: [0]
2013-11-20 10:58:17,573: DEBUG: Called-Station-Id: [u'00:16:3E:30:53:87']
2013-11-20 10:58:17,573: DEBUG: WISPr-Location-Name: [u'TEST LLC,BA01_01009']
2013-11-20 10:58:17,573: DEBUG: NAS-Identifier: [u'C08386']
2013-11-20 10:58:17,573: DEBUG: Proxy-State: ['3330,3132']
2013-11-20 10:58:17,573: DEBUG: GoGo-Total-Input-Voice-Octets: [0]
2013-11-20 10:58:17,574: DEBUG: Acct-Status-Type: ['Interim-Update']
2013-11-20 10:58:17,574: DEBUG: GoGo-Total-Output-Voice-Gigawords: [0]
2013-11-20 10:58:17,574: DEBUG: GoGo-Airline: [u'BA01']
2013-11-20 10:58:17,574: DEBUG: Acct-Session-Id: [u'AAATestNAS_47-1384925237498-00163E305387-2']
2013-11-20 10:58:17,574: DEBUG: Acct-Session-Time: [10]
2013-11-20 10:58:17,574: DEBUG: Acct-Input-Packets: [15773]
2013-11-20 10:58:17,574: DEBUG: Acct-Output-Packets: [82899]
2013-11-20 10:58:17,574: DEBUG: GoGo-Acct-Output-Voice-Packets: [0]
2013-11-20 10:58:17,574: DEBUG: GoGo-Acct-Output-Voice-Octets: [0]
2013-11-20 10:58:17,574: DEBUG: Acct-Output-Gigawords: [0]
2013-11-20 10:58:17,575: DEBUG: GoGo-Total-Output-Voice-Packets: [0]
2013-11-20 10:58:17,575: DEBUG: Acct-Input-Gigawords: [0]
2013-11-20 10:58:17,575: DEBUG: Calling-Station-Id: [u'17:21:31:41:52:17']
2013-11-20 10:58:17,575: DEBUG: NAS-Port-Type: ['Wireless-802.11']
2013-11-20 10:58:17,575: DEBUG: GoGo-Total-Output-Voice-Octets: [0]
2013-11-20 10:58:17,575: DEBUG: GoGo-Private-IP-Address: ['192.168.1.179']
2013-11-20 10:58:17,575: DEBUG: GoGo-Acct-Input-Voice-Gigawords: [0]
2013-11-20 10:58:17,575: DEBUG: GoGo-Total-Input-Packets: [15773]
2013-11-20 10:58:17,575: DEBUG: GoGo-Total-Input-Gigawords: [0]
2013-11-20 10:58:17,576: DEBUG: GoGo-Acct-Input-Voice-Packets: [0]
2013-11-20 10:58:17,576: DEBUG: GoGo-Total-Input-Octets: [1628934]
2013-11-20 10:58:17,576: DEBUG: GoGo-Total-Output-Packets: [82899]
2013-11-20 10:58:17,576: DEBUG: WISPr-Location-ID: [u'airline=BA01,tail=01009,network=']
2013-11-20 10:58:17,576: DEBUG: GoGo-Acct-Output-Voice-Gigawords: [0]
2013-11-20 10:58:17,576: DEBUG: Acct-Input-Octets: [1628934]
2013-11-20 10:58:17,577: ERROR: Network error, Reason: 'Network error: nodename nor servname provided, or not known'
2013-11-20 10:58:27,578: DEBUG: 

2013-11-20 10:58:27,578: DEBUG: Creating Accounting Update Request with the following Attributes:
2013-11-20 10:58:27,578: DEBUG: User-Name: [u'username46@airborne.aircell.com']
2013-11-20 10:58:27,579: DEBUG: GoGo-Tail-Number: [u'AAATestNAS_47']
2013-11-20 10:58:27,579: DEBUG: Acct-Output-Octets: [8414639]
2013-11-20 10:58:27,579: DEBUG: NAS-IP-Address: ['10.254.52.1']
2013-11-20 10:58:27,579: DEBUG: GoGo-Total-Output-Gigawords: [0]
2013-11-20 10:58:27,579: DEBUG: Framed-IP-Address: ['10.254.52.134']
2013-11-20 10:58:27,579: DEBUG: GoGo-Total-Input-Voice-Gigawords: [0]
2013-11-20 10:58:27,579: DEBUG: GoGo-Total-Output-Octets: [8414639]
2013-11-20 10:58:27,579: DEBUG: GoGo-Acct-Input-Voice-Octets: [0]
2013-11-20 10:58:27,579: DEBUG: GoGo-Total-Input-Voice-Packets: [0]
2013-11-20 10:58:27,579: DEBUG: Called-Station-Id: [u'00:16:3E:30:53:87']
2013-11-20 10:58:27,580: DEBUG: WISPr-Location-Name: [u'TEST LLC,BA01_01009']
2013-11-20 10:58:27,580: DEBUG: NAS-Identifier: [u'C08386']
2013-11-20 10:58:27,580: DEBUG: Proxy-State: ['3330,3132']
2013-11-20 10:58:27,580: DEBUG: GoGo-Total-Input-Voice-Octets: [0]
2013-11-20 10:58:27,580: DEBUG: Acct-Status-Type: ['Interim-Update']
2013-11-20 10:58:27,580: DEBUG: GoGo-Total-Output-Voice-Gigawords: [0]
2013-11-20 10:58:27,580: DEBUG: GoGo-Airline: [u'BA01']
2013-11-20 10:58:27,580: DEBUG: Acct-Session-Id: [u'AAATestNAS_47-1384925237498-00163E305387-2']
2013-11-20 10:58:27,580: DEBUG: Acct-Session-Time: [10]
2013-11-20 10:58:27,580: DEBUG: Acct-Input-Packets: [20491]
2013-11-20 10:58:27,580: DEBUG: Acct-Output-Packets: [47644]
2013-11-20 10:58:27,581: DEBUG: GoGo-Acct-Output-Voice-Packets: [0]
2013-11-20 10:58:27,581: DEBUG: GoGo-Acct-Output-Voice-Octets: [0]
2013-11-20 10:58:27,581: DEBUG: Acct-Output-Gigawords: [0]
2013-11-20 10:58:27,581: DEBUG: GoGo-Total-Output-Voice-Packets: [0]
2013-11-20 10:58:27,581: DEBUG: Acct-Input-Gigawords: [0]
2013-11-20 10:58:27,581: DEBUG: Calling-Station-Id: [u'17:21:31:41:52:17']
2013-11-20 10:58:27,581: DEBUG: NAS-Port-Type: ['Wireless-802.11']
2013-11-20 10:58:27,581: DEBUG: GoGo-Total-Output-Voice-Octets: [0]
2013-11-20 10:58:27,581: DEBUG: GoGo-Private-IP-Address: ['192.168.1.179']
2013-11-20 10:58:27,582: DEBUG: GoGo-Acct-Input-Voice-Gigawords: [0]
2013-11-20 10:58:27,582: DEBUG: GoGo-Total-Input-Packets: [20491]
2013-11-20 10:58:27,582: DEBUG: GoGo-Total-Input-Gigawords: [0]
2013-11-20 10:58:27,582: DEBUG: GoGo-Acct-Input-Voice-Packets: [0]
2013-11-20 10:58:27,582: DEBUG: GoGo-Total-Input-Octets: [6711279]
2013-11-20 10:58:27,582: DEBUG: GoGo-Total-Output-Packets: [47644]
2013-11-20 10:58:27,582: DEBUG: WISPr-Location-ID: [u'airline=BA01,tail=01009,network=']
2013-11-20 10:58:27,582: DEBUG: GoGo-Acct-Output-Voice-Gigawords: [0]
2013-11-20 10:58:27,582: DEBUG: Acct-Input-Octets: [6711279]
2013-11-20 10:58:27,583: ERROR: Network error, Reason: 'Network error: nodename nor servname provided, or not known'
2013-11-20 10:58:37,583: DEBUG: 

2013-11-20 10:58:37,584: DEBUG: Creating Accounting Update Request with the following Attributes:
2013-11-20 10:58:37,584: DEBUG: User-Name: [u'username46@airborne.aircell.com']
2013-11-20 10:58:37,584: DEBUG: GoGo-Tail-Number: [u'AAATestNAS_47']
2013-11-20 10:58:37,584: DEBUG: Acct-Output-Octets: [2326224]
2013-11-20 10:58:37,584: DEBUG: NAS-IP-Address: ['10.254.52.1']
2013-11-20 10:58:37,584: DEBUG: GoGo-Total-Output-Gigawords: [0]
2013-11-20 10:58:37,585: DEBUG: Framed-IP-Address: ['10.254.52.134']
2013-11-20 10:58:37,585: DEBUG: GoGo-Total-Input-Voice-Gigawords: [0]
2013-11-20 10:58:37,585: DEBUG: GoGo-Total-Output-Octets: [2326224]
2013-11-20 10:58:37,585: DEBUG: GoGo-Acct-Input-Voice-Octets: [0]
2013-11-20 10:58:37,585: DEBUG: GoGo-Total-Input-Voice-Packets: [0]
2013-11-20 10:58:37,585: DEBUG: Called-Station-Id: [u'00:16:3E:30:53:87']
2013-11-20 10:58:37,585: DEBUG: WISPr-Location-Name: [u'TEST LLC,BA01_01009']
2013-11-20 10:58:37,585: DEBUG: NAS-Identifier: [u'C08386']
2013-11-20 10:58:37,585: DEBUG: Proxy-State: ['3330,3132']
2013-11-20 10:58:37,586: DEBUG: GoGo-Total-Input-Voice-Octets: [0]
2013-11-20 10:58:37,586: DEBUG: Acct-Status-Type: ['Interim-Update']
2013-11-20 10:58:37,586: DEBUG: GoGo-Total-Output-Voice-Gigawords: [0]
2013-11-20 10:58:37,586: DEBUG: GoGo-Airline: [u'BA01']
2013-11-20 10:58:37,586: DEBUG: Acct-Session-Id: [u'AAATestNAS_47-1384925237498-00163E305387-2']
2013-11-20 10:58:37,586: DEBUG: Acct-Session-Time: [10]
2013-11-20 10:58:37,586: DEBUG: Acct-Input-Packets: [44650]
2013-11-20 10:58:37,586: DEBUG: Acct-Output-Packets: [8193]
2013-11-20 10:58:37,586: DEBUG: GoGo-Acct-Output-Voice-Packets: [0]
2013-11-20 10:58:37,586: DEBUG: GoGo-Acct-Output-Voice-Octets: [0]
2013-11-20 10:58:37,587: DEBUG: Acct-Output-Gigawords: [0]
2013-11-20 10:58:37,587: DEBUG: GoGo-Total-Output-Voice-Packets: [0]
2013-11-20 10:58:37,587: DEBUG: Acct-Input-Gigawords: [0]
2013-11-20 10:58:37,587: DEBUG: Calling-Station-Id: [u'17:21:31:41:52:17']
2013-11-20 10:58:37,587: DEBUG: NAS-Port-Type: ['Wireless-802.11']
2013-11-20 10:58:37,587: DEBUG: GoGo-Total-Output-Voice-Octets: [0]
2013-11-20 10:58:37,587: DEBUG: GoGo-Private-IP-Address: ['192.168.1.179']
2013-11-20 10:58:37,587: DEBUG: GoGo-Acct-Input-Voice-Gigawords: [0]
2013-11-20 10:58:37,587: DEBUG: GoGo-Total-Input-Packets: [44650]
2013-11-20 10:58:37,588: DEBUG: GoGo-Total-Input-Gigawords: [0]
2013-11-20 10:58:37,588: DEBUG: GoGo-Acct-Input-Voice-Packets: [0]
2013-11-20 10:58:37,588: DEBUG: GoGo-Total-Input-Octets: [5096983]
2013-11-20 10:58:37,588: DEBUG: GoGo-Total-Output-Packets: [8193]
2013-11-20 10:58:37,588: DEBUG: WISPr-Location-ID: [u'airline=BA01,tail=01009,network=']
2013-11-20 10:58:37,588: DEBUG: GoGo-Acct-Output-Voice-Gigawords: [0]
2013-11-20 10:58:37,588: DEBUG: Acct-Input-Octets: [5096983]
2013-11-20 10:58:37,590: DEBUG: 

2013-11-20 10:58:37,591: DEBUG: Received response with following attributes:
2013-11-20 10:58:54,592: DEBUG: 

2013-11-20 10:58:54,592: DEBUG: Creating Accounting Stop Request with the following Attributes:
2013-11-20 10:58:54,592: DEBUG: User-Name: [u'username46@airborne.aircell.com']
2013-11-20 10:58:54,592: DEBUG: GoGo-Tail-Number: [u'01009']
2013-11-20 10:58:54,593: DEBUG: Acct-Output-Octets: [5008413]
2013-11-20 10:58:54,593: DEBUG: NAS-IP-Address: ['10.254.52.1']
2013-11-20 10:58:54,593: DEBUG: GoGo-Total-Output-Gigawords: [0]
2013-11-20 10:58:54,593: DEBUG: Framed-IP-Address: ['10.254.52.134']
2013-11-20 10:58:54,593: DEBUG: GoGo-Total-Input-Voice-Gigawords: [0]
2013-11-20 10:58:54,593: DEBUG: GoGo-Total-Output-Octets: [5008413]
2013-11-20 10:58:54,593: DEBUG: GoGo-Acct-Input-Voice-Octets: [0]
2013-11-20 10:58:54,593: DEBUG: GoGo-Total-Input-Voice-Packets: [0]
2013-11-20 10:58:54,593: DEBUG: Called-Station-Id: [u'00:16:3E:30:53:87']
2013-11-20 10:58:54,593: DEBUG: WISPr-Location-Name: [u'TEST LLC,BA01_01009']
2013-11-20 10:58:54,594: DEBUG: NAS-Identifier: [u'C08386']
2013-11-20 10:58:54,594: DEBUG: Proxy-State: ['3330,3132']
2013-11-20 10:58:54,594: DEBUG: GoGo-Total-Input-Voice-Octets: [0]
2013-11-20 10:58:54,594: DEBUG: Acct-Status-Type: ['Stop']
2013-11-20 10:58:54,594: DEBUG: GoGo-Total-Output-Voice-Gigawords: [0]
2013-11-20 10:58:54,594: DEBUG: GoGo-Airline: [u'BA01']
2013-11-20 10:58:54,594: DEBUG: Acct-Session-Id: [u'AAATestNAS_47-1384925237498-00163E305387-2']
2013-11-20 10:58:54,594: DEBUG: Acct-Session-Time: [17]
2013-11-20 10:58:54,594: DEBUG: Acct-Input-Packets: [17815]
2013-11-20 10:58:54,595: DEBUG: Acct-Output-Packets: [29097]
2013-11-20 10:58:54,595: DEBUG: Acct-Terminate-Cause: ['User-Request']
2013-11-20 10:58:54,595: DEBUG: GoGo-Acct-Output-Voice-Octets: [0]
2013-11-20 10:58:54,595: DEBUG: Acct-Output-Gigawords: [0]
2013-11-20 10:58:54,595: DEBUG: GoGo-Total-Output-Voice-Packets: [0]
2013-11-20 10:58:54,595: DEBUG: Acct-Input-Gigawords: [0]
2013-11-20 10:58:54,595: DEBUG: Calling-Station-Id: [u'17:21:31:41:52:17']
2013-11-20 10:58:54,595: DEBUG: NAS-Port-Type: ['Wireless-802.11']
2013-11-20 10:58:54,595: DEBUG: GoGo-Total-Output-Voice-Octets: [0]
2013-11-20 10:58:54,595: DEBUG: GoGo-Private-IP-Address: ['192.168.1.179']
2013-11-20 10:58:54,595: DEBUG: GoGo-Acct-Input-Voice-Gigawords: [0]
2013-11-20 10:58:54,596: DEBUG: GoGo-Total-Input-Packets: [17815]
2013-11-20 10:58:54,596: DEBUG: GoGo-Total-Input-Gigawords: [0]
2013-11-20 10:58:54,596: DEBUG: GoGo-Acct-Input-Voice-Packets: [0]
2013-11-20 10:58:54,596: DEBUG: GoGo-Total-Input-Octets: [2615830]
2013-11-20 10:58:54,596: DEBUG: GoGo-Total-Output-Packets: [29097]
2013-11-20 10:58:54,596: DEBUG: WISPr-Location-ID: [u'airline=BA01,tail=01009,network=']
2013-11-20 10:58:54,596: DEBUG: GoGo-Acct-Output-Voice-Packets: [0]
2013-11-20 10:58:54,596: DEBUG: GoGo-Acct-Output-Voice-Gigawords: [0]
2013-11-20 10:58:54,596: DEBUG: Acct-Input-Octets: [2615830]
2013-11-20 10:58:54,597: ERROR: Network error, Reason: 'Network error: Too many open files'
2013-11-20 10:58:54,597: ERROR: Ending the test for this user
2013-11-20 10:58:54,597: DEBUG: Ending the test for this user
2013-11-20 10:58:54,622: DEBUG: Starting the client for the user username46@airborne.aircell.com to the server localhost

