2013-11-20 10:57:21,520: DEBUG: Starting the client for the user username87@airborne.aircell.com to the server localhost

2013-11-20 10:57:21,521: DEBUG: DURATION of the TEST: 100
2013-11-20 10:57:21,522: DEBUG: NAS-IP: 10.254.173.1
2013-11-20 10:57:21,522: DEBUG: NAS-MAC-ADDR: 18:21:31:41:52:49
2013-11-20 10:57:21,523: DEBUG: Abruptly End: False
2013-11-20 10:57:21,523: DEBUG: Framed-IP: 10.254.173.98
2013-11-20 10:57:21,524: DEBUG: User-MAC-Addr: 00:16:3E:2D:87:F5
2013-11-20 10:57:21,525: DEBUG: 

2013-11-20 10:57:21,526: DEBUG: Creating Authentication Request with the following Attributes:
2013-11-20 10:57:21,526: DEBUG: NAS-Identifier: [u'C08386']
2013-11-20 10:57:21,526: DEBUG: User-Name: [u'username87@airborne.aircell.com']
2013-11-20 10:57:21,527: DEBUG: NAS-IP-Address: ['10.254.173.1']
2013-11-20 10:57:21,527: DEBUG: Service-Type: ['Authenticate-Only']
2013-11-20 10:57:21,528: DEBUG: Proxy-State: ['3237,3134']
2013-11-20 10:57:21,529: DEBUG: Framed-IP-Address: ['10.254.173.98']
2013-11-20 10:57:21,529: DEBUG: GoGo-Airline: [u'BA01']
2013-11-20 10:57:21,530: DEBUG: Acct-Session-Id: [u'AAATestNAS_168-1384925241525-00163E2D87F5-4']
2013-11-20 10:57:21,530: DEBUG: GoGo-Tail-Number: [u'AAATestNAS_168']
2013-11-20 10:57:21,531: DEBUG: GoGo-Private-IP-Address: ['192.168.1.179']
2013-11-20 10:57:21,532: DEBUG: WISPr-Location-ID: [u'airline=BA01,tail=01009,network=']
2013-11-20 10:57:21,532: DEBUG: WISPr-Location-Name: [u'TEST LLC,BA01_01009']
2013-11-20 10:57:21,533: DEBUG: NAS-Port-Type: ['Wireless-802.11']
2013-11-20 10:57:21,533: DEBUG: Called-Station-Id: [u'00:16:3E:2D:87:F5']
2013-11-20 10:57:21,534: DEBUG: Calling-Station-Id: [u'18:21:31:41:52:49']
2013-11-20 10:57:21,536: DEBUG: 

2013-11-20 10:57:21,536: DEBUG: Received response with code: 2, Accepted
2013-11-20 10:57:21,537: DEBUG: Creating Authentication Request with the following Attributes:
2013-11-20 10:57:21,538: DEBUG: NAS-Identifier: [u'C08386']
2013-11-20 10:57:21,538: DEBUG: User-Name: [u'username87@airborne.aircell.com']
2013-11-20 10:57:21,539: DEBUG: NAS-IP-Address: ['10.254.173.1']
2013-11-20 10:57:21,539: DEBUG: Service-Type: ['Login-User']
2013-11-20 10:57:21,539: DEBUG: Proxy-State: ['3237,3134']
2013-11-20 10:57:21,540: DEBUG: Framed-IP-Address: ['10.254.173.98']
2013-11-20 10:57:21,540: DEBUG: GoGo-Airline: [u'BA01']
2013-11-20 10:57:21,541: DEBUG: Acct-Session-Id: [u'AAATestNAS_168-1384925241537-00163E2D87F5-4']
2013-11-20 10:57:21,541: DEBUG: GoGo-Tail-Number: [u'AAATestNAS_168']
2013-11-20 10:57:21,541: DEBUG: GoGo-Private-IP-Address: ['192.168.1.179']
2013-11-20 10:57:21,542: DEBUG: WISPr-Location-ID: [u'airline=BA01,tail=01009,network=']
2013-11-20 10:57:21,542: DEBUG: WISPr-Location-Name: [u'TEST LLC,BA01_01009']
2013-11-20 10:57:21,543: DEBUG: NAS-Port-Type: ['Wireless-802.11']
2013-11-20 10:57:21,544: DEBUG: Called-Station-Id: [u'00:16:3E:2D:87:F5']
2013-11-20 10:57:21,544: DEBUG: Calling-Station-Id: [u'18:21:31:41:52:49']
2013-11-20 10:57:21,547: DEBUG: 

2013-11-20 10:57:21,547: DEBUG: Received response with code: 2, Accepted
2013-11-20 10:57:21,547: DEBUG: 

2013-11-20 10:57:21,548: DEBUG: Creating Accounting start Request with the following Attributes:
2013-11-20 10:57:21,549: DEBUG: NAS-Identifier: [u'C08386']
2013-11-20 10:57:21,549: DEBUG: User-Name: [u'username87@airborne.aircell.com']
2013-11-20 10:57:21,550: DEBUG: GoGo-Tail-Number: [u'AAATestNAS_168']
2013-11-20 10:57:21,550: DEBUG: NAS-IP-Address: ['10.254.173.1']
2013-11-20 10:57:21,550: DEBUG: Proxy-State: ['3239,3131']
2013-11-20 10:57:21,551: DEBUG: Acct-Status-Type: ['Start']
2013-11-20 10:57:21,552: DEBUG: GoGo-Airline: [u'BA01']
2013-11-20 10:57:21,552: DEBUG: Acct-Session-Id: [u'AAATestNAS_168-1384925241537-00163E2D87F5-4']
2013-11-20 10:57:21,553: DEBUG: GoGo-Private-IP-Address: ['192.168.1.179']
2013-11-20 10:57:21,553: DEBUG: Framed-IP-Address: ['10.254.173.98']
2013-11-20 10:57:21,554: DEBUG: WISPr-Location-ID: [u'airline=BA01,tail=01009,network=']
2013-11-20 10:57:21,554: DEBUG: WISPr-Location-Name: [u'TEST LLC,BA01_01009']
2013-11-20 10:57:21,555: DEBUG: NAS-Port-Type: ['Wireless-802.11']
2013-11-20 10:57:21,556: DEBUG: Called-Station-Id: [u'00:16:3E:2D:87:F5']
2013-11-20 10:57:21,556: DEBUG: Calling-Station-Id: [u'18:21:31:41:52:49']
2013-11-20 10:57:21,558: DEBUG: 

2013-11-20 10:57:21,559: DEBUG: Received response with following attributes:
2013-11-20 10:57:31,560: DEBUG: 

2013-11-20 10:57:31,561: DEBUG: Creating Accounting Update Request with the following Attributes:
2013-11-20 10:57:31,561: DEBUG: User-Name: [u'username87@airborne.aircell.com']
2013-11-20 10:57:31,562: DEBUG: GoGo-Tail-Number: [u'AAATestNAS_168']
2013-11-20 10:57:31,562: DEBUG: Acct-Output-Octets: [7051849]
2013-11-20 10:57:31,562: DEBUG: NAS-IP-Address: ['10.254.173.1']
2013-11-20 10:57:31,562: DEBUG: GoGo-Total-Output-Gigawords: [0]
2013-11-20 10:57:31,562: DEBUG: Framed-IP-Address: ['10.254.173.98']
2013-11-20 10:57:31,562: DEBUG: GoGo-Total-Input-Voice-Gigawords: [0]
2013-11-20 10:57:31,562: DEBUG: GoGo-Total-Output-Octets: [7051849]
2013-11-20 10:57:31,562: DEBUG: GoGo-Acct-Input-Voice-Octets: [0]
2013-11-20 10:57:31,562: DEBUG: GoGo-Total-Input-Voice-Packets: [0]
2013-11-20 10:57:31,562: DEBUG: Called-Station-Id: [u'00:16:3E:2D:87:F5']
2013-11-20 10:57:31,563: DEBUG: WISPr-Location-Name: [u'TEST LLC,BA01_01009']
2013-11-20 10:57:31,563: DEBUG: NAS-Identifier: [u'C08386']
2013-11-20 10:57:31,563: DEBUG: Proxy-State: ['3330,3132']
2013-11-20 10:57:31,563: DEBUG: GoGo-Total-Input-Voice-Octets: [0]
2013-11-20 10:57:31,563: DEBUG: Acct-Status-Type: ['Interim-Update']
2013-11-20 10:57:31,564: DEBUG: GoGo-Total-Output-Voice-Gigawords: [0]
2013-11-20 10:57:31,564: DEBUG: GoGo-Airline: [u'BA01']
2013-11-20 10:57:31,564: DEBUG: Acct-Session-Id: [u'AAATestNAS_168-1384925241537-00163E2D87F5-4']
2013-11-20 10:57:31,565: DEBUG: Acct-Session-Time: [10]
2013-11-20 10:57:31,565: DEBUG: Acct-Input-Packets: [55318]
2013-11-20 10:57:31,565: DEBUG: Acct-Output-Packets: [41538]
2013-11-20 10:57:31,566: DEBUG: GoGo-Acct-Output-Voice-Packets: [0]
2013-11-20 10:57:31,566: DEBUG: GoGo-Acct-Output-Voice-Octets: [0]
2013-11-20 10:57:31,566: DEBUG: Acct-Output-Gigawords: [0]
2013-11-20 10:57:31,567: DEBUG: GoGo-Total-Output-Voice-Packets: [0]
2013-11-20 10:57:31,567: DEBUG: Acct-Input-Gigawords: [0]
2013-11-20 10:57:31,567: DEBUG: Calling-Station-Id: [u'18:21:31:41:52:49']
2013-11-20 10:57:31,567: DEBUG: NAS-Port-Type: ['Wireless-802.11']
2013-11-20 10:57:31,568: DEBUG: GoGo-Total-Output-Voice-Octets: [0]
2013-11-20 10:57:31,568: DEBUG: GoGo-Private-IP-Address: ['192.168.1.179']
2013-11-20 10:57:31,568: DEBUG: GoGo-Acct-Input-Voice-Gigawords: [0]
2013-11-20 10:57:31,568: DEBUG: GoGo-Total-Input-Packets: [55318]
2013-11-20 10:57:31,569: DEBUG: GoGo-Total-Input-Gigawords: [0]
2013-11-20 10:57:31,569: DEBUG: GoGo-Acct-Input-Voice-Packets: [0]
2013-11-20 10:57:31,571: DEBUG: GoGo-Total-Input-Octets: [5799067]
2013-11-20 10:57:31,571: DEBUG: GoGo-Total-Output-Packets: [41538]
2013-11-20 10:57:31,572: DEBUG: WISPr-Location-ID: [u'airline=BA01,tail=01009,network=']
2013-11-20 10:57:31,572: DEBUG: GoGo-Acct-Output-Voice-Gigawords: [0]
2013-11-20 10:57:31,572: DEBUG: Acct-Input-Octets: [5799067]
2013-11-20 10:57:31,573: ERROR: Network error, Reason: 'Network error: Too many open files'
2013-11-20 10:57:41,575: DEBUG: 

2013-11-20 10:57:41,576: DEBUG: Creating Accounting Update Request with the following Attributes:
2013-11-20 10:57:41,576: DEBUG: User-Name: [u'username87@airborne.aircell.com']
2013-11-20 10:57:41,577: DEBUG: GoGo-Tail-Number: [u'AAATestNAS_168']
2013-11-20 10:57:41,577: DEBUG: Acct-Output-Octets: [5540875]
2013-11-20 10:57:41,577: DEBUG: NAS-IP-Address: ['10.254.173.1']
2013-11-20 10:57:41,578: DEBUG: GoGo-Total-Output-Gigawords: [0]
2013-11-20 10:57:41,578: DEBUG: Framed-IP-Address: ['10.254.173.98']
2013-11-20 10:57:41,578: DEBUG: GoGo-Total-Input-Voice-Gigawords: [0]
2013-11-20 10:57:41,578: DEBUG: GoGo-Total-Output-Octets: [5540875]
2013-11-20 10:57:41,578: DEBUG: GoGo-Acct-Input-Voice-Octets: [0]
2013-11-20 10:57:41,579: DEBUG: GoGo-Total-Input-Voice-Packets: [0]
2013-11-20 10:57:41,579: DEBUG: Called-Station-Id: [u'00:16:3E:2D:87:F5']
2013-11-20 10:57:41,579: DEBUG: WISPr-Location-Name: [u'TEST LLC,BA01_01009']
2013-11-20 10:57:41,579: DEBUG: NAS-Identifier: [u'C08386']
2013-11-20 10:57:41,579: DEBUG: Proxy-State: ['3330,3132']
2013-11-20 10:57:41,580: DEBUG: GoGo-Total-Input-Voice-Octets: [0]
2013-11-20 10:57:41,580: DEBUG: Acct-Status-Type: ['Interim-Update']
2013-11-20 10:57:41,580: DEBUG: GoGo-Total-Output-Voice-Gigawords: [0]
2013-11-20 10:57:41,580: DEBUG: GoGo-Airline: [u'BA01']
2013-11-20 10:57:41,580: DEBUG: Acct-Session-Id: [u'AAATestNAS_168-1384925241537-00163E2D87F5-4']
2013-11-20 10:57:41,581: DEBUG: Acct-Session-Time: [10]
2013-11-20 10:57:41,581: DEBUG: Acct-Input-Packets: [13265]
2013-11-20 10:57:41,581: DEBUG: Acct-Output-Packets: [38426]
2013-11-20 10:57:41,581: DEBUG: GoGo-Acct-Output-Voice-Packets: [0]
2013-11-20 10:57:41,581: DEBUG: GoGo-Acct-Output-Voice-Octets: [0]
2013-11-20 10:57:41,581: DEBUG: Acct-Output-Gigawords: [0]
2013-11-20 10:57:41,582: DEBUG: GoGo-Total-Output-Voice-Packets: [0]
2013-11-20 10:57:41,582: DEBUG: Acct-Input-Gigawords: [0]
2013-11-20 10:57:41,582: DEBUG: Calling-Station-Id: [u'18:21:31:41:52:49']
2013-11-20 10:57:41,582: DEBUG: NAS-Port-Type: ['Wireless-802.11']
2013-11-20 10:57:41,582: DEBUG: GoGo-Total-Output-Voice-Octets: [0]
2013-11-20 10:57:41,582: DEBUG: GoGo-Private-IP-Address: ['192.168.1.179']
2013-11-20 10:57:41,583: DEBUG: GoGo-Acct-Input-Voice-Gigawords: [0]
2013-11-20 10:57:41,583: DEBUG: GoGo-Total-Input-Packets: [13265]
2013-11-20 10:57:41,583: DEBUG: GoGo-Total-Input-Gigawords: [0]
2013-11-20 10:57:41,583: DEBUG: GoGo-Acct-Input-Voice-Packets: [0]
2013-11-20 10:57:41,583: DEBUG: GoGo-Total-Input-Octets: [4777697]
2013-11-20 10:57:41,583: DEBUG: GoGo-Total-Output-Packets: [38426]
2013-11-20 10:57:41,584: DEBUG: WISPr-Location-ID: [u'airline=BA01,tail=01009,network=']
2013-11-20 10:57:41,584: DEBUG: GoGo-Acct-Output-Voice-Gigawords: [0]
2013-11-20 10:57:41,584: DEBUG: Acct-Input-Octets: [4777697]
2013-11-20 10:57:41,585: ERROR: Network error, Reason: 'Network error: Too many open files'
2013-11-20 10:57:51,586: DEBUG: 

2013-11-20 10:57:51,587: DEBUG: Creating Accounting Update Request with the following Attributes:
2013-11-20 10:57:51,587: DEBUG: User-Name: [u'username87@airborne.aircell.com']
2013-11-20 10:57:51,587: DEBUG: GoGo-Tail-Number: [u'AAATestNAS_168']
2013-11-20 10:57:51,587: DEBUG: Acct-Output-Octets: [7851913]
2013-11-20 10:57:51,587: DEBUG: NAS-IP-Address: ['10.254.173.1']
2013-11-20 10:57:51,588: DEBUG: GoGo-Total-Output-Gigawords: [0]
2013-11-20 10:57:51,588: DEBUG: Framed-IP-Address: ['10.254.173.98']
2013-11-20 10:57:51,588: DEBUG: GoGo-Total-Input-Voice-Gigawords: [0]
2013-11-20 10:57:51,588: DEBUG: GoGo-Total-Output-Octets: [7851913]
2013-11-20 10:57:51,588: DEBUG: GoGo-Acct-Input-Voice-Octets: [0]
2013-11-20 10:57:51,588: DEBUG: GoGo-Total-Input-Voice-Packets: [0]
2013-11-20 10:57:51,588: DEBUG: Called-Station-Id: [u'00:16:3E:2D:87:F5']
2013-11-20 10:57:51,588: DEBUG: WISPr-Location-Name: [u'TEST LLC,BA01_01009']
2013-11-20 10:57:51,588: DEBUG: NAS-Identifier: [u'C08386']
2013-11-20 10:57:51,589: DEBUG: Proxy-State: ['3330,3132']
2013-11-20 10:57:51,589: DEBUG: GoGo-Total-Input-Voice-Octets: [0]
2013-11-20 10:57:51,589: DEBUG: Acct-Status-Type: ['Interim-Update']
2013-11-20 10:57:51,589: DEBUG: GoGo-Total-Output-Voice-Gigawords: [0]
2013-11-20 10:57:51,589: DEBUG: GoGo-Airline: [u'BA01']
2013-11-20 10:57:51,589: DEBUG: Acct-Session-Id: [u'AAATestNAS_168-1384925241537-00163E2D87F5-4']
2013-11-20 10:57:51,589: DEBUG: Acct-Session-Time: [10]
2013-11-20 10:57:51,589: DEBUG: Acct-Input-Packets: [10291]
2013-11-20 10:57:51,589: DEBUG: Acct-Output-Packets: [64404]
2013-11-20 10:57:51,590: DEBUG: GoGo-Acct-Output-Voice-Packets: [0]
2013-11-20 10:57:51,590: DEBUG: GoGo-Acct-Output-Voice-Octets: [0]
2013-11-20 10:57:51,590: DEBUG: Acct-Output-Gigawords: [0]
2013-11-20 10:57:51,590: DEBUG: GoGo-Total-Output-Voice-Packets: [0]
2013-11-20 10:57:51,590: DEBUG: Acct-Input-Gigawords: [0]
2013-11-20 10:57:51,590: DEBUG: Calling-Station-Id: [u'18:21:31:41:52:49']
2013-11-20 10:57:51,590: DEBUG: NAS-Port-Type: ['Wireless-802.11']
2013-11-20 10:57:51,590: DEBUG: GoGo-Total-Output-Voice-Octets: [0]
2013-11-20 10:57:51,590: DEBUG: GoGo-Private-IP-Address: ['192.168.1.179']
2013-11-20 10:57:51,591: DEBUG: GoGo-Acct-Input-Voice-Gigawords: [0]
2013-11-20 10:57:51,591: DEBUG: GoGo-Total-Input-Packets: [10291]
2013-11-20 10:57:51,591: DEBUG: GoGo-Total-Input-Gigawords: [0]
2013-11-20 10:57:51,591: DEBUG: GoGo-Acct-Input-Voice-Packets: [0]
2013-11-20 10:57:51,591: DEBUG: GoGo-Total-Input-Octets: [2293422]
2013-11-20 10:57:51,591: DEBUG: GoGo-Total-Output-Packets: [64404]
2013-11-20 10:57:51,591: DEBUG: WISPr-Location-ID: [u'airline=BA01,tail=01009,network=']
2013-11-20 10:57:51,591: DEBUG: GoGo-Acct-Output-Voice-Gigawords: [0]
2013-11-20 10:57:51,591: DEBUG: Acct-Input-Octets: [2293422]
2013-11-20 10:57:51,591: ERROR: Network error, Reason: 'Network error: Too many open files'
2013-11-20 10:58:01,593: DEBUG: 

2013-11-20 10:58:01,593: DEBUG: Creating Accounting Update Request with the following Attributes:
2013-11-20 10:58:01,594: DEBUG: User-Name: [u'username87@airborne.aircell.com']
2013-11-20 10:58:01,594: DEBUG: GoGo-Tail-Number: [u'AAATestNAS_168']
2013-11-20 10:58:01,594: DEBUG: Acct-Output-Octets: [8096356]
2013-11-20 10:58:01,594: DEBUG: NAS-IP-Address: ['10.254.173.1']
2013-11-20 10:58:01,594: DEBUG: GoGo-Total-Output-Gigawords: [0]
2013-11-20 10:58:01,594: DEBUG: Framed-IP-Address: ['10.254.173.98']
2013-11-20 10:58:01,594: DEBUG: GoGo-Total-Input-Voice-Gigawords: [0]
2013-11-20 10:58:01,595: DEBUG: GoGo-Total-Output-Octets: [8096356]
2013-11-20 10:58:01,595: DEBUG: GoGo-Acct-Input-Voice-Octets: [0]
2013-11-20 10:58:01,595: DEBUG: GoGo-Total-Input-Voice-Packets: [0]
2013-11-20 10:58:01,595: DEBUG: Called-Station-Id: [u'00:16:3E:2D:87:F5']
2013-11-20 10:58:01,595: DEBUG: WISPr-Location-Name: [u'TEST LLC,BA01_01009']
2013-11-20 10:58:01,595: DEBUG: NAS-Identifier: [u'C08386']
2013-11-20 10:58:01,595: DEBUG: Proxy-State: ['3330,3132']
2013-11-20 10:58:01,595: DEBUG: GoGo-Total-Input-Voice-Octets: [0]
2013-11-20 10:58:01,595: DEBUG: Acct-Status-Type: ['Interim-Update']
2013-11-20 10:58:01,595: DEBUG: GoGo-Total-Output-Voice-Gigawords: [0]
2013-11-20 10:58:01,596: DEBUG: GoGo-Airline: [u'BA01']
2013-11-20 10:58:01,596: DEBUG: Acct-Session-Id: [u'AAATestNAS_168-1384925241537-00163E2D87F5-4']
2013-11-20 10:58:01,596: DEBUG: Acct-Session-Time: [10]
2013-11-20 10:58:01,596: DEBUG: Acct-Input-Packets: [12798]
2013-11-20 10:58:01,596: DEBUG: Acct-Output-Packets: [76709]
2013-11-20 10:58:01,596: DEBUG: GoGo-Acct-Output-Voice-Packets: [0]
2013-11-20 10:58:01,596: DEBUG: GoGo-Acct-Output-Voice-Octets: [0]
2013-11-20 10:58:01,596: DEBUG: Acct-Output-Gigawords: [0]
2013-11-20 10:58:01,596: DEBUG: GoGo-Total-Output-Voice-Packets: [0]
2013-11-20 10:58:01,596: DEBUG: Acct-Input-Gigawords: [0]
2013-11-20 10:58:01,596: DEBUG: Calling-Station-Id: [u'18:21:31:41:52:49']
2013-11-20 10:58:01,597: DEBUG: NAS-Port-Type: ['Wireless-802.11']
2013-11-20 10:58:01,597: DEBUG: GoGo-Total-Output-Voice-Octets: [0]
2013-11-20 10:58:01,597: DEBUG: GoGo-Private-IP-Address: ['192.168.1.179']
2013-11-20 10:58:01,597: DEBUG: GoGo-Acct-Input-Voice-Gigawords: [0]
2013-11-20 10:58:01,597: DEBUG: GoGo-Total-Input-Packets: [12798]
2013-11-20 10:58:01,597: DEBUG: GoGo-Total-Input-Gigawords: [0]
2013-11-20 10:58:01,597: DEBUG: GoGo-Acct-Input-Voice-Packets: [0]
2013-11-20 10:58:01,597: DEBUG: GoGo-Total-Input-Octets: [8554316]
2013-11-20 10:58:01,598: DEBUG: GoGo-Total-Output-Packets: [76709]
2013-11-20 10:58:01,598: DEBUG: WISPr-Location-ID: [u'airline=BA01,tail=01009,network=']
2013-11-20 10:58:01,598: DEBUG: GoGo-Acct-Output-Voice-Gigawords: [0]
2013-11-20 10:58:01,598: DEBUG: Acct-Input-Octets: [8554316]
2013-11-20 10:58:01,598: ERROR: Network error, Reason: 'Network error: Too many open files'
2013-11-20 10:58:11,599: DEBUG: 

2013-11-20 10:58:11,601: DEBUG: Creating Accounting Update Request with the following Attributes:
2013-11-20 10:58:11,602: DEBUG: User-Name: [u'username87@airborne.aircell.com']
2013-11-20 10:58:11,604: DEBUG: GoGo-Tail-Number: [u'AAATestNAS_168']
2013-11-20 10:58:11,604: DEBUG: Acct-Output-Octets: [5615576]
2013-11-20 10:58:11,605: DEBUG: NAS-IP-Address: ['10.254.173.1']
2013-11-20 10:58:11,606: DEBUG: GoGo-Total-Output-Gigawords: [0]
2013-11-20 10:58:11,607: DEBUG: Framed-IP-Address: ['10.254.173.98']
2013-11-20 10:58:11,608: DEBUG: GoGo-Total-Input-Voice-Gigawords: [0]
2013-11-20 10:58:11,609: DEBUG: GoGo-Total-Output-Octets: [5615576]
2013-11-20 10:58:11,610: DEBUG: GoGo-Acct-Input-Voice-Octets: [0]
2013-11-20 10:58:11,610: DEBUG: GoGo-Total-Input-Voice-Packets: [0]
2013-11-20 10:58:11,611: DEBUG: Called-Station-Id: [u'00:16:3E:2D:87:F5']
2013-11-20 10:58:11,611: DEBUG: WISPr-Location-Name: [u'TEST LLC,BA01_01009']
2013-11-20 10:58:11,612: DEBUG: NAS-Identifier: [u'C08386']
2013-11-20 10:58:11,613: DEBUG: Proxy-State: ['3330,3132']
2013-11-20 10:58:11,615: DEBUG: GoGo-Total-Input-Voice-Octets: [0]
2013-11-20 10:58:11,615: DEBUG: Acct-Status-Type: ['Interim-Update']
2013-11-20 10:58:11,616: DEBUG: GoGo-Total-Output-Voice-Gigawords: [0]
2013-11-20 10:58:11,617: DEBUG: GoGo-Airline: [u'BA01']
2013-11-20 10:58:11,617: DEBUG: Acct-Session-Id: [u'AAATestNAS_168-1384925241537-00163E2D87F5-4']
2013-11-20 10:58:11,618: DEBUG: Acct-Session-Time: [10]
2013-11-20 10:58:11,618: DEBUG: Acct-Input-Packets: [73013]
2013-11-20 10:58:11,619: DEBUG: Acct-Output-Packets: [48539]
2013-11-20 10:58:11,620: DEBUG: GoGo-Acct-Output-Voice-Packets: [0]
2013-11-20 10:58:11,620: DEBUG: GoGo-Acct-Output-Voice-Octets: [0]
2013-11-20 10:58:11,621: DEBUG: Acct-Output-Gigawords: [0]
2013-11-20 10:58:11,622: DEBUG: GoGo-Total-Output-Voice-Packets: [0]
2013-11-20 10:58:11,622: DEBUG: Acct-Input-Gigawords: [0]
2013-11-20 10:58:11,623: DEBUG: Calling-Station-Id: [u'18:21:31:41:52:49']
2013-11-20 10:58:11,623: DEBUG: NAS-Port-Type: ['Wireless-802.11']
2013-11-20 10:58:11,624: DEBUG: GoGo-Total-Output-Voice-Octets: [0]
2013-11-20 10:58:11,625: DEBUG: GoGo-Private-IP-Address: ['192.168.1.179']
2013-11-20 10:58:11,625: DEBUG: GoGo-Acct-Input-Voice-Gigawords: [0]
2013-11-20 10:58:11,625: DEBUG: GoGo-Total-Input-Packets: [73013]
2013-11-20 10:58:11,626: DEBUG: GoGo-Total-Input-Gigawords: [0]
2013-11-20 10:58:11,627: DEBUG: GoGo-Acct-Input-Voice-Packets: [0]
2013-11-20 10:58:11,627: DEBUG: GoGo-Total-Input-Octets: [8563957]
2013-11-20 10:58:11,628: DEBUG: GoGo-Total-Output-Packets: [48539]
2013-11-20 10:58:11,629: DEBUG: WISPr-Location-ID: [u'airline=BA01,tail=01009,network=']
2013-11-20 10:58:11,629: DEBUG: GoGo-Acct-Output-Voice-Gigawords: [0]
2013-11-20 10:58:11,629: DEBUG: Acct-Input-Octets: [8563957]
2013-11-20 10:58:11,632: DEBUG: 

2013-11-20 10:58:11,632: DEBUG: Received response with following attributes:
2013-11-20 10:58:21,634: DEBUG: 

2013-11-20 10:58:21,634: DEBUG: Creating Accounting Update Request with the following Attributes:
2013-11-20 10:58:21,634: DEBUG: User-Name: [u'username87@airborne.aircell.com']
2013-11-20 10:58:21,635: DEBUG: GoGo-Tail-Number: [u'AAATestNAS_168']
2013-11-20 10:58:21,635: DEBUG: Acct-Output-Octets: [2099013]
2013-11-20 10:58:21,635: DEBUG: NAS-IP-Address: ['10.254.173.1']
2013-11-20 10:58:21,635: DEBUG: GoGo-Total-Output-Gigawords: [0]
2013-11-20 10:58:21,635: DEBUG: Framed-IP-Address: ['10.254.173.98']
2013-11-20 10:58:21,635: DEBUG: GoGo-Total-Input-Voice-Gigawords: [0]
2013-11-20 10:58:21,635: DEBUG: GoGo-Total-Output-Octets: [2099013]
2013-11-20 10:58:21,635: DEBUG: GoGo-Acct-Input-Voice-Octets: [0]
2013-11-20 10:58:21,635: DEBUG: GoGo-Total-Input-Voice-Packets: [0]
2013-11-20 10:58:21,636: DEBUG: Called-Station-Id: [u'00:16:3E:2D:87:F5']
2013-11-20 10:58:21,636: DEBUG: WISPr-Location-Name: [u'TEST LLC,BA01_01009']
2013-11-20 10:58:21,636: DEBUG: NAS-Identifier: [u'C08386']
2013-11-20 10:58:21,636: DEBUG: Proxy-State: ['3330,3132']
2013-11-20 10:58:21,636: DEBUG: GoGo-Total-Input-Voice-Octets: [0]
2013-11-20 10:58:21,636: DEBUG: Acct-Status-Type: ['Interim-Update']
2013-11-20 10:58:21,636: DEBUG: GoGo-Total-Output-Voice-Gigawords: [0]
2013-11-20 10:58:21,636: DEBUG: GoGo-Airline: [u'BA01']
2013-11-20 10:58:21,636: DEBUG: Acct-Session-Id: [u'AAATestNAS_168-1384925241537-00163E2D87F5-4']
2013-11-20 10:58:21,637: DEBUG: Acct-Session-Time: [10]
2013-11-20 10:58:21,637: DEBUG: Acct-Input-Packets: [54776]
2013-11-20 10:58:21,637: DEBUG: Acct-Output-Packets: [6123]
2013-11-20 10:58:21,637: DEBUG: GoGo-Acct-Output-Voice-Packets: [0]
2013-11-20 10:58:21,637: DEBUG: GoGo-Acct-Output-Voice-Octets: [0]
2013-11-20 10:58:21,637: DEBUG: Acct-Output-Gigawords: [0]
2013-11-20 10:58:21,637: DEBUG: GoGo-Total-Output-Voice-Packets: [0]
2013-11-20 10:58:21,637: DEBUG: Acct-Input-Gigawords: [0]
2013-11-20 10:58:21,637: DEBUG: Calling-Station-Id: [u'18:21:31:41:52:49']
2013-11-20 10:58:21,638: DEBUG: NAS-Port-Type: ['Wireless-802.11']
2013-11-20 10:58:21,638: DEBUG: GoGo-Total-Output-Voice-Octets: [0]
2013-11-20 10:58:21,638: DEBUG: GoGo-Private-IP-Address: ['192.168.1.179']
2013-11-20 10:58:21,638: DEBUG: GoGo-Acct-Input-Voice-Gigawords: [0]
2013-11-20 10:58:21,638: DEBUG: GoGo-Total-Input-Packets: [54776]
2013-11-20 10:58:21,638: DEBUG: GoGo-Total-Input-Gigawords: [0]
2013-11-20 10:58:21,638: DEBUG: GoGo-Acct-Input-Voice-Packets: [0]
2013-11-20 10:58:21,638: DEBUG: GoGo-Total-Input-Octets: [7591504]
2013-11-20 10:58:21,638: DEBUG: GoGo-Total-Output-Packets: [6123]
2013-11-20 10:58:21,638: DEBUG: WISPr-Location-ID: [u'airline=BA01,tail=01009,network=']
2013-11-20 10:58:21,639: DEBUG: GoGo-Acct-Output-Voice-Gigawords: [0]
2013-11-20 10:58:21,639: DEBUG: Acct-Input-Octets: [7591504]
2013-11-20 10:58:21,639: ERROR: Network error, Reason: 'Network error: Too many open files'
2013-11-20 10:58:31,639: DEBUG: 

2013-11-20 10:58:31,640: DEBUG: Creating Accounting Update Request with the following Attributes:
2013-11-20 10:58:31,640: DEBUG: User-Name: [u'username87@airborne.aircell.com']
2013-11-20 10:58:31,640: DEBUG: GoGo-Tail-Number: [u'AAATestNAS_168']
2013-11-20 10:58:31,641: DEBUG: Acct-Output-Octets: [8606994]
2013-11-20 10:58:31,641: DEBUG: NAS-IP-Address: ['10.254.173.1']
2013-11-20 10:58:31,641: DEBUG: GoGo-Total-Output-Gigawords: [0]
2013-11-20 10:58:31,642: DEBUG: Framed-IP-Address: ['10.254.173.98']
2013-11-20 10:58:31,642: DEBUG: GoGo-Total-Input-Voice-Gigawords: [0]
2013-11-20 10:58:31,642: DEBUG: GoGo-Total-Output-Octets: [8606994]
2013-11-20 10:58:31,642: DEBUG: GoGo-Acct-Input-Voice-Octets: [0]
2013-11-20 10:58:31,643: DEBUG: GoGo-Total-Input-Voice-Packets: [0]
2013-11-20 10:58:31,643: DEBUG: Called-Station-Id: [u'00:16:3E:2D:87:F5']
2013-11-20 10:58:31,644: DEBUG: WISPr-Location-Name: [u'TEST LLC,BA01_01009']
2013-11-20 10:58:31,644: DEBUG: NAS-Identifier: [u'C08386']
2013-11-20 10:58:31,644: DEBUG: Proxy-State: ['3330,3132']
2013-11-20 10:58:31,644: DEBUG: GoGo-Total-Input-Voice-Octets: [0]
2013-11-20 10:58:31,645: DEBUG: Acct-Status-Type: ['Interim-Update']
2013-11-20 10:58:31,645: DEBUG: GoGo-Total-Output-Voice-Gigawords: [0]
2013-11-20 10:58:31,645: DEBUG: GoGo-Airline: [u'BA01']
2013-11-20 10:58:31,645: DEBUG: Acct-Session-Id: [u'AAATestNAS_168-1384925241537-00163E2D87F5-4']
2013-11-20 10:58:31,646: DEBUG: Acct-Session-Time: [10]
2013-11-20 10:58:31,646: DEBUG: Acct-Input-Packets: [23105]
2013-11-20 10:58:31,647: DEBUG: Acct-Output-Packets: [20747]
2013-11-20 10:58:31,647: DEBUG: GoGo-Acct-Output-Voice-Packets: [0]
2013-11-20 10:58:31,647: DEBUG: GoGo-Acct-Output-Voice-Octets: [0]
2013-11-20 10:58:31,647: DEBUG: Acct-Output-Gigawords: [0]
2013-11-20 10:58:31,647: DEBUG: GoGo-Total-Output-Voice-Packets: [0]
2013-11-20 10:58:31,647: DEBUG: Acct-Input-Gigawords: [0]
2013-11-20 10:58:31,647: DEBUG: Calling-Station-Id: [u'18:21:31:41:52:49']
2013-11-20 10:58:31,647: DEBUG: NAS-Port-Type: ['Wireless-802.11']
2013-11-20 10:58:31,648: DEBUG: GoGo-Total-Output-Voice-Octets: [0]
2013-11-20 10:58:31,648: DEBUG: GoGo-Private-IP-Address: ['192.168.1.179']
2013-11-20 10:58:31,648: DEBUG: GoGo-Acct-Input-Voice-Gigawords: [0]
2013-11-20 10:58:31,648: DEBUG: GoGo-Total-Input-Packets: [23105]
2013-11-20 10:58:31,648: DEBUG: GoGo-Total-Input-Gigawords: [0]
2013-11-20 10:58:31,648: DEBUG: GoGo-Acct-Input-Voice-Packets: [0]
2013-11-20 10:58:31,648: DEBUG: GoGo-Total-Input-Octets: [6321057]
2013-11-20 10:58:31,648: DEBUG: GoGo-Total-Output-Packets: [20747]
2013-11-20 10:58:31,648: DEBUG: WISPr-Location-ID: [u'airline=BA01,tail=01009,network=']
2013-11-20 10:58:31,649: DEBUG: GoGo-Acct-Output-Voice-Gigawords: [0]
2013-11-20 10:58:31,649: DEBUG: Acct-Input-Octets: [6321057]
2013-11-20 10:58:31,649: ERROR: Network error, Reason: 'Network error: nodename nor servname provided, or not known'
2013-11-20 10:58:41,649: DEBUG: 

2013-11-20 10:58:41,650: DEBUG: Creating Accounting Update Request with the following Attributes:
2013-11-20 10:58:41,650: DEBUG: User-Name: [u'username87@airborne.aircell.com']
2013-11-20 10:58:41,650: DEBUG: GoGo-Tail-Number: [u'AAATestNAS_168']
2013-11-20 10:58:41,650: DEBUG: Acct-Output-Octets: [1956445]
2013-11-20 10:58:41,650: DEBUG: NAS-IP-Address: ['10.254.173.1']
2013-11-20 10:58:41,650: DEBUG: GoGo-Total-Output-Gigawords: [0]
2013-11-20 10:58:41,650: DEBUG: Framed-IP-Address: ['10.254.173.98']
2013-11-20 10:58:41,651: DEBUG: GoGo-Total-Input-Voice-Gigawords: [0]
2013-11-20 10:58:41,651: DEBUG: GoGo-Total-Output-Octets: [1956445]
2013-11-20 10:58:41,651: DEBUG: GoGo-Acct-Input-Voice-Octets: [0]
2013-11-20 10:58:41,651: DEBUG: GoGo-Total-Input-Voice-Packets: [0]
2013-11-20 10:58:41,651: DEBUG: Called-Station-Id: [u'00:16:3E:2D:87:F5']
2013-11-20 10:58:41,651: DEBUG: WISPr-Location-Name: [u'TEST LLC,BA01_01009']
2013-11-20 10:58:41,651: DEBUG: NAS-Identifier: [u'C08386']
2013-11-20 10:58:41,651: DEBUG: Proxy-State: ['3330,3132']
2013-11-20 10:58:41,651: DEBUG: GoGo-Total-Input-Voice-Octets: [0]
2013-11-20 10:58:41,651: DEBUG: Acct-Status-Type: ['Interim-Update']
2013-11-20 10:58:41,652: DEBUG: GoGo-Total-Output-Voice-Gigawords: [0]
2013-11-20 10:58:41,652: DEBUG: GoGo-Airline: [u'BA01']
2013-11-20 10:58:41,652: DEBUG: Acct-Session-Id: [u'AAATestNAS_168-1384925241537-00163E2D87F5-4']
2013-11-20 10:58:41,652: DEBUG: Acct-Session-Time: [10]
2013-11-20 10:58:41,652: DEBUG: Acct-Input-Packets: [48197]
2013-11-20 10:58:41,652: DEBUG: Acct-Output-Packets: [9949]
2013-11-20 10:58:41,652: DEBUG: GoGo-Acct-Output-Voice-Packets: [0]
2013-11-20 10:58:41,652: DEBUG: GoGo-Acct-Output-Voice-Octets: [0]
2013-11-20 10:58:41,652: DEBUG: Acct-Output-Gigawords: [0]
2013-11-20 10:58:41,653: DEBUG: GoGo-Total-Output-Voice-Packets: [0]
2013-11-20 10:58:41,653: DEBUG: Acct-Input-Gigawords: [0]
2013-11-20 10:58:41,653: DEBUG: Calling-Station-Id: [u'18:21:31:41:52:49']
2013-11-20 10:58:41,653: DEBUG: NAS-Port-Type: ['Wireless-802.11']
2013-11-20 10:58:41,653: DEBUG: GoGo-Total-Output-Voice-Octets: [0]
2013-11-20 10:58:41,653: DEBUG: GoGo-Private-IP-Address: ['192.168.1.179']
2013-11-20 10:58:41,653: DEBUG: GoGo-Acct-Input-Voice-Gigawords: [0]
2013-11-20 10:58:41,653: DEBUG: GoGo-Total-Input-Packets: [48197]
2013-11-20 10:58:41,653: DEBUG: GoGo-Total-Input-Gigawords: [0]
2013-11-20 10:58:41,653: DEBUG: GoGo-Acct-Input-Voice-Packets: [0]
2013-11-20 10:58:41,654: DEBUG: GoGo-Total-Input-Octets: [7334658]
2013-11-20 10:58:41,654: DEBUG: GoGo-Total-Output-Packets: [9949]
2013-11-20 10:58:41,654: DEBUG: WISPr-Location-ID: [u'airline=BA01,tail=01009,network=']
2013-11-20 10:58:41,654: DEBUG: GoGo-Acct-Output-Voice-Gigawords: [0]
2013-11-20 10:58:41,654: DEBUG: Acct-Input-Octets: [7334658]
2013-11-20 10:58:41,654: ERROR: Network error, Reason: 'Network error: nodename nor servname provided, or not known'
2013-11-20 10:58:51,655: DEBUG: 

2013-11-20 10:58:51,656: DEBUG: Creating Accounting Update Request with the following Attributes:
2013-11-20 10:58:51,656: DEBUG: User-Name: [u'username87@airborne.aircell.com']
2013-11-20 10:58:51,656: DEBUG: GoGo-Tail-Number: [u'AAATestNAS_168']
2013-11-20 10:58:51,656: DEBUG: Acct-Output-Octets: [3274640]
2013-11-20 10:58:51,656: DEBUG: NAS-IP-Address: ['10.254.173.1']
2013-11-20 10:58:51,657: DEBUG: GoGo-Total-Output-Gigawords: [0]
2013-11-20 10:58:51,657: DEBUG: Framed-IP-Address: ['10.254.173.98']
2013-11-20 10:58:51,657: DEBUG: GoGo-Total-Input-Voice-Gigawords: [0]
2013-11-20 10:58:51,657: DEBUG: GoGo-Total-Output-Octets: [3274640]
2013-11-20 10:58:51,657: DEBUG: GoGo-Acct-Input-Voice-Octets: [0]
2013-11-20 10:58:51,657: DEBUG: GoGo-Total-Input-Voice-Packets: [0]
2013-11-20 10:58:51,657: DEBUG: Called-Station-Id: [u'00:16:3E:2D:87:F5']
2013-11-20 10:58:51,657: DEBUG: WISPr-Location-Name: [u'TEST LLC,BA01_01009']
2013-11-20 10:58:51,657: DEBUG: NAS-Identifier: [u'C08386']
2013-11-20 10:58:51,658: DEBUG: Proxy-State: ['3330,3132']
2013-11-20 10:58:51,658: DEBUG: GoGo-Total-Input-Voice-Octets: [0]
2013-11-20 10:58:51,658: DEBUG: Acct-Status-Type: ['Interim-Update']
2013-11-20 10:58:51,658: DEBUG: GoGo-Total-Output-Voice-Gigawords: [0]
2013-11-20 10:58:51,658: DEBUG: GoGo-Airline: [u'BA01']
2013-11-20 10:58:51,658: DEBUG: Acct-Session-Id: [u'AAATestNAS_168-1384925241537-00163E2D87F5-4']
2013-11-20 10:58:51,658: DEBUG: Acct-Session-Time: [10]
2013-11-20 10:58:51,658: DEBUG: Acct-Input-Packets: [41085]
2013-11-20 10:58:51,658: DEBUG: Acct-Output-Packets: [30187]
2013-11-20 10:58:51,658: DEBUG: GoGo-Acct-Output-Voice-Packets: [0]
2013-11-20 10:58:51,659: DEBUG: GoGo-Acct-Output-Voice-Octets: [0]
2013-11-20 10:58:51,659: DEBUG: Acct-Output-Gigawords: [0]
2013-11-20 10:58:51,659: DEBUG: GoGo-Total-Output-Voice-Packets: [0]
2013-11-20 10:58:51,659: DEBUG: Acct-Input-Gigawords: [0]
2013-11-20 10:58:51,659: DEBUG: Calling-Station-Id: [u'18:21:31:41:52:49']
2013-11-20 10:58:51,659: DEBUG: NAS-Port-Type: ['Wireless-802.11']
2013-11-20 10:58:51,659: DEBUG: GoGo-Total-Output-Voice-Octets: [0]
2013-11-20 10:58:51,659: DEBUG: GoGo-Private-IP-Address: ['192.168.1.179']
2013-11-20 10:58:51,659: DEBUG: GoGo-Acct-Input-Voice-Gigawords: [0]
2013-11-20 10:58:51,659: DEBUG: GoGo-Total-Input-Packets: [41085]
2013-11-20 10:58:51,660: DEBUG: GoGo-Total-Input-Gigawords: [0]
2013-11-20 10:58:51,660: DEBUG: GoGo-Acct-Input-Voice-Packets: [0]
2013-11-20 10:58:51,660: DEBUG: GoGo-Total-Input-Octets: [9838803]
2013-11-20 10:58:51,660: DEBUG: GoGo-Total-Output-Packets: [30187]
2013-11-20 10:58:51,660: DEBUG: WISPr-Location-ID: [u'airline=BA01,tail=01009,network=']
2013-11-20 10:58:51,660: DEBUG: GoGo-Acct-Output-Voice-Gigawords: [0]
2013-11-20 10:58:51,660: DEBUG: Acct-Input-Octets: [9838803]
2013-11-20 10:58:51,662: DEBUG: 

2013-11-20 10:58:51,662: DEBUG: Received response with following attributes:
2013-11-20 10:59:01,663: DEBUG: 

2013-11-20 10:59:01,663: DEBUG: Creating Accounting Update Request with the following Attributes:
2013-11-20 10:59:01,664: DEBUG: User-Name: [u'username87@airborne.aircell.com']
2013-11-20 10:59:01,664: DEBUG: GoGo-Tail-Number: [u'AAATestNAS_168']
2013-11-20 10:59:01,664: DEBUG: Acct-Output-Octets: [6605522]
2013-11-20 10:59:01,664: DEBUG: NAS-IP-Address: ['10.254.173.1']
2013-11-20 10:59:01,664: DEBUG: GoGo-Total-Output-Gigawords: [0]
2013-11-20 10:59:01,664: DEBUG: Framed-IP-Address: ['10.254.173.98']
2013-11-20 10:59:01,664: DEBUG: GoGo-Total-Input-Voice-Gigawords: [0]
2013-11-20 10:59:01,664: DEBUG: GoGo-Total-Output-Octets: [6605522]
2013-11-20 10:59:01,664: DEBUG: GoGo-Acct-Input-Voice-Octets: [0]
2013-11-20 10:59:01,665: DEBUG: GoGo-Total-Input-Voice-Packets: [0]
2013-11-20 10:59:01,665: DEBUG: Called-Station-Id: [u'00:16:3E:2D:87:F5']
2013-11-20 10:59:01,665: DEBUG: WISPr-Location-Name: [u'TEST LLC,BA01_01009']
2013-11-20 10:59:01,665: DEBUG: NAS-Identifier: [u'C08386']
2013-11-20 10:59:01,665: DEBUG: Proxy-State: ['3330,3132']
2013-11-20 10:59:01,665: DEBUG: GoGo-Total-Input-Voice-Octets: [0]
2013-11-20 10:59:01,665: DEBUG: Acct-Status-Type: ['Interim-Update']
2013-11-20 10:59:01,665: DEBUG: GoGo-Total-Output-Voice-Gigawords: [0]
2013-11-20 10:59:01,665: DEBUG: GoGo-Airline: [u'BA01']
2013-11-20 10:59:01,665: DEBUG: Acct-Session-Id: [u'AAATestNAS_168-1384925241537-00163E2D87F5-4']
2013-11-20 10:59:01,666: DEBUG: Acct-Session-Time: [10]
2013-11-20 10:59:01,666: DEBUG: Acct-Input-Packets: [45432]
2013-11-20 10:59:01,666: DEBUG: Acct-Output-Packets: [13362]
2013-11-20 10:59:01,666: DEBUG: GoGo-Acct-Output-Voice-Packets: [0]
2013-11-20 10:59:01,666: DEBUG: GoGo-Acct-Output-Voice-Octets: [0]
2013-11-20 10:59:01,666: DEBUG: Acct-Output-Gigawords: [0]
2013-11-20 10:59:01,666: DEBUG: GoGo-Total-Output-Voice-Packets: [0]
2013-11-20 10:59:01,666: DEBUG: Acct-Input-Gigawords: [0]
2013-11-20 10:59:01,666: DEBUG: Calling-Station-Id: [u'18:21:31:41:52:49']
2013-11-20 10:59:01,666: DEBUG: NAS-Port-Type: ['Wireless-802.11']
2013-11-20 10:59:01,667: DEBUG: GoGo-Total-Output-Voice-Octets: [0]
2013-11-20 10:59:01,667: DEBUG: GoGo-Private-IP-Address: ['192.168.1.179']
2013-11-20 10:59:01,667: DEBUG: GoGo-Acct-Input-Voice-Gigawords: [0]
2013-11-20 10:59:01,667: DEBUG: GoGo-Total-Input-Packets: [45432]
2013-11-20 10:59:01,667: DEBUG: GoGo-Total-Input-Gigawords: [0]
2013-11-20 10:59:01,667: DEBUG: GoGo-Acct-Input-Voice-Packets: [0]
2013-11-20 10:59:01,667: DEBUG: GoGo-Total-Input-Octets: [4543929]
2013-11-20 10:59:01,667: DEBUG: GoGo-Total-Output-Packets: [13362]
2013-11-20 10:59:01,667: DEBUG: WISPr-Location-ID: [u'airline=BA01,tail=01009,network=']
2013-11-20 10:59:01,667: DEBUG: GoGo-Acct-Output-Voice-Gigawords: [0]
2013-11-20 10:59:01,668: DEBUG: Acct-Input-Octets: [4543929]
2013-11-20 10:59:01,668: ERROR: Network error, Reason: 'Network error: Too many open files'
2013-11-20 10:59:11,668: DEBUG: 

2013-11-20 10:59:11,669: DEBUG: Creating Accounting Stop Request with the following Attributes:
2013-11-20 10:59:11,670: DEBUG: User-Name: [u'username87@airborne.aircell.com']
2013-11-20 10:59:11,670: DEBUG: GoGo-Tail-Number: [u'01009']
2013-11-20 10:59:11,670: DEBUG: Acct-Output-Octets: [5693772]
2013-11-20 10:59:11,670: DEBUG: NAS-IP-Address: ['10.254.173.1']
2013-11-20 10:59:11,671: DEBUG: GoGo-Total-Output-Gigawords: [0]
2013-11-20 10:59:11,671: DEBUG: Framed-IP-Address: ['10.254.173.98']
2013-11-20 10:59:11,671: DEBUG: GoGo-Total-Input-Voice-Gigawords: [0]
2013-11-20 10:59:11,671: DEBUG: GoGo-Total-Output-Octets: [5693772]
2013-11-20 10:59:11,671: DEBUG: GoGo-Acct-Input-Voice-Octets: [0]
2013-11-20 10:59:11,672: DEBUG: GoGo-Total-Input-Voice-Packets: [0]
2013-11-20 10:59:11,672: DEBUG: Called-Station-Id: [u'00:16:3E:2D:87:F5']
2013-11-20 10:59:11,672: DEBUG: WISPr-Location-Name: [u'TEST LLC,BA01_01009']
2013-11-20 10:59:11,672: DEBUG: NAS-Identifier: [u'C08386']
2013-11-20 10:59:11,672: DEBUG: Proxy-State: ['3330,3132']
2013-11-20 10:59:11,673: DEBUG: GoGo-Total-Input-Voice-Octets: [0]
2013-11-20 10:59:11,673: DEBUG: Acct-Status-Type: ['Stop']
2013-11-20 10:59:11,673: DEBUG: GoGo-Total-Output-Voice-Gigawords: [0]
2013-11-20 10:59:11,673: DEBUG: GoGo-Airline: [u'BA01']
2013-11-20 10:59:11,673: DEBUG: Acct-Session-Id: [u'AAATestNAS_168-1384925241537-00163E2D87F5-4']
2013-11-20 10:59:11,673: DEBUG: Acct-Session-Time: [10]
2013-11-20 10:59:11,673: DEBUG: Acct-Input-Packets: [40484]
2013-11-20 10:59:11,674: DEBUG: Acct-Output-Packets: [35773]
2013-11-20 10:59:11,674: DEBUG: Acct-Terminate-Cause: ['User-Request']
2013-11-20 10:59:11,674: DEBUG: GoGo-Acct-Output-Voice-Octets: [0]
2013-11-20 10:59:11,674: DEBUG: Acct-Output-Gigawords: [0]
2013-11-20 10:59:11,674: DEBUG: GoGo-Total-Output-Voice-Packets: [0]
2013-11-20 10:59:11,674: DEBUG: Acct-Input-Gigawords: [0]
2013-11-20 10:59:11,674: DEBUG: Calling-Station-Id: [u'18:21:31:41:52:49']
2013-11-20 10:59:11,675: DEBUG: NAS-Port-Type: ['Wireless-802.11']
2013-11-20 10:59:11,675: DEBUG: GoGo-Total-Output-Voice-Octets: [0]
2013-11-20 10:59:11,675: DEBUG: GoGo-Private-IP-Address: ['192.168.1.179']
2013-11-20 10:59:11,675: DEBUG: GoGo-Acct-Input-Voice-Gigawords: [0]
2013-11-20 10:59:11,675: DEBUG: GoGo-Total-Input-Packets: [40484]
2013-11-20 10:59:11,675: DEBUG: GoGo-Total-Input-Gigawords: [0]
2013-11-20 10:59:11,676: DEBUG: GoGo-Acct-Input-Voice-Packets: [0]
2013-11-20 10:59:11,676: DEBUG: GoGo-Total-Input-Octets: [4332146]
2013-11-20 10:59:11,676: DEBUG: GoGo-Total-Output-Packets: [35773]
2013-11-20 10:59:11,676: DEBUG: WISPr-Location-ID: [u'airline=BA01,tail=01009,network=']
2013-11-20 10:59:11,676: DEBUG: GoGo-Acct-Output-Voice-Packets: [0]
2013-11-20 10:59:11,676: DEBUG: GoGo-Acct-Output-Voice-Gigawords: [0]
2013-11-20 10:59:11,676: DEBUG: Acct-Input-Octets: [4332146]
2013-11-20 10:59:11,677: ERROR: Network error, Reason: 'Network error: Too many open files'
2013-11-20 10:59:11,677: ERROR: Ending the test for this user
2013-11-20 10:59:11,677: DEBUG: Ending the test for this user
