2013-11-20 10:56:56,471: DEBUG: Starting the client for the user username22@airborne.aircell.com to the server localhost

2013-11-20 10:56:56,472: DEBUG: DURATION of the TEST: 76
2013-11-20 10:56:56,472: DEBUG: NAS-IP: 10.254.119.1
2013-11-20 10:56:56,472: DEBUG: NAS-MAC-ADDR: 17:21:31:41:52:84
2013-11-20 10:56:56,472: DEBUG: Abruptly End: False
2013-11-20 10:56:56,472: DEBUG: Framed-IP: 10.254.119.103
2013-11-20 10:56:56,472: DEBUG: User-MAC-Addr: 00:16:3E:09:AC:3A
2013-11-20 10:56:56,472: DEBUG: 

2013-11-20 10:56:56,473: DEBUG: Creating Authentication Request with the following Attributes:
2013-11-20 10:56:56,473: DEBUG: NAS-Identifier: [u'C08386']
2013-11-20 10:56:56,473: DEBUG: User-Name: [u'username22@airborne.aircell.com']
2013-11-20 10:56:56,473: DEBUG: NAS-IP-Address: ['10.254.119.1']
2013-11-20 10:56:56,473: DEBUG: Service-Type: ['Authenticate-Only']
2013-11-20 10:56:56,473: DEBUG: Proxy-State: ['3237,3134']
2013-11-20 10:56:56,474: DEBUG: Framed-IP-Address: ['10.254.119.103']
2013-11-20 10:56:56,474: DEBUG: GoGo-Airline: [u'BA01']
2013-11-20 10:56:56,474: DEBUG: Acct-Session-Id: [u'AAATestNAS_114-1384925216473-00163E09AC3A-2']
2013-11-20 10:56:56,474: DEBUG: GoGo-Tail-Number: [u'AAATestNAS_114']
2013-11-20 10:56:56,474: DEBUG: GoGo-Private-IP-Address: ['192.168.1.179']
2013-11-20 10:56:56,474: DEBUG: WISPr-Location-ID: [u'airline=BA01,tail=01009,network=']
2013-11-20 10:56:56,474: DEBUG: WISPr-Location-Name: [u'TEST LLC,BA01_01009']
2013-11-20 10:56:56,474: DEBUG: NAS-Port-Type: ['Wireless-802.11']
2013-11-20 10:56:56,474: DEBUG: Called-Station-Id: [u'00:16:3E:09:AC:3A']
2013-11-20 10:56:56,475: DEBUG: Calling-Station-Id: [u'17:21:31:41:52:84']
2013-11-20 10:56:56,476: DEBUG: 

2013-11-20 10:56:56,476: DEBUG: Received response with code: 2, Accepted
2013-11-20 10:56:56,476: DEBUG: Creating Authentication Request with the following Attributes:
2013-11-20 10:56:56,476: DEBUG: NAS-Identifier: [u'C08386']
2013-11-20 10:56:56,476: DEBUG: User-Name: [u'username22@airborne.aircell.com']
2013-11-20 10:56:56,477: DEBUG: NAS-IP-Address: ['10.254.119.1']
2013-11-20 10:56:56,477: DEBUG: Service-Type: ['Login-User']
2013-11-20 10:56:56,477: DEBUG: Proxy-State: ['3237,3134']
2013-11-20 10:56:56,477: DEBUG: Framed-IP-Address: ['10.254.119.103']
2013-11-20 10:56:56,477: DEBUG: GoGo-Airline: [u'BA01']
2013-11-20 10:56:56,477: DEBUG: Acct-Session-Id: [u'AAATestNAS_114-1384925216476-00163E09AC3A-2']
2013-11-20 10:56:56,477: DEBUG: GoGo-Tail-Number: [u'AAATestNAS_114']
2013-11-20 10:56:56,477: DEBUG: GoGo-Private-IP-Address: ['192.168.1.179']
2013-11-20 10:56:56,477: DEBUG: WISPr-Location-ID: [u'airline=BA01,tail=01009,network=']
2013-11-20 10:56:56,478: DEBUG: WISPr-Location-Name: [u'TEST LLC,BA01_01009']
2013-11-20 10:56:56,478: DEBUG: NAS-Port-Type: ['Wireless-802.11']
2013-11-20 10:56:56,478: DEBUG: Called-Station-Id: [u'00:16:3E:09:AC:3A']
2013-11-20 10:56:56,478: DEBUG: Calling-Station-Id: [u'17:21:31:41:52:84']
2013-11-20 10:56:56,479: DEBUG: 

2013-11-20 10:56:56,479: DEBUG: Received response with code: 2, Accepted
2013-11-20 10:56:56,479: DEBUG: 

2013-11-20 10:56:56,479: DEBUG: Creating Accounting start Request with the following Attributes:
2013-11-20 10:56:56,479: DEBUG: NAS-Identifier: [u'C08386']
2013-11-20 10:56:56,480: DEBUG: User-Name: [u'username22@airborne.aircell.com']
2013-11-20 10:56:56,480: DEBUG: GoGo-Tail-Number: [u'AAATestNAS_114']
2013-11-20 10:56:56,480: DEBUG: NAS-IP-Address: ['10.254.119.1']
2013-11-20 10:56:56,480: DEBUG: Proxy-State: ['3239,3131']
2013-11-20 10:56:56,480: DEBUG: Acct-Status-Type: ['Start']
2013-11-20 10:56:56,480: DEBUG: GoGo-Airline: [u'BA01']
2013-11-20 10:56:56,480: DEBUG: Acct-Session-Id: [u'AAATestNAS_114-1384925216476-00163E09AC3A-2']
2013-11-20 10:56:56,480: DEBUG: GoGo-Private-IP-Address: ['192.168.1.179']
2013-11-20 10:56:56,480: DEBUG: Framed-IP-Address: ['10.254.119.103']
2013-11-20 10:56:56,481: DEBUG: WISPr-Location-ID: [u'airline=BA01,tail=01009,network=']
2013-11-20 10:56:56,481: DEBUG: WISPr-Location-Name: [u'TEST LLC,BA01_01009']
2013-11-20 10:56:56,481: DEBUG: NAS-Port-Type: ['Wireless-802.11']
2013-11-20 10:56:56,481: DEBUG: Called-Station-Id: [u'00:16:3E:09:AC:3A']
2013-11-20 10:56:56,481: DEBUG: Calling-Station-Id: [u'17:21:31:41:52:84']
2013-11-20 10:56:56,482: DEBUG: 

2013-11-20 10:56:56,482: DEBUG: Received response with following attributes:
2013-11-20 10:57:06,484: DEBUG: 

2013-11-20 10:57:06,485: DEBUG: Creating Accounting Update Request with the following Attributes:
2013-11-20 10:57:06,485: DEBUG: User-Name: [u'username22@airborne.aircell.com']
2013-11-20 10:57:06,486: DEBUG: GoGo-Tail-Number: [u'AAATestNAS_114']
2013-11-20 10:57:06,486: DEBUG: Acct-Output-Octets: [5868499]
2013-11-20 10:57:06,486: DEBUG: NAS-IP-Address: ['10.254.119.1']
2013-11-20 10:57:06,487: DEBUG: GoGo-Total-Output-Gigawords: [0]
2013-11-20 10:57:06,487: DEBUG: Framed-IP-Address: ['10.254.119.103']
2013-11-20 10:57:06,487: DEBUG: GoGo-Total-Input-Voice-Gigawords: [0]
2013-11-20 10:57:06,487: DEBUG: GoGo-Total-Output-Octets: [5868499]
2013-11-20 10:57:06,488: DEBUG: GoGo-Acct-Input-Voice-Octets: [0]
2013-11-20 10:57:06,488: DEBUG: GoGo-Total-Input-Voice-Packets: [0]
2013-11-20 10:57:06,488: DEBUG: Called-Station-Id: [u'00:16:3E:09:AC:3A']
2013-11-20 10:57:06,488: DEBUG: WISPr-Location-Name: [u'TEST LLC,BA01_01009']
2013-11-20 10:57:06,489: DEBUG: NAS-Identifier: [u'C08386']
2013-11-20 10:57:06,489: DEBUG: Proxy-State: ['3330,3132']
2013-11-20 10:57:06,489: DEBUG: GoGo-Total-Input-Voice-Octets: [0]
2013-11-20 10:57:06,490: DEBUG: Acct-Status-Type: ['Interim-Update']
2013-11-20 10:57:06,490: DEBUG: GoGo-Total-Output-Voice-Gigawords: [0]
2013-11-20 10:57:06,490: DEBUG: GoGo-Airline: [u'BA01']
2013-11-20 10:57:06,490: DEBUG: Acct-Session-Id: [u'AAATestNAS_114-1384925216476-00163E09AC3A-2']
2013-11-20 10:57:06,490: DEBUG: Acct-Session-Time: [10]
2013-11-20 10:57:06,491: DEBUG: Acct-Input-Packets: [23661]
2013-11-20 10:57:06,491: DEBUG: Acct-Output-Packets: [54356]
2013-11-20 10:57:06,491: DEBUG: GoGo-Acct-Output-Voice-Packets: [0]
2013-11-20 10:57:06,491: DEBUG: GoGo-Acct-Output-Voice-Octets: [0]
2013-11-20 10:57:06,492: DEBUG: Acct-Output-Gigawords: [0]
2013-11-20 10:57:06,492: DEBUG: GoGo-Total-Output-Voice-Packets: [0]
2013-11-20 10:57:06,492: DEBUG: Acct-Input-Gigawords: [0]
2013-11-20 10:57:06,492: DEBUG: Calling-Station-Id: [u'17:21:31:41:52:84']
2013-11-20 10:57:06,492: DEBUG: NAS-Port-Type: ['Wireless-802.11']
2013-11-20 10:57:06,493: DEBUG: GoGo-Total-Output-Voice-Octets: [0]
2013-11-20 10:57:06,493: DEBUG: GoGo-Private-IP-Address: ['192.168.1.179']
2013-11-20 10:57:06,493: DEBUG: GoGo-Acct-Input-Voice-Gigawords: [0]
2013-11-20 10:57:06,493: DEBUG: GoGo-Total-Input-Packets: [23661]
2013-11-20 10:57:06,494: DEBUG: GoGo-Total-Input-Gigawords: [0]
2013-11-20 10:57:06,495: DEBUG: GoGo-Acct-Input-Voice-Packets: [0]
2013-11-20 10:57:06,496: DEBUG: GoGo-Total-Input-Octets: [7568223]
2013-11-20 10:57:06,496: DEBUG: GoGo-Total-Output-Packets: [54356]
2013-11-20 10:57:06,497: DEBUG: WISPr-Location-ID: [u'airline=BA01,tail=01009,network=']
2013-11-20 10:57:06,497: DEBUG: GoGo-Acct-Output-Voice-Gigawords: [0]
2013-11-20 10:57:06,498: DEBUG: Acct-Input-Octets: [7568223]
2013-11-20 10:57:06,500: DEBUG: 

2013-11-20 10:57:06,500: DEBUG: Received response with following attributes:
2013-11-20 10:57:16,502: DEBUG: 

2013-11-20 10:57:16,502: DEBUG: Creating Accounting Update Request with the following Attributes:
2013-11-20 10:57:16,503: DEBUG: User-Name: [u'username22@airborne.aircell.com']
2013-11-20 10:57:16,503: DEBUG: GoGo-Tail-Number: [u'AAATestNAS_114']
2013-11-20 10:57:16,503: DEBUG: Acct-Output-Octets: [1310448]
2013-11-20 10:57:16,504: DEBUG: NAS-IP-Address: ['10.254.119.1']
2013-11-20 10:57:16,504: DEBUG: GoGo-Total-Output-Gigawords: [0]
2013-11-20 10:57:16,504: DEBUG: Framed-IP-Address: ['10.254.119.103']
2013-11-20 10:57:16,504: DEBUG: GoGo-Total-Input-Voice-Gigawords: [0]
2013-11-20 10:57:16,505: DEBUG: GoGo-Total-Output-Octets: [1310448]
2013-11-20 10:57:16,505: DEBUG: GoGo-Acct-Input-Voice-Octets: [0]
2013-11-20 10:57:16,505: DEBUG: GoGo-Total-Input-Voice-Packets: [0]
2013-11-20 10:57:16,505: DEBUG: Called-Station-Id: [u'00:16:3E:09:AC:3A']
2013-11-20 10:57:16,506: DEBUG: WISPr-Location-Name: [u'TEST LLC,BA01_01009']
2013-11-20 10:57:16,506: DEBUG: NAS-Identifier: [u'C08386']
2013-11-20 10:57:16,506: DEBUG: Proxy-State: ['3330,3132']
2013-11-20 10:57:16,506: DEBUG: GoGo-Total-Input-Voice-Octets: [0]
2013-11-20 10:57:16,507: DEBUG: Acct-Status-Type: ['Interim-Update']
2013-11-20 10:57:16,507: DEBUG: GoGo-Total-Output-Voice-Gigawords: [0]
2013-11-20 10:57:16,507: DEBUG: GoGo-Airline: [u'BA01']
2013-11-20 10:57:16,507: DEBUG: Acct-Session-Id: [u'AAATestNAS_114-1384925216476-00163E09AC3A-2']
2013-11-20 10:57:16,508: DEBUG: Acct-Session-Time: [10]
2013-11-20 10:57:16,508: DEBUG: Acct-Input-Packets: [18745]
2013-11-20 10:57:16,508: DEBUG: Acct-Output-Packets: [2809]
2013-11-20 10:57:16,508: DEBUG: GoGo-Acct-Output-Voice-Packets: [0]
2013-11-20 10:57:16,509: DEBUG: GoGo-Acct-Output-Voice-Octets: [0]
2013-11-20 10:57:16,509: DEBUG: Acct-Output-Gigawords: [0]
2013-11-20 10:57:16,509: DEBUG: GoGo-Total-Output-Voice-Packets: [0]
2013-11-20 10:57:16,509: DEBUG: Acct-Input-Gigawords: [0]
2013-11-20 10:57:16,509: DEBUG: Calling-Station-Id: [u'17:21:31:41:52:84']
2013-11-20 10:57:16,510: DEBUG: NAS-Port-Type: ['Wireless-802.11']
2013-11-20 10:57:16,510: DEBUG: GoGo-Total-Output-Voice-Octets: [0]
2013-11-20 10:57:16,510: DEBUG: GoGo-Private-IP-Address: ['192.168.1.179']
2013-11-20 10:57:16,510: DEBUG: GoGo-Acct-Input-Voice-Gigawords: [0]
2013-11-20 10:57:16,511: DEBUG: GoGo-Total-Input-Packets: [18745]
2013-11-20 10:57:16,511: DEBUG: GoGo-Total-Input-Gigawords: [0]
2013-11-20 10:57:16,511: DEBUG: GoGo-Acct-Input-Voice-Packets: [0]
2013-11-20 10:57:16,512: DEBUG: GoGo-Total-Input-Octets: [2483920]
2013-11-20 10:57:16,512: DEBUG: GoGo-Total-Output-Packets: [2809]
2013-11-20 10:57:16,513: DEBUG: WISPr-Location-ID: [u'airline=BA01,tail=01009,network=']
2013-11-20 10:57:16,514: DEBUG: GoGo-Acct-Output-Voice-Gigawords: [0]
2013-11-20 10:57:16,514: DEBUG: Acct-Input-Octets: [2483920]
2013-11-20 10:57:16,516: DEBUG: 

2013-11-20 10:57:16,517: DEBUG: Received response with following attributes:
2013-11-20 10:57:26,519: DEBUG: 

2013-11-20 10:57:26,520: DEBUG: Creating Accounting Update Request with the following Attributes:
2013-11-20 10:57:26,520: DEBUG: User-Name: [u'username22@airborne.aircell.com']
2013-11-20 10:57:26,521: DEBUG: GoGo-Tail-Number: [u'AAATestNAS_114']
2013-11-20 10:57:26,522: DEBUG: Acct-Output-Octets: [5516992]
2013-11-20 10:57:26,522: DEBUG: NAS-IP-Address: ['10.254.119.1']
2013-11-20 10:57:26,523: DEBUG: GoGo-Total-Output-Gigawords: [0]
2013-11-20 10:57:26,523: DEBUG: Framed-IP-Address: ['10.254.119.103']
2013-11-20 10:57:26,524: DEBUG: GoGo-Total-Input-Voice-Gigawords: [0]
2013-11-20 10:57:26,524: DEBUG: GoGo-Total-Output-Octets: [5516992]
2013-11-20 10:57:26,524: DEBUG: GoGo-Acct-Input-Voice-Octets: [0]
2013-11-20 10:57:26,524: DEBUG: GoGo-Total-Input-Voice-Packets: [0]
2013-11-20 10:57:26,525: DEBUG: Called-Station-Id: [u'00:16:3E:09:AC:3A']
2013-11-20 10:57:26,525: DEBUG: WISPr-Location-Name: [u'TEST LLC,BA01_01009']
2013-11-20 10:57:26,526: DEBUG: NAS-Identifier: [u'C08386']
2013-11-20 10:57:26,526: DEBUG: Proxy-State: ['3330,3132']
2013-11-20 10:57:26,526: DEBUG: GoGo-Total-Input-Voice-Octets: [0]
2013-11-20 10:57:26,526: DEBUG: Acct-Status-Type: ['Interim-Update']
2013-11-20 10:57:26,526: DEBUG: GoGo-Total-Output-Voice-Gigawords: [0]
2013-11-20 10:57:26,527: DEBUG: GoGo-Airline: [u'BA01']
2013-11-20 10:57:26,527: DEBUG: Acct-Session-Id: [u'AAATestNAS_114-1384925216476-00163E09AC3A-2']
2013-11-20 10:57:26,527: DEBUG: Acct-Session-Time: [10]
2013-11-20 10:57:26,527: DEBUG: Acct-Input-Packets: [24222]
2013-11-20 10:57:26,528: DEBUG: Acct-Output-Packets: [24112]
2013-11-20 10:57:26,528: DEBUG: GoGo-Acct-Output-Voice-Packets: [0]
2013-11-20 10:57:26,528: DEBUG: GoGo-Acct-Output-Voice-Octets: [0]
2013-11-20 10:57:26,529: DEBUG: Acct-Output-Gigawords: [0]
2013-11-20 10:57:26,529: DEBUG: GoGo-Total-Output-Voice-Packets: [0]
2013-11-20 10:57:26,529: DEBUG: Acct-Input-Gigawords: [0]
2013-11-20 10:57:26,529: DEBUG: Calling-Station-Id: [u'17:21:31:41:52:84']
2013-11-20 10:57:26,530: DEBUG: NAS-Port-Type: ['Wireless-802.11']
2013-11-20 10:57:26,530: DEBUG: GoGo-Total-Output-Voice-Octets: [0]
2013-11-20 10:57:26,530: DEBUG: GoGo-Private-IP-Address: ['192.168.1.179']
2013-11-20 10:57:26,530: DEBUG: GoGo-Acct-Input-Voice-Gigawords: [0]
2013-11-20 10:57:26,531: DEBUG: GoGo-Total-Input-Packets: [24222]
2013-11-20 10:57:26,531: DEBUG: GoGo-Total-Input-Gigawords: [0]
2013-11-20 10:57:26,531: DEBUG: GoGo-Acct-Input-Voice-Packets: [0]
2013-11-20 10:57:26,532: DEBUG: GoGo-Total-Input-Octets: [9246941]
2013-11-20 10:57:26,532: DEBUG: GoGo-Total-Output-Packets: [24112]
2013-11-20 10:57:26,532: DEBUG: WISPr-Location-ID: [u'airline=BA01,tail=01009,network=']
2013-11-20 10:57:26,532: DEBUG: GoGo-Acct-Output-Voice-Gigawords: [0]
2013-11-20 10:57:26,532: DEBUG: Acct-Input-Octets: [9246941]
2013-11-20 10:57:26,534: DEBUG: 

2013-11-20 10:57:26,534: DEBUG: Received response with following attributes:
2013-11-20 10:57:36,535: DEBUG: 

2013-11-20 10:57:36,536: DEBUG: Creating Accounting Update Request with the following Attributes:
2013-11-20 10:57:36,536: DEBUG: User-Name: [u'username22@airborne.aircell.com']
2013-11-20 10:57:36,536: DEBUG: GoGo-Tail-Number: [u'AAATestNAS_114']
2013-11-20 10:57:36,536: DEBUG: Acct-Output-Octets: [5334673]
2013-11-20 10:57:36,536: DEBUG: NAS-IP-Address: ['10.254.119.1']
2013-11-20 10:57:36,536: DEBUG: GoGo-Total-Output-Gigawords: [0]
2013-11-20 10:57:36,536: DEBUG: Framed-IP-Address: ['10.254.119.103']
2013-11-20 10:57:36,536: DEBUG: GoGo-Total-Input-Voice-Gigawords: [0]
2013-11-20 10:57:36,537: DEBUG: GoGo-Total-Output-Octets: [5334673]
2013-11-20 10:57:36,537: DEBUG: GoGo-Acct-Input-Voice-Octets: [0]
2013-11-20 10:57:36,537: DEBUG: GoGo-Total-Input-Voice-Packets: [0]
2013-11-20 10:57:36,537: DEBUG: Called-Station-Id: [u'00:16:3E:09:AC:3A']
2013-11-20 10:57:36,537: DEBUG: WISPr-Location-Name: [u'TEST LLC,BA01_01009']
2013-11-20 10:57:36,538: DEBUG: NAS-Identifier: [u'C08386']
2013-11-20 10:57:36,538: DEBUG: Proxy-State: ['3330,3132']
2013-11-20 10:57:36,539: DEBUG: GoGo-Total-Input-Voice-Octets: [0]
2013-11-20 10:57:36,539: DEBUG: Acct-Status-Type: ['Interim-Update']
2013-11-20 10:57:36,539: DEBUG: GoGo-Total-Output-Voice-Gigawords: [0]
2013-11-20 10:57:36,539: DEBUG: GoGo-Airline: [u'BA01']
2013-11-20 10:57:36,540: DEBUG: Acct-Session-Id: [u'AAATestNAS_114-1384925216476-00163E09AC3A-2']
2013-11-20 10:57:36,540: DEBUG: Acct-Session-Time: [10]
2013-11-20 10:57:36,540: DEBUG: Acct-Input-Packets: [2488]
2013-11-20 10:57:36,540: DEBUG: Acct-Output-Packets: [26792]
2013-11-20 10:57:36,541: DEBUG: GoGo-Acct-Output-Voice-Packets: [0]
2013-11-20 10:57:36,541: DEBUG: GoGo-Acct-Output-Voice-Octets: [0]
2013-11-20 10:57:36,541: DEBUG: Acct-Output-Gigawords: [0]
2013-11-20 10:57:36,542: DEBUG: GoGo-Total-Output-Voice-Packets: [0]
2013-11-20 10:57:36,542: DEBUG: Acct-Input-Gigawords: [0]
2013-11-20 10:57:36,542: DEBUG: Calling-Station-Id: [u'17:21:31:41:52:84']
2013-11-20 10:57:36,542: DEBUG: NAS-Port-Type: ['Wireless-802.11']
2013-11-20 10:57:36,543: DEBUG: GoGo-Total-Output-Voice-Octets: [0]
2013-11-20 10:57:36,543: DEBUG: GoGo-Private-IP-Address: ['192.168.1.179']
2013-11-20 10:57:36,543: DEBUG: GoGo-Acct-Input-Voice-Gigawords: [0]
2013-11-20 10:57:36,543: DEBUG: GoGo-Total-Input-Packets: [2488]
2013-11-20 10:57:36,544: DEBUG: GoGo-Total-Input-Gigawords: [0]
2013-11-20 10:57:36,544: DEBUG: GoGo-Acct-Input-Voice-Packets: [0]
2013-11-20 10:57:36,544: DEBUG: GoGo-Total-Input-Octets: [1596970]
2013-11-20 10:57:36,545: DEBUG: GoGo-Total-Output-Packets: [26792]
2013-11-20 10:57:36,545: DEBUG: WISPr-Location-ID: [u'airline=BA01,tail=01009,network=']
2013-11-20 10:57:36,545: DEBUG: GoGo-Acct-Output-Voice-Gigawords: [0]
2013-11-20 10:57:36,545: DEBUG: Acct-Input-Octets: [1596970]
2013-11-20 10:57:36,546: ERROR: Network error, Reason: 'Network error: Too many open files'
2013-11-20 10:57:46,546: DEBUG: 

2013-11-20 10:57:46,547: DEBUG: Creating Accounting Update Request with the following Attributes:
2013-11-20 10:57:46,548: DEBUG: User-Name: [u'username22@airborne.aircell.com']
2013-11-20 10:57:46,548: DEBUG: GoGo-Tail-Number: [u'AAATestNAS_114']
2013-11-20 10:57:46,549: DEBUG: Acct-Output-Octets: [4966421]
2013-11-20 10:57:46,550: DEBUG: NAS-IP-Address: ['10.254.119.1']
2013-11-20 10:57:46,550: DEBUG: GoGo-Total-Output-Gigawords: [0]
2013-11-20 10:57:46,550: DEBUG: Framed-IP-Address: ['10.254.119.103']
2013-11-20 10:57:46,551: DEBUG: GoGo-Total-Input-Voice-Gigawords: [0]
2013-11-20 10:57:46,551: DEBUG: GoGo-Total-Output-Octets: [4966421]
2013-11-20 10:57:46,552: DEBUG: GoGo-Acct-Input-Voice-Octets: [0]
2013-11-20 10:57:46,552: DEBUG: GoGo-Total-Input-Voice-Packets: [0]
2013-11-20 10:57:46,553: DEBUG: Called-Station-Id: [u'00:16:3E:09:AC:3A']
2013-11-20 10:57:46,553: DEBUG: WISPr-Location-Name: [u'TEST LLC,BA01_01009']
2013-11-20 10:57:46,553: DEBUG: NAS-Identifier: [u'C08386']
2013-11-20 10:57:46,554: DEBUG: Proxy-State: ['3330,3132']
2013-11-20 10:57:46,555: DEBUG: GoGo-Total-Input-Voice-Octets: [0]
2013-11-20 10:57:46,556: DEBUG: Acct-Status-Type: ['Interim-Update']
2013-11-20 10:57:46,556: DEBUG: GoGo-Total-Output-Voice-Gigawords: [0]
2013-11-20 10:57:46,557: DEBUG: GoGo-Airline: [u'BA01']
2013-11-20 10:57:46,557: DEBUG: Acct-Session-Id: [u'AAATestNAS_114-1384925216476-00163E09AC3A-2']
2013-11-20 10:57:46,558: DEBUG: Acct-Session-Time: [10]
2013-11-20 10:57:46,558: DEBUG: Acct-Input-Packets: [9715]
2013-11-20 10:57:46,559: DEBUG: Acct-Output-Packets: [47430]
2013-11-20 10:57:46,559: DEBUG: GoGo-Acct-Output-Voice-Packets: [0]
2013-11-20 10:57:46,560: DEBUG: GoGo-Acct-Output-Voice-Octets: [0]
2013-11-20 10:57:46,560: DEBUG: Acct-Output-Gigawords: [0]
2013-11-20 10:57:46,560: DEBUG: GoGo-Total-Output-Voice-Packets: [0]
2013-11-20 10:57:46,562: DEBUG: Acct-Input-Gigawords: [0]
2013-11-20 10:57:46,562: DEBUG: Calling-Station-Id: [u'17:21:31:41:52:84']
2013-11-20 10:57:46,562: DEBUG: NAS-Port-Type: ['Wireless-802.11']
2013-11-20 10:57:46,563: DEBUG: GoGo-Total-Output-Voice-Octets: [0]
2013-11-20 10:57:46,563: DEBUG: GoGo-Private-IP-Address: ['192.168.1.179']
2013-11-20 10:57:46,564: DEBUG: GoGo-Acct-Input-Voice-Gigawords: [0]
2013-11-20 10:57:46,564: DEBUG: GoGo-Total-Input-Packets: [9715]
2013-11-20 10:57:46,564: DEBUG: GoGo-Total-Input-Gigawords: [0]
2013-11-20 10:57:46,565: DEBUG: GoGo-Acct-Input-Voice-Packets: [0]
2013-11-20 10:57:46,565: DEBUG: GoGo-Total-Input-Octets: [2296984]
2013-11-20 10:57:46,566: DEBUG: GoGo-Total-Output-Packets: [47430]
2013-11-20 10:57:46,566: DEBUG: WISPr-Location-ID: [u'airline=BA01,tail=01009,network=']
2013-11-20 10:57:46,567: DEBUG: GoGo-Acct-Output-Voice-Gigawords: [0]
2013-11-20 10:57:46,567: DEBUG: Acct-Input-Octets: [2296984]
2013-11-20 10:57:46,568: ERROR: Network error, Reason: 'Network error: Too many open files'
2013-11-20 10:57:56,569: DEBUG: 

2013-11-20 10:57:56,569: DEBUG: Creating Accounting Update Request with the following Attributes:
2013-11-20 10:57:56,569: DEBUG: User-Name: [u'username22@airborne.aircell.com']
2013-11-20 10:57:56,569: DEBUG: GoGo-Tail-Number: [u'AAATestNAS_114']
2013-11-20 10:57:56,570: DEBUG: Acct-Output-Octets: [7722074]
2013-11-20 10:57:56,570: DEBUG: NAS-IP-Address: ['10.254.119.1']
2013-11-20 10:57:56,571: DEBUG: GoGo-Total-Output-Gigawords: [0]
2013-11-20 10:57:56,571: DEBUG: Framed-IP-Address: ['10.254.119.103']
2013-11-20 10:57:56,571: DEBUG: GoGo-Total-Input-Voice-Gigawords: [0]
2013-11-20 10:57:56,572: DEBUG: GoGo-Total-Output-Octets: [7722074]
2013-11-20 10:57:56,572: DEBUG: GoGo-Acct-Input-Voice-Octets: [0]
2013-11-20 10:57:56,572: DEBUG: GoGo-Total-Input-Voice-Packets: [0]
2013-11-20 10:57:56,573: DEBUG: Called-Station-Id: [u'00:16:3E:09:AC:3A']
2013-11-20 10:57:56,573: DEBUG: WISPr-Location-Name: [u'TEST LLC,BA01_01009']
2013-11-20 10:57:56,573: DEBUG: NAS-Identifier: [u'C08386']
2013-11-20 10:57:56,573: DEBUG: Proxy-State: ['3330,3132']
2013-11-20 10:57:56,574: DEBUG: GoGo-Total-Input-Voice-Octets: [0]
2013-11-20 10:57:56,574: DEBUG: Acct-Status-Type: ['Interim-Update']
2013-11-20 10:57:56,574: DEBUG: GoGo-Total-Output-Voice-Gigawords: [0]
2013-11-20 10:57:56,575: DEBUG: GoGo-Airline: [u'BA01']
2013-11-20 10:57:56,575: DEBUG: Acct-Session-Id: [u'AAATestNAS_114-1384925216476-00163E09AC3A-2']
2013-11-20 10:57:56,575: DEBUG: Acct-Session-Time: [10]
2013-11-20 10:57:56,575: DEBUG: Acct-Input-Packets: [45059]
2013-11-20 10:57:56,576: DEBUG: Acct-Output-Packets: [40898]
2013-11-20 10:57:56,576: DEBUG: GoGo-Acct-Output-Voice-Packets: [0]
2013-11-20 10:57:56,576: DEBUG: GoGo-Acct-Output-Voice-Octets: [0]
2013-11-20 10:57:56,576: DEBUG: Acct-Output-Gigawords: [0]
2013-11-20 10:57:56,577: DEBUG: GoGo-Total-Output-Voice-Packets: [0]
2013-11-20 10:57:56,577: DEBUG: Acct-Input-Gigawords: [0]
2013-11-20 10:57:56,577: DEBUG: Calling-Station-Id: [u'17:21:31:41:52:84']
2013-11-20 10:57:56,577: DEBUG: NAS-Port-Type: ['Wireless-802.11']
2013-11-20 10:57:56,578: DEBUG: GoGo-Total-Output-Voice-Octets: [0]
2013-11-20 10:57:56,578: DEBUG: GoGo-Private-IP-Address: ['192.168.1.179']
2013-11-20 10:57:56,578: DEBUG: GoGo-Acct-Input-Voice-Gigawords: [0]
2013-11-20 10:57:56,578: DEBUG: GoGo-Total-Input-Packets: [45059]
2013-11-20 10:57:56,579: DEBUG: GoGo-Total-Input-Gigawords: [0]
2013-11-20 10:57:56,579: DEBUG: GoGo-Acct-Input-Voice-Packets: [0]
2013-11-20 10:57:56,579: DEBUG: GoGo-Total-Input-Octets: [5316165]
2013-11-20 10:57:56,580: DEBUG: GoGo-Total-Output-Packets: [40898]
2013-11-20 10:57:56,580: DEBUG: WISPr-Location-ID: [u'airline=BA01,tail=01009,network=']
2013-11-20 10:57:56,580: DEBUG: GoGo-Acct-Output-Voice-Gigawords: [0]
2013-11-20 10:57:56,580: DEBUG: Acct-Input-Octets: [5316165]
2013-11-20 10:57:56,581: ERROR: Network error, Reason: 'Network error: Too many open files'
2013-11-20 10:58:06,582: DEBUG: 

2013-11-20 10:58:06,583: DEBUG: Creating Accounting Update Request with the following Attributes:
2013-11-20 10:58:06,584: DEBUG: User-Name: [u'username22@airborne.aircell.com']
2013-11-20 10:58:06,584: DEBUG: GoGo-Tail-Number: [u'AAATestNAS_114']
2013-11-20 10:58:06,585: DEBUG: Acct-Output-Octets: [7608691]
2013-11-20 10:58:06,585: DEBUG: NAS-IP-Address: ['10.254.119.1']
2013-11-20 10:58:06,585: DEBUG: GoGo-Total-Output-Gigawords: [0]
2013-11-20 10:58:06,585: DEBUG: Framed-IP-Address: ['10.254.119.103']
2013-11-20 10:58:06,586: DEBUG: GoGo-Total-Input-Voice-Gigawords: [0]
2013-11-20 10:58:06,586: DEBUG: GoGo-Total-Output-Octets: [7608691]
2013-11-20 10:58:06,586: DEBUG: GoGo-Acct-Input-Voice-Octets: [0]
2013-11-20 10:58:06,587: DEBUG: GoGo-Total-Input-Voice-Packets: [0]
2013-11-20 10:58:06,587: DEBUG: Called-Station-Id: [u'00:16:3E:09:AC:3A']
2013-11-20 10:58:06,587: DEBUG: WISPr-Location-Name: [u'TEST LLC,BA01_01009']
2013-11-20 10:58:06,587: DEBUG: NAS-Identifier: [u'C08386']
2013-11-20 10:58:06,588: DEBUG: Proxy-State: ['3330,3132']
2013-11-20 10:58:06,588: DEBUG: GoGo-Total-Input-Voice-Octets: [0]
2013-11-20 10:58:06,588: DEBUG: Acct-Status-Type: ['Interim-Update']
2013-11-20 10:58:06,589: DEBUG: GoGo-Total-Output-Voice-Gigawords: [0]
2013-11-20 10:58:06,589: DEBUG: GoGo-Airline: [u'BA01']
2013-11-20 10:58:06,589: DEBUG: Acct-Session-Id: [u'AAATestNAS_114-1384925216476-00163E09AC3A-2']
2013-11-20 10:58:06,589: DEBUG: Acct-Session-Time: [10]
2013-11-20 10:58:06,590: DEBUG: Acct-Input-Packets: [53719]
2013-11-20 10:58:06,590: DEBUG: Acct-Output-Packets: [34047]
2013-11-20 10:58:06,590: DEBUG: GoGo-Acct-Output-Voice-Packets: [0]
2013-11-20 10:58:06,590: DEBUG: GoGo-Acct-Output-Voice-Octets: [0]
2013-11-20 10:58:06,591: DEBUG: Acct-Output-Gigawords: [0]
2013-11-20 10:58:06,591: DEBUG: GoGo-Total-Output-Voice-Packets: [0]
2013-11-20 10:58:06,591: DEBUG: Acct-Input-Gigawords: [0]
2013-11-20 10:58:06,591: DEBUG: Calling-Station-Id: [u'17:21:31:41:52:84']
2013-11-20 10:58:06,592: DEBUG: NAS-Port-Type: ['Wireless-802.11']
2013-11-20 10:58:06,592: DEBUG: GoGo-Total-Output-Voice-Octets: [0]
2013-11-20 10:58:06,592: DEBUG: GoGo-Private-IP-Address: ['192.168.1.179']
2013-11-20 10:58:06,593: DEBUG: GoGo-Acct-Input-Voice-Gigawords: [0]
2013-11-20 10:58:06,593: DEBUG: GoGo-Total-Input-Packets: [53719]
2013-11-20 10:58:06,593: DEBUG: GoGo-Total-Input-Gigawords: [0]
2013-11-20 10:58:06,594: DEBUG: GoGo-Acct-Input-Voice-Packets: [0]
2013-11-20 10:58:06,594: DEBUG: GoGo-Total-Input-Octets: [8085558]
2013-11-20 10:58:06,594: DEBUG: GoGo-Total-Output-Packets: [34047]
2013-11-20 10:58:06,594: DEBUG: WISPr-Location-ID: [u'airline=BA01,tail=01009,network=']
2013-11-20 10:58:06,595: DEBUG: GoGo-Acct-Output-Voice-Gigawords: [0]
2013-11-20 10:58:06,595: DEBUG: Acct-Input-Octets: [8085558]
2013-11-20 10:58:06,595: ERROR: Network error, Reason: 'Network error: Too many open files'
2013-11-20 10:58:12,596: DEBUG: 

2013-11-20 10:58:12,596: DEBUG: Creating Accounting Update Request with the following Attributes:
2013-11-20 10:58:12,596: DEBUG: User-Name: [u'username22@airborne.aircell.com']
2013-11-20 10:58:12,597: DEBUG: GoGo-Tail-Number: [u'AAATestNAS_114']
2013-11-20 10:58:12,597: DEBUG: Acct-Output-Octets: [4424361]
2013-11-20 10:58:12,597: DEBUG: NAS-IP-Address: ['10.254.119.1']
2013-11-20 10:58:12,597: DEBUG: GoGo-Total-Output-Gigawords: [0]
2013-11-20 10:58:12,597: DEBUG: Framed-IP-Address: ['10.254.119.103']
2013-11-20 10:58:12,597: DEBUG: GoGo-Total-Input-Voice-Gigawords: [0]
2013-11-20 10:58:12,597: DEBUG: GoGo-Total-Output-Octets: [4424361]
2013-11-20 10:58:12,597: DEBUG: GoGo-Acct-Input-Voice-Octets: [0]
2013-11-20 10:58:12,597: DEBUG: GoGo-Total-Input-Voice-Packets: [0]
2013-11-20 10:58:12,598: DEBUG: Called-Station-Id: [u'00:16:3E:09:AC:3A']
2013-11-20 10:58:12,598: DEBUG: WISPr-Location-Name: [u'TEST LLC,BA01_01009']
2013-11-20 10:58:12,598: DEBUG: NAS-Identifier: [u'C08386']
2013-11-20 10:58:12,598: DEBUG: Proxy-State: ['3330,3132']
2013-11-20 10:58:12,598: DEBUG: GoGo-Total-Input-Voice-Octets: [0]
2013-11-20 10:58:12,598: DEBUG: Acct-Status-Type: ['Interim-Update']
2013-11-20 10:58:12,598: DEBUG: GoGo-Total-Output-Voice-Gigawords: [0]
2013-11-20 10:58:12,598: DEBUG: GoGo-Airline: [u'BA01']
2013-11-20 10:58:12,598: DEBUG: Acct-Session-Id: [u'AAATestNAS_114-1384925216476-00163E09AC3A-2']
2013-11-20 10:58:12,599: DEBUG: Acct-Session-Time: [6]
2013-11-20 10:58:12,599: DEBUG: Acct-Input-Packets: [21008]
2013-11-20 10:58:12,599: DEBUG: Acct-Output-Packets: [24820]
2013-11-20 10:58:12,599: DEBUG: GoGo-Acct-Output-Voice-Packets: [0]
2013-11-20 10:58:12,599: DEBUG: GoGo-Acct-Output-Voice-Octets: [0]
2013-11-20 10:58:12,599: DEBUG: Acct-Output-Gigawords: [0]
2013-11-20 10:58:12,599: DEBUG: GoGo-Total-Output-Voice-Packets: [0]
2013-11-20 10:58:12,599: DEBUG: Acct-Input-Gigawords: [0]
2013-11-20 10:58:12,599: DEBUG: Calling-Station-Id: [u'17:21:31:41:52:84']
2013-11-20 10:58:12,599: DEBUG: NAS-Port-Type: ['Wireless-802.11']
2013-11-20 10:58:12,600: DEBUG: GoGo-Total-Output-Voice-Octets: [0]
2013-11-20 10:58:12,600: DEBUG: GoGo-Private-IP-Address: ['192.168.1.179']
2013-11-20 10:58:12,600: DEBUG: GoGo-Acct-Input-Voice-Gigawords: [0]
2013-11-20 10:58:12,600: DEBUG: GoGo-Total-Input-Packets: [21008]
2013-11-20 10:58:12,600: DEBUG: GoGo-Total-Input-Gigawords: [0]
2013-11-20 10:58:12,600: DEBUG: GoGo-Acct-Input-Voice-Packets: [0]
2013-11-20 10:58:12,600: DEBUG: GoGo-Total-Input-Octets: [2487405]
2013-11-20 10:58:12,600: DEBUG: GoGo-Total-Output-Packets: [24820]
2013-11-20 10:58:12,600: DEBUG: WISPr-Location-ID: [u'airline=BA01,tail=01009,network=']
2013-11-20 10:58:12,601: DEBUG: GoGo-Acct-Output-Voice-Gigawords: [0]
2013-11-20 10:58:12,601: DEBUG: Acct-Input-Octets: [2487405]
2013-11-20 10:58:12,601: ERROR: Network error, Reason: 'Network error: nodename nor servname provided, or not known'
2013-11-20 10:58:40,602: DEBUG: 

2013-11-20 10:58:40,603: DEBUG: Creating Accounting Stop Request with the following Attributes:
2013-11-20 10:58:40,603: DEBUG: User-Name: [u'username22@airborne.aircell.com']
2013-11-20 10:58:40,603: DEBUG: GoGo-Tail-Number: [u'01009']
2013-11-20 10:58:40,603: DEBUG: Acct-Output-Octets: [3058605]
2013-11-20 10:58:40,603: DEBUG: NAS-IP-Address: ['10.254.119.1']
2013-11-20 10:58:40,603: DEBUG: GoGo-Total-Output-Gigawords: [0]
2013-11-20 10:58:40,603: DEBUG: Framed-IP-Address: ['10.254.119.103']
2013-11-20 10:58:40,603: DEBUG: GoGo-Total-Input-Voice-Gigawords: [0]
2013-11-20 10:58:40,603: DEBUG: GoGo-Total-Output-Octets: [3058605]
2013-11-20 10:58:40,604: DEBUG: GoGo-Acct-Input-Voice-Octets: [0]
2013-11-20 10:58:40,604: DEBUG: GoGo-Total-Input-Voice-Packets: [0]
2013-11-20 10:58:40,604: DEBUG: Called-Station-Id: [u'00:16:3E:09:AC:3A']
2013-11-20 10:58:40,604: DEBUG: WISPr-Location-Name: [u'TEST LLC,BA01_01009']
2013-11-20 10:58:40,604: DEBUG: NAS-Identifier: [u'C08386']
2013-11-20 10:58:40,604: DEBUG: Proxy-State: ['3330,3132']
2013-11-20 10:58:40,604: DEBUG: GoGo-Total-Input-Voice-Octets: [0]
2013-11-20 10:58:40,604: DEBUG: Acct-Status-Type: ['Stop']
2013-11-20 10:58:40,604: DEBUG: GoGo-Total-Output-Voice-Gigawords: [0]
2013-11-20 10:58:40,605: DEBUG: GoGo-Airline: [u'BA01']
2013-11-20 10:58:40,605: DEBUG: Acct-Session-Id: [u'AAATestNAS_114-1384925216476-00163E09AC3A-2']
2013-11-20 10:58:40,605: DEBUG: Acct-Session-Time: [28]
2013-11-20 10:58:40,605: DEBUG: Acct-Input-Packets: [13353]
2013-11-20 10:58:40,605: DEBUG: Acct-Output-Packets: [21788]
2013-11-20 10:58:40,605: DEBUG: Acct-Terminate-Cause: ['User-Request']
2013-11-20 10:58:40,605: DEBUG: GoGo-Acct-Output-Voice-Octets: [0]
2013-11-20 10:58:40,605: DEBUG: Acct-Output-Gigawords: [0]
2013-11-20 10:58:40,605: DEBUG: GoGo-Total-Output-Voice-Packets: [0]
2013-11-20 10:58:40,605: DEBUG: Acct-Input-Gigawords: [0]
2013-11-20 10:58:40,606: DEBUG: Calling-Station-Id: [u'17:21:31:41:52:84']
2013-11-20 10:58:40,606: DEBUG: NAS-Port-Type: ['Wireless-802.11']
2013-11-20 10:58:40,606: DEBUG: GoGo-Total-Output-Voice-Octets: [0]
2013-11-20 10:58:40,606: DEBUG: GoGo-Private-IP-Address: ['192.168.1.179']
2013-11-20 10:58:40,606: DEBUG: GoGo-Acct-Input-Voice-Gigawords: [0]
2013-11-20 10:58:40,606: DEBUG: GoGo-Total-Input-Packets: [13353]
2013-11-20 10:58:40,606: DEBUG: GoGo-Total-Input-Gigawords: [0]
2013-11-20 10:58:40,606: DEBUG: GoGo-Acct-Input-Voice-Packets: [0]
2013-11-20 10:58:40,606: DEBUG: GoGo-Total-Input-Octets: [2632565]
2013-11-20 10:58:40,607: DEBUG: GoGo-Total-Output-Packets: [21788]
2013-11-20 10:58:40,607: DEBUG: WISPr-Location-ID: [u'airline=BA01,tail=01009,network=']
2013-11-20 10:58:40,607: DEBUG: GoGo-Acct-Output-Voice-Packets: [0]
2013-11-20 10:58:40,607: DEBUG: GoGo-Acct-Output-Voice-Gigawords: [0]
2013-11-20 10:58:40,607: DEBUG: Acct-Input-Octets: [2632565]
2013-11-20 10:58:40,609: DEBUG: 

2013-11-20 10:58:40,610: DEBUG: Received response with following attributes:
2013-11-20 10:58:40,610: DEBUG: Ending the test for this user
2013-11-20 10:58:41,606: DEBUG: Starting the client for the user username22@airborne.aircell.com to the server localhost

2013-11-20 10:58:41,607: DEBUG: DURATION of the TEST: 81
2013-11-20 10:58:41,607: DEBUG: NAS-IP: 10.254.92.1
2013-11-20 10:58:41,607: DEBUG: NAS-MAC-ADDR: 17:21:31:41:52:57
2013-11-20 10:58:41,607: DEBUG: Abruptly End: False
2013-11-20 10:58:41,607: DEBUG: Framed-IP: 10.254.92.109
2013-11-20 10:58:41,607: DEBUG: User-MAC-Addr: 00:16:3E:63:80:6E
2013-11-20 10:58:41,608: DEBUG: 

2013-11-20 10:58:41,609: DEBUG: Creating Authentication Request with the following Attributes:
2013-11-20 10:58:41,609: DEBUG: NAS-Identifier: [u'C08386']
2013-11-20 10:58:41,609: DEBUG: User-Name: [u'username22@airborne.aircell.com']
2013-11-20 10:58:41,609: DEBUG: NAS-IP-Address: ['10.254.92.1']
2013-11-20 10:58:41,609: DEBUG: Service-Type: ['Authenticate-Only']
2013-11-20 10:58:41,610: DEBUG: Proxy-State: ['3237,3134']
2013-11-20 10:58:41,610: DEBUG: Framed-IP-Address: ['10.254.92.109']
2013-11-20 10:58:41,610: DEBUG: GoGo-Airline: [u'BA01']
2013-11-20 10:58:41,610: DEBUG: Acct-Session-Id: [u'AAATestNAS_87-1384925321608-00163E63806E-3']
2013-11-20 10:58:41,610: DEBUG: GoGo-Tail-Number: [u'AAATestNAS_87']
2013-11-20 10:58:41,611: DEBUG: GoGo-Private-IP-Address: ['192.168.1.179']
2013-11-20 10:58:41,611: DEBUG: WISPr-Location-ID: [u'airline=BA01,tail=01009,network=']
2013-11-20 10:58:41,611: DEBUG: WISPr-Location-Name: [u'TEST LLC,BA01_01009']
2013-11-20 10:58:41,612: DEBUG: NAS-Port-Type: ['Wireless-802.11']
2013-11-20 10:58:41,612: DEBUG: Called-Station-Id: [u'00:16:3E:63:80:6E']
2013-11-20 10:58:41,612: DEBUG: Calling-Station-Id: [u'17:21:31:41:52:57']
2013-11-20 10:58:41,612: ERROR: Network error, Reason: 'Network error: nodename nor servname provided, or not known'
2013-11-20 10:58:41,612: DEBUG: Ending the test for this user
2013-11-20 10:58:42,600: DEBUG: Starting the client for the user username22@airborne.aircell.com to the server localhost

