2013-11-20 10:57:21,509: DEBUG: Starting the client for the user username32@airborne.aircell.com to the server localhost

2013-11-20 10:57:21,510: DEBUG: DURATION of the TEST: 41
2013-11-20 10:57:21,511: DEBUG: NAS-IP: 10.254.162.1
2013-11-20 10:57:21,511: DEBUG: NAS-MAC-ADDR: 18:21:31:41:52:38
2013-11-20 10:57:21,512: DEBUG: Abruptly End: False
2013-11-20 10:57:21,513: DEBUG: Framed-IP: 10.254.162.13
2013-11-20 10:57:21,514: DEBUG: User-MAC-Addr: 00:16:3E:66:53:12
2013-11-20 10:57:21,515: DEBUG: 

2013-11-20 10:57:21,516: DEBUG: Creating Authentication Request with the following Attributes:
2013-11-20 10:57:21,516: DEBUG: NAS-Identifier: [u'C08386']
2013-11-20 10:57:21,517: DEBUG: User-Name: [u'username32@airborne.aircell.com']
2013-11-20 10:57:21,518: DEBUG: NAS-IP-Address: ['10.254.162.1']
2013-11-20 10:57:21,518: DEBUG: Service-Type: ['Authenticate-Only']
2013-11-20 10:57:21,518: DEBUG: Proxy-State: ['3237,3134']
2013-11-20 10:57:21,519: DEBUG: Framed-IP-Address: ['10.254.162.13']
2013-11-20 10:57:21,520: DEBUG: GoGo-Airline: [u'BA01']
2013-11-20 10:57:21,520: DEBUG: Acct-Session-Id: [u'AAATestNAS_157-1384925241515-00163E665312-2']
2013-11-20 10:57:21,521: DEBUG: GoGo-Tail-Number: [u'AAATestNAS_157']
2013-11-20 10:57:21,522: DEBUG: GoGo-Private-IP-Address: ['192.168.1.179']
2013-11-20 10:57:21,523: DEBUG: WISPr-Location-ID: [u'airline=BA01,tail=01009,network=']
2013-11-20 10:57:21,524: DEBUG: WISPr-Location-Name: [u'TEST LLC,BA01_01009']
2013-11-20 10:57:21,524: DEBUG: NAS-Port-Type: ['Wireless-802.11']
2013-11-20 10:57:21,525: DEBUG: Called-Station-Id: [u'00:16:3E:66:53:12']
2013-11-20 10:57:21,526: DEBUG: Calling-Station-Id: [u'18:21:31:41:52:38']
2013-11-20 10:57:21,530: DEBUG: 

2013-11-20 10:57:21,531: DEBUG: Received response with code: 2, Accepted
2013-11-20 10:57:21,532: DEBUG: Creating Authentication Request with the following Attributes:
2013-11-20 10:57:21,533: DEBUG: NAS-Identifier: [u'C08386']
2013-11-20 10:57:21,534: DEBUG: User-Name: [u'username32@airborne.aircell.com']
2013-11-20 10:57:21,535: DEBUG: NAS-IP-Address: ['10.254.162.1']
2013-11-20 10:57:21,535: DEBUG: Service-Type: ['Login-User']
2013-11-20 10:57:21,536: DEBUG: Proxy-State: ['3237,3134']
2013-11-20 10:57:21,536: DEBUG: Framed-IP-Address: ['10.254.162.13']
2013-11-20 10:57:21,537: DEBUG: GoGo-Airline: [u'BA01']
2013-11-20 10:57:21,538: DEBUG: Acct-Session-Id: [u'AAATestNAS_157-1384925241532-00163E665312-2']
2013-11-20 10:57:21,539: DEBUG: GoGo-Tail-Number: [u'AAATestNAS_157']
2013-11-20 10:57:21,539: DEBUG: GoGo-Private-IP-Address: ['192.168.1.179']
2013-11-20 10:57:21,540: DEBUG: WISPr-Location-ID: [u'airline=BA01,tail=01009,network=']
2013-11-20 10:57:21,540: DEBUG: WISPr-Location-Name: [u'TEST LLC,BA01_01009']
2013-11-20 10:57:21,541: DEBUG: NAS-Port-Type: ['Wireless-802.11']
2013-11-20 10:57:21,542: DEBUG: Called-Station-Id: [u'00:16:3E:66:53:12']
2013-11-20 10:57:21,543: DEBUG: Calling-Station-Id: [u'18:21:31:41:52:38']
2013-11-20 10:57:21,546: DEBUG: 

2013-11-20 10:57:21,546: DEBUG: Received response with code: 2, Accepted
2013-11-20 10:57:21,547: DEBUG: 

2013-11-20 10:57:21,548: DEBUG: Creating Accounting start Request with the following Attributes:
2013-11-20 10:57:21,549: DEBUG: NAS-Identifier: [u'C08386']
2013-11-20 10:57:21,550: DEBUG: User-Name: [u'username32@airborne.aircell.com']
2013-11-20 10:57:21,551: DEBUG: GoGo-Tail-Number: [u'AAATestNAS_157']
2013-11-20 10:57:21,552: DEBUG: NAS-IP-Address: ['10.254.162.1']
2013-11-20 10:57:21,553: DEBUG: Proxy-State: ['3239,3131']
2013-11-20 10:57:21,554: DEBUG: Acct-Status-Type: ['Start']
2013-11-20 10:57:21,554: DEBUG: GoGo-Airline: [u'BA01']
2013-11-20 10:57:21,555: DEBUG: Acct-Session-Id: [u'AAATestNAS_157-1384925241532-00163E665312-2']
2013-11-20 10:57:21,557: DEBUG: GoGo-Private-IP-Address: ['192.168.1.179']
2013-11-20 10:57:21,557: DEBUG: Framed-IP-Address: ['10.254.162.13']
2013-11-20 10:57:21,558: DEBUG: WISPr-Location-ID: [u'airline=BA01,tail=01009,network=']
2013-11-20 10:57:21,559: DEBUG: WISPr-Location-Name: [u'TEST LLC,BA01_01009']
2013-11-20 10:57:21,560: DEBUG: NAS-Port-Type: ['Wireless-802.11']
2013-11-20 10:57:21,560: DEBUG: Called-Station-Id: [u'00:16:3E:66:53:12']
2013-11-20 10:57:21,561: DEBUG: Calling-Station-Id: [u'18:21:31:41:52:38']
2013-11-20 10:57:21,563: DEBUG: 

2013-11-20 10:57:21,563: DEBUG: Received response with following attributes:
2013-11-20 10:57:31,563: DEBUG: 

2013-11-20 10:57:31,564: DEBUG: Creating Accounting Update Request with the following Attributes:
2013-11-20 10:57:31,564: DEBUG: User-Name: [u'username32@airborne.aircell.com']
2013-11-20 10:57:31,565: DEBUG: GoGo-Tail-Number: [u'AAATestNAS_157']
2013-11-20 10:57:31,565: DEBUG: Acct-Output-Octets: [7529093]
2013-11-20 10:57:31,565: DEBUG: NAS-IP-Address: ['10.254.162.1']
2013-11-20 10:57:31,566: DEBUG: GoGo-Total-Output-Gigawords: [0]
2013-11-20 10:57:31,566: DEBUG: Framed-IP-Address: ['10.254.162.13']
2013-11-20 10:57:31,566: DEBUG: GoGo-Total-Input-Voice-Gigawords: [0]
2013-11-20 10:57:31,567: DEBUG: GoGo-Total-Output-Octets: [7529093]
2013-11-20 10:57:31,567: DEBUG: GoGo-Acct-Input-Voice-Octets: [0]
2013-11-20 10:57:31,568: DEBUG: GoGo-Total-Input-Voice-Packets: [0]
2013-11-20 10:57:31,568: DEBUG: Called-Station-Id: [u'00:16:3E:66:53:12']
2013-11-20 10:57:31,568: DEBUG: WISPr-Location-Name: [u'TEST LLC,BA01_01009']
2013-11-20 10:57:31,569: DEBUG: NAS-Identifier: [u'C08386']
2013-11-20 10:57:31,570: DEBUG: Proxy-State: ['3330,3132']
2013-11-20 10:57:31,570: DEBUG: GoGo-Total-Input-Voice-Octets: [0]
2013-11-20 10:57:31,571: DEBUG: Acct-Status-Type: ['Interim-Update']
2013-11-20 10:57:31,572: DEBUG: GoGo-Total-Output-Voice-Gigawords: [0]
2013-11-20 10:57:31,572: DEBUG: GoGo-Airline: [u'BA01']
2013-11-20 10:57:31,573: DEBUG: Acct-Session-Id: [u'AAATestNAS_157-1384925241532-00163E665312-2']
2013-11-20 10:57:31,573: DEBUG: Acct-Session-Time: [10]
2013-11-20 10:57:31,574: DEBUG: Acct-Input-Packets: [8980]
2013-11-20 10:57:31,574: DEBUG: Acct-Output-Packets: [11616]
2013-11-20 10:57:31,575: DEBUG: GoGo-Acct-Output-Voice-Packets: [0]
2013-11-20 10:57:31,575: DEBUG: GoGo-Acct-Output-Voice-Octets: [0]
2013-11-20 10:57:31,575: DEBUG: Acct-Output-Gigawords: [0]
2013-11-20 10:57:31,576: DEBUG: GoGo-Total-Output-Voice-Packets: [0]
2013-11-20 10:57:31,576: DEBUG: Acct-Input-Gigawords: [0]
2013-11-20 10:57:31,577: DEBUG: Calling-Station-Id: [u'18:21:31:41:52:38']
2013-11-20 10:57:31,577: DEBUG: NAS-Port-Type: ['Wireless-802.11']
2013-11-20 10:57:31,577: DEBUG: GoGo-Total-Output-Voice-Octets: [0]
2013-11-20 10:57:31,578: DEBUG: GoGo-Private-IP-Address: ['192.168.1.179']
2013-11-20 10:57:31,578: DEBUG: GoGo-Acct-Input-Voice-Gigawords: [0]
2013-11-20 10:57:31,579: DEBUG: GoGo-Total-Input-Packets: [8980]
2013-11-20 10:57:31,579: DEBUG: GoGo-Total-Input-Gigawords: [0]
2013-11-20 10:57:31,579: DEBUG: GoGo-Acct-Input-Voice-Packets: [0]
2013-11-20 10:57:31,580: DEBUG: GoGo-Total-Input-Octets: [4063695]
2013-11-20 10:57:31,580: DEBUG: GoGo-Total-Output-Packets: [11616]
2013-11-20 10:57:31,581: DEBUG: WISPr-Location-ID: [u'airline=BA01,tail=01009,network=']
2013-11-20 10:57:31,581: DEBUG: GoGo-Acct-Output-Voice-Gigawords: [0]
2013-11-20 10:57:31,581: DEBUG: Acct-Input-Octets: [4063695]
2013-11-20 10:57:31,582: ERROR: Network error, Reason: 'Network error: Too many open files'
2013-11-20 10:57:41,584: DEBUG: 

2013-11-20 10:57:41,585: DEBUG: Creating Accounting Update Request with the following Attributes:
2013-11-20 10:57:41,586: DEBUG: User-Name: [u'username32@airborne.aircell.com']
2013-11-20 10:57:41,586: DEBUG: GoGo-Tail-Number: [u'AAATestNAS_157']
2013-11-20 10:57:41,586: DEBUG: Acct-Output-Octets: [7301480]
2013-11-20 10:57:41,586: DEBUG: NAS-IP-Address: ['10.254.162.1']
2013-11-20 10:57:41,587: DEBUG: GoGo-Total-Output-Gigawords: [0]
2013-11-20 10:57:41,587: DEBUG: Framed-IP-Address: ['10.254.162.13']
2013-11-20 10:57:41,587: DEBUG: GoGo-Total-Input-Voice-Gigawords: [0]
2013-11-20 10:57:41,588: DEBUG: GoGo-Total-Output-Octets: [7301480]
2013-11-20 10:57:41,589: DEBUG: GoGo-Acct-Input-Voice-Octets: [0]
2013-11-20 10:57:41,590: DEBUG: GoGo-Total-Input-Voice-Packets: [0]
2013-11-20 10:57:41,592: DEBUG: Called-Station-Id: [u'00:16:3E:66:53:12']
2013-11-20 10:57:41,592: DEBUG: WISPr-Location-Name: [u'TEST LLC,BA01_01009']
2013-11-20 10:57:41,592: DEBUG: NAS-Identifier: [u'C08386']
2013-11-20 10:57:41,593: DEBUG: Proxy-State: ['3330,3132']
2013-11-20 10:57:41,594: DEBUG: GoGo-Total-Input-Voice-Octets: [0]
2013-11-20 10:57:41,595: DEBUG: Acct-Status-Type: ['Interim-Update']
2013-11-20 10:57:41,595: DEBUG: GoGo-Total-Output-Voice-Gigawords: [0]
2013-11-20 10:57:41,596: DEBUG: GoGo-Airline: [u'BA01']
2013-11-20 10:57:41,596: DEBUG: Acct-Session-Id: [u'AAATestNAS_157-1384925241532-00163E665312-2']
2013-11-20 10:57:41,597: DEBUG: Acct-Session-Time: [10]
2013-11-20 10:57:41,598: DEBUG: Acct-Input-Packets: [3635]
2013-11-20 10:57:41,598: DEBUG: Acct-Output-Packets: [60454]
2013-11-20 10:57:41,600: DEBUG: GoGo-Acct-Output-Voice-Packets: [0]
2013-11-20 10:57:41,600: DEBUG: GoGo-Acct-Output-Voice-Octets: [0]
2013-11-20 10:57:41,601: DEBUG: Acct-Output-Gigawords: [0]
2013-11-20 10:57:41,601: DEBUG: GoGo-Total-Output-Voice-Packets: [0]
2013-11-20 10:57:41,601: DEBUG: Acct-Input-Gigawords: [0]
2013-11-20 10:57:41,602: DEBUG: Calling-Station-Id: [u'18:21:31:41:52:38']
2013-11-20 10:57:41,603: DEBUG: NAS-Port-Type: ['Wireless-802.11']
2013-11-20 10:57:41,604: DEBUG: GoGo-Total-Output-Voice-Octets: [0]
2013-11-20 10:57:41,604: DEBUG: GoGo-Private-IP-Address: ['192.168.1.179']
2013-11-20 10:57:41,606: DEBUG: GoGo-Acct-Input-Voice-Gigawords: [0]
2013-11-20 10:57:41,606: DEBUG: GoGo-Total-Input-Packets: [3635]
2013-11-20 10:57:41,607: DEBUG: GoGo-Total-Input-Gigawords: [0]
2013-11-20 10:57:41,607: DEBUG: GoGo-Acct-Input-Voice-Packets: [0]
2013-11-20 10:57:41,608: DEBUG: GoGo-Total-Input-Octets: [1040473]
2013-11-20 10:57:41,608: DEBUG: GoGo-Total-Output-Packets: [60454]
2013-11-20 10:57:41,609: DEBUG: WISPr-Location-ID: [u'airline=BA01,tail=01009,network=']
2013-11-20 10:57:41,609: DEBUG: GoGo-Acct-Output-Voice-Gigawords: [0]
2013-11-20 10:57:41,610: DEBUG: Acct-Input-Octets: [1040473]
2013-11-20 10:57:41,610: ERROR: Network error, Reason: 'Network error: nodename nor servname provided, or not known'
2013-11-20 10:57:51,612: DEBUG: 

2013-11-20 10:57:51,613: DEBUG: Creating Accounting Update Request with the following Attributes:
2013-11-20 10:57:51,613: DEBUG: User-Name: [u'username32@airborne.aircell.com']
2013-11-20 10:57:51,614: DEBUG: GoGo-Tail-Number: [u'AAATestNAS_157']
2013-11-20 10:57:51,614: DEBUG: Acct-Output-Octets: [9342828]
2013-11-20 10:57:51,614: DEBUG: NAS-IP-Address: ['10.254.162.1']
2013-11-20 10:57:51,615: DEBUG: GoGo-Total-Output-Gigawords: [0]
2013-11-20 10:57:51,615: DEBUG: Framed-IP-Address: ['10.254.162.13']
2013-11-20 10:57:51,615: DEBUG: GoGo-Total-Input-Voice-Gigawords: [0]
2013-11-20 10:57:51,615: DEBUG: GoGo-Total-Output-Octets: [9342828]
2013-11-20 10:57:51,616: DEBUG: GoGo-Acct-Input-Voice-Octets: [0]
2013-11-20 10:57:51,616: DEBUG: GoGo-Total-Input-Voice-Packets: [0]
2013-11-20 10:57:51,616: DEBUG: Called-Station-Id: [u'00:16:3E:66:53:12']
2013-11-20 10:57:51,616: DEBUG: WISPr-Location-Name: [u'TEST LLC,BA01_01009']
2013-11-20 10:57:51,617: DEBUG: NAS-Identifier: [u'C08386']
2013-11-20 10:57:51,617: DEBUG: Proxy-State: ['3330,3132']
2013-11-20 10:57:51,617: DEBUG: GoGo-Total-Input-Voice-Octets: [0]
2013-11-20 10:57:51,617: DEBUG: Acct-Status-Type: ['Interim-Update']
2013-11-20 10:57:51,618: DEBUG: GoGo-Total-Output-Voice-Gigawords: [0]
2013-11-20 10:57:51,618: DEBUG: GoGo-Airline: [u'BA01']
2013-11-20 10:57:51,618: DEBUG: Acct-Session-Id: [u'AAATestNAS_157-1384925241532-00163E665312-2']
2013-11-20 10:57:51,618: DEBUG: Acct-Session-Time: [10]
2013-11-20 10:57:51,618: DEBUG: Acct-Input-Packets: [85638]
2013-11-20 10:57:51,619: DEBUG: Acct-Output-Packets: [23712]
2013-11-20 10:57:51,619: DEBUG: GoGo-Acct-Output-Voice-Packets: [0]
2013-11-20 10:57:51,619: DEBUG: GoGo-Acct-Output-Voice-Octets: [0]
2013-11-20 10:57:51,619: DEBUG: Acct-Output-Gigawords: [0]
2013-11-20 10:57:51,619: DEBUG: GoGo-Total-Output-Voice-Packets: [0]
2013-11-20 10:57:51,620: DEBUG: Acct-Input-Gigawords: [0]
2013-11-20 10:57:51,620: DEBUG: Calling-Station-Id: [u'18:21:31:41:52:38']
2013-11-20 10:57:51,620: DEBUG: NAS-Port-Type: ['Wireless-802.11']
2013-11-20 10:57:51,620: DEBUG: GoGo-Total-Output-Voice-Octets: [0]
2013-11-20 10:57:51,620: DEBUG: GoGo-Private-IP-Address: ['192.168.1.179']
2013-11-20 10:57:51,621: DEBUG: GoGo-Acct-Input-Voice-Gigawords: [0]
2013-11-20 10:57:51,621: DEBUG: GoGo-Total-Input-Packets: [85638]
2013-11-20 10:57:51,621: DEBUG: GoGo-Total-Input-Gigawords: [0]
2013-11-20 10:57:51,621: DEBUG: GoGo-Acct-Input-Voice-Packets: [0]
2013-11-20 10:57:51,621: DEBUG: GoGo-Total-Input-Octets: [9681032]
2013-11-20 10:57:51,622: DEBUG: GoGo-Total-Output-Packets: [23712]
2013-11-20 10:57:51,622: DEBUG: WISPr-Location-ID: [u'airline=BA01,tail=01009,network=']
2013-11-20 10:57:51,622: DEBUG: GoGo-Acct-Output-Voice-Gigawords: [0]
2013-11-20 10:57:51,622: DEBUG: Acct-Input-Octets: [9681032]
2013-11-20 10:57:51,623: ERROR: Network error, Reason: 'Network error: nodename nor servname provided, or not known'
2013-11-20 10:58:01,624: DEBUG: 

2013-11-20 10:58:01,624: DEBUG: Creating Accounting Update Request with the following Attributes:
2013-11-20 10:58:01,624: DEBUG: User-Name: [u'username32@airborne.aircell.com']
2013-11-20 10:58:01,624: DEBUG: GoGo-Tail-Number: [u'AAATestNAS_157']
2013-11-20 10:58:01,625: DEBUG: Acct-Output-Octets: [4855534]
2013-11-20 10:58:01,625: DEBUG: NAS-IP-Address: ['10.254.162.1']
2013-11-20 10:58:01,625: DEBUG: GoGo-Total-Output-Gigawords: [0]
2013-11-20 10:58:01,625: DEBUG: Framed-IP-Address: ['10.254.162.13']
2013-11-20 10:58:01,625: DEBUG: GoGo-Total-Input-Voice-Gigawords: [0]
2013-11-20 10:58:01,625: DEBUG: GoGo-Total-Output-Octets: [4855534]
2013-11-20 10:58:01,625: DEBUG: GoGo-Acct-Input-Voice-Octets: [0]
2013-11-20 10:58:01,626: DEBUG: GoGo-Total-Input-Voice-Packets: [0]
2013-11-20 10:58:01,626: DEBUG: Called-Station-Id: [u'00:16:3E:66:53:12']
2013-11-20 10:58:01,626: DEBUG: WISPr-Location-Name: [u'TEST LLC,BA01_01009']
2013-11-20 10:58:01,626: DEBUG: NAS-Identifier: [u'C08386']
2013-11-20 10:58:01,626: DEBUG: Proxy-State: ['3330,3132']
2013-11-20 10:58:01,626: DEBUG: GoGo-Total-Input-Voice-Octets: [0]
2013-11-20 10:58:01,626: DEBUG: Acct-Status-Type: ['Interim-Update']
2013-11-20 10:58:01,627: DEBUG: GoGo-Total-Output-Voice-Gigawords: [0]
2013-11-20 10:58:01,627: DEBUG: GoGo-Airline: [u'BA01']
2013-11-20 10:58:01,627: DEBUG: Acct-Session-Id: [u'AAATestNAS_157-1384925241532-00163E665312-2']
2013-11-20 10:58:01,627: DEBUG: Acct-Session-Time: [10]
2013-11-20 10:58:01,627: DEBUG: Acct-Input-Packets: [23006]
2013-11-20 10:58:01,627: DEBUG: Acct-Output-Packets: [48100]
2013-11-20 10:58:01,628: DEBUG: GoGo-Acct-Output-Voice-Packets: [0]
2013-11-20 10:58:01,628: DEBUG: GoGo-Acct-Output-Voice-Octets: [0]
2013-11-20 10:58:01,629: DEBUG: Acct-Output-Gigawords: [0]
2013-11-20 10:58:01,629: DEBUG: GoGo-Total-Output-Voice-Packets: [0]
2013-11-20 10:58:01,629: DEBUG: Acct-Input-Gigawords: [0]
2013-11-20 10:58:01,629: DEBUG: Calling-Station-Id: [u'18:21:31:41:52:38']
2013-11-20 10:58:01,629: DEBUG: NAS-Port-Type: ['Wireless-802.11']
2013-11-20 10:58:01,629: DEBUG: GoGo-Total-Output-Voice-Octets: [0]
2013-11-20 10:58:01,629: DEBUG: GoGo-Private-IP-Address: ['192.168.1.179']
2013-11-20 10:58:01,630: DEBUG: GoGo-Acct-Input-Voice-Gigawords: [0]
2013-11-20 10:58:01,630: DEBUG: GoGo-Total-Input-Packets: [23006]
2013-11-20 10:58:01,630: DEBUG: GoGo-Total-Input-Gigawords: [0]
2013-11-20 10:58:01,630: DEBUG: GoGo-Acct-Input-Voice-Packets: [0]
2013-11-20 10:58:01,630: DEBUG: GoGo-Total-Input-Octets: [3435361]
2013-11-20 10:58:01,630: DEBUG: GoGo-Total-Output-Packets: [48100]
2013-11-20 10:58:01,630: DEBUG: WISPr-Location-ID: [u'airline=BA01,tail=01009,network=']
2013-11-20 10:58:01,631: DEBUG: GoGo-Acct-Output-Voice-Gigawords: [0]
2013-11-20 10:58:01,631: DEBUG: Acct-Input-Octets: [3435361]
2013-11-20 10:58:01,634: DEBUG: 

2013-11-20 10:58:01,634: DEBUG: Received response with following attributes:
2013-11-20 10:58:31,634: DEBUG: 

2013-11-20 10:58:31,635: DEBUG: Creating Accounting Stop Request with the following Attributes:
2013-11-20 10:58:31,635: DEBUG: User-Name: [u'username32@airborne.aircell.com']
2013-11-20 10:58:31,635: DEBUG: GoGo-Tail-Number: [u'01009']
2013-11-20 10:58:31,636: DEBUG: Acct-Output-Octets: [2657244]
2013-11-20 10:58:31,636: DEBUG: NAS-IP-Address: ['10.254.162.1']
2013-11-20 10:58:31,636: DEBUG: GoGo-Total-Output-Gigawords: [0]
2013-11-20 10:58:31,636: DEBUG: Framed-IP-Address: ['10.254.162.13']
2013-11-20 10:58:31,636: DEBUG: GoGo-Total-Input-Voice-Gigawords: [0]
2013-11-20 10:58:31,636: DEBUG: GoGo-Total-Output-Octets: [2657244]
2013-11-20 10:58:31,636: DEBUG: GoGo-Acct-Input-Voice-Octets: [0]
2013-11-20 10:58:31,637: DEBUG: GoGo-Total-Input-Voice-Packets: [0]
2013-11-20 10:58:31,637: DEBUG: Called-Station-Id: [u'00:16:3E:66:53:12']
2013-11-20 10:58:31,637: DEBUG: WISPr-Location-Name: [u'TEST LLC,BA01_01009']
2013-11-20 10:58:31,637: DEBUG: NAS-Identifier: [u'C08386']
2013-11-20 10:58:31,637: DEBUG: Proxy-State: ['3330,3132']
2013-11-20 10:58:31,637: DEBUG: GoGo-Total-Input-Voice-Octets: [0]
2013-11-20 10:58:31,637: DEBUG: Acct-Status-Type: ['Stop']
2013-11-20 10:58:31,638: DEBUG: GoGo-Total-Output-Voice-Gigawords: [0]
2013-11-20 10:58:31,638: DEBUG: GoGo-Airline: [u'BA01']
2013-11-20 10:58:31,638: DEBUG: Acct-Session-Id: [u'AAATestNAS_157-1384925241532-00163E665312-2']
2013-11-20 10:58:31,638: DEBUG: Acct-Session-Time: [30]
2013-11-20 10:58:31,638: DEBUG: Acct-Input-Packets: [22420]
2013-11-20 10:58:31,638: DEBUG: Acct-Output-Packets: [15037]
2013-11-20 10:58:31,638: DEBUG: Acct-Terminate-Cause: ['User-Request']
2013-11-20 10:58:31,639: DEBUG: GoGo-Acct-Output-Voice-Octets: [0]
2013-11-20 10:58:31,639: DEBUG: Acct-Output-Gigawords: [0]
2013-11-20 10:58:31,639: DEBUG: GoGo-Total-Output-Voice-Packets: [0]
2013-11-20 10:58:31,639: DEBUG: Acct-Input-Gigawords: [0]
2013-11-20 10:58:31,639: DEBUG: Calling-Station-Id: [u'18:21:31:41:52:38']
2013-11-20 10:58:31,640: DEBUG: NAS-Port-Type: ['Wireless-802.11']
2013-11-20 10:58:31,640: DEBUG: GoGo-Total-Output-Voice-Octets: [0]
2013-11-20 10:58:31,641: DEBUG: GoGo-Private-IP-Address: ['192.168.1.179']
2013-11-20 10:58:31,641: DEBUG: GoGo-Acct-Input-Voice-Gigawords: [0]
2013-11-20 10:58:31,641: DEBUG: GoGo-Total-Input-Packets: [22420]
2013-11-20 10:58:31,642: DEBUG: GoGo-Total-Input-Gigawords: [0]
2013-11-20 10:58:31,642: DEBUG: GoGo-Acct-Input-Voice-Packets: [0]
2013-11-20 10:58:31,643: DEBUG: GoGo-Total-Input-Octets: [2731306]
2013-11-20 10:58:31,643: DEBUG: GoGo-Total-Output-Packets: [15037]
2013-11-20 10:58:31,644: DEBUG: WISPr-Location-ID: [u'airline=BA01,tail=01009,network=']
2013-11-20 10:58:31,644: DEBUG: GoGo-Acct-Output-Voice-Packets: [0]
2013-11-20 10:58:31,645: DEBUG: GoGo-Acct-Output-Voice-Gigawords: [0]
2013-11-20 10:58:31,645: DEBUG: Acct-Input-Octets: [2731306]
2013-11-20 10:58:31,646: ERROR: Network error, Reason: 'Network error: Too many open files'
2013-11-20 10:58:31,646: ERROR: Ending the test for this user
2013-11-20 10:58:31,646: DEBUG: Ending the test for this user
