2013-11-20 10:59:10,642: DEBUG: Starting the client for the user username80@airborne.aircell.com to the server localhost

2013-11-20 10:59:10,642: DEBUG: DURATION of the TEST: 14
2013-11-20 10:59:10,642: DEBUG: NAS-IP: 10.254.220.1
2013-11-20 10:59:10,642: DEBUG: NAS-MAC-ADDR: 18:21:31:41:52:96
2013-11-20 10:59:10,642: DEBUG: Abruptly End: False
2013-11-20 10:59:10,642: DEBUG: Framed-IP: 10.254.220.13
2013-11-20 10:59:10,642: DEBUG: User-MAC-Addr: 00:16:3E:68:FF:01
2013-11-20 10:59:10,643: DEBUG: 

2013-11-20 10:59:10,643: DEBUG: Creating Authentication Request with the following Attributes:
2013-11-20 10:59:10,643: DEBUG: NAS-Identifier: [u'C08386']
2013-11-20 10:59:10,644: DEBUG: User-Name: [u'username80@airborne.aircell.com']
2013-11-20 10:59:10,644: DEBUG: NAS-IP-Address: ['10.254.220.1']
2013-11-20 10:59:10,644: DEBUG: Service-Type: ['Authenticate-Only']
2013-11-20 10:59:10,644: DEBUG: Proxy-State: ['3237,3134']
2013-11-20 10:59:10,644: DEBUG: Framed-IP-Address: ['10.254.220.13']
2013-11-20 10:59:10,644: DEBUG: GoGo-Airline: [u'BA01']
2013-11-20 10:59:10,644: DEBUG: Acct-Session-Id: [u'AAATestNAS_215-1384925350643-00163E68FF01-4']
2013-11-20 10:59:10,645: DEBUG: GoGo-Tail-Number: [u'AAATestNAS_215']
2013-11-20 10:59:10,645: DEBUG: GoGo-Private-IP-Address: ['192.168.1.179']
2013-11-20 10:59:10,645: DEBUG: WISPr-Location-ID: [u'airline=BA01,tail=01009,network=']
2013-11-20 10:59:10,645: DEBUG: WISPr-Location-Name: [u'TEST LLC,BA01_01009']
2013-11-20 10:59:10,645: DEBUG: NAS-Port-Type: ['Wireless-802.11']
2013-11-20 10:59:10,645: DEBUG: Called-Station-Id: [u'00:16:3E:68:FF:01']
2013-11-20 10:59:10,645: DEBUG: Calling-Station-Id: [u'18:21:31:41:52:96']
2013-11-20 10:59:10,646: ERROR: Network error, Reason: 'Network error: nodename nor servname provided, or not known'
2013-11-20 10:59:10,646: DEBUG: Ending the test for this user
