2013-11-20 10:56:02,486: DEBUG: Starting the client for the user username67@airborne.aircell.com to the server localhost

2013-11-20 10:56:02,487: DEBUG: DURATION of the TEST: 83
2013-11-20 10:56:02,489: DEBUG: NAS-IP: 10.254.19.1
2013-11-20 10:56:02,491: DEBUG: NAS-MAC-ADDR: 16:21:31:41:51:74
2013-11-20 10:56:02,494: DEBUG: Abruptly End: False
2013-11-20 10:56:02,495: DEBUG: Framed-IP: 10.254.19.94
2013-11-20 10:56:02,498: DEBUG: User-MAC-Addr: 00:16:3E:32:88:81
2013-11-20 10:56:02,501: DEBUG: 

2013-11-20 10:56:02,504: DEBUG: Creating Authentication Request with the following Attributes:
2013-11-20 10:56:02,507: DEBUG: NAS-Identifier: [u'C08386']
2013-11-20 10:56:02,508: DEBUG: User-Name: [u'username67@airborne.aircell.com']
2013-11-20 10:56:02,512: DEBUG: NAS-IP-Address: ['10.254.19.1']
2013-11-20 10:56:02,514: DEBUG: Service-Type: ['Authenticate-Only']
2013-11-20 10:56:02,519: DEBUG: Proxy-State: ['3237,3134']
2013-11-20 10:56:02,520: DEBUG: Framed-IP-Address: ['10.254.19.94']
2013-11-20 10:56:02,522: DEBUG: GoGo-Airline: [u'BA01']
2013-11-20 10:56:02,522: DEBUG: Acct-Session-Id: [u'AAATestNAS_14-1384925162503-00163E328881-2']
2013-11-20 10:56:02,524: DEBUG: GoGo-Tail-Number: [u'AAATestNAS_14']
2013-11-20 10:56:02,530: DEBUG: GoGo-Private-IP-Address: ['192.168.1.179']
2013-11-20 10:56:02,532: DEBUG: WISPr-Location-ID: [u'airline=BA01,tail=01009,network=']
2013-11-20 10:56:02,536: DEBUG: WISPr-Location-Name: [u'TEST LLC,BA01_01009']
2013-11-20 10:56:02,539: DEBUG: NAS-Port-Type: ['Wireless-802.11']
2013-11-20 10:56:02,542: DEBUG: Called-Station-Id: [u'00:16:3E:32:88:81']
2013-11-20 10:56:02,547: DEBUG: Calling-Station-Id: [u'16:21:31:41:51:74']
2013-11-20 10:56:02,559: DEBUG: 

2013-11-20 10:56:02,560: DEBUG: Received response with code: 2, Accepted
2013-11-20 10:56:02,562: DEBUG: Creating Authentication Request with the following Attributes:
2013-11-20 10:56:02,567: DEBUG: NAS-Identifier: [u'C08386']
2013-11-20 10:56:02,572: DEBUG: User-Name: [u'username67@airborne.aircell.com']
2013-11-20 10:56:02,574: DEBUG: NAS-IP-Address: ['10.254.19.1']
2013-11-20 10:56:02,575: DEBUG: Service-Type: ['Login-User']
2013-11-20 10:56:02,578: DEBUG: Proxy-State: ['3237,3134']
2013-11-20 10:56:02,579: DEBUG: Framed-IP-Address: ['10.254.19.94']
2013-11-20 10:56:02,580: DEBUG: GoGo-Airline: [u'BA01']
2013-11-20 10:56:02,583: DEBUG: Acct-Session-Id: [u'AAATestNAS_14-1384925162562-00163E328881-2']
2013-11-20 10:56:02,583: DEBUG: GoGo-Tail-Number: [u'AAATestNAS_14']
2013-11-20 10:56:02,584: DEBUG: GoGo-Private-IP-Address: ['192.168.1.179']
2013-11-20 10:56:02,585: DEBUG: WISPr-Location-ID: [u'airline=BA01,tail=01009,network=']
2013-11-20 10:56:02,585: DEBUG: WISPr-Location-Name: [u'TEST LLC,BA01_01009']
2013-11-20 10:56:02,587: DEBUG: NAS-Port-Type: ['Wireless-802.11']
2013-11-20 10:56:02,588: DEBUG: Called-Station-Id: [u'00:16:3E:32:88:81']
2013-11-20 10:56:02,589: DEBUG: Calling-Station-Id: [u'16:21:31:41:51:74']
2013-11-20 10:56:02,591: DEBUG: 

2013-11-20 10:56:02,592: DEBUG: Received response with code: 2, Accepted
2013-11-20 10:56:02,593: DEBUG: 

2013-11-20 10:56:02,593: DEBUG: Creating Accounting start Request with the following Attributes:
2013-11-20 10:56:02,594: DEBUG: NAS-Identifier: [u'C08386']
2013-11-20 10:56:02,594: DEBUG: User-Name: [u'username67@airborne.aircell.com']
2013-11-20 10:56:02,596: DEBUG: GoGo-Tail-Number: [u'AAATestNAS_14']
2013-11-20 10:56:02,598: DEBUG: NAS-IP-Address: ['10.254.19.1']
2013-11-20 10:56:02,598: DEBUG: Proxy-State: ['3239,3131']
2013-11-20 10:56:02,599: DEBUG: Acct-Status-Type: ['Start']
2013-11-20 10:56:02,601: DEBUG: GoGo-Airline: [u'BA01']
2013-11-20 10:56:02,602: DEBUG: Acct-Session-Id: [u'AAATestNAS_14-1384925162562-00163E328881-2']
2013-11-20 10:56:02,603: DEBUG: GoGo-Private-IP-Address: ['192.168.1.179']
2013-11-20 10:56:02,603: DEBUG: Framed-IP-Address: ['10.254.19.94']
2013-11-20 10:56:02,604: DEBUG: WISPr-Location-ID: [u'airline=BA01,tail=01009,network=']
2013-11-20 10:56:02,605: DEBUG: WISPr-Location-Name: [u'TEST LLC,BA01_01009']
2013-11-20 10:56:02,606: DEBUG: NAS-Port-Type: ['Wireless-802.11']
2013-11-20 10:56:02,606: DEBUG: Called-Station-Id: [u'00:16:3E:32:88:81']
2013-11-20 10:56:02,608: DEBUG: Calling-Station-Id: [u'16:21:31:41:51:74']
2013-11-20 10:56:02,610: DEBUG: 

2013-11-20 10:56:02,611: DEBUG: Received response with following attributes:
2013-11-20 10:56:12,612: DEBUG: 

2013-11-20 10:56:12,613: DEBUG: Creating Accounting Update Request with the following Attributes:
2013-11-20 10:56:12,614: DEBUG: User-Name: [u'username67@airborne.aircell.com']
2013-11-20 10:56:12,616: DEBUG: GoGo-Tail-Number: [u'AAATestNAS_14']
2013-11-20 10:56:12,616: DEBUG: Acct-Output-Octets: [7300154]
2013-11-20 10:56:12,617: DEBUG: NAS-IP-Address: ['10.254.19.1']
2013-11-20 10:56:12,617: DEBUG: GoGo-Total-Output-Gigawords: [0]
2013-11-20 10:56:12,618: DEBUG: Framed-IP-Address: ['10.254.19.94']
2013-11-20 10:56:12,618: DEBUG: GoGo-Total-Input-Voice-Gigawords: [0]
2013-11-20 10:56:12,619: DEBUG: GoGo-Total-Output-Octets: [7300154]
2013-11-20 10:56:12,619: DEBUG: GoGo-Acct-Input-Voice-Octets: [0]
2013-11-20 10:56:12,619: DEBUG: GoGo-Total-Input-Voice-Packets: [0]
2013-11-20 10:56:12,620: DEBUG: Called-Station-Id: [u'00:16:3E:32:88:81']
2013-11-20 10:56:12,620: DEBUG: WISPr-Location-Name: [u'TEST LLC,BA01_01009']
2013-11-20 10:56:12,621: DEBUG: NAS-Identifier: [u'C08386']
2013-11-20 10:56:12,621: DEBUG: Proxy-State: ['3330,3132']
2013-11-20 10:56:12,623: DEBUG: GoGo-Total-Input-Voice-Octets: [0]
2013-11-20 10:56:12,624: DEBUG: Acct-Status-Type: ['Interim-Update']
2013-11-20 10:56:12,626: DEBUG: GoGo-Total-Output-Voice-Gigawords: [0]
2013-11-20 10:56:12,626: DEBUG: GoGo-Airline: [u'BA01']
2013-11-20 10:56:12,627: DEBUG: Acct-Session-Id: [u'AAATestNAS_14-1384925162562-00163E328881-2']
2013-11-20 10:56:12,627: DEBUG: Acct-Session-Time: [10]
2013-11-20 10:56:12,628: DEBUG: Acct-Input-Packets: [64267]
2013-11-20 10:56:12,629: DEBUG: Acct-Output-Packets: [25737]
2013-11-20 10:56:12,630: DEBUG: GoGo-Acct-Output-Voice-Packets: [0]
2013-11-20 10:56:12,630: DEBUG: GoGo-Acct-Output-Voice-Octets: [0]
2013-11-20 10:56:12,631: DEBUG: Acct-Output-Gigawords: [0]
2013-11-20 10:56:12,631: DEBUG: GoGo-Total-Output-Voice-Packets: [0]
2013-11-20 10:56:12,632: DEBUG: Acct-Input-Gigawords: [0]
2013-11-20 10:56:12,633: DEBUG: Calling-Station-Id: [u'16:21:31:41:51:74']
2013-11-20 10:56:12,633: DEBUG: NAS-Port-Type: ['Wireless-802.11']
2013-11-20 10:56:12,634: DEBUG: GoGo-Total-Output-Voice-Octets: [0]
2013-11-20 10:56:12,635: DEBUG: GoGo-Private-IP-Address: ['192.168.1.179']
2013-11-20 10:56:12,636: DEBUG: GoGo-Acct-Input-Voice-Gigawords: [0]
2013-11-20 10:56:12,637: DEBUG: GoGo-Total-Input-Packets: [64267]
2013-11-20 10:56:12,637: DEBUG: GoGo-Total-Input-Gigawords: [0]
2013-11-20 10:56:12,638: DEBUG: GoGo-Acct-Input-Voice-Packets: [0]
2013-11-20 10:56:12,639: DEBUG: GoGo-Total-Input-Octets: [7023446]
2013-11-20 10:56:12,639: DEBUG: GoGo-Total-Output-Packets: [25737]
2013-11-20 10:56:12,640: DEBUG: WISPr-Location-ID: [u'airline=BA01,tail=01009,network=']
2013-11-20 10:56:12,641: DEBUG: GoGo-Acct-Output-Voice-Gigawords: [0]
2013-11-20 10:56:12,642: DEBUG: Acct-Input-Octets: [7023446]
2013-11-20 10:56:12,644: DEBUG: 

2013-11-20 10:56:12,644: DEBUG: Received response with following attributes:
2013-11-20 10:56:22,645: DEBUG: 

2013-11-20 10:56:22,646: DEBUG: Creating Accounting Update Request with the following Attributes:
2013-11-20 10:56:22,646: DEBUG: User-Name: [u'username67@airborne.aircell.com']
2013-11-20 10:56:22,646: DEBUG: GoGo-Tail-Number: [u'AAATestNAS_14']
2013-11-20 10:56:22,646: DEBUG: Acct-Output-Octets: [3799967]
2013-11-20 10:56:22,646: DEBUG: NAS-IP-Address: ['10.254.19.1']
2013-11-20 10:56:22,647: DEBUG: GoGo-Total-Output-Gigawords: [0]
2013-11-20 10:56:22,647: DEBUG: Framed-IP-Address: ['10.254.19.94']
2013-11-20 10:56:22,647: DEBUG: GoGo-Total-Input-Voice-Gigawords: [0]
2013-11-20 10:56:22,647: DEBUG: GoGo-Total-Output-Octets: [3799967]
2013-11-20 10:56:22,647: DEBUG: GoGo-Acct-Input-Voice-Octets: [0]
2013-11-20 10:56:22,648: DEBUG: GoGo-Total-Input-Voice-Packets: [0]
2013-11-20 10:56:22,649: DEBUG: Called-Station-Id: [u'00:16:3E:32:88:81']
2013-11-20 10:56:22,650: DEBUG: WISPr-Location-Name: [u'TEST LLC,BA01_01009']
2013-11-20 10:56:22,652: DEBUG: NAS-Identifier: [u'C08386']
2013-11-20 10:56:22,654: DEBUG: Proxy-State: ['3330,3132']
2013-11-20 10:56:22,656: DEBUG: GoGo-Total-Input-Voice-Octets: [0]
2013-11-20 10:56:22,657: DEBUG: Acct-Status-Type: ['Interim-Update']
2013-11-20 10:56:22,657: DEBUG: GoGo-Total-Output-Voice-Gigawords: [0]
2013-11-20 10:56:22,658: DEBUG: GoGo-Airline: [u'BA01']
2013-11-20 10:56:22,658: DEBUG: Acct-Session-Id: [u'AAATestNAS_14-1384925162562-00163E328881-2']
2013-11-20 10:56:22,659: DEBUG: Acct-Session-Time: [10]
2013-11-20 10:56:22,660: DEBUG: Acct-Input-Packets: [44111]
2013-11-20 10:56:22,661: DEBUG: Acct-Output-Packets: [14373]
2013-11-20 10:56:22,661: DEBUG: GoGo-Acct-Output-Voice-Packets: [0]
2013-11-20 10:56:22,664: DEBUG: GoGo-Acct-Output-Voice-Octets: [0]
2013-11-20 10:56:22,666: DEBUG: Acct-Output-Gigawords: [0]
2013-11-20 10:56:22,667: DEBUG: GoGo-Total-Output-Voice-Packets: [0]
2013-11-20 10:56:22,670: DEBUG: Acct-Input-Gigawords: [0]
2013-11-20 10:56:22,671: DEBUG: Calling-Station-Id: [u'16:21:31:41:51:74']
2013-11-20 10:56:22,673: DEBUG: NAS-Port-Type: ['Wireless-802.11']
2013-11-20 10:56:22,674: DEBUG: GoGo-Total-Output-Voice-Octets: [0]
2013-11-20 10:56:22,675: DEBUG: GoGo-Private-IP-Address: ['192.168.1.179']
2013-11-20 10:56:22,676: DEBUG: GoGo-Acct-Input-Voice-Gigawords: [0]
2013-11-20 10:56:22,676: DEBUG: GoGo-Total-Input-Packets: [44111]
2013-11-20 10:56:22,678: DEBUG: GoGo-Total-Input-Gigawords: [0]
2013-11-20 10:56:22,678: DEBUG: GoGo-Acct-Input-Voice-Packets: [0]
2013-11-20 10:56:22,678: DEBUG: GoGo-Total-Input-Octets: [7749966]
2013-11-20 10:56:22,679: DEBUG: GoGo-Total-Output-Packets: [14373]
2013-11-20 10:56:22,679: DEBUG: WISPr-Location-ID: [u'airline=BA01,tail=01009,network=']
2013-11-20 10:56:22,680: DEBUG: GoGo-Acct-Output-Voice-Gigawords: [0]
2013-11-20 10:56:22,681: DEBUG: Acct-Input-Octets: [7749966]
2013-11-20 10:56:22,685: DEBUG: 

2013-11-20 10:56:22,685: DEBUG: Received response with following attributes:
2013-11-20 10:56:32,686: DEBUG: 

2013-11-20 10:56:32,687: DEBUG: Creating Accounting Update Request with the following Attributes:
2013-11-20 10:56:32,687: DEBUG: User-Name: [u'username67@airborne.aircell.com']
2013-11-20 10:56:32,687: DEBUG: GoGo-Tail-Number: [u'AAATestNAS_14']
2013-11-20 10:56:32,687: DEBUG: Acct-Output-Octets: [2453246]
2013-11-20 10:56:32,687: DEBUG: NAS-IP-Address: ['10.254.19.1']
2013-11-20 10:56:32,688: DEBUG: GoGo-Total-Output-Gigawords: [0]
2013-11-20 10:56:32,688: DEBUG: Framed-IP-Address: ['10.254.19.94']
2013-11-20 10:56:32,689: DEBUG: GoGo-Total-Input-Voice-Gigawords: [0]
2013-11-20 10:56:32,689: DEBUG: GoGo-Total-Output-Octets: [2453246]
2013-11-20 10:56:32,690: DEBUG: GoGo-Acct-Input-Voice-Octets: [0]
2013-11-20 10:56:32,692: DEBUG: GoGo-Total-Input-Voice-Packets: [0]
2013-11-20 10:56:32,693: DEBUG: Called-Station-Id: [u'00:16:3E:32:88:81']
2013-11-20 10:56:32,694: DEBUG: WISPr-Location-Name: [u'TEST LLC,BA01_01009']
2013-11-20 10:56:32,695: DEBUG: NAS-Identifier: [u'C08386']
2013-11-20 10:56:32,696: DEBUG: Proxy-State: ['3330,3132']
2013-11-20 10:56:32,697: DEBUG: GoGo-Total-Input-Voice-Octets: [0]
2013-11-20 10:56:32,697: DEBUG: Acct-Status-Type: ['Interim-Update']
2013-11-20 10:56:32,697: DEBUG: GoGo-Total-Output-Voice-Gigawords: [0]
2013-11-20 10:56:32,698: DEBUG: GoGo-Airline: [u'BA01']
2013-11-20 10:56:32,698: DEBUG: Acct-Session-Id: [u'AAATestNAS_14-1384925162562-00163E328881-2']
2013-11-20 10:56:32,699: DEBUG: Acct-Session-Time: [10]
2013-11-20 10:56:32,699: DEBUG: Acct-Input-Packets: [35131]
2013-11-20 10:56:32,700: DEBUG: Acct-Output-Packets: [16913]
2013-11-20 10:56:32,700: DEBUG: GoGo-Acct-Output-Voice-Packets: [0]
2013-11-20 10:56:32,701: DEBUG: GoGo-Acct-Output-Voice-Octets: [0]
2013-11-20 10:56:32,702: DEBUG: Acct-Output-Gigawords: [0]
2013-11-20 10:56:32,702: DEBUG: GoGo-Total-Output-Voice-Packets: [0]
2013-11-20 10:56:32,704: DEBUG: Acct-Input-Gigawords: [0]
2013-11-20 10:56:32,705: DEBUG: Calling-Station-Id: [u'16:21:31:41:51:74']
2013-11-20 10:56:32,706: DEBUG: NAS-Port-Type: ['Wireless-802.11']
2013-11-20 10:56:32,708: DEBUG: GoGo-Total-Output-Voice-Octets: [0]
2013-11-20 10:56:32,708: DEBUG: GoGo-Private-IP-Address: ['192.168.1.179']
2013-11-20 10:56:32,708: DEBUG: GoGo-Acct-Input-Voice-Gigawords: [0]
2013-11-20 10:56:32,709: DEBUG: GoGo-Total-Input-Packets: [35131]
2013-11-20 10:56:32,710: DEBUG: GoGo-Total-Input-Gigawords: [0]
2013-11-20 10:56:32,710: DEBUG: GoGo-Acct-Input-Voice-Packets: [0]
2013-11-20 10:56:32,712: DEBUG: GoGo-Total-Input-Octets: [6216762]
2013-11-20 10:56:32,713: DEBUG: GoGo-Total-Output-Packets: [16913]
2013-11-20 10:56:32,713: DEBUG: WISPr-Location-ID: [u'airline=BA01,tail=01009,network=']
2013-11-20 10:56:32,714: DEBUG: GoGo-Acct-Output-Voice-Gigawords: [0]
2013-11-20 10:56:32,714: DEBUG: Acct-Input-Octets: [6216762]
2013-11-20 10:56:32,717: DEBUG: 

2013-11-20 10:56:32,717: DEBUG: Received response with following attributes:
2013-11-20 10:56:42,718: DEBUG: 

2013-11-20 10:56:42,719: DEBUG: Creating Accounting Update Request with the following Attributes:
2013-11-20 10:56:42,719: DEBUG: User-Name: [u'username67@airborne.aircell.com']
2013-11-20 10:56:42,719: DEBUG: GoGo-Tail-Number: [u'AAATestNAS_14']
2013-11-20 10:56:42,719: DEBUG: Acct-Output-Octets: [4734783]
2013-11-20 10:56:42,719: DEBUG: NAS-IP-Address: ['10.254.19.1']
2013-11-20 10:56:42,720: DEBUG: GoGo-Total-Output-Gigawords: [0]
2013-11-20 10:56:42,720: DEBUG: Framed-IP-Address: ['10.254.19.94']
2013-11-20 10:56:42,720: DEBUG: GoGo-Total-Input-Voice-Gigawords: [0]
2013-11-20 10:56:42,720: DEBUG: GoGo-Total-Output-Octets: [4734783]
2013-11-20 10:56:42,720: DEBUG: GoGo-Acct-Input-Voice-Octets: [0]
2013-11-20 10:56:42,720: DEBUG: GoGo-Total-Input-Voice-Packets: [0]
2013-11-20 10:56:42,720: DEBUG: Called-Station-Id: [u'00:16:3E:32:88:81']
2013-11-20 10:56:42,720: DEBUG: WISPr-Location-Name: [u'TEST LLC,BA01_01009']
2013-11-20 10:56:42,720: DEBUG: NAS-Identifier: [u'C08386']
2013-11-20 10:56:42,720: DEBUG: Proxy-State: ['3330,3132']
2013-11-20 10:56:42,721: DEBUG: GoGo-Total-Input-Voice-Octets: [0]
2013-11-20 10:56:42,721: DEBUG: Acct-Status-Type: ['Interim-Update']
2013-11-20 10:56:42,721: DEBUG: GoGo-Total-Output-Voice-Gigawords: [0]
2013-11-20 10:56:42,721: DEBUG: GoGo-Airline: [u'BA01']
2013-11-20 10:56:42,721: DEBUG: Acct-Session-Id: [u'AAATestNAS_14-1384925162562-00163E328881-2']
2013-11-20 10:56:42,721: DEBUG: Acct-Session-Time: [10]
2013-11-20 10:56:42,721: DEBUG: Acct-Input-Packets: [5802]
2013-11-20 10:56:42,721: DEBUG: Acct-Output-Packets: [33129]
2013-11-20 10:56:42,721: DEBUG: GoGo-Acct-Output-Voice-Packets: [0]
2013-11-20 10:56:42,721: DEBUG: GoGo-Acct-Output-Voice-Octets: [0]
2013-11-20 10:56:42,722: DEBUG: Acct-Output-Gigawords: [0]
2013-11-20 10:56:42,722: DEBUG: GoGo-Total-Output-Voice-Packets: [0]
2013-11-20 10:56:42,722: DEBUG: Acct-Input-Gigawords: [0]
2013-11-20 10:56:42,722: DEBUG: Calling-Station-Id: [u'16:21:31:41:51:74']
2013-11-20 10:56:42,722: DEBUG: NAS-Port-Type: ['Wireless-802.11']
2013-11-20 10:56:42,722: DEBUG: GoGo-Total-Output-Voice-Octets: [0]
2013-11-20 10:56:42,722: DEBUG: GoGo-Private-IP-Address: ['192.168.1.179']
2013-11-20 10:56:42,722: DEBUG: GoGo-Acct-Input-Voice-Gigawords: [0]
2013-11-20 10:56:42,722: DEBUG: GoGo-Total-Input-Packets: [5802]
2013-11-20 10:56:42,722: DEBUG: GoGo-Total-Input-Gigawords: [0]
2013-11-20 10:56:42,723: DEBUG: GoGo-Acct-Input-Voice-Packets: [0]
2013-11-20 10:56:42,723: DEBUG: GoGo-Total-Input-Octets: [1801775]
2013-11-20 10:56:42,723: DEBUG: GoGo-Total-Output-Packets: [33129]
2013-11-20 10:56:42,723: DEBUG: WISPr-Location-ID: [u'airline=BA01,tail=01009,network=']
2013-11-20 10:56:42,723: DEBUG: GoGo-Acct-Output-Voice-Gigawords: [0]
2013-11-20 10:56:42,723: DEBUG: Acct-Input-Octets: [1801775]
2013-11-20 10:56:42,726: DEBUG: 

2013-11-20 10:56:42,727: DEBUG: Received response with following attributes:
2013-11-20 10:56:52,728: DEBUG: 

2013-11-20 10:56:52,729: DEBUG: Creating Accounting Update Request with the following Attributes:
2013-11-20 10:56:52,729: DEBUG: User-Name: [u'username67@airborne.aircell.com']
2013-11-20 10:56:52,729: DEBUG: GoGo-Tail-Number: [u'AAATestNAS_14']
2013-11-20 10:56:52,729: DEBUG: Acct-Output-Octets: [4744035]
2013-11-20 10:56:52,729: DEBUG: NAS-IP-Address: ['10.254.19.1']
2013-11-20 10:56:52,729: DEBUG: GoGo-Total-Output-Gigawords: [0]
2013-11-20 10:56:52,730: DEBUG: Framed-IP-Address: ['10.254.19.94']
2013-11-20 10:56:52,730: DEBUG: GoGo-Total-Input-Voice-Gigawords: [0]
2013-11-20 10:56:52,730: DEBUG: GoGo-Total-Output-Octets: [4744035]
2013-11-20 10:56:52,730: DEBUG: GoGo-Acct-Input-Voice-Octets: [0]
2013-11-20 10:56:52,730: DEBUG: GoGo-Total-Input-Voice-Packets: [0]
2013-11-20 10:56:52,730: DEBUG: Called-Station-Id: [u'00:16:3E:32:88:81']
2013-11-20 10:56:52,730: DEBUG: WISPr-Location-Name: [u'TEST LLC,BA01_01009']
2013-11-20 10:56:52,730: DEBUG: NAS-Identifier: [u'C08386']
2013-11-20 10:56:52,730: DEBUG: Proxy-State: ['3330,3132']
2013-11-20 10:56:52,730: DEBUG: GoGo-Total-Input-Voice-Octets: [0]
2013-11-20 10:56:52,731: DEBUG: Acct-Status-Type: ['Interim-Update']
2013-11-20 10:56:52,731: DEBUG: GoGo-Total-Output-Voice-Gigawords: [0]
2013-11-20 10:56:52,731: DEBUG: GoGo-Airline: [u'BA01']
2013-11-20 10:56:52,731: DEBUG: Acct-Session-Id: [u'AAATestNAS_14-1384925162562-00163E328881-2']
2013-11-20 10:56:52,731: DEBUG: Acct-Session-Time: [10]
2013-11-20 10:56:52,731: DEBUG: Acct-Input-Packets: [6300]
2013-11-20 10:56:52,731: DEBUG: Acct-Output-Packets: [5707]
2013-11-20 10:56:52,731: DEBUG: GoGo-Acct-Output-Voice-Packets: [0]
2013-11-20 10:56:52,731: DEBUG: GoGo-Acct-Output-Voice-Octets: [0]
2013-11-20 10:56:52,732: DEBUG: Acct-Output-Gigawords: [0]
2013-11-20 10:56:52,732: DEBUG: GoGo-Total-Output-Voice-Packets: [0]
2013-11-20 10:56:52,732: DEBUG: Acct-Input-Gigawords: [0]
2013-11-20 10:56:52,732: DEBUG: Calling-Station-Id: [u'16:21:31:41:51:74']
2013-11-20 10:56:52,732: DEBUG: NAS-Port-Type: ['Wireless-802.11']
2013-11-20 10:56:52,732: DEBUG: GoGo-Total-Output-Voice-Octets: [0]
2013-11-20 10:56:52,732: DEBUG: GoGo-Private-IP-Address: ['192.168.1.179']
2013-11-20 10:56:52,732: DEBUG: GoGo-Acct-Input-Voice-Gigawords: [0]
2013-11-20 10:56:52,732: DEBUG: GoGo-Total-Input-Packets: [6300]
2013-11-20 10:56:52,732: DEBUG: GoGo-Total-Input-Gigawords: [0]
2013-11-20 10:56:52,733: DEBUG: GoGo-Acct-Input-Voice-Packets: [0]
2013-11-20 10:56:52,733: DEBUG: GoGo-Total-Input-Octets: [5641337]
2013-11-20 10:56:52,733: DEBUG: GoGo-Total-Output-Packets: [5707]
2013-11-20 10:56:52,733: DEBUG: WISPr-Location-ID: [u'airline=BA01,tail=01009,network=']
2013-11-20 10:56:52,733: DEBUG: GoGo-Acct-Output-Voice-Gigawords: [0]
2013-11-20 10:56:52,733: DEBUG: Acct-Input-Octets: [5641337]
2013-11-20 10:56:52,735: DEBUG: 

2013-11-20 10:56:52,735: DEBUG: Received response with following attributes:
2013-11-20 10:57:02,735: DEBUG: 

2013-11-20 10:57:02,736: DEBUG: Creating Accounting Update Request with the following Attributes:
2013-11-20 10:57:02,736: DEBUG: User-Name: [u'username67@airborne.aircell.com']
2013-11-20 10:57:02,736: DEBUG: GoGo-Tail-Number: [u'AAATestNAS_14']
2013-11-20 10:57:02,736: DEBUG: Acct-Output-Octets: [5300021]
2013-11-20 10:57:02,736: DEBUG: NAS-IP-Address: ['10.254.19.1']
2013-11-20 10:57:02,736: DEBUG: GoGo-Total-Output-Gigawords: [0]
2013-11-20 10:57:02,736: DEBUG: Framed-IP-Address: ['10.254.19.94']
2013-11-20 10:57:02,736: DEBUG: GoGo-Total-Input-Voice-Gigawords: [0]
2013-11-20 10:57:02,737: DEBUG: GoGo-Total-Output-Octets: [5300021]
2013-11-20 10:57:02,737: DEBUG: GoGo-Acct-Input-Voice-Octets: [0]
2013-11-20 10:57:02,737: DEBUG: GoGo-Total-Input-Voice-Packets: [0]
2013-11-20 10:57:02,737: DEBUG: Called-Station-Id: [u'00:16:3E:32:88:81']
2013-11-20 10:57:02,737: DEBUG: WISPr-Location-Name: [u'TEST LLC,BA01_01009']
2013-11-20 10:57:02,737: DEBUG: NAS-Identifier: [u'C08386']
2013-11-20 10:57:02,737: DEBUG: Proxy-State: ['3330,3132']
2013-11-20 10:57:02,737: DEBUG: GoGo-Total-Input-Voice-Octets: [0]
2013-11-20 10:57:02,737: DEBUG: Acct-Status-Type: ['Interim-Update']
2013-11-20 10:57:02,737: DEBUG: GoGo-Total-Output-Voice-Gigawords: [0]
2013-11-20 10:57:02,738: DEBUG: GoGo-Airline: [u'BA01']
2013-11-20 10:57:02,738: DEBUG: Acct-Session-Id: [u'AAATestNAS_14-1384925162562-00163E328881-2']
2013-11-20 10:57:02,738: DEBUG: Acct-Session-Time: [10]
2013-11-20 10:57:02,738: DEBUG: Acct-Input-Packets: [32852]
2013-11-20 10:57:02,738: DEBUG: Acct-Output-Packets: [45109]
2013-11-20 10:57:02,738: DEBUG: GoGo-Acct-Output-Voice-Packets: [0]
2013-11-20 10:57:02,738: DEBUG: GoGo-Acct-Output-Voice-Octets: [0]
2013-11-20 10:57:02,738: DEBUG: Acct-Output-Gigawords: [0]
2013-11-20 10:57:02,738: DEBUG: GoGo-Total-Output-Voice-Packets: [0]
2013-11-20 10:57:02,739: DEBUG: Acct-Input-Gigawords: [0]
2013-11-20 10:57:02,739: DEBUG: Calling-Station-Id: [u'16:21:31:41:51:74']
2013-11-20 10:57:02,739: DEBUG: NAS-Port-Type: ['Wireless-802.11']
2013-11-20 10:57:02,739: DEBUG: GoGo-Total-Output-Voice-Octets: [0]
2013-11-20 10:57:02,739: DEBUG: GoGo-Private-IP-Address: ['192.168.1.179']
2013-11-20 10:57:02,739: DEBUG: GoGo-Acct-Input-Voice-Gigawords: [0]
2013-11-20 10:57:02,739: DEBUG: GoGo-Total-Input-Packets: [32852]
2013-11-20 10:57:02,739: DEBUG: GoGo-Total-Input-Gigawords: [0]
2013-11-20 10:57:02,739: DEBUG: GoGo-Acct-Input-Voice-Packets: [0]
2013-11-20 10:57:02,739: DEBUG: GoGo-Total-Input-Octets: [4342423]
2013-11-20 10:57:02,740: DEBUG: GoGo-Total-Output-Packets: [45109]
2013-11-20 10:57:02,740: DEBUG: WISPr-Location-ID: [u'airline=BA01,tail=01009,network=']
2013-11-20 10:57:02,740: DEBUG: GoGo-Acct-Output-Voice-Gigawords: [0]
2013-11-20 10:57:02,740: DEBUG: Acct-Input-Octets: [4342423]
2013-11-20 10:57:02,741: DEBUG: 

2013-11-20 10:57:02,742: DEBUG: Received response with following attributes:
2013-11-20 10:57:12,742: DEBUG: 

2013-11-20 10:57:12,743: DEBUG: Creating Accounting Update Request with the following Attributes:
2013-11-20 10:57:12,743: DEBUG: User-Name: [u'username67@airborne.aircell.com']
2013-11-20 10:57:12,743: DEBUG: GoGo-Tail-Number: [u'AAATestNAS_14']
2013-11-20 10:57:12,743: DEBUG: Acct-Output-Octets: [4210696]
2013-11-20 10:57:12,744: DEBUG: NAS-IP-Address: ['10.254.19.1']
2013-11-20 10:57:12,744: DEBUG: GoGo-Total-Output-Gigawords: [0]
2013-11-20 10:57:12,744: DEBUG: Framed-IP-Address: ['10.254.19.94']
2013-11-20 10:57:12,744: DEBUG: GoGo-Total-Input-Voice-Gigawords: [0]
2013-11-20 10:57:12,744: DEBUG: GoGo-Total-Output-Octets: [4210696]
2013-11-20 10:57:12,744: DEBUG: GoGo-Acct-Input-Voice-Octets: [0]
2013-11-20 10:57:12,744: DEBUG: GoGo-Total-Input-Voice-Packets: [0]
2013-11-20 10:57:12,744: DEBUG: Called-Station-Id: [u'00:16:3E:32:88:81']
2013-11-20 10:57:12,745: DEBUG: WISPr-Location-Name: [u'TEST LLC,BA01_01009']
2013-11-20 10:57:12,745: DEBUG: NAS-Identifier: [u'C08386']
2013-11-20 10:57:12,745: DEBUG: Proxy-State: ['3330,3132']
2013-11-20 10:57:12,745: DEBUG: GoGo-Total-Input-Voice-Octets: [0]
2013-11-20 10:57:12,745: DEBUG: Acct-Status-Type: ['Interim-Update']
2013-11-20 10:57:12,745: DEBUG: GoGo-Total-Output-Voice-Gigawords: [0]
2013-11-20 10:57:12,745: DEBUG: GoGo-Airline: [u'BA01']
2013-11-20 10:57:12,745: DEBUG: Acct-Session-Id: [u'AAATestNAS_14-1384925162562-00163E328881-2']
2013-11-20 10:57:12,745: DEBUG: Acct-Session-Time: [10]
2013-11-20 10:57:12,746: DEBUG: Acct-Input-Packets: [58970]
2013-11-20 10:57:12,746: DEBUG: Acct-Output-Packets: [4428]
2013-11-20 10:57:12,746: DEBUG: GoGo-Acct-Output-Voice-Packets: [0]
2013-11-20 10:57:12,746: DEBUG: GoGo-Acct-Output-Voice-Octets: [0]
2013-11-20 10:57:12,746: DEBUG: Acct-Output-Gigawords: [0]
2013-11-20 10:57:12,746: DEBUG: GoGo-Total-Output-Voice-Packets: [0]
2013-11-20 10:57:12,746: DEBUG: Acct-Input-Gigawords: [0]
2013-11-20 10:57:12,746: DEBUG: Calling-Station-Id: [u'16:21:31:41:51:74']
2013-11-20 10:57:12,746: DEBUG: NAS-Port-Type: ['Wireless-802.11']
2013-11-20 10:57:12,746: DEBUG: GoGo-Total-Output-Voice-Octets: [0]
2013-11-20 10:57:12,747: DEBUG: GoGo-Private-IP-Address: ['192.168.1.179']
2013-11-20 10:57:12,747: DEBUG: GoGo-Acct-Input-Voice-Gigawords: [0]
2013-11-20 10:57:12,747: DEBUG: GoGo-Total-Input-Packets: [58970]
2013-11-20 10:57:12,747: DEBUG: GoGo-Total-Input-Gigawords: [0]
2013-11-20 10:57:12,747: DEBUG: GoGo-Acct-Input-Voice-Packets: [0]
2013-11-20 10:57:12,747: DEBUG: GoGo-Total-Input-Octets: [6729881]
2013-11-20 10:57:12,747: DEBUG: GoGo-Total-Output-Packets: [4428]
2013-11-20 10:57:12,747: DEBUG: WISPr-Location-ID: [u'airline=BA01,tail=01009,network=']
2013-11-20 10:57:12,747: DEBUG: GoGo-Acct-Output-Voice-Gigawords: [0]
2013-11-20 10:57:12,748: DEBUG: Acct-Input-Octets: [6729881]
2013-11-20 10:57:12,749: DEBUG: 

2013-11-20 10:57:12,749: DEBUG: Received response with following attributes:
2013-11-20 10:57:22,750: DEBUG: 

2013-11-20 10:57:22,750: DEBUG: Creating Accounting Update Request with the following Attributes:
2013-11-20 10:57:22,751: DEBUG: User-Name: [u'username67@airborne.aircell.com']
2013-11-20 10:57:22,751: DEBUG: GoGo-Tail-Number: [u'AAATestNAS_14']
2013-11-20 10:57:22,751: DEBUG: Acct-Output-Octets: [5413935]
2013-11-20 10:57:22,751: DEBUG: NAS-IP-Address: ['10.254.19.1']
2013-11-20 10:57:22,751: DEBUG: GoGo-Total-Output-Gigawords: [0]
2013-11-20 10:57:22,751: DEBUG: Framed-IP-Address: ['10.254.19.94']
2013-11-20 10:57:22,751: DEBUG: GoGo-Total-Input-Voice-Gigawords: [0]
2013-11-20 10:57:22,751: DEBUG: GoGo-Total-Output-Octets: [5413935]
2013-11-20 10:57:22,751: DEBUG: GoGo-Acct-Input-Voice-Octets: [0]
2013-11-20 10:57:22,752: DEBUG: GoGo-Total-Input-Voice-Packets: [0]
2013-11-20 10:57:22,752: DEBUG: Called-Station-Id: [u'00:16:3E:32:88:81']
2013-11-20 10:57:22,752: DEBUG: WISPr-Location-Name: [u'TEST LLC,BA01_01009']
2013-11-20 10:57:22,752: DEBUG: NAS-Identifier: [u'C08386']
2013-11-20 10:57:22,752: DEBUG: Proxy-State: ['3330,3132']
2013-11-20 10:57:22,752: DEBUG: GoGo-Total-Input-Voice-Octets: [0]
2013-11-20 10:57:22,752: DEBUG: Acct-Status-Type: ['Interim-Update']
2013-11-20 10:57:22,753: DEBUG: GoGo-Total-Output-Voice-Gigawords: [0]
2013-11-20 10:57:22,753: DEBUG: GoGo-Airline: [u'BA01']
2013-11-20 10:57:22,753: DEBUG: Acct-Session-Id: [u'AAATestNAS_14-1384925162562-00163E328881-2']
2013-11-20 10:57:22,753: DEBUG: Acct-Session-Time: [10]
2013-11-20 10:57:22,753: DEBUG: Acct-Input-Packets: [44820]
2013-11-20 10:57:22,754: DEBUG: Acct-Output-Packets: [42582]
2013-11-20 10:57:22,754: DEBUG: GoGo-Acct-Output-Voice-Packets: [0]
2013-11-20 10:57:22,754: DEBUG: GoGo-Acct-Output-Voice-Octets: [0]
2013-11-20 10:57:22,754: DEBUG: Acct-Output-Gigawords: [0]
2013-11-20 10:57:22,754: DEBUG: GoGo-Total-Output-Voice-Packets: [0]
2013-11-20 10:57:22,755: DEBUG: Acct-Input-Gigawords: [0]
2013-11-20 10:57:22,755: DEBUG: Calling-Station-Id: [u'16:21:31:41:51:74']
2013-11-20 10:57:22,755: DEBUG: NAS-Port-Type: ['Wireless-802.11']
2013-11-20 10:57:22,755: DEBUG: GoGo-Total-Output-Voice-Octets: [0]
2013-11-20 10:57:22,755: DEBUG: GoGo-Private-IP-Address: ['192.168.1.179']
2013-11-20 10:57:22,756: DEBUG: GoGo-Acct-Input-Voice-Gigawords: [0]
2013-11-20 10:57:22,756: DEBUG: GoGo-Total-Input-Packets: [44820]
2013-11-20 10:57:22,756: DEBUG: GoGo-Total-Input-Gigawords: [0]
2013-11-20 10:57:22,756: DEBUG: GoGo-Acct-Input-Voice-Packets: [0]
2013-11-20 10:57:22,756: DEBUG: GoGo-Total-Input-Octets: [6269842]
2013-11-20 10:57:22,756: DEBUG: GoGo-Total-Output-Packets: [42582]
2013-11-20 10:57:22,757: DEBUG: WISPr-Location-ID: [u'airline=BA01,tail=01009,network=']
2013-11-20 10:57:22,757: DEBUG: GoGo-Acct-Output-Voice-Gigawords: [0]
2013-11-20 10:57:22,757: DEBUG: Acct-Input-Octets: [6269842]
2013-11-20 10:57:22,759: DEBUG: 

2013-11-20 10:57:22,759: DEBUG: Received response with following attributes:
2013-11-20 10:57:42,760: DEBUG: 

2013-11-20 10:57:42,760: DEBUG: Creating Accounting Stop Request with the following Attributes:
2013-11-20 10:57:42,760: DEBUG: User-Name: [u'username67@airborne.aircell.com']
2013-11-20 10:57:42,760: DEBUG: GoGo-Tail-Number: [u'01009']
2013-11-20 10:57:42,761: DEBUG: Acct-Output-Octets: [8009808]
2013-11-20 10:57:42,761: DEBUG: NAS-IP-Address: ['10.254.19.1']
2013-11-20 10:57:42,761: DEBUG: GoGo-Total-Output-Gigawords: [0]
2013-11-20 10:57:42,761: DEBUG: Framed-IP-Address: ['10.254.19.94']
2013-11-20 10:57:42,761: DEBUG: GoGo-Total-Input-Voice-Gigawords: [0]
2013-11-20 10:57:42,761: DEBUG: GoGo-Total-Output-Octets: [8009808]
2013-11-20 10:57:42,761: DEBUG: GoGo-Acct-Input-Voice-Octets: [0]
2013-11-20 10:57:42,761: DEBUG: GoGo-Total-Input-Voice-Packets: [0]
2013-11-20 10:57:42,761: DEBUG: Called-Station-Id: [u'00:16:3E:32:88:81']
2013-11-20 10:57:42,761: DEBUG: WISPr-Location-Name: [u'TEST LLC,BA01_01009']
2013-11-20 10:57:42,762: DEBUG: NAS-Identifier: [u'C08386']
2013-11-20 10:57:42,762: DEBUG: Proxy-State: ['3330,3132']
2013-11-20 10:57:42,762: DEBUG: GoGo-Total-Input-Voice-Octets: [0]
2013-11-20 10:57:42,762: DEBUG: Acct-Status-Type: ['Stop']
2013-11-20 10:57:42,762: DEBUG: GoGo-Total-Output-Voice-Gigawords: [0]
2013-11-20 10:57:42,762: DEBUG: GoGo-Airline: [u'BA01']
2013-11-20 10:57:42,762: DEBUG: Acct-Session-Id: [u'AAATestNAS_14-1384925162562-00163E328881-2']
2013-11-20 10:57:42,762: DEBUG: Acct-Session-Time: [20]
2013-11-20 10:57:42,762: DEBUG: Acct-Input-Packets: [62654]
2013-11-20 10:57:42,763: DEBUG: Acct-Output-Packets: [37460]
2013-11-20 10:57:42,763: DEBUG: Acct-Terminate-Cause: ['User-Request']
2013-11-20 10:57:42,763: DEBUG: GoGo-Acct-Output-Voice-Octets: [0]
2013-11-20 10:57:42,763: DEBUG: Acct-Output-Gigawords: [0]
2013-11-20 10:57:42,763: DEBUG: GoGo-Total-Output-Voice-Packets: [0]
2013-11-20 10:57:42,763: DEBUG: Acct-Input-Gigawords: [0]
2013-11-20 10:57:42,763: DEBUG: Calling-Station-Id: [u'16:21:31:41:51:74']
2013-11-20 10:57:42,763: DEBUG: NAS-Port-Type: ['Wireless-802.11']
2013-11-20 10:57:42,763: DEBUG: GoGo-Total-Output-Voice-Octets: [0]
2013-11-20 10:57:42,763: DEBUG: GoGo-Private-IP-Address: ['192.168.1.179']
2013-11-20 10:57:42,764: DEBUG: GoGo-Acct-Input-Voice-Gigawords: [0]
2013-11-20 10:57:42,764: DEBUG: GoGo-Total-Input-Packets: [62654]
2013-11-20 10:57:42,764: DEBUG: GoGo-Total-Input-Gigawords: [0]
2013-11-20 10:57:42,764: DEBUG: GoGo-Acct-Input-Voice-Packets: [0]
2013-11-20 10:57:42,764: DEBUG: GoGo-Total-Input-Octets: [6343972]
2013-11-20 10:57:42,764: DEBUG: GoGo-Total-Output-Packets: [37460]
2013-11-20 10:57:42,764: DEBUG: WISPr-Location-ID: [u'airline=BA01,tail=01009,network=']
2013-11-20 10:57:42,764: DEBUG: GoGo-Acct-Output-Voice-Packets: [0]
2013-11-20 10:57:42,764: DEBUG: GoGo-Acct-Output-Voice-Gigawords: [0]
2013-11-20 10:57:42,765: DEBUG: Acct-Input-Octets: [6343972]
2013-11-20 10:57:42,765: ERROR: Network error, Reason: 'Network error: nodename nor servname provided, or not known'
2013-11-20 10:57:42,765: ERROR: Ending the test for this user
2013-11-20 10:57:42,765: DEBUG: Ending the test for this user
