2013-11-20 10:55:42,069: DEBUG: Starting the client for the user username47@airborne.aircell.com to the server localhost

2013-11-20 10:55:42,069: DEBUG: DURATION of the TEST: 55
2013-11-20 10:55:42,069: DEBUG: NAS-IP: 10.254.125.1
2013-11-20 10:55:42,069: DEBUG: NAS-MAC-ADDR: 17:21:31:41:52:90
2013-11-20 10:55:42,069: DEBUG: Abruptly End: False
2013-11-20 10:55:42,069: DEBUG: Framed-IP: 10.254.125.47
2013-11-20 10:55:42,069: DEBUG: User-MAC-Addr: 00:16:3E:78:08:1B
2013-11-20 10:55:42,069: DEBUG: 

2013-11-20 10:55:42,070: DEBUG: Creating Authentication Request with the following Attributes:
2013-11-20 10:55:42,070: DEBUG: NAS-Identifier: [u'C08386']
2013-11-20 10:55:42,070: DEBUG: User-Name: [u'username47@airborne.aircell.com']
2013-11-20 10:55:42,070: DEBUG: NAS-IP-Address: ['10.254.125.1']
2013-11-20 10:55:42,070: DEBUG: Service-Type: ['Authenticate-Only']
2013-11-20 10:55:42,070: DEBUG: Proxy-State: ['3237,3134']
2013-11-20 10:55:42,070: DEBUG: Framed-IP-Address: ['10.254.125.47']
2013-11-20 10:55:42,070: DEBUG: GoGo-Airline: [u'BA01']
2013-11-20 10:55:42,070: DEBUG: Acct-Session-Id: [u'AAATestNAS_120-1384925142069-00163E78081B-1']
2013-11-20 10:55:42,071: DEBUG: GoGo-Tail-Number: [u'AAATestNAS_120']
2013-11-20 10:55:42,071: DEBUG: GoGo-Private-IP-Address: ['192.168.1.179']
2013-11-20 10:55:42,071: DEBUG: WISPr-Location-ID: [u'airline=BA01,tail=01009,network=']
2013-11-20 10:55:42,071: DEBUG: WISPr-Location-Name: [u'TEST LLC,BA01_01009']
2013-11-20 10:55:42,071: DEBUG: NAS-Port-Type: ['Wireless-802.11']
2013-11-20 10:55:42,071: DEBUG: Called-Station-Id: [u'00:16:3E:78:08:1B']
2013-11-20 10:55:42,071: DEBUG: Calling-Station-Id: [u'17:21:31:41:52:90']
2013-11-20 10:55:42,072: DEBUG: 

2013-11-20 10:55:42,072: DEBUG: Received response with code: 2, Accepted
2013-11-20 10:55:42,073: DEBUG: Creating Authentication Request with the following Attributes:
2013-11-20 10:55:42,073: DEBUG: NAS-Identifier: [u'C08386']
2013-11-20 10:55:42,073: DEBUG: User-Name: [u'username47@airborne.aircell.com']
2013-11-20 10:55:42,073: DEBUG: NAS-IP-Address: ['10.254.125.1']
2013-11-20 10:55:42,073: DEBUG: Service-Type: ['Login-User']
2013-11-20 10:55:42,073: DEBUG: Proxy-State: ['3237,3134']
2013-11-20 10:55:42,073: DEBUG: Framed-IP-Address: ['10.254.125.47']
2013-11-20 10:55:42,073: DEBUG: GoGo-Airline: [u'BA01']
2013-11-20 10:55:42,073: DEBUG: Acct-Session-Id: [u'AAATestNAS_120-1384925142072-00163E78081B-1']
2013-11-20 10:55:42,073: DEBUG: GoGo-Tail-Number: [u'AAATestNAS_120']
2013-11-20 10:55:42,073: DEBUG: GoGo-Private-IP-Address: ['192.168.1.179']
2013-11-20 10:55:42,073: DEBUG: WISPr-Location-ID: [u'airline=BA01,tail=01009,network=']
2013-11-20 10:55:42,073: DEBUG: WISPr-Location-Name: [u'TEST LLC,BA01_01009']
2013-11-20 10:55:42,074: DEBUG: NAS-Port-Type: ['Wireless-802.11']
2013-11-20 10:55:42,074: DEBUG: Called-Station-Id: [u'00:16:3E:78:08:1B']
2013-11-20 10:55:42,074: DEBUG: Calling-Station-Id: [u'17:21:31:41:52:90']
2013-11-20 10:55:42,075: DEBUG: 

2013-11-20 10:55:42,075: DEBUG: Received response with code: 2, Accepted
2013-11-20 10:55:42,075: DEBUG: 

2013-11-20 10:55:42,075: DEBUG: Creating Accounting start Request with the following Attributes:
2013-11-20 10:55:42,075: DEBUG: NAS-Identifier: [u'C08386']
2013-11-20 10:55:42,075: DEBUG: User-Name: [u'username47@airborne.aircell.com']
2013-11-20 10:55:42,075: DEBUG: GoGo-Tail-Number: [u'AAATestNAS_120']
2013-11-20 10:55:42,075: DEBUG: NAS-IP-Address: ['10.254.125.1']
2013-11-20 10:55:42,075: DEBUG: Proxy-State: ['3239,3131']
2013-11-20 10:55:42,075: DEBUG: Acct-Status-Type: ['Start']
2013-11-20 10:55:42,076: DEBUG: GoGo-Airline: [u'BA01']
2013-11-20 10:55:42,076: DEBUG: Acct-Session-Id: [u'AAATestNAS_120-1384925142072-00163E78081B-1']
2013-11-20 10:55:42,076: DEBUG: GoGo-Private-IP-Address: ['192.168.1.179']
2013-11-20 10:55:42,076: DEBUG: Framed-IP-Address: ['10.254.125.47']
2013-11-20 10:55:42,076: DEBUG: WISPr-Location-ID: [u'airline=BA01,tail=01009,network=']
2013-11-20 10:55:42,076: DEBUG: WISPr-Location-Name: [u'TEST LLC,BA01_01009']
2013-11-20 10:55:42,076: DEBUG: NAS-Port-Type: ['Wireless-802.11']
2013-11-20 10:55:42,076: DEBUG: Called-Station-Id: [u'00:16:3E:78:08:1B']
2013-11-20 10:55:42,076: DEBUG: Calling-Station-Id: [u'17:21:31:41:52:90']
2013-11-20 10:55:42,077: DEBUG: 

2013-11-20 10:55:42,077: DEBUG: Received response with following attributes:
2013-11-20 10:55:52,078: DEBUG: 

2013-11-20 10:55:52,079: DEBUG: Creating Accounting Update Request with the following Attributes:
2013-11-20 10:55:52,080: DEBUG: User-Name: [u'username47@airborne.aircell.com']
2013-11-20 10:55:52,080: DEBUG: GoGo-Tail-Number: [u'AAATestNAS_120']
2013-11-20 10:55:52,080: DEBUG: Acct-Output-Octets: [6769125]
2013-11-20 10:55:52,080: DEBUG: NAS-IP-Address: ['10.254.125.1']
2013-11-20 10:55:52,081: DEBUG: GoGo-Total-Output-Gigawords: [0]
2013-11-20 10:55:52,081: DEBUG: Framed-IP-Address: ['10.254.125.47']
2013-11-20 10:55:52,081: DEBUG: GoGo-Total-Input-Voice-Gigawords: [0]
2013-11-20 10:55:52,081: DEBUG: GoGo-Total-Output-Octets: [6769125]
2013-11-20 10:55:52,081: DEBUG: GoGo-Acct-Input-Voice-Octets: [0]
2013-11-20 10:55:52,081: DEBUG: GoGo-Total-Input-Voice-Packets: [0]
2013-11-20 10:55:52,082: DEBUG: Called-Station-Id: [u'00:16:3E:78:08:1B']
2013-11-20 10:55:52,082: DEBUG: WISPr-Location-Name: [u'TEST LLC,BA01_01009']
2013-11-20 10:55:52,082: DEBUG: NAS-Identifier: [u'C08386']
2013-11-20 10:55:52,082: DEBUG: Proxy-State: ['3330,3132']
2013-11-20 10:55:52,082: DEBUG: GoGo-Total-Input-Voice-Octets: [0]
2013-11-20 10:55:52,082: DEBUG: Acct-Status-Type: ['Interim-Update']
2013-11-20 10:55:52,082: DEBUG: GoGo-Total-Output-Voice-Gigawords: [0]
2013-11-20 10:55:52,082: DEBUG: GoGo-Airline: [u'BA01']
2013-11-20 10:55:52,083: DEBUG: Acct-Session-Id: [u'AAATestNAS_120-1384925142072-00163E78081B-1']
2013-11-20 10:55:52,083: DEBUG: Acct-Session-Time: [10]
2013-11-20 10:55:52,083: DEBUG: Acct-Input-Packets: [32717]
2013-11-20 10:55:52,083: DEBUG: Acct-Output-Packets: [58385]
2013-11-20 10:55:52,083: DEBUG: GoGo-Acct-Output-Voice-Packets: [0]
2013-11-20 10:55:52,083: DEBUG: GoGo-Acct-Output-Voice-Octets: [0]
2013-11-20 10:55:52,083: DEBUG: Acct-Output-Gigawords: [0]
2013-11-20 10:55:52,084: DEBUG: GoGo-Total-Output-Voice-Packets: [0]
2013-11-20 10:55:52,084: DEBUG: Acct-Input-Gigawords: [0]
2013-11-20 10:55:52,084: DEBUG: Calling-Station-Id: [u'17:21:31:41:52:90']
2013-11-20 10:55:52,084: DEBUG: NAS-Port-Type: ['Wireless-802.11']
2013-11-20 10:55:52,084: DEBUG: GoGo-Total-Output-Voice-Octets: [0]
2013-11-20 10:55:52,084: DEBUG: GoGo-Private-IP-Address: ['192.168.1.179']
2013-11-20 10:55:52,084: DEBUG: GoGo-Acct-Input-Voice-Gigawords: [0]
2013-11-20 10:55:52,085: DEBUG: GoGo-Total-Input-Packets: [32717]
2013-11-20 10:55:52,085: DEBUG: GoGo-Total-Input-Gigawords: [0]
2013-11-20 10:55:52,085: DEBUG: GoGo-Acct-Input-Voice-Packets: [0]
2013-11-20 10:55:52,085: DEBUG: GoGo-Total-Input-Octets: [8724988]
2013-11-20 10:55:52,085: DEBUG: GoGo-Total-Output-Packets: [58385]
2013-11-20 10:55:52,085: DEBUG: WISPr-Location-ID: [u'airline=BA01,tail=01009,network=']
2013-11-20 10:55:52,085: DEBUG: GoGo-Acct-Output-Voice-Gigawords: [0]
2013-11-20 10:55:52,085: DEBUG: Acct-Input-Octets: [8724988]
2013-11-20 10:55:52,087: DEBUG: 

2013-11-20 10:55:52,088: DEBUG: Received response with following attributes:
2013-11-20 10:56:02,089: DEBUG: 

2013-11-20 10:56:02,089: DEBUG: Creating Accounting Update Request with the following Attributes:
2013-11-20 10:56:02,090: DEBUG: User-Name: [u'username47@airborne.aircell.com']
2013-11-20 10:56:02,090: DEBUG: GoGo-Tail-Number: [u'AAATestNAS_120']
2013-11-20 10:56:02,090: DEBUG: Acct-Output-Octets: [6917814]
2013-11-20 10:56:02,090: DEBUG: NAS-IP-Address: ['10.254.125.1']
2013-11-20 10:56:02,090: DEBUG: GoGo-Total-Output-Gigawords: [0]
2013-11-20 10:56:02,090: DEBUG: Framed-IP-Address: ['10.254.125.47']
2013-11-20 10:56:02,090: DEBUG: GoGo-Total-Input-Voice-Gigawords: [0]
2013-11-20 10:56:02,090: DEBUG: GoGo-Total-Output-Octets: [6917814]
2013-11-20 10:56:02,091: DEBUG: GoGo-Acct-Input-Voice-Octets: [0]
2013-11-20 10:56:02,091: DEBUG: GoGo-Total-Input-Voice-Packets: [0]
2013-11-20 10:56:02,091: DEBUG: Called-Station-Id: [u'00:16:3E:78:08:1B']
2013-11-20 10:56:02,091: DEBUG: WISPr-Location-Name: [u'TEST LLC,BA01_01009']
2013-11-20 10:56:02,091: DEBUG: NAS-Identifier: [u'C08386']
2013-11-20 10:56:02,091: DEBUG: Proxy-State: ['3330,3132']
2013-11-20 10:56:02,091: DEBUG: GoGo-Total-Input-Voice-Octets: [0]
2013-11-20 10:56:02,091: DEBUG: Acct-Status-Type: ['Interim-Update']
2013-11-20 10:56:02,091: DEBUG: GoGo-Total-Output-Voice-Gigawords: [0]
2013-11-20 10:56:02,091: DEBUG: GoGo-Airline: [u'BA01']
2013-11-20 10:56:02,091: DEBUG: Acct-Session-Id: [u'AAATestNAS_120-1384925142072-00163E78081B-1']
2013-11-20 10:56:02,092: DEBUG: Acct-Session-Time: [10]
2013-11-20 10:56:02,092: DEBUG: Acct-Input-Packets: [18904]
2013-11-20 10:56:02,092: DEBUG: Acct-Output-Packets: [31082]
2013-11-20 10:56:02,092: DEBUG: GoGo-Acct-Output-Voice-Packets: [0]
2013-11-20 10:56:02,092: DEBUG: GoGo-Acct-Output-Voice-Octets: [0]
2013-11-20 10:56:02,092: DEBUG: Acct-Output-Gigawords: [0]
2013-11-20 10:56:02,092: DEBUG: GoGo-Total-Output-Voice-Packets: [0]
2013-11-20 10:56:02,092: DEBUG: Acct-Input-Gigawords: [0]
2013-11-20 10:56:02,092: DEBUG: Calling-Station-Id: [u'17:21:31:41:52:90']
2013-11-20 10:56:02,092: DEBUG: NAS-Port-Type: ['Wireless-802.11']
2013-11-20 10:56:02,092: DEBUG: GoGo-Total-Output-Voice-Octets: [0]
2013-11-20 10:56:02,092: DEBUG: GoGo-Private-IP-Address: ['192.168.1.179']
2013-11-20 10:56:02,092: DEBUG: GoGo-Acct-Input-Voice-Gigawords: [0]
2013-11-20 10:56:02,093: DEBUG: GoGo-Total-Input-Packets: [18904]
2013-11-20 10:56:02,093: DEBUG: GoGo-Total-Input-Gigawords: [0]
2013-11-20 10:56:02,093: DEBUG: GoGo-Acct-Input-Voice-Packets: [0]
2013-11-20 10:56:02,093: DEBUG: GoGo-Total-Input-Octets: [2723118]
2013-11-20 10:56:02,093: DEBUG: GoGo-Total-Output-Packets: [31082]
2013-11-20 10:56:02,093: DEBUG: WISPr-Location-ID: [u'airline=BA01,tail=01009,network=']
2013-11-20 10:56:02,093: DEBUG: GoGo-Acct-Output-Voice-Gigawords: [0]
2013-11-20 10:56:02,093: DEBUG: Acct-Input-Octets: [2723118]
2013-11-20 10:56:02,095: DEBUG: 

2013-11-20 10:56:02,095: DEBUG: Received response with following attributes:
2013-11-20 10:56:12,096: DEBUG: 

2013-11-20 10:56:12,096: DEBUG: Creating Accounting Update Request with the following Attributes:
2013-11-20 10:56:12,096: DEBUG: User-Name: [u'username47@airborne.aircell.com']
2013-11-20 10:56:12,096: DEBUG: GoGo-Tail-Number: [u'AAATestNAS_120']
2013-11-20 10:56:12,096: DEBUG: Acct-Output-Octets: [5147007]
2013-11-20 10:56:12,096: DEBUG: NAS-IP-Address: ['10.254.125.1']
2013-11-20 10:56:12,097: DEBUG: GoGo-Total-Output-Gigawords: [0]
2013-11-20 10:56:12,097: DEBUG: Framed-IP-Address: ['10.254.125.47']
2013-11-20 10:56:12,097: DEBUG: GoGo-Total-Input-Voice-Gigawords: [0]
2013-11-20 10:56:12,097: DEBUG: GoGo-Total-Output-Octets: [5147007]
2013-11-20 10:56:12,097: DEBUG: GoGo-Acct-Input-Voice-Octets: [0]
2013-11-20 10:56:12,097: DEBUG: GoGo-Total-Input-Voice-Packets: [0]
2013-11-20 10:56:12,097: DEBUG: Called-Station-Id: [u'00:16:3E:78:08:1B']
2013-11-20 10:56:12,097: DEBUG: WISPr-Location-Name: [u'TEST LLC,BA01_01009']
2013-11-20 10:56:12,097: DEBUG: NAS-Identifier: [u'C08386']
2013-11-20 10:56:12,097: DEBUG: Proxy-State: ['3330,3132']
2013-11-20 10:56:12,097: DEBUG: GoGo-Total-Input-Voice-Octets: [0]
2013-11-20 10:56:12,097: DEBUG: Acct-Status-Type: ['Interim-Update']
2013-11-20 10:56:12,097: DEBUG: GoGo-Total-Output-Voice-Gigawords: [0]
2013-11-20 10:56:12,097: DEBUG: GoGo-Airline: [u'BA01']
2013-11-20 10:56:12,098: DEBUG: Acct-Session-Id: [u'AAATestNAS_120-1384925142072-00163E78081B-1']
2013-11-20 10:56:12,098: DEBUG: Acct-Session-Time: [10]
2013-11-20 10:56:12,098: DEBUG: Acct-Input-Packets: [16729]
2013-11-20 10:56:12,098: DEBUG: Acct-Output-Packets: [47463]
2013-11-20 10:56:12,098: DEBUG: GoGo-Acct-Output-Voice-Packets: [0]
2013-11-20 10:56:12,098: DEBUG: GoGo-Acct-Output-Voice-Octets: [0]
2013-11-20 10:56:12,098: DEBUG: Acct-Output-Gigawords: [0]
2013-11-20 10:56:12,098: DEBUG: GoGo-Total-Output-Voice-Packets: [0]
2013-11-20 10:56:12,098: DEBUG: Acct-Input-Gigawords: [0]
2013-11-20 10:56:12,098: DEBUG: Calling-Station-Id: [u'17:21:31:41:52:90']
2013-11-20 10:56:12,098: DEBUG: NAS-Port-Type: ['Wireless-802.11']
2013-11-20 10:56:12,098: DEBUG: GoGo-Total-Output-Voice-Octets: [0]
2013-11-20 10:56:12,098: DEBUG: GoGo-Private-IP-Address: ['192.168.1.179']
2013-11-20 10:56:12,098: DEBUG: GoGo-Acct-Input-Voice-Gigawords: [0]
2013-11-20 10:56:12,099: DEBUG: GoGo-Total-Input-Packets: [16729]
2013-11-20 10:56:12,099: DEBUG: GoGo-Total-Input-Gigawords: [0]
2013-11-20 10:56:12,099: DEBUG: GoGo-Acct-Input-Voice-Packets: [0]
2013-11-20 10:56:12,099: DEBUG: GoGo-Total-Input-Octets: [9300030]
2013-11-20 10:56:12,099: DEBUG: GoGo-Total-Output-Packets: [47463]
2013-11-20 10:56:12,099: DEBUG: WISPr-Location-ID: [u'airline=BA01,tail=01009,network=']
2013-11-20 10:56:12,099: DEBUG: GoGo-Acct-Output-Voice-Gigawords: [0]
2013-11-20 10:56:12,099: DEBUG: Acct-Input-Octets: [9300030]
2013-11-20 10:56:12,101: DEBUG: 

2013-11-20 10:56:12,101: DEBUG: Received response with following attributes:
2013-11-20 10:56:22,101: DEBUG: 

2013-11-20 10:56:22,102: DEBUG: Creating Accounting Update Request with the following Attributes:
2013-11-20 10:56:22,102: DEBUG: User-Name: [u'username47@airborne.aircell.com']
2013-11-20 10:56:22,102: DEBUG: GoGo-Tail-Number: [u'AAATestNAS_120']
2013-11-20 10:56:22,102: DEBUG: Acct-Output-Octets: [1266979]
2013-11-20 10:56:22,102: DEBUG: NAS-IP-Address: ['10.254.125.1']
2013-11-20 10:56:22,102: DEBUG: GoGo-Total-Output-Gigawords: [0]
2013-11-20 10:56:22,102: DEBUG: Framed-IP-Address: ['10.254.125.47']
2013-11-20 10:56:22,102: DEBUG: GoGo-Total-Input-Voice-Gigawords: [0]
2013-11-20 10:56:22,102: DEBUG: GoGo-Total-Output-Octets: [1266979]
2013-11-20 10:56:22,102: DEBUG: GoGo-Acct-Input-Voice-Octets: [0]
2013-11-20 10:56:22,102: DEBUG: GoGo-Total-Input-Voice-Packets: [0]
2013-11-20 10:56:22,103: DEBUG: Called-Station-Id: [u'00:16:3E:78:08:1B']
2013-11-20 10:56:22,103: DEBUG: WISPr-Location-Name: [u'TEST LLC,BA01_01009']
2013-11-20 10:56:22,103: DEBUG: NAS-Identifier: [u'C08386']
2013-11-20 10:56:22,103: DEBUG: Proxy-State: ['3330,3132']
2013-11-20 10:56:22,103: DEBUG: GoGo-Total-Input-Voice-Octets: [0]
2013-11-20 10:56:22,103: DEBUG: Acct-Status-Type: ['Interim-Update']
2013-11-20 10:56:22,103: DEBUG: GoGo-Total-Output-Voice-Gigawords: [0]
2013-11-20 10:56:22,103: DEBUG: GoGo-Airline: [u'BA01']
2013-11-20 10:56:22,103: DEBUG: Acct-Session-Id: [u'AAATestNAS_120-1384925142072-00163E78081B-1']
2013-11-20 10:56:22,103: DEBUG: Acct-Session-Time: [10]
2013-11-20 10:56:22,103: DEBUG: Acct-Input-Packets: [19504]
2013-11-20 10:56:22,103: DEBUG: Acct-Output-Packets: [11566]
2013-11-20 10:56:22,103: DEBUG: GoGo-Acct-Output-Voice-Packets: [0]
2013-11-20 10:56:22,103: DEBUG: GoGo-Acct-Output-Voice-Octets: [0]
2013-11-20 10:56:22,104: DEBUG: Acct-Output-Gigawords: [0]
2013-11-20 10:56:22,104: DEBUG: GoGo-Total-Output-Voice-Packets: [0]
2013-11-20 10:56:22,104: DEBUG: Acct-Input-Gigawords: [0]
2013-11-20 10:56:22,104: DEBUG: Calling-Station-Id: [u'17:21:31:41:52:90']
2013-11-20 10:56:22,104: DEBUG: NAS-Port-Type: ['Wireless-802.11']
2013-11-20 10:56:22,104: DEBUG: GoGo-Total-Output-Voice-Octets: [0]
2013-11-20 10:56:22,104: DEBUG: GoGo-Private-IP-Address: ['192.168.1.179']
2013-11-20 10:56:22,104: DEBUG: GoGo-Acct-Input-Voice-Gigawords: [0]
2013-11-20 10:56:22,104: DEBUG: GoGo-Total-Input-Packets: [19504]
2013-11-20 10:56:22,104: DEBUG: GoGo-Total-Input-Gigawords: [0]
2013-11-20 10:56:22,104: DEBUG: GoGo-Acct-Input-Voice-Packets: [0]
2013-11-20 10:56:22,104: DEBUG: GoGo-Total-Input-Octets: [2139328]
2013-11-20 10:56:22,104: DEBUG: GoGo-Total-Output-Packets: [11566]
2013-11-20 10:56:22,104: DEBUG: WISPr-Location-ID: [u'airline=BA01,tail=01009,network=']
2013-11-20 10:56:22,105: DEBUG: GoGo-Acct-Output-Voice-Gigawords: [0]
2013-11-20 10:56:22,105: DEBUG: Acct-Input-Octets: [2139328]
2013-11-20 10:56:22,106: DEBUG: 

2013-11-20 10:56:22,106: DEBUG: Received response with following attributes:
2013-11-20 10:56:32,107: DEBUG: 

2013-11-20 10:56:32,108: DEBUG: Creating Accounting Update Request with the following Attributes:
2013-11-20 10:56:32,108: DEBUG: User-Name: [u'username47@airborne.aircell.com']
2013-11-20 10:56:32,108: DEBUG: GoGo-Tail-Number: [u'AAATestNAS_120']
2013-11-20 10:56:32,108: DEBUG: Acct-Output-Octets: [7137423]
2013-11-20 10:56:32,108: DEBUG: NAS-IP-Address: ['10.254.125.1']
2013-11-20 10:56:32,108: DEBUG: GoGo-Total-Output-Gigawords: [0]
2013-11-20 10:56:32,108: DEBUG: Framed-IP-Address: ['10.254.125.47']
2013-11-20 10:56:32,108: DEBUG: GoGo-Total-Input-Voice-Gigawords: [0]
2013-11-20 10:56:32,108: DEBUG: GoGo-Total-Output-Octets: [7137423]
2013-11-20 10:56:32,109: DEBUG: GoGo-Acct-Input-Voice-Octets: [0]
2013-11-20 10:56:32,109: DEBUG: GoGo-Total-Input-Voice-Packets: [0]
2013-11-20 10:56:32,109: DEBUG: Called-Station-Id: [u'00:16:3E:78:08:1B']
2013-11-20 10:56:32,109: DEBUG: WISPr-Location-Name: [u'TEST LLC,BA01_01009']
2013-11-20 10:56:32,109: DEBUG: NAS-Identifier: [u'C08386']
2013-11-20 10:56:32,109: DEBUG: Proxy-State: ['3330,3132']
2013-11-20 10:56:32,109: DEBUG: GoGo-Total-Input-Voice-Octets: [0]
2013-11-20 10:56:32,109: DEBUG: Acct-Status-Type: ['Interim-Update']
2013-11-20 10:56:32,109: DEBUG: GoGo-Total-Output-Voice-Gigawords: [0]
2013-11-20 10:56:32,109: DEBUG: GoGo-Airline: [u'BA01']
2013-11-20 10:56:32,109: DEBUG: Acct-Session-Id: [u'AAATestNAS_120-1384925142072-00163E78081B-1']
2013-11-20 10:56:32,109: DEBUG: Acct-Session-Time: [10]
2013-11-20 10:56:32,109: DEBUG: Acct-Input-Packets: [51038]
2013-11-20 10:56:32,109: DEBUG: Acct-Output-Packets: [54739]
2013-11-20 10:56:32,110: DEBUG: GoGo-Acct-Output-Voice-Packets: [0]
2013-11-20 10:56:32,110: DEBUG: GoGo-Acct-Output-Voice-Octets: [0]
2013-11-20 10:56:32,110: DEBUG: Acct-Output-Gigawords: [0]
2013-11-20 10:56:32,110: DEBUG: GoGo-Total-Output-Voice-Packets: [0]
2013-11-20 10:56:32,110: DEBUG: Acct-Input-Gigawords: [0]
2013-11-20 10:56:32,110: DEBUG: Calling-Station-Id: [u'17:21:31:41:52:90']
2013-11-20 10:56:32,110: DEBUG: NAS-Port-Type: ['Wireless-802.11']
2013-11-20 10:56:32,110: DEBUG: GoGo-Total-Output-Voice-Octets: [0]
2013-11-20 10:56:32,110: DEBUG: GoGo-Private-IP-Address: ['192.168.1.179']
2013-11-20 10:56:32,110: DEBUG: GoGo-Acct-Input-Voice-Gigawords: [0]
2013-11-20 10:56:32,110: DEBUG: GoGo-Total-Input-Packets: [51038]
2013-11-20 10:56:32,110: DEBUG: GoGo-Total-Input-Gigawords: [0]
2013-11-20 10:56:32,110: DEBUG: GoGo-Acct-Input-Voice-Packets: [0]
2013-11-20 10:56:32,110: DEBUG: GoGo-Total-Input-Octets: [5752875]
2013-11-20 10:56:32,111: DEBUG: GoGo-Total-Output-Packets: [54739]
2013-11-20 10:56:32,111: DEBUG: WISPr-Location-ID: [u'airline=BA01,tail=01009,network=']
2013-11-20 10:56:32,111: DEBUG: GoGo-Acct-Output-Voice-Gigawords: [0]
2013-11-20 10:56:32,111: DEBUG: Acct-Input-Octets: [5752875]
2013-11-20 10:56:32,112: DEBUG: 

2013-11-20 10:56:32,112: DEBUG: Received response with following attributes:
2013-11-20 10:56:59,113: DEBUG: 

2013-11-20 10:56:59,114: DEBUG: Creating Accounting Stop Request with the following Attributes:
2013-11-20 10:56:59,114: DEBUG: User-Name: [u'username47@airborne.aircell.com']
2013-11-20 10:56:59,114: DEBUG: GoGo-Tail-Number: [u'01009']
2013-11-20 10:56:59,114: DEBUG: Acct-Output-Octets: [9033658]
2013-11-20 10:56:59,114: DEBUG: NAS-IP-Address: ['10.254.125.1']
2013-11-20 10:56:59,114: DEBUG: GoGo-Total-Output-Gigawords: [0]
2013-11-20 10:56:59,114: DEBUG: Framed-IP-Address: ['10.254.125.47']
2013-11-20 10:56:59,114: DEBUG: GoGo-Total-Input-Voice-Gigawords: [0]
2013-11-20 10:56:59,114: DEBUG: GoGo-Total-Output-Octets: [9033658]
2013-11-20 10:56:59,114: DEBUG: GoGo-Acct-Input-Voice-Octets: [0]
2013-11-20 10:56:59,114: DEBUG: GoGo-Total-Input-Voice-Packets: [0]
2013-11-20 10:56:59,115: DEBUG: Called-Station-Id: [u'00:16:3E:78:08:1B']
2013-11-20 10:56:59,115: DEBUG: WISPr-Location-Name: [u'TEST LLC,BA01_01009']
2013-11-20 10:56:59,115: DEBUG: NAS-Identifier: [u'C08386']
2013-11-20 10:56:59,115: DEBUG: Proxy-State: ['3330,3132']
2013-11-20 10:56:59,115: DEBUG: GoGo-Total-Input-Voice-Octets: [0]
2013-11-20 10:56:59,115: DEBUG: Acct-Status-Type: ['Stop']
2013-11-20 10:56:59,115: DEBUG: GoGo-Total-Output-Voice-Gigawords: [0]
2013-11-20 10:56:59,115: DEBUG: GoGo-Airline: [u'BA01']
2013-11-20 10:56:59,115: DEBUG: Acct-Session-Id: [u'AAATestNAS_120-1384925142072-00163E78081B-1']
2013-11-20 10:56:59,115: DEBUG: Acct-Session-Time: [27]
2013-11-20 10:56:59,115: DEBUG: Acct-Input-Packets: [59243]
2013-11-20 10:56:59,115: DEBUG: Acct-Output-Packets: [23210]
2013-11-20 10:56:59,115: DEBUG: Acct-Terminate-Cause: ['User-Request']
2013-11-20 10:56:59,115: DEBUG: GoGo-Acct-Output-Voice-Octets: [0]
2013-11-20 10:56:59,116: DEBUG: Acct-Output-Gigawords: [0]
2013-11-20 10:56:59,116: DEBUG: GoGo-Total-Output-Voice-Packets: [0]
2013-11-20 10:56:59,116: DEBUG: Acct-Input-Gigawords: [0]
2013-11-20 10:56:59,116: DEBUG: Calling-Station-Id: [u'17:21:31:41:52:90']
2013-11-20 10:56:59,116: DEBUG: NAS-Port-Type: ['Wireless-802.11']
2013-11-20 10:56:59,116: DEBUG: GoGo-Total-Output-Voice-Octets: [0]
2013-11-20 10:56:59,116: DEBUG: GoGo-Private-IP-Address: ['192.168.1.179']
2013-11-20 10:56:59,116: DEBUG: GoGo-Acct-Input-Voice-Gigawords: [0]
2013-11-20 10:56:59,116: DEBUG: GoGo-Total-Input-Packets: [59243]
2013-11-20 10:56:59,116: DEBUG: GoGo-Total-Input-Gigawords: [0]
2013-11-20 10:56:59,116: DEBUG: GoGo-Acct-Input-Voice-Packets: [0]
2013-11-20 10:56:59,116: DEBUG: GoGo-Total-Input-Octets: [8903371]
2013-11-20 10:56:59,116: DEBUG: GoGo-Total-Output-Packets: [23210]
2013-11-20 10:56:59,116: DEBUG: WISPr-Location-ID: [u'airline=BA01,tail=01009,network=']
2013-11-20 10:56:59,116: DEBUG: GoGo-Acct-Output-Voice-Packets: [0]
2013-11-20 10:56:59,117: DEBUG: GoGo-Acct-Output-Voice-Gigawords: [0]
2013-11-20 10:56:59,117: DEBUG: Acct-Input-Octets: [8903371]
2013-11-20 10:56:59,118: DEBUG: 

2013-11-20 10:56:59,118: DEBUG: Received response with following attributes:
2013-11-20 10:56:59,118: DEBUG: Ending the test for this user
2013-11-20 10:56:59,480: DEBUG: Starting the client for the user username47@airborne.aircell.com to the server localhost

2013-11-20 10:56:59,480: DEBUG: DURATION of the TEST: 71
2013-11-20 10:56:59,481: DEBUG: NAS-IP: 10.254.122.1
2013-11-20 10:56:59,481: DEBUG: NAS-MAC-ADDR: 17:21:31:41:52:87
2013-11-20 10:56:59,481: DEBUG: Abruptly End: False
2013-11-20 10:56:59,481: DEBUG: Framed-IP: 10.254.122.97
2013-11-20 10:56:59,481: DEBUG: User-MAC-Addr: 00:16:3E:57:A9:D8
2013-11-20 10:56:59,481: DEBUG: 

2013-11-20 10:56:59,482: DEBUG: Creating Authentication Request with the following Attributes:
2013-11-20 10:56:59,482: DEBUG: NAS-Identifier: [u'C08386']
2013-11-20 10:56:59,482: DEBUG: User-Name: [u'username47@airborne.aircell.com']
2013-11-20 10:56:59,482: DEBUG: NAS-IP-Address: ['10.254.122.1']
2013-11-20 10:56:59,482: DEBUG: Service-Type: ['Authenticate-Only']
2013-11-20 10:56:59,482: DEBUG: Proxy-State: ['3237,3134']
2013-11-20 10:56:59,482: DEBUG: Framed-IP-Address: ['10.254.122.97']
2013-11-20 10:56:59,482: DEBUG: GoGo-Airline: [u'BA01']
2013-11-20 10:56:59,482: DEBUG: Acct-Session-Id: [u'AAATestNAS_117-1384925219481-00163E57A9D8-1']
2013-11-20 10:56:59,483: DEBUG: GoGo-Tail-Number: [u'AAATestNAS_117']
2013-11-20 10:56:59,483: DEBUG: GoGo-Private-IP-Address: ['192.168.1.179']
2013-11-20 10:56:59,483: DEBUG: WISPr-Location-ID: [u'airline=BA01,tail=01009,network=']
2013-11-20 10:56:59,483: DEBUG: WISPr-Location-Name: [u'TEST LLC,BA01_01009']
2013-11-20 10:56:59,483: DEBUG: NAS-Port-Type: ['Wireless-802.11']
2013-11-20 10:56:59,483: DEBUG: Called-Station-Id: [u'00:16:3E:57:A9:D8']
2013-11-20 10:56:59,483: DEBUG: Calling-Station-Id: [u'17:21:31:41:52:87']
2013-11-20 10:56:59,484: DEBUG: 

2013-11-20 10:56:59,484: DEBUG: Received response with code: 2, Accepted
2013-11-20 10:56:59,485: DEBUG: Creating Authentication Request with the following Attributes:
2013-11-20 10:56:59,485: DEBUG: NAS-Identifier: [u'C08386']
2013-11-20 10:56:59,485: DEBUG: User-Name: [u'username47@airborne.aircell.com']
2013-11-20 10:56:59,485: DEBUG: NAS-IP-Address: ['10.254.122.1']
2013-11-20 10:56:59,485: DEBUG: Service-Type: ['Login-User']
2013-11-20 10:56:59,485: DEBUG: Proxy-State: ['3237,3134']
2013-11-20 10:56:59,485: DEBUG: Framed-IP-Address: ['10.254.122.97']
2013-11-20 10:56:59,485: DEBUG: GoGo-Airline: [u'BA01']
2013-11-20 10:56:59,486: DEBUG: Acct-Session-Id: [u'AAATestNAS_117-1384925219484-00163E57A9D8-1']
2013-11-20 10:56:59,486: DEBUG: GoGo-Tail-Number: [u'AAATestNAS_117']
2013-11-20 10:56:59,486: DEBUG: GoGo-Private-IP-Address: ['192.168.1.179']
2013-11-20 10:56:59,486: DEBUG: WISPr-Location-ID: [u'airline=BA01,tail=01009,network=']
2013-11-20 10:56:59,486: DEBUG: WISPr-Location-Name: [u'TEST LLC,BA01_01009']
2013-11-20 10:56:59,486: DEBUG: NAS-Port-Type: ['Wireless-802.11']
2013-11-20 10:56:59,486: DEBUG: Called-Station-Id: [u'00:16:3E:57:A9:D8']
2013-11-20 10:56:59,486: DEBUG: Calling-Station-Id: [u'17:21:31:41:52:87']
2013-11-20 10:56:59,487: DEBUG: 

2013-11-20 10:56:59,487: DEBUG: Received response with code: 2, Accepted
2013-11-20 10:56:59,487: DEBUG: 

2013-11-20 10:56:59,488: DEBUG: Creating Accounting start Request with the following Attributes:
2013-11-20 10:56:59,488: DEBUG: NAS-Identifier: [u'C08386']
2013-11-20 10:56:59,488: DEBUG: User-Name: [u'username47@airborne.aircell.com']
2013-11-20 10:56:59,488: DEBUG: GoGo-Tail-Number: [u'AAATestNAS_117']
2013-11-20 10:56:59,488: DEBUG: NAS-IP-Address: ['10.254.122.1']
2013-11-20 10:56:59,488: DEBUG: Proxy-State: ['3239,3131']
2013-11-20 10:56:59,488: DEBUG: Acct-Status-Type: ['Start']
2013-11-20 10:56:59,488: DEBUG: GoGo-Airline: [u'BA01']
2013-11-20 10:56:59,489: DEBUG: Acct-Session-Id: [u'AAATestNAS_117-1384925219484-00163E57A9D8-1']
2013-11-20 10:56:59,489: DEBUG: GoGo-Private-IP-Address: ['192.168.1.179']
2013-11-20 10:56:59,489: DEBUG: Framed-IP-Address: ['10.254.122.97']
2013-11-20 10:56:59,490: DEBUG: WISPr-Location-ID: [u'airline=BA01,tail=01009,network=']
2013-11-20 10:56:59,490: DEBUG: WISPr-Location-Name: [u'TEST LLC,BA01_01009']
2013-11-20 10:56:59,490: DEBUG: NAS-Port-Type: ['Wireless-802.11']
2013-11-20 10:56:59,491: DEBUG: Called-Station-Id: [u'00:16:3E:57:A9:D8']
2013-11-20 10:56:59,491: DEBUG: Calling-Station-Id: [u'17:21:31:41:52:87']
2013-11-20 10:56:59,492: DEBUG: 

2013-11-20 10:56:59,492: DEBUG: Received response with following attributes:
2013-11-20 10:57:09,493: DEBUG: 

2013-11-20 10:57:09,494: DEBUG: Creating Accounting Update Request with the following Attributes:
2013-11-20 10:57:09,495: DEBUG: User-Name: [u'username47@airborne.aircell.com']
2013-11-20 10:57:09,496: DEBUG: GoGo-Tail-Number: [u'AAATestNAS_117']
2013-11-20 10:57:09,496: DEBUG: Acct-Output-Octets: [9654737]
2013-11-20 10:57:09,497: DEBUG: NAS-IP-Address: ['10.254.122.1']
2013-11-20 10:57:09,497: DEBUG: GoGo-Total-Output-Gigawords: [0]
2013-11-20 10:57:09,498: DEBUG: Framed-IP-Address: ['10.254.122.97']
2013-11-20 10:57:09,498: DEBUG: GoGo-Total-Input-Voice-Gigawords: [0]
2013-11-20 10:57:09,499: DEBUG: GoGo-Total-Output-Octets: [9654737]
2013-11-20 10:57:09,499: DEBUG: GoGo-Acct-Input-Voice-Octets: [0]
2013-11-20 10:57:09,500: DEBUG: GoGo-Total-Input-Voice-Packets: [0]
2013-11-20 10:57:09,500: DEBUG: Called-Station-Id: [u'00:16:3E:57:A9:D8']
2013-11-20 10:57:09,501: DEBUG: WISPr-Location-Name: [u'TEST LLC,BA01_01009']
2013-11-20 10:57:09,501: DEBUG: NAS-Identifier: [u'C08386']
2013-11-20 10:57:09,501: DEBUG: Proxy-State: ['3330,3132']
2013-11-20 10:57:09,502: DEBUG: GoGo-Total-Input-Voice-Octets: [0]
2013-11-20 10:57:09,502: DEBUG: Acct-Status-Type: ['Interim-Update']
2013-11-20 10:57:09,503: DEBUG: GoGo-Total-Output-Voice-Gigawords: [0]
2013-11-20 10:57:09,503: DEBUG: GoGo-Airline: [u'BA01']
2013-11-20 10:57:09,504: DEBUG: Acct-Session-Id: [u'AAATestNAS_117-1384925219484-00163E57A9D8-1']
2013-11-20 10:57:09,504: DEBUG: Acct-Session-Time: [10]
2013-11-20 10:57:09,504: DEBUG: Acct-Input-Packets: [81123]
2013-11-20 10:57:09,505: DEBUG: Acct-Output-Packets: [43236]
2013-11-20 10:57:09,505: DEBUG: GoGo-Acct-Output-Voice-Packets: [0]
2013-11-20 10:57:09,506: DEBUG: GoGo-Acct-Output-Voice-Octets: [0]
2013-11-20 10:57:09,506: DEBUG: Acct-Output-Gigawords: [0]
2013-11-20 10:57:09,507: DEBUG: GoGo-Total-Output-Voice-Packets: [0]
2013-11-20 10:57:09,507: DEBUG: Acct-Input-Gigawords: [0]
2013-11-20 10:57:09,507: DEBUG: Calling-Station-Id: [u'17:21:31:41:52:87']
2013-11-20 10:57:09,508: DEBUG: NAS-Port-Type: ['Wireless-802.11']
2013-11-20 10:57:09,508: DEBUG: GoGo-Total-Output-Voice-Octets: [0]
2013-11-20 10:57:09,508: DEBUG: GoGo-Private-IP-Address: ['192.168.1.179']
2013-11-20 10:57:09,509: DEBUG: GoGo-Acct-Input-Voice-Gigawords: [0]
2013-11-20 10:57:09,509: DEBUG: GoGo-Total-Input-Packets: [81123]
2013-11-20 10:57:09,510: DEBUG: GoGo-Total-Input-Gigawords: [0]
2013-11-20 10:57:09,510: DEBUG: GoGo-Acct-Input-Voice-Packets: [0]
2013-11-20 10:57:09,510: DEBUG: GoGo-Total-Input-Octets: [9907991]
2013-11-20 10:57:09,511: DEBUG: GoGo-Total-Output-Packets: [43236]
2013-11-20 10:57:09,511: DEBUG: WISPr-Location-ID: [u'airline=BA01,tail=01009,network=']
2013-11-20 10:57:09,511: DEBUG: GoGo-Acct-Output-Voice-Gigawords: [0]
2013-11-20 10:57:09,512: DEBUG: Acct-Input-Octets: [9907991]
2013-11-20 10:57:09,514: DEBUG: 

2013-11-20 10:57:09,515: DEBUG: Received response with following attributes:
2013-11-20 10:57:19,515: DEBUG: 

2013-11-20 10:57:19,516: DEBUG: Creating Accounting Update Request with the following Attributes:
2013-11-20 10:57:19,517: DEBUG: User-Name: [u'username47@airborne.aircell.com']
2013-11-20 10:57:19,517: DEBUG: GoGo-Tail-Number: [u'AAATestNAS_117']
2013-11-20 10:57:19,517: DEBUG: Acct-Output-Octets: [9621753]
2013-11-20 10:57:19,518: DEBUG: NAS-IP-Address: ['10.254.122.1']
2013-11-20 10:57:19,518: DEBUG: GoGo-Total-Output-Gigawords: [0]
2013-11-20 10:57:19,519: DEBUG: Framed-IP-Address: ['10.254.122.97']
2013-11-20 10:57:19,520: DEBUG: GoGo-Total-Input-Voice-Gigawords: [0]
2013-11-20 10:57:19,520: DEBUG: GoGo-Total-Output-Octets: [9621753]
2013-11-20 10:57:19,521: DEBUG: GoGo-Acct-Input-Voice-Octets: [0]
2013-11-20 10:57:19,521: DEBUG: GoGo-Total-Input-Voice-Packets: [0]
2013-11-20 10:57:19,522: DEBUG: Called-Station-Id: [u'00:16:3E:57:A9:D8']
2013-11-20 10:57:19,523: DEBUG: WISPr-Location-Name: [u'TEST LLC,BA01_01009']
2013-11-20 10:57:19,524: DEBUG: NAS-Identifier: [u'C08386']
2013-11-20 10:57:19,524: DEBUG: Proxy-State: ['3330,3132']
2013-11-20 10:57:19,525: DEBUG: GoGo-Total-Input-Voice-Octets: [0]
2013-11-20 10:57:19,526: DEBUG: Acct-Status-Type: ['Interim-Update']
2013-11-20 10:57:19,526: DEBUG: GoGo-Total-Output-Voice-Gigawords: [0]
2013-11-20 10:57:19,527: DEBUG: GoGo-Airline: [u'BA01']
2013-11-20 10:57:19,529: DEBUG: Acct-Session-Id: [u'AAATestNAS_117-1384925219484-00163E57A9D8-1']
2013-11-20 10:57:19,530: DEBUG: Acct-Session-Time: [10]
2013-11-20 10:57:19,533: DEBUG: Acct-Input-Packets: [32093]
2013-11-20 10:57:19,533: DEBUG: Acct-Output-Packets: [53445]
2013-11-20 10:57:19,534: DEBUG: GoGo-Acct-Output-Voice-Packets: [0]
2013-11-20 10:57:19,534: DEBUG: GoGo-Acct-Output-Voice-Octets: [0]
2013-11-20 10:57:19,535: DEBUG: Acct-Output-Gigawords: [0]
2013-11-20 10:57:19,536: DEBUG: GoGo-Total-Output-Voice-Packets: [0]
2013-11-20 10:57:19,536: DEBUG: Acct-Input-Gigawords: [0]
2013-11-20 10:57:19,537: DEBUG: Calling-Station-Id: [u'17:21:31:41:52:87']
2013-11-20 10:57:19,539: DEBUG: NAS-Port-Type: ['Wireless-802.11']
2013-11-20 10:57:19,540: DEBUG: GoGo-Total-Output-Voice-Octets: [0]
2013-11-20 10:57:19,542: DEBUG: GoGo-Private-IP-Address: ['192.168.1.179']
2013-11-20 10:57:19,545: DEBUG: GoGo-Acct-Input-Voice-Gigawords: [0]
2013-11-20 10:57:19,546: DEBUG: GoGo-Total-Input-Packets: [32093]
2013-11-20 10:57:19,548: DEBUG: GoGo-Total-Input-Gigawords: [0]
2013-11-20 10:57:19,548: DEBUG: GoGo-Acct-Input-Voice-Packets: [0]
2013-11-20 10:57:19,550: DEBUG: GoGo-Total-Input-Octets: [6441705]
2013-11-20 10:57:19,551: DEBUG: GoGo-Total-Output-Packets: [53445]
2013-11-20 10:57:19,552: DEBUG: WISPr-Location-ID: [u'airline=BA01,tail=01009,network=']
2013-11-20 10:57:19,553: DEBUG: GoGo-Acct-Output-Voice-Gigawords: [0]
2013-11-20 10:57:19,554: DEBUG: Acct-Input-Octets: [6441705]
2013-11-20 10:57:19,557: DEBUG: 

2013-11-20 10:57:19,558: DEBUG: Received response with following attributes:
2013-11-20 10:57:29,562: DEBUG: 

2013-11-20 10:57:29,563: DEBUG: Creating Accounting Update Request with the following Attributes:
2013-11-20 10:57:29,563: DEBUG: User-Name: [u'username47@airborne.aircell.com']
2013-11-20 10:57:29,563: DEBUG: GoGo-Tail-Number: [u'AAATestNAS_117']
2013-11-20 10:57:29,563: DEBUG: Acct-Output-Octets: [5775011]
2013-11-20 10:57:29,564: DEBUG: NAS-IP-Address: ['10.254.122.1']
2013-11-20 10:57:29,564: DEBUG: GoGo-Total-Output-Gigawords: [0]
2013-11-20 10:57:29,564: DEBUG: Framed-IP-Address: ['10.254.122.97']
2013-11-20 10:57:29,564: DEBUG: GoGo-Total-Input-Voice-Gigawords: [0]
2013-11-20 10:57:29,564: DEBUG: GoGo-Total-Output-Octets: [5775011]
2013-11-20 10:57:29,564: DEBUG: GoGo-Acct-Input-Voice-Octets: [0]
2013-11-20 10:57:29,564: DEBUG: GoGo-Total-Input-Voice-Packets: [0]
2013-11-20 10:57:29,565: DEBUG: Called-Station-Id: [u'00:16:3E:57:A9:D8']
2013-11-20 10:57:29,565: DEBUG: WISPr-Location-Name: [u'TEST LLC,BA01_01009']
2013-11-20 10:57:29,565: DEBUG: NAS-Identifier: [u'C08386']
2013-11-20 10:57:29,565: DEBUG: Proxy-State: ['3330,3132']
2013-11-20 10:57:29,565: DEBUG: GoGo-Total-Input-Voice-Octets: [0]
2013-11-20 10:57:29,565: DEBUG: Acct-Status-Type: ['Interim-Update']
2013-11-20 10:57:29,565: DEBUG: GoGo-Total-Output-Voice-Gigawords: [0]
2013-11-20 10:57:29,565: DEBUG: GoGo-Airline: [u'BA01']
2013-11-20 10:57:29,565: DEBUG: Acct-Session-Id: [u'AAATestNAS_117-1384925219484-00163E57A9D8-1']
2013-11-20 10:57:29,565: DEBUG: Acct-Session-Time: [10]
2013-11-20 10:57:29,566: DEBUG: Acct-Input-Packets: [9955]
2013-11-20 10:57:29,566: DEBUG: Acct-Output-Packets: [42622]
2013-11-20 10:57:29,566: DEBUG: GoGo-Acct-Output-Voice-Packets: [0]
2013-11-20 10:57:29,566: DEBUG: GoGo-Acct-Output-Voice-Octets: [0]
2013-11-20 10:57:29,566: DEBUG: Acct-Output-Gigawords: [0]
2013-11-20 10:57:29,566: DEBUG: GoGo-Total-Output-Voice-Packets: [0]
2013-11-20 10:57:29,566: DEBUG: Acct-Input-Gigawords: [0]
2013-11-20 10:57:29,566: DEBUG: Calling-Station-Id: [u'17:21:31:41:52:87']
2013-11-20 10:57:29,566: DEBUG: NAS-Port-Type: ['Wireless-802.11']
2013-11-20 10:57:29,567: DEBUG: GoGo-Total-Output-Voice-Octets: [0]
2013-11-20 10:57:29,567: DEBUG: GoGo-Private-IP-Address: ['192.168.1.179']
2013-11-20 10:57:29,567: DEBUG: GoGo-Acct-Input-Voice-Gigawords: [0]
2013-11-20 10:57:29,567: DEBUG: GoGo-Total-Input-Packets: [9955]
2013-11-20 10:57:29,567: DEBUG: GoGo-Total-Input-Gigawords: [0]
2013-11-20 10:57:29,567: DEBUG: GoGo-Acct-Input-Voice-Packets: [0]
2013-11-20 10:57:29,567: DEBUG: GoGo-Total-Input-Octets: [2039616]
2013-11-20 10:57:29,567: DEBUG: GoGo-Total-Output-Packets: [42622]
2013-11-20 10:57:29,567: DEBUG: WISPr-Location-ID: [u'airline=BA01,tail=01009,network=']
2013-11-20 10:57:29,567: DEBUG: GoGo-Acct-Output-Voice-Gigawords: [0]
2013-11-20 10:57:29,568: DEBUG: Acct-Input-Octets: [2039616]
2013-11-20 10:57:29,569: DEBUG: 

2013-11-20 10:57:29,569: DEBUG: Received response with following attributes:
2013-11-20 10:57:39,570: DEBUG: 

2013-11-20 10:57:39,571: DEBUG: Creating Accounting Update Request with the following Attributes:
2013-11-20 10:57:39,571: DEBUG: User-Name: [u'username47@airborne.aircell.com']
2013-11-20 10:57:39,571: DEBUG: GoGo-Tail-Number: [u'AAATestNAS_117']
2013-11-20 10:57:39,571: DEBUG: Acct-Output-Octets: [4172941]
2013-11-20 10:57:39,571: DEBUG: NAS-IP-Address: ['10.254.122.1']
2013-11-20 10:57:39,571: DEBUG: GoGo-Total-Output-Gigawords: [0]
2013-11-20 10:57:39,571: DEBUG: Framed-IP-Address: ['10.254.122.97']
2013-11-20 10:57:39,571: DEBUG: GoGo-Total-Input-Voice-Gigawords: [0]
2013-11-20 10:57:39,572: DEBUG: GoGo-Total-Output-Octets: [4172941]
2013-11-20 10:57:39,572: DEBUG: GoGo-Acct-Input-Voice-Octets: [0]
2013-11-20 10:57:39,572: DEBUG: GoGo-Total-Input-Voice-Packets: [0]
2013-11-20 10:57:39,572: DEBUG: Called-Station-Id: [u'00:16:3E:57:A9:D8']
2013-11-20 10:57:39,572: DEBUG: WISPr-Location-Name: [u'TEST LLC,BA01_01009']
2013-11-20 10:57:39,572: DEBUG: NAS-Identifier: [u'C08386']
2013-11-20 10:57:39,572: DEBUG: Proxy-State: ['3330,3132']
2013-11-20 10:57:39,572: DEBUG: GoGo-Total-Input-Voice-Octets: [0]
2013-11-20 10:57:39,572: DEBUG: Acct-Status-Type: ['Interim-Update']
2013-11-20 10:57:39,573: DEBUG: GoGo-Total-Output-Voice-Gigawords: [0]
2013-11-20 10:57:39,573: DEBUG: GoGo-Airline: [u'BA01']
2013-11-20 10:57:39,573: DEBUG: Acct-Session-Id: [u'AAATestNAS_117-1384925219484-00163E57A9D8-1']
2013-11-20 10:57:39,573: DEBUG: Acct-Session-Time: [10]
2013-11-20 10:57:39,573: DEBUG: Acct-Input-Packets: [44859]
2013-11-20 10:57:39,573: DEBUG: Acct-Output-Packets: [12866]
2013-11-20 10:57:39,573: DEBUG: GoGo-Acct-Output-Voice-Packets: [0]
2013-11-20 10:57:39,573: DEBUG: GoGo-Acct-Output-Voice-Octets: [0]
2013-11-20 10:57:39,573: DEBUG: Acct-Output-Gigawords: [0]
2013-11-20 10:57:39,573: DEBUG: GoGo-Total-Output-Voice-Packets: [0]
2013-11-20 10:57:39,574: DEBUG: Acct-Input-Gigawords: [0]
2013-11-20 10:57:39,574: DEBUG: Calling-Station-Id: [u'17:21:31:41:52:87']
2013-11-20 10:57:39,574: DEBUG: NAS-Port-Type: ['Wireless-802.11']
2013-11-20 10:57:39,574: DEBUG: GoGo-Total-Output-Voice-Octets: [0]
2013-11-20 10:57:39,574: DEBUG: GoGo-Private-IP-Address: ['192.168.1.179']
2013-11-20 10:57:39,574: DEBUG: GoGo-Acct-Input-Voice-Gigawords: [0]
2013-11-20 10:57:39,574: DEBUG: GoGo-Total-Input-Packets: [44859]
2013-11-20 10:57:39,574: DEBUG: GoGo-Total-Input-Gigawords: [0]
2013-11-20 10:57:39,574: DEBUG: GoGo-Acct-Input-Voice-Packets: [0]
2013-11-20 10:57:39,575: DEBUG: GoGo-Total-Input-Octets: [8049194]
2013-11-20 10:57:39,575: DEBUG: GoGo-Total-Output-Packets: [12866]
2013-11-20 10:57:39,575: DEBUG: WISPr-Location-ID: [u'airline=BA01,tail=01009,network=']
2013-11-20 10:57:39,575: DEBUG: GoGo-Acct-Output-Voice-Gigawords: [0]
2013-11-20 10:57:39,575: DEBUG: Acct-Input-Octets: [8049194]
2013-11-20 10:57:39,575: ERROR: Network error, Reason: 'Network error: Too many open files'
2013-11-20 10:57:49,576: DEBUG: 

2013-11-20 10:57:49,577: DEBUG: Creating Accounting Update Request with the following Attributes:
2013-11-20 10:57:49,577: DEBUG: User-Name: [u'username47@airborne.aircell.com']
2013-11-20 10:57:49,577: DEBUG: GoGo-Tail-Number: [u'AAATestNAS_117']
2013-11-20 10:57:49,577: DEBUG: Acct-Output-Octets: [8829368]
2013-11-20 10:57:49,577: DEBUG: NAS-IP-Address: ['10.254.122.1']
2013-11-20 10:57:49,577: DEBUG: GoGo-Total-Output-Gigawords: [0]
2013-11-20 10:57:49,577: DEBUG: Framed-IP-Address: ['10.254.122.97']
2013-11-20 10:57:49,577: DEBUG: GoGo-Total-Input-Voice-Gigawords: [0]
2013-11-20 10:57:49,578: DEBUG: GoGo-Total-Output-Octets: [8829368]
2013-11-20 10:57:49,578: DEBUG: GoGo-Acct-Input-Voice-Octets: [0]
2013-11-20 10:57:49,578: DEBUG: GoGo-Total-Input-Voice-Packets: [0]
2013-11-20 10:57:49,578: DEBUG: Called-Station-Id: [u'00:16:3E:57:A9:D8']
2013-11-20 10:57:49,578: DEBUG: WISPr-Location-Name: [u'TEST LLC,BA01_01009']
2013-11-20 10:57:49,578: DEBUG: NAS-Identifier: [u'C08386']
2013-11-20 10:57:49,578: DEBUG: Proxy-State: ['3330,3132']
2013-11-20 10:57:49,578: DEBUG: GoGo-Total-Input-Voice-Octets: [0]
2013-11-20 10:57:49,578: DEBUG: Acct-Status-Type: ['Interim-Update']
2013-11-20 10:57:49,578: DEBUG: GoGo-Total-Output-Voice-Gigawords: [0]
2013-11-20 10:57:49,579: DEBUG: GoGo-Airline: [u'BA01']
2013-11-20 10:57:49,579: DEBUG: Acct-Session-Id: [u'AAATestNAS_117-1384925219484-00163E57A9D8-1']
2013-11-20 10:57:49,579: DEBUG: Acct-Session-Time: [10]
2013-11-20 10:57:49,579: DEBUG: Acct-Input-Packets: [26437]
2013-11-20 10:57:49,579: DEBUG: Acct-Output-Packets: [68947]
2013-11-20 10:57:49,579: DEBUG: GoGo-Acct-Output-Voice-Packets: [0]
2013-11-20 10:57:49,579: DEBUG: GoGo-Acct-Output-Voice-Octets: [0]
2013-11-20 10:57:49,579: DEBUG: Acct-Output-Gigawords: [0]
2013-11-20 10:57:49,579: DEBUG: GoGo-Total-Output-Voice-Packets: [0]
2013-11-20 10:57:49,580: DEBUG: Acct-Input-Gigawords: [0]
2013-11-20 10:57:49,580: DEBUG: Calling-Station-Id: [u'17:21:31:41:52:87']
2013-11-20 10:57:49,580: DEBUG: NAS-Port-Type: ['Wireless-802.11']
2013-11-20 10:57:49,580: DEBUG: GoGo-Total-Output-Voice-Octets: [0]
2013-11-20 10:57:49,580: DEBUG: GoGo-Private-IP-Address: ['192.168.1.179']
2013-11-20 10:57:49,580: DEBUG: GoGo-Acct-Input-Voice-Gigawords: [0]
2013-11-20 10:57:49,580: DEBUG: GoGo-Total-Input-Packets: [26437]
2013-11-20 10:57:49,580: DEBUG: GoGo-Total-Input-Gigawords: [0]
2013-11-20 10:57:49,580: DEBUG: GoGo-Acct-Input-Voice-Packets: [0]
2013-11-20 10:57:49,580: DEBUG: GoGo-Total-Input-Octets: [9420475]
2013-11-20 10:57:49,581: DEBUG: GoGo-Total-Output-Packets: [68947]
2013-11-20 10:57:49,581: DEBUG: WISPr-Location-ID: [u'airline=BA01,tail=01009,network=']
2013-11-20 10:57:49,581: DEBUG: GoGo-Acct-Output-Voice-Gigawords: [0]
2013-11-20 10:57:49,581: DEBUG: Acct-Input-Octets: [9420475]
2013-11-20 10:57:49,581: ERROR: Network error, Reason: 'Network error: Too many open files'
2013-11-20 10:57:59,582: DEBUG: 

2013-11-20 10:57:59,583: DEBUG: Creating Accounting Update Request with the following Attributes:
2013-11-20 10:57:59,583: DEBUG: User-Name: [u'username47@airborne.aircell.com']
2013-11-20 10:57:59,583: DEBUG: GoGo-Tail-Number: [u'AAATestNAS_117']
2013-11-20 10:57:59,583: DEBUG: Acct-Output-Octets: [5582027]
2013-11-20 10:57:59,583: DEBUG: NAS-IP-Address: ['10.254.122.1']
2013-11-20 10:57:59,583: DEBUG: GoGo-Total-Output-Gigawords: [0]
2013-11-20 10:57:59,584: DEBUG: Framed-IP-Address: ['10.254.122.97']
2013-11-20 10:57:59,584: DEBUG: GoGo-Total-Input-Voice-Gigawords: [0]
2013-11-20 10:57:59,584: DEBUG: GoGo-Total-Output-Octets: [5582027]
2013-11-20 10:57:59,584: DEBUG: GoGo-Acct-Input-Voice-Octets: [0]
2013-11-20 10:57:59,584: DEBUG: GoGo-Total-Input-Voice-Packets: [0]
2013-11-20 10:57:59,584: DEBUG: Called-Station-Id: [u'00:16:3E:57:A9:D8']
2013-11-20 10:57:59,584: DEBUG: WISPr-Location-Name: [u'TEST LLC,BA01_01009']
2013-11-20 10:57:59,584: DEBUG: NAS-Identifier: [u'C08386']
2013-11-20 10:57:59,584: DEBUG: Proxy-State: ['3330,3132']
2013-11-20 10:57:59,585: DEBUG: GoGo-Total-Input-Voice-Octets: [0]
2013-11-20 10:57:59,585: DEBUG: Acct-Status-Type: ['Interim-Update']
2013-11-20 10:57:59,585: DEBUG: GoGo-Total-Output-Voice-Gigawords: [0]
2013-11-20 10:57:59,585: DEBUG: GoGo-Airline: [u'BA01']
2013-11-20 10:57:59,585: DEBUG: Acct-Session-Id: [u'AAATestNAS_117-1384925219484-00163E57A9D8-1']
2013-11-20 10:57:59,585: DEBUG: Acct-Session-Time: [10]
2013-11-20 10:57:59,585: DEBUG: Acct-Input-Packets: [15213]
2013-11-20 10:57:59,585: DEBUG: Acct-Output-Packets: [14385]
2013-11-20 10:57:59,585: DEBUG: GoGo-Acct-Output-Voice-Packets: [0]
2013-11-20 10:57:59,586: DEBUG: GoGo-Acct-Output-Voice-Octets: [0]
2013-11-20 10:57:59,586: DEBUG: Acct-Output-Gigawords: [0]
2013-11-20 10:57:59,586: DEBUG: GoGo-Total-Output-Voice-Packets: [0]
2013-11-20 10:57:59,586: DEBUG: Acct-Input-Gigawords: [0]
2013-11-20 10:57:59,586: DEBUG: Calling-Station-Id: [u'17:21:31:41:52:87']
2013-11-20 10:57:59,586: DEBUG: NAS-Port-Type: ['Wireless-802.11']
2013-11-20 10:57:59,586: DEBUG: GoGo-Total-Output-Voice-Octets: [0]
2013-11-20 10:57:59,586: DEBUG: GoGo-Private-IP-Address: ['192.168.1.179']
2013-11-20 10:57:59,587: DEBUG: GoGo-Acct-Input-Voice-Gigawords: [0]
2013-11-20 10:57:59,587: DEBUG: GoGo-Total-Input-Packets: [15213]
2013-11-20 10:57:59,587: DEBUG: GoGo-Total-Input-Gigawords: [0]
2013-11-20 10:57:59,587: DEBUG: GoGo-Acct-Input-Voice-Packets: [0]
2013-11-20 10:57:59,587: DEBUG: GoGo-Total-Input-Octets: [4242283]
2013-11-20 10:57:59,587: DEBUG: GoGo-Total-Output-Packets: [14385]
2013-11-20 10:57:59,587: DEBUG: WISPr-Location-ID: [u'airline=BA01,tail=01009,network=']
2013-11-20 10:57:59,587: DEBUG: GoGo-Acct-Output-Voice-Gigawords: [0]
2013-11-20 10:57:59,587: DEBUG: Acct-Input-Octets: [4242283]
2013-11-20 10:57:59,588: ERROR: Network error, Reason: 'Network error: nodename nor servname provided, or not known'
2013-11-20 10:58:09,588: DEBUG: 

2013-11-20 10:58:09,589: DEBUG: Creating Accounting Update Request with the following Attributes:
2013-11-20 10:58:09,589: DEBUG: User-Name: [u'username47@airborne.aircell.com']
2013-11-20 10:58:09,589: DEBUG: GoGo-Tail-Number: [u'AAATestNAS_117']
2013-11-20 10:58:09,589: DEBUG: Acct-Output-Octets: [4701065]
2013-11-20 10:58:09,590: DEBUG: NAS-IP-Address: ['10.254.122.1']
2013-11-20 10:58:09,590: DEBUG: GoGo-Total-Output-Gigawords: [0]
2013-11-20 10:58:09,590: DEBUG: Framed-IP-Address: ['10.254.122.97']
2013-11-20 10:58:09,590: DEBUG: GoGo-Total-Input-Voice-Gigawords: [0]
2013-11-20 10:58:09,590: DEBUG: GoGo-Total-Output-Octets: [4701065]
2013-11-20 10:58:09,590: DEBUG: GoGo-Acct-Input-Voice-Octets: [0]
2013-11-20 10:58:09,590: DEBUG: GoGo-Total-Input-Voice-Packets: [0]
2013-11-20 10:58:09,590: DEBUG: Called-Station-Id: [u'00:16:3E:57:A9:D8']
2013-11-20 10:58:09,590: DEBUG: WISPr-Location-Name: [u'TEST LLC,BA01_01009']
2013-11-20 10:58:09,591: DEBUG: NAS-Identifier: [u'C08386']
2013-11-20 10:58:09,591: DEBUG: Proxy-State: ['3330,3132']
2013-11-20 10:58:09,591: DEBUG: GoGo-Total-Input-Voice-Octets: [0]
2013-11-20 10:58:09,591: DEBUG: Acct-Status-Type: ['Interim-Update']
2013-11-20 10:58:09,591: DEBUG: GoGo-Total-Output-Voice-Gigawords: [0]
2013-11-20 10:58:09,591: DEBUG: GoGo-Airline: [u'BA01']
2013-11-20 10:58:09,591: DEBUG: Acct-Session-Id: [u'AAATestNAS_117-1384925219484-00163E57A9D8-1']
2013-11-20 10:58:09,591: DEBUG: Acct-Session-Time: [10]
2013-11-20 10:58:09,591: DEBUG: Acct-Input-Packets: [8660]
2013-11-20 10:58:09,591: DEBUG: Acct-Output-Packets: [12577]
2013-11-20 10:58:09,592: DEBUG: GoGo-Acct-Output-Voice-Packets: [0]
2013-11-20 10:58:09,592: DEBUG: GoGo-Acct-Output-Voice-Octets: [0]
2013-11-20 10:58:09,592: DEBUG: Acct-Output-Gigawords: [0]
2013-11-20 10:58:09,592: DEBUG: GoGo-Total-Output-Voice-Packets: [0]
2013-11-20 10:58:09,592: DEBUG: Acct-Input-Gigawords: [0]
2013-11-20 10:58:09,592: DEBUG: Calling-Station-Id: [u'17:21:31:41:52:87']
2013-11-20 10:58:09,592: DEBUG: NAS-Port-Type: ['Wireless-802.11']
2013-11-20 10:58:09,592: DEBUG: GoGo-Total-Output-Voice-Octets: [0]
2013-11-20 10:58:09,592: DEBUG: GoGo-Private-IP-Address: ['192.168.1.179']
2013-11-20 10:58:09,593: DEBUG: GoGo-Acct-Input-Voice-Gigawords: [0]
2013-11-20 10:58:09,593: DEBUG: GoGo-Total-Input-Packets: [8660]
2013-11-20 10:58:09,593: DEBUG: GoGo-Total-Input-Gigawords: [0]
2013-11-20 10:58:09,593: DEBUG: GoGo-Acct-Input-Voice-Packets: [0]
2013-11-20 10:58:09,593: DEBUG: GoGo-Total-Input-Octets: [5034277]
2013-11-20 10:58:09,593: DEBUG: GoGo-Total-Output-Packets: [12577]
2013-11-20 10:58:09,593: DEBUG: WISPr-Location-ID: [u'airline=BA01,tail=01009,network=']
2013-11-20 10:58:09,593: DEBUG: GoGo-Acct-Output-Voice-Gigawords: [0]
2013-11-20 10:58:09,593: DEBUG: Acct-Input-Octets: [5034277]
2013-11-20 10:58:09,596: DEBUG: 

2013-11-20 10:58:09,596: DEBUG: Received response with following attributes:
2013-11-20 10:58:22,597: DEBUG: 

2013-11-20 10:58:22,598: DEBUG: Creating Accounting Stop Request with the following Attributes:
2013-11-20 10:58:22,599: DEBUG: User-Name: [u'username47@airborne.aircell.com']
2013-11-20 10:58:22,599: DEBUG: GoGo-Tail-Number: [u'01009']
2013-11-20 10:58:22,599: DEBUG: Acct-Output-Octets: [1118684]
2013-11-20 10:58:22,599: DEBUG: NAS-IP-Address: ['10.254.122.1']
2013-11-20 10:58:22,599: DEBUG: GoGo-Total-Output-Gigawords: [0]
2013-11-20 10:58:22,600: DEBUG: Framed-IP-Address: ['10.254.122.97']
2013-11-20 10:58:22,600: DEBUG: GoGo-Total-Input-Voice-Gigawords: [0]
2013-11-20 10:58:22,600: DEBUG: GoGo-Total-Output-Octets: [1118684]
2013-11-20 10:58:22,600: DEBUG: GoGo-Acct-Input-Voice-Octets: [0]
2013-11-20 10:58:22,600: DEBUG: GoGo-Total-Input-Voice-Packets: [0]
2013-11-20 10:58:22,600: DEBUG: Called-Station-Id: [u'00:16:3E:57:A9:D8']
2013-11-20 10:58:22,601: DEBUG: WISPr-Location-Name: [u'TEST LLC,BA01_01009']
2013-11-20 10:58:22,601: DEBUG: NAS-Identifier: [u'C08386']
2013-11-20 10:58:22,601: DEBUG: Proxy-State: ['3330,3132']
2013-11-20 10:58:22,601: DEBUG: GoGo-Total-Input-Voice-Octets: [0]
2013-11-20 10:58:22,601: DEBUG: Acct-Status-Type: ['Stop']
2013-11-20 10:58:22,601: DEBUG: GoGo-Total-Output-Voice-Gigawords: [0]
2013-11-20 10:58:22,602: DEBUG: GoGo-Airline: [u'BA01']
2013-11-20 10:58:22,602: DEBUG: Acct-Session-Id: [u'AAATestNAS_117-1384925219484-00163E57A9D8-1']
2013-11-20 10:58:22,602: DEBUG: Acct-Session-Time: [13]
2013-11-20 10:58:22,602: DEBUG: Acct-Input-Packets: [34904]
2013-11-20 10:58:22,602: DEBUG: Acct-Output-Packets: [10540]
2013-11-20 10:58:22,602: DEBUG: Acct-Terminate-Cause: ['User-Request']
2013-11-20 10:58:22,602: DEBUG: GoGo-Acct-Output-Voice-Octets: [0]
2013-11-20 10:58:22,603: DEBUG: Acct-Output-Gigawords: [0]
2013-11-20 10:58:22,603: DEBUG: GoGo-Total-Output-Voice-Packets: [0]
2013-11-20 10:58:22,603: DEBUG: Acct-Input-Gigawords: [0]
2013-11-20 10:58:22,603: DEBUG: Calling-Station-Id: [u'17:21:31:41:52:87']
2013-11-20 10:58:22,603: DEBUG: NAS-Port-Type: ['Wireless-802.11']
2013-11-20 10:58:22,603: DEBUG: GoGo-Total-Output-Voice-Octets: [0]
2013-11-20 10:58:22,604: DEBUG: GoGo-Private-IP-Address: ['192.168.1.179']
2013-11-20 10:58:22,604: DEBUG: GoGo-Acct-Input-Voice-Gigawords: [0]
2013-11-20 10:58:22,604: DEBUG: GoGo-Total-Input-Packets: [34904]
2013-11-20 10:58:22,604: DEBUG: GoGo-Total-Input-Gigawords: [0]
2013-11-20 10:58:22,604: DEBUG: GoGo-Acct-Input-Voice-Packets: [0]
2013-11-20 10:58:22,604: DEBUG: GoGo-Total-Input-Octets: [7560843]
2013-11-20 10:58:22,604: DEBUG: GoGo-Total-Output-Packets: [10540]
2013-11-20 10:58:22,604: DEBUG: WISPr-Location-ID: [u'airline=BA01,tail=01009,network=']
2013-11-20 10:58:22,605: DEBUG: GoGo-Acct-Output-Voice-Packets: [0]
2013-11-20 10:58:22,605: DEBUG: GoGo-Acct-Output-Voice-Gigawords: [0]
2013-11-20 10:58:22,605: DEBUG: Acct-Input-Octets: [7560843]
2013-11-20 10:58:22,605: ERROR: Network error, Reason: 'Network error: Too many open files'
2013-11-20 10:58:22,605: ERROR: Ending the test for this user
2013-11-20 10:58:22,605: DEBUG: Ending the test for this user
2013-11-20 10:58:23,578: DEBUG: Starting the client for the user username47@airborne.aircell.com to the server localhost

