2013-11-20 10:57:59,561: DEBUG: Starting the client for the user username3@airborne.aircell.com to the server localhost

2013-11-20 10:57:59,561: DEBUG: DURATION of the TEST: 55
2013-11-20 10:57:59,561: DEBUG: NAS-IP: 10.254.162.1
2013-11-20 10:57:59,561: DEBUG: NAS-MAC-ADDR: 18:21:31:41:52:38
2013-11-20 10:57:59,562: DEBUG: Abruptly End: True
2013-11-20 10:57:59,562: DEBUG: Framed-IP: 10.254.162.145
2013-11-20 10:57:59,562: DEBUG: User-MAC-Addr: 00:16:3E:06:E2:A3
2013-11-20 10:57:59,562: DEBUG: 

2013-11-20 10:57:59,563: DEBUG: Creating Authentication Request with the following Attributes:
2013-11-20 10:57:59,563: DEBUG: NAS-Identifier: [u'C08386']
2013-11-20 10:57:59,563: DEBUG: User-Name: [u'username3@airborne.aircell.com']
2013-11-20 10:57:59,563: DEBUG: NAS-IP-Address: ['10.254.162.1']
2013-11-20 10:57:59,563: DEBUG: Service-Type: ['Authenticate-Only']
2013-11-20 10:57:59,563: DEBUG: Proxy-State: ['3237,3134']
2013-11-20 10:57:59,563: DEBUG: Framed-IP-Address: ['10.254.162.145']
2013-11-20 10:57:59,564: DEBUG: GoGo-Airline: [u'BA01']
2013-11-20 10:57:59,564: DEBUG: Acct-Session-Id: [u'AAATestNAS_157-1384925279562-00163E06E2A3-3']
2013-11-20 10:57:59,564: DEBUG: GoGo-Tail-Number: [u'AAATestNAS_157']
2013-11-20 10:57:59,564: DEBUG: GoGo-Private-IP-Address: ['192.168.1.179']
2013-11-20 10:57:59,564: DEBUG: WISPr-Location-ID: [u'airline=BA01,tail=01009,network=']
2013-11-20 10:57:59,564: DEBUG: WISPr-Location-Name: [u'TEST LLC,BA01_01009']
2013-11-20 10:57:59,564: DEBUG: NAS-Port-Type: ['Wireless-802.11']
2013-11-20 10:57:59,565: DEBUG: Called-Station-Id: [u'00:16:3E:06:E2:A3']
2013-11-20 10:57:59,565: DEBUG: Calling-Station-Id: [u'18:21:31:41:52:38']
2013-11-20 10:57:59,565: ERROR: Network error, Reason: 'Network error: nodename nor servname provided, or not known'
2013-11-20 10:57:59,565: DEBUG: Ending the test for this user
