2013-11-20 10:56:38,457: DEBUG: Starting the client for the user username86@airborne.aircell.com to the server localhost

2013-11-20 10:56:38,458: DEBUG: DURATION of the TEST: 87
2013-11-20 10:56:38,458: DEBUG: NAS-IP: 10.254.206.1
2013-11-20 10:56:38,459: DEBUG: NAS-MAC-ADDR: 18:21:31:41:52:82
2013-11-20 10:56:38,459: DEBUG: Abruptly End: False
2013-11-20 10:56:38,460: DEBUG: Framed-IP: 10.254.206.77
2013-11-20 10:56:38,461: DEBUG: User-MAC-Addr: 00:16:3E:40:FB:FB
2013-11-20 10:56:38,463: DEBUG: 

2013-11-20 10:56:38,463: DEBUG: Creating Authentication Request with the following Attributes:
2013-11-20 10:56:38,464: DEBUG: NAS-Identifier: [u'C08386']
2013-11-20 10:56:38,465: DEBUG: User-Name: [u'username86@airborne.aircell.com']
2013-11-20 10:56:38,466: DEBUG: NAS-IP-Address: ['10.254.206.1']
2013-11-20 10:56:38,466: DEBUG: Service-Type: ['Authenticate-Only']
2013-11-20 10:56:38,467: DEBUG: Proxy-State: ['3237,3134']
2013-11-20 10:56:38,467: DEBUG: Framed-IP-Address: ['10.254.206.77']
2013-11-20 10:56:38,468: DEBUG: GoGo-Airline: [u'BA01']
2013-11-20 10:56:38,469: DEBUG: Acct-Session-Id: [u'AAATestNAS_201-1384925198463-00163E40FBFB-2']
2013-11-20 10:56:38,471: DEBUG: GoGo-Tail-Number: [u'AAATestNAS_201']
2013-11-20 10:56:38,472: DEBUG: GoGo-Private-IP-Address: ['192.168.1.179']
2013-11-20 10:56:38,472: DEBUG: WISPr-Location-ID: [u'airline=BA01,tail=01009,network=']
2013-11-20 10:56:38,473: DEBUG: WISPr-Location-Name: [u'TEST LLC,BA01_01009']
2013-11-20 10:56:38,473: DEBUG: NAS-Port-Type: ['Wireless-802.11']
2013-11-20 10:56:38,475: DEBUG: Called-Station-Id: [u'00:16:3E:40:FB:FB']
2013-11-20 10:56:38,477: DEBUG: Calling-Station-Id: [u'18:21:31:41:52:82']
2013-11-20 10:56:38,480: DEBUG: 

2013-11-20 10:56:38,481: DEBUG: Received response with code: 2, Accepted
2013-11-20 10:56:38,482: DEBUG: Creating Authentication Request with the following Attributes:
2013-11-20 10:56:38,484: DEBUG: NAS-Identifier: [u'C08386']
2013-11-20 10:56:38,485: DEBUG: User-Name: [u'username86@airborne.aircell.com']
2013-11-20 10:56:38,485: DEBUG: NAS-IP-Address: ['10.254.206.1']
2013-11-20 10:56:38,488: DEBUG: Service-Type: ['Login-User']
2013-11-20 10:56:38,490: DEBUG: Proxy-State: ['3237,3134']
2013-11-20 10:56:38,491: DEBUG: Framed-IP-Address: ['10.254.206.77']
2013-11-20 10:56:38,492: DEBUG: GoGo-Airline: [u'BA01']
2013-11-20 10:56:38,493: DEBUG: Acct-Session-Id: [u'AAATestNAS_201-1384925198482-00163E40FBFB-2']
2013-11-20 10:56:38,494: DEBUG: GoGo-Tail-Number: [u'AAATestNAS_201']
2013-11-20 10:56:38,495: DEBUG: GoGo-Private-IP-Address: ['192.168.1.179']
2013-11-20 10:56:38,496: DEBUG: WISPr-Location-ID: [u'airline=BA01,tail=01009,network=']
2013-11-20 10:56:38,497: DEBUG: WISPr-Location-Name: [u'TEST LLC,BA01_01009']
2013-11-20 10:56:38,497: DEBUG: NAS-Port-Type: ['Wireless-802.11']
2013-11-20 10:56:38,498: DEBUG: Called-Station-Id: [u'00:16:3E:40:FB:FB']
2013-11-20 10:56:38,499: DEBUG: Calling-Station-Id: [u'18:21:31:41:52:82']
2013-11-20 10:56:38,500: DEBUG: 

2013-11-20 10:56:38,501: DEBUG: Received response with code: 2, Accepted
2013-11-20 10:56:38,501: DEBUG: 

2013-11-20 10:56:38,502: DEBUG: Creating Accounting start Request with the following Attributes:
2013-11-20 10:56:38,502: DEBUG: NAS-Identifier: [u'C08386']
2013-11-20 10:56:38,503: DEBUG: User-Name: [u'username86@airborne.aircell.com']
2013-11-20 10:56:38,503: DEBUG: GoGo-Tail-Number: [u'AAATestNAS_201']
2013-11-20 10:56:38,504: DEBUG: NAS-IP-Address: ['10.254.206.1']
2013-11-20 10:56:38,504: DEBUG: Proxy-State: ['3239,3131']
2013-11-20 10:56:38,504: DEBUG: Acct-Status-Type: ['Start']
2013-11-20 10:56:38,505: DEBUG: GoGo-Airline: [u'BA01']
2013-11-20 10:56:38,505: DEBUG: Acct-Session-Id: [u'AAATestNAS_201-1384925198482-00163E40FBFB-2']
2013-11-20 10:56:38,506: DEBUG: GoGo-Private-IP-Address: ['192.168.1.179']
2013-11-20 10:56:38,506: DEBUG: Framed-IP-Address: ['10.254.206.77']
2013-11-20 10:56:38,506: DEBUG: WISPr-Location-ID: [u'airline=BA01,tail=01009,network=']
2013-11-20 10:56:38,507: DEBUG: WISPr-Location-Name: [u'TEST LLC,BA01_01009']
2013-11-20 10:56:38,507: DEBUG: NAS-Port-Type: ['Wireless-802.11']
2013-11-20 10:56:38,507: DEBUG: Called-Station-Id: [u'00:16:3E:40:FB:FB']
2013-11-20 10:56:38,507: DEBUG: Calling-Station-Id: [u'18:21:31:41:52:82']
2013-11-20 10:56:38,509: DEBUG: 

2013-11-20 10:56:38,509: DEBUG: Received response with following attributes:
2013-11-20 10:56:48,509: DEBUG: 

2013-11-20 10:56:48,510: DEBUG: Creating Accounting Update Request with the following Attributes:
2013-11-20 10:56:48,510: DEBUG: User-Name: [u'username86@airborne.aircell.com']
2013-11-20 10:56:48,511: DEBUG: GoGo-Tail-Number: [u'AAATestNAS_201']
2013-11-20 10:56:48,513: DEBUG: Acct-Output-Octets: [1070598]
2013-11-20 10:56:48,514: DEBUG: NAS-IP-Address: ['10.254.206.1']
2013-11-20 10:56:48,514: DEBUG: GoGo-Total-Output-Gigawords: [0]
2013-11-20 10:56:48,517: DEBUG: Framed-IP-Address: ['10.254.206.77']
2013-11-20 10:56:48,519: DEBUG: GoGo-Total-Input-Voice-Gigawords: [0]
2013-11-20 10:56:48,520: DEBUG: GoGo-Total-Output-Octets: [1070598]
2013-11-20 10:56:48,521: DEBUG: GoGo-Acct-Input-Voice-Octets: [0]
2013-11-20 10:56:48,522: DEBUG: GoGo-Total-Input-Voice-Packets: [0]
2013-11-20 10:56:48,523: DEBUG: Called-Station-Id: [u'00:16:3E:40:FB:FB']
2013-11-20 10:56:48,524: DEBUG: WISPr-Location-Name: [u'TEST LLC,BA01_01009']
2013-11-20 10:56:48,525: DEBUG: NAS-Identifier: [u'C08386']
2013-11-20 10:56:48,526: DEBUG: Proxy-State: ['3330,3132']
2013-11-20 10:56:48,527: DEBUG: GoGo-Total-Input-Voice-Octets: [0]
2013-11-20 10:56:48,528: DEBUG: Acct-Status-Type: ['Interim-Update']
2013-11-20 10:56:48,528: DEBUG: GoGo-Total-Output-Voice-Gigawords: [0]
2013-11-20 10:56:48,529: DEBUG: GoGo-Airline: [u'BA01']
2013-11-20 10:56:48,530: DEBUG: Acct-Session-Id: [u'AAATestNAS_201-1384925198482-00163E40FBFB-2']
2013-11-20 10:56:48,531: DEBUG: Acct-Session-Time: [10]
2013-11-20 10:56:48,532: DEBUG: Acct-Input-Packets: [52292]
2013-11-20 10:56:48,533: DEBUG: Acct-Output-Packets: [10618]
2013-11-20 10:56:48,533: DEBUG: GoGo-Acct-Output-Voice-Packets: [0]
2013-11-20 10:56:48,534: DEBUG: GoGo-Acct-Output-Voice-Octets: [0]
2013-11-20 10:56:48,535: DEBUG: Acct-Output-Gigawords: [0]
2013-11-20 10:56:48,536: DEBUG: GoGo-Total-Output-Voice-Packets: [0]
2013-11-20 10:56:48,537: DEBUG: Acct-Input-Gigawords: [0]
2013-11-20 10:56:48,537: DEBUG: Calling-Station-Id: [u'18:21:31:41:52:82']
2013-11-20 10:56:48,538: DEBUG: NAS-Port-Type: ['Wireless-802.11']
2013-11-20 10:56:48,540: DEBUG: GoGo-Total-Output-Voice-Octets: [0]
2013-11-20 10:56:48,540: DEBUG: GoGo-Private-IP-Address: ['192.168.1.179']
2013-11-20 10:56:48,541: DEBUG: GoGo-Acct-Input-Voice-Gigawords: [0]
2013-11-20 10:56:48,542: DEBUG: GoGo-Total-Input-Packets: [52292]
2013-11-20 10:56:48,542: DEBUG: GoGo-Total-Input-Gigawords: [0]
2013-11-20 10:56:48,543: DEBUG: GoGo-Acct-Input-Voice-Packets: [0]
2013-11-20 10:56:48,543: DEBUG: GoGo-Total-Input-Octets: [9265283]
2013-11-20 10:56:48,543: DEBUG: GoGo-Total-Output-Packets: [10618]
2013-11-20 10:56:48,543: DEBUG: WISPr-Location-ID: [u'airline=BA01,tail=01009,network=']
2013-11-20 10:56:48,544: DEBUG: GoGo-Acct-Output-Voice-Gigawords: [0]
2013-11-20 10:56:48,544: DEBUG: Acct-Input-Octets: [9265283]
2013-11-20 10:56:48,547: DEBUG: 

2013-11-20 10:56:48,547: DEBUG: Received response with following attributes:
2013-11-20 10:56:58,548: DEBUG: 

2013-11-20 10:56:58,549: DEBUG: Creating Accounting Update Request with the following Attributes:
2013-11-20 10:56:58,549: DEBUG: User-Name: [u'username86@airborne.aircell.com']
2013-11-20 10:56:58,549: DEBUG: GoGo-Tail-Number: [u'AAATestNAS_201']
2013-11-20 10:56:58,549: DEBUG: Acct-Output-Octets: [8638671]
2013-11-20 10:56:58,549: DEBUG: NAS-IP-Address: ['10.254.206.1']
2013-11-20 10:56:58,549: DEBUG: GoGo-Total-Output-Gigawords: [0]
2013-11-20 10:56:58,549: DEBUG: Framed-IP-Address: ['10.254.206.77']
2013-11-20 10:56:58,550: DEBUG: GoGo-Total-Input-Voice-Gigawords: [0]
2013-11-20 10:56:58,550: DEBUG: GoGo-Total-Output-Octets: [8638671]
2013-11-20 10:56:58,550: DEBUG: GoGo-Acct-Input-Voice-Octets: [0]
2013-11-20 10:56:58,550: DEBUG: GoGo-Total-Input-Voice-Packets: [0]
2013-11-20 10:56:58,550: DEBUG: Called-Station-Id: [u'00:16:3E:40:FB:FB']
2013-11-20 10:56:58,550: DEBUG: WISPr-Location-Name: [u'TEST LLC,BA01_01009']
2013-11-20 10:56:58,550: DEBUG: NAS-Identifier: [u'C08386']
2013-11-20 10:56:58,550: DEBUG: Proxy-State: ['3330,3132']
2013-11-20 10:56:58,550: DEBUG: GoGo-Total-Input-Voice-Octets: [0]
2013-11-20 10:56:58,551: DEBUG: Acct-Status-Type: ['Interim-Update']
2013-11-20 10:56:58,551: DEBUG: GoGo-Total-Output-Voice-Gigawords: [0]
2013-11-20 10:56:58,551: DEBUG: GoGo-Airline: [u'BA01']
2013-11-20 10:56:58,551: DEBUG: Acct-Session-Id: [u'AAATestNAS_201-1384925198482-00163E40FBFB-2']
2013-11-20 10:56:58,551: DEBUG: Acct-Session-Time: [10]
2013-11-20 10:56:58,551: DEBUG: Acct-Input-Packets: [49910]
2013-11-20 10:56:58,551: DEBUG: Acct-Output-Packets: [71153]
2013-11-20 10:56:58,551: DEBUG: GoGo-Acct-Output-Voice-Packets: [0]
2013-11-20 10:56:58,551: DEBUG: GoGo-Acct-Output-Voice-Octets: [0]
2013-11-20 10:56:58,551: DEBUG: Acct-Output-Gigawords: [0]
2013-11-20 10:56:58,552: DEBUG: GoGo-Total-Output-Voice-Packets: [0]
2013-11-20 10:56:58,552: DEBUG: Acct-Input-Gigawords: [0]
2013-11-20 10:56:58,552: DEBUG: Calling-Station-Id: [u'18:21:31:41:52:82']
2013-11-20 10:56:58,552: DEBUG: NAS-Port-Type: ['Wireless-802.11']
2013-11-20 10:56:58,552: DEBUG: GoGo-Total-Output-Voice-Octets: [0]
2013-11-20 10:56:58,552: DEBUG: GoGo-Private-IP-Address: ['192.168.1.179']
2013-11-20 10:56:58,552: DEBUG: GoGo-Acct-Input-Voice-Gigawords: [0]
2013-11-20 10:56:58,552: DEBUG: GoGo-Total-Input-Packets: [49910]
2013-11-20 10:56:58,552: DEBUG: GoGo-Total-Input-Gigawords: [0]
2013-11-20 10:56:58,553: DEBUG: GoGo-Acct-Input-Voice-Packets: [0]
2013-11-20 10:56:58,553: DEBUG: GoGo-Total-Input-Octets: [6306951]
2013-11-20 10:56:58,553: DEBUG: GoGo-Total-Output-Packets: [71153]
2013-11-20 10:56:58,553: DEBUG: WISPr-Location-ID: [u'airline=BA01,tail=01009,network=']
2013-11-20 10:56:58,553: DEBUG: GoGo-Acct-Output-Voice-Gigawords: [0]
2013-11-20 10:56:58,553: DEBUG: Acct-Input-Octets: [6306951]
2013-11-20 10:56:58,555: DEBUG: 

2013-11-20 10:56:58,555: DEBUG: Received response with following attributes:
2013-11-20 10:57:08,556: DEBUG: 

2013-11-20 10:57:08,557: DEBUG: Creating Accounting Update Request with the following Attributes:
2013-11-20 10:57:08,558: DEBUG: User-Name: [u'username86@airborne.aircell.com']
2013-11-20 10:57:08,558: DEBUG: GoGo-Tail-Number: [u'AAATestNAS_201']
2013-11-20 10:57:08,559: DEBUG: Acct-Output-Octets: [5906018]
2013-11-20 10:57:08,559: DEBUG: NAS-IP-Address: ['10.254.206.1']
2013-11-20 10:57:08,560: DEBUG: GoGo-Total-Output-Gigawords: [0]
2013-11-20 10:57:08,560: DEBUG: Framed-IP-Address: ['10.254.206.77']
2013-11-20 10:57:08,561: DEBUG: GoGo-Total-Input-Voice-Gigawords: [0]
2013-11-20 10:57:08,561: DEBUG: GoGo-Total-Output-Octets: [5906018]
2013-11-20 10:57:08,561: DEBUG: GoGo-Acct-Input-Voice-Octets: [0]
2013-11-20 10:57:08,562: DEBUG: GoGo-Total-Input-Voice-Packets: [0]
2013-11-20 10:57:08,562: DEBUG: Called-Station-Id: [u'00:16:3E:40:FB:FB']
2013-11-20 10:57:08,563: DEBUG: WISPr-Location-Name: [u'TEST LLC,BA01_01009']
2013-11-20 10:57:08,563: DEBUG: NAS-Identifier: [u'C08386']
2013-11-20 10:57:08,563: DEBUG: Proxy-State: ['3330,3132']
2013-11-20 10:57:08,563: DEBUG: GoGo-Total-Input-Voice-Octets: [0]
2013-11-20 10:57:08,564: DEBUG: Acct-Status-Type: ['Interim-Update']
2013-11-20 10:57:08,564: DEBUG: GoGo-Total-Output-Voice-Gigawords: [0]
2013-11-20 10:57:08,565: DEBUG: GoGo-Airline: [u'BA01']
2013-11-20 10:57:08,565: DEBUG: Acct-Session-Id: [u'AAATestNAS_201-1384925198482-00163E40FBFB-2']
2013-11-20 10:57:08,566: DEBUG: Acct-Session-Time: [10]
2013-11-20 10:57:08,566: DEBUG: Acct-Input-Packets: [10724]
2013-11-20 10:57:08,566: DEBUG: Acct-Output-Packets: [37065]
2013-11-20 10:57:08,566: DEBUG: GoGo-Acct-Output-Voice-Packets: [0]
2013-11-20 10:57:08,567: DEBUG: GoGo-Acct-Output-Voice-Octets: [0]
2013-11-20 10:57:08,567: DEBUG: Acct-Output-Gigawords: [0]
2013-11-20 10:57:08,567: DEBUG: GoGo-Total-Output-Voice-Packets: [0]
2013-11-20 10:57:08,567: DEBUG: Acct-Input-Gigawords: [0]
2013-11-20 10:57:08,568: DEBUG: Calling-Station-Id: [u'18:21:31:41:52:82']
2013-11-20 10:57:08,568: DEBUG: NAS-Port-Type: ['Wireless-802.11']
2013-11-20 10:57:08,568: DEBUG: GoGo-Total-Output-Voice-Octets: [0]
2013-11-20 10:57:08,568: DEBUG: GoGo-Private-IP-Address: ['192.168.1.179']
2013-11-20 10:57:08,569: DEBUG: GoGo-Acct-Input-Voice-Gigawords: [0]
2013-11-20 10:57:08,569: DEBUG: GoGo-Total-Input-Packets: [10724]
2013-11-20 10:57:08,569: DEBUG: GoGo-Total-Input-Gigawords: [0]
2013-11-20 10:57:08,569: DEBUG: GoGo-Acct-Input-Voice-Packets: [0]
2013-11-20 10:57:08,570: DEBUG: GoGo-Total-Input-Octets: [5900338]
2013-11-20 10:57:08,570: DEBUG: GoGo-Total-Output-Packets: [37065]
2013-11-20 10:57:08,570: DEBUG: WISPr-Location-ID: [u'airline=BA01,tail=01009,network=']
2013-11-20 10:57:08,570: DEBUG: GoGo-Acct-Output-Voice-Gigawords: [0]
2013-11-20 10:57:08,571: DEBUG: Acct-Input-Octets: [5900338]
2013-11-20 10:57:08,572: DEBUG: 

2013-11-20 10:57:08,572: DEBUG: Received response with following attributes:
2013-11-20 10:57:18,574: DEBUG: 

2013-11-20 10:57:18,574: DEBUG: Creating Accounting Update Request with the following Attributes:
2013-11-20 10:57:18,574: DEBUG: User-Name: [u'username86@airborne.aircell.com']
2013-11-20 10:57:18,575: DEBUG: GoGo-Tail-Number: [u'AAATestNAS_201']
2013-11-20 10:57:18,575: DEBUG: Acct-Output-Octets: [9646079]
2013-11-20 10:57:18,575: DEBUG: NAS-IP-Address: ['10.254.206.1']
2013-11-20 10:57:18,575: DEBUG: GoGo-Total-Output-Gigawords: [0]
2013-11-20 10:57:18,575: DEBUG: Framed-IP-Address: ['10.254.206.77']
2013-11-20 10:57:18,575: DEBUG: GoGo-Total-Input-Voice-Gigawords: [0]
2013-11-20 10:57:18,575: DEBUG: GoGo-Total-Output-Octets: [9646079]
2013-11-20 10:57:18,575: DEBUG: GoGo-Acct-Input-Voice-Octets: [0]
2013-11-20 10:57:18,575: DEBUG: GoGo-Total-Input-Voice-Packets: [0]
2013-11-20 10:57:18,575: DEBUG: Called-Station-Id: [u'00:16:3E:40:FB:FB']
2013-11-20 10:57:18,576: DEBUG: WISPr-Location-Name: [u'TEST LLC,BA01_01009']
2013-11-20 10:57:18,576: DEBUG: NAS-Identifier: [u'C08386']
2013-11-20 10:57:18,576: DEBUG: Proxy-State: ['3330,3132']
2013-11-20 10:57:18,576: DEBUG: GoGo-Total-Input-Voice-Octets: [0]
2013-11-20 10:57:18,576: DEBUG: Acct-Status-Type: ['Interim-Update']
2013-11-20 10:57:18,576: DEBUG: GoGo-Total-Output-Voice-Gigawords: [0]
2013-11-20 10:57:18,576: DEBUG: GoGo-Airline: [u'BA01']
2013-11-20 10:57:18,576: DEBUG: Acct-Session-Id: [u'AAATestNAS_201-1384925198482-00163E40FBFB-2']
2013-11-20 10:57:18,576: DEBUG: Acct-Session-Time: [10]
2013-11-20 10:57:18,576: DEBUG: Acct-Input-Packets: [2034]
2013-11-20 10:57:18,577: DEBUG: Acct-Output-Packets: [77575]
2013-11-20 10:57:18,577: DEBUG: GoGo-Acct-Output-Voice-Packets: [0]
2013-11-20 10:57:18,577: DEBUG: GoGo-Acct-Output-Voice-Octets: [0]
2013-11-20 10:57:18,577: DEBUG: Acct-Output-Gigawords: [0]
2013-11-20 10:57:18,577: DEBUG: GoGo-Total-Output-Voice-Packets: [0]
2013-11-20 10:57:18,577: DEBUG: Acct-Input-Gigawords: [0]
2013-11-20 10:57:18,577: DEBUG: Calling-Station-Id: [u'18:21:31:41:52:82']
2013-11-20 10:57:18,577: DEBUG: NAS-Port-Type: ['Wireless-802.11']
2013-11-20 10:57:18,577: DEBUG: GoGo-Total-Output-Voice-Octets: [0]
2013-11-20 10:57:18,578: DEBUG: GoGo-Private-IP-Address: ['192.168.1.179']
2013-11-20 10:57:18,578: DEBUG: GoGo-Acct-Input-Voice-Gigawords: [0]
2013-11-20 10:57:18,578: DEBUG: GoGo-Total-Input-Packets: [2034]
2013-11-20 10:57:18,578: DEBUG: GoGo-Total-Input-Gigawords: [0]
2013-11-20 10:57:18,578: DEBUG: GoGo-Acct-Input-Voice-Packets: [0]
2013-11-20 10:57:18,578: DEBUG: GoGo-Total-Input-Octets: [1322433]
2013-11-20 10:57:18,578: DEBUG: GoGo-Total-Output-Packets: [77575]
2013-11-20 10:57:18,578: DEBUG: WISPr-Location-ID: [u'airline=BA01,tail=01009,network=']
2013-11-20 10:57:18,578: DEBUG: GoGo-Acct-Output-Voice-Gigawords: [0]
2013-11-20 10:57:18,578: DEBUG: Acct-Input-Octets: [1322433]
2013-11-20 10:57:18,580: DEBUG: 

2013-11-20 10:57:18,580: DEBUG: Received response with following attributes:
2013-11-20 10:57:28,580: DEBUG: 

2013-11-20 10:57:28,581: DEBUG: Creating Accounting Update Request with the following Attributes:
2013-11-20 10:57:28,581: DEBUG: User-Name: [u'username86@airborne.aircell.com']
2013-11-20 10:57:28,581: DEBUG: GoGo-Tail-Number: [u'AAATestNAS_201']
2013-11-20 10:57:28,581: DEBUG: Acct-Output-Octets: [2209530]
2013-11-20 10:57:28,582: DEBUG: NAS-IP-Address: ['10.254.206.1']
2013-11-20 10:57:28,582: DEBUG: GoGo-Total-Output-Gigawords: [0]
2013-11-20 10:57:28,582: DEBUG: Framed-IP-Address: ['10.254.206.77']
2013-11-20 10:57:28,582: DEBUG: GoGo-Total-Input-Voice-Gigawords: [0]
2013-11-20 10:57:28,582: DEBUG: GoGo-Total-Output-Octets: [2209530]
2013-11-20 10:57:28,582: DEBUG: GoGo-Acct-Input-Voice-Octets: [0]
2013-11-20 10:57:28,582: DEBUG: GoGo-Total-Input-Voice-Packets: [0]
2013-11-20 10:57:28,582: DEBUG: Called-Station-Id: [u'00:16:3E:40:FB:FB']
2013-11-20 10:57:28,582: DEBUG: WISPr-Location-Name: [u'TEST LLC,BA01_01009']
2013-11-20 10:57:28,582: DEBUG: NAS-Identifier: [u'C08386']
2013-11-20 10:57:28,583: DEBUG: Proxy-State: ['3330,3132']
2013-11-20 10:57:28,583: DEBUG: GoGo-Total-Input-Voice-Octets: [0]
2013-11-20 10:57:28,583: DEBUG: Acct-Status-Type: ['Interim-Update']
2013-11-20 10:57:28,583: DEBUG: GoGo-Total-Output-Voice-Gigawords: [0]
2013-11-20 10:57:28,583: DEBUG: GoGo-Airline: [u'BA01']
2013-11-20 10:57:28,583: DEBUG: Acct-Session-Id: [u'AAATestNAS_201-1384925198482-00163E40FBFB-2']
2013-11-20 10:57:28,583: DEBUG: Acct-Session-Time: [10]
2013-11-20 10:57:28,583: DEBUG: Acct-Input-Packets: [8414]
2013-11-20 10:57:28,584: DEBUG: Acct-Output-Packets: [20445]
2013-11-20 10:57:28,584: DEBUG: GoGo-Acct-Output-Voice-Packets: [0]
2013-11-20 10:57:28,584: DEBUG: GoGo-Acct-Output-Voice-Octets: [0]
2013-11-20 10:57:28,584: DEBUG: Acct-Output-Gigawords: [0]
2013-11-20 10:57:28,584: DEBUG: GoGo-Total-Output-Voice-Packets: [0]
2013-11-20 10:57:28,584: DEBUG: Acct-Input-Gigawords: [0]
2013-11-20 10:57:28,584: DEBUG: Calling-Station-Id: [u'18:21:31:41:52:82']
2013-11-20 10:57:28,584: DEBUG: NAS-Port-Type: ['Wireless-802.11']
2013-11-20 10:57:28,584: DEBUG: GoGo-Total-Output-Voice-Octets: [0]
2013-11-20 10:57:28,585: DEBUG: GoGo-Private-IP-Address: ['192.168.1.179']
2013-11-20 10:57:28,585: DEBUG: GoGo-Acct-Input-Voice-Gigawords: [0]
2013-11-20 10:57:28,585: DEBUG: GoGo-Total-Input-Packets: [8414]
2013-11-20 10:57:28,585: DEBUG: GoGo-Total-Input-Gigawords: [0]
2013-11-20 10:57:28,585: DEBUG: GoGo-Acct-Input-Voice-Packets: [0]
2013-11-20 10:57:28,585: DEBUG: GoGo-Total-Input-Octets: [1015777]
2013-11-20 10:57:28,585: DEBUG: GoGo-Total-Output-Packets: [20445]
2013-11-20 10:57:28,585: DEBUG: WISPr-Location-ID: [u'airline=BA01,tail=01009,network=']
2013-11-20 10:57:28,585: DEBUG: GoGo-Acct-Output-Voice-Gigawords: [0]
2013-11-20 10:57:28,586: DEBUG: Acct-Input-Octets: [1015777]
2013-11-20 10:57:28,587: DEBUG: 

2013-11-20 10:57:28,587: DEBUG: Received response with following attributes:
2013-11-20 10:57:38,588: DEBUG: 

2013-11-20 10:57:38,589: DEBUG: Creating Accounting Update Request with the following Attributes:
2013-11-20 10:57:38,589: DEBUG: User-Name: [u'username86@airborne.aircell.com']
2013-11-20 10:57:38,589: DEBUG: GoGo-Tail-Number: [u'AAATestNAS_201']
2013-11-20 10:57:38,589: DEBUG: Acct-Output-Octets: [7378977]
2013-11-20 10:57:38,589: DEBUG: NAS-IP-Address: ['10.254.206.1']
2013-11-20 10:57:38,589: DEBUG: GoGo-Total-Output-Gigawords: [0]
2013-11-20 10:57:38,590: DEBUG: Framed-IP-Address: ['10.254.206.77']
2013-11-20 10:57:38,590: DEBUG: GoGo-Total-Input-Voice-Gigawords: [0]
2013-11-20 10:57:38,590: DEBUG: GoGo-Total-Output-Octets: [7378977]
2013-11-20 10:57:38,590: DEBUG: GoGo-Acct-Input-Voice-Octets: [0]
2013-11-20 10:57:38,590: DEBUG: GoGo-Total-Input-Voice-Packets: [0]
2013-11-20 10:57:38,590: DEBUG: Called-Station-Id: [u'00:16:3E:40:FB:FB']
2013-11-20 10:57:38,590: DEBUG: WISPr-Location-Name: [u'TEST LLC,BA01_01009']
2013-11-20 10:57:38,590: DEBUG: NAS-Identifier: [u'C08386']
2013-11-20 10:57:38,590: DEBUG: Proxy-State: ['3330,3132']
2013-11-20 10:57:38,590: DEBUG: GoGo-Total-Input-Voice-Octets: [0]
2013-11-20 10:57:38,591: DEBUG: Acct-Status-Type: ['Interim-Update']
2013-11-20 10:57:38,591: DEBUG: GoGo-Total-Output-Voice-Gigawords: [0]
2013-11-20 10:57:38,591: DEBUG: GoGo-Airline: [u'BA01']
2013-11-20 10:57:38,591: DEBUG: Acct-Session-Id: [u'AAATestNAS_201-1384925198482-00163E40FBFB-2']
2013-11-20 10:57:38,591: DEBUG: Acct-Session-Time: [10]
2013-11-20 10:57:38,591: DEBUG: Acct-Input-Packets: [11849]
2013-11-20 10:57:38,591: DEBUG: Acct-Output-Packets: [61332]
2013-11-20 10:57:38,591: DEBUG: GoGo-Acct-Output-Voice-Packets: [0]
2013-11-20 10:57:38,591: DEBUG: GoGo-Acct-Output-Voice-Octets: [0]
2013-11-20 10:57:38,592: DEBUG: Acct-Output-Gigawords: [0]
2013-11-20 10:57:38,592: DEBUG: GoGo-Total-Output-Voice-Packets: [0]
2013-11-20 10:57:38,592: DEBUG: Acct-Input-Gigawords: [0]
2013-11-20 10:57:38,592: DEBUG: Calling-Station-Id: [u'18:21:31:41:52:82']
2013-11-20 10:57:38,592: DEBUG: NAS-Port-Type: ['Wireless-802.11']
2013-11-20 10:57:38,592: DEBUG: GoGo-Total-Output-Voice-Octets: [0]
2013-11-20 10:57:38,592: DEBUG: GoGo-Private-IP-Address: ['192.168.1.179']
2013-11-20 10:57:38,592: DEBUG: GoGo-Acct-Input-Voice-Gigawords: [0]
2013-11-20 10:57:38,592: DEBUG: GoGo-Total-Input-Packets: [11849]
2013-11-20 10:57:38,593: DEBUG: GoGo-Total-Input-Gigawords: [0]
2013-11-20 10:57:38,593: DEBUG: GoGo-Acct-Input-Voice-Packets: [0]
2013-11-20 10:57:38,593: DEBUG: GoGo-Total-Input-Octets: [1443415]
2013-11-20 10:57:38,593: DEBUG: GoGo-Total-Output-Packets: [61332]
2013-11-20 10:57:38,593: DEBUG: WISPr-Location-ID: [u'airline=BA01,tail=01009,network=']
2013-11-20 10:57:38,593: DEBUG: GoGo-Acct-Output-Voice-Gigawords: [0]
2013-11-20 10:57:38,593: DEBUG: Acct-Input-Octets: [1443415]
2013-11-20 10:57:38,593: ERROR: Network error, Reason: 'Network error: Too many open files'
2013-11-20 10:57:48,594: DEBUG: 

2013-11-20 10:57:48,595: DEBUG: Creating Accounting Update Request with the following Attributes:
2013-11-20 10:57:48,595: DEBUG: User-Name: [u'username86@airborne.aircell.com']
2013-11-20 10:57:48,595: DEBUG: GoGo-Tail-Number: [u'AAATestNAS_201']
2013-11-20 10:57:48,595: DEBUG: Acct-Output-Octets: [3283216]
2013-11-20 10:57:48,596: DEBUG: NAS-IP-Address: ['10.254.206.1']
2013-11-20 10:57:48,596: DEBUG: GoGo-Total-Output-Gigawords: [0]
2013-11-20 10:57:48,596: DEBUG: Framed-IP-Address: ['10.254.206.77']
2013-11-20 10:57:48,596: DEBUG: GoGo-Total-Input-Voice-Gigawords: [0]
2013-11-20 10:57:48,596: DEBUG: GoGo-Total-Output-Octets: [3283216]
2013-11-20 10:57:48,596: DEBUG: GoGo-Acct-Input-Voice-Octets: [0]
2013-11-20 10:57:48,596: DEBUG: GoGo-Total-Input-Voice-Packets: [0]
2013-11-20 10:57:48,596: DEBUG: Called-Station-Id: [u'00:16:3E:40:FB:FB']
2013-11-20 10:57:48,596: DEBUG: WISPr-Location-Name: [u'TEST LLC,BA01_01009']
2013-11-20 10:57:48,596: DEBUG: NAS-Identifier: [u'C08386']
2013-11-20 10:57:48,597: DEBUG: Proxy-State: ['3330,3132']
2013-11-20 10:57:48,597: DEBUG: GoGo-Total-Input-Voice-Octets: [0]
2013-11-20 10:57:48,597: DEBUG: Acct-Status-Type: ['Interim-Update']
2013-11-20 10:57:48,597: DEBUG: GoGo-Total-Output-Voice-Gigawords: [0]
2013-11-20 10:57:48,597: DEBUG: GoGo-Airline: [u'BA01']
2013-11-20 10:57:48,597: DEBUG: Acct-Session-Id: [u'AAATestNAS_201-1384925198482-00163E40FBFB-2']
2013-11-20 10:57:48,597: DEBUG: Acct-Session-Time: [10]
2013-11-20 10:57:48,597: DEBUG: Acct-Input-Packets: [12388]
2013-11-20 10:57:48,597: DEBUG: Acct-Output-Packets: [25668]
2013-11-20 10:57:48,597: DEBUG: GoGo-Acct-Output-Voice-Packets: [0]
2013-11-20 10:57:48,598: DEBUG: GoGo-Acct-Output-Voice-Octets: [0]
2013-11-20 10:57:48,598: DEBUG: Acct-Output-Gigawords: [0]
2013-11-20 10:57:48,598: DEBUG: GoGo-Total-Output-Voice-Packets: [0]
2013-11-20 10:57:48,598: DEBUG: Acct-Input-Gigawords: [0]
2013-11-20 10:57:48,598: DEBUG: Calling-Station-Id: [u'18:21:31:41:52:82']
2013-11-20 10:57:48,598: DEBUG: NAS-Port-Type: ['Wireless-802.11']
2013-11-20 10:57:48,598: DEBUG: GoGo-Total-Output-Voice-Octets: [0]
2013-11-20 10:57:48,598: DEBUG: GoGo-Private-IP-Address: ['192.168.1.179']
2013-11-20 10:57:48,598: DEBUG: GoGo-Acct-Input-Voice-Gigawords: [0]
2013-11-20 10:57:48,598: DEBUG: GoGo-Total-Input-Packets: [12388]
2013-11-20 10:57:48,599: DEBUG: GoGo-Total-Input-Gigawords: [0]
2013-11-20 10:57:48,599: DEBUG: GoGo-Acct-Input-Voice-Packets: [0]
2013-11-20 10:57:48,599: DEBUG: GoGo-Total-Input-Octets: [5614104]
2013-11-20 10:57:48,599: DEBUG: GoGo-Total-Output-Packets: [25668]
2013-11-20 10:57:48,599: DEBUG: WISPr-Location-ID: [u'airline=BA01,tail=01009,network=']
2013-11-20 10:57:48,599: DEBUG: GoGo-Acct-Output-Voice-Gigawords: [0]
2013-11-20 10:57:48,599: DEBUG: Acct-Input-Octets: [5614104]
2013-11-20 10:57:48,600: ERROR: Network error, Reason: 'Network error: nodename nor servname provided, or not known'
2013-11-20 10:57:58,601: DEBUG: 

2013-11-20 10:57:58,601: DEBUG: Creating Accounting Update Request with the following Attributes:
2013-11-20 10:57:58,601: DEBUG: User-Name: [u'username86@airborne.aircell.com']
2013-11-20 10:57:58,602: DEBUG: GoGo-Tail-Number: [u'AAATestNAS_201']
2013-11-20 10:57:58,602: DEBUG: Acct-Output-Octets: [3057197]
2013-11-20 10:57:58,602: DEBUG: NAS-IP-Address: ['10.254.206.1']
2013-11-20 10:57:58,602: DEBUG: GoGo-Total-Output-Gigawords: [0]
2013-11-20 10:57:58,602: DEBUG: Framed-IP-Address: ['10.254.206.77']
2013-11-20 10:57:58,602: DEBUG: GoGo-Total-Input-Voice-Gigawords: [0]
2013-11-20 10:57:58,602: DEBUG: GoGo-Total-Output-Octets: [3057197]
2013-11-20 10:57:58,602: DEBUG: GoGo-Acct-Input-Voice-Octets: [0]
2013-11-20 10:57:58,603: DEBUG: GoGo-Total-Input-Voice-Packets: [0]
2013-11-20 10:57:58,603: DEBUG: Called-Station-Id: [u'00:16:3E:40:FB:FB']
2013-11-20 10:57:58,603: DEBUG: WISPr-Location-Name: [u'TEST LLC,BA01_01009']
2013-11-20 10:57:58,603: DEBUG: NAS-Identifier: [u'C08386']
2013-11-20 10:57:58,603: DEBUG: Proxy-State: ['3330,3132']
2013-11-20 10:57:58,603: DEBUG: GoGo-Total-Input-Voice-Octets: [0]
2013-11-20 10:57:58,603: DEBUG: Acct-Status-Type: ['Interim-Update']
2013-11-20 10:57:58,603: DEBUG: GoGo-Total-Output-Voice-Gigawords: [0]
2013-11-20 10:57:58,603: DEBUG: GoGo-Airline: [u'BA01']
2013-11-20 10:57:58,603: DEBUG: Acct-Session-Id: [u'AAATestNAS_201-1384925198482-00163E40FBFB-2']
2013-11-20 10:57:58,604: DEBUG: Acct-Session-Time: [10]
2013-11-20 10:57:58,604: DEBUG: Acct-Input-Packets: [46088]
2013-11-20 10:57:58,604: DEBUG: Acct-Output-Packets: [24530]
2013-11-20 10:57:58,604: DEBUG: GoGo-Acct-Output-Voice-Packets: [0]
2013-11-20 10:57:58,604: DEBUG: GoGo-Acct-Output-Voice-Octets: [0]
2013-11-20 10:57:58,604: DEBUG: Acct-Output-Gigawords: [0]
2013-11-20 10:57:58,604: DEBUG: GoGo-Total-Output-Voice-Packets: [0]
2013-11-20 10:57:58,604: DEBUG: Acct-Input-Gigawords: [0]
2013-11-20 10:57:58,604: DEBUG: Calling-Station-Id: [u'18:21:31:41:52:82']
2013-11-20 10:57:58,605: DEBUG: NAS-Port-Type: ['Wireless-802.11']
2013-11-20 10:57:58,605: DEBUG: GoGo-Total-Output-Voice-Octets: [0]
2013-11-20 10:57:58,605: DEBUG: GoGo-Private-IP-Address: ['192.168.1.179']
2013-11-20 10:57:58,605: DEBUG: GoGo-Acct-Input-Voice-Gigawords: [0]
2013-11-20 10:57:58,605: DEBUG: GoGo-Total-Input-Packets: [46088]
2013-11-20 10:57:58,605: DEBUG: GoGo-Total-Input-Gigawords: [0]
2013-11-20 10:57:58,605: DEBUG: GoGo-Acct-Input-Voice-Packets: [0]
2013-11-20 10:57:58,605: DEBUG: GoGo-Total-Input-Octets: [6017858]
2013-11-20 10:57:58,605: DEBUG: GoGo-Total-Output-Packets: [24530]
2013-11-20 10:57:58,605: DEBUG: WISPr-Location-ID: [u'airline=BA01,tail=01009,network=']
2013-11-20 10:57:58,606: DEBUG: GoGo-Acct-Output-Voice-Gigawords: [0]
2013-11-20 10:57:58,606: DEBUG: Acct-Input-Octets: [6017858]
2013-11-20 10:57:58,606: ERROR: Network error, Reason: 'Network error: nodename nor servname provided, or not known'
2013-11-20 10:58:05,607: DEBUG: 

2013-11-20 10:58:05,608: DEBUG: Creating Accounting Update Request with the following Attributes:
2013-11-20 10:58:05,608: DEBUG: User-Name: [u'username86@airborne.aircell.com']
2013-11-20 10:58:05,608: DEBUG: GoGo-Tail-Number: [u'AAATestNAS_201']
2013-11-20 10:58:05,608: DEBUG: Acct-Output-Octets: [5337130]
2013-11-20 10:58:05,608: DEBUG: NAS-IP-Address: ['10.254.206.1']
2013-11-20 10:58:05,608: DEBUG: GoGo-Total-Output-Gigawords: [0]
2013-11-20 10:58:05,608: DEBUG: Framed-IP-Address: ['10.254.206.77']
2013-11-20 10:58:05,609: DEBUG: GoGo-Total-Input-Voice-Gigawords: [0]
2013-11-20 10:58:05,609: DEBUG: GoGo-Total-Output-Octets: [5337130]
2013-11-20 10:58:05,609: DEBUG: GoGo-Acct-Input-Voice-Octets: [0]
2013-11-20 10:58:05,609: DEBUG: GoGo-Total-Input-Voice-Packets: [0]
2013-11-20 10:58:05,609: DEBUG: Called-Station-Id: [u'00:16:3E:40:FB:FB']
2013-11-20 10:58:05,609: DEBUG: WISPr-Location-Name: [u'TEST LLC,BA01_01009']
2013-11-20 10:58:05,609: DEBUG: NAS-Identifier: [u'C08386']
2013-11-20 10:58:05,609: DEBUG: Proxy-State: ['3330,3132']
2013-11-20 10:58:05,609: DEBUG: GoGo-Total-Input-Voice-Octets: [0]
2013-11-20 10:58:05,610: DEBUG: Acct-Status-Type: ['Interim-Update']
2013-11-20 10:58:05,610: DEBUG: GoGo-Total-Output-Voice-Gigawords: [0]
2013-11-20 10:58:05,610: DEBUG: GoGo-Airline: [u'BA01']
2013-11-20 10:58:05,610: DEBUG: Acct-Session-Id: [u'AAATestNAS_201-1384925198482-00163E40FBFB-2']
2013-11-20 10:58:05,610: DEBUG: Acct-Session-Time: [7]
2013-11-20 10:58:05,610: DEBUG: Acct-Input-Packets: [18694]
2013-11-20 10:58:05,610: DEBUG: Acct-Output-Packets: [30449]
2013-11-20 10:58:05,610: DEBUG: GoGo-Acct-Output-Voice-Packets: [0]
2013-11-20 10:58:05,610: DEBUG: GoGo-Acct-Output-Voice-Octets: [0]
2013-11-20 10:58:05,610: DEBUG: Acct-Output-Gigawords: [0]
2013-11-20 10:58:05,611: DEBUG: GoGo-Total-Output-Voice-Packets: [0]
2013-11-20 10:58:05,611: DEBUG: Acct-Input-Gigawords: [0]
2013-11-20 10:58:05,611: DEBUG: Calling-Station-Id: [u'18:21:31:41:52:82']
2013-11-20 10:58:05,611: DEBUG: NAS-Port-Type: ['Wireless-802.11']
2013-11-20 10:58:05,611: DEBUG: GoGo-Total-Output-Voice-Octets: [0]
2013-11-20 10:58:05,611: DEBUG: GoGo-Private-IP-Address: ['192.168.1.179']
2013-11-20 10:58:05,611: DEBUG: GoGo-Acct-Input-Voice-Gigawords: [0]
2013-11-20 10:58:05,611: DEBUG: GoGo-Total-Input-Packets: [18694]
2013-11-20 10:58:05,611: DEBUG: GoGo-Total-Input-Gigawords: [0]
2013-11-20 10:58:05,612: DEBUG: GoGo-Acct-Input-Voice-Packets: [0]
2013-11-20 10:58:05,612: DEBUG: GoGo-Total-Input-Octets: [6984155]
2013-11-20 10:58:05,612: DEBUG: GoGo-Total-Output-Packets: [30449]
2013-11-20 10:58:05,612: DEBUG: WISPr-Location-ID: [u'airline=BA01,tail=01009,network=']
2013-11-20 10:58:05,612: DEBUG: GoGo-Acct-Output-Voice-Gigawords: [0]
2013-11-20 10:58:05,612: DEBUG: Acct-Input-Octets: [6984155]
2013-11-20 10:58:05,612: ERROR: Network error, Reason: 'Network error: nodename nor servname provided, or not known'
2013-11-20 10:58:30,613: DEBUG: 

2013-11-20 10:58:30,615: DEBUG: Creating Accounting Stop Request with the following Attributes:
2013-11-20 10:58:30,615: DEBUG: User-Name: [u'username86@airborne.aircell.com']
2013-11-20 10:58:30,616: DEBUG: GoGo-Tail-Number: [u'01009']
2013-11-20 10:58:30,616: DEBUG: Acct-Output-Octets: [3866163]
2013-11-20 10:58:30,616: DEBUG: NAS-IP-Address: ['10.254.206.1']
2013-11-20 10:58:30,616: DEBUG: GoGo-Total-Output-Gigawords: [0]
2013-11-20 10:58:30,616: DEBUG: Framed-IP-Address: ['10.254.206.77']
2013-11-20 10:58:30,617: DEBUG: GoGo-Total-Input-Voice-Gigawords: [0]
2013-11-20 10:58:30,617: DEBUG: GoGo-Total-Output-Octets: [3866163]
2013-11-20 10:58:30,617: DEBUG: GoGo-Acct-Input-Voice-Octets: [0]
2013-11-20 10:58:30,617: DEBUG: GoGo-Total-Input-Voice-Packets: [0]
2013-11-20 10:58:30,617: DEBUG: Called-Station-Id: [u'00:16:3E:40:FB:FB']
2013-11-20 10:58:30,618: DEBUG: WISPr-Location-Name: [u'TEST LLC,BA01_01009']
2013-11-20 10:58:30,618: DEBUG: NAS-Identifier: [u'C08386']
2013-11-20 10:58:30,618: DEBUG: Proxy-State: ['3330,3132']
2013-11-20 10:58:30,618: DEBUG: GoGo-Total-Input-Voice-Octets: [0]
2013-11-20 10:58:30,618: DEBUG: Acct-Status-Type: ['Stop']
2013-11-20 10:58:30,619: DEBUG: GoGo-Total-Output-Voice-Gigawords: [0]
2013-11-20 10:58:30,619: DEBUG: GoGo-Airline: [u'BA01']
2013-11-20 10:58:30,619: DEBUG: Acct-Session-Id: [u'AAATestNAS_201-1384925198482-00163E40FBFB-2']
2013-11-20 10:58:30,619: DEBUG: Acct-Session-Time: [25]
2013-11-20 10:58:30,619: DEBUG: Acct-Input-Packets: [54418]
2013-11-20 10:58:30,619: DEBUG: Acct-Output-Packets: [19082]
2013-11-20 10:58:30,620: DEBUG: Acct-Terminate-Cause: ['User-Request']
2013-11-20 10:58:30,620: DEBUG: GoGo-Acct-Output-Voice-Octets: [0]
2013-11-20 10:58:30,620: DEBUG: Acct-Output-Gigawords: [0]
2013-11-20 10:58:30,620: DEBUG: GoGo-Total-Output-Voice-Packets: [0]
2013-11-20 10:58:30,620: DEBUG: Acct-Input-Gigawords: [0]
2013-11-20 10:58:30,620: DEBUG: Calling-Station-Id: [u'18:21:31:41:52:82']
2013-11-20 10:58:30,621: DEBUG: NAS-Port-Type: ['Wireless-802.11']
2013-11-20 10:58:30,621: DEBUG: GoGo-Total-Output-Voice-Octets: [0]
2013-11-20 10:58:30,621: DEBUG: GoGo-Private-IP-Address: ['192.168.1.179']
2013-11-20 10:58:30,621: DEBUG: GoGo-Acct-Input-Voice-Gigawords: [0]
2013-11-20 10:58:30,621: DEBUG: GoGo-Total-Input-Packets: [54418]
2013-11-20 10:58:30,621: DEBUG: GoGo-Total-Input-Gigawords: [0]
2013-11-20 10:58:30,621: DEBUG: GoGo-Acct-Input-Voice-Packets: [0]
2013-11-20 10:58:30,622: DEBUG: GoGo-Total-Input-Octets: [7148098]
2013-11-20 10:58:30,622: DEBUG: GoGo-Total-Output-Packets: [19082]
2013-11-20 10:58:30,622: DEBUG: WISPr-Location-ID: [u'airline=BA01,tail=01009,network=']
2013-11-20 10:58:30,622: DEBUG: GoGo-Acct-Output-Voice-Packets: [0]
2013-11-20 10:58:30,622: DEBUG: GoGo-Acct-Output-Voice-Gigawords: [0]
2013-11-20 10:58:30,622: DEBUG: Acct-Input-Octets: [7148098]
2013-11-20 10:58:30,623: ERROR: Network error, Reason: 'Network error: nodename nor servname provided, or not known'
2013-11-20 10:58:30,623: ERROR: Ending the test for this user
2013-11-20 10:58:30,623: DEBUG: Ending the test for this user
