2013-11-20 10:55:41,462: DEBUG: Starting the client for the user username25@airborne.aircell.com to the server localhost

2013-11-20 10:55:41,462: DEBUG: DURATION of the TEST: 57
2013-11-20 10:55:41,463: DEBUG: NAS-IP: 10.254.67.1
2013-11-20 10:55:41,463: DEBUG: NAS-MAC-ADDR: 17:21:31:41:52:32
2013-11-20 10:55:41,463: DEBUG: Abruptly End: True
2013-11-20 10:55:41,463: DEBUG: Framed-IP: 10.254.67.188
2013-11-20 10:55:41,463: DEBUG: User-MAC-Addr: 00:16:3E:79:60:83
2013-11-20 10:55:41,463: DEBUG: 

2013-11-20 10:55:41,463: DEBUG: Creating Authentication Request with the following Attributes:
2013-11-20 10:55:41,464: DEBUG: NAS-Identifier: [u'C08386']
2013-11-20 10:55:41,464: DEBUG: User-Name: [u'username25@airborne.aircell.com']
2013-11-20 10:55:41,464: DEBUG: NAS-IP-Address: ['10.254.67.1']
2013-11-20 10:55:41,464: DEBUG: Service-Type: ['Authenticate-Only']
2013-11-20 10:55:41,464: DEBUG: Proxy-State: ['3237,3134']
2013-11-20 10:55:41,464: DEBUG: Framed-IP-Address: ['10.254.67.188']
2013-11-20 10:55:41,464: DEBUG: GoGo-Airline: [u'BA01']
2013-11-20 10:55:41,464: DEBUG: Acct-Session-Id: [u'AAATestNAS_62-1384925141463-00163E796083-1']
2013-11-20 10:55:41,464: DEBUG: GoGo-Tail-Number: [u'AAATestNAS_62']
2013-11-20 10:55:41,464: DEBUG: GoGo-Private-IP-Address: ['192.168.1.179']
2013-11-20 10:55:41,464: DEBUG: WISPr-Location-ID: [u'airline=BA01,tail=01009,network=']
2013-11-20 10:55:41,464: DEBUG: WISPr-Location-Name: [u'TEST LLC,BA01_01009']
2013-11-20 10:55:41,464: DEBUG: NAS-Port-Type: ['Wireless-802.11']
2013-11-20 10:55:41,464: DEBUG: Called-Station-Id: [u'00:16:3E:79:60:83']
2013-11-20 10:55:41,465: DEBUG: Calling-Station-Id: [u'17:21:31:41:52:32']
2013-11-20 10:55:41,466: DEBUG: 

2013-11-20 10:55:41,466: DEBUG: Received response with code: 2, Accepted
2013-11-20 10:55:41,466: DEBUG: Creating Authentication Request with the following Attributes:
2013-11-20 10:55:41,466: DEBUG: NAS-Identifier: [u'C08386']
2013-11-20 10:55:41,466: DEBUG: User-Name: [u'username25@airborne.aircell.com']
2013-11-20 10:55:41,466: DEBUG: NAS-IP-Address: ['10.254.67.1']
2013-11-20 10:55:41,466: DEBUG: Service-Type: ['Login-User']
2013-11-20 10:55:41,466: DEBUG: Proxy-State: ['3237,3134']
2013-11-20 10:55:41,466: DEBUG: Framed-IP-Address: ['10.254.67.188']
2013-11-20 10:55:41,467: DEBUG: GoGo-Airline: [u'BA01']
2013-11-20 10:55:41,467: DEBUG: Acct-Session-Id: [u'AAATestNAS_62-1384925141466-00163E796083-1']
2013-11-20 10:55:41,467: DEBUG: GoGo-Tail-Number: [u'AAATestNAS_62']
2013-11-20 10:55:41,467: DEBUG: GoGo-Private-IP-Address: ['192.168.1.179']
2013-11-20 10:55:41,467: DEBUG: WISPr-Location-ID: [u'airline=BA01,tail=01009,network=']
2013-11-20 10:55:41,467: DEBUG: WISPr-Location-Name: [u'TEST LLC,BA01_01009']
2013-11-20 10:55:41,467: DEBUG: NAS-Port-Type: ['Wireless-802.11']
2013-11-20 10:55:41,467: DEBUG: Called-Station-Id: [u'00:16:3E:79:60:83']
2013-11-20 10:55:41,467: DEBUG: Calling-Station-Id: [u'17:21:31:41:52:32']
2013-11-20 10:55:41,468: DEBUG: 

2013-11-20 10:55:41,468: DEBUG: Received response with code: 2, Accepted
2013-11-20 10:55:41,468: DEBUG: 

2013-11-20 10:55:41,468: DEBUG: Creating Accounting start Request with the following Attributes:
2013-11-20 10:55:41,468: DEBUG: NAS-Identifier: [u'C08386']
2013-11-20 10:55:41,468: DEBUG: User-Name: [u'username25@airborne.aircell.com']
2013-11-20 10:55:41,469: DEBUG: GoGo-Tail-Number: [u'AAATestNAS_62']
2013-11-20 10:55:41,469: DEBUG: NAS-IP-Address: ['10.254.67.1']
2013-11-20 10:55:41,469: DEBUG: Proxy-State: ['3239,3131']
2013-11-20 10:55:41,469: DEBUG: Acct-Status-Type: ['Start']
2013-11-20 10:55:41,469: DEBUG: GoGo-Airline: [u'BA01']
2013-11-20 10:55:41,469: DEBUG: Acct-Session-Id: [u'AAATestNAS_62-1384925141466-00163E796083-1']
2013-11-20 10:55:41,469: DEBUG: GoGo-Private-IP-Address: ['192.168.1.179']
2013-11-20 10:55:41,469: DEBUG: Framed-IP-Address: ['10.254.67.188']
2013-11-20 10:55:41,469: DEBUG: WISPr-Location-ID: [u'airline=BA01,tail=01009,network=']
2013-11-20 10:55:41,469: DEBUG: WISPr-Location-Name: [u'TEST LLC,BA01_01009']
2013-11-20 10:55:41,469: DEBUG: NAS-Port-Type: ['Wireless-802.11']
2013-11-20 10:55:41,469: DEBUG: Called-Station-Id: [u'00:16:3E:79:60:83']
2013-11-20 10:55:41,469: DEBUG: Calling-Station-Id: [u'17:21:31:41:52:32']
2013-11-20 10:55:41,470: DEBUG: 

2013-11-20 10:55:41,470: DEBUG: Received response with following attributes:
2013-11-20 10:55:51,471: DEBUG: 

2013-11-20 10:55:51,471: DEBUG: Creating Accounting Update Request with the following Attributes:
2013-11-20 10:55:51,471: DEBUG: User-Name: [u'username25@airborne.aircell.com']
2013-11-20 10:55:51,471: DEBUG: GoGo-Tail-Number: [u'AAATestNAS_62']
2013-11-20 10:55:51,471: DEBUG: Acct-Output-Octets: [4450130]
2013-11-20 10:55:51,471: DEBUG: NAS-IP-Address: ['10.254.67.1']
2013-11-20 10:55:51,471: DEBUG: GoGo-Total-Output-Gigawords: [0]
2013-11-20 10:55:51,472: DEBUG: Framed-IP-Address: ['10.254.67.188']
2013-11-20 10:55:51,472: DEBUG: GoGo-Total-Input-Voice-Gigawords: [0]
2013-11-20 10:55:51,472: DEBUG: GoGo-Total-Output-Octets: [4450130]
2013-11-20 10:55:51,472: DEBUG: GoGo-Acct-Input-Voice-Octets: [0]
2013-11-20 10:55:51,472: DEBUG: GoGo-Total-Input-Voice-Packets: [0]
2013-11-20 10:55:51,472: DEBUG: Called-Station-Id: [u'00:16:3E:79:60:83']
2013-11-20 10:55:51,472: DEBUG: WISPr-Location-Name: [u'TEST LLC,BA01_01009']
2013-11-20 10:55:51,472: DEBUG: NAS-Identifier: [u'C08386']
2013-11-20 10:55:51,472: DEBUG: Proxy-State: ['3330,3132']
2013-11-20 10:55:51,472: DEBUG: GoGo-Total-Input-Voice-Octets: [0]
2013-11-20 10:55:51,472: DEBUG: Acct-Status-Type: ['Interim-Update']
2013-11-20 10:55:51,472: DEBUG: GoGo-Total-Output-Voice-Gigawords: [0]
2013-11-20 10:55:51,472: DEBUG: GoGo-Airline: [u'BA01']
2013-11-20 10:55:51,472: DEBUG: Acct-Session-Id: [u'AAATestNAS_62-1384925141466-00163E796083-1']
2013-11-20 10:55:51,473: DEBUG: Acct-Session-Time: [10]
2013-11-20 10:55:51,473: DEBUG: Acct-Input-Packets: [12169]
2013-11-20 10:55:51,473: DEBUG: Acct-Output-Packets: [38621]
2013-11-20 10:55:51,473: DEBUG: GoGo-Acct-Output-Voice-Packets: [0]
2013-11-20 10:55:51,473: DEBUG: GoGo-Acct-Output-Voice-Octets: [0]
2013-11-20 10:55:51,473: DEBUG: Acct-Output-Gigawords: [0]
2013-11-20 10:55:51,473: DEBUG: GoGo-Total-Output-Voice-Packets: [0]
2013-11-20 10:55:51,473: DEBUG: Acct-Input-Gigawords: [0]
2013-11-20 10:55:51,473: DEBUG: Calling-Station-Id: [u'17:21:31:41:52:32']
2013-11-20 10:55:51,473: DEBUG: NAS-Port-Type: ['Wireless-802.11']
2013-11-20 10:55:51,473: DEBUG: GoGo-Total-Output-Voice-Octets: [0]
2013-11-20 10:55:51,473: DEBUG: GoGo-Private-IP-Address: ['192.168.1.179']
2013-11-20 10:55:51,473: DEBUG: GoGo-Acct-Input-Voice-Gigawords: [0]
2013-11-20 10:55:51,473: DEBUG: GoGo-Total-Input-Packets: [12169]
2013-11-20 10:55:51,473: DEBUG: GoGo-Total-Input-Gigawords: [0]
2013-11-20 10:55:51,474: DEBUG: GoGo-Acct-Input-Voice-Packets: [0]
2013-11-20 10:55:51,474: DEBUG: GoGo-Total-Input-Octets: [2678281]
2013-11-20 10:55:51,474: DEBUG: GoGo-Total-Output-Packets: [38621]
2013-11-20 10:55:51,474: DEBUG: WISPr-Location-ID: [u'airline=BA01,tail=01009,network=']
2013-11-20 10:55:51,474: DEBUG: GoGo-Acct-Output-Voice-Gigawords: [0]
2013-11-20 10:55:51,474: DEBUG: Acct-Input-Octets: [2678281]
2013-11-20 10:55:51,475: DEBUG: 

2013-11-20 10:55:51,475: DEBUG: Received response with following attributes:
2013-11-20 10:56:01,475: DEBUG: 

2013-11-20 10:56:01,476: DEBUG: Creating Accounting Update Request with the following Attributes:
2013-11-20 10:56:01,476: DEBUG: User-Name: [u'username25@airborne.aircell.com']
2013-11-20 10:56:01,476: DEBUG: GoGo-Tail-Number: [u'AAATestNAS_62']
2013-11-20 10:56:01,476: DEBUG: Acct-Output-Octets: [3505149]
2013-11-20 10:56:01,476: DEBUG: NAS-IP-Address: ['10.254.67.1']
2013-11-20 10:56:01,476: DEBUG: GoGo-Total-Output-Gigawords: [0]
2013-11-20 10:56:01,476: DEBUG: Framed-IP-Address: ['10.254.67.188']
2013-11-20 10:56:01,476: DEBUG: GoGo-Total-Input-Voice-Gigawords: [0]
2013-11-20 10:56:01,476: DEBUG: GoGo-Total-Output-Octets: [3505149]
2013-11-20 10:56:01,477: DEBUG: GoGo-Acct-Input-Voice-Octets: [0]
2013-11-20 10:56:01,477: DEBUG: GoGo-Total-Input-Voice-Packets: [0]
2013-11-20 10:56:01,477: DEBUG: Called-Station-Id: [u'00:16:3E:79:60:83']
2013-11-20 10:56:01,477: DEBUG: WISPr-Location-Name: [u'TEST LLC,BA01_01009']
2013-11-20 10:56:01,477: DEBUG: NAS-Identifier: [u'C08386']
2013-11-20 10:56:01,477: DEBUG: Proxy-State: ['3330,3132']
2013-11-20 10:56:01,477: DEBUG: GoGo-Total-Input-Voice-Octets: [0]
2013-11-20 10:56:01,477: DEBUG: Acct-Status-Type: ['Interim-Update']
2013-11-20 10:56:01,477: DEBUG: GoGo-Total-Output-Voice-Gigawords: [0]
2013-11-20 10:56:01,477: DEBUG: GoGo-Airline: [u'BA01']
2013-11-20 10:56:01,477: DEBUG: Acct-Session-Id: [u'AAATestNAS_62-1384925141466-00163E796083-1']
2013-11-20 10:56:01,477: DEBUG: Acct-Session-Time: [10]
2013-11-20 10:56:01,477: DEBUG: Acct-Input-Packets: [13064]
2013-11-20 10:56:01,477: DEBUG: Acct-Output-Packets: [3652]
2013-11-20 10:56:01,478: DEBUG: GoGo-Acct-Output-Voice-Packets: [0]
2013-11-20 10:56:01,478: DEBUG: GoGo-Acct-Output-Voice-Octets: [0]
2013-11-20 10:56:01,478: DEBUG: Acct-Output-Gigawords: [0]
2013-11-20 10:56:01,478: DEBUG: GoGo-Total-Output-Voice-Packets: [0]
2013-11-20 10:56:01,478: DEBUG: Acct-Input-Gigawords: [0]
2013-11-20 10:56:01,478: DEBUG: Calling-Station-Id: [u'17:21:31:41:52:32']
2013-11-20 10:56:01,478: DEBUG: NAS-Port-Type: ['Wireless-802.11']
2013-11-20 10:56:01,478: DEBUG: GoGo-Total-Output-Voice-Octets: [0]
2013-11-20 10:56:01,478: DEBUG: GoGo-Private-IP-Address: ['192.168.1.179']
2013-11-20 10:56:01,478: DEBUG: GoGo-Acct-Input-Voice-Gigawords: [0]
2013-11-20 10:56:01,478: DEBUG: GoGo-Total-Input-Packets: [13064]
2013-11-20 10:56:01,478: DEBUG: GoGo-Total-Input-Gigawords: [0]
2013-11-20 10:56:01,478: DEBUG: GoGo-Acct-Input-Voice-Packets: [0]
2013-11-20 10:56:01,479: DEBUG: GoGo-Total-Input-Octets: [8190504]
2013-11-20 10:56:01,479: DEBUG: GoGo-Total-Output-Packets: [3652]
2013-11-20 10:56:01,479: DEBUG: WISPr-Location-ID: [u'airline=BA01,tail=01009,network=']
2013-11-20 10:56:01,479: DEBUG: GoGo-Acct-Output-Voice-Gigawords: [0]
2013-11-20 10:56:01,479: DEBUG: Acct-Input-Octets: [8190504]
2013-11-20 10:56:01,481: DEBUG: 

2013-11-20 10:56:01,481: DEBUG: Received response with following attributes:
2013-11-20 10:56:01,481: DEBUG: User has abruptly end flag so ending the test with out AcctStop
2013-11-20 10:56:01,481: DEBUG: Ending the test for this user
2013-11-20 10:56:02,413: DEBUG: Starting the client for the user username25@airborne.aircell.com to the server localhost

2013-11-20 10:56:02,413: DEBUG: DURATION of the TEST: 91
2013-11-20 10:56:02,413: DEBUG: NAS-IP: 10.254.16.1
2013-11-20 10:56:02,414: DEBUG: NAS-MAC-ADDR: 16:21:31:41:51:71
2013-11-20 10:56:02,414: DEBUG: Abruptly End: False
2013-11-20 10:56:02,414: DEBUG: Framed-IP: 10.254.16.162
2013-11-20 10:56:02,414: DEBUG: User-MAC-Addr: 00:16:3E:50:39:58
2013-11-20 10:56:02,415: DEBUG: 

2013-11-20 10:56:02,415: DEBUG: Creating Authentication Request with the following Attributes:
2013-11-20 10:56:02,416: DEBUG: NAS-Identifier: [u'C08386']
2013-11-20 10:56:02,416: DEBUG: User-Name: [u'username25@airborne.aircell.com']
2013-11-20 10:56:02,416: DEBUG: NAS-IP-Address: ['10.254.16.1']
2013-11-20 10:56:02,416: DEBUG: Service-Type: ['Authenticate-Only']
2013-11-20 10:56:02,416: DEBUG: Proxy-State: ['3237,3134']
2013-11-20 10:56:02,416: DEBUG: Framed-IP-Address: ['10.254.16.162']
2013-11-20 10:56:02,417: DEBUG: GoGo-Airline: [u'BA01']
2013-11-20 10:56:02,417: DEBUG: Acct-Session-Id: [u'AAATestNAS_11-1384925162415-00163E503958-2']
2013-11-20 10:56:02,417: DEBUG: GoGo-Tail-Number: [u'AAATestNAS_11']
2013-11-20 10:56:02,417: DEBUG: GoGo-Private-IP-Address: ['192.168.1.179']
2013-11-20 10:56:02,417: DEBUG: WISPr-Location-ID: [u'airline=BA01,tail=01009,network=']
2013-11-20 10:56:02,417: DEBUG: WISPr-Location-Name: [u'TEST LLC,BA01_01009']
2013-11-20 10:56:02,417: DEBUG: NAS-Port-Type: ['Wireless-802.11']
2013-11-20 10:56:02,417: DEBUG: Called-Station-Id: [u'00:16:3E:50:39:58']
2013-11-20 10:56:02,418: DEBUG: Calling-Station-Id: [u'16:21:31:41:51:71']
2013-11-20 10:56:02,419: DEBUG: 

2013-11-20 10:56:02,419: DEBUG: Received response with code: 2, Accepted
2013-11-20 10:56:02,419: DEBUG: Creating Authentication Request with the following Attributes:
2013-11-20 10:56:02,419: DEBUG: NAS-Identifier: [u'C08386']
2013-11-20 10:56:02,419: DEBUG: User-Name: [u'username25@airborne.aircell.com']
2013-11-20 10:56:02,420: DEBUG: NAS-IP-Address: ['10.254.16.1']
2013-11-20 10:56:02,420: DEBUG: Service-Type: ['Login-User']
2013-11-20 10:56:02,420: DEBUG: Proxy-State: ['3237,3134']
2013-11-20 10:56:02,420: DEBUG: Framed-IP-Address: ['10.254.16.162']
2013-11-20 10:56:02,420: DEBUG: GoGo-Airline: [u'BA01']
2013-11-20 10:56:02,420: DEBUG: Acct-Session-Id: [u'AAATestNAS_11-1384925162419-00163E503958-2']
2013-11-20 10:56:02,420: DEBUG: GoGo-Tail-Number: [u'AAATestNAS_11']
2013-11-20 10:56:02,420: DEBUG: GoGo-Private-IP-Address: ['192.168.1.179']
2013-11-20 10:56:02,420: DEBUG: WISPr-Location-ID: [u'airline=BA01,tail=01009,network=']
2013-11-20 10:56:02,421: DEBUG: WISPr-Location-Name: [u'TEST LLC,BA01_01009']
2013-11-20 10:56:02,421: DEBUG: NAS-Port-Type: ['Wireless-802.11']
2013-11-20 10:56:02,421: DEBUG: Called-Station-Id: [u'00:16:3E:50:39:58']
2013-11-20 10:56:02,421: DEBUG: Calling-Station-Id: [u'16:21:31:41:51:71']
2013-11-20 10:56:02,422: DEBUG: 

2013-11-20 10:56:02,422: DEBUG: Received response with code: 2, Accepted
2013-11-20 10:56:02,422: DEBUG: 

2013-11-20 10:56:02,422: DEBUG: Creating Accounting start Request with the following Attributes:
2013-11-20 10:56:02,423: DEBUG: NAS-Identifier: [u'C08386']
2013-11-20 10:56:02,423: DEBUG: User-Name: [u'username25@airborne.aircell.com']
2013-11-20 10:56:02,423: DEBUG: GoGo-Tail-Number: [u'AAATestNAS_11']
2013-11-20 10:56:02,423: DEBUG: NAS-IP-Address: ['10.254.16.1']
2013-11-20 10:56:02,423: DEBUG: Proxy-State: ['3239,3131']
2013-11-20 10:56:02,424: DEBUG: Acct-Status-Type: ['Start']
2013-11-20 10:56:02,424: DEBUG: GoGo-Airline: [u'BA01']
2013-11-20 10:56:02,424: DEBUG: Acct-Session-Id: [u'AAATestNAS_11-1384925162419-00163E503958-2']
2013-11-20 10:56:02,424: DEBUG: GoGo-Private-IP-Address: ['192.168.1.179']
2013-11-20 10:56:02,424: DEBUG: Framed-IP-Address: ['10.254.16.162']
2013-11-20 10:56:02,425: DEBUG: WISPr-Location-ID: [u'airline=BA01,tail=01009,network=']
2013-11-20 10:56:02,425: DEBUG: WISPr-Location-Name: [u'TEST LLC,BA01_01009']
2013-11-20 10:56:02,426: DEBUG: NAS-Port-Type: ['Wireless-802.11']
2013-11-20 10:56:02,426: DEBUG: Called-Station-Id: [u'00:16:3E:50:39:58']
2013-11-20 10:56:02,426: DEBUG: Calling-Station-Id: [u'16:21:31:41:51:71']
2013-11-20 10:56:02,429: DEBUG: 

2013-11-20 10:56:02,430: DEBUG: Received response with following attributes:
2013-11-20 10:56:12,431: DEBUG: 

2013-11-20 10:56:12,432: DEBUG: Creating Accounting Update Request with the following Attributes:
2013-11-20 10:56:12,432: DEBUG: User-Name: [u'username25@airborne.aircell.com']
2013-11-20 10:56:12,433: DEBUG: GoGo-Tail-Number: [u'AAATestNAS_11']
2013-11-20 10:56:12,433: DEBUG: Acct-Output-Octets: [4487058]
2013-11-20 10:56:12,433: DEBUG: NAS-IP-Address: ['10.254.16.1']
2013-11-20 10:56:12,434: DEBUG: GoGo-Total-Output-Gigawords: [0]
2013-11-20 10:56:12,434: DEBUG: Framed-IP-Address: ['10.254.16.162']
2013-11-20 10:56:12,434: DEBUG: GoGo-Total-Input-Voice-Gigawords: [0]
2013-11-20 10:56:12,435: DEBUG: GoGo-Total-Output-Octets: [4487058]
2013-11-20 10:56:12,435: DEBUG: GoGo-Acct-Input-Voice-Octets: [0]
2013-11-20 10:56:12,435: DEBUG: GoGo-Total-Input-Voice-Packets: [0]
2013-11-20 10:56:12,435: DEBUG: Called-Station-Id: [u'00:16:3E:50:39:58']
2013-11-20 10:56:12,436: DEBUG: WISPr-Location-Name: [u'TEST LLC,BA01_01009']
2013-11-20 10:56:12,436: DEBUG: NAS-Identifier: [u'C08386']
2013-11-20 10:56:12,436: DEBUG: Proxy-State: ['3330,3132']
2013-11-20 10:56:12,437: DEBUG: GoGo-Total-Input-Voice-Octets: [0]
2013-11-20 10:56:12,437: DEBUG: Acct-Status-Type: ['Interim-Update']
2013-11-20 10:56:12,437: DEBUG: GoGo-Total-Output-Voice-Gigawords: [0]
2013-11-20 10:56:12,437: DEBUG: GoGo-Airline: [u'BA01']
2013-11-20 10:56:12,437: DEBUG: Acct-Session-Id: [u'AAATestNAS_11-1384925162419-00163E503958-2']
2013-11-20 10:56:12,438: DEBUG: Acct-Session-Time: [10]
2013-11-20 10:56:12,438: DEBUG: Acct-Input-Packets: [8791]
2013-11-20 10:56:12,438: DEBUG: Acct-Output-Packets: [32854]
2013-11-20 10:56:12,438: DEBUG: GoGo-Acct-Output-Voice-Packets: [0]
2013-11-20 10:56:12,438: DEBUG: GoGo-Acct-Output-Voice-Octets: [0]
2013-11-20 10:56:12,438: DEBUG: Acct-Output-Gigawords: [0]
2013-11-20 10:56:12,439: DEBUG: GoGo-Total-Output-Voice-Packets: [0]
2013-11-20 10:56:12,439: DEBUG: Acct-Input-Gigawords: [0]
2013-11-20 10:56:12,439: DEBUG: Calling-Station-Id: [u'16:21:31:41:51:71']
2013-11-20 10:56:12,439: DEBUG: NAS-Port-Type: ['Wireless-802.11']
2013-11-20 10:56:12,439: DEBUG: GoGo-Total-Output-Voice-Octets: [0]
2013-11-20 10:56:12,439: DEBUG: GoGo-Private-IP-Address: ['192.168.1.179']
2013-11-20 10:56:12,440: DEBUG: GoGo-Acct-Input-Voice-Gigawords: [0]
2013-11-20 10:56:12,440: DEBUG: GoGo-Total-Input-Packets: [8791]
2013-11-20 10:56:12,440: DEBUG: GoGo-Total-Input-Gigawords: [0]
2013-11-20 10:56:12,440: DEBUG: GoGo-Acct-Input-Voice-Packets: [0]
2013-11-20 10:56:12,440: DEBUG: GoGo-Total-Input-Octets: [2593062]
2013-11-20 10:56:12,440: DEBUG: GoGo-Total-Output-Packets: [32854]
2013-11-20 10:56:12,440: DEBUG: WISPr-Location-ID: [u'airline=BA01,tail=01009,network=']
2013-11-20 10:56:12,440: DEBUG: GoGo-Acct-Output-Voice-Gigawords: [0]
2013-11-20 10:56:12,440: DEBUG: Acct-Input-Octets: [2593062]
2013-11-20 10:56:12,442: DEBUG: 

2013-11-20 10:56:12,442: DEBUG: Received response with following attributes:
2013-11-20 10:56:22,443: DEBUG: 

2013-11-20 10:56:22,444: DEBUG: Creating Accounting Update Request with the following Attributes:
2013-11-20 10:56:22,444: DEBUG: User-Name: [u'username25@airborne.aircell.com']
2013-11-20 10:56:22,445: DEBUG: GoGo-Tail-Number: [u'AAATestNAS_11']
2013-11-20 10:56:22,445: DEBUG: Acct-Output-Octets: [6454326]
2013-11-20 10:56:22,446: DEBUG: NAS-IP-Address: ['10.254.16.1']
2013-11-20 10:56:22,446: DEBUG: GoGo-Total-Output-Gigawords: [0]
2013-11-20 10:56:22,446: DEBUG: Framed-IP-Address: ['10.254.16.162']
2013-11-20 10:56:22,447: DEBUG: GoGo-Total-Input-Voice-Gigawords: [0]
2013-11-20 10:56:22,447: DEBUG: GoGo-Total-Output-Octets: [6454326]
2013-11-20 10:56:22,448: DEBUG: GoGo-Acct-Input-Voice-Octets: [0]
2013-11-20 10:56:22,448: DEBUG: GoGo-Total-Input-Voice-Packets: [0]
2013-11-20 10:56:22,449: DEBUG: Called-Station-Id: [u'00:16:3E:50:39:58']
2013-11-20 10:56:22,449: DEBUG: WISPr-Location-Name: [u'TEST LLC,BA01_01009']
2013-11-20 10:56:22,450: DEBUG: NAS-Identifier: [u'C08386']
2013-11-20 10:56:22,451: DEBUG: Proxy-State: ['3330,3132']
2013-11-20 10:56:22,452: DEBUG: GoGo-Total-Input-Voice-Octets: [0]
2013-11-20 10:56:22,453: DEBUG: Acct-Status-Type: ['Interim-Update']
2013-11-20 10:56:22,453: DEBUG: GoGo-Total-Output-Voice-Gigawords: [0]
2013-11-20 10:56:22,453: DEBUG: GoGo-Airline: [u'BA01']
2013-11-20 10:56:22,454: DEBUG: Acct-Session-Id: [u'AAATestNAS_11-1384925162419-00163E503958-2']
2013-11-20 10:56:22,454: DEBUG: Acct-Session-Time: [10]
2013-11-20 10:56:22,454: DEBUG: Acct-Input-Packets: [40242]
2013-11-20 10:56:22,455: DEBUG: Acct-Output-Packets: [8850]
2013-11-20 10:56:22,456: DEBUG: GoGo-Acct-Output-Voice-Packets: [0]
2013-11-20 10:56:22,457: DEBUG: GoGo-Acct-Output-Voice-Octets: [0]
2013-11-20 10:56:22,457: DEBUG: Acct-Output-Gigawords: [0]
2013-11-20 10:56:22,458: DEBUG: GoGo-Total-Output-Voice-Packets: [0]
2013-11-20 10:56:22,459: DEBUG: Acct-Input-Gigawords: [0]
2013-11-20 10:56:22,460: DEBUG: Calling-Station-Id: [u'16:21:31:41:51:71']
2013-11-20 10:56:22,460: DEBUG: NAS-Port-Type: ['Wireless-802.11']
2013-11-20 10:56:22,461: DEBUG: GoGo-Total-Output-Voice-Octets: [0]
2013-11-20 10:56:22,462: DEBUG: GoGo-Private-IP-Address: ['192.168.1.179']
2013-11-20 10:56:22,462: DEBUG: GoGo-Acct-Input-Voice-Gigawords: [0]
2013-11-20 10:56:22,463: DEBUG: GoGo-Total-Input-Packets: [40242]
2013-11-20 10:56:22,463: DEBUG: GoGo-Total-Input-Gigawords: [0]
2013-11-20 10:56:22,463: DEBUG: GoGo-Acct-Input-Voice-Packets: [0]
2013-11-20 10:56:22,465: DEBUG: GoGo-Total-Input-Octets: [4481084]
2013-11-20 10:56:22,467: DEBUG: GoGo-Total-Output-Packets: [8850]
2013-11-20 10:56:22,469: DEBUG: WISPr-Location-ID: [u'airline=BA01,tail=01009,network=']
2013-11-20 10:56:22,470: DEBUG: GoGo-Acct-Output-Voice-Gigawords: [0]
2013-11-20 10:56:22,471: DEBUG: Acct-Input-Octets: [4481084]
2013-11-20 10:56:22,474: DEBUG: 

2013-11-20 10:56:22,474: DEBUG: Received response with following attributes:
2013-11-20 10:56:32,477: DEBUG: 

2013-11-20 10:56:32,477: DEBUG: Creating Accounting Update Request with the following Attributes:
2013-11-20 10:56:32,478: DEBUG: User-Name: [u'username25@airborne.aircell.com']
2013-11-20 10:56:32,478: DEBUG: GoGo-Tail-Number: [u'AAATestNAS_11']
2013-11-20 10:56:32,478: DEBUG: Acct-Output-Octets: [7987981]
2013-11-20 10:56:32,478: DEBUG: NAS-IP-Address: ['10.254.16.1']
2013-11-20 10:56:32,478: DEBUG: GoGo-Total-Output-Gigawords: [0]
2013-11-20 10:56:32,478: DEBUG: Framed-IP-Address: ['10.254.16.162']
2013-11-20 10:56:32,478: DEBUG: GoGo-Total-Input-Voice-Gigawords: [0]
2013-11-20 10:56:32,478: DEBUG: GoGo-Total-Output-Octets: [7987981]
2013-11-20 10:56:32,478: DEBUG: GoGo-Acct-Input-Voice-Octets: [0]
2013-11-20 10:56:32,478: DEBUG: GoGo-Total-Input-Voice-Packets: [0]
2013-11-20 10:56:32,479: DEBUG: Called-Station-Id: [u'00:16:3E:50:39:58']
2013-11-20 10:56:32,479: DEBUG: WISPr-Location-Name: [u'TEST LLC,BA01_01009']
2013-11-20 10:56:32,479: DEBUG: NAS-Identifier: [u'C08386']
2013-11-20 10:56:32,479: DEBUG: Proxy-State: ['3330,3132']
2013-11-20 10:56:32,479: DEBUG: GoGo-Total-Input-Voice-Octets: [0]
2013-11-20 10:56:32,479: DEBUG: Acct-Status-Type: ['Interim-Update']
2013-11-20 10:56:32,479: DEBUG: GoGo-Total-Output-Voice-Gigawords: [0]
2013-11-20 10:56:32,480: DEBUG: GoGo-Airline: [u'BA01']
2013-11-20 10:56:32,480: DEBUG: Acct-Session-Id: [u'AAATestNAS_11-1384925162419-00163E503958-2']
2013-11-20 10:56:32,480: DEBUG: Acct-Session-Time: [10]
2013-11-20 10:56:32,481: DEBUG: Acct-Input-Packets: [27253]
2013-11-20 10:56:32,481: DEBUG: Acct-Output-Packets: [61583]
2013-11-20 10:56:32,481: DEBUG: GoGo-Acct-Output-Voice-Packets: [0]
2013-11-20 10:56:32,482: DEBUG: GoGo-Acct-Output-Voice-Octets: [0]
2013-11-20 10:56:32,482: DEBUG: Acct-Output-Gigawords: [0]
2013-11-20 10:56:32,482: DEBUG: GoGo-Total-Output-Voice-Packets: [0]
2013-11-20 10:56:32,483: DEBUG: Acct-Input-Gigawords: [0]
2013-11-20 10:56:32,483: DEBUG: Calling-Station-Id: [u'16:21:31:41:51:71']
2013-11-20 10:56:32,483: DEBUG: NAS-Port-Type: ['Wireless-802.11']
2013-11-20 10:56:32,483: DEBUG: GoGo-Total-Output-Voice-Octets: [0]
2013-11-20 10:56:32,484: DEBUG: GoGo-Private-IP-Address: ['192.168.1.179']
2013-11-20 10:56:32,484: DEBUG: GoGo-Acct-Input-Voice-Gigawords: [0]
2013-11-20 10:56:32,484: DEBUG: GoGo-Total-Input-Packets: [27253]
2013-11-20 10:56:32,485: DEBUG: GoGo-Total-Input-Gigawords: [0]
2013-11-20 10:56:32,485: DEBUG: GoGo-Acct-Input-Voice-Packets: [0]
2013-11-20 10:56:32,485: DEBUG: GoGo-Total-Input-Octets: [5357569]
2013-11-20 10:56:32,485: DEBUG: GoGo-Total-Output-Packets: [61583]
2013-11-20 10:56:32,486: DEBUG: WISPr-Location-ID: [u'airline=BA01,tail=01009,network=']
2013-11-20 10:56:32,486: DEBUG: GoGo-Acct-Output-Voice-Gigawords: [0]
2013-11-20 10:56:32,486: DEBUG: Acct-Input-Octets: [5357569]
2013-11-20 10:56:32,488: DEBUG: 

2013-11-20 10:56:32,489: DEBUG: Received response with following attributes:
2013-11-20 10:56:42,490: DEBUG: 

2013-11-20 10:56:42,490: DEBUG: Creating Accounting Update Request with the following Attributes:
2013-11-20 10:56:42,490: DEBUG: User-Name: [u'username25@airborne.aircell.com']
2013-11-20 10:56:42,490: DEBUG: GoGo-Tail-Number: [u'AAATestNAS_11']
2013-11-20 10:56:42,491: DEBUG: Acct-Output-Octets: [9781330]
2013-11-20 10:56:42,491: DEBUG: NAS-IP-Address: ['10.254.16.1']
2013-11-20 10:56:42,491: DEBUG: GoGo-Total-Output-Gigawords: [0]
2013-11-20 10:56:42,491: DEBUG: Framed-IP-Address: ['10.254.16.162']
2013-11-20 10:56:42,491: DEBUG: GoGo-Total-Input-Voice-Gigawords: [0]
2013-11-20 10:56:42,491: DEBUG: GoGo-Total-Output-Octets: [9781330]
2013-11-20 10:56:42,491: DEBUG: GoGo-Acct-Input-Voice-Octets: [0]
2013-11-20 10:56:42,492: DEBUG: GoGo-Total-Input-Voice-Packets: [0]
2013-11-20 10:56:42,492: DEBUG: Called-Station-Id: [u'00:16:3E:50:39:58']
2013-11-20 10:56:42,493: DEBUG: WISPr-Location-Name: [u'TEST LLC,BA01_01009']
2013-11-20 10:56:42,493: DEBUG: NAS-Identifier: [u'C08386']
2013-11-20 10:56:42,493: DEBUG: Proxy-State: ['3330,3132']
2013-11-20 10:56:42,493: DEBUG: GoGo-Total-Input-Voice-Octets: [0]
2013-11-20 10:56:42,494: DEBUG: Acct-Status-Type: ['Interim-Update']
2013-11-20 10:56:42,494: DEBUG: GoGo-Total-Output-Voice-Gigawords: [0]
2013-11-20 10:56:42,494: DEBUG: GoGo-Airline: [u'BA01']
2013-11-20 10:56:42,495: DEBUG: Acct-Session-Id: [u'AAATestNAS_11-1384925162419-00163E503958-2']
2013-11-20 10:56:42,495: DEBUG: Acct-Session-Time: [10]
2013-11-20 10:56:42,495: DEBUG: Acct-Input-Packets: [38345]
2013-11-20 10:56:42,495: DEBUG: Acct-Output-Packets: [21843]
2013-11-20 10:56:42,496: DEBUG: GoGo-Acct-Output-Voice-Packets: [0]
2013-11-20 10:56:42,496: DEBUG: GoGo-Acct-Output-Voice-Octets: [0]
2013-11-20 10:56:42,496: DEBUG: Acct-Output-Gigawords: [0]
2013-11-20 10:56:42,496: DEBUG: GoGo-Total-Output-Voice-Packets: [0]
2013-11-20 10:56:42,497: DEBUG: Acct-Input-Gigawords: [0]
2013-11-20 10:56:42,497: DEBUG: Calling-Station-Id: [u'16:21:31:41:51:71']
2013-11-20 10:56:42,497: DEBUG: NAS-Port-Type: ['Wireless-802.11']
2013-11-20 10:56:42,498: DEBUG: GoGo-Total-Output-Voice-Octets: [0]
2013-11-20 10:56:42,498: DEBUG: GoGo-Private-IP-Address: ['192.168.1.179']
2013-11-20 10:56:42,498: DEBUG: GoGo-Acct-Input-Voice-Gigawords: [0]
2013-11-20 10:56:42,499: DEBUG: GoGo-Total-Input-Packets: [38345]
2013-11-20 10:56:42,499: DEBUG: GoGo-Total-Input-Gigawords: [0]
2013-11-20 10:56:42,499: DEBUG: GoGo-Acct-Input-Voice-Packets: [0]
2013-11-20 10:56:42,499: DEBUG: GoGo-Total-Input-Octets: [5288534]
2013-11-20 10:56:42,500: DEBUG: GoGo-Total-Output-Packets: [21843]
2013-11-20 10:56:42,500: DEBUG: WISPr-Location-ID: [u'airline=BA01,tail=01009,network=']
2013-11-20 10:56:42,500: DEBUG: GoGo-Acct-Output-Voice-Gigawords: [0]
2013-11-20 10:56:42,500: DEBUG: Acct-Input-Octets: [5288534]
2013-11-20 10:56:42,502: DEBUG: 

2013-11-20 10:56:42,503: DEBUG: Received response with following attributes:
2013-11-20 10:56:52,503: DEBUG: 

2013-11-20 10:56:52,503: DEBUG: Creating Accounting Update Request with the following Attributes:
2013-11-20 10:56:52,504: DEBUG: User-Name: [u'username25@airborne.aircell.com']
2013-11-20 10:56:52,504: DEBUG: GoGo-Tail-Number: [u'AAATestNAS_11']
2013-11-20 10:56:52,504: DEBUG: Acct-Output-Octets: [6892649]
2013-11-20 10:56:52,504: DEBUG: NAS-IP-Address: ['10.254.16.1']
2013-11-20 10:56:52,504: DEBUG: GoGo-Total-Output-Gigawords: [0]
2013-11-20 10:56:52,504: DEBUG: Framed-IP-Address: ['10.254.16.162']
2013-11-20 10:56:52,504: DEBUG: GoGo-Total-Input-Voice-Gigawords: [0]
2013-11-20 10:56:52,504: DEBUG: GoGo-Total-Output-Octets: [6892649]
2013-11-20 10:56:52,504: DEBUG: GoGo-Acct-Input-Voice-Octets: [0]
2013-11-20 10:56:52,505: DEBUG: GoGo-Total-Input-Voice-Packets: [0]
2013-11-20 10:56:52,505: DEBUG: Called-Station-Id: [u'00:16:3E:50:39:58']
2013-11-20 10:56:52,505: DEBUG: WISPr-Location-Name: [u'TEST LLC,BA01_01009']
2013-11-20 10:56:52,505: DEBUG: NAS-Identifier: [u'C08386']
2013-11-20 10:56:52,506: DEBUG: Proxy-State: ['3330,3132']
2013-11-20 10:56:52,506: DEBUG: GoGo-Total-Input-Voice-Octets: [0]
2013-11-20 10:56:52,507: DEBUG: Acct-Status-Type: ['Interim-Update']
2013-11-20 10:56:52,507: DEBUG: GoGo-Total-Output-Voice-Gigawords: [0]
2013-11-20 10:56:52,507: DEBUG: GoGo-Airline: [u'BA01']
2013-11-20 10:56:52,507: DEBUG: Acct-Session-Id: [u'AAATestNAS_11-1384925162419-00163E503958-2']
2013-11-20 10:56:52,508: DEBUG: Acct-Session-Time: [10]
2013-11-20 10:56:52,508: DEBUG: Acct-Input-Packets: [25422]
2013-11-20 10:56:52,508: DEBUG: Acct-Output-Packets: [56852]
2013-11-20 10:56:52,509: DEBUG: GoGo-Acct-Output-Voice-Packets: [0]
2013-11-20 10:56:52,509: DEBUG: GoGo-Acct-Output-Voice-Octets: [0]
2013-11-20 10:56:52,509: DEBUG: Acct-Output-Gigawords: [0]
2013-11-20 10:56:52,509: DEBUG: GoGo-Total-Output-Voice-Packets: [0]
2013-11-20 10:56:52,510: DEBUG: Acct-Input-Gigawords: [0]
2013-11-20 10:56:52,510: DEBUG: Calling-Station-Id: [u'16:21:31:41:51:71']
2013-11-20 10:56:52,510: DEBUG: NAS-Port-Type: ['Wireless-802.11']
2013-11-20 10:56:52,510: DEBUG: GoGo-Total-Output-Voice-Octets: [0]
2013-11-20 10:56:52,511: DEBUG: GoGo-Private-IP-Address: ['192.168.1.179']
2013-11-20 10:56:52,511: DEBUG: GoGo-Acct-Input-Voice-Gigawords: [0]
2013-11-20 10:56:52,511: DEBUG: GoGo-Total-Input-Packets: [25422]
2013-11-20 10:56:52,512: DEBUG: GoGo-Total-Input-Gigawords: [0]
2013-11-20 10:56:52,512: DEBUG: GoGo-Acct-Input-Voice-Packets: [0]
2013-11-20 10:56:52,512: DEBUG: GoGo-Total-Input-Octets: [5322967]
2013-11-20 10:56:52,512: DEBUG: GoGo-Total-Output-Packets: [56852]
2013-11-20 10:56:52,513: DEBUG: WISPr-Location-ID: [u'airline=BA01,tail=01009,network=']
2013-11-20 10:56:52,513: DEBUG: GoGo-Acct-Output-Voice-Gigawords: [0]
2013-11-20 10:56:52,513: DEBUG: Acct-Input-Octets: [5322967]
2013-11-20 10:56:52,515: DEBUG: 

2013-11-20 10:56:52,515: DEBUG: Received response with following attributes:
2013-11-20 10:57:02,516: DEBUG: 

2013-11-20 10:57:02,517: DEBUG: Creating Accounting Update Request with the following Attributes:
2013-11-20 10:57:02,517: DEBUG: User-Name: [u'username25@airborne.aircell.com']
2013-11-20 10:57:02,517: DEBUG: GoGo-Tail-Number: [u'AAATestNAS_11']
2013-11-20 10:57:02,517: DEBUG: Acct-Output-Octets: [3850503]
2013-11-20 10:57:02,517: DEBUG: NAS-IP-Address: ['10.254.16.1']
2013-11-20 10:57:02,518: DEBUG: GoGo-Total-Output-Gigawords: [0]
2013-11-20 10:57:02,518: DEBUG: Framed-IP-Address: ['10.254.16.162']
2013-11-20 10:57:02,518: DEBUG: GoGo-Total-Input-Voice-Gigawords: [0]
2013-11-20 10:57:02,518: DEBUG: GoGo-Total-Output-Octets: [3850503]
2013-11-20 10:57:02,518: DEBUG: GoGo-Acct-Input-Voice-Octets: [0]
2013-11-20 10:57:02,518: DEBUG: GoGo-Total-Input-Voice-Packets: [0]
2013-11-20 10:57:02,518: DEBUG: Called-Station-Id: [u'00:16:3E:50:39:58']
2013-11-20 10:57:02,518: DEBUG: WISPr-Location-Name: [u'TEST LLC,BA01_01009']
2013-11-20 10:57:02,518: DEBUG: NAS-Identifier: [u'C08386']
2013-11-20 10:57:02,519: DEBUG: Proxy-State: ['3330,3132']
2013-11-20 10:57:02,519: DEBUG: GoGo-Total-Input-Voice-Octets: [0]
2013-11-20 10:57:02,519: DEBUG: Acct-Status-Type: ['Interim-Update']
2013-11-20 10:57:02,519: DEBUG: GoGo-Total-Output-Voice-Gigawords: [0]
2013-11-20 10:57:02,519: DEBUG: GoGo-Airline: [u'BA01']
2013-11-20 10:57:02,519: DEBUG: Acct-Session-Id: [u'AAATestNAS_11-1384925162419-00163E503958-2']
2013-11-20 10:57:02,519: DEBUG: Acct-Session-Time: [10]
2013-11-20 10:57:02,519: DEBUG: Acct-Input-Packets: [25563]
2013-11-20 10:57:02,519: DEBUG: Acct-Output-Packets: [17376]
2013-11-20 10:57:02,520: DEBUG: GoGo-Acct-Output-Voice-Packets: [0]
2013-11-20 10:57:02,520: DEBUG: GoGo-Acct-Output-Voice-Octets: [0]
2013-11-20 10:57:02,520: DEBUG: Acct-Output-Gigawords: [0]
2013-11-20 10:57:02,520: DEBUG: GoGo-Total-Output-Voice-Packets: [0]
2013-11-20 10:57:02,520: DEBUG: Acct-Input-Gigawords: [0]
2013-11-20 10:57:02,520: DEBUG: Calling-Station-Id: [u'16:21:31:41:51:71']
2013-11-20 10:57:02,520: DEBUG: NAS-Port-Type: ['Wireless-802.11']
2013-11-20 10:57:02,520: DEBUG: GoGo-Total-Output-Voice-Octets: [0]
2013-11-20 10:57:02,520: DEBUG: GoGo-Private-IP-Address: ['192.168.1.179']
2013-11-20 10:57:02,520: DEBUG: GoGo-Acct-Input-Voice-Gigawords: [0]
2013-11-20 10:57:02,521: DEBUG: GoGo-Total-Input-Packets: [25563]
2013-11-20 10:57:02,521: DEBUG: GoGo-Total-Input-Gigawords: [0]
2013-11-20 10:57:02,521: DEBUG: GoGo-Acct-Input-Voice-Packets: [0]
2013-11-20 10:57:02,521: DEBUG: GoGo-Total-Input-Octets: [6077276]
2013-11-20 10:57:02,521: DEBUG: GoGo-Total-Output-Packets: [17376]
2013-11-20 10:57:02,521: DEBUG: WISPr-Location-ID: [u'airline=BA01,tail=01009,network=']
2013-11-20 10:57:02,521: DEBUG: GoGo-Acct-Output-Voice-Gigawords: [0]
2013-11-20 10:57:02,521: DEBUG: Acct-Input-Octets: [6077276]
2013-11-20 10:57:02,523: DEBUG: 

2013-11-20 10:57:02,523: DEBUG: Received response with following attributes:
2013-11-20 10:57:12,525: DEBUG: 

2013-11-20 10:57:12,527: DEBUG: Creating Accounting Update Request with the following Attributes:
2013-11-20 10:57:12,529: DEBUG: User-Name: [u'username25@airborne.aircell.com']
2013-11-20 10:57:12,529: DEBUG: GoGo-Tail-Number: [u'AAATestNAS_11']
2013-11-20 10:57:12,530: DEBUG: Acct-Output-Octets: [5593465]
2013-11-20 10:57:12,532: DEBUG: NAS-IP-Address: ['10.254.16.1']
2013-11-20 10:57:12,533: DEBUG: GoGo-Total-Output-Gigawords: [0]
2013-11-20 10:57:12,533: DEBUG: Framed-IP-Address: ['10.254.16.162']
2013-11-20 10:57:12,535: DEBUG: GoGo-Total-Input-Voice-Gigawords: [0]
2013-11-20 10:57:12,535: DEBUG: GoGo-Total-Output-Octets: [5593465]
2013-11-20 10:57:12,537: DEBUG: GoGo-Acct-Input-Voice-Octets: [0]
2013-11-20 10:57:12,539: DEBUG: GoGo-Total-Input-Voice-Packets: [0]
2013-11-20 10:57:12,539: DEBUG: Called-Station-Id: [u'00:16:3E:50:39:58']
2013-11-20 10:57:12,542: DEBUG: WISPr-Location-Name: [u'TEST LLC,BA01_01009']
2013-11-20 10:57:12,543: DEBUG: NAS-Identifier: [u'C08386']
2013-11-20 10:57:12,543: DEBUG: Proxy-State: ['3330,3132']
2013-11-20 10:57:12,544: DEBUG: GoGo-Total-Input-Voice-Octets: [0]
2013-11-20 10:57:12,546: DEBUG: Acct-Status-Type: ['Interim-Update']
2013-11-20 10:57:12,548: DEBUG: GoGo-Total-Output-Voice-Gigawords: [0]
2013-11-20 10:57:12,548: DEBUG: GoGo-Airline: [u'BA01']
2013-11-20 10:57:12,549: DEBUG: Acct-Session-Id: [u'AAATestNAS_11-1384925162419-00163E503958-2']
2013-11-20 10:57:12,551: DEBUG: Acct-Session-Time: [10]
2013-11-20 10:57:12,552: DEBUG: Acct-Input-Packets: [9395]
2013-11-20 10:57:12,552: DEBUG: Acct-Output-Packets: [17969]
2013-11-20 10:57:12,554: DEBUG: GoGo-Acct-Output-Voice-Packets: [0]
2013-11-20 10:57:12,554: DEBUG: GoGo-Acct-Output-Voice-Octets: [0]
2013-11-20 10:57:12,554: DEBUG: Acct-Output-Gigawords: [0]
2013-11-20 10:57:12,555: DEBUG: GoGo-Total-Output-Voice-Packets: [0]
2013-11-20 10:57:12,556: DEBUG: Acct-Input-Gigawords: [0]
2013-11-20 10:57:12,556: DEBUG: Calling-Station-Id: [u'16:21:31:41:51:71']
2013-11-20 10:57:12,557: DEBUG: NAS-Port-Type: ['Wireless-802.11']
2013-11-20 10:57:12,557: DEBUG: GoGo-Total-Output-Voice-Octets: [0]
2013-11-20 10:57:12,558: DEBUG: GoGo-Private-IP-Address: ['192.168.1.179']
2013-11-20 10:57:12,558: DEBUG: GoGo-Acct-Input-Voice-Gigawords: [0]
2013-11-20 10:57:12,558: DEBUG: GoGo-Total-Input-Packets: [9395]
2013-11-20 10:57:12,559: DEBUG: GoGo-Total-Input-Gigawords: [0]
2013-11-20 10:57:12,559: DEBUG: GoGo-Acct-Input-Voice-Packets: [0]
2013-11-20 10:57:12,560: DEBUG: GoGo-Total-Input-Octets: [2068205]
2013-11-20 10:57:12,561: DEBUG: GoGo-Total-Output-Packets: [17969]
2013-11-20 10:57:12,561: DEBUG: WISPr-Location-ID: [u'airline=BA01,tail=01009,network=']
2013-11-20 10:57:12,562: DEBUG: GoGo-Acct-Output-Voice-Gigawords: [0]
2013-11-20 10:57:12,563: DEBUG: Acct-Input-Octets: [2068205]
2013-11-20 10:57:12,565: DEBUG: 

2013-11-20 10:57:12,566: DEBUG: Received response with following attributes:
2013-11-20 10:57:22,567: DEBUG: 

2013-11-20 10:57:22,568: DEBUG: Creating Accounting Update Request with the following Attributes:
2013-11-20 10:57:22,569: DEBUG: User-Name: [u'username25@airborne.aircell.com']
2013-11-20 10:57:22,569: DEBUG: GoGo-Tail-Number: [u'AAATestNAS_11']
2013-11-20 10:57:22,569: DEBUG: Acct-Output-Octets: [5417475]
2013-11-20 10:57:22,570: DEBUG: NAS-IP-Address: ['10.254.16.1']
2013-11-20 10:57:22,570: DEBUG: GoGo-Total-Output-Gigawords: [0]
2013-11-20 10:57:22,570: DEBUG: Framed-IP-Address: ['10.254.16.162']
2013-11-20 10:57:22,570: DEBUG: GoGo-Total-Input-Voice-Gigawords: [0]
2013-11-20 10:57:22,571: DEBUG: GoGo-Total-Output-Octets: [5417475]
2013-11-20 10:57:22,571: DEBUG: GoGo-Acct-Input-Voice-Octets: [0]
2013-11-20 10:57:22,572: DEBUG: GoGo-Total-Input-Voice-Packets: [0]
2013-11-20 10:57:22,572: DEBUG: Called-Station-Id: [u'00:16:3E:50:39:58']
2013-11-20 10:57:22,572: DEBUG: WISPr-Location-Name: [u'TEST LLC,BA01_01009']
2013-11-20 10:57:22,573: DEBUG: NAS-Identifier: [u'C08386']
2013-11-20 10:57:22,573: DEBUG: Proxy-State: ['3330,3132']
2013-11-20 10:57:22,574: DEBUG: GoGo-Total-Input-Voice-Octets: [0]
2013-11-20 10:57:22,575: DEBUG: Acct-Status-Type: ['Interim-Update']
2013-11-20 10:57:22,575: DEBUG: GoGo-Total-Output-Voice-Gigawords: [0]
2013-11-20 10:57:22,575: DEBUG: GoGo-Airline: [u'BA01']
2013-11-20 10:57:22,576: DEBUG: Acct-Session-Id: [u'AAATestNAS_11-1384925162419-00163E503958-2']
2013-11-20 10:57:22,577: DEBUG: Acct-Session-Time: [10]
2013-11-20 10:57:22,579: DEBUG: Acct-Input-Packets: [35670]
2013-11-20 10:57:22,579: DEBUG: Acct-Output-Packets: [44522]
2013-11-20 10:57:22,579: DEBUG: GoGo-Acct-Output-Voice-Packets: [0]
2013-11-20 10:57:22,580: DEBUG: GoGo-Acct-Output-Voice-Octets: [0]
2013-11-20 10:57:22,581: DEBUG: Acct-Output-Gigawords: [0]
2013-11-20 10:57:22,583: DEBUG: GoGo-Total-Output-Voice-Packets: [0]
2013-11-20 10:57:22,583: DEBUG: Acct-Input-Gigawords: [0]
2013-11-20 10:57:22,584: DEBUG: Calling-Station-Id: [u'16:21:31:41:51:71']
2013-11-20 10:57:22,584: DEBUG: NAS-Port-Type: ['Wireless-802.11']
2013-11-20 10:57:22,585: DEBUG: GoGo-Total-Output-Voice-Octets: [0]
2013-11-20 10:57:22,586: DEBUG: GoGo-Private-IP-Address: ['192.168.1.179']
2013-11-20 10:57:22,587: DEBUG: GoGo-Acct-Input-Voice-Gigawords: [0]
2013-11-20 10:57:22,588: DEBUG: GoGo-Total-Input-Packets: [35670]
2013-11-20 10:57:22,590: DEBUG: GoGo-Total-Input-Gigawords: [0]
2013-11-20 10:57:22,590: DEBUG: GoGo-Acct-Input-Voice-Packets: [0]
2013-11-20 10:57:22,591: DEBUG: GoGo-Total-Input-Octets: [4367206]
2013-11-20 10:57:22,593: DEBUG: GoGo-Total-Output-Packets: [44522]
2013-11-20 10:57:22,593: DEBUG: WISPr-Location-ID: [u'airline=BA01,tail=01009,network=']
2013-11-20 10:57:22,593: DEBUG: GoGo-Acct-Output-Voice-Gigawords: [0]
2013-11-20 10:57:22,594: DEBUG: Acct-Input-Octets: [4367206]
2013-11-20 10:57:22,598: DEBUG: 

2013-11-20 10:57:22,599: DEBUG: Received response with following attributes:
2013-11-20 10:57:32,601: DEBUG: 

2013-11-20 10:57:32,603: DEBUG: Creating Accounting Update Request with the following Attributes:
2013-11-20 10:57:32,604: DEBUG: User-Name: [u'username25@airborne.aircell.com']
2013-11-20 10:57:32,604: DEBUG: GoGo-Tail-Number: [u'AAATestNAS_11']
2013-11-20 10:57:32,605: DEBUG: Acct-Output-Octets: [5318934]
2013-11-20 10:57:32,606: DEBUG: NAS-IP-Address: ['10.254.16.1']
2013-11-20 10:57:32,606: DEBUG: GoGo-Total-Output-Gigawords: [0]
2013-11-20 10:57:32,606: DEBUG: Framed-IP-Address: ['10.254.16.162']
2013-11-20 10:57:32,607: DEBUG: GoGo-Total-Input-Voice-Gigawords: [0]
2013-11-20 10:57:32,607: DEBUG: GoGo-Total-Output-Octets: [5318934]
2013-11-20 10:57:32,608: DEBUG: GoGo-Acct-Input-Voice-Octets: [0]
2013-11-20 10:57:32,608: DEBUG: GoGo-Total-Input-Voice-Packets: [0]
2013-11-20 10:57:32,609: DEBUG: Called-Station-Id: [u'00:16:3E:50:39:58']
2013-11-20 10:57:32,609: DEBUG: WISPr-Location-Name: [u'TEST LLC,BA01_01009']
2013-11-20 10:57:32,610: DEBUG: NAS-Identifier: [u'C08386']
2013-11-20 10:57:32,610: DEBUG: Proxy-State: ['3330,3132']
2013-11-20 10:57:32,611: DEBUG: GoGo-Total-Input-Voice-Octets: [0]
2013-11-20 10:57:32,611: DEBUG: Acct-Status-Type: ['Interim-Update']
2013-11-20 10:57:32,612: DEBUG: GoGo-Total-Output-Voice-Gigawords: [0]
2013-11-20 10:57:32,613: DEBUG: GoGo-Airline: [u'BA01']
2013-11-20 10:57:32,614: DEBUG: Acct-Session-Id: [u'AAATestNAS_11-1384925162419-00163E503958-2']
2013-11-20 10:57:32,614: DEBUG: Acct-Session-Time: [10]
2013-11-20 10:57:32,615: DEBUG: Acct-Input-Packets: [34094]
2013-11-20 10:57:32,616: DEBUG: Acct-Output-Packets: [7192]
2013-11-20 10:57:32,616: DEBUG: GoGo-Acct-Output-Voice-Packets: [0]
2013-11-20 10:57:32,616: DEBUG: GoGo-Acct-Output-Voice-Octets: [0]
2013-11-20 10:57:32,617: DEBUG: Acct-Output-Gigawords: [0]
2013-11-20 10:57:32,617: DEBUG: GoGo-Total-Output-Voice-Packets: [0]
2013-11-20 10:57:32,618: DEBUG: Acct-Input-Gigawords: [0]
2013-11-20 10:57:32,618: DEBUG: Calling-Station-Id: [u'16:21:31:41:51:71']
2013-11-20 10:57:32,618: DEBUG: NAS-Port-Type: ['Wireless-802.11']
2013-11-20 10:57:32,619: DEBUG: GoGo-Total-Output-Voice-Octets: [0]
2013-11-20 10:57:32,619: DEBUG: GoGo-Private-IP-Address: ['192.168.1.179']
2013-11-20 10:57:32,620: DEBUG: GoGo-Acct-Input-Voice-Gigawords: [0]
2013-11-20 10:57:32,620: DEBUG: GoGo-Total-Input-Packets: [34094]
2013-11-20 10:57:32,621: DEBUG: GoGo-Total-Input-Gigawords: [0]
2013-11-20 10:57:32,621: DEBUG: GoGo-Acct-Input-Voice-Packets: [0]
2013-11-20 10:57:32,622: DEBUG: GoGo-Total-Input-Octets: [6813264]
2013-11-20 10:57:32,623: DEBUG: GoGo-Total-Output-Packets: [7192]
2013-11-20 10:57:32,623: DEBUG: WISPr-Location-ID: [u'airline=BA01,tail=01009,network=']
2013-11-20 10:57:32,623: DEBUG: GoGo-Acct-Output-Voice-Gigawords: [0]
2013-11-20 10:57:32,624: DEBUG: Acct-Input-Octets: [6813264]
2013-11-20 10:57:32,624: ERROR: Network error, Reason: 'Network error: Too many open files'
2013-11-20 10:57:50,625: DEBUG: 

2013-11-20 10:57:50,626: DEBUG: Creating Accounting Stop Request with the following Attributes:
2013-11-20 10:57:50,626: DEBUG: User-Name: [u'username25@airborne.aircell.com']
2013-11-20 10:57:50,626: DEBUG: GoGo-Tail-Number: [u'01009']
2013-11-20 10:57:50,627: DEBUG: Acct-Output-Octets: [3648745]
2013-11-20 10:57:50,627: DEBUG: NAS-IP-Address: ['10.254.16.1']
2013-11-20 10:57:50,627: DEBUG: GoGo-Total-Output-Gigawords: [0]
2013-11-20 10:57:50,627: DEBUG: Framed-IP-Address: ['10.254.16.162']
2013-11-20 10:57:50,628: DEBUG: GoGo-Total-Input-Voice-Gigawords: [0]
2013-11-20 10:57:50,628: DEBUG: GoGo-Total-Output-Octets: [3648745]
2013-11-20 10:57:50,628: DEBUG: GoGo-Acct-Input-Voice-Octets: [0]
2013-11-20 10:57:50,628: DEBUG: GoGo-Total-Input-Voice-Packets: [0]
2013-11-20 10:57:50,629: DEBUG: Called-Station-Id: [u'00:16:3E:50:39:58']
2013-11-20 10:57:50,629: DEBUG: WISPr-Location-Name: [u'TEST LLC,BA01_01009']
2013-11-20 10:57:50,629: DEBUG: NAS-Identifier: [u'C08386']
2013-11-20 10:57:50,629: DEBUG: Proxy-State: ['3330,3132']
2013-11-20 10:57:50,630: DEBUG: GoGo-Total-Input-Voice-Octets: [0]
2013-11-20 10:57:50,630: DEBUG: Acct-Status-Type: ['Stop']
2013-11-20 10:57:50,630: DEBUG: GoGo-Total-Output-Voice-Gigawords: [0]
2013-11-20 10:57:50,630: DEBUG: GoGo-Airline: [u'BA01']
2013-11-20 10:57:50,630: DEBUG: Acct-Session-Id: [u'AAATestNAS_11-1384925162419-00163E503958-2']
2013-11-20 10:57:50,630: DEBUG: Acct-Session-Time: [18]
2013-11-20 10:57:50,631: DEBUG: Acct-Input-Packets: [7734]
2013-11-20 10:57:50,631: DEBUG: Acct-Output-Packets: [21513]
2013-11-20 10:57:50,631: DEBUG: Acct-Terminate-Cause: ['User-Request']
2013-11-20 10:57:50,631: DEBUG: GoGo-Acct-Output-Voice-Octets: [0]
2013-11-20 10:57:50,631: DEBUG: Acct-Output-Gigawords: [0]
2013-11-20 10:57:50,631: DEBUG: GoGo-Total-Output-Voice-Packets: [0]
2013-11-20 10:57:50,631: DEBUG: Acct-Input-Gigawords: [0]
2013-11-20 10:57:50,631: DEBUG: Calling-Station-Id: [u'16:21:31:41:51:71']
2013-11-20 10:57:50,631: DEBUG: NAS-Port-Type: ['Wireless-802.11']
2013-11-20 10:57:50,632: DEBUG: GoGo-Total-Output-Voice-Octets: [0]
2013-11-20 10:57:50,632: DEBUG: GoGo-Private-IP-Address: ['192.168.1.179']
2013-11-20 10:57:50,632: DEBUG: GoGo-Acct-Input-Voice-Gigawords: [0]
2013-11-20 10:57:50,632: DEBUG: GoGo-Total-Input-Packets: [7734]
2013-11-20 10:57:50,632: DEBUG: GoGo-Total-Input-Gigawords: [0]
2013-11-20 10:57:50,632: DEBUG: GoGo-Acct-Input-Voice-Packets: [0]
2013-11-20 10:57:50,632: DEBUG: GoGo-Total-Input-Octets: [1507167]
2013-11-20 10:57:50,632: DEBUG: GoGo-Total-Output-Packets: [21513]
2013-11-20 10:57:50,632: DEBUG: WISPr-Location-ID: [u'airline=BA01,tail=01009,network=']
2013-11-20 10:57:50,632: DEBUG: GoGo-Acct-Output-Voice-Packets: [0]
2013-11-20 10:57:50,633: DEBUG: GoGo-Acct-Output-Voice-Gigawords: [0]
2013-11-20 10:57:50,633: DEBUG: Acct-Input-Octets: [1507167]
2013-11-20 10:57:50,633: ERROR: Network error, Reason: 'Network error: nodename nor servname provided, or not known'
2013-11-20 10:57:50,633: ERROR: Ending the test for this user
2013-11-20 10:57:50,633: DEBUG: Ending the test for this user
2013-11-20 10:57:51,536: DEBUG: Starting the client for the user username25@airborne.aircell.com to the server localhost

2013-11-20 10:57:51,536: DEBUG: DURATION of the TEST: 37
2013-11-20 10:57:51,536: DEBUG: NAS-IP: 10.254.78.1
2013-11-20 10:57:51,536: DEBUG: NAS-MAC-ADDR: 17:21:31:41:52:43
2013-11-20 10:57:51,536: DEBUG: Abruptly End: False
2013-11-20 10:57:51,536: DEBUG: Framed-IP: 10.254.78.129
2013-11-20 10:57:51,536: DEBUG: User-MAC-Addr: 00:16:3E:24:5D:8C
2013-11-20 10:57:51,537: DEBUG: 

2013-11-20 10:57:51,537: DEBUG: Creating Authentication Request with the following Attributes:
2013-11-20 10:57:51,537: DEBUG: NAS-Identifier: [u'C08386']
2013-11-20 10:57:51,538: DEBUG: User-Name: [u'username25@airborne.aircell.com']
2013-11-20 10:57:51,538: DEBUG: NAS-IP-Address: ['10.254.78.1']
2013-11-20 10:57:51,538: DEBUG: Service-Type: ['Authenticate-Only']
2013-11-20 10:57:51,538: DEBUG: Proxy-State: ['3237,3134']
2013-11-20 10:57:51,538: DEBUG: Framed-IP-Address: ['10.254.78.129']
2013-11-20 10:57:51,538: DEBUG: GoGo-Airline: [u'BA01']
2013-11-20 10:57:51,538: DEBUG: Acct-Session-Id: [u'AAATestNAS_73-1384925271537-00163E245D8C-1']
2013-11-20 10:57:51,539: DEBUG: GoGo-Tail-Number: [u'AAATestNAS_73']
2013-11-20 10:57:51,539: DEBUG: GoGo-Private-IP-Address: ['192.168.1.179']
2013-11-20 10:57:51,539: DEBUG: WISPr-Location-ID: [u'airline=BA01,tail=01009,network=']
2013-11-20 10:57:51,539: DEBUG: WISPr-Location-Name: [u'TEST LLC,BA01_01009']
2013-11-20 10:57:51,539: DEBUG: NAS-Port-Type: ['Wireless-802.11']
2013-11-20 10:57:51,539: DEBUG: Called-Station-Id: [u'00:16:3E:24:5D:8C']
2013-11-20 10:57:51,539: DEBUG: Calling-Station-Id: [u'17:21:31:41:52:43']
2013-11-20 10:57:51,540: ERROR: Network error, Reason: 'Network error: nodename nor servname provided, or not known'
2013-11-20 10:57:51,540: DEBUG: Ending the test for this user
2013-11-20 10:57:52,537: DEBUG: Starting the client for the user username25@airborne.aircell.com to the server localhost

