2013-11-20 10:55:41,828: DEBUG: Starting the client for the user username74@airborne.aircell.com to the server localhost

2013-11-20 10:55:41,828: DEBUG: DURATION of the TEST: 49
2013-11-20 10:55:41,828: DEBUG: NAS-IP: 10.254.35.1
2013-11-20 10:55:41,828: DEBUG: NAS-MAC-ADDR: 16:21:31:41:51:90
2013-11-20 10:55:41,828: DEBUG: Abruptly End: False
2013-11-20 10:55:41,828: DEBUG: Framed-IP: 10.254.35.57
2013-11-20 10:55:41,829: DEBUG: User-MAC-Addr: 00:16:3E:43:09:9A
2013-11-20 10:55:41,829: DEBUG: 

2013-11-20 10:55:41,829: DEBUG: Creating Authentication Request with the following Attributes:
2013-11-20 10:55:41,829: DEBUG: NAS-Identifier: [u'C08386']
2013-11-20 10:55:41,829: DEBUG: User-Name: [u'username74@airborne.aircell.com']
2013-11-20 10:55:41,829: DEBUG: NAS-IP-Address: ['10.254.35.1']
2013-11-20 10:55:41,830: DEBUG: Service-Type: ['Authenticate-Only']
2013-11-20 10:55:41,830: DEBUG: Proxy-State: ['3237,3134']
2013-11-20 10:55:41,830: DEBUG: Framed-IP-Address: ['10.254.35.57']
2013-11-20 10:55:41,830: DEBUG: GoGo-Airline: [u'BA01']
2013-11-20 10:55:41,830: DEBUG: Acct-Session-Id: [u'AAATestNAS_30-1384925141829-00163E43099A-1']
2013-11-20 10:55:41,830: DEBUG: GoGo-Tail-Number: [u'AAATestNAS_30']
2013-11-20 10:55:41,830: DEBUG: GoGo-Private-IP-Address: ['192.168.1.179']
2013-11-20 10:55:41,830: DEBUG: WISPr-Location-ID: [u'airline=BA01,tail=01009,network=']
2013-11-20 10:55:41,830: DEBUG: WISPr-Location-Name: [u'TEST LLC,BA01_01009']
2013-11-20 10:55:41,830: DEBUG: NAS-Port-Type: ['Wireless-802.11']
2013-11-20 10:55:41,830: DEBUG: Called-Station-Id: [u'00:16:3E:43:09:9A']
2013-11-20 10:55:41,830: DEBUG: Calling-Station-Id: [u'16:21:31:41:51:90']
2013-11-20 10:55:41,831: DEBUG: 

2013-11-20 10:55:41,832: DEBUG: Received response with code: 2, Accepted
2013-11-20 10:55:41,832: DEBUG: Creating Authentication Request with the following Attributes:
2013-11-20 10:55:41,832: DEBUG: NAS-Identifier: [u'C08386']
2013-11-20 10:55:41,832: DEBUG: User-Name: [u'username74@airborne.aircell.com']
2013-11-20 10:55:41,832: DEBUG: NAS-IP-Address: ['10.254.35.1']
2013-11-20 10:55:41,832: DEBUG: Service-Type: ['Login-User']
2013-11-20 10:55:41,832: DEBUG: Proxy-State: ['3237,3134']
2013-11-20 10:55:41,832: DEBUG: Framed-IP-Address: ['10.254.35.57']
2013-11-20 10:55:41,832: DEBUG: GoGo-Airline: [u'BA01']
2013-11-20 10:55:41,832: DEBUG: Acct-Session-Id: [u'AAATestNAS_30-1384925141832-00163E43099A-1']
2013-11-20 10:55:41,833: DEBUG: GoGo-Tail-Number: [u'AAATestNAS_30']
2013-11-20 10:55:41,833: DEBUG: GoGo-Private-IP-Address: ['192.168.1.179']
2013-11-20 10:55:41,833: DEBUG: WISPr-Location-ID: [u'airline=BA01,tail=01009,network=']
2013-11-20 10:55:41,833: DEBUG: WISPr-Location-Name: [u'TEST LLC,BA01_01009']
2013-11-20 10:55:41,833: DEBUG: NAS-Port-Type: ['Wireless-802.11']
2013-11-20 10:55:41,833: DEBUG: Called-Station-Id: [u'00:16:3E:43:09:9A']
2013-11-20 10:55:41,833: DEBUG: Calling-Station-Id: [u'16:21:31:41:51:90']
2013-11-20 10:55:41,834: DEBUG: 

2013-11-20 10:55:41,834: DEBUG: Received response with code: 2, Accepted
2013-11-20 10:55:41,834: DEBUG: 

2013-11-20 10:55:41,834: DEBUG: Creating Accounting start Request with the following Attributes:
2013-11-20 10:55:41,834: DEBUG: NAS-Identifier: [u'C08386']
2013-11-20 10:55:41,834: DEBUG: User-Name: [u'username74@airborne.aircell.com']
2013-11-20 10:55:41,835: DEBUG: GoGo-Tail-Number: [u'AAATestNAS_30']
2013-11-20 10:55:41,835: DEBUG: NAS-IP-Address: ['10.254.35.1']
2013-11-20 10:55:41,835: DEBUG: Proxy-State: ['3239,3131']
2013-11-20 10:55:41,835: DEBUG: Acct-Status-Type: ['Start']
2013-11-20 10:55:41,835: DEBUG: GoGo-Airline: [u'BA01']
2013-11-20 10:55:41,835: DEBUG: Acct-Session-Id: [u'AAATestNAS_30-1384925141832-00163E43099A-1']
2013-11-20 10:55:41,835: DEBUG: GoGo-Private-IP-Address: ['192.168.1.179']
2013-11-20 10:55:41,835: DEBUG: Framed-IP-Address: ['10.254.35.57']
2013-11-20 10:55:41,835: DEBUG: WISPr-Location-ID: [u'airline=BA01,tail=01009,network=']
2013-11-20 10:55:41,835: DEBUG: WISPr-Location-Name: [u'TEST LLC,BA01_01009']
2013-11-20 10:55:41,835: DEBUG: NAS-Port-Type: ['Wireless-802.11']
2013-11-20 10:55:41,835: DEBUG: Called-Station-Id: [u'00:16:3E:43:09:9A']
2013-11-20 10:55:41,835: DEBUG: Calling-Station-Id: [u'16:21:31:41:51:90']
2013-11-20 10:55:41,836: DEBUG: 

2013-11-20 10:55:41,836: DEBUG: Received response with following attributes:
2013-11-20 10:55:51,837: DEBUG: 

2013-11-20 10:55:51,838: DEBUG: Creating Accounting Update Request with the following Attributes:
2013-11-20 10:55:51,838: DEBUG: User-Name: [u'username74@airborne.aircell.com']
2013-11-20 10:55:51,838: DEBUG: GoGo-Tail-Number: [u'AAATestNAS_30']
2013-11-20 10:55:51,838: DEBUG: Acct-Output-Octets: [2621959]
2013-11-20 10:55:51,838: DEBUG: NAS-IP-Address: ['10.254.35.1']
2013-11-20 10:55:51,838: DEBUG: GoGo-Total-Output-Gigawords: [0]
2013-11-20 10:55:51,838: DEBUG: Framed-IP-Address: ['10.254.35.57']
2013-11-20 10:55:51,838: DEBUG: GoGo-Total-Input-Voice-Gigawords: [0]
2013-11-20 10:55:51,838: DEBUG: GoGo-Total-Output-Octets: [2621959]
2013-11-20 10:55:51,838: DEBUG: GoGo-Acct-Input-Voice-Octets: [0]
2013-11-20 10:55:51,838: DEBUG: GoGo-Total-Input-Voice-Packets: [0]
2013-11-20 10:55:51,838: DEBUG: Called-Station-Id: [u'00:16:3E:43:09:9A']
2013-11-20 10:55:51,839: DEBUG: WISPr-Location-Name: [u'TEST LLC,BA01_01009']
2013-11-20 10:55:51,839: DEBUG: NAS-Identifier: [u'C08386']
2013-11-20 10:55:51,839: DEBUG: Proxy-State: ['3330,3132']
2013-11-20 10:55:51,839: DEBUG: GoGo-Total-Input-Voice-Octets: [0]
2013-11-20 10:55:51,839: DEBUG: Acct-Status-Type: ['Interim-Update']
2013-11-20 10:55:51,839: DEBUG: GoGo-Total-Output-Voice-Gigawords: [0]
2013-11-20 10:55:51,839: DEBUG: GoGo-Airline: [u'BA01']
2013-11-20 10:55:51,839: DEBUG: Acct-Session-Id: [u'AAATestNAS_30-1384925141832-00163E43099A-1']
2013-11-20 10:55:51,839: DEBUG: Acct-Session-Time: [10]
2013-11-20 10:55:51,839: DEBUG: Acct-Input-Packets: [38275]
2013-11-20 10:55:51,839: DEBUG: Acct-Output-Packets: [7695]
2013-11-20 10:55:51,839: DEBUG: GoGo-Acct-Output-Voice-Packets: [0]
2013-11-20 10:55:51,839: DEBUG: GoGo-Acct-Output-Voice-Octets: [0]
2013-11-20 10:55:51,840: DEBUG: Acct-Output-Gigawords: [0]
2013-11-20 10:55:51,840: DEBUG: GoGo-Total-Output-Voice-Packets: [0]
2013-11-20 10:55:51,840: DEBUG: Acct-Input-Gigawords: [0]
2013-11-20 10:55:51,840: DEBUG: Calling-Station-Id: [u'16:21:31:41:51:90']
2013-11-20 10:55:51,840: DEBUG: NAS-Port-Type: ['Wireless-802.11']
2013-11-20 10:55:51,840: DEBUG: GoGo-Total-Output-Voice-Octets: [0]
2013-11-20 10:55:51,840: DEBUG: GoGo-Private-IP-Address: ['192.168.1.179']
2013-11-20 10:55:51,840: DEBUG: GoGo-Acct-Input-Voice-Gigawords: [0]
2013-11-20 10:55:51,840: DEBUG: GoGo-Total-Input-Packets: [38275]
2013-11-20 10:55:51,840: DEBUG: GoGo-Total-Input-Gigawords: [0]
2013-11-20 10:55:51,840: DEBUG: GoGo-Acct-Input-Voice-Packets: [0]
2013-11-20 10:55:51,840: DEBUG: GoGo-Total-Input-Octets: [4835253]
2013-11-20 10:55:51,840: DEBUG: GoGo-Total-Output-Packets: [7695]
2013-11-20 10:55:51,840: DEBUG: WISPr-Location-ID: [u'airline=BA01,tail=01009,network=']
2013-11-20 10:55:51,841: DEBUG: GoGo-Acct-Output-Voice-Gigawords: [0]
2013-11-20 10:55:51,841: DEBUG: Acct-Input-Octets: [4835253]
2013-11-20 10:55:51,842: DEBUG: 

2013-11-20 10:55:51,843: DEBUG: Received response with following attributes:
2013-11-20 10:56:01,844: DEBUG: 

2013-11-20 10:56:01,844: DEBUG: Creating Accounting Update Request with the following Attributes:
2013-11-20 10:56:01,845: DEBUG: User-Name: [u'username74@airborne.aircell.com']
2013-11-20 10:56:01,845: DEBUG: GoGo-Tail-Number: [u'AAATestNAS_30']
2013-11-20 10:56:01,845: DEBUG: Acct-Output-Octets: [9734790]
2013-11-20 10:56:01,845: DEBUG: NAS-IP-Address: ['10.254.35.1']
2013-11-20 10:56:01,845: DEBUG: GoGo-Total-Output-Gigawords: [0]
2013-11-20 10:56:01,845: DEBUG: Framed-IP-Address: ['10.254.35.57']
2013-11-20 10:56:01,845: DEBUG: GoGo-Total-Input-Voice-Gigawords: [0]
2013-11-20 10:56:01,845: DEBUG: GoGo-Total-Output-Octets: [9734790]
2013-11-20 10:56:01,845: DEBUG: GoGo-Acct-Input-Voice-Octets: [0]
2013-11-20 10:56:01,845: DEBUG: GoGo-Total-Input-Voice-Packets: [0]
2013-11-20 10:56:01,845: DEBUG: Called-Station-Id: [u'00:16:3E:43:09:9A']
2013-11-20 10:56:01,845: DEBUG: WISPr-Location-Name: [u'TEST LLC,BA01_01009']
2013-11-20 10:56:01,845: DEBUG: NAS-Identifier: [u'C08386']
2013-11-20 10:56:01,846: DEBUG: Proxy-State: ['3330,3132']
2013-11-20 10:56:01,846: DEBUG: GoGo-Total-Input-Voice-Octets: [0]
2013-11-20 10:56:01,846: DEBUG: Acct-Status-Type: ['Interim-Update']
2013-11-20 10:56:01,846: DEBUG: GoGo-Total-Output-Voice-Gigawords: [0]
2013-11-20 10:56:01,846: DEBUG: GoGo-Airline: [u'BA01']
2013-11-20 10:56:01,846: DEBUG: Acct-Session-Id: [u'AAATestNAS_30-1384925141832-00163E43099A-1']
2013-11-20 10:56:01,846: DEBUG: Acct-Session-Time: [10]
2013-11-20 10:56:01,846: DEBUG: Acct-Input-Packets: [13011]
2013-11-20 10:56:01,846: DEBUG: Acct-Output-Packets: [37220]
2013-11-20 10:56:01,846: DEBUG: GoGo-Acct-Output-Voice-Packets: [0]
2013-11-20 10:56:01,846: DEBUG: GoGo-Acct-Output-Voice-Octets: [0]
2013-11-20 10:56:01,846: DEBUG: Acct-Output-Gigawords: [0]
2013-11-20 10:56:01,846: DEBUG: GoGo-Total-Output-Voice-Packets: [0]
2013-11-20 10:56:01,846: DEBUG: Acct-Input-Gigawords: [0]
2013-11-20 10:56:01,847: DEBUG: Calling-Station-Id: [u'16:21:31:41:51:90']
2013-11-20 10:56:01,847: DEBUG: NAS-Port-Type: ['Wireless-802.11']
2013-11-20 10:56:01,847: DEBUG: GoGo-Total-Output-Voice-Octets: [0]
2013-11-20 10:56:01,847: DEBUG: GoGo-Private-IP-Address: ['192.168.1.179']
2013-11-20 10:56:01,847: DEBUG: GoGo-Acct-Input-Voice-Gigawords: [0]
2013-11-20 10:56:01,847: DEBUG: GoGo-Total-Input-Packets: [13011]
2013-11-20 10:56:01,847: DEBUG: GoGo-Total-Input-Gigawords: [0]
2013-11-20 10:56:01,847: DEBUG: GoGo-Acct-Input-Voice-Packets: [0]
2013-11-20 10:56:01,847: DEBUG: GoGo-Total-Input-Octets: [2639601]
2013-11-20 10:56:01,847: DEBUG: GoGo-Total-Output-Packets: [37220]
2013-11-20 10:56:01,847: DEBUG: WISPr-Location-ID: [u'airline=BA01,tail=01009,network=']
2013-11-20 10:56:01,847: DEBUG: GoGo-Acct-Output-Voice-Gigawords: [0]
2013-11-20 10:56:01,847: DEBUG: Acct-Input-Octets: [2639601]
2013-11-20 10:56:01,850: DEBUG: 

2013-11-20 10:56:01,850: DEBUG: Received response with following attributes:
2013-11-20 10:56:11,851: DEBUG: 

2013-11-20 10:56:11,851: DEBUG: Creating Accounting Update Request with the following Attributes:
2013-11-20 10:56:11,851: DEBUG: User-Name: [u'username74@airborne.aircell.com']
2013-11-20 10:56:11,851: DEBUG: GoGo-Tail-Number: [u'AAATestNAS_30']
2013-11-20 10:56:11,852: DEBUG: Acct-Output-Octets: [6477290]
2013-11-20 10:56:11,852: DEBUG: NAS-IP-Address: ['10.254.35.1']
2013-11-20 10:56:11,852: DEBUG: GoGo-Total-Output-Gigawords: [0]
2013-11-20 10:56:11,852: DEBUG: Framed-IP-Address: ['10.254.35.57']
2013-11-20 10:56:11,852: DEBUG: GoGo-Total-Input-Voice-Gigawords: [0]
2013-11-20 10:56:11,852: DEBUG: GoGo-Total-Output-Octets: [6477290]
2013-11-20 10:56:11,852: DEBUG: GoGo-Acct-Input-Voice-Octets: [0]
2013-11-20 10:56:11,852: DEBUG: GoGo-Total-Input-Voice-Packets: [0]
2013-11-20 10:56:11,852: DEBUG: Called-Station-Id: [u'00:16:3E:43:09:9A']
2013-11-20 10:56:11,852: DEBUG: WISPr-Location-Name: [u'TEST LLC,BA01_01009']
2013-11-20 10:56:11,852: DEBUG: NAS-Identifier: [u'C08386']
2013-11-20 10:56:11,852: DEBUG: Proxy-State: ['3330,3132']
2013-11-20 10:56:11,852: DEBUG: GoGo-Total-Input-Voice-Octets: [0]
2013-11-20 10:56:11,852: DEBUG: Acct-Status-Type: ['Interim-Update']
2013-11-20 10:56:11,853: DEBUG: GoGo-Total-Output-Voice-Gigawords: [0]
2013-11-20 10:56:11,853: DEBUG: GoGo-Airline: [u'BA01']
2013-11-20 10:56:11,853: DEBUG: Acct-Session-Id: [u'AAATestNAS_30-1384925141832-00163E43099A-1']
2013-11-20 10:56:11,853: DEBUG: Acct-Session-Time: [10]
2013-11-20 10:56:11,853: DEBUG: Acct-Input-Packets: [68019]
2013-11-20 10:56:11,853: DEBUG: Acct-Output-Packets: [47917]
2013-11-20 10:56:11,853: DEBUG: GoGo-Acct-Output-Voice-Packets: [0]
2013-11-20 10:56:11,853: DEBUG: GoGo-Acct-Output-Voice-Octets: [0]
2013-11-20 10:56:11,853: DEBUG: Acct-Output-Gigawords: [0]
2013-11-20 10:56:11,853: DEBUG: GoGo-Total-Output-Voice-Packets: [0]
2013-11-20 10:56:11,853: DEBUG: Acct-Input-Gigawords: [0]
2013-11-20 10:56:11,853: DEBUG: Calling-Station-Id: [u'16:21:31:41:51:90']
2013-11-20 10:56:11,853: DEBUG: NAS-Port-Type: ['Wireless-802.11']
2013-11-20 10:56:11,853: DEBUG: GoGo-Total-Output-Voice-Octets: [0]
2013-11-20 10:56:11,854: DEBUG: GoGo-Private-IP-Address: ['192.168.1.179']
2013-11-20 10:56:11,854: DEBUG: GoGo-Acct-Input-Voice-Gigawords: [0]
2013-11-20 10:56:11,854: DEBUG: GoGo-Total-Input-Packets: [68019]
2013-11-20 10:56:11,854: DEBUG: GoGo-Total-Input-Gigawords: [0]
2013-11-20 10:56:11,854: DEBUG: GoGo-Acct-Input-Voice-Packets: [0]
2013-11-20 10:56:11,854: DEBUG: GoGo-Total-Input-Octets: [9313838]
2013-11-20 10:56:11,854: DEBUG: GoGo-Total-Output-Packets: [47917]
2013-11-20 10:56:11,854: DEBUG: WISPr-Location-ID: [u'airline=BA01,tail=01009,network=']
2013-11-20 10:56:11,854: DEBUG: GoGo-Acct-Output-Voice-Gigawords: [0]
2013-11-20 10:56:11,854: DEBUG: Acct-Input-Octets: [9313838]
2013-11-20 10:56:11,856: DEBUG: 

2013-11-20 10:56:11,856: DEBUG: Received response with following attributes:
2013-11-20 10:56:21,857: DEBUG: 

2013-11-20 10:56:21,857: DEBUG: Creating Accounting Update Request with the following Attributes:
2013-11-20 10:56:21,857: DEBUG: User-Name: [u'username74@airborne.aircell.com']
2013-11-20 10:56:21,858: DEBUG: GoGo-Tail-Number: [u'AAATestNAS_30']
2013-11-20 10:56:21,858: DEBUG: Acct-Output-Octets: [9392933]
2013-11-20 10:56:21,858: DEBUG: NAS-IP-Address: ['10.254.35.1']
2013-11-20 10:56:21,858: DEBUG: GoGo-Total-Output-Gigawords: [0]
2013-11-20 10:56:21,858: DEBUG: Framed-IP-Address: ['10.254.35.57']
2013-11-20 10:56:21,858: DEBUG: GoGo-Total-Input-Voice-Gigawords: [0]
2013-11-20 10:56:21,858: DEBUG: GoGo-Total-Output-Octets: [9392933]
2013-11-20 10:56:21,858: DEBUG: GoGo-Acct-Input-Voice-Octets: [0]
2013-11-20 10:56:21,858: DEBUG: GoGo-Total-Input-Voice-Packets: [0]
2013-11-20 10:56:21,858: DEBUG: Called-Station-Id: [u'00:16:3E:43:09:9A']
2013-11-20 10:56:21,858: DEBUG: WISPr-Location-Name: [u'TEST LLC,BA01_01009']
2013-11-20 10:56:21,858: DEBUG: NAS-Identifier: [u'C08386']
2013-11-20 10:56:21,858: DEBUG: Proxy-State: ['3330,3132']
2013-11-20 10:56:21,858: DEBUG: GoGo-Total-Input-Voice-Octets: [0]
2013-11-20 10:56:21,859: DEBUG: Acct-Status-Type: ['Interim-Update']
2013-11-20 10:56:21,859: DEBUG: GoGo-Total-Output-Voice-Gigawords: [0]
2013-11-20 10:56:21,859: DEBUG: GoGo-Airline: [u'BA01']
2013-11-20 10:56:21,859: DEBUG: Acct-Session-Id: [u'AAATestNAS_30-1384925141832-00163E43099A-1']
2013-11-20 10:56:21,859: DEBUG: Acct-Session-Time: [10]
2013-11-20 10:56:21,859: DEBUG: Acct-Input-Packets: [13532]
2013-11-20 10:56:21,859: DEBUG: Acct-Output-Packets: [67833]
2013-11-20 10:56:21,859: DEBUG: GoGo-Acct-Output-Voice-Packets: [0]
2013-11-20 10:56:21,859: DEBUG: GoGo-Acct-Output-Voice-Octets: [0]
2013-11-20 10:56:21,859: DEBUG: Acct-Output-Gigawords: [0]
2013-11-20 10:56:21,859: DEBUG: GoGo-Total-Output-Voice-Packets: [0]
2013-11-20 10:56:21,859: DEBUG: Acct-Input-Gigawords: [0]
2013-11-20 10:56:21,859: DEBUG: Calling-Station-Id: [u'16:21:31:41:51:90']
2013-11-20 10:56:21,859: DEBUG: NAS-Port-Type: ['Wireless-802.11']
2013-11-20 10:56:21,860: DEBUG: GoGo-Total-Output-Voice-Octets: [0]
2013-11-20 10:56:21,860: DEBUG: GoGo-Private-IP-Address: ['192.168.1.179']
2013-11-20 10:56:21,860: DEBUG: GoGo-Acct-Input-Voice-Gigawords: [0]
2013-11-20 10:56:21,860: DEBUG: GoGo-Total-Input-Packets: [13532]
2013-11-20 10:56:21,860: DEBUG: GoGo-Total-Input-Gigawords: [0]
2013-11-20 10:56:21,860: DEBUG: GoGo-Acct-Input-Voice-Packets: [0]
2013-11-20 10:56:21,860: DEBUG: GoGo-Total-Input-Octets: [2756113]
2013-11-20 10:56:21,860: DEBUG: GoGo-Total-Output-Packets: [67833]
2013-11-20 10:56:21,860: DEBUG: WISPr-Location-ID: [u'airline=BA01,tail=01009,network=']
2013-11-20 10:56:21,860: DEBUG: GoGo-Acct-Output-Voice-Gigawords: [0]
2013-11-20 10:56:21,860: DEBUG: Acct-Input-Octets: [2756113]
2013-11-20 10:56:21,862: DEBUG: 

2013-11-20 10:56:21,862: DEBUG: Received response with following attributes:
2013-11-20 10:56:30,863: DEBUG: 

2013-11-20 10:56:30,864: DEBUG: Creating Accounting Update Request with the following Attributes:
2013-11-20 10:56:30,864: DEBUG: User-Name: [u'username74@airborne.aircell.com']
2013-11-20 10:56:30,864: DEBUG: GoGo-Tail-Number: [u'AAATestNAS_30']
2013-11-20 10:56:30,864: DEBUG: Acct-Output-Octets: [7854220]
2013-11-20 10:56:30,864: DEBUG: NAS-IP-Address: ['10.254.35.1']
2013-11-20 10:56:30,864: DEBUG: GoGo-Total-Output-Gigawords: [0]
2013-11-20 10:56:30,864: DEBUG: Framed-IP-Address: ['10.254.35.57']
2013-11-20 10:56:30,864: DEBUG: GoGo-Total-Input-Voice-Gigawords: [0]
2013-11-20 10:56:30,864: DEBUG: GoGo-Total-Output-Octets: [7854220]
2013-11-20 10:56:30,864: DEBUG: GoGo-Acct-Input-Voice-Octets: [0]
2013-11-20 10:56:30,864: DEBUG: GoGo-Total-Input-Voice-Packets: [0]
2013-11-20 10:56:30,865: DEBUG: Called-Station-Id: [u'00:16:3E:43:09:9A']
2013-11-20 10:56:30,865: DEBUG: WISPr-Location-Name: [u'TEST LLC,BA01_01009']
2013-11-20 10:56:30,865: DEBUG: NAS-Identifier: [u'C08386']
2013-11-20 10:56:30,865: DEBUG: Proxy-State: ['3330,3132']
2013-11-20 10:56:30,865: DEBUG: GoGo-Total-Input-Voice-Octets: [0]
2013-11-20 10:56:30,865: DEBUG: Acct-Status-Type: ['Interim-Update']
2013-11-20 10:56:30,865: DEBUG: GoGo-Total-Output-Voice-Gigawords: [0]
2013-11-20 10:56:30,865: DEBUG: GoGo-Airline: [u'BA01']
2013-11-20 10:56:30,865: DEBUG: Acct-Session-Id: [u'AAATestNAS_30-1384925141832-00163E43099A-1']
2013-11-20 10:56:30,865: DEBUG: Acct-Session-Time: [9]
2013-11-20 10:56:30,865: DEBUG: Acct-Input-Packets: [69868]
2013-11-20 10:56:30,865: DEBUG: Acct-Output-Packets: [55625]
2013-11-20 10:56:30,865: DEBUG: GoGo-Acct-Output-Voice-Packets: [0]
2013-11-20 10:56:30,866: DEBUG: GoGo-Acct-Output-Voice-Octets: [0]
2013-11-20 10:56:30,866: DEBUG: Acct-Output-Gigawords: [0]
2013-11-20 10:56:30,866: DEBUG: GoGo-Total-Output-Voice-Packets: [0]
2013-11-20 10:56:30,866: DEBUG: Acct-Input-Gigawords: [0]
2013-11-20 10:56:30,866: DEBUG: Calling-Station-Id: [u'16:21:31:41:51:90']
2013-11-20 10:56:30,866: DEBUG: NAS-Port-Type: ['Wireless-802.11']
2013-11-20 10:56:30,866: DEBUG: GoGo-Total-Output-Voice-Octets: [0]
2013-11-20 10:56:30,866: DEBUG: GoGo-Private-IP-Address: ['192.168.1.179']
2013-11-20 10:56:30,866: DEBUG: GoGo-Acct-Input-Voice-Gigawords: [0]
2013-11-20 10:56:30,866: DEBUG: GoGo-Total-Input-Packets: [69868]
2013-11-20 10:56:30,866: DEBUG: GoGo-Total-Input-Gigawords: [0]
2013-11-20 10:56:30,866: DEBUG: GoGo-Acct-Input-Voice-Packets: [0]
2013-11-20 10:56:30,866: DEBUG: GoGo-Total-Input-Octets: [9664187]
2013-11-20 10:56:30,866: DEBUG: GoGo-Total-Output-Packets: [55625]
2013-11-20 10:56:30,866: DEBUG: WISPr-Location-ID: [u'airline=BA01,tail=01009,network=']
2013-11-20 10:56:30,867: DEBUG: GoGo-Acct-Output-Voice-Gigawords: [0]
2013-11-20 10:56:30,867: DEBUG: Acct-Input-Octets: [9664187]
2013-11-20 10:56:30,868: DEBUG: 

2013-11-20 10:56:30,868: DEBUG: Received response with following attributes:
2013-11-20 10:56:58,869: DEBUG: 

2013-11-20 10:56:58,870: DEBUG: Creating Accounting Stop Request with the following Attributes:
2013-11-20 10:56:58,870: DEBUG: User-Name: [u'username74@airborne.aircell.com']
2013-11-20 10:56:58,870: DEBUG: GoGo-Tail-Number: [u'01009']
2013-11-20 10:56:58,870: DEBUG: Acct-Output-Octets: [6433075]
2013-11-20 10:56:58,870: DEBUG: NAS-IP-Address: ['10.254.35.1']
2013-11-20 10:56:58,870: DEBUG: GoGo-Total-Output-Gigawords: [0]
2013-11-20 10:56:58,870: DEBUG: Framed-IP-Address: ['10.254.35.57']
2013-11-20 10:56:58,870: DEBUG: GoGo-Total-Input-Voice-Gigawords: [0]
2013-11-20 10:56:58,870: DEBUG: GoGo-Total-Output-Octets: [6433075]
2013-11-20 10:56:58,870: DEBUG: GoGo-Acct-Input-Voice-Octets: [0]
2013-11-20 10:56:58,870: DEBUG: GoGo-Total-Input-Voice-Packets: [0]
2013-11-20 10:56:58,871: DEBUG: Called-Station-Id: [u'00:16:3E:43:09:9A']
2013-11-20 10:56:58,871: DEBUG: WISPr-Location-Name: [u'TEST LLC,BA01_01009']
2013-11-20 10:56:58,871: DEBUG: NAS-Identifier: [u'C08386']
2013-11-20 10:56:58,871: DEBUG: Proxy-State: ['3330,3132']
2013-11-20 10:56:58,871: DEBUG: GoGo-Total-Input-Voice-Octets: [0]
2013-11-20 10:56:58,871: DEBUG: Acct-Status-Type: ['Stop']
2013-11-20 10:56:58,871: DEBUG: GoGo-Total-Output-Voice-Gigawords: [0]
2013-11-20 10:56:58,871: DEBUG: GoGo-Airline: [u'BA01']
2013-11-20 10:56:58,871: DEBUG: Acct-Session-Id: [u'AAATestNAS_30-1384925141832-00163E43099A-1']
2013-11-20 10:56:58,871: DEBUG: Acct-Session-Time: [28]
2013-11-20 10:56:58,871: DEBUG: Acct-Input-Packets: [13453]
2013-11-20 10:56:58,871: DEBUG: Acct-Output-Packets: [37158]
2013-11-20 10:56:58,871: DEBUG: Acct-Terminate-Cause: ['User-Request']
2013-11-20 10:56:58,872: DEBUG: GoGo-Acct-Output-Voice-Octets: [0]
2013-11-20 10:56:58,872: DEBUG: Acct-Output-Gigawords: [0]
2013-11-20 10:56:58,872: DEBUG: GoGo-Total-Output-Voice-Packets: [0]
2013-11-20 10:56:58,872: DEBUG: Acct-Input-Gigawords: [0]
2013-11-20 10:56:58,872: DEBUG: Calling-Station-Id: [u'16:21:31:41:51:90']
2013-11-20 10:56:58,872: DEBUG: NAS-Port-Type: ['Wireless-802.11']
2013-11-20 10:56:58,872: DEBUG: GoGo-Total-Output-Voice-Octets: [0]
2013-11-20 10:56:58,872: DEBUG: GoGo-Private-IP-Address: ['192.168.1.179']
2013-11-20 10:56:58,872: DEBUG: GoGo-Acct-Input-Voice-Gigawords: [0]
2013-11-20 10:56:58,872: DEBUG: GoGo-Total-Input-Packets: [13453]
2013-11-20 10:56:58,872: DEBUG: GoGo-Total-Input-Gigawords: [0]
2013-11-20 10:56:58,872: DEBUG: GoGo-Acct-Input-Voice-Packets: [0]
2013-11-20 10:56:58,872: DEBUG: GoGo-Total-Input-Octets: [2205324]
2013-11-20 10:56:58,872: DEBUG: GoGo-Total-Output-Packets: [37158]
2013-11-20 10:56:58,873: DEBUG: WISPr-Location-ID: [u'airline=BA01,tail=01009,network=']
2013-11-20 10:56:58,873: DEBUG: GoGo-Acct-Output-Voice-Packets: [0]
2013-11-20 10:56:58,873: DEBUG: GoGo-Acct-Output-Voice-Gigawords: [0]
2013-11-20 10:56:58,873: DEBUG: Acct-Input-Octets: [2205324]
2013-11-20 10:56:58,874: DEBUG: 

2013-11-20 10:56:58,874: DEBUG: Received response with following attributes:
2013-11-20 10:56:58,875: DEBUG: Ending the test for this user
2013-11-20 10:56:59,469: DEBUG: Starting the client for the user username74@airborne.aircell.com to the server localhost

2013-11-20 10:56:59,470: DEBUG: DURATION of the TEST: 76
2013-11-20 10:56:59,470: DEBUG: NAS-IP: 10.254.138.1
2013-11-20 10:56:59,470: DEBUG: NAS-MAC-ADDR: 18:21:31:41:52:14
2013-11-20 10:56:59,470: DEBUG: Abruptly End: False
2013-11-20 10:56:59,470: DEBUG: Framed-IP: 10.254.138.13
2013-11-20 10:56:59,470: DEBUG: User-MAC-Addr: 00:16:3E:57:77:C8
2013-11-20 10:56:59,470: DEBUG: 

2013-11-20 10:56:59,471: DEBUG: Creating Authentication Request with the following Attributes:
2013-11-20 10:56:59,471: DEBUG: NAS-Identifier: [u'C08386']
2013-11-20 10:56:59,471: DEBUG: User-Name: [u'username74@airborne.aircell.com']
2013-11-20 10:56:59,471: DEBUG: NAS-IP-Address: ['10.254.138.1']
2013-11-20 10:56:59,471: DEBUG: Service-Type: ['Authenticate-Only']
2013-11-20 10:56:59,471: DEBUG: Proxy-State: ['3237,3134']
2013-11-20 10:56:59,471: DEBUG: Framed-IP-Address: ['10.254.138.13']
2013-11-20 10:56:59,472: DEBUG: GoGo-Airline: [u'BA01']
2013-11-20 10:56:59,472: DEBUG: Acct-Session-Id: [u'AAATestNAS_133-1384925219470-00163E5777C8-2']
2013-11-20 10:56:59,472: DEBUG: GoGo-Tail-Number: [u'AAATestNAS_133']
2013-11-20 10:56:59,472: DEBUG: GoGo-Private-IP-Address: ['192.168.1.179']
2013-11-20 10:56:59,472: DEBUG: WISPr-Location-ID: [u'airline=BA01,tail=01009,network=']
2013-11-20 10:56:59,472: DEBUG: WISPr-Location-Name: [u'TEST LLC,BA01_01009']
2013-11-20 10:56:59,472: DEBUG: NAS-Port-Type: ['Wireless-802.11']
2013-11-20 10:56:59,472: DEBUG: Called-Station-Id: [u'00:16:3E:57:77:C8']
2013-11-20 10:56:59,472: DEBUG: Calling-Station-Id: [u'18:21:31:41:52:14']
2013-11-20 10:56:59,474: DEBUG: 

2013-11-20 10:56:59,474: DEBUG: Received response with code: 2, Accepted
2013-11-20 10:56:59,474: DEBUG: Creating Authentication Request with the following Attributes:
2013-11-20 10:56:59,474: DEBUG: NAS-Identifier: [u'C08386']
2013-11-20 10:56:59,474: DEBUG: User-Name: [u'username74@airborne.aircell.com']
2013-11-20 10:56:59,474: DEBUG: NAS-IP-Address: ['10.254.138.1']
2013-11-20 10:56:59,475: DEBUG: Service-Type: ['Login-User']
2013-11-20 10:56:59,475: DEBUG: Proxy-State: ['3237,3134']
2013-11-20 10:56:59,475: DEBUG: Framed-IP-Address: ['10.254.138.13']
2013-11-20 10:56:59,475: DEBUG: GoGo-Airline: [u'BA01']
2013-11-20 10:56:59,475: DEBUG: Acct-Session-Id: [u'AAATestNAS_133-1384925219474-00163E5777C8-2']
2013-11-20 10:56:59,475: DEBUG: GoGo-Tail-Number: [u'AAATestNAS_133']
2013-11-20 10:56:59,475: DEBUG: GoGo-Private-IP-Address: ['192.168.1.179']
2013-11-20 10:56:59,475: DEBUG: WISPr-Location-ID: [u'airline=BA01,tail=01009,network=']
2013-11-20 10:56:59,475: DEBUG: WISPr-Location-Name: [u'TEST LLC,BA01_01009']
2013-11-20 10:56:59,476: DEBUG: NAS-Port-Type: ['Wireless-802.11']
2013-11-20 10:56:59,476: DEBUG: Called-Station-Id: [u'00:16:3E:57:77:C8']
2013-11-20 10:56:59,476: DEBUG: Calling-Station-Id: [u'18:21:31:41:52:14']
2013-11-20 10:56:59,477: DEBUG: 

2013-11-20 10:56:59,477: DEBUG: Received response with code: 2, Accepted
2013-11-20 10:56:59,477: DEBUG: 

2013-11-20 10:56:59,477: DEBUG: Creating Accounting start Request with the following Attributes:
2013-11-20 10:56:59,477: DEBUG: NAS-Identifier: [u'C08386']
2013-11-20 10:56:59,477: DEBUG: User-Name: [u'username74@airborne.aircell.com']
2013-11-20 10:56:59,478: DEBUG: GoGo-Tail-Number: [u'AAATestNAS_133']
2013-11-20 10:56:59,478: DEBUG: NAS-IP-Address: ['10.254.138.1']
2013-11-20 10:56:59,478: DEBUG: Proxy-State: ['3239,3131']
2013-11-20 10:56:59,478: DEBUG: Acct-Status-Type: ['Start']
2013-11-20 10:56:59,478: DEBUG: GoGo-Airline: [u'BA01']
2013-11-20 10:56:59,478: DEBUG: Acct-Session-Id: [u'AAATestNAS_133-1384925219474-00163E5777C8-2']
2013-11-20 10:56:59,478: DEBUG: GoGo-Private-IP-Address: ['192.168.1.179']
2013-11-20 10:56:59,478: DEBUG: Framed-IP-Address: ['10.254.138.13']
2013-11-20 10:56:59,478: DEBUG: WISPr-Location-ID: [u'airline=BA01,tail=01009,network=']
2013-11-20 10:56:59,479: DEBUG: WISPr-Location-Name: [u'TEST LLC,BA01_01009']
2013-11-20 10:56:59,479: DEBUG: NAS-Port-Type: ['Wireless-802.11']
2013-11-20 10:56:59,479: DEBUG: Called-Station-Id: [u'00:16:3E:57:77:C8']
2013-11-20 10:56:59,479: DEBUG: Calling-Station-Id: [u'18:21:31:41:52:14']
2013-11-20 10:56:59,480: DEBUG: 

2013-11-20 10:56:59,480: DEBUG: Received response with following attributes:
2013-11-20 10:57:09,481: DEBUG: 

2013-11-20 10:57:09,481: DEBUG: Creating Accounting Update Request with the following Attributes:
2013-11-20 10:57:09,482: DEBUG: User-Name: [u'username74@airborne.aircell.com']
2013-11-20 10:57:09,482: DEBUG: GoGo-Tail-Number: [u'AAATestNAS_133']
2013-11-20 10:57:09,482: DEBUG: Acct-Output-Octets: [8790708]
2013-11-20 10:57:09,482: DEBUG: NAS-IP-Address: ['10.254.138.1']
2013-11-20 10:57:09,482: DEBUG: GoGo-Total-Output-Gigawords: [0]
2013-11-20 10:57:09,482: DEBUG: Framed-IP-Address: ['10.254.138.13']
2013-11-20 10:57:09,482: DEBUG: GoGo-Total-Input-Voice-Gigawords: [0]
2013-11-20 10:57:09,483: DEBUG: GoGo-Total-Output-Octets: [8790708]
2013-11-20 10:57:09,483: DEBUG: GoGo-Acct-Input-Voice-Octets: [0]
2013-11-20 10:57:09,483: DEBUG: GoGo-Total-Input-Voice-Packets: [0]
2013-11-20 10:57:09,483: DEBUG: Called-Station-Id: [u'00:16:3E:57:77:C8']
2013-11-20 10:57:09,484: DEBUG: WISPr-Location-Name: [u'TEST LLC,BA01_01009']
2013-11-20 10:57:09,484: DEBUG: NAS-Identifier: [u'C08386']
2013-11-20 10:57:09,484: DEBUG: Proxy-State: ['3330,3132']
2013-11-20 10:57:09,484: DEBUG: GoGo-Total-Input-Voice-Octets: [0]
2013-11-20 10:57:09,485: DEBUG: Acct-Status-Type: ['Interim-Update']
2013-11-20 10:57:09,485: DEBUG: GoGo-Total-Output-Voice-Gigawords: [0]
2013-11-20 10:57:09,485: DEBUG: GoGo-Airline: [u'BA01']
2013-11-20 10:57:09,486: DEBUG: Acct-Session-Id: [u'AAATestNAS_133-1384925219474-00163E5777C8-2']
2013-11-20 10:57:09,486: DEBUG: Acct-Session-Time: [10]
2013-11-20 10:57:09,487: DEBUG: Acct-Input-Packets: [48505]
2013-11-20 10:57:09,487: DEBUG: Acct-Output-Packets: [35386]
2013-11-20 10:57:09,487: DEBUG: GoGo-Acct-Output-Voice-Packets: [0]
2013-11-20 10:57:09,487: DEBUG: GoGo-Acct-Output-Voice-Octets: [0]
2013-11-20 10:57:09,488: DEBUG: Acct-Output-Gigawords: [0]
2013-11-20 10:57:09,488: DEBUG: GoGo-Total-Output-Voice-Packets: [0]
2013-11-20 10:57:09,488: DEBUG: Acct-Input-Gigawords: [0]
2013-11-20 10:57:09,488: DEBUG: Calling-Station-Id: [u'18:21:31:41:52:14']
2013-11-20 10:57:09,489: DEBUG: NAS-Port-Type: ['Wireless-802.11']
2013-11-20 10:57:09,489: DEBUG: GoGo-Total-Output-Voice-Octets: [0]
2013-11-20 10:57:09,489: DEBUG: GoGo-Private-IP-Address: ['192.168.1.179']
2013-11-20 10:57:09,489: DEBUG: GoGo-Acct-Input-Voice-Gigawords: [0]
2013-11-20 10:57:09,490: DEBUG: GoGo-Total-Input-Packets: [48505]
2013-11-20 10:57:09,490: DEBUG: GoGo-Total-Input-Gigawords: [0]
2013-11-20 10:57:09,490: DEBUG: GoGo-Acct-Input-Voice-Packets: [0]
2013-11-20 10:57:09,490: DEBUG: GoGo-Total-Input-Octets: [9738133]
2013-11-20 10:57:09,491: DEBUG: GoGo-Total-Output-Packets: [35386]
2013-11-20 10:57:09,491: DEBUG: WISPr-Location-ID: [u'airline=BA01,tail=01009,network=']
2013-11-20 10:57:09,491: DEBUG: GoGo-Acct-Output-Voice-Gigawords: [0]
2013-11-20 10:57:09,492: DEBUG: Acct-Input-Octets: [9738133]
2013-11-20 10:57:09,494: DEBUG: 

2013-11-20 10:57:09,495: DEBUG: Received response with following attributes:
2013-11-20 10:57:19,497: DEBUG: 

2013-11-20 10:57:19,497: DEBUG: Creating Accounting Update Request with the following Attributes:
2013-11-20 10:57:19,498: DEBUG: User-Name: [u'username74@airborne.aircell.com']
2013-11-20 10:57:19,498: DEBUG: GoGo-Tail-Number: [u'AAATestNAS_133']
2013-11-20 10:57:19,498: DEBUG: Acct-Output-Octets: [1444841]
2013-11-20 10:57:19,498: DEBUG: NAS-IP-Address: ['10.254.138.1']
2013-11-20 10:57:19,498: DEBUG: GoGo-Total-Output-Gigawords: [0]
2013-11-20 10:57:19,498: DEBUG: Framed-IP-Address: ['10.254.138.13']
2013-11-20 10:57:19,498: DEBUG: GoGo-Total-Input-Voice-Gigawords: [0]
2013-11-20 10:57:19,498: DEBUG: GoGo-Total-Output-Octets: [1444841]
2013-11-20 10:57:19,498: DEBUG: GoGo-Acct-Input-Voice-Octets: [0]
2013-11-20 10:57:19,499: DEBUG: GoGo-Total-Input-Voice-Packets: [0]
2013-11-20 10:57:19,499: DEBUG: Called-Station-Id: [u'00:16:3E:57:77:C8']
2013-11-20 10:57:19,499: DEBUG: WISPr-Location-Name: [u'TEST LLC,BA01_01009']
2013-11-20 10:57:19,499: DEBUG: NAS-Identifier: [u'C08386']
2013-11-20 10:57:19,499: DEBUG: Proxy-State: ['3330,3132']
2013-11-20 10:57:19,499: DEBUG: GoGo-Total-Input-Voice-Octets: [0]
2013-11-20 10:57:19,499: DEBUG: Acct-Status-Type: ['Interim-Update']
2013-11-20 10:57:19,499: DEBUG: GoGo-Total-Output-Voice-Gigawords: [0]
2013-11-20 10:57:19,499: DEBUG: GoGo-Airline: [u'BA01']
2013-11-20 10:57:19,500: DEBUG: Acct-Session-Id: [u'AAATestNAS_133-1384925219474-00163E5777C8-2']
2013-11-20 10:57:19,500: DEBUG: Acct-Session-Time: [10]
2013-11-20 10:57:19,500: DEBUG: Acct-Input-Packets: [21774]
2013-11-20 10:57:19,500: DEBUG: Acct-Output-Packets: [4583]
2013-11-20 10:57:19,500: DEBUG: GoGo-Acct-Output-Voice-Packets: [0]
2013-11-20 10:57:19,500: DEBUG: GoGo-Acct-Output-Voice-Octets: [0]
2013-11-20 10:57:19,500: DEBUG: Acct-Output-Gigawords: [0]
2013-11-20 10:57:19,500: DEBUG: GoGo-Total-Output-Voice-Packets: [0]
2013-11-20 10:57:19,500: DEBUG: Acct-Input-Gigawords: [0]
2013-11-20 10:57:19,501: DEBUG: Calling-Station-Id: [u'18:21:31:41:52:14']
2013-11-20 10:57:19,501: DEBUG: NAS-Port-Type: ['Wireless-802.11']
2013-11-20 10:57:19,501: DEBUG: GoGo-Total-Output-Voice-Octets: [0]
2013-11-20 10:57:19,502: DEBUG: GoGo-Private-IP-Address: ['192.168.1.179']
2013-11-20 10:57:19,502: DEBUG: GoGo-Acct-Input-Voice-Gigawords: [0]
2013-11-20 10:57:19,502: DEBUG: GoGo-Total-Input-Packets: [21774]
2013-11-20 10:57:19,502: DEBUG: GoGo-Total-Input-Gigawords: [0]
2013-11-20 10:57:19,502: DEBUG: GoGo-Acct-Input-Voice-Packets: [0]
2013-11-20 10:57:19,503: DEBUG: GoGo-Total-Input-Octets: [6371229]
2013-11-20 10:57:19,503: DEBUG: GoGo-Total-Output-Packets: [4583]
2013-11-20 10:57:19,503: DEBUG: WISPr-Location-ID: [u'airline=BA01,tail=01009,network=']
2013-11-20 10:57:19,503: DEBUG: GoGo-Acct-Output-Voice-Gigawords: [0]
2013-11-20 10:57:19,504: DEBUG: Acct-Input-Octets: [6371229]
2013-11-20 10:57:19,506: DEBUG: 

2013-11-20 10:57:19,506: DEBUG: Received response with following attributes:
2013-11-20 10:57:29,507: DEBUG: 

2013-11-20 10:57:29,507: DEBUG: Creating Accounting Update Request with the following Attributes:
2013-11-20 10:57:29,508: DEBUG: User-Name: [u'username74@airborne.aircell.com']
2013-11-20 10:57:29,508: DEBUG: GoGo-Tail-Number: [u'AAATestNAS_133']
2013-11-20 10:57:29,508: DEBUG: Acct-Output-Octets: [9627394]
2013-11-20 10:57:29,509: DEBUG: NAS-IP-Address: ['10.254.138.1']
2013-11-20 10:57:29,509: DEBUG: GoGo-Total-Output-Gigawords: [0]
2013-11-20 10:57:29,509: DEBUG: Framed-IP-Address: ['10.254.138.13']
2013-11-20 10:57:29,509: DEBUG: GoGo-Total-Input-Voice-Gigawords: [0]
2013-11-20 10:57:29,510: DEBUG: GoGo-Total-Output-Octets: [9627394]
2013-11-20 10:57:29,510: DEBUG: GoGo-Acct-Input-Voice-Octets: [0]
2013-11-20 10:57:29,510: DEBUG: GoGo-Total-Input-Voice-Packets: [0]
2013-11-20 10:57:29,510: DEBUG: Called-Station-Id: [u'00:16:3E:57:77:C8']
2013-11-20 10:57:29,511: DEBUG: WISPr-Location-Name: [u'TEST LLC,BA01_01009']
2013-11-20 10:57:29,511: DEBUG: NAS-Identifier: [u'C08386']
2013-11-20 10:57:29,511: DEBUG: Proxy-State: ['3330,3132']
2013-11-20 10:57:29,511: DEBUG: GoGo-Total-Input-Voice-Octets: [0]
2013-11-20 10:57:29,511: DEBUG: Acct-Status-Type: ['Interim-Update']
2013-11-20 10:57:29,511: DEBUG: GoGo-Total-Output-Voice-Gigawords: [0]
2013-11-20 10:57:29,511: DEBUG: GoGo-Airline: [u'BA01']
2013-11-20 10:57:29,511: DEBUG: Acct-Session-Id: [u'AAATestNAS_133-1384925219474-00163E5777C8-2']
2013-11-20 10:57:29,512: DEBUG: Acct-Session-Time: [10]
2013-11-20 10:57:29,512: DEBUG: Acct-Input-Packets: [12414]
2013-11-20 10:57:29,512: DEBUG: Acct-Output-Packets: [23467]
2013-11-20 10:57:29,512: DEBUG: GoGo-Acct-Output-Voice-Packets: [0]
2013-11-20 10:57:29,512: DEBUG: GoGo-Acct-Output-Voice-Octets: [0]
2013-11-20 10:57:29,512: DEBUG: Acct-Output-Gigawords: [0]
2013-11-20 10:57:29,512: DEBUG: GoGo-Total-Output-Voice-Packets: [0]
2013-11-20 10:57:29,513: DEBUG: Acct-Input-Gigawords: [0]
2013-11-20 10:57:29,513: DEBUG: Calling-Station-Id: [u'18:21:31:41:52:14']
2013-11-20 10:57:29,513: DEBUG: NAS-Port-Type: ['Wireless-802.11']
2013-11-20 10:57:29,513: DEBUG: GoGo-Total-Output-Voice-Octets: [0]
2013-11-20 10:57:29,513: DEBUG: GoGo-Private-IP-Address: ['192.168.1.179']
2013-11-20 10:57:29,513: DEBUG: GoGo-Acct-Input-Voice-Gigawords: [0]
2013-11-20 10:57:29,513: DEBUG: GoGo-Total-Input-Packets: [12414]
2013-11-20 10:57:29,513: DEBUG: GoGo-Total-Input-Gigawords: [0]
2013-11-20 10:57:29,513: DEBUG: GoGo-Acct-Input-Voice-Packets: [0]
2013-11-20 10:57:29,514: DEBUG: GoGo-Total-Input-Octets: [3245538]
2013-11-20 10:57:29,514: DEBUG: GoGo-Total-Output-Packets: [23467]
2013-11-20 10:57:29,514: DEBUG: WISPr-Location-ID: [u'airline=BA01,tail=01009,network=']
2013-11-20 10:57:29,514: DEBUG: GoGo-Acct-Output-Voice-Gigawords: [0]
2013-11-20 10:57:29,514: DEBUG: Acct-Input-Octets: [3245538]
2013-11-20 10:57:29,515: DEBUG: 

2013-11-20 10:57:29,515: DEBUG: Received response with following attributes:
2013-11-20 10:57:39,516: DEBUG: 

2013-11-20 10:57:39,516: DEBUG: Creating Accounting Update Request with the following Attributes:
2013-11-20 10:57:39,516: DEBUG: User-Name: [u'username74@airborne.aircell.com']
2013-11-20 10:57:39,516: DEBUG: GoGo-Tail-Number: [u'AAATestNAS_133']
2013-11-20 10:57:39,517: DEBUG: Acct-Output-Octets: [5601173]
2013-11-20 10:57:39,517: DEBUG: NAS-IP-Address: ['10.254.138.1']
2013-11-20 10:57:39,517: DEBUG: GoGo-Total-Output-Gigawords: [0]
2013-11-20 10:57:39,517: DEBUG: Framed-IP-Address: ['10.254.138.13']
2013-11-20 10:57:39,517: DEBUG: GoGo-Total-Input-Voice-Gigawords: [0]
2013-11-20 10:57:39,517: DEBUG: GoGo-Total-Output-Octets: [5601173]
2013-11-20 10:57:39,517: DEBUG: GoGo-Acct-Input-Voice-Octets: [0]
2013-11-20 10:57:39,517: DEBUG: GoGo-Total-Input-Voice-Packets: [0]
2013-11-20 10:57:39,517: DEBUG: Called-Station-Id: [u'00:16:3E:57:77:C8']
2013-11-20 10:57:39,518: DEBUG: WISPr-Location-Name: [u'TEST LLC,BA01_01009']
2013-11-20 10:57:39,518: DEBUG: NAS-Identifier: [u'C08386']
2013-11-20 10:57:39,518: DEBUG: Proxy-State: ['3330,3132']
2013-11-20 10:57:39,518: DEBUG: GoGo-Total-Input-Voice-Octets: [0]
2013-11-20 10:57:39,518: DEBUG: Acct-Status-Type: ['Interim-Update']
2013-11-20 10:57:39,518: DEBUG: GoGo-Total-Output-Voice-Gigawords: [0]
2013-11-20 10:57:39,518: DEBUG: GoGo-Airline: [u'BA01']
2013-11-20 10:57:39,518: DEBUG: Acct-Session-Id: [u'AAATestNAS_133-1384925219474-00163E5777C8-2']
2013-11-20 10:57:39,518: DEBUG: Acct-Session-Time: [10]
2013-11-20 10:57:39,518: DEBUG: Acct-Input-Packets: [29775]
2013-11-20 10:57:39,519: DEBUG: Acct-Output-Packets: [28709]
2013-11-20 10:57:39,519: DEBUG: GoGo-Acct-Output-Voice-Packets: [0]
2013-11-20 10:57:39,519: DEBUG: GoGo-Acct-Output-Voice-Octets: [0]
2013-11-20 10:57:39,519: DEBUG: Acct-Output-Gigawords: [0]
2013-11-20 10:57:39,519: DEBUG: GoGo-Total-Output-Voice-Packets: [0]
2013-11-20 10:57:39,519: DEBUG: Acct-Input-Gigawords: [0]
2013-11-20 10:57:39,519: DEBUG: Calling-Station-Id: [u'18:21:31:41:52:14']
2013-11-20 10:57:39,519: DEBUG: NAS-Port-Type: ['Wireless-802.11']
2013-11-20 10:57:39,519: DEBUG: GoGo-Total-Output-Voice-Octets: [0]
2013-11-20 10:57:39,519: DEBUG: GoGo-Private-IP-Address: ['192.168.1.179']
2013-11-20 10:57:39,519: DEBUG: GoGo-Acct-Input-Voice-Gigawords: [0]
2013-11-20 10:57:39,520: DEBUG: GoGo-Total-Input-Packets: [29775]
2013-11-20 10:57:39,520: DEBUG: GoGo-Total-Input-Gigawords: [0]
2013-11-20 10:57:39,520: DEBUG: GoGo-Acct-Input-Voice-Packets: [0]
2013-11-20 10:57:39,520: DEBUG: GoGo-Total-Input-Octets: [6927918]
2013-11-20 10:57:39,520: DEBUG: GoGo-Total-Output-Packets: [28709]
2013-11-20 10:57:39,520: DEBUG: WISPr-Location-ID: [u'airline=BA01,tail=01009,network=']
2013-11-20 10:57:39,520: DEBUG: GoGo-Acct-Output-Voice-Gigawords: [0]
2013-11-20 10:57:39,520: DEBUG: Acct-Input-Octets: [6927918]
2013-11-20 10:57:39,520: ERROR: Network error, Reason: 'Network error: Too many open files'
2013-11-20 10:57:49,522: DEBUG: 

2013-11-20 10:57:49,522: DEBUG: Creating Accounting Update Request with the following Attributes:
2013-11-20 10:57:49,522: DEBUG: User-Name: [u'username74@airborne.aircell.com']
2013-11-20 10:57:49,523: DEBUG: GoGo-Tail-Number: [u'AAATestNAS_133']
2013-11-20 10:57:49,523: DEBUG: Acct-Output-Octets: [1723395]
2013-11-20 10:57:49,523: DEBUG: NAS-IP-Address: ['10.254.138.1']
2013-11-20 10:57:49,523: DEBUG: GoGo-Total-Output-Gigawords: [0]
2013-11-20 10:57:49,524: DEBUG: Framed-IP-Address: ['10.254.138.13']
2013-11-20 10:57:49,524: DEBUG: GoGo-Total-Input-Voice-Gigawords: [0]
2013-11-20 10:57:49,524: DEBUG: GoGo-Total-Output-Octets: [1723395]
2013-11-20 10:57:49,524: DEBUG: GoGo-Acct-Input-Voice-Octets: [0]
2013-11-20 10:57:49,524: DEBUG: GoGo-Total-Input-Voice-Packets: [0]
2013-11-20 10:57:49,524: DEBUG: Called-Station-Id: [u'00:16:3E:57:77:C8']
2013-11-20 10:57:49,524: DEBUG: WISPr-Location-Name: [u'TEST LLC,BA01_01009']
2013-11-20 10:57:49,524: DEBUG: NAS-Identifier: [u'C08386']
2013-11-20 10:57:49,524: DEBUG: Proxy-State: ['3330,3132']
2013-11-20 10:57:49,524: DEBUG: GoGo-Total-Input-Voice-Octets: [0]
2013-11-20 10:57:49,525: DEBUG: Acct-Status-Type: ['Interim-Update']
2013-11-20 10:57:49,525: DEBUG: GoGo-Total-Output-Voice-Gigawords: [0]
2013-11-20 10:57:49,525: DEBUG: GoGo-Airline: [u'BA01']
2013-11-20 10:57:49,525: DEBUG: Acct-Session-Id: [u'AAATestNAS_133-1384925219474-00163E5777C8-2']
2013-11-20 10:57:49,525: DEBUG: Acct-Session-Time: [10]
2013-11-20 10:57:49,525: DEBUG: Acct-Input-Packets: [94768]
2013-11-20 10:57:49,525: DEBUG: Acct-Output-Packets: [7895]
2013-11-20 10:57:49,526: DEBUG: GoGo-Acct-Output-Voice-Packets: [0]
2013-11-20 10:57:49,526: DEBUG: GoGo-Acct-Output-Voice-Octets: [0]
2013-11-20 10:57:49,526: DEBUG: Acct-Output-Gigawords: [0]
2013-11-20 10:57:49,526: DEBUG: GoGo-Total-Output-Voice-Packets: [0]
2013-11-20 10:57:49,526: DEBUG: Acct-Input-Gigawords: [0]
2013-11-20 10:57:49,526: DEBUG: Calling-Station-Id: [u'18:21:31:41:52:14']
2013-11-20 10:57:49,526: DEBUG: NAS-Port-Type: ['Wireless-802.11']
2013-11-20 10:57:49,527: DEBUG: GoGo-Total-Output-Voice-Octets: [0]
2013-11-20 10:57:49,527: DEBUG: GoGo-Private-IP-Address: ['192.168.1.179']
2013-11-20 10:57:49,527: DEBUG: GoGo-Acct-Input-Voice-Gigawords: [0]
2013-11-20 10:57:49,527: DEBUG: GoGo-Total-Input-Packets: [94768]
2013-11-20 10:57:49,527: DEBUG: GoGo-Total-Input-Gigawords: [0]
2013-11-20 10:57:49,527: DEBUG: GoGo-Acct-Input-Voice-Packets: [0]
2013-11-20 10:57:49,527: DEBUG: GoGo-Total-Input-Octets: [9868955]
2013-11-20 10:57:49,527: DEBUG: GoGo-Total-Output-Packets: [7895]
2013-11-20 10:57:49,527: DEBUG: WISPr-Location-ID: [u'airline=BA01,tail=01009,network=']
2013-11-20 10:57:49,528: DEBUG: GoGo-Acct-Output-Voice-Gigawords: [0]
2013-11-20 10:57:49,528: DEBUG: Acct-Input-Octets: [9868955]
2013-11-20 10:57:49,528: ERROR: Network error, Reason: 'Network error: nodename nor servname provided, or not known'
2013-11-20 10:57:59,529: DEBUG: 

2013-11-20 10:57:59,529: DEBUG: Creating Accounting Update Request with the following Attributes:
2013-11-20 10:57:59,530: DEBUG: User-Name: [u'username74@airborne.aircell.com']
2013-11-20 10:57:59,530: DEBUG: GoGo-Tail-Number: [u'AAATestNAS_133']
2013-11-20 10:57:59,530: DEBUG: Acct-Output-Octets: [3074826]
2013-11-20 10:57:59,530: DEBUG: NAS-IP-Address: ['10.254.138.1']
2013-11-20 10:57:59,530: DEBUG: GoGo-Total-Output-Gigawords: [0]
2013-11-20 10:57:59,530: DEBUG: Framed-IP-Address: ['10.254.138.13']
2013-11-20 10:57:59,531: DEBUG: GoGo-Total-Input-Voice-Gigawords: [0]
2013-11-20 10:57:59,531: DEBUG: GoGo-Total-Output-Octets: [3074826]
2013-11-20 10:57:59,531: DEBUG: GoGo-Acct-Input-Voice-Octets: [0]
2013-11-20 10:57:59,531: DEBUG: GoGo-Total-Input-Voice-Packets: [0]
2013-11-20 10:57:59,531: DEBUG: Called-Station-Id: [u'00:16:3E:57:77:C8']
2013-11-20 10:57:59,531: DEBUG: WISPr-Location-Name: [u'TEST LLC,BA01_01009']
2013-11-20 10:57:59,532: DEBUG: NAS-Identifier: [u'C08386']
2013-11-20 10:57:59,532: DEBUG: Proxy-State: ['3330,3132']
2013-11-20 10:57:59,532: DEBUG: GoGo-Total-Input-Voice-Octets: [0]
2013-11-20 10:57:59,532: DEBUG: Acct-Status-Type: ['Interim-Update']
2013-11-20 10:57:59,532: DEBUG: GoGo-Total-Output-Voice-Gigawords: [0]
2013-11-20 10:57:59,532: DEBUG: GoGo-Airline: [u'BA01']
2013-11-20 10:57:59,533: DEBUG: Acct-Session-Id: [u'AAATestNAS_133-1384925219474-00163E5777C8-2']
2013-11-20 10:57:59,533: DEBUG: Acct-Session-Time: [10]
2013-11-20 10:57:59,533: DEBUG: Acct-Input-Packets: [14375]
2013-11-20 10:57:59,533: DEBUG: Acct-Output-Packets: [23825]
2013-11-20 10:57:59,533: DEBUG: GoGo-Acct-Output-Voice-Packets: [0]
2013-11-20 10:57:59,533: DEBUG: GoGo-Acct-Output-Voice-Octets: [0]
2013-11-20 10:57:59,533: DEBUG: Acct-Output-Gigawords: [0]
2013-11-20 10:57:59,533: DEBUG: GoGo-Total-Output-Voice-Packets: [0]
2013-11-20 10:57:59,534: DEBUG: Acct-Input-Gigawords: [0]
2013-11-20 10:57:59,534: DEBUG: Calling-Station-Id: [u'18:21:31:41:52:14']
2013-11-20 10:57:59,534: DEBUG: NAS-Port-Type: ['Wireless-802.11']
2013-11-20 10:57:59,534: DEBUG: GoGo-Total-Output-Voice-Octets: [0]
2013-11-20 10:57:59,534: DEBUG: GoGo-Private-IP-Address: ['192.168.1.179']
2013-11-20 10:57:59,534: DEBUG: GoGo-Acct-Input-Voice-Gigawords: [0]
2013-11-20 10:57:59,534: DEBUG: GoGo-Total-Input-Packets: [14375]
2013-11-20 10:57:59,535: DEBUG: GoGo-Total-Input-Gigawords: [0]
2013-11-20 10:57:59,535: DEBUG: GoGo-Acct-Input-Voice-Packets: [0]
2013-11-20 10:57:59,535: DEBUG: GoGo-Total-Input-Octets: [6474549]
2013-11-20 10:57:59,535: DEBUG: GoGo-Total-Output-Packets: [23825]
2013-11-20 10:57:59,535: DEBUG: WISPr-Location-ID: [u'airline=BA01,tail=01009,network=']
2013-11-20 10:57:59,535: DEBUG: GoGo-Acct-Output-Voice-Gigawords: [0]
2013-11-20 10:57:59,535: DEBUG: Acct-Input-Octets: [6474549]
2013-11-20 10:57:59,537: DEBUG: 

2013-11-20 10:57:59,537: DEBUG: Received response with following attributes:
2013-11-20 10:58:09,538: DEBUG: 

2013-11-20 10:58:09,539: DEBUG: Creating Accounting Update Request with the following Attributes:
2013-11-20 10:58:09,540: DEBUG: User-Name: [u'username74@airborne.aircell.com']
2013-11-20 10:58:09,540: DEBUG: GoGo-Tail-Number: [u'AAATestNAS_133']
2013-11-20 10:58:09,541: DEBUG: Acct-Output-Octets: [8856891]
2013-11-20 10:58:09,541: DEBUG: NAS-IP-Address: ['10.254.138.1']
2013-11-20 10:58:09,541: DEBUG: GoGo-Total-Output-Gigawords: [0]
2013-11-20 10:58:09,541: DEBUG: Framed-IP-Address: ['10.254.138.13']
2013-11-20 10:58:09,541: DEBUG: GoGo-Total-Input-Voice-Gigawords: [0]
2013-11-20 10:58:09,542: DEBUG: GoGo-Total-Output-Octets: [8856891]
2013-11-20 10:58:09,542: DEBUG: GoGo-Acct-Input-Voice-Octets: [0]
2013-11-20 10:58:09,542: DEBUG: GoGo-Total-Input-Voice-Packets: [0]
2013-11-20 10:58:09,542: DEBUG: Called-Station-Id: [u'00:16:3E:57:77:C8']
2013-11-20 10:58:09,543: DEBUG: WISPr-Location-Name: [u'TEST LLC,BA01_01009']
2013-11-20 10:58:09,543: DEBUG: NAS-Identifier: [u'C08386']
2013-11-20 10:58:09,543: DEBUG: Proxy-State: ['3330,3132']
2013-11-20 10:58:09,543: DEBUG: GoGo-Total-Input-Voice-Octets: [0]
2013-11-20 10:58:09,543: DEBUG: Acct-Status-Type: ['Interim-Update']
2013-11-20 10:58:09,543: DEBUG: GoGo-Total-Output-Voice-Gigawords: [0]
2013-11-20 10:58:09,544: DEBUG: GoGo-Airline: [u'BA01']
2013-11-20 10:58:09,544: DEBUG: Acct-Session-Id: [u'AAATestNAS_133-1384925219474-00163E5777C8-2']
2013-11-20 10:58:09,544: DEBUG: Acct-Session-Time: [10]
2013-11-20 10:58:09,544: DEBUG: Acct-Input-Packets: [2088]
2013-11-20 10:58:09,544: DEBUG: Acct-Output-Packets: [73894]
2013-11-20 10:58:09,545: DEBUG: GoGo-Acct-Output-Voice-Packets: [0]
2013-11-20 10:58:09,545: DEBUG: GoGo-Acct-Output-Voice-Octets: [0]
2013-11-20 10:58:09,545: DEBUG: Acct-Output-Gigawords: [0]
2013-11-20 10:58:09,545: DEBUG: GoGo-Total-Output-Voice-Packets: [0]
2013-11-20 10:58:09,545: DEBUG: Acct-Input-Gigawords: [0]
2013-11-20 10:58:09,545: DEBUG: Calling-Station-Id: [u'18:21:31:41:52:14']
2013-11-20 10:58:09,546: DEBUG: NAS-Port-Type: ['Wireless-802.11']
2013-11-20 10:58:09,546: DEBUG: GoGo-Total-Output-Voice-Octets: [0]
2013-11-20 10:58:09,546: DEBUG: GoGo-Private-IP-Address: ['192.168.1.179']
2013-11-20 10:58:09,546: DEBUG: GoGo-Acct-Input-Voice-Gigawords: [0]
2013-11-20 10:58:09,546: DEBUG: GoGo-Total-Input-Packets: [2088]
2013-11-20 10:58:09,546: DEBUG: GoGo-Total-Input-Gigawords: [0]
2013-11-20 10:58:09,547: DEBUG: GoGo-Acct-Input-Voice-Packets: [0]
2013-11-20 10:58:09,547: DEBUG: GoGo-Total-Input-Octets: [1551725]
2013-11-20 10:58:09,547: DEBUG: GoGo-Total-Output-Packets: [73894]
2013-11-20 10:58:09,547: DEBUG: WISPr-Location-ID: [u'airline=BA01,tail=01009,network=']
2013-11-20 10:58:09,547: DEBUG: GoGo-Acct-Output-Voice-Gigawords: [0]
2013-11-20 10:58:09,547: DEBUG: Acct-Input-Octets: [1551725]
2013-11-20 10:58:09,548: ERROR: Network error, Reason: 'Network error: Too many open files'
2013-11-20 10:58:15,549: DEBUG: 

2013-11-20 10:58:15,549: DEBUG: Creating Accounting Update Request with the following Attributes:
2013-11-20 10:58:15,549: DEBUG: User-Name: [u'username74@airborne.aircell.com']
2013-11-20 10:58:15,549: DEBUG: GoGo-Tail-Number: [u'AAATestNAS_133']
2013-11-20 10:58:15,550: DEBUG: Acct-Output-Octets: [5171598]
2013-11-20 10:58:15,550: DEBUG: NAS-IP-Address: ['10.254.138.1']
2013-11-20 10:58:15,550: DEBUG: GoGo-Total-Output-Gigawords: [0]
2013-11-20 10:58:15,550: DEBUG: Framed-IP-Address: ['10.254.138.13']
2013-11-20 10:58:15,550: DEBUG: GoGo-Total-Input-Voice-Gigawords: [0]
2013-11-20 10:58:15,550: DEBUG: GoGo-Total-Output-Octets: [5171598]
2013-11-20 10:58:15,550: DEBUG: GoGo-Acct-Input-Voice-Octets: [0]
2013-11-20 10:58:15,550: DEBUG: GoGo-Total-Input-Voice-Packets: [0]
2013-11-20 10:58:15,550: DEBUG: Called-Station-Id: [u'00:16:3E:57:77:C8']
2013-11-20 10:58:15,551: DEBUG: WISPr-Location-Name: [u'TEST LLC,BA01_01009']
2013-11-20 10:58:15,551: DEBUG: NAS-Identifier: [u'C08386']
2013-11-20 10:58:15,551: DEBUG: Proxy-State: ['3330,3132']
2013-11-20 10:58:15,551: DEBUG: GoGo-Total-Input-Voice-Octets: [0]
2013-11-20 10:58:15,551: DEBUG: Acct-Status-Type: ['Interim-Update']
2013-11-20 10:58:15,551: DEBUG: GoGo-Total-Output-Voice-Gigawords: [0]
2013-11-20 10:58:15,551: DEBUG: GoGo-Airline: [u'BA01']
2013-11-20 10:58:15,551: DEBUG: Acct-Session-Id: [u'AAATestNAS_133-1384925219474-00163E5777C8-2']
2013-11-20 10:58:15,551: DEBUG: Acct-Session-Time: [6]
2013-11-20 10:58:15,551: DEBUG: Acct-Input-Packets: [15628]
2013-11-20 10:58:15,552: DEBUG: Acct-Output-Packets: [41851]
2013-11-20 10:58:15,552: DEBUG: GoGo-Acct-Output-Voice-Packets: [0]
2013-11-20 10:58:15,552: DEBUG: GoGo-Acct-Output-Voice-Octets: [0]
2013-11-20 10:58:15,552: DEBUG: Acct-Output-Gigawords: [0]
2013-11-20 10:58:15,552: DEBUG: GoGo-Total-Output-Voice-Packets: [0]
2013-11-20 10:58:15,552: DEBUG: Acct-Input-Gigawords: [0]
2013-11-20 10:58:15,552: DEBUG: Calling-Station-Id: [u'18:21:31:41:52:14']
2013-11-20 10:58:15,552: DEBUG: NAS-Port-Type: ['Wireless-802.11']
2013-11-20 10:58:15,552: DEBUG: GoGo-Total-Output-Voice-Octets: [0]
2013-11-20 10:58:15,553: DEBUG: GoGo-Private-IP-Address: ['192.168.1.179']
2013-11-20 10:58:15,553: DEBUG: GoGo-Acct-Input-Voice-Gigawords: [0]
2013-11-20 10:58:15,553: DEBUG: GoGo-Total-Input-Packets: [15628]
2013-11-20 10:58:15,553: DEBUG: GoGo-Total-Input-Gigawords: [0]
2013-11-20 10:58:15,553: DEBUG: GoGo-Acct-Input-Voice-Packets: [0]
2013-11-20 10:58:15,553: DEBUG: GoGo-Total-Input-Octets: [4218684]
2013-11-20 10:58:15,553: DEBUG: GoGo-Total-Output-Packets: [41851]
2013-11-20 10:58:15,553: DEBUG: WISPr-Location-ID: [u'airline=BA01,tail=01009,network=']
2013-11-20 10:58:15,553: DEBUG: GoGo-Acct-Output-Voice-Gigawords: [0]
2013-11-20 10:58:15,554: DEBUG: Acct-Input-Octets: [4218684]
2013-11-20 10:58:15,554: ERROR: Network error, Reason: 'Network error: Too many open files'
2013-11-20 10:58:37,554: DEBUG: 

2013-11-20 10:58:37,556: DEBUG: Creating Accounting Stop Request with the following Attributes:
2013-11-20 10:58:37,556: DEBUG: User-Name: [u'username74@airborne.aircell.com']
2013-11-20 10:58:37,556: DEBUG: GoGo-Tail-Number: [u'01009']
2013-11-20 10:58:37,557: DEBUG: Acct-Output-Octets: [9754911]
2013-11-20 10:58:37,557: DEBUG: NAS-IP-Address: ['10.254.138.1']
2013-11-20 10:58:37,557: DEBUG: GoGo-Total-Output-Gigawords: [0]
2013-11-20 10:58:37,557: DEBUG: Framed-IP-Address: ['10.254.138.13']
2013-11-20 10:58:37,558: DEBUG: GoGo-Total-Input-Voice-Gigawords: [0]
2013-11-20 10:58:37,558: DEBUG: GoGo-Total-Output-Octets: [9754911]
2013-11-20 10:58:37,558: DEBUG: GoGo-Acct-Input-Voice-Octets: [0]
2013-11-20 10:58:37,558: DEBUG: GoGo-Total-Input-Voice-Packets: [0]
2013-11-20 10:58:37,558: DEBUG: Called-Station-Id: [u'00:16:3E:57:77:C8']
2013-11-20 10:58:37,559: DEBUG: WISPr-Location-Name: [u'TEST LLC,BA01_01009']
2013-11-20 10:58:37,559: DEBUG: NAS-Identifier: [u'C08386']
2013-11-20 10:58:37,559: DEBUG: Proxy-State: ['3330,3132']
2013-11-20 10:58:37,559: DEBUG: GoGo-Total-Input-Voice-Octets: [0]
2013-11-20 10:58:37,559: DEBUG: Acct-Status-Type: ['Stop']
2013-11-20 10:58:37,560: DEBUG: GoGo-Total-Output-Voice-Gigawords: [0]
2013-11-20 10:58:37,560: DEBUG: GoGo-Airline: [u'BA01']
2013-11-20 10:58:37,560: DEBUG: Acct-Session-Id: [u'AAATestNAS_133-1384925219474-00163E5777C8-2']
2013-11-20 10:58:37,560: DEBUG: Acct-Session-Time: [22]
2013-11-20 10:58:37,560: DEBUG: Acct-Input-Packets: [42077]
2013-11-20 10:58:37,561: DEBUG: Acct-Output-Packets: [12698]
2013-11-20 10:58:37,561: DEBUG: Acct-Terminate-Cause: ['User-Request']
2013-11-20 10:58:37,561: DEBUG: GoGo-Acct-Output-Voice-Octets: [0]
2013-11-20 10:58:37,561: DEBUG: Acct-Output-Gigawords: [0]
2013-11-20 10:58:37,561: DEBUG: GoGo-Total-Output-Voice-Packets: [0]
2013-11-20 10:58:37,561: DEBUG: Acct-Input-Gigawords: [0]
2013-11-20 10:58:37,562: DEBUG: Calling-Station-Id: [u'18:21:31:41:52:14']
2013-11-20 10:58:37,562: DEBUG: NAS-Port-Type: ['Wireless-802.11']
2013-11-20 10:58:37,562: DEBUG: GoGo-Total-Output-Voice-Octets: [0]
2013-11-20 10:58:37,562: DEBUG: GoGo-Private-IP-Address: ['192.168.1.179']
2013-11-20 10:58:37,562: DEBUG: GoGo-Acct-Input-Voice-Gigawords: [0]
2013-11-20 10:58:37,562: DEBUG: GoGo-Total-Input-Packets: [42077]
2013-11-20 10:58:37,563: DEBUG: GoGo-Total-Input-Gigawords: [0]
2013-11-20 10:58:37,563: DEBUG: GoGo-Acct-Input-Voice-Packets: [0]
2013-11-20 10:58:37,563: DEBUG: GoGo-Total-Input-Octets: [5204024]
2013-11-20 10:58:37,563: DEBUG: GoGo-Total-Output-Packets: [12698]
2013-11-20 10:58:37,563: DEBUG: WISPr-Location-ID: [u'airline=BA01,tail=01009,network=']
2013-11-20 10:58:37,563: DEBUG: GoGo-Acct-Output-Voice-Packets: [0]
2013-11-20 10:58:37,563: DEBUG: GoGo-Acct-Output-Voice-Gigawords: [0]
2013-11-20 10:58:37,564: DEBUG: Acct-Input-Octets: [5204024]
2013-11-20 10:58:37,564: ERROR: Network error, Reason: 'Network error: Too many open files'
2013-11-20 10:58:37,564: ERROR: Ending the test for this user
2013-11-20 10:58:37,564: DEBUG: Ending the test for this user
2013-11-20 10:58:37,612: DEBUG: Starting the client for the user username74@airborne.aircell.com to the server localhost

