2013-11-20 10:55:42,456: DEBUG: Starting the client for the user username3@airborne.aircell.com to the server localhost

2013-11-20 10:55:42,457: DEBUG: DURATION of the TEST: 76
2013-11-20 10:55:42,457: DEBUG: NAS-IP: 10.254.74.1
2013-11-20 10:55:42,457: DEBUG: NAS-MAC-ADDR: 17:21:31:41:52:39
2013-11-20 10:55:42,457: DEBUG: Abruptly End: True
2013-11-20 10:55:42,457: DEBUG: Framed-IP: 10.254.74.173
2013-11-20 10:55:42,457: DEBUG: User-MAC-Addr: 00:16:3E:5D:ED:4A
2013-11-20 10:55:42,457: DEBUG: 

2013-11-20 10:55:42,457: DEBUG: Creating Authentication Request with the following Attributes:
2013-11-20 10:55:42,458: DEBUG: NAS-Identifier: [u'C08386']
2013-11-20 10:55:42,458: DEBUG: User-Name: [u'username3@airborne.aircell.com']
2013-11-20 10:55:42,458: DEBUG: NAS-IP-Address: ['10.254.74.1']
2013-11-20 10:55:42,458: DEBUG: Service-Type: ['Authenticate-Only']
2013-11-20 10:55:42,458: DEBUG: Proxy-State: ['3237,3134']
2013-11-20 10:55:42,458: DEBUG: Framed-IP-Address: ['10.254.74.173']
2013-11-20 10:55:42,458: DEBUG: GoGo-Airline: [u'BA01']
2013-11-20 10:55:42,458: DEBUG: Acct-Session-Id: [u'AAATestNAS_69-1384925142457-00163E5DED4A-1']
2013-11-20 10:55:42,458: DEBUG: GoGo-Tail-Number: [u'AAATestNAS_69']
2013-11-20 10:55:42,458: DEBUG: GoGo-Private-IP-Address: ['192.168.1.179']
2013-11-20 10:55:42,458: DEBUG: WISPr-Location-ID: [u'airline=BA01,tail=01009,network=']
2013-11-20 10:55:42,458: DEBUG: WISPr-Location-Name: [u'TEST LLC,BA01_01009']
2013-11-20 10:55:42,458: DEBUG: NAS-Port-Type: ['Wireless-802.11']
2013-11-20 10:55:42,459: DEBUG: Called-Station-Id: [u'00:16:3E:5D:ED:4A']
2013-11-20 10:55:42,459: DEBUG: Calling-Station-Id: [u'17:21:31:41:52:39']
2013-11-20 10:55:42,460: DEBUG: 

2013-11-20 10:55:42,460: DEBUG: Received response with code: 2, Accepted
2013-11-20 10:55:42,460: DEBUG: Creating Authentication Request with the following Attributes:
2013-11-20 10:55:42,460: DEBUG: NAS-Identifier: [u'C08386']
2013-11-20 10:55:42,460: DEBUG: User-Name: [u'username3@airborne.aircell.com']
2013-11-20 10:55:42,460: DEBUG: NAS-IP-Address: ['10.254.74.1']
2013-11-20 10:55:42,460: DEBUG: Service-Type: ['Login-User']
2013-11-20 10:55:42,460: DEBUG: Proxy-State: ['3237,3134']
2013-11-20 10:55:42,460: DEBUG: Framed-IP-Address: ['10.254.74.173']
2013-11-20 10:55:42,461: DEBUG: GoGo-Airline: [u'BA01']
2013-11-20 10:55:42,461: DEBUG: Acct-Session-Id: [u'AAATestNAS_69-1384925142460-00163E5DED4A-1']
2013-11-20 10:55:42,461: DEBUG: GoGo-Tail-Number: [u'AAATestNAS_69']
2013-11-20 10:55:42,461: DEBUG: GoGo-Private-IP-Address: ['192.168.1.179']
2013-11-20 10:55:42,461: DEBUG: WISPr-Location-ID: [u'airline=BA01,tail=01009,network=']
2013-11-20 10:55:42,461: DEBUG: WISPr-Location-Name: [u'TEST LLC,BA01_01009']
2013-11-20 10:55:42,461: DEBUG: NAS-Port-Type: ['Wireless-802.11']
2013-11-20 10:55:42,461: DEBUG: Called-Station-Id: [u'00:16:3E:5D:ED:4A']
2013-11-20 10:55:42,461: DEBUG: Calling-Station-Id: [u'17:21:31:41:52:39']
2013-11-20 10:55:42,462: DEBUG: 

2013-11-20 10:55:42,462: DEBUG: Received response with code: 2, Accepted
2013-11-20 10:55:42,462: DEBUG: 

2013-11-20 10:55:42,462: DEBUG: Creating Accounting start Request with the following Attributes:
2013-11-20 10:55:42,463: DEBUG: NAS-Identifier: [u'C08386']
2013-11-20 10:55:42,463: DEBUG: User-Name: [u'username3@airborne.aircell.com']
2013-11-20 10:55:42,463: DEBUG: GoGo-Tail-Number: [u'AAATestNAS_69']
2013-11-20 10:55:42,463: DEBUG: NAS-IP-Address: ['10.254.74.1']
2013-11-20 10:55:42,463: DEBUG: Proxy-State: ['3239,3131']
2013-11-20 10:55:42,463: DEBUG: Acct-Status-Type: ['Start']
2013-11-20 10:55:42,463: DEBUG: GoGo-Airline: [u'BA01']
2013-11-20 10:55:42,463: DEBUG: Acct-Session-Id: [u'AAATestNAS_69-1384925142460-00163E5DED4A-1']
2013-11-20 10:55:42,463: DEBUG: GoGo-Private-IP-Address: ['192.168.1.179']
2013-11-20 10:55:42,463: DEBUG: Framed-IP-Address: ['10.254.74.173']
2013-11-20 10:55:42,463: DEBUG: WISPr-Location-ID: [u'airline=BA01,tail=01009,network=']
2013-11-20 10:55:42,464: DEBUG: WISPr-Location-Name: [u'TEST LLC,BA01_01009']
2013-11-20 10:55:42,464: DEBUG: NAS-Port-Type: ['Wireless-802.11']
2013-11-20 10:55:42,464: DEBUG: Called-Station-Id: [u'00:16:3E:5D:ED:4A']
2013-11-20 10:55:42,464: DEBUG: Calling-Station-Id: [u'17:21:31:41:52:39']
2013-11-20 10:55:42,465: DEBUG: 

2013-11-20 10:55:42,465: DEBUG: Received response with following attributes:
2013-11-20 10:55:52,466: DEBUG: 

2013-11-20 10:55:52,467: DEBUG: Creating Accounting Update Request with the following Attributes:
2013-11-20 10:55:52,468: DEBUG: User-Name: [u'username3@airborne.aircell.com']
2013-11-20 10:55:52,470: DEBUG: GoGo-Tail-Number: [u'AAATestNAS_69']
2013-11-20 10:55:52,470: DEBUG: Acct-Output-Octets: [4882276]
2013-11-20 10:55:52,470: DEBUG: NAS-IP-Address: ['10.254.74.1']
2013-11-20 10:55:52,471: DEBUG: GoGo-Total-Output-Gigawords: [0]
2013-11-20 10:55:52,472: DEBUG: Framed-IP-Address: ['10.254.74.173']
2013-11-20 10:55:52,472: DEBUG: GoGo-Total-Input-Voice-Gigawords: [0]
2013-11-20 10:55:52,474: DEBUG: GoGo-Total-Output-Octets: [4882276]
2013-11-20 10:55:52,474: DEBUG: GoGo-Acct-Input-Voice-Octets: [0]
2013-11-20 10:55:52,474: DEBUG: GoGo-Total-Input-Voice-Packets: [0]
2013-11-20 10:55:52,476: DEBUG: Called-Station-Id: [u'00:16:3E:5D:ED:4A']
2013-11-20 10:55:52,476: DEBUG: WISPr-Location-Name: [u'TEST LLC,BA01_01009']
2013-11-20 10:55:52,476: DEBUG: NAS-Identifier: [u'C08386']
2013-11-20 10:55:52,477: DEBUG: Proxy-State: ['3330,3132']
2013-11-20 10:55:52,478: DEBUG: GoGo-Total-Input-Voice-Octets: [0]
2013-11-20 10:55:52,478: DEBUG: Acct-Status-Type: ['Interim-Update']
2013-11-20 10:55:52,478: DEBUG: GoGo-Total-Output-Voice-Gigawords: [0]
2013-11-20 10:55:52,479: DEBUG: GoGo-Airline: [u'BA01']
2013-11-20 10:55:52,480: DEBUG: Acct-Session-Id: [u'AAATestNAS_69-1384925142460-00163E5DED4A-1']
2013-11-20 10:55:52,480: DEBUG: Acct-Session-Time: [10]
2013-11-20 10:55:52,481: DEBUG: Acct-Input-Packets: [39541]
2013-11-20 10:55:52,481: DEBUG: Acct-Output-Packets: [35138]
2013-11-20 10:55:52,482: DEBUG: GoGo-Acct-Output-Voice-Packets: [0]
2013-11-20 10:55:52,482: DEBUG: GoGo-Acct-Output-Voice-Octets: [0]
2013-11-20 10:55:52,482: DEBUG: Acct-Output-Gigawords: [0]
2013-11-20 10:55:52,484: DEBUG: GoGo-Total-Output-Voice-Packets: [0]
2013-11-20 10:55:52,484: DEBUG: Acct-Input-Gigawords: [0]
2013-11-20 10:55:52,484: DEBUG: Calling-Station-Id: [u'17:21:31:41:52:39']
2013-11-20 10:55:52,484: DEBUG: NAS-Port-Type: ['Wireless-802.11']
2013-11-20 10:55:52,485: DEBUG: GoGo-Total-Output-Voice-Octets: [0]
2013-11-20 10:55:52,485: DEBUG: GoGo-Private-IP-Address: ['192.168.1.179']
2013-11-20 10:55:52,485: DEBUG: GoGo-Acct-Input-Voice-Gigawords: [0]
2013-11-20 10:55:52,486: DEBUG: GoGo-Total-Input-Packets: [39541]
2013-11-20 10:55:52,486: DEBUG: GoGo-Total-Input-Gigawords: [0]
2013-11-20 10:55:52,487: DEBUG: GoGo-Acct-Input-Voice-Packets: [0]
2013-11-20 10:55:52,487: DEBUG: GoGo-Total-Input-Octets: [7476450]
2013-11-20 10:55:52,488: DEBUG: GoGo-Total-Output-Packets: [35138]
2013-11-20 10:55:52,488: DEBUG: WISPr-Location-ID: [u'airline=BA01,tail=01009,network=']
2013-11-20 10:55:52,490: DEBUG: GoGo-Acct-Output-Voice-Gigawords: [0]
2013-11-20 10:55:52,492: DEBUG: Acct-Input-Octets: [7476450]
2013-11-20 10:55:52,496: DEBUG: 

2013-11-20 10:55:52,497: DEBUG: Received response with following attributes:
2013-11-20 10:55:52,497: DEBUG: User has abruptly end flag so ending the test with out AcctStop
2013-11-20 10:55:52,498: DEBUG: Ending the test for this user
2013-11-20 10:55:53,433: DEBUG: Starting the client for the user username3@airborne.aircell.com to the server localhost

2013-11-20 10:55:53,433: DEBUG: Starting the client for the user username3@airborne.aircell.com to the server localhost

2013-11-20 10:55:53,433: DEBUG: DURATION of the TEST: 97
2013-11-20 10:55:53,433: DEBUG: DURATION of the TEST: 97
2013-11-20 10:55:53,433: DEBUG: NAS-IP: 10.254.67.1
2013-11-20 10:55:53,433: DEBUG: NAS-IP: 10.254.67.1
2013-11-20 10:55:53,434: DEBUG: NAS-MAC-ADDR: 17:21:31:41:52:32
2013-11-20 10:55:53,434: DEBUG: NAS-MAC-ADDR: 17:21:31:41:52:32
2013-11-20 10:55:53,434: DEBUG: Abruptly End: False
2013-11-20 10:55:53,434: DEBUG: Abruptly End: False
2013-11-20 10:55:53,434: DEBUG: Framed-IP: 10.254.67.102
2013-11-20 10:55:53,434: DEBUG: Framed-IP: 10.254.67.102
2013-11-20 10:55:53,435: DEBUG: User-MAC-Addr: 00:16:3E:25:DE:56
2013-11-20 10:55:53,435: DEBUG: User-MAC-Addr: 00:16:3E:25:DE:56
2013-11-20 10:55:53,435: DEBUG: 

2013-11-20 10:55:53,435: DEBUG: 

2013-11-20 10:55:53,436: DEBUG: Creating Authentication Request with the following Attributes:
2013-11-20 10:55:53,436: DEBUG: Creating Authentication Request with the following Attributes:
2013-11-20 10:55:53,436: DEBUG: NAS-Identifier: [u'C08386']
2013-11-20 10:55:53,436: DEBUG: NAS-Identifier: [u'C08386']
2013-11-20 10:55:53,436: DEBUG: User-Name: [u'username3@airborne.aircell.com']
2013-11-20 10:55:53,436: DEBUG: User-Name: [u'username3@airborne.aircell.com']
2013-11-20 10:55:53,437: DEBUG: NAS-IP-Address: ['10.254.67.1']
2013-11-20 10:55:53,437: DEBUG: NAS-IP-Address: ['10.254.67.1']
2013-11-20 10:55:53,437: DEBUG: Service-Type: ['Authenticate-Only']
2013-11-20 10:55:53,437: DEBUG: Service-Type: ['Authenticate-Only']
2013-11-20 10:55:53,437: DEBUG: Proxy-State: ['3237,3134']
2013-11-20 10:55:53,437: DEBUG: Proxy-State: ['3237,3134']
2013-11-20 10:55:53,437: DEBUG: Framed-IP-Address: ['10.254.67.102']
2013-11-20 10:55:53,437: DEBUG: Framed-IP-Address: ['10.254.67.102']
2013-11-20 10:55:53,438: DEBUG: GoGo-Airline: [u'BA01']
2013-11-20 10:55:53,438: DEBUG: GoGo-Airline: [u'BA01']
2013-11-20 10:55:53,438: DEBUG: Acct-Session-Id: [u'AAATestNAS_62-1384925153435-00163E25DE56-2']
2013-11-20 10:55:53,438: DEBUG: Acct-Session-Id: [u'AAATestNAS_62-1384925153435-00163E25DE56-2']
2013-11-20 10:55:53,438: DEBUG: GoGo-Tail-Number: [u'AAATestNAS_62']
2013-11-20 10:55:53,438: DEBUG: GoGo-Tail-Number: [u'AAATestNAS_62']
2013-11-20 10:55:53,438: DEBUG: GoGo-Private-IP-Address: ['192.168.1.179']
2013-11-20 10:55:53,438: DEBUG: GoGo-Private-IP-Address: ['192.168.1.179']
2013-11-20 10:55:53,439: DEBUG: WISPr-Location-ID: [u'airline=BA01,tail=01009,network=']
2013-11-20 10:55:53,439: DEBUG: WISPr-Location-ID: [u'airline=BA01,tail=01009,network=']
2013-11-20 10:55:53,439: DEBUG: WISPr-Location-Name: [u'TEST LLC,BA01_01009']
2013-11-20 10:55:53,439: DEBUG: WISPr-Location-Name: [u'TEST LLC,BA01_01009']
2013-11-20 10:55:53,439: DEBUG: NAS-Port-Type: ['Wireless-802.11']
2013-11-20 10:55:53,439: DEBUG: NAS-Port-Type: ['Wireless-802.11']
2013-11-20 10:55:53,439: DEBUG: Called-Station-Id: [u'00:16:3E:25:DE:56']
2013-11-20 10:55:53,439: DEBUG: Called-Station-Id: [u'00:16:3E:25:DE:56']
2013-11-20 10:55:53,439: DEBUG: Calling-Station-Id: [u'17:21:31:41:52:32']
2013-11-20 10:55:53,439: DEBUG: Calling-Station-Id: [u'17:21:31:41:52:32']
2013-11-20 10:55:53,440: DEBUG: 

2013-11-20 10:55:53,440: DEBUG: 

2013-11-20 10:55:53,440: DEBUG: Received response with code: 2, Accepted
2013-11-20 10:55:53,440: DEBUG: Received response with code: 2, Accepted
2013-11-20 10:55:53,441: DEBUG: Creating Authentication Request with the following Attributes:
2013-11-20 10:55:53,441: DEBUG: Creating Authentication Request with the following Attributes:
2013-11-20 10:55:53,441: DEBUG: NAS-Identifier: [u'C08386']
2013-11-20 10:55:53,441: DEBUG: NAS-Identifier: [u'C08386']
2013-11-20 10:55:53,441: DEBUG: User-Name: [u'username3@airborne.aircell.com']
2013-11-20 10:55:53,441: DEBUG: User-Name: [u'username3@airborne.aircell.com']
2013-11-20 10:55:53,441: DEBUG: NAS-IP-Address: ['10.254.67.1']
2013-11-20 10:55:53,441: DEBUG: NAS-IP-Address: ['10.254.67.1']
2013-11-20 10:55:53,441: DEBUG: Service-Type: ['Login-User']
2013-11-20 10:55:53,441: DEBUG: Service-Type: ['Login-User']
2013-11-20 10:55:53,441: DEBUG: Proxy-State: ['3237,3134']
2013-11-20 10:55:53,441: DEBUG: Proxy-State: ['3237,3134']
2013-11-20 10:55:53,441: DEBUG: Framed-IP-Address: ['10.254.67.102']
2013-11-20 10:55:53,441: DEBUG: Framed-IP-Address: ['10.254.67.102']
2013-11-20 10:55:53,441: DEBUG: GoGo-Airline: [u'BA01']
2013-11-20 10:55:53,441: DEBUG: GoGo-Airline: [u'BA01']
2013-11-20 10:55:53,442: DEBUG: Acct-Session-Id: [u'AAATestNAS_62-1384925153440-00163E25DE56-2']
2013-11-20 10:55:53,442: DEBUG: Acct-Session-Id: [u'AAATestNAS_62-1384925153440-00163E25DE56-2']
2013-11-20 10:55:53,442: DEBUG: GoGo-Tail-Number: [u'AAATestNAS_62']
2013-11-20 10:55:53,442: DEBUG: GoGo-Tail-Number: [u'AAATestNAS_62']
2013-11-20 10:55:53,442: DEBUG: GoGo-Private-IP-Address: ['192.168.1.179']
2013-11-20 10:55:53,442: DEBUG: GoGo-Private-IP-Address: ['192.168.1.179']
2013-11-20 10:55:53,442: DEBUG: WISPr-Location-ID: [u'airline=BA01,tail=01009,network=']
2013-11-20 10:55:53,442: DEBUG: WISPr-Location-ID: [u'airline=BA01,tail=01009,network=']
2013-11-20 10:55:53,442: DEBUG: WISPr-Location-Name: [u'TEST LLC,BA01_01009']
2013-11-20 10:55:53,442: DEBUG: WISPr-Location-Name: [u'TEST LLC,BA01_01009']
2013-11-20 10:55:53,442: DEBUG: NAS-Port-Type: ['Wireless-802.11']
2013-11-20 10:55:53,442: DEBUG: NAS-Port-Type: ['Wireless-802.11']
2013-11-20 10:55:53,442: DEBUG: Called-Station-Id: [u'00:16:3E:25:DE:56']
2013-11-20 10:55:53,442: DEBUG: Called-Station-Id: [u'00:16:3E:25:DE:56']
2013-11-20 10:55:53,442: DEBUG: Calling-Station-Id: [u'17:21:31:41:52:32']
2013-11-20 10:55:53,442: DEBUG: Calling-Station-Id: [u'17:21:31:41:52:32']
2013-11-20 10:55:53,443: DEBUG: 

2013-11-20 10:55:53,443: DEBUG: 

2013-11-20 10:55:53,443: DEBUG: Received response with code: 2, Accepted
2013-11-20 10:55:53,443: DEBUG: Received response with code: 2, Accepted
2013-11-20 10:55:53,443: DEBUG: 

2013-11-20 10:55:53,443: DEBUG: 

2013-11-20 10:55:53,443: DEBUG: Creating Accounting start Request with the following Attributes:
2013-11-20 10:55:53,443: DEBUG: Creating Accounting start Request with the following Attributes:
2013-11-20 10:55:53,444: DEBUG: NAS-Identifier: [u'C08386']
2013-11-20 10:55:53,444: DEBUG: NAS-Identifier: [u'C08386']
2013-11-20 10:55:53,444: DEBUG: User-Name: [u'username3@airborne.aircell.com']
2013-11-20 10:55:53,444: DEBUG: User-Name: [u'username3@airborne.aircell.com']
2013-11-20 10:55:53,444: DEBUG: GoGo-Tail-Number: [u'AAATestNAS_62']
2013-11-20 10:55:53,444: DEBUG: GoGo-Tail-Number: [u'AAATestNAS_62']
2013-11-20 10:55:53,444: DEBUG: NAS-IP-Address: ['10.254.67.1']
2013-11-20 10:55:53,444: DEBUG: NAS-IP-Address: ['10.254.67.1']
2013-11-20 10:55:53,444: DEBUG: Proxy-State: ['3239,3131']
2013-11-20 10:55:53,444: DEBUG: Proxy-State: ['3239,3131']
2013-11-20 10:55:53,444: DEBUG: Acct-Status-Type: ['Start']
2013-11-20 10:55:53,444: DEBUG: Acct-Status-Type: ['Start']
2013-11-20 10:55:53,444: DEBUG: GoGo-Airline: [u'BA01']
2013-11-20 10:55:53,444: DEBUG: GoGo-Airline: [u'BA01']
2013-11-20 10:55:53,444: DEBUG: Acct-Session-Id: [u'AAATestNAS_62-1384925153440-00163E25DE56-2']
2013-11-20 10:55:53,444: DEBUG: Acct-Session-Id: [u'AAATestNAS_62-1384925153440-00163E25DE56-2']
2013-11-20 10:55:53,444: DEBUG: GoGo-Private-IP-Address: ['192.168.1.179']
2013-11-20 10:55:53,444: DEBUG: GoGo-Private-IP-Address: ['192.168.1.179']
2013-11-20 10:55:53,444: DEBUG: Framed-IP-Address: ['10.254.67.102']
2013-11-20 10:55:53,444: DEBUG: Framed-IP-Address: ['10.254.67.102']
2013-11-20 10:55:53,445: DEBUG: WISPr-Location-ID: [u'airline=BA01,tail=01009,network=']
2013-11-20 10:55:53,445: DEBUG: WISPr-Location-ID: [u'airline=BA01,tail=01009,network=']
2013-11-20 10:55:53,445: DEBUG: WISPr-Location-Name: [u'TEST LLC,BA01_01009']
2013-11-20 10:55:53,445: DEBUG: WISPr-Location-Name: [u'TEST LLC,BA01_01009']
2013-11-20 10:55:53,445: DEBUG: NAS-Port-Type: ['Wireless-802.11']
2013-11-20 10:55:53,445: DEBUG: NAS-Port-Type: ['Wireless-802.11']
2013-11-20 10:55:53,445: DEBUG: Called-Station-Id: [u'00:16:3E:25:DE:56']
2013-11-20 10:55:53,445: DEBUG: Called-Station-Id: [u'00:16:3E:25:DE:56']
2013-11-20 10:55:53,445: DEBUG: Calling-Station-Id: [u'17:21:31:41:52:32']
2013-11-20 10:55:53,445: DEBUG: Calling-Station-Id: [u'17:21:31:41:52:32']
2013-11-20 10:55:53,446: DEBUG: 

2013-11-20 10:55:53,446: DEBUG: 

2013-11-20 10:55:53,446: DEBUG: Received response with following attributes:
2013-11-20 10:55:53,446: DEBUG: Received response with following attributes:
2013-11-20 10:56:03,447: DEBUG: 

2013-11-20 10:56:03,447: DEBUG: 

2013-11-20 10:56:03,447: DEBUG: Creating Accounting Update Request with the following Attributes:
2013-11-20 10:56:03,447: DEBUG: Creating Accounting Update Request with the following Attributes:
2013-11-20 10:56:03,447: DEBUG: User-Name: [u'username3@airborne.aircell.com']
2013-11-20 10:56:03,447: DEBUG: User-Name: [u'username3@airborne.aircell.com']
2013-11-20 10:56:03,447: DEBUG: GoGo-Tail-Number: [u'AAATestNAS_62']
2013-11-20 10:56:03,447: DEBUG: GoGo-Tail-Number: [u'AAATestNAS_62']
2013-11-20 10:56:03,448: DEBUG: Acct-Output-Octets: [8442746]
2013-11-20 10:56:03,448: DEBUG: Acct-Output-Octets: [8442746]
2013-11-20 10:56:03,448: DEBUG: NAS-IP-Address: ['10.254.67.1']
2013-11-20 10:56:03,448: DEBUG: NAS-IP-Address: ['10.254.67.1']
2013-11-20 10:56:03,448: DEBUG: GoGo-Total-Output-Gigawords: [0]
2013-11-20 10:56:03,448: DEBUG: GoGo-Total-Output-Gigawords: [0]
2013-11-20 10:56:03,448: DEBUG: Framed-IP-Address: ['10.254.67.102']
2013-11-20 10:56:03,448: DEBUG: Framed-IP-Address: ['10.254.67.102']
2013-11-20 10:56:03,448: DEBUG: GoGo-Total-Input-Voice-Gigawords: [0]
2013-11-20 10:56:03,448: DEBUG: GoGo-Total-Input-Voice-Gigawords: [0]
2013-11-20 10:56:03,448: DEBUG: GoGo-Total-Output-Octets: [8442746]
2013-11-20 10:56:03,448: DEBUG: GoGo-Total-Output-Octets: [8442746]
2013-11-20 10:56:03,448: DEBUG: GoGo-Acct-Input-Voice-Octets: [0]
2013-11-20 10:56:03,448: DEBUG: GoGo-Acct-Input-Voice-Octets: [0]
2013-11-20 10:56:03,449: DEBUG: GoGo-Total-Input-Voice-Packets: [0]
2013-11-20 10:56:03,449: DEBUG: GoGo-Total-Input-Voice-Packets: [0]
2013-11-20 10:56:03,449: DEBUG: Called-Station-Id: [u'00:16:3E:25:DE:56']
2013-11-20 10:56:03,449: DEBUG: Called-Station-Id: [u'00:16:3E:25:DE:56']
2013-11-20 10:56:03,449: DEBUG: WISPr-Location-Name: [u'TEST LLC,BA01_01009']
2013-11-20 10:56:03,449: DEBUG: WISPr-Location-Name: [u'TEST LLC,BA01_01009']
2013-11-20 10:56:03,449: DEBUG: NAS-Identifier: [u'C08386']
2013-11-20 10:56:03,449: DEBUG: NAS-Identifier: [u'C08386']
2013-11-20 10:56:03,449: DEBUG: Proxy-State: ['3330,3132']
2013-11-20 10:56:03,449: DEBUG: Proxy-State: ['3330,3132']
2013-11-20 10:56:03,449: DEBUG: GoGo-Total-Input-Voice-Octets: [0]
2013-11-20 10:56:03,449: DEBUG: GoGo-Total-Input-Voice-Octets: [0]
2013-11-20 10:56:03,449: DEBUG: Acct-Status-Type: ['Interim-Update']
2013-11-20 10:56:03,449: DEBUG: Acct-Status-Type: ['Interim-Update']
2013-11-20 10:56:03,450: DEBUG: GoGo-Total-Output-Voice-Gigawords: [0]
2013-11-20 10:56:03,450: DEBUG: GoGo-Total-Output-Voice-Gigawords: [0]
2013-11-20 10:56:03,450: DEBUG: GoGo-Airline: [u'BA01']
2013-11-20 10:56:03,450: DEBUG: GoGo-Airline: [u'BA01']
2013-11-20 10:56:03,450: DEBUG: Acct-Session-Id: [u'AAATestNAS_62-1384925153440-00163E25DE56-2']
2013-11-20 10:56:03,450: DEBUG: Acct-Session-Id: [u'AAATestNAS_62-1384925153440-00163E25DE56-2']
2013-11-20 10:56:03,450: DEBUG: Acct-Session-Time: [10]
2013-11-20 10:56:03,450: DEBUG: Acct-Session-Time: [10]
2013-11-20 10:56:03,450: DEBUG: Acct-Input-Packets: [12159]
2013-11-20 10:56:03,450: DEBUG: Acct-Input-Packets: [12159]
2013-11-20 10:56:03,450: DEBUG: Acct-Output-Packets: [41581]
2013-11-20 10:56:03,450: DEBUG: Acct-Output-Packets: [41581]
2013-11-20 10:56:03,450: DEBUG: GoGo-Acct-Output-Voice-Packets: [0]
2013-11-20 10:56:03,450: DEBUG: GoGo-Acct-Output-Voice-Packets: [0]
2013-11-20 10:56:03,450: DEBUG: GoGo-Acct-Output-Voice-Octets: [0]
2013-11-20 10:56:03,450: DEBUG: GoGo-Acct-Output-Voice-Octets: [0]
2013-11-20 10:56:03,450: DEBUG: Acct-Output-Gigawords: [0]
2013-11-20 10:56:03,450: DEBUG: Acct-Output-Gigawords: [0]
2013-11-20 10:56:03,450: DEBUG: GoGo-Total-Output-Voice-Packets: [0]
2013-11-20 10:56:03,450: DEBUG: GoGo-Total-Output-Voice-Packets: [0]
2013-11-20 10:56:03,451: DEBUG: Acct-Input-Gigawords: [0]
2013-11-20 10:56:03,451: DEBUG: Acct-Input-Gigawords: [0]
2013-11-20 10:56:03,451: DEBUG: Calling-Station-Id: [u'17:21:31:41:52:32']
2013-11-20 10:56:03,451: DEBUG: Calling-Station-Id: [u'17:21:31:41:52:32']
2013-11-20 10:56:03,451: DEBUG: NAS-Port-Type: ['Wireless-802.11']
2013-11-20 10:56:03,451: DEBUG: NAS-Port-Type: ['Wireless-802.11']
2013-11-20 10:56:03,451: DEBUG: GoGo-Total-Output-Voice-Octets: [0]
2013-11-20 10:56:03,451: DEBUG: GoGo-Total-Output-Voice-Octets: [0]
2013-11-20 10:56:03,451: DEBUG: GoGo-Private-IP-Address: ['192.168.1.179']
2013-11-20 10:56:03,451: DEBUG: GoGo-Private-IP-Address: ['192.168.1.179']
2013-11-20 10:56:03,451: DEBUG: GoGo-Acct-Input-Voice-Gigawords: [0]
2013-11-20 10:56:03,451: DEBUG: GoGo-Acct-Input-Voice-Gigawords: [0]
2013-11-20 10:56:03,451: DEBUG: GoGo-Total-Input-Packets: [12159]
2013-11-20 10:56:03,451: DEBUG: GoGo-Total-Input-Packets: [12159]
2013-11-20 10:56:03,451: DEBUG: GoGo-Total-Input-Gigawords: [0]
2013-11-20 10:56:03,451: DEBUG: GoGo-Total-Input-Gigawords: [0]
2013-11-20 10:56:03,451: DEBUG: GoGo-Acct-Input-Voice-Packets: [0]
2013-11-20 10:56:03,451: DEBUG: GoGo-Acct-Input-Voice-Packets: [0]
2013-11-20 10:56:03,451: DEBUG: GoGo-Total-Input-Octets: [7374842]
2013-11-20 10:56:03,451: DEBUG: GoGo-Total-Input-Octets: [7374842]
2013-11-20 10:56:03,452: DEBUG: GoGo-Total-Output-Packets: [41581]
2013-11-20 10:56:03,452: DEBUG: GoGo-Total-Output-Packets: [41581]
2013-11-20 10:56:03,452: DEBUG: WISPr-Location-ID: [u'airline=BA01,tail=01009,network=']
2013-11-20 10:56:03,452: DEBUG: WISPr-Location-ID: [u'airline=BA01,tail=01009,network=']
2013-11-20 10:56:03,452: DEBUG: GoGo-Acct-Output-Voice-Gigawords: [0]
2013-11-20 10:56:03,452: DEBUG: GoGo-Acct-Output-Voice-Gigawords: [0]
2013-11-20 10:56:03,452: DEBUG: Acct-Input-Octets: [7374842]
2013-11-20 10:56:03,452: DEBUG: Acct-Input-Octets: [7374842]
2013-11-20 10:56:03,454: DEBUG: 

2013-11-20 10:56:03,454: DEBUG: 

2013-11-20 10:56:03,454: DEBUG: Received response with following attributes:
2013-11-20 10:56:03,454: DEBUG: Received response with following attributes:
2013-11-20 10:56:13,454: DEBUG: 

2013-11-20 10:56:13,454: DEBUG: 

2013-11-20 10:56:13,455: DEBUG: Creating Accounting Update Request with the following Attributes:
2013-11-20 10:56:13,455: DEBUG: Creating Accounting Update Request with the following Attributes:
2013-11-20 10:56:13,456: DEBUG: User-Name: [u'username3@airborne.aircell.com']
2013-11-20 10:56:13,456: DEBUG: User-Name: [u'username3@airborne.aircell.com']
2013-11-20 10:56:13,458: DEBUG: GoGo-Tail-Number: [u'AAATestNAS_62']
2013-11-20 10:56:13,458: DEBUG: GoGo-Tail-Number: [u'AAATestNAS_62']
2013-11-20 10:56:13,458: DEBUG: Acct-Output-Octets: [8694284]
2013-11-20 10:56:13,458: DEBUG: Acct-Output-Octets: [8694284]
2013-11-20 10:56:13,459: DEBUG: NAS-IP-Address: ['10.254.67.1']
2013-11-20 10:56:13,459: DEBUG: NAS-IP-Address: ['10.254.67.1']
2013-11-20 10:56:13,460: DEBUG: GoGo-Total-Output-Gigawords: [0]
2013-11-20 10:56:13,460: DEBUG: GoGo-Total-Output-Gigawords: [0]
2013-11-20 10:56:13,460: DEBUG: Framed-IP-Address: ['10.254.67.102']
2013-11-20 10:56:13,460: DEBUG: Framed-IP-Address: ['10.254.67.102']
2013-11-20 10:56:13,462: DEBUG: GoGo-Total-Input-Voice-Gigawords: [0]
2013-11-20 10:56:13,462: DEBUG: GoGo-Total-Input-Voice-Gigawords: [0]
2013-11-20 10:56:13,464: DEBUG: GoGo-Total-Output-Octets: [8694284]
2013-11-20 10:56:13,464: DEBUG: GoGo-Total-Output-Octets: [8694284]
2013-11-20 10:56:13,464: DEBUG: GoGo-Acct-Input-Voice-Octets: [0]
2013-11-20 10:56:13,464: DEBUG: GoGo-Acct-Input-Voice-Octets: [0]
2013-11-20 10:56:13,466: DEBUG: GoGo-Total-Input-Voice-Packets: [0]
2013-11-20 10:56:13,466: DEBUG: GoGo-Total-Input-Voice-Packets: [0]
2013-11-20 10:56:13,467: DEBUG: Called-Station-Id: [u'00:16:3E:25:DE:56']
2013-11-20 10:56:13,467: DEBUG: Called-Station-Id: [u'00:16:3E:25:DE:56']
2013-11-20 10:56:13,468: DEBUG: WISPr-Location-Name: [u'TEST LLC,BA01_01009']
2013-11-20 10:56:13,468: DEBUG: WISPr-Location-Name: [u'TEST LLC,BA01_01009']
2013-11-20 10:56:13,468: DEBUG: NAS-Identifier: [u'C08386']
2013-11-20 10:56:13,468: DEBUG: NAS-Identifier: [u'C08386']
2013-11-20 10:56:13,470: DEBUG: Proxy-State: ['3330,3132']
2013-11-20 10:56:13,470: DEBUG: Proxy-State: ['3330,3132']
2013-11-20 10:56:13,471: DEBUG: GoGo-Total-Input-Voice-Octets: [0]
2013-11-20 10:56:13,471: DEBUG: GoGo-Total-Input-Voice-Octets: [0]
2013-11-20 10:56:13,473: DEBUG: Acct-Status-Type: ['Interim-Update']
2013-11-20 10:56:13,473: DEBUG: Acct-Status-Type: ['Interim-Update']
2013-11-20 10:56:13,474: DEBUG: GoGo-Total-Output-Voice-Gigawords: [0]
2013-11-20 10:56:13,474: DEBUG: GoGo-Total-Output-Voice-Gigawords: [0]
2013-11-20 10:56:13,475: DEBUG: GoGo-Airline: [u'BA01']
2013-11-20 10:56:13,475: DEBUG: GoGo-Airline: [u'BA01']
2013-11-20 10:56:13,476: DEBUG: Acct-Session-Id: [u'AAATestNAS_62-1384925153440-00163E25DE56-2']
2013-11-20 10:56:13,476: DEBUG: Acct-Session-Id: [u'AAATestNAS_62-1384925153440-00163E25DE56-2']
2013-11-20 10:56:13,476: DEBUG: Acct-Session-Time: [10]
2013-11-20 10:56:13,476: DEBUG: Acct-Session-Time: [10]
2013-11-20 10:56:13,477: DEBUG: Acct-Input-Packets: [12122]
2013-11-20 10:56:13,477: DEBUG: Acct-Input-Packets: [12122]
2013-11-20 10:56:13,478: DEBUG: Acct-Output-Packets: [13382]
2013-11-20 10:56:13,478: DEBUG: Acct-Output-Packets: [13382]
2013-11-20 10:56:13,479: DEBUG: GoGo-Acct-Output-Voice-Packets: [0]
2013-11-20 10:56:13,479: DEBUG: GoGo-Acct-Output-Voice-Packets: [0]
2013-11-20 10:56:13,480: DEBUG: GoGo-Acct-Output-Voice-Octets: [0]
2013-11-20 10:56:13,480: DEBUG: GoGo-Acct-Output-Voice-Octets: [0]
2013-11-20 10:56:13,480: DEBUG: Acct-Output-Gigawords: [0]
2013-11-20 10:56:13,480: DEBUG: Acct-Output-Gigawords: [0]
2013-11-20 10:56:13,481: DEBUG: GoGo-Total-Output-Voice-Packets: [0]
2013-11-20 10:56:13,481: DEBUG: GoGo-Total-Output-Voice-Packets: [0]
2013-11-20 10:56:13,482: DEBUG: Acct-Input-Gigawords: [0]
2013-11-20 10:56:13,482: DEBUG: Acct-Input-Gigawords: [0]
2013-11-20 10:56:13,483: DEBUG: Calling-Station-Id: [u'17:21:31:41:52:32']
2013-11-20 10:56:13,483: DEBUG: Calling-Station-Id: [u'17:21:31:41:52:32']
2013-11-20 10:56:13,483: DEBUG: NAS-Port-Type: ['Wireless-802.11']
2013-11-20 10:56:13,483: DEBUG: NAS-Port-Type: ['Wireless-802.11']
2013-11-20 10:56:13,484: DEBUG: GoGo-Total-Output-Voice-Octets: [0]
2013-11-20 10:56:13,484: DEBUG: GoGo-Total-Output-Voice-Octets: [0]
2013-11-20 10:56:13,484: DEBUG: GoGo-Private-IP-Address: ['192.168.1.179']
2013-11-20 10:56:13,484: DEBUG: GoGo-Private-IP-Address: ['192.168.1.179']
2013-11-20 10:56:13,485: DEBUG: GoGo-Acct-Input-Voice-Gigawords: [0]
2013-11-20 10:56:13,485: DEBUG: GoGo-Acct-Input-Voice-Gigawords: [0]
2013-11-20 10:56:13,486: DEBUG: GoGo-Total-Input-Packets: [12122]
2013-11-20 10:56:13,486: DEBUG: GoGo-Total-Input-Packets: [12122]
2013-11-20 10:56:13,486: DEBUG: GoGo-Total-Input-Gigawords: [0]
2013-11-20 10:56:13,486: DEBUG: GoGo-Total-Input-Gigawords: [0]
2013-11-20 10:56:13,487: DEBUG: GoGo-Acct-Input-Voice-Packets: [0]
2013-11-20 10:56:13,487: DEBUG: GoGo-Acct-Input-Voice-Packets: [0]
2013-11-20 10:56:13,487: DEBUG: GoGo-Total-Input-Octets: [4332426]
2013-11-20 10:56:13,487: DEBUG: GoGo-Total-Input-Octets: [4332426]
2013-11-20 10:56:13,487: DEBUG: GoGo-Total-Output-Packets: [13382]
2013-11-20 10:56:13,487: DEBUG: GoGo-Total-Output-Packets: [13382]
2013-11-20 10:56:13,488: DEBUG: WISPr-Location-ID: [u'airline=BA01,tail=01009,network=']
2013-11-20 10:56:13,488: DEBUG: WISPr-Location-ID: [u'airline=BA01,tail=01009,network=']
2013-11-20 10:56:13,488: DEBUG: GoGo-Acct-Output-Voice-Gigawords: [0]
2013-11-20 10:56:13,488: DEBUG: GoGo-Acct-Output-Voice-Gigawords: [0]
2013-11-20 10:56:13,490: DEBUG: Acct-Input-Octets: [4332426]
2013-11-20 10:56:13,490: DEBUG: Acct-Input-Octets: [4332426]
2013-11-20 10:56:13,492: DEBUG: 

2013-11-20 10:56:13,492: DEBUG: 

2013-11-20 10:56:13,492: DEBUG: Received response with following attributes:
2013-11-20 10:56:13,492: DEBUG: Received response with following attributes:
2013-11-20 10:56:23,493: DEBUG: 

2013-11-20 10:56:23,493: DEBUG: 

2013-11-20 10:56:23,494: DEBUG: Creating Accounting Update Request with the following Attributes:
2013-11-20 10:56:23,494: DEBUG: Creating Accounting Update Request with the following Attributes:
2013-11-20 10:56:23,495: DEBUG: User-Name: [u'username3@airborne.aircell.com']
2013-11-20 10:56:23,495: DEBUG: User-Name: [u'username3@airborne.aircell.com']
2013-11-20 10:56:23,496: DEBUG: GoGo-Tail-Number: [u'AAATestNAS_62']
2013-11-20 10:56:23,496: DEBUG: GoGo-Tail-Number: [u'AAATestNAS_62']
2013-11-20 10:56:23,496: DEBUG: Acct-Output-Octets: [2646022]
2013-11-20 10:56:23,496: DEBUG: Acct-Output-Octets: [2646022]
2013-11-20 10:56:23,497: DEBUG: NAS-IP-Address: ['10.254.67.1']
2013-11-20 10:56:23,497: DEBUG: NAS-IP-Address: ['10.254.67.1']
2013-11-20 10:56:23,498: DEBUG: GoGo-Total-Output-Gigawords: [0]
2013-11-20 10:56:23,498: DEBUG: GoGo-Total-Output-Gigawords: [0]
2013-11-20 10:56:23,500: DEBUG: Framed-IP-Address: ['10.254.67.102']
2013-11-20 10:56:23,500: DEBUG: Framed-IP-Address: ['10.254.67.102']
2013-11-20 10:56:23,500: DEBUG: GoGo-Total-Input-Voice-Gigawords: [0]
2013-11-20 10:56:23,500: DEBUG: GoGo-Total-Input-Voice-Gigawords: [0]
2013-11-20 10:56:23,501: DEBUG: GoGo-Total-Output-Octets: [2646022]
2013-11-20 10:56:23,501: DEBUG: GoGo-Total-Output-Octets: [2646022]
2013-11-20 10:56:23,501: DEBUG: GoGo-Acct-Input-Voice-Octets: [0]
2013-11-20 10:56:23,501: DEBUG: GoGo-Acct-Input-Voice-Octets: [0]
2013-11-20 10:56:23,502: DEBUG: GoGo-Total-Input-Voice-Packets: [0]
2013-11-20 10:56:23,502: DEBUG: GoGo-Total-Input-Voice-Packets: [0]
2013-11-20 10:56:23,503: DEBUG: Called-Station-Id: [u'00:16:3E:25:DE:56']
2013-11-20 10:56:23,503: DEBUG: Called-Station-Id: [u'00:16:3E:25:DE:56']
2013-11-20 10:56:23,504: DEBUG: WISPr-Location-Name: [u'TEST LLC,BA01_01009']
2013-11-20 10:56:23,504: DEBUG: WISPr-Location-Name: [u'TEST LLC,BA01_01009']
2013-11-20 10:56:23,504: DEBUG: NAS-Identifier: [u'C08386']
2013-11-20 10:56:23,504: DEBUG: NAS-Identifier: [u'C08386']
2013-11-20 10:56:23,505: DEBUG: Proxy-State: ['3330,3132']
2013-11-20 10:56:23,505: DEBUG: Proxy-State: ['3330,3132']
2013-11-20 10:56:23,506: DEBUG: GoGo-Total-Input-Voice-Octets: [0]
2013-11-20 10:56:23,506: DEBUG: GoGo-Total-Input-Voice-Octets: [0]
2013-11-20 10:56:23,506: DEBUG: Acct-Status-Type: ['Interim-Update']
2013-11-20 10:56:23,506: DEBUG: Acct-Status-Type: ['Interim-Update']
2013-11-20 10:56:23,507: DEBUG: GoGo-Total-Output-Voice-Gigawords: [0]
2013-11-20 10:56:23,507: DEBUG: GoGo-Total-Output-Voice-Gigawords: [0]
2013-11-20 10:56:23,507: DEBUG: GoGo-Airline: [u'BA01']
2013-11-20 10:56:23,507: DEBUG: GoGo-Airline: [u'BA01']
2013-11-20 10:56:23,509: DEBUG: Acct-Session-Id: [u'AAATestNAS_62-1384925153440-00163E25DE56-2']
2013-11-20 10:56:23,509: DEBUG: Acct-Session-Id: [u'AAATestNAS_62-1384925153440-00163E25DE56-2']
2013-11-20 10:56:23,509: DEBUG: Acct-Session-Time: [10]
2013-11-20 10:56:23,509: DEBUG: Acct-Session-Time: [10]
2013-11-20 10:56:23,510: DEBUG: Acct-Input-Packets: [71515]
2013-11-20 10:56:23,510: DEBUG: Acct-Input-Packets: [71515]
2013-11-20 10:56:23,511: DEBUG: Acct-Output-Packets: [24599]
2013-11-20 10:56:23,511: DEBUG: Acct-Output-Packets: [24599]
2013-11-20 10:56:23,511: DEBUG: GoGo-Acct-Output-Voice-Packets: [0]
2013-11-20 10:56:23,511: DEBUG: GoGo-Acct-Output-Voice-Packets: [0]
2013-11-20 10:56:23,512: DEBUG: GoGo-Acct-Output-Voice-Octets: [0]
2013-11-20 10:56:23,512: DEBUG: GoGo-Acct-Output-Voice-Octets: [0]
2013-11-20 10:56:23,512: DEBUG: Acct-Output-Gigawords: [0]
2013-11-20 10:56:23,512: DEBUG: Acct-Output-Gigawords: [0]
2013-11-20 10:56:23,513: DEBUG: GoGo-Total-Output-Voice-Packets: [0]
2013-11-20 10:56:23,513: DEBUG: GoGo-Total-Output-Voice-Packets: [0]
2013-11-20 10:56:23,513: DEBUG: Acct-Input-Gigawords: [0]
2013-11-20 10:56:23,513: DEBUG: Acct-Input-Gigawords: [0]
2013-11-20 10:56:23,514: DEBUG: Calling-Station-Id: [u'17:21:31:41:52:32']
2013-11-20 10:56:23,514: DEBUG: Calling-Station-Id: [u'17:21:31:41:52:32']
2013-11-20 10:56:23,515: DEBUG: NAS-Port-Type: ['Wireless-802.11']
2013-11-20 10:56:23,515: DEBUG: NAS-Port-Type: ['Wireless-802.11']
2013-11-20 10:56:23,515: DEBUG: GoGo-Total-Output-Voice-Octets: [0]
2013-11-20 10:56:23,515: DEBUG: GoGo-Total-Output-Voice-Octets: [0]
2013-11-20 10:56:23,515: DEBUG: GoGo-Private-IP-Address: ['192.168.1.179']
2013-11-20 10:56:23,515: DEBUG: GoGo-Private-IP-Address: ['192.168.1.179']
2013-11-20 10:56:23,516: DEBUG: GoGo-Acct-Input-Voice-Gigawords: [0]
2013-11-20 10:56:23,516: DEBUG: GoGo-Acct-Input-Voice-Gigawords: [0]
2013-11-20 10:56:23,518: DEBUG: GoGo-Total-Input-Packets: [71515]
2013-11-20 10:56:23,518: DEBUG: GoGo-Total-Input-Packets: [71515]
2013-11-20 10:56:23,519: DEBUG: GoGo-Total-Input-Gigawords: [0]
2013-11-20 10:56:23,519: DEBUG: GoGo-Total-Input-Gigawords: [0]
2013-11-20 10:56:23,520: DEBUG: GoGo-Acct-Input-Voice-Packets: [0]
2013-11-20 10:56:23,520: DEBUG: GoGo-Acct-Input-Voice-Packets: [0]
2013-11-20 10:56:23,520: DEBUG: GoGo-Total-Input-Octets: [7735730]
2013-11-20 10:56:23,520: DEBUG: GoGo-Total-Input-Octets: [7735730]
2013-11-20 10:56:23,521: DEBUG: GoGo-Total-Output-Packets: [24599]
2013-11-20 10:56:23,521: DEBUG: GoGo-Total-Output-Packets: [24599]
2013-11-20 10:56:23,521: DEBUG: WISPr-Location-ID: [u'airline=BA01,tail=01009,network=']
2013-11-20 10:56:23,521: DEBUG: WISPr-Location-ID: [u'airline=BA01,tail=01009,network=']
2013-11-20 10:56:23,522: DEBUG: GoGo-Acct-Output-Voice-Gigawords: [0]
2013-11-20 10:56:23,522: DEBUG: GoGo-Acct-Output-Voice-Gigawords: [0]
2013-11-20 10:56:23,523: DEBUG: Acct-Input-Octets: [7735730]
2013-11-20 10:56:23,523: DEBUG: Acct-Input-Octets: [7735730]
2013-11-20 10:56:23,526: DEBUG: 

2013-11-20 10:56:23,526: DEBUG: 

2013-11-20 10:56:23,526: DEBUG: Received response with following attributes:
2013-11-20 10:56:23,526: DEBUG: Received response with following attributes:
2013-11-20 10:56:33,527: DEBUG: 

2013-11-20 10:56:33,527: DEBUG: 

2013-11-20 10:56:33,528: DEBUG: Creating Accounting Update Request with the following Attributes:
2013-11-20 10:56:33,528: DEBUG: Creating Accounting Update Request with the following Attributes:
2013-11-20 10:56:33,528: DEBUG: User-Name: [u'username3@airborne.aircell.com']
2013-11-20 10:56:33,528: DEBUG: User-Name: [u'username3@airborne.aircell.com']
2013-11-20 10:56:33,528: DEBUG: GoGo-Tail-Number: [u'AAATestNAS_62']
2013-11-20 10:56:33,528: DEBUG: GoGo-Tail-Number: [u'AAATestNAS_62']
2013-11-20 10:56:33,528: DEBUG: Acct-Output-Octets: [3360168]
2013-11-20 10:56:33,528: DEBUG: Acct-Output-Octets: [3360168]
2013-11-20 10:56:33,529: DEBUG: NAS-IP-Address: ['10.254.67.1']
2013-11-20 10:56:33,529: DEBUG: NAS-IP-Address: ['10.254.67.1']
2013-11-20 10:56:33,529: DEBUG: GoGo-Total-Output-Gigawords: [0]
2013-11-20 10:56:33,529: DEBUG: GoGo-Total-Output-Gigawords: [0]
2013-11-20 10:56:33,530: DEBUG: Framed-IP-Address: ['10.254.67.102']
2013-11-20 10:56:33,530: DEBUG: Framed-IP-Address: ['10.254.67.102']
2013-11-20 10:56:33,531: DEBUG: GoGo-Total-Input-Voice-Gigawords: [0]
2013-11-20 10:56:33,531: DEBUG: GoGo-Total-Input-Voice-Gigawords: [0]
2013-11-20 10:56:33,532: DEBUG: GoGo-Total-Output-Octets: [3360168]
2013-11-20 10:56:33,532: DEBUG: GoGo-Total-Output-Octets: [3360168]
2013-11-20 10:56:33,533: DEBUG: GoGo-Acct-Input-Voice-Octets: [0]
2013-11-20 10:56:33,533: DEBUG: GoGo-Acct-Input-Voice-Octets: [0]
2013-11-20 10:56:33,533: DEBUG: GoGo-Total-Input-Voice-Packets: [0]
2013-11-20 10:56:33,533: DEBUG: GoGo-Total-Input-Voice-Packets: [0]
2013-11-20 10:56:33,534: DEBUG: Called-Station-Id: [u'00:16:3E:25:DE:56']
2013-11-20 10:56:33,534: DEBUG: Called-Station-Id: [u'00:16:3E:25:DE:56']
2013-11-20 10:56:33,534: DEBUG: WISPr-Location-Name: [u'TEST LLC,BA01_01009']
2013-11-20 10:56:33,534: DEBUG: WISPr-Location-Name: [u'TEST LLC,BA01_01009']
2013-11-20 10:56:33,535: DEBUG: NAS-Identifier: [u'C08386']
2013-11-20 10:56:33,535: DEBUG: NAS-Identifier: [u'C08386']
2013-11-20 10:56:33,535: DEBUG: Proxy-State: ['3330,3132']
2013-11-20 10:56:33,535: DEBUG: Proxy-State: ['3330,3132']
2013-11-20 10:56:33,536: DEBUG: GoGo-Total-Input-Voice-Octets: [0]
2013-11-20 10:56:33,536: DEBUG: GoGo-Total-Input-Voice-Octets: [0]
2013-11-20 10:56:33,536: DEBUG: Acct-Status-Type: ['Interim-Update']
2013-11-20 10:56:33,536: DEBUG: Acct-Status-Type: ['Interim-Update']
2013-11-20 10:56:33,537: DEBUG: GoGo-Total-Output-Voice-Gigawords: [0]
2013-11-20 10:56:33,537: DEBUG: GoGo-Total-Output-Voice-Gigawords: [0]
2013-11-20 10:56:33,538: DEBUG: GoGo-Airline: [u'BA01']
2013-11-20 10:56:33,538: DEBUG: GoGo-Airline: [u'BA01']
2013-11-20 10:56:33,538: DEBUG: Acct-Session-Id: [u'AAATestNAS_62-1384925153440-00163E25DE56-2']
2013-11-20 10:56:33,538: DEBUG: Acct-Session-Id: [u'AAATestNAS_62-1384925153440-00163E25DE56-2']
2013-11-20 10:56:33,539: DEBUG: Acct-Session-Time: [10]
2013-11-20 10:56:33,539: DEBUG: Acct-Session-Time: [10]
2013-11-20 10:56:33,539: DEBUG: Acct-Input-Packets: [19501]
2013-11-20 10:56:33,539: DEBUG: Acct-Input-Packets: [19501]
2013-11-20 10:56:33,539: DEBUG: Acct-Output-Packets: [21708]
2013-11-20 10:56:33,539: DEBUG: Acct-Output-Packets: [21708]
2013-11-20 10:56:33,540: DEBUG: GoGo-Acct-Output-Voice-Packets: [0]
2013-11-20 10:56:33,540: DEBUG: GoGo-Acct-Output-Voice-Packets: [0]
2013-11-20 10:56:33,541: DEBUG: GoGo-Acct-Output-Voice-Octets: [0]
2013-11-20 10:56:33,541: DEBUG: GoGo-Acct-Output-Voice-Octets: [0]
2013-11-20 10:56:33,542: DEBUG: Acct-Output-Gigawords: [0]
2013-11-20 10:56:33,542: DEBUG: Acct-Output-Gigawords: [0]
2013-11-20 10:56:33,542: DEBUG: GoGo-Total-Output-Voice-Packets: [0]
2013-11-20 10:56:33,542: DEBUG: GoGo-Total-Output-Voice-Packets: [0]
2013-11-20 10:56:33,543: DEBUG: Acct-Input-Gigawords: [0]
2013-11-20 10:56:33,543: DEBUG: Acct-Input-Gigawords: [0]
2013-11-20 10:56:33,544: DEBUG: Calling-Station-Id: [u'17:21:31:41:52:32']
2013-11-20 10:56:33,544: DEBUG: Calling-Station-Id: [u'17:21:31:41:52:32']
2013-11-20 10:56:33,545: DEBUG: NAS-Port-Type: ['Wireless-802.11']
2013-11-20 10:56:33,545: DEBUG: NAS-Port-Type: ['Wireless-802.11']
2013-11-20 10:56:33,545: DEBUG: GoGo-Total-Output-Voice-Octets: [0]
2013-11-20 10:56:33,545: DEBUG: GoGo-Total-Output-Voice-Octets: [0]
2013-11-20 10:56:33,546: DEBUG: GoGo-Private-IP-Address: ['192.168.1.179']
2013-11-20 10:56:33,546: DEBUG: GoGo-Private-IP-Address: ['192.168.1.179']
2013-11-20 10:56:33,546: DEBUG: GoGo-Acct-Input-Voice-Gigawords: [0]
2013-11-20 10:56:33,546: DEBUG: GoGo-Acct-Input-Voice-Gigawords: [0]
2013-11-20 10:56:33,547: DEBUG: GoGo-Total-Input-Packets: [19501]
2013-11-20 10:56:33,547: DEBUG: GoGo-Total-Input-Packets: [19501]
2013-11-20 10:56:33,548: DEBUG: GoGo-Total-Input-Gigawords: [0]
2013-11-20 10:56:33,548: DEBUG: GoGo-Total-Input-Gigawords: [0]
2013-11-20 10:56:33,548: DEBUG: GoGo-Acct-Input-Voice-Packets: [0]
2013-11-20 10:56:33,548: DEBUG: GoGo-Acct-Input-Voice-Packets: [0]
2013-11-20 10:56:33,548: DEBUG: GoGo-Total-Input-Octets: [2901733]
2013-11-20 10:56:33,548: DEBUG: GoGo-Total-Input-Octets: [2901733]
2013-11-20 10:56:33,549: DEBUG: GoGo-Total-Output-Packets: [21708]
2013-11-20 10:56:33,549: DEBUG: GoGo-Total-Output-Packets: [21708]
2013-11-20 10:56:33,550: DEBUG: WISPr-Location-ID: [u'airline=BA01,tail=01009,network=']
2013-11-20 10:56:33,550: DEBUG: WISPr-Location-ID: [u'airline=BA01,tail=01009,network=']
2013-11-20 10:56:33,550: DEBUG: GoGo-Acct-Output-Voice-Gigawords: [0]
2013-11-20 10:56:33,550: DEBUG: GoGo-Acct-Output-Voice-Gigawords: [0]
2013-11-20 10:56:33,551: DEBUG: Acct-Input-Octets: [2901733]
2013-11-20 10:56:33,551: DEBUG: Acct-Input-Octets: [2901733]
2013-11-20 10:56:33,554: DEBUG: 

2013-11-20 10:56:33,554: DEBUG: 

2013-11-20 10:56:33,554: DEBUG: Received response with following attributes:
2013-11-20 10:56:33,554: DEBUG: Received response with following attributes:
2013-11-20 10:56:43,556: DEBUG: 

2013-11-20 10:56:43,556: DEBUG: 

2013-11-20 10:56:43,556: DEBUG: Creating Accounting Update Request with the following Attributes:
2013-11-20 10:56:43,556: DEBUG: Creating Accounting Update Request with the following Attributes:
2013-11-20 10:56:43,557: DEBUG: User-Name: [u'username3@airborne.aircell.com']
2013-11-20 10:56:43,557: DEBUG: User-Name: [u'username3@airborne.aircell.com']
2013-11-20 10:56:43,557: DEBUG: GoGo-Tail-Number: [u'AAATestNAS_62']
2013-11-20 10:56:43,557: DEBUG: GoGo-Tail-Number: [u'AAATestNAS_62']
2013-11-20 10:56:43,557: DEBUG: Acct-Output-Octets: [7235029]
2013-11-20 10:56:43,557: DEBUG: Acct-Output-Octets: [7235029]
2013-11-20 10:56:43,557: DEBUG: NAS-IP-Address: ['10.254.67.1']
2013-11-20 10:56:43,557: DEBUG: NAS-IP-Address: ['10.254.67.1']
2013-11-20 10:56:43,557: DEBUG: GoGo-Total-Output-Gigawords: [0]
2013-11-20 10:56:43,557: DEBUG: GoGo-Total-Output-Gigawords: [0]
2013-11-20 10:56:43,557: DEBUG: Framed-IP-Address: ['10.254.67.102']
2013-11-20 10:56:43,557: DEBUG: Framed-IP-Address: ['10.254.67.102']
2013-11-20 10:56:43,557: DEBUG: GoGo-Total-Input-Voice-Gigawords: [0]
2013-11-20 10:56:43,557: DEBUG: GoGo-Total-Input-Voice-Gigawords: [0]
2013-11-20 10:56:43,557: DEBUG: GoGo-Total-Output-Octets: [7235029]
2013-11-20 10:56:43,557: DEBUG: GoGo-Total-Output-Octets: [7235029]
2013-11-20 10:56:43,558: DEBUG: GoGo-Acct-Input-Voice-Octets: [0]
2013-11-20 10:56:43,558: DEBUG: GoGo-Acct-Input-Voice-Octets: [0]
2013-11-20 10:56:43,558: DEBUG: GoGo-Total-Input-Voice-Packets: [0]
2013-11-20 10:56:43,558: DEBUG: GoGo-Total-Input-Voice-Packets: [0]
2013-11-20 10:56:43,558: DEBUG: Called-Station-Id: [u'00:16:3E:25:DE:56']
2013-11-20 10:56:43,558: DEBUG: Called-Station-Id: [u'00:16:3E:25:DE:56']
2013-11-20 10:56:43,558: DEBUG: WISPr-Location-Name: [u'TEST LLC,BA01_01009']
2013-11-20 10:56:43,558: DEBUG: WISPr-Location-Name: [u'TEST LLC,BA01_01009']
2013-11-20 10:56:43,558: DEBUG: NAS-Identifier: [u'C08386']
2013-11-20 10:56:43,558: DEBUG: NAS-Identifier: [u'C08386']
2013-11-20 10:56:43,558: DEBUG: Proxy-State: ['3330,3132']
2013-11-20 10:56:43,558: DEBUG: Proxy-State: ['3330,3132']
2013-11-20 10:56:43,558: DEBUG: GoGo-Total-Input-Voice-Octets: [0]
2013-11-20 10:56:43,558: DEBUG: GoGo-Total-Input-Voice-Octets: [0]
2013-11-20 10:56:43,558: DEBUG: Acct-Status-Type: ['Interim-Update']
2013-11-20 10:56:43,558: DEBUG: Acct-Status-Type: ['Interim-Update']
2013-11-20 10:56:43,558: DEBUG: GoGo-Total-Output-Voice-Gigawords: [0]
2013-11-20 10:56:43,558: DEBUG: GoGo-Total-Output-Voice-Gigawords: [0]
2013-11-20 10:56:43,559: DEBUG: GoGo-Airline: [u'BA01']
2013-11-20 10:56:43,559: DEBUG: GoGo-Airline: [u'BA01']
2013-11-20 10:56:43,559: DEBUG: Acct-Session-Id: [u'AAATestNAS_62-1384925153440-00163E25DE56-2']
2013-11-20 10:56:43,559: DEBUG: Acct-Session-Id: [u'AAATestNAS_62-1384925153440-00163E25DE56-2']
2013-11-20 10:56:43,559: DEBUG: Acct-Session-Time: [10]
2013-11-20 10:56:43,559: DEBUG: Acct-Session-Time: [10]
2013-11-20 10:56:43,559: DEBUG: Acct-Input-Packets: [9781]
2013-11-20 10:56:43,559: DEBUG: Acct-Input-Packets: [9781]
2013-11-20 10:56:43,559: DEBUG: Acct-Output-Packets: [34068]
2013-11-20 10:56:43,559: DEBUG: Acct-Output-Packets: [34068]
2013-11-20 10:56:43,559: DEBUG: GoGo-Acct-Output-Voice-Packets: [0]
2013-11-20 10:56:43,559: DEBUG: GoGo-Acct-Output-Voice-Packets: [0]
2013-11-20 10:56:43,559: DEBUG: GoGo-Acct-Output-Voice-Octets: [0]
2013-11-20 10:56:43,559: DEBUG: GoGo-Acct-Output-Voice-Octets: [0]
2013-11-20 10:56:43,559: DEBUG: Acct-Output-Gigawords: [0]
2013-11-20 10:56:43,559: DEBUG: Acct-Output-Gigawords: [0]
2013-11-20 10:56:43,559: DEBUG: GoGo-Total-Output-Voice-Packets: [0]
2013-11-20 10:56:43,559: DEBUG: GoGo-Total-Output-Voice-Packets: [0]
2013-11-20 10:56:43,559: DEBUG: Acct-Input-Gigawords: [0]
2013-11-20 10:56:43,559: DEBUG: Acct-Input-Gigawords: [0]
2013-11-20 10:56:43,559: DEBUG: Calling-Station-Id: [u'17:21:31:41:52:32']
2013-11-20 10:56:43,559: DEBUG: Calling-Station-Id: [u'17:21:31:41:52:32']
2013-11-20 10:56:43,560: DEBUG: NAS-Port-Type: ['Wireless-802.11']
2013-11-20 10:56:43,560: DEBUG: NAS-Port-Type: ['Wireless-802.11']
2013-11-20 10:56:43,560: DEBUG: GoGo-Total-Output-Voice-Octets: [0]
2013-11-20 10:56:43,560: DEBUG: GoGo-Total-Output-Voice-Octets: [0]
2013-11-20 10:56:43,561: DEBUG: GoGo-Private-IP-Address: ['192.168.1.179']
2013-11-20 10:56:43,561: DEBUG: GoGo-Private-IP-Address: ['192.168.1.179']
2013-11-20 10:56:43,562: DEBUG: GoGo-Acct-Input-Voice-Gigawords: [0]
2013-11-20 10:56:43,562: DEBUG: GoGo-Acct-Input-Voice-Gigawords: [0]
2013-11-20 10:56:43,562: DEBUG: GoGo-Total-Input-Packets: [9781]
2013-11-20 10:56:43,562: DEBUG: GoGo-Total-Input-Packets: [9781]
2013-11-20 10:56:43,564: DEBUG: GoGo-Total-Input-Gigawords: [0]
2013-11-20 10:56:43,564: DEBUG: GoGo-Total-Input-Gigawords: [0]
2013-11-20 10:56:43,565: DEBUG: GoGo-Acct-Input-Voice-Packets: [0]
2013-11-20 10:56:43,565: DEBUG: GoGo-Acct-Input-Voice-Packets: [0]
2013-11-20 10:56:43,566: DEBUG: GoGo-Total-Input-Octets: [5414823]
2013-11-20 10:56:43,566: DEBUG: GoGo-Total-Input-Octets: [5414823]
2013-11-20 10:56:43,566: DEBUG: GoGo-Total-Output-Packets: [34068]
2013-11-20 10:56:43,566: DEBUG: GoGo-Total-Output-Packets: [34068]
2013-11-20 10:56:43,567: DEBUG: WISPr-Location-ID: [u'airline=BA01,tail=01009,network=']
2013-11-20 10:56:43,567: DEBUG: WISPr-Location-ID: [u'airline=BA01,tail=01009,network=']
2013-11-20 10:56:43,568: DEBUG: GoGo-Acct-Output-Voice-Gigawords: [0]
2013-11-20 10:56:43,568: DEBUG: GoGo-Acct-Output-Voice-Gigawords: [0]
2013-11-20 10:56:43,569: DEBUG: Acct-Input-Octets: [5414823]
2013-11-20 10:56:43,569: DEBUG: Acct-Input-Octets: [5414823]
2013-11-20 10:56:43,571: DEBUG: 

2013-11-20 10:56:43,571: DEBUG: 

2013-11-20 10:56:43,571: DEBUG: Received response with following attributes:
2013-11-20 10:56:43,571: DEBUG: Received response with following attributes:
2013-11-20 10:56:53,573: DEBUG: 

2013-11-20 10:56:53,573: DEBUG: 

2013-11-20 10:56:53,574: DEBUG: Creating Accounting Update Request with the following Attributes:
2013-11-20 10:56:53,574: DEBUG: Creating Accounting Update Request with the following Attributes:
2013-11-20 10:56:53,574: DEBUG: User-Name: [u'username3@airborne.aircell.com']
2013-11-20 10:56:53,574: DEBUG: User-Name: [u'username3@airborne.aircell.com']
2013-11-20 10:56:53,574: DEBUG: GoGo-Tail-Number: [u'AAATestNAS_62']
2013-11-20 10:56:53,574: DEBUG: GoGo-Tail-Number: [u'AAATestNAS_62']
2013-11-20 10:56:53,574: DEBUG: Acct-Output-Octets: [9090774]
2013-11-20 10:56:53,574: DEBUG: Acct-Output-Octets: [9090774]
2013-11-20 10:56:53,574: DEBUG: NAS-IP-Address: ['10.254.67.1']
2013-11-20 10:56:53,574: DEBUG: NAS-IP-Address: ['10.254.67.1']
2013-11-20 10:56:53,574: DEBUG: GoGo-Total-Output-Gigawords: [0]
2013-11-20 10:56:53,574: DEBUG: GoGo-Total-Output-Gigawords: [0]
2013-11-20 10:56:53,574: DEBUG: Framed-IP-Address: ['10.254.67.102']
2013-11-20 10:56:53,574: DEBUG: Framed-IP-Address: ['10.254.67.102']
2013-11-20 10:56:53,574: DEBUG: GoGo-Total-Input-Voice-Gigawords: [0]
2013-11-20 10:56:53,574: DEBUG: GoGo-Total-Input-Voice-Gigawords: [0]
2013-11-20 10:56:53,574: DEBUG: GoGo-Total-Output-Octets: [9090774]
2013-11-20 10:56:53,574: DEBUG: GoGo-Total-Output-Octets: [9090774]
2013-11-20 10:56:53,575: DEBUG: GoGo-Acct-Input-Voice-Octets: [0]
2013-11-20 10:56:53,575: DEBUG: GoGo-Acct-Input-Voice-Octets: [0]
2013-11-20 10:56:53,575: DEBUG: GoGo-Total-Input-Voice-Packets: [0]
2013-11-20 10:56:53,575: DEBUG: GoGo-Total-Input-Voice-Packets: [0]
2013-11-20 10:56:53,575: DEBUG: Called-Station-Id: [u'00:16:3E:25:DE:56']
2013-11-20 10:56:53,575: DEBUG: Called-Station-Id: [u'00:16:3E:25:DE:56']
2013-11-20 10:56:53,575: DEBUG: WISPr-Location-Name: [u'TEST LLC,BA01_01009']
2013-11-20 10:56:53,575: DEBUG: WISPr-Location-Name: [u'TEST LLC,BA01_01009']
2013-11-20 10:56:53,575: DEBUG: NAS-Identifier: [u'C08386']
2013-11-20 10:56:53,575: DEBUG: NAS-Identifier: [u'C08386']
2013-11-20 10:56:53,575: DEBUG: Proxy-State: ['3330,3132']
2013-11-20 10:56:53,575: DEBUG: Proxy-State: ['3330,3132']
2013-11-20 10:56:53,575: DEBUG: GoGo-Total-Input-Voice-Octets: [0]
2013-11-20 10:56:53,575: DEBUG: GoGo-Total-Input-Voice-Octets: [0]
2013-11-20 10:56:53,575: DEBUG: Acct-Status-Type: ['Interim-Update']
2013-11-20 10:56:53,575: DEBUG: Acct-Status-Type: ['Interim-Update']
2013-11-20 10:56:53,575: DEBUG: GoGo-Total-Output-Voice-Gigawords: [0]
2013-11-20 10:56:53,575: DEBUG: GoGo-Total-Output-Voice-Gigawords: [0]
2013-11-20 10:56:53,575: DEBUG: GoGo-Airline: [u'BA01']
2013-11-20 10:56:53,575: DEBUG: GoGo-Airline: [u'BA01']
2013-11-20 10:56:53,576: DEBUG: Acct-Session-Id: [u'AAATestNAS_62-1384925153440-00163E25DE56-2']
2013-11-20 10:56:53,576: DEBUG: Acct-Session-Id: [u'AAATestNAS_62-1384925153440-00163E25DE56-2']
2013-11-20 10:56:53,576: DEBUG: Acct-Session-Time: [10]
2013-11-20 10:56:53,576: DEBUG: Acct-Session-Time: [10]
2013-11-20 10:56:53,576: DEBUG: Acct-Input-Packets: [57007]
2013-11-20 10:56:53,576: DEBUG: Acct-Input-Packets: [57007]
2013-11-20 10:56:53,576: DEBUG: Acct-Output-Packets: [34285]
2013-11-20 10:56:53,576: DEBUG: Acct-Output-Packets: [34285]
2013-11-20 10:56:53,576: DEBUG: GoGo-Acct-Output-Voice-Packets: [0]
2013-11-20 10:56:53,576: DEBUG: GoGo-Acct-Output-Voice-Packets: [0]
2013-11-20 10:56:53,576: DEBUG: GoGo-Acct-Output-Voice-Octets: [0]
2013-11-20 10:56:53,576: DEBUG: GoGo-Acct-Output-Voice-Octets: [0]
2013-11-20 10:56:53,576: DEBUG: Acct-Output-Gigawords: [0]
2013-11-20 10:56:53,576: DEBUG: Acct-Output-Gigawords: [0]
2013-11-20 10:56:53,576: DEBUG: GoGo-Total-Output-Voice-Packets: [0]
2013-11-20 10:56:53,576: DEBUG: GoGo-Total-Output-Voice-Packets: [0]
2013-11-20 10:56:53,576: DEBUG: Acct-Input-Gigawords: [0]
2013-11-20 10:56:53,576: DEBUG: Acct-Input-Gigawords: [0]
2013-11-20 10:56:53,576: DEBUG: Calling-Station-Id: [u'17:21:31:41:52:32']
2013-11-20 10:56:53,576: DEBUG: Calling-Station-Id: [u'17:21:31:41:52:32']
2013-11-20 10:56:53,577: DEBUG: NAS-Port-Type: ['Wireless-802.11']
2013-11-20 10:56:53,577: DEBUG: NAS-Port-Type: ['Wireless-802.11']
2013-11-20 10:56:53,577: DEBUG: GoGo-Total-Output-Voice-Octets: [0]
2013-11-20 10:56:53,577: DEBUG: GoGo-Total-Output-Voice-Octets: [0]
2013-11-20 10:56:53,577: DEBUG: GoGo-Private-IP-Address: ['192.168.1.179']
2013-11-20 10:56:53,577: DEBUG: GoGo-Private-IP-Address: ['192.168.1.179']
2013-11-20 10:56:53,577: DEBUG: GoGo-Acct-Input-Voice-Gigawords: [0]
2013-11-20 10:56:53,577: DEBUG: GoGo-Acct-Input-Voice-Gigawords: [0]
2013-11-20 10:56:53,577: DEBUG: GoGo-Total-Input-Packets: [57007]
2013-11-20 10:56:53,577: DEBUG: GoGo-Total-Input-Packets: [57007]
2013-11-20 10:56:53,577: DEBUG: GoGo-Total-Input-Gigawords: [0]
2013-11-20 10:56:53,577: DEBUG: GoGo-Total-Input-Gigawords: [0]
2013-11-20 10:56:53,577: DEBUG: GoGo-Acct-Input-Voice-Packets: [0]
2013-11-20 10:56:53,577: DEBUG: GoGo-Acct-Input-Voice-Packets: [0]
2013-11-20 10:56:53,577: DEBUG: GoGo-Total-Input-Octets: [7565213]
2013-11-20 10:56:53,577: DEBUG: GoGo-Total-Input-Octets: [7565213]
2013-11-20 10:56:53,577: DEBUG: GoGo-Total-Output-Packets: [34285]
2013-11-20 10:56:53,577: DEBUG: GoGo-Total-Output-Packets: [34285]
2013-11-20 10:56:53,577: DEBUG: WISPr-Location-ID: [u'airline=BA01,tail=01009,network=']
2013-11-20 10:56:53,577: DEBUG: WISPr-Location-ID: [u'airline=BA01,tail=01009,network=']
2013-11-20 10:56:53,578: DEBUG: GoGo-Acct-Output-Voice-Gigawords: [0]
2013-11-20 10:56:53,578: DEBUG: GoGo-Acct-Output-Voice-Gigawords: [0]
2013-11-20 10:56:53,578: DEBUG: Acct-Input-Octets: [7565213]
2013-11-20 10:56:53,578: DEBUG: Acct-Input-Octets: [7565213]
2013-11-20 10:56:53,579: DEBUG: 

2013-11-20 10:56:53,579: DEBUG: 

2013-11-20 10:56:53,579: DEBUG: Received response with following attributes:
2013-11-20 10:56:53,579: DEBUG: Received response with following attributes:
2013-11-20 10:57:03,580: DEBUG: 

2013-11-20 10:57:03,580: DEBUG: 

2013-11-20 10:57:03,581: DEBUG: Creating Accounting Update Request with the following Attributes:
2013-11-20 10:57:03,581: DEBUG: Creating Accounting Update Request with the following Attributes:
2013-11-20 10:57:03,581: DEBUG: User-Name: [u'username3@airborne.aircell.com']
2013-11-20 10:57:03,581: DEBUG: User-Name: [u'username3@airborne.aircell.com']
2013-11-20 10:57:03,581: DEBUG: GoGo-Tail-Number: [u'AAATestNAS_62']
2013-11-20 10:57:03,581: DEBUG: GoGo-Tail-Number: [u'AAATestNAS_62']
2013-11-20 10:57:03,581: DEBUG: Acct-Output-Octets: [9151763]
2013-11-20 10:57:03,581: DEBUG: Acct-Output-Octets: [9151763]
2013-11-20 10:57:03,581: DEBUG: NAS-IP-Address: ['10.254.67.1']
2013-11-20 10:57:03,581: DEBUG: NAS-IP-Address: ['10.254.67.1']
2013-11-20 10:57:03,581: DEBUG: GoGo-Total-Output-Gigawords: [0]
2013-11-20 10:57:03,581: DEBUG: GoGo-Total-Output-Gigawords: [0]
2013-11-20 10:57:03,582: DEBUG: Framed-IP-Address: ['10.254.67.102']
2013-11-20 10:57:03,582: DEBUG: Framed-IP-Address: ['10.254.67.102']
2013-11-20 10:57:03,582: DEBUG: GoGo-Total-Input-Voice-Gigawords: [0]
2013-11-20 10:57:03,582: DEBUG: GoGo-Total-Input-Voice-Gigawords: [0]
2013-11-20 10:57:03,582: DEBUG: GoGo-Total-Output-Octets: [9151763]
2013-11-20 10:57:03,582: DEBUG: GoGo-Total-Output-Octets: [9151763]
2013-11-20 10:57:03,582: DEBUG: GoGo-Acct-Input-Voice-Octets: [0]
2013-11-20 10:57:03,582: DEBUG: GoGo-Acct-Input-Voice-Octets: [0]
2013-11-20 10:57:03,582: DEBUG: GoGo-Total-Input-Voice-Packets: [0]
2013-11-20 10:57:03,582: DEBUG: GoGo-Total-Input-Voice-Packets: [0]
2013-11-20 10:57:03,582: DEBUG: Called-Station-Id: [u'00:16:3E:25:DE:56']
2013-11-20 10:57:03,582: DEBUG: Called-Station-Id: [u'00:16:3E:25:DE:56']
2013-11-20 10:57:03,582: DEBUG: WISPr-Location-Name: [u'TEST LLC,BA01_01009']
2013-11-20 10:57:03,582: DEBUG: WISPr-Location-Name: [u'TEST LLC,BA01_01009']
2013-11-20 10:57:03,582: DEBUG: NAS-Identifier: [u'C08386']
2013-11-20 10:57:03,582: DEBUG: NAS-Identifier: [u'C08386']
2013-11-20 10:57:03,582: DEBUG: Proxy-State: ['3330,3132']
2013-11-20 10:57:03,582: DEBUG: Proxy-State: ['3330,3132']
2013-11-20 10:57:03,583: DEBUG: GoGo-Total-Input-Voice-Octets: [0]
2013-11-20 10:57:03,583: DEBUG: GoGo-Total-Input-Voice-Octets: [0]
2013-11-20 10:57:03,583: DEBUG: Acct-Status-Type: ['Interim-Update']
2013-11-20 10:57:03,583: DEBUG: Acct-Status-Type: ['Interim-Update']
2013-11-20 10:57:03,583: DEBUG: GoGo-Total-Output-Voice-Gigawords: [0]
2013-11-20 10:57:03,583: DEBUG: GoGo-Total-Output-Voice-Gigawords: [0]
2013-11-20 10:57:03,583: DEBUG: GoGo-Airline: [u'BA01']
2013-11-20 10:57:03,583: DEBUG: GoGo-Airline: [u'BA01']
2013-11-20 10:57:03,583: DEBUG: Acct-Session-Id: [u'AAATestNAS_62-1384925153440-00163E25DE56-2']
2013-11-20 10:57:03,583: DEBUG: Acct-Session-Id: [u'AAATestNAS_62-1384925153440-00163E25DE56-2']
2013-11-20 10:57:03,583: DEBUG: Acct-Session-Time: [10]
2013-11-20 10:57:03,583: DEBUG: Acct-Session-Time: [10]
2013-11-20 10:57:03,583: DEBUG: Acct-Input-Packets: [67081]
2013-11-20 10:57:03,583: DEBUG: Acct-Input-Packets: [67081]
2013-11-20 10:57:03,583: DEBUG: Acct-Output-Packets: [21785]
2013-11-20 10:57:03,583: DEBUG: Acct-Output-Packets: [21785]
2013-11-20 10:57:03,583: DEBUG: GoGo-Acct-Output-Voice-Packets: [0]
2013-11-20 10:57:03,583: DEBUG: GoGo-Acct-Output-Voice-Packets: [0]
2013-11-20 10:57:03,583: DEBUG: GoGo-Acct-Output-Voice-Octets: [0]
2013-11-20 10:57:03,583: DEBUG: GoGo-Acct-Output-Voice-Octets: [0]
2013-11-20 10:57:03,584: DEBUG: Acct-Output-Gigawords: [0]
2013-11-20 10:57:03,584: DEBUG: Acct-Output-Gigawords: [0]
2013-11-20 10:57:03,584: DEBUG: GoGo-Total-Output-Voice-Packets: [0]
2013-11-20 10:57:03,584: DEBUG: GoGo-Total-Output-Voice-Packets: [0]
2013-11-20 10:57:03,584: DEBUG: Acct-Input-Gigawords: [0]
2013-11-20 10:57:03,584: DEBUG: Acct-Input-Gigawords: [0]
2013-11-20 10:57:03,584: DEBUG: Calling-Station-Id: [u'17:21:31:41:52:32']
2013-11-20 10:57:03,584: DEBUG: Calling-Station-Id: [u'17:21:31:41:52:32']
2013-11-20 10:57:03,584: DEBUG: NAS-Port-Type: ['Wireless-802.11']
2013-11-20 10:57:03,584: DEBUG: NAS-Port-Type: ['Wireless-802.11']
2013-11-20 10:57:03,584: DEBUG: GoGo-Total-Output-Voice-Octets: [0]
2013-11-20 10:57:03,584: DEBUG: GoGo-Total-Output-Voice-Octets: [0]
2013-11-20 10:57:03,584: DEBUG: GoGo-Private-IP-Address: ['192.168.1.179']
2013-11-20 10:57:03,584: DEBUG: GoGo-Private-IP-Address: ['192.168.1.179']
2013-11-20 10:57:03,584: DEBUG: GoGo-Acct-Input-Voice-Gigawords: [0]
2013-11-20 10:57:03,584: DEBUG: GoGo-Acct-Input-Voice-Gigawords: [0]
2013-11-20 10:57:03,584: DEBUG: GoGo-Total-Input-Packets: [67081]
2013-11-20 10:57:03,584: DEBUG: GoGo-Total-Input-Packets: [67081]
2013-11-20 10:57:03,585: DEBUG: GoGo-Total-Input-Gigawords: [0]
2013-11-20 10:57:03,585: DEBUG: GoGo-Total-Input-Gigawords: [0]
2013-11-20 10:57:03,585: DEBUG: GoGo-Acct-Input-Voice-Packets: [0]
2013-11-20 10:57:03,585: DEBUG: GoGo-Acct-Input-Voice-Packets: [0]
2013-11-20 10:57:03,585: DEBUG: GoGo-Total-Input-Octets: [8866575]
2013-11-20 10:57:03,585: DEBUG: GoGo-Total-Input-Octets: [8866575]
2013-11-20 10:57:03,585: DEBUG: GoGo-Total-Output-Packets: [21785]
2013-11-20 10:57:03,585: DEBUG: GoGo-Total-Output-Packets: [21785]
2013-11-20 10:57:03,585: DEBUG: WISPr-Location-ID: [u'airline=BA01,tail=01009,network=']
2013-11-20 10:57:03,585: DEBUG: WISPr-Location-ID: [u'airline=BA01,tail=01009,network=']
2013-11-20 10:57:03,585: DEBUG: GoGo-Acct-Output-Voice-Gigawords: [0]
2013-11-20 10:57:03,585: DEBUG: GoGo-Acct-Output-Voice-Gigawords: [0]
2013-11-20 10:57:03,585: DEBUG: Acct-Input-Octets: [8866575]
2013-11-20 10:57:03,585: DEBUG: Acct-Input-Octets: [8866575]
2013-11-20 10:57:03,587: DEBUG: 

2013-11-20 10:57:03,587: DEBUG: 

2013-11-20 10:57:03,587: DEBUG: Received response with following attributes:
2013-11-20 10:57:03,587: DEBUG: Received response with following attributes:
2013-11-20 10:57:13,587: DEBUG: 

2013-11-20 10:57:13,587: DEBUG: 

2013-11-20 10:57:13,587: DEBUG: Creating Accounting Update Request with the following Attributes:
2013-11-20 10:57:13,587: DEBUG: Creating Accounting Update Request with the following Attributes:
2013-11-20 10:57:13,588: DEBUG: User-Name: [u'username3@airborne.aircell.com']
2013-11-20 10:57:13,588: DEBUG: User-Name: [u'username3@airborne.aircell.com']
2013-11-20 10:57:13,588: DEBUG: GoGo-Tail-Number: [u'AAATestNAS_62']
2013-11-20 10:57:13,588: DEBUG: GoGo-Tail-Number: [u'AAATestNAS_62']
2013-11-20 10:57:13,588: DEBUG: Acct-Output-Octets: [6968781]
2013-11-20 10:57:13,588: DEBUG: Acct-Output-Octets: [6968781]
2013-11-20 10:57:13,588: DEBUG: NAS-IP-Address: ['10.254.67.1']
2013-11-20 10:57:13,588: DEBUG: NAS-IP-Address: ['10.254.67.1']
2013-11-20 10:57:13,588: DEBUG: GoGo-Total-Output-Gigawords: [0]
2013-11-20 10:57:13,588: DEBUG: GoGo-Total-Output-Gigawords: [0]
2013-11-20 10:57:13,589: DEBUG: Framed-IP-Address: ['10.254.67.102']
2013-11-20 10:57:13,589: DEBUG: Framed-IP-Address: ['10.254.67.102']
2013-11-20 10:57:13,589: DEBUG: GoGo-Total-Input-Voice-Gigawords: [0]
2013-11-20 10:57:13,589: DEBUG: GoGo-Total-Input-Voice-Gigawords: [0]
2013-11-20 10:57:13,589: DEBUG: GoGo-Total-Output-Octets: [6968781]
2013-11-20 10:57:13,589: DEBUG: GoGo-Total-Output-Octets: [6968781]
2013-11-20 10:57:13,589: DEBUG: GoGo-Acct-Input-Voice-Octets: [0]
2013-11-20 10:57:13,589: DEBUG: GoGo-Acct-Input-Voice-Octets: [0]
2013-11-20 10:57:13,589: DEBUG: GoGo-Total-Input-Voice-Packets: [0]
2013-11-20 10:57:13,589: DEBUG: GoGo-Total-Input-Voice-Packets: [0]
2013-11-20 10:57:13,589: DEBUG: Called-Station-Id: [u'00:16:3E:25:DE:56']
2013-11-20 10:57:13,589: DEBUG: Called-Station-Id: [u'00:16:3E:25:DE:56']
2013-11-20 10:57:13,589: DEBUG: WISPr-Location-Name: [u'TEST LLC,BA01_01009']
2013-11-20 10:57:13,589: DEBUG: WISPr-Location-Name: [u'TEST LLC,BA01_01009']
2013-11-20 10:57:13,590: DEBUG: NAS-Identifier: [u'C08386']
2013-11-20 10:57:13,590: DEBUG: NAS-Identifier: [u'C08386']
2013-11-20 10:57:13,590: DEBUG: Proxy-State: ['3330,3132']
2013-11-20 10:57:13,590: DEBUG: Proxy-State: ['3330,3132']
2013-11-20 10:57:13,590: DEBUG: GoGo-Total-Input-Voice-Octets: [0]
2013-11-20 10:57:13,590: DEBUG: GoGo-Total-Input-Voice-Octets: [0]
2013-11-20 10:57:13,590: DEBUG: Acct-Status-Type: ['Interim-Update']
2013-11-20 10:57:13,590: DEBUG: Acct-Status-Type: ['Interim-Update']
2013-11-20 10:57:13,590: DEBUG: GoGo-Total-Output-Voice-Gigawords: [0]
2013-11-20 10:57:13,590: DEBUG: GoGo-Total-Output-Voice-Gigawords: [0]
2013-11-20 10:57:13,590: DEBUG: GoGo-Airline: [u'BA01']
2013-11-20 10:57:13,590: DEBUG: GoGo-Airline: [u'BA01']
2013-11-20 10:57:13,590: DEBUG: Acct-Session-Id: [u'AAATestNAS_62-1384925153440-00163E25DE56-2']
2013-11-20 10:57:13,590: DEBUG: Acct-Session-Id: [u'AAATestNAS_62-1384925153440-00163E25DE56-2']
2013-11-20 10:57:13,590: DEBUG: Acct-Session-Time: [10]
2013-11-20 10:57:13,590: DEBUG: Acct-Session-Time: [10]
2013-11-20 10:57:13,590: DEBUG: Acct-Input-Packets: [24164]
2013-11-20 10:57:13,590: DEBUG: Acct-Input-Packets: [24164]
2013-11-20 10:57:13,590: DEBUG: Acct-Output-Packets: [43247]
2013-11-20 10:57:13,590: DEBUG: Acct-Output-Packets: [43247]
2013-11-20 10:57:13,591: DEBUG: GoGo-Acct-Output-Voice-Packets: [0]
2013-11-20 10:57:13,591: DEBUG: GoGo-Acct-Output-Voice-Packets: [0]
2013-11-20 10:57:13,591: DEBUG: GoGo-Acct-Output-Voice-Octets: [0]
2013-11-20 10:57:13,591: DEBUG: GoGo-Acct-Output-Voice-Octets: [0]
2013-11-20 10:57:13,591: DEBUG: Acct-Output-Gigawords: [0]
2013-11-20 10:57:13,591: DEBUG: Acct-Output-Gigawords: [0]
2013-11-20 10:57:13,591: DEBUG: GoGo-Total-Output-Voice-Packets: [0]
2013-11-20 10:57:13,591: DEBUG: GoGo-Total-Output-Voice-Packets: [0]
2013-11-20 10:57:13,591: DEBUG: Acct-Input-Gigawords: [0]
2013-11-20 10:57:13,591: DEBUG: Acct-Input-Gigawords: [0]
2013-11-20 10:57:13,591: DEBUG: Calling-Station-Id: [u'17:21:31:41:52:32']
2013-11-20 10:57:13,591: DEBUG: Calling-Station-Id: [u'17:21:31:41:52:32']
2013-11-20 10:57:13,591: DEBUG: NAS-Port-Type: ['Wireless-802.11']
2013-11-20 10:57:13,591: DEBUG: NAS-Port-Type: ['Wireless-802.11']
2013-11-20 10:57:13,591: DEBUG: GoGo-Total-Output-Voice-Octets: [0]
2013-11-20 10:57:13,591: DEBUG: GoGo-Total-Output-Voice-Octets: [0]
2013-11-20 10:57:13,592: DEBUG: GoGo-Private-IP-Address: ['192.168.1.179']
2013-11-20 10:57:13,592: DEBUG: GoGo-Private-IP-Address: ['192.168.1.179']
2013-11-20 10:57:13,592: DEBUG: GoGo-Acct-Input-Voice-Gigawords: [0]
2013-11-20 10:57:13,592: DEBUG: GoGo-Acct-Input-Voice-Gigawords: [0]
2013-11-20 10:57:13,592: DEBUG: GoGo-Total-Input-Packets: [24164]
2013-11-20 10:57:13,592: DEBUG: GoGo-Total-Input-Packets: [24164]
2013-11-20 10:57:13,592: DEBUG: GoGo-Total-Input-Gigawords: [0]
2013-11-20 10:57:13,592: DEBUG: GoGo-Total-Input-Gigawords: [0]
2013-11-20 10:57:13,592: DEBUG: GoGo-Acct-Input-Voice-Packets: [0]
2013-11-20 10:57:13,592: DEBUG: GoGo-Acct-Input-Voice-Packets: [0]
2013-11-20 10:57:13,592: DEBUG: GoGo-Total-Input-Octets: [3380380]
2013-11-20 10:57:13,592: DEBUG: GoGo-Total-Input-Octets: [3380380]
2013-11-20 10:57:13,592: DEBUG: GoGo-Total-Output-Packets: [43247]
2013-11-20 10:57:13,592: DEBUG: GoGo-Total-Output-Packets: [43247]
2013-11-20 10:57:13,592: DEBUG: WISPr-Location-ID: [u'airline=BA01,tail=01009,network=']
2013-11-20 10:57:13,592: DEBUG: WISPr-Location-ID: [u'airline=BA01,tail=01009,network=']
2013-11-20 10:57:13,592: DEBUG: GoGo-Acct-Output-Voice-Gigawords: [0]
2013-11-20 10:57:13,592: DEBUG: GoGo-Acct-Output-Voice-Gigawords: [0]
2013-11-20 10:57:13,593: DEBUG: Acct-Input-Octets: [3380380]
2013-11-20 10:57:13,593: DEBUG: Acct-Input-Octets: [3380380]
2013-11-20 10:57:13,594: DEBUG: 

2013-11-20 10:57:13,594: DEBUG: 

2013-11-20 10:57:13,594: DEBUG: Received response with following attributes:
2013-11-20 10:57:13,594: DEBUG: Received response with following attributes:
2013-11-20 10:57:23,595: DEBUG: 

2013-11-20 10:57:23,595: DEBUG: 

2013-11-20 10:57:23,595: DEBUG: Creating Accounting Update Request with the following Attributes:
2013-11-20 10:57:23,595: DEBUG: Creating Accounting Update Request with the following Attributes:
2013-11-20 10:57:23,596: DEBUG: User-Name: [u'username3@airborne.aircell.com']
2013-11-20 10:57:23,596: DEBUG: User-Name: [u'username3@airborne.aircell.com']
2013-11-20 10:57:23,596: DEBUG: GoGo-Tail-Number: [u'AAATestNAS_62']
2013-11-20 10:57:23,596: DEBUG: GoGo-Tail-Number: [u'AAATestNAS_62']
2013-11-20 10:57:23,596: DEBUG: Acct-Output-Octets: [4001376]
2013-11-20 10:57:23,596: DEBUG: Acct-Output-Octets: [4001376]
2013-11-20 10:57:23,596: DEBUG: NAS-IP-Address: ['10.254.67.1']
2013-11-20 10:57:23,596: DEBUG: NAS-IP-Address: ['10.254.67.1']
2013-11-20 10:57:23,597: DEBUG: GoGo-Total-Output-Gigawords: [0]
2013-11-20 10:57:23,597: DEBUG: GoGo-Total-Output-Gigawords: [0]
2013-11-20 10:57:23,597: DEBUG: Framed-IP-Address: ['10.254.67.102']
2013-11-20 10:57:23,597: DEBUG: Framed-IP-Address: ['10.254.67.102']
2013-11-20 10:57:23,597: DEBUG: GoGo-Total-Input-Voice-Gigawords: [0]
2013-11-20 10:57:23,597: DEBUG: GoGo-Total-Input-Voice-Gigawords: [0]
2013-11-20 10:57:23,597: DEBUG: GoGo-Total-Output-Octets: [4001376]
2013-11-20 10:57:23,597: DEBUG: GoGo-Total-Output-Octets: [4001376]
2013-11-20 10:57:23,598: DEBUG: GoGo-Acct-Input-Voice-Octets: [0]
2013-11-20 10:57:23,598: DEBUG: GoGo-Acct-Input-Voice-Octets: [0]
2013-11-20 10:57:23,598: DEBUG: GoGo-Total-Input-Voice-Packets: [0]
2013-11-20 10:57:23,598: DEBUG: GoGo-Total-Input-Voice-Packets: [0]
2013-11-20 10:57:23,598: DEBUG: Called-Station-Id: [u'00:16:3E:25:DE:56']
2013-11-20 10:57:23,598: DEBUG: Called-Station-Id: [u'00:16:3E:25:DE:56']
2013-11-20 10:57:23,598: DEBUG: WISPr-Location-Name: [u'TEST LLC,BA01_01009']
2013-11-20 10:57:23,598: DEBUG: WISPr-Location-Name: [u'TEST LLC,BA01_01009']
2013-11-20 10:57:23,599: DEBUG: NAS-Identifier: [u'C08386']
2013-11-20 10:57:23,599: DEBUG: NAS-Identifier: [u'C08386']
2013-11-20 10:57:23,599: DEBUG: Proxy-State: ['3330,3132']
2013-11-20 10:57:23,599: DEBUG: Proxy-State: ['3330,3132']
2013-11-20 10:57:23,599: DEBUG: GoGo-Total-Input-Voice-Octets: [0]
2013-11-20 10:57:23,599: DEBUG: GoGo-Total-Input-Voice-Octets: [0]
2013-11-20 10:57:23,599: DEBUG: Acct-Status-Type: ['Interim-Update']
2013-11-20 10:57:23,599: DEBUG: Acct-Status-Type: ['Interim-Update']
2013-11-20 10:57:23,600: DEBUG: GoGo-Total-Output-Voice-Gigawords: [0]
2013-11-20 10:57:23,600: DEBUG: GoGo-Total-Output-Voice-Gigawords: [0]
2013-11-20 10:57:23,600: DEBUG: GoGo-Airline: [u'BA01']
2013-11-20 10:57:23,600: DEBUG: GoGo-Airline: [u'BA01']
2013-11-20 10:57:23,600: DEBUG: Acct-Session-Id: [u'AAATestNAS_62-1384925153440-00163E25DE56-2']
2013-11-20 10:57:23,600: DEBUG: Acct-Session-Id: [u'AAATestNAS_62-1384925153440-00163E25DE56-2']
2013-11-20 10:57:23,600: DEBUG: Acct-Session-Time: [10]
2013-11-20 10:57:23,600: DEBUG: Acct-Session-Time: [10]
2013-11-20 10:57:23,600: DEBUG: Acct-Input-Packets: [11025]
2013-11-20 10:57:23,600: DEBUG: Acct-Input-Packets: [11025]
2013-11-20 10:57:23,601: DEBUG: Acct-Output-Packets: [26550]
2013-11-20 10:57:23,601: DEBUG: Acct-Output-Packets: [26550]
2013-11-20 10:57:23,601: DEBUG: GoGo-Acct-Output-Voice-Packets: [0]
2013-11-20 10:57:23,601: DEBUG: GoGo-Acct-Output-Voice-Packets: [0]
2013-11-20 10:57:23,601: DEBUG: GoGo-Acct-Output-Voice-Octets: [0]
2013-11-20 10:57:23,601: DEBUG: GoGo-Acct-Output-Voice-Octets: [0]
2013-11-20 10:57:23,601: DEBUG: Acct-Output-Gigawords: [0]
2013-11-20 10:57:23,601: DEBUG: Acct-Output-Gigawords: [0]
2013-11-20 10:57:23,601: DEBUG: GoGo-Total-Output-Voice-Packets: [0]
2013-11-20 10:57:23,601: DEBUG: GoGo-Total-Output-Voice-Packets: [0]
2013-11-20 10:57:23,601: DEBUG: Acct-Input-Gigawords: [0]
2013-11-20 10:57:23,601: DEBUG: Acct-Input-Gigawords: [0]
2013-11-20 10:57:23,601: DEBUG: Calling-Station-Id: [u'17:21:31:41:52:32']
2013-11-20 10:57:23,601: DEBUG: Calling-Station-Id: [u'17:21:31:41:52:32']
2013-11-20 10:57:23,601: DEBUG: NAS-Port-Type: ['Wireless-802.11']
2013-11-20 10:57:23,601: DEBUG: NAS-Port-Type: ['Wireless-802.11']
2013-11-20 10:57:23,601: DEBUG: GoGo-Total-Output-Voice-Octets: [0]
2013-11-20 10:57:23,601: DEBUG: GoGo-Total-Output-Voice-Octets: [0]
2013-11-20 10:57:23,602: DEBUG: GoGo-Private-IP-Address: ['192.168.1.179']
2013-11-20 10:57:23,602: DEBUG: GoGo-Private-IP-Address: ['192.168.1.179']
2013-11-20 10:57:23,602: DEBUG: GoGo-Acct-Input-Voice-Gigawords: [0]
2013-11-20 10:57:23,602: DEBUG: GoGo-Acct-Input-Voice-Gigawords: [0]
2013-11-20 10:57:23,602: DEBUG: GoGo-Total-Input-Packets: [11025]
2013-11-20 10:57:23,602: DEBUG: GoGo-Total-Input-Packets: [11025]
2013-11-20 10:57:23,603: DEBUG: GoGo-Total-Input-Gigawords: [0]
2013-11-20 10:57:23,603: DEBUG: GoGo-Total-Input-Gigawords: [0]
2013-11-20 10:57:23,603: DEBUG: GoGo-Acct-Input-Voice-Packets: [0]
2013-11-20 10:57:23,603: DEBUG: GoGo-Acct-Input-Voice-Packets: [0]
2013-11-20 10:57:23,603: DEBUG: GoGo-Total-Input-Octets: [9822545]
2013-11-20 10:57:23,603: DEBUG: GoGo-Total-Input-Octets: [9822545]
2013-11-20 10:57:23,603: DEBUG: GoGo-Total-Output-Packets: [26550]
2013-11-20 10:57:23,603: DEBUG: GoGo-Total-Output-Packets: [26550]
2013-11-20 10:57:23,603: DEBUG: WISPr-Location-ID: [u'airline=BA01,tail=01009,network=']
2013-11-20 10:57:23,603: DEBUG: WISPr-Location-ID: [u'airline=BA01,tail=01009,network=']
2013-11-20 10:57:23,603: DEBUG: GoGo-Acct-Output-Voice-Gigawords: [0]
2013-11-20 10:57:23,603: DEBUG: GoGo-Acct-Output-Voice-Gigawords: [0]
2013-11-20 10:57:23,603: DEBUG: Acct-Input-Octets: [9822545]
2013-11-20 10:57:23,603: DEBUG: Acct-Input-Octets: [9822545]
2013-11-20 10:57:23,605: DEBUG: 

2013-11-20 10:57:23,605: DEBUG: 

2013-11-20 10:57:23,605: DEBUG: Received response with following attributes:
2013-11-20 10:57:23,605: DEBUG: Received response with following attributes:
2013-11-20 10:57:30,605: DEBUG: 

2013-11-20 10:57:30,605: DEBUG: 

2013-11-20 10:57:30,607: DEBUG: Creating Accounting Update Request with the following Attributes:
2013-11-20 10:57:30,607: DEBUG: Creating Accounting Update Request with the following Attributes:
2013-11-20 10:57:30,607: DEBUG: User-Name: [u'username3@airborne.aircell.com']
2013-11-20 10:57:30,607: DEBUG: User-Name: [u'username3@airborne.aircell.com']
2013-11-20 10:57:30,608: DEBUG: GoGo-Tail-Number: [u'AAATestNAS_62']
2013-11-20 10:57:30,608: DEBUG: GoGo-Tail-Number: [u'AAATestNAS_62']
2013-11-20 10:57:30,609: DEBUG: Acct-Output-Octets: [3198717]
2013-11-20 10:57:30,609: DEBUG: Acct-Output-Octets: [3198717]
2013-11-20 10:57:30,609: DEBUG: NAS-IP-Address: ['10.254.67.1']
2013-11-20 10:57:30,609: DEBUG: NAS-IP-Address: ['10.254.67.1']
2013-11-20 10:57:30,610: DEBUG: GoGo-Total-Output-Gigawords: [0]
2013-11-20 10:57:30,610: DEBUG: GoGo-Total-Output-Gigawords: [0]
2013-11-20 10:57:30,610: DEBUG: Framed-IP-Address: ['10.254.67.102']
2013-11-20 10:57:30,610: DEBUG: Framed-IP-Address: ['10.254.67.102']
2013-11-20 10:57:30,611: DEBUG: GoGo-Total-Input-Voice-Gigawords: [0]
2013-11-20 10:57:30,611: DEBUG: GoGo-Total-Input-Voice-Gigawords: [0]
2013-11-20 10:57:30,611: DEBUG: GoGo-Total-Output-Octets: [3198717]
2013-11-20 10:57:30,611: DEBUG: GoGo-Total-Output-Octets: [3198717]
2013-11-20 10:57:30,612: DEBUG: GoGo-Acct-Input-Voice-Octets: [0]
2013-11-20 10:57:30,612: DEBUG: GoGo-Acct-Input-Voice-Octets: [0]
2013-11-20 10:57:30,613: DEBUG: GoGo-Total-Input-Voice-Packets: [0]
2013-11-20 10:57:30,613: DEBUG: GoGo-Total-Input-Voice-Packets: [0]
2013-11-20 10:57:30,613: DEBUG: Called-Station-Id: [u'00:16:3E:25:DE:56']
2013-11-20 10:57:30,613: DEBUG: Called-Station-Id: [u'00:16:3E:25:DE:56']
2013-11-20 10:57:30,613: DEBUG: WISPr-Location-Name: [u'TEST LLC,BA01_01009']
2013-11-20 10:57:30,613: DEBUG: WISPr-Location-Name: [u'TEST LLC,BA01_01009']
2013-11-20 10:57:30,614: DEBUG: NAS-Identifier: [u'C08386']
2013-11-20 10:57:30,614: DEBUG: NAS-Identifier: [u'C08386']
2013-11-20 10:57:30,614: DEBUG: Proxy-State: ['3330,3132']
2013-11-20 10:57:30,614: DEBUG: Proxy-State: ['3330,3132']
2013-11-20 10:57:30,616: DEBUG: GoGo-Total-Input-Voice-Octets: [0]
2013-11-20 10:57:30,616: DEBUG: GoGo-Total-Input-Voice-Octets: [0]
2013-11-20 10:57:30,616: DEBUG: Acct-Status-Type: ['Interim-Update']
2013-11-20 10:57:30,616: DEBUG: Acct-Status-Type: ['Interim-Update']
2013-11-20 10:57:30,617: DEBUG: GoGo-Total-Output-Voice-Gigawords: [0]
2013-11-20 10:57:30,617: DEBUG: GoGo-Total-Output-Voice-Gigawords: [0]
2013-11-20 10:57:30,618: DEBUG: GoGo-Airline: [u'BA01']
2013-11-20 10:57:30,618: DEBUG: GoGo-Airline: [u'BA01']
2013-11-20 10:57:30,618: DEBUG: Acct-Session-Id: [u'AAATestNAS_62-1384925153440-00163E25DE56-2']
2013-11-20 10:57:30,618: DEBUG: Acct-Session-Id: [u'AAATestNAS_62-1384925153440-00163E25DE56-2']
2013-11-20 10:57:30,619: DEBUG: Acct-Session-Time: [7]
2013-11-20 10:57:30,619: DEBUG: Acct-Session-Time: [7]
2013-11-20 10:57:30,620: DEBUG: Acct-Input-Packets: [59209]
2013-11-20 10:57:30,620: DEBUG: Acct-Input-Packets: [59209]
2013-11-20 10:57:30,621: DEBUG: Acct-Output-Packets: [3330]
2013-11-20 10:57:30,621: DEBUG: Acct-Output-Packets: [3330]
2013-11-20 10:57:30,622: DEBUG: GoGo-Acct-Output-Voice-Packets: [0]
2013-11-20 10:57:30,622: DEBUG: GoGo-Acct-Output-Voice-Packets: [0]
2013-11-20 10:57:30,623: DEBUG: GoGo-Acct-Output-Voice-Octets: [0]
2013-11-20 10:57:30,623: DEBUG: GoGo-Acct-Output-Voice-Octets: [0]
2013-11-20 10:57:30,623: DEBUG: Acct-Output-Gigawords: [0]
2013-11-20 10:57:30,623: DEBUG: Acct-Output-Gigawords: [0]
2013-11-20 10:57:30,624: DEBUG: GoGo-Total-Output-Voice-Packets: [0]
2013-11-20 10:57:30,624: DEBUG: GoGo-Total-Output-Voice-Packets: [0]
2013-11-20 10:57:30,624: DEBUG: Acct-Input-Gigawords: [0]
2013-11-20 10:57:30,624: DEBUG: Acct-Input-Gigawords: [0]
2013-11-20 10:57:30,625: DEBUG: Calling-Station-Id: [u'17:21:31:41:52:32']
2013-11-20 10:57:30,625: DEBUG: Calling-Station-Id: [u'17:21:31:41:52:32']
2013-11-20 10:57:30,626: DEBUG: NAS-Port-Type: ['Wireless-802.11']
2013-11-20 10:57:30,626: DEBUG: NAS-Port-Type: ['Wireless-802.11']
2013-11-20 10:57:30,627: DEBUG: GoGo-Total-Output-Voice-Octets: [0]
2013-11-20 10:57:30,627: DEBUG: GoGo-Total-Output-Voice-Octets: [0]
2013-11-20 10:57:30,628: DEBUG: GoGo-Private-IP-Address: ['192.168.1.179']
2013-11-20 10:57:30,628: DEBUG: GoGo-Private-IP-Address: ['192.168.1.179']
2013-11-20 10:57:30,628: DEBUG: GoGo-Acct-Input-Voice-Gigawords: [0]
2013-11-20 10:57:30,628: DEBUG: GoGo-Acct-Input-Voice-Gigawords: [0]
2013-11-20 10:57:30,629: DEBUG: GoGo-Total-Input-Packets: [59209]
2013-11-20 10:57:30,629: DEBUG: GoGo-Total-Input-Packets: [59209]
2013-11-20 10:57:30,631: DEBUG: GoGo-Total-Input-Gigawords: [0]
2013-11-20 10:57:30,631: DEBUG: GoGo-Total-Input-Gigawords: [0]
2013-11-20 10:57:30,631: DEBUG: GoGo-Acct-Input-Voice-Packets: [0]
2013-11-20 10:57:30,631: DEBUG: GoGo-Acct-Input-Voice-Packets: [0]
2013-11-20 10:57:30,631: DEBUG: GoGo-Total-Input-Octets: [6966880]
2013-11-20 10:57:30,631: DEBUG: GoGo-Total-Input-Octets: [6966880]
2013-11-20 10:57:30,632: DEBUG: GoGo-Total-Output-Packets: [3330]
2013-11-20 10:57:30,632: DEBUG: GoGo-Total-Output-Packets: [3330]
2013-11-20 10:57:30,633: DEBUG: WISPr-Location-ID: [u'airline=BA01,tail=01009,network=']
2013-11-20 10:57:30,633: DEBUG: WISPr-Location-ID: [u'airline=BA01,tail=01009,network=']
2013-11-20 10:57:30,634: DEBUG: GoGo-Acct-Output-Voice-Gigawords: [0]
2013-11-20 10:57:30,634: DEBUG: GoGo-Acct-Output-Voice-Gigawords: [0]
2013-11-20 10:57:30,634: DEBUG: Acct-Input-Octets: [6966880]
2013-11-20 10:57:30,634: DEBUG: Acct-Input-Octets: [6966880]
2013-11-20 10:57:30,636: DEBUG: 

2013-11-20 10:57:30,636: DEBUG: 

2013-11-20 10:57:30,637: DEBUG: Received response with following attributes:
2013-11-20 10:57:30,637: DEBUG: Received response with following attributes:
2013-11-20 10:57:58,639: DEBUG: 

2013-11-20 10:57:58,639: DEBUG: 

2013-11-20 10:57:58,639: DEBUG: Creating Accounting Stop Request with the following Attributes:
2013-11-20 10:57:58,639: DEBUG: Creating Accounting Stop Request with the following Attributes:
2013-11-20 10:57:58,639: DEBUG: User-Name: [u'username3@airborne.aircell.com']
2013-11-20 10:57:58,639: DEBUG: User-Name: [u'username3@airborne.aircell.com']
2013-11-20 10:57:58,639: DEBUG: GoGo-Tail-Number: [u'01009']
2013-11-20 10:57:58,639: DEBUG: GoGo-Tail-Number: [u'01009']
2013-11-20 10:57:58,640: DEBUG: Acct-Output-Octets: [8614241]
2013-11-20 10:57:58,640: DEBUG: Acct-Output-Octets: [8614241]
2013-11-20 10:57:58,640: DEBUG: NAS-IP-Address: ['10.254.67.1']
2013-11-20 10:57:58,640: DEBUG: NAS-IP-Address: ['10.254.67.1']
2013-11-20 10:57:58,640: DEBUG: GoGo-Total-Output-Gigawords: [0]
2013-11-20 10:57:58,640: DEBUG: GoGo-Total-Output-Gigawords: [0]
2013-11-20 10:57:58,640: DEBUG: Framed-IP-Address: ['10.254.67.102']
2013-11-20 10:57:58,640: DEBUG: Framed-IP-Address: ['10.254.67.102']
2013-11-20 10:57:58,640: DEBUG: GoGo-Total-Input-Voice-Gigawords: [0]
2013-11-20 10:57:58,640: DEBUG: GoGo-Total-Input-Voice-Gigawords: [0]
2013-11-20 10:57:58,640: DEBUG: GoGo-Total-Output-Octets: [8614241]
2013-11-20 10:57:58,640: DEBUG: GoGo-Total-Output-Octets: [8614241]
2013-11-20 10:57:58,640: DEBUG: GoGo-Acct-Input-Voice-Octets: [0]
2013-11-20 10:57:58,640: DEBUG: GoGo-Acct-Input-Voice-Octets: [0]
2013-11-20 10:57:58,640: DEBUG: GoGo-Total-Input-Voice-Packets: [0]
2013-11-20 10:57:58,640: DEBUG: GoGo-Total-Input-Voice-Packets: [0]
2013-11-20 10:57:58,640: DEBUG: Called-Station-Id: [u'00:16:3E:25:DE:56']
2013-11-20 10:57:58,640: DEBUG: Called-Station-Id: [u'00:16:3E:25:DE:56']
2013-11-20 10:57:58,641: DEBUG: WISPr-Location-Name: [u'TEST LLC,BA01_01009']
2013-11-20 10:57:58,641: DEBUG: WISPr-Location-Name: [u'TEST LLC,BA01_01009']
2013-11-20 10:57:58,641: DEBUG: NAS-Identifier: [u'C08386']
2013-11-20 10:57:58,641: DEBUG: NAS-Identifier: [u'C08386']
2013-11-20 10:57:58,641: DEBUG: Proxy-State: ['3330,3132']
2013-11-20 10:57:58,641: DEBUG: Proxy-State: ['3330,3132']
2013-11-20 10:57:58,641: DEBUG: GoGo-Total-Input-Voice-Octets: [0]
2013-11-20 10:57:58,641: DEBUG: GoGo-Total-Input-Voice-Octets: [0]
2013-11-20 10:57:58,641: DEBUG: Acct-Status-Type: ['Stop']
2013-11-20 10:57:58,641: DEBUG: Acct-Status-Type: ['Stop']
2013-11-20 10:57:58,641: DEBUG: GoGo-Total-Output-Voice-Gigawords: [0]
2013-11-20 10:57:58,641: DEBUG: GoGo-Total-Output-Voice-Gigawords: [0]
2013-11-20 10:57:58,641: DEBUG: GoGo-Airline: [u'BA01']
2013-11-20 10:57:58,641: DEBUG: GoGo-Airline: [u'BA01']
2013-11-20 10:57:58,641: DEBUG: Acct-Session-Id: [u'AAATestNAS_62-1384925153440-00163E25DE56-2']
2013-11-20 10:57:58,641: DEBUG: Acct-Session-Id: [u'AAATestNAS_62-1384925153440-00163E25DE56-2']
2013-11-20 10:57:58,641: DEBUG: Acct-Session-Time: [28]
2013-11-20 10:57:58,641: DEBUG: Acct-Session-Time: [28]
2013-11-20 10:57:58,641: DEBUG: Acct-Input-Packets: [10538]
2013-11-20 10:57:58,641: DEBUG: Acct-Input-Packets: [10538]
2013-11-20 10:57:58,642: DEBUG: Acct-Output-Packets: [83659]
2013-11-20 10:57:58,642: DEBUG: Acct-Output-Packets: [83659]
2013-11-20 10:57:58,642: DEBUG: Acct-Terminate-Cause: ['User-Request']
2013-11-20 10:57:58,642: DEBUG: Acct-Terminate-Cause: ['User-Request']
2013-11-20 10:57:58,642: DEBUG: GoGo-Acct-Output-Voice-Octets: [0]
2013-11-20 10:57:58,642: DEBUG: GoGo-Acct-Output-Voice-Octets: [0]
2013-11-20 10:57:58,642: DEBUG: Acct-Output-Gigawords: [0]
2013-11-20 10:57:58,642: DEBUG: Acct-Output-Gigawords: [0]
2013-11-20 10:57:58,642: DEBUG: GoGo-Total-Output-Voice-Packets: [0]
2013-11-20 10:57:58,642: DEBUG: GoGo-Total-Output-Voice-Packets: [0]
2013-11-20 10:57:58,642: DEBUG: Acct-Input-Gigawords: [0]
2013-11-20 10:57:58,642: DEBUG: Acct-Input-Gigawords: [0]
2013-11-20 10:57:58,642: DEBUG: Calling-Station-Id: [u'17:21:31:41:52:32']
2013-11-20 10:57:58,642: DEBUG: Calling-Station-Id: [u'17:21:31:41:52:32']
2013-11-20 10:57:58,642: DEBUG: NAS-Port-Type: ['Wireless-802.11']
2013-11-20 10:57:58,642: DEBUG: NAS-Port-Type: ['Wireless-802.11']
2013-11-20 10:57:58,642: DEBUG: GoGo-Total-Output-Voice-Octets: [0]
2013-11-20 10:57:58,642: DEBUG: GoGo-Total-Output-Voice-Octets: [0]
2013-11-20 10:57:58,642: DEBUG: GoGo-Private-IP-Address: ['192.168.1.179']
2013-11-20 10:57:58,642: DEBUG: GoGo-Private-IP-Address: ['192.168.1.179']
2013-11-20 10:57:58,642: DEBUG: GoGo-Acct-Input-Voice-Gigawords: [0]
2013-11-20 10:57:58,642: DEBUG: GoGo-Acct-Input-Voice-Gigawords: [0]
2013-11-20 10:57:58,643: DEBUG: GoGo-Total-Input-Packets: [10538]
2013-11-20 10:57:58,643: DEBUG: GoGo-Total-Input-Packets: [10538]
2013-11-20 10:57:58,643: DEBUG: GoGo-Total-Input-Gigawords: [0]
2013-11-20 10:57:58,643: DEBUG: GoGo-Total-Input-Gigawords: [0]
2013-11-20 10:57:58,643: DEBUG: GoGo-Acct-Input-Voice-Packets: [0]
2013-11-20 10:57:58,643: DEBUG: GoGo-Acct-Input-Voice-Packets: [0]
2013-11-20 10:57:58,643: DEBUG: GoGo-Total-Input-Octets: [1068922]
2013-11-20 10:57:58,643: DEBUG: GoGo-Total-Input-Octets: [1068922]
2013-11-20 10:57:58,643: DEBUG: GoGo-Total-Output-Packets: [83659]
2013-11-20 10:57:58,643: DEBUG: GoGo-Total-Output-Packets: [83659]
2013-11-20 10:57:58,643: DEBUG: WISPr-Location-ID: [u'airline=BA01,tail=01009,network=']
2013-11-20 10:57:58,643: DEBUG: WISPr-Location-ID: [u'airline=BA01,tail=01009,network=']
2013-11-20 10:57:58,643: DEBUG: GoGo-Acct-Output-Voice-Packets: [0]
2013-11-20 10:57:58,643: DEBUG: GoGo-Acct-Output-Voice-Packets: [0]
2013-11-20 10:57:58,643: DEBUG: GoGo-Acct-Output-Voice-Gigawords: [0]
2013-11-20 10:57:58,643: DEBUG: GoGo-Acct-Output-Voice-Gigawords: [0]
2013-11-20 10:57:58,643: DEBUG: Acct-Input-Octets: [1068922]
2013-11-20 10:57:58,643: DEBUG: Acct-Input-Octets: [1068922]
2013-11-20 10:57:58,644: ERROR: Network error, Reason: 'Network error: nodename nor servname provided, or not known'
2013-11-20 10:57:58,644: ERROR: Network error, Reason: 'Network error: nodename nor servname provided, or not known'
2013-11-20 10:57:58,644: ERROR: Ending the test for this user
2013-11-20 10:57:58,644: ERROR: Ending the test for this user
2013-11-20 10:57:58,644: DEBUG: Ending the test for this user
2013-11-20 10:57:58,644: DEBUG: Ending the test for this user
2013-11-20 10:57:59,561: DEBUG: Starting the client for the user username3@airborne.aircell.com to the server localhost

2013-11-20 10:57:59,561: DEBUG: Starting the client for the user username3@airborne.aircell.com to the server localhost

2013-11-20 10:57:59,561: DEBUG: DURATION of the TEST: 55
2013-11-20 10:57:59,561: DEBUG: DURATION of the TEST: 55
2013-11-20 10:57:59,561: DEBUG: NAS-IP: 10.254.162.1
2013-11-20 10:57:59,561: DEBUG: NAS-IP: 10.254.162.1
2013-11-20 10:57:59,561: DEBUG: NAS-MAC-ADDR: 18:21:31:41:52:38
2013-11-20 10:57:59,561: DEBUG: NAS-MAC-ADDR: 18:21:31:41:52:38
2013-11-20 10:57:59,562: DEBUG: Abruptly End: True
2013-11-20 10:57:59,562: DEBUG: Abruptly End: True
2013-11-20 10:57:59,562: DEBUG: Framed-IP: 10.254.162.145
2013-11-20 10:57:59,562: DEBUG: Framed-IP: 10.254.162.145
2013-11-20 10:57:59,562: DEBUG: User-MAC-Addr: 00:16:3E:06:E2:A3
2013-11-20 10:57:59,562: DEBUG: User-MAC-Addr: 00:16:3E:06:E2:A3
2013-11-20 10:57:59,562: DEBUG: 

2013-11-20 10:57:59,562: DEBUG: 

2013-11-20 10:57:59,563: DEBUG: Creating Authentication Request with the following Attributes:
2013-11-20 10:57:59,563: DEBUG: Creating Authentication Request with the following Attributes:
2013-11-20 10:57:59,563: DEBUG: NAS-Identifier: [u'C08386']
2013-11-20 10:57:59,563: DEBUG: NAS-Identifier: [u'C08386']
2013-11-20 10:57:59,563: DEBUG: User-Name: [u'username3@airborne.aircell.com']
2013-11-20 10:57:59,563: DEBUG: User-Name: [u'username3@airborne.aircell.com']
2013-11-20 10:57:59,563: DEBUG: NAS-IP-Address: ['10.254.162.1']
2013-11-20 10:57:59,563: DEBUG: NAS-IP-Address: ['10.254.162.1']
2013-11-20 10:57:59,563: DEBUG: Service-Type: ['Authenticate-Only']
2013-11-20 10:57:59,563: DEBUG: Service-Type: ['Authenticate-Only']
2013-11-20 10:57:59,563: DEBUG: Proxy-State: ['3237,3134']
2013-11-20 10:57:59,563: DEBUG: Proxy-State: ['3237,3134']
2013-11-20 10:57:59,563: DEBUG: Framed-IP-Address: ['10.254.162.145']
2013-11-20 10:57:59,563: DEBUG: Framed-IP-Address: ['10.254.162.145']
2013-11-20 10:57:59,564: DEBUG: GoGo-Airline: [u'BA01']
2013-11-20 10:57:59,564: DEBUG: GoGo-Airline: [u'BA01']
2013-11-20 10:57:59,564: DEBUG: Acct-Session-Id: [u'AAATestNAS_157-1384925279562-00163E06E2A3-3']
2013-11-20 10:57:59,564: DEBUG: Acct-Session-Id: [u'AAATestNAS_157-1384925279562-00163E06E2A3-3']
2013-11-20 10:57:59,564: DEBUG: GoGo-Tail-Number: [u'AAATestNAS_157']
2013-11-20 10:57:59,564: DEBUG: GoGo-Tail-Number: [u'AAATestNAS_157']
2013-11-20 10:57:59,564: DEBUG: GoGo-Private-IP-Address: ['192.168.1.179']
2013-11-20 10:57:59,564: DEBUG: GoGo-Private-IP-Address: ['192.168.1.179']
2013-11-20 10:57:59,564: DEBUG: WISPr-Location-ID: [u'airline=BA01,tail=01009,network=']
2013-11-20 10:57:59,564: DEBUG: WISPr-Location-ID: [u'airline=BA01,tail=01009,network=']
2013-11-20 10:57:59,564: DEBUG: WISPr-Location-Name: [u'TEST LLC,BA01_01009']
2013-11-20 10:57:59,564: DEBUG: WISPr-Location-Name: [u'TEST LLC,BA01_01009']
2013-11-20 10:57:59,564: DEBUG: NAS-Port-Type: ['Wireless-802.11']
2013-11-20 10:57:59,564: DEBUG: NAS-Port-Type: ['Wireless-802.11']
2013-11-20 10:57:59,565: DEBUG: Called-Station-Id: [u'00:16:3E:06:E2:A3']
2013-11-20 10:57:59,565: DEBUG: Called-Station-Id: [u'00:16:3E:06:E2:A3']
2013-11-20 10:57:59,565: DEBUG: Calling-Station-Id: [u'18:21:31:41:52:38']
2013-11-20 10:57:59,565: DEBUG: Calling-Station-Id: [u'18:21:31:41:52:38']
2013-11-20 10:57:59,565: ERROR: Network error, Reason: 'Network error: nodename nor servname provided, or not known'
2013-11-20 10:57:59,565: ERROR: Network error, Reason: 'Network error: nodename nor servname provided, or not known'
2013-11-20 10:57:59,565: DEBUG: Ending the test for this user
2013-11-20 10:57:59,565: DEBUG: Ending the test for this user
2013-11-20 10:58:00,570: DEBUG: Starting the client for the user username3@airborne.aircell.com to the server localhost

2013-11-20 10:58:00,570: DEBUG: Starting the client for the user username3@airborne.aircell.com to the server localhost

