2013-11-20 10:56:50,493: DEBUG: Starting the client for the user username34@airborne.aircell.com to the server localhost

2013-11-20 10:56:50,494: DEBUG: DURATION of the TEST: 29
2013-11-20 10:56:50,494: DEBUG: NAS-IP: 10.254.168.1
2013-11-20 10:56:50,495: DEBUG: NAS-MAC-ADDR: 18:21:31:41:52:44
2013-11-20 10:56:50,495: DEBUG: Abruptly End: False
2013-11-20 10:56:50,496: DEBUG: Framed-IP: 10.254.168.83
2013-11-20 10:56:50,497: DEBUG: User-MAC-Addr: 00:16:3E:2F:58:BD
2013-11-20 10:56:50,498: DEBUG: 

2013-11-20 10:56:50,500: DEBUG: Creating Authentication Request with the following Attributes:
2013-11-20 10:56:50,501: DEBUG: NAS-Identifier: [u'C08386']
2013-11-20 10:56:50,501: DEBUG: User-Name: [u'username34@airborne.aircell.com']
2013-11-20 10:56:50,502: DEBUG: NAS-IP-Address: ['10.254.168.1']
2013-11-20 10:56:50,502: DEBUG: Service-Type: ['Authenticate-Only']
2013-11-20 10:56:50,503: DEBUG: Proxy-State: ['3237,3134']
2013-11-20 10:56:50,504: DEBUG: Framed-IP-Address: ['10.254.168.83']
2013-11-20 10:56:50,504: DEBUG: GoGo-Airline: [u'BA01']
2013-11-20 10:56:50,505: DEBUG: Acct-Session-Id: [u'AAATestNAS_163-1384925210500-00163E2F58BD-1']
2013-11-20 10:56:50,505: DEBUG: GoGo-Tail-Number: [u'AAATestNAS_163']
2013-11-20 10:56:50,506: DEBUG: GoGo-Private-IP-Address: ['192.168.1.179']
2013-11-20 10:56:50,506: DEBUG: WISPr-Location-ID: [u'airline=BA01,tail=01009,network=']
2013-11-20 10:56:50,507: DEBUG: WISPr-Location-Name: [u'TEST LLC,BA01_01009']
2013-11-20 10:56:50,507: DEBUG: NAS-Port-Type: ['Wireless-802.11']
2013-11-20 10:56:50,507: DEBUG: Called-Station-Id: [u'00:16:3E:2F:58:BD']
2013-11-20 10:56:50,508: DEBUG: Calling-Station-Id: [u'18:21:31:41:52:44']
2013-11-20 10:56:50,509: DEBUG: 

2013-11-20 10:56:50,509: DEBUG: Received response with code: 2, Accepted
2013-11-20 10:56:50,510: DEBUG: Creating Authentication Request with the following Attributes:
2013-11-20 10:56:50,510: DEBUG: NAS-Identifier: [u'C08386']
2013-11-20 10:56:50,510: DEBUG: User-Name: [u'username34@airborne.aircell.com']
2013-11-20 10:56:50,511: DEBUG: NAS-IP-Address: ['10.254.168.1']
2013-11-20 10:56:50,511: DEBUG: Service-Type: ['Login-User']
2013-11-20 10:56:50,511: DEBUG: Proxy-State: ['3237,3134']
2013-11-20 10:56:50,511: DEBUG: Framed-IP-Address: ['10.254.168.83']
2013-11-20 10:56:50,512: DEBUG: GoGo-Airline: [u'BA01']
2013-11-20 10:56:50,512: DEBUG: Acct-Session-Id: [u'AAATestNAS_163-1384925210509-00163E2F58BD-1']
2013-11-20 10:56:50,512: DEBUG: GoGo-Tail-Number: [u'AAATestNAS_163']
2013-11-20 10:56:50,512: DEBUG: GoGo-Private-IP-Address: ['192.168.1.179']
2013-11-20 10:56:50,513: DEBUG: WISPr-Location-ID: [u'airline=BA01,tail=01009,network=']
2013-11-20 10:56:50,513: DEBUG: WISPr-Location-Name: [u'TEST LLC,BA01_01009']
2013-11-20 10:56:50,513: DEBUG: NAS-Port-Type: ['Wireless-802.11']
2013-11-20 10:56:50,513: DEBUG: Called-Station-Id: [u'00:16:3E:2F:58:BD']
2013-11-20 10:56:50,513: DEBUG: Calling-Station-Id: [u'18:21:31:41:52:44']
2013-11-20 10:56:50,515: DEBUG: 

2013-11-20 10:56:50,515: DEBUG: Received response with code: 2, Accepted
2013-11-20 10:56:50,515: DEBUG: 

2013-11-20 10:56:50,515: DEBUG: Creating Accounting start Request with the following Attributes:
2013-11-20 10:56:50,516: DEBUG: NAS-Identifier: [u'C08386']
2013-11-20 10:56:50,516: DEBUG: User-Name: [u'username34@airborne.aircell.com']
2013-11-20 10:56:50,516: DEBUG: GoGo-Tail-Number: [u'AAATestNAS_163']
2013-11-20 10:56:50,516: DEBUG: NAS-IP-Address: ['10.254.168.1']
2013-11-20 10:56:50,517: DEBUG: Proxy-State: ['3239,3131']
2013-11-20 10:56:50,517: DEBUG: Acct-Status-Type: ['Start']
2013-11-20 10:56:50,517: DEBUG: GoGo-Airline: [u'BA01']
2013-11-20 10:56:50,517: DEBUG: Acct-Session-Id: [u'AAATestNAS_163-1384925210509-00163E2F58BD-1']
2013-11-20 10:56:50,518: DEBUG: GoGo-Private-IP-Address: ['192.168.1.179']
2013-11-20 10:56:50,518: DEBUG: Framed-IP-Address: ['10.254.168.83']
2013-11-20 10:56:50,518: DEBUG: WISPr-Location-ID: [u'airline=BA01,tail=01009,network=']
2013-11-20 10:56:50,518: DEBUG: WISPr-Location-Name: [u'TEST LLC,BA01_01009']
2013-11-20 10:56:50,519: DEBUG: NAS-Port-Type: ['Wireless-802.11']
2013-11-20 10:56:50,519: DEBUG: Called-Station-Id: [u'00:16:3E:2F:58:BD']
2013-11-20 10:56:50,519: DEBUG: Calling-Station-Id: [u'18:21:31:41:52:44']
2013-11-20 10:56:50,520: DEBUG: 

2013-11-20 10:56:50,520: DEBUG: Received response with following attributes:
2013-11-20 10:57:00,521: DEBUG: 

2013-11-20 10:57:00,522: DEBUG: Creating Accounting Update Request with the following Attributes:
2013-11-20 10:57:00,522: DEBUG: User-Name: [u'username34@airborne.aircell.com']
2013-11-20 10:57:00,523: DEBUG: GoGo-Tail-Number: [u'AAATestNAS_163']
2013-11-20 10:57:00,524: DEBUG: Acct-Output-Octets: [1445970]
2013-11-20 10:57:00,524: DEBUG: NAS-IP-Address: ['10.254.168.1']
2013-11-20 10:57:00,524: DEBUG: GoGo-Total-Output-Gigawords: [0]
2013-11-20 10:57:00,524: DEBUG: Framed-IP-Address: ['10.254.168.83']
2013-11-20 10:57:00,525: DEBUG: GoGo-Total-Input-Voice-Gigawords: [0]
2013-11-20 10:57:00,525: DEBUG: GoGo-Total-Output-Octets: [1445970]
2013-11-20 10:57:00,525: DEBUG: GoGo-Acct-Input-Voice-Octets: [0]
2013-11-20 10:57:00,526: DEBUG: GoGo-Total-Input-Voice-Packets: [0]
2013-11-20 10:57:00,526: DEBUG: Called-Station-Id: [u'00:16:3E:2F:58:BD']
2013-11-20 10:57:00,526: DEBUG: WISPr-Location-Name: [u'TEST LLC,BA01_01009']
2013-11-20 10:57:00,526: DEBUG: NAS-Identifier: [u'C08386']
2013-11-20 10:57:00,526: DEBUG: Proxy-State: ['3330,3132']
2013-11-20 10:57:00,527: DEBUG: GoGo-Total-Input-Voice-Octets: [0]
2013-11-20 10:57:00,527: DEBUG: Acct-Status-Type: ['Interim-Update']
2013-11-20 10:57:00,527: DEBUG: GoGo-Total-Output-Voice-Gigawords: [0]
2013-11-20 10:57:00,527: DEBUG: GoGo-Airline: [u'BA01']
2013-11-20 10:57:00,528: DEBUG: Acct-Session-Id: [u'AAATestNAS_163-1384925210509-00163E2F58BD-1']
2013-11-20 10:57:00,528: DEBUG: Acct-Session-Time: [10]
2013-11-20 10:57:00,528: DEBUG: Acct-Input-Packets: [8621]
2013-11-20 10:57:00,529: DEBUG: Acct-Output-Packets: [8309]
2013-11-20 10:57:00,529: DEBUG: GoGo-Acct-Output-Voice-Packets: [0]
2013-11-20 10:57:00,529: DEBUG: GoGo-Acct-Output-Voice-Octets: [0]
2013-11-20 10:57:00,529: DEBUG: Acct-Output-Gigawords: [0]
2013-11-20 10:57:00,530: DEBUG: GoGo-Total-Output-Voice-Packets: [0]
2013-11-20 10:57:00,530: DEBUG: Acct-Input-Gigawords: [0]
2013-11-20 10:57:00,530: DEBUG: Calling-Station-Id: [u'18:21:31:41:52:44']
2013-11-20 10:57:00,531: DEBUG: NAS-Port-Type: ['Wireless-802.11']
2013-11-20 10:57:00,531: DEBUG: GoGo-Total-Output-Voice-Octets: [0]
2013-11-20 10:57:00,531: DEBUG: GoGo-Private-IP-Address: ['192.168.1.179']
2013-11-20 10:57:00,531: DEBUG: GoGo-Acct-Input-Voice-Gigawords: [0]
2013-11-20 10:57:00,532: DEBUG: GoGo-Total-Input-Packets: [8621]
2013-11-20 10:57:00,532: DEBUG: GoGo-Total-Input-Gigawords: [0]
2013-11-20 10:57:00,532: DEBUG: GoGo-Acct-Input-Voice-Packets: [0]
2013-11-20 10:57:00,533: DEBUG: GoGo-Total-Input-Octets: [2776549]
2013-11-20 10:57:00,533: DEBUG: GoGo-Total-Output-Packets: [8309]
2013-11-20 10:57:00,533: DEBUG: WISPr-Location-ID: [u'airline=BA01,tail=01009,network=']
2013-11-20 10:57:00,533: DEBUG: GoGo-Acct-Output-Voice-Gigawords: [0]
2013-11-20 10:57:00,534: DEBUG: Acct-Input-Octets: [2776549]
2013-11-20 10:57:00,536: DEBUG: 

2013-11-20 10:57:00,536: DEBUG: Received response with following attributes:
2013-11-20 10:57:10,537: DEBUG: 

2013-11-20 10:57:10,538: DEBUG: Creating Accounting Update Request with the following Attributes:
2013-11-20 10:57:10,539: DEBUG: User-Name: [u'username34@airborne.aircell.com']
2013-11-20 10:57:10,539: DEBUG: GoGo-Tail-Number: [u'AAATestNAS_163']
2013-11-20 10:57:10,539: DEBUG: Acct-Output-Octets: [1969141]
2013-11-20 10:57:10,539: DEBUG: NAS-IP-Address: ['10.254.168.1']
2013-11-20 10:57:10,540: DEBUG: GoGo-Total-Output-Gigawords: [0]
2013-11-20 10:57:10,540: DEBUG: Framed-IP-Address: ['10.254.168.83']
2013-11-20 10:57:10,540: DEBUG: GoGo-Total-Input-Voice-Gigawords: [0]
2013-11-20 10:57:10,541: DEBUG: GoGo-Total-Output-Octets: [1969141]
2013-11-20 10:57:10,541: DEBUG: GoGo-Acct-Input-Voice-Octets: [0]
2013-11-20 10:57:10,542: DEBUG: GoGo-Total-Input-Voice-Packets: [0]
2013-11-20 10:57:10,543: DEBUG: Called-Station-Id: [u'00:16:3E:2F:58:BD']
2013-11-20 10:57:10,543: DEBUG: WISPr-Location-Name: [u'TEST LLC,BA01_01009']
2013-11-20 10:57:10,544: DEBUG: NAS-Identifier: [u'C08386']
2013-11-20 10:57:10,545: DEBUG: Proxy-State: ['3330,3132']
2013-11-20 10:57:10,545: DEBUG: GoGo-Total-Input-Voice-Octets: [0]
2013-11-20 10:57:10,546: DEBUG: Acct-Status-Type: ['Interim-Update']
2013-11-20 10:57:10,547: DEBUG: GoGo-Total-Output-Voice-Gigawords: [0]
2013-11-20 10:57:10,548: DEBUG: GoGo-Airline: [u'BA01']
2013-11-20 10:57:10,548: DEBUG: Acct-Session-Id: [u'AAATestNAS_163-1384925210509-00163E2F58BD-1']
2013-11-20 10:57:10,549: DEBUG: Acct-Session-Time: [10]
2013-11-20 10:57:10,549: DEBUG: Acct-Input-Packets: [21766]
2013-11-20 10:57:10,550: DEBUG: Acct-Output-Packets: [15208]
2013-11-20 10:57:10,550: DEBUG: GoGo-Acct-Output-Voice-Packets: [0]
2013-11-20 10:57:10,550: DEBUG: GoGo-Acct-Output-Voice-Octets: [0]
2013-11-20 10:57:10,551: DEBUG: Acct-Output-Gigawords: [0]
2013-11-20 10:57:10,551: DEBUG: GoGo-Total-Output-Voice-Packets: [0]
2013-11-20 10:57:10,551: DEBUG: Acct-Input-Gigawords: [0]
2013-11-20 10:57:10,552: DEBUG: Calling-Station-Id: [u'18:21:31:41:52:44']
2013-11-20 10:57:10,553: DEBUG: NAS-Port-Type: ['Wireless-802.11']
2013-11-20 10:57:10,553: DEBUG: GoGo-Total-Output-Voice-Octets: [0]
2013-11-20 10:57:10,553: DEBUG: GoGo-Private-IP-Address: ['192.168.1.179']
2013-11-20 10:57:10,553: DEBUG: GoGo-Acct-Input-Voice-Gigawords: [0]
2013-11-20 10:57:10,554: DEBUG: GoGo-Total-Input-Packets: [21766]
2013-11-20 10:57:10,554: DEBUG: GoGo-Total-Input-Gigawords: [0]
2013-11-20 10:57:10,554: DEBUG: GoGo-Acct-Input-Voice-Packets: [0]
2013-11-20 10:57:10,554: DEBUG: GoGo-Total-Input-Octets: [6719811]
2013-11-20 10:57:10,554: DEBUG: GoGo-Total-Output-Packets: [15208]
2013-11-20 10:57:10,554: DEBUG: WISPr-Location-ID: [u'airline=BA01,tail=01009,network=']
2013-11-20 10:57:10,555: DEBUG: GoGo-Acct-Output-Voice-Gigawords: [0]
2013-11-20 10:57:10,555: DEBUG: Acct-Input-Octets: [6719811]
2013-11-20 10:57:10,556: DEBUG: 

2013-11-20 10:57:10,556: DEBUG: Received response with following attributes:
2013-11-20 10:57:19,557: DEBUG: 

2013-11-20 10:57:19,558: DEBUG: Creating Accounting Update Request with the following Attributes:
2013-11-20 10:57:19,560: DEBUG: User-Name: [u'username34@airborne.aircell.com']
2013-11-20 10:57:19,562: DEBUG: GoGo-Tail-Number: [u'AAATestNAS_163']
2013-11-20 10:57:19,564: DEBUG: Acct-Output-Octets: [6896970]
2013-11-20 10:57:19,565: DEBUG: NAS-IP-Address: ['10.254.168.1']
2013-11-20 10:57:19,567: DEBUG: GoGo-Total-Output-Gigawords: [0]
2013-11-20 10:57:19,568: DEBUG: Framed-IP-Address: ['10.254.168.83']
2013-11-20 10:57:19,569: DEBUG: GoGo-Total-Input-Voice-Gigawords: [0]
2013-11-20 10:57:19,571: DEBUG: GoGo-Total-Output-Octets: [6896970]
2013-11-20 10:57:19,574: DEBUG: GoGo-Acct-Input-Voice-Octets: [0]
2013-11-20 10:57:19,575: DEBUG: GoGo-Total-Input-Voice-Packets: [0]
2013-11-20 10:57:19,575: DEBUG: Called-Station-Id: [u'00:16:3E:2F:58:BD']
2013-11-20 10:57:19,576: DEBUG: WISPr-Location-Name: [u'TEST LLC,BA01_01009']
2013-11-20 10:57:19,577: DEBUG: NAS-Identifier: [u'C08386']
2013-11-20 10:57:19,579: DEBUG: Proxy-State: ['3330,3132']
2013-11-20 10:57:19,580: DEBUG: GoGo-Total-Input-Voice-Octets: [0]
2013-11-20 10:57:19,580: DEBUG: Acct-Status-Type: ['Interim-Update']
2013-11-20 10:57:19,581: DEBUG: GoGo-Total-Output-Voice-Gigawords: [0]
2013-11-20 10:57:19,582: DEBUG: GoGo-Airline: [u'BA01']
2013-11-20 10:57:19,583: DEBUG: Acct-Session-Id: [u'AAATestNAS_163-1384925210509-00163E2F58BD-1']
2013-11-20 10:57:19,584: DEBUG: Acct-Session-Time: [9]
2013-11-20 10:57:19,586: DEBUG: Acct-Input-Packets: [43290]
2013-11-20 10:57:19,588: DEBUG: Acct-Output-Packets: [61857]
2013-11-20 10:57:19,590: DEBUG: GoGo-Acct-Output-Voice-Packets: [0]
2013-11-20 10:57:19,591: DEBUG: GoGo-Acct-Output-Voice-Octets: [0]
2013-11-20 10:57:19,594: DEBUG: Acct-Output-Gigawords: [0]
2013-11-20 10:57:19,597: DEBUG: GoGo-Total-Output-Voice-Packets: [0]
2013-11-20 10:57:19,598: DEBUG: Acct-Input-Gigawords: [0]
2013-11-20 10:57:19,600: DEBUG: Calling-Station-Id: [u'18:21:31:41:52:44']
2013-11-20 10:57:19,602: DEBUG: NAS-Port-Type: ['Wireless-802.11']
2013-11-20 10:57:19,603: DEBUG: GoGo-Total-Output-Voice-Octets: [0]
2013-11-20 10:57:19,606: DEBUG: GoGo-Private-IP-Address: ['192.168.1.179']
2013-11-20 10:57:19,608: DEBUG: GoGo-Acct-Input-Voice-Gigawords: [0]
2013-11-20 10:57:19,610: DEBUG: GoGo-Total-Input-Packets: [43290]
2013-11-20 10:57:19,611: DEBUG: GoGo-Total-Input-Gigawords: [0]
2013-11-20 10:57:19,612: DEBUG: GoGo-Acct-Input-Voice-Packets: [0]
2013-11-20 10:57:19,613: DEBUG: GoGo-Total-Input-Octets: [5328918]
2013-11-20 10:57:19,617: DEBUG: GoGo-Total-Output-Packets: [61857]
2013-11-20 10:57:19,619: DEBUG: WISPr-Location-ID: [u'airline=BA01,tail=01009,network=']
2013-11-20 10:57:19,620: DEBUG: GoGo-Acct-Output-Voice-Gigawords: [0]
2013-11-20 10:57:19,622: DEBUG: Acct-Input-Octets: [5328918]
2013-11-20 10:57:19,626: DEBUG: 

2013-11-20 10:57:19,626: DEBUG: Received response with following attributes:
2013-11-20 10:57:36,630: DEBUG: 

2013-11-20 10:57:36,630: DEBUG: Creating Accounting Stop Request with the following Attributes:
2013-11-20 10:57:36,631: DEBUG: User-Name: [u'username34@airborne.aircell.com']
2013-11-20 10:57:36,631: DEBUG: GoGo-Tail-Number: [u'01009']
2013-11-20 10:57:36,631: DEBUG: Acct-Output-Octets: [1231855]
2013-11-20 10:57:36,631: DEBUG: NAS-IP-Address: ['10.254.168.1']
2013-11-20 10:57:36,631: DEBUG: GoGo-Total-Output-Gigawords: [0]
2013-11-20 10:57:36,631: DEBUG: Framed-IP-Address: ['10.254.168.83']
2013-11-20 10:57:36,631: DEBUG: GoGo-Total-Input-Voice-Gigawords: [0]
2013-11-20 10:57:36,631: DEBUG: GoGo-Total-Output-Octets: [1231855]
2013-11-20 10:57:36,631: DEBUG: GoGo-Acct-Input-Voice-Octets: [0]
2013-11-20 10:57:36,632: DEBUG: GoGo-Total-Input-Voice-Packets: [0]
2013-11-20 10:57:36,632: DEBUG: Called-Station-Id: [u'00:16:3E:2F:58:BD']
2013-11-20 10:57:36,632: DEBUG: WISPr-Location-Name: [u'TEST LLC,BA01_01009']
2013-11-20 10:57:36,632: DEBUG: NAS-Identifier: [u'C08386']
2013-11-20 10:57:36,632: DEBUG: Proxy-State: ['3330,3132']
2013-11-20 10:57:36,632: DEBUG: GoGo-Total-Input-Voice-Octets: [0]
2013-11-20 10:57:36,632: DEBUG: Acct-Status-Type: ['Stop']
2013-11-20 10:57:36,632: DEBUG: GoGo-Total-Output-Voice-Gigawords: [0]
2013-11-20 10:57:36,632: DEBUG: GoGo-Airline: [u'BA01']
2013-11-20 10:57:36,633: DEBUG: Acct-Session-Id: [u'AAATestNAS_163-1384925210509-00163E2F58BD-1']
2013-11-20 10:57:36,633: DEBUG: Acct-Session-Time: [17]
2013-11-20 10:57:36,633: DEBUG: Acct-Input-Packets: [14725]
2013-11-20 10:57:36,633: DEBUG: Acct-Output-Packets: [6971]
2013-11-20 10:57:36,633: DEBUG: Acct-Terminate-Cause: ['User-Request']
2013-11-20 10:57:36,633: DEBUG: GoGo-Acct-Output-Voice-Octets: [0]
2013-11-20 10:57:36,633: DEBUG: Acct-Output-Gigawords: [0]
2013-11-20 10:57:36,633: DEBUG: GoGo-Total-Output-Voice-Packets: [0]
2013-11-20 10:57:36,633: DEBUG: Acct-Input-Gigawords: [0]
2013-11-20 10:57:36,633: DEBUG: Calling-Station-Id: [u'18:21:31:41:52:44']
2013-11-20 10:57:36,634: DEBUG: NAS-Port-Type: ['Wireless-802.11']
2013-11-20 10:57:36,634: DEBUG: GoGo-Total-Output-Voice-Octets: [0]
2013-11-20 10:57:36,634: DEBUG: GoGo-Private-IP-Address: ['192.168.1.179']
2013-11-20 10:57:36,634: DEBUG: GoGo-Acct-Input-Voice-Gigawords: [0]
2013-11-20 10:57:36,634: DEBUG: GoGo-Total-Input-Packets: [14725]
2013-11-20 10:57:36,634: DEBUG: GoGo-Total-Input-Gigawords: [0]
2013-11-20 10:57:36,634: DEBUG: GoGo-Acct-Input-Voice-Packets: [0]
2013-11-20 10:57:36,634: DEBUG: GoGo-Total-Input-Octets: [3759636]
2013-11-20 10:57:36,634: DEBUG: GoGo-Total-Output-Packets: [6971]
2013-11-20 10:57:36,634: DEBUG: WISPr-Location-ID: [u'airline=BA01,tail=01009,network=']
2013-11-20 10:57:36,635: DEBUG: GoGo-Acct-Output-Voice-Packets: [0]
2013-11-20 10:57:36,635: DEBUG: GoGo-Acct-Output-Voice-Gigawords: [0]
2013-11-20 10:57:36,635: DEBUG: Acct-Input-Octets: [3759636]
2013-11-20 10:57:36,635: ERROR: Network error, Reason: 'Network error: Too many open files'
2013-11-20 10:57:36,635: ERROR: Ending the test for this user
2013-11-20 10:57:36,635: DEBUG: Ending the test for this user
