2013-11-20 10:55:42,316: DEBUG: Starting the client for the user username50@airborne.aircell.com to the server localhost

2013-11-20 10:55:42,316: DEBUG: DURATION of the TEST: 13
2013-11-20 10:55:42,317: DEBUG: NAS-IP: 10.254.33.1
2013-11-20 10:55:42,317: DEBUG: NAS-MAC-ADDR: 16:21:31:41:51:88
2013-11-20 10:55:42,317: DEBUG: Abruptly End: False
2013-11-20 10:55:42,317: DEBUG: Framed-IP: 10.254.33.86
2013-11-20 10:55:42,317: DEBUG: User-MAC-Addr: 00:16:3E:50:1F:D4
2013-11-20 10:55:42,317: DEBUG: 

2013-11-20 10:55:42,317: DEBUG: Creating Authentication Request with the following Attributes:
2013-11-20 10:55:42,318: DEBUG: NAS-Identifier: [u'C08386']
2013-11-20 10:55:42,318: DEBUG: User-Name: [u'username50@airborne.aircell.com']
2013-11-20 10:55:42,318: DEBUG: NAS-IP-Address: ['10.254.33.1']
2013-11-20 10:55:42,318: DEBUG: Service-Type: ['Authenticate-Only']
2013-11-20 10:55:42,318: DEBUG: Proxy-State: ['3237,3134']
2013-11-20 10:55:42,318: DEBUG: Framed-IP-Address: ['10.254.33.86']
2013-11-20 10:55:42,318: DEBUG: GoGo-Airline: [u'BA01']
2013-11-20 10:55:42,318: DEBUG: Acct-Session-Id: [u'AAATestNAS_28-1384925142317-00163E501FD4-1']
2013-11-20 10:55:42,318: DEBUG: GoGo-Tail-Number: [u'AAATestNAS_28']
2013-11-20 10:55:42,318: DEBUG: GoGo-Private-IP-Address: ['192.168.1.179']
2013-11-20 10:55:42,318: DEBUG: WISPr-Location-ID: [u'airline=BA01,tail=01009,network=']
2013-11-20 10:55:42,319: DEBUG: WISPr-Location-Name: [u'TEST LLC,BA01_01009']
2013-11-20 10:55:42,319: DEBUG: NAS-Port-Type: ['Wireless-802.11']
2013-11-20 10:55:42,319: DEBUG: Called-Station-Id: [u'00:16:3E:50:1F:D4']
2013-11-20 10:55:42,319: DEBUG: Calling-Station-Id: [u'16:21:31:41:51:88']
2013-11-20 10:55:42,320: DEBUG: 

2013-11-20 10:55:42,320: DEBUG: Received response with code: 2, Accepted
2013-11-20 10:55:42,320: DEBUG: Creating Authentication Request with the following Attributes:
2013-11-20 10:55:42,320: DEBUG: NAS-Identifier: [u'C08386']
2013-11-20 10:55:42,320: DEBUG: User-Name: [u'username50@airborne.aircell.com']
2013-11-20 10:55:42,321: DEBUG: NAS-IP-Address: ['10.254.33.1']
2013-11-20 10:55:42,321: DEBUG: Service-Type: ['Login-User']
2013-11-20 10:55:42,321: DEBUG: Proxy-State: ['3237,3134']
2013-11-20 10:55:42,321: DEBUG: Framed-IP-Address: ['10.254.33.86']
2013-11-20 10:55:42,321: DEBUG: GoGo-Airline: [u'BA01']
2013-11-20 10:55:42,321: DEBUG: Acct-Session-Id: [u'AAATestNAS_28-1384925142320-00163E501FD4-1']
2013-11-20 10:55:42,321: DEBUG: GoGo-Tail-Number: [u'AAATestNAS_28']
2013-11-20 10:55:42,321: DEBUG: GoGo-Private-IP-Address: ['192.168.1.179']
2013-11-20 10:55:42,321: DEBUG: WISPr-Location-ID: [u'airline=BA01,tail=01009,network=']
2013-11-20 10:55:42,321: DEBUG: WISPr-Location-Name: [u'TEST LLC,BA01_01009']
2013-11-20 10:55:42,321: DEBUG: NAS-Port-Type: ['Wireless-802.11']
2013-11-20 10:55:42,321: DEBUG: Called-Station-Id: [u'00:16:3E:50:1F:D4']
2013-11-20 10:55:42,321: DEBUG: Calling-Station-Id: [u'16:21:31:41:51:88']
2013-11-20 10:55:42,322: DEBUG: 

2013-11-20 10:55:42,322: DEBUG: Received response with code: 2, Accepted
2013-11-20 10:55:42,322: DEBUG: 

2013-11-20 10:55:42,323: DEBUG: Creating Accounting start Request with the following Attributes:
2013-11-20 10:55:42,323: DEBUG: NAS-Identifier: [u'C08386']
2013-11-20 10:55:42,323: DEBUG: User-Name: [u'username50@airborne.aircell.com']
2013-11-20 10:55:42,323: DEBUG: GoGo-Tail-Number: [u'AAATestNAS_28']
2013-11-20 10:55:42,323: DEBUG: NAS-IP-Address: ['10.254.33.1']
2013-11-20 10:55:42,323: DEBUG: Proxy-State: ['3239,3131']
2013-11-20 10:55:42,323: DEBUG: Acct-Status-Type: ['Start']
2013-11-20 10:55:42,323: DEBUG: GoGo-Airline: [u'BA01']
2013-11-20 10:55:42,323: DEBUG: Acct-Session-Id: [u'AAATestNAS_28-1384925142320-00163E501FD4-1']
2013-11-20 10:55:42,323: DEBUG: GoGo-Private-IP-Address: ['192.168.1.179']
2013-11-20 10:55:42,323: DEBUG: Framed-IP-Address: ['10.254.33.86']
2013-11-20 10:55:42,324: DEBUG: WISPr-Location-ID: [u'airline=BA01,tail=01009,network=']
2013-11-20 10:55:42,324: DEBUG: WISPr-Location-Name: [u'TEST LLC,BA01_01009']
2013-11-20 10:55:42,324: DEBUG: NAS-Port-Type: ['Wireless-802.11']
2013-11-20 10:55:42,324: DEBUG: Called-Station-Id: [u'00:16:3E:50:1F:D4']
2013-11-20 10:55:42,324: DEBUG: Calling-Station-Id: [u'16:21:31:41:51:88']
2013-11-20 10:55:42,325: DEBUG: 

2013-11-20 10:55:42,325: DEBUG: Received response with following attributes:
2013-11-20 10:55:52,326: DEBUG: 

2013-11-20 10:55:52,327: DEBUG: Creating Accounting Update Request with the following Attributes:
2013-11-20 10:55:52,327: DEBUG: User-Name: [u'username50@airborne.aircell.com']
2013-11-20 10:55:52,327: DEBUG: GoGo-Tail-Number: [u'AAATestNAS_28']
2013-11-20 10:55:52,327: DEBUG: Acct-Output-Octets: [3388062]
2013-11-20 10:55:52,327: DEBUG: NAS-IP-Address: ['10.254.33.1']
2013-11-20 10:55:52,327: DEBUG: GoGo-Total-Output-Gigawords: [0]
2013-11-20 10:55:52,327: DEBUG: Framed-IP-Address: ['10.254.33.86']
2013-11-20 10:55:52,327: DEBUG: GoGo-Total-Input-Voice-Gigawords: [0]
2013-11-20 10:55:52,327: DEBUG: GoGo-Total-Output-Octets: [3388062]
2013-11-20 10:55:52,327: DEBUG: GoGo-Acct-Input-Voice-Octets: [0]
2013-11-20 10:55:52,327: DEBUG: GoGo-Total-Input-Voice-Packets: [0]
2013-11-20 10:55:52,327: DEBUG: Called-Station-Id: [u'00:16:3E:50:1F:D4']
2013-11-20 10:55:52,327: DEBUG: WISPr-Location-Name: [u'TEST LLC,BA01_01009']
2013-11-20 10:55:52,328: DEBUG: NAS-Identifier: [u'C08386']
2013-11-20 10:55:52,328: DEBUG: Proxy-State: ['3330,3132']
2013-11-20 10:55:52,328: DEBUG: GoGo-Total-Input-Voice-Octets: [0]
2013-11-20 10:55:52,328: DEBUG: Acct-Status-Type: ['Interim-Update']
2013-11-20 10:55:52,328: DEBUG: GoGo-Total-Output-Voice-Gigawords: [0]
2013-11-20 10:55:52,328: DEBUG: GoGo-Airline: [u'BA01']
2013-11-20 10:55:52,328: DEBUG: Acct-Session-Id: [u'AAATestNAS_28-1384925142320-00163E501FD4-1']
2013-11-20 10:55:52,328: DEBUG: Acct-Session-Time: [10]
2013-11-20 10:55:52,328: DEBUG: Acct-Input-Packets: [17505]
2013-11-20 10:55:52,328: DEBUG: Acct-Output-Packets: [3634]
2013-11-20 10:55:52,328: DEBUG: GoGo-Acct-Output-Voice-Packets: [0]
2013-11-20 10:55:52,328: DEBUG: GoGo-Acct-Output-Voice-Octets: [0]
2013-11-20 10:55:52,328: DEBUG: Acct-Output-Gigawords: [0]
2013-11-20 10:55:52,328: DEBUG: GoGo-Total-Output-Voice-Packets: [0]
2013-11-20 10:55:52,328: DEBUG: Acct-Input-Gigawords: [0]
2013-11-20 10:55:52,328: DEBUG: Calling-Station-Id: [u'16:21:31:41:51:88']
2013-11-20 10:55:52,329: DEBUG: NAS-Port-Type: ['Wireless-802.11']
2013-11-20 10:55:52,329: DEBUG: GoGo-Total-Output-Voice-Octets: [0]
2013-11-20 10:55:52,329: DEBUG: GoGo-Private-IP-Address: ['192.168.1.179']
2013-11-20 10:55:52,329: DEBUG: GoGo-Acct-Input-Voice-Gigawords: [0]
2013-11-20 10:55:52,329: DEBUG: GoGo-Total-Input-Packets: [17505]
2013-11-20 10:55:52,329: DEBUG: GoGo-Total-Input-Gigawords: [0]
2013-11-20 10:55:52,329: DEBUG: GoGo-Acct-Input-Voice-Packets: [0]
2013-11-20 10:55:52,329: DEBUG: GoGo-Total-Input-Octets: [2687141]
2013-11-20 10:55:52,329: DEBUG: GoGo-Total-Output-Packets: [3634]
2013-11-20 10:55:52,329: DEBUG: WISPr-Location-ID: [u'airline=BA01,tail=01009,network=']
2013-11-20 10:55:52,329: DEBUG: GoGo-Acct-Output-Voice-Gigawords: [0]
2013-11-20 10:55:52,329: DEBUG: Acct-Input-Octets: [2687141]
2013-11-20 10:55:52,331: DEBUG: 

2013-11-20 10:55:52,331: DEBUG: Received response with following attributes:
2013-11-20 10:56:10,332: DEBUG: 

2013-11-20 10:56:10,333: DEBUG: Creating Accounting Stop Request with the following Attributes:
2013-11-20 10:56:10,333: DEBUG: User-Name: [u'username50@airborne.aircell.com']
2013-11-20 10:56:10,333: DEBUG: GoGo-Tail-Number: [u'01009']
2013-11-20 10:56:10,333: DEBUG: Acct-Output-Octets: [3570227]
2013-11-20 10:56:10,333: DEBUG: NAS-IP-Address: ['10.254.33.1']
2013-11-20 10:56:10,334: DEBUG: GoGo-Total-Output-Gigawords: [0]
2013-11-20 10:56:10,334: DEBUG: Framed-IP-Address: ['10.254.33.86']
2013-11-20 10:56:10,334: DEBUG: GoGo-Total-Input-Voice-Gigawords: [0]
2013-11-20 10:56:10,334: DEBUG: GoGo-Total-Output-Octets: [3570227]
2013-11-20 10:56:10,334: DEBUG: GoGo-Acct-Input-Voice-Octets: [0]
2013-11-20 10:56:10,334: DEBUG: GoGo-Total-Input-Voice-Packets: [0]
2013-11-20 10:56:10,334: DEBUG: Called-Station-Id: [u'00:16:3E:50:1F:D4']
2013-11-20 10:56:10,334: DEBUG: WISPr-Location-Name: [u'TEST LLC,BA01_01009']
2013-11-20 10:56:10,334: DEBUG: NAS-Identifier: [u'C08386']
2013-11-20 10:56:10,334: DEBUG: Proxy-State: ['3330,3132']
2013-11-20 10:56:10,335: DEBUG: GoGo-Total-Input-Voice-Octets: [0]
2013-11-20 10:56:10,335: DEBUG: Acct-Status-Type: ['Stop']
2013-11-20 10:56:10,335: DEBUG: GoGo-Total-Output-Voice-Gigawords: [0]
2013-11-20 10:56:10,335: DEBUG: GoGo-Airline: [u'BA01']
2013-11-20 10:56:10,335: DEBUG: Acct-Session-Id: [u'AAATestNAS_28-1384925142320-00163E501FD4-1']
2013-11-20 10:56:10,335: DEBUG: Acct-Session-Time: [18]
2013-11-20 10:56:10,335: DEBUG: Acct-Input-Packets: [10820]
2013-11-20 10:56:10,335: DEBUG: Acct-Output-Packets: [21562]
2013-11-20 10:56:10,335: DEBUG: Acct-Terminate-Cause: ['User-Request']
2013-11-20 10:56:10,335: DEBUG: GoGo-Acct-Output-Voice-Octets: [0]
2013-11-20 10:56:10,335: DEBUG: Acct-Output-Gigawords: [0]
2013-11-20 10:56:10,335: DEBUG: GoGo-Total-Output-Voice-Packets: [0]
2013-11-20 10:56:10,335: DEBUG: Acct-Input-Gigawords: [0]
2013-11-20 10:56:10,335: DEBUG: Calling-Station-Id: [u'16:21:31:41:51:88']
2013-11-20 10:56:10,336: DEBUG: NAS-Port-Type: ['Wireless-802.11']
2013-11-20 10:56:10,336: DEBUG: GoGo-Total-Output-Voice-Octets: [0]
2013-11-20 10:56:10,336: DEBUG: GoGo-Private-IP-Address: ['192.168.1.179']
2013-11-20 10:56:10,336: DEBUG: GoGo-Acct-Input-Voice-Gigawords: [0]
2013-11-20 10:56:10,336: DEBUG: GoGo-Total-Input-Packets: [10820]
2013-11-20 10:56:10,336: DEBUG: GoGo-Total-Input-Gigawords: [0]
2013-11-20 10:56:10,336: DEBUG: GoGo-Acct-Input-Voice-Packets: [0]
2013-11-20 10:56:10,336: DEBUG: GoGo-Total-Input-Octets: [4020918]
2013-11-20 10:56:10,336: DEBUG: GoGo-Total-Output-Packets: [21562]
2013-11-20 10:56:10,336: DEBUG: WISPr-Location-ID: [u'airline=BA01,tail=01009,network=']
2013-11-20 10:56:10,336: DEBUG: GoGo-Acct-Output-Voice-Packets: [0]
2013-11-20 10:56:10,336: DEBUG: GoGo-Acct-Output-Voice-Gigawords: [0]
2013-11-20 10:56:10,336: DEBUG: Acct-Input-Octets: [4020918]
2013-11-20 10:56:10,338: DEBUG: 

2013-11-20 10:56:10,338: DEBUG: Received response with following attributes:
2013-11-20 10:56:10,338: DEBUG: Ending the test for this user
2013-11-20 10:56:10,422: DEBUG: Starting the client for the user username50@airborne.aircell.com to the server localhost

2013-11-20 10:56:10,423: DEBUG: DURATION of the TEST: 40
2013-11-20 10:56:10,423: DEBUG: NAS-IP: 10.254.228.1
2013-11-20 10:56:10,423: DEBUG: NAS-MAC-ADDR: 19:21:31:41:52:05
2013-11-20 10:56:10,423: DEBUG: Abruptly End: False
2013-11-20 10:56:10,423: DEBUG: Framed-IP: 10.254.228.116
2013-11-20 10:56:10,423: DEBUG: User-MAC-Addr: 00:16:3E:56:8D:70
2013-11-20 10:56:10,424: DEBUG: 

2013-11-20 10:56:10,425: DEBUG: Creating Authentication Request with the following Attributes:
2013-11-20 10:56:10,425: DEBUG: NAS-Identifier: [u'C08386']
2013-11-20 10:56:10,425: DEBUG: User-Name: [u'username50@airborne.aircell.com']
2013-11-20 10:56:10,425: DEBUG: NAS-IP-Address: ['10.254.228.1']
2013-11-20 10:56:10,426: DEBUG: Service-Type: ['Authenticate-Only']
2013-11-20 10:56:10,426: DEBUG: Proxy-State: ['3237,3134']
2013-11-20 10:56:10,426: DEBUG: Framed-IP-Address: ['10.254.228.116']
2013-11-20 10:56:10,426: DEBUG: GoGo-Airline: [u'BA01']
2013-11-20 10:56:10,426: DEBUG: Acct-Session-Id: [u'AAATestNAS_223-1384925170424-00163E568D70-2']
2013-11-20 10:56:10,427: DEBUG: GoGo-Tail-Number: [u'AAATestNAS_223']
2013-11-20 10:56:10,427: DEBUG: GoGo-Private-IP-Address: ['192.168.1.179']
2013-11-20 10:56:10,427: DEBUG: WISPr-Location-ID: [u'airline=BA01,tail=01009,network=']
2013-11-20 10:56:10,427: DEBUG: WISPr-Location-Name: [u'TEST LLC,BA01_01009']
2013-11-20 10:56:10,427: DEBUG: NAS-Port-Type: ['Wireless-802.11']
2013-11-20 10:56:10,427: DEBUG: Called-Station-Id: [u'00:16:3E:56:8D:70']
2013-11-20 10:56:10,428: DEBUG: Calling-Station-Id: [u'19:21:31:41:52:05']
2013-11-20 10:56:10,429: DEBUG: 

2013-11-20 10:56:10,429: DEBUG: Received response with code: 2, Accepted
2013-11-20 10:56:10,430: DEBUG: Creating Authentication Request with the following Attributes:
2013-11-20 10:56:10,430: DEBUG: NAS-Identifier: [u'C08386']
2013-11-20 10:56:10,430: DEBUG: User-Name: [u'username50@airborne.aircell.com']
2013-11-20 10:56:10,430: DEBUG: NAS-IP-Address: ['10.254.228.1']
2013-11-20 10:56:10,430: DEBUG: Service-Type: ['Login-User']
2013-11-20 10:56:10,431: DEBUG: Proxy-State: ['3237,3134']
2013-11-20 10:56:10,431: DEBUG: Framed-IP-Address: ['10.254.228.116']
2013-11-20 10:56:10,431: DEBUG: GoGo-Airline: [u'BA01']
2013-11-20 10:56:10,431: DEBUG: Acct-Session-Id: [u'AAATestNAS_223-1384925170429-00163E568D70-2']
2013-11-20 10:56:10,431: DEBUG: GoGo-Tail-Number: [u'AAATestNAS_223']
2013-11-20 10:56:10,431: DEBUG: GoGo-Private-IP-Address: ['192.168.1.179']
2013-11-20 10:56:10,431: DEBUG: WISPr-Location-ID: [u'airline=BA01,tail=01009,network=']
2013-11-20 10:56:10,432: DEBUG: WISPr-Location-Name: [u'TEST LLC,BA01_01009']
2013-11-20 10:56:10,432: DEBUG: NAS-Port-Type: ['Wireless-802.11']
2013-11-20 10:56:10,432: DEBUG: Called-Station-Id: [u'00:16:3E:56:8D:70']
2013-11-20 10:56:10,432: DEBUG: Calling-Station-Id: [u'19:21:31:41:52:05']
2013-11-20 10:56:10,433: DEBUG: 

2013-11-20 10:56:10,434: DEBUG: Received response with code: 2, Accepted
2013-11-20 10:56:10,434: DEBUG: 

2013-11-20 10:56:10,435: DEBUG: Creating Accounting start Request with the following Attributes:
2013-11-20 10:56:10,436: DEBUG: NAS-Identifier: [u'C08386']
2013-11-20 10:56:10,436: DEBUG: User-Name: [u'username50@airborne.aircell.com']
2013-11-20 10:56:10,436: DEBUG: GoGo-Tail-Number: [u'AAATestNAS_223']
2013-11-20 10:56:10,437: DEBUG: NAS-IP-Address: ['10.254.228.1']
2013-11-20 10:56:10,437: DEBUG: Proxy-State: ['3239,3131']
2013-11-20 10:56:10,437: DEBUG: Acct-Status-Type: ['Start']
2013-11-20 10:56:10,438: DEBUG: GoGo-Airline: [u'BA01']
2013-11-20 10:56:10,438: DEBUG: Acct-Session-Id: [u'AAATestNAS_223-1384925170429-00163E568D70-2']
2013-11-20 10:56:10,438: DEBUG: GoGo-Private-IP-Address: ['192.168.1.179']
2013-11-20 10:56:10,438: DEBUG: Framed-IP-Address: ['10.254.228.116']
2013-11-20 10:56:10,439: DEBUG: WISPr-Location-ID: [u'airline=BA01,tail=01009,network=']
2013-11-20 10:56:10,439: DEBUG: WISPr-Location-Name: [u'TEST LLC,BA01_01009']
2013-11-20 10:56:10,439: DEBUG: NAS-Port-Type: ['Wireless-802.11']
2013-11-20 10:56:10,440: DEBUG: Called-Station-Id: [u'00:16:3E:56:8D:70']
2013-11-20 10:56:10,440: DEBUG: Calling-Station-Id: [u'19:21:31:41:52:05']
2013-11-20 10:56:10,441: DEBUG: 

2013-11-20 10:56:10,441: DEBUG: Received response with following attributes:
2013-11-20 10:56:20,442: DEBUG: 

2013-11-20 10:56:20,444: DEBUG: Creating Accounting Update Request with the following Attributes:
2013-11-20 10:56:20,444: DEBUG: User-Name: [u'username50@airborne.aircell.com']
2013-11-20 10:56:20,444: DEBUG: GoGo-Tail-Number: [u'AAATestNAS_223']
2013-11-20 10:56:20,445: DEBUG: Acct-Output-Octets: [6522951]
2013-11-20 10:56:20,445: DEBUG: NAS-IP-Address: ['10.254.228.1']
2013-11-20 10:56:20,445: DEBUG: GoGo-Total-Output-Gigawords: [0]
2013-11-20 10:56:20,445: DEBUG: Framed-IP-Address: ['10.254.228.116']
2013-11-20 10:56:20,445: DEBUG: GoGo-Total-Input-Voice-Gigawords: [0]
2013-11-20 10:56:20,446: DEBUG: GoGo-Total-Output-Octets: [6522951]
2013-11-20 10:56:20,446: DEBUG: GoGo-Acct-Input-Voice-Octets: [0]
2013-11-20 10:56:20,446: DEBUG: GoGo-Total-Input-Voice-Packets: [0]
2013-11-20 10:56:20,446: DEBUG: Called-Station-Id: [u'00:16:3E:56:8D:70']
2013-11-20 10:56:20,446: DEBUG: WISPr-Location-Name: [u'TEST LLC,BA01_01009']
2013-11-20 10:56:20,447: DEBUG: NAS-Identifier: [u'C08386']
2013-11-20 10:56:20,447: DEBUG: Proxy-State: ['3330,3132']
2013-11-20 10:56:20,447: DEBUG: GoGo-Total-Input-Voice-Octets: [0]
2013-11-20 10:56:20,447: DEBUG: Acct-Status-Type: ['Interim-Update']
2013-11-20 10:56:20,448: DEBUG: GoGo-Total-Output-Voice-Gigawords: [0]
2013-11-20 10:56:20,448: DEBUG: GoGo-Airline: [u'BA01']
2013-11-20 10:56:20,449: DEBUG: Acct-Session-Id: [u'AAATestNAS_223-1384925170429-00163E568D70-2']
2013-11-20 10:56:20,449: DEBUG: Acct-Session-Time: [10]
2013-11-20 10:56:20,450: DEBUG: Acct-Input-Packets: [72078]
2013-11-20 10:56:20,450: DEBUG: Acct-Output-Packets: [60001]
2013-11-20 10:56:20,451: DEBUG: GoGo-Acct-Output-Voice-Packets: [0]
2013-11-20 10:56:20,451: DEBUG: GoGo-Acct-Output-Voice-Octets: [0]
2013-11-20 10:56:20,452: DEBUG: Acct-Output-Gigawords: [0]
2013-11-20 10:56:20,452: DEBUG: GoGo-Total-Output-Voice-Packets: [0]
2013-11-20 10:56:20,453: DEBUG: Acct-Input-Gigawords: [0]
2013-11-20 10:56:20,453: DEBUG: Calling-Station-Id: [u'19:21:31:41:52:05']
2013-11-20 10:56:20,453: DEBUG: NAS-Port-Type: ['Wireless-802.11']
2013-11-20 10:56:20,454: DEBUG: GoGo-Total-Output-Voice-Octets: [0]
2013-11-20 10:56:20,454: DEBUG: GoGo-Private-IP-Address: ['192.168.1.179']
2013-11-20 10:56:20,454: DEBUG: GoGo-Acct-Input-Voice-Gigawords: [0]
2013-11-20 10:56:20,455: DEBUG: GoGo-Total-Input-Packets: [72078]
2013-11-20 10:56:20,455: DEBUG: GoGo-Total-Input-Gigawords: [0]
2013-11-20 10:56:20,456: DEBUG: GoGo-Acct-Input-Voice-Packets: [0]
2013-11-20 10:56:20,456: DEBUG: GoGo-Total-Input-Octets: [7448939]
2013-11-20 10:56:20,456: DEBUG: GoGo-Total-Output-Packets: [60001]
2013-11-20 10:56:20,456: DEBUG: WISPr-Location-ID: [u'airline=BA01,tail=01009,network=']
2013-11-20 10:56:20,457: DEBUG: GoGo-Acct-Output-Voice-Gigawords: [0]
2013-11-20 10:56:20,457: DEBUG: Acct-Input-Octets: [7448939]
2013-11-20 10:56:20,459: DEBUG: 

2013-11-20 10:56:20,459: DEBUG: Received response with following attributes:
2013-11-20 10:56:30,460: DEBUG: 

2013-11-20 10:56:30,461: DEBUG: Creating Accounting Update Request with the following Attributes:
2013-11-20 10:56:30,462: DEBUG: User-Name: [u'username50@airborne.aircell.com']
2013-11-20 10:56:30,462: DEBUG: GoGo-Tail-Number: [u'AAATestNAS_223']
2013-11-20 10:56:30,462: DEBUG: Acct-Output-Octets: [6985860]
2013-11-20 10:56:30,462: DEBUG: NAS-IP-Address: ['10.254.228.1']
2013-11-20 10:56:30,463: DEBUG: GoGo-Total-Output-Gigawords: [0]
2013-11-20 10:56:30,463: DEBUG: Framed-IP-Address: ['10.254.228.116']
2013-11-20 10:56:30,463: DEBUG: GoGo-Total-Input-Voice-Gigawords: [0]
2013-11-20 10:56:30,463: DEBUG: GoGo-Total-Output-Octets: [6985860]
2013-11-20 10:56:30,463: DEBUG: GoGo-Acct-Input-Voice-Octets: [0]
2013-11-20 10:56:30,463: DEBUG: GoGo-Total-Input-Voice-Packets: [0]
2013-11-20 10:56:30,463: DEBUG: Called-Station-Id: [u'00:16:3E:56:8D:70']
2013-11-20 10:56:30,464: DEBUG: WISPr-Location-Name: [u'TEST LLC,BA01_01009']
2013-11-20 10:56:30,464: DEBUG: NAS-Identifier: [u'C08386']
2013-11-20 10:56:30,464: DEBUG: Proxy-State: ['3330,3132']
2013-11-20 10:56:30,464: DEBUG: GoGo-Total-Input-Voice-Octets: [0]
2013-11-20 10:56:30,464: DEBUG: Acct-Status-Type: ['Interim-Update']
2013-11-20 10:56:30,464: DEBUG: GoGo-Total-Output-Voice-Gigawords: [0]
2013-11-20 10:56:30,465: DEBUG: GoGo-Airline: [u'BA01']
2013-11-20 10:56:30,465: DEBUG: Acct-Session-Id: [u'AAATestNAS_223-1384925170429-00163E568D70-2']
2013-11-20 10:56:30,465: DEBUG: Acct-Session-Time: [10]
2013-11-20 10:56:30,465: DEBUG: Acct-Input-Packets: [13299]
2013-11-20 10:56:30,465: DEBUG: Acct-Output-Packets: [62754]
2013-11-20 10:56:30,465: DEBUG: GoGo-Acct-Output-Voice-Packets: [0]
2013-11-20 10:56:30,465: DEBUG: GoGo-Acct-Output-Voice-Octets: [0]
2013-11-20 10:56:30,466: DEBUG: Acct-Output-Gigawords: [0]
2013-11-20 10:56:30,466: DEBUG: GoGo-Total-Output-Voice-Packets: [0]
2013-11-20 10:56:30,466: DEBUG: Acct-Input-Gigawords: [0]
2013-11-20 10:56:30,466: DEBUG: Calling-Station-Id: [u'19:21:31:41:52:05']
2013-11-20 10:56:30,466: DEBUG: NAS-Port-Type: ['Wireless-802.11']
2013-11-20 10:56:30,466: DEBUG: GoGo-Total-Output-Voice-Octets: [0]
2013-11-20 10:56:30,466: DEBUG: GoGo-Private-IP-Address: ['192.168.1.179']
2013-11-20 10:56:30,467: DEBUG: GoGo-Acct-Input-Voice-Gigawords: [0]
2013-11-20 10:56:30,467: DEBUG: GoGo-Total-Input-Packets: [13299]
2013-11-20 10:56:30,467: DEBUG: GoGo-Total-Input-Gigawords: [0]
2013-11-20 10:56:30,467: DEBUG: GoGo-Acct-Input-Voice-Packets: [0]
2013-11-20 10:56:30,467: DEBUG: GoGo-Total-Input-Octets: [1617212]
2013-11-20 10:56:30,467: DEBUG: GoGo-Total-Output-Packets: [62754]
2013-11-20 10:56:30,467: DEBUG: WISPr-Location-ID: [u'airline=BA01,tail=01009,network=']
2013-11-20 10:56:30,467: DEBUG: GoGo-Acct-Output-Voice-Gigawords: [0]
2013-11-20 10:56:30,468: DEBUG: Acct-Input-Octets: [1617212]
2013-11-20 10:56:30,469: DEBUG: 

2013-11-20 10:56:30,469: DEBUG: Received response with following attributes:
2013-11-20 10:56:40,470: DEBUG: 

2013-11-20 10:56:40,471: DEBUG: Creating Accounting Update Request with the following Attributes:
2013-11-20 10:56:40,471: DEBUG: User-Name: [u'username50@airborne.aircell.com']
2013-11-20 10:56:40,471: DEBUG: GoGo-Tail-Number: [u'AAATestNAS_223']
2013-11-20 10:56:40,471: DEBUG: Acct-Output-Octets: [2499770]
2013-11-20 10:56:40,472: DEBUG: NAS-IP-Address: ['10.254.228.1']
2013-11-20 10:56:40,472: DEBUG: GoGo-Total-Output-Gigawords: [0]
2013-11-20 10:56:40,472: DEBUG: Framed-IP-Address: ['10.254.228.116']
2013-11-20 10:56:40,472: DEBUG: GoGo-Total-Input-Voice-Gigawords: [0]
2013-11-20 10:56:40,472: DEBUG: GoGo-Total-Output-Octets: [2499770]
2013-11-20 10:56:40,472: DEBUG: GoGo-Acct-Input-Voice-Octets: [0]
2013-11-20 10:56:40,472: DEBUG: GoGo-Total-Input-Voice-Packets: [0]
2013-11-20 10:56:40,472: DEBUG: Called-Station-Id: [u'00:16:3E:56:8D:70']
2013-11-20 10:56:40,472: DEBUG: WISPr-Location-Name: [u'TEST LLC,BA01_01009']
2013-11-20 10:56:40,472: DEBUG: NAS-Identifier: [u'C08386']
2013-11-20 10:56:40,473: DEBUG: Proxy-State: ['3330,3132']
2013-11-20 10:56:40,473: DEBUG: GoGo-Total-Input-Voice-Octets: [0]
2013-11-20 10:56:40,473: DEBUG: Acct-Status-Type: ['Interim-Update']
2013-11-20 10:56:40,473: DEBUG: GoGo-Total-Output-Voice-Gigawords: [0]
2013-11-20 10:56:40,473: DEBUG: GoGo-Airline: [u'BA01']
2013-11-20 10:56:40,473: DEBUG: Acct-Session-Id: [u'AAATestNAS_223-1384925170429-00163E568D70-2']
2013-11-20 10:56:40,473: DEBUG: Acct-Session-Time: [10]
2013-11-20 10:56:40,473: DEBUG: Acct-Input-Packets: [46799]
2013-11-20 10:56:40,473: DEBUG: Acct-Output-Packets: [13507]
2013-11-20 10:56:40,473: DEBUG: GoGo-Acct-Output-Voice-Packets: [0]
2013-11-20 10:56:40,474: DEBUG: GoGo-Acct-Output-Voice-Octets: [0]
2013-11-20 10:56:40,474: DEBUG: Acct-Output-Gigawords: [0]
2013-11-20 10:56:40,474: DEBUG: GoGo-Total-Output-Voice-Packets: [0]
2013-11-20 10:56:40,474: DEBUG: Acct-Input-Gigawords: [0]
2013-11-20 10:56:40,474: DEBUG: Calling-Station-Id: [u'19:21:31:41:52:05']
2013-11-20 10:56:40,474: DEBUG: NAS-Port-Type: ['Wireless-802.11']
2013-11-20 10:56:40,474: DEBUG: GoGo-Total-Output-Voice-Octets: [0]
2013-11-20 10:56:40,474: DEBUG: GoGo-Private-IP-Address: ['192.168.1.179']
2013-11-20 10:56:40,474: DEBUG: GoGo-Acct-Input-Voice-Gigawords: [0]
2013-11-20 10:56:40,474: DEBUG: GoGo-Total-Input-Packets: [46799]
2013-11-20 10:56:40,475: DEBUG: GoGo-Total-Input-Gigawords: [0]
2013-11-20 10:56:40,475: DEBUG: GoGo-Acct-Input-Voice-Packets: [0]
2013-11-20 10:56:40,475: DEBUG: GoGo-Total-Input-Octets: [7738711]
2013-11-20 10:56:40,475: DEBUG: GoGo-Total-Output-Packets: [13507]
2013-11-20 10:56:40,475: DEBUG: WISPr-Location-ID: [u'airline=BA01,tail=01009,network=']
2013-11-20 10:56:40,475: DEBUG: GoGo-Acct-Output-Voice-Gigawords: [0]
2013-11-20 10:56:40,475: DEBUG: Acct-Input-Octets: [7738711]
2013-11-20 10:56:40,477: DEBUG: 

2013-11-20 10:56:40,477: DEBUG: Received response with following attributes:
2013-11-20 10:56:50,477: DEBUG: 

2013-11-20 10:56:50,478: DEBUG: Creating Accounting Update Request with the following Attributes:
2013-11-20 10:56:50,479: DEBUG: User-Name: [u'username50@airborne.aircell.com']
2013-11-20 10:56:50,479: DEBUG: GoGo-Tail-Number: [u'AAATestNAS_223']
2013-11-20 10:56:50,479: DEBUG: Acct-Output-Octets: [7235673]
2013-11-20 10:56:50,480: DEBUG: NAS-IP-Address: ['10.254.228.1']
2013-11-20 10:56:50,481: DEBUG: GoGo-Total-Output-Gigawords: [0]
2013-11-20 10:56:50,482: DEBUG: Framed-IP-Address: ['10.254.228.116']
2013-11-20 10:56:50,483: DEBUG: GoGo-Total-Input-Voice-Gigawords: [0]
2013-11-20 10:56:50,483: DEBUG: GoGo-Total-Output-Octets: [7235673]
2013-11-20 10:56:50,484: DEBUG: GoGo-Acct-Input-Voice-Octets: [0]
2013-11-20 10:56:50,484: DEBUG: GoGo-Total-Input-Voice-Packets: [0]
2013-11-20 10:56:50,485: DEBUG: Called-Station-Id: [u'00:16:3E:56:8D:70']
2013-11-20 10:56:50,485: DEBUG: WISPr-Location-Name: [u'TEST LLC,BA01_01009']
2013-11-20 10:56:50,485: DEBUG: NAS-Identifier: [u'C08386']
2013-11-20 10:56:50,487: DEBUG: Proxy-State: ['3330,3132']
2013-11-20 10:56:50,487: DEBUG: GoGo-Total-Input-Voice-Octets: [0]
2013-11-20 10:56:50,488: DEBUG: Acct-Status-Type: ['Interim-Update']
2013-11-20 10:56:50,489: DEBUG: GoGo-Total-Output-Voice-Gigawords: [0]
2013-11-20 10:56:50,489: DEBUG: GoGo-Airline: [u'BA01']
2013-11-20 10:56:50,490: DEBUG: Acct-Session-Id: [u'AAATestNAS_223-1384925170429-00163E568D70-2']
2013-11-20 10:56:50,490: DEBUG: Acct-Session-Time: [10]
2013-11-20 10:56:50,491: DEBUG: Acct-Input-Packets: [17073]
2013-11-20 10:56:50,491: DEBUG: Acct-Output-Packets: [53175]
2013-11-20 10:56:50,492: DEBUG: GoGo-Acct-Output-Voice-Packets: [0]
2013-11-20 10:56:50,492: DEBUG: GoGo-Acct-Output-Voice-Octets: [0]
2013-11-20 10:56:50,493: DEBUG: Acct-Output-Gigawords: [0]
2013-11-20 10:56:50,493: DEBUG: GoGo-Total-Output-Voice-Packets: [0]
2013-11-20 10:56:50,493: DEBUG: Acct-Input-Gigawords: [0]
2013-11-20 10:56:50,494: DEBUG: Calling-Station-Id: [u'19:21:31:41:52:05']
2013-11-20 10:56:50,495: DEBUG: NAS-Port-Type: ['Wireless-802.11']
2013-11-20 10:56:50,496: DEBUG: GoGo-Total-Output-Voice-Octets: [0]
2013-11-20 10:56:50,497: DEBUG: GoGo-Private-IP-Address: ['192.168.1.179']
2013-11-20 10:56:50,497: DEBUG: GoGo-Acct-Input-Voice-Gigawords: [0]
2013-11-20 10:56:50,497: DEBUG: GoGo-Total-Input-Packets: [17073]
2013-11-20 10:56:50,498: DEBUG: GoGo-Total-Input-Gigawords: [0]
2013-11-20 10:56:50,498: DEBUG: GoGo-Acct-Input-Voice-Packets: [0]
2013-11-20 10:56:50,498: DEBUG: GoGo-Total-Input-Octets: [1710065]
2013-11-20 10:56:50,499: DEBUG: GoGo-Total-Output-Packets: [53175]
2013-11-20 10:56:50,499: DEBUG: WISPr-Location-ID: [u'airline=BA01,tail=01009,network=']
2013-11-20 10:56:50,500: DEBUG: GoGo-Acct-Output-Voice-Gigawords: [0]
2013-11-20 10:56:50,501: DEBUG: Acct-Input-Octets: [1710065]
2013-11-20 10:56:50,503: DEBUG: 

2013-11-20 10:56:50,504: DEBUG: Received response with following attributes:
2013-11-20 10:57:12,505: DEBUG: 

2013-11-20 10:57:12,506: DEBUG: Creating Accounting Stop Request with the following Attributes:
2013-11-20 10:57:12,508: DEBUG: User-Name: [u'username50@airborne.aircell.com']
2013-11-20 10:57:12,508: DEBUG: GoGo-Tail-Number: [u'01009']
2013-11-20 10:57:12,509: DEBUG: Acct-Output-Octets: [5418512]
2013-11-20 10:57:12,510: DEBUG: NAS-IP-Address: ['10.254.228.1']
2013-11-20 10:57:12,510: DEBUG: GoGo-Total-Output-Gigawords: [0]
2013-11-20 10:57:12,512: DEBUG: Framed-IP-Address: ['10.254.228.116']
2013-11-20 10:57:12,513: DEBUG: GoGo-Total-Input-Voice-Gigawords: [0]
2013-11-20 10:57:12,514: DEBUG: GoGo-Total-Output-Octets: [5418512]
2013-11-20 10:57:12,515: DEBUG: GoGo-Acct-Input-Voice-Octets: [0]
2013-11-20 10:57:12,516: DEBUG: GoGo-Total-Input-Voice-Packets: [0]
2013-11-20 10:57:12,517: DEBUG: Called-Station-Id: [u'00:16:3E:56:8D:70']
2013-11-20 10:57:12,518: DEBUG: WISPr-Location-Name: [u'TEST LLC,BA01_01009']
2013-11-20 10:57:12,519: DEBUG: NAS-Identifier: [u'C08386']
2013-11-20 10:57:12,520: DEBUG: Proxy-State: ['3330,3132']
2013-11-20 10:57:12,522: DEBUG: GoGo-Total-Input-Voice-Octets: [0]
2013-11-20 10:57:12,525: DEBUG: Acct-Status-Type: ['Stop']
2013-11-20 10:57:12,526: DEBUG: GoGo-Total-Output-Voice-Gigawords: [0]
2013-11-20 10:57:12,527: DEBUG: GoGo-Airline: [u'BA01']
2013-11-20 10:57:12,528: DEBUG: Acct-Session-Id: [u'AAATestNAS_223-1384925170429-00163E568D70-2']
2013-11-20 10:57:12,529: DEBUG: Acct-Session-Time: [22]
2013-11-20 10:57:12,531: DEBUG: Acct-Input-Packets: [34694]
2013-11-20 10:57:12,534: DEBUG: Acct-Output-Packets: [6133]
2013-11-20 10:57:12,534: DEBUG: Acct-Terminate-Cause: ['User-Request']
2013-11-20 10:57:12,536: DEBUG: GoGo-Acct-Output-Voice-Octets: [0]
2013-11-20 10:57:12,536: DEBUG: Acct-Output-Gigawords: [0]
2013-11-20 10:57:12,538: DEBUG: GoGo-Total-Output-Voice-Packets: [0]
2013-11-20 10:57:12,539: DEBUG: Acct-Input-Gigawords: [0]
2013-11-20 10:57:12,540: DEBUG: Calling-Station-Id: [u'19:21:31:41:52:05']
2013-11-20 10:57:12,541: DEBUG: NAS-Port-Type: ['Wireless-802.11']
2013-11-20 10:57:12,541: DEBUG: GoGo-Total-Output-Voice-Octets: [0]
2013-11-20 10:57:12,542: DEBUG: GoGo-Private-IP-Address: ['192.168.1.179']
2013-11-20 10:57:12,544: DEBUG: GoGo-Acct-Input-Voice-Gigawords: [0]
2013-11-20 10:57:12,545: DEBUG: GoGo-Total-Input-Packets: [34694]
2013-11-20 10:57:12,546: DEBUG: GoGo-Total-Input-Gigawords: [0]
2013-11-20 10:57:12,547: DEBUG: GoGo-Acct-Input-Voice-Packets: [0]
2013-11-20 10:57:12,547: DEBUG: GoGo-Total-Input-Octets: [8332016]
2013-11-20 10:57:12,548: DEBUG: GoGo-Total-Output-Packets: [6133]
2013-11-20 10:57:12,549: DEBUG: WISPr-Location-ID: [u'airline=BA01,tail=01009,network=']
2013-11-20 10:57:12,550: DEBUG: GoGo-Acct-Output-Voice-Packets: [0]
2013-11-20 10:57:12,550: DEBUG: GoGo-Acct-Output-Voice-Gigawords: [0]
2013-11-20 10:57:12,551: DEBUG: Acct-Input-Octets: [8332016]
2013-11-20 10:57:12,555: DEBUG: 

2013-11-20 10:57:12,556: DEBUG: Received response with following attributes:
2013-11-20 10:57:12,557: DEBUG: Ending the test for this user
2013-11-20 10:57:13,505: DEBUG: Starting the client for the user username50@airborne.aircell.com to the server localhost

2013-11-20 10:57:13,506: DEBUG: DURATION of the TEST: 33
2013-11-20 10:57:13,507: DEBUG: NAS-IP: 10.254.211.1
2013-11-20 10:57:13,507: DEBUG: NAS-MAC-ADDR: 18:21:31:41:52:87
2013-11-20 10:57:13,508: DEBUG: Abruptly End: False
2013-11-20 10:57:13,508: DEBUG: Framed-IP: 10.254.211.74
2013-11-20 10:57:13,508: DEBUG: User-MAC-Addr: 00:16:3E:66:3F:34
2013-11-20 10:57:13,509: DEBUG: 

2013-11-20 10:57:13,510: DEBUG: Creating Authentication Request with the following Attributes:
2013-11-20 10:57:13,510: DEBUG: NAS-Identifier: [u'C08386']
2013-11-20 10:57:13,511: DEBUG: User-Name: [u'username50@airborne.aircell.com']
2013-11-20 10:57:13,511: DEBUG: NAS-IP-Address: ['10.254.211.1']
2013-11-20 10:57:13,511: DEBUG: Service-Type: ['Authenticate-Only']
2013-11-20 10:57:13,511: DEBUG: Proxy-State: ['3237,3134']
2013-11-20 10:57:13,511: DEBUG: Framed-IP-Address: ['10.254.211.74']
2013-11-20 10:57:13,512: DEBUG: GoGo-Airline: [u'BA01']
2013-11-20 10:57:13,512: DEBUG: Acct-Session-Id: [u'AAATestNAS_206-1384925233509-00163E663F34-2']
2013-11-20 10:57:13,512: DEBUG: GoGo-Tail-Number: [u'AAATestNAS_206']
2013-11-20 10:57:13,513: DEBUG: GoGo-Private-IP-Address: ['192.168.1.179']
2013-11-20 10:57:13,513: DEBUG: WISPr-Location-ID: [u'airline=BA01,tail=01009,network=']
2013-11-20 10:57:13,513: DEBUG: WISPr-Location-Name: [u'TEST LLC,BA01_01009']
2013-11-20 10:57:13,513: DEBUG: NAS-Port-Type: ['Wireless-802.11']
2013-11-20 10:57:13,513: DEBUG: Called-Station-Id: [u'00:16:3E:66:3F:34']
2013-11-20 10:57:13,514: DEBUG: Calling-Station-Id: [u'18:21:31:41:52:87']
2013-11-20 10:57:13,515: DEBUG: 

2013-11-20 10:57:13,515: DEBUG: Received response with code: 2, Accepted
2013-11-20 10:57:13,515: DEBUG: Creating Authentication Request with the following Attributes:
2013-11-20 10:57:13,515: DEBUG: NAS-Identifier: [u'C08386']
2013-11-20 10:57:13,515: DEBUG: User-Name: [u'username50@airborne.aircell.com']
2013-11-20 10:57:13,516: DEBUG: NAS-IP-Address: ['10.254.211.1']
2013-11-20 10:57:13,516: DEBUG: Service-Type: ['Login-User']
2013-11-20 10:57:13,516: DEBUG: Proxy-State: ['3237,3134']
2013-11-20 10:57:13,516: DEBUG: Framed-IP-Address: ['10.254.211.74']
2013-11-20 10:57:13,516: DEBUG: GoGo-Airline: [u'BA01']
2013-11-20 10:57:13,517: DEBUG: Acct-Session-Id: [u'AAATestNAS_206-1384925233515-00163E663F34-2']
2013-11-20 10:57:13,517: DEBUG: GoGo-Tail-Number: [u'AAATestNAS_206']
2013-11-20 10:57:13,517: DEBUG: GoGo-Private-IP-Address: ['192.168.1.179']
2013-11-20 10:57:13,517: DEBUG: WISPr-Location-ID: [u'airline=BA01,tail=01009,network=']
2013-11-20 10:57:13,517: DEBUG: WISPr-Location-Name: [u'TEST LLC,BA01_01009']
2013-11-20 10:57:13,517: DEBUG: NAS-Port-Type: ['Wireless-802.11']
2013-11-20 10:57:13,517: DEBUG: Called-Station-Id: [u'00:16:3E:66:3F:34']
2013-11-20 10:57:13,518: DEBUG: Calling-Station-Id: [u'18:21:31:41:52:87']
2013-11-20 10:57:13,519: DEBUG: 

2013-11-20 10:57:13,519: DEBUG: Received response with code: 2, Accepted
2013-11-20 10:57:13,519: DEBUG: 

2013-11-20 10:57:13,519: DEBUG: Creating Accounting start Request with the following Attributes:
2013-11-20 10:57:13,519: DEBUG: NAS-Identifier: [u'C08386']
2013-11-20 10:57:13,519: DEBUG: User-Name: [u'username50@airborne.aircell.com']
2013-11-20 10:57:13,520: DEBUG: GoGo-Tail-Number: [u'AAATestNAS_206']
2013-11-20 10:57:13,520: DEBUG: NAS-IP-Address: ['10.254.211.1']
2013-11-20 10:57:13,520: DEBUG: Proxy-State: ['3239,3131']
2013-11-20 10:57:13,520: DEBUG: Acct-Status-Type: ['Start']
2013-11-20 10:57:13,520: DEBUG: GoGo-Airline: [u'BA01']
2013-11-20 10:57:13,520: DEBUG: Acct-Session-Id: [u'AAATestNAS_206-1384925233515-00163E663F34-2']
2013-11-20 10:57:13,520: DEBUG: GoGo-Private-IP-Address: ['192.168.1.179']
2013-11-20 10:57:13,521: DEBUG: Framed-IP-Address: ['10.254.211.74']
2013-11-20 10:57:13,521: DEBUG: WISPr-Location-ID: [u'airline=BA01,tail=01009,network=']
2013-11-20 10:57:13,521: DEBUG: WISPr-Location-Name: [u'TEST LLC,BA01_01009']
2013-11-20 10:57:13,521: DEBUG: NAS-Port-Type: ['Wireless-802.11']
2013-11-20 10:57:13,521: DEBUG: Called-Station-Id: [u'00:16:3E:66:3F:34']
2013-11-20 10:57:13,521: DEBUG: Calling-Station-Id: [u'18:21:31:41:52:87']
2013-11-20 10:57:13,522: DEBUG: 

2013-11-20 10:57:13,522: DEBUG: Received response with following attributes:
2013-11-20 10:57:23,524: DEBUG: 

2013-11-20 10:57:23,525: DEBUG: Creating Accounting Update Request with the following Attributes:
2013-11-20 10:57:23,526: DEBUG: User-Name: [u'username50@airborne.aircell.com']
2013-11-20 10:57:23,527: DEBUG: GoGo-Tail-Number: [u'AAATestNAS_206']
2013-11-20 10:57:23,527: DEBUG: Acct-Output-Octets: [1868507]
2013-11-20 10:57:23,528: DEBUG: NAS-IP-Address: ['10.254.211.1']
2013-11-20 10:57:23,528: DEBUG: GoGo-Total-Output-Gigawords: [0]
2013-11-20 10:57:23,531: DEBUG: Framed-IP-Address: ['10.254.211.74']
2013-11-20 10:57:23,532: DEBUG: GoGo-Total-Input-Voice-Gigawords: [0]
2013-11-20 10:57:23,533: DEBUG: GoGo-Total-Output-Octets: [1868507]
2013-11-20 10:57:23,534: DEBUG: GoGo-Acct-Input-Voice-Octets: [0]
2013-11-20 10:57:23,535: DEBUG: GoGo-Total-Input-Voice-Packets: [0]
2013-11-20 10:57:23,536: DEBUG: Called-Station-Id: [u'00:16:3E:66:3F:34']
2013-11-20 10:57:23,537: DEBUG: WISPr-Location-Name: [u'TEST LLC,BA01_01009']
2013-11-20 10:57:23,538: DEBUG: NAS-Identifier: [u'C08386']
2013-11-20 10:57:23,538: DEBUG: Proxy-State: ['3330,3132']
2013-11-20 10:57:23,540: DEBUG: GoGo-Total-Input-Voice-Octets: [0]
2013-11-20 10:57:23,541: DEBUG: Acct-Status-Type: ['Interim-Update']
2013-11-20 10:57:23,542: DEBUG: GoGo-Total-Output-Voice-Gigawords: [0]
2013-11-20 10:57:23,543: DEBUG: GoGo-Airline: [u'BA01']
2013-11-20 10:57:23,544: DEBUG: Acct-Session-Id: [u'AAATestNAS_206-1384925233515-00163E663F34-2']
2013-11-20 10:57:23,545: DEBUG: Acct-Session-Time: [10]
2013-11-20 10:57:23,546: DEBUG: Acct-Input-Packets: [49456]
2013-11-20 10:57:23,547: DEBUG: Acct-Output-Packets: [15566]
2013-11-20 10:57:23,547: DEBUG: GoGo-Acct-Output-Voice-Packets: [0]
2013-11-20 10:57:23,549: DEBUG: GoGo-Acct-Output-Voice-Octets: [0]
2013-11-20 10:57:23,549: DEBUG: Acct-Output-Gigawords: [0]
2013-11-20 10:57:23,550: DEBUG: GoGo-Total-Output-Voice-Packets: [0]
2013-11-20 10:57:23,552: DEBUG: Acct-Input-Gigawords: [0]
2013-11-20 10:57:23,553: DEBUG: Calling-Station-Id: [u'18:21:31:41:52:87']
2013-11-20 10:57:23,553: DEBUG: NAS-Port-Type: ['Wireless-802.11']
2013-11-20 10:57:23,555: DEBUG: GoGo-Total-Output-Voice-Octets: [0]
2013-11-20 10:57:23,555: DEBUG: GoGo-Private-IP-Address: ['192.168.1.179']
2013-11-20 10:57:23,556: DEBUG: GoGo-Acct-Input-Voice-Gigawords: [0]
2013-11-20 10:57:23,557: DEBUG: GoGo-Total-Input-Packets: [49456]
2013-11-20 10:57:23,558: DEBUG: GoGo-Total-Input-Gigawords: [0]
2013-11-20 10:57:23,559: DEBUG: GoGo-Acct-Input-Voice-Packets: [0]
2013-11-20 10:57:23,560: DEBUG: GoGo-Total-Input-Octets: [5393353]
2013-11-20 10:57:23,561: DEBUG: GoGo-Total-Output-Packets: [15566]
2013-11-20 10:57:23,562: DEBUG: WISPr-Location-ID: [u'airline=BA01,tail=01009,network=']
2013-11-20 10:57:23,562: DEBUG: GoGo-Acct-Output-Voice-Gigawords: [0]
2013-11-20 10:57:23,563: DEBUG: Acct-Input-Octets: [5393353]
2013-11-20 10:57:23,566: DEBUG: 

2013-11-20 10:57:23,566: DEBUG: Received response with following attributes:
2013-11-20 10:57:33,568: DEBUG: 

2013-11-20 10:57:33,569: DEBUG: Creating Accounting Update Request with the following Attributes:
2013-11-20 10:57:33,569: DEBUG: User-Name: [u'username50@airborne.aircell.com']
2013-11-20 10:57:33,570: DEBUG: GoGo-Tail-Number: [u'AAATestNAS_206']
2013-11-20 10:57:33,570: DEBUG: Acct-Output-Octets: [9438516]
2013-11-20 10:57:33,570: DEBUG: NAS-IP-Address: ['10.254.211.1']
2013-11-20 10:57:33,571: DEBUG: GoGo-Total-Output-Gigawords: [0]
2013-11-20 10:57:33,571: DEBUG: Framed-IP-Address: ['10.254.211.74']
2013-11-20 10:57:33,572: DEBUG: GoGo-Total-Input-Voice-Gigawords: [0]
2013-11-20 10:57:33,572: DEBUG: GoGo-Total-Output-Octets: [9438516]
2013-11-20 10:57:33,572: DEBUG: GoGo-Acct-Input-Voice-Octets: [0]
2013-11-20 10:57:33,573: DEBUG: GoGo-Total-Input-Voice-Packets: [0]
2013-11-20 10:57:33,573: DEBUG: Called-Station-Id: [u'00:16:3E:66:3F:34']
2013-11-20 10:57:33,573: DEBUG: WISPr-Location-Name: [u'TEST LLC,BA01_01009']
2013-11-20 10:57:33,574: DEBUG: NAS-Identifier: [u'C08386']
2013-11-20 10:57:33,574: DEBUG: Proxy-State: ['3330,3132']
2013-11-20 10:57:33,574: DEBUG: GoGo-Total-Input-Voice-Octets: [0]
2013-11-20 10:57:33,575: DEBUG: Acct-Status-Type: ['Interim-Update']
2013-11-20 10:57:33,575: DEBUG: GoGo-Total-Output-Voice-Gigawords: [0]
2013-11-20 10:57:33,575: DEBUG: GoGo-Airline: [u'BA01']
2013-11-20 10:57:33,576: DEBUG: Acct-Session-Id: [u'AAATestNAS_206-1384925233515-00163E663F34-2']
2013-11-20 10:57:33,576: DEBUG: Acct-Session-Time: [10]
2013-11-20 10:57:33,576: DEBUG: Acct-Input-Packets: [8051]
2013-11-20 10:57:33,576: DEBUG: Acct-Output-Packets: [10412]
2013-11-20 10:57:33,576: DEBUG: GoGo-Acct-Output-Voice-Packets: [0]
2013-11-20 10:57:33,576: DEBUG: GoGo-Acct-Output-Voice-Octets: [0]
2013-11-20 10:57:33,577: DEBUG: Acct-Output-Gigawords: [0]
2013-11-20 10:57:33,577: DEBUG: GoGo-Total-Output-Voice-Packets: [0]
2013-11-20 10:57:33,578: DEBUG: Acct-Input-Gigawords: [0]
2013-11-20 10:57:33,578: DEBUG: Calling-Station-Id: [u'18:21:31:41:52:87']
2013-11-20 10:57:33,579: DEBUG: NAS-Port-Type: ['Wireless-802.11']
2013-11-20 10:57:33,579: DEBUG: GoGo-Total-Output-Voice-Octets: [0]
2013-11-20 10:57:33,579: DEBUG: GoGo-Private-IP-Address: ['192.168.1.179']
2013-11-20 10:57:33,580: DEBUG: GoGo-Acct-Input-Voice-Gigawords: [0]
2013-11-20 10:57:33,580: DEBUG: GoGo-Total-Input-Packets: [8051]
2013-11-20 10:57:33,581: DEBUG: GoGo-Total-Input-Gigawords: [0]
2013-11-20 10:57:33,581: DEBUG: GoGo-Acct-Input-Voice-Packets: [0]
2013-11-20 10:57:33,581: DEBUG: GoGo-Total-Input-Octets: [7756385]
2013-11-20 10:57:33,582: DEBUG: GoGo-Total-Output-Packets: [10412]
2013-11-20 10:57:33,582: DEBUG: WISPr-Location-ID: [u'airline=BA01,tail=01009,network=']
2013-11-20 10:57:33,583: DEBUG: GoGo-Acct-Output-Voice-Gigawords: [0]
2013-11-20 10:57:33,584: DEBUG: Acct-Input-Octets: [7756385]
2013-11-20 10:57:33,585: ERROR: Network error, Reason: 'Network error: Too many open files'
2013-11-20 10:57:43,586: DEBUG: 

2013-11-20 10:57:43,587: DEBUG: Creating Accounting Update Request with the following Attributes:
2013-11-20 10:57:43,587: DEBUG: User-Name: [u'username50@airborne.aircell.com']
2013-11-20 10:57:43,587: DEBUG: GoGo-Tail-Number: [u'AAATestNAS_206']
2013-11-20 10:57:43,587: DEBUG: Acct-Output-Octets: [9183996]
2013-11-20 10:57:43,587: DEBUG: NAS-IP-Address: ['10.254.211.1']
2013-11-20 10:57:43,587: DEBUG: GoGo-Total-Output-Gigawords: [0]
2013-11-20 10:57:43,587: DEBUG: Framed-IP-Address: ['10.254.211.74']
2013-11-20 10:57:43,588: DEBUG: GoGo-Total-Input-Voice-Gigawords: [0]
2013-11-20 10:57:43,588: DEBUG: GoGo-Total-Output-Octets: [9183996]
2013-11-20 10:57:43,588: DEBUG: GoGo-Acct-Input-Voice-Octets: [0]
2013-11-20 10:57:43,588: DEBUG: GoGo-Total-Input-Voice-Packets: [0]
2013-11-20 10:57:43,588: DEBUG: Called-Station-Id: [u'00:16:3E:66:3F:34']
2013-11-20 10:57:43,588: DEBUG: WISPr-Location-Name: [u'TEST LLC,BA01_01009']
2013-11-20 10:57:43,588: DEBUG: NAS-Identifier: [u'C08386']
2013-11-20 10:57:43,589: DEBUG: Proxy-State: ['3330,3132']
2013-11-20 10:57:43,589: DEBUG: GoGo-Total-Input-Voice-Octets: [0]
2013-11-20 10:57:43,589: DEBUG: Acct-Status-Type: ['Interim-Update']
2013-11-20 10:57:43,589: DEBUG: GoGo-Total-Output-Voice-Gigawords: [0]
2013-11-20 10:57:43,589: DEBUG: GoGo-Airline: [u'BA01']
2013-11-20 10:57:43,589: DEBUG: Acct-Session-Id: [u'AAATestNAS_206-1384925233515-00163E663F34-2']
2013-11-20 10:57:43,589: DEBUG: Acct-Session-Time: [10]
2013-11-20 10:57:43,590: DEBUG: Acct-Input-Packets: [15111]
2013-11-20 10:57:43,590: DEBUG: Acct-Output-Packets: [35355]
2013-11-20 10:57:43,590: DEBUG: GoGo-Acct-Output-Voice-Packets: [0]
2013-11-20 10:57:43,590: DEBUG: GoGo-Acct-Output-Voice-Octets: [0]
2013-11-20 10:57:43,590: DEBUG: Acct-Output-Gigawords: [0]
2013-11-20 10:57:43,590: DEBUG: GoGo-Total-Output-Voice-Packets: [0]
2013-11-20 10:57:43,591: DEBUG: Acct-Input-Gigawords: [0]
2013-11-20 10:57:43,592: DEBUG: Calling-Station-Id: [u'18:21:31:41:52:87']
2013-11-20 10:57:43,592: DEBUG: NAS-Port-Type: ['Wireless-802.11']
2013-11-20 10:57:43,593: DEBUG: GoGo-Total-Output-Voice-Octets: [0]
2013-11-20 10:57:43,593: DEBUG: GoGo-Private-IP-Address: ['192.168.1.179']
2013-11-20 10:57:43,593: DEBUG: GoGo-Acct-Input-Voice-Gigawords: [0]
2013-11-20 10:57:43,594: DEBUG: GoGo-Total-Input-Packets: [15111]
2013-11-20 10:57:43,594: DEBUG: GoGo-Total-Input-Gigawords: [0]
2013-11-20 10:57:43,594: DEBUG: GoGo-Acct-Input-Voice-Packets: [0]
2013-11-20 10:57:43,595: DEBUG: GoGo-Total-Input-Octets: [2004093]
2013-11-20 10:57:43,596: DEBUG: GoGo-Total-Output-Packets: [35355]
2013-11-20 10:57:43,596: DEBUG: WISPr-Location-ID: [u'airline=BA01,tail=01009,network=']
2013-11-20 10:57:43,596: DEBUG: GoGo-Acct-Output-Voice-Gigawords: [0]
2013-11-20 10:57:43,597: DEBUG: Acct-Input-Octets: [2004093]
2013-11-20 10:57:43,598: ERROR: Network error, Reason: 'Network error: Too many open files'
2013-11-20 10:58:10,599: DEBUG: 

2013-11-20 10:58:10,600: DEBUG: Creating Accounting Stop Request with the following Attributes:
2013-11-20 10:58:10,602: DEBUG: User-Name: [u'username50@airborne.aircell.com']
2013-11-20 10:58:10,603: DEBUG: GoGo-Tail-Number: [u'01009']
2013-11-20 10:58:10,604: DEBUG: Acct-Output-Octets: [7508710]
2013-11-20 10:58:10,605: DEBUG: NAS-IP-Address: ['10.254.211.1']
2013-11-20 10:58:10,605: DEBUG: GoGo-Total-Output-Gigawords: [0]
2013-11-20 10:58:10,606: DEBUG: Framed-IP-Address: ['10.254.211.74']
2013-11-20 10:58:10,606: DEBUG: GoGo-Total-Input-Voice-Gigawords: [0]
2013-11-20 10:58:10,607: DEBUG: GoGo-Total-Output-Octets: [7508710]
2013-11-20 10:58:10,607: DEBUG: GoGo-Acct-Input-Voice-Octets: [0]
2013-11-20 10:58:10,608: DEBUG: GoGo-Total-Input-Voice-Packets: [0]
2013-11-20 10:58:10,609: DEBUG: Called-Station-Id: [u'00:16:3E:66:3F:34']
2013-11-20 10:58:10,610: DEBUG: WISPr-Location-Name: [u'TEST LLC,BA01_01009']
2013-11-20 10:58:10,610: DEBUG: NAS-Identifier: [u'C08386']
2013-11-20 10:58:10,611: DEBUG: Proxy-State: ['3330,3132']
2013-11-20 10:58:10,611: DEBUG: GoGo-Total-Input-Voice-Octets: [0]
2013-11-20 10:58:10,612: DEBUG: Acct-Status-Type: ['Stop']
2013-11-20 10:58:10,612: DEBUG: GoGo-Total-Output-Voice-Gigawords: [0]
2013-11-20 10:58:10,613: DEBUG: GoGo-Airline: [u'BA01']
2013-11-20 10:58:10,614: DEBUG: Acct-Session-Id: [u'AAATestNAS_206-1384925233515-00163E663F34-2']
2013-11-20 10:58:10,615: DEBUG: Acct-Session-Time: [27]
2013-11-20 10:58:10,616: DEBUG: Acct-Input-Packets: [51044]
2013-11-20 10:58:10,616: DEBUG: Acct-Output-Packets: [72257]
2013-11-20 10:58:10,617: DEBUG: Acct-Terminate-Cause: ['User-Request']
2013-11-20 10:58:10,618: DEBUG: GoGo-Acct-Output-Voice-Octets: [0]
2013-11-20 10:58:10,619: DEBUG: Acct-Output-Gigawords: [0]
2013-11-20 10:58:10,621: DEBUG: GoGo-Total-Output-Voice-Packets: [0]
2013-11-20 10:58:10,622: DEBUG: Acct-Input-Gigawords: [0]
2013-11-20 10:58:10,623: DEBUG: Calling-Station-Id: [u'18:21:31:41:52:87']
2013-11-20 10:58:10,625: DEBUG: NAS-Port-Type: ['Wireless-802.11']
2013-11-20 10:58:10,626: DEBUG: GoGo-Total-Output-Voice-Octets: [0]
2013-11-20 10:58:10,628: DEBUG: GoGo-Private-IP-Address: ['192.168.1.179']
2013-11-20 10:58:10,628: DEBUG: GoGo-Acct-Input-Voice-Gigawords: [0]
2013-11-20 10:58:10,629: DEBUG: GoGo-Total-Input-Packets: [51044]
2013-11-20 10:58:10,629: DEBUG: GoGo-Total-Input-Gigawords: [0]
2013-11-20 10:58:10,630: DEBUG: GoGo-Acct-Input-Voice-Packets: [0]
2013-11-20 10:58:10,631: DEBUG: GoGo-Total-Input-Octets: [5468125]
2013-11-20 10:58:10,631: DEBUG: GoGo-Total-Output-Packets: [72257]
2013-11-20 10:58:10,632: DEBUG: WISPr-Location-ID: [u'airline=BA01,tail=01009,network=']
2013-11-20 10:58:10,632: DEBUG: GoGo-Acct-Output-Voice-Packets: [0]
2013-11-20 10:58:10,633: DEBUG: GoGo-Acct-Output-Voice-Gigawords: [0]
2013-11-20 10:58:10,633: DEBUG: Acct-Input-Octets: [5468125]
2013-11-20 10:58:10,636: DEBUG: 

2013-11-20 10:58:10,637: DEBUG: Received response with following attributes:
2013-11-20 10:58:10,637: DEBUG: Ending the test for this user
2013-11-20 10:58:11,614: DEBUG: Starting the client for the user username50@airborne.aircell.com to the server localhost

2013-11-20 10:58:11,617: DEBUG: DURATION of the TEST: 87
2013-11-20 10:58:11,618: DEBUG: NAS-IP: 10.254.53.1
2013-11-20 10:58:11,619: DEBUG: NAS-MAC-ADDR: 17:21:31:41:52:18
2013-11-20 10:58:11,620: DEBUG: Abruptly End: False
2013-11-20 10:58:11,621: DEBUG: Framed-IP: 10.254.53.104
2013-11-20 10:58:11,622: DEBUG: User-MAC-Addr: 00:16:3E:1D:4F:5B
2013-11-20 10:58:11,625: DEBUG: 

2013-11-20 10:58:11,627: DEBUG: Creating Authentication Request with the following Attributes:
2013-11-20 10:58:11,628: DEBUG: NAS-Identifier: [u'C08386']
2013-11-20 10:58:11,629: DEBUG: User-Name: [u'username50@airborne.aircell.com']
2013-11-20 10:58:11,631: DEBUG: NAS-IP-Address: ['10.254.53.1']
2013-11-20 10:58:11,633: DEBUG: Service-Type: ['Authenticate-Only']
2013-11-20 10:58:11,634: DEBUG: Proxy-State: ['3237,3134']
2013-11-20 10:58:11,635: DEBUG: Framed-IP-Address: ['10.254.53.104']
2013-11-20 10:58:11,635: DEBUG: GoGo-Airline: [u'BA01']
2013-11-20 10:58:11,635: DEBUG: Acct-Session-Id: [u'AAATestNAS_48-1384925291626-00163E1D4F5B-2']
2013-11-20 10:58:11,636: DEBUG: GoGo-Tail-Number: [u'AAATestNAS_48']
2013-11-20 10:58:11,636: DEBUG: GoGo-Private-IP-Address: ['192.168.1.179']
2013-11-20 10:58:11,637: DEBUG: WISPr-Location-ID: [u'airline=BA01,tail=01009,network=']
2013-11-20 10:58:11,637: DEBUG: WISPr-Location-Name: [u'TEST LLC,BA01_01009']
2013-11-20 10:58:11,638: DEBUG: NAS-Port-Type: ['Wireless-802.11']
2013-11-20 10:58:11,638: DEBUG: Called-Station-Id: [u'00:16:3E:1D:4F:5B']
2013-11-20 10:58:11,639: DEBUG: Calling-Station-Id: [u'17:21:31:41:52:18']
2013-11-20 10:58:11,641: DEBUG: 

2013-11-20 10:58:11,641: DEBUG: Received response with code: 2, Accepted
2013-11-20 10:58:11,641: DEBUG: Creating Authentication Request with the following Attributes:
2013-11-20 10:58:11,642: DEBUG: NAS-Identifier: [u'C08386']
2013-11-20 10:58:11,642: DEBUG: User-Name: [u'username50@airborne.aircell.com']
2013-11-20 10:58:11,643: DEBUG: NAS-IP-Address: ['10.254.53.1']
2013-11-20 10:58:11,643: DEBUG: Service-Type: ['Login-User']
2013-11-20 10:58:11,644: DEBUG: Proxy-State: ['3237,3134']
2013-11-20 10:58:11,644: DEBUG: Framed-IP-Address: ['10.254.53.104']
2013-11-20 10:58:11,645: DEBUG: GoGo-Airline: [u'BA01']
2013-11-20 10:58:11,645: DEBUG: Acct-Session-Id: [u'AAATestNAS_48-1384925291641-00163E1D4F5B-2']
2013-11-20 10:58:11,646: DEBUG: GoGo-Tail-Number: [u'AAATestNAS_48']
2013-11-20 10:58:11,646: DEBUG: GoGo-Private-IP-Address: ['192.168.1.179']
2013-11-20 10:58:11,647: DEBUG: WISPr-Location-ID: [u'airline=BA01,tail=01009,network=']
2013-11-20 10:58:11,647: DEBUG: WISPr-Location-Name: [u'TEST LLC,BA01_01009']
2013-11-20 10:58:11,648: DEBUG: NAS-Port-Type: ['Wireless-802.11']
2013-11-20 10:58:11,648: DEBUG: Called-Station-Id: [u'00:16:3E:1D:4F:5B']
2013-11-20 10:58:11,649: DEBUG: Calling-Station-Id: [u'17:21:31:41:52:18']
2013-11-20 10:58:11,651: DEBUG: 

2013-11-20 10:58:11,652: DEBUG: Received response with code: 2, Accepted
2013-11-20 10:58:11,652: DEBUG: 

2013-11-20 10:58:11,653: DEBUG: Creating Accounting start Request with the following Attributes:
2013-11-20 10:58:11,653: DEBUG: NAS-Identifier: [u'C08386']
2013-11-20 10:58:11,653: DEBUG: User-Name: [u'username50@airborne.aircell.com']
2013-11-20 10:58:11,654: DEBUG: GoGo-Tail-Number: [u'AAATestNAS_48']
2013-11-20 10:58:11,654: DEBUG: NAS-IP-Address: ['10.254.53.1']
2013-11-20 10:58:11,655: DEBUG: Proxy-State: ['3239,3131']
2013-11-20 10:58:11,655: DEBUG: Acct-Status-Type: ['Start']
2013-11-20 10:58:11,655: DEBUG: GoGo-Airline: [u'BA01']
2013-11-20 10:58:11,655: DEBUG: Acct-Session-Id: [u'AAATestNAS_48-1384925291641-00163E1D4F5B-2']
2013-11-20 10:58:11,656: DEBUG: GoGo-Private-IP-Address: ['192.168.1.179']
2013-11-20 10:58:11,656: DEBUG: Framed-IP-Address: ['10.254.53.104']
2013-11-20 10:58:11,656: DEBUG: WISPr-Location-ID: [u'airline=BA01,tail=01009,network=']
2013-11-20 10:58:11,656: DEBUG: WISPr-Location-Name: [u'TEST LLC,BA01_01009']
2013-11-20 10:58:11,656: DEBUG: NAS-Port-Type: ['Wireless-802.11']
2013-11-20 10:58:11,656: DEBUG: Called-Station-Id: [u'00:16:3E:1D:4F:5B']
2013-11-20 10:58:11,657: DEBUG: Calling-Station-Id: [u'17:21:31:41:52:18']
2013-11-20 10:58:11,658: DEBUG: 

2013-11-20 10:58:11,659: DEBUG: Received response with following attributes:
2013-11-20 10:58:21,660: DEBUG: 

2013-11-20 10:58:21,661: DEBUG: Creating Accounting Update Request with the following Attributes:
2013-11-20 10:58:21,661: DEBUG: User-Name: [u'username50@airborne.aircell.com']
2013-11-20 10:58:21,662: DEBUG: GoGo-Tail-Number: [u'AAATestNAS_48']
2013-11-20 10:58:21,662: DEBUG: Acct-Output-Octets: [3648102]
2013-11-20 10:58:21,663: DEBUG: NAS-IP-Address: ['10.254.53.1']
2013-11-20 10:58:21,663: DEBUG: GoGo-Total-Output-Gigawords: [0]
2013-11-20 10:58:21,663: DEBUG: Framed-IP-Address: ['10.254.53.104']
2013-11-20 10:58:21,664: DEBUG: GoGo-Total-Input-Voice-Gigawords: [0]
2013-11-20 10:58:21,664: DEBUG: GoGo-Total-Output-Octets: [3648102]
2013-11-20 10:58:21,665: DEBUG: GoGo-Acct-Input-Voice-Octets: [0]
2013-11-20 10:58:21,665: DEBUG: GoGo-Total-Input-Voice-Packets: [0]
2013-11-20 10:58:21,666: DEBUG: Called-Station-Id: [u'00:16:3E:1D:4F:5B']
2013-11-20 10:58:21,666: DEBUG: WISPr-Location-Name: [u'TEST LLC,BA01_01009']
2013-11-20 10:58:21,666: DEBUG: NAS-Identifier: [u'C08386']
2013-11-20 10:58:21,667: DEBUG: Proxy-State: ['3330,3132']
2013-11-20 10:58:21,667: DEBUG: GoGo-Total-Input-Voice-Octets: [0]
2013-11-20 10:58:21,668: DEBUG: Acct-Status-Type: ['Interim-Update']
2013-11-20 10:58:21,668: DEBUG: GoGo-Total-Output-Voice-Gigawords: [0]
2013-11-20 10:58:21,669: DEBUG: GoGo-Airline: [u'BA01']
2013-11-20 10:58:21,669: DEBUG: Acct-Session-Id: [u'AAATestNAS_48-1384925291641-00163E1D4F5B-2']
2013-11-20 10:58:21,670: DEBUG: Acct-Session-Time: [10]
2013-11-20 10:58:21,670: DEBUG: Acct-Input-Packets: [43560]
2013-11-20 10:58:21,671: DEBUG: Acct-Output-Packets: [11549]
2013-11-20 10:58:21,671: DEBUG: GoGo-Acct-Output-Voice-Packets: [0]
2013-11-20 10:58:21,672: DEBUG: GoGo-Acct-Output-Voice-Octets: [0]
2013-11-20 10:58:21,672: DEBUG: Acct-Output-Gigawords: [0]
2013-11-20 10:58:21,672: DEBUG: GoGo-Total-Output-Voice-Packets: [0]
2013-11-20 10:58:21,673: DEBUG: Acct-Input-Gigawords: [0]
2013-11-20 10:58:21,673: DEBUG: Calling-Station-Id: [u'17:21:31:41:52:18']
2013-11-20 10:58:21,673: DEBUG: NAS-Port-Type: ['Wireless-802.11']
2013-11-20 10:58:21,674: DEBUG: GoGo-Total-Output-Voice-Octets: [0]
2013-11-20 10:58:21,674: DEBUG: GoGo-Private-IP-Address: ['192.168.1.179']
2013-11-20 10:58:21,675: DEBUG: GoGo-Acct-Input-Voice-Gigawords: [0]
2013-11-20 10:58:21,675: DEBUG: GoGo-Total-Input-Packets: [43560]
2013-11-20 10:58:21,675: DEBUG: GoGo-Total-Input-Gigawords: [0]
2013-11-20 10:58:21,675: DEBUG: GoGo-Acct-Input-Voice-Packets: [0]
2013-11-20 10:58:21,675: DEBUG: GoGo-Total-Input-Octets: [8209375]
2013-11-20 10:58:21,675: DEBUG: GoGo-Total-Output-Packets: [11549]
2013-11-20 10:58:21,676: DEBUG: WISPr-Location-ID: [u'airline=BA01,tail=01009,network=']
2013-11-20 10:58:21,676: DEBUG: GoGo-Acct-Output-Voice-Gigawords: [0]
2013-11-20 10:58:21,676: DEBUG: Acct-Input-Octets: [8209375]
2013-11-20 10:58:21,676: ERROR: Network error, Reason: 'Network error: Too many open files'
2013-11-20 10:58:31,677: DEBUG: 

2013-11-20 10:58:31,678: DEBUG: Creating Accounting Update Request with the following Attributes:
2013-11-20 10:58:31,678: DEBUG: User-Name: [u'username50@airborne.aircell.com']
2013-11-20 10:58:31,678: DEBUG: GoGo-Tail-Number: [u'AAATestNAS_48']
2013-11-20 10:58:31,679: DEBUG: Acct-Output-Octets: [1371697]
2013-11-20 10:58:31,680: DEBUG: NAS-IP-Address: ['10.254.53.1']
2013-11-20 10:58:31,680: DEBUG: GoGo-Total-Output-Gigawords: [0]
2013-11-20 10:58:31,680: DEBUG: Framed-IP-Address: ['10.254.53.104']
2013-11-20 10:58:31,681: DEBUG: GoGo-Total-Input-Voice-Gigawords: [0]
2013-11-20 10:58:31,681: DEBUG: GoGo-Total-Output-Octets: [1371697]
2013-11-20 10:58:31,682: DEBUG: GoGo-Acct-Input-Voice-Octets: [0]
2013-11-20 10:58:31,682: DEBUG: GoGo-Total-Input-Voice-Packets: [0]
2013-11-20 10:58:31,683: DEBUG: Called-Station-Id: [u'00:16:3E:1D:4F:5B']
2013-11-20 10:58:31,683: DEBUG: WISPr-Location-Name: [u'TEST LLC,BA01_01009']
2013-11-20 10:58:31,684: DEBUG: NAS-Identifier: [u'C08386']
2013-11-20 10:58:31,684: DEBUG: Proxy-State: ['3330,3132']
2013-11-20 10:58:31,685: DEBUG: GoGo-Total-Input-Voice-Octets: [0]
2013-11-20 10:58:31,685: DEBUG: Acct-Status-Type: ['Interim-Update']
2013-11-20 10:58:31,685: DEBUG: GoGo-Total-Output-Voice-Gigawords: [0]
2013-11-20 10:58:31,686: DEBUG: GoGo-Airline: [u'BA01']
2013-11-20 10:58:31,686: DEBUG: Acct-Session-Id: [u'AAATestNAS_48-1384925291641-00163E1D4F5B-2']
2013-11-20 10:58:31,687: DEBUG: Acct-Session-Time: [10]
2013-11-20 10:58:31,687: DEBUG: Acct-Input-Packets: [2940]
2013-11-20 10:58:31,688: DEBUG: Acct-Output-Packets: [11822]
2013-11-20 10:58:31,688: DEBUG: GoGo-Acct-Output-Voice-Packets: [0]
2013-11-20 10:58:31,689: DEBUG: GoGo-Acct-Output-Voice-Octets: [0]
2013-11-20 10:58:31,689: DEBUG: Acct-Output-Gigawords: [0]
2013-11-20 10:58:31,689: DEBUG: GoGo-Total-Output-Voice-Packets: [0]
2013-11-20 10:58:31,690: DEBUG: Acct-Input-Gigawords: [0]
2013-11-20 10:58:31,690: DEBUG: Calling-Station-Id: [u'17:21:31:41:52:18']
2013-11-20 10:58:31,691: DEBUG: NAS-Port-Type: ['Wireless-802.11']
2013-11-20 10:58:31,691: DEBUG: GoGo-Total-Output-Voice-Octets: [0]
2013-11-20 10:58:31,692: DEBUG: GoGo-Private-IP-Address: ['192.168.1.179']
2013-11-20 10:58:31,693: DEBUG: GoGo-Acct-Input-Voice-Gigawords: [0]
2013-11-20 10:58:31,693: DEBUG: GoGo-Total-Input-Packets: [2940]
2013-11-20 10:58:31,694: DEBUG: GoGo-Total-Input-Gigawords: [0]
2013-11-20 10:58:31,694: DEBUG: GoGo-Acct-Input-Voice-Packets: [0]
2013-11-20 10:58:31,694: DEBUG: GoGo-Total-Input-Octets: [2113656]
2013-11-20 10:58:31,695: DEBUG: GoGo-Total-Output-Packets: [11822]
2013-11-20 10:58:31,695: DEBUG: WISPr-Location-ID: [u'airline=BA01,tail=01009,network=']
2013-11-20 10:58:31,696: DEBUG: GoGo-Acct-Output-Voice-Gigawords: [0]
2013-11-20 10:58:31,696: DEBUG: Acct-Input-Octets: [2113656]
2013-11-20 10:58:31,697: ERROR: Network error, Reason: 'Network error: Too many open files'
2013-11-20 10:58:41,697: DEBUG: 

2013-11-20 10:58:41,698: DEBUG: Creating Accounting Update Request with the following Attributes:
2013-11-20 10:58:41,699: DEBUG: User-Name: [u'username50@airborne.aircell.com']
2013-11-20 10:58:41,700: DEBUG: GoGo-Tail-Number: [u'AAATestNAS_48']
2013-11-20 10:58:41,701: DEBUG: Acct-Output-Octets: [9233459]
2013-11-20 10:58:41,701: DEBUG: NAS-IP-Address: ['10.254.53.1']
2013-11-20 10:58:41,702: DEBUG: GoGo-Total-Output-Gigawords: [0]
2013-11-20 10:58:41,702: DEBUG: Framed-IP-Address: ['10.254.53.104']
2013-11-20 10:58:41,703: DEBUG: GoGo-Total-Input-Voice-Gigawords: [0]
2013-11-20 10:58:41,703: DEBUG: GoGo-Total-Output-Octets: [9233459]
2013-11-20 10:58:41,704: DEBUG: GoGo-Acct-Input-Voice-Octets: [0]
2013-11-20 10:58:41,704: DEBUG: GoGo-Total-Input-Voice-Packets: [0]
2013-11-20 10:58:41,705: DEBUG: Called-Station-Id: [u'00:16:3E:1D:4F:5B']
2013-11-20 10:58:41,705: DEBUG: WISPr-Location-Name: [u'TEST LLC,BA01_01009']
2013-11-20 10:58:41,706: DEBUG: NAS-Identifier: [u'C08386']
2013-11-20 10:58:41,707: DEBUG: Proxy-State: ['3330,3132']
2013-11-20 10:58:41,707: DEBUG: GoGo-Total-Input-Voice-Octets: [0]
2013-11-20 10:58:41,707: DEBUG: Acct-Status-Type: ['Interim-Update']
2013-11-20 10:58:41,708: DEBUG: GoGo-Total-Output-Voice-Gigawords: [0]
2013-11-20 10:58:41,708: DEBUG: GoGo-Airline: [u'BA01']
2013-11-20 10:58:41,709: DEBUG: Acct-Session-Id: [u'AAATestNAS_48-1384925291641-00163E1D4F5B-2']
2013-11-20 10:58:41,710: DEBUG: Acct-Session-Time: [10]
2013-11-20 10:58:41,710: DEBUG: Acct-Input-Packets: [12906]
2013-11-20 10:58:41,711: DEBUG: Acct-Output-Packets: [66227]
2013-11-20 10:58:41,711: DEBUG: GoGo-Acct-Output-Voice-Packets: [0]
2013-11-20 10:58:41,712: DEBUG: GoGo-Acct-Output-Voice-Octets: [0]
2013-11-20 10:58:41,712: DEBUG: Acct-Output-Gigawords: [0]
2013-11-20 10:58:41,713: DEBUG: GoGo-Total-Output-Voice-Packets: [0]
2013-11-20 10:58:41,713: DEBUG: Acct-Input-Gigawords: [0]
2013-11-20 10:58:41,714: DEBUG: Calling-Station-Id: [u'17:21:31:41:52:18']
2013-11-20 10:58:41,714: DEBUG: NAS-Port-Type: ['Wireless-802.11']
2013-11-20 10:58:41,715: DEBUG: GoGo-Total-Output-Voice-Octets: [0]
2013-11-20 10:58:41,715: DEBUG: GoGo-Private-IP-Address: ['192.168.1.179']
2013-11-20 10:58:41,716: DEBUG: GoGo-Acct-Input-Voice-Gigawords: [0]
2013-11-20 10:58:41,716: DEBUG: GoGo-Total-Input-Packets: [12906]
2013-11-20 10:58:41,717: DEBUG: GoGo-Total-Input-Gigawords: [0]
2013-11-20 10:58:41,717: DEBUG: GoGo-Acct-Input-Voice-Packets: [0]
2013-11-20 10:58:41,718: DEBUG: GoGo-Total-Input-Octets: [8080217]
2013-11-20 10:58:41,718: DEBUG: GoGo-Total-Output-Packets: [66227]
2013-11-20 10:58:41,719: DEBUG: WISPr-Location-ID: [u'airline=BA01,tail=01009,network=']
2013-11-20 10:58:41,719: DEBUG: GoGo-Acct-Output-Voice-Gigawords: [0]
2013-11-20 10:58:41,720: DEBUG: Acct-Input-Octets: [8080217]
2013-11-20 10:58:41,721: ERROR: Network error, Reason: 'Network error: Too many open files'
2013-11-20 10:58:51,722: DEBUG: 

2013-11-20 10:58:51,723: DEBUG: Creating Accounting Update Request with the following Attributes:
2013-11-20 10:58:51,723: DEBUG: User-Name: [u'username50@airborne.aircell.com']
2013-11-20 10:58:51,723: DEBUG: GoGo-Tail-Number: [u'AAATestNAS_48']
2013-11-20 10:58:51,723: DEBUG: Acct-Output-Octets: [5940129]
2013-11-20 10:58:51,724: DEBUG: NAS-IP-Address: ['10.254.53.1']
2013-11-20 10:58:51,724: DEBUG: GoGo-Total-Output-Gigawords: [0]
2013-11-20 10:58:51,724: DEBUG: Framed-IP-Address: ['10.254.53.104']
2013-11-20 10:58:51,724: DEBUG: GoGo-Total-Input-Voice-Gigawords: [0]
2013-11-20 10:58:51,724: DEBUG: GoGo-Total-Output-Octets: [5940129]
2013-11-20 10:58:51,724: DEBUG: GoGo-Acct-Input-Voice-Octets: [0]
2013-11-20 10:58:51,725: DEBUG: GoGo-Total-Input-Voice-Packets: [0]
2013-11-20 10:58:51,725: DEBUG: Called-Station-Id: [u'00:16:3E:1D:4F:5B']
2013-11-20 10:58:51,725: DEBUG: WISPr-Location-Name: [u'TEST LLC,BA01_01009']
2013-11-20 10:58:51,725: DEBUG: NAS-Identifier: [u'C08386']
2013-11-20 10:58:51,725: DEBUG: Proxy-State: ['3330,3132']
2013-11-20 10:58:51,725: DEBUG: GoGo-Total-Input-Voice-Octets: [0]
2013-11-20 10:58:51,726: DEBUG: Acct-Status-Type: ['Interim-Update']
2013-11-20 10:58:51,726: DEBUG: GoGo-Total-Output-Voice-Gigawords: [0]
2013-11-20 10:58:51,726: DEBUG: GoGo-Airline: [u'BA01']
2013-11-20 10:58:51,726: DEBUG: Acct-Session-Id: [u'AAATestNAS_48-1384925291641-00163E1D4F5B-2']
2013-11-20 10:58:51,726: DEBUG: Acct-Session-Time: [10]
2013-11-20 10:58:51,726: DEBUG: Acct-Input-Packets: [36640]
2013-11-20 10:58:51,727: DEBUG: Acct-Output-Packets: [40256]
2013-11-20 10:58:51,727: DEBUG: GoGo-Acct-Output-Voice-Packets: [0]
2013-11-20 10:58:51,727: DEBUG: GoGo-Acct-Output-Voice-Octets: [0]
2013-11-20 10:58:51,727: DEBUG: Acct-Output-Gigawords: [0]
2013-11-20 10:58:51,727: DEBUG: GoGo-Total-Output-Voice-Packets: [0]
2013-11-20 10:58:51,727: DEBUG: Acct-Input-Gigawords: [0]
2013-11-20 10:58:51,728: DEBUG: Calling-Station-Id: [u'17:21:31:41:52:18']
2013-11-20 10:58:51,728: DEBUG: NAS-Port-Type: ['Wireless-802.11']
2013-11-20 10:58:51,728: DEBUG: GoGo-Total-Output-Voice-Octets: [0]
2013-11-20 10:58:51,728: DEBUG: GoGo-Private-IP-Address: ['192.168.1.179']
2013-11-20 10:58:51,728: DEBUG: GoGo-Acct-Input-Voice-Gigawords: [0]
2013-11-20 10:58:51,728: DEBUG: GoGo-Total-Input-Packets: [36640]
2013-11-20 10:58:51,729: DEBUG: GoGo-Total-Input-Gigawords: [0]
2013-11-20 10:58:51,729: DEBUG: GoGo-Acct-Input-Voice-Packets: [0]
2013-11-20 10:58:51,729: DEBUG: GoGo-Total-Input-Octets: [8620841]
2013-11-20 10:58:51,729: DEBUG: GoGo-Total-Output-Packets: [40256]
2013-11-20 10:58:51,729: DEBUG: WISPr-Location-ID: [u'airline=BA01,tail=01009,network=']
2013-11-20 10:58:51,729: DEBUG: GoGo-Acct-Output-Voice-Gigawords: [0]
2013-11-20 10:58:51,730: DEBUG: Acct-Input-Octets: [8620841]
2013-11-20 10:58:51,732: DEBUG: 

2013-11-20 10:58:51,732: DEBUG: Received response with following attributes:
2013-11-20 10:59:01,732: DEBUG: 

2013-11-20 10:59:01,733: DEBUG: Creating Accounting Update Request with the following Attributes:
2013-11-20 10:59:01,733: DEBUG: User-Name: [u'username50@airborne.aircell.com']
2013-11-20 10:59:01,733: DEBUG: GoGo-Tail-Number: [u'AAATestNAS_48']
2013-11-20 10:59:01,734: DEBUG: Acct-Output-Octets: [9120795]
2013-11-20 10:59:01,734: DEBUG: NAS-IP-Address: ['10.254.53.1']
2013-11-20 10:59:01,734: DEBUG: GoGo-Total-Output-Gigawords: [0]
2013-11-20 10:59:01,734: DEBUG: Framed-IP-Address: ['10.254.53.104']
2013-11-20 10:59:01,734: DEBUG: GoGo-Total-Input-Voice-Gigawords: [0]
2013-11-20 10:59:01,734: DEBUG: GoGo-Total-Output-Octets: [9120795]
2013-11-20 10:59:01,735: DEBUG: GoGo-Acct-Input-Voice-Octets: [0]
2013-11-20 10:59:01,735: DEBUG: GoGo-Total-Input-Voice-Packets: [0]
2013-11-20 10:59:01,735: DEBUG: Called-Station-Id: [u'00:16:3E:1D:4F:5B']
2013-11-20 10:59:01,735: DEBUG: WISPr-Location-Name: [u'TEST LLC,BA01_01009']
2013-11-20 10:59:01,735: DEBUG: NAS-Identifier: [u'C08386']
2013-11-20 10:59:01,735: DEBUG: Proxy-State: ['3330,3132']
2013-11-20 10:59:01,736: DEBUG: GoGo-Total-Input-Voice-Octets: [0]
2013-11-20 10:59:01,736: DEBUG: Acct-Status-Type: ['Interim-Update']
2013-11-20 10:59:01,736: DEBUG: GoGo-Total-Output-Voice-Gigawords: [0]
2013-11-20 10:59:01,736: DEBUG: GoGo-Airline: [u'BA01']
2013-11-20 10:59:01,736: DEBUG: Acct-Session-Id: [u'AAATestNAS_48-1384925291641-00163E1D4F5B-2']
2013-11-20 10:59:01,736: DEBUG: Acct-Session-Time: [10]
2013-11-20 10:59:01,737: DEBUG: Acct-Input-Packets: [21342]
2013-11-20 10:59:01,737: DEBUG: Acct-Output-Packets: [46426]
2013-11-20 10:59:01,737: DEBUG: GoGo-Acct-Output-Voice-Packets: [0]
2013-11-20 10:59:01,737: DEBUG: GoGo-Acct-Output-Voice-Octets: [0]
2013-11-20 10:59:01,737: DEBUG: Acct-Output-Gigawords: [0]
2013-11-20 10:59:01,737: DEBUG: GoGo-Total-Output-Voice-Packets: [0]
2013-11-20 10:59:01,738: DEBUG: Acct-Input-Gigawords: [0]
2013-11-20 10:59:01,738: DEBUG: Calling-Station-Id: [u'17:21:31:41:52:18']
2013-11-20 10:59:01,738: DEBUG: NAS-Port-Type: ['Wireless-802.11']
2013-11-20 10:59:01,738: DEBUG: GoGo-Total-Output-Voice-Octets: [0]
2013-11-20 10:59:01,738: DEBUG: GoGo-Private-IP-Address: ['192.168.1.179']
2013-11-20 10:59:01,738: DEBUG: GoGo-Acct-Input-Voice-Gigawords: [0]
2013-11-20 10:59:01,739: DEBUG: GoGo-Total-Input-Packets: [21342]
2013-11-20 10:59:01,739: DEBUG: GoGo-Total-Input-Gigawords: [0]
2013-11-20 10:59:01,739: DEBUG: GoGo-Acct-Input-Voice-Packets: [0]
2013-11-20 10:59:01,739: DEBUG: GoGo-Total-Input-Octets: [7340799]
2013-11-20 10:59:01,739: DEBUG: GoGo-Total-Output-Packets: [46426]
2013-11-20 10:59:01,739: DEBUG: WISPr-Location-ID: [u'airline=BA01,tail=01009,network=']
2013-11-20 10:59:01,740: DEBUG: GoGo-Acct-Output-Voice-Gigawords: [0]
2013-11-20 10:59:01,740: DEBUG: Acct-Input-Octets: [7340799]
2013-11-20 10:59:01,740: ERROR: Network error, Reason: 'Network error: Too many open files'
2013-11-20 10:59:11,741: DEBUG: 

2013-11-20 10:59:11,743: DEBUG: Creating Accounting Update Request with the following Attributes:
2013-11-20 10:59:11,743: DEBUG: User-Name: [u'username50@airborne.aircell.com']
2013-11-20 10:59:11,744: DEBUG: GoGo-Tail-Number: [u'AAATestNAS_48']
2013-11-20 10:59:11,744: DEBUG: Acct-Output-Octets: [2577303]
2013-11-20 10:59:11,744: DEBUG: NAS-IP-Address: ['10.254.53.1']
2013-11-20 10:59:11,745: DEBUG: GoGo-Total-Output-Gigawords: [0]
2013-11-20 10:59:11,745: DEBUG: Framed-IP-Address: ['10.254.53.104']
2013-11-20 10:59:11,746: DEBUG: GoGo-Total-Input-Voice-Gigawords: [0]
2013-11-20 10:59:11,746: DEBUG: GoGo-Total-Output-Octets: [2577303]
2013-11-20 10:59:11,746: DEBUG: GoGo-Acct-Input-Voice-Octets: [0]
2013-11-20 10:59:11,746: DEBUG: GoGo-Total-Input-Voice-Packets: [0]
2013-11-20 10:59:11,747: DEBUG: Called-Station-Id: [u'00:16:3E:1D:4F:5B']
2013-11-20 10:59:11,747: DEBUG: WISPr-Location-Name: [u'TEST LLC,BA01_01009']
2013-11-20 10:59:11,747: DEBUG: NAS-Identifier: [u'C08386']
2013-11-20 10:59:11,748: DEBUG: Proxy-State: ['3330,3132']
2013-11-20 10:59:11,748: DEBUG: GoGo-Total-Input-Voice-Octets: [0]
2013-11-20 10:59:11,748: DEBUG: Acct-Status-Type: ['Interim-Update']
2013-11-20 10:59:11,749: DEBUG: GoGo-Total-Output-Voice-Gigawords: [0]
2013-11-20 10:59:11,749: DEBUG: GoGo-Airline: [u'BA01']
2013-11-20 10:59:11,749: DEBUG: Acct-Session-Id: [u'AAATestNAS_48-1384925291641-00163E1D4F5B-2']
2013-11-20 10:59:11,749: DEBUG: Acct-Session-Time: [10]
2013-11-20 10:59:11,750: DEBUG: Acct-Input-Packets: [18949]
2013-11-20 10:59:11,750: DEBUG: Acct-Output-Packets: [9993]
2013-11-20 10:59:11,750: DEBUG: GoGo-Acct-Output-Voice-Packets: [0]
2013-11-20 10:59:11,750: DEBUG: GoGo-Acct-Output-Voice-Octets: [0]
2013-11-20 10:59:11,751: DEBUG: Acct-Output-Gigawords: [0]
2013-11-20 10:59:11,751: DEBUG: GoGo-Total-Output-Voice-Packets: [0]
2013-11-20 10:59:11,751: DEBUG: Acct-Input-Gigawords: [0]
2013-11-20 10:59:11,752: DEBUG: Calling-Station-Id: [u'17:21:31:41:52:18']
2013-11-20 10:59:11,752: DEBUG: NAS-Port-Type: ['Wireless-802.11']
2013-11-20 10:59:11,752: DEBUG: GoGo-Total-Output-Voice-Octets: [0]
2013-11-20 10:59:11,752: DEBUG: GoGo-Private-IP-Address: ['192.168.1.179']
2013-11-20 10:59:11,752: DEBUG: GoGo-Acct-Input-Voice-Gigawords: [0]
2013-11-20 10:59:11,753: DEBUG: GoGo-Total-Input-Packets: [18949]
2013-11-20 10:59:11,753: DEBUG: GoGo-Total-Input-Gigawords: [0]
2013-11-20 10:59:11,753: DEBUG: GoGo-Acct-Input-Voice-Packets: [0]
2013-11-20 10:59:11,753: DEBUG: GoGo-Total-Input-Octets: [8770776]
2013-11-20 10:59:11,754: DEBUG: GoGo-Total-Output-Packets: [9993]
2013-11-20 10:59:11,754: DEBUG: WISPr-Location-ID: [u'airline=BA01,tail=01009,network=']
2013-11-20 10:59:11,754: DEBUG: GoGo-Acct-Output-Voice-Gigawords: [0]
2013-11-20 10:59:11,754: DEBUG: Acct-Input-Octets: [8770776]
2013-11-20 10:59:11,755: ERROR: Network error, Reason: 'Network error: nodename nor servname provided, or not known'
2013-11-20 10:59:21,755: DEBUG: 

2013-11-20 10:59:21,756: DEBUG: Creating Accounting Update Request with the following Attributes:
2013-11-20 10:59:21,757: DEBUG: User-Name: [u'username50@airborne.aircell.com']
2013-11-20 10:59:21,757: DEBUG: GoGo-Tail-Number: [u'AAATestNAS_48']
2013-11-20 10:59:21,757: DEBUG: Acct-Output-Octets: [6194814]
2013-11-20 10:59:21,757: DEBUG: NAS-IP-Address: ['10.254.53.1']
2013-11-20 10:59:21,757: DEBUG: GoGo-Total-Output-Gigawords: [0]
2013-11-20 10:59:21,758: DEBUG: Framed-IP-Address: ['10.254.53.104']
2013-11-20 10:59:21,758: DEBUG: GoGo-Total-Input-Voice-Gigawords: [0]
2013-11-20 10:59:21,758: DEBUG: GoGo-Total-Output-Octets: [6194814]
2013-11-20 10:59:21,758: DEBUG: GoGo-Acct-Input-Voice-Octets: [0]
2013-11-20 10:59:21,758: DEBUG: GoGo-Total-Input-Voice-Packets: [0]
2013-11-20 10:59:21,759: DEBUG: Called-Station-Id: [u'00:16:3E:1D:4F:5B']
2013-11-20 10:59:21,759: DEBUG: WISPr-Location-Name: [u'TEST LLC,BA01_01009']
2013-11-20 10:59:21,759: DEBUG: NAS-Identifier: [u'C08386']
2013-11-20 10:59:21,759: DEBUG: Proxy-State: ['3330,3132']
2013-11-20 10:59:21,759: DEBUG: GoGo-Total-Input-Voice-Octets: [0]
2013-11-20 10:59:21,759: DEBUG: Acct-Status-Type: ['Interim-Update']
2013-11-20 10:59:21,760: DEBUG: GoGo-Total-Output-Voice-Gigawords: [0]
2013-11-20 10:59:21,760: DEBUG: GoGo-Airline: [u'BA01']
2013-11-20 10:59:21,760: DEBUG: Acct-Session-Id: [u'AAATestNAS_48-1384925291641-00163E1D4F5B-2']
2013-11-20 10:59:21,760: DEBUG: Acct-Session-Time: [10]
2013-11-20 10:59:21,760: DEBUG: Acct-Input-Packets: [8353]
2013-11-20 10:59:21,760: DEBUG: Acct-Output-Packets: [57483]
2013-11-20 10:59:21,761: DEBUG: GoGo-Acct-Output-Voice-Packets: [0]
2013-11-20 10:59:21,761: DEBUG: GoGo-Acct-Output-Voice-Octets: [0]
2013-11-20 10:59:21,761: DEBUG: Acct-Output-Gigawords: [0]
2013-11-20 10:59:21,762: DEBUG: GoGo-Total-Output-Voice-Packets: [0]
2013-11-20 10:59:21,762: DEBUG: Acct-Input-Gigawords: [0]
2013-11-20 10:59:21,762: DEBUG: Calling-Station-Id: [u'17:21:31:41:52:18']
2013-11-20 10:59:21,762: DEBUG: NAS-Port-Type: ['Wireless-802.11']
2013-11-20 10:59:21,762: DEBUG: GoGo-Total-Output-Voice-Octets: [0]
2013-11-20 10:59:21,762: DEBUG: GoGo-Private-IP-Address: ['192.168.1.179']
2013-11-20 10:59:21,763: DEBUG: GoGo-Acct-Input-Voice-Gigawords: [0]
2013-11-20 10:59:21,763: DEBUG: GoGo-Total-Input-Packets: [8353]
2013-11-20 10:59:21,763: DEBUG: GoGo-Total-Input-Gigawords: [0]
2013-11-20 10:59:21,763: DEBUG: GoGo-Acct-Input-Voice-Packets: [0]
2013-11-20 10:59:21,763: DEBUG: GoGo-Total-Input-Octets: [2957405]
2013-11-20 10:59:21,763: DEBUG: GoGo-Total-Output-Packets: [57483]
2013-11-20 10:59:21,764: DEBUG: WISPr-Location-ID: [u'airline=BA01,tail=01009,network=']
2013-11-20 10:59:21,764: DEBUG: GoGo-Acct-Output-Voice-Gigawords: [0]
2013-11-20 10:59:21,764: DEBUG: Acct-Input-Octets: [2957405]
2013-11-20 10:59:21,764: ERROR: Network error, Reason: 'Network error: nodename nor servname provided, or not known'
2013-11-20 10:59:31,765: DEBUG: 

2013-11-20 10:59:31,766: DEBUG: Creating Accounting Update Request with the following Attributes:
2013-11-20 10:59:31,767: DEBUG: User-Name: [u'username50@airborne.aircell.com']
2013-11-20 10:59:31,767: DEBUG: GoGo-Tail-Number: [u'AAATestNAS_48']
2013-11-20 10:59:31,767: DEBUG: Acct-Output-Octets: [9975742]
2013-11-20 10:59:31,768: DEBUG: NAS-IP-Address: ['10.254.53.1']
2013-11-20 10:59:31,768: DEBUG: GoGo-Total-Output-Gigawords: [0]
2013-11-20 10:59:31,768: DEBUG: Framed-IP-Address: ['10.254.53.104']
2013-11-20 10:59:31,768: DEBUG: GoGo-Total-Input-Voice-Gigawords: [0]
2013-11-20 10:59:31,769: DEBUG: GoGo-Total-Output-Octets: [9975742]
2013-11-20 10:59:31,769: DEBUG: GoGo-Acct-Input-Voice-Octets: [0]
2013-11-20 10:59:31,769: DEBUG: GoGo-Total-Input-Voice-Packets: [0]
2013-11-20 10:59:31,769: DEBUG: Called-Station-Id: [u'00:16:3E:1D:4F:5B']
2013-11-20 10:59:31,770: DEBUG: WISPr-Location-Name: [u'TEST LLC,BA01_01009']
2013-11-20 10:59:31,770: DEBUG: NAS-Identifier: [u'C08386']
2013-11-20 10:59:31,770: DEBUG: Proxy-State: ['3330,3132']
2013-11-20 10:59:31,770: DEBUG: GoGo-Total-Input-Voice-Octets: [0]
2013-11-20 10:59:31,771: DEBUG: Acct-Status-Type: ['Interim-Update']
2013-11-20 10:59:31,771: DEBUG: GoGo-Total-Output-Voice-Gigawords: [0]
2013-11-20 10:59:31,771: DEBUG: GoGo-Airline: [u'BA01']
2013-11-20 10:59:31,771: DEBUG: Acct-Session-Id: [u'AAATestNAS_48-1384925291641-00163E1D4F5B-2']
2013-11-20 10:59:31,772: DEBUG: Acct-Session-Time: [10]
2013-11-20 10:59:31,772: DEBUG: Acct-Input-Packets: [42578]
2013-11-20 10:59:31,772: DEBUG: Acct-Output-Packets: [13160]
2013-11-20 10:59:31,772: DEBUG: GoGo-Acct-Output-Voice-Packets: [0]
2013-11-20 10:59:31,772: DEBUG: GoGo-Acct-Output-Voice-Octets: [0]
2013-11-20 10:59:31,773: DEBUG: Acct-Output-Gigawords: [0]
2013-11-20 10:59:31,773: DEBUG: GoGo-Total-Output-Voice-Packets: [0]
2013-11-20 10:59:31,773: DEBUG: Acct-Input-Gigawords: [0]
2013-11-20 10:59:31,773: DEBUG: Calling-Station-Id: [u'17:21:31:41:52:18']
2013-11-20 10:59:31,774: DEBUG: NAS-Port-Type: ['Wireless-802.11']
2013-11-20 10:59:31,774: DEBUG: GoGo-Total-Output-Voice-Octets: [0]
2013-11-20 10:59:31,774: DEBUG: GoGo-Private-IP-Address: ['192.168.1.179']
2013-11-20 10:59:31,774: DEBUG: GoGo-Acct-Input-Voice-Gigawords: [0]
2013-11-20 10:59:31,774: DEBUG: GoGo-Total-Input-Packets: [42578]
2013-11-20 10:59:31,774: DEBUG: GoGo-Total-Input-Gigawords: [0]
2013-11-20 10:59:31,775: DEBUG: GoGo-Acct-Input-Voice-Packets: [0]
2013-11-20 10:59:31,775: DEBUG: GoGo-Total-Input-Octets: [4809876]
2013-11-20 10:59:31,775: DEBUG: GoGo-Total-Output-Packets: [13160]
2013-11-20 10:59:31,775: DEBUG: WISPr-Location-ID: [u'airline=BA01,tail=01009,network=']
2013-11-20 10:59:31,775: DEBUG: GoGo-Acct-Output-Voice-Gigawords: [0]
2013-11-20 10:59:31,775: DEBUG: Acct-Input-Octets: [4809876]
2013-11-20 10:59:31,776: ERROR: Network error, Reason: 'Network error: nodename nor servname provided, or not known'
2013-11-20 10:59:38,776: DEBUG: 

2013-11-20 10:59:38,777: DEBUG: Creating Accounting Update Request with the following Attributes:
2013-11-20 10:59:38,778: DEBUG: User-Name: [u'username50@airborne.aircell.com']
2013-11-20 10:59:38,778: DEBUG: GoGo-Tail-Number: [u'AAATestNAS_48']
2013-11-20 10:59:38,778: DEBUG: Acct-Output-Octets: [2461434]
2013-11-20 10:59:38,778: DEBUG: NAS-IP-Address: ['10.254.53.1']
2013-11-20 10:59:38,779: DEBUG: GoGo-Total-Output-Gigawords: [0]
2013-11-20 10:59:38,779: DEBUG: Framed-IP-Address: ['10.254.53.104']
2013-11-20 10:59:38,779: DEBUG: GoGo-Total-Input-Voice-Gigawords: [0]
2013-11-20 10:59:38,779: DEBUG: GoGo-Total-Output-Octets: [2461434]
2013-11-20 10:59:38,780: DEBUG: GoGo-Acct-Input-Voice-Octets: [0]
2013-11-20 10:59:38,780: DEBUG: GoGo-Total-Input-Voice-Packets: [0]
2013-11-20 10:59:38,780: DEBUG: Called-Station-Id: [u'00:16:3E:1D:4F:5B']
2013-11-20 10:59:38,781: DEBUG: WISPr-Location-Name: [u'TEST LLC,BA01_01009']
2013-11-20 10:59:38,781: DEBUG: NAS-Identifier: [u'C08386']
2013-11-20 10:59:38,781: DEBUG: Proxy-State: ['3330,3132']
2013-11-20 10:59:38,781: DEBUG: GoGo-Total-Input-Voice-Octets: [0]
2013-11-20 10:59:38,781: DEBUG: Acct-Status-Type: ['Interim-Update']
2013-11-20 10:59:38,782: DEBUG: GoGo-Total-Output-Voice-Gigawords: [0]
2013-11-20 10:59:38,782: DEBUG: GoGo-Airline: [u'BA01']
2013-11-20 10:59:38,782: DEBUG: Acct-Session-Id: [u'AAATestNAS_48-1384925291641-00163E1D4F5B-2']
2013-11-20 10:59:38,782: DEBUG: Acct-Session-Time: [7]
2013-11-20 10:59:38,782: DEBUG: Acct-Input-Packets: [9667]
2013-11-20 10:59:38,783: DEBUG: Acct-Output-Packets: [16281]
2013-11-20 10:59:38,783: DEBUG: GoGo-Acct-Output-Voice-Packets: [0]
2013-11-20 10:59:38,783: DEBUG: GoGo-Acct-Output-Voice-Octets: [0]
2013-11-20 10:59:38,783: DEBUG: Acct-Output-Gigawords: [0]
2013-11-20 10:59:38,783: DEBUG: GoGo-Total-Output-Voice-Packets: [0]
2013-11-20 10:59:38,784: DEBUG: Acct-Input-Gigawords: [0]
2013-11-20 10:59:38,784: DEBUG: Calling-Station-Id: [u'17:21:31:41:52:18']
2013-11-20 10:59:38,784: DEBUG: NAS-Port-Type: ['Wireless-802.11']
2013-11-20 10:59:38,784: DEBUG: GoGo-Total-Output-Voice-Octets: [0]
2013-11-20 10:59:38,784: DEBUG: GoGo-Private-IP-Address: ['192.168.1.179']
2013-11-20 10:59:38,784: DEBUG: GoGo-Acct-Input-Voice-Gigawords: [0]
2013-11-20 10:59:38,785: DEBUG: GoGo-Total-Input-Packets: [9667]
2013-11-20 10:59:38,785: DEBUG: GoGo-Total-Input-Gigawords: [0]
2013-11-20 10:59:38,785: DEBUG: GoGo-Acct-Input-Voice-Packets: [0]
2013-11-20 10:59:38,785: DEBUG: GoGo-Total-Input-Octets: [1717721]
2013-11-20 10:59:38,785: DEBUG: GoGo-Total-Output-Packets: [16281]
2013-11-20 10:59:38,786: DEBUG: WISPr-Location-ID: [u'airline=BA01,tail=01009,network=']
2013-11-20 10:59:38,786: DEBUG: GoGo-Acct-Output-Voice-Gigawords: [0]
2013-11-20 10:59:38,786: DEBUG: Acct-Input-Octets: [1717721]
2013-11-20 10:59:38,786: ERROR: Network error, Reason: 'Network error: nodename nor servname provided, or not known'
2013-11-20 11:00:04,787: DEBUG: 

2013-11-20 11:00:04,788: DEBUG: Creating Accounting Stop Request with the following Attributes:
2013-11-20 11:00:04,788: DEBUG: User-Name: [u'username50@airborne.aircell.com']
2013-11-20 11:00:04,789: DEBUG: GoGo-Tail-Number: [u'01009']
2013-11-20 11:00:04,789: DEBUG: Acct-Output-Octets: [6808107]
2013-11-20 11:00:04,789: DEBUG: NAS-IP-Address: ['10.254.53.1']
2013-11-20 11:00:04,790: DEBUG: GoGo-Total-Output-Gigawords: [0]
2013-11-20 11:00:04,790: DEBUG: Framed-IP-Address: ['10.254.53.104']
2013-11-20 11:00:04,790: DEBUG: GoGo-Total-Input-Voice-Gigawords: [0]
2013-11-20 11:00:04,790: DEBUG: GoGo-Total-Output-Octets: [6808107]
2013-11-20 11:00:04,791: DEBUG: GoGo-Acct-Input-Voice-Octets: [0]
2013-11-20 11:00:04,791: DEBUG: GoGo-Total-Input-Voice-Packets: [0]
2013-11-20 11:00:04,791: DEBUG: Called-Station-Id: [u'00:16:3E:1D:4F:5B']
2013-11-20 11:00:04,791: DEBUG: WISPr-Location-Name: [u'TEST LLC,BA01_01009']
2013-11-20 11:00:04,791: DEBUG: NAS-Identifier: [u'C08386']
2013-11-20 11:00:04,792: DEBUG: Proxy-State: ['3330,3132']
2013-11-20 11:00:04,792: DEBUG: GoGo-Total-Input-Voice-Octets: [0]
2013-11-20 11:00:04,792: DEBUG: Acct-Status-Type: ['Stop']
2013-11-20 11:00:04,792: DEBUG: GoGo-Total-Output-Voice-Gigawords: [0]
2013-11-20 11:00:04,793: DEBUG: GoGo-Airline: [u'BA01']
2013-11-20 11:00:04,793: DEBUG: Acct-Session-Id: [u'AAATestNAS_48-1384925291641-00163E1D4F5B-2']
2013-11-20 11:00:04,793: DEBUG: Acct-Session-Time: [26]
2013-11-20 11:00:04,793: DEBUG: Acct-Input-Packets: [92975]
2013-11-20 11:00:04,793: DEBUG: Acct-Output-Packets: [21492]
2013-11-20 11:00:04,793: DEBUG: Acct-Terminate-Cause: ['User-Request']
2013-11-20 11:00:04,793: DEBUG: GoGo-Acct-Output-Voice-Octets: [0]
2013-11-20 11:00:04,794: DEBUG: Acct-Output-Gigawords: [0]
2013-11-20 11:00:04,794: DEBUG: GoGo-Total-Output-Voice-Packets: [0]
2013-11-20 11:00:04,794: DEBUG: Acct-Input-Gigawords: [0]
2013-11-20 11:00:04,794: DEBUG: Calling-Station-Id: [u'17:21:31:41:52:18']
2013-11-20 11:00:04,794: DEBUG: NAS-Port-Type: ['Wireless-802.11']
2013-11-20 11:00:04,794: DEBUG: GoGo-Total-Output-Voice-Octets: [0]
2013-11-20 11:00:04,795: DEBUG: GoGo-Private-IP-Address: ['192.168.1.179']
2013-11-20 11:00:04,795: DEBUG: GoGo-Acct-Input-Voice-Gigawords: [0]
2013-11-20 11:00:04,795: DEBUG: GoGo-Total-Input-Packets: [92975]
2013-11-20 11:00:04,795: DEBUG: GoGo-Total-Input-Gigawords: [0]
2013-11-20 11:00:04,795: DEBUG: GoGo-Acct-Input-Voice-Packets: [0]
2013-11-20 11:00:04,795: DEBUG: GoGo-Total-Input-Octets: [9822012]
2013-11-20 11:00:04,796: DEBUG: GoGo-Total-Output-Packets: [21492]
2013-11-20 11:00:04,796: DEBUG: WISPr-Location-ID: [u'airline=BA01,tail=01009,network=']
2013-11-20 11:00:04,796: DEBUG: GoGo-Acct-Output-Voice-Packets: [0]
2013-11-20 11:00:04,796: DEBUG: GoGo-Acct-Output-Voice-Gigawords: [0]
2013-11-20 11:00:04,796: DEBUG: Acct-Input-Octets: [9822012]
2013-11-20 11:00:04,797: ERROR: Network error, Reason: 'Network error: nodename nor servname provided, or not known'
2013-11-20 11:00:04,797: ERROR: Ending the test for this user
2013-11-20 11:00:04,797: DEBUG: Ending the test for this user
2013-11-20 11:00:05,724: DEBUG: Starting the client for the user username50@airborne.aircell.com to the server localhost

