2013-11-20 10:57:00,501: DEBUG: Starting the client for the user username94@airborne.aircell.com to the server localhost

2013-11-20 10:57:00,501: DEBUG: DURATION of the TEST: 89
2013-11-20 10:57:00,501: DEBUG: NAS-IP: 10.254.49.1
2013-11-20 10:57:00,501: DEBUG: NAS-MAC-ADDR: 17:21:31:41:52:14
2013-11-20 10:57:00,501: DEBUG: Abruptly End: False
2013-11-20 10:57:00,501: DEBUG: Framed-IP: 10.254.49.77
2013-11-20 10:57:00,501: DEBUG: User-MAC-Addr: 00:16:3E:2C:0A:F0
2013-11-20 10:57:00,502: DEBUG: 

2013-11-20 10:57:00,502: DEBUG: Creating Authentication Request with the following Attributes:
2013-11-20 10:57:00,502: DEBUG: NAS-Identifier: [u'C08386']
2013-11-20 10:57:00,502: DEBUG: User-Name: [u'username94@airborne.aircell.com']
2013-11-20 10:57:00,503: DEBUG: NAS-IP-Address: ['10.254.49.1']
2013-11-20 10:57:00,503: DEBUG: Service-Type: ['Authenticate-Only']
2013-11-20 10:57:00,503: DEBUG: Proxy-State: ['3237,3134']
2013-11-20 10:57:00,503: DEBUG: Framed-IP-Address: ['10.254.49.77']
2013-11-20 10:57:00,503: DEBUG: GoGo-Airline: [u'BA01']
2013-11-20 10:57:00,503: DEBUG: Acct-Session-Id: [u'AAATestNAS_44-1384925220502-00163E2C0AF0-1']
2013-11-20 10:57:00,504: DEBUG: GoGo-Tail-Number: [u'AAATestNAS_44']
2013-11-20 10:57:00,504: DEBUG: GoGo-Private-IP-Address: ['192.168.1.179']
2013-11-20 10:57:00,504: DEBUG: WISPr-Location-ID: [u'airline=BA01,tail=01009,network=']
2013-11-20 10:57:00,504: DEBUG: WISPr-Location-Name: [u'TEST LLC,BA01_01009']
2013-11-20 10:57:00,504: DEBUG: NAS-Port-Type: ['Wireless-802.11']
2013-11-20 10:57:00,504: DEBUG: Called-Station-Id: [u'00:16:3E:2C:0A:F0']
2013-11-20 10:57:00,504: DEBUG: Calling-Station-Id: [u'17:21:31:41:52:14']
2013-11-20 10:57:00,505: DEBUG: 

2013-11-20 10:57:00,506: DEBUG: Received response with code: 2, Accepted
2013-11-20 10:57:00,506: DEBUG: Creating Authentication Request with the following Attributes:
2013-11-20 10:57:00,506: DEBUG: NAS-Identifier: [u'C08386']
2013-11-20 10:57:00,506: DEBUG: User-Name: [u'username94@airborne.aircell.com']
2013-11-20 10:57:00,506: DEBUG: NAS-IP-Address: ['10.254.49.1']
2013-11-20 10:57:00,507: DEBUG: Service-Type: ['Login-User']
2013-11-20 10:57:00,507: DEBUG: Proxy-State: ['3237,3134']
2013-11-20 10:57:00,507: DEBUG: Framed-IP-Address: ['10.254.49.77']
2013-11-20 10:57:00,507: DEBUG: GoGo-Airline: [u'BA01']
2013-11-20 10:57:00,507: DEBUG: Acct-Session-Id: [u'AAATestNAS_44-1384925220506-00163E2C0AF0-1']
2013-11-20 10:57:00,507: DEBUG: GoGo-Tail-Number: [u'AAATestNAS_44']
2013-11-20 10:57:00,507: DEBUG: GoGo-Private-IP-Address: ['192.168.1.179']
2013-11-20 10:57:00,508: DEBUG: WISPr-Location-ID: [u'airline=BA01,tail=01009,network=']
2013-11-20 10:57:00,508: DEBUG: WISPr-Location-Name: [u'TEST LLC,BA01_01009']
2013-11-20 10:57:00,509: DEBUG: NAS-Port-Type: ['Wireless-802.11']
2013-11-20 10:57:00,509: DEBUG: Called-Station-Id: [u'00:16:3E:2C:0A:F0']
2013-11-20 10:57:00,509: DEBUG: Calling-Station-Id: [u'17:21:31:41:52:14']
2013-11-20 10:57:00,511: DEBUG: 

2013-11-20 10:57:00,511: DEBUG: Received response with code: 2, Accepted
2013-11-20 10:57:00,512: DEBUG: 

2013-11-20 10:57:00,512: DEBUG: Creating Accounting start Request with the following Attributes:
2013-11-20 10:57:00,513: DEBUG: NAS-Identifier: [u'C08386']
2013-11-20 10:57:00,513: DEBUG: User-Name: [u'username94@airborne.aircell.com']
2013-11-20 10:57:00,513: DEBUG: GoGo-Tail-Number: [u'AAATestNAS_44']
2013-11-20 10:57:00,514: DEBUG: NAS-IP-Address: ['10.254.49.1']
2013-11-20 10:57:00,514: DEBUG: Proxy-State: ['3239,3131']
2013-11-20 10:57:00,514: DEBUG: Acct-Status-Type: ['Start']
2013-11-20 10:57:00,515: DEBUG: GoGo-Airline: [u'BA01']
2013-11-20 10:57:00,515: DEBUG: Acct-Session-Id: [u'AAATestNAS_44-1384925220506-00163E2C0AF0-1']
2013-11-20 10:57:00,516: DEBUG: GoGo-Private-IP-Address: ['192.168.1.179']
2013-11-20 10:57:00,516: DEBUG: Framed-IP-Address: ['10.254.49.77']
2013-11-20 10:57:00,517: DEBUG: WISPr-Location-ID: [u'airline=BA01,tail=01009,network=']
2013-11-20 10:57:00,517: DEBUG: WISPr-Location-Name: [u'TEST LLC,BA01_01009']
2013-11-20 10:57:00,517: DEBUG: NAS-Port-Type: ['Wireless-802.11']
2013-11-20 10:57:00,518: DEBUG: Called-Station-Id: [u'00:16:3E:2C:0A:F0']
2013-11-20 10:57:00,518: DEBUG: Calling-Station-Id: [u'17:21:31:41:52:14']
2013-11-20 10:57:00,520: DEBUG: 

2013-11-20 10:57:00,520: DEBUG: Received response with following attributes:
2013-11-20 10:57:10,521: DEBUG: 

2013-11-20 10:57:10,521: DEBUG: Creating Accounting Update Request with the following Attributes:
2013-11-20 10:57:10,522: DEBUG: User-Name: [u'username94@airborne.aircell.com']
2013-11-20 10:57:10,524: DEBUG: GoGo-Tail-Number: [u'AAATestNAS_44']
2013-11-20 10:57:10,525: DEBUG: Acct-Output-Octets: [2324866]
2013-11-20 10:57:10,525: DEBUG: NAS-IP-Address: ['10.254.49.1']
2013-11-20 10:57:10,526: DEBUG: GoGo-Total-Output-Gigawords: [0]
2013-11-20 10:57:10,527: DEBUG: Framed-IP-Address: ['10.254.49.77']
2013-11-20 10:57:10,527: DEBUG: GoGo-Total-Input-Voice-Gigawords: [0]
2013-11-20 10:57:10,528: DEBUG: GoGo-Total-Output-Octets: [2324866]
2013-11-20 10:57:10,529: DEBUG: GoGo-Acct-Input-Voice-Octets: [0]
2013-11-20 10:57:10,529: DEBUG: GoGo-Total-Input-Voice-Packets: [0]
2013-11-20 10:57:10,530: DEBUG: Called-Station-Id: [u'00:16:3E:2C:0A:F0']
2013-11-20 10:57:10,531: DEBUG: WISPr-Location-Name: [u'TEST LLC,BA01_01009']
2013-11-20 10:57:10,532: DEBUG: NAS-Identifier: [u'C08386']
2013-11-20 10:57:10,532: DEBUG: Proxy-State: ['3330,3132']
2013-11-20 10:57:10,533: DEBUG: GoGo-Total-Input-Voice-Octets: [0]
2013-11-20 10:57:10,533: DEBUG: Acct-Status-Type: ['Interim-Update']
2013-11-20 10:57:10,534: DEBUG: GoGo-Total-Output-Voice-Gigawords: [0]
2013-11-20 10:57:10,534: DEBUG: GoGo-Airline: [u'BA01']
2013-11-20 10:57:10,535: DEBUG: Acct-Session-Id: [u'AAATestNAS_44-1384925220506-00163E2C0AF0-1']
2013-11-20 10:57:10,535: DEBUG: Acct-Session-Time: [10]
2013-11-20 10:57:10,536: DEBUG: Acct-Input-Packets: [46944]
2013-11-20 10:57:10,536: DEBUG: Acct-Output-Packets: [8257]
2013-11-20 10:57:10,537: DEBUG: GoGo-Acct-Output-Voice-Packets: [0]
2013-11-20 10:57:10,538: DEBUG: GoGo-Acct-Output-Voice-Octets: [0]
2013-11-20 10:57:10,539: DEBUG: Acct-Output-Gigawords: [0]
2013-11-20 10:57:10,540: DEBUG: GoGo-Total-Output-Voice-Packets: [0]
2013-11-20 10:57:10,541: DEBUG: Acct-Input-Gigawords: [0]
2013-11-20 10:57:10,542: DEBUG: Calling-Station-Id: [u'17:21:31:41:52:14']
2013-11-20 10:57:10,543: DEBUG: NAS-Port-Type: ['Wireless-802.11']
2013-11-20 10:57:10,544: DEBUG: GoGo-Total-Output-Voice-Octets: [0]
2013-11-20 10:57:10,545: DEBUG: GoGo-Private-IP-Address: ['192.168.1.179']
2013-11-20 10:57:10,546: DEBUG: GoGo-Acct-Input-Voice-Gigawords: [0]
2013-11-20 10:57:10,547: DEBUG: GoGo-Total-Input-Packets: [46944]
2013-11-20 10:57:10,548: DEBUG: GoGo-Total-Input-Gigawords: [0]
2013-11-20 10:57:10,549: DEBUG: GoGo-Acct-Input-Voice-Packets: [0]
2013-11-20 10:57:10,550: DEBUG: GoGo-Total-Input-Octets: [8746700]
2013-11-20 10:57:10,550: DEBUG: GoGo-Total-Output-Packets: [8257]
2013-11-20 10:57:10,550: DEBUG: WISPr-Location-ID: [u'airline=BA01,tail=01009,network=']
2013-11-20 10:57:10,551: DEBUG: GoGo-Acct-Output-Voice-Gigawords: [0]
2013-11-20 10:57:10,551: DEBUG: Acct-Input-Octets: [8746700]
2013-11-20 10:57:10,553: DEBUG: 

2013-11-20 10:57:10,554: DEBUG: Received response with following attributes:
2013-11-20 10:57:20,556: DEBUG: 

2013-11-20 10:57:20,557: DEBUG: Creating Accounting Update Request with the following Attributes:
2013-11-20 10:57:20,558: DEBUG: User-Name: [u'username94@airborne.aircell.com']
2013-11-20 10:57:20,560: DEBUG: GoGo-Tail-Number: [u'AAATestNAS_44']
2013-11-20 10:57:20,562: DEBUG: Acct-Output-Octets: [7362891]
2013-11-20 10:57:20,563: DEBUG: NAS-IP-Address: ['10.254.49.1']
2013-11-20 10:57:20,564: DEBUG: GoGo-Total-Output-Gigawords: [0]
2013-11-20 10:57:20,566: DEBUG: Framed-IP-Address: ['10.254.49.77']
2013-11-20 10:57:20,567: DEBUG: GoGo-Total-Input-Voice-Gigawords: [0]
2013-11-20 10:57:20,569: DEBUG: GoGo-Total-Output-Octets: [7362891]
2013-11-20 10:57:20,570: DEBUG: GoGo-Acct-Input-Voice-Octets: [0]
2013-11-20 10:57:20,571: DEBUG: GoGo-Total-Input-Voice-Packets: [0]
2013-11-20 10:57:20,572: DEBUG: Called-Station-Id: [u'00:16:3E:2C:0A:F0']
2013-11-20 10:57:20,574: DEBUG: WISPr-Location-Name: [u'TEST LLC,BA01_01009']
2013-11-20 10:57:20,576: DEBUG: NAS-Identifier: [u'C08386']
2013-11-20 10:57:20,578: DEBUG: Proxy-State: ['3330,3132']
2013-11-20 10:57:20,578: DEBUG: GoGo-Total-Input-Voice-Octets: [0]
2013-11-20 10:57:20,579: DEBUG: Acct-Status-Type: ['Interim-Update']
2013-11-20 10:57:20,580: DEBUG: GoGo-Total-Output-Voice-Gigawords: [0]
2013-11-20 10:57:20,581: DEBUG: GoGo-Airline: [u'BA01']
2013-11-20 10:57:20,583: DEBUG: Acct-Session-Id: [u'AAATestNAS_44-1384925220506-00163E2C0AF0-1']
2013-11-20 10:57:20,584: DEBUG: Acct-Session-Time: [10]
2013-11-20 10:57:20,585: DEBUG: Acct-Input-Packets: [17295]
2013-11-20 10:57:20,586: DEBUG: Acct-Output-Packets: [40431]
2013-11-20 10:57:20,587: DEBUG: GoGo-Acct-Output-Voice-Packets: [0]
2013-11-20 10:57:20,588: DEBUG: GoGo-Acct-Output-Voice-Octets: [0]
2013-11-20 10:57:20,589: DEBUG: Acct-Output-Gigawords: [0]
2013-11-20 10:57:20,590: DEBUG: GoGo-Total-Output-Voice-Packets: [0]
2013-11-20 10:57:20,591: DEBUG: Acct-Input-Gigawords: [0]
2013-11-20 10:57:20,593: DEBUG: Calling-Station-Id: [u'17:21:31:41:52:14']
2013-11-20 10:57:20,593: DEBUG: NAS-Port-Type: ['Wireless-802.11']
2013-11-20 10:57:20,594: DEBUG: GoGo-Total-Output-Voice-Octets: [0]
2013-11-20 10:57:20,594: DEBUG: GoGo-Private-IP-Address: ['192.168.1.179']
2013-11-20 10:57:20,595: DEBUG: GoGo-Acct-Input-Voice-Gigawords: [0]
2013-11-20 10:57:20,596: DEBUG: GoGo-Total-Input-Packets: [17295]
2013-11-20 10:57:20,596: DEBUG: GoGo-Total-Input-Gigawords: [0]
2013-11-20 10:57:20,597: DEBUG: GoGo-Acct-Input-Voice-Packets: [0]
2013-11-20 10:57:20,598: DEBUG: GoGo-Total-Input-Octets: [2735270]
2013-11-20 10:57:20,599: DEBUG: GoGo-Total-Output-Packets: [40431]
2013-11-20 10:57:20,599: DEBUG: WISPr-Location-ID: [u'airline=BA01,tail=01009,network=']
2013-11-20 10:57:20,600: DEBUG: GoGo-Acct-Output-Voice-Gigawords: [0]
2013-11-20 10:57:20,600: DEBUG: Acct-Input-Octets: [2735270]
2013-11-20 10:57:20,602: DEBUG: 

2013-11-20 10:57:20,602: DEBUG: Received response with following attributes:
2013-11-20 10:57:30,602: DEBUG: 

2013-11-20 10:57:30,604: DEBUG: Creating Accounting Update Request with the following Attributes:
2013-11-20 10:57:30,608: DEBUG: User-Name: [u'username94@airborne.aircell.com']
2013-11-20 10:57:30,610: DEBUG: GoGo-Tail-Number: [u'AAATestNAS_44']
2013-11-20 10:57:30,612: DEBUG: Acct-Output-Octets: [7062081]
2013-11-20 10:57:30,612: DEBUG: NAS-IP-Address: ['10.254.49.1']
2013-11-20 10:57:30,614: DEBUG: GoGo-Total-Output-Gigawords: [0]
2013-11-20 10:57:30,615: DEBUG: Framed-IP-Address: ['10.254.49.77']
2013-11-20 10:57:30,616: DEBUG: GoGo-Total-Input-Voice-Gigawords: [0]
2013-11-20 10:57:30,617: DEBUG: GoGo-Total-Output-Octets: [7062081]
2013-11-20 10:57:30,618: DEBUG: GoGo-Acct-Input-Voice-Octets: [0]
2013-11-20 10:57:30,619: DEBUG: GoGo-Total-Input-Voice-Packets: [0]
2013-11-20 10:57:30,620: DEBUG: Called-Station-Id: [u'00:16:3E:2C:0A:F0']
2013-11-20 10:57:30,620: DEBUG: WISPr-Location-Name: [u'TEST LLC,BA01_01009']
2013-11-20 10:57:30,623: DEBUG: NAS-Identifier: [u'C08386']
2013-11-20 10:57:30,624: DEBUG: Proxy-State: ['3330,3132']
2013-11-20 10:57:30,625: DEBUG: GoGo-Total-Input-Voice-Octets: [0]
2013-11-20 10:57:30,626: DEBUG: Acct-Status-Type: ['Interim-Update']
2013-11-20 10:57:30,627: DEBUG: GoGo-Total-Output-Voice-Gigawords: [0]
2013-11-20 10:57:30,629: DEBUG: GoGo-Airline: [u'BA01']
2013-11-20 10:57:30,630: DEBUG: Acct-Session-Id: [u'AAATestNAS_44-1384925220506-00163E2C0AF0-1']
2013-11-20 10:57:30,630: DEBUG: Acct-Session-Time: [10]
2013-11-20 10:57:30,632: DEBUG: Acct-Input-Packets: [42592]
2013-11-20 10:57:30,632: DEBUG: Acct-Output-Packets: [58659]
2013-11-20 10:57:30,633: DEBUG: GoGo-Acct-Output-Voice-Packets: [0]
2013-11-20 10:57:30,634: DEBUG: GoGo-Acct-Output-Voice-Octets: [0]
2013-11-20 10:57:30,635: DEBUG: Acct-Output-Gigawords: [0]
2013-11-20 10:57:30,636: DEBUG: GoGo-Total-Output-Voice-Packets: [0]
2013-11-20 10:57:30,638: DEBUG: Acct-Input-Gigawords: [0]
2013-11-20 10:57:30,639: DEBUG: Calling-Station-Id: [u'17:21:31:41:52:14']
2013-11-20 10:57:30,639: DEBUG: NAS-Port-Type: ['Wireless-802.11']
2013-11-20 10:57:30,640: DEBUG: GoGo-Total-Output-Voice-Octets: [0]
2013-11-20 10:57:30,640: DEBUG: GoGo-Private-IP-Address: ['192.168.1.179']
2013-11-20 10:57:30,641: DEBUG: GoGo-Acct-Input-Voice-Gigawords: [0]
2013-11-20 10:57:30,642: DEBUG: GoGo-Total-Input-Packets: [42592]
2013-11-20 10:57:30,643: DEBUG: GoGo-Total-Input-Gigawords: [0]
2013-11-20 10:57:30,644: DEBUG: GoGo-Acct-Input-Voice-Packets: [0]
2013-11-20 10:57:30,644: DEBUG: GoGo-Total-Input-Octets: [9801014]
2013-11-20 10:57:30,645: DEBUG: GoGo-Total-Output-Packets: [58659]
2013-11-20 10:57:30,645: DEBUG: WISPr-Location-ID: [u'airline=BA01,tail=01009,network=']
2013-11-20 10:57:30,646: DEBUG: GoGo-Acct-Output-Voice-Gigawords: [0]
2013-11-20 10:57:30,646: DEBUG: Acct-Input-Octets: [9801014]
2013-11-20 10:57:30,648: DEBUG: 

2013-11-20 10:57:30,649: DEBUG: Received response with following attributes:
2013-11-20 10:57:40,650: DEBUG: 

2013-11-20 10:57:40,651: DEBUG: Creating Accounting Update Request with the following Attributes:
2013-11-20 10:57:40,652: DEBUG: User-Name: [u'username94@airborne.aircell.com']
2013-11-20 10:57:40,653: DEBUG: GoGo-Tail-Number: [u'AAATestNAS_44']
2013-11-20 10:57:40,654: DEBUG: Acct-Output-Octets: [6033977]
2013-11-20 10:57:40,655: DEBUG: NAS-IP-Address: ['10.254.49.1']
2013-11-20 10:57:40,656: DEBUG: GoGo-Total-Output-Gigawords: [0]
2013-11-20 10:57:40,657: DEBUG: Framed-IP-Address: ['10.254.49.77']
2013-11-20 10:57:40,658: DEBUG: GoGo-Total-Input-Voice-Gigawords: [0]
2013-11-20 10:57:40,658: DEBUG: GoGo-Total-Output-Octets: [6033977]
2013-11-20 10:57:40,659: DEBUG: GoGo-Acct-Input-Voice-Octets: [0]
2013-11-20 10:57:40,660: DEBUG: GoGo-Total-Input-Voice-Packets: [0]
2013-11-20 10:57:40,661: DEBUG: Called-Station-Id: [u'00:16:3E:2C:0A:F0']
2013-11-20 10:57:40,662: DEBUG: WISPr-Location-Name: [u'TEST LLC,BA01_01009']
2013-11-20 10:57:40,663: DEBUG: NAS-Identifier: [u'C08386']
2013-11-20 10:57:40,664: DEBUG: Proxy-State: ['3330,3132']
2013-11-20 10:57:40,665: DEBUG: GoGo-Total-Input-Voice-Octets: [0]
2013-11-20 10:57:40,666: DEBUG: Acct-Status-Type: ['Interim-Update']
2013-11-20 10:57:40,667: DEBUG: GoGo-Total-Output-Voice-Gigawords: [0]
2013-11-20 10:57:40,667: DEBUG: GoGo-Airline: [u'BA01']
2013-11-20 10:57:40,669: DEBUG: Acct-Session-Id: [u'AAATestNAS_44-1384925220506-00163E2C0AF0-1']
2013-11-20 10:57:40,670: DEBUG: Acct-Session-Time: [10]
2013-11-20 10:57:40,671: DEBUG: Acct-Input-Packets: [12356]
2013-11-20 10:57:40,672: DEBUG: Acct-Output-Packets: [31449]
2013-11-20 10:57:40,673: DEBUG: GoGo-Acct-Output-Voice-Packets: [0]
2013-11-20 10:57:40,673: DEBUG: GoGo-Acct-Output-Voice-Octets: [0]
2013-11-20 10:57:40,674: DEBUG: Acct-Output-Gigawords: [0]
2013-11-20 10:57:40,675: DEBUG: GoGo-Total-Output-Voice-Packets: [0]
2013-11-20 10:57:40,675: DEBUG: Acct-Input-Gigawords: [0]
2013-11-20 10:57:40,676: DEBUG: Calling-Station-Id: [u'17:21:31:41:52:14']
2013-11-20 10:57:40,677: DEBUG: NAS-Port-Type: ['Wireless-802.11']
2013-11-20 10:57:40,677: DEBUG: GoGo-Total-Output-Voice-Octets: [0]
2013-11-20 10:57:40,678: DEBUG: GoGo-Private-IP-Address: ['192.168.1.179']
2013-11-20 10:57:40,678: DEBUG: GoGo-Acct-Input-Voice-Gigawords: [0]
2013-11-20 10:57:40,679: DEBUG: GoGo-Total-Input-Packets: [12356]
2013-11-20 10:57:40,679: DEBUG: GoGo-Total-Input-Gigawords: [0]
2013-11-20 10:57:40,680: DEBUG: GoGo-Acct-Input-Voice-Packets: [0]
2013-11-20 10:57:40,680: DEBUG: GoGo-Total-Input-Octets: [1461118]
2013-11-20 10:57:40,680: DEBUG: GoGo-Total-Output-Packets: [31449]
2013-11-20 10:57:40,681: DEBUG: WISPr-Location-ID: [u'airline=BA01,tail=01009,network=']
2013-11-20 10:57:40,681: DEBUG: GoGo-Acct-Output-Voice-Gigawords: [0]
2013-11-20 10:57:40,681: DEBUG: Acct-Input-Octets: [1461118]
2013-11-20 10:57:40,682: ERROR: Network error, Reason: 'Network error: nodename nor servname provided, or not known'
2013-11-20 10:57:50,682: DEBUG: 

2013-11-20 10:57:50,683: DEBUG: Creating Accounting Update Request with the following Attributes:
2013-11-20 10:57:50,683: DEBUG: User-Name: [u'username94@airborne.aircell.com']
2013-11-20 10:57:50,683: DEBUG: GoGo-Tail-Number: [u'AAATestNAS_44']
2013-11-20 10:57:50,684: DEBUG: Acct-Output-Octets: [2609204]
2013-11-20 10:57:50,684: DEBUG: NAS-IP-Address: ['10.254.49.1']
2013-11-20 10:57:50,684: DEBUG: GoGo-Total-Output-Gigawords: [0]
2013-11-20 10:57:50,684: DEBUG: Framed-IP-Address: ['10.254.49.77']
2013-11-20 10:57:50,684: DEBUG: GoGo-Total-Input-Voice-Gigawords: [0]
2013-11-20 10:57:50,684: DEBUG: GoGo-Total-Output-Octets: [2609204]
2013-11-20 10:57:50,684: DEBUG: GoGo-Acct-Input-Voice-Octets: [0]
2013-11-20 10:57:50,684: DEBUG: GoGo-Total-Input-Voice-Packets: [0]
2013-11-20 10:57:50,685: DEBUG: Called-Station-Id: [u'00:16:3E:2C:0A:F0']
2013-11-20 10:57:50,685: DEBUG: WISPr-Location-Name: [u'TEST LLC,BA01_01009']
2013-11-20 10:57:50,685: DEBUG: NAS-Identifier: [u'C08386']
2013-11-20 10:57:50,686: DEBUG: Proxy-State: ['3330,3132']
2013-11-20 10:57:50,686: DEBUG: GoGo-Total-Input-Voice-Octets: [0]
2013-11-20 10:57:50,687: DEBUG: Acct-Status-Type: ['Interim-Update']
2013-11-20 10:57:50,687: DEBUG: GoGo-Total-Output-Voice-Gigawords: [0]
2013-11-20 10:57:50,687: DEBUG: GoGo-Airline: [u'BA01']
2013-11-20 10:57:50,688: DEBUG: Acct-Session-Id: [u'AAATestNAS_44-1384925220506-00163E2C0AF0-1']
2013-11-20 10:57:50,688: DEBUG: Acct-Session-Time: [10]
2013-11-20 10:57:50,689: DEBUG: Acct-Input-Packets: [8093]
2013-11-20 10:57:50,689: DEBUG: Acct-Output-Packets: [4031]
2013-11-20 10:57:50,689: DEBUG: GoGo-Acct-Output-Voice-Packets: [0]
2013-11-20 10:57:50,690: DEBUG: GoGo-Acct-Output-Voice-Octets: [0]
2013-11-20 10:57:50,690: DEBUG: Acct-Output-Gigawords: [0]
2013-11-20 10:57:50,690: DEBUG: GoGo-Total-Output-Voice-Packets: [0]
2013-11-20 10:57:50,691: DEBUG: Acct-Input-Gigawords: [0]
2013-11-20 10:57:50,691: DEBUG: Calling-Station-Id: [u'17:21:31:41:52:14']
2013-11-20 10:57:50,691: DEBUG: NAS-Port-Type: ['Wireless-802.11']
2013-11-20 10:57:50,692: DEBUG: GoGo-Total-Output-Voice-Octets: [0]
2013-11-20 10:57:50,692: DEBUG: GoGo-Private-IP-Address: ['192.168.1.179']
2013-11-20 10:57:50,693: DEBUG: GoGo-Acct-Input-Voice-Gigawords: [0]
2013-11-20 10:57:50,693: DEBUG: GoGo-Total-Input-Packets: [8093]
2013-11-20 10:57:50,693: DEBUG: GoGo-Total-Input-Gigawords: [0]
2013-11-20 10:57:50,694: DEBUG: GoGo-Acct-Input-Voice-Packets: [0]
2013-11-20 10:57:50,694: DEBUG: GoGo-Total-Input-Octets: [4432029]
2013-11-20 10:57:50,694: DEBUG: GoGo-Total-Output-Packets: [4031]
2013-11-20 10:57:50,695: DEBUG: WISPr-Location-ID: [u'airline=BA01,tail=01009,network=']
2013-11-20 10:57:50,695: DEBUG: GoGo-Acct-Output-Voice-Gigawords: [0]
2013-11-20 10:57:50,695: DEBUG: Acct-Input-Octets: [4432029]
2013-11-20 10:57:50,698: DEBUG: 

2013-11-20 10:57:50,698: DEBUG: Received response with following attributes:
2013-11-20 10:58:00,699: DEBUG: 

2013-11-20 10:58:00,700: DEBUG: Creating Accounting Update Request with the following Attributes:
2013-11-20 10:58:00,701: DEBUG: User-Name: [u'username94@airborne.aircell.com']
2013-11-20 10:58:00,701: DEBUG: GoGo-Tail-Number: [u'AAATestNAS_44']
2013-11-20 10:58:00,701: DEBUG: Acct-Output-Octets: [4677659]
2013-11-20 10:58:00,701: DEBUG: NAS-IP-Address: ['10.254.49.1']
2013-11-20 10:58:00,702: DEBUG: GoGo-Total-Output-Gigawords: [0]
2013-11-20 10:58:00,702: DEBUG: Framed-IP-Address: ['10.254.49.77']
2013-11-20 10:58:00,702: DEBUG: GoGo-Total-Input-Voice-Gigawords: [0]
2013-11-20 10:58:00,702: DEBUG: GoGo-Total-Output-Octets: [4677659]
2013-11-20 10:58:00,703: DEBUG: GoGo-Acct-Input-Voice-Octets: [0]
2013-11-20 10:58:00,703: DEBUG: GoGo-Total-Input-Voice-Packets: [0]
2013-11-20 10:58:00,703: DEBUG: Called-Station-Id: [u'00:16:3E:2C:0A:F0']
2013-11-20 10:58:00,703: DEBUG: WISPr-Location-Name: [u'TEST LLC,BA01_01009']
2013-11-20 10:58:00,704: DEBUG: NAS-Identifier: [u'C08386']
2013-11-20 10:58:00,706: DEBUG: Proxy-State: ['3330,3132']
2013-11-20 10:58:00,707: DEBUG: GoGo-Total-Input-Voice-Octets: [0]
2013-11-20 10:58:00,708: DEBUG: Acct-Status-Type: ['Interim-Update']
2013-11-20 10:58:00,709: DEBUG: GoGo-Total-Output-Voice-Gigawords: [0]
2013-11-20 10:58:00,710: DEBUG: GoGo-Airline: [u'BA01']
2013-11-20 10:58:00,711: DEBUG: Acct-Session-Id: [u'AAATestNAS_44-1384925220506-00163E2C0AF0-1']
2013-11-20 10:58:00,712: DEBUG: Acct-Session-Time: [10]
2013-11-20 10:58:00,712: DEBUG: Acct-Input-Packets: [16893]
2013-11-20 10:58:00,713: DEBUG: Acct-Output-Packets: [8689]
2013-11-20 10:58:00,713: DEBUG: GoGo-Acct-Output-Voice-Packets: [0]
2013-11-20 10:58:00,714: DEBUG: GoGo-Acct-Output-Voice-Octets: [0]
2013-11-20 10:58:00,715: DEBUG: Acct-Output-Gigawords: [0]
2013-11-20 10:58:00,716: DEBUG: GoGo-Total-Output-Voice-Packets: [0]
2013-11-20 10:58:00,717: DEBUG: Acct-Input-Gigawords: [0]
2013-11-20 10:58:00,717: DEBUG: Calling-Station-Id: [u'17:21:31:41:52:14']
2013-11-20 10:58:00,718: DEBUG: NAS-Port-Type: ['Wireless-802.11']
2013-11-20 10:58:00,718: DEBUG: GoGo-Total-Output-Voice-Octets: [0]
2013-11-20 10:58:00,719: DEBUG: GoGo-Private-IP-Address: ['192.168.1.179']
2013-11-20 10:58:00,720: DEBUG: GoGo-Acct-Input-Voice-Gigawords: [0]
2013-11-20 10:58:00,720: DEBUG: GoGo-Total-Input-Packets: [16893]
2013-11-20 10:58:00,721: DEBUG: GoGo-Total-Input-Gigawords: [0]
2013-11-20 10:58:00,721: DEBUG: GoGo-Acct-Input-Voice-Packets: [0]
2013-11-20 10:58:00,723: DEBUG: GoGo-Total-Input-Octets: [4150046]
2013-11-20 10:58:00,724: DEBUG: GoGo-Total-Output-Packets: [8689]
2013-11-20 10:58:00,724: DEBUG: WISPr-Location-ID: [u'airline=BA01,tail=01009,network=']
2013-11-20 10:58:00,725: DEBUG: GoGo-Acct-Output-Voice-Gigawords: [0]
2013-11-20 10:58:00,726: DEBUG: Acct-Input-Octets: [4150046]
2013-11-20 10:58:00,726: ERROR: Network error, Reason: 'Network error: nodename nor servname provided, or not known'
2013-11-20 10:58:10,727: DEBUG: 

2013-11-20 10:58:10,727: DEBUG: Creating Accounting Update Request with the following Attributes:
2013-11-20 10:58:10,728: DEBUG: User-Name: [u'username94@airborne.aircell.com']
2013-11-20 10:58:10,728: DEBUG: GoGo-Tail-Number: [u'AAATestNAS_44']
2013-11-20 10:58:10,728: DEBUG: Acct-Output-Octets: [4516338]
2013-11-20 10:58:10,728: DEBUG: NAS-IP-Address: ['10.254.49.1']
2013-11-20 10:58:10,728: DEBUG: GoGo-Total-Output-Gigawords: [0]
2013-11-20 10:58:10,728: DEBUG: Framed-IP-Address: ['10.254.49.77']
2013-11-20 10:58:10,728: DEBUG: GoGo-Total-Input-Voice-Gigawords: [0]
2013-11-20 10:58:10,729: DEBUG: GoGo-Total-Output-Octets: [4516338]
2013-11-20 10:58:10,729: DEBUG: GoGo-Acct-Input-Voice-Octets: [0]
2013-11-20 10:58:10,729: DEBUG: GoGo-Total-Input-Voice-Packets: [0]
2013-11-20 10:58:10,729: DEBUG: Called-Station-Id: [u'00:16:3E:2C:0A:F0']
2013-11-20 10:58:10,729: DEBUG: WISPr-Location-Name: [u'TEST LLC,BA01_01009']
2013-11-20 10:58:10,729: DEBUG: NAS-Identifier: [u'C08386']
2013-11-20 10:58:10,729: DEBUG: Proxy-State: ['3330,3132']
2013-11-20 10:58:10,730: DEBUG: GoGo-Total-Input-Voice-Octets: [0]
2013-11-20 10:58:10,730: DEBUG: Acct-Status-Type: ['Interim-Update']
2013-11-20 10:58:10,730: DEBUG: GoGo-Total-Output-Voice-Gigawords: [0]
2013-11-20 10:58:10,730: DEBUG: GoGo-Airline: [u'BA01']
2013-11-20 10:58:10,730: DEBUG: Acct-Session-Id: [u'AAATestNAS_44-1384925220506-00163E2C0AF0-1']
2013-11-20 10:58:10,730: DEBUG: Acct-Session-Time: [10]
2013-11-20 10:58:10,731: DEBUG: Acct-Input-Packets: [16002]
2013-11-20 10:58:10,731: DEBUG: Acct-Output-Packets: [16356]
2013-11-20 10:58:10,732: DEBUG: GoGo-Acct-Output-Voice-Packets: [0]
2013-11-20 10:58:10,732: DEBUG: GoGo-Acct-Output-Voice-Octets: [0]
2013-11-20 10:58:10,733: DEBUG: Acct-Output-Gigawords: [0]
2013-11-20 10:58:10,733: DEBUG: GoGo-Total-Output-Voice-Packets: [0]
2013-11-20 10:58:10,733: DEBUG: Acct-Input-Gigawords: [0]
2013-11-20 10:58:10,733: DEBUG: Calling-Station-Id: [u'17:21:31:41:52:14']
2013-11-20 10:58:10,734: DEBUG: NAS-Port-Type: ['Wireless-802.11']
2013-11-20 10:58:10,734: DEBUG: GoGo-Total-Output-Voice-Octets: [0]
2013-11-20 10:58:10,735: DEBUG: GoGo-Private-IP-Address: ['192.168.1.179']
2013-11-20 10:58:10,735: DEBUG: GoGo-Acct-Input-Voice-Gigawords: [0]
2013-11-20 10:58:10,735: DEBUG: GoGo-Total-Input-Packets: [16002]
2013-11-20 10:58:10,736: DEBUG: GoGo-Total-Input-Gigawords: [0]
2013-11-20 10:58:10,736: DEBUG: GoGo-Acct-Input-Voice-Packets: [0]
2013-11-20 10:58:10,736: DEBUG: GoGo-Total-Input-Octets: [2618892]
2013-11-20 10:58:10,737: DEBUG: GoGo-Total-Output-Packets: [16356]
2013-11-20 10:58:10,737: DEBUG: WISPr-Location-ID: [u'airline=BA01,tail=01009,network=']
2013-11-20 10:58:10,737: DEBUG: GoGo-Acct-Output-Voice-Gigawords: [0]
2013-11-20 10:58:10,738: DEBUG: Acct-Input-Octets: [2618892]
2013-11-20 10:58:10,740: DEBUG: 

2013-11-20 10:58:10,740: DEBUG: Received response with following attributes:
2013-11-20 10:58:20,741: DEBUG: 

2013-11-20 10:58:20,742: DEBUG: Creating Accounting Update Request with the following Attributes:
2013-11-20 10:58:20,742: DEBUG: User-Name: [u'username94@airborne.aircell.com']
2013-11-20 10:58:20,742: DEBUG: GoGo-Tail-Number: [u'AAATestNAS_44']
2013-11-20 10:58:20,743: DEBUG: Acct-Output-Octets: [9906829]
2013-11-20 10:58:20,743: DEBUG: NAS-IP-Address: ['10.254.49.1']
2013-11-20 10:58:20,743: DEBUG: GoGo-Total-Output-Gigawords: [0]
2013-11-20 10:58:20,743: DEBUG: Framed-IP-Address: ['10.254.49.77']
2013-11-20 10:58:20,743: DEBUG: GoGo-Total-Input-Voice-Gigawords: [0]
2013-11-20 10:58:20,743: DEBUG: GoGo-Total-Output-Octets: [9906829]
2013-11-20 10:58:20,743: DEBUG: GoGo-Acct-Input-Voice-Octets: [0]
2013-11-20 10:58:20,743: DEBUG: GoGo-Total-Input-Voice-Packets: [0]
2013-11-20 10:58:20,744: DEBUG: Called-Station-Id: [u'00:16:3E:2C:0A:F0']
2013-11-20 10:58:20,744: DEBUG: WISPr-Location-Name: [u'TEST LLC,BA01_01009']
2013-11-20 10:58:20,744: DEBUG: NAS-Identifier: [u'C08386']
2013-11-20 10:58:20,744: DEBUG: Proxy-State: ['3330,3132']
2013-11-20 10:58:20,744: DEBUG: GoGo-Total-Input-Voice-Octets: [0]
2013-11-20 10:58:20,744: DEBUG: Acct-Status-Type: ['Interim-Update']
2013-11-20 10:58:20,744: DEBUG: GoGo-Total-Output-Voice-Gigawords: [0]
2013-11-20 10:58:20,745: DEBUG: GoGo-Airline: [u'BA01']
2013-11-20 10:58:20,745: DEBUG: Acct-Session-Id: [u'AAATestNAS_44-1384925220506-00163E2C0AF0-1']
2013-11-20 10:58:20,745: DEBUG: Acct-Session-Time: [10]
2013-11-20 10:58:20,745: DEBUG: Acct-Input-Packets: [14488]
2013-11-20 10:58:20,745: DEBUG: Acct-Output-Packets: [70496]
2013-11-20 10:58:20,745: DEBUG: GoGo-Acct-Output-Voice-Packets: [0]
2013-11-20 10:58:20,745: DEBUG: GoGo-Acct-Output-Voice-Octets: [0]
2013-11-20 10:58:20,746: DEBUG: Acct-Output-Gigawords: [0]
2013-11-20 10:58:20,746: DEBUG: GoGo-Total-Output-Voice-Packets: [0]
2013-11-20 10:58:20,746: DEBUG: Acct-Input-Gigawords: [0]
2013-11-20 10:58:20,746: DEBUG: Calling-Station-Id: [u'17:21:31:41:52:14']
2013-11-20 10:58:20,746: DEBUG: NAS-Port-Type: ['Wireless-802.11']
2013-11-20 10:58:20,746: DEBUG: GoGo-Total-Output-Voice-Octets: [0]
2013-11-20 10:58:20,747: DEBUG: GoGo-Private-IP-Address: ['192.168.1.179']
2013-11-20 10:58:20,748: DEBUG: GoGo-Acct-Input-Voice-Gigawords: [0]
2013-11-20 10:58:20,748: DEBUG: GoGo-Total-Input-Packets: [14488]
2013-11-20 10:58:20,748: DEBUG: GoGo-Total-Input-Gigawords: [0]
2013-11-20 10:58:20,749: DEBUG: GoGo-Acct-Input-Voice-Packets: [0]
2013-11-20 10:58:20,749: DEBUG: GoGo-Total-Input-Octets: [4954840]
2013-11-20 10:58:20,749: DEBUG: GoGo-Total-Output-Packets: [70496]
2013-11-20 10:58:20,750: DEBUG: WISPr-Location-ID: [u'airline=BA01,tail=01009,network=']
2013-11-20 10:58:20,750: DEBUG: GoGo-Acct-Output-Voice-Gigawords: [0]
2013-11-20 10:58:20,751: DEBUG: Acct-Input-Octets: [4954840]
2013-11-20 10:58:20,751: ERROR: Network error, Reason: 'Network error: Too many open files'
2013-11-20 10:58:29,753: DEBUG: 

2013-11-20 10:58:29,755: DEBUG: Creating Accounting Update Request with the following Attributes:
2013-11-20 10:58:29,756: DEBUG: User-Name: [u'username94@airborne.aircell.com']
2013-11-20 10:58:29,757: DEBUG: GoGo-Tail-Number: [u'AAATestNAS_44']
2013-11-20 10:58:29,758: DEBUG: Acct-Output-Octets: [7515621]
2013-11-20 10:58:29,760: DEBUG: NAS-IP-Address: ['10.254.49.1']
2013-11-20 10:58:29,761: DEBUG: GoGo-Total-Output-Gigawords: [0]
2013-11-20 10:58:29,762: DEBUG: Framed-IP-Address: ['10.254.49.77']
2013-11-20 10:58:29,764: DEBUG: GoGo-Total-Input-Voice-Gigawords: [0]
2013-11-20 10:58:29,765: DEBUG: GoGo-Total-Output-Octets: [7515621]
2013-11-20 10:58:29,766: DEBUG: GoGo-Acct-Input-Voice-Octets: [0]
2013-11-20 10:58:29,767: DEBUG: GoGo-Total-Input-Voice-Packets: [0]
2013-11-20 10:58:29,768: DEBUG: Called-Station-Id: [u'00:16:3E:2C:0A:F0']
2013-11-20 10:58:29,769: DEBUG: WISPr-Location-Name: [u'TEST LLC,BA01_01009']
2013-11-20 10:58:29,770: DEBUG: NAS-Identifier: [u'C08386']
2013-11-20 10:58:29,771: DEBUG: Proxy-State: ['3330,3132']
2013-11-20 10:58:29,772: DEBUG: GoGo-Total-Input-Voice-Octets: [0]
2013-11-20 10:58:29,772: DEBUG: Acct-Status-Type: ['Interim-Update']
2013-11-20 10:58:29,772: DEBUG: GoGo-Total-Output-Voice-Gigawords: [0]
2013-11-20 10:58:29,773: DEBUG: GoGo-Airline: [u'BA01']
2013-11-20 10:58:29,774: DEBUG: Acct-Session-Id: [u'AAATestNAS_44-1384925220506-00163E2C0AF0-1']
2013-11-20 10:58:29,774: DEBUG: Acct-Session-Time: [9]
2013-11-20 10:58:29,775: DEBUG: Acct-Input-Packets: [3903]
2013-11-20 10:58:29,776: DEBUG: Acct-Output-Packets: [31157]
2013-11-20 10:58:29,777: DEBUG: GoGo-Acct-Output-Voice-Packets: [0]
2013-11-20 10:58:29,777: DEBUG: GoGo-Acct-Output-Voice-Octets: [0]
2013-11-20 10:58:29,778: DEBUG: Acct-Output-Gigawords: [0]
2013-11-20 10:58:29,778: DEBUG: GoGo-Total-Output-Voice-Packets: [0]
2013-11-20 10:58:29,779: DEBUG: Acct-Input-Gigawords: [0]
2013-11-20 10:58:29,780: DEBUG: Calling-Station-Id: [u'17:21:31:41:52:14']
2013-11-20 10:58:29,780: DEBUG: NAS-Port-Type: ['Wireless-802.11']
2013-11-20 10:58:29,781: DEBUG: GoGo-Total-Output-Voice-Octets: [0]
2013-11-20 10:58:29,781: DEBUG: GoGo-Private-IP-Address: ['192.168.1.179']
2013-11-20 10:58:29,782: DEBUG: GoGo-Acct-Input-Voice-Gigawords: [0]
2013-11-20 10:58:29,782: DEBUG: GoGo-Total-Input-Packets: [3903]
2013-11-20 10:58:29,783: DEBUG: GoGo-Total-Input-Gigawords: [0]
2013-11-20 10:58:29,783: DEBUG: GoGo-Acct-Input-Voice-Packets: [0]
2013-11-20 10:58:29,784: DEBUG: GoGo-Total-Input-Octets: [2820828]
2013-11-20 10:58:29,784: DEBUG: GoGo-Total-Output-Packets: [31157]
2013-11-20 10:58:29,785: DEBUG: WISPr-Location-ID: [u'airline=BA01,tail=01009,network=']
2013-11-20 10:58:29,785: DEBUG: GoGo-Acct-Output-Voice-Gigawords: [0]
2013-11-20 10:58:29,785: DEBUG: Acct-Input-Octets: [2820828]
2013-11-20 10:58:29,786: ERROR: Network error, Reason: 'Network error: Too many open files'
2013-11-20 10:58:54,786: DEBUG: 

2013-11-20 10:58:54,788: DEBUG: Creating Accounting Stop Request with the following Attributes:
2013-11-20 10:58:54,788: DEBUG: User-Name: [u'username94@airborne.aircell.com']
2013-11-20 10:58:54,789: DEBUG: GoGo-Tail-Number: [u'01009']
2013-11-20 10:58:54,789: DEBUG: Acct-Output-Octets: [8314869]
2013-11-20 10:58:54,789: DEBUG: NAS-IP-Address: ['10.254.49.1']
2013-11-20 10:58:54,789: DEBUG: GoGo-Total-Output-Gigawords: [0]
2013-11-20 10:58:54,790: DEBUG: Framed-IP-Address: ['10.254.49.77']
2013-11-20 10:58:54,790: DEBUG: GoGo-Total-Input-Voice-Gigawords: [0]
2013-11-20 10:58:54,790: DEBUG: GoGo-Total-Output-Octets: [8314869]
2013-11-20 10:58:54,790: DEBUG: GoGo-Acct-Input-Voice-Octets: [0]
2013-11-20 10:58:54,791: DEBUG: GoGo-Total-Input-Voice-Packets: [0]
2013-11-20 10:58:54,791: DEBUG: Called-Station-Id: [u'00:16:3E:2C:0A:F0']
2013-11-20 10:58:54,791: DEBUG: WISPr-Location-Name: [u'TEST LLC,BA01_01009']
2013-11-20 10:58:54,792: DEBUG: NAS-Identifier: [u'C08386']
2013-11-20 10:58:54,792: DEBUG: Proxy-State: ['3330,3132']
2013-11-20 10:58:54,792: DEBUG: GoGo-Total-Input-Voice-Octets: [0]
2013-11-20 10:58:54,792: DEBUG: Acct-Status-Type: ['Stop']
2013-11-20 10:58:54,792: DEBUG: GoGo-Total-Output-Voice-Gigawords: [0]
2013-11-20 10:58:54,793: DEBUG: GoGo-Airline: [u'BA01']
2013-11-20 10:58:54,793: DEBUG: Acct-Session-Id: [u'AAATestNAS_44-1384925220506-00163E2C0AF0-1']
2013-11-20 10:58:54,793: DEBUG: Acct-Session-Time: [25]
2013-11-20 10:58:54,793: DEBUG: Acct-Input-Packets: [13422]
2013-11-20 10:58:54,794: DEBUG: Acct-Output-Packets: [54227]
2013-11-20 10:58:54,794: DEBUG: Acct-Terminate-Cause: ['User-Request']
2013-11-20 10:58:54,794: DEBUG: GoGo-Acct-Output-Voice-Octets: [0]
2013-11-20 10:58:54,794: DEBUG: Acct-Output-Gigawords: [0]
2013-11-20 10:58:54,794: DEBUG: GoGo-Total-Output-Voice-Packets: [0]
2013-11-20 10:58:54,795: DEBUG: Acct-Input-Gigawords: [0]
2013-11-20 10:58:54,795: DEBUG: Calling-Station-Id: [u'17:21:31:41:52:14']
2013-11-20 10:58:54,795: DEBUG: NAS-Port-Type: ['Wireless-802.11']
2013-11-20 10:58:54,795: DEBUG: GoGo-Total-Output-Voice-Octets: [0]
2013-11-20 10:58:54,795: DEBUG: GoGo-Private-IP-Address: ['192.168.1.179']
2013-11-20 10:58:54,796: DEBUG: GoGo-Acct-Input-Voice-Gigawords: [0]
2013-11-20 10:58:54,796: DEBUG: GoGo-Total-Input-Packets: [13422]
2013-11-20 10:58:54,796: DEBUG: GoGo-Total-Input-Gigawords: [0]
2013-11-20 10:58:54,796: DEBUG: GoGo-Acct-Input-Voice-Packets: [0]
2013-11-20 10:58:54,796: DEBUG: GoGo-Total-Input-Octets: [6159278]
2013-11-20 10:58:54,797: DEBUG: GoGo-Total-Output-Packets: [54227]
2013-11-20 10:58:54,797: DEBUG: WISPr-Location-ID: [u'airline=BA01,tail=01009,network=']
2013-11-20 10:58:54,797: DEBUG: GoGo-Acct-Output-Voice-Packets: [0]
2013-11-20 10:58:54,797: DEBUG: GoGo-Acct-Output-Voice-Gigawords: [0]
2013-11-20 10:58:54,797: DEBUG: Acct-Input-Octets: [6159278]
2013-11-20 10:58:54,798: ERROR: Network error, Reason: 'Network error: nodename nor servname provided, or not known'
2013-11-20 10:58:54,798: ERROR: Ending the test for this user
2013-11-20 10:58:54,798: DEBUG: Ending the test for this user
