2013-11-20 10:55:42,091: DEBUG: Starting the client for the user username23@airborne.aircell.com to the server localhost

2013-11-20 10:55:42,091: DEBUG: DURATION of the TEST: 50
2013-11-20 10:55:42,091: DEBUG: NAS-IP: 10.254.116.1
2013-11-20 10:55:42,091: DEBUG: NAS-MAC-ADDR: 17:21:31:41:52:81
2013-11-20 10:55:42,091: DEBUG: Abruptly End: False
2013-11-20 10:55:42,091: DEBUG: Framed-IP: 10.254.116.25
2013-11-20 10:55:42,091: DEBUG: User-MAC-Addr: 00:16:3E:42:A0:BE
2013-11-20 10:55:42,091: DEBUG: 

2013-11-20 10:55:42,092: DEBUG: Creating Authentication Request with the following Attributes:
2013-11-20 10:55:42,092: DEBUG: NAS-Identifier: [u'C08386']
2013-11-20 10:55:42,092: DEBUG: User-Name: [u'username23@airborne.aircell.com']
2013-11-20 10:55:42,092: DEBUG: NAS-IP-Address: ['10.254.116.1']
2013-11-20 10:55:42,092: DEBUG: Service-Type: ['Authenticate-Only']
2013-11-20 10:55:42,092: DEBUG: Proxy-State: ['3237,3134']
2013-11-20 10:55:42,092: DEBUG: Framed-IP-Address: ['10.254.116.25']
2013-11-20 10:55:42,092: DEBUG: GoGo-Airline: [u'BA01']
2013-11-20 10:55:42,092: DEBUG: Acct-Session-Id: [u'AAATestNAS_111-1384925142091-00163E42A0BE-2']
2013-11-20 10:55:42,093: DEBUG: GoGo-Tail-Number: [u'AAATestNAS_111']
2013-11-20 10:55:42,093: DEBUG: GoGo-Private-IP-Address: ['192.168.1.179']
2013-11-20 10:55:42,093: DEBUG: WISPr-Location-ID: [u'airline=BA01,tail=01009,network=']
2013-11-20 10:55:42,093: DEBUG: WISPr-Location-Name: [u'TEST LLC,BA01_01009']
2013-11-20 10:55:42,093: DEBUG: NAS-Port-Type: ['Wireless-802.11']
2013-11-20 10:55:42,093: DEBUG: Called-Station-Id: [u'00:16:3E:42:A0:BE']
2013-11-20 10:55:42,093: DEBUG: Calling-Station-Id: [u'17:21:31:41:52:81']
2013-11-20 10:55:42,094: DEBUG: 

2013-11-20 10:55:42,094: DEBUG: Received response with code: 2, Accepted
2013-11-20 10:55:42,094: DEBUG: Creating Authentication Request with the following Attributes:
2013-11-20 10:55:42,094: DEBUG: NAS-Identifier: [u'C08386']
2013-11-20 10:55:42,095: DEBUG: User-Name: [u'username23@airborne.aircell.com']
2013-11-20 10:55:42,095: DEBUG: NAS-IP-Address: ['10.254.116.1']
2013-11-20 10:55:42,095: DEBUG: Service-Type: ['Login-User']
2013-11-20 10:55:42,095: DEBUG: Proxy-State: ['3237,3134']
2013-11-20 10:55:42,095: DEBUG: Framed-IP-Address: ['10.254.116.25']
2013-11-20 10:55:42,095: DEBUG: GoGo-Airline: [u'BA01']
2013-11-20 10:55:42,095: DEBUG: Acct-Session-Id: [u'AAATestNAS_111-1384925142094-00163E42A0BE-2']
2013-11-20 10:55:42,095: DEBUG: GoGo-Tail-Number: [u'AAATestNAS_111']
2013-11-20 10:55:42,095: DEBUG: GoGo-Private-IP-Address: ['192.168.1.179']
2013-11-20 10:55:42,095: DEBUG: WISPr-Location-ID: [u'airline=BA01,tail=01009,network=']
2013-11-20 10:55:42,095: DEBUG: WISPr-Location-Name: [u'TEST LLC,BA01_01009']
2013-11-20 10:55:42,095: DEBUG: NAS-Port-Type: ['Wireless-802.11']
2013-11-20 10:55:42,095: DEBUG: Called-Station-Id: [u'00:16:3E:42:A0:BE']
2013-11-20 10:55:42,096: DEBUG: Calling-Station-Id: [u'17:21:31:41:52:81']
2013-11-20 10:55:42,096: DEBUG: 

2013-11-20 10:55:42,097: DEBUG: Received response with code: 2, Accepted
2013-11-20 10:55:42,097: DEBUG: 

2013-11-20 10:55:42,097: DEBUG: Creating Accounting start Request with the following Attributes:
2013-11-20 10:55:42,097: DEBUG: NAS-Identifier: [u'C08386']
2013-11-20 10:55:42,097: DEBUG: User-Name: [u'username23@airborne.aircell.com']
2013-11-20 10:55:42,097: DEBUG: GoGo-Tail-Number: [u'AAATestNAS_111']
2013-11-20 10:55:42,097: DEBUG: NAS-IP-Address: ['10.254.116.1']
2013-11-20 10:55:42,097: DEBUG: Proxy-State: ['3239,3131']
2013-11-20 10:55:42,097: DEBUG: Acct-Status-Type: ['Start']
2013-11-20 10:55:42,097: DEBUG: GoGo-Airline: [u'BA01']
2013-11-20 10:55:42,097: DEBUG: Acct-Session-Id: [u'AAATestNAS_111-1384925142094-00163E42A0BE-2']
2013-11-20 10:55:42,098: DEBUG: GoGo-Private-IP-Address: ['192.168.1.179']
2013-11-20 10:55:42,098: DEBUG: Framed-IP-Address: ['10.254.116.25']
2013-11-20 10:55:42,098: DEBUG: WISPr-Location-ID: [u'airline=BA01,tail=01009,network=']
2013-11-20 10:55:42,098: DEBUG: WISPr-Location-Name: [u'TEST LLC,BA01_01009']
2013-11-20 10:55:42,098: DEBUG: NAS-Port-Type: ['Wireless-802.11']
2013-11-20 10:55:42,098: DEBUG: Called-Station-Id: [u'00:16:3E:42:A0:BE']
2013-11-20 10:55:42,098: DEBUG: Calling-Station-Id: [u'17:21:31:41:52:81']
2013-11-20 10:55:42,099: DEBUG: 

2013-11-20 10:55:42,099: DEBUG: Received response with following attributes:
2013-11-20 10:55:52,099: DEBUG: 

2013-11-20 10:55:52,100: DEBUG: Creating Accounting Update Request with the following Attributes:
2013-11-20 10:55:52,100: DEBUG: User-Name: [u'username23@airborne.aircell.com']
2013-11-20 10:55:52,100: DEBUG: GoGo-Tail-Number: [u'AAATestNAS_111']
2013-11-20 10:55:52,100: DEBUG: Acct-Output-Octets: [3662929]
2013-11-20 10:55:52,100: DEBUG: NAS-IP-Address: ['10.254.116.1']
2013-11-20 10:55:52,100: DEBUG: GoGo-Total-Output-Gigawords: [0]
2013-11-20 10:55:52,100: DEBUG: Framed-IP-Address: ['10.254.116.25']
2013-11-20 10:55:52,101: DEBUG: GoGo-Total-Input-Voice-Gigawords: [0]
2013-11-20 10:55:52,101: DEBUG: GoGo-Total-Output-Octets: [3662929]
2013-11-20 10:55:52,101: DEBUG: GoGo-Acct-Input-Voice-Octets: [0]
2013-11-20 10:55:52,101: DEBUG: GoGo-Total-Input-Voice-Packets: [0]
2013-11-20 10:55:52,101: DEBUG: Called-Station-Id: [u'00:16:3E:42:A0:BE']
2013-11-20 10:55:52,101: DEBUG: WISPr-Location-Name: [u'TEST LLC,BA01_01009']
2013-11-20 10:55:52,101: DEBUG: NAS-Identifier: [u'C08386']
2013-11-20 10:55:52,101: DEBUG: Proxy-State: ['3330,3132']
2013-11-20 10:55:52,101: DEBUG: GoGo-Total-Input-Voice-Octets: [0]
2013-11-20 10:55:52,101: DEBUG: Acct-Status-Type: ['Interim-Update']
2013-11-20 10:55:52,101: DEBUG: GoGo-Total-Output-Voice-Gigawords: [0]
2013-11-20 10:55:52,101: DEBUG: GoGo-Airline: [u'BA01']
2013-11-20 10:55:52,101: DEBUG: Acct-Session-Id: [u'AAATestNAS_111-1384925142094-00163E42A0BE-2']
2013-11-20 10:55:52,101: DEBUG: Acct-Session-Time: [10]
2013-11-20 10:55:52,102: DEBUG: Acct-Input-Packets: [39708]
2013-11-20 10:55:52,102: DEBUG: Acct-Output-Packets: [30881]
2013-11-20 10:55:52,102: DEBUG: GoGo-Acct-Output-Voice-Packets: [0]
2013-11-20 10:55:52,102: DEBUG: GoGo-Acct-Output-Voice-Octets: [0]
2013-11-20 10:55:52,102: DEBUG: Acct-Output-Gigawords: [0]
2013-11-20 10:55:52,102: DEBUG: GoGo-Total-Output-Voice-Packets: [0]
2013-11-20 10:55:52,102: DEBUG: Acct-Input-Gigawords: [0]
2013-11-20 10:55:52,102: DEBUG: Calling-Station-Id: [u'17:21:31:41:52:81']
2013-11-20 10:55:52,102: DEBUG: NAS-Port-Type: ['Wireless-802.11']
2013-11-20 10:55:52,102: DEBUG: GoGo-Total-Output-Voice-Octets: [0]
2013-11-20 10:55:52,102: DEBUG: GoGo-Private-IP-Address: ['192.168.1.179']
2013-11-20 10:55:52,102: DEBUG: GoGo-Acct-Input-Voice-Gigawords: [0]
2013-11-20 10:55:52,102: DEBUG: GoGo-Total-Input-Packets: [39708]
2013-11-20 10:55:52,102: DEBUG: GoGo-Total-Input-Gigawords: [0]
2013-11-20 10:55:52,102: DEBUG: GoGo-Acct-Input-Voice-Packets: [0]
2013-11-20 10:55:52,103: DEBUG: GoGo-Total-Input-Octets: [5373768]
2013-11-20 10:55:52,103: DEBUG: GoGo-Total-Output-Packets: [30881]
2013-11-20 10:55:52,103: DEBUG: WISPr-Location-ID: [u'airline=BA01,tail=01009,network=']
2013-11-20 10:55:52,103: DEBUG: GoGo-Acct-Output-Voice-Gigawords: [0]
2013-11-20 10:55:52,103: DEBUG: Acct-Input-Octets: [5373768]
2013-11-20 10:55:52,104: DEBUG: 

2013-11-20 10:55:52,104: DEBUG: Received response with following attributes:
2013-11-20 10:56:02,105: DEBUG: 

2013-11-20 10:56:02,106: DEBUG: Creating Accounting Update Request with the following Attributes:
2013-11-20 10:56:02,106: DEBUG: User-Name: [u'username23@airborne.aircell.com']
2013-11-20 10:56:02,106: DEBUG: GoGo-Tail-Number: [u'AAATestNAS_111']
2013-11-20 10:56:02,106: DEBUG: Acct-Output-Octets: [8471364]
2013-11-20 10:56:02,106: DEBUG: NAS-IP-Address: ['10.254.116.1']
2013-11-20 10:56:02,106: DEBUG: GoGo-Total-Output-Gigawords: [0]
2013-11-20 10:56:02,106: DEBUG: Framed-IP-Address: ['10.254.116.25']
2013-11-20 10:56:02,106: DEBUG: GoGo-Total-Input-Voice-Gigawords: [0]
2013-11-20 10:56:02,107: DEBUG: GoGo-Total-Output-Octets: [8471364]
2013-11-20 10:56:02,107: DEBUG: GoGo-Acct-Input-Voice-Octets: [0]
2013-11-20 10:56:02,107: DEBUG: GoGo-Total-Input-Voice-Packets: [0]
2013-11-20 10:56:02,107: DEBUG: Called-Station-Id: [u'00:16:3E:42:A0:BE']
2013-11-20 10:56:02,107: DEBUG: WISPr-Location-Name: [u'TEST LLC,BA01_01009']
2013-11-20 10:56:02,107: DEBUG: NAS-Identifier: [u'C08386']
2013-11-20 10:56:02,107: DEBUG: Proxy-State: ['3330,3132']
2013-11-20 10:56:02,107: DEBUG: GoGo-Total-Input-Voice-Octets: [0]
2013-11-20 10:56:02,107: DEBUG: Acct-Status-Type: ['Interim-Update']
2013-11-20 10:56:02,108: DEBUG: GoGo-Total-Output-Voice-Gigawords: [0]
2013-11-20 10:56:02,108: DEBUG: GoGo-Airline: [u'BA01']
2013-11-20 10:56:02,108: DEBUG: Acct-Session-Id: [u'AAATestNAS_111-1384925142094-00163E42A0BE-2']
2013-11-20 10:56:02,108: DEBUG: Acct-Session-Time: [10]
2013-11-20 10:56:02,108: DEBUG: Acct-Input-Packets: [40386]
2013-11-20 10:56:02,108: DEBUG: Acct-Output-Packets: [77069]
2013-11-20 10:56:02,108: DEBUG: GoGo-Acct-Output-Voice-Packets: [0]
2013-11-20 10:56:02,108: DEBUG: GoGo-Acct-Output-Voice-Octets: [0]
2013-11-20 10:56:02,108: DEBUG: Acct-Output-Gigawords: [0]
2013-11-20 10:56:02,108: DEBUG: GoGo-Total-Output-Voice-Packets: [0]
2013-11-20 10:56:02,108: DEBUG: Acct-Input-Gigawords: [0]
2013-11-20 10:56:02,108: DEBUG: Calling-Station-Id: [u'17:21:31:41:52:81']
2013-11-20 10:56:02,108: DEBUG: NAS-Port-Type: ['Wireless-802.11']
2013-11-20 10:56:02,109: DEBUG: GoGo-Total-Output-Voice-Octets: [0]
2013-11-20 10:56:02,109: DEBUG: GoGo-Private-IP-Address: ['192.168.1.179']
2013-11-20 10:56:02,109: DEBUG: GoGo-Acct-Input-Voice-Gigawords: [0]
2013-11-20 10:56:02,109: DEBUG: GoGo-Total-Input-Packets: [40386]
2013-11-20 10:56:02,109: DEBUG: GoGo-Total-Input-Gigawords: [0]
2013-11-20 10:56:02,109: DEBUG: GoGo-Acct-Input-Voice-Packets: [0]
2013-11-20 10:56:02,109: DEBUG: GoGo-Total-Input-Octets: [6607188]
2013-11-20 10:56:02,109: DEBUG: GoGo-Total-Output-Packets: [77069]
2013-11-20 10:56:02,109: DEBUG: WISPr-Location-ID: [u'airline=BA01,tail=01009,network=']
2013-11-20 10:56:02,109: DEBUG: GoGo-Acct-Output-Voice-Gigawords: [0]
2013-11-20 10:56:02,109: DEBUG: Acct-Input-Octets: [6607188]
2013-11-20 10:56:02,111: DEBUG: 

2013-11-20 10:56:02,111: DEBUG: Received response with following attributes:
2013-11-20 10:56:12,111: DEBUG: 

2013-11-20 10:56:12,112: DEBUG: Creating Accounting Update Request with the following Attributes:
2013-11-20 10:56:12,112: DEBUG: User-Name: [u'username23@airborne.aircell.com']
2013-11-20 10:56:12,112: DEBUG: GoGo-Tail-Number: [u'AAATestNAS_111']
2013-11-20 10:56:12,112: DEBUG: Acct-Output-Octets: [9421250]
2013-11-20 10:56:12,112: DEBUG: NAS-IP-Address: ['10.254.116.1']
2013-11-20 10:56:12,112: DEBUG: GoGo-Total-Output-Gigawords: [0]
2013-11-20 10:56:12,112: DEBUG: Framed-IP-Address: ['10.254.116.25']
2013-11-20 10:56:12,112: DEBUG: GoGo-Total-Input-Voice-Gigawords: [0]
2013-11-20 10:56:12,113: DEBUG: GoGo-Total-Output-Octets: [9421250]
2013-11-20 10:56:12,113: DEBUG: GoGo-Acct-Input-Voice-Octets: [0]
2013-11-20 10:56:12,113: DEBUG: GoGo-Total-Input-Voice-Packets: [0]
2013-11-20 10:56:12,113: DEBUG: Called-Station-Id: [u'00:16:3E:42:A0:BE']
2013-11-20 10:56:12,113: DEBUG: WISPr-Location-Name: [u'TEST LLC,BA01_01009']
2013-11-20 10:56:12,113: DEBUG: NAS-Identifier: [u'C08386']
2013-11-20 10:56:12,113: DEBUG: Proxy-State: ['3330,3132']
2013-11-20 10:56:12,113: DEBUG: GoGo-Total-Input-Voice-Octets: [0]
2013-11-20 10:56:12,113: DEBUG: Acct-Status-Type: ['Interim-Update']
2013-11-20 10:56:12,113: DEBUG: GoGo-Total-Output-Voice-Gigawords: [0]
2013-11-20 10:56:12,113: DEBUG: GoGo-Airline: [u'BA01']
2013-11-20 10:56:12,113: DEBUG: Acct-Session-Id: [u'AAATestNAS_111-1384925142094-00163E42A0BE-2']
2013-11-20 10:56:12,113: DEBUG: Acct-Session-Time: [10]
2013-11-20 10:56:12,113: DEBUG: Acct-Input-Packets: [42698]
2013-11-20 10:56:12,113: DEBUG: Acct-Output-Packets: [11147]
2013-11-20 10:56:12,114: DEBUG: GoGo-Acct-Output-Voice-Packets: [0]
2013-11-20 10:56:12,114: DEBUG: GoGo-Acct-Output-Voice-Octets: [0]
2013-11-20 10:56:12,114: DEBUG: Acct-Output-Gigawords: [0]
2013-11-20 10:56:12,114: DEBUG: GoGo-Total-Output-Voice-Packets: [0]
2013-11-20 10:56:12,114: DEBUG: Acct-Input-Gigawords: [0]
2013-11-20 10:56:12,114: DEBUG: Calling-Station-Id: [u'17:21:31:41:52:81']
2013-11-20 10:56:12,114: DEBUG: NAS-Port-Type: ['Wireless-802.11']
2013-11-20 10:56:12,114: DEBUG: GoGo-Total-Output-Voice-Octets: [0]
2013-11-20 10:56:12,114: DEBUG: GoGo-Private-IP-Address: ['192.168.1.179']
2013-11-20 10:56:12,114: DEBUG: GoGo-Acct-Input-Voice-Gigawords: [0]
2013-11-20 10:56:12,114: DEBUG: GoGo-Total-Input-Packets: [42698]
2013-11-20 10:56:12,114: DEBUG: GoGo-Total-Input-Gigawords: [0]
2013-11-20 10:56:12,114: DEBUG: GoGo-Acct-Input-Voice-Packets: [0]
2013-11-20 10:56:12,115: DEBUG: GoGo-Total-Input-Octets: [9189420]
2013-11-20 10:56:12,115: DEBUG: GoGo-Total-Output-Packets: [11147]
2013-11-20 10:56:12,115: DEBUG: WISPr-Location-ID: [u'airline=BA01,tail=01009,network=']
2013-11-20 10:56:12,115: DEBUG: GoGo-Acct-Output-Voice-Gigawords: [0]
2013-11-20 10:56:12,115: DEBUG: Acct-Input-Octets: [9189420]
2013-11-20 10:56:12,116: DEBUG: 

2013-11-20 10:56:12,117: DEBUG: Received response with following attributes:
2013-11-20 10:56:22,118: DEBUG: 

2013-11-20 10:56:22,119: DEBUG: Creating Accounting Update Request with the following Attributes:
2013-11-20 10:56:22,119: DEBUG: User-Name: [u'username23@airborne.aircell.com']
2013-11-20 10:56:22,120: DEBUG: GoGo-Tail-Number: [u'AAATestNAS_111']
2013-11-20 10:56:22,120: DEBUG: Acct-Output-Octets: [9846910]
2013-11-20 10:56:22,120: DEBUG: NAS-IP-Address: ['10.254.116.1']
2013-11-20 10:56:22,120: DEBUG: GoGo-Total-Output-Gigawords: [0]
2013-11-20 10:56:22,120: DEBUG: Framed-IP-Address: ['10.254.116.25']
2013-11-20 10:56:22,120: DEBUG: GoGo-Total-Input-Voice-Gigawords: [0]
2013-11-20 10:56:22,121: DEBUG: GoGo-Total-Output-Octets: [9846910]
2013-11-20 10:56:22,121: DEBUG: GoGo-Acct-Input-Voice-Octets: [0]
2013-11-20 10:56:22,121: DEBUG: GoGo-Total-Input-Voice-Packets: [0]
2013-11-20 10:56:22,121: DEBUG: Called-Station-Id: [u'00:16:3E:42:A0:BE']
2013-11-20 10:56:22,121: DEBUG: WISPr-Location-Name: [u'TEST LLC,BA01_01009']
2013-11-20 10:56:22,121: DEBUG: NAS-Identifier: [u'C08386']
2013-11-20 10:56:22,121: DEBUG: Proxy-State: ['3330,3132']
2013-11-20 10:56:22,121: DEBUG: GoGo-Total-Input-Voice-Octets: [0]
2013-11-20 10:56:22,122: DEBUG: Acct-Status-Type: ['Interim-Update']
2013-11-20 10:56:22,122: DEBUG: GoGo-Total-Output-Voice-Gigawords: [0]
2013-11-20 10:56:22,122: DEBUG: GoGo-Airline: [u'BA01']
2013-11-20 10:56:22,122: DEBUG: Acct-Session-Id: [u'AAATestNAS_111-1384925142094-00163E42A0BE-2']
2013-11-20 10:56:22,122: DEBUG: Acct-Session-Time: [10]
2013-11-20 10:56:22,123: DEBUG: Acct-Input-Packets: [19904]
2013-11-20 10:56:22,123: DEBUG: Acct-Output-Packets: [42544]
2013-11-20 10:56:22,123: DEBUG: GoGo-Acct-Output-Voice-Packets: [0]
2013-11-20 10:56:22,123: DEBUG: GoGo-Acct-Output-Voice-Octets: [0]
2013-11-20 10:56:22,123: DEBUG: Acct-Output-Gigawords: [0]
2013-11-20 10:56:22,124: DEBUG: GoGo-Total-Output-Voice-Packets: [0]
2013-11-20 10:56:22,124: DEBUG: Acct-Input-Gigawords: [0]
2013-11-20 10:56:22,124: DEBUG: Calling-Station-Id: [u'17:21:31:41:52:81']
2013-11-20 10:56:22,124: DEBUG: NAS-Port-Type: ['Wireless-802.11']
2013-11-20 10:56:22,124: DEBUG: GoGo-Total-Output-Voice-Octets: [0]
2013-11-20 10:56:22,124: DEBUG: GoGo-Private-IP-Address: ['192.168.1.179']
2013-11-20 10:56:22,124: DEBUG: GoGo-Acct-Input-Voice-Gigawords: [0]
2013-11-20 10:56:22,125: DEBUG: GoGo-Total-Input-Packets: [19904]
2013-11-20 10:56:22,125: DEBUG: GoGo-Total-Input-Gigawords: [0]
2013-11-20 10:56:22,125: DEBUG: GoGo-Acct-Input-Voice-Packets: [0]
2013-11-20 10:56:22,125: DEBUG: GoGo-Total-Input-Octets: [6626772]
2013-11-20 10:56:22,125: DEBUG: GoGo-Total-Output-Packets: [42544]
2013-11-20 10:56:22,125: DEBUG: WISPr-Location-ID: [u'airline=BA01,tail=01009,network=']
2013-11-20 10:56:22,125: DEBUG: GoGo-Acct-Output-Voice-Gigawords: [0]
2013-11-20 10:56:22,125: DEBUG: Acct-Input-Octets: [6626772]
2013-11-20 10:56:22,127: DEBUG: 

2013-11-20 10:56:22,128: DEBUG: Received response with following attributes:
2013-11-20 10:56:32,128: DEBUG: 

2013-11-20 10:56:32,129: DEBUG: Creating Accounting Update Request with the following Attributes:
2013-11-20 10:56:32,129: DEBUG: User-Name: [u'username23@airborne.aircell.com']
2013-11-20 10:56:32,129: DEBUG: GoGo-Tail-Number: [u'AAATestNAS_111']
2013-11-20 10:56:32,129: DEBUG: Acct-Output-Octets: [5328565]
2013-11-20 10:56:32,129: DEBUG: NAS-IP-Address: ['10.254.116.1']
2013-11-20 10:56:32,129: DEBUG: GoGo-Total-Output-Gigawords: [0]
2013-11-20 10:56:32,129: DEBUG: Framed-IP-Address: ['10.254.116.25']
2013-11-20 10:56:32,129: DEBUG: GoGo-Total-Input-Voice-Gigawords: [0]
2013-11-20 10:56:32,130: DEBUG: GoGo-Total-Output-Octets: [5328565]
2013-11-20 10:56:32,130: DEBUG: GoGo-Acct-Input-Voice-Octets: [0]
2013-11-20 10:56:32,130: DEBUG: GoGo-Total-Input-Voice-Packets: [0]
2013-11-20 10:56:32,130: DEBUG: Called-Station-Id: [u'00:16:3E:42:A0:BE']
2013-11-20 10:56:32,130: DEBUG: WISPr-Location-Name: [u'TEST LLC,BA01_01009']
2013-11-20 10:56:32,130: DEBUG: NAS-Identifier: [u'C08386']
2013-11-20 10:56:32,130: DEBUG: Proxy-State: ['3330,3132']
2013-11-20 10:56:32,130: DEBUG: GoGo-Total-Input-Voice-Octets: [0]
2013-11-20 10:56:32,130: DEBUG: Acct-Status-Type: ['Interim-Update']
2013-11-20 10:56:32,130: DEBUG: GoGo-Total-Output-Voice-Gigawords: [0]
2013-11-20 10:56:32,130: DEBUG: GoGo-Airline: [u'BA01']
2013-11-20 10:56:32,130: DEBUG: Acct-Session-Id: [u'AAATestNAS_111-1384925142094-00163E42A0BE-2']
2013-11-20 10:56:32,130: DEBUG: Acct-Session-Time: [10]
2013-11-20 10:56:32,130: DEBUG: Acct-Input-Packets: [12671]
2013-11-20 10:56:32,131: DEBUG: Acct-Output-Packets: [22357]
2013-11-20 10:56:32,131: DEBUG: GoGo-Acct-Output-Voice-Packets: [0]
2013-11-20 10:56:32,131: DEBUG: GoGo-Acct-Output-Voice-Octets: [0]
2013-11-20 10:56:32,131: DEBUG: Acct-Output-Gigawords: [0]
2013-11-20 10:56:32,131: DEBUG: GoGo-Total-Output-Voice-Packets: [0]
2013-11-20 10:56:32,131: DEBUG: Acct-Input-Gigawords: [0]
2013-11-20 10:56:32,131: DEBUG: Calling-Station-Id: [u'17:21:31:41:52:81']
2013-11-20 10:56:32,131: DEBUG: NAS-Port-Type: ['Wireless-802.11']
2013-11-20 10:56:32,131: DEBUG: GoGo-Total-Output-Voice-Octets: [0]
2013-11-20 10:56:32,131: DEBUG: GoGo-Private-IP-Address: ['192.168.1.179']
2013-11-20 10:56:32,131: DEBUG: GoGo-Acct-Input-Voice-Gigawords: [0]
2013-11-20 10:56:32,131: DEBUG: GoGo-Total-Input-Packets: [12671]
2013-11-20 10:56:32,131: DEBUG: GoGo-Total-Input-Gigawords: [0]
2013-11-20 10:56:32,131: DEBUG: GoGo-Acct-Input-Voice-Packets: [0]
2013-11-20 10:56:32,132: DEBUG: GoGo-Total-Input-Octets: [1391601]
2013-11-20 10:56:32,132: DEBUG: GoGo-Total-Output-Packets: [22357]
2013-11-20 10:56:32,132: DEBUG: WISPr-Location-ID: [u'airline=BA01,tail=01009,network=']
2013-11-20 10:56:32,132: DEBUG: GoGo-Acct-Output-Voice-Gigawords: [0]
2013-11-20 10:56:32,132: DEBUG: Acct-Input-Octets: [1391601]
2013-11-20 10:56:32,133: DEBUG: 

2013-11-20 10:56:32,134: DEBUG: Received response with following attributes:
2013-11-20 10:56:43,135: DEBUG: 

2013-11-20 10:56:43,135: DEBUG: Creating Accounting Stop Request with the following Attributes:
2013-11-20 10:56:43,135: DEBUG: User-Name: [u'username23@airborne.aircell.com']
2013-11-20 10:56:43,135: DEBUG: GoGo-Tail-Number: [u'01009']
2013-11-20 10:56:43,136: DEBUG: Acct-Output-Octets: [1614022]
2013-11-20 10:56:43,136: DEBUG: NAS-IP-Address: ['10.254.116.1']
2013-11-20 10:56:43,136: DEBUG: GoGo-Total-Output-Gigawords: [0]
2013-11-20 10:56:43,136: DEBUG: Framed-IP-Address: ['10.254.116.25']
2013-11-20 10:56:43,136: DEBUG: GoGo-Total-Input-Voice-Gigawords: [0]
2013-11-20 10:56:43,136: DEBUG: GoGo-Total-Output-Octets: [1614022]
2013-11-20 10:56:43,136: DEBUG: GoGo-Acct-Input-Voice-Octets: [0]
2013-11-20 10:56:43,136: DEBUG: GoGo-Total-Input-Voice-Packets: [0]
2013-11-20 10:56:43,136: DEBUG: Called-Station-Id: [u'00:16:3E:42:A0:BE']
2013-11-20 10:56:43,136: DEBUG: WISPr-Location-Name: [u'TEST LLC,BA01_01009']
2013-11-20 10:56:43,136: DEBUG: NAS-Identifier: [u'C08386']
2013-11-20 10:56:43,136: DEBUG: Proxy-State: ['3330,3132']
2013-11-20 10:56:43,136: DEBUG: GoGo-Total-Input-Voice-Octets: [0]
2013-11-20 10:56:43,137: DEBUG: Acct-Status-Type: ['Stop']
2013-11-20 10:56:43,137: DEBUG: GoGo-Total-Output-Voice-Gigawords: [0]
2013-11-20 10:56:43,137: DEBUG: GoGo-Airline: [u'BA01']
2013-11-20 10:56:43,137: DEBUG: Acct-Session-Id: [u'AAATestNAS_111-1384925142094-00163E42A0BE-2']
2013-11-20 10:56:43,137: DEBUG: Acct-Session-Time: [11]
2013-11-20 10:56:43,137: DEBUG: Acct-Input-Packets: [24387]
2013-11-20 10:56:43,137: DEBUG: Acct-Output-Packets: [10556]
2013-11-20 10:56:43,137: DEBUG: Acct-Terminate-Cause: ['User-Request']
2013-11-20 10:56:43,137: DEBUG: GoGo-Acct-Output-Voice-Octets: [0]
2013-11-20 10:56:43,137: DEBUG: Acct-Output-Gigawords: [0]
2013-11-20 10:56:43,137: DEBUG: GoGo-Total-Output-Voice-Packets: [0]
2013-11-20 10:56:43,137: DEBUG: Acct-Input-Gigawords: [0]
2013-11-20 10:56:43,137: DEBUG: Calling-Station-Id: [u'17:21:31:41:52:81']
2013-11-20 10:56:43,137: DEBUG: NAS-Port-Type: ['Wireless-802.11']
2013-11-20 10:56:43,138: DEBUG: GoGo-Total-Output-Voice-Octets: [0]
2013-11-20 10:56:43,138: DEBUG: GoGo-Private-IP-Address: ['192.168.1.179']
2013-11-20 10:56:43,138: DEBUG: GoGo-Acct-Input-Voice-Gigawords: [0]
2013-11-20 10:56:43,138: DEBUG: GoGo-Total-Input-Packets: [24387]
2013-11-20 10:56:43,138: DEBUG: GoGo-Total-Input-Gigawords: [0]
2013-11-20 10:56:43,138: DEBUG: GoGo-Acct-Input-Voice-Packets: [0]
2013-11-20 10:56:43,138: DEBUG: GoGo-Total-Input-Octets: [9409633]
2013-11-20 10:56:43,138: DEBUG: GoGo-Total-Output-Packets: [10556]
2013-11-20 10:56:43,138: DEBUG: WISPr-Location-ID: [u'airline=BA01,tail=01009,network=']
2013-11-20 10:56:43,138: DEBUG: GoGo-Acct-Output-Voice-Packets: [0]
2013-11-20 10:56:43,138: DEBUG: GoGo-Acct-Output-Voice-Gigawords: [0]
2013-11-20 10:56:43,138: DEBUG: Acct-Input-Octets: [9409633]
2013-11-20 10:56:43,140: DEBUG: 

2013-11-20 10:56:43,140: DEBUG: Received response with following attributes:
2013-11-20 10:56:43,140: DEBUG: Ending the test for this user
2013-11-20 10:56:43,461: DEBUG: Starting the client for the user username23@airborne.aircell.com to the server localhost

2013-11-20 10:56:43,462: DEBUG: DURATION of the TEST: 41
2013-11-20 10:56:43,462: DEBUG: NAS-IP: 10.254.250.1
2013-11-20 10:56:43,464: DEBUG: NAS-MAC-ADDR: 19:21:31:41:52:27
2013-11-20 10:56:43,464: DEBUG: Abruptly End: False
2013-11-20 10:56:43,465: DEBUG: Framed-IP: 10.254.250.159
2013-11-20 10:56:43,465: DEBUG: User-MAC-Addr: 00:16:3E:01:62:BD
2013-11-20 10:56:43,466: DEBUG: 

2013-11-20 10:56:43,468: DEBUG: Creating Authentication Request with the following Attributes:
2013-11-20 10:56:43,468: DEBUG: NAS-Identifier: [u'C08386']
2013-11-20 10:56:43,469: DEBUG: User-Name: [u'username23@airborne.aircell.com']
2013-11-20 10:56:43,469: DEBUG: NAS-IP-Address: ['10.254.250.1']
2013-11-20 10:56:43,470: DEBUG: Service-Type: ['Authenticate-Only']
2013-11-20 10:56:43,470: DEBUG: Proxy-State: ['3237,3134']
2013-11-20 10:56:43,471: DEBUG: Framed-IP-Address: ['10.254.250.159']
2013-11-20 10:56:43,471: DEBUG: GoGo-Airline: [u'BA01']
2013-11-20 10:56:43,472: DEBUG: Acct-Session-Id: [u'AAATestNAS_245-1384925203467-00163E0162BD-1']
2013-11-20 10:56:43,473: DEBUG: GoGo-Tail-Number: [u'AAATestNAS_245']
2013-11-20 10:56:43,474: DEBUG: GoGo-Private-IP-Address: ['192.168.1.179']
2013-11-20 10:56:43,475: DEBUG: WISPr-Location-ID: [u'airline=BA01,tail=01009,network=']
2013-11-20 10:56:43,476: DEBUG: WISPr-Location-Name: [u'TEST LLC,BA01_01009']
2013-11-20 10:56:43,477: DEBUG: NAS-Port-Type: ['Wireless-802.11']
2013-11-20 10:56:43,478: DEBUG: Called-Station-Id: [u'00:16:3E:01:62:BD']
2013-11-20 10:56:43,478: DEBUG: Calling-Station-Id: [u'19:21:31:41:52:27']
2013-11-20 10:56:43,481: DEBUG: 

2013-11-20 10:56:43,481: DEBUG: Received response with code: 2, Accepted
2013-11-20 10:56:43,483: DEBUG: Creating Authentication Request with the following Attributes:
2013-11-20 10:56:43,484: DEBUG: NAS-Identifier: [u'C08386']
2013-11-20 10:56:43,485: DEBUG: User-Name: [u'username23@airborne.aircell.com']
2013-11-20 10:56:43,487: DEBUG: NAS-IP-Address: ['10.254.250.1']
2013-11-20 10:56:43,488: DEBUG: Service-Type: ['Login-User']
2013-11-20 10:56:43,488: DEBUG: Proxy-State: ['3237,3134']
2013-11-20 10:56:43,490: DEBUG: Framed-IP-Address: ['10.254.250.159']
2013-11-20 10:56:43,491: DEBUG: GoGo-Airline: [u'BA01']
2013-11-20 10:56:43,492: DEBUG: Acct-Session-Id: [u'AAATestNAS_245-1384925203482-00163E0162BD-1']
2013-11-20 10:56:43,493: DEBUG: GoGo-Tail-Number: [u'AAATestNAS_245']
2013-11-20 10:56:43,494: DEBUG: GoGo-Private-IP-Address: ['192.168.1.179']
2013-11-20 10:56:43,494: DEBUG: WISPr-Location-ID: [u'airline=BA01,tail=01009,network=']
2013-11-20 10:56:43,495: DEBUG: WISPr-Location-Name: [u'TEST LLC,BA01_01009']
2013-11-20 10:56:43,496: DEBUG: NAS-Port-Type: ['Wireless-802.11']
2013-11-20 10:56:43,497: DEBUG: Called-Station-Id: [u'00:16:3E:01:62:BD']
2013-11-20 10:56:43,497: DEBUG: Calling-Station-Id: [u'19:21:31:41:52:27']
2013-11-20 10:56:43,500: DEBUG: 

2013-11-20 10:56:43,501: DEBUG: Received response with code: 2, Accepted
2013-11-20 10:56:43,501: DEBUG: 

2013-11-20 10:56:43,502: DEBUG: Creating Accounting start Request with the following Attributes:
2013-11-20 10:56:43,503: DEBUG: NAS-Identifier: [u'C08386']
2013-11-20 10:56:43,504: DEBUG: User-Name: [u'username23@airborne.aircell.com']
2013-11-20 10:56:43,504: DEBUG: GoGo-Tail-Number: [u'AAATestNAS_245']
2013-11-20 10:56:43,505: DEBUG: NAS-IP-Address: ['10.254.250.1']
2013-11-20 10:56:43,505: DEBUG: Proxy-State: ['3239,3131']
2013-11-20 10:56:43,506: DEBUG: Acct-Status-Type: ['Start']
2013-11-20 10:56:43,507: DEBUG: GoGo-Airline: [u'BA01']
2013-11-20 10:56:43,508: DEBUG: Acct-Session-Id: [u'AAATestNAS_245-1384925203482-00163E0162BD-1']
2013-11-20 10:56:43,509: DEBUG: GoGo-Private-IP-Address: ['192.168.1.179']
2013-11-20 10:56:43,510: DEBUG: Framed-IP-Address: ['10.254.250.159']
2013-11-20 10:56:43,511: DEBUG: WISPr-Location-ID: [u'airline=BA01,tail=01009,network=']
2013-11-20 10:56:43,513: DEBUG: WISPr-Location-Name: [u'TEST LLC,BA01_01009']
2013-11-20 10:56:43,513: DEBUG: NAS-Port-Type: ['Wireless-802.11']
2013-11-20 10:56:43,515: DEBUG: Called-Station-Id: [u'00:16:3E:01:62:BD']
2013-11-20 10:56:43,516: DEBUG: Calling-Station-Id: [u'19:21:31:41:52:27']
2013-11-20 10:56:43,519: DEBUG: 

2013-11-20 10:56:43,520: DEBUG: Received response with following attributes:
2013-11-20 10:56:53,521: DEBUG: 

2013-11-20 10:56:53,522: DEBUG: Creating Accounting Update Request with the following Attributes:
2013-11-20 10:56:53,523: DEBUG: User-Name: [u'username23@airborne.aircell.com']
2013-11-20 10:56:53,524: DEBUG: GoGo-Tail-Number: [u'AAATestNAS_245']
2013-11-20 10:56:53,524: DEBUG: Acct-Output-Octets: [1947904]
2013-11-20 10:56:53,524: DEBUG: NAS-IP-Address: ['10.254.250.1']
2013-11-20 10:56:53,525: DEBUG: GoGo-Total-Output-Gigawords: [0]
2013-11-20 10:56:53,525: DEBUG: Framed-IP-Address: ['10.254.250.159']
2013-11-20 10:56:53,526: DEBUG: GoGo-Total-Input-Voice-Gigawords: [0]
2013-11-20 10:56:53,527: DEBUG: GoGo-Total-Output-Octets: [1947904]
2013-11-20 10:56:53,527: DEBUG: GoGo-Acct-Input-Voice-Octets: [0]
2013-11-20 10:56:53,528: DEBUG: GoGo-Total-Input-Voice-Packets: [0]
2013-11-20 10:56:53,528: DEBUG: Called-Station-Id: [u'00:16:3E:01:62:BD']
2013-11-20 10:56:53,529: DEBUG: WISPr-Location-Name: [u'TEST LLC,BA01_01009']
2013-11-20 10:56:53,530: DEBUG: NAS-Identifier: [u'C08386']
2013-11-20 10:56:53,530: DEBUG: Proxy-State: ['3330,3132']
2013-11-20 10:56:53,532: DEBUG: GoGo-Total-Input-Voice-Octets: [0]
2013-11-20 10:56:53,533: DEBUG: Acct-Status-Type: ['Interim-Update']
2013-11-20 10:56:53,534: DEBUG: GoGo-Total-Output-Voice-Gigawords: [0]
2013-11-20 10:56:53,535: DEBUG: GoGo-Airline: [u'BA01']
2013-11-20 10:56:53,535: DEBUG: Acct-Session-Id: [u'AAATestNAS_245-1384925203482-00163E0162BD-1']
2013-11-20 10:56:53,536: DEBUG: Acct-Session-Time: [10]
2013-11-20 10:56:53,537: DEBUG: Acct-Input-Packets: [18533]
2013-11-20 10:56:53,537: DEBUG: Acct-Output-Packets: [10819]
2013-11-20 10:56:53,538: DEBUG: GoGo-Acct-Output-Voice-Packets: [0]
2013-11-20 10:56:53,538: DEBUG: GoGo-Acct-Output-Voice-Octets: [0]
2013-11-20 10:56:53,539: DEBUG: Acct-Output-Gigawords: [0]
2013-11-20 10:56:53,539: DEBUG: GoGo-Total-Output-Voice-Packets: [0]
2013-11-20 10:56:53,540: DEBUG: Acct-Input-Gigawords: [0]
2013-11-20 10:56:53,540: DEBUG: Calling-Station-Id: [u'19:21:31:41:52:27']
2013-11-20 10:56:53,541: DEBUG: NAS-Port-Type: ['Wireless-802.11']
2013-11-20 10:56:53,542: DEBUG: GoGo-Total-Output-Voice-Octets: [0]
2013-11-20 10:56:53,542: DEBUG: GoGo-Private-IP-Address: ['192.168.1.179']
2013-11-20 10:56:53,543: DEBUG: GoGo-Acct-Input-Voice-Gigawords: [0]
2013-11-20 10:56:53,543: DEBUG: GoGo-Total-Input-Packets: [18533]
2013-11-20 10:56:53,544: DEBUG: GoGo-Total-Input-Gigawords: [0]
2013-11-20 10:56:53,545: DEBUG: GoGo-Acct-Input-Voice-Packets: [0]
2013-11-20 10:56:53,545: DEBUG: GoGo-Total-Input-Octets: [2604799]
2013-11-20 10:56:53,545: DEBUG: GoGo-Total-Output-Packets: [10819]
2013-11-20 10:56:53,546: DEBUG: WISPr-Location-ID: [u'airline=BA01,tail=01009,network=']
2013-11-20 10:56:53,546: DEBUG: GoGo-Acct-Output-Voice-Gigawords: [0]
2013-11-20 10:56:53,547: DEBUG: Acct-Input-Octets: [2604799]
2013-11-20 10:56:53,549: DEBUG: 

2013-11-20 10:56:53,550: DEBUG: Received response with following attributes:
2013-11-20 10:57:03,551: DEBUG: 

2013-11-20 10:57:03,552: DEBUG: Creating Accounting Update Request with the following Attributes:
2013-11-20 10:57:03,552: DEBUG: User-Name: [u'username23@airborne.aircell.com']
2013-11-20 10:57:03,552: DEBUG: GoGo-Tail-Number: [u'AAATestNAS_245']
2013-11-20 10:57:03,552: DEBUG: Acct-Output-Octets: [5707051]
2013-11-20 10:57:03,552: DEBUG: NAS-IP-Address: ['10.254.250.1']
2013-11-20 10:57:03,553: DEBUG: GoGo-Total-Output-Gigawords: [0]
2013-11-20 10:57:03,553: DEBUG: Framed-IP-Address: ['10.254.250.159']
2013-11-20 10:57:03,553: DEBUG: GoGo-Total-Input-Voice-Gigawords: [0]
2013-11-20 10:57:03,553: DEBUG: GoGo-Total-Output-Octets: [5707051]
2013-11-20 10:57:03,553: DEBUG: GoGo-Acct-Input-Voice-Octets: [0]
2013-11-20 10:57:03,553: DEBUG: GoGo-Total-Input-Voice-Packets: [0]
2013-11-20 10:57:03,553: DEBUG: Called-Station-Id: [u'00:16:3E:01:62:BD']
2013-11-20 10:57:03,553: DEBUG: WISPr-Location-Name: [u'TEST LLC,BA01_01009']
2013-11-20 10:57:03,553: DEBUG: NAS-Identifier: [u'C08386']
2013-11-20 10:57:03,554: DEBUG: Proxy-State: ['3330,3132']
2013-11-20 10:57:03,554: DEBUG: GoGo-Total-Input-Voice-Octets: [0]
2013-11-20 10:57:03,554: DEBUG: Acct-Status-Type: ['Interim-Update']
2013-11-20 10:57:03,554: DEBUG: GoGo-Total-Output-Voice-Gigawords: [0]
2013-11-20 10:57:03,554: DEBUG: GoGo-Airline: [u'BA01']
2013-11-20 10:57:03,554: DEBUG: Acct-Session-Id: [u'AAATestNAS_245-1384925203482-00163E0162BD-1']
2013-11-20 10:57:03,554: DEBUG: Acct-Session-Time: [10]
2013-11-20 10:57:03,554: DEBUG: Acct-Input-Packets: [9872]
2013-11-20 10:57:03,554: DEBUG: Acct-Output-Packets: [29128]
2013-11-20 10:57:03,555: DEBUG: GoGo-Acct-Output-Voice-Packets: [0]
2013-11-20 10:57:03,555: DEBUG: GoGo-Acct-Output-Voice-Octets: [0]
2013-11-20 10:57:03,555: DEBUG: Acct-Output-Gigawords: [0]
2013-11-20 10:57:03,555: DEBUG: GoGo-Total-Output-Voice-Packets: [0]
2013-11-20 10:57:03,555: DEBUG: Acct-Input-Gigawords: [0]
2013-11-20 10:57:03,555: DEBUG: Calling-Station-Id: [u'19:21:31:41:52:27']
2013-11-20 10:57:03,555: DEBUG: NAS-Port-Type: ['Wireless-802.11']
2013-11-20 10:57:03,555: DEBUG: GoGo-Total-Output-Voice-Octets: [0]
2013-11-20 10:57:03,555: DEBUG: GoGo-Private-IP-Address: ['192.168.1.179']
2013-11-20 10:57:03,555: DEBUG: GoGo-Acct-Input-Voice-Gigawords: [0]
2013-11-20 10:57:03,556: DEBUG: GoGo-Total-Input-Packets: [9872]
2013-11-20 10:57:03,556: DEBUG: GoGo-Total-Input-Gigawords: [0]
2013-11-20 10:57:03,556: DEBUG: GoGo-Acct-Input-Voice-Packets: [0]
2013-11-20 10:57:03,556: DEBUG: GoGo-Total-Input-Octets: [7683699]
2013-11-20 10:57:03,556: DEBUG: GoGo-Total-Output-Packets: [29128]
2013-11-20 10:57:03,556: DEBUG: WISPr-Location-ID: [u'airline=BA01,tail=01009,network=']
2013-11-20 10:57:03,556: DEBUG: GoGo-Acct-Output-Voice-Gigawords: [0]
2013-11-20 10:57:03,556: DEBUG: Acct-Input-Octets: [7683699]
2013-11-20 10:57:03,559: DEBUG: 

2013-11-20 10:57:03,559: DEBUG: Received response with following attributes:
2013-11-20 10:57:13,561: DEBUG: 

2013-11-20 10:57:13,562: DEBUG: Creating Accounting Update Request with the following Attributes:
2013-11-20 10:57:13,562: DEBUG: User-Name: [u'username23@airborne.aircell.com']
2013-11-20 10:57:13,562: DEBUG: GoGo-Tail-Number: [u'AAATestNAS_245']
2013-11-20 10:57:13,562: DEBUG: Acct-Output-Octets: [8355022]
2013-11-20 10:57:13,562: DEBUG: NAS-IP-Address: ['10.254.250.1']
2013-11-20 10:57:13,563: DEBUG: GoGo-Total-Output-Gigawords: [0]
2013-11-20 10:57:13,563: DEBUG: Framed-IP-Address: ['10.254.250.159']
2013-11-20 10:57:13,563: DEBUG: GoGo-Total-Input-Voice-Gigawords: [0]
2013-11-20 10:57:13,563: DEBUG: GoGo-Total-Output-Octets: [8355022]
2013-11-20 10:57:13,563: DEBUG: GoGo-Acct-Input-Voice-Octets: [0]
2013-11-20 10:57:13,563: DEBUG: GoGo-Total-Input-Voice-Packets: [0]
2013-11-20 10:57:13,563: DEBUG: Called-Station-Id: [u'00:16:3E:01:62:BD']
2013-11-20 10:57:13,563: DEBUG: WISPr-Location-Name: [u'TEST LLC,BA01_01009']
2013-11-20 10:57:13,563: DEBUG: NAS-Identifier: [u'C08386']
2013-11-20 10:57:13,564: DEBUG: Proxy-State: ['3330,3132']
2013-11-20 10:57:13,564: DEBUG: GoGo-Total-Input-Voice-Octets: [0]
2013-11-20 10:57:13,564: DEBUG: Acct-Status-Type: ['Interim-Update']
2013-11-20 10:57:13,564: DEBUG: GoGo-Total-Output-Voice-Gigawords: [0]
2013-11-20 10:57:13,564: DEBUG: GoGo-Airline: [u'BA01']
2013-11-20 10:57:13,564: DEBUG: Acct-Session-Id: [u'AAATestNAS_245-1384925203482-00163E0162BD-1']
2013-11-20 10:57:13,564: DEBUG: Acct-Session-Time: [10]
2013-11-20 10:57:13,564: DEBUG: Acct-Input-Packets: [36705]
2013-11-20 10:57:13,564: DEBUG: Acct-Output-Packets: [66608]
2013-11-20 10:57:13,564: DEBUG: GoGo-Acct-Output-Voice-Packets: [0]
2013-11-20 10:57:13,565: DEBUG: GoGo-Acct-Output-Voice-Octets: [0]
2013-11-20 10:57:13,565: DEBUG: Acct-Output-Gigawords: [0]
2013-11-20 10:57:13,565: DEBUG: GoGo-Total-Output-Voice-Packets: [0]
2013-11-20 10:57:13,565: DEBUG: Acct-Input-Gigawords: [0]
2013-11-20 10:57:13,565: DEBUG: Calling-Station-Id: [u'19:21:31:41:52:27']
2013-11-20 10:57:13,565: DEBUG: NAS-Port-Type: ['Wireless-802.11']
2013-11-20 10:57:13,565: DEBUG: GoGo-Total-Output-Voice-Octets: [0]
2013-11-20 10:57:13,565: DEBUG: GoGo-Private-IP-Address: ['192.168.1.179']
2013-11-20 10:57:13,565: DEBUG: GoGo-Acct-Input-Voice-Gigawords: [0]
2013-11-20 10:57:13,566: DEBUG: GoGo-Total-Input-Packets: [36705]
2013-11-20 10:57:13,566: DEBUG: GoGo-Total-Input-Gigawords: [0]
2013-11-20 10:57:13,566: DEBUG: GoGo-Acct-Input-Voice-Packets: [0]
2013-11-20 10:57:13,566: DEBUG: GoGo-Total-Input-Octets: [4281415]
2013-11-20 10:57:13,566: DEBUG: GoGo-Total-Output-Packets: [66608]
2013-11-20 10:57:13,566: DEBUG: WISPr-Location-ID: [u'airline=BA01,tail=01009,network=']
2013-11-20 10:57:13,566: DEBUG: GoGo-Acct-Output-Voice-Gigawords: [0]
2013-11-20 10:57:13,566: DEBUG: Acct-Input-Octets: [4281415]
2013-11-20 10:57:13,568: DEBUG: 

2013-11-20 10:57:13,568: DEBUG: Received response with following attributes:
2013-11-20 10:57:23,569: DEBUG: 

2013-11-20 10:57:23,569: DEBUG: Creating Accounting Update Request with the following Attributes:
2013-11-20 10:57:23,570: DEBUG: User-Name: [u'username23@airborne.aircell.com']
2013-11-20 10:57:23,570: DEBUG: GoGo-Tail-Number: [u'AAATestNAS_245']
2013-11-20 10:57:23,570: DEBUG: Acct-Output-Octets: [7261647]
2013-11-20 10:57:23,571: DEBUG: NAS-IP-Address: ['10.254.250.1']
2013-11-20 10:57:23,571: DEBUG: GoGo-Total-Output-Gigawords: [0]
2013-11-20 10:57:23,572: DEBUG: Framed-IP-Address: ['10.254.250.159']
2013-11-20 10:57:23,572: DEBUG: GoGo-Total-Input-Voice-Gigawords: [0]
2013-11-20 10:57:23,573: DEBUG: GoGo-Total-Output-Octets: [7261647]
2013-11-20 10:57:23,573: DEBUG: GoGo-Acct-Input-Voice-Octets: [0]
2013-11-20 10:57:23,574: DEBUG: GoGo-Total-Input-Voice-Packets: [0]
2013-11-20 10:57:23,574: DEBUG: Called-Station-Id: [u'00:16:3E:01:62:BD']
2013-11-20 10:57:23,574: DEBUG: WISPr-Location-Name: [u'TEST LLC,BA01_01009']
2013-11-20 10:57:23,575: DEBUG: NAS-Identifier: [u'C08386']
2013-11-20 10:57:23,575: DEBUG: Proxy-State: ['3330,3132']
2013-11-20 10:57:23,575: DEBUG: GoGo-Total-Input-Voice-Octets: [0]
2013-11-20 10:57:23,576: DEBUG: Acct-Status-Type: ['Interim-Update']
2013-11-20 10:57:23,576: DEBUG: GoGo-Total-Output-Voice-Gigawords: [0]
2013-11-20 10:57:23,577: DEBUG: GoGo-Airline: [u'BA01']
2013-11-20 10:57:23,577: DEBUG: Acct-Session-Id: [u'AAATestNAS_245-1384925203482-00163E0162BD-1']
2013-11-20 10:57:23,577: DEBUG: Acct-Session-Time: [10]
2013-11-20 10:57:23,578: DEBUG: Acct-Input-Packets: [17611]
2013-11-20 10:57:23,578: DEBUG: Acct-Output-Packets: [54069]
2013-11-20 10:57:23,578: DEBUG: GoGo-Acct-Output-Voice-Packets: [0]
2013-11-20 10:57:23,578: DEBUG: GoGo-Acct-Output-Voice-Octets: [0]
2013-11-20 10:57:23,579: DEBUG: Acct-Output-Gigawords: [0]
2013-11-20 10:57:23,579: DEBUG: GoGo-Total-Output-Voice-Packets: [0]
2013-11-20 10:57:23,579: DEBUG: Acct-Input-Gigawords: [0]
2013-11-20 10:57:23,579: DEBUG: Calling-Station-Id: [u'19:21:31:41:52:27']
2013-11-20 10:57:23,580: DEBUG: NAS-Port-Type: ['Wireless-802.11']
2013-11-20 10:57:23,580: DEBUG: GoGo-Total-Output-Voice-Octets: [0]
2013-11-20 10:57:23,580: DEBUG: GoGo-Private-IP-Address: ['192.168.1.179']
2013-11-20 10:57:23,580: DEBUG: GoGo-Acct-Input-Voice-Gigawords: [0]
2013-11-20 10:57:23,580: DEBUG: GoGo-Total-Input-Packets: [17611]
2013-11-20 10:57:23,580: DEBUG: GoGo-Total-Input-Gigawords: [0]
2013-11-20 10:57:23,580: DEBUG: GoGo-Acct-Input-Voice-Packets: [0]
2013-11-20 10:57:23,580: DEBUG: GoGo-Total-Input-Octets: [2011184]
2013-11-20 10:57:23,581: DEBUG: GoGo-Total-Output-Packets: [54069]
2013-11-20 10:57:23,581: DEBUG: WISPr-Location-ID: [u'airline=BA01,tail=01009,network=']
2013-11-20 10:57:23,581: DEBUG: GoGo-Acct-Output-Voice-Gigawords: [0]
2013-11-20 10:57:23,581: DEBUG: Acct-Input-Octets: [2011184]
2013-11-20 10:57:23,583: DEBUG: 

2013-11-20 10:57:23,583: DEBUG: Received response with following attributes:
2013-11-20 10:57:47,584: DEBUG: 

2013-11-20 10:57:47,584: DEBUG: Creating Accounting Stop Request with the following Attributes:
2013-11-20 10:57:47,584: DEBUG: User-Name: [u'username23@airborne.aircell.com']
2013-11-20 10:57:47,585: DEBUG: GoGo-Tail-Number: [u'01009']
2013-11-20 10:57:47,585: DEBUG: Acct-Output-Octets: [9349167]
2013-11-20 10:57:47,585: DEBUG: NAS-IP-Address: ['10.254.250.1']
2013-11-20 10:57:47,585: DEBUG: GoGo-Total-Output-Gigawords: [0]
2013-11-20 10:57:47,585: DEBUG: Framed-IP-Address: ['10.254.250.159']
2013-11-20 10:57:47,585: DEBUG: GoGo-Total-Input-Voice-Gigawords: [0]
2013-11-20 10:57:47,585: DEBUG: GoGo-Total-Output-Octets: [9349167]
2013-11-20 10:57:47,585: DEBUG: GoGo-Acct-Input-Voice-Octets: [0]
2013-11-20 10:57:47,586: DEBUG: GoGo-Total-Input-Voice-Packets: [0]
2013-11-20 10:57:47,586: DEBUG: Called-Station-Id: [u'00:16:3E:01:62:BD']
2013-11-20 10:57:47,586: DEBUG: WISPr-Location-Name: [u'TEST LLC,BA01_01009']
2013-11-20 10:57:47,586: DEBUG: NAS-Identifier: [u'C08386']
2013-11-20 10:57:47,586: DEBUG: Proxy-State: ['3330,3132']
2013-11-20 10:57:47,586: DEBUG: GoGo-Total-Input-Voice-Octets: [0]
2013-11-20 10:57:47,586: DEBUG: Acct-Status-Type: ['Stop']
2013-11-20 10:57:47,586: DEBUG: GoGo-Total-Output-Voice-Gigawords: [0]
2013-11-20 10:57:47,586: DEBUG: GoGo-Airline: [u'BA01']
2013-11-20 10:57:47,586: DEBUG: Acct-Session-Id: [u'AAATestNAS_245-1384925203482-00163E0162BD-1']
2013-11-20 10:57:47,587: DEBUG: Acct-Session-Time: [24]
2013-11-20 10:57:47,587: DEBUG: Acct-Input-Packets: [9466]
2013-11-20 10:57:47,587: DEBUG: Acct-Output-Packets: [49268]
2013-11-20 10:57:47,587: DEBUG: Acct-Terminate-Cause: ['User-Request']
2013-11-20 10:57:47,587: DEBUG: GoGo-Acct-Output-Voice-Octets: [0]
2013-11-20 10:57:47,587: DEBUG: Acct-Output-Gigawords: [0]
2013-11-20 10:57:47,587: DEBUG: GoGo-Total-Output-Voice-Packets: [0]
2013-11-20 10:57:47,587: DEBUG: Acct-Input-Gigawords: [0]
2013-11-20 10:57:47,587: DEBUG: Calling-Station-Id: [u'19:21:31:41:52:27']
2013-11-20 10:57:47,588: DEBUG: NAS-Port-Type: ['Wireless-802.11']
2013-11-20 10:57:47,588: DEBUG: GoGo-Total-Output-Voice-Octets: [0]
2013-11-20 10:57:47,588: DEBUG: GoGo-Private-IP-Address: ['192.168.1.179']
2013-11-20 10:57:47,588: DEBUG: GoGo-Acct-Input-Voice-Gigawords: [0]
2013-11-20 10:57:47,588: DEBUG: GoGo-Total-Input-Packets: [9466]
2013-11-20 10:57:47,588: DEBUG: GoGo-Total-Input-Gigawords: [0]
2013-11-20 10:57:47,588: DEBUG: GoGo-Acct-Input-Voice-Packets: [0]
2013-11-20 10:57:47,588: DEBUG: GoGo-Total-Input-Octets: [3079275]
2013-11-20 10:57:47,588: DEBUG: GoGo-Total-Output-Packets: [49268]
2013-11-20 10:57:47,588: DEBUG: WISPr-Location-ID: [u'airline=BA01,tail=01009,network=']
2013-11-20 10:57:47,589: DEBUG: GoGo-Acct-Output-Voice-Packets: [0]
2013-11-20 10:57:47,589: DEBUG: GoGo-Acct-Output-Voice-Gigawords: [0]
2013-11-20 10:57:47,589: DEBUG: Acct-Input-Octets: [3079275]
2013-11-20 10:57:47,589: ERROR: Network error, Reason: 'Network error: Too many open files'
2013-11-20 10:57:47,589: ERROR: Ending the test for this user
2013-11-20 10:57:47,589: DEBUG: Ending the test for this user
2013-11-20 10:57:48,544: DEBUG: Starting the client for the user username23@airborne.aircell.com to the server localhost

