2013-11-20 10:56:53,468: DEBUG: Starting the client for the user username59@airborne.aircell.com to the server localhost

2013-11-20 10:56:53,468: DEBUG: DURATION of the TEST: 57
2013-11-20 10:56:53,469: DEBUG: NAS-IP: 10.254.55.1
2013-11-20 10:56:53,469: DEBUG: NAS-MAC-ADDR: 17:21:31:41:52:20
2013-11-20 10:56:53,469: DEBUG: Abruptly End: True
2013-11-20 10:56:53,469: DEBUG: Framed-IP: 10.254.55.151
2013-11-20 10:56:53,469: DEBUG: User-MAC-Addr: 00:16:3E:14:67:53
2013-11-20 10:56:53,469: DEBUG: 

2013-11-20 10:56:53,470: DEBUG: Creating Authentication Request with the following Attributes:
2013-11-20 10:56:53,470: DEBUG: NAS-Identifier: [u'C08386']
2013-11-20 10:56:53,470: DEBUG: User-Name: [u'username59@airborne.aircell.com']
2013-11-20 10:56:53,470: DEBUG: NAS-IP-Address: ['10.254.55.1']
2013-11-20 10:56:53,470: DEBUG: Service-Type: ['Authenticate-Only']
2013-11-20 10:56:53,470: DEBUG: Proxy-State: ['3237,3134']
2013-11-20 10:56:53,470: DEBUG: Framed-IP-Address: ['10.254.55.151']
2013-11-20 10:56:53,470: DEBUG: GoGo-Airline: [u'BA01']
2013-11-20 10:56:53,471: DEBUG: Acct-Session-Id: [u'AAATestNAS_50-1384925213469-00163E146753-2']
2013-11-20 10:56:53,471: DEBUG: GoGo-Tail-Number: [u'AAATestNAS_50']
2013-11-20 10:56:53,471: DEBUG: GoGo-Private-IP-Address: ['192.168.1.179']
2013-11-20 10:56:53,471: DEBUG: WISPr-Location-ID: [u'airline=BA01,tail=01009,network=']
2013-11-20 10:56:53,471: DEBUG: WISPr-Location-Name: [u'TEST LLC,BA01_01009']
2013-11-20 10:56:53,471: DEBUG: NAS-Port-Type: ['Wireless-802.11']
2013-11-20 10:56:53,471: DEBUG: Called-Station-Id: [u'00:16:3E:14:67:53']
2013-11-20 10:56:53,471: DEBUG: Calling-Station-Id: [u'17:21:31:41:52:20']
2013-11-20 10:56:53,472: DEBUG: 

2013-11-20 10:56:53,473: DEBUG: Received response with code: 2, Accepted
2013-11-20 10:56:53,473: DEBUG: Creating Authentication Request with the following Attributes:
2013-11-20 10:56:53,473: DEBUG: NAS-Identifier: [u'C08386']
2013-11-20 10:56:53,473: DEBUG: User-Name: [u'username59@airborne.aircell.com']
2013-11-20 10:56:53,473: DEBUG: NAS-IP-Address: ['10.254.55.1']
2013-11-20 10:56:53,473: DEBUG: Service-Type: ['Login-User']
2013-11-20 10:56:53,473: DEBUG: Proxy-State: ['3237,3134']
2013-11-20 10:56:53,474: DEBUG: Framed-IP-Address: ['10.254.55.151']
2013-11-20 10:56:53,474: DEBUG: GoGo-Airline: [u'BA01']
2013-11-20 10:56:53,474: DEBUG: Acct-Session-Id: [u'AAATestNAS_50-1384925213473-00163E146753-2']
2013-11-20 10:56:53,474: DEBUG: GoGo-Tail-Number: [u'AAATestNAS_50']
2013-11-20 10:56:53,474: DEBUG: GoGo-Private-IP-Address: ['192.168.1.179']
2013-11-20 10:56:53,474: DEBUG: WISPr-Location-ID: [u'airline=BA01,tail=01009,network=']
2013-11-20 10:56:53,474: DEBUG: WISPr-Location-Name: [u'TEST LLC,BA01_01009']
2013-11-20 10:56:53,474: DEBUG: NAS-Port-Type: ['Wireless-802.11']
2013-11-20 10:56:53,474: DEBUG: Called-Station-Id: [u'00:16:3E:14:67:53']
2013-11-20 10:56:53,475: DEBUG: Calling-Station-Id: [u'17:21:31:41:52:20']
2013-11-20 10:56:53,476: DEBUG: 

2013-11-20 10:56:53,476: DEBUG: Received response with code: 2, Accepted
2013-11-20 10:56:53,476: DEBUG: 

2013-11-20 10:56:53,476: DEBUG: Creating Accounting start Request with the following Attributes:
2013-11-20 10:56:53,476: DEBUG: NAS-Identifier: [u'C08386']
2013-11-20 10:56:53,476: DEBUG: User-Name: [u'username59@airborne.aircell.com']
2013-11-20 10:56:53,476: DEBUG: GoGo-Tail-Number: [u'AAATestNAS_50']
2013-11-20 10:56:53,477: DEBUG: NAS-IP-Address: ['10.254.55.1']
2013-11-20 10:56:53,477: DEBUG: Proxy-State: ['3239,3131']
2013-11-20 10:56:53,477: DEBUG: Acct-Status-Type: ['Start']
2013-11-20 10:56:53,477: DEBUG: GoGo-Airline: [u'BA01']
2013-11-20 10:56:53,477: DEBUG: Acct-Session-Id: [u'AAATestNAS_50-1384925213473-00163E146753-2']
2013-11-20 10:56:53,477: DEBUG: GoGo-Private-IP-Address: ['192.168.1.179']
2013-11-20 10:56:53,477: DEBUG: Framed-IP-Address: ['10.254.55.151']
2013-11-20 10:56:53,477: DEBUG: WISPr-Location-ID: [u'airline=BA01,tail=01009,network=']
2013-11-20 10:56:53,477: DEBUG: WISPr-Location-Name: [u'TEST LLC,BA01_01009']
2013-11-20 10:56:53,477: DEBUG: NAS-Port-Type: ['Wireless-802.11']
2013-11-20 10:56:53,478: DEBUG: Called-Station-Id: [u'00:16:3E:14:67:53']
2013-11-20 10:56:53,478: DEBUG: Calling-Station-Id: [u'17:21:31:41:52:20']
2013-11-20 10:56:53,479: DEBUG: 

2013-11-20 10:56:53,479: DEBUG: Received response with following attributes:
2013-11-20 10:57:03,480: DEBUG: 

2013-11-20 10:57:03,481: DEBUG: Creating Accounting Update Request with the following Attributes:
2013-11-20 10:57:03,481: DEBUG: User-Name: [u'username59@airborne.aircell.com']
2013-11-20 10:57:03,482: DEBUG: GoGo-Tail-Number: [u'AAATestNAS_50']
2013-11-20 10:57:03,482: DEBUG: Acct-Output-Octets: [3706624]
2013-11-20 10:57:03,482: DEBUG: NAS-IP-Address: ['10.254.55.1']
2013-11-20 10:57:03,482: DEBUG: GoGo-Total-Output-Gigawords: [0]
2013-11-20 10:57:03,482: DEBUG: Framed-IP-Address: ['10.254.55.151']
2013-11-20 10:57:03,482: DEBUG: GoGo-Total-Input-Voice-Gigawords: [0]
2013-11-20 10:57:03,482: DEBUG: GoGo-Total-Output-Octets: [3706624]
2013-11-20 10:57:03,483: DEBUG: GoGo-Acct-Input-Voice-Octets: [0]
2013-11-20 10:57:03,483: DEBUG: GoGo-Total-Input-Voice-Packets: [0]
2013-11-20 10:57:03,483: DEBUG: Called-Station-Id: [u'00:16:3E:14:67:53']
2013-11-20 10:57:03,483: DEBUG: WISPr-Location-Name: [u'TEST LLC,BA01_01009']
2013-11-20 10:57:03,483: DEBUG: NAS-Identifier: [u'C08386']
2013-11-20 10:57:03,484: DEBUG: Proxy-State: ['3330,3132']
2013-11-20 10:57:03,484: DEBUG: GoGo-Total-Input-Voice-Octets: [0]
2013-11-20 10:57:03,484: DEBUG: Acct-Status-Type: ['Interim-Update']
2013-11-20 10:57:03,484: DEBUG: GoGo-Total-Output-Voice-Gigawords: [0]
2013-11-20 10:57:03,484: DEBUG: GoGo-Airline: [u'BA01']
2013-11-20 10:57:03,484: DEBUG: Acct-Session-Id: [u'AAATestNAS_50-1384925213473-00163E146753-2']
2013-11-20 10:57:03,484: DEBUG: Acct-Session-Time: [10]
2013-11-20 10:57:03,485: DEBUG: Acct-Input-Packets: [25587]
2013-11-20 10:57:03,485: DEBUG: Acct-Output-Packets: [23671]
2013-11-20 10:57:03,485: DEBUG: GoGo-Acct-Output-Voice-Packets: [0]
2013-11-20 10:57:03,485: DEBUG: GoGo-Acct-Output-Voice-Octets: [0]
2013-11-20 10:57:03,485: DEBUG: Acct-Output-Gigawords: [0]
2013-11-20 10:57:03,485: DEBUG: GoGo-Total-Output-Voice-Packets: [0]
2013-11-20 10:57:03,485: DEBUG: Acct-Input-Gigawords: [0]
2013-11-20 10:57:03,485: DEBUG: Calling-Station-Id: [u'17:21:31:41:52:20']
2013-11-20 10:57:03,486: DEBUG: NAS-Port-Type: ['Wireless-802.11']
2013-11-20 10:57:03,486: DEBUG: GoGo-Total-Output-Voice-Octets: [0]
2013-11-20 10:57:03,486: DEBUG: GoGo-Private-IP-Address: ['192.168.1.179']
2013-11-20 10:57:03,486: DEBUG: GoGo-Acct-Input-Voice-Gigawords: [0]
2013-11-20 10:57:03,486: DEBUG: GoGo-Total-Input-Packets: [25587]
2013-11-20 10:57:03,486: DEBUG: GoGo-Total-Input-Gigawords: [0]
2013-11-20 10:57:03,486: DEBUG: GoGo-Acct-Input-Voice-Packets: [0]
2013-11-20 10:57:03,487: DEBUG: GoGo-Total-Input-Octets: [6192737]
2013-11-20 10:57:03,487: DEBUG: GoGo-Total-Output-Packets: [23671]
2013-11-20 10:57:03,487: DEBUG: WISPr-Location-ID: [u'airline=BA01,tail=01009,network=']
2013-11-20 10:57:03,487: DEBUG: GoGo-Acct-Output-Voice-Gigawords: [0]
2013-11-20 10:57:03,487: DEBUG: Acct-Input-Octets: [6192737]
2013-11-20 10:57:03,489: DEBUG: 

2013-11-20 10:57:03,489: DEBUG: Received response with following attributes:
2013-11-20 10:57:13,490: DEBUG: 

2013-11-20 10:57:13,491: DEBUG: Creating Accounting Update Request with the following Attributes:
2013-11-20 10:57:13,491: DEBUG: User-Name: [u'username59@airborne.aircell.com']
2013-11-20 10:57:13,491: DEBUG: GoGo-Tail-Number: [u'AAATestNAS_50']
2013-11-20 10:57:13,491: DEBUG: Acct-Output-Octets: [5201389]
2013-11-20 10:57:13,491: DEBUG: NAS-IP-Address: ['10.254.55.1']
2013-11-20 10:57:13,491: DEBUG: GoGo-Total-Output-Gigawords: [0]
2013-11-20 10:57:13,491: DEBUG: Framed-IP-Address: ['10.254.55.151']
2013-11-20 10:57:13,492: DEBUG: GoGo-Total-Input-Voice-Gigawords: [0]
2013-11-20 10:57:13,492: DEBUG: GoGo-Total-Output-Octets: [5201389]
2013-11-20 10:57:13,492: DEBUG: GoGo-Acct-Input-Voice-Octets: [0]
2013-11-20 10:57:13,492: DEBUG: GoGo-Total-Input-Voice-Packets: [0]
2013-11-20 10:57:13,492: DEBUG: Called-Station-Id: [u'00:16:3E:14:67:53']
2013-11-20 10:57:13,492: DEBUG: WISPr-Location-Name: [u'TEST LLC,BA01_01009']
2013-11-20 10:57:13,492: DEBUG: NAS-Identifier: [u'C08386']
2013-11-20 10:57:13,492: DEBUG: Proxy-State: ['3330,3132']
2013-11-20 10:57:13,493: DEBUG: GoGo-Total-Input-Voice-Octets: [0]
2013-11-20 10:57:13,493: DEBUG: Acct-Status-Type: ['Interim-Update']
2013-11-20 10:57:13,493: DEBUG: GoGo-Total-Output-Voice-Gigawords: [0]
2013-11-20 10:57:13,493: DEBUG: GoGo-Airline: [u'BA01']
2013-11-20 10:57:13,493: DEBUG: Acct-Session-Id: [u'AAATestNAS_50-1384925213473-00163E146753-2']
2013-11-20 10:57:13,493: DEBUG: Acct-Session-Time: [10]
2013-11-20 10:57:13,493: DEBUG: Acct-Input-Packets: [46520]
2013-11-20 10:57:13,493: DEBUG: Acct-Output-Packets: [15280]
2013-11-20 10:57:13,493: DEBUG: GoGo-Acct-Output-Voice-Packets: [0]
2013-11-20 10:57:13,494: DEBUG: GoGo-Acct-Output-Voice-Octets: [0]
2013-11-20 10:57:13,494: DEBUG: Acct-Output-Gigawords: [0]
2013-11-20 10:57:13,494: DEBUG: GoGo-Total-Output-Voice-Packets: [0]
2013-11-20 10:57:13,494: DEBUG: Acct-Input-Gigawords: [0]
2013-11-20 10:57:13,494: DEBUG: Calling-Station-Id: [u'17:21:31:41:52:20']
2013-11-20 10:57:13,494: DEBUG: NAS-Port-Type: ['Wireless-802.11']
2013-11-20 10:57:13,494: DEBUG: GoGo-Total-Output-Voice-Octets: [0]
2013-11-20 10:57:13,495: DEBUG: GoGo-Private-IP-Address: ['192.168.1.179']
2013-11-20 10:57:13,495: DEBUG: GoGo-Acct-Input-Voice-Gigawords: [0]
2013-11-20 10:57:13,495: DEBUG: GoGo-Total-Input-Packets: [46520]
2013-11-20 10:57:13,495: DEBUG: GoGo-Total-Input-Gigawords: [0]
2013-11-20 10:57:13,496: DEBUG: GoGo-Acct-Input-Voice-Packets: [0]
2013-11-20 10:57:13,496: DEBUG: GoGo-Total-Input-Octets: [7718513]
2013-11-20 10:57:13,496: DEBUG: GoGo-Total-Output-Packets: [15280]
2013-11-20 10:57:13,496: DEBUG: WISPr-Location-ID: [u'airline=BA01,tail=01009,network=']
2013-11-20 10:57:13,497: DEBUG: GoGo-Acct-Output-Voice-Gigawords: [0]
2013-11-20 10:57:13,497: DEBUG: Acct-Input-Octets: [7718513]
2013-11-20 10:57:13,499: DEBUG: 

2013-11-20 10:57:13,500: DEBUG: Received response with following attributes:
2013-11-20 10:57:23,501: DEBUG: 

2013-11-20 10:57:23,502: DEBUG: Creating Accounting Update Request with the following Attributes:
2013-11-20 10:57:23,502: DEBUG: User-Name: [u'username59@airborne.aircell.com']
2013-11-20 10:57:23,502: DEBUG: GoGo-Tail-Number: [u'AAATestNAS_50']
2013-11-20 10:57:23,502: DEBUG: Acct-Output-Octets: [3454105]
2013-11-20 10:57:23,502: DEBUG: NAS-IP-Address: ['10.254.55.1']
2013-11-20 10:57:23,502: DEBUG: GoGo-Total-Output-Gigawords: [0]
2013-11-20 10:57:23,502: DEBUG: Framed-IP-Address: ['10.254.55.151']
2013-11-20 10:57:23,502: DEBUG: GoGo-Total-Input-Voice-Gigawords: [0]
2013-11-20 10:57:23,502: DEBUG: GoGo-Total-Output-Octets: [3454105]
2013-11-20 10:57:23,503: DEBUG: GoGo-Acct-Input-Voice-Octets: [0]
2013-11-20 10:57:23,503: DEBUG: GoGo-Total-Input-Voice-Packets: [0]
2013-11-20 10:57:23,503: DEBUG: Called-Station-Id: [u'00:16:3E:14:67:53']
2013-11-20 10:57:23,504: DEBUG: WISPr-Location-Name: [u'TEST LLC,BA01_01009']
2013-11-20 10:57:23,504: DEBUG: NAS-Identifier: [u'C08386']
2013-11-20 10:57:23,504: DEBUG: Proxy-State: ['3330,3132']
2013-11-20 10:57:23,504: DEBUG: GoGo-Total-Input-Voice-Octets: [0]
2013-11-20 10:57:23,504: DEBUG: Acct-Status-Type: ['Interim-Update']
2013-11-20 10:57:23,505: DEBUG: GoGo-Total-Output-Voice-Gigawords: [0]
2013-11-20 10:57:23,505: DEBUG: GoGo-Airline: [u'BA01']
2013-11-20 10:57:23,505: DEBUG: Acct-Session-Id: [u'AAATestNAS_50-1384925213473-00163E146753-2']
2013-11-20 10:57:23,505: DEBUG: Acct-Session-Time: [10]
2013-11-20 10:57:23,506: DEBUG: Acct-Input-Packets: [20696]
2013-11-20 10:57:23,506: DEBUG: Acct-Output-Packets: [20970]
2013-11-20 10:57:23,506: DEBUG: GoGo-Acct-Output-Voice-Packets: [0]
2013-11-20 10:57:23,507: DEBUG: GoGo-Acct-Output-Voice-Octets: [0]
2013-11-20 10:57:23,507: DEBUG: Acct-Output-Gigawords: [0]
2013-11-20 10:57:23,507: DEBUG: GoGo-Total-Output-Voice-Packets: [0]
2013-11-20 10:57:23,508: DEBUG: Acct-Input-Gigawords: [0]
2013-11-20 10:57:23,508: DEBUG: Calling-Station-Id: [u'17:21:31:41:52:20']
2013-11-20 10:57:23,508: DEBUG: NAS-Port-Type: ['Wireless-802.11']
2013-11-20 10:57:23,508: DEBUG: GoGo-Total-Output-Voice-Octets: [0]
2013-11-20 10:57:23,509: DEBUG: GoGo-Private-IP-Address: ['192.168.1.179']
2013-11-20 10:57:23,509: DEBUG: GoGo-Acct-Input-Voice-Gigawords: [0]
2013-11-20 10:57:23,509: DEBUG: GoGo-Total-Input-Packets: [20696]
2013-11-20 10:57:23,510: DEBUG: GoGo-Total-Input-Gigawords: [0]
2013-11-20 10:57:23,510: DEBUG: GoGo-Acct-Input-Voice-Packets: [0]
2013-11-20 10:57:23,510: DEBUG: GoGo-Total-Input-Octets: [3339113]
2013-11-20 10:57:23,511: DEBUG: GoGo-Total-Output-Packets: [20970]
2013-11-20 10:57:23,511: DEBUG: WISPr-Location-ID: [u'airline=BA01,tail=01009,network=']
2013-11-20 10:57:23,511: DEBUG: GoGo-Acct-Output-Voice-Gigawords: [0]
2013-11-20 10:57:23,511: DEBUG: Acct-Input-Octets: [3339113]
2013-11-20 10:57:23,513: DEBUG: 

2013-11-20 10:57:23,513: DEBUG: Received response with following attributes:
2013-11-20 10:57:33,514: DEBUG: 

2013-11-20 10:57:33,515: DEBUG: Creating Accounting Update Request with the following Attributes:
2013-11-20 10:57:33,515: DEBUG: User-Name: [u'username59@airborne.aircell.com']
2013-11-20 10:57:33,515: DEBUG: GoGo-Tail-Number: [u'AAATestNAS_50']
2013-11-20 10:57:33,515: DEBUG: Acct-Output-Octets: [7410423]
2013-11-20 10:57:33,515: DEBUG: NAS-IP-Address: ['10.254.55.1']
2013-11-20 10:57:33,516: DEBUG: GoGo-Total-Output-Gigawords: [0]
2013-11-20 10:57:33,516: DEBUG: Framed-IP-Address: ['10.254.55.151']
2013-11-20 10:57:33,516: DEBUG: GoGo-Total-Input-Voice-Gigawords: [0]
2013-11-20 10:57:33,516: DEBUG: GoGo-Total-Output-Octets: [7410423]
2013-11-20 10:57:33,516: DEBUG: GoGo-Acct-Input-Voice-Octets: [0]
2013-11-20 10:57:33,516: DEBUG: GoGo-Total-Input-Voice-Packets: [0]
2013-11-20 10:57:33,516: DEBUG: Called-Station-Id: [u'00:16:3E:14:67:53']
2013-11-20 10:57:33,517: DEBUG: WISPr-Location-Name: [u'TEST LLC,BA01_01009']
2013-11-20 10:57:33,517: DEBUG: NAS-Identifier: [u'C08386']
2013-11-20 10:57:33,517: DEBUG: Proxy-State: ['3330,3132']
2013-11-20 10:57:33,517: DEBUG: GoGo-Total-Input-Voice-Octets: [0]
2013-11-20 10:57:33,517: DEBUG: Acct-Status-Type: ['Interim-Update']
2013-11-20 10:57:33,517: DEBUG: GoGo-Total-Output-Voice-Gigawords: [0]
2013-11-20 10:57:33,517: DEBUG: GoGo-Airline: [u'BA01']
2013-11-20 10:57:33,518: DEBUG: Acct-Session-Id: [u'AAATestNAS_50-1384925213473-00163E146753-2']
2013-11-20 10:57:33,518: DEBUG: Acct-Session-Time: [10]
2013-11-20 10:57:33,518: DEBUG: Acct-Input-Packets: [72890]
2013-11-20 10:57:33,518: DEBUG: Acct-Output-Packets: [68906]
2013-11-20 10:57:33,518: DEBUG: GoGo-Acct-Output-Voice-Packets: [0]
2013-11-20 10:57:33,518: DEBUG: GoGo-Acct-Output-Voice-Octets: [0]
2013-11-20 10:57:33,518: DEBUG: Acct-Output-Gigawords: [0]
2013-11-20 10:57:33,518: DEBUG: GoGo-Total-Output-Voice-Packets: [0]
2013-11-20 10:57:33,519: DEBUG: Acct-Input-Gigawords: [0]
2013-11-20 10:57:33,519: DEBUG: Calling-Station-Id: [u'17:21:31:41:52:20']
2013-11-20 10:57:33,519: DEBUG: NAS-Port-Type: ['Wireless-802.11']
2013-11-20 10:57:33,519: DEBUG: GoGo-Total-Output-Voice-Octets: [0]
2013-11-20 10:57:33,519: DEBUG: GoGo-Private-IP-Address: ['192.168.1.179']
2013-11-20 10:57:33,519: DEBUG: GoGo-Acct-Input-Voice-Gigawords: [0]
2013-11-20 10:57:33,519: DEBUG: GoGo-Total-Input-Packets: [72890]
2013-11-20 10:57:33,519: DEBUG: GoGo-Total-Input-Gigawords: [0]
2013-11-20 10:57:33,519: DEBUG: GoGo-Acct-Input-Voice-Packets: [0]
2013-11-20 10:57:33,519: DEBUG: GoGo-Total-Input-Octets: [8407413]
2013-11-20 10:57:33,520: DEBUG: GoGo-Total-Output-Packets: [68906]
2013-11-20 10:57:33,520: DEBUG: WISPr-Location-ID: [u'airline=BA01,tail=01009,network=']
2013-11-20 10:57:33,520: DEBUG: GoGo-Acct-Output-Voice-Gigawords: [0]
2013-11-20 10:57:33,520: DEBUG: Acct-Input-Octets: [8407413]
2013-11-20 10:57:33,520: ERROR: Network error, Reason: 'Network error: Too many open files'
2013-11-20 10:57:33,520: DEBUG: User has abruptly end flag so ending the test with out AcctStop
2013-11-20 10:57:33,520: DEBUG: Ending the test for this user
