2013-11-20 10:57:28,509: DEBUG: Starting the client for the user username90@airborne.aircell.com to the server localhost

2013-11-20 10:57:28,509: DEBUG: DURATION of the TEST: 18
2013-11-20 10:57:28,510: DEBUG: NAS-IP: 10.254.165.1
2013-11-20 10:57:28,510: DEBUG: NAS-MAC-ADDR: 18:21:31:41:52:41
2013-11-20 10:57:28,510: DEBUG: Abruptly End: False
2013-11-20 10:57:28,511: DEBUG: Framed-IP: 10.254.165.147
2013-11-20 10:57:28,511: DEBUG: User-MAC-Addr: 00:16:3E:07:7F:D5
2013-11-20 10:57:28,512: DEBUG: 

2013-11-20 10:57:28,513: DEBUG: Creating Authentication Request with the following Attributes:
2013-11-20 10:57:28,514: DEBUG: NAS-Identifier: [u'C08386']
2013-11-20 10:57:28,514: DEBUG: User-Name: [u'username90@airborne.aircell.com']
2013-11-20 10:57:28,514: DEBUG: NAS-IP-Address: ['10.254.165.1']
2013-11-20 10:57:28,514: DEBUG: Service-Type: ['Authenticate-Only']
2013-11-20 10:57:28,515: DEBUG: Proxy-State: ['3237,3134']
2013-11-20 10:57:28,515: DEBUG: Framed-IP-Address: ['10.254.165.147']
2013-11-20 10:57:28,516: DEBUG: GoGo-Airline: [u'BA01']
2013-11-20 10:57:28,516: DEBUG: Acct-Session-Id: [u'AAATestNAS_160-1384925248513-00163E077FD5-2']
2013-11-20 10:57:28,516: DEBUG: GoGo-Tail-Number: [u'AAATestNAS_160']
2013-11-20 10:57:28,516: DEBUG: GoGo-Private-IP-Address: ['192.168.1.179']
2013-11-20 10:57:28,517: DEBUG: WISPr-Location-ID: [u'airline=BA01,tail=01009,network=']
2013-11-20 10:57:28,517: DEBUG: WISPr-Location-Name: [u'TEST LLC,BA01_01009']
2013-11-20 10:57:28,518: DEBUG: NAS-Port-Type: ['Wireless-802.11']
2013-11-20 10:57:28,518: DEBUG: Called-Station-Id: [u'00:16:3E:07:7F:D5']
2013-11-20 10:57:28,518: DEBUG: Calling-Station-Id: [u'18:21:31:41:52:41']
2013-11-20 10:57:28,520: DEBUG: 

2013-11-20 10:57:28,521: DEBUG: Received response with code: 2, Accepted
2013-11-20 10:57:28,521: DEBUG: Creating Authentication Request with the following Attributes:
2013-11-20 10:57:28,522: DEBUG: NAS-Identifier: [u'C08386']
2013-11-20 10:57:28,522: DEBUG: User-Name: [u'username90@airborne.aircell.com']
2013-11-20 10:57:28,523: DEBUG: NAS-IP-Address: ['10.254.165.1']
2013-11-20 10:57:28,523: DEBUG: Service-Type: ['Login-User']
2013-11-20 10:57:28,524: DEBUG: Proxy-State: ['3237,3134']
2013-11-20 10:57:28,525: DEBUG: Framed-IP-Address: ['10.254.165.147']
2013-11-20 10:57:28,525: DEBUG: GoGo-Airline: [u'BA01']
2013-11-20 10:57:28,526: DEBUG: Acct-Session-Id: [u'AAATestNAS_160-1384925248521-00163E077FD5-2']
2013-11-20 10:57:28,526: DEBUG: GoGo-Tail-Number: [u'AAATestNAS_160']
2013-11-20 10:57:28,526: DEBUG: GoGo-Private-IP-Address: ['192.168.1.179']
2013-11-20 10:57:28,527: DEBUG: WISPr-Location-ID: [u'airline=BA01,tail=01009,network=']
2013-11-20 10:57:28,527: DEBUG: WISPr-Location-Name: [u'TEST LLC,BA01_01009']
2013-11-20 10:57:28,527: DEBUG: NAS-Port-Type: ['Wireless-802.11']
2013-11-20 10:57:28,528: DEBUG: Called-Station-Id: [u'00:16:3E:07:7F:D5']
2013-11-20 10:57:28,528: DEBUG: Calling-Station-Id: [u'18:21:31:41:52:41']
2013-11-20 10:57:28,530: DEBUG: 

2013-11-20 10:57:28,530: DEBUG: Received response with code: 2, Accepted
2013-11-20 10:57:28,530: DEBUG: 

2013-11-20 10:57:28,530: DEBUG: Creating Accounting start Request with the following Attributes:
2013-11-20 10:57:28,531: DEBUG: NAS-Identifier: [u'C08386']
2013-11-20 10:57:28,531: DEBUG: User-Name: [u'username90@airborne.aircell.com']
2013-11-20 10:57:28,532: DEBUG: GoGo-Tail-Number: [u'AAATestNAS_160']
2013-11-20 10:57:28,532: DEBUG: NAS-IP-Address: ['10.254.165.1']
2013-11-20 10:57:28,533: DEBUG: Proxy-State: ['3239,3131']
2013-11-20 10:57:28,533: DEBUG: Acct-Status-Type: ['Start']
2013-11-20 10:57:28,535: DEBUG: GoGo-Airline: [u'BA01']
2013-11-20 10:57:28,536: DEBUG: Acct-Session-Id: [u'AAATestNAS_160-1384925248521-00163E077FD5-2']
2013-11-20 10:57:28,536: DEBUG: GoGo-Private-IP-Address: ['192.168.1.179']
2013-11-20 10:57:28,537: DEBUG: Framed-IP-Address: ['10.254.165.147']
2013-11-20 10:57:28,538: DEBUG: WISPr-Location-ID: [u'airline=BA01,tail=01009,network=']
2013-11-20 10:57:28,538: DEBUG: WISPr-Location-Name: [u'TEST LLC,BA01_01009']
2013-11-20 10:57:28,539: DEBUG: NAS-Port-Type: ['Wireless-802.11']
2013-11-20 10:57:28,539: DEBUG: Called-Station-Id: [u'00:16:3E:07:7F:D5']
2013-11-20 10:57:28,540: DEBUG: Calling-Station-Id: [u'18:21:31:41:52:41']
2013-11-20 10:57:28,542: DEBUG: 

2013-11-20 10:57:28,542: DEBUG: Received response with following attributes:
2013-11-20 10:57:38,544: DEBUG: 

2013-11-20 10:57:38,545: DEBUG: Creating Accounting Update Request with the following Attributes:
2013-11-20 10:57:38,545: DEBUG: User-Name: [u'username90@airborne.aircell.com']
2013-11-20 10:57:38,545: DEBUG: GoGo-Tail-Number: [u'AAATestNAS_160']
2013-11-20 10:57:38,545: DEBUG: Acct-Output-Octets: [4084189]
2013-11-20 10:57:38,546: DEBUG: NAS-IP-Address: ['10.254.165.1']
2013-11-20 10:57:38,546: DEBUG: GoGo-Total-Output-Gigawords: [0]
2013-11-20 10:57:38,546: DEBUG: Framed-IP-Address: ['10.254.165.147']
2013-11-20 10:57:38,546: DEBUG: GoGo-Total-Input-Voice-Gigawords: [0]
2013-11-20 10:57:38,546: DEBUG: GoGo-Total-Output-Octets: [4084189]
2013-11-20 10:57:38,547: DEBUG: GoGo-Acct-Input-Voice-Octets: [0]
2013-11-20 10:57:38,547: DEBUG: GoGo-Total-Input-Voice-Packets: [0]
2013-11-20 10:57:38,547: DEBUG: Called-Station-Id: [u'00:16:3E:07:7F:D5']
2013-11-20 10:57:38,547: DEBUG: WISPr-Location-Name: [u'TEST LLC,BA01_01009']
2013-11-20 10:57:38,547: DEBUG: NAS-Identifier: [u'C08386']
2013-11-20 10:57:38,548: DEBUG: Proxy-State: ['3330,3132']
2013-11-20 10:57:38,548: DEBUG: GoGo-Total-Input-Voice-Octets: [0]
2013-11-20 10:57:38,548: DEBUG: Acct-Status-Type: ['Interim-Update']
2013-11-20 10:57:38,548: DEBUG: GoGo-Total-Output-Voice-Gigawords: [0]
2013-11-20 10:57:38,548: DEBUG: GoGo-Airline: [u'BA01']
2013-11-20 10:57:38,549: DEBUG: Acct-Session-Id: [u'AAATestNAS_160-1384925248521-00163E077FD5-2']
2013-11-20 10:57:38,549: DEBUG: Acct-Session-Time: [10]
2013-11-20 10:57:38,549: DEBUG: Acct-Input-Packets: [13643]
2013-11-20 10:57:38,549: DEBUG: Acct-Output-Packets: [34331]
2013-11-20 10:57:38,549: DEBUG: GoGo-Acct-Output-Voice-Packets: [0]
2013-11-20 10:57:38,549: DEBUG: GoGo-Acct-Output-Voice-Octets: [0]
2013-11-20 10:57:38,549: DEBUG: Acct-Output-Gigawords: [0]
2013-11-20 10:57:38,550: DEBUG: GoGo-Total-Output-Voice-Packets: [0]
2013-11-20 10:57:38,550: DEBUG: Acct-Input-Gigawords: [0]
2013-11-20 10:57:38,550: DEBUG: Calling-Station-Id: [u'18:21:31:41:52:41']
2013-11-20 10:57:38,551: DEBUG: NAS-Port-Type: ['Wireless-802.11']
2013-11-20 10:57:38,551: DEBUG: GoGo-Total-Output-Voice-Octets: [0]
2013-11-20 10:57:38,552: DEBUG: GoGo-Private-IP-Address: ['192.168.1.179']
2013-11-20 10:57:38,553: DEBUG: GoGo-Acct-Input-Voice-Gigawords: [0]
2013-11-20 10:57:38,554: DEBUG: GoGo-Total-Input-Packets: [13643]
2013-11-20 10:57:38,555: DEBUG: GoGo-Total-Input-Gigawords: [0]
2013-11-20 10:57:38,555: DEBUG: GoGo-Acct-Input-Voice-Packets: [0]
2013-11-20 10:57:38,556: DEBUG: GoGo-Total-Input-Octets: [6640680]
2013-11-20 10:57:38,556: DEBUG: GoGo-Total-Output-Packets: [34331]
2013-11-20 10:57:38,557: DEBUG: WISPr-Location-ID: [u'airline=BA01,tail=01009,network=']
2013-11-20 10:57:38,557: DEBUG: GoGo-Acct-Output-Voice-Gigawords: [0]
2013-11-20 10:57:38,558: DEBUG: Acct-Input-Octets: [6640680]
2013-11-20 10:57:38,558: ERROR: Network error, Reason: 'Network error: Too many open files'
2013-11-20 10:57:46,559: DEBUG: 

2013-11-20 10:57:46,561: DEBUG: Creating Accounting Update Request with the following Attributes:
2013-11-20 10:57:46,561: DEBUG: User-Name: [u'username90@airborne.aircell.com']
2013-11-20 10:57:46,562: DEBUG: GoGo-Tail-Number: [u'AAATestNAS_160']
2013-11-20 10:57:46,563: DEBUG: Acct-Output-Octets: [4628063]
2013-11-20 10:57:46,564: DEBUG: NAS-IP-Address: ['10.254.165.1']
2013-11-20 10:57:46,565: DEBUG: GoGo-Total-Output-Gigawords: [0]
2013-11-20 10:57:46,565: DEBUG: Framed-IP-Address: ['10.254.165.147']
2013-11-20 10:57:46,566: DEBUG: GoGo-Total-Input-Voice-Gigawords: [0]
2013-11-20 10:57:46,566: DEBUG: GoGo-Total-Output-Octets: [4628063]
2013-11-20 10:57:46,567: DEBUG: GoGo-Acct-Input-Voice-Octets: [0]
2013-11-20 10:57:46,567: DEBUG: GoGo-Total-Input-Voice-Packets: [0]
2013-11-20 10:57:46,568: DEBUG: Called-Station-Id: [u'00:16:3E:07:7F:D5']
2013-11-20 10:57:46,568: DEBUG: WISPr-Location-Name: [u'TEST LLC,BA01_01009']
2013-11-20 10:57:46,568: DEBUG: NAS-Identifier: [u'C08386']
2013-11-20 10:57:46,569: DEBUG: Proxy-State: ['3330,3132']
2013-11-20 10:57:46,569: DEBUG: GoGo-Total-Input-Voice-Octets: [0]
2013-11-20 10:57:46,569: DEBUG: Acct-Status-Type: ['Interim-Update']
2013-11-20 10:57:46,569: DEBUG: GoGo-Total-Output-Voice-Gigawords: [0]
2013-11-20 10:57:46,569: DEBUG: GoGo-Airline: [u'BA01']
2013-11-20 10:57:46,569: DEBUG: Acct-Session-Id: [u'AAATestNAS_160-1384925248521-00163E077FD5-2']
2013-11-20 10:57:46,570: DEBUG: Acct-Session-Time: [8]
2013-11-20 10:57:46,570: DEBUG: Acct-Input-Packets: [43190]
2013-11-20 10:57:46,570: DEBUG: Acct-Output-Packets: [35833]
2013-11-20 10:57:46,570: DEBUG: GoGo-Acct-Output-Voice-Packets: [0]
2013-11-20 10:57:46,570: DEBUG: GoGo-Acct-Output-Voice-Octets: [0]
2013-11-20 10:57:46,570: DEBUG: Acct-Output-Gigawords: [0]
2013-11-20 10:57:46,570: DEBUG: GoGo-Total-Output-Voice-Packets: [0]
2013-11-20 10:57:46,570: DEBUG: Acct-Input-Gigawords: [0]
2013-11-20 10:57:46,570: DEBUG: Calling-Station-Id: [u'18:21:31:41:52:41']
2013-11-20 10:57:46,570: DEBUG: NAS-Port-Type: ['Wireless-802.11']
2013-11-20 10:57:46,571: DEBUG: GoGo-Total-Output-Voice-Octets: [0]
2013-11-20 10:57:46,571: DEBUG: GoGo-Private-IP-Address: ['192.168.1.179']
2013-11-20 10:57:46,571: DEBUG: GoGo-Acct-Input-Voice-Gigawords: [0]
2013-11-20 10:57:46,571: DEBUG: GoGo-Total-Input-Packets: [43190]
2013-11-20 10:57:46,571: DEBUG: GoGo-Total-Input-Gigawords: [0]
2013-11-20 10:57:46,571: DEBUG: GoGo-Acct-Input-Voice-Packets: [0]
2013-11-20 10:57:46,571: DEBUG: GoGo-Total-Input-Octets: [4795934]
2013-11-20 10:57:46,571: DEBUG: GoGo-Total-Output-Packets: [35833]
2013-11-20 10:57:46,571: DEBUG: WISPr-Location-ID: [u'airline=BA01,tail=01009,network=']
2013-11-20 10:57:46,572: DEBUG: GoGo-Acct-Output-Voice-Gigawords: [0]
2013-11-20 10:57:46,572: DEBUG: Acct-Input-Octets: [4795934]
2013-11-20 10:57:46,572: ERROR: Network error, Reason: 'Network error: Too many open files'
2013-11-20 10:58:09,572: DEBUG: 

2013-11-20 10:58:09,573: DEBUG: Creating Accounting Stop Request with the following Attributes:
2013-11-20 10:58:09,573: DEBUG: User-Name: [u'username90@airborne.aircell.com']
2013-11-20 10:58:09,573: DEBUG: GoGo-Tail-Number: [u'01009']
2013-11-20 10:58:09,573: DEBUG: Acct-Output-Octets: [6103253]
2013-11-20 10:58:09,573: DEBUG: NAS-IP-Address: ['10.254.165.1']
2013-11-20 10:58:09,573: DEBUG: GoGo-Total-Output-Gigawords: [0]
2013-11-20 10:58:09,573: DEBUG: Framed-IP-Address: ['10.254.165.147']
2013-11-20 10:58:09,573: DEBUG: GoGo-Total-Input-Voice-Gigawords: [0]
2013-11-20 10:58:09,573: DEBUG: GoGo-Total-Output-Octets: [6103253]
2013-11-20 10:58:09,574: DEBUG: GoGo-Acct-Input-Voice-Octets: [0]
2013-11-20 10:58:09,574: DEBUG: GoGo-Total-Input-Voice-Packets: [0]
2013-11-20 10:58:09,574: DEBUG: Called-Station-Id: [u'00:16:3E:07:7F:D5']
2013-11-20 10:58:09,574: DEBUG: WISPr-Location-Name: [u'TEST LLC,BA01_01009']
2013-11-20 10:58:09,574: DEBUG: NAS-Identifier: [u'C08386']
2013-11-20 10:58:09,574: DEBUG: Proxy-State: ['3330,3132']
2013-11-20 10:58:09,574: DEBUG: GoGo-Total-Input-Voice-Octets: [0]
2013-11-20 10:58:09,574: DEBUG: Acct-Status-Type: ['Stop']
2013-11-20 10:58:09,574: DEBUG: GoGo-Total-Output-Voice-Gigawords: [0]
2013-11-20 10:58:09,575: DEBUG: GoGo-Airline: [u'BA01']
2013-11-20 10:58:09,575: DEBUG: Acct-Session-Id: [u'AAATestNAS_160-1384925248521-00163E077FD5-2']
2013-11-20 10:58:09,575: DEBUG: Acct-Session-Time: [23]
2013-11-20 10:58:09,575: DEBUG: Acct-Input-Packets: [12482]
2013-11-20 10:58:09,575: DEBUG: Acct-Output-Packets: [55213]
2013-11-20 10:58:09,575: DEBUG: Acct-Terminate-Cause: ['User-Request']
2013-11-20 10:58:09,575: DEBUG: GoGo-Acct-Output-Voice-Octets: [0]
2013-11-20 10:58:09,575: DEBUG: Acct-Output-Gigawords: [0]
2013-11-20 10:58:09,575: DEBUG: GoGo-Total-Output-Voice-Packets: [0]
2013-11-20 10:58:09,575: DEBUG: Acct-Input-Gigawords: [0]
2013-11-20 10:58:09,576: DEBUG: Calling-Station-Id: [u'18:21:31:41:52:41']
2013-11-20 10:58:09,576: DEBUG: NAS-Port-Type: ['Wireless-802.11']
2013-11-20 10:58:09,576: DEBUG: GoGo-Total-Output-Voice-Octets: [0]
2013-11-20 10:58:09,576: DEBUG: GoGo-Private-IP-Address: ['192.168.1.179']
2013-11-20 10:58:09,576: DEBUG: GoGo-Acct-Input-Voice-Gigawords: [0]
2013-11-20 10:58:09,576: DEBUG: GoGo-Total-Input-Packets: [12482]
2013-11-20 10:58:09,576: DEBUG: GoGo-Total-Input-Gigawords: [0]
2013-11-20 10:58:09,576: DEBUG: GoGo-Acct-Input-Voice-Packets: [0]
2013-11-20 10:58:09,576: DEBUG: GoGo-Total-Input-Octets: [4309194]
2013-11-20 10:58:09,577: DEBUG: GoGo-Total-Output-Packets: [55213]
2013-11-20 10:58:09,577: DEBUG: WISPr-Location-ID: [u'airline=BA01,tail=01009,network=']
2013-11-20 10:58:09,577: DEBUG: GoGo-Acct-Output-Voice-Packets: [0]
2013-11-20 10:58:09,577: DEBUG: GoGo-Acct-Output-Voice-Gigawords: [0]
2013-11-20 10:58:09,577: DEBUG: Acct-Input-Octets: [4309194]
2013-11-20 10:58:09,577: ERROR: Network error, Reason: 'Network error: Too many open files'
2013-11-20 10:58:09,577: ERROR: Ending the test for this user
2013-11-20 10:58:09,577: DEBUG: Ending the test for this user
2013-11-20 10:58:10,560: DEBUG: Starting the client for the user username90@airborne.aircell.com to the server localhost

2013-11-20 10:58:10,561: DEBUG: DURATION of the TEST: 39
2013-11-20 10:58:10,561: DEBUG: NAS-IP: 10.254.3.1
2013-11-20 10:58:10,561: DEBUG: NAS-MAC-ADDR: 12:21:34:43:56:65
2013-11-20 10:58:10,562: DEBUG: Abruptly End: False
2013-11-20 10:58:10,562: DEBUG: Framed-IP: 10.254.3.184
2013-11-20 10:58:10,562: DEBUG: User-MAC-Addr: 00:16:3E:70:65:B2
2013-11-20 10:58:10,563: DEBUG: 

2013-11-20 10:58:10,564: DEBUG: Creating Authentication Request with the following Attributes:
2013-11-20 10:58:10,564: DEBUG: NAS-Identifier: [u'C08386']
2013-11-20 10:58:10,564: DEBUG: User-Name: [u'username90@airborne.aircell.com']
2013-11-20 10:58:10,564: DEBUG: NAS-IP-Address: ['10.254.3.1']
2013-11-20 10:58:10,565: DEBUG: Service-Type: ['Authenticate-Only']
2013-11-20 10:58:10,565: DEBUG: Proxy-State: ['3237,3134']
2013-11-20 10:58:10,565: DEBUG: Framed-IP-Address: ['10.254.3.184']
2013-11-20 10:58:10,566: DEBUG: GoGo-Airline: [u'BA01']
2013-11-20 10:58:10,566: DEBUG: Acct-Session-Id: [u'AAATest_10_253_253_3-1384925290563-00163E7065B2-4']
2013-11-20 10:58:10,566: DEBUG: GoGo-Tail-Number: [u'AAATest_10_253_253_3']
2013-11-20 10:58:10,566: DEBUG: GoGo-Private-IP-Address: ['192.168.1.179']
2013-11-20 10:58:10,567: DEBUG: WISPr-Location-ID: [u'airline=BA01,tail=01009,network=']
2013-11-20 10:58:10,567: DEBUG: WISPr-Location-Name: [u'TEST LLC,BA01_01009']
2013-11-20 10:58:10,567: DEBUG: NAS-Port-Type: ['Wireless-802.11']
2013-11-20 10:58:10,567: DEBUG: Called-Station-Id: [u'00:16:3E:70:65:B2']
2013-11-20 10:58:10,567: DEBUG: Calling-Station-Id: [u'12:21:34:43:56:65']
2013-11-20 10:58:10,568: ERROR: Network error, Reason: 'Network error: Too many open files'
2013-11-20 10:58:10,568: DEBUG: Ending the test for this user
2013-11-20 10:58:11,586: DEBUG: Starting the client for the user username90@airborne.aircell.com to the server localhost

2013-11-20 10:58:11,587: DEBUG: DURATION of the TEST: 91
2013-11-20 10:58:11,588: DEBUG: NAS-IP: 10.254.223.1
2013-11-20 10:58:11,590: DEBUG: NAS-MAC-ADDR: 18:21:31:41:52:99
2013-11-20 10:58:11,591: DEBUG: Abruptly End: False
2013-11-20 10:58:11,594: DEBUG: Framed-IP: 10.254.223.51
2013-11-20 10:58:11,595: DEBUG: User-MAC-Addr: 00:16:3E:74:97:05
2013-11-20 10:58:11,597: DEBUG: 

2013-11-20 10:58:11,600: DEBUG: Creating Authentication Request with the following Attributes:
2013-11-20 10:58:11,602: DEBUG: NAS-Identifier: [u'C08386']
2013-11-20 10:58:11,603: DEBUG: User-Name: [u'username90@airborne.aircell.com']
2013-11-20 10:58:11,607: DEBUG: NAS-IP-Address: ['10.254.223.1']
2013-11-20 10:58:11,609: DEBUG: Service-Type: ['Authenticate-Only']
2013-11-20 10:58:11,611: DEBUG: Proxy-State: ['3237,3134']
2013-11-20 10:58:11,614: DEBUG: Framed-IP-Address: ['10.254.223.51']
2013-11-20 10:58:11,616: DEBUG: GoGo-Airline: [u'BA01']
2013-11-20 10:58:11,618: DEBUG: Acct-Session-Id: [u'AAATestNAS_218-1384925291600-00163E749705-5']
2013-11-20 10:58:11,618: DEBUG: GoGo-Tail-Number: [u'AAATestNAS_218']
2013-11-20 10:58:11,620: DEBUG: GoGo-Private-IP-Address: ['192.168.1.179']
2013-11-20 10:58:11,622: DEBUG: WISPr-Location-ID: [u'airline=BA01,tail=01009,network=']
2013-11-20 10:58:11,624: DEBUG: WISPr-Location-Name: [u'TEST LLC,BA01_01009']
2013-11-20 10:58:11,626: DEBUG: NAS-Port-Type: ['Wireless-802.11']
2013-11-20 10:58:11,628: DEBUG: Called-Station-Id: [u'00:16:3E:74:97:05']
2013-11-20 10:58:11,630: DEBUG: Calling-Station-Id: [u'18:21:31:41:52:99']
2013-11-20 10:58:11,632: ERROR: Network error, Reason: 'Network error: nodename nor servname provided, or not known'
2013-11-20 10:58:11,633: DEBUG: Ending the test for this user
2013-11-20 10:58:12,564: DEBUG: Starting the client for the user username90@airborne.aircell.com to the server localhost

2013-11-20 10:58:12,564: DEBUG: DURATION of the TEST: 99
2013-11-20 10:58:12,564: DEBUG: NAS-IP: 10.254.154.1
2013-11-20 10:58:12,565: DEBUG: NAS-MAC-ADDR: 18:21:31:41:52:30
2013-11-20 10:58:12,565: DEBUG: Abruptly End: True
2013-11-20 10:58:12,565: DEBUG: Framed-IP: 10.254.154.81
2013-11-20 10:58:12,566: DEBUG: User-MAC-Addr: 00:16:3E:44:C7:72
2013-11-20 10:58:12,566: DEBUG: 

2013-11-20 10:58:12,567: DEBUG: Creating Authentication Request with the following Attributes:
2013-11-20 10:58:12,567: DEBUG: NAS-Identifier: [u'C08386']
2013-11-20 10:58:12,568: DEBUG: User-Name: [u'username90@airborne.aircell.com']
2013-11-20 10:58:12,568: DEBUG: NAS-IP-Address: ['10.254.154.1']
2013-11-20 10:58:12,568: DEBUG: Service-Type: ['Authenticate-Only']
2013-11-20 10:58:12,569: DEBUG: Proxy-State: ['3237,3134']
2013-11-20 10:58:12,569: DEBUG: Framed-IP-Address: ['10.254.154.81']
2013-11-20 10:58:12,569: DEBUG: GoGo-Airline: [u'BA01']
2013-11-20 10:58:12,570: DEBUG: Acct-Session-Id: [u'AAATestNAS_149-1384925292567-00163E44C772-3']
2013-11-20 10:58:12,570: DEBUG: GoGo-Tail-Number: [u'AAATestNAS_149']
2013-11-20 10:58:12,570: DEBUG: GoGo-Private-IP-Address: ['192.168.1.179']
2013-11-20 10:58:12,571: DEBUG: WISPr-Location-ID: [u'airline=BA01,tail=01009,network=']
2013-11-20 10:58:12,571: DEBUG: WISPr-Location-Name: [u'TEST LLC,BA01_01009']
2013-11-20 10:58:12,571: DEBUG: NAS-Port-Type: ['Wireless-802.11']
2013-11-20 10:58:12,571: DEBUG: Called-Station-Id: [u'00:16:3E:44:C7:72']
2013-11-20 10:58:12,572: DEBUG: Calling-Station-Id: [u'18:21:31:41:52:30']
2013-11-20 10:58:12,572: ERROR: Network error, Reason: 'Network error: nodename nor servname provided, or not known'
2013-11-20 10:58:12,572: DEBUG: Ending the test for this user
