2013-11-20 10:55:42,499: DEBUG: Starting the client for the user username5@airborne.aircell.com to the server localhost

2013-11-20 10:55:42,499: DEBUG: DURATION of the TEST: 23
2013-11-20 10:55:42,499: DEBUG: NAS-IP: 10.254.45.1
2013-11-20 10:55:42,500: DEBUG: NAS-MAC-ADDR: 16:21:31:41:52:99
2013-11-20 10:55:42,500: DEBUG: Abruptly End: False
2013-11-20 10:55:42,500: DEBUG: Framed-IP: 10.254.45.129
2013-11-20 10:55:42,500: DEBUG: User-MAC-Addr: 00:16:3E:6F:0E:65
2013-11-20 10:55:42,500: DEBUG: 

2013-11-20 10:55:42,500: DEBUG: Creating Authentication Request with the following Attributes:
2013-11-20 10:55:42,500: DEBUG: NAS-Identifier: [u'C08386']
2013-11-20 10:55:42,501: DEBUG: User-Name: [u'username5@airborne.aircell.com']
2013-11-20 10:55:42,501: DEBUG: NAS-IP-Address: ['10.254.45.1']
2013-11-20 10:55:42,501: DEBUG: Service-Type: ['Authenticate-Only']
2013-11-20 10:55:42,501: DEBUG: Proxy-State: ['3237,3134']
2013-11-20 10:55:42,501: DEBUG: Framed-IP-Address: ['10.254.45.129']
2013-11-20 10:55:42,501: DEBUG: GoGo-Airline: [u'BA01']
2013-11-20 10:55:42,501: DEBUG: Acct-Session-Id: [u'AAATestNAS_40-1384925142500-00163E6F0E65-1']
2013-11-20 10:55:42,501: DEBUG: GoGo-Tail-Number: [u'AAATestNAS_40']
2013-11-20 10:55:42,501: DEBUG: GoGo-Private-IP-Address: ['192.168.1.179']
2013-11-20 10:55:42,501: DEBUG: WISPr-Location-ID: [u'airline=BA01,tail=01009,network=']
2013-11-20 10:55:42,501: DEBUG: WISPr-Location-Name: [u'TEST LLC,BA01_01009']
2013-11-20 10:55:42,501: DEBUG: NAS-Port-Type: ['Wireless-802.11']
2013-11-20 10:55:42,501: DEBUG: Called-Station-Id: [u'00:16:3E:6F:0E:65']
2013-11-20 10:55:42,501: DEBUG: Calling-Station-Id: [u'16:21:31:41:52:99']
2013-11-20 10:55:42,502: DEBUG: 

2013-11-20 10:55:42,503: DEBUG: Received response with code: 2, Accepted
2013-11-20 10:55:42,503: DEBUG: Creating Authentication Request with the following Attributes:
2013-11-20 10:55:42,503: DEBUG: NAS-Identifier: [u'C08386']
2013-11-20 10:55:42,503: DEBUG: User-Name: [u'username5@airborne.aircell.com']
2013-11-20 10:55:42,503: DEBUG: NAS-IP-Address: ['10.254.45.1']
2013-11-20 10:55:42,503: DEBUG: Service-Type: ['Login-User']
2013-11-20 10:55:42,503: DEBUG: Proxy-State: ['3237,3134']
2013-11-20 10:55:42,503: DEBUG: Framed-IP-Address: ['10.254.45.129']
2013-11-20 10:55:42,503: DEBUG: GoGo-Airline: [u'BA01']
2013-11-20 10:55:42,504: DEBUG: Acct-Session-Id: [u'AAATestNAS_40-1384925142503-00163E6F0E65-1']
2013-11-20 10:55:42,504: DEBUG: GoGo-Tail-Number: [u'AAATestNAS_40']
2013-11-20 10:55:42,504: DEBUG: GoGo-Private-IP-Address: ['192.168.1.179']
2013-11-20 10:55:42,504: DEBUG: WISPr-Location-ID: [u'airline=BA01,tail=01009,network=']
2013-11-20 10:55:42,504: DEBUG: WISPr-Location-Name: [u'TEST LLC,BA01_01009']
2013-11-20 10:55:42,504: DEBUG: NAS-Port-Type: ['Wireless-802.11']
2013-11-20 10:55:42,504: DEBUG: Called-Station-Id: [u'00:16:3E:6F:0E:65']
2013-11-20 10:55:42,504: DEBUG: Calling-Station-Id: [u'16:21:31:41:52:99']
2013-11-20 10:55:42,505: DEBUG: 

2013-11-20 10:55:42,505: DEBUG: Received response with code: 2, Accepted
2013-11-20 10:55:42,505: DEBUG: 

2013-11-20 10:55:42,505: DEBUG: Creating Accounting start Request with the following Attributes:
2013-11-20 10:55:42,505: DEBUG: NAS-Identifier: [u'C08386']
2013-11-20 10:55:42,505: DEBUG: User-Name: [u'username5@airborne.aircell.com']
2013-11-20 10:55:42,506: DEBUG: GoGo-Tail-Number: [u'AAATestNAS_40']
2013-11-20 10:55:42,506: DEBUG: NAS-IP-Address: ['10.254.45.1']
2013-11-20 10:55:42,506: DEBUG: Proxy-State: ['3239,3131']
2013-11-20 10:55:42,506: DEBUG: Acct-Status-Type: ['Start']
2013-11-20 10:55:42,506: DEBUG: GoGo-Airline: [u'BA01']
2013-11-20 10:55:42,506: DEBUG: Acct-Session-Id: [u'AAATestNAS_40-1384925142503-00163E6F0E65-1']
2013-11-20 10:55:42,506: DEBUG: GoGo-Private-IP-Address: ['192.168.1.179']
2013-11-20 10:55:42,506: DEBUG: Framed-IP-Address: ['10.254.45.129']
2013-11-20 10:55:42,506: DEBUG: WISPr-Location-ID: [u'airline=BA01,tail=01009,network=']
2013-11-20 10:55:42,506: DEBUG: WISPr-Location-Name: [u'TEST LLC,BA01_01009']
2013-11-20 10:55:42,506: DEBUG: NAS-Port-Type: ['Wireless-802.11']
2013-11-20 10:55:42,506: DEBUG: Called-Station-Id: [u'00:16:3E:6F:0E:65']
2013-11-20 10:55:42,506: DEBUG: Calling-Station-Id: [u'16:21:31:41:52:99']
2013-11-20 10:55:42,507: DEBUG: 

2013-11-20 10:55:42,507: DEBUG: Received response with following attributes:
2013-11-20 10:55:52,508: DEBUG: 

2013-11-20 10:55:52,509: DEBUG: Creating Accounting Update Request with the following Attributes:
2013-11-20 10:55:52,510: DEBUG: User-Name: [u'username5@airborne.aircell.com']
2013-11-20 10:55:52,511: DEBUG: GoGo-Tail-Number: [u'AAATestNAS_40']
2013-11-20 10:55:52,511: DEBUG: Acct-Output-Octets: [5529340]
2013-11-20 10:55:52,511: DEBUG: NAS-IP-Address: ['10.254.45.1']
2013-11-20 10:55:52,512: DEBUG: GoGo-Total-Output-Gigawords: [0]
2013-11-20 10:55:52,512: DEBUG: Framed-IP-Address: ['10.254.45.129']
2013-11-20 10:55:52,512: DEBUG: GoGo-Total-Input-Voice-Gigawords: [0]
2013-11-20 10:55:52,512: DEBUG: GoGo-Total-Output-Octets: [5529340]
2013-11-20 10:55:52,513: DEBUG: GoGo-Acct-Input-Voice-Octets: [0]
2013-11-20 10:55:52,514: DEBUG: GoGo-Total-Input-Voice-Packets: [0]
2013-11-20 10:55:52,514: DEBUG: Called-Station-Id: [u'00:16:3E:6F:0E:65']
2013-11-20 10:55:52,515: DEBUG: WISPr-Location-Name: [u'TEST LLC,BA01_01009']
2013-11-20 10:55:52,515: DEBUG: NAS-Identifier: [u'C08386']
2013-11-20 10:55:52,515: DEBUG: Proxy-State: ['3330,3132']
2013-11-20 10:55:52,515: DEBUG: GoGo-Total-Input-Voice-Octets: [0]
2013-11-20 10:55:52,516: DEBUG: Acct-Status-Type: ['Interim-Update']
2013-11-20 10:55:52,516: DEBUG: GoGo-Total-Output-Voice-Gigawords: [0]
2013-11-20 10:55:52,516: DEBUG: GoGo-Airline: [u'BA01']
2013-11-20 10:55:52,516: DEBUG: Acct-Session-Id: [u'AAATestNAS_40-1384925142503-00163E6F0E65-1']
2013-11-20 10:55:52,516: DEBUG: Acct-Session-Time: [10]
2013-11-20 10:55:52,517: DEBUG: Acct-Input-Packets: [49872]
2013-11-20 10:55:52,517: DEBUG: Acct-Output-Packets: [25802]
2013-11-20 10:55:52,517: DEBUG: GoGo-Acct-Output-Voice-Packets: [0]
2013-11-20 10:55:52,517: DEBUG: GoGo-Acct-Output-Voice-Octets: [0]
2013-11-20 10:55:52,517: DEBUG: Acct-Output-Gigawords: [0]
2013-11-20 10:55:52,518: DEBUG: GoGo-Total-Output-Voice-Packets: [0]
2013-11-20 10:55:52,518: DEBUG: Acct-Input-Gigawords: [0]
2013-11-20 10:55:52,518: DEBUG: Calling-Station-Id: [u'16:21:31:41:52:99']
2013-11-20 10:55:52,518: DEBUG: NAS-Port-Type: ['Wireless-802.11']
2013-11-20 10:55:52,518: DEBUG: GoGo-Total-Output-Voice-Octets: [0]
2013-11-20 10:55:52,518: DEBUG: GoGo-Private-IP-Address: ['192.168.1.179']
2013-11-20 10:55:52,518: DEBUG: GoGo-Acct-Input-Voice-Gigawords: [0]
2013-11-20 10:55:52,518: DEBUG: GoGo-Total-Input-Packets: [49872]
2013-11-20 10:55:52,519: DEBUG: GoGo-Total-Input-Gigawords: [0]
2013-11-20 10:55:52,519: DEBUG: GoGo-Acct-Input-Voice-Packets: [0]
2013-11-20 10:55:52,519: DEBUG: GoGo-Total-Input-Octets: [7626842]
2013-11-20 10:55:52,519: DEBUG: GoGo-Total-Output-Packets: [25802]
2013-11-20 10:55:52,519: DEBUG: WISPr-Location-ID: [u'airline=BA01,tail=01009,network=']
2013-11-20 10:55:52,519: DEBUG: GoGo-Acct-Output-Voice-Gigawords: [0]
2013-11-20 10:55:52,520: DEBUG: Acct-Input-Octets: [7626842]
2013-11-20 10:55:52,522: DEBUG: 

2013-11-20 10:55:52,522: DEBUG: Received response with following attributes:
2013-11-20 10:56:02,524: DEBUG: 

2013-11-20 10:56:02,527: DEBUG: Creating Accounting Update Request with the following Attributes:
2013-11-20 10:56:02,528: DEBUG: User-Name: [u'username5@airborne.aircell.com']
2013-11-20 10:56:02,528: DEBUG: GoGo-Tail-Number: [u'AAATestNAS_40']
2013-11-20 10:56:02,528: DEBUG: Acct-Output-Octets: [1698855]
2013-11-20 10:56:02,530: DEBUG: NAS-IP-Address: ['10.254.45.1']
2013-11-20 10:56:02,531: DEBUG: GoGo-Total-Output-Gigawords: [0]
2013-11-20 10:56:02,533: DEBUG: Framed-IP-Address: ['10.254.45.129']
2013-11-20 10:56:02,534: DEBUG: GoGo-Total-Input-Voice-Gigawords: [0]
2013-11-20 10:56:02,534: DEBUG: GoGo-Total-Output-Octets: [1698855]
2013-11-20 10:56:02,535: DEBUG: GoGo-Acct-Input-Voice-Octets: [0]
2013-11-20 10:56:02,538: DEBUG: GoGo-Total-Input-Voice-Packets: [0]
2013-11-20 10:56:02,539: DEBUG: Called-Station-Id: [u'00:16:3E:6F:0E:65']
2013-11-20 10:56:02,540: DEBUG: WISPr-Location-Name: [u'TEST LLC,BA01_01009']
2013-11-20 10:56:02,541: DEBUG: NAS-Identifier: [u'C08386']
2013-11-20 10:56:02,542: DEBUG: Proxy-State: ['3330,3132']
2013-11-20 10:56:02,543: DEBUG: GoGo-Total-Input-Voice-Octets: [0]
2013-11-20 10:56:02,545: DEBUG: Acct-Status-Type: ['Interim-Update']
2013-11-20 10:56:02,547: DEBUG: GoGo-Total-Output-Voice-Gigawords: [0]
2013-11-20 10:56:02,548: DEBUG: GoGo-Airline: [u'BA01']
2013-11-20 10:56:02,549: DEBUG: Acct-Session-Id: [u'AAATestNAS_40-1384925142503-00163E6F0E65-1']
2013-11-20 10:56:02,549: DEBUG: Acct-Session-Time: [10]
2013-11-20 10:56:02,550: DEBUG: Acct-Input-Packets: [22571]
2013-11-20 10:56:02,551: DEBUG: Acct-Output-Packets: [11726]
2013-11-20 10:56:02,552: DEBUG: GoGo-Acct-Output-Voice-Packets: [0]
2013-11-20 10:56:02,552: DEBUG: GoGo-Acct-Output-Voice-Octets: [0]
2013-11-20 10:56:02,554: DEBUG: Acct-Output-Gigawords: [0]
2013-11-20 10:56:02,554: DEBUG: GoGo-Total-Output-Voice-Packets: [0]
2013-11-20 10:56:02,554: DEBUG: Acct-Input-Gigawords: [0]
2013-11-20 10:56:02,555: DEBUG: Calling-Station-Id: [u'16:21:31:41:52:99']
2013-11-20 10:56:02,557: DEBUG: NAS-Port-Type: ['Wireless-802.11']
2013-11-20 10:56:02,560: DEBUG: GoGo-Total-Output-Voice-Octets: [0]
2013-11-20 10:56:02,567: DEBUG: GoGo-Private-IP-Address: ['192.168.1.179']
2013-11-20 10:56:02,568: DEBUG: GoGo-Acct-Input-Voice-Gigawords: [0]
2013-11-20 10:56:02,569: DEBUG: GoGo-Total-Input-Packets: [22571]
2013-11-20 10:56:02,569: DEBUG: GoGo-Total-Input-Gigawords: [0]
2013-11-20 10:56:02,570: DEBUG: GoGo-Acct-Input-Voice-Packets: [0]
2013-11-20 10:56:02,570: DEBUG: GoGo-Total-Input-Octets: [9979746]
2013-11-20 10:56:02,572: DEBUG: GoGo-Total-Output-Packets: [11726]
2013-11-20 10:56:02,573: DEBUG: WISPr-Location-ID: [u'airline=BA01,tail=01009,network=']
2013-11-20 10:56:02,574: DEBUG: GoGo-Acct-Output-Voice-Gigawords: [0]
2013-11-20 10:56:02,575: DEBUG: Acct-Input-Octets: [9979746]
2013-11-20 10:56:02,579: DEBUG: 

2013-11-20 10:56:02,579: DEBUG: Received response with following attributes:
2013-11-20 10:56:16,582: DEBUG: 

2013-11-20 10:56:16,582: DEBUG: Creating Accounting Stop Request with the following Attributes:
2013-11-20 10:56:16,582: DEBUG: User-Name: [u'username5@airborne.aircell.com']
2013-11-20 10:56:16,583: DEBUG: GoGo-Tail-Number: [u'01009']
2013-11-20 10:56:16,583: DEBUG: Acct-Output-Octets: [7726087]
2013-11-20 10:56:16,583: DEBUG: NAS-IP-Address: ['10.254.45.1']
2013-11-20 10:56:16,583: DEBUG: GoGo-Total-Output-Gigawords: [0]
2013-11-20 10:56:16,583: DEBUG: Framed-IP-Address: ['10.254.45.129']
2013-11-20 10:56:16,583: DEBUG: GoGo-Total-Input-Voice-Gigawords: [0]
2013-11-20 10:56:16,583: DEBUG: GoGo-Total-Output-Octets: [7726087]
2013-11-20 10:56:16,583: DEBUG: GoGo-Acct-Input-Voice-Octets: [0]
2013-11-20 10:56:16,583: DEBUG: GoGo-Total-Input-Voice-Packets: [0]
2013-11-20 10:56:16,583: DEBUG: Called-Station-Id: [u'00:16:3E:6F:0E:65']
2013-11-20 10:56:16,583: DEBUG: WISPr-Location-Name: [u'TEST LLC,BA01_01009']
2013-11-20 10:56:16,583: DEBUG: NAS-Identifier: [u'C08386']
2013-11-20 10:56:16,583: DEBUG: Proxy-State: ['3330,3132']
2013-11-20 10:56:16,583: DEBUG: GoGo-Total-Input-Voice-Octets: [0]
2013-11-20 10:56:16,584: DEBUG: Acct-Status-Type: ['Stop']
2013-11-20 10:56:16,584: DEBUG: GoGo-Total-Output-Voice-Gigawords: [0]
2013-11-20 10:56:16,584: DEBUG: GoGo-Airline: [u'BA01']
2013-11-20 10:56:16,584: DEBUG: Acct-Session-Id: [u'AAATestNAS_40-1384925142503-00163E6F0E65-1']
2013-11-20 10:56:16,584: DEBUG: Acct-Session-Time: [14]
2013-11-20 10:56:16,584: DEBUG: Acct-Input-Packets: [4943]
2013-11-20 10:56:16,584: DEBUG: Acct-Output-Packets: [44943]
2013-11-20 10:56:16,584: DEBUG: Acct-Terminate-Cause: ['User-Request']
2013-11-20 10:56:16,584: DEBUG: GoGo-Acct-Output-Voice-Octets: [0]
2013-11-20 10:56:16,584: DEBUG: Acct-Output-Gigawords: [0]
2013-11-20 10:56:16,584: DEBUG: GoGo-Total-Output-Voice-Packets: [0]
2013-11-20 10:56:16,584: DEBUG: Acct-Input-Gigawords: [0]
2013-11-20 10:56:16,584: DEBUG: Calling-Station-Id: [u'16:21:31:41:52:99']
2013-11-20 10:56:16,584: DEBUG: NAS-Port-Type: ['Wireless-802.11']
2013-11-20 10:56:16,584: DEBUG: GoGo-Total-Output-Voice-Octets: [0]
2013-11-20 10:56:16,585: DEBUG: GoGo-Private-IP-Address: ['192.168.1.179']
2013-11-20 10:56:16,585: DEBUG: GoGo-Acct-Input-Voice-Gigawords: [0]
2013-11-20 10:56:16,585: DEBUG: GoGo-Total-Input-Packets: [4943]
2013-11-20 10:56:16,585: DEBUG: GoGo-Total-Input-Gigawords: [0]
2013-11-20 10:56:16,585: DEBUG: GoGo-Acct-Input-Voice-Packets: [0]
2013-11-20 10:56:16,585: DEBUG: GoGo-Total-Input-Octets: [1692062]
2013-11-20 10:56:16,585: DEBUG: GoGo-Total-Output-Packets: [44943]
2013-11-20 10:56:16,585: DEBUG: WISPr-Location-ID: [u'airline=BA01,tail=01009,network=']
2013-11-20 10:56:16,585: DEBUG: GoGo-Acct-Output-Voice-Packets: [0]
2013-11-20 10:56:16,585: DEBUG: GoGo-Acct-Output-Voice-Gigawords: [0]
2013-11-20 10:56:16,585: DEBUG: Acct-Input-Octets: [1692062]
2013-11-20 10:56:16,587: DEBUG: 

2013-11-20 10:56:16,587: DEBUG: Received response with following attributes:
2013-11-20 10:56:16,587: DEBUG: Ending the test for this user
2013-11-20 10:56:17,435: DEBUG: Starting the client for the user username5@airborne.aircell.com to the server localhost

2013-11-20 10:56:17,436: DEBUG: DURATION of the TEST: 55
2013-11-20 10:56:17,436: DEBUG: NAS-IP: 10.254.72.1
2013-11-20 10:56:17,436: DEBUG: NAS-MAC-ADDR: 17:21:31:41:52:37
2013-11-20 10:56:17,436: DEBUG: Abruptly End: False
2013-11-20 10:56:17,436: DEBUG: Framed-IP: 10.254.72.17
2013-11-20 10:56:17,436: DEBUG: User-MAC-Addr: 00:16:3E:17:88:FA
2013-11-20 10:56:17,436: DEBUG: 

2013-11-20 10:56:17,437: DEBUG: Creating Authentication Request with the following Attributes:
2013-11-20 10:56:17,437: DEBUG: NAS-Identifier: [u'C08386']
2013-11-20 10:56:17,437: DEBUG: User-Name: [u'username5@airborne.aircell.com']
2013-11-20 10:56:17,437: DEBUG: NAS-IP-Address: ['10.254.72.1']
2013-11-20 10:56:17,437: DEBUG: Service-Type: ['Authenticate-Only']
2013-11-20 10:56:17,437: DEBUG: Proxy-State: ['3237,3134']
2013-11-20 10:56:17,437: DEBUG: Framed-IP-Address: ['10.254.72.17']
2013-11-20 10:56:17,438: DEBUG: GoGo-Airline: [u'BA01']
2013-11-20 10:56:17,438: DEBUG: Acct-Session-Id: [u'AAATestNAS_67-1384925177436-00163E1788FA-1']
2013-11-20 10:56:17,438: DEBUG: GoGo-Tail-Number: [u'AAATestNAS_67']
2013-11-20 10:56:17,438: DEBUG: GoGo-Private-IP-Address: ['192.168.1.179']
2013-11-20 10:56:17,438: DEBUG: WISPr-Location-ID: [u'airline=BA01,tail=01009,network=']
2013-11-20 10:56:17,438: DEBUG: WISPr-Location-Name: [u'TEST LLC,BA01_01009']
2013-11-20 10:56:17,438: DEBUG: NAS-Port-Type: ['Wireless-802.11']
2013-11-20 10:56:17,438: DEBUG: Called-Station-Id: [u'00:16:3E:17:88:FA']
2013-11-20 10:56:17,439: DEBUG: Calling-Station-Id: [u'17:21:31:41:52:37']
2013-11-20 10:56:17,440: DEBUG: 

2013-11-20 10:56:17,441: DEBUG: Received response with code: 2, Accepted
2013-11-20 10:56:17,441: DEBUG: Creating Authentication Request with the following Attributes:
2013-11-20 10:56:17,442: DEBUG: NAS-Identifier: [u'C08386']
2013-11-20 10:56:17,442: DEBUG: User-Name: [u'username5@airborne.aircell.com']
2013-11-20 10:56:17,442: DEBUG: NAS-IP-Address: ['10.254.72.1']
2013-11-20 10:56:17,443: DEBUG: Service-Type: ['Login-User']
2013-11-20 10:56:17,443: DEBUG: Proxy-State: ['3237,3134']
2013-11-20 10:56:17,443: DEBUG: Framed-IP-Address: ['10.254.72.17']
2013-11-20 10:56:17,444: DEBUG: GoGo-Airline: [u'BA01']
2013-11-20 10:56:17,444: DEBUG: Acct-Session-Id: [u'AAATestNAS_67-1384925177441-00163E1788FA-1']
2013-11-20 10:56:17,444: DEBUG: GoGo-Tail-Number: [u'AAATestNAS_67']
2013-11-20 10:56:17,444: DEBUG: GoGo-Private-IP-Address: ['192.168.1.179']
2013-11-20 10:56:17,445: DEBUG: WISPr-Location-ID: [u'airline=BA01,tail=01009,network=']
2013-11-20 10:56:17,445: DEBUG: WISPr-Location-Name: [u'TEST LLC,BA01_01009']
2013-11-20 10:56:17,445: DEBUG: NAS-Port-Type: ['Wireless-802.11']
2013-11-20 10:56:17,446: DEBUG: Called-Station-Id: [u'00:16:3E:17:88:FA']
2013-11-20 10:56:17,447: DEBUG: Calling-Station-Id: [u'17:21:31:41:52:37']
2013-11-20 10:56:17,450: DEBUG: 

2013-11-20 10:56:17,451: DEBUG: Received response with code: 2, Accepted
2013-11-20 10:56:17,451: DEBUG: 

2013-11-20 10:56:17,452: DEBUG: Creating Accounting start Request with the following Attributes:
2013-11-20 10:56:17,453: DEBUG: NAS-Identifier: [u'C08386']
2013-11-20 10:56:17,454: DEBUG: User-Name: [u'username5@airborne.aircell.com']
2013-11-20 10:56:17,454: DEBUG: GoGo-Tail-Number: [u'AAATestNAS_67']
2013-11-20 10:56:17,455: DEBUG: NAS-IP-Address: ['10.254.72.1']
2013-11-20 10:56:17,455: DEBUG: Proxy-State: ['3239,3131']
2013-11-20 10:56:17,456: DEBUG: Acct-Status-Type: ['Start']
2013-11-20 10:56:17,456: DEBUG: GoGo-Airline: [u'BA01']
2013-11-20 10:56:17,457: DEBUG: Acct-Session-Id: [u'AAATestNAS_67-1384925177441-00163E1788FA-1']
2013-11-20 10:56:17,457: DEBUG: GoGo-Private-IP-Address: ['192.168.1.179']
2013-11-20 10:56:17,457: DEBUG: Framed-IP-Address: ['10.254.72.17']
2013-11-20 10:56:17,458: DEBUG: WISPr-Location-ID: [u'airline=BA01,tail=01009,network=']
2013-11-20 10:56:17,459: DEBUG: WISPr-Location-Name: [u'TEST LLC,BA01_01009']
2013-11-20 10:56:17,459: DEBUG: NAS-Port-Type: ['Wireless-802.11']
2013-11-20 10:56:17,459: DEBUG: Called-Station-Id: [u'00:16:3E:17:88:FA']
2013-11-20 10:56:17,461: DEBUG: Calling-Station-Id: [u'17:21:31:41:52:37']
2013-11-20 10:56:17,462: DEBUG: 

2013-11-20 10:56:17,463: DEBUG: Received response with following attributes:
2013-11-20 10:56:27,465: DEBUG: 

2013-11-20 10:56:27,465: DEBUG: Creating Accounting Update Request with the following Attributes:
2013-11-20 10:56:27,466: DEBUG: User-Name: [u'username5@airborne.aircell.com']
2013-11-20 10:56:27,467: DEBUG: GoGo-Tail-Number: [u'AAATestNAS_67']
2013-11-20 10:56:27,467: DEBUG: Acct-Output-Octets: [2124528]
2013-11-20 10:56:27,467: DEBUG: NAS-IP-Address: ['10.254.72.1']
2013-11-20 10:56:27,467: DEBUG: GoGo-Total-Output-Gigawords: [0]
2013-11-20 10:56:27,468: DEBUG: Framed-IP-Address: ['10.254.72.17']
2013-11-20 10:56:27,468: DEBUG: GoGo-Total-Input-Voice-Gigawords: [0]
2013-11-20 10:56:27,468: DEBUG: GoGo-Total-Output-Octets: [2124528]
2013-11-20 10:56:27,469: DEBUG: GoGo-Acct-Input-Voice-Octets: [0]
2013-11-20 10:56:27,469: DEBUG: GoGo-Total-Input-Voice-Packets: [0]
2013-11-20 10:56:27,469: DEBUG: Called-Station-Id: [u'00:16:3E:17:88:FA']
2013-11-20 10:56:27,470: DEBUG: WISPr-Location-Name: [u'TEST LLC,BA01_01009']
2013-11-20 10:56:27,470: DEBUG: NAS-Identifier: [u'C08386']
2013-11-20 10:56:27,471: DEBUG: Proxy-State: ['3330,3132']
2013-11-20 10:56:27,471: DEBUG: GoGo-Total-Input-Voice-Octets: [0]
2013-11-20 10:56:27,471: DEBUG: Acct-Status-Type: ['Interim-Update']
2013-11-20 10:56:27,472: DEBUG: GoGo-Total-Output-Voice-Gigawords: [0]
2013-11-20 10:56:27,472: DEBUG: GoGo-Airline: [u'BA01']
2013-11-20 10:56:27,473: DEBUG: Acct-Session-Id: [u'AAATestNAS_67-1384925177441-00163E1788FA-1']
2013-11-20 10:56:27,473: DEBUG: Acct-Session-Time: [10]
2013-11-20 10:56:27,474: DEBUG: Acct-Input-Packets: [33344]
2013-11-20 10:56:27,474: DEBUG: Acct-Output-Packets: [15534]
2013-11-20 10:56:27,475: DEBUG: GoGo-Acct-Output-Voice-Packets: [0]
2013-11-20 10:56:27,475: DEBUG: GoGo-Acct-Output-Voice-Octets: [0]
2013-11-20 10:56:27,475: DEBUG: Acct-Output-Gigawords: [0]
2013-11-20 10:56:27,476: DEBUG: GoGo-Total-Output-Voice-Packets: [0]
2013-11-20 10:56:27,477: DEBUG: Acct-Input-Gigawords: [0]
2013-11-20 10:56:27,477: DEBUG: Calling-Station-Id: [u'17:21:31:41:52:37']
2013-11-20 10:56:27,477: DEBUG: NAS-Port-Type: ['Wireless-802.11']
2013-11-20 10:56:27,478: DEBUG: GoGo-Total-Output-Voice-Octets: [0]
2013-11-20 10:56:27,478: DEBUG: GoGo-Private-IP-Address: ['192.168.1.179']
2013-11-20 10:56:27,479: DEBUG: GoGo-Acct-Input-Voice-Gigawords: [0]
2013-11-20 10:56:27,479: DEBUG: GoGo-Total-Input-Packets: [33344]
2013-11-20 10:56:27,480: DEBUG: GoGo-Total-Input-Gigawords: [0]
2013-11-20 10:56:27,481: DEBUG: GoGo-Acct-Input-Voice-Packets: [0]
2013-11-20 10:56:27,481: DEBUG: GoGo-Total-Input-Octets: [7394778]
2013-11-20 10:56:27,482: DEBUG: GoGo-Total-Output-Packets: [15534]
2013-11-20 10:56:27,482: DEBUG: WISPr-Location-ID: [u'airline=BA01,tail=01009,network=']
2013-11-20 10:56:27,482: DEBUG: GoGo-Acct-Output-Voice-Gigawords: [0]
2013-11-20 10:56:27,483: DEBUG: Acct-Input-Octets: [7394778]
2013-11-20 10:56:27,485: DEBUG: 

2013-11-20 10:56:27,485: DEBUG: Received response with following attributes:
2013-11-20 10:56:37,487: DEBUG: 

2013-11-20 10:56:37,487: DEBUG: Creating Accounting Update Request with the following Attributes:
2013-11-20 10:56:37,488: DEBUG: User-Name: [u'username5@airborne.aircell.com']
2013-11-20 10:56:37,489: DEBUG: GoGo-Tail-Number: [u'AAATestNAS_67']
2013-11-20 10:56:37,490: DEBUG: Acct-Output-Octets: [5403163]
2013-11-20 10:56:37,490: DEBUG: NAS-IP-Address: ['10.254.72.1']
2013-11-20 10:56:37,491: DEBUG: GoGo-Total-Output-Gigawords: [0]
2013-11-20 10:56:37,492: DEBUG: Framed-IP-Address: ['10.254.72.17']
2013-11-20 10:56:37,492: DEBUG: GoGo-Total-Input-Voice-Gigawords: [0]
2013-11-20 10:56:37,493: DEBUG: GoGo-Total-Output-Octets: [5403163]
2013-11-20 10:56:37,494: DEBUG: GoGo-Acct-Input-Voice-Octets: [0]
2013-11-20 10:56:37,494: DEBUG: GoGo-Total-Input-Voice-Packets: [0]
2013-11-20 10:56:37,495: DEBUG: Called-Station-Id: [u'00:16:3E:17:88:FA']
2013-11-20 10:56:37,496: DEBUG: WISPr-Location-Name: [u'TEST LLC,BA01_01009']
2013-11-20 10:56:37,497: DEBUG: NAS-Identifier: [u'C08386']
2013-11-20 10:56:37,497: DEBUG: Proxy-State: ['3330,3132']
2013-11-20 10:56:37,498: DEBUG: GoGo-Total-Input-Voice-Octets: [0]
2013-11-20 10:56:37,499: DEBUG: Acct-Status-Type: ['Interim-Update']
2013-11-20 10:56:37,499: DEBUG: GoGo-Total-Output-Voice-Gigawords: [0]
2013-11-20 10:56:37,500: DEBUG: GoGo-Airline: [u'BA01']
2013-11-20 10:56:37,501: DEBUG: Acct-Session-Id: [u'AAATestNAS_67-1384925177441-00163E1788FA-1']
2013-11-20 10:56:37,502: DEBUG: Acct-Session-Time: [10]
2013-11-20 10:56:37,502: DEBUG: Acct-Input-Packets: [27818]
2013-11-20 10:56:37,503: DEBUG: Acct-Output-Packets: [35852]
2013-11-20 10:56:37,504: DEBUG: GoGo-Acct-Output-Voice-Packets: [0]
2013-11-20 10:56:37,505: DEBUG: GoGo-Acct-Output-Voice-Octets: [0]
2013-11-20 10:56:37,505: DEBUG: Acct-Output-Gigawords: [0]
2013-11-20 10:56:37,506: DEBUG: GoGo-Total-Output-Voice-Packets: [0]
2013-11-20 10:56:37,507: DEBUG: Acct-Input-Gigawords: [0]
2013-11-20 10:56:37,508: DEBUG: Calling-Station-Id: [u'17:21:31:41:52:37']
2013-11-20 10:56:37,509: DEBUG: NAS-Port-Type: ['Wireless-802.11']
2013-11-20 10:56:37,509: DEBUG: GoGo-Total-Output-Voice-Octets: [0]
2013-11-20 10:56:37,510: DEBUG: GoGo-Private-IP-Address: ['192.168.1.179']
2013-11-20 10:56:37,511: DEBUG: GoGo-Acct-Input-Voice-Gigawords: [0]
2013-11-20 10:56:37,511: DEBUG: GoGo-Total-Input-Packets: [27818]
2013-11-20 10:56:37,512: DEBUG: GoGo-Total-Input-Gigawords: [0]
2013-11-20 10:56:37,512: DEBUG: GoGo-Acct-Input-Voice-Packets: [0]
2013-11-20 10:56:37,513: DEBUG: GoGo-Total-Input-Octets: [3569779]
2013-11-20 10:56:37,513: DEBUG: GoGo-Total-Output-Packets: [35852]
2013-11-20 10:56:37,514: DEBUG: WISPr-Location-ID: [u'airline=BA01,tail=01009,network=']
2013-11-20 10:56:37,514: DEBUG: GoGo-Acct-Output-Voice-Gigawords: [0]
2013-11-20 10:56:37,515: DEBUG: Acct-Input-Octets: [3569779]
2013-11-20 10:56:37,517: DEBUG: 

2013-11-20 10:56:37,517: DEBUG: Received response with following attributes:
2013-11-20 10:56:47,518: DEBUG: 

2013-11-20 10:56:47,519: DEBUG: Creating Accounting Update Request with the following Attributes:
2013-11-20 10:56:47,519: DEBUG: User-Name: [u'username5@airborne.aircell.com']
2013-11-20 10:56:47,521: DEBUG: GoGo-Tail-Number: [u'AAATestNAS_67']
2013-11-20 10:56:47,521: DEBUG: Acct-Output-Octets: [5982966]
2013-11-20 10:56:47,522: DEBUG: NAS-IP-Address: ['10.254.72.1']
2013-11-20 10:56:47,522: DEBUG: GoGo-Total-Output-Gigawords: [0]
2013-11-20 10:56:47,523: DEBUG: Framed-IP-Address: ['10.254.72.17']
2013-11-20 10:56:47,524: DEBUG: GoGo-Total-Input-Voice-Gigawords: [0]
2013-11-20 10:56:47,524: DEBUG: GoGo-Total-Output-Octets: [5982966]
2013-11-20 10:56:47,525: DEBUG: GoGo-Acct-Input-Voice-Octets: [0]
2013-11-20 10:56:47,525: DEBUG: GoGo-Total-Input-Voice-Packets: [0]
2013-11-20 10:56:47,526: DEBUG: Called-Station-Id: [u'00:16:3E:17:88:FA']
2013-11-20 10:56:47,528: DEBUG: WISPr-Location-Name: [u'TEST LLC,BA01_01009']
2013-11-20 10:56:47,528: DEBUG: NAS-Identifier: [u'C08386']
2013-11-20 10:56:47,529: DEBUG: Proxy-State: ['3330,3132']
2013-11-20 10:56:47,529: DEBUG: GoGo-Total-Input-Voice-Octets: [0]
2013-11-20 10:56:47,530: DEBUG: Acct-Status-Type: ['Interim-Update']
2013-11-20 10:56:47,530: DEBUG: GoGo-Total-Output-Voice-Gigawords: [0]
2013-11-20 10:56:47,532: DEBUG: GoGo-Airline: [u'BA01']
2013-11-20 10:56:47,533: DEBUG: Acct-Session-Id: [u'AAATestNAS_67-1384925177441-00163E1788FA-1']
2013-11-20 10:56:47,533: DEBUG: Acct-Session-Time: [10]
2013-11-20 10:56:47,534: DEBUG: Acct-Input-Packets: [16482]
2013-11-20 10:56:47,535: DEBUG: Acct-Output-Packets: [23590]
2013-11-20 10:56:47,535: DEBUG: GoGo-Acct-Output-Voice-Packets: [0]
2013-11-20 10:56:47,536: DEBUG: GoGo-Acct-Output-Voice-Octets: [0]
2013-11-20 10:56:47,536: DEBUG: Acct-Output-Gigawords: [0]
2013-11-20 10:56:47,537: DEBUG: GoGo-Total-Output-Voice-Packets: [0]
2013-11-20 10:56:47,537: DEBUG: Acct-Input-Gigawords: [0]
2013-11-20 10:56:47,537: DEBUG: Calling-Station-Id: [u'17:21:31:41:52:37']
2013-11-20 10:56:47,538: DEBUG: NAS-Port-Type: ['Wireless-802.11']
2013-11-20 10:56:47,538: DEBUG: GoGo-Total-Output-Voice-Octets: [0]
2013-11-20 10:56:47,539: DEBUG: GoGo-Private-IP-Address: ['192.168.1.179']
2013-11-20 10:56:47,539: DEBUG: GoGo-Acct-Input-Voice-Gigawords: [0]
2013-11-20 10:56:47,540: DEBUG: GoGo-Total-Input-Packets: [16482]
2013-11-20 10:56:47,540: DEBUG: GoGo-Total-Input-Gigawords: [0]
2013-11-20 10:56:47,540: DEBUG: GoGo-Acct-Input-Voice-Packets: [0]
2013-11-20 10:56:47,541: DEBUG: GoGo-Total-Input-Octets: [9122623]
2013-11-20 10:56:47,542: DEBUG: GoGo-Total-Output-Packets: [23590]
2013-11-20 10:56:47,542: DEBUG: WISPr-Location-ID: [u'airline=BA01,tail=01009,network=']
2013-11-20 10:56:47,542: DEBUG: GoGo-Acct-Output-Voice-Gigawords: [0]
2013-11-20 10:56:47,542: DEBUG: Acct-Input-Octets: [9122623]
2013-11-20 10:56:47,544: DEBUG: 

2013-11-20 10:56:47,544: DEBUG: Received response with following attributes:
2013-11-20 10:56:57,545: DEBUG: 

2013-11-20 10:56:57,546: DEBUG: Creating Accounting Update Request with the following Attributes:
2013-11-20 10:56:57,547: DEBUG: User-Name: [u'username5@airborne.aircell.com']
2013-11-20 10:56:57,547: DEBUG: GoGo-Tail-Number: [u'AAATestNAS_67']
2013-11-20 10:56:57,547: DEBUG: Acct-Output-Octets: [9790900]
2013-11-20 10:56:57,547: DEBUG: NAS-IP-Address: ['10.254.72.1']
2013-11-20 10:56:57,547: DEBUG: GoGo-Total-Output-Gigawords: [0]
2013-11-20 10:56:57,548: DEBUG: Framed-IP-Address: ['10.254.72.17']
2013-11-20 10:56:57,548: DEBUG: GoGo-Total-Input-Voice-Gigawords: [0]
2013-11-20 10:56:57,548: DEBUG: GoGo-Total-Output-Octets: [9790900]
2013-11-20 10:56:57,548: DEBUG: GoGo-Acct-Input-Voice-Octets: [0]
2013-11-20 10:56:57,548: DEBUG: GoGo-Total-Input-Voice-Packets: [0]
2013-11-20 10:56:57,548: DEBUG: Called-Station-Id: [u'00:16:3E:17:88:FA']
2013-11-20 10:56:57,549: DEBUG: WISPr-Location-Name: [u'TEST LLC,BA01_01009']
2013-11-20 10:56:57,549: DEBUG: NAS-Identifier: [u'C08386']
2013-11-20 10:56:57,549: DEBUG: Proxy-State: ['3330,3132']
2013-11-20 10:56:57,550: DEBUG: GoGo-Total-Input-Voice-Octets: [0]
2013-11-20 10:56:57,550: DEBUG: Acct-Status-Type: ['Interim-Update']
2013-11-20 10:56:57,550: DEBUG: GoGo-Total-Output-Voice-Gigawords: [0]
2013-11-20 10:56:57,551: DEBUG: GoGo-Airline: [u'BA01']
2013-11-20 10:56:57,551: DEBUG: Acct-Session-Id: [u'AAATestNAS_67-1384925177441-00163E1788FA-1']
2013-11-20 10:56:57,551: DEBUG: Acct-Session-Time: [10]
2013-11-20 10:56:57,551: DEBUG: Acct-Input-Packets: [87897]
2013-11-20 10:56:57,552: DEBUG: Acct-Output-Packets: [48993]
2013-11-20 10:56:57,552: DEBUG: GoGo-Acct-Output-Voice-Packets: [0]
2013-11-20 10:56:57,552: DEBUG: GoGo-Acct-Output-Voice-Octets: [0]
2013-11-20 10:56:57,552: DEBUG: Acct-Output-Gigawords: [0]
2013-11-20 10:56:57,553: DEBUG: GoGo-Total-Output-Voice-Packets: [0]
2013-11-20 10:56:57,553: DEBUG: Acct-Input-Gigawords: [0]
2013-11-20 10:56:57,553: DEBUG: Calling-Station-Id: [u'17:21:31:41:52:37']
2013-11-20 10:56:57,553: DEBUG: NAS-Port-Type: ['Wireless-802.11']
2013-11-20 10:56:57,554: DEBUG: GoGo-Total-Output-Voice-Octets: [0]
2013-11-20 10:56:57,554: DEBUG: GoGo-Private-IP-Address: ['192.168.1.179']
2013-11-20 10:56:57,554: DEBUG: GoGo-Acct-Input-Voice-Gigawords: [0]
2013-11-20 10:56:57,554: DEBUG: GoGo-Total-Input-Packets: [87897]
2013-11-20 10:56:57,555: DEBUG: GoGo-Total-Input-Gigawords: [0]
2013-11-20 10:56:57,555: DEBUG: GoGo-Acct-Input-Voice-Packets: [0]
2013-11-20 10:56:57,555: DEBUG: GoGo-Total-Input-Octets: [9700470]
2013-11-20 10:56:57,555: DEBUG: GoGo-Total-Output-Packets: [48993]
2013-11-20 10:56:57,555: DEBUG: WISPr-Location-ID: [u'airline=BA01,tail=01009,network=']
2013-11-20 10:56:57,556: DEBUG: GoGo-Acct-Output-Voice-Gigawords: [0]
2013-11-20 10:56:57,556: DEBUG: Acct-Input-Octets: [9700470]
2013-11-20 10:56:57,558: DEBUG: 

2013-11-20 10:56:57,558: DEBUG: Received response with following attributes:
2013-11-20 10:57:07,559: DEBUG: 

2013-11-20 10:57:07,559: DEBUG: Creating Accounting Update Request with the following Attributes:
2013-11-20 10:57:07,559: DEBUG: User-Name: [u'username5@airborne.aircell.com']
2013-11-20 10:57:07,559: DEBUG: GoGo-Tail-Number: [u'AAATestNAS_67']
2013-11-20 10:57:07,560: DEBUG: Acct-Output-Octets: [6257928]
2013-11-20 10:57:07,560: DEBUG: NAS-IP-Address: ['10.254.72.1']
2013-11-20 10:57:07,560: DEBUG: GoGo-Total-Output-Gigawords: [0]
2013-11-20 10:57:07,560: DEBUG: Framed-IP-Address: ['10.254.72.17']
2013-11-20 10:57:07,560: DEBUG: GoGo-Total-Input-Voice-Gigawords: [0]
2013-11-20 10:57:07,560: DEBUG: GoGo-Total-Output-Octets: [6257928]
2013-11-20 10:57:07,561: DEBUG: GoGo-Acct-Input-Voice-Octets: [0]
2013-11-20 10:57:07,561: DEBUG: GoGo-Total-Input-Voice-Packets: [0]
2013-11-20 10:57:07,561: DEBUG: Called-Station-Id: [u'00:16:3E:17:88:FA']
2013-11-20 10:57:07,561: DEBUG: WISPr-Location-Name: [u'TEST LLC,BA01_01009']
2013-11-20 10:57:07,561: DEBUG: NAS-Identifier: [u'C08386']
2013-11-20 10:57:07,562: DEBUG: Proxy-State: ['3330,3132']
2013-11-20 10:57:07,562: DEBUG: GoGo-Total-Input-Voice-Octets: [0]
2013-11-20 10:57:07,562: DEBUG: Acct-Status-Type: ['Interim-Update']
2013-11-20 10:57:07,562: DEBUG: GoGo-Total-Output-Voice-Gigawords: [0]
2013-11-20 10:57:07,562: DEBUG: GoGo-Airline: [u'BA01']
2013-11-20 10:57:07,562: DEBUG: Acct-Session-Id: [u'AAATestNAS_67-1384925177441-00163E1788FA-1']
2013-11-20 10:57:07,562: DEBUG: Acct-Session-Time: [10]
2013-11-20 10:57:07,563: DEBUG: Acct-Input-Packets: [7976]
2013-11-20 10:57:07,563: DEBUG: Acct-Output-Packets: [41175]
2013-11-20 10:57:07,563: DEBUG: GoGo-Acct-Output-Voice-Packets: [0]
2013-11-20 10:57:07,564: DEBUG: GoGo-Acct-Output-Voice-Octets: [0]
2013-11-20 10:57:07,564: DEBUG: Acct-Output-Gigawords: [0]
2013-11-20 10:57:07,564: DEBUG: GoGo-Total-Output-Voice-Packets: [0]
2013-11-20 10:57:07,565: DEBUG: Acct-Input-Gigawords: [0]
2013-11-20 10:57:07,565: DEBUG: Calling-Station-Id: [u'17:21:31:41:52:37']
2013-11-20 10:57:07,565: DEBUG: NAS-Port-Type: ['Wireless-802.11']
2013-11-20 10:57:07,565: DEBUG: GoGo-Total-Output-Voice-Octets: [0]
2013-11-20 10:57:07,566: DEBUG: GoGo-Private-IP-Address: ['192.168.1.179']
2013-11-20 10:57:07,566: DEBUG: GoGo-Acct-Input-Voice-Gigawords: [0]
2013-11-20 10:57:07,566: DEBUG: GoGo-Total-Input-Packets: [7976]
2013-11-20 10:57:07,566: DEBUG: GoGo-Total-Input-Gigawords: [0]
2013-11-20 10:57:07,567: DEBUG: GoGo-Acct-Input-Voice-Packets: [0]
2013-11-20 10:57:07,567: DEBUG: GoGo-Total-Input-Octets: [3241186]
2013-11-20 10:57:07,567: DEBUG: GoGo-Total-Output-Packets: [41175]
2013-11-20 10:57:07,567: DEBUG: WISPr-Location-ID: [u'airline=BA01,tail=01009,network=']
2013-11-20 10:57:07,568: DEBUG: GoGo-Acct-Output-Voice-Gigawords: [0]
2013-11-20 10:57:07,568: DEBUG: Acct-Input-Octets: [3241186]
2013-11-20 10:57:07,570: DEBUG: 

2013-11-20 10:57:07,570: DEBUG: Received response with following attributes:
2013-11-20 10:57:19,573: DEBUG: 

2013-11-20 10:57:19,573: DEBUG: Creating Accounting Stop Request with the following Attributes:
2013-11-20 10:57:19,574: DEBUG: User-Name: [u'username5@airborne.aircell.com']
2013-11-20 10:57:19,575: DEBUG: GoGo-Tail-Number: [u'01009']
2013-11-20 10:57:19,577: DEBUG: Acct-Output-Octets: [1407571]
2013-11-20 10:57:19,578: DEBUG: NAS-IP-Address: ['10.254.72.1']
2013-11-20 10:57:19,579: DEBUG: GoGo-Total-Output-Gigawords: [0]
2013-11-20 10:57:19,579: DEBUG: Framed-IP-Address: ['10.254.72.17']
2013-11-20 10:57:19,580: DEBUG: GoGo-Total-Input-Voice-Gigawords: [0]
2013-11-20 10:57:19,583: DEBUG: GoGo-Total-Output-Octets: [1407571]
2013-11-20 10:57:19,585: DEBUG: GoGo-Acct-Input-Voice-Octets: [0]
2013-11-20 10:57:19,586: DEBUG: GoGo-Total-Input-Voice-Packets: [0]
2013-11-20 10:57:19,588: DEBUG: Called-Station-Id: [u'00:16:3E:17:88:FA']
2013-11-20 10:57:19,589: DEBUG: WISPr-Location-Name: [u'TEST LLC,BA01_01009']
2013-11-20 10:57:19,592: DEBUG: NAS-Identifier: [u'C08386']
2013-11-20 10:57:19,593: DEBUG: Proxy-State: ['3330,3132']
2013-11-20 10:57:19,593: DEBUG: GoGo-Total-Input-Voice-Octets: [0]
2013-11-20 10:57:19,594: DEBUG: Acct-Status-Type: ['Stop']
2013-11-20 10:57:19,596: DEBUG: GoGo-Total-Output-Voice-Gigawords: [0]
2013-11-20 10:57:19,598: DEBUG: GoGo-Airline: [u'BA01']
2013-11-20 10:57:19,600: DEBUG: Acct-Session-Id: [u'AAATestNAS_67-1384925177441-00163E1788FA-1']
2013-11-20 10:57:19,601: DEBUG: Acct-Session-Time: [12]
2013-11-20 10:57:19,602: DEBUG: Acct-Input-Packets: [24009]
2013-11-20 10:57:19,605: DEBUG: Acct-Output-Packets: [11042]
2013-11-20 10:57:19,607: DEBUG: Acct-Terminate-Cause: ['User-Request']
2013-11-20 10:57:19,608: DEBUG: GoGo-Acct-Output-Voice-Octets: [0]
2013-11-20 10:57:19,610: DEBUG: Acct-Output-Gigawords: [0]
2013-11-20 10:57:19,612: DEBUG: GoGo-Total-Output-Voice-Packets: [0]
2013-11-20 10:57:19,615: DEBUG: Acct-Input-Gigawords: [0]
2013-11-20 10:57:19,615: DEBUG: Calling-Station-Id: [u'17:21:31:41:52:37']
2013-11-20 10:57:19,617: DEBUG: NAS-Port-Type: ['Wireless-802.11']
2013-11-20 10:57:19,619: DEBUG: GoGo-Total-Output-Voice-Octets: [0]
2013-11-20 10:57:19,620: DEBUG: GoGo-Private-IP-Address: ['192.168.1.179']
2013-11-20 10:57:19,622: DEBUG: GoGo-Acct-Input-Voice-Gigawords: [0]
2013-11-20 10:57:19,625: DEBUG: GoGo-Total-Input-Packets: [24009]
2013-11-20 10:57:19,625: DEBUG: GoGo-Total-Input-Gigawords: [0]
2013-11-20 10:57:19,628: DEBUG: GoGo-Acct-Input-Voice-Packets: [0]
2013-11-20 10:57:19,632: DEBUG: GoGo-Total-Input-Octets: [4850591]
2013-11-20 10:57:19,634: DEBUG: GoGo-Total-Output-Packets: [11042]
2013-11-20 10:57:19,634: DEBUG: WISPr-Location-ID: [u'airline=BA01,tail=01009,network=']
2013-11-20 10:57:19,635: DEBUG: GoGo-Acct-Output-Voice-Packets: [0]
2013-11-20 10:57:19,635: DEBUG: GoGo-Acct-Output-Voice-Gigawords: [0]
2013-11-20 10:57:19,637: DEBUG: Acct-Input-Octets: [4850591]
2013-11-20 10:57:19,641: DEBUG: 

2013-11-20 10:57:19,642: DEBUG: Received response with following attributes:
2013-11-20 10:57:19,644: DEBUG: Ending the test for this user
2013-11-20 10:57:20,519: DEBUG: Starting the client for the user username5@airborne.aircell.com to the server localhost

2013-11-20 10:57:20,520: DEBUG: DURATION of the TEST: 23
2013-11-20 10:57:20,521: DEBUG: NAS-IP: 10.254.2.1
2013-11-20 10:57:20,523: DEBUG: NAS-MAC-ADDR: 12:23:34:45:56:67
2013-11-20 10:57:20,524: DEBUG: Abruptly End: True
2013-11-20 10:57:20,525: DEBUG: Framed-IP: 10.254.2.197
2013-11-20 10:57:20,525: DEBUG: User-MAC-Addr: 00:16:3E:08:19:97
2013-11-20 10:57:20,527: DEBUG: 

2013-11-20 10:57:20,529: DEBUG: Creating Authentication Request with the following Attributes:
2013-11-20 10:57:20,530: DEBUG: NAS-Identifier: [u'C08386']
2013-11-20 10:57:20,531: DEBUG: User-Name: [u'username5@airborne.aircell.com']
2013-11-20 10:57:20,532: DEBUG: NAS-IP-Address: ['10.254.2.1']
2013-11-20 10:57:20,534: DEBUG: Service-Type: ['Authenticate-Only']
2013-11-20 10:57:20,534: DEBUG: Proxy-State: ['3237,3134']
2013-11-20 10:57:20,535: DEBUG: Framed-IP-Address: ['10.254.2.197']
2013-11-20 10:57:20,537: DEBUG: GoGo-Airline: [u'BA01']
2013-11-20 10:57:20,539: DEBUG: Acct-Session-Id: [u'AAATest_10_253_253_2-1384925240529-00163E081997-4']
2013-11-20 10:57:20,539: DEBUG: GoGo-Tail-Number: [u'AAATest_10_253_253_2']
2013-11-20 10:57:20,541: DEBUG: GoGo-Private-IP-Address: ['192.168.1.179']
2013-11-20 10:57:20,542: DEBUG: WISPr-Location-ID: [u'airline=BA01,tail=01009,network=']
2013-11-20 10:57:20,544: DEBUG: WISPr-Location-Name: [u'TEST LLC,BA01_01009']
2013-11-20 10:57:20,544: DEBUG: NAS-Port-Type: ['Wireless-802.11']
2013-11-20 10:57:20,545: DEBUG: Called-Station-Id: [u'00:16:3E:08:19:97']
2013-11-20 10:57:20,547: DEBUG: Calling-Station-Id: [u'12:23:34:45:56:67']
2013-11-20 10:57:20,550: DEBUG: 

2013-11-20 10:57:20,552: DEBUG: Received response with code: 2, Accepted
2013-11-20 10:57:20,553: DEBUG: Creating Authentication Request with the following Attributes:
2013-11-20 10:57:20,555: DEBUG: NAS-Identifier: [u'C08386']
2013-11-20 10:57:20,559: DEBUG: User-Name: [u'username5@airborne.aircell.com']
2013-11-20 10:57:20,559: DEBUG: NAS-IP-Address: ['10.254.2.1']
2013-11-20 10:57:20,561: DEBUG: Service-Type: ['Login-User']
2013-11-20 10:57:20,562: DEBUG: Proxy-State: ['3237,3134']
2013-11-20 10:57:20,563: DEBUG: Framed-IP-Address: ['10.254.2.197']
2013-11-20 10:57:20,565: DEBUG: GoGo-Airline: [u'BA01']
2013-11-20 10:57:20,566: DEBUG: Acct-Session-Id: [u'AAATest_10_253_253_2-1384925240553-00163E081997-4']
2013-11-20 10:57:20,567: DEBUG: GoGo-Tail-Number: [u'AAATest_10_253_253_2']
2013-11-20 10:57:20,569: DEBUG: GoGo-Private-IP-Address: ['192.168.1.179']
2013-11-20 10:57:20,571: DEBUG: WISPr-Location-ID: [u'airline=BA01,tail=01009,network=']
2013-11-20 10:57:20,572: DEBUG: WISPr-Location-Name: [u'TEST LLC,BA01_01009']
2013-11-20 10:57:20,573: DEBUG: NAS-Port-Type: ['Wireless-802.11']
2013-11-20 10:57:20,574: DEBUG: Called-Station-Id: [u'00:16:3E:08:19:97']
2013-11-20 10:57:20,575: DEBUG: Calling-Station-Id: [u'12:23:34:45:56:67']
2013-11-20 10:57:20,578: DEBUG: 

2013-11-20 10:57:20,578: DEBUG: Received response with code: 2, Accepted
2013-11-20 10:57:20,580: DEBUG: 

2013-11-20 10:57:20,581: DEBUG: Creating Accounting start Request with the following Attributes:
2013-11-20 10:57:20,583: DEBUG: NAS-Identifier: [u'C08386']
2013-11-20 10:57:20,583: DEBUG: User-Name: [u'username5@airborne.aircell.com']
2013-11-20 10:57:20,584: DEBUG: GoGo-Tail-Number: [u'AAATest_10_253_253_2']
2013-11-20 10:57:20,585: DEBUG: NAS-IP-Address: ['10.254.2.1']
2013-11-20 10:57:20,586: DEBUG: Proxy-State: ['3239,3131']
2013-11-20 10:57:20,587: DEBUG: Acct-Status-Type: ['Start']
2013-11-20 10:57:20,588: DEBUG: GoGo-Airline: [u'BA01']
2013-11-20 10:57:20,589: DEBUG: Acct-Session-Id: [u'AAATest_10_253_253_2-1384925240553-00163E081997-4']
2013-11-20 10:57:20,590: DEBUG: GoGo-Private-IP-Address: ['192.168.1.179']
2013-11-20 10:57:20,591: DEBUG: Framed-IP-Address: ['10.254.2.197']
2013-11-20 10:57:20,591: DEBUG: WISPr-Location-ID: [u'airline=BA01,tail=01009,network=']
2013-11-20 10:57:20,593: DEBUG: WISPr-Location-Name: [u'TEST LLC,BA01_01009']
2013-11-20 10:57:20,594: DEBUG: NAS-Port-Type: ['Wireless-802.11']
2013-11-20 10:57:20,595: DEBUG: Called-Station-Id: [u'00:16:3E:08:19:97']
2013-11-20 10:57:20,596: DEBUG: Calling-Station-Id: [u'12:23:34:45:56:67']
2013-11-20 10:57:20,598: DEBUG: 

2013-11-20 10:57:20,598: DEBUG: Received response with following attributes:
2013-11-20 10:57:30,600: DEBUG: 

2013-11-20 10:57:30,601: DEBUG: Creating Accounting Update Request with the following Attributes:
2013-11-20 10:57:30,602: DEBUG: User-Name: [u'username5@airborne.aircell.com']
2013-11-20 10:57:30,602: DEBUG: GoGo-Tail-Number: [u'AAATest_10_253_253_2']
2013-11-20 10:57:30,603: DEBUG: Acct-Output-Octets: [5200081]
2013-11-20 10:57:30,604: DEBUG: NAS-IP-Address: ['10.254.2.1']
2013-11-20 10:57:30,605: DEBUG: GoGo-Total-Output-Gigawords: [0]
2013-11-20 10:57:30,607: DEBUG: Framed-IP-Address: ['10.254.2.197']
2013-11-20 10:57:30,607: DEBUG: GoGo-Total-Input-Voice-Gigawords: [0]
2013-11-20 10:57:30,608: DEBUG: GoGo-Total-Output-Octets: [5200081]
2013-11-20 10:57:30,609: DEBUG: GoGo-Acct-Input-Voice-Octets: [0]
2013-11-20 10:57:30,611: DEBUG: GoGo-Total-Input-Voice-Packets: [0]
2013-11-20 10:57:30,612: DEBUG: Called-Station-Id: [u'00:16:3E:08:19:97']
2013-11-20 10:57:30,613: DEBUG: WISPr-Location-Name: [u'TEST LLC,BA01_01009']
2013-11-20 10:57:30,614: DEBUG: NAS-Identifier: [u'C08386']
2013-11-20 10:57:30,615: DEBUG: Proxy-State: ['3330,3132']
2013-11-20 10:57:30,615: DEBUG: GoGo-Total-Input-Voice-Octets: [0]
2013-11-20 10:57:30,617: DEBUG: Acct-Status-Type: ['Interim-Update']
2013-11-20 10:57:30,618: DEBUG: GoGo-Total-Output-Voice-Gigawords: [0]
2013-11-20 10:57:30,621: DEBUG: GoGo-Airline: [u'BA01']
2013-11-20 10:57:30,621: DEBUG: Acct-Session-Id: [u'AAATest_10_253_253_2-1384925240553-00163E081997-4']
2013-11-20 10:57:30,622: DEBUG: Acct-Session-Time: [10]
2013-11-20 10:57:30,623: DEBUG: Acct-Input-Packets: [29521]
2013-11-20 10:57:30,625: DEBUG: Acct-Output-Packets: [38592]
2013-11-20 10:57:30,625: DEBUG: GoGo-Acct-Output-Voice-Packets: [0]
2013-11-20 10:57:30,627: DEBUG: GoGo-Acct-Output-Voice-Octets: [0]
2013-11-20 10:57:30,627: DEBUG: Acct-Output-Gigawords: [0]
2013-11-20 10:57:30,628: DEBUG: GoGo-Total-Output-Voice-Packets: [0]
2013-11-20 10:57:30,629: DEBUG: Acct-Input-Gigawords: [0]
2013-11-20 10:57:30,630: DEBUG: Calling-Station-Id: [u'12:23:34:45:56:67']
2013-11-20 10:57:30,631: DEBUG: NAS-Port-Type: ['Wireless-802.11']
2013-11-20 10:57:30,632: DEBUG: GoGo-Total-Output-Voice-Octets: [0]
2013-11-20 10:57:30,633: DEBUG: GoGo-Private-IP-Address: ['192.168.1.179']
2013-11-20 10:57:30,634: DEBUG: GoGo-Acct-Input-Voice-Gigawords: [0]
2013-11-20 10:57:30,636: DEBUG: GoGo-Total-Input-Packets: [29521]
2013-11-20 10:57:30,637: DEBUG: GoGo-Total-Input-Gigawords: [0]
2013-11-20 10:57:30,638: DEBUG: GoGo-Acct-Input-Voice-Packets: [0]
2013-11-20 10:57:30,639: DEBUG: GoGo-Total-Input-Octets: [7242841]
2013-11-20 10:57:30,639: DEBUG: GoGo-Total-Output-Packets: [38592]
2013-11-20 10:57:30,641: DEBUG: WISPr-Location-ID: [u'airline=BA01,tail=01009,network=']
2013-11-20 10:57:30,642: DEBUG: GoGo-Acct-Output-Voice-Gigawords: [0]
2013-11-20 10:57:30,643: DEBUG: Acct-Input-Octets: [7242841]
2013-11-20 10:57:30,645: DEBUG: 

2013-11-20 10:57:30,646: DEBUG: Received response with following attributes:
2013-11-20 10:57:40,646: DEBUG: 

2013-11-20 10:57:40,647: DEBUG: Creating Accounting Update Request with the following Attributes:
2013-11-20 10:57:40,648: DEBUG: User-Name: [u'username5@airborne.aircell.com']
2013-11-20 10:57:40,648: DEBUG: GoGo-Tail-Number: [u'AAATest_10_253_253_2']
2013-11-20 10:57:40,649: DEBUG: Acct-Output-Octets: [1929731]
2013-11-20 10:57:40,649: DEBUG: NAS-IP-Address: ['10.254.2.1']
2013-11-20 10:57:40,650: DEBUG: GoGo-Total-Output-Gigawords: [0]
2013-11-20 10:57:40,650: DEBUG: Framed-IP-Address: ['10.254.2.197']
2013-11-20 10:57:40,651: DEBUG: GoGo-Total-Input-Voice-Gigawords: [0]
2013-11-20 10:57:40,651: DEBUG: GoGo-Total-Output-Octets: [1929731]
2013-11-20 10:57:40,652: DEBUG: GoGo-Acct-Input-Voice-Octets: [0]
2013-11-20 10:57:40,654: DEBUG: GoGo-Total-Input-Voice-Packets: [0]
2013-11-20 10:57:40,654: DEBUG: Called-Station-Id: [u'00:16:3E:08:19:97']
2013-11-20 10:57:40,655: DEBUG: WISPr-Location-Name: [u'TEST LLC,BA01_01009']
2013-11-20 10:57:40,656: DEBUG: NAS-Identifier: [u'C08386']
2013-11-20 10:57:40,657: DEBUG: Proxy-State: ['3330,3132']
2013-11-20 10:57:40,658: DEBUG: GoGo-Total-Input-Voice-Octets: [0]
2013-11-20 10:57:40,658: DEBUG: Acct-Status-Type: ['Interim-Update']
2013-11-20 10:57:40,659: DEBUG: GoGo-Total-Output-Voice-Gigawords: [0]
2013-11-20 10:57:40,660: DEBUG: GoGo-Airline: [u'BA01']
2013-11-20 10:57:40,660: DEBUG: Acct-Session-Id: [u'AAATest_10_253_253_2-1384925240553-00163E081997-4']
2013-11-20 10:57:40,661: DEBUG: Acct-Session-Time: [10]
2013-11-20 10:57:40,663: DEBUG: Acct-Input-Packets: [28192]
2013-11-20 10:57:40,663: DEBUG: Acct-Output-Packets: [2698]
2013-11-20 10:57:40,664: DEBUG: GoGo-Acct-Output-Voice-Packets: [0]
2013-11-20 10:57:40,665: DEBUG: GoGo-Acct-Output-Voice-Octets: [0]
2013-11-20 10:57:40,666: DEBUG: Acct-Output-Gigawords: [0]
2013-11-20 10:57:40,667: DEBUG: GoGo-Total-Output-Voice-Packets: [0]
2013-11-20 10:57:40,668: DEBUG: Acct-Input-Gigawords: [0]
2013-11-20 10:57:40,668: DEBUG: Calling-Station-Id: [u'12:23:34:45:56:67']
2013-11-20 10:57:40,669: DEBUG: NAS-Port-Type: ['Wireless-802.11']
2013-11-20 10:57:40,670: DEBUG: GoGo-Total-Output-Voice-Octets: [0]
2013-11-20 10:57:40,671: DEBUG: GoGo-Private-IP-Address: ['192.168.1.179']
2013-11-20 10:57:40,671: DEBUG: GoGo-Acct-Input-Voice-Gigawords: [0]
2013-11-20 10:57:40,672: DEBUG: GoGo-Total-Input-Packets: [28192]
2013-11-20 10:57:40,673: DEBUG: GoGo-Total-Input-Gigawords: [0]
2013-11-20 10:57:40,673: DEBUG: GoGo-Acct-Input-Voice-Packets: [0]
2013-11-20 10:57:40,674: DEBUG: GoGo-Total-Input-Octets: [5893601]
2013-11-20 10:57:40,675: DEBUG: GoGo-Total-Output-Packets: [2698]
2013-11-20 10:57:40,676: DEBUG: WISPr-Location-ID: [u'airline=BA01,tail=01009,network=']
2013-11-20 10:57:40,676: DEBUG: GoGo-Acct-Output-Voice-Gigawords: [0]
2013-11-20 10:57:40,676: DEBUG: Acct-Input-Octets: [5893601]
2013-11-20 10:57:40,678: ERROR: Network error, Reason: 'Network error: nodename nor servname provided, or not known'
2013-11-20 10:57:40,678: DEBUG: User has abruptly end flag so ending the test with out AcctStop
2013-11-20 10:57:40,679: DEBUG: Ending the test for this user
