2013-11-20 10:55:41,773: DEBUG: Starting the client for the user username97@airborne.aircell.com to the server localhost

2013-11-20 10:55:41,773: DEBUG: DURATION of the TEST: 85
2013-11-20 10:55:41,773: DEBUG: NAS-IP: 10.254.173.1
2013-11-20 10:55:41,773: DEBUG: NAS-MAC-ADDR: 18:21:31:41:52:49
2013-11-20 10:55:41,774: DEBUG: Abruptly End: False
2013-11-20 10:55:41,774: DEBUG: Framed-IP: 10.254.173.163
2013-11-20 10:55:41,774: DEBUG: User-MAC-Addr: 00:16:3E:42:7B:29
2013-11-20 10:55:41,774: DEBUG: 

2013-11-20 10:55:41,774: DEBUG: Creating Authentication Request with the following Attributes:
2013-11-20 10:55:41,774: DEBUG: NAS-Identifier: [u'C08386']
2013-11-20 10:55:41,774: DEBUG: User-Name: [u'username97@airborne.aircell.com']
2013-11-20 10:55:41,775: DEBUG: NAS-IP-Address: ['10.254.173.1']
2013-11-20 10:55:41,775: DEBUG: Service-Type: ['Authenticate-Only']
2013-11-20 10:55:41,775: DEBUG: Proxy-State: ['3237,3134']
2013-11-20 10:55:41,775: DEBUG: Framed-IP-Address: ['10.254.173.163']
2013-11-20 10:55:41,775: DEBUG: GoGo-Airline: [u'BA01']
2013-11-20 10:55:41,775: DEBUG: Acct-Session-Id: [u'AAATestNAS_168-1384925141774-00163E427B29-1']
2013-11-20 10:55:41,775: DEBUG: GoGo-Tail-Number: [u'AAATestNAS_168']
2013-11-20 10:55:41,775: DEBUG: GoGo-Private-IP-Address: ['192.168.1.179']
2013-11-20 10:55:41,775: DEBUG: WISPr-Location-ID: [u'airline=BA01,tail=01009,network=']
2013-11-20 10:55:41,775: DEBUG: WISPr-Location-Name: [u'TEST LLC,BA01_01009']
2013-11-20 10:55:41,775: DEBUG: NAS-Port-Type: ['Wireless-802.11']
2013-11-20 10:55:41,775: DEBUG: Called-Station-Id: [u'00:16:3E:42:7B:29']
2013-11-20 10:55:41,775: DEBUG: Calling-Station-Id: [u'18:21:31:41:52:49']
2013-11-20 10:55:41,776: DEBUG: 

2013-11-20 10:55:41,777: DEBUG: Received response with code: 2, Accepted
2013-11-20 10:55:41,777: DEBUG: Creating Authentication Request with the following Attributes:
2013-11-20 10:55:41,777: DEBUG: NAS-Identifier: [u'C08386']
2013-11-20 10:55:41,777: DEBUG: User-Name: [u'username97@airborne.aircell.com']
2013-11-20 10:55:41,777: DEBUG: NAS-IP-Address: ['10.254.173.1']
2013-11-20 10:55:41,777: DEBUG: Service-Type: ['Login-User']
2013-11-20 10:55:41,777: DEBUG: Proxy-State: ['3237,3134']
2013-11-20 10:55:41,777: DEBUG: Framed-IP-Address: ['10.254.173.163']
2013-11-20 10:55:41,777: DEBUG: GoGo-Airline: [u'BA01']
2013-11-20 10:55:41,778: DEBUG: Acct-Session-Id: [u'AAATestNAS_168-1384925141777-00163E427B29-1']
2013-11-20 10:55:41,778: DEBUG: GoGo-Tail-Number: [u'AAATestNAS_168']
2013-11-20 10:55:41,778: DEBUG: GoGo-Private-IP-Address: ['192.168.1.179']
2013-11-20 10:55:41,778: DEBUG: WISPr-Location-ID: [u'airline=BA01,tail=01009,network=']
2013-11-20 10:55:41,778: DEBUG: WISPr-Location-Name: [u'TEST LLC,BA01_01009']
2013-11-20 10:55:41,778: DEBUG: NAS-Port-Type: ['Wireless-802.11']
2013-11-20 10:55:41,778: DEBUG: Called-Station-Id: [u'00:16:3E:42:7B:29']
2013-11-20 10:55:41,778: DEBUG: Calling-Station-Id: [u'18:21:31:41:52:49']
2013-11-20 10:55:41,779: DEBUG: 

2013-11-20 10:55:41,779: DEBUG: Received response with code: 2, Accepted
2013-11-20 10:55:41,779: DEBUG: 

2013-11-20 10:55:41,779: DEBUG: Creating Accounting start Request with the following Attributes:
2013-11-20 10:55:41,779: DEBUG: NAS-Identifier: [u'C08386']
2013-11-20 10:55:41,779: DEBUG: User-Name: [u'username97@airborne.aircell.com']
2013-11-20 10:55:41,779: DEBUG: GoGo-Tail-Number: [u'AAATestNAS_168']
2013-11-20 10:55:41,779: DEBUG: NAS-IP-Address: ['10.254.173.1']
2013-11-20 10:55:41,780: DEBUG: Proxy-State: ['3239,3131']
2013-11-20 10:55:41,780: DEBUG: Acct-Status-Type: ['Start']
2013-11-20 10:55:41,780: DEBUG: GoGo-Airline: [u'BA01']
2013-11-20 10:55:41,780: DEBUG: Acct-Session-Id: [u'AAATestNAS_168-1384925141777-00163E427B29-1']
2013-11-20 10:55:41,780: DEBUG: GoGo-Private-IP-Address: ['192.168.1.179']
2013-11-20 10:55:41,780: DEBUG: Framed-IP-Address: ['10.254.173.163']
2013-11-20 10:55:41,780: DEBUG: WISPr-Location-ID: [u'airline=BA01,tail=01009,network=']
2013-11-20 10:55:41,780: DEBUG: WISPr-Location-Name: [u'TEST LLC,BA01_01009']
2013-11-20 10:55:41,780: DEBUG: NAS-Port-Type: ['Wireless-802.11']
2013-11-20 10:55:41,780: DEBUG: Called-Station-Id: [u'00:16:3E:42:7B:29']
2013-11-20 10:55:41,780: DEBUG: Calling-Station-Id: [u'18:21:31:41:52:49']
2013-11-20 10:55:41,781: DEBUG: 

2013-11-20 10:55:41,781: DEBUG: Received response with following attributes:
2013-11-20 10:55:51,782: DEBUG: 

2013-11-20 10:55:51,783: DEBUG: Creating Accounting Update Request with the following Attributes:
2013-11-20 10:55:51,783: DEBUG: User-Name: [u'username97@airborne.aircell.com']
2013-11-20 10:55:51,783: DEBUG: GoGo-Tail-Number: [u'AAATestNAS_168']
2013-11-20 10:55:51,783: DEBUG: Acct-Output-Octets: [5350097]
2013-11-20 10:55:51,783: DEBUG: NAS-IP-Address: ['10.254.173.1']
2013-11-20 10:55:51,783: DEBUG: GoGo-Total-Output-Gigawords: [0]
2013-11-20 10:55:51,783: DEBUG: Framed-IP-Address: ['10.254.173.163']
2013-11-20 10:55:51,783: DEBUG: GoGo-Total-Input-Voice-Gigawords: [0]
2013-11-20 10:55:51,783: DEBUG: GoGo-Total-Output-Octets: [5350097]
2013-11-20 10:55:51,784: DEBUG: GoGo-Acct-Input-Voice-Octets: [0]
2013-11-20 10:55:51,784: DEBUG: GoGo-Total-Input-Voice-Packets: [0]
2013-11-20 10:55:51,784: DEBUG: Called-Station-Id: [u'00:16:3E:42:7B:29']
2013-11-20 10:55:51,784: DEBUG: WISPr-Location-Name: [u'TEST LLC,BA01_01009']
2013-11-20 10:55:51,784: DEBUG: NAS-Identifier: [u'C08386']
2013-11-20 10:55:51,784: DEBUG: Proxy-State: ['3330,3132']
2013-11-20 10:55:51,784: DEBUG: GoGo-Total-Input-Voice-Octets: [0]
2013-11-20 10:55:51,784: DEBUG: Acct-Status-Type: ['Interim-Update']
2013-11-20 10:55:51,784: DEBUG: GoGo-Total-Output-Voice-Gigawords: [0]
2013-11-20 10:55:51,784: DEBUG: GoGo-Airline: [u'BA01']
2013-11-20 10:55:51,784: DEBUG: Acct-Session-Id: [u'AAATestNAS_168-1384925141777-00163E427B29-1']
2013-11-20 10:55:51,784: DEBUG: Acct-Session-Time: [10]
2013-11-20 10:55:51,784: DEBUG: Acct-Input-Packets: [3749]
2013-11-20 10:55:51,785: DEBUG: Acct-Output-Packets: [13518]
2013-11-20 10:55:51,785: DEBUG: GoGo-Acct-Output-Voice-Packets: [0]
2013-11-20 10:55:51,785: DEBUG: GoGo-Acct-Output-Voice-Octets: [0]
2013-11-20 10:55:51,785: DEBUG: Acct-Output-Gigawords: [0]
2013-11-20 10:55:51,785: DEBUG: GoGo-Total-Output-Voice-Packets: [0]
2013-11-20 10:55:51,785: DEBUG: Acct-Input-Gigawords: [0]
2013-11-20 10:55:51,785: DEBUG: Calling-Station-Id: [u'18:21:31:41:52:49']
2013-11-20 10:55:51,785: DEBUG: NAS-Port-Type: ['Wireless-802.11']
2013-11-20 10:55:51,785: DEBUG: GoGo-Total-Output-Voice-Octets: [0]
2013-11-20 10:55:51,785: DEBUG: GoGo-Private-IP-Address: ['192.168.1.179']
2013-11-20 10:55:51,785: DEBUG: GoGo-Acct-Input-Voice-Gigawords: [0]
2013-11-20 10:55:51,785: DEBUG: GoGo-Total-Input-Packets: [3749]
2013-11-20 10:55:51,785: DEBUG: GoGo-Total-Input-Gigawords: [0]
2013-11-20 10:55:51,785: DEBUG: GoGo-Acct-Input-Voice-Packets: [0]
2013-11-20 10:55:51,786: DEBUG: GoGo-Total-Input-Octets: [1660566]
2013-11-20 10:55:51,786: DEBUG: GoGo-Total-Output-Packets: [13518]
2013-11-20 10:55:51,786: DEBUG: WISPr-Location-ID: [u'airline=BA01,tail=01009,network=']
2013-11-20 10:55:51,786: DEBUG: GoGo-Acct-Output-Voice-Gigawords: [0]
2013-11-20 10:55:51,786: DEBUG: Acct-Input-Octets: [1660566]
2013-11-20 10:55:51,787: DEBUG: 

2013-11-20 10:55:51,787: DEBUG: Received response with following attributes:
2013-11-20 10:56:01,788: DEBUG: 

2013-11-20 10:56:01,789: DEBUG: Creating Accounting Update Request with the following Attributes:
2013-11-20 10:56:01,789: DEBUG: User-Name: [u'username97@airborne.aircell.com']
2013-11-20 10:56:01,789: DEBUG: GoGo-Tail-Number: [u'AAATestNAS_168']
2013-11-20 10:56:01,789: DEBUG: Acct-Output-Octets: [8579261]
2013-11-20 10:56:01,789: DEBUG: NAS-IP-Address: ['10.254.173.1']
2013-11-20 10:56:01,789: DEBUG: GoGo-Total-Output-Gigawords: [0]
2013-11-20 10:56:01,789: DEBUG: Framed-IP-Address: ['10.254.173.163']
2013-11-20 10:56:01,789: DEBUG: GoGo-Total-Input-Voice-Gigawords: [0]
2013-11-20 10:56:01,789: DEBUG: GoGo-Total-Output-Octets: [8579261]
2013-11-20 10:56:01,790: DEBUG: GoGo-Acct-Input-Voice-Octets: [0]
2013-11-20 10:56:01,790: DEBUG: GoGo-Total-Input-Voice-Packets: [0]
2013-11-20 10:56:01,790: DEBUG: Called-Station-Id: [u'00:16:3E:42:7B:29']
2013-11-20 10:56:01,790: DEBUG: WISPr-Location-Name: [u'TEST LLC,BA01_01009']
2013-11-20 10:56:01,790: DEBUG: NAS-Identifier: [u'C08386']
2013-11-20 10:56:01,790: DEBUG: Proxy-State: ['3330,3132']
2013-11-20 10:56:01,790: DEBUG: GoGo-Total-Input-Voice-Octets: [0]
2013-11-20 10:56:01,790: DEBUG: Acct-Status-Type: ['Interim-Update']
2013-11-20 10:56:01,790: DEBUG: GoGo-Total-Output-Voice-Gigawords: [0]
2013-11-20 10:56:01,790: DEBUG: GoGo-Airline: [u'BA01']
2013-11-20 10:56:01,790: DEBUG: Acct-Session-Id: [u'AAATestNAS_168-1384925141777-00163E427B29-1']
2013-11-20 10:56:01,790: DEBUG: Acct-Session-Time: [10]
2013-11-20 10:56:01,790: DEBUG: Acct-Input-Packets: [8970]
2013-11-20 10:56:01,791: DEBUG: Acct-Output-Packets: [40182]
2013-11-20 10:56:01,791: DEBUG: GoGo-Acct-Output-Voice-Packets: [0]
2013-11-20 10:56:01,791: DEBUG: GoGo-Acct-Output-Voice-Octets: [0]
2013-11-20 10:56:01,791: DEBUG: Acct-Output-Gigawords: [0]
2013-11-20 10:56:01,791: DEBUG: GoGo-Total-Output-Voice-Packets: [0]
2013-11-20 10:56:01,791: DEBUG: Acct-Input-Gigawords: [0]
2013-11-20 10:56:01,791: DEBUG: Calling-Station-Id: [u'18:21:31:41:52:49']
2013-11-20 10:56:01,791: DEBUG: NAS-Port-Type: ['Wireless-802.11']
2013-11-20 10:56:01,791: DEBUG: GoGo-Total-Output-Voice-Octets: [0]
2013-11-20 10:56:01,791: DEBUG: GoGo-Private-IP-Address: ['192.168.1.179']
2013-11-20 10:56:01,791: DEBUG: GoGo-Acct-Input-Voice-Gigawords: [0]
2013-11-20 10:56:01,791: DEBUG: GoGo-Total-Input-Packets: [8970]
2013-11-20 10:56:01,791: DEBUG: GoGo-Total-Input-Gigawords: [0]
2013-11-20 10:56:01,791: DEBUG: GoGo-Acct-Input-Voice-Packets: [0]
2013-11-20 10:56:01,791: DEBUG: GoGo-Total-Input-Octets: [2691784]
2013-11-20 10:56:01,792: DEBUG: GoGo-Total-Output-Packets: [40182]
2013-11-20 10:56:01,792: DEBUG: WISPr-Location-ID: [u'airline=BA01,tail=01009,network=']
2013-11-20 10:56:01,792: DEBUG: GoGo-Acct-Output-Voice-Gigawords: [0]
2013-11-20 10:56:01,792: DEBUG: Acct-Input-Octets: [2691784]
2013-11-20 10:56:01,793: DEBUG: 

2013-11-20 10:56:01,794: DEBUG: Received response with following attributes:
2013-11-20 10:56:11,795: DEBUG: 

2013-11-20 10:56:11,795: DEBUG: Creating Accounting Update Request with the following Attributes:
2013-11-20 10:56:11,795: DEBUG: User-Name: [u'username97@airborne.aircell.com']
2013-11-20 10:56:11,795: DEBUG: GoGo-Tail-Number: [u'AAATestNAS_168']
2013-11-20 10:56:11,795: DEBUG: Acct-Output-Octets: [6333233]
2013-11-20 10:56:11,796: DEBUG: NAS-IP-Address: ['10.254.173.1']
2013-11-20 10:56:11,796: DEBUG: GoGo-Total-Output-Gigawords: [0]
2013-11-20 10:56:11,796: DEBUG: Framed-IP-Address: ['10.254.173.163']
2013-11-20 10:56:11,796: DEBUG: GoGo-Total-Input-Voice-Gigawords: [0]
2013-11-20 10:56:11,796: DEBUG: GoGo-Total-Output-Octets: [6333233]
2013-11-20 10:56:11,796: DEBUG: GoGo-Acct-Input-Voice-Octets: [0]
2013-11-20 10:56:11,796: DEBUG: GoGo-Total-Input-Voice-Packets: [0]
2013-11-20 10:56:11,796: DEBUG: Called-Station-Id: [u'00:16:3E:42:7B:29']
2013-11-20 10:56:11,796: DEBUG: WISPr-Location-Name: [u'TEST LLC,BA01_01009']
2013-11-20 10:56:11,796: DEBUG: NAS-Identifier: [u'C08386']
2013-11-20 10:56:11,796: DEBUG: Proxy-State: ['3330,3132']
2013-11-20 10:56:11,796: DEBUG: GoGo-Total-Input-Voice-Octets: [0]
2013-11-20 10:56:11,796: DEBUG: Acct-Status-Type: ['Interim-Update']
2013-11-20 10:56:11,796: DEBUG: GoGo-Total-Output-Voice-Gigawords: [0]
2013-11-20 10:56:11,796: DEBUG: GoGo-Airline: [u'BA01']
2013-11-20 10:56:11,797: DEBUG: Acct-Session-Id: [u'AAATestNAS_168-1384925141777-00163E427B29-1']
2013-11-20 10:56:11,797: DEBUG: Acct-Session-Time: [10]
2013-11-20 10:56:11,797: DEBUG: Acct-Input-Packets: [33807]
2013-11-20 10:56:11,797: DEBUG: Acct-Output-Packets: [60565]
2013-11-20 10:56:11,797: DEBUG: GoGo-Acct-Output-Voice-Packets: [0]
2013-11-20 10:56:11,797: DEBUG: GoGo-Acct-Output-Voice-Octets: [0]
2013-11-20 10:56:11,797: DEBUG: Acct-Output-Gigawords: [0]
2013-11-20 10:56:11,797: DEBUG: GoGo-Total-Output-Voice-Packets: [0]
2013-11-20 10:56:11,797: DEBUG: Acct-Input-Gigawords: [0]
2013-11-20 10:56:11,797: DEBUG: Calling-Station-Id: [u'18:21:31:41:52:49']
2013-11-20 10:56:11,797: DEBUG: NAS-Port-Type: ['Wireless-802.11']
2013-11-20 10:56:11,797: DEBUG: GoGo-Total-Output-Voice-Octets: [0]
2013-11-20 10:56:11,797: DEBUG: GoGo-Private-IP-Address: ['192.168.1.179']
2013-11-20 10:56:11,798: DEBUG: GoGo-Acct-Input-Voice-Gigawords: [0]
2013-11-20 10:56:11,798: DEBUG: GoGo-Total-Input-Packets: [33807]
2013-11-20 10:56:11,798: DEBUG: GoGo-Total-Input-Gigawords: [0]
2013-11-20 10:56:11,798: DEBUG: GoGo-Acct-Input-Voice-Packets: [0]
2013-11-20 10:56:11,798: DEBUG: GoGo-Total-Input-Octets: [7466350]
2013-11-20 10:56:11,798: DEBUG: GoGo-Total-Output-Packets: [60565]
2013-11-20 10:56:11,798: DEBUG: WISPr-Location-ID: [u'airline=BA01,tail=01009,network=']
2013-11-20 10:56:11,798: DEBUG: GoGo-Acct-Output-Voice-Gigawords: [0]
2013-11-20 10:56:11,798: DEBUG: Acct-Input-Octets: [7466350]
2013-11-20 10:56:11,800: DEBUG: 

2013-11-20 10:56:11,800: DEBUG: Received response with following attributes:
2013-11-20 10:56:21,801: DEBUG: 

2013-11-20 10:56:21,801: DEBUG: Creating Accounting Update Request with the following Attributes:
2013-11-20 10:56:21,802: DEBUG: User-Name: [u'username97@airborne.aircell.com']
2013-11-20 10:56:21,802: DEBUG: GoGo-Tail-Number: [u'AAATestNAS_168']
2013-11-20 10:56:21,802: DEBUG: Acct-Output-Octets: [9996691]
2013-11-20 10:56:21,802: DEBUG: NAS-IP-Address: ['10.254.173.1']
2013-11-20 10:56:21,802: DEBUG: GoGo-Total-Output-Gigawords: [0]
2013-11-20 10:56:21,802: DEBUG: Framed-IP-Address: ['10.254.173.163']
2013-11-20 10:56:21,802: DEBUG: GoGo-Total-Input-Voice-Gigawords: [0]
2013-11-20 10:56:21,802: DEBUG: GoGo-Total-Output-Octets: [9996691]
2013-11-20 10:56:21,802: DEBUG: GoGo-Acct-Input-Voice-Octets: [0]
2013-11-20 10:56:21,802: DEBUG: GoGo-Total-Input-Voice-Packets: [0]
2013-11-20 10:56:21,802: DEBUG: Called-Station-Id: [u'00:16:3E:42:7B:29']
2013-11-20 10:56:21,802: DEBUG: WISPr-Location-Name: [u'TEST LLC,BA01_01009']
2013-11-20 10:56:21,802: DEBUG: NAS-Identifier: [u'C08386']
2013-11-20 10:56:21,803: DEBUG: Proxy-State: ['3330,3132']
2013-11-20 10:56:21,803: DEBUG: GoGo-Total-Input-Voice-Octets: [0]
2013-11-20 10:56:21,803: DEBUG: Acct-Status-Type: ['Interim-Update']
2013-11-20 10:56:21,803: DEBUG: GoGo-Total-Output-Voice-Gigawords: [0]
2013-11-20 10:56:21,803: DEBUG: GoGo-Airline: [u'BA01']
2013-11-20 10:56:21,803: DEBUG: Acct-Session-Id: [u'AAATestNAS_168-1384925141777-00163E427B29-1']
2013-11-20 10:56:21,803: DEBUG: Acct-Session-Time: [10]
2013-11-20 10:56:21,803: DEBUG: Acct-Input-Packets: [43421]
2013-11-20 10:56:21,803: DEBUG: Acct-Output-Packets: [14576]
2013-11-20 10:56:21,803: DEBUG: GoGo-Acct-Output-Voice-Packets: [0]
2013-11-20 10:56:21,803: DEBUG: GoGo-Acct-Output-Voice-Octets: [0]
2013-11-20 10:56:21,803: DEBUG: Acct-Output-Gigawords: [0]
2013-11-20 10:56:21,803: DEBUG: GoGo-Total-Output-Voice-Packets: [0]
2013-11-20 10:56:21,803: DEBUG: Acct-Input-Gigawords: [0]
2013-11-20 10:56:21,804: DEBUG: Calling-Station-Id: [u'18:21:31:41:52:49']
2013-11-20 10:56:21,804: DEBUG: NAS-Port-Type: ['Wireless-802.11']
2013-11-20 10:56:21,804: DEBUG: GoGo-Total-Output-Voice-Octets: [0]
2013-11-20 10:56:21,804: DEBUG: GoGo-Private-IP-Address: ['192.168.1.179']
2013-11-20 10:56:21,804: DEBUG: GoGo-Acct-Input-Voice-Gigawords: [0]
2013-11-20 10:56:21,804: DEBUG: GoGo-Total-Input-Packets: [43421]
2013-11-20 10:56:21,804: DEBUG: GoGo-Total-Input-Gigawords: [0]
2013-11-20 10:56:21,804: DEBUG: GoGo-Acct-Input-Voice-Packets: [0]
2013-11-20 10:56:21,804: DEBUG: GoGo-Total-Input-Octets: [9421090]
2013-11-20 10:56:21,804: DEBUG: GoGo-Total-Output-Packets: [14576]
2013-11-20 10:56:21,804: DEBUG: WISPr-Location-ID: [u'airline=BA01,tail=01009,network=']
2013-11-20 10:56:21,804: DEBUG: GoGo-Acct-Output-Voice-Gigawords: [0]
2013-11-20 10:56:21,804: DEBUG: Acct-Input-Octets: [9421090]
2013-11-20 10:56:21,806: DEBUG: 

2013-11-20 10:56:21,806: DEBUG: Received response with following attributes:
2013-11-20 10:56:31,807: DEBUG: 

2013-11-20 10:56:31,808: DEBUG: Creating Accounting Update Request with the following Attributes:
2013-11-20 10:56:31,808: DEBUG: User-Name: [u'username97@airborne.aircell.com']
2013-11-20 10:56:31,808: DEBUG: GoGo-Tail-Number: [u'AAATestNAS_168']
2013-11-20 10:56:31,808: DEBUG: Acct-Output-Octets: [8581298]
2013-11-20 10:56:31,808: DEBUG: NAS-IP-Address: ['10.254.173.1']
2013-11-20 10:56:31,808: DEBUG: GoGo-Total-Output-Gigawords: [0]
2013-11-20 10:56:31,808: DEBUG: Framed-IP-Address: ['10.254.173.163']
2013-11-20 10:56:31,808: DEBUG: GoGo-Total-Input-Voice-Gigawords: [0]
2013-11-20 10:56:31,808: DEBUG: GoGo-Total-Output-Octets: [8581298]
2013-11-20 10:56:31,809: DEBUG: GoGo-Acct-Input-Voice-Octets: [0]
2013-11-20 10:56:31,809: DEBUG: GoGo-Total-Input-Voice-Packets: [0]
2013-11-20 10:56:31,809: DEBUG: Called-Station-Id: [u'00:16:3E:42:7B:29']
2013-11-20 10:56:31,809: DEBUG: WISPr-Location-Name: [u'TEST LLC,BA01_01009']
2013-11-20 10:56:31,809: DEBUG: NAS-Identifier: [u'C08386']
2013-11-20 10:56:31,809: DEBUG: Proxy-State: ['3330,3132']
2013-11-20 10:56:31,809: DEBUG: GoGo-Total-Input-Voice-Octets: [0]
2013-11-20 10:56:31,809: DEBUG: Acct-Status-Type: ['Interim-Update']
2013-11-20 10:56:31,809: DEBUG: GoGo-Total-Output-Voice-Gigawords: [0]
2013-11-20 10:56:31,809: DEBUG: GoGo-Airline: [u'BA01']
2013-11-20 10:56:31,809: DEBUG: Acct-Session-Id: [u'AAATestNAS_168-1384925141777-00163E427B29-1']
2013-11-20 10:56:31,809: DEBUG: Acct-Session-Time: [10]
2013-11-20 10:56:31,809: DEBUG: Acct-Input-Packets: [67507]
2013-11-20 10:56:31,809: DEBUG: Acct-Output-Packets: [55423]
2013-11-20 10:56:31,809: DEBUG: GoGo-Acct-Output-Voice-Packets: [0]
2013-11-20 10:56:31,810: DEBUG: GoGo-Acct-Output-Voice-Octets: [0]
2013-11-20 10:56:31,810: DEBUG: Acct-Output-Gigawords: [0]
2013-11-20 10:56:31,810: DEBUG: GoGo-Total-Output-Voice-Packets: [0]
2013-11-20 10:56:31,810: DEBUG: Acct-Input-Gigawords: [0]
2013-11-20 10:56:31,810: DEBUG: Calling-Station-Id: [u'18:21:31:41:52:49']
2013-11-20 10:56:31,810: DEBUG: NAS-Port-Type: ['Wireless-802.11']
2013-11-20 10:56:31,810: DEBUG: GoGo-Total-Output-Voice-Octets: [0]
2013-11-20 10:56:31,810: DEBUG: GoGo-Private-IP-Address: ['192.168.1.179']
2013-11-20 10:56:31,810: DEBUG: GoGo-Acct-Input-Voice-Gigawords: [0]
2013-11-20 10:56:31,810: DEBUG: GoGo-Total-Input-Packets: [67507]
2013-11-20 10:56:31,810: DEBUG: GoGo-Total-Input-Gigawords: [0]
2013-11-20 10:56:31,810: DEBUG: GoGo-Acct-Input-Voice-Packets: [0]
2013-11-20 10:56:31,810: DEBUG: GoGo-Total-Input-Octets: [9451430]
2013-11-20 10:56:31,810: DEBUG: GoGo-Total-Output-Packets: [55423]
2013-11-20 10:56:31,810: DEBUG: WISPr-Location-ID: [u'airline=BA01,tail=01009,network=']
2013-11-20 10:56:31,811: DEBUG: GoGo-Acct-Output-Voice-Gigawords: [0]
2013-11-20 10:56:31,811: DEBUG: Acct-Input-Octets: [9451430]
2013-11-20 10:56:31,812: DEBUG: 

2013-11-20 10:56:31,812: DEBUG: Received response with following attributes:
2013-11-20 10:56:41,813: DEBUG: 

2013-11-20 10:56:41,814: DEBUG: Creating Accounting Update Request with the following Attributes:
2013-11-20 10:56:41,814: DEBUG: User-Name: [u'username97@airborne.aircell.com']
2013-11-20 10:56:41,814: DEBUG: GoGo-Tail-Number: [u'AAATestNAS_168']
2013-11-20 10:56:41,814: DEBUG: Acct-Output-Octets: [9359201]
2013-11-20 10:56:41,814: DEBUG: NAS-IP-Address: ['10.254.173.1']
2013-11-20 10:56:41,814: DEBUG: GoGo-Total-Output-Gigawords: [0]
2013-11-20 10:56:41,814: DEBUG: Framed-IP-Address: ['10.254.173.163']
2013-11-20 10:56:41,815: DEBUG: GoGo-Total-Input-Voice-Gigawords: [0]
2013-11-20 10:56:41,815: DEBUG: GoGo-Total-Output-Octets: [9359201]
2013-11-20 10:56:41,815: DEBUG: GoGo-Acct-Input-Voice-Octets: [0]
2013-11-20 10:56:41,815: DEBUG: GoGo-Total-Input-Voice-Packets: [0]
2013-11-20 10:56:41,815: DEBUG: Called-Station-Id: [u'00:16:3E:42:7B:29']
2013-11-20 10:56:41,815: DEBUG: WISPr-Location-Name: [u'TEST LLC,BA01_01009']
2013-11-20 10:56:41,815: DEBUG: NAS-Identifier: [u'C08386']
2013-11-20 10:56:41,815: DEBUG: Proxy-State: ['3330,3132']
2013-11-20 10:56:41,815: DEBUG: GoGo-Total-Input-Voice-Octets: [0]
2013-11-20 10:56:41,815: DEBUG: Acct-Status-Type: ['Interim-Update']
2013-11-20 10:56:41,815: DEBUG: GoGo-Total-Output-Voice-Gigawords: [0]
2013-11-20 10:56:41,815: DEBUG: GoGo-Airline: [u'BA01']
2013-11-20 10:56:41,815: DEBUG: Acct-Session-Id: [u'AAATestNAS_168-1384925141777-00163E427B29-1']
2013-11-20 10:56:41,815: DEBUG: Acct-Session-Time: [10]
2013-11-20 10:56:41,816: DEBUG: Acct-Input-Packets: [78987]
2013-11-20 10:56:41,816: DEBUG: Acct-Output-Packets: [48260]
2013-11-20 10:56:41,816: DEBUG: GoGo-Acct-Output-Voice-Packets: [0]
2013-11-20 10:56:41,816: DEBUG: GoGo-Acct-Output-Voice-Octets: [0]
2013-11-20 10:56:41,816: DEBUG: Acct-Output-Gigawords: [0]
2013-11-20 10:56:41,816: DEBUG: GoGo-Total-Output-Voice-Packets: [0]
2013-11-20 10:56:41,816: DEBUG: Acct-Input-Gigawords: [0]
2013-11-20 10:56:41,816: DEBUG: Calling-Station-Id: [u'18:21:31:41:52:49']
2013-11-20 10:56:41,816: DEBUG: NAS-Port-Type: ['Wireless-802.11']
2013-11-20 10:56:41,816: DEBUG: GoGo-Total-Output-Voice-Octets: [0]
2013-11-20 10:56:41,816: DEBUG: GoGo-Private-IP-Address: ['192.168.1.179']
2013-11-20 10:56:41,816: DEBUG: GoGo-Acct-Input-Voice-Gigawords: [0]
2013-11-20 10:56:41,816: DEBUG: GoGo-Total-Input-Packets: [78987]
2013-11-20 10:56:41,816: DEBUG: GoGo-Total-Input-Gigawords: [0]
2013-11-20 10:56:41,817: DEBUG: GoGo-Acct-Input-Voice-Packets: [0]
2013-11-20 10:56:41,817: DEBUG: GoGo-Total-Input-Octets: [8158923]
2013-11-20 10:56:41,817: DEBUG: GoGo-Total-Output-Packets: [48260]
2013-11-20 10:56:41,817: DEBUG: WISPr-Location-ID: [u'airline=BA01,tail=01009,network=']
2013-11-20 10:56:41,817: DEBUG: GoGo-Acct-Output-Voice-Gigawords: [0]
2013-11-20 10:56:41,817: DEBUG: Acct-Input-Octets: [8158923]
2013-11-20 10:56:41,819: DEBUG: 

2013-11-20 10:56:41,819: DEBUG: Received response with following attributes:
2013-11-20 10:56:51,820: DEBUG: 

2013-11-20 10:56:51,820: DEBUG: Creating Accounting Update Request with the following Attributes:
2013-11-20 10:56:51,821: DEBUG: User-Name: [u'username97@airborne.aircell.com']
2013-11-20 10:56:51,821: DEBUG: GoGo-Tail-Number: [u'AAATestNAS_168']
2013-11-20 10:56:51,821: DEBUG: Acct-Output-Octets: [3288062]
2013-11-20 10:56:51,821: DEBUG: NAS-IP-Address: ['10.254.173.1']
2013-11-20 10:56:51,821: DEBUG: GoGo-Total-Output-Gigawords: [0]
2013-11-20 10:56:51,821: DEBUG: Framed-IP-Address: ['10.254.173.163']
2013-11-20 10:56:51,821: DEBUG: GoGo-Total-Input-Voice-Gigawords: [0]
2013-11-20 10:56:51,821: DEBUG: GoGo-Total-Output-Octets: [3288062]
2013-11-20 10:56:51,821: DEBUG: GoGo-Acct-Input-Voice-Octets: [0]
2013-11-20 10:56:51,821: DEBUG: GoGo-Total-Input-Voice-Packets: [0]
2013-11-20 10:56:51,821: DEBUG: Called-Station-Id: [u'00:16:3E:42:7B:29']
2013-11-20 10:56:51,821: DEBUG: WISPr-Location-Name: [u'TEST LLC,BA01_01009']
2013-11-20 10:56:51,821: DEBUG: NAS-Identifier: [u'C08386']
2013-11-20 10:56:51,822: DEBUG: Proxy-State: ['3330,3132']
2013-11-20 10:56:51,822: DEBUG: GoGo-Total-Input-Voice-Octets: [0]
2013-11-20 10:56:51,822: DEBUG: Acct-Status-Type: ['Interim-Update']
2013-11-20 10:56:51,822: DEBUG: GoGo-Total-Output-Voice-Gigawords: [0]
2013-11-20 10:56:51,822: DEBUG: GoGo-Airline: [u'BA01']
2013-11-20 10:56:51,822: DEBUG: Acct-Session-Id: [u'AAATestNAS_168-1384925141777-00163E427B29-1']
2013-11-20 10:56:51,822: DEBUG: Acct-Session-Time: [10]
2013-11-20 10:56:51,822: DEBUG: Acct-Input-Packets: [70815]
2013-11-20 10:56:51,822: DEBUG: Acct-Output-Packets: [21195]
2013-11-20 10:56:51,822: DEBUG: GoGo-Acct-Output-Voice-Packets: [0]
2013-11-20 10:56:51,822: DEBUG: GoGo-Acct-Output-Voice-Octets: [0]
2013-11-20 10:56:51,822: DEBUG: Acct-Output-Gigawords: [0]
2013-11-20 10:56:51,822: DEBUG: GoGo-Total-Output-Voice-Packets: [0]
2013-11-20 10:56:51,822: DEBUG: Acct-Input-Gigawords: [0]
2013-11-20 10:56:51,823: DEBUG: Calling-Station-Id: [u'18:21:31:41:52:49']
2013-11-20 10:56:51,823: DEBUG: NAS-Port-Type: ['Wireless-802.11']
2013-11-20 10:56:51,823: DEBUG: GoGo-Total-Output-Voice-Octets: [0]
2013-11-20 10:56:51,823: DEBUG: GoGo-Private-IP-Address: ['192.168.1.179']
2013-11-20 10:56:51,823: DEBUG: GoGo-Acct-Input-Voice-Gigawords: [0]
2013-11-20 10:56:51,823: DEBUG: GoGo-Total-Input-Packets: [70815]
2013-11-20 10:56:51,823: DEBUG: GoGo-Total-Input-Gigawords: [0]
2013-11-20 10:56:51,823: DEBUG: GoGo-Acct-Input-Voice-Packets: [0]
2013-11-20 10:56:51,823: DEBUG: GoGo-Total-Input-Octets: [7633953]
2013-11-20 10:56:51,823: DEBUG: GoGo-Total-Output-Packets: [21195]
2013-11-20 10:56:51,823: DEBUG: WISPr-Location-ID: [u'airline=BA01,tail=01009,network=']
2013-11-20 10:56:51,823: DEBUG: GoGo-Acct-Output-Voice-Gigawords: [0]
2013-11-20 10:56:51,823: DEBUG: Acct-Input-Octets: [7633953]
2013-11-20 10:56:51,825: DEBUG: 

2013-11-20 10:56:51,826: DEBUG: Received response with following attributes:
2013-11-20 10:57:01,827: DEBUG: 

2013-11-20 10:57:01,827: DEBUG: Creating Accounting Update Request with the following Attributes:
2013-11-20 10:57:01,827: DEBUG: User-Name: [u'username97@airborne.aircell.com']
2013-11-20 10:57:01,827: DEBUG: GoGo-Tail-Number: [u'AAATestNAS_168']
2013-11-20 10:57:01,828: DEBUG: Acct-Output-Octets: [2440569]
2013-11-20 10:57:01,828: DEBUG: NAS-IP-Address: ['10.254.173.1']
2013-11-20 10:57:01,828: DEBUG: GoGo-Total-Output-Gigawords: [0]
2013-11-20 10:57:01,828: DEBUG: Framed-IP-Address: ['10.254.173.163']
2013-11-20 10:57:01,828: DEBUG: GoGo-Total-Input-Voice-Gigawords: [0]
2013-11-20 10:57:01,828: DEBUG: GoGo-Total-Output-Octets: [2440569]
2013-11-20 10:57:01,828: DEBUG: GoGo-Acct-Input-Voice-Octets: [0]
2013-11-20 10:57:01,828: DEBUG: GoGo-Total-Input-Voice-Packets: [0]
2013-11-20 10:57:01,828: DEBUG: Called-Station-Id: [u'00:16:3E:42:7B:29']
2013-11-20 10:57:01,828: DEBUG: WISPr-Location-Name: [u'TEST LLC,BA01_01009']
2013-11-20 10:57:01,828: DEBUG: NAS-Identifier: [u'C08386']
2013-11-20 10:57:01,828: DEBUG: Proxy-State: ['3330,3132']
2013-11-20 10:57:01,828: DEBUG: GoGo-Total-Input-Voice-Octets: [0]
2013-11-20 10:57:01,828: DEBUG: Acct-Status-Type: ['Interim-Update']
2013-11-20 10:57:01,829: DEBUG: GoGo-Total-Output-Voice-Gigawords: [0]
2013-11-20 10:57:01,829: DEBUG: GoGo-Airline: [u'BA01']
2013-11-20 10:57:01,829: DEBUG: Acct-Session-Id: [u'AAATestNAS_168-1384925141777-00163E427B29-1']
2013-11-20 10:57:01,829: DEBUG: Acct-Session-Time: [10]
2013-11-20 10:57:01,829: DEBUG: Acct-Input-Packets: [19683]
2013-11-20 10:57:01,829: DEBUG: Acct-Output-Packets: [15741]
2013-11-20 10:57:01,829: DEBUG: GoGo-Acct-Output-Voice-Packets: [0]
2013-11-20 10:57:01,829: DEBUG: GoGo-Acct-Output-Voice-Octets: [0]
2013-11-20 10:57:01,829: DEBUG: Acct-Output-Gigawords: [0]
2013-11-20 10:57:01,829: DEBUG: GoGo-Total-Output-Voice-Packets: [0]
2013-11-20 10:57:01,829: DEBUG: Acct-Input-Gigawords: [0]
2013-11-20 10:57:01,829: DEBUG: Calling-Station-Id: [u'18:21:31:41:52:49']
2013-11-20 10:57:01,829: DEBUG: NAS-Port-Type: ['Wireless-802.11']
2013-11-20 10:57:01,829: DEBUG: GoGo-Total-Output-Voice-Octets: [0]
2013-11-20 10:57:01,830: DEBUG: GoGo-Private-IP-Address: ['192.168.1.179']
2013-11-20 10:57:01,830: DEBUG: GoGo-Acct-Input-Voice-Gigawords: [0]
2013-11-20 10:57:01,830: DEBUG: GoGo-Total-Input-Packets: [19683]
2013-11-20 10:57:01,830: DEBUG: GoGo-Total-Input-Gigawords: [0]
2013-11-20 10:57:01,830: DEBUG: GoGo-Acct-Input-Voice-Packets: [0]
2013-11-20 10:57:01,830: DEBUG: GoGo-Total-Input-Octets: [9611881]
2013-11-20 10:57:01,830: DEBUG: GoGo-Total-Output-Packets: [15741]
2013-11-20 10:57:01,830: DEBUG: WISPr-Location-ID: [u'airline=BA01,tail=01009,network=']
2013-11-20 10:57:01,830: DEBUG: GoGo-Acct-Output-Voice-Gigawords: [0]
2013-11-20 10:57:01,830: DEBUG: Acct-Input-Octets: [9611881]
2013-11-20 10:57:01,832: DEBUG: 

2013-11-20 10:57:01,832: DEBUG: Received response with following attributes:
2013-11-20 10:57:30,832: DEBUG: 

2013-11-20 10:57:30,833: DEBUG: Creating Accounting Stop Request with the following Attributes:
2013-11-20 10:57:30,833: DEBUG: User-Name: [u'username97@airborne.aircell.com']
2013-11-20 10:57:30,833: DEBUG: GoGo-Tail-Number: [u'01009']
2013-11-20 10:57:30,833: DEBUG: Acct-Output-Octets: [9485724]
2013-11-20 10:57:30,833: DEBUG: NAS-IP-Address: ['10.254.173.1']
2013-11-20 10:57:30,833: DEBUG: GoGo-Total-Output-Gigawords: [0]
2013-11-20 10:57:30,833: DEBUG: Framed-IP-Address: ['10.254.173.163']
2013-11-20 10:57:30,833: DEBUG: GoGo-Total-Input-Voice-Gigawords: [0]
2013-11-20 10:57:30,833: DEBUG: GoGo-Total-Output-Octets: [9485724]
2013-11-20 10:57:30,833: DEBUG: GoGo-Acct-Input-Voice-Octets: [0]
2013-11-20 10:57:30,833: DEBUG: GoGo-Total-Input-Voice-Packets: [0]
2013-11-20 10:57:30,833: DEBUG: Called-Station-Id: [u'00:16:3E:42:7B:29']
2013-11-20 10:57:30,834: DEBUG: WISPr-Location-Name: [u'TEST LLC,BA01_01009']
2013-11-20 10:57:30,834: DEBUG: NAS-Identifier: [u'C08386']
2013-11-20 10:57:30,834: DEBUG: Proxy-State: ['3330,3132']
2013-11-20 10:57:30,834: DEBUG: GoGo-Total-Input-Voice-Octets: [0]
2013-11-20 10:57:30,834: DEBUG: Acct-Status-Type: ['Stop']
2013-11-20 10:57:30,834: DEBUG: GoGo-Total-Output-Voice-Gigawords: [0]
2013-11-20 10:57:30,834: DEBUG: GoGo-Airline: [u'BA01']
2013-11-20 10:57:30,834: DEBUG: Acct-Session-Id: [u'AAATestNAS_168-1384925141777-00163E427B29-1']
2013-11-20 10:57:30,834: DEBUG: Acct-Session-Time: [29]
2013-11-20 10:57:30,834: DEBUG: Acct-Input-Packets: [31664]
2013-11-20 10:57:30,834: DEBUG: Acct-Output-Packets: [86185]
2013-11-20 10:57:30,834: DEBUG: Acct-Terminate-Cause: ['User-Request']
2013-11-20 10:57:30,834: DEBUG: GoGo-Acct-Output-Voice-Octets: [0]
2013-11-20 10:57:30,834: DEBUG: Acct-Output-Gigawords: [0]
2013-11-20 10:57:30,835: DEBUG: GoGo-Total-Output-Voice-Packets: [0]
2013-11-20 10:57:30,835: DEBUG: Acct-Input-Gigawords: [0]
2013-11-20 10:57:30,835: DEBUG: Calling-Station-Id: [u'18:21:31:41:52:49']
2013-11-20 10:57:30,835: DEBUG: NAS-Port-Type: ['Wireless-802.11']
2013-11-20 10:57:30,835: DEBUG: GoGo-Total-Output-Voice-Octets: [0]
2013-11-20 10:57:30,835: DEBUG: GoGo-Private-IP-Address: ['192.168.1.179']
2013-11-20 10:57:30,835: DEBUG: GoGo-Acct-Input-Voice-Gigawords: [0]
2013-11-20 10:57:30,835: DEBUG: GoGo-Total-Input-Packets: [31664]
2013-11-20 10:57:30,835: DEBUG: GoGo-Total-Input-Gigawords: [0]
2013-11-20 10:57:30,835: DEBUG: GoGo-Acct-Input-Voice-Packets: [0]
2013-11-20 10:57:30,835: DEBUG: GoGo-Total-Input-Octets: [9306470]
2013-11-20 10:57:30,835: DEBUG: GoGo-Total-Output-Packets: [86185]
2013-11-20 10:57:30,835: DEBUG: WISPr-Location-ID: [u'airline=BA01,tail=01009,network=']
2013-11-20 10:57:30,835: DEBUG: GoGo-Acct-Output-Voice-Packets: [0]
2013-11-20 10:57:30,835: DEBUG: GoGo-Acct-Output-Voice-Gigawords: [0]
2013-11-20 10:57:30,836: DEBUG: Acct-Input-Octets: [9306470]
2013-11-20 10:57:30,837: DEBUG: 

2013-11-20 10:57:30,837: DEBUG: Received response with following attributes:
2013-11-20 10:57:30,837: DEBUG: Ending the test for this user
2013-11-20 10:57:31,508: DEBUG: Starting the client for the user username97@airborne.aircell.com to the server localhost

2013-11-20 10:57:31,509: DEBUG: DURATION of the TEST: 86
2013-11-20 10:57:31,509: DEBUG: NAS-IP: 10.254.95.1
2013-11-20 10:57:31,509: DEBUG: NAS-MAC-ADDR: 17:21:31:41:52:60
2013-11-20 10:57:31,509: DEBUG: Abruptly End: True
2013-11-20 10:57:31,509: DEBUG: Framed-IP: 10.254.95.127
2013-11-20 10:57:31,509: DEBUG: User-MAC-Addr: 00:16:3E:7D:F9:25
2013-11-20 10:57:31,509: DEBUG: 

2013-11-20 10:57:31,510: DEBUG: Creating Authentication Request with the following Attributes:
2013-11-20 10:57:31,510: DEBUG: NAS-Identifier: [u'C08386']
2013-11-20 10:57:31,510: DEBUG: User-Name: [u'username97@airborne.aircell.com']
2013-11-20 10:57:31,510: DEBUG: NAS-IP-Address: ['10.254.95.1']
2013-11-20 10:57:31,510: DEBUG: Service-Type: ['Authenticate-Only']
2013-11-20 10:57:31,510: DEBUG: Proxy-State: ['3237,3134']
2013-11-20 10:57:31,510: DEBUG: Framed-IP-Address: ['10.254.95.127']
2013-11-20 10:57:31,510: DEBUG: GoGo-Airline: [u'BA01']
2013-11-20 10:57:31,511: DEBUG: Acct-Session-Id: [u'AAATestNAS_90-1384925251509-00163E7DF925-1']
2013-11-20 10:57:31,511: DEBUG: GoGo-Tail-Number: [u'AAATestNAS_90']
2013-11-20 10:57:31,511: DEBUG: GoGo-Private-IP-Address: ['192.168.1.179']
2013-11-20 10:57:31,511: DEBUG: WISPr-Location-ID: [u'airline=BA01,tail=01009,network=']
2013-11-20 10:57:31,511: DEBUG: WISPr-Location-Name: [u'TEST LLC,BA01_01009']
2013-11-20 10:57:31,511: DEBUG: NAS-Port-Type: ['Wireless-802.11']
2013-11-20 10:57:31,511: DEBUG: Called-Station-Id: [u'00:16:3E:7D:F9:25']
2013-11-20 10:57:31,511: DEBUG: Calling-Station-Id: [u'17:21:31:41:52:60']
2013-11-20 10:57:31,513: DEBUG: 

2013-11-20 10:57:31,513: DEBUG: Received response with code: 2, Accepted
2013-11-20 10:57:31,513: DEBUG: Creating Authentication Request with the following Attributes:
2013-11-20 10:57:31,513: DEBUG: NAS-Identifier: [u'C08386']
2013-11-20 10:57:31,513: DEBUG: User-Name: [u'username97@airborne.aircell.com']
2013-11-20 10:57:31,513: DEBUG: NAS-IP-Address: ['10.254.95.1']
2013-11-20 10:57:31,514: DEBUG: Service-Type: ['Login-User']
2013-11-20 10:57:31,514: DEBUG: Proxy-State: ['3237,3134']
2013-11-20 10:57:31,514: DEBUG: Framed-IP-Address: ['10.254.95.127']
2013-11-20 10:57:31,514: DEBUG: GoGo-Airline: [u'BA01']
2013-11-20 10:57:31,514: DEBUG: Acct-Session-Id: [u'AAATestNAS_90-1384925251513-00163E7DF925-1']
2013-11-20 10:57:31,514: DEBUG: GoGo-Tail-Number: [u'AAATestNAS_90']
2013-11-20 10:57:31,514: DEBUG: GoGo-Private-IP-Address: ['192.168.1.179']
2013-11-20 10:57:31,514: DEBUG: WISPr-Location-ID: [u'airline=BA01,tail=01009,network=']
2013-11-20 10:57:31,514: DEBUG: WISPr-Location-Name: [u'TEST LLC,BA01_01009']
2013-11-20 10:57:31,514: DEBUG: NAS-Port-Type: ['Wireless-802.11']
2013-11-20 10:57:31,515: DEBUG: Called-Station-Id: [u'00:16:3E:7D:F9:25']
2013-11-20 10:57:31,515: DEBUG: Calling-Station-Id: [u'17:21:31:41:52:60']
2013-11-20 10:57:31,516: DEBUG: 

2013-11-20 10:57:31,516: DEBUG: Received response with code: 2, Accepted
2013-11-20 10:57:31,516: DEBUG: 

2013-11-20 10:57:31,516: DEBUG: Creating Accounting start Request with the following Attributes:
2013-11-20 10:57:31,517: DEBUG: NAS-Identifier: [u'C08386']
2013-11-20 10:57:31,517: DEBUG: User-Name: [u'username97@airborne.aircell.com']
2013-11-20 10:57:31,517: DEBUG: GoGo-Tail-Number: [u'AAATestNAS_90']
2013-11-20 10:57:31,517: DEBUG: NAS-IP-Address: ['10.254.95.1']
2013-11-20 10:57:31,517: DEBUG: Proxy-State: ['3239,3131']
2013-11-20 10:57:31,517: DEBUG: Acct-Status-Type: ['Start']
2013-11-20 10:57:31,517: DEBUG: GoGo-Airline: [u'BA01']
2013-11-20 10:57:31,517: DEBUG: Acct-Session-Id: [u'AAATestNAS_90-1384925251513-00163E7DF925-1']
2013-11-20 10:57:31,517: DEBUG: GoGo-Private-IP-Address: ['192.168.1.179']
2013-11-20 10:57:31,517: DEBUG: Framed-IP-Address: ['10.254.95.127']
2013-11-20 10:57:31,518: DEBUG: WISPr-Location-ID: [u'airline=BA01,tail=01009,network=']
2013-11-20 10:57:31,518: DEBUG: WISPr-Location-Name: [u'TEST LLC,BA01_01009']
2013-11-20 10:57:31,518: DEBUG: NAS-Port-Type: ['Wireless-802.11']
2013-11-20 10:57:31,518: DEBUG: Called-Station-Id: [u'00:16:3E:7D:F9:25']
2013-11-20 10:57:31,518: DEBUG: Calling-Station-Id: [u'17:21:31:41:52:60']
2013-11-20 10:57:31,519: DEBUG: 

2013-11-20 10:57:31,519: DEBUG: Received response with following attributes:
2013-11-20 10:57:41,520: DEBUG: 

2013-11-20 10:57:41,521: DEBUG: Creating Accounting Update Request with the following Attributes:
2013-11-20 10:57:41,522: DEBUG: User-Name: [u'username97@airborne.aircell.com']
2013-11-20 10:57:41,522: DEBUG: GoGo-Tail-Number: [u'AAATestNAS_90']
2013-11-20 10:57:41,523: DEBUG: Acct-Output-Octets: [1842726]
2013-11-20 10:57:41,523: DEBUG: NAS-IP-Address: ['10.254.95.1']
2013-11-20 10:57:41,523: DEBUG: GoGo-Total-Output-Gigawords: [0]
2013-11-20 10:57:41,523: DEBUG: Framed-IP-Address: ['10.254.95.127']
2013-11-20 10:57:41,523: DEBUG: GoGo-Total-Input-Voice-Gigawords: [0]
2013-11-20 10:57:41,524: DEBUG: GoGo-Total-Output-Octets: [1842726]
2013-11-20 10:57:41,524: DEBUG: GoGo-Acct-Input-Voice-Octets: [0]
2013-11-20 10:57:41,524: DEBUG: GoGo-Total-Input-Voice-Packets: [0]
2013-11-20 10:57:41,524: DEBUG: Called-Station-Id: [u'00:16:3E:7D:F9:25']
2013-11-20 10:57:41,524: DEBUG: WISPr-Location-Name: [u'TEST LLC,BA01_01009']
2013-11-20 10:57:41,524: DEBUG: NAS-Identifier: [u'C08386']
2013-11-20 10:57:41,525: DEBUG: Proxy-State: ['3330,3132']
2013-11-20 10:57:41,525: DEBUG: GoGo-Total-Input-Voice-Octets: [0]
2013-11-20 10:57:41,525: DEBUG: Acct-Status-Type: ['Interim-Update']
2013-11-20 10:57:41,525: DEBUG: GoGo-Total-Output-Voice-Gigawords: [0]
2013-11-20 10:57:41,525: DEBUG: GoGo-Airline: [u'BA01']
2013-11-20 10:57:41,525: DEBUG: Acct-Session-Id: [u'AAATestNAS_90-1384925251513-00163E7DF925-1']
2013-11-20 10:57:41,526: DEBUG: Acct-Session-Time: [10]
2013-11-20 10:57:41,526: DEBUG: Acct-Input-Packets: [13068]
2013-11-20 10:57:41,526: DEBUG: Acct-Output-Packets: [9544]
2013-11-20 10:57:41,526: DEBUG: GoGo-Acct-Output-Voice-Packets: [0]
2013-11-20 10:57:41,526: DEBUG: GoGo-Acct-Output-Voice-Octets: [0]
2013-11-20 10:57:41,526: DEBUG: Acct-Output-Gigawords: [0]
2013-11-20 10:57:41,526: DEBUG: GoGo-Total-Output-Voice-Packets: [0]
2013-11-20 10:57:41,527: DEBUG: Acct-Input-Gigawords: [0]
2013-11-20 10:57:41,527: DEBUG: Calling-Station-Id: [u'17:21:31:41:52:60']
2013-11-20 10:57:41,527: DEBUG: NAS-Port-Type: ['Wireless-802.11']
2013-11-20 10:57:41,527: DEBUG: GoGo-Total-Output-Voice-Octets: [0]
2013-11-20 10:57:41,527: DEBUG: GoGo-Private-IP-Address: ['192.168.1.179']
2013-11-20 10:57:41,527: DEBUG: GoGo-Acct-Input-Voice-Gigawords: [0]
2013-11-20 10:57:41,528: DEBUG: GoGo-Total-Input-Packets: [13068]
2013-11-20 10:57:41,528: DEBUG: GoGo-Total-Input-Gigawords: [0]
2013-11-20 10:57:41,528: DEBUG: GoGo-Acct-Input-Voice-Packets: [0]
2013-11-20 10:57:41,528: DEBUG: GoGo-Total-Input-Octets: [2286584]
2013-11-20 10:57:41,528: DEBUG: GoGo-Total-Output-Packets: [9544]
2013-11-20 10:57:41,528: DEBUG: WISPr-Location-ID: [u'airline=BA01,tail=01009,network=']
2013-11-20 10:57:41,528: DEBUG: GoGo-Acct-Output-Voice-Gigawords: [0]
2013-11-20 10:57:41,529: DEBUG: Acct-Input-Octets: [2286584]
2013-11-20 10:57:41,529: ERROR: Network error, Reason: 'Network error: Too many open files'
2013-11-20 10:57:41,529: DEBUG: User has abruptly end flag so ending the test with out AcctStop
2013-11-20 10:57:41,529: DEBUG: Ending the test for this user
