2013-11-20 10:56:12,423: DEBUG: Starting the client for the user username69@airborne.aircell.com to the server localhost

2013-11-20 10:56:12,424: DEBUG: DURATION of the TEST: 14
2013-11-20 10:56:12,424: DEBUG: NAS-IP: 10.254.237.1
2013-11-20 10:56:12,424: DEBUG: NAS-MAC-ADDR: 19:21:31:41:52:14
2013-11-20 10:56:12,424: DEBUG: Abruptly End: False
2013-11-20 10:56:12,424: DEBUG: Framed-IP: 10.254.237.176
2013-11-20 10:56:12,424: DEBUG: User-MAC-Addr: 00:16:3E:31:3E:8E
2013-11-20 10:56:12,424: DEBUG: 

2013-11-20 10:56:12,425: DEBUG: Creating Authentication Request with the following Attributes:
2013-11-20 10:56:12,425: DEBUG: NAS-Identifier: [u'C08386']
2013-11-20 10:56:12,425: DEBUG: User-Name: [u'username69@airborne.aircell.com']
2013-11-20 10:56:12,425: DEBUG: NAS-IP-Address: ['10.254.237.1']
2013-11-20 10:56:12,425: DEBUG: Service-Type: ['Authenticate-Only']
2013-11-20 10:56:12,425: DEBUG: Proxy-State: ['3237,3134']
2013-11-20 10:56:12,425: DEBUG: Framed-IP-Address: ['10.254.237.176']
2013-11-20 10:56:12,426: DEBUG: GoGo-Airline: [u'BA01']
2013-11-20 10:56:12,426: DEBUG: Acct-Session-Id: [u'AAATestNAS_232-1384925172425-00163E313E8E-1']
2013-11-20 10:56:12,426: DEBUG: GoGo-Tail-Number: [u'AAATestNAS_232']
2013-11-20 10:56:12,426: DEBUG: GoGo-Private-IP-Address: ['192.168.1.179']
2013-11-20 10:56:12,426: DEBUG: WISPr-Location-ID: [u'airline=BA01,tail=01009,network=']
2013-11-20 10:56:12,426: DEBUG: WISPr-Location-Name: [u'TEST LLC,BA01_01009']
2013-11-20 10:56:12,426: DEBUG: NAS-Port-Type: ['Wireless-802.11']
2013-11-20 10:56:12,426: DEBUG: Called-Station-Id: [u'00:16:3E:31:3E:8E']
2013-11-20 10:56:12,426: DEBUG: Calling-Station-Id: [u'19:21:31:41:52:14']
2013-11-20 10:56:12,428: DEBUG: 

2013-11-20 10:56:12,428: DEBUG: Received response with code: 2, Accepted
2013-11-20 10:56:12,428: DEBUG: Creating Authentication Request with the following Attributes:
2013-11-20 10:56:12,428: DEBUG: NAS-Identifier: [u'C08386']
2013-11-20 10:56:12,428: DEBUG: User-Name: [u'username69@airborne.aircell.com']
2013-11-20 10:56:12,428: DEBUG: NAS-IP-Address: ['10.254.237.1']
2013-11-20 10:56:12,429: DEBUG: Service-Type: ['Login-User']
2013-11-20 10:56:12,429: DEBUG: Proxy-State: ['3237,3134']
2013-11-20 10:56:12,429: DEBUG: Framed-IP-Address: ['10.254.237.176']
2013-11-20 10:56:12,429: DEBUG: GoGo-Airline: [u'BA01']
2013-11-20 10:56:12,429: DEBUG: Acct-Session-Id: [u'AAATestNAS_232-1384925172428-00163E313E8E-1']
2013-11-20 10:56:12,429: DEBUG: GoGo-Tail-Number: [u'AAATestNAS_232']
2013-11-20 10:56:12,429: DEBUG: GoGo-Private-IP-Address: ['192.168.1.179']
2013-11-20 10:56:12,429: DEBUG: WISPr-Location-ID: [u'airline=BA01,tail=01009,network=']
2013-11-20 10:56:12,429: DEBUG: WISPr-Location-Name: [u'TEST LLC,BA01_01009']
2013-11-20 10:56:12,430: DEBUG: NAS-Port-Type: ['Wireless-802.11']
2013-11-20 10:56:12,430: DEBUG: Called-Station-Id: [u'00:16:3E:31:3E:8E']
2013-11-20 10:56:12,430: DEBUG: Calling-Station-Id: [u'19:21:31:41:52:14']
2013-11-20 10:56:12,431: DEBUG: 

2013-11-20 10:56:12,431: DEBUG: Received response with code: 2, Accepted
2013-11-20 10:56:12,431: DEBUG: 

2013-11-20 10:56:12,431: DEBUG: Creating Accounting start Request with the following Attributes:
2013-11-20 10:56:12,433: DEBUG: NAS-Identifier: [u'C08386']
2013-11-20 10:56:12,433: DEBUG: User-Name: [u'username69@airborne.aircell.com']
2013-11-20 10:56:12,433: DEBUG: GoGo-Tail-Number: [u'AAATestNAS_232']
2013-11-20 10:56:12,433: DEBUG: NAS-IP-Address: ['10.254.237.1']
2013-11-20 10:56:12,434: DEBUG: Proxy-State: ['3239,3131']
2013-11-20 10:56:12,434: DEBUG: Acct-Status-Type: ['Start']
2013-11-20 10:56:12,434: DEBUG: GoGo-Airline: [u'BA01']
2013-11-20 10:56:12,435: DEBUG: Acct-Session-Id: [u'AAATestNAS_232-1384925172428-00163E313E8E-1']
2013-11-20 10:56:12,435: DEBUG: GoGo-Private-IP-Address: ['192.168.1.179']
2013-11-20 10:56:12,435: DEBUG: Framed-IP-Address: ['10.254.237.176']
2013-11-20 10:56:12,436: DEBUG: WISPr-Location-ID: [u'airline=BA01,tail=01009,network=']
2013-11-20 10:56:12,436: DEBUG: WISPr-Location-Name: [u'TEST LLC,BA01_01009']
2013-11-20 10:56:12,436: DEBUG: NAS-Port-Type: ['Wireless-802.11']
2013-11-20 10:56:12,436: DEBUG: Called-Station-Id: [u'00:16:3E:31:3E:8E']
2013-11-20 10:56:12,437: DEBUG: Calling-Station-Id: [u'19:21:31:41:52:14']
2013-11-20 10:56:12,438: DEBUG: 

2013-11-20 10:56:12,439: DEBUG: Received response with following attributes:
2013-11-20 10:56:22,440: DEBUG: 

2013-11-20 10:56:22,441: DEBUG: Creating Accounting Update Request with the following Attributes:
2013-11-20 10:56:22,441: DEBUG: User-Name: [u'username69@airborne.aircell.com']
2013-11-20 10:56:22,442: DEBUG: GoGo-Tail-Number: [u'AAATestNAS_232']
2013-11-20 10:56:22,442: DEBUG: Acct-Output-Octets: [2343884]
2013-11-20 10:56:22,442: DEBUG: NAS-IP-Address: ['10.254.237.1']
2013-11-20 10:56:22,442: DEBUG: GoGo-Total-Output-Gigawords: [0]
2013-11-20 10:56:22,443: DEBUG: Framed-IP-Address: ['10.254.237.176']
2013-11-20 10:56:22,443: DEBUG: GoGo-Total-Input-Voice-Gigawords: [0]
2013-11-20 10:56:22,444: DEBUG: GoGo-Total-Output-Octets: [2343884]
2013-11-20 10:56:22,444: DEBUG: GoGo-Acct-Input-Voice-Octets: [0]
2013-11-20 10:56:22,445: DEBUG: GoGo-Total-Input-Voice-Packets: [0]
2013-11-20 10:56:22,445: DEBUG: Called-Station-Id: [u'00:16:3E:31:3E:8E']
2013-11-20 10:56:22,445: DEBUG: WISPr-Location-Name: [u'TEST LLC,BA01_01009']
2013-11-20 10:56:22,446: DEBUG: NAS-Identifier: [u'C08386']
2013-11-20 10:56:22,446: DEBUG: Proxy-State: ['3330,3132']
2013-11-20 10:56:22,447: DEBUG: GoGo-Total-Input-Voice-Octets: [0]
2013-11-20 10:56:22,447: DEBUG: Acct-Status-Type: ['Interim-Update']
2013-11-20 10:56:22,448: DEBUG: GoGo-Total-Output-Voice-Gigawords: [0]
2013-11-20 10:56:22,448: DEBUG: GoGo-Airline: [u'BA01']
2013-11-20 10:56:22,448: DEBUG: Acct-Session-Id: [u'AAATestNAS_232-1384925172428-00163E313E8E-1']
2013-11-20 10:56:22,449: DEBUG: Acct-Session-Time: [10]
2013-11-20 10:56:22,450: DEBUG: Acct-Input-Packets: [22732]
2013-11-20 10:56:22,450: DEBUG: Acct-Output-Packets: [22904]
2013-11-20 10:56:22,451: DEBUG: GoGo-Acct-Output-Voice-Packets: [0]
2013-11-20 10:56:22,452: DEBUG: GoGo-Acct-Output-Voice-Octets: [0]
2013-11-20 10:56:22,452: DEBUG: Acct-Output-Gigawords: [0]
2013-11-20 10:56:22,452: DEBUG: GoGo-Total-Output-Voice-Packets: [0]
2013-11-20 10:56:22,453: DEBUG: Acct-Input-Gigawords: [0]
2013-11-20 10:56:22,454: DEBUG: Calling-Station-Id: [u'19:21:31:41:52:14']
2013-11-20 10:56:22,455: DEBUG: NAS-Port-Type: ['Wireless-802.11']
2013-11-20 10:56:22,455: DEBUG: GoGo-Total-Output-Voice-Octets: [0]
2013-11-20 10:56:22,456: DEBUG: GoGo-Private-IP-Address: ['192.168.1.179']
2013-11-20 10:56:22,457: DEBUG: GoGo-Acct-Input-Voice-Gigawords: [0]
2013-11-20 10:56:22,457: DEBUG: GoGo-Total-Input-Packets: [22732]
2013-11-20 10:56:22,458: DEBUG: GoGo-Total-Input-Gigawords: [0]
2013-11-20 10:56:22,459: DEBUG: GoGo-Acct-Input-Voice-Packets: [0]
2013-11-20 10:56:22,459: DEBUG: GoGo-Total-Input-Octets: [6708136]
2013-11-20 10:56:22,460: DEBUG: GoGo-Total-Output-Packets: [22904]
2013-11-20 10:56:22,461: DEBUG: WISPr-Location-ID: [u'airline=BA01,tail=01009,network=']
2013-11-20 10:56:22,461: DEBUG: GoGo-Acct-Output-Voice-Gigawords: [0]
2013-11-20 10:56:22,462: DEBUG: Acct-Input-Octets: [6708136]
2013-11-20 10:56:22,467: DEBUG: 

2013-11-20 10:56:22,468: DEBUG: Received response with following attributes:
2013-11-20 10:56:48,469: DEBUG: 

2013-11-20 10:56:48,469: DEBUG: Creating Accounting Stop Request with the following Attributes:
2013-11-20 10:56:48,470: DEBUG: User-Name: [u'username69@airborne.aircell.com']
2013-11-20 10:56:48,470: DEBUG: GoGo-Tail-Number: [u'01009']
2013-11-20 10:56:48,471: DEBUG: Acct-Output-Octets: [5632147]
2013-11-20 10:56:48,471: DEBUG: NAS-IP-Address: ['10.254.237.1']
2013-11-20 10:56:48,471: DEBUG: GoGo-Total-Output-Gigawords: [0]
2013-11-20 10:56:48,471: DEBUG: Framed-IP-Address: ['10.254.237.176']
2013-11-20 10:56:48,472: DEBUG: GoGo-Total-Input-Voice-Gigawords: [0]
2013-11-20 10:56:48,472: DEBUG: GoGo-Total-Output-Octets: [5632147]
2013-11-20 10:56:48,472: DEBUG: GoGo-Acct-Input-Voice-Octets: [0]
2013-11-20 10:56:48,472: DEBUG: GoGo-Total-Input-Voice-Packets: [0]
2013-11-20 10:56:48,473: DEBUG: Called-Station-Id: [u'00:16:3E:31:3E:8E']
2013-11-20 10:56:48,473: DEBUG: WISPr-Location-Name: [u'TEST LLC,BA01_01009']
2013-11-20 10:56:48,473: DEBUG: NAS-Identifier: [u'C08386']
2013-11-20 10:56:48,473: DEBUG: Proxy-State: ['3330,3132']
2013-11-20 10:56:48,473: DEBUG: GoGo-Total-Input-Voice-Octets: [0]
2013-11-20 10:56:48,474: DEBUG: Acct-Status-Type: ['Stop']
2013-11-20 10:56:48,474: DEBUG: GoGo-Total-Output-Voice-Gigawords: [0]
2013-11-20 10:56:48,474: DEBUG: GoGo-Airline: [u'BA01']
2013-11-20 10:56:48,474: DEBUG: Acct-Session-Id: [u'AAATestNAS_232-1384925172428-00163E313E8E-1']
2013-11-20 10:56:48,475: DEBUG: Acct-Session-Time: [26]
2013-11-20 10:56:48,475: DEBUG: Acct-Input-Packets: [20454]
2013-11-20 10:56:48,475: DEBUG: Acct-Output-Packets: [14817]
2013-11-20 10:56:48,475: DEBUG: Acct-Terminate-Cause: ['User-Request']
2013-11-20 10:56:48,476: DEBUG: GoGo-Acct-Output-Voice-Octets: [0]
2013-11-20 10:56:48,476: DEBUG: Acct-Output-Gigawords: [0]
2013-11-20 10:56:48,476: DEBUG: GoGo-Total-Output-Voice-Packets: [0]
2013-11-20 10:56:48,476: DEBUG: Acct-Input-Gigawords: [0]
2013-11-20 10:56:48,477: DEBUG: Calling-Station-Id: [u'19:21:31:41:52:14']
2013-11-20 10:56:48,477: DEBUG: NAS-Port-Type: ['Wireless-802.11']
2013-11-20 10:56:48,477: DEBUG: GoGo-Total-Output-Voice-Octets: [0]
2013-11-20 10:56:48,477: DEBUG: GoGo-Private-IP-Address: ['192.168.1.179']
2013-11-20 10:56:48,478: DEBUG: GoGo-Acct-Input-Voice-Gigawords: [0]
2013-11-20 10:56:48,478: DEBUG: GoGo-Total-Input-Packets: [20454]
2013-11-20 10:56:48,478: DEBUG: GoGo-Total-Input-Gigawords: [0]
2013-11-20 10:56:48,478: DEBUG: GoGo-Acct-Input-Voice-Packets: [0]
2013-11-20 10:56:48,478: DEBUG: GoGo-Total-Input-Octets: [2757556]
2013-11-20 10:56:48,479: DEBUG: GoGo-Total-Output-Packets: [14817]
2013-11-20 10:56:48,479: DEBUG: WISPr-Location-ID: [u'airline=BA01,tail=01009,network=']
2013-11-20 10:56:48,479: DEBUG: GoGo-Acct-Output-Voice-Packets: [0]
2013-11-20 10:56:48,479: DEBUG: GoGo-Acct-Output-Voice-Gigawords: [0]
2013-11-20 10:56:48,479: DEBUG: Acct-Input-Octets: [2757556]
2013-11-20 10:56:48,480: DEBUG: 

2013-11-20 10:56:48,481: DEBUG: Received response with following attributes:
2013-11-20 10:56:48,481: DEBUG: Ending the test for this user
2013-11-20 10:56:49,460: DEBUG: Starting the client for the user username69@airborne.aircell.com to the server localhost

2013-11-20 10:56:49,460: DEBUG: Starting the client for the user username69@airborne.aircell.com to the server localhost

2013-11-20 10:56:49,460: DEBUG: DURATION of the TEST: 40
2013-11-20 10:56:49,460: DEBUG: DURATION of the TEST: 40
2013-11-20 10:56:49,460: DEBUG: NAS-IP: 10.254.196.1
2013-11-20 10:56:49,460: DEBUG: NAS-IP: 10.254.196.1
2013-11-20 10:56:49,460: DEBUG: NAS-MAC-ADDR: 18:21:31:41:52:72
2013-11-20 10:56:49,460: DEBUG: NAS-MAC-ADDR: 18:21:31:41:52:72
2013-11-20 10:56:49,461: DEBUG: Abruptly End: False
2013-11-20 10:56:49,461: DEBUG: Abruptly End: False
2013-11-20 10:56:49,461: DEBUG: Framed-IP: 10.254.196.116
2013-11-20 10:56:49,461: DEBUG: Framed-IP: 10.254.196.116
2013-11-20 10:56:49,461: DEBUG: User-MAC-Addr: 00:16:3E:57:CA:93
2013-11-20 10:56:49,461: DEBUG: User-MAC-Addr: 00:16:3E:57:CA:93
2013-11-20 10:56:49,461: DEBUG: 

2013-11-20 10:56:49,461: DEBUG: 

2013-11-20 10:56:49,462: DEBUG: Creating Authentication Request with the following Attributes:
2013-11-20 10:56:49,462: DEBUG: Creating Authentication Request with the following Attributes:
2013-11-20 10:56:49,462: DEBUG: NAS-Identifier: [u'C08386']
2013-11-20 10:56:49,462: DEBUG: NAS-Identifier: [u'C08386']
2013-11-20 10:56:49,462: DEBUG: User-Name: [u'username69@airborne.aircell.com']
2013-11-20 10:56:49,462: DEBUG: User-Name: [u'username69@airborne.aircell.com']
2013-11-20 10:56:49,463: DEBUG: NAS-IP-Address: ['10.254.196.1']
2013-11-20 10:56:49,463: DEBUG: NAS-IP-Address: ['10.254.196.1']
2013-11-20 10:56:49,463: DEBUG: Service-Type: ['Authenticate-Only']
2013-11-20 10:56:49,463: DEBUG: Service-Type: ['Authenticate-Only']
2013-11-20 10:56:49,465: DEBUG: Proxy-State: ['3237,3134']
2013-11-20 10:56:49,465: DEBUG: Proxy-State: ['3237,3134']
2013-11-20 10:56:49,465: DEBUG: Framed-IP-Address: ['10.254.196.116']
2013-11-20 10:56:49,465: DEBUG: Framed-IP-Address: ['10.254.196.116']
2013-11-20 10:56:49,466: DEBUG: GoGo-Airline: [u'BA01']
2013-11-20 10:56:49,466: DEBUG: GoGo-Airline: [u'BA01']
2013-11-20 10:56:49,467: DEBUG: Acct-Session-Id: [u'AAATestNAS_191-1384925209462-00163E57CA93-1']
2013-11-20 10:56:49,467: DEBUG: Acct-Session-Id: [u'AAATestNAS_191-1384925209462-00163E57CA93-1']
2013-11-20 10:56:49,467: DEBUG: GoGo-Tail-Number: [u'AAATestNAS_191']
2013-11-20 10:56:49,467: DEBUG: GoGo-Tail-Number: [u'AAATestNAS_191']
2013-11-20 10:56:49,468: DEBUG: GoGo-Private-IP-Address: ['192.168.1.179']
2013-11-20 10:56:49,468: DEBUG: GoGo-Private-IP-Address: ['192.168.1.179']
2013-11-20 10:56:49,468: DEBUG: WISPr-Location-ID: [u'airline=BA01,tail=01009,network=']
2013-11-20 10:56:49,468: DEBUG: WISPr-Location-ID: [u'airline=BA01,tail=01009,network=']
2013-11-20 10:56:49,469: DEBUG: WISPr-Location-Name: [u'TEST LLC,BA01_01009']
2013-11-20 10:56:49,469: DEBUG: WISPr-Location-Name: [u'TEST LLC,BA01_01009']
2013-11-20 10:56:49,469: DEBUG: NAS-Port-Type: ['Wireless-802.11']
2013-11-20 10:56:49,469: DEBUG: NAS-Port-Type: ['Wireless-802.11']
2013-11-20 10:56:49,470: DEBUG: Called-Station-Id: [u'00:16:3E:57:CA:93']
2013-11-20 10:56:49,470: DEBUG: Called-Station-Id: [u'00:16:3E:57:CA:93']
2013-11-20 10:56:49,470: DEBUG: Calling-Station-Id: [u'18:21:31:41:52:72']
2013-11-20 10:56:49,470: DEBUG: Calling-Station-Id: [u'18:21:31:41:52:72']
2013-11-20 10:56:49,472: DEBUG: 

2013-11-20 10:56:49,472: DEBUG: 

2013-11-20 10:56:49,472: DEBUG: Received response with code: 2, Accepted
2013-11-20 10:56:49,472: DEBUG: Received response with code: 2, Accepted
2013-11-20 10:56:49,473: DEBUG: Creating Authentication Request with the following Attributes:
2013-11-20 10:56:49,473: DEBUG: Creating Authentication Request with the following Attributes:
2013-11-20 10:56:49,474: DEBUG: NAS-Identifier: [u'C08386']
2013-11-20 10:56:49,474: DEBUG: NAS-Identifier: [u'C08386']
2013-11-20 10:56:49,474: DEBUG: User-Name: [u'username69@airborne.aircell.com']
2013-11-20 10:56:49,474: DEBUG: User-Name: [u'username69@airborne.aircell.com']
2013-11-20 10:56:49,475: DEBUG: NAS-IP-Address: ['10.254.196.1']
2013-11-20 10:56:49,475: DEBUG: NAS-IP-Address: ['10.254.196.1']
2013-11-20 10:56:49,476: DEBUG: Service-Type: ['Login-User']
2013-11-20 10:56:49,476: DEBUG: Service-Type: ['Login-User']
2013-11-20 10:56:49,477: DEBUG: Proxy-State: ['3237,3134']
2013-11-20 10:56:49,477: DEBUG: Proxy-State: ['3237,3134']
2013-11-20 10:56:49,479: DEBUG: Framed-IP-Address: ['10.254.196.116']
2013-11-20 10:56:49,479: DEBUG: Framed-IP-Address: ['10.254.196.116']
2013-11-20 10:56:49,479: DEBUG: GoGo-Airline: [u'BA01']
2013-11-20 10:56:49,479: DEBUG: GoGo-Airline: [u'BA01']
2013-11-20 10:56:49,480: DEBUG: Acct-Session-Id: [u'AAATestNAS_191-1384925209473-00163E57CA93-1']
2013-11-20 10:56:49,480: DEBUG: Acct-Session-Id: [u'AAATestNAS_191-1384925209473-00163E57CA93-1']
2013-11-20 10:56:49,482: DEBUG: GoGo-Tail-Number: [u'AAATestNAS_191']
2013-11-20 10:56:49,482: DEBUG: GoGo-Tail-Number: [u'AAATestNAS_191']
2013-11-20 10:56:49,483: DEBUG: GoGo-Private-IP-Address: ['192.168.1.179']
2013-11-20 10:56:49,483: DEBUG: GoGo-Private-IP-Address: ['192.168.1.179']
2013-11-20 10:56:49,484: DEBUG: WISPr-Location-ID: [u'airline=BA01,tail=01009,network=']
2013-11-20 10:56:49,484: DEBUG: WISPr-Location-ID: [u'airline=BA01,tail=01009,network=']
2013-11-20 10:56:49,485: DEBUG: WISPr-Location-Name: [u'TEST LLC,BA01_01009']
2013-11-20 10:56:49,485: DEBUG: WISPr-Location-Name: [u'TEST LLC,BA01_01009']
2013-11-20 10:56:49,485: DEBUG: NAS-Port-Type: ['Wireless-802.11']
2013-11-20 10:56:49,485: DEBUG: NAS-Port-Type: ['Wireless-802.11']
2013-11-20 10:56:49,486: DEBUG: Called-Station-Id: [u'00:16:3E:57:CA:93']
2013-11-20 10:56:49,486: DEBUG: Called-Station-Id: [u'00:16:3E:57:CA:93']
2013-11-20 10:56:49,487: DEBUG: Calling-Station-Id: [u'18:21:31:41:52:72']
2013-11-20 10:56:49,487: DEBUG: Calling-Station-Id: [u'18:21:31:41:52:72']
2013-11-20 10:56:49,489: DEBUG: 

2013-11-20 10:56:49,489: DEBUG: 

2013-11-20 10:56:49,490: DEBUG: Received response with code: 2, Accepted
2013-11-20 10:56:49,490: DEBUG: Received response with code: 2, Accepted
2013-11-20 10:56:49,492: DEBUG: 

2013-11-20 10:56:49,492: DEBUG: 

2013-11-20 10:56:49,495: DEBUG: Creating Accounting start Request with the following Attributes:
2013-11-20 10:56:49,495: DEBUG: Creating Accounting start Request with the following Attributes:
2013-11-20 10:56:49,495: DEBUG: NAS-Identifier: [u'C08386']
2013-11-20 10:56:49,495: DEBUG: NAS-Identifier: [u'C08386']
2013-11-20 10:56:49,496: DEBUG: User-Name: [u'username69@airborne.aircell.com']
2013-11-20 10:56:49,496: DEBUG: User-Name: [u'username69@airborne.aircell.com']
2013-11-20 10:56:49,498: DEBUG: GoGo-Tail-Number: [u'AAATestNAS_191']
2013-11-20 10:56:49,498: DEBUG: GoGo-Tail-Number: [u'AAATestNAS_191']
2013-11-20 10:56:49,499: DEBUG: NAS-IP-Address: ['10.254.196.1']
2013-11-20 10:56:49,499: DEBUG: NAS-IP-Address: ['10.254.196.1']
2013-11-20 10:56:49,501: DEBUG: Proxy-State: ['3239,3131']
2013-11-20 10:56:49,501: DEBUG: Proxy-State: ['3239,3131']
2013-11-20 10:56:49,502: DEBUG: Acct-Status-Type: ['Start']
2013-11-20 10:56:49,502: DEBUG: Acct-Status-Type: ['Start']
2013-11-20 10:56:49,503: DEBUG: GoGo-Airline: [u'BA01']
2013-11-20 10:56:49,503: DEBUG: GoGo-Airline: [u'BA01']
2013-11-20 10:56:49,504: DEBUG: Acct-Session-Id: [u'AAATestNAS_191-1384925209473-00163E57CA93-1']
2013-11-20 10:56:49,504: DEBUG: Acct-Session-Id: [u'AAATestNAS_191-1384925209473-00163E57CA93-1']
2013-11-20 10:56:49,504: DEBUG: GoGo-Private-IP-Address: ['192.168.1.179']
2013-11-20 10:56:49,504: DEBUG: GoGo-Private-IP-Address: ['192.168.1.179']
2013-11-20 10:56:49,506: DEBUG: Framed-IP-Address: ['10.254.196.116']
2013-11-20 10:56:49,506: DEBUG: Framed-IP-Address: ['10.254.196.116']
2013-11-20 10:56:49,506: DEBUG: WISPr-Location-ID: [u'airline=BA01,tail=01009,network=']
2013-11-20 10:56:49,506: DEBUG: WISPr-Location-ID: [u'airline=BA01,tail=01009,network=']
2013-11-20 10:56:49,510: DEBUG: WISPr-Location-Name: [u'TEST LLC,BA01_01009']
2013-11-20 10:56:49,510: DEBUG: WISPr-Location-Name: [u'TEST LLC,BA01_01009']
2013-11-20 10:56:49,512: DEBUG: NAS-Port-Type: ['Wireless-802.11']
2013-11-20 10:56:49,512: DEBUG: NAS-Port-Type: ['Wireless-802.11']
2013-11-20 10:56:49,514: DEBUG: Called-Station-Id: [u'00:16:3E:57:CA:93']
2013-11-20 10:56:49,514: DEBUG: Called-Station-Id: [u'00:16:3E:57:CA:93']
2013-11-20 10:56:49,515: DEBUG: Calling-Station-Id: [u'18:21:31:41:52:72']
2013-11-20 10:56:49,515: DEBUG: Calling-Station-Id: [u'18:21:31:41:52:72']
2013-11-20 10:56:49,520: DEBUG: 

2013-11-20 10:56:49,520: DEBUG: 

2013-11-20 10:56:49,523: DEBUG: Received response with following attributes:
2013-11-20 10:56:49,523: DEBUG: Received response with following attributes:
2013-11-20 10:56:59,526: DEBUG: 

2013-11-20 10:56:59,526: DEBUG: 

2013-11-20 10:56:59,526: DEBUG: Creating Accounting Update Request with the following Attributes:
2013-11-20 10:56:59,526: DEBUG: Creating Accounting Update Request with the following Attributes:
2013-11-20 10:56:59,527: DEBUG: User-Name: [u'username69@airborne.aircell.com']
2013-11-20 10:56:59,527: DEBUG: User-Name: [u'username69@airborne.aircell.com']
2013-11-20 10:56:59,527: DEBUG: GoGo-Tail-Number: [u'AAATestNAS_191']
2013-11-20 10:56:59,527: DEBUG: GoGo-Tail-Number: [u'AAATestNAS_191']
2013-11-20 10:56:59,527: DEBUG: Acct-Output-Octets: [7945262]
2013-11-20 10:56:59,527: DEBUG: Acct-Output-Octets: [7945262]
2013-11-20 10:56:59,527: DEBUG: NAS-IP-Address: ['10.254.196.1']
2013-11-20 10:56:59,527: DEBUG: NAS-IP-Address: ['10.254.196.1']
2013-11-20 10:56:59,527: DEBUG: GoGo-Total-Output-Gigawords: [0]
2013-11-20 10:56:59,527: DEBUG: GoGo-Total-Output-Gigawords: [0]
2013-11-20 10:56:59,527: DEBUG: Framed-IP-Address: ['10.254.196.116']
2013-11-20 10:56:59,527: DEBUG: Framed-IP-Address: ['10.254.196.116']
2013-11-20 10:56:59,528: DEBUG: GoGo-Total-Input-Voice-Gigawords: [0]
2013-11-20 10:56:59,528: DEBUG: GoGo-Total-Input-Voice-Gigawords: [0]
2013-11-20 10:56:59,528: DEBUG: GoGo-Total-Output-Octets: [7945262]
2013-11-20 10:56:59,528: DEBUG: GoGo-Total-Output-Octets: [7945262]
2013-11-20 10:56:59,528: DEBUG: GoGo-Acct-Input-Voice-Octets: [0]
2013-11-20 10:56:59,528: DEBUG: GoGo-Acct-Input-Voice-Octets: [0]
2013-11-20 10:56:59,528: DEBUG: GoGo-Total-Input-Voice-Packets: [0]
2013-11-20 10:56:59,528: DEBUG: GoGo-Total-Input-Voice-Packets: [0]
2013-11-20 10:56:59,528: DEBUG: Called-Station-Id: [u'00:16:3E:57:CA:93']
2013-11-20 10:56:59,528: DEBUG: Called-Station-Id: [u'00:16:3E:57:CA:93']
2013-11-20 10:56:59,528: DEBUG: WISPr-Location-Name: [u'TEST LLC,BA01_01009']
2013-11-20 10:56:59,528: DEBUG: WISPr-Location-Name: [u'TEST LLC,BA01_01009']
2013-11-20 10:56:59,528: DEBUG: NAS-Identifier: [u'C08386']
2013-11-20 10:56:59,528: DEBUG: NAS-Identifier: [u'C08386']
2013-11-20 10:56:59,529: DEBUG: Proxy-State: ['3330,3132']
2013-11-20 10:56:59,529: DEBUG: Proxy-State: ['3330,3132']
2013-11-20 10:56:59,529: DEBUG: GoGo-Total-Input-Voice-Octets: [0]
2013-11-20 10:56:59,529: DEBUG: GoGo-Total-Input-Voice-Octets: [0]
2013-11-20 10:56:59,529: DEBUG: Acct-Status-Type: ['Interim-Update']
2013-11-20 10:56:59,529: DEBUG: Acct-Status-Type: ['Interim-Update']
2013-11-20 10:56:59,529: DEBUG: GoGo-Total-Output-Voice-Gigawords: [0]
2013-11-20 10:56:59,529: DEBUG: GoGo-Total-Output-Voice-Gigawords: [0]
2013-11-20 10:56:59,529: DEBUG: GoGo-Airline: [u'BA01']
2013-11-20 10:56:59,529: DEBUG: GoGo-Airline: [u'BA01']
2013-11-20 10:56:59,529: DEBUG: Acct-Session-Id: [u'AAATestNAS_191-1384925209473-00163E57CA93-1']
2013-11-20 10:56:59,529: DEBUG: Acct-Session-Id: [u'AAATestNAS_191-1384925209473-00163E57CA93-1']
2013-11-20 10:56:59,529: DEBUG: Acct-Session-Time: [10]
2013-11-20 10:56:59,529: DEBUG: Acct-Session-Time: [10]
2013-11-20 10:56:59,530: DEBUG: Acct-Input-Packets: [67295]
2013-11-20 10:56:59,530: DEBUG: Acct-Input-Packets: [67295]
2013-11-20 10:56:59,531: DEBUG: Acct-Output-Packets: [53605]
2013-11-20 10:56:59,531: DEBUG: Acct-Output-Packets: [53605]
2013-11-20 10:56:59,531: DEBUG: GoGo-Acct-Output-Voice-Packets: [0]
2013-11-20 10:56:59,531: DEBUG: GoGo-Acct-Output-Voice-Packets: [0]
2013-11-20 10:56:59,531: DEBUG: GoGo-Acct-Output-Voice-Octets: [0]
2013-11-20 10:56:59,531: DEBUG: GoGo-Acct-Output-Voice-Octets: [0]
2013-11-20 10:56:59,532: DEBUG: Acct-Output-Gigawords: [0]
2013-11-20 10:56:59,532: DEBUG: Acct-Output-Gigawords: [0]
2013-11-20 10:56:59,532: DEBUG: GoGo-Total-Output-Voice-Packets: [0]
2013-11-20 10:56:59,532: DEBUG: GoGo-Total-Output-Voice-Packets: [0]
2013-11-20 10:56:59,533: DEBUG: Acct-Input-Gigawords: [0]
2013-11-20 10:56:59,533: DEBUG: Acct-Input-Gigawords: [0]
2013-11-20 10:56:59,533: DEBUG: Calling-Station-Id: [u'18:21:31:41:52:72']
2013-11-20 10:56:59,533: DEBUG: Calling-Station-Id: [u'18:21:31:41:52:72']
2013-11-20 10:56:59,533: DEBUG: NAS-Port-Type: ['Wireless-802.11']
2013-11-20 10:56:59,533: DEBUG: NAS-Port-Type: ['Wireless-802.11']
2013-11-20 10:56:59,534: DEBUG: GoGo-Total-Output-Voice-Octets: [0]
2013-11-20 10:56:59,534: DEBUG: GoGo-Total-Output-Voice-Octets: [0]
2013-11-20 10:56:59,534: DEBUG: GoGo-Private-IP-Address: ['192.168.1.179']
2013-11-20 10:56:59,534: DEBUG: GoGo-Private-IP-Address: ['192.168.1.179']
2013-11-20 10:56:59,535: DEBUG: GoGo-Acct-Input-Voice-Gigawords: [0]
2013-11-20 10:56:59,535: DEBUG: GoGo-Acct-Input-Voice-Gigawords: [0]
2013-11-20 10:56:59,535: DEBUG: GoGo-Total-Input-Packets: [67295]
2013-11-20 10:56:59,535: DEBUG: GoGo-Total-Input-Packets: [67295]
2013-11-20 10:56:59,536: DEBUG: GoGo-Total-Input-Gigawords: [0]
2013-11-20 10:56:59,536: DEBUG: GoGo-Total-Input-Gigawords: [0]
2013-11-20 10:56:59,536: DEBUG: GoGo-Acct-Input-Voice-Packets: [0]
2013-11-20 10:56:59,536: DEBUG: GoGo-Acct-Input-Voice-Packets: [0]
2013-11-20 10:56:59,537: DEBUG: GoGo-Total-Input-Octets: [7456292]
2013-11-20 10:56:59,537: DEBUG: GoGo-Total-Input-Octets: [7456292]
2013-11-20 10:56:59,538: DEBUG: GoGo-Total-Output-Packets: [53605]
2013-11-20 10:56:59,538: DEBUG: GoGo-Total-Output-Packets: [53605]
2013-11-20 10:56:59,538: DEBUG: WISPr-Location-ID: [u'airline=BA01,tail=01009,network=']
2013-11-20 10:56:59,538: DEBUG: WISPr-Location-ID: [u'airline=BA01,tail=01009,network=']
2013-11-20 10:56:59,539: DEBUG: GoGo-Acct-Output-Voice-Gigawords: [0]
2013-11-20 10:56:59,539: DEBUG: GoGo-Acct-Output-Voice-Gigawords: [0]
2013-11-20 10:56:59,540: DEBUG: Acct-Input-Octets: [7456292]
2013-11-20 10:56:59,540: DEBUG: Acct-Input-Octets: [7456292]
2013-11-20 10:56:59,542: DEBUG: 

2013-11-20 10:56:59,542: DEBUG: 

2013-11-20 10:56:59,543: DEBUG: Received response with following attributes:
2013-11-20 10:56:59,543: DEBUG: Received response with following attributes:
2013-11-20 10:57:09,544: DEBUG: 

2013-11-20 10:57:09,544: DEBUG: 

2013-11-20 10:57:09,545: DEBUG: Creating Accounting Update Request with the following Attributes:
2013-11-20 10:57:09,545: DEBUG: Creating Accounting Update Request with the following Attributes:
2013-11-20 10:57:09,545: DEBUG: User-Name: [u'username69@airborne.aircell.com']
2013-11-20 10:57:09,545: DEBUG: User-Name: [u'username69@airborne.aircell.com']
2013-11-20 10:57:09,545: DEBUG: GoGo-Tail-Number: [u'AAATestNAS_191']
2013-11-20 10:57:09,545: DEBUG: GoGo-Tail-Number: [u'AAATestNAS_191']
2013-11-20 10:57:09,546: DEBUG: Acct-Output-Octets: [5253358]
2013-11-20 10:57:09,546: DEBUG: Acct-Output-Octets: [5253358]
2013-11-20 10:57:09,546: DEBUG: NAS-IP-Address: ['10.254.196.1']
2013-11-20 10:57:09,546: DEBUG: NAS-IP-Address: ['10.254.196.1']
2013-11-20 10:57:09,546: DEBUG: GoGo-Total-Output-Gigawords: [0]
2013-11-20 10:57:09,546: DEBUG: GoGo-Total-Output-Gigawords: [0]
2013-11-20 10:57:09,546: DEBUG: Framed-IP-Address: ['10.254.196.116']
2013-11-20 10:57:09,546: DEBUG: Framed-IP-Address: ['10.254.196.116']
2013-11-20 10:57:09,546: DEBUG: GoGo-Total-Input-Voice-Gigawords: [0]
2013-11-20 10:57:09,546: DEBUG: GoGo-Total-Input-Voice-Gigawords: [0]
2013-11-20 10:57:09,546: DEBUG: GoGo-Total-Output-Octets: [5253358]
2013-11-20 10:57:09,546: DEBUG: GoGo-Total-Output-Octets: [5253358]
2013-11-20 10:57:09,546: DEBUG: GoGo-Acct-Input-Voice-Octets: [0]
2013-11-20 10:57:09,546: DEBUG: GoGo-Acct-Input-Voice-Octets: [0]
2013-11-20 10:57:09,546: DEBUG: GoGo-Total-Input-Voice-Packets: [0]
2013-11-20 10:57:09,546: DEBUG: GoGo-Total-Input-Voice-Packets: [0]
2013-11-20 10:57:09,547: DEBUG: Called-Station-Id: [u'00:16:3E:57:CA:93']
2013-11-20 10:57:09,547: DEBUG: Called-Station-Id: [u'00:16:3E:57:CA:93']
2013-11-20 10:57:09,547: DEBUG: WISPr-Location-Name: [u'TEST LLC,BA01_01009']
2013-11-20 10:57:09,547: DEBUG: WISPr-Location-Name: [u'TEST LLC,BA01_01009']
2013-11-20 10:57:09,547: DEBUG: NAS-Identifier: [u'C08386']
2013-11-20 10:57:09,547: DEBUG: NAS-Identifier: [u'C08386']
2013-11-20 10:57:09,547: DEBUG: Proxy-State: ['3330,3132']
2013-11-20 10:57:09,547: DEBUG: Proxy-State: ['3330,3132']
2013-11-20 10:57:09,547: DEBUG: GoGo-Total-Input-Voice-Octets: [0]
2013-11-20 10:57:09,547: DEBUG: GoGo-Total-Input-Voice-Octets: [0]
2013-11-20 10:57:09,547: DEBUG: Acct-Status-Type: ['Interim-Update']
2013-11-20 10:57:09,547: DEBUG: Acct-Status-Type: ['Interim-Update']
2013-11-20 10:57:09,547: DEBUG: GoGo-Total-Output-Voice-Gigawords: [0]
2013-11-20 10:57:09,547: DEBUG: GoGo-Total-Output-Voice-Gigawords: [0]
2013-11-20 10:57:09,548: DEBUG: GoGo-Airline: [u'BA01']
2013-11-20 10:57:09,548: DEBUG: GoGo-Airline: [u'BA01']
2013-11-20 10:57:09,548: DEBUG: Acct-Session-Id: [u'AAATestNAS_191-1384925209473-00163E57CA93-1']
2013-11-20 10:57:09,548: DEBUG: Acct-Session-Id: [u'AAATestNAS_191-1384925209473-00163E57CA93-1']
2013-11-20 10:57:09,548: DEBUG: Acct-Session-Time: [10]
2013-11-20 10:57:09,548: DEBUG: Acct-Session-Time: [10]
2013-11-20 10:57:09,548: DEBUG: Acct-Input-Packets: [27816]
2013-11-20 10:57:09,548: DEBUG: Acct-Input-Packets: [27816]
2013-11-20 10:57:09,548: DEBUG: Acct-Output-Packets: [12841]
2013-11-20 10:57:09,548: DEBUG: Acct-Output-Packets: [12841]
2013-11-20 10:57:09,548: DEBUG: GoGo-Acct-Output-Voice-Packets: [0]
2013-11-20 10:57:09,548: DEBUG: GoGo-Acct-Output-Voice-Packets: [0]
2013-11-20 10:57:09,549: DEBUG: GoGo-Acct-Output-Voice-Octets: [0]
2013-11-20 10:57:09,549: DEBUG: GoGo-Acct-Output-Voice-Octets: [0]
2013-11-20 10:57:09,549: DEBUG: Acct-Output-Gigawords: [0]
2013-11-20 10:57:09,549: DEBUG: Acct-Output-Gigawords: [0]
2013-11-20 10:57:09,549: DEBUG: GoGo-Total-Output-Voice-Packets: [0]
2013-11-20 10:57:09,549: DEBUG: GoGo-Total-Output-Voice-Packets: [0]
2013-11-20 10:57:09,549: DEBUG: Acct-Input-Gigawords: [0]
2013-11-20 10:57:09,549: DEBUG: Acct-Input-Gigawords: [0]
2013-11-20 10:57:09,549: DEBUG: Calling-Station-Id: [u'18:21:31:41:52:72']
2013-11-20 10:57:09,549: DEBUG: Calling-Station-Id: [u'18:21:31:41:52:72']
2013-11-20 10:57:09,549: DEBUG: NAS-Port-Type: ['Wireless-802.11']
2013-11-20 10:57:09,549: DEBUG: NAS-Port-Type: ['Wireless-802.11']
2013-11-20 10:57:09,550: DEBUG: GoGo-Total-Output-Voice-Octets: [0]
2013-11-20 10:57:09,550: DEBUG: GoGo-Total-Output-Voice-Octets: [0]
2013-11-20 10:57:09,551: DEBUG: GoGo-Private-IP-Address: ['192.168.1.179']
2013-11-20 10:57:09,551: DEBUG: GoGo-Private-IP-Address: ['192.168.1.179']
2013-11-20 10:57:09,551: DEBUG: GoGo-Acct-Input-Voice-Gigawords: [0]
2013-11-20 10:57:09,551: DEBUG: GoGo-Acct-Input-Voice-Gigawords: [0]
2013-11-20 10:57:09,551: DEBUG: GoGo-Total-Input-Packets: [27816]
2013-11-20 10:57:09,551: DEBUG: GoGo-Total-Input-Packets: [27816]
2013-11-20 10:57:09,552: DEBUG: GoGo-Total-Input-Gigawords: [0]
2013-11-20 10:57:09,552: DEBUG: GoGo-Total-Input-Gigawords: [0]
2013-11-20 10:57:09,552: DEBUG: GoGo-Acct-Input-Voice-Packets: [0]
2013-11-20 10:57:09,552: DEBUG: GoGo-Acct-Input-Voice-Packets: [0]
2013-11-20 10:57:09,553: DEBUG: GoGo-Total-Input-Octets: [3492725]
2013-11-20 10:57:09,553: DEBUG: GoGo-Total-Input-Octets: [3492725]
2013-11-20 10:57:09,553: DEBUG: GoGo-Total-Output-Packets: [12841]
2013-11-20 10:57:09,553: DEBUG: GoGo-Total-Output-Packets: [12841]
2013-11-20 10:57:09,554: DEBUG: WISPr-Location-ID: [u'airline=BA01,tail=01009,network=']
2013-11-20 10:57:09,554: DEBUG: WISPr-Location-ID: [u'airline=BA01,tail=01009,network=']
2013-11-20 10:57:09,554: DEBUG: GoGo-Acct-Output-Voice-Gigawords: [0]
2013-11-20 10:57:09,554: DEBUG: GoGo-Acct-Output-Voice-Gigawords: [0]
2013-11-20 10:57:09,554: DEBUG: Acct-Input-Octets: [3492725]
2013-11-20 10:57:09,554: DEBUG: Acct-Input-Octets: [3492725]
2013-11-20 10:57:09,556: DEBUG: 

2013-11-20 10:57:09,556: DEBUG: 

2013-11-20 10:57:09,557: DEBUG: Received response with following attributes:
2013-11-20 10:57:09,557: DEBUG: Received response with following attributes:
2013-11-20 10:57:19,558: DEBUG: 

2013-11-20 10:57:19,558: DEBUG: 

2013-11-20 10:57:19,561: DEBUG: Creating Accounting Update Request with the following Attributes:
2013-11-20 10:57:19,561: DEBUG: Creating Accounting Update Request with the following Attributes:
2013-11-20 10:57:19,561: DEBUG: User-Name: [u'username69@airborne.aircell.com']
2013-11-20 10:57:19,561: DEBUG: User-Name: [u'username69@airborne.aircell.com']
2013-11-20 10:57:19,562: DEBUG: GoGo-Tail-Number: [u'AAATestNAS_191']
2013-11-20 10:57:19,562: DEBUG: GoGo-Tail-Number: [u'AAATestNAS_191']
2013-11-20 10:57:19,565: DEBUG: Acct-Output-Octets: [2457872]
2013-11-20 10:57:19,565: DEBUG: Acct-Output-Octets: [2457872]
2013-11-20 10:57:19,568: DEBUG: NAS-IP-Address: ['10.254.196.1']
2013-11-20 10:57:19,568: DEBUG: NAS-IP-Address: ['10.254.196.1']
2013-11-20 10:57:19,571: DEBUG: GoGo-Total-Output-Gigawords: [0]
2013-11-20 10:57:19,571: DEBUG: GoGo-Total-Output-Gigawords: [0]
2013-11-20 10:57:19,573: DEBUG: Framed-IP-Address: ['10.254.196.116']
2013-11-20 10:57:19,573: DEBUG: Framed-IP-Address: ['10.254.196.116']
2013-11-20 10:57:19,574: DEBUG: GoGo-Total-Input-Voice-Gigawords: [0]
2013-11-20 10:57:19,574: DEBUG: GoGo-Total-Input-Voice-Gigawords: [0]
2013-11-20 10:57:19,578: DEBUG: GoGo-Total-Output-Octets: [2457872]
2013-11-20 10:57:19,578: DEBUG: GoGo-Total-Output-Octets: [2457872]
2013-11-20 10:57:19,583: DEBUG: GoGo-Acct-Input-Voice-Octets: [0]
2013-11-20 10:57:19,583: DEBUG: GoGo-Acct-Input-Voice-Octets: [0]
2013-11-20 10:57:19,585: DEBUG: GoGo-Total-Input-Voice-Packets: [0]
2013-11-20 10:57:19,585: DEBUG: GoGo-Total-Input-Voice-Packets: [0]
2013-11-20 10:57:19,588: DEBUG: Called-Station-Id: [u'00:16:3E:57:CA:93']
2013-11-20 10:57:19,588: DEBUG: Called-Station-Id: [u'00:16:3E:57:CA:93']
2013-11-20 10:57:19,588: DEBUG: WISPr-Location-Name: [u'TEST LLC,BA01_01009']
2013-11-20 10:57:19,588: DEBUG: WISPr-Location-Name: [u'TEST LLC,BA01_01009']
2013-11-20 10:57:19,591: DEBUG: NAS-Identifier: [u'C08386']
2013-11-20 10:57:19,591: DEBUG: NAS-Identifier: [u'C08386']
2013-11-20 10:57:19,592: DEBUG: Proxy-State: ['3330,3132']
2013-11-20 10:57:19,592: DEBUG: Proxy-State: ['3330,3132']
2013-11-20 10:57:19,597: DEBUG: GoGo-Total-Input-Voice-Octets: [0]
2013-11-20 10:57:19,597: DEBUG: GoGo-Total-Input-Voice-Octets: [0]
2013-11-20 10:57:19,599: DEBUG: Acct-Status-Type: ['Interim-Update']
2013-11-20 10:57:19,599: DEBUG: Acct-Status-Type: ['Interim-Update']
2013-11-20 10:57:19,601: DEBUG: GoGo-Total-Output-Voice-Gigawords: [0]
2013-11-20 10:57:19,601: DEBUG: GoGo-Total-Output-Voice-Gigawords: [0]
2013-11-20 10:57:19,602: DEBUG: GoGo-Airline: [u'BA01']
2013-11-20 10:57:19,602: DEBUG: GoGo-Airline: [u'BA01']
2013-11-20 10:57:19,606: DEBUG: Acct-Session-Id: [u'AAATestNAS_191-1384925209473-00163E57CA93-1']
2013-11-20 10:57:19,606: DEBUG: Acct-Session-Id: [u'AAATestNAS_191-1384925209473-00163E57CA93-1']
2013-11-20 10:57:19,609: DEBUG: Acct-Session-Time: [10]
2013-11-20 10:57:19,609: DEBUG: Acct-Session-Time: [10]
2013-11-20 10:57:19,612: DEBUG: Acct-Input-Packets: [5950]
2013-11-20 10:57:19,612: DEBUG: Acct-Input-Packets: [5950]
2013-11-20 10:57:19,616: DEBUG: Acct-Output-Packets: [22541]
2013-11-20 10:57:19,616: DEBUG: Acct-Output-Packets: [22541]
2013-11-20 10:57:19,616: DEBUG: GoGo-Acct-Output-Voice-Packets: [0]
2013-11-20 10:57:19,616: DEBUG: GoGo-Acct-Output-Voice-Packets: [0]
2013-11-20 10:57:19,618: DEBUG: GoGo-Acct-Output-Voice-Octets: [0]
2013-11-20 10:57:19,618: DEBUG: GoGo-Acct-Output-Voice-Octets: [0]
2013-11-20 10:57:19,619: DEBUG: Acct-Output-Gigawords: [0]
2013-11-20 10:57:19,619: DEBUG: Acct-Output-Gigawords: [0]
2013-11-20 10:57:19,621: DEBUG: GoGo-Total-Output-Voice-Packets: [0]
2013-11-20 10:57:19,621: DEBUG: GoGo-Total-Output-Voice-Packets: [0]
2013-11-20 10:57:19,622: DEBUG: Acct-Input-Gigawords: [0]
2013-11-20 10:57:19,622: DEBUG: Acct-Input-Gigawords: [0]
2013-11-20 10:57:19,623: DEBUG: Calling-Station-Id: [u'18:21:31:41:52:72']
2013-11-20 10:57:19,623: DEBUG: Calling-Station-Id: [u'18:21:31:41:52:72']
2013-11-20 10:57:19,626: DEBUG: NAS-Port-Type: ['Wireless-802.11']
2013-11-20 10:57:19,626: DEBUG: NAS-Port-Type: ['Wireless-802.11']
2013-11-20 10:57:19,628: DEBUG: GoGo-Total-Output-Voice-Octets: [0]
2013-11-20 10:57:19,628: DEBUG: GoGo-Total-Output-Voice-Octets: [0]
2013-11-20 10:57:19,629: DEBUG: GoGo-Private-IP-Address: ['192.168.1.179']
2013-11-20 10:57:19,629: DEBUG: GoGo-Private-IP-Address: ['192.168.1.179']
2013-11-20 10:57:19,631: DEBUG: GoGo-Acct-Input-Voice-Gigawords: [0]
2013-11-20 10:57:19,631: DEBUG: GoGo-Acct-Input-Voice-Gigawords: [0]
2013-11-20 10:57:19,632: DEBUG: GoGo-Total-Input-Packets: [5950]
2013-11-20 10:57:19,632: DEBUG: GoGo-Total-Input-Packets: [5950]
2013-11-20 10:57:19,635: DEBUG: GoGo-Total-Input-Gigawords: [0]
2013-11-20 10:57:19,635: DEBUG: GoGo-Total-Input-Gigawords: [0]
2013-11-20 10:57:19,636: DEBUG: GoGo-Acct-Input-Voice-Packets: [0]
2013-11-20 10:57:19,636: DEBUG: GoGo-Acct-Input-Voice-Packets: [0]
2013-11-20 10:57:19,638: DEBUG: GoGo-Total-Input-Octets: [1452582]
2013-11-20 10:57:19,638: DEBUG: GoGo-Total-Input-Octets: [1452582]
2013-11-20 10:57:19,640: DEBUG: GoGo-Total-Output-Packets: [22541]
2013-11-20 10:57:19,640: DEBUG: GoGo-Total-Output-Packets: [22541]
2013-11-20 10:57:19,641: DEBUG: WISPr-Location-ID: [u'airline=BA01,tail=01009,network=']
2013-11-20 10:57:19,641: DEBUG: WISPr-Location-ID: [u'airline=BA01,tail=01009,network=']
2013-11-20 10:57:19,644: DEBUG: GoGo-Acct-Output-Voice-Gigawords: [0]
2013-11-20 10:57:19,644: DEBUG: GoGo-Acct-Output-Voice-Gigawords: [0]
2013-11-20 10:57:19,646: DEBUG: Acct-Input-Octets: [1452582]
2013-11-20 10:57:19,646: DEBUG: Acct-Input-Octets: [1452582]
2013-11-20 10:57:19,650: DEBUG: 

2013-11-20 10:57:19,650: DEBUG: 

2013-11-20 10:57:19,651: DEBUG: Received response with following attributes:
2013-11-20 10:57:19,651: DEBUG: Received response with following attributes:
2013-11-20 10:57:29,652: DEBUG: 

2013-11-20 10:57:29,652: DEBUG: 

2013-11-20 10:57:29,653: DEBUG: Creating Accounting Update Request with the following Attributes:
2013-11-20 10:57:29,653: DEBUG: Creating Accounting Update Request with the following Attributes:
2013-11-20 10:57:29,653: DEBUG: User-Name: [u'username69@airborne.aircell.com']
2013-11-20 10:57:29,653: DEBUG: User-Name: [u'username69@airborne.aircell.com']
2013-11-20 10:57:29,653: DEBUG: GoGo-Tail-Number: [u'AAATestNAS_191']
2013-11-20 10:57:29,653: DEBUG: GoGo-Tail-Number: [u'AAATestNAS_191']
2013-11-20 10:57:29,653: DEBUG: Acct-Output-Octets: [7888350]
2013-11-20 10:57:29,653: DEBUG: Acct-Output-Octets: [7888350]
2013-11-20 10:57:29,653: DEBUG: NAS-IP-Address: ['10.254.196.1']
2013-11-20 10:57:29,653: DEBUG: NAS-IP-Address: ['10.254.196.1']
2013-11-20 10:57:29,653: DEBUG: GoGo-Total-Output-Gigawords: [0]
2013-11-20 10:57:29,653: DEBUG: GoGo-Total-Output-Gigawords: [0]
2013-11-20 10:57:29,653: DEBUG: Framed-IP-Address: ['10.254.196.116']
2013-11-20 10:57:29,653: DEBUG: Framed-IP-Address: ['10.254.196.116']
2013-11-20 10:57:29,654: DEBUG: GoGo-Total-Input-Voice-Gigawords: [0]
2013-11-20 10:57:29,654: DEBUG: GoGo-Total-Input-Voice-Gigawords: [0]
2013-11-20 10:57:29,654: DEBUG: GoGo-Total-Output-Octets: [7888350]
2013-11-20 10:57:29,654: DEBUG: GoGo-Total-Output-Octets: [7888350]
2013-11-20 10:57:29,654: DEBUG: GoGo-Acct-Input-Voice-Octets: [0]
2013-11-20 10:57:29,654: DEBUG: GoGo-Acct-Input-Voice-Octets: [0]
2013-11-20 10:57:29,654: DEBUG: GoGo-Total-Input-Voice-Packets: [0]
2013-11-20 10:57:29,654: DEBUG: GoGo-Total-Input-Voice-Packets: [0]
2013-11-20 10:57:29,654: DEBUG: Called-Station-Id: [u'00:16:3E:57:CA:93']
2013-11-20 10:57:29,654: DEBUG: Called-Station-Id: [u'00:16:3E:57:CA:93']
2013-11-20 10:57:29,654: DEBUG: WISPr-Location-Name: [u'TEST LLC,BA01_01009']
2013-11-20 10:57:29,654: DEBUG: WISPr-Location-Name: [u'TEST LLC,BA01_01009']
2013-11-20 10:57:29,654: DEBUG: NAS-Identifier: [u'C08386']
2013-11-20 10:57:29,654: DEBUG: NAS-Identifier: [u'C08386']
2013-11-20 10:57:29,655: DEBUG: Proxy-State: ['3330,3132']
2013-11-20 10:57:29,655: DEBUG: Proxy-State: ['3330,3132']
2013-11-20 10:57:29,655: DEBUG: GoGo-Total-Input-Voice-Octets: [0]
2013-11-20 10:57:29,655: DEBUG: GoGo-Total-Input-Voice-Octets: [0]
2013-11-20 10:57:29,655: DEBUG: Acct-Status-Type: ['Interim-Update']
2013-11-20 10:57:29,655: DEBUG: Acct-Status-Type: ['Interim-Update']
2013-11-20 10:57:29,655: DEBUG: GoGo-Total-Output-Voice-Gigawords: [0]
2013-11-20 10:57:29,655: DEBUG: GoGo-Total-Output-Voice-Gigawords: [0]
2013-11-20 10:57:29,655: DEBUG: GoGo-Airline: [u'BA01']
2013-11-20 10:57:29,655: DEBUG: GoGo-Airline: [u'BA01']
2013-11-20 10:57:29,655: DEBUG: Acct-Session-Id: [u'AAATestNAS_191-1384925209473-00163E57CA93-1']
2013-11-20 10:57:29,655: DEBUG: Acct-Session-Id: [u'AAATestNAS_191-1384925209473-00163E57CA93-1']
2013-11-20 10:57:29,655: DEBUG: Acct-Session-Time: [10]
2013-11-20 10:57:29,655: DEBUG: Acct-Session-Time: [10]
2013-11-20 10:57:29,656: DEBUG: Acct-Input-Packets: [39854]
2013-11-20 10:57:29,656: DEBUG: Acct-Input-Packets: [39854]
2013-11-20 10:57:29,656: DEBUG: Acct-Output-Packets: [25233]
2013-11-20 10:57:29,656: DEBUG: Acct-Output-Packets: [25233]
2013-11-20 10:57:29,656: DEBUG: GoGo-Acct-Output-Voice-Packets: [0]
2013-11-20 10:57:29,656: DEBUG: GoGo-Acct-Output-Voice-Packets: [0]
2013-11-20 10:57:29,656: DEBUG: GoGo-Acct-Output-Voice-Octets: [0]
2013-11-20 10:57:29,656: DEBUG: GoGo-Acct-Output-Voice-Octets: [0]
2013-11-20 10:57:29,656: DEBUG: Acct-Output-Gigawords: [0]
2013-11-20 10:57:29,656: DEBUG: Acct-Output-Gigawords: [0]
2013-11-20 10:57:29,656: DEBUG: GoGo-Total-Output-Voice-Packets: [0]
2013-11-20 10:57:29,656: DEBUG: GoGo-Total-Output-Voice-Packets: [0]
2013-11-20 10:57:29,656: DEBUG: Acct-Input-Gigawords: [0]
2013-11-20 10:57:29,656: DEBUG: Acct-Input-Gigawords: [0]
2013-11-20 10:57:29,657: DEBUG: Calling-Station-Id: [u'18:21:31:41:52:72']
2013-11-20 10:57:29,657: DEBUG: Calling-Station-Id: [u'18:21:31:41:52:72']
2013-11-20 10:57:29,657: DEBUG: NAS-Port-Type: ['Wireless-802.11']
2013-11-20 10:57:29,657: DEBUG: NAS-Port-Type: ['Wireless-802.11']
2013-11-20 10:57:29,657: DEBUG: GoGo-Total-Output-Voice-Octets: [0]
2013-11-20 10:57:29,657: DEBUG: GoGo-Total-Output-Voice-Octets: [0]
2013-11-20 10:57:29,657: DEBUG: GoGo-Private-IP-Address: ['192.168.1.179']
2013-11-20 10:57:29,657: DEBUG: GoGo-Private-IP-Address: ['192.168.1.179']
2013-11-20 10:57:29,657: DEBUG: GoGo-Acct-Input-Voice-Gigawords: [0]
2013-11-20 10:57:29,657: DEBUG: GoGo-Acct-Input-Voice-Gigawords: [0]
2013-11-20 10:57:29,657: DEBUG: GoGo-Total-Input-Packets: [39854]
2013-11-20 10:57:29,657: DEBUG: GoGo-Total-Input-Packets: [39854]
2013-11-20 10:57:29,657: DEBUG: GoGo-Total-Input-Gigawords: [0]
2013-11-20 10:57:29,657: DEBUG: GoGo-Total-Input-Gigawords: [0]
2013-11-20 10:57:29,658: DEBUG: GoGo-Acct-Input-Voice-Packets: [0]
2013-11-20 10:57:29,658: DEBUG: GoGo-Acct-Input-Voice-Packets: [0]
2013-11-20 10:57:29,658: DEBUG: GoGo-Total-Input-Octets: [8376166]
2013-11-20 10:57:29,658: DEBUG: GoGo-Total-Input-Octets: [8376166]
2013-11-20 10:57:29,658: DEBUG: GoGo-Total-Output-Packets: [25233]
2013-11-20 10:57:29,658: DEBUG: GoGo-Total-Output-Packets: [25233]
2013-11-20 10:57:29,658: DEBUG: WISPr-Location-ID: [u'airline=BA01,tail=01009,network=']
2013-11-20 10:57:29,658: DEBUG: WISPr-Location-ID: [u'airline=BA01,tail=01009,network=']
2013-11-20 10:57:29,658: DEBUG: GoGo-Acct-Output-Voice-Gigawords: [0]
2013-11-20 10:57:29,658: DEBUG: GoGo-Acct-Output-Voice-Gigawords: [0]
2013-11-20 10:57:29,658: DEBUG: Acct-Input-Octets: [8376166]
2013-11-20 10:57:29,658: DEBUG: Acct-Input-Octets: [8376166]
2013-11-20 10:57:29,660: DEBUG: 

2013-11-20 10:57:29,660: DEBUG: 

2013-11-20 10:57:29,662: DEBUG: Received response with following attributes:
2013-11-20 10:57:29,662: DEBUG: Received response with following attributes:
2013-11-20 10:57:46,663: DEBUG: 

2013-11-20 10:57:46,663: DEBUG: 

2013-11-20 10:57:46,664: DEBUG: Creating Accounting Stop Request with the following Attributes:
2013-11-20 10:57:46,664: DEBUG: Creating Accounting Stop Request with the following Attributes:
2013-11-20 10:57:46,664: DEBUG: User-Name: [u'username69@airborne.aircell.com']
2013-11-20 10:57:46,664: DEBUG: User-Name: [u'username69@airborne.aircell.com']
2013-11-20 10:57:46,664: DEBUG: GoGo-Tail-Number: [u'01009']
2013-11-20 10:57:46,664: DEBUG: GoGo-Tail-Number: [u'01009']
2013-11-20 10:57:46,664: DEBUG: Acct-Output-Octets: [4285148]
2013-11-20 10:57:46,664: DEBUG: Acct-Output-Octets: [4285148]
2013-11-20 10:57:46,664: DEBUG: NAS-IP-Address: ['10.254.196.1']
2013-11-20 10:57:46,664: DEBUG: NAS-IP-Address: ['10.254.196.1']
2013-11-20 10:57:46,665: DEBUG: GoGo-Total-Output-Gigawords: [0]
2013-11-20 10:57:46,665: DEBUG: GoGo-Total-Output-Gigawords: [0]
2013-11-20 10:57:46,665: DEBUG: Framed-IP-Address: ['10.254.196.116']
2013-11-20 10:57:46,665: DEBUG: Framed-IP-Address: ['10.254.196.116']
2013-11-20 10:57:46,665: DEBUG: GoGo-Total-Input-Voice-Gigawords: [0]
2013-11-20 10:57:46,665: DEBUG: GoGo-Total-Input-Voice-Gigawords: [0]
2013-11-20 10:57:46,665: DEBUG: GoGo-Total-Output-Octets: [4285148]
2013-11-20 10:57:46,665: DEBUG: GoGo-Total-Output-Octets: [4285148]
2013-11-20 10:57:46,665: DEBUG: GoGo-Acct-Input-Voice-Octets: [0]
2013-11-20 10:57:46,665: DEBUG: GoGo-Acct-Input-Voice-Octets: [0]
2013-11-20 10:57:46,665: DEBUG: GoGo-Total-Input-Voice-Packets: [0]
2013-11-20 10:57:46,665: DEBUG: GoGo-Total-Input-Voice-Packets: [0]
2013-11-20 10:57:46,665: DEBUG: Called-Station-Id: [u'00:16:3E:57:CA:93']
2013-11-20 10:57:46,665: DEBUG: Called-Station-Id: [u'00:16:3E:57:CA:93']
2013-11-20 10:57:46,666: DEBUG: WISPr-Location-Name: [u'TEST LLC,BA01_01009']
2013-11-20 10:57:46,666: DEBUG: WISPr-Location-Name: [u'TEST LLC,BA01_01009']
2013-11-20 10:57:46,666: DEBUG: NAS-Identifier: [u'C08386']
2013-11-20 10:57:46,666: DEBUG: NAS-Identifier: [u'C08386']
2013-11-20 10:57:46,666: DEBUG: Proxy-State: ['3330,3132']
2013-11-20 10:57:46,666: DEBUG: Proxy-State: ['3330,3132']
2013-11-20 10:57:46,666: DEBUG: GoGo-Total-Input-Voice-Octets: [0]
2013-11-20 10:57:46,666: DEBUG: GoGo-Total-Input-Voice-Octets: [0]
2013-11-20 10:57:46,666: DEBUG: Acct-Status-Type: ['Stop']
2013-11-20 10:57:46,666: DEBUG: Acct-Status-Type: ['Stop']
2013-11-20 10:57:46,666: DEBUG: GoGo-Total-Output-Voice-Gigawords: [0]
2013-11-20 10:57:46,666: DEBUG: GoGo-Total-Output-Voice-Gigawords: [0]
2013-11-20 10:57:46,666: DEBUG: GoGo-Airline: [u'BA01']
2013-11-20 10:57:46,666: DEBUG: GoGo-Airline: [u'BA01']
2013-11-20 10:57:46,667: DEBUG: Acct-Session-Id: [u'AAATestNAS_191-1384925209473-00163E57CA93-1']
2013-11-20 10:57:46,667: DEBUG: Acct-Session-Id: [u'AAATestNAS_191-1384925209473-00163E57CA93-1']
2013-11-20 10:57:46,667: DEBUG: Acct-Session-Time: [17]
2013-11-20 10:57:46,667: DEBUG: Acct-Session-Time: [17]
2013-11-20 10:57:46,667: DEBUG: Acct-Input-Packets: [84651]
2013-11-20 10:57:46,667: DEBUG: Acct-Input-Packets: [84651]
2013-11-20 10:57:46,667: DEBUG: Acct-Output-Packets: [39654]
2013-11-20 10:57:46,667: DEBUG: Acct-Output-Packets: [39654]
2013-11-20 10:57:46,667: DEBUG: Acct-Terminate-Cause: ['User-Request']
2013-11-20 10:57:46,667: DEBUG: Acct-Terminate-Cause: ['User-Request']
2013-11-20 10:57:46,667: DEBUG: GoGo-Acct-Output-Voice-Octets: [0]
2013-11-20 10:57:46,667: DEBUG: GoGo-Acct-Output-Voice-Octets: [0]
2013-11-20 10:57:46,667: DEBUG: Acct-Output-Gigawords: [0]
2013-11-20 10:57:46,667: DEBUG: Acct-Output-Gigawords: [0]
2013-11-20 10:57:46,668: DEBUG: GoGo-Total-Output-Voice-Packets: [0]
2013-11-20 10:57:46,668: DEBUG: GoGo-Total-Output-Voice-Packets: [0]
2013-11-20 10:57:46,668: DEBUG: Acct-Input-Gigawords: [0]
2013-11-20 10:57:46,668: DEBUG: Acct-Input-Gigawords: [0]
2013-11-20 10:57:46,668: DEBUG: Calling-Station-Id: [u'18:21:31:41:52:72']
2013-11-20 10:57:46,668: DEBUG: Calling-Station-Id: [u'18:21:31:41:52:72']
2013-11-20 10:57:46,668: DEBUG: NAS-Port-Type: ['Wireless-802.11']
2013-11-20 10:57:46,668: DEBUG: NAS-Port-Type: ['Wireless-802.11']
2013-11-20 10:57:46,668: DEBUG: GoGo-Total-Output-Voice-Octets: [0]
2013-11-20 10:57:46,668: DEBUG: GoGo-Total-Output-Voice-Octets: [0]
2013-11-20 10:57:46,668: DEBUG: GoGo-Private-IP-Address: ['192.168.1.179']
2013-11-20 10:57:46,668: DEBUG: GoGo-Private-IP-Address: ['192.168.1.179']
2013-11-20 10:57:46,668: DEBUG: GoGo-Acct-Input-Voice-Gigawords: [0]
2013-11-20 10:57:46,668: DEBUG: GoGo-Acct-Input-Voice-Gigawords: [0]
2013-11-20 10:57:46,668: DEBUG: GoGo-Total-Input-Packets: [84651]
2013-11-20 10:57:46,668: DEBUG: GoGo-Total-Input-Packets: [84651]
2013-11-20 10:57:46,669: DEBUG: GoGo-Total-Input-Gigawords: [0]
2013-11-20 10:57:46,669: DEBUG: GoGo-Total-Input-Gigawords: [0]
2013-11-20 10:57:46,669: DEBUG: GoGo-Acct-Input-Voice-Packets: [0]
2013-11-20 10:57:46,669: DEBUG: GoGo-Acct-Input-Voice-Packets: [0]
2013-11-20 10:57:46,669: DEBUG: GoGo-Total-Input-Octets: [9055047]
2013-11-20 10:57:46,669: DEBUG: GoGo-Total-Input-Octets: [9055047]
2013-11-20 10:57:46,669: DEBUG: GoGo-Total-Output-Packets: [39654]
2013-11-20 10:57:46,669: DEBUG: GoGo-Total-Output-Packets: [39654]
2013-11-20 10:57:46,669: DEBUG: WISPr-Location-ID: [u'airline=BA01,tail=01009,network=']
2013-11-20 10:57:46,669: DEBUG: WISPr-Location-ID: [u'airline=BA01,tail=01009,network=']
2013-11-20 10:57:46,669: DEBUG: GoGo-Acct-Output-Voice-Packets: [0]
2013-11-20 10:57:46,669: DEBUG: GoGo-Acct-Output-Voice-Packets: [0]
2013-11-20 10:57:46,669: DEBUG: GoGo-Acct-Output-Voice-Gigawords: [0]
2013-11-20 10:57:46,669: DEBUG: GoGo-Acct-Output-Voice-Gigawords: [0]
2013-11-20 10:57:46,670: DEBUG: Acct-Input-Octets: [9055047]
2013-11-20 10:57:46,670: DEBUG: Acct-Input-Octets: [9055047]
2013-11-20 10:57:46,672: DEBUG: 

2013-11-20 10:57:46,672: DEBUG: 

2013-11-20 10:57:46,672: DEBUG: Received response with following attributes:
2013-11-20 10:57:46,672: DEBUG: Received response with following attributes:
2013-11-20 10:57:46,672: DEBUG: Ending the test for this user
2013-11-20 10:57:46,672: DEBUG: Ending the test for this user
