2013-11-20 10:56:37,456: DEBUG: Starting the client for the user username36@airborne.aircell.com to the server localhost

2013-11-20 10:56:37,457: DEBUG: DURATION of the TEST: 39
2013-11-20 10:56:37,457: DEBUG: NAS-IP: 10.254.216.1
2013-11-20 10:56:37,457: DEBUG: NAS-MAC-ADDR: 18:21:31:41:52:92
2013-11-20 10:56:37,457: DEBUG: Abruptly End: False
2013-11-20 10:56:37,457: DEBUG: Framed-IP: 10.254.216.98
2013-11-20 10:56:37,457: DEBUG: User-MAC-Addr: 00:16:3E:2B:5E:C2
2013-11-20 10:56:37,457: DEBUG: 

2013-11-20 10:56:37,458: DEBUG: Creating Authentication Request with the following Attributes:
2013-11-20 10:56:37,458: DEBUG: NAS-Identifier: [u'C08386']
2013-11-20 10:56:37,458: DEBUG: User-Name: [u'username36@airborne.aircell.com']
2013-11-20 10:56:37,458: DEBUG: NAS-IP-Address: ['10.254.216.1']
2013-11-20 10:56:37,458: DEBUG: Service-Type: ['Authenticate-Only']
2013-11-20 10:56:37,458: DEBUG: Proxy-State: ['3237,3134']
2013-11-20 10:56:37,458: DEBUG: Framed-IP-Address: ['10.254.216.98']
2013-11-20 10:56:37,458: DEBUG: GoGo-Airline: [u'BA01']
2013-11-20 10:56:37,459: DEBUG: Acct-Session-Id: [u'AAATestNAS_211-1384925197457-00163E2B5EC2-2']
2013-11-20 10:56:37,459: DEBUG: GoGo-Tail-Number: [u'AAATestNAS_211']
2013-11-20 10:56:37,459: DEBUG: GoGo-Private-IP-Address: ['192.168.1.179']
2013-11-20 10:56:37,459: DEBUG: WISPr-Location-ID: [u'airline=BA01,tail=01009,network=']
2013-11-20 10:56:37,459: DEBUG: WISPr-Location-Name: [u'TEST LLC,BA01_01009']
2013-11-20 10:56:37,459: DEBUG: NAS-Port-Type: ['Wireless-802.11']
2013-11-20 10:56:37,459: DEBUG: Called-Station-Id: [u'00:16:3E:2B:5E:C2']
2013-11-20 10:56:37,459: DEBUG: Calling-Station-Id: [u'18:21:31:41:52:92']
2013-11-20 10:56:37,460: DEBUG: 

2013-11-20 10:56:37,460: DEBUG: Received response with code: 2, Accepted
2013-11-20 10:56:37,461: DEBUG: Creating Authentication Request with the following Attributes:
2013-11-20 10:56:37,461: DEBUG: NAS-Identifier: [u'C08386']
2013-11-20 10:56:37,461: DEBUG: User-Name: [u'username36@airborne.aircell.com']
2013-11-20 10:56:37,461: DEBUG: NAS-IP-Address: ['10.254.216.1']
2013-11-20 10:56:37,461: DEBUG: Service-Type: ['Login-User']
2013-11-20 10:56:37,461: DEBUG: Proxy-State: ['3237,3134']
2013-11-20 10:56:37,461: DEBUG: Framed-IP-Address: ['10.254.216.98']
2013-11-20 10:56:37,462: DEBUG: GoGo-Airline: [u'BA01']
2013-11-20 10:56:37,462: DEBUG: Acct-Session-Id: [u'AAATestNAS_211-1384925197461-00163E2B5EC2-2']
2013-11-20 10:56:37,462: DEBUG: GoGo-Tail-Number: [u'AAATestNAS_211']
2013-11-20 10:56:37,462: DEBUG: GoGo-Private-IP-Address: ['192.168.1.179']
2013-11-20 10:56:37,462: DEBUG: WISPr-Location-ID: [u'airline=BA01,tail=01009,network=']
2013-11-20 10:56:37,462: DEBUG: WISPr-Location-Name: [u'TEST LLC,BA01_01009']
2013-11-20 10:56:37,462: DEBUG: NAS-Port-Type: ['Wireless-802.11']
2013-11-20 10:56:37,462: DEBUG: Called-Station-Id: [u'00:16:3E:2B:5E:C2']
2013-11-20 10:56:37,462: DEBUG: Calling-Station-Id: [u'18:21:31:41:52:92']
2013-11-20 10:56:37,463: DEBUG: 

2013-11-20 10:56:37,463: DEBUG: Received response with code: 2, Accepted
2013-11-20 10:56:37,464: DEBUG: 

2013-11-20 10:56:37,464: DEBUG: Creating Accounting start Request with the following Attributes:
2013-11-20 10:56:37,464: DEBUG: NAS-Identifier: [u'C08386']
2013-11-20 10:56:37,464: DEBUG: User-Name: [u'username36@airborne.aircell.com']
2013-11-20 10:56:37,464: DEBUG: GoGo-Tail-Number: [u'AAATestNAS_211']
2013-11-20 10:56:37,464: DEBUG: NAS-IP-Address: ['10.254.216.1']
2013-11-20 10:56:37,464: DEBUG: Proxy-State: ['3239,3131']
2013-11-20 10:56:37,464: DEBUG: Acct-Status-Type: ['Start']
2013-11-20 10:56:37,465: DEBUG: GoGo-Airline: [u'BA01']
2013-11-20 10:56:37,465: DEBUG: Acct-Session-Id: [u'AAATestNAS_211-1384925197461-00163E2B5EC2-2']
2013-11-20 10:56:37,465: DEBUG: GoGo-Private-IP-Address: ['192.168.1.179']
2013-11-20 10:56:37,465: DEBUG: Framed-IP-Address: ['10.254.216.98']
2013-11-20 10:56:37,465: DEBUG: WISPr-Location-ID: [u'airline=BA01,tail=01009,network=']
2013-11-20 10:56:37,465: DEBUG: WISPr-Location-Name: [u'TEST LLC,BA01_01009']
2013-11-20 10:56:37,465: DEBUG: NAS-Port-Type: ['Wireless-802.11']
2013-11-20 10:56:37,465: DEBUG: Called-Station-Id: [u'00:16:3E:2B:5E:C2']
2013-11-20 10:56:37,465: DEBUG: Calling-Station-Id: [u'18:21:31:41:52:92']
2013-11-20 10:56:37,466: DEBUG: 

2013-11-20 10:56:37,467: DEBUG: Received response with following attributes:
2013-11-20 10:56:47,468: DEBUG: 

2013-11-20 10:56:47,468: DEBUG: Creating Accounting Update Request with the following Attributes:
2013-11-20 10:56:47,468: DEBUG: User-Name: [u'username36@airborne.aircell.com']
2013-11-20 10:56:47,469: DEBUG: GoGo-Tail-Number: [u'AAATestNAS_211']
2013-11-20 10:56:47,469: DEBUG: Acct-Output-Octets: [6784614]
2013-11-20 10:56:47,469: DEBUG: NAS-IP-Address: ['10.254.216.1']
2013-11-20 10:56:47,469: DEBUG: GoGo-Total-Output-Gigawords: [0]
2013-11-20 10:56:47,469: DEBUG: Framed-IP-Address: ['10.254.216.98']
2013-11-20 10:56:47,469: DEBUG: GoGo-Total-Input-Voice-Gigawords: [0]
2013-11-20 10:56:47,469: DEBUG: GoGo-Total-Output-Octets: [6784614]
2013-11-20 10:56:47,469: DEBUG: GoGo-Acct-Input-Voice-Octets: [0]
2013-11-20 10:56:47,470: DEBUG: GoGo-Total-Input-Voice-Packets: [0]
2013-11-20 10:56:47,470: DEBUG: Called-Station-Id: [u'00:16:3E:2B:5E:C2']
2013-11-20 10:56:47,470: DEBUG: WISPr-Location-Name: [u'TEST LLC,BA01_01009']
2013-11-20 10:56:47,470: DEBUG: NAS-Identifier: [u'C08386']
2013-11-20 10:56:47,470: DEBUG: Proxy-State: ['3330,3132']
2013-11-20 10:56:47,470: DEBUG: GoGo-Total-Input-Voice-Octets: [0]
2013-11-20 10:56:47,470: DEBUG: Acct-Status-Type: ['Interim-Update']
2013-11-20 10:56:47,470: DEBUG: GoGo-Total-Output-Voice-Gigawords: [0]
2013-11-20 10:56:47,470: DEBUG: GoGo-Airline: [u'BA01']
2013-11-20 10:56:47,471: DEBUG: Acct-Session-Id: [u'AAATestNAS_211-1384925197461-00163E2B5EC2-2']
2013-11-20 10:56:47,471: DEBUG: Acct-Session-Time: [10]
2013-11-20 10:56:47,471: DEBUG: Acct-Input-Packets: [11293]
2013-11-20 10:56:47,471: DEBUG: Acct-Output-Packets: [61615]
2013-11-20 10:56:47,471: DEBUG: GoGo-Acct-Output-Voice-Packets: [0]
2013-11-20 10:56:47,471: DEBUG: GoGo-Acct-Output-Voice-Octets: [0]
2013-11-20 10:56:47,471: DEBUG: Acct-Output-Gigawords: [0]
2013-11-20 10:56:47,471: DEBUG: GoGo-Total-Output-Voice-Packets: [0]
2013-11-20 10:56:47,471: DEBUG: Acct-Input-Gigawords: [0]
2013-11-20 10:56:47,472: DEBUG: Calling-Station-Id: [u'18:21:31:41:52:92']
2013-11-20 10:56:47,472: DEBUG: NAS-Port-Type: ['Wireless-802.11']
2013-11-20 10:56:47,472: DEBUG: GoGo-Total-Output-Voice-Octets: [0]
2013-11-20 10:56:47,472: DEBUG: GoGo-Private-IP-Address: ['192.168.1.179']
2013-11-20 10:56:47,472: DEBUG: GoGo-Acct-Input-Voice-Gigawords: [0]
2013-11-20 10:56:47,472: DEBUG: GoGo-Total-Input-Packets: [11293]
2013-11-20 10:56:47,472: DEBUG: GoGo-Total-Input-Gigawords: [0]
2013-11-20 10:56:47,472: DEBUG: GoGo-Acct-Input-Voice-Packets: [0]
2013-11-20 10:56:47,472: DEBUG: GoGo-Total-Input-Octets: [1175812]
2013-11-20 10:56:47,472: DEBUG: GoGo-Total-Output-Packets: [61615]
2013-11-20 10:56:47,473: DEBUG: WISPr-Location-ID: [u'airline=BA01,tail=01009,network=']
2013-11-20 10:56:47,473: DEBUG: GoGo-Acct-Output-Voice-Gigawords: [0]
2013-11-20 10:56:47,473: DEBUG: Acct-Input-Octets: [1175812]
2013-11-20 10:56:47,475: DEBUG: 

2013-11-20 10:56:47,475: DEBUG: Received response with following attributes:
2013-11-20 10:56:57,476: DEBUG: 

2013-11-20 10:56:57,476: DEBUG: Creating Accounting Update Request with the following Attributes:
2013-11-20 10:56:57,477: DEBUG: User-Name: [u'username36@airborne.aircell.com']
2013-11-20 10:56:57,477: DEBUG: GoGo-Tail-Number: [u'AAATestNAS_211']
2013-11-20 10:56:57,477: DEBUG: Acct-Output-Octets: [4633675]
2013-11-20 10:56:57,478: DEBUG: NAS-IP-Address: ['10.254.216.1']
2013-11-20 10:56:57,478: DEBUG: GoGo-Total-Output-Gigawords: [0]
2013-11-20 10:56:57,478: DEBUG: Framed-IP-Address: ['10.254.216.98']
2013-11-20 10:56:57,479: DEBUG: GoGo-Total-Input-Voice-Gigawords: [0]
2013-11-20 10:56:57,479: DEBUG: GoGo-Total-Output-Octets: [4633675]
2013-11-20 10:56:57,479: DEBUG: GoGo-Acct-Input-Voice-Octets: [0]
2013-11-20 10:56:57,480: DEBUG: GoGo-Total-Input-Voice-Packets: [0]
2013-11-20 10:56:57,480: DEBUG: Called-Station-Id: [u'00:16:3E:2B:5E:C2']
2013-11-20 10:56:57,480: DEBUG: WISPr-Location-Name: [u'TEST LLC,BA01_01009']
2013-11-20 10:56:57,480: DEBUG: NAS-Identifier: [u'C08386']
2013-11-20 10:56:57,481: DEBUG: Proxy-State: ['3330,3132']
2013-11-20 10:56:57,481: DEBUG: GoGo-Total-Input-Voice-Octets: [0]
2013-11-20 10:56:57,481: DEBUG: Acct-Status-Type: ['Interim-Update']
2013-11-20 10:56:57,481: DEBUG: GoGo-Total-Output-Voice-Gigawords: [0]
2013-11-20 10:56:57,482: DEBUG: GoGo-Airline: [u'BA01']
2013-11-20 10:56:57,482: DEBUG: Acct-Session-Id: [u'AAATestNAS_211-1384925197461-00163E2B5EC2-2']
2013-11-20 10:56:57,482: DEBUG: Acct-Session-Time: [10]
2013-11-20 10:56:57,482: DEBUG: Acct-Input-Packets: [34138]
2013-11-20 10:56:57,482: DEBUG: Acct-Output-Packets: [10224]
2013-11-20 10:56:57,483: DEBUG: GoGo-Acct-Output-Voice-Packets: [0]
2013-11-20 10:56:57,483: DEBUG: GoGo-Acct-Output-Voice-Octets: [0]
2013-11-20 10:56:57,483: DEBUG: Acct-Output-Gigawords: [0]
2013-11-20 10:56:57,484: DEBUG: GoGo-Total-Output-Voice-Packets: [0]
2013-11-20 10:56:57,484: DEBUG: Acct-Input-Gigawords: [0]
2013-11-20 10:56:57,484: DEBUG: Calling-Station-Id: [u'18:21:31:41:52:92']
2013-11-20 10:56:57,485: DEBUG: NAS-Port-Type: ['Wireless-802.11']
2013-11-20 10:56:57,486: DEBUG: GoGo-Total-Output-Voice-Octets: [0]
2013-11-20 10:56:57,487: DEBUG: GoGo-Private-IP-Address: ['192.168.1.179']
2013-11-20 10:56:57,487: DEBUG: GoGo-Acct-Input-Voice-Gigawords: [0]
2013-11-20 10:56:57,488: DEBUG: GoGo-Total-Input-Packets: [34138]
2013-11-20 10:56:57,489: DEBUG: GoGo-Total-Input-Gigawords: [0]
2013-11-20 10:56:57,489: DEBUG: GoGo-Acct-Input-Voice-Packets: [0]
2013-11-20 10:56:57,489: DEBUG: GoGo-Total-Input-Octets: [4707054]
2013-11-20 10:56:57,490: DEBUG: GoGo-Total-Output-Packets: [10224]
2013-11-20 10:56:57,490: DEBUG: WISPr-Location-ID: [u'airline=BA01,tail=01009,network=']
2013-11-20 10:56:57,490: DEBUG: GoGo-Acct-Output-Voice-Gigawords: [0]
2013-11-20 10:56:57,491: DEBUG: Acct-Input-Octets: [4707054]
2013-11-20 10:56:57,493: DEBUG: 

2013-11-20 10:56:57,493: DEBUG: Received response with following attributes:
2013-11-20 10:57:07,494: DEBUG: 

2013-11-20 10:57:07,495: DEBUG: Creating Accounting Update Request with the following Attributes:
2013-11-20 10:57:07,496: DEBUG: User-Name: [u'username36@airborne.aircell.com']
2013-11-20 10:57:07,496: DEBUG: GoGo-Tail-Number: [u'AAATestNAS_211']
2013-11-20 10:57:07,497: DEBUG: Acct-Output-Octets: [7896973]
2013-11-20 10:57:07,497: DEBUG: NAS-IP-Address: ['10.254.216.1']
2013-11-20 10:57:07,498: DEBUG: GoGo-Total-Output-Gigawords: [0]
2013-11-20 10:57:07,498: DEBUG: Framed-IP-Address: ['10.254.216.98']
2013-11-20 10:57:07,498: DEBUG: GoGo-Total-Input-Voice-Gigawords: [0]
2013-11-20 10:57:07,499: DEBUG: GoGo-Total-Output-Octets: [7896973]
2013-11-20 10:57:07,499: DEBUG: GoGo-Acct-Input-Voice-Octets: [0]
2013-11-20 10:57:07,500: DEBUG: GoGo-Total-Input-Voice-Packets: [0]
2013-11-20 10:57:07,500: DEBUG: Called-Station-Id: [u'00:16:3E:2B:5E:C2']
2013-11-20 10:57:07,501: DEBUG: WISPr-Location-Name: [u'TEST LLC,BA01_01009']
2013-11-20 10:57:07,502: DEBUG: NAS-Identifier: [u'C08386']
2013-11-20 10:57:07,502: DEBUG: Proxy-State: ['3330,3132']
2013-11-20 10:57:07,502: DEBUG: GoGo-Total-Input-Voice-Octets: [0]
2013-11-20 10:57:07,502: DEBUG: Acct-Status-Type: ['Interim-Update']
2013-11-20 10:57:07,503: DEBUG: GoGo-Total-Output-Voice-Gigawords: [0]
2013-11-20 10:57:07,503: DEBUG: GoGo-Airline: [u'BA01']
2013-11-20 10:57:07,503: DEBUG: Acct-Session-Id: [u'AAATestNAS_211-1384925197461-00163E2B5EC2-2']
2013-11-20 10:57:07,504: DEBUG: Acct-Session-Time: [10]
2013-11-20 10:57:07,504: DEBUG: Acct-Input-Packets: [10355]
2013-11-20 10:57:07,504: DEBUG: Acct-Output-Packets: [59736]
2013-11-20 10:57:07,504: DEBUG: GoGo-Acct-Output-Voice-Packets: [0]
2013-11-20 10:57:07,505: DEBUG: GoGo-Acct-Output-Voice-Octets: [0]
2013-11-20 10:57:07,505: DEBUG: Acct-Output-Gigawords: [0]
2013-11-20 10:57:07,505: DEBUG: GoGo-Total-Output-Voice-Packets: [0]
2013-11-20 10:57:07,506: DEBUG: Acct-Input-Gigawords: [0]
2013-11-20 10:57:07,506: DEBUG: Calling-Station-Id: [u'18:21:31:41:52:92']
2013-11-20 10:57:07,506: DEBUG: NAS-Port-Type: ['Wireless-802.11']
2013-11-20 10:57:07,506: DEBUG: GoGo-Total-Output-Voice-Octets: [0]
2013-11-20 10:57:07,507: DEBUG: GoGo-Private-IP-Address: ['192.168.1.179']
2013-11-20 10:57:07,507: DEBUG: GoGo-Acct-Input-Voice-Gigawords: [0]
2013-11-20 10:57:07,507: DEBUG: GoGo-Total-Input-Packets: [10355]
2013-11-20 10:57:07,508: DEBUG: GoGo-Total-Input-Gigawords: [0]
2013-11-20 10:57:07,508: DEBUG: GoGo-Acct-Input-Voice-Packets: [0]
2013-11-20 10:57:07,508: DEBUG: GoGo-Total-Input-Octets: [7184699]
2013-11-20 10:57:07,508: DEBUG: GoGo-Total-Output-Packets: [59736]
2013-11-20 10:57:07,508: DEBUG: WISPr-Location-ID: [u'airline=BA01,tail=01009,network=']
2013-11-20 10:57:07,509: DEBUG: GoGo-Acct-Output-Voice-Gigawords: [0]
2013-11-20 10:57:07,510: DEBUG: Acct-Input-Octets: [7184699]
2013-11-20 10:57:07,512: DEBUG: 

2013-11-20 10:57:07,512: DEBUG: Received response with following attributes:
2013-11-20 10:57:16,514: DEBUG: 

2013-11-20 10:57:16,515: DEBUG: Creating Accounting Update Request with the following Attributes:
2013-11-20 10:57:16,515: DEBUG: User-Name: [u'username36@airborne.aircell.com']
2013-11-20 10:57:16,516: DEBUG: GoGo-Tail-Number: [u'AAATestNAS_211']
2013-11-20 10:57:16,516: DEBUG: Acct-Output-Octets: [2749343]
2013-11-20 10:57:16,517: DEBUG: NAS-IP-Address: ['10.254.216.1']
2013-11-20 10:57:16,518: DEBUG: GoGo-Total-Output-Gigawords: [0]
2013-11-20 10:57:16,518: DEBUG: Framed-IP-Address: ['10.254.216.98']
2013-11-20 10:57:16,519: DEBUG: GoGo-Total-Input-Voice-Gigawords: [0]
2013-11-20 10:57:16,520: DEBUG: GoGo-Total-Output-Octets: [2749343]
2013-11-20 10:57:16,520: DEBUG: GoGo-Acct-Input-Voice-Octets: [0]
2013-11-20 10:57:16,521: DEBUG: GoGo-Total-Input-Voice-Packets: [0]
2013-11-20 10:57:16,521: DEBUG: Called-Station-Id: [u'00:16:3E:2B:5E:C2']
2013-11-20 10:57:16,521: DEBUG: WISPr-Location-Name: [u'TEST LLC,BA01_01009']
2013-11-20 10:57:16,522: DEBUG: NAS-Identifier: [u'C08386']
2013-11-20 10:57:16,522: DEBUG: Proxy-State: ['3330,3132']
2013-11-20 10:57:16,523: DEBUG: GoGo-Total-Input-Voice-Octets: [0]
2013-11-20 10:57:16,523: DEBUG: Acct-Status-Type: ['Interim-Update']
2013-11-20 10:57:16,523: DEBUG: GoGo-Total-Output-Voice-Gigawords: [0]
2013-11-20 10:57:16,524: DEBUG: GoGo-Airline: [u'BA01']
2013-11-20 10:57:16,524: DEBUG: Acct-Session-Id: [u'AAATestNAS_211-1384925197461-00163E2B5EC2-2']
2013-11-20 10:57:16,525: DEBUG: Acct-Session-Time: [9]
2013-11-20 10:57:16,525: DEBUG: Acct-Input-Packets: [79265]
2013-11-20 10:57:16,526: DEBUG: Acct-Output-Packets: [10238]
2013-11-20 10:57:16,526: DEBUG: GoGo-Acct-Output-Voice-Packets: [0]
2013-11-20 10:57:16,526: DEBUG: GoGo-Acct-Output-Voice-Octets: [0]
2013-11-20 10:57:16,526: DEBUG: Acct-Output-Gigawords: [0]
2013-11-20 10:57:16,527: DEBUG: GoGo-Total-Output-Voice-Packets: [0]
2013-11-20 10:57:16,527: DEBUG: Acct-Input-Gigawords: [0]
2013-11-20 10:57:16,527: DEBUG: Calling-Station-Id: [u'18:21:31:41:52:92']
2013-11-20 10:57:16,528: DEBUG: NAS-Port-Type: ['Wireless-802.11']
2013-11-20 10:57:16,528: DEBUG: GoGo-Total-Output-Voice-Octets: [0]
2013-11-20 10:57:16,528: DEBUG: GoGo-Private-IP-Address: ['192.168.1.179']
2013-11-20 10:57:16,528: DEBUG: GoGo-Acct-Input-Voice-Gigawords: [0]
2013-11-20 10:57:16,529: DEBUG: GoGo-Total-Input-Packets: [79265]
2013-11-20 10:57:16,529: DEBUG: GoGo-Total-Input-Gigawords: [0]
2013-11-20 10:57:16,531: DEBUG: GoGo-Acct-Input-Voice-Packets: [0]
2013-11-20 10:57:16,531: DEBUG: GoGo-Total-Input-Octets: [9605414]
2013-11-20 10:57:16,532: DEBUG: GoGo-Total-Output-Packets: [10238]
2013-11-20 10:57:16,532: DEBUG: WISPr-Location-ID: [u'airline=BA01,tail=01009,network=']
2013-11-20 10:57:16,533: DEBUG: GoGo-Acct-Output-Voice-Gigawords: [0]
2013-11-20 10:57:16,534: DEBUG: Acct-Input-Octets: [9605414]
2013-11-20 10:57:16,537: DEBUG: 

2013-11-20 10:57:16,538: DEBUG: Received response with following attributes:
2013-11-20 10:57:35,540: DEBUG: 

2013-11-20 10:57:35,540: DEBUG: Creating Accounting Stop Request with the following Attributes:
2013-11-20 10:57:35,540: DEBUG: User-Name: [u'username36@airborne.aircell.com']
2013-11-20 10:57:35,541: DEBUG: GoGo-Tail-Number: [u'01009']
2013-11-20 10:57:35,541: DEBUG: Acct-Output-Octets: [8966323]
2013-11-20 10:57:35,541: DEBUG: NAS-IP-Address: ['10.254.216.1']
2013-11-20 10:57:35,541: DEBUG: GoGo-Total-Output-Gigawords: [0]
2013-11-20 10:57:35,541: DEBUG: Framed-IP-Address: ['10.254.216.98']
2013-11-20 10:57:35,541: DEBUG: GoGo-Total-Input-Voice-Gigawords: [0]
2013-11-20 10:57:35,541: DEBUG: GoGo-Total-Output-Octets: [8966323]
2013-11-20 10:57:35,541: DEBUG: GoGo-Acct-Input-Voice-Octets: [0]
2013-11-20 10:57:35,541: DEBUG: GoGo-Total-Input-Voice-Packets: [0]
2013-11-20 10:57:35,541: DEBUG: Called-Station-Id: [u'00:16:3E:2B:5E:C2']
2013-11-20 10:57:35,542: DEBUG: WISPr-Location-Name: [u'TEST LLC,BA01_01009']
2013-11-20 10:57:35,542: DEBUG: NAS-Identifier: [u'C08386']
2013-11-20 10:57:35,542: DEBUG: Proxy-State: ['3330,3132']
2013-11-20 10:57:35,542: DEBUG: GoGo-Total-Input-Voice-Octets: [0]
2013-11-20 10:57:35,542: DEBUG: Acct-Status-Type: ['Stop']
2013-11-20 10:57:35,542: DEBUG: GoGo-Total-Output-Voice-Gigawords: [0]
2013-11-20 10:57:35,542: DEBUG: GoGo-Airline: [u'BA01']
2013-11-20 10:57:35,542: DEBUG: Acct-Session-Id: [u'AAATestNAS_211-1384925197461-00163E2B5EC2-2']
2013-11-20 10:57:35,542: DEBUG: Acct-Session-Time: [19]
2013-11-20 10:57:35,543: DEBUG: Acct-Input-Packets: [10815]
2013-11-20 10:57:35,543: DEBUG: Acct-Output-Packets: [81001]
2013-11-20 10:57:35,543: DEBUG: Acct-Terminate-Cause: ['User-Request']
2013-11-20 10:57:35,543: DEBUG: GoGo-Acct-Output-Voice-Octets: [0]
2013-11-20 10:57:35,543: DEBUG: Acct-Output-Gigawords: [0]
2013-11-20 10:57:35,543: DEBUG: GoGo-Total-Output-Voice-Packets: [0]
2013-11-20 10:57:35,543: DEBUG: Acct-Input-Gigawords: [0]
2013-11-20 10:57:35,543: DEBUG: Calling-Station-Id: [u'18:21:31:41:52:92']
2013-11-20 10:57:35,543: DEBUG: NAS-Port-Type: ['Wireless-802.11']
2013-11-20 10:57:35,543: DEBUG: GoGo-Total-Output-Voice-Octets: [0]
2013-11-20 10:57:35,544: DEBUG: GoGo-Private-IP-Address: ['192.168.1.179']
2013-11-20 10:57:35,544: DEBUG: GoGo-Acct-Input-Voice-Gigawords: [0]
2013-11-20 10:57:35,544: DEBUG: GoGo-Total-Input-Packets: [10815]
2013-11-20 10:57:35,544: DEBUG: GoGo-Total-Input-Gigawords: [0]
2013-11-20 10:57:35,544: DEBUG: GoGo-Acct-Input-Voice-Packets: [0]
2013-11-20 10:57:35,544: DEBUG: GoGo-Total-Input-Octets: [3193826]
2013-11-20 10:57:35,544: DEBUG: GoGo-Total-Output-Packets: [81001]
2013-11-20 10:57:35,544: DEBUG: WISPr-Location-ID: [u'airline=BA01,tail=01009,network=']
2013-11-20 10:57:35,544: DEBUG: GoGo-Acct-Output-Voice-Packets: [0]
2013-11-20 10:57:35,545: DEBUG: GoGo-Acct-Output-Voice-Gigawords: [0]
2013-11-20 10:57:35,545: DEBUG: Acct-Input-Octets: [3193826]
2013-11-20 10:57:35,545: ERROR: Network error, Reason: 'Network error: Too many open files'
2013-11-20 10:57:35,545: ERROR: Ending the test for this user
2013-11-20 10:57:35,545: DEBUG: Ending the test for this user
