2013-11-20 10:55:41,893: DEBUG: Starting the client for the user username8@airborne.aircell.com to the server localhost

2013-11-20 10:55:41,894: DEBUG: DURATION of the TEST: 71
2013-11-20 10:55:41,894: DEBUG: NAS-IP: 10.254.192.1
2013-11-20 10:55:41,894: DEBUG: NAS-MAC-ADDR: 18:21:31:41:52:68
2013-11-20 10:55:41,894: DEBUG: Abruptly End: True
2013-11-20 10:55:41,894: DEBUG: Framed-IP: 10.254.192.137
2013-11-20 10:55:41,894: DEBUG: User-MAC-Addr: 00:16:3E:16:4D:C6
2013-11-20 10:55:41,894: DEBUG: 

2013-11-20 10:55:41,894: DEBUG: Creating Authentication Request with the following Attributes:
2013-11-20 10:55:41,895: DEBUG: NAS-Identifier: [u'C08386']
2013-11-20 10:55:41,895: DEBUG: User-Name: [u'username8@airborne.aircell.com']
2013-11-20 10:55:41,895: DEBUG: NAS-IP-Address: ['10.254.192.1']
2013-11-20 10:55:41,895: DEBUG: Service-Type: ['Authenticate-Only']
2013-11-20 10:55:41,895: DEBUG: Proxy-State: ['3237,3134']
2013-11-20 10:55:41,895: DEBUG: Framed-IP-Address: ['10.254.192.137']
2013-11-20 10:55:41,895: DEBUG: GoGo-Airline: [u'BA01']
2013-11-20 10:55:41,895: DEBUG: Acct-Session-Id: [u'AAATestNAS_187-1384925141894-00163E164DC6-1']
2013-11-20 10:55:41,895: DEBUG: GoGo-Tail-Number: [u'AAATestNAS_187']
2013-11-20 10:55:41,895: DEBUG: GoGo-Private-IP-Address: ['192.168.1.179']
2013-11-20 10:55:41,895: DEBUG: WISPr-Location-ID: [u'airline=BA01,tail=01009,network=']
2013-11-20 10:55:41,895: DEBUG: WISPr-Location-Name: [u'TEST LLC,BA01_01009']
2013-11-20 10:55:41,895: DEBUG: NAS-Port-Type: ['Wireless-802.11']
2013-11-20 10:55:41,896: DEBUG: Called-Station-Id: [u'00:16:3E:16:4D:C6']
2013-11-20 10:55:41,896: DEBUG: Calling-Station-Id: [u'18:21:31:41:52:68']
2013-11-20 10:55:41,897: DEBUG: 

2013-11-20 10:55:41,897: DEBUG: Received response with code: 2, Accepted
2013-11-20 10:55:41,897: DEBUG: Creating Authentication Request with the following Attributes:
2013-11-20 10:55:41,897: DEBUG: NAS-Identifier: [u'C08386']
2013-11-20 10:55:41,897: DEBUG: User-Name: [u'username8@airborne.aircell.com']
2013-11-20 10:55:41,897: DEBUG: NAS-IP-Address: ['10.254.192.1']
2013-11-20 10:55:41,897: DEBUG: Service-Type: ['Login-User']
2013-11-20 10:55:41,898: DEBUG: Proxy-State: ['3237,3134']
2013-11-20 10:55:41,898: DEBUG: Framed-IP-Address: ['10.254.192.137']
2013-11-20 10:55:41,898: DEBUG: GoGo-Airline: [u'BA01']
2013-11-20 10:55:41,898: DEBUG: Acct-Session-Id: [u'AAATestNAS_187-1384925141897-00163E164DC6-1']
2013-11-20 10:55:41,898: DEBUG: GoGo-Tail-Number: [u'AAATestNAS_187']
2013-11-20 10:55:41,898: DEBUG: GoGo-Private-IP-Address: ['192.168.1.179']
2013-11-20 10:55:41,898: DEBUG: WISPr-Location-ID: [u'airline=BA01,tail=01009,network=']
2013-11-20 10:55:41,898: DEBUG: WISPr-Location-Name: [u'TEST LLC,BA01_01009']
2013-11-20 10:55:41,898: DEBUG: NAS-Port-Type: ['Wireless-802.11']
2013-11-20 10:55:41,898: DEBUG: Called-Station-Id: [u'00:16:3E:16:4D:C6']
2013-11-20 10:55:41,898: DEBUG: Calling-Station-Id: [u'18:21:31:41:52:68']
2013-11-20 10:55:41,899: DEBUG: 

2013-11-20 10:55:41,900: DEBUG: Received response with code: 2, Accepted
2013-11-20 10:55:41,900: DEBUG: 

2013-11-20 10:55:41,900: DEBUG: Creating Accounting start Request with the following Attributes:
2013-11-20 10:55:41,900: DEBUG: NAS-Identifier: [u'C08386']
2013-11-20 10:55:41,900: DEBUG: User-Name: [u'username8@airborne.aircell.com']
2013-11-20 10:55:41,900: DEBUG: GoGo-Tail-Number: [u'AAATestNAS_187']
2013-11-20 10:55:41,900: DEBUG: NAS-IP-Address: ['10.254.192.1']
2013-11-20 10:55:41,900: DEBUG: Proxy-State: ['3239,3131']
2013-11-20 10:55:41,900: DEBUG: Acct-Status-Type: ['Start']
2013-11-20 10:55:41,900: DEBUG: GoGo-Airline: [u'BA01']
2013-11-20 10:55:41,900: DEBUG: Acct-Session-Id: [u'AAATestNAS_187-1384925141897-00163E164DC6-1']
2013-11-20 10:55:41,900: DEBUG: GoGo-Private-IP-Address: ['192.168.1.179']
2013-11-20 10:55:41,901: DEBUG: Framed-IP-Address: ['10.254.192.137']
2013-11-20 10:55:41,901: DEBUG: WISPr-Location-ID: [u'airline=BA01,tail=01009,network=']
2013-11-20 10:55:41,901: DEBUG: WISPr-Location-Name: [u'TEST LLC,BA01_01009']
2013-11-20 10:55:41,901: DEBUG: NAS-Port-Type: ['Wireless-802.11']
2013-11-20 10:55:41,901: DEBUG: Called-Station-Id: [u'00:16:3E:16:4D:C6']
2013-11-20 10:55:41,901: DEBUG: Calling-Station-Id: [u'18:21:31:41:52:68']
2013-11-20 10:55:41,902: DEBUG: 

2013-11-20 10:55:41,902: DEBUG: Received response with following attributes:
2013-11-20 10:55:51,903: DEBUG: 

2013-11-20 10:55:51,904: DEBUG: Creating Accounting Update Request with the following Attributes:
2013-11-20 10:55:51,904: DEBUG: User-Name: [u'username8@airborne.aircell.com']
2013-11-20 10:55:51,904: DEBUG: GoGo-Tail-Number: [u'AAATestNAS_187']
2013-11-20 10:55:51,904: DEBUG: Acct-Output-Octets: [1149263]
2013-11-20 10:55:51,904: DEBUG: NAS-IP-Address: ['10.254.192.1']
2013-11-20 10:55:51,904: DEBUG: GoGo-Total-Output-Gigawords: [0]
2013-11-20 10:55:51,904: DEBUG: Framed-IP-Address: ['10.254.192.137']
2013-11-20 10:55:51,904: DEBUG: GoGo-Total-Input-Voice-Gigawords: [0]
2013-11-20 10:55:51,904: DEBUG: GoGo-Total-Output-Octets: [1149263]
2013-11-20 10:55:51,904: DEBUG: GoGo-Acct-Input-Voice-Octets: [0]
2013-11-20 10:55:51,904: DEBUG: GoGo-Total-Input-Voice-Packets: [0]
2013-11-20 10:55:51,904: DEBUG: Called-Station-Id: [u'00:16:3E:16:4D:C6']
2013-11-20 10:55:51,905: DEBUG: WISPr-Location-Name: [u'TEST LLC,BA01_01009']
2013-11-20 10:55:51,905: DEBUG: NAS-Identifier: [u'C08386']
2013-11-20 10:55:51,905: DEBUG: Proxy-State: ['3330,3132']
2013-11-20 10:55:51,905: DEBUG: GoGo-Total-Input-Voice-Octets: [0]
2013-11-20 10:55:51,905: DEBUG: Acct-Status-Type: ['Interim-Update']
2013-11-20 10:55:51,905: DEBUG: GoGo-Total-Output-Voice-Gigawords: [0]
2013-11-20 10:55:51,905: DEBUG: GoGo-Airline: [u'BA01']
2013-11-20 10:55:51,905: DEBUG: Acct-Session-Id: [u'AAATestNAS_187-1384925141897-00163E164DC6-1']
2013-11-20 10:55:51,905: DEBUG: Acct-Session-Time: [10]
2013-11-20 10:55:51,905: DEBUG: Acct-Input-Packets: [7206]
2013-11-20 10:55:51,905: DEBUG: Acct-Output-Packets: [8549]
2013-11-20 10:55:51,905: DEBUG: GoGo-Acct-Output-Voice-Packets: [0]
2013-11-20 10:55:51,905: DEBUG: GoGo-Acct-Output-Voice-Octets: [0]
2013-11-20 10:55:51,905: DEBUG: Acct-Output-Gigawords: [0]
2013-11-20 10:55:51,905: DEBUG: GoGo-Total-Output-Voice-Packets: [0]
2013-11-20 10:55:51,906: DEBUG: Acct-Input-Gigawords: [0]
2013-11-20 10:55:51,906: DEBUG: Calling-Station-Id: [u'18:21:31:41:52:68']
2013-11-20 10:55:51,906: DEBUG: NAS-Port-Type: ['Wireless-802.11']
2013-11-20 10:55:51,906: DEBUG: GoGo-Total-Output-Voice-Octets: [0]
2013-11-20 10:55:51,906: DEBUG: GoGo-Private-IP-Address: ['192.168.1.179']
2013-11-20 10:55:51,906: DEBUG: GoGo-Acct-Input-Voice-Gigawords: [0]
2013-11-20 10:55:51,906: DEBUG: GoGo-Total-Input-Packets: [7206]
2013-11-20 10:55:51,906: DEBUG: GoGo-Total-Input-Gigawords: [0]
2013-11-20 10:55:51,906: DEBUG: GoGo-Acct-Input-Voice-Packets: [0]
2013-11-20 10:55:51,906: DEBUG: GoGo-Total-Input-Octets: [3233476]
2013-11-20 10:55:51,906: DEBUG: GoGo-Total-Output-Packets: [8549]
2013-11-20 10:55:51,906: DEBUG: WISPr-Location-ID: [u'airline=BA01,tail=01009,network=']
2013-11-20 10:55:51,906: DEBUG: GoGo-Acct-Output-Voice-Gigawords: [0]
2013-11-20 10:55:51,906: DEBUG: Acct-Input-Octets: [3233476]
2013-11-20 10:55:51,908: DEBUG: 

2013-11-20 10:55:51,908: DEBUG: Received response with following attributes:
2013-11-20 10:55:51,908: DEBUG: User has abruptly end flag so ending the test with out AcctStop
2013-11-20 10:55:51,908: DEBUG: Ending the test for this user
2013-11-20 10:55:52,417: DEBUG: Starting the client for the user username8@airborne.aircell.com to the server localhost

2013-11-20 10:55:52,417: DEBUG: Starting the client for the user username8@airborne.aircell.com to the server localhost

2013-11-20 10:55:52,418: DEBUG: DURATION of the TEST: 86
2013-11-20 10:55:52,418: DEBUG: DURATION of the TEST: 86
2013-11-20 10:55:52,418: DEBUG: NAS-IP: 10.254.116.1
2013-11-20 10:55:52,418: DEBUG: NAS-IP: 10.254.116.1
2013-11-20 10:55:52,419: DEBUG: NAS-MAC-ADDR: 17:21:31:41:52:81
2013-11-20 10:55:52,419: DEBUG: NAS-MAC-ADDR: 17:21:31:41:52:81
2013-11-20 10:55:52,419: DEBUG: Abruptly End: False
2013-11-20 10:55:52,419: DEBUG: Abruptly End: False
2013-11-20 10:55:52,420: DEBUG: Framed-IP: 10.254.116.101
2013-11-20 10:55:52,420: DEBUG: Framed-IP: 10.254.116.101
2013-11-20 10:55:52,420: DEBUG: User-MAC-Addr: 00:16:3E:14:2C:DC
2013-11-20 10:55:52,420: DEBUG: User-MAC-Addr: 00:16:3E:14:2C:DC
2013-11-20 10:55:52,421: DEBUG: 

2013-11-20 10:55:52,421: DEBUG: 

2013-11-20 10:55:52,422: DEBUG: Creating Authentication Request with the following Attributes:
2013-11-20 10:55:52,422: DEBUG: Creating Authentication Request with the following Attributes:
2013-11-20 10:55:52,422: DEBUG: NAS-Identifier: [u'C08386']
2013-11-20 10:55:52,422: DEBUG: NAS-Identifier: [u'C08386']
2013-11-20 10:55:52,422: DEBUG: User-Name: [u'username8@airborne.aircell.com']
2013-11-20 10:55:52,422: DEBUG: User-Name: [u'username8@airborne.aircell.com']
2013-11-20 10:55:52,423: DEBUG: NAS-IP-Address: ['10.254.116.1']
2013-11-20 10:55:52,423: DEBUG: NAS-IP-Address: ['10.254.116.1']
2013-11-20 10:55:52,423: DEBUG: Service-Type: ['Authenticate-Only']
2013-11-20 10:55:52,423: DEBUG: Service-Type: ['Authenticate-Only']
2013-11-20 10:55:52,424: DEBUG: Proxy-State: ['3237,3134']
2013-11-20 10:55:52,424: DEBUG: Proxy-State: ['3237,3134']
2013-11-20 10:55:52,424: DEBUG: Framed-IP-Address: ['10.254.116.101']
2013-11-20 10:55:52,424: DEBUG: Framed-IP-Address: ['10.254.116.101']
2013-11-20 10:55:52,425: DEBUG: GoGo-Airline: [u'BA01']
2013-11-20 10:55:52,425: DEBUG: GoGo-Airline: [u'BA01']
2013-11-20 10:55:52,426: DEBUG: Acct-Session-Id: [u'AAATestNAS_111-1384925152421-00163E142CDC-3']
2013-11-20 10:55:52,426: DEBUG: Acct-Session-Id: [u'AAATestNAS_111-1384925152421-00163E142CDC-3']
2013-11-20 10:55:52,426: DEBUG: GoGo-Tail-Number: [u'AAATestNAS_111']
2013-11-20 10:55:52,426: DEBUG: GoGo-Tail-Number: [u'AAATestNAS_111']
2013-11-20 10:55:52,427: DEBUG: GoGo-Private-IP-Address: ['192.168.1.179']
2013-11-20 10:55:52,427: DEBUG: GoGo-Private-IP-Address: ['192.168.1.179']
2013-11-20 10:55:52,427: DEBUG: WISPr-Location-ID: [u'airline=BA01,tail=01009,network=']
2013-11-20 10:55:52,427: DEBUG: WISPr-Location-ID: [u'airline=BA01,tail=01009,network=']
2013-11-20 10:55:52,427: DEBUG: WISPr-Location-Name: [u'TEST LLC,BA01_01009']
2013-11-20 10:55:52,427: DEBUG: WISPr-Location-Name: [u'TEST LLC,BA01_01009']
2013-11-20 10:55:52,428: DEBUG: NAS-Port-Type: ['Wireless-802.11']
2013-11-20 10:55:52,428: DEBUG: NAS-Port-Type: ['Wireless-802.11']
2013-11-20 10:55:52,429: DEBUG: Called-Station-Id: [u'00:16:3E:14:2C:DC']
2013-11-20 10:55:52,429: DEBUG: Called-Station-Id: [u'00:16:3E:14:2C:DC']
2013-11-20 10:55:52,429: DEBUG: Calling-Station-Id: [u'17:21:31:41:52:81']
2013-11-20 10:55:52,429: DEBUG: Calling-Station-Id: [u'17:21:31:41:52:81']
2013-11-20 10:55:52,432: DEBUG: 

2013-11-20 10:55:52,432: DEBUG: 

2013-11-20 10:55:52,433: DEBUG: Received response with code: 2, Accepted
2013-11-20 10:55:52,433: DEBUG: Received response with code: 2, Accepted
2013-11-20 10:55:52,434: DEBUG: Creating Authentication Request with the following Attributes:
2013-11-20 10:55:52,434: DEBUG: Creating Authentication Request with the following Attributes:
2013-11-20 10:55:52,435: DEBUG: NAS-Identifier: [u'C08386']
2013-11-20 10:55:52,435: DEBUG: NAS-Identifier: [u'C08386']
2013-11-20 10:55:52,437: DEBUG: User-Name: [u'username8@airborne.aircell.com']
2013-11-20 10:55:52,437: DEBUG: User-Name: [u'username8@airborne.aircell.com']
2013-11-20 10:55:52,437: DEBUG: NAS-IP-Address: ['10.254.116.1']
2013-11-20 10:55:52,437: DEBUG: NAS-IP-Address: ['10.254.116.1']
2013-11-20 10:55:52,438: DEBUG: Service-Type: ['Login-User']
2013-11-20 10:55:52,438: DEBUG: Service-Type: ['Login-User']
2013-11-20 10:55:52,439: DEBUG: Proxy-State: ['3237,3134']
2013-11-20 10:55:52,439: DEBUG: Proxy-State: ['3237,3134']
2013-11-20 10:55:52,440: DEBUG: Framed-IP-Address: ['10.254.116.101']
2013-11-20 10:55:52,440: DEBUG: Framed-IP-Address: ['10.254.116.101']
2013-11-20 10:55:52,440: DEBUG: GoGo-Airline: [u'BA01']
2013-11-20 10:55:52,440: DEBUG: GoGo-Airline: [u'BA01']
2013-11-20 10:55:52,441: DEBUG: Acct-Session-Id: [u'AAATestNAS_111-1384925152434-00163E142CDC-3']
2013-11-20 10:55:52,441: DEBUG: Acct-Session-Id: [u'AAATestNAS_111-1384925152434-00163E142CDC-3']
2013-11-20 10:55:52,442: DEBUG: GoGo-Tail-Number: [u'AAATestNAS_111']
2013-11-20 10:55:52,442: DEBUG: GoGo-Tail-Number: [u'AAATestNAS_111']
2013-11-20 10:55:52,443: DEBUG: GoGo-Private-IP-Address: ['192.168.1.179']
2013-11-20 10:55:52,443: DEBUG: GoGo-Private-IP-Address: ['192.168.1.179']
2013-11-20 10:55:52,443: DEBUG: WISPr-Location-ID: [u'airline=BA01,tail=01009,network=']
2013-11-20 10:55:52,443: DEBUG: WISPr-Location-ID: [u'airline=BA01,tail=01009,network=']
2013-11-20 10:55:52,444: DEBUG: WISPr-Location-Name: [u'TEST LLC,BA01_01009']
2013-11-20 10:55:52,444: DEBUG: WISPr-Location-Name: [u'TEST LLC,BA01_01009']
2013-11-20 10:55:52,444: DEBUG: NAS-Port-Type: ['Wireless-802.11']
2013-11-20 10:55:52,444: DEBUG: NAS-Port-Type: ['Wireless-802.11']
2013-11-20 10:55:52,447: DEBUG: Called-Station-Id: [u'00:16:3E:14:2C:DC']
2013-11-20 10:55:52,447: DEBUG: Called-Station-Id: [u'00:16:3E:14:2C:DC']
2013-11-20 10:55:52,447: DEBUG: Calling-Station-Id: [u'17:21:31:41:52:81']
2013-11-20 10:55:52,447: DEBUG: Calling-Station-Id: [u'17:21:31:41:52:81']
2013-11-20 10:55:52,451: DEBUG: 

2013-11-20 10:55:52,451: DEBUG: 

2013-11-20 10:55:52,452: DEBUG: Received response with code: 2, Accepted
2013-11-20 10:55:52,452: DEBUG: Received response with code: 2, Accepted
2013-11-20 10:55:52,453: DEBUG: 

2013-11-20 10:55:52,453: DEBUG: 

2013-11-20 10:55:52,454: DEBUG: Creating Accounting start Request with the following Attributes:
2013-11-20 10:55:52,454: DEBUG: Creating Accounting start Request with the following Attributes:
2013-11-20 10:55:52,455: DEBUG: NAS-Identifier: [u'C08386']
2013-11-20 10:55:52,455: DEBUG: NAS-Identifier: [u'C08386']
2013-11-20 10:55:52,455: DEBUG: User-Name: [u'username8@airborne.aircell.com']
2013-11-20 10:55:52,455: DEBUG: User-Name: [u'username8@airborne.aircell.com']
2013-11-20 10:55:52,457: DEBUG: GoGo-Tail-Number: [u'AAATestNAS_111']
2013-11-20 10:55:52,457: DEBUG: GoGo-Tail-Number: [u'AAATestNAS_111']
2013-11-20 10:55:52,458: DEBUG: NAS-IP-Address: ['10.254.116.1']
2013-11-20 10:55:52,458: DEBUG: NAS-IP-Address: ['10.254.116.1']
2013-11-20 10:55:52,459: DEBUG: Proxy-State: ['3239,3131']
2013-11-20 10:55:52,459: DEBUG: Proxy-State: ['3239,3131']
2013-11-20 10:55:52,459: DEBUG: Acct-Status-Type: ['Start']
2013-11-20 10:55:52,459: DEBUG: Acct-Status-Type: ['Start']
2013-11-20 10:55:52,461: DEBUG: GoGo-Airline: [u'BA01']
2013-11-20 10:55:52,461: DEBUG: GoGo-Airline: [u'BA01']
2013-11-20 10:55:52,462: DEBUG: Acct-Session-Id: [u'AAATestNAS_111-1384925152434-00163E142CDC-3']
2013-11-20 10:55:52,462: DEBUG: Acct-Session-Id: [u'AAATestNAS_111-1384925152434-00163E142CDC-3']
2013-11-20 10:55:52,463: DEBUG: GoGo-Private-IP-Address: ['192.168.1.179']
2013-11-20 10:55:52,463: DEBUG: GoGo-Private-IP-Address: ['192.168.1.179']
2013-11-20 10:55:52,464: DEBUG: Framed-IP-Address: ['10.254.116.101']
2013-11-20 10:55:52,464: DEBUG: Framed-IP-Address: ['10.254.116.101']
2013-11-20 10:55:52,465: DEBUG: WISPr-Location-ID: [u'airline=BA01,tail=01009,network=']
2013-11-20 10:55:52,465: DEBUG: WISPr-Location-ID: [u'airline=BA01,tail=01009,network=']
2013-11-20 10:55:52,465: DEBUG: WISPr-Location-Name: [u'TEST LLC,BA01_01009']
2013-11-20 10:55:52,465: DEBUG: WISPr-Location-Name: [u'TEST LLC,BA01_01009']
2013-11-20 10:55:52,466: DEBUG: NAS-Port-Type: ['Wireless-802.11']
2013-11-20 10:55:52,466: DEBUG: NAS-Port-Type: ['Wireless-802.11']
2013-11-20 10:55:52,470: DEBUG: Called-Station-Id: [u'00:16:3E:14:2C:DC']
2013-11-20 10:55:52,470: DEBUG: Called-Station-Id: [u'00:16:3E:14:2C:DC']
2013-11-20 10:55:52,471: DEBUG: Calling-Station-Id: [u'17:21:31:41:52:81']
2013-11-20 10:55:52,471: DEBUG: Calling-Station-Id: [u'17:21:31:41:52:81']
2013-11-20 10:55:52,475: DEBUG: 

2013-11-20 10:55:52,475: DEBUG: 

2013-11-20 10:55:52,476: DEBUG: Received response with following attributes:
2013-11-20 10:55:52,476: DEBUG: Received response with following attributes:
2013-11-20 10:56:02,480: DEBUG: 

2013-11-20 10:56:02,480: DEBUG: 

2013-11-20 10:56:02,483: DEBUG: Creating Accounting Update Request with the following Attributes:
2013-11-20 10:56:02,483: DEBUG: Creating Accounting Update Request with the following Attributes:
2013-11-20 10:56:02,484: DEBUG: User-Name: [u'username8@airborne.aircell.com']
2013-11-20 10:56:02,484: DEBUG: User-Name: [u'username8@airborne.aircell.com']
2013-11-20 10:56:02,484: DEBUG: GoGo-Tail-Number: [u'AAATestNAS_111']
2013-11-20 10:56:02,484: DEBUG: GoGo-Tail-Number: [u'AAATestNAS_111']
2013-11-20 10:56:02,486: DEBUG: Acct-Output-Octets: [6141070]
2013-11-20 10:56:02,486: DEBUG: Acct-Output-Octets: [6141070]
2013-11-20 10:56:02,488: DEBUG: NAS-IP-Address: ['10.254.116.1']
2013-11-20 10:56:02,488: DEBUG: NAS-IP-Address: ['10.254.116.1']
2013-11-20 10:56:02,490: DEBUG: GoGo-Total-Output-Gigawords: [0]
2013-11-20 10:56:02,490: DEBUG: GoGo-Total-Output-Gigawords: [0]
2013-11-20 10:56:02,492: DEBUG: Framed-IP-Address: ['10.254.116.101']
2013-11-20 10:56:02,492: DEBUG: Framed-IP-Address: ['10.254.116.101']
2013-11-20 10:56:02,492: DEBUG: GoGo-Total-Input-Voice-Gigawords: [0]
2013-11-20 10:56:02,492: DEBUG: GoGo-Total-Input-Voice-Gigawords: [0]
2013-11-20 10:56:02,493: DEBUG: GoGo-Total-Output-Octets: [6141070]
2013-11-20 10:56:02,493: DEBUG: GoGo-Total-Output-Octets: [6141070]
2013-11-20 10:56:02,494: DEBUG: GoGo-Acct-Input-Voice-Octets: [0]
2013-11-20 10:56:02,494: DEBUG: GoGo-Acct-Input-Voice-Octets: [0]
2013-11-20 10:56:02,494: DEBUG: GoGo-Total-Input-Voice-Packets: [0]
2013-11-20 10:56:02,494: DEBUG: GoGo-Total-Input-Voice-Packets: [0]
2013-11-20 10:56:02,496: DEBUG: Called-Station-Id: [u'00:16:3E:14:2C:DC']
2013-11-20 10:56:02,496: DEBUG: Called-Station-Id: [u'00:16:3E:14:2C:DC']
2013-11-20 10:56:02,496: DEBUG: WISPr-Location-Name: [u'TEST LLC,BA01_01009']
2013-11-20 10:56:02,496: DEBUG: WISPr-Location-Name: [u'TEST LLC,BA01_01009']
2013-11-20 10:56:02,499: DEBUG: NAS-Identifier: [u'C08386']
2013-11-20 10:56:02,499: DEBUG: NAS-Identifier: [u'C08386']
2013-11-20 10:56:02,500: DEBUG: Proxy-State: ['3330,3132']
2013-11-20 10:56:02,500: DEBUG: Proxy-State: ['3330,3132']
2013-11-20 10:56:02,501: DEBUG: GoGo-Total-Input-Voice-Octets: [0]
2013-11-20 10:56:02,501: DEBUG: GoGo-Total-Input-Voice-Octets: [0]
2013-11-20 10:56:02,505: DEBUG: Acct-Status-Type: ['Interim-Update']
2013-11-20 10:56:02,505: DEBUG: Acct-Status-Type: ['Interim-Update']
2013-11-20 10:56:02,508: DEBUG: GoGo-Total-Output-Voice-Gigawords: [0]
2013-11-20 10:56:02,508: DEBUG: GoGo-Total-Output-Voice-Gigawords: [0]
2013-11-20 10:56:02,509: DEBUG: GoGo-Airline: [u'BA01']
2013-11-20 10:56:02,509: DEBUG: GoGo-Airline: [u'BA01']
2013-11-20 10:56:02,510: DEBUG: Acct-Session-Id: [u'AAATestNAS_111-1384925152434-00163E142CDC-3']
2013-11-20 10:56:02,510: DEBUG: Acct-Session-Id: [u'AAATestNAS_111-1384925152434-00163E142CDC-3']
2013-11-20 10:56:02,513: DEBUG: Acct-Session-Time: [10]
2013-11-20 10:56:02,513: DEBUG: Acct-Session-Time: [10]
2013-11-20 10:56:02,514: DEBUG: Acct-Input-Packets: [39089]
2013-11-20 10:56:02,514: DEBUG: Acct-Input-Packets: [39089]
2013-11-20 10:56:02,518: DEBUG: Acct-Output-Packets: [17490]
2013-11-20 10:56:02,518: DEBUG: Acct-Output-Packets: [17490]
2013-11-20 10:56:02,520: DEBUG: GoGo-Acct-Output-Voice-Packets: [0]
2013-11-20 10:56:02,520: DEBUG: GoGo-Acct-Output-Voice-Packets: [0]
2013-11-20 10:56:02,522: DEBUG: GoGo-Acct-Output-Voice-Octets: [0]
2013-11-20 10:56:02,522: DEBUG: GoGo-Acct-Output-Voice-Octets: [0]
2013-11-20 10:56:02,524: DEBUG: Acct-Output-Gigawords: [0]
2013-11-20 10:56:02,524: DEBUG: Acct-Output-Gigawords: [0]
2013-11-20 10:56:02,531: DEBUG: GoGo-Total-Output-Voice-Packets: [0]
2013-11-20 10:56:02,531: DEBUG: GoGo-Total-Output-Voice-Packets: [0]
2013-11-20 10:56:02,534: DEBUG: Acct-Input-Gigawords: [0]
2013-11-20 10:56:02,534: DEBUG: Acct-Input-Gigawords: [0]
2013-11-20 10:56:02,538: DEBUG: Calling-Station-Id: [u'17:21:31:41:52:81']
2013-11-20 10:56:02,538: DEBUG: Calling-Station-Id: [u'17:21:31:41:52:81']
2013-11-20 10:56:02,539: DEBUG: NAS-Port-Type: ['Wireless-802.11']
2013-11-20 10:56:02,539: DEBUG: NAS-Port-Type: ['Wireless-802.11']
2013-11-20 10:56:02,541: DEBUG: GoGo-Total-Output-Voice-Octets: [0]
2013-11-20 10:56:02,541: DEBUG: GoGo-Total-Output-Voice-Octets: [0]
2013-11-20 10:56:02,544: DEBUG: GoGo-Private-IP-Address: ['192.168.1.179']
2013-11-20 10:56:02,544: DEBUG: GoGo-Private-IP-Address: ['192.168.1.179']
2013-11-20 10:56:02,546: DEBUG: GoGo-Acct-Input-Voice-Gigawords: [0]
2013-11-20 10:56:02,546: DEBUG: GoGo-Acct-Input-Voice-Gigawords: [0]
2013-11-20 10:56:02,548: DEBUG: GoGo-Total-Input-Packets: [39089]
2013-11-20 10:56:02,548: DEBUG: GoGo-Total-Input-Packets: [39089]
2013-11-20 10:56:02,550: DEBUG: GoGo-Total-Input-Gigawords: [0]
2013-11-20 10:56:02,550: DEBUG: GoGo-Total-Input-Gigawords: [0]
2013-11-20 10:56:02,552: DEBUG: GoGo-Acct-Input-Voice-Packets: [0]
2013-11-20 10:56:02,552: DEBUG: GoGo-Acct-Input-Voice-Packets: [0]
2013-11-20 10:56:02,557: DEBUG: GoGo-Total-Input-Octets: [4991611]
2013-11-20 10:56:02,557: DEBUG: GoGo-Total-Input-Octets: [4991611]
2013-11-20 10:56:02,559: DEBUG: GoGo-Total-Output-Packets: [17490]
2013-11-20 10:56:02,559: DEBUG: GoGo-Total-Output-Packets: [17490]
2013-11-20 10:56:02,563: DEBUG: WISPr-Location-ID: [u'airline=BA01,tail=01009,network=']
2013-11-20 10:56:02,563: DEBUG: WISPr-Location-ID: [u'airline=BA01,tail=01009,network=']
2013-11-20 10:56:02,564: DEBUG: GoGo-Acct-Output-Voice-Gigawords: [0]
2013-11-20 10:56:02,564: DEBUG: GoGo-Acct-Output-Voice-Gigawords: [0]
2013-11-20 10:56:02,566: DEBUG: Acct-Input-Octets: [4991611]
2013-11-20 10:56:02,566: DEBUG: Acct-Input-Octets: [4991611]
2013-11-20 10:56:02,572: DEBUG: 

2013-11-20 10:56:02,572: DEBUG: 

2013-11-20 10:56:02,573: DEBUG: Received response with following attributes:
2013-11-20 10:56:02,573: DEBUG: Received response with following attributes:
2013-11-20 10:56:12,575: DEBUG: 

2013-11-20 10:56:12,575: DEBUG: 

2013-11-20 10:56:12,577: DEBUG: Creating Accounting Update Request with the following Attributes:
2013-11-20 10:56:12,577: DEBUG: Creating Accounting Update Request with the following Attributes:
2013-11-20 10:56:12,578: DEBUG: User-Name: [u'username8@airborne.aircell.com']
2013-11-20 10:56:12,578: DEBUG: User-Name: [u'username8@airborne.aircell.com']
2013-11-20 10:56:12,578: DEBUG: GoGo-Tail-Number: [u'AAATestNAS_111']
2013-11-20 10:56:12,578: DEBUG: GoGo-Tail-Number: [u'AAATestNAS_111']
2013-11-20 10:56:12,579: DEBUG: Acct-Output-Octets: [8108556]
2013-11-20 10:56:12,579: DEBUG: Acct-Output-Octets: [8108556]
2013-11-20 10:56:12,580: DEBUG: NAS-IP-Address: ['10.254.116.1']
2013-11-20 10:56:12,580: DEBUG: NAS-IP-Address: ['10.254.116.1']
2013-11-20 10:56:12,580: DEBUG: GoGo-Total-Output-Gigawords: [0]
2013-11-20 10:56:12,580: DEBUG: GoGo-Total-Output-Gigawords: [0]
2013-11-20 10:56:12,582: DEBUG: Framed-IP-Address: ['10.254.116.101']
2013-11-20 10:56:12,582: DEBUG: Framed-IP-Address: ['10.254.116.101']
2013-11-20 10:56:12,583: DEBUG: GoGo-Total-Input-Voice-Gigawords: [0]
2013-11-20 10:56:12,583: DEBUG: GoGo-Total-Input-Voice-Gigawords: [0]
2013-11-20 10:56:12,583: DEBUG: GoGo-Total-Output-Octets: [8108556]
2013-11-20 10:56:12,583: DEBUG: GoGo-Total-Output-Octets: [8108556]
2013-11-20 10:56:12,584: DEBUG: GoGo-Acct-Input-Voice-Octets: [0]
2013-11-20 10:56:12,584: DEBUG: GoGo-Acct-Input-Voice-Octets: [0]
2013-11-20 10:56:12,585: DEBUG: GoGo-Total-Input-Voice-Packets: [0]
2013-11-20 10:56:12,585: DEBUG: GoGo-Total-Input-Voice-Packets: [0]
2013-11-20 10:56:12,586: DEBUG: Called-Station-Id: [u'00:16:3E:14:2C:DC']
2013-11-20 10:56:12,586: DEBUG: Called-Station-Id: [u'00:16:3E:14:2C:DC']
2013-11-20 10:56:12,586: DEBUG: WISPr-Location-Name: [u'TEST LLC,BA01_01009']
2013-11-20 10:56:12,586: DEBUG: WISPr-Location-Name: [u'TEST LLC,BA01_01009']
2013-11-20 10:56:12,587: DEBUG: NAS-Identifier: [u'C08386']
2013-11-20 10:56:12,587: DEBUG: NAS-Identifier: [u'C08386']
2013-11-20 10:56:12,588: DEBUG: Proxy-State: ['3330,3132']
2013-11-20 10:56:12,588: DEBUG: Proxy-State: ['3330,3132']
2013-11-20 10:56:12,589: DEBUG: GoGo-Total-Input-Voice-Octets: [0]
2013-11-20 10:56:12,589: DEBUG: GoGo-Total-Input-Voice-Octets: [0]
2013-11-20 10:56:12,590: DEBUG: Acct-Status-Type: ['Interim-Update']
2013-11-20 10:56:12,590: DEBUG: Acct-Status-Type: ['Interim-Update']
2013-11-20 10:56:12,590: DEBUG: GoGo-Total-Output-Voice-Gigawords: [0]
2013-11-20 10:56:12,590: DEBUG: GoGo-Total-Output-Voice-Gigawords: [0]
2013-11-20 10:56:12,590: DEBUG: GoGo-Airline: [u'BA01']
2013-11-20 10:56:12,590: DEBUG: GoGo-Airline: [u'BA01']
2013-11-20 10:56:12,591: DEBUG: Acct-Session-Id: [u'AAATestNAS_111-1384925152434-00163E142CDC-3']
2013-11-20 10:56:12,591: DEBUG: Acct-Session-Id: [u'AAATestNAS_111-1384925152434-00163E142CDC-3']
2013-11-20 10:56:12,591: DEBUG: Acct-Session-Time: [10]
2013-11-20 10:56:12,591: DEBUG: Acct-Session-Time: [10]
2013-11-20 10:56:12,591: DEBUG: Acct-Input-Packets: [7020]
2013-11-20 10:56:12,591: DEBUG: Acct-Input-Packets: [7020]
2013-11-20 10:56:12,592: DEBUG: Acct-Output-Packets: [76050]
2013-11-20 10:56:12,592: DEBUG: Acct-Output-Packets: [76050]
2013-11-20 10:56:12,592: DEBUG: GoGo-Acct-Output-Voice-Packets: [0]
2013-11-20 10:56:12,592: DEBUG: GoGo-Acct-Output-Voice-Packets: [0]
2013-11-20 10:56:12,592: DEBUG: GoGo-Acct-Output-Voice-Octets: [0]
2013-11-20 10:56:12,592: DEBUG: GoGo-Acct-Output-Voice-Octets: [0]
2013-11-20 10:56:12,593: DEBUG: Acct-Output-Gigawords: [0]
2013-11-20 10:56:12,593: DEBUG: Acct-Output-Gigawords: [0]
2013-11-20 10:56:12,593: DEBUG: GoGo-Total-Output-Voice-Packets: [0]
2013-11-20 10:56:12,593: DEBUG: GoGo-Total-Output-Voice-Packets: [0]
2013-11-20 10:56:12,593: DEBUG: Acct-Input-Gigawords: [0]
2013-11-20 10:56:12,593: DEBUG: Acct-Input-Gigawords: [0]
2013-11-20 10:56:12,593: DEBUG: Calling-Station-Id: [u'17:21:31:41:52:81']
2013-11-20 10:56:12,593: DEBUG: Calling-Station-Id: [u'17:21:31:41:52:81']
2013-11-20 10:56:12,594: DEBUG: NAS-Port-Type: ['Wireless-802.11']
2013-11-20 10:56:12,594: DEBUG: NAS-Port-Type: ['Wireless-802.11']
2013-11-20 10:56:12,594: DEBUG: GoGo-Total-Output-Voice-Octets: [0]
2013-11-20 10:56:12,594: DEBUG: GoGo-Total-Output-Voice-Octets: [0]
2013-11-20 10:56:12,594: DEBUG: GoGo-Private-IP-Address: ['192.168.1.179']
2013-11-20 10:56:12,594: DEBUG: GoGo-Private-IP-Address: ['192.168.1.179']
2013-11-20 10:56:12,594: DEBUG: GoGo-Acct-Input-Voice-Gigawords: [0]
2013-11-20 10:56:12,594: DEBUG: GoGo-Acct-Input-Voice-Gigawords: [0]
2013-11-20 10:56:12,594: DEBUG: GoGo-Total-Input-Packets: [7020]
2013-11-20 10:56:12,594: DEBUG: GoGo-Total-Input-Packets: [7020]
2013-11-20 10:56:12,594: DEBUG: GoGo-Total-Input-Gigawords: [0]
2013-11-20 10:56:12,594: DEBUG: GoGo-Total-Input-Gigawords: [0]
2013-11-20 10:56:12,594: DEBUG: GoGo-Acct-Input-Voice-Packets: [0]
2013-11-20 10:56:12,594: DEBUG: GoGo-Acct-Input-Voice-Packets: [0]
2013-11-20 10:56:12,595: DEBUG: GoGo-Total-Input-Octets: [4775621]
2013-11-20 10:56:12,595: DEBUG: GoGo-Total-Input-Octets: [4775621]
2013-11-20 10:56:12,595: DEBUG: GoGo-Total-Output-Packets: [76050]
2013-11-20 10:56:12,595: DEBUG: GoGo-Total-Output-Packets: [76050]
2013-11-20 10:56:12,595: DEBUG: WISPr-Location-ID: [u'airline=BA01,tail=01009,network=']
2013-11-20 10:56:12,595: DEBUG: WISPr-Location-ID: [u'airline=BA01,tail=01009,network=']
2013-11-20 10:56:12,595: DEBUG: GoGo-Acct-Output-Voice-Gigawords: [0]
2013-11-20 10:56:12,595: DEBUG: GoGo-Acct-Output-Voice-Gigawords: [0]
2013-11-20 10:56:12,595: DEBUG: Acct-Input-Octets: [4775621]
2013-11-20 10:56:12,595: DEBUG: Acct-Input-Octets: [4775621]
2013-11-20 10:56:12,596: DEBUG: 

2013-11-20 10:56:12,596: DEBUG: 

2013-11-20 10:56:12,596: DEBUG: Received response with following attributes:
2013-11-20 10:56:12,596: DEBUG: Received response with following attributes:
2013-11-20 10:56:22,597: DEBUG: 

2013-11-20 10:56:22,597: DEBUG: 

2013-11-20 10:56:22,598: DEBUG: Creating Accounting Update Request with the following Attributes:
2013-11-20 10:56:22,598: DEBUG: Creating Accounting Update Request with the following Attributes:
2013-11-20 10:56:22,599: DEBUG: User-Name: [u'username8@airborne.aircell.com']
2013-11-20 10:56:22,599: DEBUG: User-Name: [u'username8@airborne.aircell.com']
2013-11-20 10:56:22,600: DEBUG: GoGo-Tail-Number: [u'AAATestNAS_111']
2013-11-20 10:56:22,600: DEBUG: GoGo-Tail-Number: [u'AAATestNAS_111']
2013-11-20 10:56:22,601: DEBUG: Acct-Output-Octets: [8159419]
2013-11-20 10:56:22,601: DEBUG: Acct-Output-Octets: [8159419]
2013-11-20 10:56:22,602: DEBUG: NAS-IP-Address: ['10.254.116.1']
2013-11-20 10:56:22,602: DEBUG: NAS-IP-Address: ['10.254.116.1']
2013-11-20 10:56:22,602: DEBUG: GoGo-Total-Output-Gigawords: [0]
2013-11-20 10:56:22,602: DEBUG: GoGo-Total-Output-Gigawords: [0]
2013-11-20 10:56:22,603: DEBUG: Framed-IP-Address: ['10.254.116.101']
2013-11-20 10:56:22,603: DEBUG: Framed-IP-Address: ['10.254.116.101']
2013-11-20 10:56:22,603: DEBUG: GoGo-Total-Input-Voice-Gigawords: [0]
2013-11-20 10:56:22,603: DEBUG: GoGo-Total-Input-Voice-Gigawords: [0]
2013-11-20 10:56:22,603: DEBUG: GoGo-Total-Output-Octets: [8159419]
2013-11-20 10:56:22,603: DEBUG: GoGo-Total-Output-Octets: [8159419]
2013-11-20 10:56:22,604: DEBUG: GoGo-Acct-Input-Voice-Octets: [0]
2013-11-20 10:56:22,604: DEBUG: GoGo-Acct-Input-Voice-Octets: [0]
2013-11-20 10:56:22,604: DEBUG: GoGo-Total-Input-Voice-Packets: [0]
2013-11-20 10:56:22,604: DEBUG: GoGo-Total-Input-Voice-Packets: [0]
2013-11-20 10:56:22,605: DEBUG: Called-Station-Id: [u'00:16:3E:14:2C:DC']
2013-11-20 10:56:22,605: DEBUG: Called-Station-Id: [u'00:16:3E:14:2C:DC']
2013-11-20 10:56:22,606: DEBUG: WISPr-Location-Name: [u'TEST LLC,BA01_01009']
2013-11-20 10:56:22,606: DEBUG: WISPr-Location-Name: [u'TEST LLC,BA01_01009']
2013-11-20 10:56:22,606: DEBUG: NAS-Identifier: [u'C08386']
2013-11-20 10:56:22,606: DEBUG: NAS-Identifier: [u'C08386']
2013-11-20 10:56:22,606: DEBUG: Proxy-State: ['3330,3132']
2013-11-20 10:56:22,606: DEBUG: Proxy-State: ['3330,3132']
2013-11-20 10:56:22,607: DEBUG: GoGo-Total-Input-Voice-Octets: [0]
2013-11-20 10:56:22,607: DEBUG: GoGo-Total-Input-Voice-Octets: [0]
2013-11-20 10:56:22,607: DEBUG: Acct-Status-Type: ['Interim-Update']
2013-11-20 10:56:22,607: DEBUG: Acct-Status-Type: ['Interim-Update']
2013-11-20 10:56:22,607: DEBUG: GoGo-Total-Output-Voice-Gigawords: [0]
2013-11-20 10:56:22,607: DEBUG: GoGo-Total-Output-Voice-Gigawords: [0]
2013-11-20 10:56:22,608: DEBUG: GoGo-Airline: [u'BA01']
2013-11-20 10:56:22,608: DEBUG: GoGo-Airline: [u'BA01']
2013-11-20 10:56:22,608: DEBUG: Acct-Session-Id: [u'AAATestNAS_111-1384925152434-00163E142CDC-3']
2013-11-20 10:56:22,608: DEBUG: Acct-Session-Id: [u'AAATestNAS_111-1384925152434-00163E142CDC-3']
2013-11-20 10:56:22,608: DEBUG: Acct-Session-Time: [10]
2013-11-20 10:56:22,608: DEBUG: Acct-Session-Time: [10]
2013-11-20 10:56:22,608: DEBUG: Acct-Input-Packets: [3332]
2013-11-20 10:56:22,608: DEBUG: Acct-Input-Packets: [3332]
2013-11-20 10:56:22,609: DEBUG: Acct-Output-Packets: [24972]
2013-11-20 10:56:22,609: DEBUG: Acct-Output-Packets: [24972]
2013-11-20 10:56:22,609: DEBUG: GoGo-Acct-Output-Voice-Packets: [0]
2013-11-20 10:56:22,609: DEBUG: GoGo-Acct-Output-Voice-Packets: [0]
2013-11-20 10:56:22,609: DEBUG: GoGo-Acct-Output-Voice-Octets: [0]
2013-11-20 10:56:22,609: DEBUG: GoGo-Acct-Output-Voice-Octets: [0]
2013-11-20 10:56:22,609: DEBUG: Acct-Output-Gigawords: [0]
2013-11-20 10:56:22,609: DEBUG: Acct-Output-Gigawords: [0]
2013-11-20 10:56:22,609: DEBUG: GoGo-Total-Output-Voice-Packets: [0]
2013-11-20 10:56:22,609: DEBUG: GoGo-Total-Output-Voice-Packets: [0]
2013-11-20 10:56:22,609: DEBUG: Acct-Input-Gigawords: [0]
2013-11-20 10:56:22,609: DEBUG: Acct-Input-Gigawords: [0]
2013-11-20 10:56:22,609: DEBUG: Calling-Station-Id: [u'17:21:31:41:52:81']
2013-11-20 10:56:22,609: DEBUG: Calling-Station-Id: [u'17:21:31:41:52:81']
2013-11-20 10:56:22,609: DEBUG: NAS-Port-Type: ['Wireless-802.11']
2013-11-20 10:56:22,609: DEBUG: NAS-Port-Type: ['Wireless-802.11']
2013-11-20 10:56:22,610: DEBUG: GoGo-Total-Output-Voice-Octets: [0]
2013-11-20 10:56:22,610: DEBUG: GoGo-Total-Output-Voice-Octets: [0]
2013-11-20 10:56:22,610: DEBUG: GoGo-Private-IP-Address: ['192.168.1.179']
2013-11-20 10:56:22,610: DEBUG: GoGo-Private-IP-Address: ['192.168.1.179']
2013-11-20 10:56:22,610: DEBUG: GoGo-Acct-Input-Voice-Gigawords: [0]
2013-11-20 10:56:22,610: DEBUG: GoGo-Acct-Input-Voice-Gigawords: [0]
2013-11-20 10:56:22,610: DEBUG: GoGo-Total-Input-Packets: [3332]
2013-11-20 10:56:22,610: DEBUG: GoGo-Total-Input-Packets: [3332]
2013-11-20 10:56:22,610: DEBUG: GoGo-Total-Input-Gigawords: [0]
2013-11-20 10:56:22,610: DEBUG: GoGo-Total-Input-Gigawords: [0]
2013-11-20 10:56:22,610: DEBUG: GoGo-Acct-Input-Voice-Packets: [0]
2013-11-20 10:56:22,610: DEBUG: GoGo-Acct-Input-Voice-Packets: [0]
2013-11-20 10:56:22,611: DEBUG: GoGo-Total-Input-Octets: [1321834]
2013-11-20 10:56:22,611: DEBUG: GoGo-Total-Input-Octets: [1321834]
2013-11-20 10:56:22,611: DEBUG: GoGo-Total-Output-Packets: [24972]
2013-11-20 10:56:22,611: DEBUG: GoGo-Total-Output-Packets: [24972]
2013-11-20 10:56:22,611: DEBUG: WISPr-Location-ID: [u'airline=BA01,tail=01009,network=']
2013-11-20 10:56:22,611: DEBUG: WISPr-Location-ID: [u'airline=BA01,tail=01009,network=']
2013-11-20 10:56:22,611: DEBUG: GoGo-Acct-Output-Voice-Gigawords: [0]
2013-11-20 10:56:22,611: DEBUG: GoGo-Acct-Output-Voice-Gigawords: [0]
2013-11-20 10:56:22,611: DEBUG: Acct-Input-Octets: [1321834]
2013-11-20 10:56:22,611: DEBUG: Acct-Input-Octets: [1321834]
2013-11-20 10:56:22,612: DEBUG: 

2013-11-20 10:56:22,612: DEBUG: 

2013-11-20 10:56:22,613: DEBUG: Received response with following attributes:
2013-11-20 10:56:22,613: DEBUG: Received response with following attributes:
2013-11-20 10:56:32,613: DEBUG: 

2013-11-20 10:56:32,613: DEBUG: 

2013-11-20 10:56:32,614: DEBUG: Creating Accounting Update Request with the following Attributes:
2013-11-20 10:56:32,614: DEBUG: Creating Accounting Update Request with the following Attributes:
2013-11-20 10:56:32,614: DEBUG: User-Name: [u'username8@airborne.aircell.com']
2013-11-20 10:56:32,614: DEBUG: User-Name: [u'username8@airborne.aircell.com']
2013-11-20 10:56:32,615: DEBUG: GoGo-Tail-Number: [u'AAATestNAS_111']
2013-11-20 10:56:32,615: DEBUG: GoGo-Tail-Number: [u'AAATestNAS_111']
2013-11-20 10:56:32,615: DEBUG: Acct-Output-Octets: [3772800]
2013-11-20 10:56:32,615: DEBUG: Acct-Output-Octets: [3772800]
2013-11-20 10:56:32,615: DEBUG: NAS-IP-Address: ['10.254.116.1']
2013-11-20 10:56:32,615: DEBUG: NAS-IP-Address: ['10.254.116.1']
2013-11-20 10:56:32,616: DEBUG: GoGo-Total-Output-Gigawords: [0]
2013-11-20 10:56:32,616: DEBUG: GoGo-Total-Output-Gigawords: [0]
2013-11-20 10:56:32,616: DEBUG: Framed-IP-Address: ['10.254.116.101']
2013-11-20 10:56:32,616: DEBUG: Framed-IP-Address: ['10.254.116.101']
2013-11-20 10:56:32,616: DEBUG: GoGo-Total-Input-Voice-Gigawords: [0]
2013-11-20 10:56:32,616: DEBUG: GoGo-Total-Input-Voice-Gigawords: [0]
2013-11-20 10:56:32,616: DEBUG: GoGo-Total-Output-Octets: [3772800]
2013-11-20 10:56:32,616: DEBUG: GoGo-Total-Output-Octets: [3772800]
2013-11-20 10:56:32,617: DEBUG: GoGo-Acct-Input-Voice-Octets: [0]
2013-11-20 10:56:32,617: DEBUG: GoGo-Acct-Input-Voice-Octets: [0]
2013-11-20 10:56:32,617: DEBUG: GoGo-Total-Input-Voice-Packets: [0]
2013-11-20 10:56:32,617: DEBUG: GoGo-Total-Input-Voice-Packets: [0]
2013-11-20 10:56:32,617: DEBUG: Called-Station-Id: [u'00:16:3E:14:2C:DC']
2013-11-20 10:56:32,617: DEBUG: Called-Station-Id: [u'00:16:3E:14:2C:DC']
2013-11-20 10:56:32,617: DEBUG: WISPr-Location-Name: [u'TEST LLC,BA01_01009']
2013-11-20 10:56:32,617: DEBUG: WISPr-Location-Name: [u'TEST LLC,BA01_01009']
2013-11-20 10:56:32,617: DEBUG: NAS-Identifier: [u'C08386']
2013-11-20 10:56:32,617: DEBUG: NAS-Identifier: [u'C08386']
2013-11-20 10:56:32,617: DEBUG: Proxy-State: ['3330,3132']
2013-11-20 10:56:32,617: DEBUG: Proxy-State: ['3330,3132']
2013-11-20 10:56:32,617: DEBUG: GoGo-Total-Input-Voice-Octets: [0]
2013-11-20 10:56:32,617: DEBUG: GoGo-Total-Input-Voice-Octets: [0]
2013-11-20 10:56:32,617: DEBUG: Acct-Status-Type: ['Interim-Update']
2013-11-20 10:56:32,617: DEBUG: Acct-Status-Type: ['Interim-Update']
2013-11-20 10:56:32,618: DEBUG: GoGo-Total-Output-Voice-Gigawords: [0]
2013-11-20 10:56:32,618: DEBUG: GoGo-Total-Output-Voice-Gigawords: [0]
2013-11-20 10:56:32,618: DEBUG: GoGo-Airline: [u'BA01']
2013-11-20 10:56:32,618: DEBUG: GoGo-Airline: [u'BA01']
2013-11-20 10:56:32,618: DEBUG: Acct-Session-Id: [u'AAATestNAS_111-1384925152434-00163E142CDC-3']
2013-11-20 10:56:32,618: DEBUG: Acct-Session-Id: [u'AAATestNAS_111-1384925152434-00163E142CDC-3']
2013-11-20 10:56:32,618: DEBUG: Acct-Session-Time: [10]
2013-11-20 10:56:32,618: DEBUG: Acct-Session-Time: [10]
2013-11-20 10:56:32,618: DEBUG: Acct-Input-Packets: [33119]
2013-11-20 10:56:32,618: DEBUG: Acct-Input-Packets: [33119]
2013-11-20 10:56:32,618: DEBUG: Acct-Output-Packets: [30222]
2013-11-20 10:56:32,618: DEBUG: Acct-Output-Packets: [30222]
2013-11-20 10:56:32,619: DEBUG: GoGo-Acct-Output-Voice-Packets: [0]
2013-11-20 10:56:32,619: DEBUG: GoGo-Acct-Output-Voice-Packets: [0]
2013-11-20 10:56:32,619: DEBUG: GoGo-Acct-Output-Voice-Octets: [0]
2013-11-20 10:56:32,619: DEBUG: GoGo-Acct-Output-Voice-Octets: [0]
2013-11-20 10:56:32,619: DEBUG: Acct-Output-Gigawords: [0]
2013-11-20 10:56:32,619: DEBUG: Acct-Output-Gigawords: [0]
2013-11-20 10:56:32,620: DEBUG: GoGo-Total-Output-Voice-Packets: [0]
2013-11-20 10:56:32,620: DEBUG: GoGo-Total-Output-Voice-Packets: [0]
2013-11-20 10:56:32,620: DEBUG: Acct-Input-Gigawords: [0]
2013-11-20 10:56:32,620: DEBUG: Acct-Input-Gigawords: [0]
2013-11-20 10:56:32,620: DEBUG: Calling-Station-Id: [u'17:21:31:41:52:81']
2013-11-20 10:56:32,620: DEBUG: Calling-Station-Id: [u'17:21:31:41:52:81']
2013-11-20 10:56:32,621: DEBUG: NAS-Port-Type: ['Wireless-802.11']
2013-11-20 10:56:32,621: DEBUG: NAS-Port-Type: ['Wireless-802.11']
2013-11-20 10:56:32,621: DEBUG: GoGo-Total-Output-Voice-Octets: [0]
2013-11-20 10:56:32,621: DEBUG: GoGo-Total-Output-Voice-Octets: [0]
2013-11-20 10:56:32,621: DEBUG: GoGo-Private-IP-Address: ['192.168.1.179']
2013-11-20 10:56:32,621: DEBUG: GoGo-Private-IP-Address: ['192.168.1.179']
2013-11-20 10:56:32,621: DEBUG: GoGo-Acct-Input-Voice-Gigawords: [0]
2013-11-20 10:56:32,621: DEBUG: GoGo-Acct-Input-Voice-Gigawords: [0]
2013-11-20 10:56:32,622: DEBUG: GoGo-Total-Input-Packets: [33119]
2013-11-20 10:56:32,622: DEBUG: GoGo-Total-Input-Packets: [33119]
2013-11-20 10:56:32,622: DEBUG: GoGo-Total-Input-Gigawords: [0]
2013-11-20 10:56:32,622: DEBUG: GoGo-Total-Input-Gigawords: [0]
2013-11-20 10:56:32,622: DEBUG: GoGo-Acct-Input-Voice-Packets: [0]
2013-11-20 10:56:32,622: DEBUG: GoGo-Acct-Input-Voice-Packets: [0]
2013-11-20 10:56:32,623: DEBUG: GoGo-Total-Input-Octets: [7679287]
2013-11-20 10:56:32,623: DEBUG: GoGo-Total-Input-Octets: [7679287]
2013-11-20 10:56:32,623: DEBUG: GoGo-Total-Output-Packets: [30222]
2013-11-20 10:56:32,623: DEBUG: GoGo-Total-Output-Packets: [30222]
2013-11-20 10:56:32,623: DEBUG: WISPr-Location-ID: [u'airline=BA01,tail=01009,network=']
2013-11-20 10:56:32,623: DEBUG: WISPr-Location-ID: [u'airline=BA01,tail=01009,network=']
2013-11-20 10:56:32,624: DEBUG: GoGo-Acct-Output-Voice-Gigawords: [0]
2013-11-20 10:56:32,624: DEBUG: GoGo-Acct-Output-Voice-Gigawords: [0]
2013-11-20 10:56:32,624: DEBUG: Acct-Input-Octets: [7679287]
2013-11-20 10:56:32,624: DEBUG: Acct-Input-Octets: [7679287]
2013-11-20 10:56:32,626: DEBUG: 

2013-11-20 10:56:32,626: DEBUG: 

2013-11-20 10:56:32,626: DEBUG: Received response with following attributes:
2013-11-20 10:56:32,626: DEBUG: Received response with following attributes:
2013-11-20 10:56:42,627: DEBUG: 

2013-11-20 10:56:42,627: DEBUG: 

2013-11-20 10:56:42,628: DEBUG: Creating Accounting Update Request with the following Attributes:
2013-11-20 10:56:42,628: DEBUG: Creating Accounting Update Request with the following Attributes:
2013-11-20 10:56:42,628: DEBUG: User-Name: [u'username8@airborne.aircell.com']
2013-11-20 10:56:42,628: DEBUG: User-Name: [u'username8@airborne.aircell.com']
2013-11-20 10:56:42,628: DEBUG: GoGo-Tail-Number: [u'AAATestNAS_111']
2013-11-20 10:56:42,628: DEBUG: GoGo-Tail-Number: [u'AAATestNAS_111']
2013-11-20 10:56:42,628: DEBUG: Acct-Output-Octets: [8435745]
2013-11-20 10:56:42,628: DEBUG: Acct-Output-Octets: [8435745]
2013-11-20 10:56:42,628: DEBUG: NAS-IP-Address: ['10.254.116.1']
2013-11-20 10:56:42,628: DEBUG: NAS-IP-Address: ['10.254.116.1']
2013-11-20 10:56:42,629: DEBUG: GoGo-Total-Output-Gigawords: [0]
2013-11-20 10:56:42,629: DEBUG: GoGo-Total-Output-Gigawords: [0]
2013-11-20 10:56:42,629: DEBUG: Framed-IP-Address: ['10.254.116.101']
2013-11-20 10:56:42,629: DEBUG: Framed-IP-Address: ['10.254.116.101']
2013-11-20 10:56:42,629: DEBUG: GoGo-Total-Input-Voice-Gigawords: [0]
2013-11-20 10:56:42,629: DEBUG: GoGo-Total-Input-Voice-Gigawords: [0]
2013-11-20 10:56:42,629: DEBUG: GoGo-Total-Output-Octets: [8435745]
2013-11-20 10:56:42,629: DEBUG: GoGo-Total-Output-Octets: [8435745]
2013-11-20 10:56:42,629: DEBUG: GoGo-Acct-Input-Voice-Octets: [0]
2013-11-20 10:56:42,629: DEBUG: GoGo-Acct-Input-Voice-Octets: [0]
2013-11-20 10:56:42,629: DEBUG: GoGo-Total-Input-Voice-Packets: [0]
2013-11-20 10:56:42,629: DEBUG: GoGo-Total-Input-Voice-Packets: [0]
2013-11-20 10:56:42,629: DEBUG: Called-Station-Id: [u'00:16:3E:14:2C:DC']
2013-11-20 10:56:42,629: DEBUG: Called-Station-Id: [u'00:16:3E:14:2C:DC']
2013-11-20 10:56:42,629: DEBUG: WISPr-Location-Name: [u'TEST LLC,BA01_01009']
2013-11-20 10:56:42,629: DEBUG: WISPr-Location-Name: [u'TEST LLC,BA01_01009']
2013-11-20 10:56:42,630: DEBUG: NAS-Identifier: [u'C08386']
2013-11-20 10:56:42,630: DEBUG: NAS-Identifier: [u'C08386']
2013-11-20 10:56:42,630: DEBUG: Proxy-State: ['3330,3132']
2013-11-20 10:56:42,630: DEBUG: Proxy-State: ['3330,3132']
2013-11-20 10:56:42,630: DEBUG: GoGo-Total-Input-Voice-Octets: [0]
2013-11-20 10:56:42,630: DEBUG: GoGo-Total-Input-Voice-Octets: [0]
2013-11-20 10:56:42,630: DEBUG: Acct-Status-Type: ['Interim-Update']
2013-11-20 10:56:42,630: DEBUG: Acct-Status-Type: ['Interim-Update']
2013-11-20 10:56:42,630: DEBUG: GoGo-Total-Output-Voice-Gigawords: [0]
2013-11-20 10:56:42,630: DEBUG: GoGo-Total-Output-Voice-Gigawords: [0]
2013-11-20 10:56:42,630: DEBUG: GoGo-Airline: [u'BA01']
2013-11-20 10:56:42,630: DEBUG: GoGo-Airline: [u'BA01']
2013-11-20 10:56:42,630: DEBUG: Acct-Session-Id: [u'AAATestNAS_111-1384925152434-00163E142CDC-3']
2013-11-20 10:56:42,630: DEBUG: Acct-Session-Id: [u'AAATestNAS_111-1384925152434-00163E142CDC-3']
2013-11-20 10:56:42,630: DEBUG: Acct-Session-Time: [10]
2013-11-20 10:56:42,630: DEBUG: Acct-Session-Time: [10]
2013-11-20 10:56:42,630: DEBUG: Acct-Input-Packets: [11953]
2013-11-20 10:56:42,630: DEBUG: Acct-Input-Packets: [11953]
2013-11-20 10:56:42,630: DEBUG: Acct-Output-Packets: [22502]
2013-11-20 10:56:42,630: DEBUG: Acct-Output-Packets: [22502]
2013-11-20 10:56:42,631: DEBUG: GoGo-Acct-Output-Voice-Packets: [0]
2013-11-20 10:56:42,631: DEBUG: GoGo-Acct-Output-Voice-Packets: [0]
2013-11-20 10:56:42,631: DEBUG: GoGo-Acct-Output-Voice-Octets: [0]
2013-11-20 10:56:42,631: DEBUG: GoGo-Acct-Output-Voice-Octets: [0]
2013-11-20 10:56:42,632: DEBUG: Acct-Output-Gigawords: [0]
2013-11-20 10:56:42,632: DEBUG: Acct-Output-Gigawords: [0]
2013-11-20 10:56:42,632: DEBUG: GoGo-Total-Output-Voice-Packets: [0]
2013-11-20 10:56:42,632: DEBUG: GoGo-Total-Output-Voice-Packets: [0]
2013-11-20 10:56:42,632: DEBUG: Acct-Input-Gigawords: [0]
2013-11-20 10:56:42,632: DEBUG: Acct-Input-Gigawords: [0]
2013-11-20 10:56:42,633: DEBUG: Calling-Station-Id: [u'17:21:31:41:52:81']
2013-11-20 10:56:42,633: DEBUG: Calling-Station-Id: [u'17:21:31:41:52:81']
2013-11-20 10:56:42,633: DEBUG: NAS-Port-Type: ['Wireless-802.11']
2013-11-20 10:56:42,633: DEBUG: NAS-Port-Type: ['Wireless-802.11']
2013-11-20 10:56:42,633: DEBUG: GoGo-Total-Output-Voice-Octets: [0]
2013-11-20 10:56:42,633: DEBUG: GoGo-Total-Output-Voice-Octets: [0]
2013-11-20 10:56:42,633: DEBUG: GoGo-Private-IP-Address: ['192.168.1.179']
2013-11-20 10:56:42,633: DEBUG: GoGo-Private-IP-Address: ['192.168.1.179']
2013-11-20 10:56:42,634: DEBUG: GoGo-Acct-Input-Voice-Gigawords: [0]
2013-11-20 10:56:42,634: DEBUG: GoGo-Acct-Input-Voice-Gigawords: [0]
2013-11-20 10:56:42,634: DEBUG: GoGo-Total-Input-Packets: [11953]
2013-11-20 10:56:42,634: DEBUG: GoGo-Total-Input-Packets: [11953]
2013-11-20 10:56:42,634: DEBUG: GoGo-Total-Input-Gigawords: [0]
2013-11-20 10:56:42,634: DEBUG: GoGo-Total-Input-Gigawords: [0]
2013-11-20 10:56:42,635: DEBUG: GoGo-Acct-Input-Voice-Packets: [0]
2013-11-20 10:56:42,635: DEBUG: GoGo-Acct-Input-Voice-Packets: [0]
2013-11-20 10:56:42,635: DEBUG: GoGo-Total-Input-Octets: [4516026]
2013-11-20 10:56:42,635: DEBUG: GoGo-Total-Input-Octets: [4516026]
2013-11-20 10:56:42,635: DEBUG: GoGo-Total-Output-Packets: [22502]
2013-11-20 10:56:42,635: DEBUG: GoGo-Total-Output-Packets: [22502]
2013-11-20 10:56:42,636: DEBUG: WISPr-Location-ID: [u'airline=BA01,tail=01009,network=']
2013-11-20 10:56:42,636: DEBUG: WISPr-Location-ID: [u'airline=BA01,tail=01009,network=']
2013-11-20 10:56:42,636: DEBUG: GoGo-Acct-Output-Voice-Gigawords: [0]
2013-11-20 10:56:42,636: DEBUG: GoGo-Acct-Output-Voice-Gigawords: [0]
2013-11-20 10:56:42,636: DEBUG: Acct-Input-Octets: [4516026]
2013-11-20 10:56:42,636: DEBUG: Acct-Input-Octets: [4516026]
2013-11-20 10:56:42,638: DEBUG: 

2013-11-20 10:56:42,638: DEBUG: 

2013-11-20 10:56:42,638: DEBUG: Received response with following attributes:
2013-11-20 10:56:42,638: DEBUG: Received response with following attributes:
2013-11-20 10:56:52,639: DEBUG: 

2013-11-20 10:56:52,639: DEBUG: 

2013-11-20 10:56:52,640: DEBUG: Creating Accounting Update Request with the following Attributes:
2013-11-20 10:56:52,640: DEBUG: Creating Accounting Update Request with the following Attributes:
2013-11-20 10:56:52,640: DEBUG: User-Name: [u'username8@airborne.aircell.com']
2013-11-20 10:56:52,640: DEBUG: User-Name: [u'username8@airborne.aircell.com']
2013-11-20 10:56:52,640: DEBUG: GoGo-Tail-Number: [u'AAATestNAS_111']
2013-11-20 10:56:52,640: DEBUG: GoGo-Tail-Number: [u'AAATestNAS_111']
2013-11-20 10:56:52,640: DEBUG: Acct-Output-Octets: [9839507]
2013-11-20 10:56:52,640: DEBUG: Acct-Output-Octets: [9839507]
2013-11-20 10:56:52,640: DEBUG: NAS-IP-Address: ['10.254.116.1']
2013-11-20 10:56:52,640: DEBUG: NAS-IP-Address: ['10.254.116.1']
2013-11-20 10:56:52,640: DEBUG: GoGo-Total-Output-Gigawords: [0]
2013-11-20 10:56:52,640: DEBUG: GoGo-Total-Output-Gigawords: [0]
2013-11-20 10:56:52,640: DEBUG: Framed-IP-Address: ['10.254.116.101']
2013-11-20 10:56:52,640: DEBUG: Framed-IP-Address: ['10.254.116.101']
2013-11-20 10:56:52,641: DEBUG: GoGo-Total-Input-Voice-Gigawords: [0]
2013-11-20 10:56:52,641: DEBUG: GoGo-Total-Input-Voice-Gigawords: [0]
2013-11-20 10:56:52,641: DEBUG: GoGo-Total-Output-Octets: [9839507]
2013-11-20 10:56:52,641: DEBUG: GoGo-Total-Output-Octets: [9839507]
2013-11-20 10:56:52,641: DEBUG: GoGo-Acct-Input-Voice-Octets: [0]
2013-11-20 10:56:52,641: DEBUG: GoGo-Acct-Input-Voice-Octets: [0]
2013-11-20 10:56:52,641: DEBUG: GoGo-Total-Input-Voice-Packets: [0]
2013-11-20 10:56:52,641: DEBUG: GoGo-Total-Input-Voice-Packets: [0]
2013-11-20 10:56:52,641: DEBUG: Called-Station-Id: [u'00:16:3E:14:2C:DC']
2013-11-20 10:56:52,641: DEBUG: Called-Station-Id: [u'00:16:3E:14:2C:DC']
2013-11-20 10:56:52,641: DEBUG: WISPr-Location-Name: [u'TEST LLC,BA01_01009']
2013-11-20 10:56:52,641: DEBUG: WISPr-Location-Name: [u'TEST LLC,BA01_01009']
2013-11-20 10:56:52,641: DEBUG: NAS-Identifier: [u'C08386']
2013-11-20 10:56:52,641: DEBUG: NAS-Identifier: [u'C08386']
2013-11-20 10:56:52,641: DEBUG: Proxy-State: ['3330,3132']
2013-11-20 10:56:52,641: DEBUG: Proxy-State: ['3330,3132']
2013-11-20 10:56:52,641: DEBUG: GoGo-Total-Input-Voice-Octets: [0]
2013-11-20 10:56:52,641: DEBUG: GoGo-Total-Input-Voice-Octets: [0]
2013-11-20 10:56:52,641: DEBUG: Acct-Status-Type: ['Interim-Update']
2013-11-20 10:56:52,641: DEBUG: Acct-Status-Type: ['Interim-Update']
2013-11-20 10:56:52,641: DEBUG: GoGo-Total-Output-Voice-Gigawords: [0]
2013-11-20 10:56:52,641: DEBUG: GoGo-Total-Output-Voice-Gigawords: [0]
2013-11-20 10:56:52,642: DEBUG: GoGo-Airline: [u'BA01']
2013-11-20 10:56:52,642: DEBUG: GoGo-Airline: [u'BA01']
2013-11-20 10:56:52,642: DEBUG: Acct-Session-Id: [u'AAATestNAS_111-1384925152434-00163E142CDC-3']
2013-11-20 10:56:52,642: DEBUG: Acct-Session-Id: [u'AAATestNAS_111-1384925152434-00163E142CDC-3']
2013-11-20 10:56:52,642: DEBUG: Acct-Session-Time: [10]
2013-11-20 10:56:52,642: DEBUG: Acct-Session-Time: [10]
2013-11-20 10:56:52,642: DEBUG: Acct-Input-Packets: [46889]
2013-11-20 10:56:52,642: DEBUG: Acct-Input-Packets: [46889]
2013-11-20 10:56:52,642: DEBUG: Acct-Output-Packets: [56165]
2013-11-20 10:56:52,642: DEBUG: Acct-Output-Packets: [56165]
2013-11-20 10:56:52,642: DEBUG: GoGo-Acct-Output-Voice-Packets: [0]
2013-11-20 10:56:52,642: DEBUG: GoGo-Acct-Output-Voice-Packets: [0]
2013-11-20 10:56:52,642: DEBUG: GoGo-Acct-Output-Voice-Octets: [0]
2013-11-20 10:56:52,642: DEBUG: GoGo-Acct-Output-Voice-Octets: [0]
2013-11-20 10:56:52,642: DEBUG: Acct-Output-Gigawords: [0]
2013-11-20 10:56:52,642: DEBUG: Acct-Output-Gigawords: [0]
2013-11-20 10:56:52,642: DEBUG: GoGo-Total-Output-Voice-Packets: [0]
2013-11-20 10:56:52,642: DEBUG: GoGo-Total-Output-Voice-Packets: [0]
2013-11-20 10:56:52,643: DEBUG: Acct-Input-Gigawords: [0]
2013-11-20 10:56:52,643: DEBUG: Acct-Input-Gigawords: [0]
2013-11-20 10:56:52,643: DEBUG: Calling-Station-Id: [u'17:21:31:41:52:81']
2013-11-20 10:56:52,643: DEBUG: Calling-Station-Id: [u'17:21:31:41:52:81']
2013-11-20 10:56:52,643: DEBUG: NAS-Port-Type: ['Wireless-802.11']
2013-11-20 10:56:52,643: DEBUG: NAS-Port-Type: ['Wireless-802.11']
2013-11-20 10:56:52,643: DEBUG: GoGo-Total-Output-Voice-Octets: [0]
2013-11-20 10:56:52,643: DEBUG: GoGo-Total-Output-Voice-Octets: [0]
2013-11-20 10:56:52,643: DEBUG: GoGo-Private-IP-Address: ['192.168.1.179']
2013-11-20 10:56:52,643: DEBUG: GoGo-Private-IP-Address: ['192.168.1.179']
2013-11-20 10:56:52,643: DEBUG: GoGo-Acct-Input-Voice-Gigawords: [0]
2013-11-20 10:56:52,643: DEBUG: GoGo-Acct-Input-Voice-Gigawords: [0]
2013-11-20 10:56:52,643: DEBUG: GoGo-Total-Input-Packets: [46889]
2013-11-20 10:56:52,643: DEBUG: GoGo-Total-Input-Packets: [46889]
2013-11-20 10:56:52,643: DEBUG: GoGo-Total-Input-Gigawords: [0]
2013-11-20 10:56:52,643: DEBUG: GoGo-Total-Input-Gigawords: [0]
2013-11-20 10:56:52,643: DEBUG: GoGo-Acct-Input-Voice-Packets: [0]
2013-11-20 10:56:52,643: DEBUG: GoGo-Acct-Input-Voice-Packets: [0]
2013-11-20 10:56:52,643: DEBUG: GoGo-Total-Input-Octets: [6718461]
2013-11-20 10:56:52,643: DEBUG: GoGo-Total-Input-Octets: [6718461]
2013-11-20 10:56:52,643: DEBUG: GoGo-Total-Output-Packets: [56165]
2013-11-20 10:56:52,643: DEBUG: GoGo-Total-Output-Packets: [56165]
2013-11-20 10:56:52,644: DEBUG: WISPr-Location-ID: [u'airline=BA01,tail=01009,network=']
2013-11-20 10:56:52,644: DEBUG: WISPr-Location-ID: [u'airline=BA01,tail=01009,network=']
2013-11-20 10:56:52,644: DEBUG: GoGo-Acct-Output-Voice-Gigawords: [0]
2013-11-20 10:56:52,644: DEBUG: GoGo-Acct-Output-Voice-Gigawords: [0]
2013-11-20 10:56:52,644: DEBUG: Acct-Input-Octets: [6718461]
2013-11-20 10:56:52,644: DEBUG: Acct-Input-Octets: [6718461]
2013-11-20 10:56:52,645: DEBUG: 

2013-11-20 10:56:52,645: DEBUG: 

2013-11-20 10:56:52,645: DEBUG: Received response with following attributes:
2013-11-20 10:56:52,645: DEBUG: Received response with following attributes:
2013-11-20 10:57:02,646: DEBUG: 

2013-11-20 10:57:02,646: DEBUG: 

2013-11-20 10:57:02,647: DEBUG: Creating Accounting Update Request with the following Attributes:
2013-11-20 10:57:02,647: DEBUG: Creating Accounting Update Request with the following Attributes:
2013-11-20 10:57:02,647: DEBUG: User-Name: [u'username8@airborne.aircell.com']
2013-11-20 10:57:02,647: DEBUG: User-Name: [u'username8@airborne.aircell.com']
2013-11-20 10:57:02,647: DEBUG: GoGo-Tail-Number: [u'AAATestNAS_111']
2013-11-20 10:57:02,647: DEBUG: GoGo-Tail-Number: [u'AAATestNAS_111']
2013-11-20 10:57:02,647: DEBUG: Acct-Output-Octets: [7668946]
2013-11-20 10:57:02,647: DEBUG: Acct-Output-Octets: [7668946]
2013-11-20 10:57:02,647: DEBUG: NAS-IP-Address: ['10.254.116.1']
2013-11-20 10:57:02,647: DEBUG: NAS-IP-Address: ['10.254.116.1']
2013-11-20 10:57:02,647: DEBUG: GoGo-Total-Output-Gigawords: [0]
2013-11-20 10:57:02,647: DEBUG: GoGo-Total-Output-Gigawords: [0]
2013-11-20 10:57:02,648: DEBUG: Framed-IP-Address: ['10.254.116.101']
2013-11-20 10:57:02,648: DEBUG: Framed-IP-Address: ['10.254.116.101']
2013-11-20 10:57:02,648: DEBUG: GoGo-Total-Input-Voice-Gigawords: [0]
2013-11-20 10:57:02,648: DEBUG: GoGo-Total-Input-Voice-Gigawords: [0]
2013-11-20 10:57:02,648: DEBUG: GoGo-Total-Output-Octets: [7668946]
2013-11-20 10:57:02,648: DEBUG: GoGo-Total-Output-Octets: [7668946]
2013-11-20 10:57:02,648: DEBUG: GoGo-Acct-Input-Voice-Octets: [0]
2013-11-20 10:57:02,648: DEBUG: GoGo-Acct-Input-Voice-Octets: [0]
2013-11-20 10:57:02,648: DEBUG: GoGo-Total-Input-Voice-Packets: [0]
2013-11-20 10:57:02,648: DEBUG: GoGo-Total-Input-Voice-Packets: [0]
2013-11-20 10:57:02,648: DEBUG: Called-Station-Id: [u'00:16:3E:14:2C:DC']
2013-11-20 10:57:02,648: DEBUG: Called-Station-Id: [u'00:16:3E:14:2C:DC']
2013-11-20 10:57:02,648: DEBUG: WISPr-Location-Name: [u'TEST LLC,BA01_01009']
2013-11-20 10:57:02,648: DEBUG: WISPr-Location-Name: [u'TEST LLC,BA01_01009']
2013-11-20 10:57:02,648: DEBUG: NAS-Identifier: [u'C08386']
2013-11-20 10:57:02,648: DEBUG: NAS-Identifier: [u'C08386']
2013-11-20 10:57:02,648: DEBUG: Proxy-State: ['3330,3132']
2013-11-20 10:57:02,648: DEBUG: Proxy-State: ['3330,3132']
2013-11-20 10:57:02,648: DEBUG: GoGo-Total-Input-Voice-Octets: [0]
2013-11-20 10:57:02,648: DEBUG: GoGo-Total-Input-Voice-Octets: [0]
2013-11-20 10:57:02,649: DEBUG: Acct-Status-Type: ['Interim-Update']
2013-11-20 10:57:02,649: DEBUG: Acct-Status-Type: ['Interim-Update']
2013-11-20 10:57:02,649: DEBUG: GoGo-Total-Output-Voice-Gigawords: [0]
2013-11-20 10:57:02,649: DEBUG: GoGo-Total-Output-Voice-Gigawords: [0]
2013-11-20 10:57:02,649: DEBUG: GoGo-Airline: [u'BA01']
2013-11-20 10:57:02,649: DEBUG: GoGo-Airline: [u'BA01']
2013-11-20 10:57:02,649: DEBUG: Acct-Session-Id: [u'AAATestNAS_111-1384925152434-00163E142CDC-3']
2013-11-20 10:57:02,649: DEBUG: Acct-Session-Id: [u'AAATestNAS_111-1384925152434-00163E142CDC-3']
2013-11-20 10:57:02,649: DEBUG: Acct-Session-Time: [10]
2013-11-20 10:57:02,649: DEBUG: Acct-Session-Time: [10]
2013-11-20 10:57:02,649: DEBUG: Acct-Input-Packets: [9579]
2013-11-20 10:57:02,649: DEBUG: Acct-Input-Packets: [9579]
2013-11-20 10:57:02,649: DEBUG: Acct-Output-Packets: [65155]
2013-11-20 10:57:02,649: DEBUG: Acct-Output-Packets: [65155]
2013-11-20 10:57:02,649: DEBUG: GoGo-Acct-Output-Voice-Packets: [0]
2013-11-20 10:57:02,649: DEBUG: GoGo-Acct-Output-Voice-Packets: [0]
2013-11-20 10:57:02,649: DEBUG: GoGo-Acct-Output-Voice-Octets: [0]
2013-11-20 10:57:02,649: DEBUG: GoGo-Acct-Output-Voice-Octets: [0]
2013-11-20 10:57:02,650: DEBUG: Acct-Output-Gigawords: [0]
2013-11-20 10:57:02,650: DEBUG: Acct-Output-Gigawords: [0]
2013-11-20 10:57:02,650: DEBUG: GoGo-Total-Output-Voice-Packets: [0]
2013-11-20 10:57:02,650: DEBUG: GoGo-Total-Output-Voice-Packets: [0]
2013-11-20 10:57:02,650: DEBUG: Acct-Input-Gigawords: [0]
2013-11-20 10:57:02,650: DEBUG: Acct-Input-Gigawords: [0]
2013-11-20 10:57:02,650: DEBUG: Calling-Station-Id: [u'17:21:31:41:52:81']
2013-11-20 10:57:02,650: DEBUG: Calling-Station-Id: [u'17:21:31:41:52:81']
2013-11-20 10:57:02,650: DEBUG: NAS-Port-Type: ['Wireless-802.11']
2013-11-20 10:57:02,650: DEBUG: NAS-Port-Type: ['Wireless-802.11']
2013-11-20 10:57:02,650: DEBUG: GoGo-Total-Output-Voice-Octets: [0]
2013-11-20 10:57:02,650: DEBUG: GoGo-Total-Output-Voice-Octets: [0]
2013-11-20 10:57:02,650: DEBUG: GoGo-Private-IP-Address: ['192.168.1.179']
2013-11-20 10:57:02,650: DEBUG: GoGo-Private-IP-Address: ['192.168.1.179']
2013-11-20 10:57:02,650: DEBUG: GoGo-Acct-Input-Voice-Gigawords: [0]
2013-11-20 10:57:02,650: DEBUG: GoGo-Acct-Input-Voice-Gigawords: [0]
2013-11-20 10:57:02,650: DEBUG: GoGo-Total-Input-Packets: [9579]
2013-11-20 10:57:02,650: DEBUG: GoGo-Total-Input-Packets: [9579]
2013-11-20 10:57:02,651: DEBUG: GoGo-Total-Input-Gigawords: [0]
2013-11-20 10:57:02,651: DEBUG: GoGo-Total-Input-Gigawords: [0]
2013-11-20 10:57:02,651: DEBUG: GoGo-Acct-Input-Voice-Packets: [0]
2013-11-20 10:57:02,651: DEBUG: GoGo-Acct-Input-Voice-Packets: [0]
2013-11-20 10:57:02,651: DEBUG: GoGo-Total-Input-Octets: [1856966]
2013-11-20 10:57:02,651: DEBUG: GoGo-Total-Input-Octets: [1856966]
2013-11-20 10:57:02,651: DEBUG: GoGo-Total-Output-Packets: [65155]
2013-11-20 10:57:02,651: DEBUG: GoGo-Total-Output-Packets: [65155]
2013-11-20 10:57:02,651: DEBUG: WISPr-Location-ID: [u'airline=BA01,tail=01009,network=']
2013-11-20 10:57:02,651: DEBUG: WISPr-Location-ID: [u'airline=BA01,tail=01009,network=']
2013-11-20 10:57:02,651: DEBUG: GoGo-Acct-Output-Voice-Gigawords: [0]
2013-11-20 10:57:02,651: DEBUG: GoGo-Acct-Output-Voice-Gigawords: [0]
2013-11-20 10:57:02,651: DEBUG: Acct-Input-Octets: [1856966]
2013-11-20 10:57:02,651: DEBUG: Acct-Input-Octets: [1856966]
2013-11-20 10:57:02,653: DEBUG: 

2013-11-20 10:57:02,653: DEBUG: 

2013-11-20 10:57:02,653: DEBUG: Received response with following attributes:
2013-11-20 10:57:02,653: DEBUG: Received response with following attributes:
2013-11-20 10:57:12,654: DEBUG: 

2013-11-20 10:57:12,654: DEBUG: 

2013-11-20 10:57:12,654: DEBUG: Creating Accounting Update Request with the following Attributes:
2013-11-20 10:57:12,654: DEBUG: Creating Accounting Update Request with the following Attributes:
2013-11-20 10:57:12,655: DEBUG: User-Name: [u'username8@airborne.aircell.com']
2013-11-20 10:57:12,655: DEBUG: User-Name: [u'username8@airborne.aircell.com']
2013-11-20 10:57:12,655: DEBUG: GoGo-Tail-Number: [u'AAATestNAS_111']
2013-11-20 10:57:12,655: DEBUG: GoGo-Tail-Number: [u'AAATestNAS_111']
2013-11-20 10:57:12,655: DEBUG: Acct-Output-Octets: [6934615]
2013-11-20 10:57:12,655: DEBUG: Acct-Output-Octets: [6934615]
2013-11-20 10:57:12,655: DEBUG: NAS-IP-Address: ['10.254.116.1']
2013-11-20 10:57:12,655: DEBUG: NAS-IP-Address: ['10.254.116.1']
2013-11-20 10:57:12,655: DEBUG: GoGo-Total-Output-Gigawords: [0]
2013-11-20 10:57:12,655: DEBUG: GoGo-Total-Output-Gigawords: [0]
2013-11-20 10:57:12,655: DEBUG: Framed-IP-Address: ['10.254.116.101']
2013-11-20 10:57:12,655: DEBUG: Framed-IP-Address: ['10.254.116.101']
2013-11-20 10:57:12,655: DEBUG: GoGo-Total-Input-Voice-Gigawords: [0]
2013-11-20 10:57:12,655: DEBUG: GoGo-Total-Input-Voice-Gigawords: [0]
2013-11-20 10:57:12,655: DEBUG: GoGo-Total-Output-Octets: [6934615]
2013-11-20 10:57:12,655: DEBUG: GoGo-Total-Output-Octets: [6934615]
2013-11-20 10:57:12,655: DEBUG: GoGo-Acct-Input-Voice-Octets: [0]
2013-11-20 10:57:12,655: DEBUG: GoGo-Acct-Input-Voice-Octets: [0]
2013-11-20 10:57:12,656: DEBUG: GoGo-Total-Input-Voice-Packets: [0]
2013-11-20 10:57:12,656: DEBUG: GoGo-Total-Input-Voice-Packets: [0]
2013-11-20 10:57:12,656: DEBUG: Called-Station-Id: [u'00:16:3E:14:2C:DC']
2013-11-20 10:57:12,656: DEBUG: Called-Station-Id: [u'00:16:3E:14:2C:DC']
2013-11-20 10:57:12,656: DEBUG: WISPr-Location-Name: [u'TEST LLC,BA01_01009']
2013-11-20 10:57:12,656: DEBUG: WISPr-Location-Name: [u'TEST LLC,BA01_01009']
2013-11-20 10:57:12,656: DEBUG: NAS-Identifier: [u'C08386']
2013-11-20 10:57:12,656: DEBUG: NAS-Identifier: [u'C08386']
2013-11-20 10:57:12,656: DEBUG: Proxy-State: ['3330,3132']
2013-11-20 10:57:12,656: DEBUG: Proxy-State: ['3330,3132']
2013-11-20 10:57:12,656: DEBUG: GoGo-Total-Input-Voice-Octets: [0]
2013-11-20 10:57:12,656: DEBUG: GoGo-Total-Input-Voice-Octets: [0]
2013-11-20 10:57:12,656: DEBUG: Acct-Status-Type: ['Interim-Update']
2013-11-20 10:57:12,656: DEBUG: Acct-Status-Type: ['Interim-Update']
2013-11-20 10:57:12,656: DEBUG: GoGo-Total-Output-Voice-Gigawords: [0]
2013-11-20 10:57:12,656: DEBUG: GoGo-Total-Output-Voice-Gigawords: [0]
2013-11-20 10:57:12,656: DEBUG: GoGo-Airline: [u'BA01']
2013-11-20 10:57:12,656: DEBUG: GoGo-Airline: [u'BA01']
2013-11-20 10:57:12,656: DEBUG: Acct-Session-Id: [u'AAATestNAS_111-1384925152434-00163E142CDC-3']
2013-11-20 10:57:12,656: DEBUG: Acct-Session-Id: [u'AAATestNAS_111-1384925152434-00163E142CDC-3']
2013-11-20 10:57:12,657: DEBUG: Acct-Session-Time: [10]
2013-11-20 10:57:12,657: DEBUG: Acct-Session-Time: [10]
2013-11-20 10:57:12,657: DEBUG: Acct-Input-Packets: [48486]
2013-11-20 10:57:12,657: DEBUG: Acct-Input-Packets: [48486]
2013-11-20 10:57:12,657: DEBUG: Acct-Output-Packets: [30806]
2013-11-20 10:57:12,657: DEBUG: Acct-Output-Packets: [30806]
2013-11-20 10:57:12,657: DEBUG: GoGo-Acct-Output-Voice-Packets: [0]
2013-11-20 10:57:12,657: DEBUG: GoGo-Acct-Output-Voice-Packets: [0]
2013-11-20 10:57:12,657: DEBUG: GoGo-Acct-Output-Voice-Octets: [0]
2013-11-20 10:57:12,657: DEBUG: GoGo-Acct-Output-Voice-Octets: [0]
2013-11-20 10:57:12,657: DEBUG: Acct-Output-Gigawords: [0]
2013-11-20 10:57:12,657: DEBUG: Acct-Output-Gigawords: [0]
2013-11-20 10:57:12,657: DEBUG: GoGo-Total-Output-Voice-Packets: [0]
2013-11-20 10:57:12,657: DEBUG: GoGo-Total-Output-Voice-Packets: [0]
2013-11-20 10:57:12,657: DEBUG: Acct-Input-Gigawords: [0]
2013-11-20 10:57:12,657: DEBUG: Acct-Input-Gigawords: [0]
2013-11-20 10:57:12,657: DEBUG: Calling-Station-Id: [u'17:21:31:41:52:81']
2013-11-20 10:57:12,657: DEBUG: Calling-Station-Id: [u'17:21:31:41:52:81']
2013-11-20 10:57:12,657: DEBUG: NAS-Port-Type: ['Wireless-802.11']
2013-11-20 10:57:12,657: DEBUG: NAS-Port-Type: ['Wireless-802.11']
2013-11-20 10:57:12,658: DEBUG: GoGo-Total-Output-Voice-Octets: [0]
2013-11-20 10:57:12,658: DEBUG: GoGo-Total-Output-Voice-Octets: [0]
2013-11-20 10:57:12,658: DEBUG: GoGo-Private-IP-Address: ['192.168.1.179']
2013-11-20 10:57:12,658: DEBUG: GoGo-Private-IP-Address: ['192.168.1.179']
2013-11-20 10:57:12,658: DEBUG: GoGo-Acct-Input-Voice-Gigawords: [0]
2013-11-20 10:57:12,658: DEBUG: GoGo-Acct-Input-Voice-Gigawords: [0]
2013-11-20 10:57:12,658: DEBUG: GoGo-Total-Input-Packets: [48486]
2013-11-20 10:57:12,658: DEBUG: GoGo-Total-Input-Packets: [48486]
2013-11-20 10:57:12,658: DEBUG: GoGo-Total-Input-Gigawords: [0]
2013-11-20 10:57:12,658: DEBUG: GoGo-Total-Input-Gigawords: [0]
2013-11-20 10:57:12,658: DEBUG: GoGo-Acct-Input-Voice-Packets: [0]
2013-11-20 10:57:12,658: DEBUG: GoGo-Acct-Input-Voice-Packets: [0]
2013-11-20 10:57:12,658: DEBUG: GoGo-Total-Input-Octets: [7962800]
2013-11-20 10:57:12,658: DEBUG: GoGo-Total-Input-Octets: [7962800]
2013-11-20 10:57:12,658: DEBUG: GoGo-Total-Output-Packets: [30806]
2013-11-20 10:57:12,658: DEBUG: GoGo-Total-Output-Packets: [30806]
2013-11-20 10:57:12,658: DEBUG: WISPr-Location-ID: [u'airline=BA01,tail=01009,network=']
2013-11-20 10:57:12,658: DEBUG: WISPr-Location-ID: [u'airline=BA01,tail=01009,network=']
2013-11-20 10:57:12,658: DEBUG: GoGo-Acct-Output-Voice-Gigawords: [0]
2013-11-20 10:57:12,658: DEBUG: GoGo-Acct-Output-Voice-Gigawords: [0]
2013-11-20 10:57:12,659: DEBUG: Acct-Input-Octets: [7962800]
2013-11-20 10:57:12,659: DEBUG: Acct-Input-Octets: [7962800]
2013-11-20 10:57:12,660: DEBUG: 

2013-11-20 10:57:12,660: DEBUG: 

2013-11-20 10:57:12,660: DEBUG: Received response with following attributes:
2013-11-20 10:57:12,660: DEBUG: Received response with following attributes:
2013-11-20 10:57:18,661: DEBUG: 

2013-11-20 10:57:18,661: DEBUG: 

2013-11-20 10:57:18,662: DEBUG: Creating Accounting Update Request with the following Attributes:
2013-11-20 10:57:18,662: DEBUG: Creating Accounting Update Request with the following Attributes:
2013-11-20 10:57:18,662: DEBUG: User-Name: [u'username8@airborne.aircell.com']
2013-11-20 10:57:18,662: DEBUG: User-Name: [u'username8@airborne.aircell.com']
2013-11-20 10:57:18,662: DEBUG: GoGo-Tail-Number: [u'AAATestNAS_111']
2013-11-20 10:57:18,662: DEBUG: GoGo-Tail-Number: [u'AAATestNAS_111']
2013-11-20 10:57:18,662: DEBUG: Acct-Output-Octets: [4224223]
2013-11-20 10:57:18,662: DEBUG: Acct-Output-Octets: [4224223]
2013-11-20 10:57:18,662: DEBUG: NAS-IP-Address: ['10.254.116.1']
2013-11-20 10:57:18,662: DEBUG: NAS-IP-Address: ['10.254.116.1']
2013-11-20 10:57:18,662: DEBUG: GoGo-Total-Output-Gigawords: [0]
2013-11-20 10:57:18,662: DEBUG: GoGo-Total-Output-Gigawords: [0]
2013-11-20 10:57:18,662: DEBUG: Framed-IP-Address: ['10.254.116.101']
2013-11-20 10:57:18,662: DEBUG: Framed-IP-Address: ['10.254.116.101']
2013-11-20 10:57:18,663: DEBUG: GoGo-Total-Input-Voice-Gigawords: [0]
2013-11-20 10:57:18,663: DEBUG: GoGo-Total-Input-Voice-Gigawords: [0]
2013-11-20 10:57:18,663: DEBUG: GoGo-Total-Output-Octets: [4224223]
2013-11-20 10:57:18,663: DEBUG: GoGo-Total-Output-Octets: [4224223]
2013-11-20 10:57:18,663: DEBUG: GoGo-Acct-Input-Voice-Octets: [0]
2013-11-20 10:57:18,663: DEBUG: GoGo-Acct-Input-Voice-Octets: [0]
2013-11-20 10:57:18,663: DEBUG: GoGo-Total-Input-Voice-Packets: [0]
2013-11-20 10:57:18,663: DEBUG: GoGo-Total-Input-Voice-Packets: [0]
2013-11-20 10:57:18,663: DEBUG: Called-Station-Id: [u'00:16:3E:14:2C:DC']
2013-11-20 10:57:18,663: DEBUG: Called-Station-Id: [u'00:16:3E:14:2C:DC']
2013-11-20 10:57:18,663: DEBUG: WISPr-Location-Name: [u'TEST LLC,BA01_01009']
2013-11-20 10:57:18,663: DEBUG: WISPr-Location-Name: [u'TEST LLC,BA01_01009']
2013-11-20 10:57:18,663: DEBUG: NAS-Identifier: [u'C08386']
2013-11-20 10:57:18,663: DEBUG: NAS-Identifier: [u'C08386']
2013-11-20 10:57:18,664: DEBUG: Proxy-State: ['3330,3132']
2013-11-20 10:57:18,664: DEBUG: Proxy-State: ['3330,3132']
2013-11-20 10:57:18,664: DEBUG: GoGo-Total-Input-Voice-Octets: [0]
2013-11-20 10:57:18,664: DEBUG: GoGo-Total-Input-Voice-Octets: [0]
2013-11-20 10:57:18,664: DEBUG: Acct-Status-Type: ['Interim-Update']
2013-11-20 10:57:18,664: DEBUG: Acct-Status-Type: ['Interim-Update']
2013-11-20 10:57:18,664: DEBUG: GoGo-Total-Output-Voice-Gigawords: [0]
2013-11-20 10:57:18,664: DEBUG: GoGo-Total-Output-Voice-Gigawords: [0]
2013-11-20 10:57:18,664: DEBUG: GoGo-Airline: [u'BA01']
2013-11-20 10:57:18,664: DEBUG: GoGo-Airline: [u'BA01']
2013-11-20 10:57:18,664: DEBUG: Acct-Session-Id: [u'AAATestNAS_111-1384925152434-00163E142CDC-3']
2013-11-20 10:57:18,664: DEBUG: Acct-Session-Id: [u'AAATestNAS_111-1384925152434-00163E142CDC-3']
2013-11-20 10:57:18,664: DEBUG: Acct-Session-Time: [6]
2013-11-20 10:57:18,664: DEBUG: Acct-Session-Time: [6]
2013-11-20 10:57:18,664: DEBUG: Acct-Input-Packets: [46277]
2013-11-20 10:57:18,664: DEBUG: Acct-Input-Packets: [46277]
2013-11-20 10:57:18,664: DEBUG: Acct-Output-Packets: [41553]
2013-11-20 10:57:18,664: DEBUG: Acct-Output-Packets: [41553]
2013-11-20 10:57:18,665: DEBUG: GoGo-Acct-Output-Voice-Packets: [0]
2013-11-20 10:57:18,665: DEBUG: GoGo-Acct-Output-Voice-Packets: [0]
2013-11-20 10:57:18,665: DEBUG: GoGo-Acct-Output-Voice-Octets: [0]
2013-11-20 10:57:18,665: DEBUG: GoGo-Acct-Output-Voice-Octets: [0]
2013-11-20 10:57:18,665: DEBUG: Acct-Output-Gigawords: [0]
2013-11-20 10:57:18,665: DEBUG: Acct-Output-Gigawords: [0]
2013-11-20 10:57:18,665: DEBUG: GoGo-Total-Output-Voice-Packets: [0]
2013-11-20 10:57:18,665: DEBUG: GoGo-Total-Output-Voice-Packets: [0]
2013-11-20 10:57:18,665: DEBUG: Acct-Input-Gigawords: [0]
2013-11-20 10:57:18,665: DEBUG: Acct-Input-Gigawords: [0]
2013-11-20 10:57:18,665: DEBUG: Calling-Station-Id: [u'17:21:31:41:52:81']
2013-11-20 10:57:18,665: DEBUG: Calling-Station-Id: [u'17:21:31:41:52:81']
2013-11-20 10:57:18,665: DEBUG: NAS-Port-Type: ['Wireless-802.11']
2013-11-20 10:57:18,665: DEBUG: NAS-Port-Type: ['Wireless-802.11']
2013-11-20 10:57:18,665: DEBUG: GoGo-Total-Output-Voice-Octets: [0]
2013-11-20 10:57:18,665: DEBUG: GoGo-Total-Output-Voice-Octets: [0]
2013-11-20 10:57:18,665: DEBUG: GoGo-Private-IP-Address: ['192.168.1.179']
2013-11-20 10:57:18,665: DEBUG: GoGo-Private-IP-Address: ['192.168.1.179']
2013-11-20 10:57:18,665: DEBUG: GoGo-Acct-Input-Voice-Gigawords: [0]
2013-11-20 10:57:18,665: DEBUG: GoGo-Acct-Input-Voice-Gigawords: [0]
2013-11-20 10:57:18,666: DEBUG: GoGo-Total-Input-Packets: [46277]
2013-11-20 10:57:18,666: DEBUG: GoGo-Total-Input-Packets: [46277]
2013-11-20 10:57:18,666: DEBUG: GoGo-Total-Input-Gigawords: [0]
2013-11-20 10:57:18,666: DEBUG: GoGo-Total-Input-Gigawords: [0]
2013-11-20 10:57:18,666: DEBUG: GoGo-Acct-Input-Voice-Packets: [0]
2013-11-20 10:57:18,666: DEBUG: GoGo-Acct-Input-Voice-Packets: [0]
2013-11-20 10:57:18,666: DEBUG: GoGo-Total-Input-Octets: [6911977]
2013-11-20 10:57:18,666: DEBUG: GoGo-Total-Input-Octets: [6911977]
2013-11-20 10:57:18,666: DEBUG: GoGo-Total-Output-Packets: [41553]
2013-11-20 10:57:18,666: DEBUG: GoGo-Total-Output-Packets: [41553]
2013-11-20 10:57:18,666: DEBUG: WISPr-Location-ID: [u'airline=BA01,tail=01009,network=']
2013-11-20 10:57:18,666: DEBUG: WISPr-Location-ID: [u'airline=BA01,tail=01009,network=']
2013-11-20 10:57:18,666: DEBUG: GoGo-Acct-Output-Voice-Gigawords: [0]
2013-11-20 10:57:18,666: DEBUG: GoGo-Acct-Output-Voice-Gigawords: [0]
2013-11-20 10:57:18,666: DEBUG: Acct-Input-Octets: [6911977]
2013-11-20 10:57:18,666: DEBUG: Acct-Input-Octets: [6911977]
2013-11-20 10:57:18,668: DEBUG: 

2013-11-20 10:57:18,668: DEBUG: 

2013-11-20 10:57:18,668: DEBUG: Received response with following attributes:
2013-11-20 10:57:18,668: DEBUG: Received response with following attributes:
2013-11-20 10:57:42,668: DEBUG: 

2013-11-20 10:57:42,668: DEBUG: 

2013-11-20 10:57:42,669: DEBUG: Creating Accounting Stop Request with the following Attributes:
2013-11-20 10:57:42,669: DEBUG: Creating Accounting Stop Request with the following Attributes:
2013-11-20 10:57:42,669: DEBUG: User-Name: [u'username8@airborne.aircell.com']
2013-11-20 10:57:42,669: DEBUG: User-Name: [u'username8@airborne.aircell.com']
2013-11-20 10:57:42,670: DEBUG: GoGo-Tail-Number: [u'01009']
2013-11-20 10:57:42,670: DEBUG: GoGo-Tail-Number: [u'01009']
2013-11-20 10:57:42,670: DEBUG: Acct-Output-Octets: [3119319]
2013-11-20 10:57:42,670: DEBUG: Acct-Output-Octets: [3119319]
2013-11-20 10:57:42,670: DEBUG: NAS-IP-Address: ['10.254.116.1']
2013-11-20 10:57:42,670: DEBUG: NAS-IP-Address: ['10.254.116.1']
2013-11-20 10:57:42,670: DEBUG: GoGo-Total-Output-Gigawords: [0]
2013-11-20 10:57:42,670: DEBUG: GoGo-Total-Output-Gigawords: [0]
2013-11-20 10:57:42,670: DEBUG: Framed-IP-Address: ['10.254.116.101']
2013-11-20 10:57:42,670: DEBUG: Framed-IP-Address: ['10.254.116.101']
2013-11-20 10:57:42,670: DEBUG: GoGo-Total-Input-Voice-Gigawords: [0]
2013-11-20 10:57:42,670: DEBUG: GoGo-Total-Input-Voice-Gigawords: [0]
2013-11-20 10:57:42,671: DEBUG: GoGo-Total-Output-Octets: [3119319]
2013-11-20 10:57:42,671: DEBUG: GoGo-Total-Output-Octets: [3119319]
2013-11-20 10:57:42,671: DEBUG: GoGo-Acct-Input-Voice-Octets: [0]
2013-11-20 10:57:42,671: DEBUG: GoGo-Acct-Input-Voice-Octets: [0]
2013-11-20 10:57:42,671: DEBUG: GoGo-Total-Input-Voice-Packets: [0]
2013-11-20 10:57:42,671: DEBUG: GoGo-Total-Input-Voice-Packets: [0]
2013-11-20 10:57:42,671: DEBUG: Called-Station-Id: [u'00:16:3E:14:2C:DC']
2013-11-20 10:57:42,671: DEBUG: Called-Station-Id: [u'00:16:3E:14:2C:DC']
2013-11-20 10:57:42,671: DEBUG: WISPr-Location-Name: [u'TEST LLC,BA01_01009']
2013-11-20 10:57:42,671: DEBUG: WISPr-Location-Name: [u'TEST LLC,BA01_01009']
2013-11-20 10:57:42,671: DEBUG: NAS-Identifier: [u'C08386']
2013-11-20 10:57:42,671: DEBUG: NAS-Identifier: [u'C08386']
2013-11-20 10:57:42,672: DEBUG: Proxy-State: ['3330,3132']
2013-11-20 10:57:42,672: DEBUG: Proxy-State: ['3330,3132']
2013-11-20 10:57:42,672: DEBUG: GoGo-Total-Input-Voice-Octets: [0]
2013-11-20 10:57:42,672: DEBUG: GoGo-Total-Input-Voice-Octets: [0]
2013-11-20 10:57:42,672: DEBUG: Acct-Status-Type: ['Stop']
2013-11-20 10:57:42,672: DEBUG: Acct-Status-Type: ['Stop']
2013-11-20 10:57:42,672: DEBUG: GoGo-Total-Output-Voice-Gigawords: [0]
2013-11-20 10:57:42,672: DEBUG: GoGo-Total-Output-Voice-Gigawords: [0]
2013-11-20 10:57:42,672: DEBUG: GoGo-Airline: [u'BA01']
2013-11-20 10:57:42,672: DEBUG: GoGo-Airline: [u'BA01']
2013-11-20 10:57:42,672: DEBUG: Acct-Session-Id: [u'AAATestNAS_111-1384925152434-00163E142CDC-3']
2013-11-20 10:57:42,672: DEBUG: Acct-Session-Id: [u'AAATestNAS_111-1384925152434-00163E142CDC-3']
2013-11-20 10:57:42,673: DEBUG: Acct-Session-Time: [24]
2013-11-20 10:57:42,673: DEBUG: Acct-Session-Time: [24]
2013-11-20 10:57:42,673: DEBUG: Acct-Input-Packets: [21090]
2013-11-20 10:57:42,673: DEBUG: Acct-Input-Packets: [21090]
2013-11-20 10:57:42,673: DEBUG: Acct-Output-Packets: [25709]
2013-11-20 10:57:42,673: DEBUG: Acct-Output-Packets: [25709]
2013-11-20 10:57:42,673: DEBUG: Acct-Terminate-Cause: ['User-Request']
2013-11-20 10:57:42,673: DEBUG: Acct-Terminate-Cause: ['User-Request']
2013-11-20 10:57:42,673: DEBUG: GoGo-Acct-Output-Voice-Octets: [0]
2013-11-20 10:57:42,673: DEBUG: GoGo-Acct-Output-Voice-Octets: [0]
2013-11-20 10:57:42,673: DEBUG: Acct-Output-Gigawords: [0]
2013-11-20 10:57:42,673: DEBUG: Acct-Output-Gigawords: [0]
2013-11-20 10:57:42,673: DEBUG: GoGo-Total-Output-Voice-Packets: [0]
2013-11-20 10:57:42,673: DEBUG: GoGo-Total-Output-Voice-Packets: [0]
2013-11-20 10:57:42,674: DEBUG: Acct-Input-Gigawords: [0]
2013-11-20 10:57:42,674: DEBUG: Acct-Input-Gigawords: [0]
2013-11-20 10:57:42,674: DEBUG: Calling-Station-Id: [u'17:21:31:41:52:81']
2013-11-20 10:57:42,674: DEBUG: Calling-Station-Id: [u'17:21:31:41:52:81']
2013-11-20 10:57:42,674: DEBUG: NAS-Port-Type: ['Wireless-802.11']
2013-11-20 10:57:42,674: DEBUG: NAS-Port-Type: ['Wireless-802.11']
2013-11-20 10:57:42,674: DEBUG: GoGo-Total-Output-Voice-Octets: [0]
2013-11-20 10:57:42,674: DEBUG: GoGo-Total-Output-Voice-Octets: [0]
2013-11-20 10:57:42,674: DEBUG: GoGo-Private-IP-Address: ['192.168.1.179']
2013-11-20 10:57:42,674: DEBUG: GoGo-Private-IP-Address: ['192.168.1.179']
2013-11-20 10:57:42,674: DEBUG: GoGo-Acct-Input-Voice-Gigawords: [0]
2013-11-20 10:57:42,674: DEBUG: GoGo-Acct-Input-Voice-Gigawords: [0]
2013-11-20 10:57:42,675: DEBUG: GoGo-Total-Input-Packets: [21090]
2013-11-20 10:57:42,675: DEBUG: GoGo-Total-Input-Packets: [21090]
2013-11-20 10:57:42,675: DEBUG: GoGo-Total-Input-Gigawords: [0]
2013-11-20 10:57:42,675: DEBUG: GoGo-Total-Input-Gigawords: [0]
2013-11-20 10:57:42,675: DEBUG: GoGo-Acct-Input-Voice-Packets: [0]
2013-11-20 10:57:42,675: DEBUG: GoGo-Acct-Input-Voice-Packets: [0]
2013-11-20 10:57:42,675: DEBUG: GoGo-Total-Input-Octets: [5998239]
2013-11-20 10:57:42,675: DEBUG: GoGo-Total-Input-Octets: [5998239]
2013-11-20 10:57:42,675: DEBUG: GoGo-Total-Output-Packets: [25709]
2013-11-20 10:57:42,675: DEBUG: GoGo-Total-Output-Packets: [25709]
2013-11-20 10:57:42,675: DEBUG: WISPr-Location-ID: [u'airline=BA01,tail=01009,network=']
2013-11-20 10:57:42,675: DEBUG: WISPr-Location-ID: [u'airline=BA01,tail=01009,network=']
2013-11-20 10:57:42,675: DEBUG: GoGo-Acct-Output-Voice-Packets: [0]
2013-11-20 10:57:42,675: DEBUG: GoGo-Acct-Output-Voice-Packets: [0]
2013-11-20 10:57:42,676: DEBUG: GoGo-Acct-Output-Voice-Gigawords: [0]
2013-11-20 10:57:42,676: DEBUG: GoGo-Acct-Output-Voice-Gigawords: [0]
2013-11-20 10:57:42,676: DEBUG: Acct-Input-Octets: [5998239]
2013-11-20 10:57:42,676: DEBUG: Acct-Input-Octets: [5998239]
2013-11-20 10:57:42,676: ERROR: Network error, Reason: 'Network error: Too many open files'
2013-11-20 10:57:42,676: ERROR: Network error, Reason: 'Network error: Too many open files'
2013-11-20 10:57:42,676: ERROR: Ending the test for this user
2013-11-20 10:57:42,676: ERROR: Ending the test for this user
2013-11-20 10:57:42,676: DEBUG: Ending the test for this user
2013-11-20 10:57:42,676: DEBUG: Ending the test for this user
2013-11-20 10:57:43,529: DEBUG: Starting the client for the user username8@airborne.aircell.com to the server localhost

