2013-11-20 10:55:41,850: DEBUG: Starting the client for the user username48@airborne.aircell.com to the server localhost

2013-11-20 10:55:41,850: DEBUG: DURATION of the TEST: 66
2013-11-20 10:55:41,850: DEBUG: NAS-IP: 10.254.28.1
2013-11-20 10:55:41,850: DEBUG: NAS-MAC-ADDR: 16:21:31:41:51:83
2013-11-20 10:55:41,850: DEBUG: Abruptly End: False
2013-11-20 10:55:41,850: DEBUG: Framed-IP: 10.254.28.158
2013-11-20 10:55:41,850: DEBUG: User-MAC-Addr: 00:16:3E:79:AA:EC
2013-11-20 10:55:41,850: DEBUG: 

2013-11-20 10:55:41,851: DEBUG: Creating Authentication Request with the following Attributes:
2013-11-20 10:55:41,851: DEBUG: NAS-Identifier: [u'C08386']
2013-11-20 10:55:41,851: DEBUG: User-Name: [u'username48@airborne.aircell.com']
2013-11-20 10:55:41,851: DEBUG: NAS-IP-Address: ['10.254.28.1']
2013-11-20 10:55:41,851: DEBUG: Service-Type: ['Authenticate-Only']
2013-11-20 10:55:41,851: DEBUG: Proxy-State: ['3237,3134']
2013-11-20 10:55:41,851: DEBUG: Framed-IP-Address: ['10.254.28.158']
2013-11-20 10:55:41,851: DEBUG: GoGo-Airline: [u'BA01']
2013-11-20 10:55:41,851: DEBUG: Acct-Session-Id: [u'AAATestNAS_23-1384925141850-00163E79AAEC-1']
2013-11-20 10:55:41,851: DEBUG: GoGo-Tail-Number: [u'AAATestNAS_23']
2013-11-20 10:55:41,852: DEBUG: GoGo-Private-IP-Address: ['192.168.1.179']
2013-11-20 10:55:41,852: DEBUG: WISPr-Location-ID: [u'airline=BA01,tail=01009,network=']
2013-11-20 10:55:41,852: DEBUG: WISPr-Location-Name: [u'TEST LLC,BA01_01009']
2013-11-20 10:55:41,852: DEBUG: NAS-Port-Type: ['Wireless-802.11']
2013-11-20 10:55:41,852: DEBUG: Called-Station-Id: [u'00:16:3E:79:AA:EC']
2013-11-20 10:55:41,852: DEBUG: Calling-Station-Id: [u'16:21:31:41:51:83']
2013-11-20 10:55:41,853: DEBUG: 

2013-11-20 10:55:41,853: DEBUG: Received response with code: 2, Accepted
2013-11-20 10:55:41,853: DEBUG: Creating Authentication Request with the following Attributes:
2013-11-20 10:55:41,853: DEBUG: NAS-Identifier: [u'C08386']
2013-11-20 10:55:41,853: DEBUG: User-Name: [u'username48@airborne.aircell.com']
2013-11-20 10:55:41,854: DEBUG: NAS-IP-Address: ['10.254.28.1']
2013-11-20 10:55:41,854: DEBUG: Service-Type: ['Login-User']
2013-11-20 10:55:41,854: DEBUG: Proxy-State: ['3237,3134']
2013-11-20 10:55:41,854: DEBUG: Framed-IP-Address: ['10.254.28.158']
2013-11-20 10:55:41,854: DEBUG: GoGo-Airline: [u'BA01']
2013-11-20 10:55:41,854: DEBUG: Acct-Session-Id: [u'AAATestNAS_23-1384925141853-00163E79AAEC-1']
2013-11-20 10:55:41,854: DEBUG: GoGo-Tail-Number: [u'AAATestNAS_23']
2013-11-20 10:55:41,854: DEBUG: GoGo-Private-IP-Address: ['192.168.1.179']
2013-11-20 10:55:41,854: DEBUG: WISPr-Location-ID: [u'airline=BA01,tail=01009,network=']
2013-11-20 10:55:41,854: DEBUG: WISPr-Location-Name: [u'TEST LLC,BA01_01009']
2013-11-20 10:55:41,854: DEBUG: NAS-Port-Type: ['Wireless-802.11']
2013-11-20 10:55:41,854: DEBUG: Called-Station-Id: [u'00:16:3E:79:AA:EC']
2013-11-20 10:55:41,854: DEBUG: Calling-Station-Id: [u'16:21:31:41:51:83']
2013-11-20 10:55:41,855: DEBUG: 

2013-11-20 10:55:41,855: DEBUG: Received response with code: 2, Accepted
2013-11-20 10:55:41,855: DEBUG: 

2013-11-20 10:55:41,856: DEBUG: Creating Accounting start Request with the following Attributes:
2013-11-20 10:55:41,856: DEBUG: NAS-Identifier: [u'C08386']
2013-11-20 10:55:41,856: DEBUG: User-Name: [u'username48@airborne.aircell.com']
2013-11-20 10:55:41,856: DEBUG: GoGo-Tail-Number: [u'AAATestNAS_23']
2013-11-20 10:55:41,856: DEBUG: NAS-IP-Address: ['10.254.28.1']
2013-11-20 10:55:41,856: DEBUG: Proxy-State: ['3239,3131']
2013-11-20 10:55:41,856: DEBUG: Acct-Status-Type: ['Start']
2013-11-20 10:55:41,856: DEBUG: GoGo-Airline: [u'BA01']
2013-11-20 10:55:41,856: DEBUG: Acct-Session-Id: [u'AAATestNAS_23-1384925141853-00163E79AAEC-1']
2013-11-20 10:55:41,856: DEBUG: GoGo-Private-IP-Address: ['192.168.1.179']
2013-11-20 10:55:41,856: DEBUG: Framed-IP-Address: ['10.254.28.158']
2013-11-20 10:55:41,856: DEBUG: WISPr-Location-ID: [u'airline=BA01,tail=01009,network=']
2013-11-20 10:55:41,857: DEBUG: WISPr-Location-Name: [u'TEST LLC,BA01_01009']
2013-11-20 10:55:41,857: DEBUG: NAS-Port-Type: ['Wireless-802.11']
2013-11-20 10:55:41,857: DEBUG: Called-Station-Id: [u'00:16:3E:79:AA:EC']
2013-11-20 10:55:41,857: DEBUG: Calling-Station-Id: [u'16:21:31:41:51:83']
2013-11-20 10:55:41,858: DEBUG: 

2013-11-20 10:55:41,858: DEBUG: Received response with following attributes:
2013-11-20 10:55:51,859: DEBUG: 

2013-11-20 10:55:51,859: DEBUG: Creating Accounting Update Request with the following Attributes:
2013-11-20 10:55:51,859: DEBUG: User-Name: [u'username48@airborne.aircell.com']
2013-11-20 10:55:51,860: DEBUG: GoGo-Tail-Number: [u'AAATestNAS_23']
2013-11-20 10:55:51,860: DEBUG: Acct-Output-Octets: [2649882]
2013-11-20 10:55:51,860: DEBUG: NAS-IP-Address: ['10.254.28.1']
2013-11-20 10:55:51,860: DEBUG: GoGo-Total-Output-Gigawords: [0]
2013-11-20 10:55:51,860: DEBUG: Framed-IP-Address: ['10.254.28.158']
2013-11-20 10:55:51,860: DEBUG: GoGo-Total-Input-Voice-Gigawords: [0]
2013-11-20 10:55:51,860: DEBUG: GoGo-Total-Output-Octets: [2649882]
2013-11-20 10:55:51,860: DEBUG: GoGo-Acct-Input-Voice-Octets: [0]
2013-11-20 10:55:51,860: DEBUG: GoGo-Total-Input-Voice-Packets: [0]
2013-11-20 10:55:51,860: DEBUG: Called-Station-Id: [u'00:16:3E:79:AA:EC']
2013-11-20 10:55:51,860: DEBUG: WISPr-Location-Name: [u'TEST LLC,BA01_01009']
2013-11-20 10:55:51,860: DEBUG: NAS-Identifier: [u'C08386']
2013-11-20 10:55:51,860: DEBUG: Proxy-State: ['3330,3132']
2013-11-20 10:55:51,861: DEBUG: GoGo-Total-Input-Voice-Octets: [0]
2013-11-20 10:55:51,861: DEBUG: Acct-Status-Type: ['Interim-Update']
2013-11-20 10:55:51,861: DEBUG: GoGo-Total-Output-Voice-Gigawords: [0]
2013-11-20 10:55:51,861: DEBUG: GoGo-Airline: [u'BA01']
2013-11-20 10:55:51,861: DEBUG: Acct-Session-Id: [u'AAATestNAS_23-1384925141853-00163E79AAEC-1']
2013-11-20 10:55:51,861: DEBUG: Acct-Session-Time: [10]
2013-11-20 10:55:51,861: DEBUG: Acct-Input-Packets: [26525]
2013-11-20 10:55:51,861: DEBUG: Acct-Output-Packets: [4612]
2013-11-20 10:55:51,861: DEBUG: GoGo-Acct-Output-Voice-Packets: [0]
2013-11-20 10:55:51,861: DEBUG: GoGo-Acct-Output-Voice-Octets: [0]
2013-11-20 10:55:51,861: DEBUG: Acct-Output-Gigawords: [0]
2013-11-20 10:55:51,861: DEBUG: GoGo-Total-Output-Voice-Packets: [0]
2013-11-20 10:55:51,861: DEBUG: Acct-Input-Gigawords: [0]
2013-11-20 10:55:51,861: DEBUG: Calling-Station-Id: [u'16:21:31:41:51:83']
2013-11-20 10:55:51,861: DEBUG: NAS-Port-Type: ['Wireless-802.11']
2013-11-20 10:55:51,862: DEBUG: GoGo-Total-Output-Voice-Octets: [0]
2013-11-20 10:55:51,862: DEBUG: GoGo-Private-IP-Address: ['192.168.1.179']
2013-11-20 10:55:51,862: DEBUG: GoGo-Acct-Input-Voice-Gigawords: [0]
2013-11-20 10:55:51,862: DEBUG: GoGo-Total-Input-Packets: [26525]
2013-11-20 10:55:51,862: DEBUG: GoGo-Total-Input-Gigawords: [0]
2013-11-20 10:55:51,862: DEBUG: GoGo-Acct-Input-Voice-Packets: [0]
2013-11-20 10:55:51,862: DEBUG: GoGo-Total-Input-Octets: [7866128]
2013-11-20 10:55:51,862: DEBUG: GoGo-Total-Output-Packets: [4612]
2013-11-20 10:55:51,862: DEBUG: WISPr-Location-ID: [u'airline=BA01,tail=01009,network=']
2013-11-20 10:55:51,862: DEBUG: GoGo-Acct-Output-Voice-Gigawords: [0]
2013-11-20 10:55:51,862: DEBUG: Acct-Input-Octets: [7866128]
2013-11-20 10:55:51,864: DEBUG: 

2013-11-20 10:55:51,864: DEBUG: Received response with following attributes:
2013-11-20 10:56:01,864: DEBUG: 

2013-11-20 10:56:01,865: DEBUG: Creating Accounting Update Request with the following Attributes:
2013-11-20 10:56:01,865: DEBUG: User-Name: [u'username48@airborne.aircell.com']
2013-11-20 10:56:01,865: DEBUG: GoGo-Tail-Number: [u'AAATestNAS_23']
2013-11-20 10:56:01,865: DEBUG: Acct-Output-Octets: [1837676]
2013-11-20 10:56:01,865: DEBUG: NAS-IP-Address: ['10.254.28.1']
2013-11-20 10:56:01,865: DEBUG: GoGo-Total-Output-Gigawords: [0]
2013-11-20 10:56:01,865: DEBUG: Framed-IP-Address: ['10.254.28.158']
2013-11-20 10:56:01,866: DEBUG: GoGo-Total-Input-Voice-Gigawords: [0]
2013-11-20 10:56:01,866: DEBUG: GoGo-Total-Output-Octets: [1837676]
2013-11-20 10:56:01,866: DEBUG: GoGo-Acct-Input-Voice-Octets: [0]
2013-11-20 10:56:01,866: DEBUG: GoGo-Total-Input-Voice-Packets: [0]
2013-11-20 10:56:01,866: DEBUG: Called-Station-Id: [u'00:16:3E:79:AA:EC']
2013-11-20 10:56:01,866: DEBUG: WISPr-Location-Name: [u'TEST LLC,BA01_01009']
2013-11-20 10:56:01,866: DEBUG: NAS-Identifier: [u'C08386']
2013-11-20 10:56:01,866: DEBUG: Proxy-State: ['3330,3132']
2013-11-20 10:56:01,866: DEBUG: GoGo-Total-Input-Voice-Octets: [0]
2013-11-20 10:56:01,866: DEBUG: Acct-Status-Type: ['Interim-Update']
2013-11-20 10:56:01,866: DEBUG: GoGo-Total-Output-Voice-Gigawords: [0]
2013-11-20 10:56:01,866: DEBUG: GoGo-Airline: [u'BA01']
2013-11-20 10:56:01,866: DEBUG: Acct-Session-Id: [u'AAATestNAS_23-1384925141853-00163E79AAEC-1']
2013-11-20 10:56:01,867: DEBUG: Acct-Session-Time: [10]
2013-11-20 10:56:01,867: DEBUG: Acct-Input-Packets: [8769]
2013-11-20 10:56:01,867: DEBUG: Acct-Output-Packets: [2595]
2013-11-20 10:56:01,867: DEBUG: GoGo-Acct-Output-Voice-Packets: [0]
2013-11-20 10:56:01,867: DEBUG: GoGo-Acct-Output-Voice-Octets: [0]
2013-11-20 10:56:01,867: DEBUG: Acct-Output-Gigawords: [0]
2013-11-20 10:56:01,867: DEBUG: GoGo-Total-Output-Voice-Packets: [0]
2013-11-20 10:56:01,867: DEBUG: Acct-Input-Gigawords: [0]
2013-11-20 10:56:01,867: DEBUG: Calling-Station-Id: [u'16:21:31:41:51:83']
2013-11-20 10:56:01,867: DEBUG: NAS-Port-Type: ['Wireless-802.11']
2013-11-20 10:56:01,867: DEBUG: GoGo-Total-Output-Voice-Octets: [0]
2013-11-20 10:56:01,867: DEBUG: GoGo-Private-IP-Address: ['192.168.1.179']
2013-11-20 10:56:01,867: DEBUG: GoGo-Acct-Input-Voice-Gigawords: [0]
2013-11-20 10:56:01,867: DEBUG: GoGo-Total-Input-Packets: [8769]
2013-11-20 10:56:01,867: DEBUG: GoGo-Total-Input-Gigawords: [0]
2013-11-20 10:56:01,868: DEBUG: GoGo-Acct-Input-Voice-Packets: [0]
2013-11-20 10:56:01,868: DEBUG: GoGo-Total-Input-Octets: [7393350]
2013-11-20 10:56:01,868: DEBUG: GoGo-Total-Output-Packets: [2595]
2013-11-20 10:56:01,868: DEBUG: WISPr-Location-ID: [u'airline=BA01,tail=01009,network=']
2013-11-20 10:56:01,868: DEBUG: GoGo-Acct-Output-Voice-Gigawords: [0]
2013-11-20 10:56:01,868: DEBUG: Acct-Input-Octets: [7393350]
2013-11-20 10:56:01,869: DEBUG: 

2013-11-20 10:56:01,870: DEBUG: Received response with following attributes:
2013-11-20 10:56:11,871: DEBUG: 

2013-11-20 10:56:11,871: DEBUG: Creating Accounting Update Request with the following Attributes:
2013-11-20 10:56:11,871: DEBUG: User-Name: [u'username48@airborne.aircell.com']
2013-11-20 10:56:11,871: DEBUG: GoGo-Tail-Number: [u'AAATestNAS_23']
2013-11-20 10:56:11,872: DEBUG: Acct-Output-Octets: [6699547]
2013-11-20 10:56:11,872: DEBUG: NAS-IP-Address: ['10.254.28.1']
2013-11-20 10:56:11,872: DEBUG: GoGo-Total-Output-Gigawords: [0]
2013-11-20 10:56:11,872: DEBUG: Framed-IP-Address: ['10.254.28.158']
2013-11-20 10:56:11,872: DEBUG: GoGo-Total-Input-Voice-Gigawords: [0]
2013-11-20 10:56:11,872: DEBUG: GoGo-Total-Output-Octets: [6699547]
2013-11-20 10:56:11,872: DEBUG: GoGo-Acct-Input-Voice-Octets: [0]
2013-11-20 10:56:11,872: DEBUG: GoGo-Total-Input-Voice-Packets: [0]
2013-11-20 10:56:11,872: DEBUG: Called-Station-Id: [u'00:16:3E:79:AA:EC']
2013-11-20 10:56:11,872: DEBUG: WISPr-Location-Name: [u'TEST LLC,BA01_01009']
2013-11-20 10:56:11,872: DEBUG: NAS-Identifier: [u'C08386']
2013-11-20 10:56:11,872: DEBUG: Proxy-State: ['3330,3132']
2013-11-20 10:56:11,872: DEBUG: GoGo-Total-Input-Voice-Octets: [0]
2013-11-20 10:56:11,872: DEBUG: Acct-Status-Type: ['Interim-Update']
2013-11-20 10:56:11,873: DEBUG: GoGo-Total-Output-Voice-Gigawords: [0]
2013-11-20 10:56:11,873: DEBUG: GoGo-Airline: [u'BA01']
2013-11-20 10:56:11,873: DEBUG: Acct-Session-Id: [u'AAATestNAS_23-1384925141853-00163E79AAEC-1']
2013-11-20 10:56:11,873: DEBUG: Acct-Session-Time: [10]
2013-11-20 10:56:11,873: DEBUG: Acct-Input-Packets: [17795]
2013-11-20 10:56:11,873: DEBUG: Acct-Output-Packets: [47933]
2013-11-20 10:56:11,873: DEBUG: GoGo-Acct-Output-Voice-Packets: [0]
2013-11-20 10:56:11,873: DEBUG: GoGo-Acct-Output-Voice-Octets: [0]
2013-11-20 10:56:11,873: DEBUG: Acct-Output-Gigawords: [0]
2013-11-20 10:56:11,873: DEBUG: GoGo-Total-Output-Voice-Packets: [0]
2013-11-20 10:56:11,873: DEBUG: Acct-Input-Gigawords: [0]
2013-11-20 10:56:11,873: DEBUG: Calling-Station-Id: [u'16:21:31:41:51:83']
2013-11-20 10:56:11,873: DEBUG: NAS-Port-Type: ['Wireless-802.11']
2013-11-20 10:56:11,873: DEBUG: GoGo-Total-Output-Voice-Octets: [0]
2013-11-20 10:56:11,873: DEBUG: GoGo-Private-IP-Address: ['192.168.1.179']
2013-11-20 10:56:11,873: DEBUG: GoGo-Acct-Input-Voice-Gigawords: [0]
2013-11-20 10:56:11,874: DEBUG: GoGo-Total-Input-Packets: [17795]
2013-11-20 10:56:11,874: DEBUG: GoGo-Total-Input-Gigawords: [0]
2013-11-20 10:56:11,874: DEBUG: GoGo-Acct-Input-Voice-Packets: [0]
2013-11-20 10:56:11,874: DEBUG: GoGo-Total-Input-Octets: [3152750]
2013-11-20 10:56:11,874: DEBUG: GoGo-Total-Output-Packets: [47933]
2013-11-20 10:56:11,874: DEBUG: WISPr-Location-ID: [u'airline=BA01,tail=01009,network=']
2013-11-20 10:56:11,874: DEBUG: GoGo-Acct-Output-Voice-Gigawords: [0]
2013-11-20 10:56:11,874: DEBUG: Acct-Input-Octets: [3152750]
2013-11-20 10:56:11,876: DEBUG: 

2013-11-20 10:56:11,876: DEBUG: Received response with following attributes:
2013-11-20 10:56:21,877: DEBUG: 

2013-11-20 10:56:21,878: DEBUG: Creating Accounting Update Request with the following Attributes:
2013-11-20 10:56:21,878: DEBUG: User-Name: [u'username48@airborne.aircell.com']
2013-11-20 10:56:21,878: DEBUG: GoGo-Tail-Number: [u'AAATestNAS_23']
2013-11-20 10:56:21,878: DEBUG: Acct-Output-Octets: [5332870]
2013-11-20 10:56:21,878: DEBUG: NAS-IP-Address: ['10.254.28.1']
2013-11-20 10:56:21,878: DEBUG: GoGo-Total-Output-Gigawords: [0]
2013-11-20 10:56:21,878: DEBUG: Framed-IP-Address: ['10.254.28.158']
2013-11-20 10:56:21,878: DEBUG: GoGo-Total-Input-Voice-Gigawords: [0]
2013-11-20 10:56:21,878: DEBUG: GoGo-Total-Output-Octets: [5332870]
2013-11-20 10:56:21,878: DEBUG: GoGo-Acct-Input-Voice-Octets: [0]
2013-11-20 10:56:21,879: DEBUG: GoGo-Total-Input-Voice-Packets: [0]
2013-11-20 10:56:21,879: DEBUG: Called-Station-Id: [u'00:16:3E:79:AA:EC']
2013-11-20 10:56:21,879: DEBUG: WISPr-Location-Name: [u'TEST LLC,BA01_01009']
2013-11-20 10:56:21,879: DEBUG: NAS-Identifier: [u'C08386']
2013-11-20 10:56:21,879: DEBUG: Proxy-State: ['3330,3132']
2013-11-20 10:56:21,879: DEBUG: GoGo-Total-Input-Voice-Octets: [0]
2013-11-20 10:56:21,879: DEBUG: Acct-Status-Type: ['Interim-Update']
2013-11-20 10:56:21,879: DEBUG: GoGo-Total-Output-Voice-Gigawords: [0]
2013-11-20 10:56:21,879: DEBUG: GoGo-Airline: [u'BA01']
2013-11-20 10:56:21,879: DEBUG: Acct-Session-Id: [u'AAATestNAS_23-1384925141853-00163E79AAEC-1']
2013-11-20 10:56:21,879: DEBUG: Acct-Session-Time: [10]
2013-11-20 10:56:21,879: DEBUG: Acct-Input-Packets: [2969]
2013-11-20 10:56:21,879: DEBUG: Acct-Output-Packets: [11812]
2013-11-20 10:56:21,880: DEBUG: GoGo-Acct-Output-Voice-Packets: [0]
2013-11-20 10:56:21,880: DEBUG: GoGo-Acct-Output-Voice-Octets: [0]
2013-11-20 10:56:21,880: DEBUG: Acct-Output-Gigawords: [0]
2013-11-20 10:56:21,880: DEBUG: GoGo-Total-Output-Voice-Packets: [0]
2013-11-20 10:56:21,880: DEBUG: Acct-Input-Gigawords: [0]
2013-11-20 10:56:21,880: DEBUG: Calling-Station-Id: [u'16:21:31:41:51:83']
2013-11-20 10:56:21,880: DEBUG: NAS-Port-Type: ['Wireless-802.11']
2013-11-20 10:56:21,880: DEBUG: GoGo-Total-Output-Voice-Octets: [0]
2013-11-20 10:56:21,880: DEBUG: GoGo-Private-IP-Address: ['192.168.1.179']
2013-11-20 10:56:21,880: DEBUG: GoGo-Acct-Input-Voice-Gigawords: [0]
2013-11-20 10:56:21,880: DEBUG: GoGo-Total-Input-Packets: [2969]
2013-11-20 10:56:21,880: DEBUG: GoGo-Total-Input-Gigawords: [0]
2013-11-20 10:56:21,880: DEBUG: GoGo-Acct-Input-Voice-Packets: [0]
2013-11-20 10:56:21,880: DEBUG: GoGo-Total-Input-Octets: [1763005]
2013-11-20 10:56:21,880: DEBUG: GoGo-Total-Output-Packets: [11812]
2013-11-20 10:56:21,881: DEBUG: WISPr-Location-ID: [u'airline=BA01,tail=01009,network=']
2013-11-20 10:56:21,881: DEBUG: GoGo-Acct-Output-Voice-Gigawords: [0]
2013-11-20 10:56:21,881: DEBUG: Acct-Input-Octets: [1763005]
2013-11-20 10:56:21,883: DEBUG: 

2013-11-20 10:56:21,883: DEBUG: Received response with following attributes:
2013-11-20 10:56:31,884: DEBUG: 

2013-11-20 10:56:31,884: DEBUG: Creating Accounting Update Request with the following Attributes:
2013-11-20 10:56:31,884: DEBUG: User-Name: [u'username48@airborne.aircell.com']
2013-11-20 10:56:31,885: DEBUG: GoGo-Tail-Number: [u'AAATestNAS_23']
2013-11-20 10:56:31,885: DEBUG: Acct-Output-Octets: [1294321]
2013-11-20 10:56:31,885: DEBUG: NAS-IP-Address: ['10.254.28.1']
2013-11-20 10:56:31,885: DEBUG: GoGo-Total-Output-Gigawords: [0]
2013-11-20 10:56:31,885: DEBUG: Framed-IP-Address: ['10.254.28.158']
2013-11-20 10:56:31,885: DEBUG: GoGo-Total-Input-Voice-Gigawords: [0]
2013-11-20 10:56:31,885: DEBUG: GoGo-Total-Output-Octets: [1294321]
2013-11-20 10:56:31,885: DEBUG: GoGo-Acct-Input-Voice-Octets: [0]
2013-11-20 10:56:31,885: DEBUG: GoGo-Total-Input-Voice-Packets: [0]
2013-11-20 10:56:31,885: DEBUG: Called-Station-Id: [u'00:16:3E:79:AA:EC']
2013-11-20 10:56:31,885: DEBUG: WISPr-Location-Name: [u'TEST LLC,BA01_01009']
2013-11-20 10:56:31,885: DEBUG: NAS-Identifier: [u'C08386']
2013-11-20 10:56:31,885: DEBUG: Proxy-State: ['3330,3132']
2013-11-20 10:56:31,885: DEBUG: GoGo-Total-Input-Voice-Octets: [0]
2013-11-20 10:56:31,886: DEBUG: Acct-Status-Type: ['Interim-Update']
2013-11-20 10:56:31,886: DEBUG: GoGo-Total-Output-Voice-Gigawords: [0]
2013-11-20 10:56:31,886: DEBUG: GoGo-Airline: [u'BA01']
2013-11-20 10:56:31,886: DEBUG: Acct-Session-Id: [u'AAATestNAS_23-1384925141853-00163E79AAEC-1']
2013-11-20 10:56:31,886: DEBUG: Acct-Session-Time: [10]
2013-11-20 10:56:31,886: DEBUG: Acct-Input-Packets: [14978]
2013-11-20 10:56:31,886: DEBUG: Acct-Output-Packets: [11404]
2013-11-20 10:56:31,886: DEBUG: GoGo-Acct-Output-Voice-Packets: [0]
2013-11-20 10:56:31,886: DEBUG: GoGo-Acct-Output-Voice-Octets: [0]
2013-11-20 10:56:31,886: DEBUG: Acct-Output-Gigawords: [0]
2013-11-20 10:56:31,886: DEBUG: GoGo-Total-Output-Voice-Packets: [0]
2013-11-20 10:56:31,886: DEBUG: Acct-Input-Gigawords: [0]
2013-11-20 10:56:31,886: DEBUG: Calling-Station-Id: [u'16:21:31:41:51:83']
2013-11-20 10:56:31,887: DEBUG: NAS-Port-Type: ['Wireless-802.11']
2013-11-20 10:56:31,887: DEBUG: GoGo-Total-Output-Voice-Octets: [0]
2013-11-20 10:56:31,887: DEBUG: GoGo-Private-IP-Address: ['192.168.1.179']
2013-11-20 10:56:31,887: DEBUG: GoGo-Acct-Input-Voice-Gigawords: [0]
2013-11-20 10:56:31,887: DEBUG: GoGo-Total-Input-Packets: [14978]
2013-11-20 10:56:31,887: DEBUG: GoGo-Total-Input-Gigawords: [0]
2013-11-20 10:56:31,887: DEBUG: GoGo-Acct-Input-Voice-Packets: [0]
2013-11-20 10:56:31,887: DEBUG: GoGo-Total-Input-Octets: [2767376]
2013-11-20 10:56:31,887: DEBUG: GoGo-Total-Output-Packets: [11404]
2013-11-20 10:56:31,887: DEBUG: WISPr-Location-ID: [u'airline=BA01,tail=01009,network=']
2013-11-20 10:56:31,887: DEBUG: GoGo-Acct-Output-Voice-Gigawords: [0]
2013-11-20 10:56:31,887: DEBUG: Acct-Input-Octets: [2767376]
2013-11-20 10:56:31,890: DEBUG: 

2013-11-20 10:56:31,890: DEBUG: Received response with following attributes:
2013-11-20 10:56:41,891: DEBUG: 

2013-11-20 10:56:41,892: DEBUG: Creating Accounting Update Request with the following Attributes:
2013-11-20 10:56:41,892: DEBUG: User-Name: [u'username48@airborne.aircell.com']
2013-11-20 10:56:41,892: DEBUG: GoGo-Tail-Number: [u'AAATestNAS_23']
2013-11-20 10:56:41,892: DEBUG: Acct-Output-Octets: [3472804]
2013-11-20 10:56:41,892: DEBUG: NAS-IP-Address: ['10.254.28.1']
2013-11-20 10:56:41,892: DEBUG: GoGo-Total-Output-Gigawords: [0]
2013-11-20 10:56:41,892: DEBUG: Framed-IP-Address: ['10.254.28.158']
2013-11-20 10:56:41,892: DEBUG: GoGo-Total-Input-Voice-Gigawords: [0]
2013-11-20 10:56:41,892: DEBUG: GoGo-Total-Output-Octets: [3472804]
2013-11-20 10:56:41,892: DEBUG: GoGo-Acct-Input-Voice-Octets: [0]
2013-11-20 10:56:41,892: DEBUG: GoGo-Total-Input-Voice-Packets: [0]
2013-11-20 10:56:41,892: DEBUG: Called-Station-Id: [u'00:16:3E:79:AA:EC']
2013-11-20 10:56:41,892: DEBUG: WISPr-Location-Name: [u'TEST LLC,BA01_01009']
2013-11-20 10:56:41,893: DEBUG: NAS-Identifier: [u'C08386']
2013-11-20 10:56:41,893: DEBUG: Proxy-State: ['3330,3132']
2013-11-20 10:56:41,893: DEBUG: GoGo-Total-Input-Voice-Octets: [0]
2013-11-20 10:56:41,893: DEBUG: Acct-Status-Type: ['Interim-Update']
2013-11-20 10:56:41,893: DEBUG: GoGo-Total-Output-Voice-Gigawords: [0]
2013-11-20 10:56:41,893: DEBUG: GoGo-Airline: [u'BA01']
2013-11-20 10:56:41,893: DEBUG: Acct-Session-Id: [u'AAATestNAS_23-1384925141853-00163E79AAEC-1']
2013-11-20 10:56:41,893: DEBUG: Acct-Session-Time: [10]
2013-11-20 10:56:41,893: DEBUG: Acct-Input-Packets: [3871]
2013-11-20 10:56:41,893: DEBUG: Acct-Output-Packets: [31612]
2013-11-20 10:56:41,893: DEBUG: GoGo-Acct-Output-Voice-Packets: [0]
2013-11-20 10:56:41,893: DEBUG: GoGo-Acct-Output-Voice-Octets: [0]
2013-11-20 10:56:41,893: DEBUG: Acct-Output-Gigawords: [0]
2013-11-20 10:56:41,893: DEBUG: GoGo-Total-Output-Voice-Packets: [0]
2013-11-20 10:56:41,894: DEBUG: Acct-Input-Gigawords: [0]
2013-11-20 10:56:41,894: DEBUG: Calling-Station-Id: [u'16:21:31:41:51:83']
2013-11-20 10:56:41,894: DEBUG: NAS-Port-Type: ['Wireless-802.11']
2013-11-20 10:56:41,894: DEBUG: GoGo-Total-Output-Voice-Octets: [0]
2013-11-20 10:56:41,894: DEBUG: GoGo-Private-IP-Address: ['192.168.1.179']
2013-11-20 10:56:41,894: DEBUG: GoGo-Acct-Input-Voice-Gigawords: [0]
2013-11-20 10:56:41,894: DEBUG: GoGo-Total-Input-Packets: [3871]
2013-11-20 10:56:41,894: DEBUG: GoGo-Total-Input-Gigawords: [0]
2013-11-20 10:56:41,894: DEBUG: GoGo-Acct-Input-Voice-Packets: [0]
2013-11-20 10:56:41,894: DEBUG: GoGo-Total-Input-Octets: [2554505]
2013-11-20 10:56:41,894: DEBUG: GoGo-Total-Output-Packets: [31612]
2013-11-20 10:56:41,894: DEBUG: WISPr-Location-ID: [u'airline=BA01,tail=01009,network=']
2013-11-20 10:56:41,894: DEBUG: GoGo-Acct-Output-Voice-Gigawords: [0]
2013-11-20 10:56:41,894: DEBUG: Acct-Input-Octets: [2554505]
2013-11-20 10:56:41,896: DEBUG: 

2013-11-20 10:56:41,896: DEBUG: Received response with following attributes:
2013-11-20 10:56:47,897: DEBUG: 

2013-11-20 10:56:47,897: DEBUG: Creating Accounting Update Request with the following Attributes:
2013-11-20 10:56:47,897: DEBUG: User-Name: [u'username48@airborne.aircell.com']
2013-11-20 10:56:47,897: DEBUG: GoGo-Tail-Number: [u'AAATestNAS_23']
2013-11-20 10:56:47,897: DEBUG: Acct-Output-Octets: [1949328]
2013-11-20 10:56:47,898: DEBUG: NAS-IP-Address: ['10.254.28.1']
2013-11-20 10:56:47,898: DEBUG: GoGo-Total-Output-Gigawords: [0]
2013-11-20 10:56:47,898: DEBUG: Framed-IP-Address: ['10.254.28.158']
2013-11-20 10:56:47,898: DEBUG: GoGo-Total-Input-Voice-Gigawords: [0]
2013-11-20 10:56:47,898: DEBUG: GoGo-Total-Output-Octets: [1949328]
2013-11-20 10:56:47,898: DEBUG: GoGo-Acct-Input-Voice-Octets: [0]
2013-11-20 10:56:47,898: DEBUG: GoGo-Total-Input-Voice-Packets: [0]
2013-11-20 10:56:47,898: DEBUG: Called-Station-Id: [u'00:16:3E:79:AA:EC']
2013-11-20 10:56:47,898: DEBUG: WISPr-Location-Name: [u'TEST LLC,BA01_01009']
2013-11-20 10:56:47,898: DEBUG: NAS-Identifier: [u'C08386']
2013-11-20 10:56:47,898: DEBUG: Proxy-State: ['3330,3132']
2013-11-20 10:56:47,898: DEBUG: GoGo-Total-Input-Voice-Octets: [0]
2013-11-20 10:56:47,898: DEBUG: Acct-Status-Type: ['Interim-Update']
2013-11-20 10:56:47,898: DEBUG: GoGo-Total-Output-Voice-Gigawords: [0]
2013-11-20 10:56:47,899: DEBUG: GoGo-Airline: [u'BA01']
2013-11-20 10:56:47,899: DEBUG: Acct-Session-Id: [u'AAATestNAS_23-1384925141853-00163E79AAEC-1']
2013-11-20 10:56:47,899: DEBUG: Acct-Session-Time: [6]
2013-11-20 10:56:47,899: DEBUG: Acct-Input-Packets: [60702]
2013-11-20 10:56:47,899: DEBUG: Acct-Output-Packets: [14855]
2013-11-20 10:56:47,899: DEBUG: GoGo-Acct-Output-Voice-Packets: [0]
2013-11-20 10:56:47,899: DEBUG: GoGo-Acct-Output-Voice-Octets: [0]
2013-11-20 10:56:47,899: DEBUG: Acct-Output-Gigawords: [0]
2013-11-20 10:56:47,899: DEBUG: GoGo-Total-Output-Voice-Packets: [0]
2013-11-20 10:56:47,899: DEBUG: Acct-Input-Gigawords: [0]
2013-11-20 10:56:47,899: DEBUG: Calling-Station-Id: [u'16:21:31:41:51:83']
2013-11-20 10:56:47,899: DEBUG: NAS-Port-Type: ['Wireless-802.11']
2013-11-20 10:56:47,899: DEBUG: GoGo-Total-Output-Voice-Octets: [0]
2013-11-20 10:56:47,899: DEBUG: GoGo-Private-IP-Address: ['192.168.1.179']
2013-11-20 10:56:47,900: DEBUG: GoGo-Acct-Input-Voice-Gigawords: [0]
2013-11-20 10:56:47,900: DEBUG: GoGo-Total-Input-Packets: [60702]
2013-11-20 10:56:47,900: DEBUG: GoGo-Total-Input-Gigawords: [0]
2013-11-20 10:56:47,900: DEBUG: GoGo-Acct-Input-Voice-Packets: [0]
2013-11-20 10:56:47,900: DEBUG: GoGo-Total-Input-Octets: [8361693]
2013-11-20 10:56:47,900: DEBUG: GoGo-Total-Output-Packets: [14855]
2013-11-20 10:56:47,900: DEBUG: WISPr-Location-ID: [u'airline=BA01,tail=01009,network=']
2013-11-20 10:56:47,900: DEBUG: GoGo-Acct-Output-Voice-Gigawords: [0]
2013-11-20 10:56:47,900: DEBUG: Acct-Input-Octets: [8361693]
2013-11-20 10:56:47,902: DEBUG: 

2013-11-20 10:56:47,902: DEBUG: Received response with following attributes:
2013-11-20 10:57:17,903: DEBUG: 

2013-11-20 10:57:17,903: DEBUG: Creating Accounting Stop Request with the following Attributes:
2013-11-20 10:57:17,903: DEBUG: User-Name: [u'username48@airborne.aircell.com']
2013-11-20 10:57:17,903: DEBUG: GoGo-Tail-Number: [u'01009']
2013-11-20 10:57:17,903: DEBUG: Acct-Output-Octets: [8649741]
2013-11-20 10:57:17,903: DEBUG: NAS-IP-Address: ['10.254.28.1']
2013-11-20 10:57:17,904: DEBUG: GoGo-Total-Output-Gigawords: [0]
2013-11-20 10:57:17,904: DEBUG: Framed-IP-Address: ['10.254.28.158']
2013-11-20 10:57:17,904: DEBUG: GoGo-Total-Input-Voice-Gigawords: [0]
2013-11-20 10:57:17,904: DEBUG: GoGo-Total-Output-Octets: [8649741]
2013-11-20 10:57:17,904: DEBUG: GoGo-Acct-Input-Voice-Octets: [0]
2013-11-20 10:57:17,904: DEBUG: GoGo-Total-Input-Voice-Packets: [0]
2013-11-20 10:57:17,904: DEBUG: Called-Station-Id: [u'00:16:3E:79:AA:EC']
2013-11-20 10:57:17,904: DEBUG: WISPr-Location-Name: [u'TEST LLC,BA01_01009']
2013-11-20 10:57:17,904: DEBUG: NAS-Identifier: [u'C08386']
2013-11-20 10:57:17,904: DEBUG: Proxy-State: ['3330,3132']
2013-11-20 10:57:17,904: DEBUG: GoGo-Total-Input-Voice-Octets: [0]
2013-11-20 10:57:17,904: DEBUG: Acct-Status-Type: ['Stop']
2013-11-20 10:57:17,904: DEBUG: GoGo-Total-Output-Voice-Gigawords: [0]
2013-11-20 10:57:17,905: DEBUG: GoGo-Airline: [u'BA01']
2013-11-20 10:57:17,905: DEBUG: Acct-Session-Id: [u'AAATestNAS_23-1384925141853-00163E79AAEC-1']
2013-11-20 10:57:17,905: DEBUG: Acct-Session-Time: [30]
2013-11-20 10:57:17,905: DEBUG: Acct-Input-Packets: [53426]
2013-11-20 10:57:17,905: DEBUG: Acct-Output-Packets: [56335]
2013-11-20 10:57:17,905: DEBUG: Acct-Terminate-Cause: ['User-Request']
2013-11-20 10:57:17,905: DEBUG: GoGo-Acct-Output-Voice-Octets: [0]
2013-11-20 10:57:17,905: DEBUG: Acct-Output-Gigawords: [0]
2013-11-20 10:57:17,905: DEBUG: GoGo-Total-Output-Voice-Packets: [0]
2013-11-20 10:57:17,905: DEBUG: Acct-Input-Gigawords: [0]
2013-11-20 10:57:17,905: DEBUG: Calling-Station-Id: [u'16:21:31:41:51:83']
2013-11-20 10:57:17,905: DEBUG: NAS-Port-Type: ['Wireless-802.11']
2013-11-20 10:57:17,905: DEBUG: GoGo-Total-Output-Voice-Octets: [0]
2013-11-20 10:57:17,905: DEBUG: GoGo-Private-IP-Address: ['192.168.1.179']
2013-11-20 10:57:17,905: DEBUG: GoGo-Acct-Input-Voice-Gigawords: [0]
2013-11-20 10:57:17,906: DEBUG: GoGo-Total-Input-Packets: [53426]
2013-11-20 10:57:17,906: DEBUG: GoGo-Total-Input-Gigawords: [0]
2013-11-20 10:57:17,906: DEBUG: GoGo-Acct-Input-Voice-Packets: [0]
2013-11-20 10:57:17,906: DEBUG: GoGo-Total-Input-Octets: [7635074]
2013-11-20 10:57:17,906: DEBUG: GoGo-Total-Output-Packets: [56335]
2013-11-20 10:57:17,906: DEBUG: WISPr-Location-ID: [u'airline=BA01,tail=01009,network=']
2013-11-20 10:57:17,906: DEBUG: GoGo-Acct-Output-Voice-Packets: [0]
2013-11-20 10:57:17,906: DEBUG: GoGo-Acct-Output-Voice-Gigawords: [0]
2013-11-20 10:57:17,906: DEBUG: Acct-Input-Octets: [7635074]
2013-11-20 10:57:17,908: DEBUG: 

2013-11-20 10:57:17,908: DEBUG: Received response with following attributes:
2013-11-20 10:57:17,908: DEBUG: Ending the test for this user
2013-11-20 10:57:18,493: DEBUG: Starting the client for the user username48@airborne.aircell.com to the server localhost

2013-11-20 10:57:18,493: DEBUG: DURATION of the TEST: 33
2013-11-20 10:57:18,493: DEBUG: NAS-IP: 10.254.239.1
2013-11-20 10:57:18,493: DEBUG: NAS-MAC-ADDR: 19:21:31:41:52:16
2013-11-20 10:57:18,493: DEBUG: Abruptly End: True
2013-11-20 10:57:18,494: DEBUG: Framed-IP: 10.254.239.106
2013-11-20 10:57:18,494: DEBUG: User-MAC-Addr: 00:16:3E:5E:2A:E0
2013-11-20 10:57:18,494: DEBUG: 

2013-11-20 10:57:18,495: DEBUG: Creating Authentication Request with the following Attributes:
2013-11-20 10:57:18,495: DEBUG: NAS-Identifier: [u'C08386']
2013-11-20 10:57:18,495: DEBUG: User-Name: [u'username48@airborne.aircell.com']
2013-11-20 10:57:18,495: DEBUG: NAS-IP-Address: ['10.254.239.1']
2013-11-20 10:57:18,495: DEBUG: Service-Type: ['Authenticate-Only']
2013-11-20 10:57:18,496: DEBUG: Proxy-State: ['3237,3134']
2013-11-20 10:57:18,496: DEBUG: Framed-IP-Address: ['10.254.239.106']
2013-11-20 10:57:18,496: DEBUG: GoGo-Airline: [u'BA01']
2013-11-20 10:57:18,496: DEBUG: Acct-Session-Id: [u'AAATestNAS_234-1384925238494-00163E5E2AE0-1']
2013-11-20 10:57:18,496: DEBUG: GoGo-Tail-Number: [u'AAATestNAS_234']
2013-11-20 10:57:18,496: DEBUG: GoGo-Private-IP-Address: ['192.168.1.179']
2013-11-20 10:57:18,496: DEBUG: WISPr-Location-ID: [u'airline=BA01,tail=01009,network=']
2013-11-20 10:57:18,497: DEBUG: WISPr-Location-Name: [u'TEST LLC,BA01_01009']
2013-11-20 10:57:18,497: DEBUG: NAS-Port-Type: ['Wireless-802.11']
2013-11-20 10:57:18,497: DEBUG: Called-Station-Id: [u'00:16:3E:5E:2A:E0']
2013-11-20 10:57:18,497: DEBUG: Calling-Station-Id: [u'19:21:31:41:52:16']
2013-11-20 10:57:18,498: DEBUG: 

2013-11-20 10:57:18,498: DEBUG: Received response with code: 2, Accepted
2013-11-20 10:57:18,499: DEBUG: Creating Authentication Request with the following Attributes:
2013-11-20 10:57:18,499: DEBUG: NAS-Identifier: [u'C08386']
2013-11-20 10:57:18,499: DEBUG: User-Name: [u'username48@airborne.aircell.com']
2013-11-20 10:57:18,499: DEBUG: NAS-IP-Address: ['10.254.239.1']
2013-11-20 10:57:18,499: DEBUG: Service-Type: ['Login-User']
2013-11-20 10:57:18,499: DEBUG: Proxy-State: ['3237,3134']
2013-11-20 10:57:18,500: DEBUG: Framed-IP-Address: ['10.254.239.106']
2013-11-20 10:57:18,500: DEBUG: GoGo-Airline: [u'BA01']
2013-11-20 10:57:18,500: DEBUG: Acct-Session-Id: [u'AAATestNAS_234-1384925238499-00163E5E2AE0-1']
2013-11-20 10:57:18,500: DEBUG: GoGo-Tail-Number: [u'AAATestNAS_234']
2013-11-20 10:57:18,500: DEBUG: GoGo-Private-IP-Address: ['192.168.1.179']
2013-11-20 10:57:18,500: DEBUG: WISPr-Location-ID: [u'airline=BA01,tail=01009,network=']
2013-11-20 10:57:18,500: DEBUG: WISPr-Location-Name: [u'TEST LLC,BA01_01009']
2013-11-20 10:57:18,500: DEBUG: NAS-Port-Type: ['Wireless-802.11']
2013-11-20 10:57:18,500: DEBUG: Called-Station-Id: [u'00:16:3E:5E:2A:E0']
2013-11-20 10:57:18,501: DEBUG: Calling-Station-Id: [u'19:21:31:41:52:16']
2013-11-20 10:57:18,502: DEBUG: 

2013-11-20 10:57:18,502: DEBUG: Received response with code: 2, Accepted
2013-11-20 10:57:18,502: DEBUG: 

2013-11-20 10:57:18,502: DEBUG: Creating Accounting start Request with the following Attributes:
2013-11-20 10:57:18,502: DEBUG: NAS-Identifier: [u'C08386']
2013-11-20 10:57:18,502: DEBUG: User-Name: [u'username48@airborne.aircell.com']
2013-11-20 10:57:18,502: DEBUG: GoGo-Tail-Number: [u'AAATestNAS_234']
2013-11-20 10:57:18,503: DEBUG: NAS-IP-Address: ['10.254.239.1']
2013-11-20 10:57:18,503: DEBUG: Proxy-State: ['3239,3131']
2013-11-20 10:57:18,503: DEBUG: Acct-Status-Type: ['Start']
2013-11-20 10:57:18,503: DEBUG: GoGo-Airline: [u'BA01']
2013-11-20 10:57:18,503: DEBUG: Acct-Session-Id: [u'AAATestNAS_234-1384925238499-00163E5E2AE0-1']
2013-11-20 10:57:18,504: DEBUG: GoGo-Private-IP-Address: ['192.168.1.179']
2013-11-20 10:57:18,504: DEBUG: Framed-IP-Address: ['10.254.239.106']
2013-11-20 10:57:18,504: DEBUG: WISPr-Location-ID: [u'airline=BA01,tail=01009,network=']
2013-11-20 10:57:18,504: DEBUG: WISPr-Location-Name: [u'TEST LLC,BA01_01009']
2013-11-20 10:57:18,504: DEBUG: NAS-Port-Type: ['Wireless-802.11']
2013-11-20 10:57:18,504: DEBUG: Called-Station-Id: [u'00:16:3E:5E:2A:E0']
2013-11-20 10:57:18,504: DEBUG: Calling-Station-Id: [u'19:21:31:41:52:16']
2013-11-20 10:57:18,505: DEBUG: 

2013-11-20 10:57:18,505: DEBUG: Received response with following attributes:
2013-11-20 10:57:28,505: DEBUG: 

2013-11-20 10:57:28,506: DEBUG: Creating Accounting Update Request with the following Attributes:
2013-11-20 10:57:28,506: DEBUG: User-Name: [u'username48@airborne.aircell.com']
2013-11-20 10:57:28,507: DEBUG: GoGo-Tail-Number: [u'AAATestNAS_234']
2013-11-20 10:57:28,507: DEBUG: Acct-Output-Octets: [2508982]
2013-11-20 10:57:28,507: DEBUG: NAS-IP-Address: ['10.254.239.1']
2013-11-20 10:57:28,507: DEBUG: GoGo-Total-Output-Gigawords: [0]
2013-11-20 10:57:28,507: DEBUG: Framed-IP-Address: ['10.254.239.106']
2013-11-20 10:57:28,508: DEBUG: GoGo-Total-Input-Voice-Gigawords: [0]
2013-11-20 10:57:28,508: DEBUG: GoGo-Total-Output-Octets: [2508982]
2013-11-20 10:57:28,508: DEBUG: GoGo-Acct-Input-Voice-Octets: [0]
2013-11-20 10:57:28,508: DEBUG: GoGo-Total-Input-Voice-Packets: [0]
2013-11-20 10:57:28,509: DEBUG: Called-Station-Id: [u'00:16:3E:5E:2A:E0']
2013-11-20 10:57:28,509: DEBUG: WISPr-Location-Name: [u'TEST LLC,BA01_01009']
2013-11-20 10:57:28,509: DEBUG: NAS-Identifier: [u'C08386']
2013-11-20 10:57:28,509: DEBUG: Proxy-State: ['3330,3132']
2013-11-20 10:57:28,510: DEBUG: GoGo-Total-Input-Voice-Octets: [0]
2013-11-20 10:57:28,510: DEBUG: Acct-Status-Type: ['Interim-Update']
2013-11-20 10:57:28,510: DEBUG: GoGo-Total-Output-Voice-Gigawords: [0]
2013-11-20 10:57:28,511: DEBUG: GoGo-Airline: [u'BA01']
2013-11-20 10:57:28,511: DEBUG: Acct-Session-Id: [u'AAATestNAS_234-1384925238499-00163E5E2AE0-1']
2013-11-20 10:57:28,512: DEBUG: Acct-Session-Time: [10]
2013-11-20 10:57:28,512: DEBUG: Acct-Input-Packets: [3560]
2013-11-20 10:57:28,512: DEBUG: Acct-Output-Packets: [19576]
2013-11-20 10:57:28,513: DEBUG: GoGo-Acct-Output-Voice-Packets: [0]
2013-11-20 10:57:28,514: DEBUG: GoGo-Acct-Output-Voice-Octets: [0]
2013-11-20 10:57:28,514: DEBUG: Acct-Output-Gigawords: [0]
2013-11-20 10:57:28,514: DEBUG: GoGo-Total-Output-Voice-Packets: [0]
2013-11-20 10:57:28,515: DEBUG: Acct-Input-Gigawords: [0]
2013-11-20 10:57:28,515: DEBUG: Calling-Station-Id: [u'19:21:31:41:52:16']
2013-11-20 10:57:28,515: DEBUG: NAS-Port-Type: ['Wireless-802.11']
2013-11-20 10:57:28,515: DEBUG: GoGo-Total-Output-Voice-Octets: [0]
2013-11-20 10:57:28,516: DEBUG: GoGo-Private-IP-Address: ['192.168.1.179']
2013-11-20 10:57:28,516: DEBUG: GoGo-Acct-Input-Voice-Gigawords: [0]
2013-11-20 10:57:28,516: DEBUG: GoGo-Total-Input-Packets: [3560]
2013-11-20 10:57:28,517: DEBUG: GoGo-Total-Input-Gigawords: [0]
2013-11-20 10:57:28,517: DEBUG: GoGo-Acct-Input-Voice-Packets: [0]
2013-11-20 10:57:28,517: DEBUG: GoGo-Total-Input-Octets: [1497473]
2013-11-20 10:57:28,518: DEBUG: GoGo-Total-Output-Packets: [19576]
2013-11-20 10:57:28,518: DEBUG: WISPr-Location-ID: [u'airline=BA01,tail=01009,network=']
2013-11-20 10:57:28,518: DEBUG: GoGo-Acct-Output-Voice-Gigawords: [0]
2013-11-20 10:57:28,518: DEBUG: Acct-Input-Octets: [1497473]
2013-11-20 10:57:28,522: DEBUG: 

2013-11-20 10:57:28,522: DEBUG: Received response with following attributes:
2013-11-20 10:57:38,523: DEBUG: 

2013-11-20 10:57:38,524: DEBUG: Creating Accounting Update Request with the following Attributes:
2013-11-20 10:57:38,524: DEBUG: User-Name: [u'username48@airborne.aircell.com']
2013-11-20 10:57:38,524: DEBUG: GoGo-Tail-Number: [u'AAATestNAS_234']
2013-11-20 10:57:38,524: DEBUG: Acct-Output-Octets: [8410739]
2013-11-20 10:57:38,525: DEBUG: NAS-IP-Address: ['10.254.239.1']
2013-11-20 10:57:38,525: DEBUG: GoGo-Total-Output-Gigawords: [0]
2013-11-20 10:57:38,525: DEBUG: Framed-IP-Address: ['10.254.239.106']
2013-11-20 10:57:38,525: DEBUG: GoGo-Total-Input-Voice-Gigawords: [0]
2013-11-20 10:57:38,525: DEBUG: GoGo-Total-Output-Octets: [8410739]
2013-11-20 10:57:38,525: DEBUG: GoGo-Acct-Input-Voice-Octets: [0]
2013-11-20 10:57:38,525: DEBUG: GoGo-Total-Input-Voice-Packets: [0]
2013-11-20 10:57:38,525: DEBUG: Called-Station-Id: [u'00:16:3E:5E:2A:E0']
2013-11-20 10:57:38,525: DEBUG: WISPr-Location-Name: [u'TEST LLC,BA01_01009']
2013-11-20 10:57:38,526: DEBUG: NAS-Identifier: [u'C08386']
2013-11-20 10:57:38,526: DEBUG: Proxy-State: ['3330,3132']
2013-11-20 10:57:38,526: DEBUG: GoGo-Total-Input-Voice-Octets: [0]
2013-11-20 10:57:38,526: DEBUG: Acct-Status-Type: ['Interim-Update']
2013-11-20 10:57:38,526: DEBUG: GoGo-Total-Output-Voice-Gigawords: [0]
2013-11-20 10:57:38,526: DEBUG: GoGo-Airline: [u'BA01']
2013-11-20 10:57:38,526: DEBUG: Acct-Session-Id: [u'AAATestNAS_234-1384925238499-00163E5E2AE0-1']
2013-11-20 10:57:38,526: DEBUG: Acct-Session-Time: [10]
2013-11-20 10:57:38,526: DEBUG: Acct-Input-Packets: [34863]
2013-11-20 10:57:38,527: DEBUG: Acct-Output-Packets: [63948]
2013-11-20 10:57:38,527: DEBUG: GoGo-Acct-Output-Voice-Packets: [0]
2013-11-20 10:57:38,527: DEBUG: GoGo-Acct-Output-Voice-Octets: [0]
2013-11-20 10:57:38,527: DEBUG: Acct-Output-Gigawords: [0]
2013-11-20 10:57:38,527: DEBUG: GoGo-Total-Output-Voice-Packets: [0]
2013-11-20 10:57:38,527: DEBUG: Acct-Input-Gigawords: [0]
2013-11-20 10:57:38,527: DEBUG: Calling-Station-Id: [u'19:21:31:41:52:16']
2013-11-20 10:57:38,527: DEBUG: NAS-Port-Type: ['Wireless-802.11']
2013-11-20 10:57:38,527: DEBUG: GoGo-Total-Output-Voice-Octets: [0]
2013-11-20 10:57:38,527: DEBUG: GoGo-Private-IP-Address: ['192.168.1.179']
2013-11-20 10:57:38,528: DEBUG: GoGo-Acct-Input-Voice-Gigawords: [0]
2013-11-20 10:57:38,528: DEBUG: GoGo-Total-Input-Packets: [34863]
2013-11-20 10:57:38,528: DEBUG: GoGo-Total-Input-Gigawords: [0]
2013-11-20 10:57:38,528: DEBUG: GoGo-Acct-Input-Voice-Packets: [0]
2013-11-20 10:57:38,528: DEBUG: GoGo-Total-Input-Octets: [3499900]
2013-11-20 10:57:38,529: DEBUG: GoGo-Total-Output-Packets: [63948]
2013-11-20 10:57:38,529: DEBUG: WISPr-Location-ID: [u'airline=BA01,tail=01009,network=']
2013-11-20 10:57:38,529: DEBUG: GoGo-Acct-Output-Voice-Gigawords: [0]
2013-11-20 10:57:38,529: DEBUG: Acct-Input-Octets: [3499900]
2013-11-20 10:57:38,529: ERROR: Network error, Reason: 'Network error: Too many open files'
2013-11-20 10:57:48,531: DEBUG: 

2013-11-20 10:57:48,531: DEBUG: Creating Accounting Update Request with the following Attributes:
2013-11-20 10:57:48,532: DEBUG: User-Name: [u'username48@airborne.aircell.com']
2013-11-20 10:57:48,532: DEBUG: GoGo-Tail-Number: [u'AAATestNAS_234']
2013-11-20 10:57:48,532: DEBUG: Acct-Output-Octets: [6015359]
2013-11-20 10:57:48,532: DEBUG: NAS-IP-Address: ['10.254.239.1']
2013-11-20 10:57:48,532: DEBUG: GoGo-Total-Output-Gigawords: [0]
2013-11-20 10:57:48,532: DEBUG: Framed-IP-Address: ['10.254.239.106']
2013-11-20 10:57:48,533: DEBUG: GoGo-Total-Input-Voice-Gigawords: [0]
2013-11-20 10:57:48,533: DEBUG: GoGo-Total-Output-Octets: [6015359]
2013-11-20 10:57:48,533: DEBUG: GoGo-Acct-Input-Voice-Octets: [0]
2013-11-20 10:57:48,534: DEBUG: GoGo-Total-Input-Voice-Packets: [0]
2013-11-20 10:57:48,534: DEBUG: Called-Station-Id: [u'00:16:3E:5E:2A:E0']
2013-11-20 10:57:48,534: DEBUG: WISPr-Location-Name: [u'TEST LLC,BA01_01009']
2013-11-20 10:57:48,534: DEBUG: NAS-Identifier: [u'C08386']
2013-11-20 10:57:48,535: DEBUG: Proxy-State: ['3330,3132']
2013-11-20 10:57:48,535: DEBUG: GoGo-Total-Input-Voice-Octets: [0]
2013-11-20 10:57:48,535: DEBUG: Acct-Status-Type: ['Interim-Update']
2013-11-20 10:57:48,535: DEBUG: GoGo-Total-Output-Voice-Gigawords: [0]
2013-11-20 10:57:48,535: DEBUG: GoGo-Airline: [u'BA01']
2013-11-20 10:57:48,535: DEBUG: Acct-Session-Id: [u'AAATestNAS_234-1384925238499-00163E5E2AE0-1']
2013-11-20 10:57:48,535: DEBUG: Acct-Session-Time: [10]
2013-11-20 10:57:48,536: DEBUG: Acct-Input-Packets: [44950]
2013-11-20 10:57:48,536: DEBUG: Acct-Output-Packets: [29476]
2013-11-20 10:57:48,536: DEBUG: GoGo-Acct-Output-Voice-Packets: [0]
2013-11-20 10:57:48,536: DEBUG: GoGo-Acct-Output-Voice-Octets: [0]
2013-11-20 10:57:48,536: DEBUG: Acct-Output-Gigawords: [0]
2013-11-20 10:57:48,536: DEBUG: GoGo-Total-Output-Voice-Packets: [0]
2013-11-20 10:57:48,536: DEBUG: Acct-Input-Gigawords: [0]
2013-11-20 10:57:48,537: DEBUG: Calling-Station-Id: [u'19:21:31:41:52:16']
2013-11-20 10:57:48,537: DEBUG: NAS-Port-Type: ['Wireless-802.11']
2013-11-20 10:57:48,537: DEBUG: GoGo-Total-Output-Voice-Octets: [0]
2013-11-20 10:57:48,537: DEBUG: GoGo-Private-IP-Address: ['192.168.1.179']
2013-11-20 10:57:48,537: DEBUG: GoGo-Acct-Input-Voice-Gigawords: [0]
2013-11-20 10:57:48,537: DEBUG: GoGo-Total-Input-Packets: [44950]
2013-11-20 10:57:48,537: DEBUG: GoGo-Total-Input-Gigawords: [0]
2013-11-20 10:57:48,537: DEBUG: GoGo-Acct-Input-Voice-Packets: [0]
2013-11-20 10:57:48,538: DEBUG: GoGo-Total-Input-Octets: [5187418]
2013-11-20 10:57:48,538: DEBUG: GoGo-Total-Output-Packets: [29476]
2013-11-20 10:57:48,538: DEBUG: WISPr-Location-ID: [u'airline=BA01,tail=01009,network=']
2013-11-20 10:57:48,538: DEBUG: GoGo-Acct-Output-Voice-Gigawords: [0]
2013-11-20 10:57:48,538: DEBUG: Acct-Input-Octets: [5187418]
2013-11-20 10:57:48,538: ERROR: Network error, Reason: 'Network error: Too many open files'
2013-11-20 10:57:48,538: DEBUG: User has abruptly end flag so ending the test with out AcctStop
2013-11-20 10:57:48,538: DEBUG: Ending the test for this user
