2013-11-20 10:55:42,381: DEBUG: Starting the client for the user username66@airborne.aircell.com to the server localhost

2013-11-20 10:55:42,382: DEBUG: DURATION of the TEST: 89
2013-11-20 10:55:42,382: DEBUG: NAS-IP: 10.254.246.1
2013-11-20 10:55:42,382: DEBUG: NAS-MAC-ADDR: 19:21:31:41:52:23
2013-11-20 10:55:42,382: DEBUG: Abruptly End: False
2013-11-20 10:55:42,382: DEBUG: Framed-IP: 10.254.246.114
2013-11-20 10:55:42,382: DEBUG: User-MAC-Addr: 00:16:3E:0B:D7:35
2013-11-20 10:55:42,382: DEBUG: 

2013-11-20 10:55:42,383: DEBUG: Creating Authentication Request with the following Attributes:
2013-11-20 10:55:42,383: DEBUG: NAS-Identifier: [u'C08386']
2013-11-20 10:55:42,383: DEBUG: User-Name: [u'username66@airborne.aircell.com']
2013-11-20 10:55:42,383: DEBUG: NAS-IP-Address: ['10.254.246.1']
2013-11-20 10:55:42,383: DEBUG: Service-Type: ['Authenticate-Only']
2013-11-20 10:55:42,383: DEBUG: Proxy-State: ['3237,3134']
2013-11-20 10:55:42,383: DEBUG: Framed-IP-Address: ['10.254.246.114']
2013-11-20 10:55:42,383: DEBUG: GoGo-Airline: [u'BA01']
2013-11-20 10:55:42,383: DEBUG: Acct-Session-Id: [u'AAATestNAS_241-1384925142382-00163E0BD735-3']
2013-11-20 10:55:42,383: DEBUG: GoGo-Tail-Number: [u'AAATestNAS_241']
2013-11-20 10:55:42,383: DEBUG: GoGo-Private-IP-Address: ['192.168.1.179']
2013-11-20 10:55:42,384: DEBUG: WISPr-Location-ID: [u'airline=BA01,tail=01009,network=']
2013-11-20 10:55:42,384: DEBUG: WISPr-Location-Name: [u'TEST LLC,BA01_01009']
2013-11-20 10:55:42,384: DEBUG: NAS-Port-Type: ['Wireless-802.11']
2013-11-20 10:55:42,384: DEBUG: Called-Station-Id: [u'00:16:3E:0B:D7:35']
2013-11-20 10:55:42,384: DEBUG: Calling-Station-Id: [u'19:21:31:41:52:23']
2013-11-20 10:55:42,385: DEBUG: 

2013-11-20 10:55:42,385: DEBUG: Received response with code: 2, Accepted
2013-11-20 10:55:42,385: DEBUG: Creating Authentication Request with the following Attributes:
2013-11-20 10:55:42,385: DEBUG: NAS-Identifier: [u'C08386']
2013-11-20 10:55:42,386: DEBUG: User-Name: [u'username66@airborne.aircell.com']
2013-11-20 10:55:42,386: DEBUG: NAS-IP-Address: ['10.254.246.1']
2013-11-20 10:55:42,386: DEBUG: Service-Type: ['Login-User']
2013-11-20 10:55:42,386: DEBUG: Proxy-State: ['3237,3134']
2013-11-20 10:55:42,386: DEBUG: Framed-IP-Address: ['10.254.246.114']
2013-11-20 10:55:42,386: DEBUG: GoGo-Airline: [u'BA01']
2013-11-20 10:55:42,386: DEBUG: Acct-Session-Id: [u'AAATestNAS_241-1384925142385-00163E0BD735-3']
2013-11-20 10:55:42,386: DEBUG: GoGo-Tail-Number: [u'AAATestNAS_241']
2013-11-20 10:55:42,386: DEBUG: GoGo-Private-IP-Address: ['192.168.1.179']
2013-11-20 10:55:42,386: DEBUG: WISPr-Location-ID: [u'airline=BA01,tail=01009,network=']
2013-11-20 10:55:42,386: DEBUG: WISPr-Location-Name: [u'TEST LLC,BA01_01009']
2013-11-20 10:55:42,386: DEBUG: NAS-Port-Type: ['Wireless-802.11']
2013-11-20 10:55:42,387: DEBUG: Called-Station-Id: [u'00:16:3E:0B:D7:35']
2013-11-20 10:55:42,387: DEBUG: Calling-Station-Id: [u'19:21:31:41:52:23']
2013-11-20 10:55:42,388: DEBUG: 

2013-11-20 10:55:42,388: DEBUG: Received response with code: 2, Accepted
2013-11-20 10:55:42,388: DEBUG: 

2013-11-20 10:55:42,388: DEBUG: Creating Accounting start Request with the following Attributes:
2013-11-20 10:55:42,388: DEBUG: NAS-Identifier: [u'C08386']
2013-11-20 10:55:42,388: DEBUG: User-Name: [u'username66@airborne.aircell.com']
2013-11-20 10:55:42,388: DEBUG: GoGo-Tail-Number: [u'AAATestNAS_241']
2013-11-20 10:55:42,388: DEBUG: NAS-IP-Address: ['10.254.246.1']
2013-11-20 10:55:42,388: DEBUG: Proxy-State: ['3239,3131']
2013-11-20 10:55:42,388: DEBUG: Acct-Status-Type: ['Start']
2013-11-20 10:55:42,388: DEBUG: GoGo-Airline: [u'BA01']
2013-11-20 10:55:42,388: DEBUG: Acct-Session-Id: [u'AAATestNAS_241-1384925142385-00163E0BD735-3']
2013-11-20 10:55:42,389: DEBUG: GoGo-Private-IP-Address: ['192.168.1.179']
2013-11-20 10:55:42,389: DEBUG: Framed-IP-Address: ['10.254.246.114']
2013-11-20 10:55:42,389: DEBUG: WISPr-Location-ID: [u'airline=BA01,tail=01009,network=']
2013-11-20 10:55:42,389: DEBUG: WISPr-Location-Name: [u'TEST LLC,BA01_01009']
2013-11-20 10:55:42,389: DEBUG: NAS-Port-Type: ['Wireless-802.11']
2013-11-20 10:55:42,389: DEBUG: Called-Station-Id: [u'00:16:3E:0B:D7:35']
2013-11-20 10:55:42,389: DEBUG: Calling-Station-Id: [u'19:21:31:41:52:23']
2013-11-20 10:55:42,390: DEBUG: 

2013-11-20 10:55:42,390: DEBUG: Received response with following attributes:
2013-11-20 10:55:52,391: DEBUG: 

2013-11-20 10:55:52,392: DEBUG: Creating Accounting Update Request with the following Attributes:
2013-11-20 10:55:52,392: DEBUG: User-Name: [u'username66@airborne.aircell.com']
2013-11-20 10:55:52,392: DEBUG: GoGo-Tail-Number: [u'AAATestNAS_241']
2013-11-20 10:55:52,392: DEBUG: Acct-Output-Octets: [4134769]
2013-11-20 10:55:52,392: DEBUG: NAS-IP-Address: ['10.254.246.1']
2013-11-20 10:55:52,392: DEBUG: GoGo-Total-Output-Gigawords: [0]
2013-11-20 10:55:52,392: DEBUG: Framed-IP-Address: ['10.254.246.114']
2013-11-20 10:55:52,392: DEBUG: GoGo-Total-Input-Voice-Gigawords: [0]
2013-11-20 10:55:52,392: DEBUG: GoGo-Total-Output-Octets: [4134769]
2013-11-20 10:55:52,392: DEBUG: GoGo-Acct-Input-Voice-Octets: [0]
2013-11-20 10:55:52,392: DEBUG: GoGo-Total-Input-Voice-Packets: [0]
2013-11-20 10:55:52,392: DEBUG: Called-Station-Id: [u'00:16:3E:0B:D7:35']
2013-11-20 10:55:52,393: DEBUG: WISPr-Location-Name: [u'TEST LLC,BA01_01009']
2013-11-20 10:55:52,393: DEBUG: NAS-Identifier: [u'C08386']
2013-11-20 10:55:52,393: DEBUG: Proxy-State: ['3330,3132']
2013-11-20 10:55:52,393: DEBUG: GoGo-Total-Input-Voice-Octets: [0]
2013-11-20 10:55:52,393: DEBUG: Acct-Status-Type: ['Interim-Update']
2013-11-20 10:55:52,393: DEBUG: GoGo-Total-Output-Voice-Gigawords: [0]
2013-11-20 10:55:52,393: DEBUG: GoGo-Airline: [u'BA01']
2013-11-20 10:55:52,393: DEBUG: Acct-Session-Id: [u'AAATestNAS_241-1384925142385-00163E0BD735-3']
2013-11-20 10:55:52,393: DEBUG: Acct-Session-Time: [10]
2013-11-20 10:55:52,393: DEBUG: Acct-Input-Packets: [47627]
2013-11-20 10:55:52,393: DEBUG: Acct-Output-Packets: [40561]
2013-11-20 10:55:52,393: DEBUG: GoGo-Acct-Output-Voice-Packets: [0]
2013-11-20 10:55:52,393: DEBUG: GoGo-Acct-Output-Voice-Octets: [0]
2013-11-20 10:55:52,393: DEBUG: Acct-Output-Gigawords: [0]
2013-11-20 10:55:52,394: DEBUG: GoGo-Total-Output-Voice-Packets: [0]
2013-11-20 10:55:52,394: DEBUG: Acct-Input-Gigawords: [0]
2013-11-20 10:55:52,394: DEBUG: Calling-Station-Id: [u'19:21:31:41:52:23']
2013-11-20 10:55:52,394: DEBUG: NAS-Port-Type: ['Wireless-802.11']
2013-11-20 10:55:52,394: DEBUG: GoGo-Total-Output-Voice-Octets: [0]
2013-11-20 10:55:52,394: DEBUG: GoGo-Private-IP-Address: ['192.168.1.179']
2013-11-20 10:55:52,394: DEBUG: GoGo-Acct-Input-Voice-Gigawords: [0]
2013-11-20 10:55:52,394: DEBUG: GoGo-Total-Input-Packets: [47627]
2013-11-20 10:55:52,394: DEBUG: GoGo-Total-Input-Gigawords: [0]
2013-11-20 10:55:52,394: DEBUG: GoGo-Acct-Input-Voice-Packets: [0]
2013-11-20 10:55:52,394: DEBUG: GoGo-Total-Input-Octets: [5891904]
2013-11-20 10:55:52,394: DEBUG: GoGo-Total-Output-Packets: [40561]
2013-11-20 10:55:52,394: DEBUG: WISPr-Location-ID: [u'airline=BA01,tail=01009,network=']
2013-11-20 10:55:52,394: DEBUG: GoGo-Acct-Output-Voice-Gigawords: [0]
2013-11-20 10:55:52,395: DEBUG: Acct-Input-Octets: [5891904]
2013-11-20 10:55:52,396: DEBUG: 

2013-11-20 10:55:52,396: DEBUG: Received response with following attributes:
2013-11-20 10:56:02,397: DEBUG: 

2013-11-20 10:56:02,398: DEBUG: Creating Accounting Update Request with the following Attributes:
2013-11-20 10:56:02,398: DEBUG: User-Name: [u'username66@airborne.aircell.com']
2013-11-20 10:56:02,398: DEBUG: GoGo-Tail-Number: [u'AAATestNAS_241']
2013-11-20 10:56:02,398: DEBUG: Acct-Output-Octets: [8470510]
2013-11-20 10:56:02,398: DEBUG: NAS-IP-Address: ['10.254.246.1']
2013-11-20 10:56:02,398: DEBUG: GoGo-Total-Output-Gigawords: [0]
2013-11-20 10:56:02,398: DEBUG: Framed-IP-Address: ['10.254.246.114']
2013-11-20 10:56:02,398: DEBUG: GoGo-Total-Input-Voice-Gigawords: [0]
2013-11-20 10:56:02,398: DEBUG: GoGo-Total-Output-Octets: [8470510]
2013-11-20 10:56:02,398: DEBUG: GoGo-Acct-Input-Voice-Octets: [0]
2013-11-20 10:56:02,398: DEBUG: GoGo-Total-Input-Voice-Packets: [0]
2013-11-20 10:56:02,398: DEBUG: Called-Station-Id: [u'00:16:3E:0B:D7:35']
2013-11-20 10:56:02,399: DEBUG: WISPr-Location-Name: [u'TEST LLC,BA01_01009']
2013-11-20 10:56:02,399: DEBUG: NAS-Identifier: [u'C08386']
2013-11-20 10:56:02,399: DEBUG: Proxy-State: ['3330,3132']
2013-11-20 10:56:02,399: DEBUG: GoGo-Total-Input-Voice-Octets: [0]
2013-11-20 10:56:02,399: DEBUG: Acct-Status-Type: ['Interim-Update']
2013-11-20 10:56:02,399: DEBUG: GoGo-Total-Output-Voice-Gigawords: [0]
2013-11-20 10:56:02,399: DEBUG: GoGo-Airline: [u'BA01']
2013-11-20 10:56:02,399: DEBUG: Acct-Session-Id: [u'AAATestNAS_241-1384925142385-00163E0BD735-3']
2013-11-20 10:56:02,399: DEBUG: Acct-Session-Time: [10]
2013-11-20 10:56:02,399: DEBUG: Acct-Input-Packets: [25820]
2013-11-20 10:56:02,399: DEBUG: Acct-Output-Packets: [74991]
2013-11-20 10:56:02,399: DEBUG: GoGo-Acct-Output-Voice-Packets: [0]
2013-11-20 10:56:02,399: DEBUG: GoGo-Acct-Output-Voice-Octets: [0]
2013-11-20 10:56:02,400: DEBUG: Acct-Output-Gigawords: [0]
2013-11-20 10:56:02,400: DEBUG: GoGo-Total-Output-Voice-Packets: [0]
2013-11-20 10:56:02,400: DEBUG: Acct-Input-Gigawords: [0]
2013-11-20 10:56:02,400: DEBUG: Calling-Station-Id: [u'19:21:31:41:52:23']
2013-11-20 10:56:02,400: DEBUG: NAS-Port-Type: ['Wireless-802.11']
2013-11-20 10:56:02,400: DEBUG: GoGo-Total-Output-Voice-Octets: [0]
2013-11-20 10:56:02,400: DEBUG: GoGo-Private-IP-Address: ['192.168.1.179']
2013-11-20 10:56:02,400: DEBUG: GoGo-Acct-Input-Voice-Gigawords: [0]
2013-11-20 10:56:02,400: DEBUG: GoGo-Total-Input-Packets: [25820]
2013-11-20 10:56:02,400: DEBUG: GoGo-Total-Input-Gigawords: [0]
2013-11-20 10:56:02,400: DEBUG: GoGo-Acct-Input-Voice-Packets: [0]
2013-11-20 10:56:02,400: DEBUG: GoGo-Total-Input-Octets: [6176036]
2013-11-20 10:56:02,400: DEBUG: GoGo-Total-Output-Packets: [74991]
2013-11-20 10:56:02,400: DEBUG: WISPr-Location-ID: [u'airline=BA01,tail=01009,network=']
2013-11-20 10:56:02,401: DEBUG: GoGo-Acct-Output-Voice-Gigawords: [0]
2013-11-20 10:56:02,401: DEBUG: Acct-Input-Octets: [6176036]
2013-11-20 10:56:02,402: DEBUG: 

2013-11-20 10:56:02,403: DEBUG: Received response with following attributes:
2013-11-20 10:56:12,404: DEBUG: 

2013-11-20 10:56:12,404: DEBUG: Creating Accounting Update Request with the following Attributes:
2013-11-20 10:56:12,404: DEBUG: User-Name: [u'username66@airborne.aircell.com']
2013-11-20 10:56:12,404: DEBUG: GoGo-Tail-Number: [u'AAATestNAS_241']
2013-11-20 10:56:12,405: DEBUG: Acct-Output-Octets: [3769984]
2013-11-20 10:56:12,405: DEBUG: NAS-IP-Address: ['10.254.246.1']
2013-11-20 10:56:12,405: DEBUG: GoGo-Total-Output-Gigawords: [0]
2013-11-20 10:56:12,405: DEBUG: Framed-IP-Address: ['10.254.246.114']
2013-11-20 10:56:12,405: DEBUG: GoGo-Total-Input-Voice-Gigawords: [0]
2013-11-20 10:56:12,405: DEBUG: GoGo-Total-Output-Octets: [3769984]
2013-11-20 10:56:12,405: DEBUG: GoGo-Acct-Input-Voice-Octets: [0]
2013-11-20 10:56:12,405: DEBUG: GoGo-Total-Input-Voice-Packets: [0]
2013-11-20 10:56:12,405: DEBUG: Called-Station-Id: [u'00:16:3E:0B:D7:35']
2013-11-20 10:56:12,405: DEBUG: WISPr-Location-Name: [u'TEST LLC,BA01_01009']
2013-11-20 10:56:12,405: DEBUG: NAS-Identifier: [u'C08386']
2013-11-20 10:56:12,405: DEBUG: Proxy-State: ['3330,3132']
2013-11-20 10:56:12,405: DEBUG: GoGo-Total-Input-Voice-Octets: [0]
2013-11-20 10:56:12,405: DEBUG: Acct-Status-Type: ['Interim-Update']
2013-11-20 10:56:12,405: DEBUG: GoGo-Total-Output-Voice-Gigawords: [0]
2013-11-20 10:56:12,406: DEBUG: GoGo-Airline: [u'BA01']
2013-11-20 10:56:12,406: DEBUG: Acct-Session-Id: [u'AAATestNAS_241-1384925142385-00163E0BD735-3']
2013-11-20 10:56:12,406: DEBUG: Acct-Session-Time: [10]
2013-11-20 10:56:12,406: DEBUG: Acct-Input-Packets: [15315]
2013-11-20 10:56:12,406: DEBUG: Acct-Output-Packets: [13713]
2013-11-20 10:56:12,406: DEBUG: GoGo-Acct-Output-Voice-Packets: [0]
2013-11-20 10:56:12,406: DEBUG: GoGo-Acct-Output-Voice-Octets: [0]
2013-11-20 10:56:12,406: DEBUG: Acct-Output-Gigawords: [0]
2013-11-20 10:56:12,406: DEBUG: GoGo-Total-Output-Voice-Packets: [0]
2013-11-20 10:56:12,406: DEBUG: Acct-Input-Gigawords: [0]
2013-11-20 10:56:12,406: DEBUG: Calling-Station-Id: [u'19:21:31:41:52:23']
2013-11-20 10:56:12,406: DEBUG: NAS-Port-Type: ['Wireless-802.11']
2013-11-20 10:56:12,406: DEBUG: GoGo-Total-Output-Voice-Octets: [0]
2013-11-20 10:56:12,406: DEBUG: GoGo-Private-IP-Address: ['192.168.1.179']
2013-11-20 10:56:12,407: DEBUG: GoGo-Acct-Input-Voice-Gigawords: [0]
2013-11-20 10:56:12,407: DEBUG: GoGo-Total-Input-Packets: [15315]
2013-11-20 10:56:12,407: DEBUG: GoGo-Total-Input-Gigawords: [0]
2013-11-20 10:56:12,407: DEBUG: GoGo-Acct-Input-Voice-Packets: [0]
2013-11-20 10:56:12,407: DEBUG: GoGo-Total-Input-Octets: [4291373]
2013-11-20 10:56:12,407: DEBUG: GoGo-Total-Output-Packets: [13713]
2013-11-20 10:56:12,407: DEBUG: WISPr-Location-ID: [u'airline=BA01,tail=01009,network=']
2013-11-20 10:56:12,407: DEBUG: GoGo-Acct-Output-Voice-Gigawords: [0]
2013-11-20 10:56:12,407: DEBUG: Acct-Input-Octets: [4291373]
2013-11-20 10:56:12,409: DEBUG: 

2013-11-20 10:56:12,409: DEBUG: Received response with following attributes:
2013-11-20 10:56:22,410: DEBUG: 

2013-11-20 10:56:22,410: DEBUG: Creating Accounting Update Request with the following Attributes:
2013-11-20 10:56:22,410: DEBUG: User-Name: [u'username66@airborne.aircell.com']
2013-11-20 10:56:22,411: DEBUG: GoGo-Tail-Number: [u'AAATestNAS_241']
2013-11-20 10:56:22,411: DEBUG: Acct-Output-Octets: [7568959]
2013-11-20 10:56:22,411: DEBUG: NAS-IP-Address: ['10.254.246.1']
2013-11-20 10:56:22,411: DEBUG: GoGo-Total-Output-Gigawords: [0]
2013-11-20 10:56:22,411: DEBUG: Framed-IP-Address: ['10.254.246.114']
2013-11-20 10:56:22,411: DEBUG: GoGo-Total-Input-Voice-Gigawords: [0]
2013-11-20 10:56:22,411: DEBUG: GoGo-Total-Output-Octets: [7568959]
2013-11-20 10:56:22,411: DEBUG: GoGo-Acct-Input-Voice-Octets: [0]
2013-11-20 10:56:22,411: DEBUG: GoGo-Total-Input-Voice-Packets: [0]
2013-11-20 10:56:22,411: DEBUG: Called-Station-Id: [u'00:16:3E:0B:D7:35']
2013-11-20 10:56:22,411: DEBUG: WISPr-Location-Name: [u'TEST LLC,BA01_01009']
2013-11-20 10:56:22,411: DEBUG: NAS-Identifier: [u'C08386']
2013-11-20 10:56:22,411: DEBUG: Proxy-State: ['3330,3132']
2013-11-20 10:56:22,412: DEBUG: GoGo-Total-Input-Voice-Octets: [0]
2013-11-20 10:56:22,412: DEBUG: Acct-Status-Type: ['Interim-Update']
2013-11-20 10:56:22,412: DEBUG: GoGo-Total-Output-Voice-Gigawords: [0]
2013-11-20 10:56:22,412: DEBUG: GoGo-Airline: [u'BA01']
2013-11-20 10:56:22,412: DEBUG: Acct-Session-Id: [u'AAATestNAS_241-1384925142385-00163E0BD735-3']
2013-11-20 10:56:22,412: DEBUG: Acct-Session-Time: [10]
2013-11-20 10:56:22,412: DEBUG: Acct-Input-Packets: [33165]
2013-11-20 10:56:22,412: DEBUG: Acct-Output-Packets: [63062]
2013-11-20 10:56:22,412: DEBUG: GoGo-Acct-Output-Voice-Packets: [0]
2013-11-20 10:56:22,412: DEBUG: GoGo-Acct-Output-Voice-Octets: [0]
2013-11-20 10:56:22,412: DEBUG: Acct-Output-Gigawords: [0]
2013-11-20 10:56:22,412: DEBUG: GoGo-Total-Output-Voice-Packets: [0]
2013-11-20 10:56:22,412: DEBUG: Acct-Input-Gigawords: [0]
2013-11-20 10:56:22,412: DEBUG: Calling-Station-Id: [u'19:21:31:41:52:23']
2013-11-20 10:56:22,412: DEBUG: NAS-Port-Type: ['Wireless-802.11']
2013-11-20 10:56:22,413: DEBUG: GoGo-Total-Output-Voice-Octets: [0]
2013-11-20 10:56:22,413: DEBUG: GoGo-Private-IP-Address: ['192.168.1.179']
2013-11-20 10:56:22,413: DEBUG: GoGo-Acct-Input-Voice-Gigawords: [0]
2013-11-20 10:56:22,413: DEBUG: GoGo-Total-Input-Packets: [33165]
2013-11-20 10:56:22,413: DEBUG: GoGo-Total-Input-Gigawords: [0]
2013-11-20 10:56:22,413: DEBUG: GoGo-Acct-Input-Voice-Packets: [0]
2013-11-20 10:56:22,413: DEBUG: GoGo-Total-Input-Octets: [9388036]
2013-11-20 10:56:22,413: DEBUG: GoGo-Total-Output-Packets: [63062]
2013-11-20 10:56:22,413: DEBUG: WISPr-Location-ID: [u'airline=BA01,tail=01009,network=']
2013-11-20 10:56:22,413: DEBUG: GoGo-Acct-Output-Voice-Gigawords: [0]
2013-11-20 10:56:22,413: DEBUG: Acct-Input-Octets: [9388036]
2013-11-20 10:56:22,415: DEBUG: 

2013-11-20 10:56:22,415: DEBUG: Received response with following attributes:
2013-11-20 10:56:32,416: DEBUG: 

2013-11-20 10:56:32,417: DEBUG: Creating Accounting Update Request with the following Attributes:
2013-11-20 10:56:32,417: DEBUG: User-Name: [u'username66@airborne.aircell.com']
2013-11-20 10:56:32,417: DEBUG: GoGo-Tail-Number: [u'AAATestNAS_241']
2013-11-20 10:56:32,417: DEBUG: Acct-Output-Octets: [6056219]
2013-11-20 10:56:32,417: DEBUG: NAS-IP-Address: ['10.254.246.1']
2013-11-20 10:56:32,418: DEBUG: GoGo-Total-Output-Gigawords: [0]
2013-11-20 10:56:32,418: DEBUG: Framed-IP-Address: ['10.254.246.114']
2013-11-20 10:56:32,418: DEBUG: GoGo-Total-Input-Voice-Gigawords: [0]
2013-11-20 10:56:32,418: DEBUG: GoGo-Total-Output-Octets: [6056219]
2013-11-20 10:56:32,418: DEBUG: GoGo-Acct-Input-Voice-Octets: [0]
2013-11-20 10:56:32,418: DEBUG: GoGo-Total-Input-Voice-Packets: [0]
2013-11-20 10:56:32,418: DEBUG: Called-Station-Id: [u'00:16:3E:0B:D7:35']
2013-11-20 10:56:32,418: DEBUG: WISPr-Location-Name: [u'TEST LLC,BA01_01009']
2013-11-20 10:56:32,419: DEBUG: NAS-Identifier: [u'C08386']
2013-11-20 10:56:32,419: DEBUG: Proxy-State: ['3330,3132']
2013-11-20 10:56:32,419: DEBUG: GoGo-Total-Input-Voice-Octets: [0]
2013-11-20 10:56:32,419: DEBUG: Acct-Status-Type: ['Interim-Update']
2013-11-20 10:56:32,419: DEBUG: GoGo-Total-Output-Voice-Gigawords: [0]
2013-11-20 10:56:32,419: DEBUG: GoGo-Airline: [u'BA01']
2013-11-20 10:56:32,419: DEBUG: Acct-Session-Id: [u'AAATestNAS_241-1384925142385-00163E0BD735-3']
2013-11-20 10:56:32,419: DEBUG: Acct-Session-Time: [10]
2013-11-20 10:56:32,419: DEBUG: Acct-Input-Packets: [32532]
2013-11-20 10:56:32,420: DEBUG: Acct-Output-Packets: [59241]
2013-11-20 10:56:32,420: DEBUG: GoGo-Acct-Output-Voice-Packets: [0]
2013-11-20 10:56:32,420: DEBUG: GoGo-Acct-Output-Voice-Octets: [0]
2013-11-20 10:56:32,420: DEBUG: Acct-Output-Gigawords: [0]
2013-11-20 10:56:32,420: DEBUG: GoGo-Total-Output-Voice-Packets: [0]
2013-11-20 10:56:32,420: DEBUG: Acct-Input-Gigawords: [0]
2013-11-20 10:56:32,420: DEBUG: Calling-Station-Id: [u'19:21:31:41:52:23']
2013-11-20 10:56:32,420: DEBUG: NAS-Port-Type: ['Wireless-802.11']
2013-11-20 10:56:32,421: DEBUG: GoGo-Total-Output-Voice-Octets: [0]
2013-11-20 10:56:32,421: DEBUG: GoGo-Private-IP-Address: ['192.168.1.179']
2013-11-20 10:56:32,421: DEBUG: GoGo-Acct-Input-Voice-Gigawords: [0]
2013-11-20 10:56:32,421: DEBUG: GoGo-Total-Input-Packets: [32532]
2013-11-20 10:56:32,421: DEBUG: GoGo-Total-Input-Gigawords: [0]
2013-11-20 10:56:32,421: DEBUG: GoGo-Acct-Input-Voice-Packets: [0]
2013-11-20 10:56:32,421: DEBUG: GoGo-Total-Input-Octets: [9996930]
2013-11-20 10:56:32,421: DEBUG: GoGo-Total-Output-Packets: [59241]
2013-11-20 10:56:32,421: DEBUG: WISPr-Location-ID: [u'airline=BA01,tail=01009,network=']
2013-11-20 10:56:32,422: DEBUG: GoGo-Acct-Output-Voice-Gigawords: [0]
2013-11-20 10:56:32,422: DEBUG: Acct-Input-Octets: [9996930]
2013-11-20 10:56:32,424: DEBUG: 

2013-11-20 10:56:32,424: DEBUG: Received response with following attributes:
2013-11-20 10:56:42,425: DEBUG: 

2013-11-20 10:56:42,425: DEBUG: Creating Accounting Update Request with the following Attributes:
2013-11-20 10:56:42,425: DEBUG: User-Name: [u'username66@airborne.aircell.com']
2013-11-20 10:56:42,426: DEBUG: GoGo-Tail-Number: [u'AAATestNAS_241']
2013-11-20 10:56:42,426: DEBUG: Acct-Output-Octets: [6366712]
2013-11-20 10:56:42,426: DEBUG: NAS-IP-Address: ['10.254.246.1']
2013-11-20 10:56:42,426: DEBUG: GoGo-Total-Output-Gigawords: [0]
2013-11-20 10:56:42,426: DEBUG: Framed-IP-Address: ['10.254.246.114']
2013-11-20 10:56:42,426: DEBUG: GoGo-Total-Input-Voice-Gigawords: [0]
2013-11-20 10:56:42,426: DEBUG: GoGo-Total-Output-Octets: [6366712]
2013-11-20 10:56:42,426: DEBUG: GoGo-Acct-Input-Voice-Octets: [0]
2013-11-20 10:56:42,426: DEBUG: GoGo-Total-Input-Voice-Packets: [0]
2013-11-20 10:56:42,426: DEBUG: Called-Station-Id: [u'00:16:3E:0B:D7:35']
2013-11-20 10:56:42,426: DEBUG: WISPr-Location-Name: [u'TEST LLC,BA01_01009']
2013-11-20 10:56:42,426: DEBUG: NAS-Identifier: [u'C08386']
2013-11-20 10:56:42,426: DEBUG: Proxy-State: ['3330,3132']
2013-11-20 10:56:42,426: DEBUG: GoGo-Total-Input-Voice-Octets: [0]
2013-11-20 10:56:42,427: DEBUG: Acct-Status-Type: ['Interim-Update']
2013-11-20 10:56:42,427: DEBUG: GoGo-Total-Output-Voice-Gigawords: [0]
2013-11-20 10:56:42,427: DEBUG: GoGo-Airline: [u'BA01']
2013-11-20 10:56:42,427: DEBUG: Acct-Session-Id: [u'AAATestNAS_241-1384925142385-00163E0BD735-3']
2013-11-20 10:56:42,427: DEBUG: Acct-Session-Time: [10]
2013-11-20 10:56:42,427: DEBUG: Acct-Input-Packets: [11112]
2013-11-20 10:56:42,427: DEBUG: Acct-Output-Packets: [49615]
2013-11-20 10:56:42,427: DEBUG: GoGo-Acct-Output-Voice-Packets: [0]
2013-11-20 10:56:42,427: DEBUG: GoGo-Acct-Output-Voice-Octets: [0]
2013-11-20 10:56:42,427: DEBUG: Acct-Output-Gigawords: [0]
2013-11-20 10:56:42,427: DEBUG: GoGo-Total-Output-Voice-Packets: [0]
2013-11-20 10:56:42,427: DEBUG: Acct-Input-Gigawords: [0]
2013-11-20 10:56:42,427: DEBUG: Calling-Station-Id: [u'19:21:31:41:52:23']
2013-11-20 10:56:42,427: DEBUG: NAS-Port-Type: ['Wireless-802.11']
2013-11-20 10:56:42,428: DEBUG: GoGo-Total-Output-Voice-Octets: [0]
2013-11-20 10:56:42,428: DEBUG: GoGo-Private-IP-Address: ['192.168.1.179']
2013-11-20 10:56:42,428: DEBUG: GoGo-Acct-Input-Voice-Gigawords: [0]
2013-11-20 10:56:42,428: DEBUG: GoGo-Total-Input-Packets: [11112]
2013-11-20 10:56:42,428: DEBUG: GoGo-Total-Input-Gigawords: [0]
2013-11-20 10:56:42,428: DEBUG: GoGo-Acct-Input-Voice-Packets: [0]
2013-11-20 10:56:42,428: DEBUG: GoGo-Total-Input-Octets: [1548202]
2013-11-20 10:56:42,428: DEBUG: GoGo-Total-Output-Packets: [49615]
2013-11-20 10:56:42,428: DEBUG: WISPr-Location-ID: [u'airline=BA01,tail=01009,network=']
2013-11-20 10:56:42,428: DEBUG: GoGo-Acct-Output-Voice-Gigawords: [0]
2013-11-20 10:56:42,428: DEBUG: Acct-Input-Octets: [1548202]
2013-11-20 10:56:42,430: DEBUG: 

2013-11-20 10:56:42,430: DEBUG: Received response with following attributes:
2013-11-20 10:56:52,431: DEBUG: 

2013-11-20 10:56:52,432: DEBUG: Creating Accounting Update Request with the following Attributes:
2013-11-20 10:56:52,432: DEBUG: User-Name: [u'username66@airborne.aircell.com']
2013-11-20 10:56:52,432: DEBUG: GoGo-Tail-Number: [u'AAATestNAS_241']
2013-11-20 10:56:52,432: DEBUG: Acct-Output-Octets: [1856305]
2013-11-20 10:56:52,432: DEBUG: NAS-IP-Address: ['10.254.246.1']
2013-11-20 10:56:52,432: DEBUG: GoGo-Total-Output-Gigawords: [0]
2013-11-20 10:56:52,432: DEBUG: Framed-IP-Address: ['10.254.246.114']
2013-11-20 10:56:52,432: DEBUG: GoGo-Total-Input-Voice-Gigawords: [0]
2013-11-20 10:56:52,432: DEBUG: GoGo-Total-Output-Octets: [1856305]
2013-11-20 10:56:52,432: DEBUG: GoGo-Acct-Input-Voice-Octets: [0]
2013-11-20 10:56:52,432: DEBUG: GoGo-Total-Input-Voice-Packets: [0]
2013-11-20 10:56:52,433: DEBUG: Called-Station-Id: [u'00:16:3E:0B:D7:35']
2013-11-20 10:56:52,433: DEBUG: WISPr-Location-Name: [u'TEST LLC,BA01_01009']
2013-11-20 10:56:52,433: DEBUG: NAS-Identifier: [u'C08386']
2013-11-20 10:56:52,433: DEBUG: Proxy-State: ['3330,3132']
2013-11-20 10:56:52,433: DEBUG: GoGo-Total-Input-Voice-Octets: [0]
2013-11-20 10:56:52,433: DEBUG: Acct-Status-Type: ['Interim-Update']
2013-11-20 10:56:52,433: DEBUG: GoGo-Total-Output-Voice-Gigawords: [0]
2013-11-20 10:56:52,433: DEBUG: GoGo-Airline: [u'BA01']
2013-11-20 10:56:52,433: DEBUG: Acct-Session-Id: [u'AAATestNAS_241-1384925142385-00163E0BD735-3']
2013-11-20 10:56:52,433: DEBUG: Acct-Session-Time: [10]
2013-11-20 10:56:52,433: DEBUG: Acct-Input-Packets: [64191]
2013-11-20 10:56:52,433: DEBUG: Acct-Output-Packets: [17862]
2013-11-20 10:56:52,433: DEBUG: GoGo-Acct-Output-Voice-Packets: [0]
2013-11-20 10:56:52,433: DEBUG: GoGo-Acct-Output-Voice-Octets: [0]
2013-11-20 10:56:52,433: DEBUG: Acct-Output-Gigawords: [0]
2013-11-20 10:56:52,433: DEBUG: GoGo-Total-Output-Voice-Packets: [0]
2013-11-20 10:56:52,434: DEBUG: Acct-Input-Gigawords: [0]
2013-11-20 10:56:52,434: DEBUG: Calling-Station-Id: [u'19:21:31:41:52:23']
2013-11-20 10:56:52,434: DEBUG: NAS-Port-Type: ['Wireless-802.11']
2013-11-20 10:56:52,434: DEBUG: GoGo-Total-Output-Voice-Octets: [0]
2013-11-20 10:56:52,434: DEBUG: GoGo-Private-IP-Address: ['192.168.1.179']
2013-11-20 10:56:52,434: DEBUG: GoGo-Acct-Input-Voice-Gigawords: [0]
2013-11-20 10:56:52,434: DEBUG: GoGo-Total-Input-Packets: [64191]
2013-11-20 10:56:52,434: DEBUG: GoGo-Total-Input-Gigawords: [0]
2013-11-20 10:56:52,434: DEBUG: GoGo-Acct-Input-Voice-Packets: [0]
2013-11-20 10:56:52,434: DEBUG: GoGo-Total-Input-Octets: [6502209]
2013-11-20 10:56:52,434: DEBUG: GoGo-Total-Output-Packets: [17862]
2013-11-20 10:56:52,434: DEBUG: WISPr-Location-ID: [u'airline=BA01,tail=01009,network=']
2013-11-20 10:56:52,434: DEBUG: GoGo-Acct-Output-Voice-Gigawords: [0]
2013-11-20 10:56:52,434: DEBUG: Acct-Input-Octets: [6502209]
2013-11-20 10:56:52,436: DEBUG: 

2013-11-20 10:56:52,436: DEBUG: Received response with following attributes:
2013-11-20 10:57:02,437: DEBUG: 

2013-11-20 10:57:02,438: DEBUG: Creating Accounting Update Request with the following Attributes:
2013-11-20 10:57:02,438: DEBUG: User-Name: [u'username66@airborne.aircell.com']
2013-11-20 10:57:02,438: DEBUG: GoGo-Tail-Number: [u'AAATestNAS_241']
2013-11-20 10:57:02,438: DEBUG: Acct-Output-Octets: [3244686]
2013-11-20 10:57:02,438: DEBUG: NAS-IP-Address: ['10.254.246.1']
2013-11-20 10:57:02,438: DEBUG: GoGo-Total-Output-Gigawords: [0]
2013-11-20 10:57:02,438: DEBUG: Framed-IP-Address: ['10.254.246.114']
2013-11-20 10:57:02,439: DEBUG: GoGo-Total-Input-Voice-Gigawords: [0]
2013-11-20 10:57:02,439: DEBUG: GoGo-Total-Output-Octets: [3244686]
2013-11-20 10:57:02,439: DEBUG: GoGo-Acct-Input-Voice-Octets: [0]
2013-11-20 10:57:02,439: DEBUG: GoGo-Total-Input-Voice-Packets: [0]
2013-11-20 10:57:02,439: DEBUG: Called-Station-Id: [u'00:16:3E:0B:D7:35']
2013-11-20 10:57:02,439: DEBUG: WISPr-Location-Name: [u'TEST LLC,BA01_01009']
2013-11-20 10:57:02,439: DEBUG: NAS-Identifier: [u'C08386']
2013-11-20 10:57:02,439: DEBUG: Proxy-State: ['3330,3132']
2013-11-20 10:57:02,439: DEBUG: GoGo-Total-Input-Voice-Octets: [0]
2013-11-20 10:57:02,439: DEBUG: Acct-Status-Type: ['Interim-Update']
2013-11-20 10:57:02,439: DEBUG: GoGo-Total-Output-Voice-Gigawords: [0]
2013-11-20 10:57:02,440: DEBUG: GoGo-Airline: [u'BA01']
2013-11-20 10:57:02,440: DEBUG: Acct-Session-Id: [u'AAATestNAS_241-1384925142385-00163E0BD735-3']
2013-11-20 10:57:02,440: DEBUG: Acct-Session-Time: [10]
2013-11-20 10:57:02,440: DEBUG: Acct-Input-Packets: [15943]
2013-11-20 10:57:02,440: DEBUG: Acct-Output-Packets: [20128]
2013-11-20 10:57:02,440: DEBUG: GoGo-Acct-Output-Voice-Packets: [0]
2013-11-20 10:57:02,440: DEBUG: GoGo-Acct-Output-Voice-Octets: [0]
2013-11-20 10:57:02,440: DEBUG: Acct-Output-Gigawords: [0]
2013-11-20 10:57:02,440: DEBUG: GoGo-Total-Output-Voice-Packets: [0]
2013-11-20 10:57:02,440: DEBUG: Acct-Input-Gigawords: [0]
2013-11-20 10:57:02,440: DEBUG: Calling-Station-Id: [u'19:21:31:41:52:23']
2013-11-20 10:57:02,440: DEBUG: NAS-Port-Type: ['Wireless-802.11']
2013-11-20 10:57:02,440: DEBUG: GoGo-Total-Output-Voice-Octets: [0]
2013-11-20 10:57:02,441: DEBUG: GoGo-Private-IP-Address: ['192.168.1.179']
2013-11-20 10:57:02,441: DEBUG: GoGo-Acct-Input-Voice-Gigawords: [0]
2013-11-20 10:57:02,441: DEBUG: GoGo-Total-Input-Packets: [15943]
2013-11-20 10:57:02,441: DEBUG: GoGo-Total-Input-Gigawords: [0]
2013-11-20 10:57:02,441: DEBUG: GoGo-Acct-Input-Voice-Packets: [0]
2013-11-20 10:57:02,441: DEBUG: GoGo-Total-Input-Octets: [7144948]
2013-11-20 10:57:02,441: DEBUG: GoGo-Total-Output-Packets: [20128]
2013-11-20 10:57:02,441: DEBUG: WISPr-Location-ID: [u'airline=BA01,tail=01009,network=']
2013-11-20 10:57:02,441: DEBUG: GoGo-Acct-Output-Voice-Gigawords: [0]
2013-11-20 10:57:02,441: DEBUG: Acct-Input-Octets: [7144948]
2013-11-20 10:57:02,443: DEBUG: 

2013-11-20 10:57:02,443: DEBUG: Received response with following attributes:
2013-11-20 10:57:11,444: DEBUG: 

2013-11-20 10:57:11,444: DEBUG: Creating Accounting Update Request with the following Attributes:
2013-11-20 10:57:11,444: DEBUG: User-Name: [u'username66@airborne.aircell.com']
2013-11-20 10:57:11,445: DEBUG: GoGo-Tail-Number: [u'AAATestNAS_241']
2013-11-20 10:57:11,445: DEBUG: Acct-Output-Octets: [3513366]
2013-11-20 10:57:11,445: DEBUG: NAS-IP-Address: ['10.254.246.1']
2013-11-20 10:57:11,445: DEBUG: GoGo-Total-Output-Gigawords: [0]
2013-11-20 10:57:11,445: DEBUG: Framed-IP-Address: ['10.254.246.114']
2013-11-20 10:57:11,445: DEBUG: GoGo-Total-Input-Voice-Gigawords: [0]
2013-11-20 10:57:11,445: DEBUG: GoGo-Total-Output-Octets: [3513366]
2013-11-20 10:57:11,445: DEBUG: GoGo-Acct-Input-Voice-Octets: [0]
2013-11-20 10:57:11,445: DEBUG: GoGo-Total-Input-Voice-Packets: [0]
2013-11-20 10:57:11,445: DEBUG: Called-Station-Id: [u'00:16:3E:0B:D7:35']
2013-11-20 10:57:11,445: DEBUG: WISPr-Location-Name: [u'TEST LLC,BA01_01009']
2013-11-20 10:57:11,446: DEBUG: NAS-Identifier: [u'C08386']
2013-11-20 10:57:11,446: DEBUG: Proxy-State: ['3330,3132']
2013-11-20 10:57:11,446: DEBUG: GoGo-Total-Input-Voice-Octets: [0]
2013-11-20 10:57:11,446: DEBUG: Acct-Status-Type: ['Interim-Update']
2013-11-20 10:57:11,446: DEBUG: GoGo-Total-Output-Voice-Gigawords: [0]
2013-11-20 10:57:11,446: DEBUG: GoGo-Airline: [u'BA01']
2013-11-20 10:57:11,446: DEBUG: Acct-Session-Id: [u'AAATestNAS_241-1384925142385-00163E0BD735-3']
2013-11-20 10:57:11,446: DEBUG: Acct-Session-Time: [9]
2013-11-20 10:57:11,447: DEBUG: Acct-Input-Packets: [12760]
2013-11-20 10:57:11,447: DEBUG: Acct-Output-Packets: [28446]
2013-11-20 10:57:11,447: DEBUG: GoGo-Acct-Output-Voice-Packets: [0]
2013-11-20 10:57:11,447: DEBUG: GoGo-Acct-Output-Voice-Octets: [0]
2013-11-20 10:57:11,447: DEBUG: Acct-Output-Gigawords: [0]
2013-11-20 10:57:11,447: DEBUG: GoGo-Total-Output-Voice-Packets: [0]
2013-11-20 10:57:11,447: DEBUG: Acct-Input-Gigawords: [0]
2013-11-20 10:57:11,447: DEBUG: Calling-Station-Id: [u'19:21:31:41:52:23']
2013-11-20 10:57:11,447: DEBUG: NAS-Port-Type: ['Wireless-802.11']
2013-11-20 10:57:11,447: DEBUG: GoGo-Total-Output-Voice-Octets: [0]
2013-11-20 10:57:11,447: DEBUG: GoGo-Private-IP-Address: ['192.168.1.179']
2013-11-20 10:57:11,447: DEBUG: GoGo-Acct-Input-Voice-Gigawords: [0]
2013-11-20 10:57:11,448: DEBUG: GoGo-Total-Input-Packets: [12760]
2013-11-20 10:57:11,448: DEBUG: GoGo-Total-Input-Gigawords: [0]
2013-11-20 10:57:11,448: DEBUG: GoGo-Acct-Input-Voice-Packets: [0]
2013-11-20 10:57:11,448: DEBUG: GoGo-Total-Input-Octets: [1535853]
2013-11-20 10:57:11,448: DEBUG: GoGo-Total-Output-Packets: [28446]
2013-11-20 10:57:11,448: DEBUG: WISPr-Location-ID: [u'airline=BA01,tail=01009,network=']
2013-11-20 10:57:11,448: DEBUG: GoGo-Acct-Output-Voice-Gigawords: [0]
2013-11-20 10:57:11,448: DEBUG: Acct-Input-Octets: [1535853]
2013-11-20 10:57:11,450: DEBUG: 

2013-11-20 10:57:11,450: DEBUG: Received response with following attributes:
2013-11-20 10:57:21,450: DEBUG: 

2013-11-20 10:57:21,451: DEBUG: Creating Accounting Stop Request with the following Attributes:
2013-11-20 10:57:21,451: DEBUG: User-Name: [u'username66@airborne.aircell.com']
2013-11-20 10:57:21,452: DEBUG: GoGo-Tail-Number: [u'01009']
2013-11-20 10:57:21,452: DEBUG: Acct-Output-Octets: [4153261]
2013-11-20 10:57:21,452: DEBUG: NAS-IP-Address: ['10.254.246.1']
2013-11-20 10:57:21,452: DEBUG: GoGo-Total-Output-Gigawords: [0]
2013-11-20 10:57:21,452: DEBUG: Framed-IP-Address: ['10.254.246.114']
2013-11-20 10:57:21,452: DEBUG: GoGo-Total-Input-Voice-Gigawords: [0]
2013-11-20 10:57:21,452: DEBUG: GoGo-Total-Output-Octets: [4153261]
2013-11-20 10:57:21,452: DEBUG: GoGo-Acct-Input-Voice-Octets: [0]
2013-11-20 10:57:21,453: DEBUG: GoGo-Total-Input-Voice-Packets: [0]
2013-11-20 10:57:21,453: DEBUG: Called-Station-Id: [u'00:16:3E:0B:D7:35']
2013-11-20 10:57:21,453: DEBUG: WISPr-Location-Name: [u'TEST LLC,BA01_01009']
2013-11-20 10:57:21,453: DEBUG: NAS-Identifier: [u'C08386']
2013-11-20 10:57:21,453: DEBUG: Proxy-State: ['3330,3132']
2013-11-20 10:57:21,453: DEBUG: GoGo-Total-Input-Voice-Octets: [0]
2013-11-20 10:57:21,453: DEBUG: Acct-Status-Type: ['Stop']
2013-11-20 10:57:21,453: DEBUG: GoGo-Total-Output-Voice-Gigawords: [0]
2013-11-20 10:57:21,454: DEBUG: GoGo-Airline: [u'BA01']
2013-11-20 10:57:21,454: DEBUG: Acct-Session-Id: [u'AAATestNAS_241-1384925142385-00163E0BD735-3']
2013-11-20 10:57:21,454: DEBUG: Acct-Session-Time: [10]
2013-11-20 10:57:21,454: DEBUG: Acct-Input-Packets: [9598]
2013-11-20 10:57:21,454: DEBUG: Acct-Output-Packets: [25370]
2013-11-20 10:57:21,454: DEBUG: Acct-Terminate-Cause: ['User-Request']
2013-11-20 10:57:21,454: DEBUG: GoGo-Acct-Output-Voice-Octets: [0]
2013-11-20 10:57:21,455: DEBUG: Acct-Output-Gigawords: [0]
2013-11-20 10:57:21,455: DEBUG: GoGo-Total-Output-Voice-Packets: [0]
2013-11-20 10:57:21,455: DEBUG: Acct-Input-Gigawords: [0]
2013-11-20 10:57:21,455: DEBUG: Calling-Station-Id: [u'19:21:31:41:52:23']
2013-11-20 10:57:21,455: DEBUG: NAS-Port-Type: ['Wireless-802.11']
2013-11-20 10:57:21,455: DEBUG: GoGo-Total-Output-Voice-Octets: [0]
2013-11-20 10:57:21,455: DEBUG: GoGo-Private-IP-Address: ['192.168.1.179']
2013-11-20 10:57:21,455: DEBUG: GoGo-Acct-Input-Voice-Gigawords: [0]
2013-11-20 10:57:21,455: DEBUG: GoGo-Total-Input-Packets: [9598]
2013-11-20 10:57:21,455: DEBUG: GoGo-Total-Input-Gigawords: [0]
2013-11-20 10:57:21,455: DEBUG: GoGo-Acct-Input-Voice-Packets: [0]
2013-11-20 10:57:21,456: DEBUG: GoGo-Total-Input-Octets: [1202174]
2013-11-20 10:57:21,456: DEBUG: GoGo-Total-Output-Packets: [25370]
2013-11-20 10:57:21,456: DEBUG: WISPr-Location-ID: [u'airline=BA01,tail=01009,network=']
2013-11-20 10:57:21,456: DEBUG: GoGo-Acct-Output-Voice-Packets: [0]
2013-11-20 10:57:21,456: DEBUG: GoGo-Acct-Output-Voice-Gigawords: [0]
2013-11-20 10:57:21,456: DEBUG: Acct-Input-Octets: [1202174]
2013-11-20 10:57:21,457: DEBUG: 

2013-11-20 10:57:21,458: DEBUG: Received response with following attributes:
2013-11-20 10:57:21,458: DEBUG: Ending the test for this user
2013-11-20 10:57:21,498: DEBUG: Starting the client for the user username66@airborne.aircell.com to the server localhost

2013-11-20 10:57:21,499: DEBUG: DURATION of the TEST: 12
2013-11-20 10:57:21,499: DEBUG: NAS-IP: 10.254.152.1
2013-11-20 10:57:21,499: DEBUG: NAS-MAC-ADDR: 18:21:31:41:52:28
2013-11-20 10:57:21,499: DEBUG: Abruptly End: True
2013-11-20 10:57:21,499: DEBUG: Framed-IP: 10.254.152.22
2013-11-20 10:57:21,499: DEBUG: User-MAC-Addr: 00:16:3E:1A:73:B2
2013-11-20 10:57:21,499: DEBUG: 

2013-11-20 10:57:21,500: DEBUG: Creating Authentication Request with the following Attributes:
2013-11-20 10:57:21,501: DEBUG: NAS-Identifier: [u'C08386']
2013-11-20 10:57:21,501: DEBUG: User-Name: [u'username66@airborne.aircell.com']
2013-11-20 10:57:21,501: DEBUG: NAS-IP-Address: ['10.254.152.1']
2013-11-20 10:57:21,501: DEBUG: Service-Type: ['Authenticate-Only']
2013-11-20 10:57:21,502: DEBUG: Proxy-State: ['3237,3134']
2013-11-20 10:57:21,502: DEBUG: Framed-IP-Address: ['10.254.152.22']
2013-11-20 10:57:21,502: DEBUG: GoGo-Airline: [u'BA01']
2013-11-20 10:57:21,502: DEBUG: Acct-Session-Id: [u'AAATestNAS_147-1384925241500-00163E1A73B2-1']
2013-11-20 10:57:21,502: DEBUG: GoGo-Tail-Number: [u'AAATestNAS_147']
2013-11-20 10:57:21,502: DEBUG: GoGo-Private-IP-Address: ['192.168.1.179']
2013-11-20 10:57:21,502: DEBUG: WISPr-Location-ID: [u'airline=BA01,tail=01009,network=']
2013-11-20 10:57:21,503: DEBUG: WISPr-Location-Name: [u'TEST LLC,BA01_01009']
2013-11-20 10:57:21,503: DEBUG: NAS-Port-Type: ['Wireless-802.11']
2013-11-20 10:57:21,503: DEBUG: Called-Station-Id: [u'00:16:3E:1A:73:B2']
2013-11-20 10:57:21,503: DEBUG: Calling-Station-Id: [u'18:21:31:41:52:28']
2013-11-20 10:57:21,504: DEBUG: 

2013-11-20 10:57:21,504: DEBUG: Received response with code: 2, Accepted
2013-11-20 10:57:21,505: DEBUG: Creating Authentication Request with the following Attributes:
2013-11-20 10:57:21,505: DEBUG: NAS-Identifier: [u'C08386']
2013-11-20 10:57:21,506: DEBUG: User-Name: [u'username66@airborne.aircell.com']
2013-11-20 10:57:21,507: DEBUG: NAS-IP-Address: ['10.254.152.1']
2013-11-20 10:57:21,507: DEBUG: Service-Type: ['Login-User']
2013-11-20 10:57:21,508: DEBUG: Proxy-State: ['3237,3134']
2013-11-20 10:57:21,508: DEBUG: Framed-IP-Address: ['10.254.152.22']
2013-11-20 10:57:21,509: DEBUG: GoGo-Airline: [u'BA01']
2013-11-20 10:57:21,510: DEBUG: Acct-Session-Id: [u'AAATestNAS_147-1384925241504-00163E1A73B2-1']
2013-11-20 10:57:21,510: DEBUG: GoGo-Tail-Number: [u'AAATestNAS_147']
2013-11-20 10:57:21,511: DEBUG: GoGo-Private-IP-Address: ['192.168.1.179']
2013-11-20 10:57:21,511: DEBUG: WISPr-Location-ID: [u'airline=BA01,tail=01009,network=']
2013-11-20 10:57:21,512: DEBUG: WISPr-Location-Name: [u'TEST LLC,BA01_01009']
2013-11-20 10:57:21,513: DEBUG: NAS-Port-Type: ['Wireless-802.11']
2013-11-20 10:57:21,513: DEBUG: Called-Station-Id: [u'00:16:3E:1A:73:B2']
2013-11-20 10:57:21,513: DEBUG: Calling-Station-Id: [u'18:21:31:41:52:28']
2013-11-20 10:57:21,516: DEBUG: 

2013-11-20 10:57:21,517: DEBUG: Received response with code: 2, Accepted
2013-11-20 10:57:21,517: DEBUG: 

2013-11-20 10:57:21,517: DEBUG: Creating Accounting start Request with the following Attributes:
2013-11-20 10:57:21,518: DEBUG: NAS-Identifier: [u'C08386']
2013-11-20 10:57:21,519: DEBUG: User-Name: [u'username66@airborne.aircell.com']
2013-11-20 10:57:21,519: DEBUG: GoGo-Tail-Number: [u'AAATestNAS_147']
2013-11-20 10:57:21,520: DEBUG: NAS-IP-Address: ['10.254.152.1']
2013-11-20 10:57:21,520: DEBUG: Proxy-State: ['3239,3131']
2013-11-20 10:57:21,521: DEBUG: Acct-Status-Type: ['Start']
2013-11-20 10:57:21,521: DEBUG: GoGo-Airline: [u'BA01']
2013-11-20 10:57:21,521: DEBUG: Acct-Session-Id: [u'AAATestNAS_147-1384925241504-00163E1A73B2-1']
2013-11-20 10:57:21,522: DEBUG: GoGo-Private-IP-Address: ['192.168.1.179']
2013-11-20 10:57:21,524: DEBUG: Framed-IP-Address: ['10.254.152.22']
2013-11-20 10:57:21,525: DEBUG: WISPr-Location-ID: [u'airline=BA01,tail=01009,network=']
2013-11-20 10:57:21,526: DEBUG: WISPr-Location-Name: [u'TEST LLC,BA01_01009']
2013-11-20 10:57:21,527: DEBUG: NAS-Port-Type: ['Wireless-802.11']
2013-11-20 10:57:21,527: DEBUG: Called-Station-Id: [u'00:16:3E:1A:73:B2']
2013-11-20 10:57:21,527: DEBUG: Calling-Station-Id: [u'18:21:31:41:52:28']
2013-11-20 10:57:21,529: DEBUG: 

2013-11-20 10:57:21,530: DEBUG: Received response with following attributes:
2013-11-20 10:57:31,532: DEBUG: 

2013-11-20 10:57:31,533: DEBUG: Creating Accounting Update Request with the following Attributes:
2013-11-20 10:57:31,534: DEBUG: User-Name: [u'username66@airborne.aircell.com']
2013-11-20 10:57:31,535: DEBUG: GoGo-Tail-Number: [u'AAATestNAS_147']
2013-11-20 10:57:31,535: DEBUG: Acct-Output-Octets: [4569732]
2013-11-20 10:57:31,536: DEBUG: NAS-IP-Address: ['10.254.152.1']
2013-11-20 10:57:31,536: DEBUG: GoGo-Total-Output-Gigawords: [0]
2013-11-20 10:57:31,537: DEBUG: Framed-IP-Address: ['10.254.152.22']
2013-11-20 10:57:31,537: DEBUG: GoGo-Total-Input-Voice-Gigawords: [0]
2013-11-20 10:57:31,538: DEBUG: GoGo-Total-Output-Octets: [4569732]
2013-11-20 10:57:31,538: DEBUG: GoGo-Acct-Input-Voice-Octets: [0]
2013-11-20 10:57:31,539: DEBUG: GoGo-Total-Input-Voice-Packets: [0]
2013-11-20 10:57:31,540: DEBUG: Called-Station-Id: [u'00:16:3E:1A:73:B2']
2013-11-20 10:57:31,541: DEBUG: WISPr-Location-Name: [u'TEST LLC,BA01_01009']
2013-11-20 10:57:31,541: DEBUG: NAS-Identifier: [u'C08386']
2013-11-20 10:57:31,542: DEBUG: Proxy-State: ['3330,3132']
2013-11-20 10:57:31,543: DEBUG: GoGo-Total-Input-Voice-Octets: [0]
2013-11-20 10:57:31,544: DEBUG: Acct-Status-Type: ['Interim-Update']
2013-11-20 10:57:31,544: DEBUG: GoGo-Total-Output-Voice-Gigawords: [0]
2013-11-20 10:57:31,544: DEBUG: GoGo-Airline: [u'BA01']
2013-11-20 10:57:31,545: DEBUG: Acct-Session-Id: [u'AAATestNAS_147-1384925241504-00163E1A73B2-1']
2013-11-20 10:57:31,546: DEBUG: Acct-Session-Time: [10]
2013-11-20 10:57:31,547: DEBUG: Acct-Input-Packets: [15716]
2013-11-20 10:57:31,547: DEBUG: Acct-Output-Packets: [28882]
2013-11-20 10:57:31,548: DEBUG: GoGo-Acct-Output-Voice-Packets: [0]
2013-11-20 10:57:31,548: DEBUG: GoGo-Acct-Output-Voice-Octets: [0]
2013-11-20 10:57:31,549: DEBUG: Acct-Output-Gigawords: [0]
2013-11-20 10:57:31,549: DEBUG: GoGo-Total-Output-Voice-Packets: [0]
2013-11-20 10:57:31,549: DEBUG: Acct-Input-Gigawords: [0]
2013-11-20 10:57:31,550: DEBUG: Calling-Station-Id: [u'18:21:31:41:52:28']
2013-11-20 10:57:31,550: DEBUG: NAS-Port-Type: ['Wireless-802.11']
2013-11-20 10:57:31,551: DEBUG: GoGo-Total-Output-Voice-Octets: [0]
2013-11-20 10:57:31,551: DEBUG: GoGo-Private-IP-Address: ['192.168.1.179']
2013-11-20 10:57:31,552: DEBUG: GoGo-Acct-Input-Voice-Gigawords: [0]
2013-11-20 10:57:31,552: DEBUG: GoGo-Total-Input-Packets: [15716]
2013-11-20 10:57:31,552: DEBUG: GoGo-Total-Input-Gigawords: [0]
2013-11-20 10:57:31,552: DEBUG: GoGo-Acct-Input-Voice-Packets: [0]
2013-11-20 10:57:31,553: DEBUG: GoGo-Total-Input-Octets: [1778862]
2013-11-20 10:57:31,553: DEBUG: GoGo-Total-Output-Packets: [28882]
2013-11-20 10:57:31,553: DEBUG: WISPr-Location-ID: [u'airline=BA01,tail=01009,network=']
2013-11-20 10:57:31,553: DEBUG: GoGo-Acct-Output-Voice-Gigawords: [0]
2013-11-20 10:57:31,553: DEBUG: Acct-Input-Octets: [1778862]
2013-11-20 10:57:31,553: ERROR: Network error, Reason: 'Network error: Too many open files'
2013-11-20 10:57:53,554: DEBUG: User has abruptly end flag so ending the test with out AcctStop
2013-11-20 10:57:53,555: DEBUG: Ending the test for this user
