2013-11-20 10:56:18,427: DEBUG: Starting the client for the user username57@airborne.aircell.com to the server localhost

2013-11-20 10:56:18,427: DEBUG: DURATION of the TEST: 52
2013-11-20 10:56:18,427: DEBUG: NAS-IP: 10.254.76.1
2013-11-20 10:56:18,427: DEBUG: NAS-MAC-ADDR: 17:21:31:41:52:41
2013-11-20 10:56:18,427: DEBUG: Abruptly End: False
2013-11-20 10:56:18,427: DEBUG: Framed-IP: 10.254.76.133
2013-11-20 10:56:18,428: DEBUG: User-MAC-Addr: 00:16:3E:4E:51:6D
2013-11-20 10:56:18,428: DEBUG: 

2013-11-20 10:56:18,428: DEBUG: Creating Authentication Request with the following Attributes:
2013-11-20 10:56:18,428: DEBUG: NAS-Identifier: [u'C08386']
2013-11-20 10:56:18,429: DEBUG: User-Name: [u'username57@airborne.aircell.com']
2013-11-20 10:56:18,429: DEBUG: NAS-IP-Address: ['10.254.76.1']
2013-11-20 10:56:18,429: DEBUG: Service-Type: ['Authenticate-Only']
2013-11-20 10:56:18,429: DEBUG: Proxy-State: ['3237,3134']
2013-11-20 10:56:18,429: DEBUG: Framed-IP-Address: ['10.254.76.133']
2013-11-20 10:56:18,429: DEBUG: GoGo-Airline: [u'BA01']
2013-11-20 10:56:18,429: DEBUG: Acct-Session-Id: [u'AAATestNAS_71-1384925178428-00163E4E516D-2']
2013-11-20 10:56:18,429: DEBUG: GoGo-Tail-Number: [u'AAATestNAS_71']
2013-11-20 10:56:18,429: DEBUG: GoGo-Private-IP-Address: ['192.168.1.179']
2013-11-20 10:56:18,429: DEBUG: WISPr-Location-ID: [u'airline=BA01,tail=01009,network=']
2013-11-20 10:56:18,430: DEBUG: WISPr-Location-Name: [u'TEST LLC,BA01_01009']
2013-11-20 10:56:18,430: DEBUG: NAS-Port-Type: ['Wireless-802.11']
2013-11-20 10:56:18,430: DEBUG: Called-Station-Id: [u'00:16:3E:4E:51:6D']
2013-11-20 10:56:18,430: DEBUG: Calling-Station-Id: [u'17:21:31:41:52:41']
2013-11-20 10:56:18,431: DEBUG: 

2013-11-20 10:56:18,431: DEBUG: Received response with code: 2, Accepted
2013-11-20 10:56:18,431: DEBUG: Creating Authentication Request with the following Attributes:
2013-11-20 10:56:18,432: DEBUG: NAS-Identifier: [u'C08386']
2013-11-20 10:56:18,432: DEBUG: User-Name: [u'username57@airborne.aircell.com']
2013-11-20 10:56:18,432: DEBUG: NAS-IP-Address: ['10.254.76.1']
2013-11-20 10:56:18,432: DEBUG: Service-Type: ['Login-User']
2013-11-20 10:56:18,432: DEBUG: Proxy-State: ['3237,3134']
2013-11-20 10:56:18,432: DEBUG: Framed-IP-Address: ['10.254.76.133']
2013-11-20 10:56:18,432: DEBUG: GoGo-Airline: [u'BA01']
2013-11-20 10:56:18,432: DEBUG: Acct-Session-Id: [u'AAATestNAS_71-1384925178431-00163E4E516D-2']
2013-11-20 10:56:18,432: DEBUG: GoGo-Tail-Number: [u'AAATestNAS_71']
2013-11-20 10:56:18,433: DEBUG: GoGo-Private-IP-Address: ['192.168.1.179']
2013-11-20 10:56:18,433: DEBUG: WISPr-Location-ID: [u'airline=BA01,tail=01009,network=']
2013-11-20 10:56:18,433: DEBUG: WISPr-Location-Name: [u'TEST LLC,BA01_01009']
2013-11-20 10:56:18,433: DEBUG: NAS-Port-Type: ['Wireless-802.11']
2013-11-20 10:56:18,433: DEBUG: Called-Station-Id: [u'00:16:3E:4E:51:6D']
2013-11-20 10:56:18,433: DEBUG: Calling-Station-Id: [u'17:21:31:41:52:41']
2013-11-20 10:56:18,434: DEBUG: 

2013-11-20 10:56:18,434: DEBUG: Received response with code: 2, Accepted
2013-11-20 10:56:18,434: DEBUG: 

2013-11-20 10:56:18,435: DEBUG: Creating Accounting start Request with the following Attributes:
2013-11-20 10:56:18,435: DEBUG: NAS-Identifier: [u'C08386']
2013-11-20 10:56:18,435: DEBUG: User-Name: [u'username57@airborne.aircell.com']
2013-11-20 10:56:18,435: DEBUG: GoGo-Tail-Number: [u'AAATestNAS_71']
2013-11-20 10:56:18,435: DEBUG: NAS-IP-Address: ['10.254.76.1']
2013-11-20 10:56:18,435: DEBUG: Proxy-State: ['3239,3131']
2013-11-20 10:56:18,435: DEBUG: Acct-Status-Type: ['Start']
2013-11-20 10:56:18,435: DEBUG: GoGo-Airline: [u'BA01']
2013-11-20 10:56:18,435: DEBUG: Acct-Session-Id: [u'AAATestNAS_71-1384925178431-00163E4E516D-2']
2013-11-20 10:56:18,436: DEBUG: GoGo-Private-IP-Address: ['192.168.1.179']
2013-11-20 10:56:18,436: DEBUG: Framed-IP-Address: ['10.254.76.133']
2013-11-20 10:56:18,436: DEBUG: WISPr-Location-ID: [u'airline=BA01,tail=01009,network=']
2013-11-20 10:56:18,436: DEBUG: WISPr-Location-Name: [u'TEST LLC,BA01_01009']
2013-11-20 10:56:18,436: DEBUG: NAS-Port-Type: ['Wireless-802.11']
2013-11-20 10:56:18,436: DEBUG: Called-Station-Id: [u'00:16:3E:4E:51:6D']
2013-11-20 10:56:18,436: DEBUG: Calling-Station-Id: [u'17:21:31:41:52:41']
2013-11-20 10:56:18,437: DEBUG: 

2013-11-20 10:56:18,438: DEBUG: Received response with following attributes:
2013-11-20 10:56:28,439: DEBUG: 

2013-11-20 10:56:28,439: DEBUG: Creating Accounting Update Request with the following Attributes:
2013-11-20 10:56:28,439: DEBUG: User-Name: [u'username57@airborne.aircell.com']
2013-11-20 10:56:28,440: DEBUG: GoGo-Tail-Number: [u'AAATestNAS_71']
2013-11-20 10:56:28,440: DEBUG: Acct-Output-Octets: [1167311]
2013-11-20 10:56:28,440: DEBUG: NAS-IP-Address: ['10.254.76.1']
2013-11-20 10:56:28,441: DEBUG: GoGo-Total-Output-Gigawords: [0]
2013-11-20 10:56:28,441: DEBUG: Framed-IP-Address: ['10.254.76.133']
2013-11-20 10:56:28,441: DEBUG: GoGo-Total-Input-Voice-Gigawords: [0]
2013-11-20 10:56:28,442: DEBUG: GoGo-Total-Output-Octets: [1167311]
2013-11-20 10:56:28,442: DEBUG: GoGo-Acct-Input-Voice-Octets: [0]
2013-11-20 10:56:28,442: DEBUG: GoGo-Total-Input-Voice-Packets: [0]
2013-11-20 10:56:28,443: DEBUG: Called-Station-Id: [u'00:16:3E:4E:51:6D']
2013-11-20 10:56:28,443: DEBUG: WISPr-Location-Name: [u'TEST LLC,BA01_01009']
2013-11-20 10:56:28,443: DEBUG: NAS-Identifier: [u'C08386']
2013-11-20 10:56:28,443: DEBUG: Proxy-State: ['3330,3132']
2013-11-20 10:56:28,444: DEBUG: GoGo-Total-Input-Voice-Octets: [0]
2013-11-20 10:56:28,444: DEBUG: Acct-Status-Type: ['Interim-Update']
2013-11-20 10:56:28,444: DEBUG: GoGo-Total-Output-Voice-Gigawords: [0]
2013-11-20 10:56:28,444: DEBUG: GoGo-Airline: [u'BA01']
2013-11-20 10:56:28,445: DEBUG: Acct-Session-Id: [u'AAATestNAS_71-1384925178431-00163E4E516D-2']
2013-11-20 10:56:28,445: DEBUG: Acct-Session-Time: [10]
2013-11-20 10:56:28,445: DEBUG: Acct-Input-Packets: [6130]
2013-11-20 10:56:28,445: DEBUG: Acct-Output-Packets: [7398]
2013-11-20 10:56:28,445: DEBUG: GoGo-Acct-Output-Voice-Packets: [0]
2013-11-20 10:56:28,445: DEBUG: GoGo-Acct-Output-Voice-Octets: [0]
2013-11-20 10:56:28,446: DEBUG: Acct-Output-Gigawords: [0]
2013-11-20 10:56:28,446: DEBUG: GoGo-Total-Output-Voice-Packets: [0]
2013-11-20 10:56:28,446: DEBUG: Acct-Input-Gigawords: [0]
2013-11-20 10:56:28,446: DEBUG: Calling-Station-Id: [u'17:21:31:41:52:41']
2013-11-20 10:56:28,447: DEBUG: NAS-Port-Type: ['Wireless-802.11']
2013-11-20 10:56:28,447: DEBUG: GoGo-Total-Output-Voice-Octets: [0]
2013-11-20 10:56:28,447: DEBUG: GoGo-Private-IP-Address: ['192.168.1.179']
2013-11-20 10:56:28,447: DEBUG: GoGo-Acct-Input-Voice-Gigawords: [0]
2013-11-20 10:56:28,448: DEBUG: GoGo-Total-Input-Packets: [6130]
2013-11-20 10:56:28,448: DEBUG: GoGo-Total-Input-Gigawords: [0]
2013-11-20 10:56:28,448: DEBUG: GoGo-Acct-Input-Voice-Packets: [0]
2013-11-20 10:56:28,449: DEBUG: GoGo-Total-Input-Octets: [6042949]
2013-11-20 10:56:28,449: DEBUG: GoGo-Total-Output-Packets: [7398]
2013-11-20 10:56:28,449: DEBUG: WISPr-Location-ID: [u'airline=BA01,tail=01009,network=']
2013-11-20 10:56:28,450: DEBUG: GoGo-Acct-Output-Voice-Gigawords: [0]
2013-11-20 10:56:28,451: DEBUG: Acct-Input-Octets: [6042949]
2013-11-20 10:56:28,453: DEBUG: 

2013-11-20 10:56:28,454: DEBUG: Received response with following attributes:
2013-11-20 10:56:38,454: DEBUG: 

2013-11-20 10:56:38,455: DEBUG: Creating Accounting Update Request with the following Attributes:
2013-11-20 10:56:38,455: DEBUG: User-Name: [u'username57@airborne.aircell.com']
2013-11-20 10:56:38,456: DEBUG: GoGo-Tail-Number: [u'AAATestNAS_71']
2013-11-20 10:56:38,456: DEBUG: Acct-Output-Octets: [6531742]
2013-11-20 10:56:38,457: DEBUG: NAS-IP-Address: ['10.254.76.1']
2013-11-20 10:56:38,458: DEBUG: GoGo-Total-Output-Gigawords: [0]
2013-11-20 10:56:38,459: DEBUG: Framed-IP-Address: ['10.254.76.133']
2013-11-20 10:56:38,459: DEBUG: GoGo-Total-Input-Voice-Gigawords: [0]
2013-11-20 10:56:38,460: DEBUG: GoGo-Total-Output-Octets: [6531742]
2013-11-20 10:56:38,461: DEBUG: GoGo-Acct-Input-Voice-Octets: [0]
2013-11-20 10:56:38,462: DEBUG: GoGo-Total-Input-Voice-Packets: [0]
2013-11-20 10:56:38,463: DEBUG: Called-Station-Id: [u'00:16:3E:4E:51:6D']
2013-11-20 10:56:38,465: DEBUG: WISPr-Location-Name: [u'TEST LLC,BA01_01009']
2013-11-20 10:56:38,466: DEBUG: NAS-Identifier: [u'C08386']
2013-11-20 10:56:38,467: DEBUG: Proxy-State: ['3330,3132']
2013-11-20 10:56:38,468: DEBUG: GoGo-Total-Input-Voice-Octets: [0]
2013-11-20 10:56:38,469: DEBUG: Acct-Status-Type: ['Interim-Update']
2013-11-20 10:56:38,469: DEBUG: GoGo-Total-Output-Voice-Gigawords: [0]
2013-11-20 10:56:38,470: DEBUG: GoGo-Airline: [u'BA01']
2013-11-20 10:56:38,472: DEBUG: Acct-Session-Id: [u'AAATestNAS_71-1384925178431-00163E4E516D-2']
2013-11-20 10:56:38,472: DEBUG: Acct-Session-Time: [10]
2013-11-20 10:56:38,473: DEBUG: Acct-Input-Packets: [33980]
2013-11-20 10:56:38,473: DEBUG: Acct-Output-Packets: [49910]
2013-11-20 10:56:38,474: DEBUG: GoGo-Acct-Output-Voice-Packets: [0]
2013-11-20 10:56:38,475: DEBUG: GoGo-Acct-Output-Voice-Octets: [0]
2013-11-20 10:56:38,475: DEBUG: Acct-Output-Gigawords: [0]
2013-11-20 10:56:38,475: DEBUG: GoGo-Total-Output-Voice-Packets: [0]
2013-11-20 10:56:38,476: DEBUG: Acct-Input-Gigawords: [0]
2013-11-20 10:56:38,477: DEBUG: Calling-Station-Id: [u'17:21:31:41:52:41']
2013-11-20 10:56:38,478: DEBUG: NAS-Port-Type: ['Wireless-802.11']
2013-11-20 10:56:38,481: DEBUG: GoGo-Total-Output-Voice-Octets: [0]
2013-11-20 10:56:38,482: DEBUG: GoGo-Private-IP-Address: ['192.168.1.179']
2013-11-20 10:56:38,483: DEBUG: GoGo-Acct-Input-Voice-Gigawords: [0]
2013-11-20 10:56:38,484: DEBUG: GoGo-Total-Input-Packets: [33980]
2013-11-20 10:56:38,484: DEBUG: GoGo-Total-Input-Gigawords: [0]
2013-11-20 10:56:38,485: DEBUG: GoGo-Acct-Input-Voice-Packets: [0]
2013-11-20 10:56:38,486: DEBUG: GoGo-Total-Input-Octets: [9817545]
2013-11-20 10:56:38,487: DEBUG: GoGo-Total-Output-Packets: [49910]
2013-11-20 10:56:38,488: DEBUG: WISPr-Location-ID: [u'airline=BA01,tail=01009,network=']
2013-11-20 10:56:38,489: DEBUG: GoGo-Acct-Output-Voice-Gigawords: [0]
2013-11-20 10:56:38,491: DEBUG: Acct-Input-Octets: [9817545]
2013-11-20 10:56:38,496: DEBUG: 

2013-11-20 10:56:38,496: DEBUG: Received response with following attributes:
2013-11-20 10:56:48,498: DEBUG: 

2013-11-20 10:56:48,499: DEBUG: Creating Accounting Update Request with the following Attributes:
2013-11-20 10:56:48,499: DEBUG: User-Name: [u'username57@airborne.aircell.com']
2013-11-20 10:56:48,499: DEBUG: GoGo-Tail-Number: [u'AAATestNAS_71']
2013-11-20 10:56:48,500: DEBUG: Acct-Output-Octets: [6453728]
2013-11-20 10:56:48,500: DEBUG: NAS-IP-Address: ['10.254.76.1']
2013-11-20 10:56:48,501: DEBUG: GoGo-Total-Output-Gigawords: [0]
2013-11-20 10:56:48,501: DEBUG: Framed-IP-Address: ['10.254.76.133']
2013-11-20 10:56:48,502: DEBUG: GoGo-Total-Input-Voice-Gigawords: [0]
2013-11-20 10:56:48,502: DEBUG: GoGo-Total-Output-Octets: [6453728]
2013-11-20 10:56:48,502: DEBUG: GoGo-Acct-Input-Voice-Octets: [0]
2013-11-20 10:56:48,503: DEBUG: GoGo-Total-Input-Voice-Packets: [0]
2013-11-20 10:56:48,503: DEBUG: Called-Station-Id: [u'00:16:3E:4E:51:6D']
2013-11-20 10:56:48,503: DEBUG: WISPr-Location-Name: [u'TEST LLC,BA01_01009']
2013-11-20 10:56:48,504: DEBUG: NAS-Identifier: [u'C08386']
2013-11-20 10:56:48,504: DEBUG: Proxy-State: ['3330,3132']
2013-11-20 10:56:48,504: DEBUG: GoGo-Total-Input-Voice-Octets: [0]
2013-11-20 10:56:48,505: DEBUG: Acct-Status-Type: ['Interim-Update']
2013-11-20 10:56:48,505: DEBUG: GoGo-Total-Output-Voice-Gigawords: [0]
2013-11-20 10:56:48,505: DEBUG: GoGo-Airline: [u'BA01']
2013-11-20 10:56:48,506: DEBUG: Acct-Session-Id: [u'AAATestNAS_71-1384925178431-00163E4E516D-2']
2013-11-20 10:56:48,506: DEBUG: Acct-Session-Time: [10]
2013-11-20 10:56:48,507: DEBUG: Acct-Input-Packets: [74784]
2013-11-20 10:56:48,508: DEBUG: Acct-Output-Packets: [58423]
2013-11-20 10:56:48,508: DEBUG: GoGo-Acct-Output-Voice-Packets: [0]
2013-11-20 10:56:48,509: DEBUG: GoGo-Acct-Output-Voice-Octets: [0]
2013-11-20 10:56:48,511: DEBUG: Acct-Output-Gigawords: [0]
2013-11-20 10:56:48,512: DEBUG: GoGo-Total-Output-Voice-Packets: [0]
2013-11-20 10:56:48,512: DEBUG: Acct-Input-Gigawords: [0]
2013-11-20 10:56:48,513: DEBUG: Calling-Station-Id: [u'17:21:31:41:52:41']
2013-11-20 10:56:48,517: DEBUG: NAS-Port-Type: ['Wireless-802.11']
2013-11-20 10:56:48,518: DEBUG: GoGo-Total-Output-Voice-Octets: [0]
2013-11-20 10:56:48,519: DEBUG: GoGo-Private-IP-Address: ['192.168.1.179']
2013-11-20 10:56:48,520: DEBUG: GoGo-Acct-Input-Voice-Gigawords: [0]
2013-11-20 10:56:48,520: DEBUG: GoGo-Total-Input-Packets: [74784]
2013-11-20 10:56:48,521: DEBUG: GoGo-Total-Input-Gigawords: [0]
2013-11-20 10:56:48,522: DEBUG: GoGo-Acct-Input-Voice-Packets: [0]
2013-11-20 10:56:48,523: DEBUG: GoGo-Total-Input-Octets: [9410022]
2013-11-20 10:56:48,525: DEBUG: GoGo-Total-Output-Packets: [58423]
2013-11-20 10:56:48,526: DEBUG: WISPr-Location-ID: [u'airline=BA01,tail=01009,network=']
2013-11-20 10:56:48,527: DEBUG: GoGo-Acct-Output-Voice-Gigawords: [0]
2013-11-20 10:56:48,528: DEBUG: Acct-Input-Octets: [9410022]
2013-11-20 10:56:48,532: DEBUG: 

2013-11-20 10:56:48,533: DEBUG: Received response with following attributes:
2013-11-20 10:56:58,534: DEBUG: 

2013-11-20 10:56:58,535: DEBUG: Creating Accounting Update Request with the following Attributes:
2013-11-20 10:56:58,535: DEBUG: User-Name: [u'username57@airborne.aircell.com']
2013-11-20 10:56:58,535: DEBUG: GoGo-Tail-Number: [u'AAATestNAS_71']
2013-11-20 10:56:58,536: DEBUG: Acct-Output-Octets: [3327884]
2013-11-20 10:56:58,536: DEBUG: NAS-IP-Address: ['10.254.76.1']
2013-11-20 10:56:58,536: DEBUG: GoGo-Total-Output-Gigawords: [0]
2013-11-20 10:56:58,536: DEBUG: Framed-IP-Address: ['10.254.76.133']
2013-11-20 10:56:58,536: DEBUG: GoGo-Total-Input-Voice-Gigawords: [0]
2013-11-20 10:56:58,537: DEBUG: GoGo-Total-Output-Octets: [3327884]
2013-11-20 10:56:58,537: DEBUG: GoGo-Acct-Input-Voice-Octets: [0]
2013-11-20 10:56:58,537: DEBUG: GoGo-Total-Input-Voice-Packets: [0]
2013-11-20 10:56:58,537: DEBUG: Called-Station-Id: [u'00:16:3E:4E:51:6D']
2013-11-20 10:56:58,537: DEBUG: WISPr-Location-Name: [u'TEST LLC,BA01_01009']
2013-11-20 10:56:58,537: DEBUG: NAS-Identifier: [u'C08386']
2013-11-20 10:56:58,538: DEBUG: Proxy-State: ['3330,3132']
2013-11-20 10:56:58,538: DEBUG: GoGo-Total-Input-Voice-Octets: [0]
2013-11-20 10:56:58,538: DEBUG: Acct-Status-Type: ['Interim-Update']
2013-11-20 10:56:58,538: DEBUG: GoGo-Total-Output-Voice-Gigawords: [0]
2013-11-20 10:56:58,538: DEBUG: GoGo-Airline: [u'BA01']
2013-11-20 10:56:58,538: DEBUG: Acct-Session-Id: [u'AAATestNAS_71-1384925178431-00163E4E516D-2']
2013-11-20 10:56:58,538: DEBUG: Acct-Session-Time: [10]
2013-11-20 10:56:58,539: DEBUG: Acct-Input-Packets: [12298]
2013-11-20 10:56:58,539: DEBUG: Acct-Output-Packets: [22144]
2013-11-20 10:56:58,539: DEBUG: GoGo-Acct-Output-Voice-Packets: [0]
2013-11-20 10:56:58,539: DEBUG: GoGo-Acct-Output-Voice-Octets: [0]
2013-11-20 10:56:58,539: DEBUG: Acct-Output-Gigawords: [0]
2013-11-20 10:56:58,539: DEBUG: GoGo-Total-Output-Voice-Packets: [0]
2013-11-20 10:56:58,540: DEBUG: Acct-Input-Gigawords: [0]
2013-11-20 10:56:58,540: DEBUG: Calling-Station-Id: [u'17:21:31:41:52:41']
2013-11-20 10:56:58,540: DEBUG: NAS-Port-Type: ['Wireless-802.11']
2013-11-20 10:56:58,540: DEBUG: GoGo-Total-Output-Voice-Octets: [0]
2013-11-20 10:56:58,540: DEBUG: GoGo-Private-IP-Address: ['192.168.1.179']
2013-11-20 10:56:58,540: DEBUG: GoGo-Acct-Input-Voice-Gigawords: [0]
2013-11-20 10:56:58,540: DEBUG: GoGo-Total-Input-Packets: [12298]
2013-11-20 10:56:58,541: DEBUG: GoGo-Total-Input-Gigawords: [0]
2013-11-20 10:56:58,541: DEBUG: GoGo-Acct-Input-Voice-Packets: [0]
2013-11-20 10:56:58,541: DEBUG: GoGo-Total-Input-Octets: [3479798]
2013-11-20 10:56:58,541: DEBUG: GoGo-Total-Output-Packets: [22144]
2013-11-20 10:56:58,541: DEBUG: WISPr-Location-ID: [u'airline=BA01,tail=01009,network=']
2013-11-20 10:56:58,541: DEBUG: GoGo-Acct-Output-Voice-Gigawords: [0]
2013-11-20 10:56:58,541: DEBUG: Acct-Input-Octets: [3479798]
2013-11-20 10:56:58,543: DEBUG: 

2013-11-20 10:56:58,543: DEBUG: Received response with following attributes:
2013-11-20 10:57:08,544: DEBUG: 

2013-11-20 10:57:08,544: DEBUG: Creating Accounting Update Request with the following Attributes:
2013-11-20 10:57:08,545: DEBUG: User-Name: [u'username57@airborne.aircell.com']
2013-11-20 10:57:08,545: DEBUG: GoGo-Tail-Number: [u'AAATestNAS_71']
2013-11-20 10:57:08,545: DEBUG: Acct-Output-Octets: [2878490]
2013-11-20 10:57:08,545: DEBUG: NAS-IP-Address: ['10.254.76.1']
2013-11-20 10:57:08,545: DEBUG: GoGo-Total-Output-Gigawords: [0]
2013-11-20 10:57:08,545: DEBUG: Framed-IP-Address: ['10.254.76.133']
2013-11-20 10:57:08,545: DEBUG: GoGo-Total-Input-Voice-Gigawords: [0]
2013-11-20 10:57:08,545: DEBUG: GoGo-Total-Output-Octets: [2878490]
2013-11-20 10:57:08,546: DEBUG: GoGo-Acct-Input-Voice-Octets: [0]
2013-11-20 10:57:08,546: DEBUG: GoGo-Total-Input-Voice-Packets: [0]
2013-11-20 10:57:08,546: DEBUG: Called-Station-Id: [u'00:16:3E:4E:51:6D']
2013-11-20 10:57:08,546: DEBUG: WISPr-Location-Name: [u'TEST LLC,BA01_01009']
2013-11-20 10:57:08,546: DEBUG: NAS-Identifier: [u'C08386']
2013-11-20 10:57:08,546: DEBUG: Proxy-State: ['3330,3132']
2013-11-20 10:57:08,546: DEBUG: GoGo-Total-Input-Voice-Octets: [0]
2013-11-20 10:57:08,546: DEBUG: Acct-Status-Type: ['Interim-Update']
2013-11-20 10:57:08,546: DEBUG: GoGo-Total-Output-Voice-Gigawords: [0]
2013-11-20 10:57:08,546: DEBUG: GoGo-Airline: [u'BA01']
2013-11-20 10:57:08,547: DEBUG: Acct-Session-Id: [u'AAATestNAS_71-1384925178431-00163E4E516D-2']
2013-11-20 10:57:08,547: DEBUG: Acct-Session-Time: [10]
2013-11-20 10:57:08,547: DEBUG: Acct-Input-Packets: [9880]
2013-11-20 10:57:08,547: DEBUG: Acct-Output-Packets: [24139]
2013-11-20 10:57:08,547: DEBUG: GoGo-Acct-Output-Voice-Packets: [0]
2013-11-20 10:57:08,547: DEBUG: GoGo-Acct-Output-Voice-Octets: [0]
2013-11-20 10:57:08,547: DEBUG: Acct-Output-Gigawords: [0]
2013-11-20 10:57:08,548: DEBUG: GoGo-Total-Output-Voice-Packets: [0]
2013-11-20 10:57:08,548: DEBUG: Acct-Input-Gigawords: [0]
2013-11-20 10:57:08,548: DEBUG: Calling-Station-Id: [u'17:21:31:41:52:41']
2013-11-20 10:57:08,548: DEBUG: NAS-Port-Type: ['Wireless-802.11']
2013-11-20 10:57:08,548: DEBUG: GoGo-Total-Output-Voice-Octets: [0]
2013-11-20 10:57:08,548: DEBUG: GoGo-Private-IP-Address: ['192.168.1.179']
2013-11-20 10:57:08,548: DEBUG: GoGo-Acct-Input-Voice-Gigawords: [0]
2013-11-20 10:57:08,548: DEBUG: GoGo-Total-Input-Packets: [9880]
2013-11-20 10:57:08,548: DEBUG: GoGo-Total-Input-Gigawords: [0]
2013-11-20 10:57:08,549: DEBUG: GoGo-Acct-Input-Voice-Packets: [0]
2013-11-20 10:57:08,549: DEBUG: GoGo-Total-Input-Octets: [2429337]
2013-11-20 10:57:08,549: DEBUG: GoGo-Total-Output-Packets: [24139]
2013-11-20 10:57:08,549: DEBUG: WISPr-Location-ID: [u'airline=BA01,tail=01009,network=']
2013-11-20 10:57:08,549: DEBUG: GoGo-Acct-Output-Voice-Gigawords: [0]
2013-11-20 10:57:08,549: DEBUG: Acct-Input-Octets: [2429337]
2013-11-20 10:57:08,552: DEBUG: 

2013-11-20 10:57:08,552: DEBUG: Received response with following attributes:
2013-11-20 10:57:29,552: DEBUG: 

2013-11-20 10:57:29,553: DEBUG: Creating Accounting Stop Request with the following Attributes:
2013-11-20 10:57:29,553: DEBUG: User-Name: [u'username57@airborne.aircell.com']
2013-11-20 10:57:29,553: DEBUG: GoGo-Tail-Number: [u'01009']
2013-11-20 10:57:29,553: DEBUG: Acct-Output-Octets: [6114849]
2013-11-20 10:57:29,554: DEBUG: NAS-IP-Address: ['10.254.76.1']
2013-11-20 10:57:29,554: DEBUG: GoGo-Total-Output-Gigawords: [0]
2013-11-20 10:57:29,554: DEBUG: Framed-IP-Address: ['10.254.76.133']
2013-11-20 10:57:29,554: DEBUG: GoGo-Total-Input-Voice-Gigawords: [0]
2013-11-20 10:57:29,554: DEBUG: GoGo-Total-Output-Octets: [6114849]
2013-11-20 10:57:29,554: DEBUG: GoGo-Acct-Input-Voice-Octets: [0]
2013-11-20 10:57:29,554: DEBUG: GoGo-Total-Input-Voice-Packets: [0]
2013-11-20 10:57:29,554: DEBUG: Called-Station-Id: [u'00:16:3E:4E:51:6D']
2013-11-20 10:57:29,555: DEBUG: WISPr-Location-Name: [u'TEST LLC,BA01_01009']
2013-11-20 10:57:29,555: DEBUG: NAS-Identifier: [u'C08386']
2013-11-20 10:57:29,555: DEBUG: Proxy-State: ['3330,3132']
2013-11-20 10:57:29,555: DEBUG: GoGo-Total-Input-Voice-Octets: [0]
2013-11-20 10:57:29,555: DEBUG: Acct-Status-Type: ['Stop']
2013-11-20 10:57:29,555: DEBUG: GoGo-Total-Output-Voice-Gigawords: [0]
2013-11-20 10:57:29,555: DEBUG: GoGo-Airline: [u'BA01']
2013-11-20 10:57:29,555: DEBUG: Acct-Session-Id: [u'AAATestNAS_71-1384925178431-00163E4E516D-2']
2013-11-20 10:57:29,555: DEBUG: Acct-Session-Time: [21]
2013-11-20 10:57:29,556: DEBUG: Acct-Input-Packets: [18060]
2013-11-20 10:57:29,556: DEBUG: Acct-Output-Packets: [45346]
2013-11-20 10:57:29,556: DEBUG: Acct-Terminate-Cause: ['User-Request']
2013-11-20 10:57:29,556: DEBUG: GoGo-Acct-Output-Voice-Octets: [0]
2013-11-20 10:57:29,556: DEBUG: Acct-Output-Gigawords: [0]
2013-11-20 10:57:29,556: DEBUG: GoGo-Total-Output-Voice-Packets: [0]
2013-11-20 10:57:29,556: DEBUG: Acct-Input-Gigawords: [0]
2013-11-20 10:57:29,556: DEBUG: Calling-Station-Id: [u'17:21:31:41:52:41']
2013-11-20 10:57:29,556: DEBUG: NAS-Port-Type: ['Wireless-802.11']
2013-11-20 10:57:29,556: DEBUG: GoGo-Total-Output-Voice-Octets: [0]
2013-11-20 10:57:29,557: DEBUG: GoGo-Private-IP-Address: ['192.168.1.179']
2013-11-20 10:57:29,557: DEBUG: GoGo-Acct-Input-Voice-Gigawords: [0]
2013-11-20 10:57:29,557: DEBUG: GoGo-Total-Input-Packets: [18060]
2013-11-20 10:57:29,557: DEBUG: GoGo-Total-Input-Gigawords: [0]
2013-11-20 10:57:29,557: DEBUG: GoGo-Acct-Input-Voice-Packets: [0]
2013-11-20 10:57:29,557: DEBUG: GoGo-Total-Input-Octets: [2253675]
2013-11-20 10:57:29,557: DEBUG: GoGo-Total-Output-Packets: [45346]
2013-11-20 10:57:29,557: DEBUG: WISPr-Location-ID: [u'airline=BA01,tail=01009,network=']
2013-11-20 10:57:29,557: DEBUG: GoGo-Acct-Output-Voice-Packets: [0]
2013-11-20 10:57:29,558: DEBUG: GoGo-Acct-Output-Voice-Gigawords: [0]
2013-11-20 10:57:29,558: DEBUG: Acct-Input-Octets: [2253675]
2013-11-20 10:57:29,559: DEBUG: 

2013-11-20 10:57:29,559: DEBUG: Received response with following attributes:
2013-11-20 10:57:29,559: DEBUG: Ending the test for this user
2013-11-20 10:57:30,519: DEBUG: Starting the client for the user username57@airborne.aircell.com to the server localhost

2013-11-20 10:57:30,519: DEBUG: DURATION of the TEST: 46
2013-11-20 10:57:30,520: DEBUG: NAS-IP: 10.254.143.1
2013-11-20 10:57:30,520: DEBUG: NAS-MAC-ADDR: 18:21:31:41:52:19
2013-11-20 10:57:30,520: DEBUG: Abruptly End: False
2013-11-20 10:57:30,520: DEBUG: Framed-IP: 10.254.143.158
2013-11-20 10:57:30,520: DEBUG: User-MAC-Addr: 00:16:3E:1D:9D:93
2013-11-20 10:57:30,520: DEBUG: 

2013-11-20 10:57:30,521: DEBUG: Creating Authentication Request with the following Attributes:
2013-11-20 10:57:30,521: DEBUG: NAS-Identifier: [u'C08386']
2013-11-20 10:57:30,521: DEBUG: User-Name: [u'username57@airborne.aircell.com']
2013-11-20 10:57:30,521: DEBUG: NAS-IP-Address: ['10.254.143.1']
2013-11-20 10:57:30,521: DEBUG: Service-Type: ['Authenticate-Only']
2013-11-20 10:57:30,521: DEBUG: Proxy-State: ['3237,3134']
2013-11-20 10:57:30,522: DEBUG: Framed-IP-Address: ['10.254.143.158']
2013-11-20 10:57:30,522: DEBUG: GoGo-Airline: [u'BA01']
2013-11-20 10:57:30,522: DEBUG: Acct-Session-Id: [u'AAATestNAS_138-1384925250520-00163E1D9D93-1']
2013-11-20 10:57:30,522: DEBUG: GoGo-Tail-Number: [u'AAATestNAS_138']
2013-11-20 10:57:30,522: DEBUG: GoGo-Private-IP-Address: ['192.168.1.179']
2013-11-20 10:57:30,522: DEBUG: WISPr-Location-ID: [u'airline=BA01,tail=01009,network=']
2013-11-20 10:57:30,522: DEBUG: WISPr-Location-Name: [u'TEST LLC,BA01_01009']
2013-11-20 10:57:30,523: DEBUG: NAS-Port-Type: ['Wireless-802.11']
2013-11-20 10:57:30,523: DEBUG: Called-Station-Id: [u'00:16:3E:1D:9D:93']
2013-11-20 10:57:30,523: DEBUG: Calling-Station-Id: [u'18:21:31:41:52:19']
2013-11-20 10:57:30,524: DEBUG: 

2013-11-20 10:57:30,524: DEBUG: Received response with code: 2, Accepted
2013-11-20 10:57:30,525: DEBUG: Creating Authentication Request with the following Attributes:
2013-11-20 10:57:30,525: DEBUG: NAS-Identifier: [u'C08386']
2013-11-20 10:57:30,525: DEBUG: User-Name: [u'username57@airborne.aircell.com']
2013-11-20 10:57:30,525: DEBUG: NAS-IP-Address: ['10.254.143.1']
2013-11-20 10:57:30,525: DEBUG: Service-Type: ['Login-User']
2013-11-20 10:57:30,525: DEBUG: Proxy-State: ['3237,3134']
2013-11-20 10:57:30,525: DEBUG: Framed-IP-Address: ['10.254.143.158']
2013-11-20 10:57:30,526: DEBUG: GoGo-Airline: [u'BA01']
2013-11-20 10:57:30,526: DEBUG: Acct-Session-Id: [u'AAATestNAS_138-1384925250524-00163E1D9D93-1']
2013-11-20 10:57:30,526: DEBUG: GoGo-Tail-Number: [u'AAATestNAS_138']
2013-11-20 10:57:30,526: DEBUG: GoGo-Private-IP-Address: ['192.168.1.179']
2013-11-20 10:57:30,526: DEBUG: WISPr-Location-ID: [u'airline=BA01,tail=01009,network=']
2013-11-20 10:57:30,526: DEBUG: WISPr-Location-Name: [u'TEST LLC,BA01_01009']
2013-11-20 10:57:30,526: DEBUG: NAS-Port-Type: ['Wireless-802.11']
2013-11-20 10:57:30,526: DEBUG: Called-Station-Id: [u'00:16:3E:1D:9D:93']
2013-11-20 10:57:30,527: DEBUG: Calling-Station-Id: [u'18:21:31:41:52:19']
2013-11-20 10:57:30,528: DEBUG: 

2013-11-20 10:57:30,528: DEBUG: Received response with code: 2, Accepted
2013-11-20 10:57:30,528: DEBUG: 

2013-11-20 10:57:30,528: DEBUG: Creating Accounting start Request with the following Attributes:
2013-11-20 10:57:30,528: DEBUG: NAS-Identifier: [u'C08386']
2013-11-20 10:57:30,528: DEBUG: User-Name: [u'username57@airborne.aircell.com']
2013-11-20 10:57:30,529: DEBUG: GoGo-Tail-Number: [u'AAATestNAS_138']
2013-11-20 10:57:30,529: DEBUG: NAS-IP-Address: ['10.254.143.1']
2013-11-20 10:57:30,529: DEBUG: Proxy-State: ['3239,3131']
2013-11-20 10:57:30,529: DEBUG: Acct-Status-Type: ['Start']
2013-11-20 10:57:30,529: DEBUG: GoGo-Airline: [u'BA01']
2013-11-20 10:57:30,529: DEBUG: Acct-Session-Id: [u'AAATestNAS_138-1384925250524-00163E1D9D93-1']
2013-11-20 10:57:30,529: DEBUG: GoGo-Private-IP-Address: ['192.168.1.179']
2013-11-20 10:57:30,530: DEBUG: Framed-IP-Address: ['10.254.143.158']
2013-11-20 10:57:30,530: DEBUG: WISPr-Location-ID: [u'airline=BA01,tail=01009,network=']
2013-11-20 10:57:30,530: DEBUG: WISPr-Location-Name: [u'TEST LLC,BA01_01009']
2013-11-20 10:57:30,530: DEBUG: NAS-Port-Type: ['Wireless-802.11']
2013-11-20 10:57:30,530: DEBUG: Called-Station-Id: [u'00:16:3E:1D:9D:93']
2013-11-20 10:57:30,530: DEBUG: Calling-Station-Id: [u'18:21:31:41:52:19']
2013-11-20 10:57:30,531: DEBUG: 

2013-11-20 10:57:30,531: DEBUG: Received response with following attributes:
2013-11-20 10:57:40,533: DEBUG: 

2013-11-20 10:57:40,533: DEBUG: Creating Accounting Update Request with the following Attributes:
2013-11-20 10:57:40,533: DEBUG: User-Name: [u'username57@airborne.aircell.com']
2013-11-20 10:57:40,534: DEBUG: GoGo-Tail-Number: [u'AAATestNAS_138']
2013-11-20 10:57:40,534: DEBUG: Acct-Output-Octets: [8770256]
2013-11-20 10:57:40,534: DEBUG: NAS-IP-Address: ['10.254.143.1']
2013-11-20 10:57:40,534: DEBUG: GoGo-Total-Output-Gigawords: [0]
2013-11-20 10:57:40,534: DEBUG: Framed-IP-Address: ['10.254.143.158']
2013-11-20 10:57:40,534: DEBUG: GoGo-Total-Input-Voice-Gigawords: [0]
2013-11-20 10:57:40,535: DEBUG: GoGo-Total-Output-Octets: [8770256]
2013-11-20 10:57:40,535: DEBUG: GoGo-Acct-Input-Voice-Octets: [0]
2013-11-20 10:57:40,535: DEBUG: GoGo-Total-Input-Voice-Packets: [0]
2013-11-20 10:57:40,535: DEBUG: Called-Station-Id: [u'00:16:3E:1D:9D:93']
2013-11-20 10:57:40,535: DEBUG: WISPr-Location-Name: [u'TEST LLC,BA01_01009']
2013-11-20 10:57:40,535: DEBUG: NAS-Identifier: [u'C08386']
2013-11-20 10:57:40,535: DEBUG: Proxy-State: ['3330,3132']
2013-11-20 10:57:40,535: DEBUG: GoGo-Total-Input-Voice-Octets: [0]
2013-11-20 10:57:40,536: DEBUG: Acct-Status-Type: ['Interim-Update']
2013-11-20 10:57:40,536: DEBUG: GoGo-Total-Output-Voice-Gigawords: [0]
2013-11-20 10:57:40,536: DEBUG: GoGo-Airline: [u'BA01']
2013-11-20 10:57:40,536: DEBUG: Acct-Session-Id: [u'AAATestNAS_138-1384925250524-00163E1D9D93-1']
2013-11-20 10:57:40,536: DEBUG: Acct-Session-Time: [10]
2013-11-20 10:57:40,536: DEBUG: Acct-Input-Packets: [43145]
2013-11-20 10:57:40,536: DEBUG: Acct-Output-Packets: [40104]
2013-11-20 10:57:40,537: DEBUG: GoGo-Acct-Output-Voice-Packets: [0]
2013-11-20 10:57:40,537: DEBUG: GoGo-Acct-Output-Voice-Octets: [0]
2013-11-20 10:57:40,537: DEBUG: Acct-Output-Gigawords: [0]
2013-11-20 10:57:40,537: DEBUG: GoGo-Total-Output-Voice-Packets: [0]
2013-11-20 10:57:40,537: DEBUG: Acct-Input-Gigawords: [0]
2013-11-20 10:57:40,537: DEBUG: Calling-Station-Id: [u'18:21:31:41:52:19']
2013-11-20 10:57:40,537: DEBUG: NAS-Port-Type: ['Wireless-802.11']
2013-11-20 10:57:40,538: DEBUG: GoGo-Total-Output-Voice-Octets: [0]
2013-11-20 10:57:40,538: DEBUG: GoGo-Private-IP-Address: ['192.168.1.179']
2013-11-20 10:57:40,538: DEBUG: GoGo-Acct-Input-Voice-Gigawords: [0]
2013-11-20 10:57:40,538: DEBUG: GoGo-Total-Input-Packets: [43145]
2013-11-20 10:57:40,538: DEBUG: GoGo-Total-Input-Gigawords: [0]
2013-11-20 10:57:40,538: DEBUG: GoGo-Acct-Input-Voice-Packets: [0]
2013-11-20 10:57:40,538: DEBUG: GoGo-Total-Input-Octets: [8882634]
2013-11-20 10:57:40,539: DEBUG: GoGo-Total-Output-Packets: [40104]
2013-11-20 10:57:40,539: DEBUG: WISPr-Location-ID: [u'airline=BA01,tail=01009,network=']
2013-11-20 10:57:40,539: DEBUG: GoGo-Acct-Output-Voice-Gigawords: [0]
2013-11-20 10:57:40,539: DEBUG: Acct-Input-Octets: [8882634]
2013-11-20 10:57:40,539: ERROR: Network error, Reason: 'Network error: nodename nor servname provided, or not known'
2013-11-20 10:57:50,540: DEBUG: 

2013-11-20 10:57:50,541: DEBUG: Creating Accounting Update Request with the following Attributes:
2013-11-20 10:57:50,541: DEBUG: User-Name: [u'username57@airborne.aircell.com']
2013-11-20 10:57:50,542: DEBUG: GoGo-Tail-Number: [u'AAATestNAS_138']
2013-11-20 10:57:50,542: DEBUG: Acct-Output-Octets: [4075661]
2013-11-20 10:57:50,542: DEBUG: NAS-IP-Address: ['10.254.143.1']
2013-11-20 10:57:50,542: DEBUG: GoGo-Total-Output-Gigawords: [0]
2013-11-20 10:57:50,543: DEBUG: Framed-IP-Address: ['10.254.143.158']
2013-11-20 10:57:50,543: DEBUG: GoGo-Total-Input-Voice-Gigawords: [0]
2013-11-20 10:57:50,543: DEBUG: GoGo-Total-Output-Octets: [4075661]
2013-11-20 10:57:50,543: DEBUG: GoGo-Acct-Input-Voice-Octets: [0]
2013-11-20 10:57:50,543: DEBUG: GoGo-Total-Input-Voice-Packets: [0]
2013-11-20 10:57:50,544: DEBUG: Called-Station-Id: [u'00:16:3E:1D:9D:93']
2013-11-20 10:57:50,544: DEBUG: WISPr-Location-Name: [u'TEST LLC,BA01_01009']
2013-11-20 10:57:50,544: DEBUG: NAS-Identifier: [u'C08386']
2013-11-20 10:57:50,544: DEBUG: Proxy-State: ['3330,3132']
2013-11-20 10:57:50,545: DEBUG: GoGo-Total-Input-Voice-Octets: [0]
2013-11-20 10:57:50,545: DEBUG: Acct-Status-Type: ['Interim-Update']
2013-11-20 10:57:50,545: DEBUG: GoGo-Total-Output-Voice-Gigawords: [0]
2013-11-20 10:57:50,545: DEBUG: GoGo-Airline: [u'BA01']
2013-11-20 10:57:50,545: DEBUG: Acct-Session-Id: [u'AAATestNAS_138-1384925250524-00163E1D9D93-1']
2013-11-20 10:57:50,546: DEBUG: Acct-Session-Time: [10]
2013-11-20 10:57:50,546: DEBUG: Acct-Input-Packets: [18996]
2013-11-20 10:57:50,546: DEBUG: Acct-Output-Packets: [7544]
2013-11-20 10:57:50,546: DEBUG: GoGo-Acct-Output-Voice-Packets: [0]
2013-11-20 10:57:50,546: DEBUG: GoGo-Acct-Output-Voice-Octets: [0]
2013-11-20 10:57:50,547: DEBUG: Acct-Output-Gigawords: [0]
2013-11-20 10:57:50,547: DEBUG: GoGo-Total-Output-Voice-Packets: [0]
2013-11-20 10:57:50,547: DEBUG: Acct-Input-Gigawords: [0]
2013-11-20 10:57:50,547: DEBUG: Calling-Station-Id: [u'18:21:31:41:52:19']
2013-11-20 10:57:50,547: DEBUG: NAS-Port-Type: ['Wireless-802.11']
2013-11-20 10:57:50,547: DEBUG: GoGo-Total-Output-Voice-Octets: [0]
2013-11-20 10:57:50,548: DEBUG: GoGo-Private-IP-Address: ['192.168.1.179']
2013-11-20 10:57:50,548: DEBUG: GoGo-Acct-Input-Voice-Gigawords: [0]
2013-11-20 10:57:50,548: DEBUG: GoGo-Total-Input-Packets: [18996]
2013-11-20 10:57:50,548: DEBUG: GoGo-Total-Input-Gigawords: [0]
2013-11-20 10:57:50,548: DEBUG: GoGo-Acct-Input-Voice-Packets: [0]
2013-11-20 10:57:50,549: DEBUG: GoGo-Total-Input-Octets: [3416618]
2013-11-20 10:57:50,549: DEBUG: GoGo-Total-Output-Packets: [7544]
2013-11-20 10:57:50,549: DEBUG: WISPr-Location-ID: [u'airline=BA01,tail=01009,network=']
2013-11-20 10:57:50,549: DEBUG: GoGo-Acct-Output-Voice-Gigawords: [0]
2013-11-20 10:57:50,549: DEBUG: Acct-Input-Octets: [3416618]
2013-11-20 10:57:50,550: ERROR: Network error, Reason: 'Network error: nodename nor servname provided, or not known'
2013-11-20 10:58:00,550: DEBUG: 

2013-11-20 10:58:00,552: DEBUG: Creating Accounting Update Request with the following Attributes:
2013-11-20 10:58:00,553: DEBUG: User-Name: [u'username57@airborne.aircell.com']
2013-11-20 10:58:00,554: DEBUG: GoGo-Tail-Number: [u'AAATestNAS_138']
2013-11-20 10:58:00,555: DEBUG: Acct-Output-Octets: [8371447]
2013-11-20 10:58:00,555: DEBUG: NAS-IP-Address: ['10.254.143.1']
2013-11-20 10:58:00,556: DEBUG: GoGo-Total-Output-Gigawords: [0]
2013-11-20 10:58:00,556: DEBUG: Framed-IP-Address: ['10.254.143.158']
2013-11-20 10:58:00,557: DEBUG: GoGo-Total-Input-Voice-Gigawords: [0]
2013-11-20 10:58:00,558: DEBUG: GoGo-Total-Output-Octets: [8371447]
2013-11-20 10:58:00,558: DEBUG: GoGo-Acct-Input-Voice-Octets: [0]
2013-11-20 10:58:00,559: DEBUG: GoGo-Total-Input-Voice-Packets: [0]
2013-11-20 10:58:00,560: DEBUG: Called-Station-Id: [u'00:16:3E:1D:9D:93']
2013-11-20 10:58:00,561: DEBUG: WISPr-Location-Name: [u'TEST LLC,BA01_01009']
2013-11-20 10:58:00,561: DEBUG: NAS-Identifier: [u'C08386']
2013-11-20 10:58:00,561: DEBUG: Proxy-State: ['3330,3132']
2013-11-20 10:58:00,562: DEBUG: GoGo-Total-Input-Voice-Octets: [0]
2013-11-20 10:58:00,563: DEBUG: Acct-Status-Type: ['Interim-Update']
2013-11-20 10:58:00,563: DEBUG: GoGo-Total-Output-Voice-Gigawords: [0]
2013-11-20 10:58:00,563: DEBUG: GoGo-Airline: [u'BA01']
2013-11-20 10:58:00,564: DEBUG: Acct-Session-Id: [u'AAATestNAS_138-1384925250524-00163E1D9D93-1']
2013-11-20 10:58:00,564: DEBUG: Acct-Session-Time: [10]
2013-11-20 10:58:00,564: DEBUG: Acct-Input-Packets: [29642]
2013-11-20 10:58:00,565: DEBUG: Acct-Output-Packets: [57108]
2013-11-20 10:58:00,565: DEBUG: GoGo-Acct-Output-Voice-Packets: [0]
2013-11-20 10:58:00,566: DEBUG: GoGo-Acct-Output-Voice-Octets: [0]
2013-11-20 10:58:00,566: DEBUG: Acct-Output-Gigawords: [0]
2013-11-20 10:58:00,566: DEBUG: GoGo-Total-Output-Voice-Packets: [0]
2013-11-20 10:58:00,567: DEBUG: Acct-Input-Gigawords: [0]
2013-11-20 10:58:00,567: DEBUG: Calling-Station-Id: [u'18:21:31:41:52:19']
2013-11-20 10:58:00,567: DEBUG: NAS-Port-Type: ['Wireless-802.11']
2013-11-20 10:58:00,568: DEBUG: GoGo-Total-Output-Voice-Octets: [0]
2013-11-20 10:58:00,568: DEBUG: GoGo-Private-IP-Address: ['192.168.1.179']
2013-11-20 10:58:00,568: DEBUG: GoGo-Acct-Input-Voice-Gigawords: [0]
2013-11-20 10:58:00,568: DEBUG: GoGo-Total-Input-Packets: [29642]
2013-11-20 10:58:00,569: DEBUG: GoGo-Total-Input-Gigawords: [0]
2013-11-20 10:58:00,569: DEBUG: GoGo-Acct-Input-Voice-Packets: [0]
2013-11-20 10:58:00,569: DEBUG: GoGo-Total-Input-Octets: [4595349]
2013-11-20 10:58:00,570: DEBUG: GoGo-Total-Output-Packets: [57108]
2013-11-20 10:58:00,570: DEBUG: WISPr-Location-ID: [u'airline=BA01,tail=01009,network=']
2013-11-20 10:58:00,571: DEBUG: GoGo-Acct-Output-Voice-Gigawords: [0]
2013-11-20 10:58:00,571: DEBUG: Acct-Input-Octets: [4595349]
2013-11-20 10:58:00,571: ERROR: Network error, Reason: 'Network error: nodename nor servname provided, or not known'
2013-11-20 10:58:10,572: DEBUG: 

2013-11-20 10:58:10,573: DEBUG: Creating Accounting Update Request with the following Attributes:
2013-11-20 10:58:10,573: DEBUG: User-Name: [u'username57@airborne.aircell.com']
2013-11-20 10:58:10,573: DEBUG: GoGo-Tail-Number: [u'AAATestNAS_138']
2013-11-20 10:58:10,574: DEBUG: Acct-Output-Octets: [5709233]
2013-11-20 10:58:10,574: DEBUG: NAS-IP-Address: ['10.254.143.1']
2013-11-20 10:58:10,574: DEBUG: GoGo-Total-Output-Gigawords: [0]
2013-11-20 10:58:10,574: DEBUG: Framed-IP-Address: ['10.254.143.158']
2013-11-20 10:58:10,574: DEBUG: GoGo-Total-Input-Voice-Gigawords: [0]
2013-11-20 10:58:10,574: DEBUG: GoGo-Total-Output-Octets: [5709233]
2013-11-20 10:58:10,575: DEBUG: GoGo-Acct-Input-Voice-Octets: [0]
2013-11-20 10:58:10,575: DEBUG: GoGo-Total-Input-Voice-Packets: [0]
2013-11-20 10:58:10,575: DEBUG: Called-Station-Id: [u'00:16:3E:1D:9D:93']
2013-11-20 10:58:10,575: DEBUG: WISPr-Location-Name: [u'TEST LLC,BA01_01009']
2013-11-20 10:58:10,575: DEBUG: NAS-Identifier: [u'C08386']
2013-11-20 10:58:10,575: DEBUG: Proxy-State: ['3330,3132']
2013-11-20 10:58:10,576: DEBUG: GoGo-Total-Input-Voice-Octets: [0]
2013-11-20 10:58:10,576: DEBUG: Acct-Status-Type: ['Interim-Update']
2013-11-20 10:58:10,576: DEBUG: GoGo-Total-Output-Voice-Gigawords: [0]
2013-11-20 10:58:10,576: DEBUG: GoGo-Airline: [u'BA01']
2013-11-20 10:58:10,576: DEBUG: Acct-Session-Id: [u'AAATestNAS_138-1384925250524-00163E1D9D93-1']
2013-11-20 10:58:10,576: DEBUG: Acct-Session-Time: [10]
2013-11-20 10:58:10,576: DEBUG: Acct-Input-Packets: [23154]
2013-11-20 10:58:10,577: DEBUG: Acct-Output-Packets: [36386]
2013-11-20 10:58:10,577: DEBUG: GoGo-Acct-Output-Voice-Packets: [0]
2013-11-20 10:58:10,577: DEBUG: GoGo-Acct-Output-Voice-Octets: [0]
2013-11-20 10:58:10,577: DEBUG: Acct-Output-Gigawords: [0]
2013-11-20 10:58:10,577: DEBUG: GoGo-Total-Output-Voice-Packets: [0]
2013-11-20 10:58:10,577: DEBUG: Acct-Input-Gigawords: [0]
2013-11-20 10:58:10,577: DEBUG: Calling-Station-Id: [u'18:21:31:41:52:19']
2013-11-20 10:58:10,578: DEBUG: NAS-Port-Type: ['Wireless-802.11']
2013-11-20 10:58:10,578: DEBUG: GoGo-Total-Output-Voice-Octets: [0]
2013-11-20 10:58:10,578: DEBUG: GoGo-Private-IP-Address: ['192.168.1.179']
2013-11-20 10:58:10,578: DEBUG: GoGo-Acct-Input-Voice-Gigawords: [0]
2013-11-20 10:58:10,578: DEBUG: GoGo-Total-Input-Packets: [23154]
2013-11-20 10:58:10,578: DEBUG: GoGo-Total-Input-Gigawords: [0]
2013-11-20 10:58:10,578: DEBUG: GoGo-Acct-Input-Voice-Packets: [0]
2013-11-20 10:58:10,579: DEBUG: GoGo-Total-Input-Octets: [4066596]
2013-11-20 10:58:10,579: DEBUG: GoGo-Total-Output-Packets: [36386]
2013-11-20 10:58:10,579: DEBUG: WISPr-Location-ID: [u'airline=BA01,tail=01009,network=']
2013-11-20 10:58:10,579: DEBUG: GoGo-Acct-Output-Voice-Gigawords: [0]
2013-11-20 10:58:10,579: DEBUG: Acct-Input-Octets: [4066596]
2013-11-20 10:58:10,582: DEBUG: 

2013-11-20 10:58:10,582: DEBUG: Received response with following attributes:
2013-11-20 10:58:16,583: DEBUG: 

2013-11-20 10:58:16,584: DEBUG: Creating Accounting Update Request with the following Attributes:
2013-11-20 10:58:16,584: DEBUG: User-Name: [u'username57@airborne.aircell.com']
2013-11-20 10:58:16,584: DEBUG: GoGo-Tail-Number: [u'AAATestNAS_138']
2013-11-20 10:58:16,585: DEBUG: Acct-Output-Octets: [1842456]
2013-11-20 10:58:16,585: DEBUG: NAS-IP-Address: ['10.254.143.1']
2013-11-20 10:58:16,585: DEBUG: GoGo-Total-Output-Gigawords: [0]
2013-11-20 10:58:16,586: DEBUG: Framed-IP-Address: ['10.254.143.158']
2013-11-20 10:58:16,586: DEBUG: GoGo-Total-Input-Voice-Gigawords: [0]
2013-11-20 10:58:16,586: DEBUG: GoGo-Total-Output-Octets: [1842456]
2013-11-20 10:58:16,586: DEBUG: GoGo-Acct-Input-Voice-Octets: [0]
2013-11-20 10:58:16,586: DEBUG: GoGo-Total-Input-Voice-Packets: [0]
2013-11-20 10:58:16,586: DEBUG: Called-Station-Id: [u'00:16:3E:1D:9D:93']
2013-11-20 10:58:16,586: DEBUG: WISPr-Location-Name: [u'TEST LLC,BA01_01009']
2013-11-20 10:58:16,587: DEBUG: NAS-Identifier: [u'C08386']
2013-11-20 10:58:16,587: DEBUG: Proxy-State: ['3330,3132']
2013-11-20 10:58:16,587: DEBUG: GoGo-Total-Input-Voice-Octets: [0]
2013-11-20 10:58:16,587: DEBUG: Acct-Status-Type: ['Interim-Update']
2013-11-20 10:58:16,587: DEBUG: GoGo-Total-Output-Voice-Gigawords: [0]
2013-11-20 10:58:16,587: DEBUG: GoGo-Airline: [u'BA01']
2013-11-20 10:58:16,587: DEBUG: Acct-Session-Id: [u'AAATestNAS_138-1384925250524-00163E1D9D93-1']
2013-11-20 10:58:16,588: DEBUG: Acct-Session-Time: [6]
2013-11-20 10:58:16,588: DEBUG: Acct-Input-Packets: [9620]
2013-11-20 10:58:16,588: DEBUG: Acct-Output-Packets: [3554]
2013-11-20 10:58:16,588: DEBUG: GoGo-Acct-Output-Voice-Packets: [0]
2013-11-20 10:58:16,588: DEBUG: GoGo-Acct-Output-Voice-Octets: [0]
2013-11-20 10:58:16,588: DEBUG: Acct-Output-Gigawords: [0]
2013-11-20 10:58:16,588: DEBUG: GoGo-Total-Output-Voice-Packets: [0]
2013-11-20 10:58:16,588: DEBUG: Acct-Input-Gigawords: [0]
2013-11-20 10:58:16,589: DEBUG: Calling-Station-Id: [u'18:21:31:41:52:19']
2013-11-20 10:58:16,589: DEBUG: NAS-Port-Type: ['Wireless-802.11']
2013-11-20 10:58:16,589: DEBUG: GoGo-Total-Output-Voice-Octets: [0]
2013-11-20 10:58:16,589: DEBUG: GoGo-Private-IP-Address: ['192.168.1.179']
2013-11-20 10:58:16,589: DEBUG: GoGo-Acct-Input-Voice-Gigawords: [0]
2013-11-20 10:58:16,589: DEBUG: GoGo-Total-Input-Packets: [9620]
2013-11-20 10:58:16,589: DEBUG: GoGo-Total-Input-Gigawords: [0]
2013-11-20 10:58:16,590: DEBUG: GoGo-Acct-Input-Voice-Packets: [0]
2013-11-20 10:58:16,590: DEBUG: GoGo-Total-Input-Octets: [2376613]
2013-11-20 10:58:16,590: DEBUG: GoGo-Total-Output-Packets: [3554]
2013-11-20 10:58:16,590: DEBUG: WISPr-Location-ID: [u'airline=BA01,tail=01009,network=']
2013-11-20 10:58:16,590: DEBUG: GoGo-Acct-Output-Voice-Gigawords: [0]
2013-11-20 10:58:16,590: DEBUG: Acct-Input-Octets: [2376613]
2013-11-20 10:58:16,590: ERROR: Network error, Reason: 'Network error: Too many open files'
2013-11-20 10:58:40,591: DEBUG: 

2013-11-20 10:58:40,592: DEBUG: Creating Accounting Stop Request with the following Attributes:
2013-11-20 10:58:40,592: DEBUG: User-Name: [u'username57@airborne.aircell.com']
2013-11-20 10:58:40,592: DEBUG: GoGo-Tail-Number: [u'01009']
2013-11-20 10:58:40,592: DEBUG: Acct-Output-Octets: [3537623]
2013-11-20 10:58:40,592: DEBUG: NAS-IP-Address: ['10.254.143.1']
2013-11-20 10:58:40,592: DEBUG: GoGo-Total-Output-Gigawords: [0]
2013-11-20 10:58:40,593: DEBUG: Framed-IP-Address: ['10.254.143.158']
2013-11-20 10:58:40,593: DEBUG: GoGo-Total-Input-Voice-Gigawords: [0]
2013-11-20 10:58:40,593: DEBUG: GoGo-Total-Output-Octets: [3537623]
2013-11-20 10:58:40,593: DEBUG: GoGo-Acct-Input-Voice-Octets: [0]
2013-11-20 10:58:40,593: DEBUG: GoGo-Total-Input-Voice-Packets: [0]
2013-11-20 10:58:40,593: DEBUG: Called-Station-Id: [u'00:16:3E:1D:9D:93']
2013-11-20 10:58:40,593: DEBUG: WISPr-Location-Name: [u'TEST LLC,BA01_01009']
2013-11-20 10:58:40,594: DEBUG: NAS-Identifier: [u'C08386']
2013-11-20 10:58:40,594: DEBUG: Proxy-State: ['3330,3132']
2013-11-20 10:58:40,594: DEBUG: GoGo-Total-Input-Voice-Octets: [0]
2013-11-20 10:58:40,594: DEBUG: Acct-Status-Type: ['Stop']
2013-11-20 10:58:40,595: DEBUG: GoGo-Total-Output-Voice-Gigawords: [0]
2013-11-20 10:58:40,595: DEBUG: GoGo-Airline: [u'BA01']
2013-11-20 10:58:40,595: DEBUG: Acct-Session-Id: [u'AAATestNAS_138-1384925250524-00163E1D9D93-1']
2013-11-20 10:58:40,595: DEBUG: Acct-Session-Time: [24]
2013-11-20 10:58:40,595: DEBUG: Acct-Input-Packets: [12636]
2013-11-20 10:58:40,595: DEBUG: Acct-Output-Packets: [5284]
2013-11-20 10:58:40,595: DEBUG: Acct-Terminate-Cause: ['User-Request']
2013-11-20 10:58:40,595: DEBUG: GoGo-Acct-Output-Voice-Octets: [0]
2013-11-20 10:58:40,596: DEBUG: Acct-Output-Gigawords: [0]
2013-11-20 10:58:40,596: DEBUG: GoGo-Total-Output-Voice-Packets: [0]
2013-11-20 10:58:40,596: DEBUG: Acct-Input-Gigawords: [0]
2013-11-20 10:58:40,596: DEBUG: Calling-Station-Id: [u'18:21:31:41:52:19']
2013-11-20 10:58:40,596: DEBUG: NAS-Port-Type: ['Wireless-802.11']
2013-11-20 10:58:40,596: DEBUG: GoGo-Total-Output-Voice-Octets: [0]
2013-11-20 10:58:40,596: DEBUG: GoGo-Private-IP-Address: ['192.168.1.179']
2013-11-20 10:58:40,597: DEBUG: GoGo-Acct-Input-Voice-Gigawords: [0]
2013-11-20 10:58:40,597: DEBUG: GoGo-Total-Input-Packets: [12636]
2013-11-20 10:58:40,597: DEBUG: GoGo-Total-Input-Gigawords: [0]
2013-11-20 10:58:40,597: DEBUG: GoGo-Acct-Input-Voice-Packets: [0]
2013-11-20 10:58:40,597: DEBUG: GoGo-Total-Input-Octets: [6378988]
2013-11-20 10:58:40,597: DEBUG: GoGo-Total-Output-Packets: [5284]
2013-11-20 10:58:40,597: DEBUG: WISPr-Location-ID: [u'airline=BA01,tail=01009,network=']
2013-11-20 10:58:40,597: DEBUG: GoGo-Acct-Output-Voice-Packets: [0]
2013-11-20 10:58:40,598: DEBUG: GoGo-Acct-Output-Voice-Gigawords: [0]
2013-11-20 10:58:40,598: DEBUG: Acct-Input-Octets: [6378988]
2013-11-20 10:58:40,598: ERROR: Network error, Reason: 'Network error: Too many open files'
2013-11-20 10:58:40,598: ERROR: Ending the test for this user
2013-11-20 10:58:40,598: DEBUG: Ending the test for this user
2013-11-20 10:58:41,617: DEBUG: Starting the client for the user username57@airborne.aircell.com to the server localhost

