2013-11-20 10:56:22,439: DEBUG: Starting the client for the user username14@airborne.aircell.com to the server localhost

2013-11-20 10:56:22,439: DEBUG: DURATION of the TEST: 32
2013-11-20 10:56:22,439: DEBUG: NAS-IP: 10.254.171.1
2013-11-20 10:56:22,439: DEBUG: NAS-MAC-ADDR: 18:21:31:41:52:47
2013-11-20 10:56:22,439: DEBUG: Abruptly End: False
2013-11-20 10:56:22,439: DEBUG: Framed-IP: 10.254.171.106
2013-11-20 10:56:22,439: DEBUG: User-MAC-Addr: 00:16:3E:20:A0:B7
2013-11-20 10:56:22,440: DEBUG: 

2013-11-20 10:56:22,440: DEBUG: Creating Authentication Request with the following Attributes:
2013-11-20 10:56:22,440: DEBUG: NAS-Identifier: [u'C08386']
2013-11-20 10:56:22,441: DEBUG: User-Name: [u'username14@airborne.aircell.com']
2013-11-20 10:56:22,441: DEBUG: NAS-IP-Address: ['10.254.171.1']
2013-11-20 10:56:22,442: DEBUG: Service-Type: ['Authenticate-Only']
2013-11-20 10:56:22,442: DEBUG: Proxy-State: ['3237,3134']
2013-11-20 10:56:22,442: DEBUG: Framed-IP-Address: ['10.254.171.106']
2013-11-20 10:56:22,443: DEBUG: GoGo-Airline: [u'BA01']
2013-11-20 10:56:22,443: DEBUG: Acct-Session-Id: [u'AAATestNAS_166-1384925182440-00163E20A0B7-2']
2013-11-20 10:56:22,443: DEBUG: GoGo-Tail-Number: [u'AAATestNAS_166']
2013-11-20 10:56:22,444: DEBUG: GoGo-Private-IP-Address: ['192.168.1.179']
2013-11-20 10:56:22,445: DEBUG: WISPr-Location-ID: [u'airline=BA01,tail=01009,network=']
2013-11-20 10:56:22,445: DEBUG: WISPr-Location-Name: [u'TEST LLC,BA01_01009']
2013-11-20 10:56:22,446: DEBUG: NAS-Port-Type: ['Wireless-802.11']
2013-11-20 10:56:22,447: DEBUG: Called-Station-Id: [u'00:16:3E:20:A0:B7']
2013-11-20 10:56:22,447: DEBUG: Calling-Station-Id: [u'18:21:31:41:52:47']
2013-11-20 10:56:22,449: DEBUG: 

2013-11-20 10:56:22,450: DEBUG: Received response with code: 2, Accepted
2013-11-20 10:56:22,451: DEBUG: Creating Authentication Request with the following Attributes:
2013-11-20 10:56:22,451: DEBUG: NAS-Identifier: [u'C08386']
2013-11-20 10:56:22,451: DEBUG: User-Name: [u'username14@airborne.aircell.com']
2013-11-20 10:56:22,452: DEBUG: NAS-IP-Address: ['10.254.171.1']
2013-11-20 10:56:22,453: DEBUG: Service-Type: ['Login-User']
2013-11-20 10:56:22,454: DEBUG: Proxy-State: ['3237,3134']
2013-11-20 10:56:22,454: DEBUG: Framed-IP-Address: ['10.254.171.106']
2013-11-20 10:56:22,455: DEBUG: GoGo-Airline: [u'BA01']
2013-11-20 10:56:22,455: DEBUG: Acct-Session-Id: [u'AAATestNAS_166-1384925182450-00163E20A0B7-2']
2013-11-20 10:56:22,456: DEBUG: GoGo-Tail-Number: [u'AAATestNAS_166']
2013-11-20 10:56:22,457: DEBUG: GoGo-Private-IP-Address: ['192.168.1.179']
2013-11-20 10:56:22,458: DEBUG: WISPr-Location-ID: [u'airline=BA01,tail=01009,network=']
2013-11-20 10:56:22,459: DEBUG: WISPr-Location-Name: [u'TEST LLC,BA01_01009']
2013-11-20 10:56:22,460: DEBUG: NAS-Port-Type: ['Wireless-802.11']
2013-11-20 10:56:22,461: DEBUG: Called-Station-Id: [u'00:16:3E:20:A0:B7']
2013-11-20 10:56:22,462: DEBUG: Calling-Station-Id: [u'18:21:31:41:52:47']
2013-11-20 10:56:22,465: DEBUG: 

2013-11-20 10:56:22,466: DEBUG: Received response with code: 2, Accepted
2013-11-20 10:56:22,467: DEBUG: 

2013-11-20 10:56:22,468: DEBUG: Creating Accounting start Request with the following Attributes:
2013-11-20 10:56:22,469: DEBUG: NAS-Identifier: [u'C08386']
2013-11-20 10:56:22,469: DEBUG: User-Name: [u'username14@airborne.aircell.com']
2013-11-20 10:56:22,470: DEBUG: GoGo-Tail-Number: [u'AAATestNAS_166']
2013-11-20 10:56:22,470: DEBUG: NAS-IP-Address: ['10.254.171.1']
2013-11-20 10:56:22,471: DEBUG: Proxy-State: ['3239,3131']
2013-11-20 10:56:22,472: DEBUG: Acct-Status-Type: ['Start']
2013-11-20 10:56:22,472: DEBUG: GoGo-Airline: [u'BA01']
2013-11-20 10:56:22,472: DEBUG: Acct-Session-Id: [u'AAATestNAS_166-1384925182450-00163E20A0B7-2']
2013-11-20 10:56:22,473: DEBUG: GoGo-Private-IP-Address: ['192.168.1.179']
2013-11-20 10:56:22,473: DEBUG: Framed-IP-Address: ['10.254.171.106']
2013-11-20 10:56:22,474: DEBUG: WISPr-Location-ID: [u'airline=BA01,tail=01009,network=']
2013-11-20 10:56:22,474: DEBUG: WISPr-Location-Name: [u'TEST LLC,BA01_01009']
2013-11-20 10:56:22,475: DEBUG: NAS-Port-Type: ['Wireless-802.11']
2013-11-20 10:56:22,475: DEBUG: Called-Station-Id: [u'00:16:3E:20:A0:B7']
2013-11-20 10:56:22,476: DEBUG: Calling-Station-Id: [u'18:21:31:41:52:47']
2013-11-20 10:56:22,478: DEBUG: 

2013-11-20 10:56:22,478: DEBUG: Received response with following attributes:
2013-11-20 10:56:32,479: DEBUG: 

2013-11-20 10:56:32,480: DEBUG: Creating Accounting Update Request with the following Attributes:
2013-11-20 10:56:32,480: DEBUG: User-Name: [u'username14@airborne.aircell.com']
2013-11-20 10:56:32,481: DEBUG: GoGo-Tail-Number: [u'AAATestNAS_166']
2013-11-20 10:56:32,481: DEBUG: Acct-Output-Octets: [8132465]
2013-11-20 10:56:32,481: DEBUG: NAS-IP-Address: ['10.254.171.1']
2013-11-20 10:56:32,481: DEBUG: GoGo-Total-Output-Gigawords: [0]
2013-11-20 10:56:32,482: DEBUG: Framed-IP-Address: ['10.254.171.106']
2013-11-20 10:56:32,482: DEBUG: GoGo-Total-Input-Voice-Gigawords: [0]
2013-11-20 10:56:32,482: DEBUG: GoGo-Total-Output-Octets: [8132465]
2013-11-20 10:56:32,482: DEBUG: GoGo-Acct-Input-Voice-Octets: [0]
2013-11-20 10:56:32,483: DEBUG: GoGo-Total-Input-Voice-Packets: [0]
2013-11-20 10:56:32,483: DEBUG: Called-Station-Id: [u'00:16:3E:20:A0:B7']
2013-11-20 10:56:32,483: DEBUG: WISPr-Location-Name: [u'TEST LLC,BA01_01009']
2013-11-20 10:56:32,483: DEBUG: NAS-Identifier: [u'C08386']
2013-11-20 10:56:32,484: DEBUG: Proxy-State: ['3330,3132']
2013-11-20 10:56:32,484: DEBUG: GoGo-Total-Input-Voice-Octets: [0]
2013-11-20 10:56:32,484: DEBUG: Acct-Status-Type: ['Interim-Update']
2013-11-20 10:56:32,484: DEBUG: GoGo-Total-Output-Voice-Gigawords: [0]
2013-11-20 10:56:32,485: DEBUG: GoGo-Airline: [u'BA01']
2013-11-20 10:56:32,485: DEBUG: Acct-Session-Id: [u'AAATestNAS_166-1384925182450-00163E20A0B7-2']
2013-11-20 10:56:32,485: DEBUG: Acct-Session-Time: [10]
2013-11-20 10:56:32,485: DEBUG: Acct-Input-Packets: [27852]
2013-11-20 10:56:32,486: DEBUG: Acct-Output-Packets: [47472]
2013-11-20 10:56:32,486: DEBUG: GoGo-Acct-Output-Voice-Packets: [0]
2013-11-20 10:56:32,486: DEBUG: GoGo-Acct-Output-Voice-Octets: [0]
2013-11-20 10:56:32,486: DEBUG: Acct-Output-Gigawords: [0]
2013-11-20 10:56:32,487: DEBUG: GoGo-Total-Output-Voice-Packets: [0]
2013-11-20 10:56:32,487: DEBUG: Acct-Input-Gigawords: [0]
2013-11-20 10:56:32,487: DEBUG: Calling-Station-Id: [u'18:21:31:41:52:47']
2013-11-20 10:56:32,487: DEBUG: NAS-Port-Type: ['Wireless-802.11']
2013-11-20 10:56:32,487: DEBUG: GoGo-Total-Output-Voice-Octets: [0]
2013-11-20 10:56:32,487: DEBUG: GoGo-Private-IP-Address: ['192.168.1.179']
2013-11-20 10:56:32,487: DEBUG: GoGo-Acct-Input-Voice-Gigawords: [0]
2013-11-20 10:56:32,488: DEBUG: GoGo-Total-Input-Packets: [27852]
2013-11-20 10:56:32,488: DEBUG: GoGo-Total-Input-Gigawords: [0]
2013-11-20 10:56:32,488: DEBUG: GoGo-Acct-Input-Voice-Packets: [0]
2013-11-20 10:56:32,488: DEBUG: GoGo-Total-Input-Octets: [3166666]
2013-11-20 10:56:32,488: DEBUG: GoGo-Total-Output-Packets: [47472]
2013-11-20 10:56:32,488: DEBUG: WISPr-Location-ID: [u'airline=BA01,tail=01009,network=']
2013-11-20 10:56:32,488: DEBUG: GoGo-Acct-Output-Voice-Gigawords: [0]
2013-11-20 10:56:32,489: DEBUG: Acct-Input-Octets: [3166666]
2013-11-20 10:56:32,490: DEBUG: 

2013-11-20 10:56:32,490: DEBUG: Received response with following attributes:
2013-11-20 10:56:42,491: DEBUG: 

2013-11-20 10:56:42,492: DEBUG: Creating Accounting Update Request with the following Attributes:
2013-11-20 10:56:42,492: DEBUG: User-Name: [u'username14@airborne.aircell.com']
2013-11-20 10:56:42,493: DEBUG: GoGo-Tail-Number: [u'AAATestNAS_166']
2013-11-20 10:56:42,493: DEBUG: Acct-Output-Octets: [2088293]
2013-11-20 10:56:42,494: DEBUG: NAS-IP-Address: ['10.254.171.1']
2013-11-20 10:56:42,494: DEBUG: GoGo-Total-Output-Gigawords: [0]
2013-11-20 10:56:42,494: DEBUG: Framed-IP-Address: ['10.254.171.106']
2013-11-20 10:56:42,494: DEBUG: GoGo-Total-Input-Voice-Gigawords: [0]
2013-11-20 10:56:42,495: DEBUG: GoGo-Total-Output-Octets: [2088293]
2013-11-20 10:56:42,495: DEBUG: GoGo-Acct-Input-Voice-Octets: [0]
2013-11-20 10:56:42,495: DEBUG: GoGo-Total-Input-Voice-Packets: [0]
2013-11-20 10:56:42,495: DEBUG: Called-Station-Id: [u'00:16:3E:20:A0:B7']
2013-11-20 10:56:42,496: DEBUG: WISPr-Location-Name: [u'TEST LLC,BA01_01009']
2013-11-20 10:56:42,496: DEBUG: NAS-Identifier: [u'C08386']
2013-11-20 10:56:42,496: DEBUG: Proxy-State: ['3330,3132']
2013-11-20 10:56:42,497: DEBUG: GoGo-Total-Input-Voice-Octets: [0]
2013-11-20 10:56:42,497: DEBUG: Acct-Status-Type: ['Interim-Update']
2013-11-20 10:56:42,497: DEBUG: GoGo-Total-Output-Voice-Gigawords: [0]
2013-11-20 10:56:42,497: DEBUG: GoGo-Airline: [u'BA01']
2013-11-20 10:56:42,498: DEBUG: Acct-Session-Id: [u'AAATestNAS_166-1384925182450-00163E20A0B7-2']
2013-11-20 10:56:42,498: DEBUG: Acct-Session-Time: [10]
2013-11-20 10:56:42,498: DEBUG: Acct-Input-Packets: [31770]
2013-11-20 10:56:42,498: DEBUG: Acct-Output-Packets: [20861]
2013-11-20 10:56:42,499: DEBUG: GoGo-Acct-Output-Voice-Packets: [0]
2013-11-20 10:56:42,499: DEBUG: GoGo-Acct-Output-Voice-Octets: [0]
2013-11-20 10:56:42,499: DEBUG: Acct-Output-Gigawords: [0]
2013-11-20 10:56:42,500: DEBUG: GoGo-Total-Output-Voice-Packets: [0]
2013-11-20 10:56:42,500: DEBUG: Acct-Input-Gigawords: [0]
2013-11-20 10:56:42,500: DEBUG: Calling-Station-Id: [u'18:21:31:41:52:47']
2013-11-20 10:56:42,500: DEBUG: NAS-Port-Type: ['Wireless-802.11']
2013-11-20 10:56:42,501: DEBUG: GoGo-Total-Output-Voice-Octets: [0]
2013-11-20 10:56:42,501: DEBUG: GoGo-Private-IP-Address: ['192.168.1.179']
2013-11-20 10:56:42,501: DEBUG: GoGo-Acct-Input-Voice-Gigawords: [0]
2013-11-20 10:56:42,501: DEBUG: GoGo-Total-Input-Packets: [31770]
2013-11-20 10:56:42,501: DEBUG: GoGo-Total-Input-Gigawords: [0]
2013-11-20 10:56:42,502: DEBUG: GoGo-Acct-Input-Voice-Packets: [0]
2013-11-20 10:56:42,502: DEBUG: GoGo-Total-Input-Octets: [6228339]
2013-11-20 10:56:42,502: DEBUG: GoGo-Total-Output-Packets: [20861]
2013-11-20 10:56:42,502: DEBUG: WISPr-Location-ID: [u'airline=BA01,tail=01009,network=']
2013-11-20 10:56:42,502: DEBUG: GoGo-Acct-Output-Voice-Gigawords: [0]
2013-11-20 10:56:42,502: DEBUG: Acct-Input-Octets: [6228339]
2013-11-20 10:56:42,504: DEBUG: 

2013-11-20 10:56:42,504: DEBUG: Received response with following attributes:
2013-11-20 10:56:52,505: DEBUG: 

2013-11-20 10:56:52,506: DEBUG: Creating Accounting Update Request with the following Attributes:
2013-11-20 10:56:52,506: DEBUG: User-Name: [u'username14@airborne.aircell.com']
2013-11-20 10:56:52,506: DEBUG: GoGo-Tail-Number: [u'AAATestNAS_166']
2013-11-20 10:56:52,506: DEBUG: Acct-Output-Octets: [4433905]
2013-11-20 10:56:52,507: DEBUG: NAS-IP-Address: ['10.254.171.1']
2013-11-20 10:56:52,507: DEBUG: GoGo-Total-Output-Gigawords: [0]
2013-11-20 10:56:52,507: DEBUG: Framed-IP-Address: ['10.254.171.106']
2013-11-20 10:56:52,508: DEBUG: GoGo-Total-Input-Voice-Gigawords: [0]
2013-11-20 10:56:52,508: DEBUG: GoGo-Total-Output-Octets: [4433905]
2013-11-20 10:56:52,508: DEBUG: GoGo-Acct-Input-Voice-Octets: [0]
2013-11-20 10:56:52,508: DEBUG: GoGo-Total-Input-Voice-Packets: [0]
2013-11-20 10:56:52,508: DEBUG: Called-Station-Id: [u'00:16:3E:20:A0:B7']
2013-11-20 10:56:52,509: DEBUG: WISPr-Location-Name: [u'TEST LLC,BA01_01009']
2013-11-20 10:56:52,509: DEBUG: NAS-Identifier: [u'C08386']
2013-11-20 10:56:52,509: DEBUG: Proxy-State: ['3330,3132']
2013-11-20 10:56:52,510: DEBUG: GoGo-Total-Input-Voice-Octets: [0]
2013-11-20 10:56:52,510: DEBUG: Acct-Status-Type: ['Interim-Update']
2013-11-20 10:56:52,510: DEBUG: GoGo-Total-Output-Voice-Gigawords: [0]
2013-11-20 10:56:52,510: DEBUG: GoGo-Airline: [u'BA01']
2013-11-20 10:56:52,511: DEBUG: Acct-Session-Id: [u'AAATestNAS_166-1384925182450-00163E20A0B7-2']
2013-11-20 10:56:52,511: DEBUG: Acct-Session-Time: [10]
2013-11-20 10:56:52,511: DEBUG: Acct-Input-Packets: [6987]
2013-11-20 10:56:52,512: DEBUG: Acct-Output-Packets: [23882]
2013-11-20 10:56:52,512: DEBUG: GoGo-Acct-Output-Voice-Packets: [0]
2013-11-20 10:56:52,512: DEBUG: GoGo-Acct-Output-Voice-Octets: [0]
2013-11-20 10:56:52,512: DEBUG: Acct-Output-Gigawords: [0]
2013-11-20 10:56:52,513: DEBUG: GoGo-Total-Output-Voice-Packets: [0]
2013-11-20 10:56:52,513: DEBUG: Acct-Input-Gigawords: [0]
2013-11-20 10:56:52,513: DEBUG: Calling-Station-Id: [u'18:21:31:41:52:47']
2013-11-20 10:56:52,513: DEBUG: NAS-Port-Type: ['Wireless-802.11']
2013-11-20 10:56:52,514: DEBUG: GoGo-Total-Output-Voice-Octets: [0]
2013-11-20 10:56:52,514: DEBUG: GoGo-Private-IP-Address: ['192.168.1.179']
2013-11-20 10:56:52,514: DEBUG: GoGo-Acct-Input-Voice-Gigawords: [0]
2013-11-20 10:56:52,514: DEBUG: GoGo-Total-Input-Packets: [6987]
2013-11-20 10:56:52,514: DEBUG: GoGo-Total-Input-Gigawords: [0]
2013-11-20 10:56:52,514: DEBUG: GoGo-Acct-Input-Voice-Packets: [0]
2013-11-20 10:56:52,514: DEBUG: GoGo-Total-Input-Octets: [1208751]
2013-11-20 10:56:52,515: DEBUG: GoGo-Total-Output-Packets: [23882]
2013-11-20 10:56:52,515: DEBUG: WISPr-Location-ID: [u'airline=BA01,tail=01009,network=']
2013-11-20 10:56:52,515: DEBUG: GoGo-Acct-Output-Voice-Gigawords: [0]
2013-11-20 10:56:52,515: DEBUG: Acct-Input-Octets: [1208751]
2013-11-20 10:56:52,516: DEBUG: 

2013-11-20 10:56:52,516: DEBUG: Received response with following attributes:
2013-11-20 10:57:04,517: DEBUG: 

2013-11-20 10:57:04,518: DEBUG: Creating Accounting Stop Request with the following Attributes:
2013-11-20 10:57:04,519: DEBUG: User-Name: [u'username14@airborne.aircell.com']
2013-11-20 10:57:04,520: DEBUG: GoGo-Tail-Number: [u'01009']
2013-11-20 10:57:04,521: DEBUG: Acct-Output-Octets: [6343337]
2013-11-20 10:57:04,522: DEBUG: NAS-IP-Address: ['10.254.171.1']
2013-11-20 10:57:04,522: DEBUG: GoGo-Total-Output-Gigawords: [0]
2013-11-20 10:57:04,523: DEBUG: Framed-IP-Address: ['10.254.171.106']
2013-11-20 10:57:04,523: DEBUG: GoGo-Total-Input-Voice-Gigawords: [0]
2013-11-20 10:57:04,523: DEBUG: GoGo-Total-Output-Octets: [6343337]
2013-11-20 10:57:04,524: DEBUG: GoGo-Acct-Input-Voice-Octets: [0]
2013-11-20 10:57:04,525: DEBUG: GoGo-Total-Input-Voice-Packets: [0]
2013-11-20 10:57:04,525: DEBUG: Called-Station-Id: [u'00:16:3E:20:A0:B7']
2013-11-20 10:57:04,526: DEBUG: WISPr-Location-Name: [u'TEST LLC,BA01_01009']
2013-11-20 10:57:04,526: DEBUG: NAS-Identifier: [u'C08386']
2013-11-20 10:57:04,526: DEBUG: Proxy-State: ['3330,3132']
2013-11-20 10:57:04,527: DEBUG: GoGo-Total-Input-Voice-Octets: [0]
2013-11-20 10:57:04,527: DEBUG: Acct-Status-Type: ['Stop']
2013-11-20 10:57:04,528: DEBUG: GoGo-Total-Output-Voice-Gigawords: [0]
2013-11-20 10:57:04,528: DEBUG: GoGo-Airline: [u'BA01']
2013-11-20 10:57:04,529: DEBUG: Acct-Session-Id: [u'AAATestNAS_166-1384925182450-00163E20A0B7-2']
2013-11-20 10:57:04,529: DEBUG: Acct-Session-Time: [12]
2013-11-20 10:57:04,530: DEBUG: Acct-Input-Packets: [3920]
2013-11-20 10:57:04,531: DEBUG: Acct-Output-Packets: [52832]
2013-11-20 10:57:04,532: DEBUG: Acct-Terminate-Cause: ['User-Request']
2013-11-20 10:57:04,533: DEBUG: GoGo-Acct-Output-Voice-Octets: [0]
2013-11-20 10:57:04,533: DEBUG: Acct-Output-Gigawords: [0]
2013-11-20 10:57:04,533: DEBUG: GoGo-Total-Output-Voice-Packets: [0]
2013-11-20 10:57:04,533: DEBUG: Acct-Input-Gigawords: [0]
2013-11-20 10:57:04,535: DEBUG: Calling-Station-Id: [u'18:21:31:41:52:47']
2013-11-20 10:57:04,535: DEBUG: NAS-Port-Type: ['Wireless-802.11']
2013-11-20 10:57:04,536: DEBUG: GoGo-Total-Output-Voice-Octets: [0]
2013-11-20 10:57:04,537: DEBUG: GoGo-Private-IP-Address: ['192.168.1.179']
2013-11-20 10:57:04,537: DEBUG: GoGo-Acct-Input-Voice-Gigawords: [0]
2013-11-20 10:57:04,538: DEBUG: GoGo-Total-Input-Packets: [3920]
2013-11-20 10:57:04,538: DEBUG: GoGo-Total-Input-Gigawords: [0]
2013-11-20 10:57:04,539: DEBUG: GoGo-Acct-Input-Voice-Packets: [0]
2013-11-20 10:57:04,539: DEBUG: GoGo-Total-Input-Octets: [1204739]
2013-11-20 10:57:04,540: DEBUG: GoGo-Total-Output-Packets: [52832]
2013-11-20 10:57:04,540: DEBUG: WISPr-Location-ID: [u'airline=BA01,tail=01009,network=']
2013-11-20 10:57:04,540: DEBUG: GoGo-Acct-Output-Voice-Packets: [0]
2013-11-20 10:57:04,541: DEBUG: GoGo-Acct-Output-Voice-Gigawords: [0]
2013-11-20 10:57:04,541: DEBUG: Acct-Input-Octets: [1204739]
2013-11-20 10:57:04,543: DEBUG: 

2013-11-20 10:57:04,544: DEBUG: Received response with following attributes:
2013-11-20 10:57:04,544: DEBUG: Ending the test for this user
2013-11-20 10:57:05,480: DEBUG: Starting the client for the user username14@airborne.aircell.com to the server localhost

2013-11-20 10:57:05,480: DEBUG: DURATION of the TEST: 68
2013-11-20 10:57:05,480: DEBUG: NAS-IP: 10.254.89.1
2013-11-20 10:57:05,480: DEBUG: NAS-MAC-ADDR: 17:21:31:41:52:54
2013-11-20 10:57:05,481: DEBUG: Abruptly End: True
2013-11-20 10:57:05,481: DEBUG: Framed-IP: 10.254.89.165
2013-11-20 10:57:05,481: DEBUG: User-MAC-Addr: 00:16:3E:49:7D:52
2013-11-20 10:57:05,481: DEBUG: 

2013-11-20 10:57:05,482: DEBUG: Creating Authentication Request with the following Attributes:
2013-11-20 10:57:05,482: DEBUG: NAS-Identifier: [u'C08386']
2013-11-20 10:57:05,482: DEBUG: User-Name: [u'username14@airborne.aircell.com']
2013-11-20 10:57:05,482: DEBUG: NAS-IP-Address: ['10.254.89.1']
2013-11-20 10:57:05,482: DEBUG: Service-Type: ['Authenticate-Only']
2013-11-20 10:57:05,482: DEBUG: Proxy-State: ['3237,3134']
2013-11-20 10:57:05,482: DEBUG: Framed-IP-Address: ['10.254.89.165']
2013-11-20 10:57:05,483: DEBUG: GoGo-Airline: [u'BA01']
2013-11-20 10:57:05,483: DEBUG: Acct-Session-Id: [u'AAATestNAS_84-1384925225481-00163E497D52-2']
2013-11-20 10:57:05,483: DEBUG: GoGo-Tail-Number: [u'AAATestNAS_84']
2013-11-20 10:57:05,483: DEBUG: GoGo-Private-IP-Address: ['192.168.1.179']
2013-11-20 10:57:05,483: DEBUG: WISPr-Location-ID: [u'airline=BA01,tail=01009,network=']
2013-11-20 10:57:05,483: DEBUG: WISPr-Location-Name: [u'TEST LLC,BA01_01009']
2013-11-20 10:57:05,483: DEBUG: NAS-Port-Type: ['Wireless-802.11']
2013-11-20 10:57:05,483: DEBUG: Called-Station-Id: [u'00:16:3E:49:7D:52']
2013-11-20 10:57:05,484: DEBUG: Calling-Station-Id: [u'17:21:31:41:52:54']
2013-11-20 10:57:05,485: DEBUG: 

2013-11-20 10:57:05,485: DEBUG: Received response with code: 2, Accepted
2013-11-20 10:57:05,485: DEBUG: Creating Authentication Request with the following Attributes:
2013-11-20 10:57:05,485: DEBUG: NAS-Identifier: [u'C08386']
2013-11-20 10:57:05,486: DEBUG: User-Name: [u'username14@airborne.aircell.com']
2013-11-20 10:57:05,486: DEBUG: NAS-IP-Address: ['10.254.89.1']
2013-11-20 10:57:05,486: DEBUG: Service-Type: ['Login-User']
2013-11-20 10:57:05,486: DEBUG: Proxy-State: ['3237,3134']
2013-11-20 10:57:05,486: DEBUG: Framed-IP-Address: ['10.254.89.165']
2013-11-20 10:57:05,486: DEBUG: GoGo-Airline: [u'BA01']
2013-11-20 10:57:05,486: DEBUG: Acct-Session-Id: [u'AAATestNAS_84-1384925225485-00163E497D52-2']
2013-11-20 10:57:05,487: DEBUG: GoGo-Tail-Number: [u'AAATestNAS_84']
2013-11-20 10:57:05,487: DEBUG: GoGo-Private-IP-Address: ['192.168.1.179']
2013-11-20 10:57:05,487: DEBUG: WISPr-Location-ID: [u'airline=BA01,tail=01009,network=']
2013-11-20 10:57:05,487: DEBUG: WISPr-Location-Name: [u'TEST LLC,BA01_01009']
2013-11-20 10:57:05,487: DEBUG: NAS-Port-Type: ['Wireless-802.11']
2013-11-20 10:57:05,487: DEBUG: Called-Station-Id: [u'00:16:3E:49:7D:52']
2013-11-20 10:57:05,488: DEBUG: Calling-Station-Id: [u'17:21:31:41:52:54']
2013-11-20 10:57:05,490: DEBUG: 

2013-11-20 10:57:05,490: DEBUG: Received response with code: 2, Accepted
2013-11-20 10:57:05,491: DEBUG: 

2013-11-20 10:57:05,492: DEBUG: Creating Accounting start Request with the following Attributes:
2013-11-20 10:57:05,492: DEBUG: NAS-Identifier: [u'C08386']
2013-11-20 10:57:05,493: DEBUG: User-Name: [u'username14@airborne.aircell.com']
2013-11-20 10:57:05,493: DEBUG: GoGo-Tail-Number: [u'AAATestNAS_84']
2013-11-20 10:57:05,494: DEBUG: NAS-IP-Address: ['10.254.89.1']
2013-11-20 10:57:05,494: DEBUG: Proxy-State: ['3239,3131']
2013-11-20 10:57:05,495: DEBUG: Acct-Status-Type: ['Start']
2013-11-20 10:57:05,496: DEBUG: GoGo-Airline: [u'BA01']
2013-11-20 10:57:05,497: DEBUG: Acct-Session-Id: [u'AAATestNAS_84-1384925225485-00163E497D52-2']
2013-11-20 10:57:05,497: DEBUG: GoGo-Private-IP-Address: ['192.168.1.179']
2013-11-20 10:57:05,499: DEBUG: Framed-IP-Address: ['10.254.89.165']
2013-11-20 10:57:05,499: DEBUG: WISPr-Location-ID: [u'airline=BA01,tail=01009,network=']
2013-11-20 10:57:05,500: DEBUG: WISPr-Location-Name: [u'TEST LLC,BA01_01009']
2013-11-20 10:57:05,501: DEBUG: NAS-Port-Type: ['Wireless-802.11']
2013-11-20 10:57:05,502: DEBUG: Called-Station-Id: [u'00:16:3E:49:7D:52']
2013-11-20 10:57:05,503: DEBUG: Calling-Station-Id: [u'17:21:31:41:52:54']
2013-11-20 10:57:05,505: DEBUG: 

2013-11-20 10:57:05,506: DEBUG: Received response with following attributes:
2013-11-20 10:57:15,507: DEBUG: 

2013-11-20 10:57:15,508: DEBUG: Creating Accounting Update Request with the following Attributes:
2013-11-20 10:57:15,508: DEBUG: User-Name: [u'username14@airborne.aircell.com']
2013-11-20 10:57:15,508: DEBUG: GoGo-Tail-Number: [u'AAATestNAS_84']
2013-11-20 10:57:15,509: DEBUG: Acct-Output-Octets: [2900736]
2013-11-20 10:57:15,509: DEBUG: NAS-IP-Address: ['10.254.89.1']
2013-11-20 10:57:15,509: DEBUG: GoGo-Total-Output-Gigawords: [0]
2013-11-20 10:57:15,509: DEBUG: Framed-IP-Address: ['10.254.89.165']
2013-11-20 10:57:15,510: DEBUG: GoGo-Total-Input-Voice-Gigawords: [0]
2013-11-20 10:57:15,510: DEBUG: GoGo-Total-Output-Octets: [2900736]
2013-11-20 10:57:15,510: DEBUG: GoGo-Acct-Input-Voice-Octets: [0]
2013-11-20 10:57:15,510: DEBUG: GoGo-Total-Input-Voice-Packets: [0]
2013-11-20 10:57:15,510: DEBUG: Called-Station-Id: [u'00:16:3E:49:7D:52']
2013-11-20 10:57:15,511: DEBUG: WISPr-Location-Name: [u'TEST LLC,BA01_01009']
2013-11-20 10:57:15,511: DEBUG: NAS-Identifier: [u'C08386']
2013-11-20 10:57:15,511: DEBUG: Proxy-State: ['3330,3132']
2013-11-20 10:57:15,511: DEBUG: GoGo-Total-Input-Voice-Octets: [0]
2013-11-20 10:57:15,511: DEBUG: Acct-Status-Type: ['Interim-Update']
2013-11-20 10:57:15,512: DEBUG: GoGo-Total-Output-Voice-Gigawords: [0]
2013-11-20 10:57:15,512: DEBUG: GoGo-Airline: [u'BA01']
2013-11-20 10:57:15,512: DEBUG: Acct-Session-Id: [u'AAATestNAS_84-1384925225485-00163E497D52-2']
2013-11-20 10:57:15,512: DEBUG: Acct-Session-Time: [10]
2013-11-20 10:57:15,512: DEBUG: Acct-Input-Packets: [12708]
2013-11-20 10:57:15,512: DEBUG: Acct-Output-Packets: [28230]
2013-11-20 10:57:15,513: DEBUG: GoGo-Acct-Output-Voice-Packets: [0]
2013-11-20 10:57:15,513: DEBUG: GoGo-Acct-Output-Voice-Octets: [0]
2013-11-20 10:57:15,513: DEBUG: Acct-Output-Gigawords: [0]
2013-11-20 10:57:15,513: DEBUG: GoGo-Total-Output-Voice-Packets: [0]
2013-11-20 10:57:15,514: DEBUG: Acct-Input-Gigawords: [0]
2013-11-20 10:57:15,514: DEBUG: Calling-Station-Id: [u'17:21:31:41:52:54']
2013-11-20 10:57:15,515: DEBUG: NAS-Port-Type: ['Wireless-802.11']
2013-11-20 10:57:15,516: DEBUG: GoGo-Total-Output-Voice-Octets: [0]
2013-11-20 10:57:15,516: DEBUG: GoGo-Private-IP-Address: ['192.168.1.179']
2013-11-20 10:57:15,516: DEBUG: GoGo-Acct-Input-Voice-Gigawords: [0]
2013-11-20 10:57:15,517: DEBUG: GoGo-Total-Input-Packets: [12708]
2013-11-20 10:57:15,517: DEBUG: GoGo-Total-Input-Gigawords: [0]
2013-11-20 10:57:15,517: DEBUG: GoGo-Acct-Input-Voice-Packets: [0]
2013-11-20 10:57:15,518: DEBUG: GoGo-Total-Input-Octets: [8116505]
2013-11-20 10:57:15,518: DEBUG: GoGo-Total-Output-Packets: [28230]
2013-11-20 10:57:15,518: DEBUG: WISPr-Location-ID: [u'airline=BA01,tail=01009,network=']
2013-11-20 10:57:15,519: DEBUG: GoGo-Acct-Output-Voice-Gigawords: [0]
2013-11-20 10:57:15,519: DEBUG: Acct-Input-Octets: [8116505]
2013-11-20 10:57:15,521: DEBUG: 

2013-11-20 10:57:15,522: DEBUG: Received response with following attributes:
2013-11-20 10:57:15,522: DEBUG: User has abruptly end flag so ending the test with out AcctStop
2013-11-20 10:57:15,522: DEBUG: Ending the test for this user
2013-11-20 10:57:16,499: DEBUG: Starting the client for the user username14@airborne.aircell.com to the server localhost

2013-11-20 10:57:16,500: DEBUG: DURATION of the TEST: 56
2013-11-20 10:57:16,500: DEBUG: NAS-IP: 10.254.169.1
2013-11-20 10:57:16,500: DEBUG: NAS-MAC-ADDR: 18:21:31:41:52:45
2013-11-20 10:57:16,500: DEBUG: Abruptly End: False
2013-11-20 10:57:16,500: DEBUG: Framed-IP: 10.254.169.166
2013-11-20 10:57:16,500: DEBUG: User-MAC-Addr: 00:16:3E:0A:09:7A
2013-11-20 10:57:16,501: DEBUG: 

2013-11-20 10:57:16,501: DEBUG: Creating Authentication Request with the following Attributes:
2013-11-20 10:57:16,501: DEBUG: NAS-Identifier: [u'C08386']
2013-11-20 10:57:16,502: DEBUG: User-Name: [u'username14@airborne.aircell.com']
2013-11-20 10:57:16,502: DEBUG: NAS-IP-Address: ['10.254.169.1']
2013-11-20 10:57:16,503: DEBUG: Service-Type: ['Authenticate-Only']
2013-11-20 10:57:16,503: DEBUG: Proxy-State: ['3237,3134']
2013-11-20 10:57:16,504: DEBUG: Framed-IP-Address: ['10.254.169.166']
2013-11-20 10:57:16,504: DEBUG: GoGo-Airline: [u'BA01']
2013-11-20 10:57:16,505: DEBUG: Acct-Session-Id: [u'AAATestNAS_164-1384925236501-00163E0A097A-3']
2013-11-20 10:57:16,505: DEBUG: GoGo-Tail-Number: [u'AAATestNAS_164']
2013-11-20 10:57:16,506: DEBUG: GoGo-Private-IP-Address: ['192.168.1.179']
2013-11-20 10:57:16,507: DEBUG: WISPr-Location-ID: [u'airline=BA01,tail=01009,network=']
2013-11-20 10:57:16,507: DEBUG: WISPr-Location-Name: [u'TEST LLC,BA01_01009']
2013-11-20 10:57:16,508: DEBUG: NAS-Port-Type: ['Wireless-802.11']
2013-11-20 10:57:16,508: DEBUG: Called-Station-Id: [u'00:16:3E:0A:09:7A']
2013-11-20 10:57:16,509: DEBUG: Calling-Station-Id: [u'18:21:31:41:52:45']
2013-11-20 10:57:16,510: DEBUG: 

2013-11-20 10:57:16,511: DEBUG: Received response with code: 2, Accepted
2013-11-20 10:57:16,512: DEBUG: Creating Authentication Request with the following Attributes:
2013-11-20 10:57:16,513: DEBUG: NAS-Identifier: [u'C08386']
2013-11-20 10:57:16,514: DEBUG: User-Name: [u'username14@airborne.aircell.com']
2013-11-20 10:57:16,516: DEBUG: NAS-IP-Address: ['10.254.169.1']
2013-11-20 10:57:16,517: DEBUG: Service-Type: ['Login-User']
2013-11-20 10:57:16,519: DEBUG: Proxy-State: ['3237,3134']
2013-11-20 10:57:16,519: DEBUG: Framed-IP-Address: ['10.254.169.166']
2013-11-20 10:57:16,520: DEBUG: GoGo-Airline: [u'BA01']
2013-11-20 10:57:16,520: DEBUG: Acct-Session-Id: [u'AAATestNAS_164-1384925236512-00163E0A097A-3']
2013-11-20 10:57:16,521: DEBUG: GoGo-Tail-Number: [u'AAATestNAS_164']
2013-11-20 10:57:16,522: DEBUG: GoGo-Private-IP-Address: ['192.168.1.179']
2013-11-20 10:57:16,522: DEBUG: WISPr-Location-ID: [u'airline=BA01,tail=01009,network=']
2013-11-20 10:57:16,524: DEBUG: WISPr-Location-Name: [u'TEST LLC,BA01_01009']
2013-11-20 10:57:16,525: DEBUG: NAS-Port-Type: ['Wireless-802.11']
2013-11-20 10:57:16,525: DEBUG: Called-Station-Id: [u'00:16:3E:0A:09:7A']
2013-11-20 10:57:16,527: DEBUG: Calling-Station-Id: [u'18:21:31:41:52:45']
2013-11-20 10:57:16,529: DEBUG: 

2013-11-20 10:57:16,530: DEBUG: Received response with code: 2, Accepted
2013-11-20 10:57:16,531: DEBUG: 

2013-11-20 10:57:16,533: DEBUG: Creating Accounting start Request with the following Attributes:
2013-11-20 10:57:16,535: DEBUG: NAS-Identifier: [u'C08386']
2013-11-20 10:57:16,536: DEBUG: User-Name: [u'username14@airborne.aircell.com']
2013-11-20 10:57:16,539: DEBUG: GoGo-Tail-Number: [u'AAATestNAS_164']
2013-11-20 10:57:16,540: DEBUG: NAS-IP-Address: ['10.254.169.1']
2013-11-20 10:57:16,540: DEBUG: Proxy-State: ['3239,3131']
2013-11-20 10:57:16,542: DEBUG: Acct-Status-Type: ['Start']
2013-11-20 10:57:16,543: DEBUG: GoGo-Airline: [u'BA01']
2013-11-20 10:57:16,545: DEBUG: Acct-Session-Id: [u'AAATestNAS_164-1384925236512-00163E0A097A-3']
2013-11-20 10:57:16,546: DEBUG: GoGo-Private-IP-Address: ['192.168.1.179']
2013-11-20 10:57:16,547: DEBUG: Framed-IP-Address: ['10.254.169.166']
2013-11-20 10:57:16,548: DEBUG: WISPr-Location-ID: [u'airline=BA01,tail=01009,network=']
2013-11-20 10:57:16,550: DEBUG: WISPr-Location-Name: [u'TEST LLC,BA01_01009']
2013-11-20 10:57:16,551: DEBUG: NAS-Port-Type: ['Wireless-802.11']
2013-11-20 10:57:16,552: DEBUG: Called-Station-Id: [u'00:16:3E:0A:09:7A']
2013-11-20 10:57:16,554: DEBUG: Calling-Station-Id: [u'18:21:31:41:52:45']
2013-11-20 10:57:16,557: DEBUG: 

2013-11-20 10:57:16,558: DEBUG: Received response with following attributes:
2013-11-20 10:57:26,560: DEBUG: 

2013-11-20 10:57:26,560: DEBUG: Creating Accounting Update Request with the following Attributes:
2013-11-20 10:57:26,561: DEBUG: User-Name: [u'username14@airborne.aircell.com']
2013-11-20 10:57:26,561: DEBUG: GoGo-Tail-Number: [u'AAATestNAS_164']
2013-11-20 10:57:26,561: DEBUG: Acct-Output-Octets: [9925814]
2013-11-20 10:57:26,561: DEBUG: NAS-IP-Address: ['10.254.169.1']
2013-11-20 10:57:26,561: DEBUG: GoGo-Total-Output-Gigawords: [0]
2013-11-20 10:57:26,562: DEBUG: Framed-IP-Address: ['10.254.169.166']
2013-11-20 10:57:26,562: DEBUG: GoGo-Total-Input-Voice-Gigawords: [0]
2013-11-20 10:57:26,562: DEBUG: GoGo-Total-Output-Octets: [9925814]
2013-11-20 10:57:26,562: DEBUG: GoGo-Acct-Input-Voice-Octets: [0]
2013-11-20 10:57:26,562: DEBUG: GoGo-Total-Input-Voice-Packets: [0]
2013-11-20 10:57:26,563: DEBUG: Called-Station-Id: [u'00:16:3E:0A:09:7A']
2013-11-20 10:57:26,563: DEBUG: WISPr-Location-Name: [u'TEST LLC,BA01_01009']
2013-11-20 10:57:26,564: DEBUG: NAS-Identifier: [u'C08386']
2013-11-20 10:57:26,565: DEBUG: Proxy-State: ['3330,3132']
2013-11-20 10:57:26,565: DEBUG: GoGo-Total-Input-Voice-Octets: [0]
2013-11-20 10:57:26,566: DEBUG: Acct-Status-Type: ['Interim-Update']
2013-11-20 10:57:26,567: DEBUG: GoGo-Total-Output-Voice-Gigawords: [0]
2013-11-20 10:57:26,568: DEBUG: GoGo-Airline: [u'BA01']
2013-11-20 10:57:26,568: DEBUG: Acct-Session-Id: [u'AAATestNAS_164-1384925236512-00163E0A097A-3']
2013-11-20 10:57:26,569: DEBUG: Acct-Session-Time: [10]
2013-11-20 10:57:26,569: DEBUG: Acct-Input-Packets: [18123]
2013-11-20 10:57:26,570: DEBUG: Acct-Output-Packets: [11891]
2013-11-20 10:57:26,570: DEBUG: GoGo-Acct-Output-Voice-Packets: [0]
2013-11-20 10:57:26,571: DEBUG: GoGo-Acct-Output-Voice-Octets: [0]
2013-11-20 10:57:26,571: DEBUG: Acct-Output-Gigawords: [0]
2013-11-20 10:57:26,572: DEBUG: GoGo-Total-Output-Voice-Packets: [0]
2013-11-20 10:57:26,573: DEBUG: Acct-Input-Gigawords: [0]
2013-11-20 10:57:26,573: DEBUG: Calling-Station-Id: [u'18:21:31:41:52:45']
2013-11-20 10:57:26,573: DEBUG: NAS-Port-Type: ['Wireless-802.11']
2013-11-20 10:57:26,574: DEBUG: GoGo-Total-Output-Voice-Octets: [0]
2013-11-20 10:57:26,574: DEBUG: GoGo-Private-IP-Address: ['192.168.1.179']
2013-11-20 10:57:26,576: DEBUG: GoGo-Acct-Input-Voice-Gigawords: [0]
2013-11-20 10:57:26,577: DEBUG: GoGo-Total-Input-Packets: [18123]
2013-11-20 10:57:26,577: DEBUG: GoGo-Total-Input-Gigawords: [0]
2013-11-20 10:57:26,578: DEBUG: GoGo-Acct-Input-Voice-Packets: [0]
2013-11-20 10:57:26,579: DEBUG: GoGo-Total-Input-Octets: [4213157]
2013-11-20 10:57:26,579: DEBUG: GoGo-Total-Output-Packets: [11891]
2013-11-20 10:57:26,580: DEBUG: WISPr-Location-ID: [u'airline=BA01,tail=01009,network=']
2013-11-20 10:57:26,580: DEBUG: GoGo-Acct-Output-Voice-Gigawords: [0]
2013-11-20 10:57:26,582: DEBUG: Acct-Input-Octets: [4213157]
2013-11-20 10:57:26,584: DEBUG: 

2013-11-20 10:57:26,585: DEBUG: Received response with following attributes:
2013-11-20 10:57:36,587: DEBUG: 

2013-11-20 10:57:36,587: DEBUG: Creating Accounting Update Request with the following Attributes:
2013-11-20 10:57:36,587: DEBUG: User-Name: [u'username14@airborne.aircell.com']
2013-11-20 10:57:36,588: DEBUG: GoGo-Tail-Number: [u'AAATestNAS_164']
2013-11-20 10:57:36,588: DEBUG: Acct-Output-Octets: [6996063]
2013-11-20 10:57:36,588: DEBUG: NAS-IP-Address: ['10.254.169.1']
2013-11-20 10:57:36,588: DEBUG: GoGo-Total-Output-Gigawords: [0]
2013-11-20 10:57:36,588: DEBUG: Framed-IP-Address: ['10.254.169.166']
2013-11-20 10:57:36,589: DEBUG: GoGo-Total-Input-Voice-Gigawords: [0]
2013-11-20 10:57:36,589: DEBUG: GoGo-Total-Output-Octets: [6996063]
2013-11-20 10:57:36,589: DEBUG: GoGo-Acct-Input-Voice-Octets: [0]
2013-11-20 10:57:36,589: DEBUG: GoGo-Total-Input-Voice-Packets: [0]
2013-11-20 10:57:36,589: DEBUG: Called-Station-Id: [u'00:16:3E:0A:09:7A']
2013-11-20 10:57:36,589: DEBUG: WISPr-Location-Name: [u'TEST LLC,BA01_01009']
2013-11-20 10:57:36,590: DEBUG: NAS-Identifier: [u'C08386']
2013-11-20 10:57:36,590: DEBUG: Proxy-State: ['3330,3132']
2013-11-20 10:57:36,590: DEBUG: GoGo-Total-Input-Voice-Octets: [0]
2013-11-20 10:57:36,590: DEBUG: Acct-Status-Type: ['Interim-Update']
2013-11-20 10:57:36,590: DEBUG: GoGo-Total-Output-Voice-Gigawords: [0]
2013-11-20 10:57:36,590: DEBUG: GoGo-Airline: [u'BA01']
2013-11-20 10:57:36,591: DEBUG: Acct-Session-Id: [u'AAATestNAS_164-1384925236512-00163E0A097A-3']
2013-11-20 10:57:36,591: DEBUG: Acct-Session-Time: [10]
2013-11-20 10:57:36,591: DEBUG: Acct-Input-Packets: [46527]
2013-11-20 10:57:36,591: DEBUG: Acct-Output-Packets: [10618]
2013-11-20 10:57:36,591: DEBUG: GoGo-Acct-Output-Voice-Packets: [0]
2013-11-20 10:57:36,592: DEBUG: GoGo-Acct-Output-Voice-Octets: [0]
2013-11-20 10:57:36,592: DEBUG: Acct-Output-Gigawords: [0]
2013-11-20 10:57:36,592: DEBUG: GoGo-Total-Output-Voice-Packets: [0]
2013-11-20 10:57:36,592: DEBUG: Acct-Input-Gigawords: [0]
2013-11-20 10:57:36,592: DEBUG: Calling-Station-Id: [u'18:21:31:41:52:45']
2013-11-20 10:57:36,592: DEBUG: NAS-Port-Type: ['Wireless-802.11']
2013-11-20 10:57:36,593: DEBUG: GoGo-Total-Output-Voice-Octets: [0]
2013-11-20 10:57:36,593: DEBUG: GoGo-Private-IP-Address: ['192.168.1.179']
2013-11-20 10:57:36,593: DEBUG: GoGo-Acct-Input-Voice-Gigawords: [0]
2013-11-20 10:57:36,593: DEBUG: GoGo-Total-Input-Packets: [46527]
2013-11-20 10:57:36,593: DEBUG: GoGo-Total-Input-Gigawords: [0]
2013-11-20 10:57:36,593: DEBUG: GoGo-Acct-Input-Voice-Packets: [0]
2013-11-20 10:57:36,594: DEBUG: GoGo-Total-Input-Octets: [7593804]
2013-11-20 10:57:36,594: DEBUG: GoGo-Total-Output-Packets: [10618]
2013-11-20 10:57:36,594: DEBUG: WISPr-Location-ID: [u'airline=BA01,tail=01009,network=']
2013-11-20 10:57:36,594: DEBUG: GoGo-Acct-Output-Voice-Gigawords: [0]
2013-11-20 10:57:36,594: DEBUG: Acct-Input-Octets: [7593804]
2013-11-20 10:57:36,595: ERROR: Network error, Reason: 'Network error: nodename nor servname provided, or not known'
2013-11-20 10:57:46,596: DEBUG: 

2013-11-20 10:57:46,597: DEBUG: Creating Accounting Update Request with the following Attributes:
2013-11-20 10:57:46,598: DEBUG: User-Name: [u'username14@airborne.aircell.com']
2013-11-20 10:57:46,599: DEBUG: GoGo-Tail-Number: [u'AAATestNAS_164']
2013-11-20 10:57:46,599: DEBUG: Acct-Output-Octets: [3118586]
2013-11-20 10:57:46,600: DEBUG: NAS-IP-Address: ['10.254.169.1']
2013-11-20 10:57:46,600: DEBUG: GoGo-Total-Output-Gigawords: [0]
2013-11-20 10:57:46,600: DEBUG: Framed-IP-Address: ['10.254.169.166']
2013-11-20 10:57:46,600: DEBUG: GoGo-Total-Input-Voice-Gigawords: [0]
2013-11-20 10:57:46,600: DEBUG: GoGo-Total-Output-Octets: [3118586]
2013-11-20 10:57:46,601: DEBUG: GoGo-Acct-Input-Voice-Octets: [0]
2013-11-20 10:57:46,601: DEBUG: GoGo-Total-Input-Voice-Packets: [0]
2013-11-20 10:57:46,601: DEBUG: Called-Station-Id: [u'00:16:3E:0A:09:7A']
2013-11-20 10:57:46,601: DEBUG: WISPr-Location-Name: [u'TEST LLC,BA01_01009']
2013-11-20 10:57:46,601: DEBUG: NAS-Identifier: [u'C08386']
2013-11-20 10:57:46,601: DEBUG: Proxy-State: ['3330,3132']
2013-11-20 10:57:46,602: DEBUG: GoGo-Total-Input-Voice-Octets: [0]
2013-11-20 10:57:46,602: DEBUG: Acct-Status-Type: ['Interim-Update']
2013-11-20 10:57:46,602: DEBUG: GoGo-Total-Output-Voice-Gigawords: [0]
2013-11-20 10:57:46,602: DEBUG: GoGo-Airline: [u'BA01']
2013-11-20 10:57:46,602: DEBUG: Acct-Session-Id: [u'AAATestNAS_164-1384925236512-00163E0A097A-3']
2013-11-20 10:57:46,602: DEBUG: Acct-Session-Time: [10]
2013-11-20 10:57:46,603: DEBUG: Acct-Input-Packets: [24243]
2013-11-20 10:57:46,603: DEBUG: Acct-Output-Packets: [5201]
2013-11-20 10:57:46,603: DEBUG: GoGo-Acct-Output-Voice-Packets: [0]
2013-11-20 10:57:46,603: DEBUG: GoGo-Acct-Output-Voice-Octets: [0]
2013-11-20 10:57:46,603: DEBUG: Acct-Output-Gigawords: [0]
2013-11-20 10:57:46,603: DEBUG: GoGo-Total-Output-Voice-Packets: [0]
2013-11-20 10:57:46,604: DEBUG: Acct-Input-Gigawords: [0]
2013-11-20 10:57:46,604: DEBUG: Calling-Station-Id: [u'18:21:31:41:52:45']
2013-11-20 10:57:46,604: DEBUG: NAS-Port-Type: ['Wireless-802.11']
2013-11-20 10:57:46,604: DEBUG: GoGo-Total-Output-Voice-Octets: [0]
2013-11-20 10:57:46,604: DEBUG: GoGo-Private-IP-Address: ['192.168.1.179']
2013-11-20 10:57:46,604: DEBUG: GoGo-Acct-Input-Voice-Gigawords: [0]
2013-11-20 10:57:46,605: DEBUG: GoGo-Total-Input-Packets: [24243]
2013-11-20 10:57:46,605: DEBUG: GoGo-Total-Input-Gigawords: [0]
2013-11-20 10:57:46,605: DEBUG: GoGo-Acct-Input-Voice-Packets: [0]
2013-11-20 10:57:46,605: DEBUG: GoGo-Total-Input-Octets: [3145511]
2013-11-20 10:57:46,605: DEBUG: GoGo-Total-Output-Packets: [5201]
2013-11-20 10:57:46,606: DEBUG: WISPr-Location-ID: [u'airline=BA01,tail=01009,network=']
2013-11-20 10:57:46,606: DEBUG: GoGo-Acct-Output-Voice-Gigawords: [0]
2013-11-20 10:57:46,606: DEBUG: Acct-Input-Octets: [3145511]
2013-11-20 10:57:46,609: DEBUG: 

2013-11-20 10:57:46,609: DEBUG: Received response with following attributes:
2013-11-20 10:57:56,610: DEBUG: 

2013-11-20 10:57:56,610: DEBUG: Creating Accounting Update Request with the following Attributes:
2013-11-20 10:57:56,611: DEBUG: User-Name: [u'username14@airborne.aircell.com']
2013-11-20 10:57:56,611: DEBUG: GoGo-Tail-Number: [u'AAATestNAS_164']
2013-11-20 10:57:56,611: DEBUG: Acct-Output-Octets: [2967123]
2013-11-20 10:57:56,611: DEBUG: NAS-IP-Address: ['10.254.169.1']
2013-11-20 10:57:56,611: DEBUG: GoGo-Total-Output-Gigawords: [0]
2013-11-20 10:57:56,612: DEBUG: Framed-IP-Address: ['10.254.169.166']
2013-11-20 10:57:56,612: DEBUG: GoGo-Total-Input-Voice-Gigawords: [0]
2013-11-20 10:57:56,612: DEBUG: GoGo-Total-Output-Octets: [2967123]
2013-11-20 10:57:56,612: DEBUG: GoGo-Acct-Input-Voice-Octets: [0]
2013-11-20 10:57:56,612: DEBUG: GoGo-Total-Input-Voice-Packets: [0]
2013-11-20 10:57:56,612: DEBUG: Called-Station-Id: [u'00:16:3E:0A:09:7A']
2013-11-20 10:57:56,613: DEBUG: WISPr-Location-Name: [u'TEST LLC,BA01_01009']
2013-11-20 10:57:56,613: DEBUG: NAS-Identifier: [u'C08386']
2013-11-20 10:57:56,613: DEBUG: Proxy-State: ['3330,3132']
2013-11-20 10:57:56,613: DEBUG: GoGo-Total-Input-Voice-Octets: [0]
2013-11-20 10:57:56,613: DEBUG: Acct-Status-Type: ['Interim-Update']
2013-11-20 10:57:56,613: DEBUG: GoGo-Total-Output-Voice-Gigawords: [0]
2013-11-20 10:57:56,614: DEBUG: GoGo-Airline: [u'BA01']
2013-11-20 10:57:56,614: DEBUG: Acct-Session-Id: [u'AAATestNAS_164-1384925236512-00163E0A097A-3']
2013-11-20 10:57:56,614: DEBUG: Acct-Session-Time: [10]
2013-11-20 10:57:56,614: DEBUG: Acct-Input-Packets: [21623]
2013-11-20 10:57:56,614: DEBUG: Acct-Output-Packets: [6133]
2013-11-20 10:57:56,615: DEBUG: GoGo-Acct-Output-Voice-Packets: [0]
2013-11-20 10:57:56,615: DEBUG: GoGo-Acct-Output-Voice-Octets: [0]
2013-11-20 10:57:56,615: DEBUG: Acct-Output-Gigawords: [0]
2013-11-20 10:57:56,615: DEBUG: GoGo-Total-Output-Voice-Packets: [0]
2013-11-20 10:57:56,615: DEBUG: Acct-Input-Gigawords: [0]
2013-11-20 10:57:56,615: DEBUG: Calling-Station-Id: [u'18:21:31:41:52:45']
2013-11-20 10:57:56,616: DEBUG: NAS-Port-Type: ['Wireless-802.11']
2013-11-20 10:57:56,616: DEBUG: GoGo-Total-Output-Voice-Octets: [0]
2013-11-20 10:57:56,616: DEBUG: GoGo-Private-IP-Address: ['192.168.1.179']
2013-11-20 10:57:56,616: DEBUG: GoGo-Acct-Input-Voice-Gigawords: [0]
2013-11-20 10:57:56,616: DEBUG: GoGo-Total-Input-Packets: [21623]
2013-11-20 10:57:56,616: DEBUG: GoGo-Total-Input-Gigawords: [0]
2013-11-20 10:57:56,617: DEBUG: GoGo-Acct-Input-Voice-Packets: [0]
2013-11-20 10:57:56,617: DEBUG: GoGo-Total-Input-Octets: [2196434]
2013-11-20 10:57:56,617: DEBUG: GoGo-Total-Output-Packets: [6133]
2013-11-20 10:57:56,617: DEBUG: WISPr-Location-ID: [u'airline=BA01,tail=01009,network=']
2013-11-20 10:57:56,617: DEBUG: GoGo-Acct-Output-Voice-Gigawords: [0]
2013-11-20 10:57:56,618: DEBUG: Acct-Input-Octets: [2196434]
2013-11-20 10:57:56,618: ERROR: Network error, Reason: 'Network error: Too many open files'
2013-11-20 10:58:06,618: DEBUG: 

2013-11-20 10:58:06,619: DEBUG: Creating Accounting Update Request with the following Attributes:
2013-11-20 10:58:06,619: DEBUG: User-Name: [u'username14@airborne.aircell.com']
2013-11-20 10:58:06,619: DEBUG: GoGo-Tail-Number: [u'AAATestNAS_164']
2013-11-20 10:58:06,619: DEBUG: Acct-Output-Octets: [7237130]
2013-11-20 10:58:06,619: DEBUG: NAS-IP-Address: ['10.254.169.1']
2013-11-20 10:58:06,620: DEBUG: GoGo-Total-Output-Gigawords: [0]
2013-11-20 10:58:06,620: DEBUG: Framed-IP-Address: ['10.254.169.166']
2013-11-20 10:58:06,620: DEBUG: GoGo-Total-Input-Voice-Gigawords: [0]
2013-11-20 10:58:06,620: DEBUG: GoGo-Total-Output-Octets: [7237130]
2013-11-20 10:58:06,620: DEBUG: GoGo-Acct-Input-Voice-Octets: [0]
2013-11-20 10:58:06,620: DEBUG: GoGo-Total-Input-Voice-Packets: [0]
2013-11-20 10:58:06,621: DEBUG: Called-Station-Id: [u'00:16:3E:0A:09:7A']
2013-11-20 10:58:06,621: DEBUG: WISPr-Location-Name: [u'TEST LLC,BA01_01009']
2013-11-20 10:58:06,621: DEBUG: NAS-Identifier: [u'C08386']
2013-11-20 10:58:06,621: DEBUG: Proxy-State: ['3330,3132']
2013-11-20 10:58:06,621: DEBUG: GoGo-Total-Input-Voice-Octets: [0]
2013-11-20 10:58:06,621: DEBUG: Acct-Status-Type: ['Interim-Update']
2013-11-20 10:58:06,622: DEBUG: GoGo-Total-Output-Voice-Gigawords: [0]
2013-11-20 10:58:06,622: DEBUG: GoGo-Airline: [u'BA01']
2013-11-20 10:58:06,622: DEBUG: Acct-Session-Id: [u'AAATestNAS_164-1384925236512-00163E0A097A-3']
2013-11-20 10:58:06,622: DEBUG: Acct-Session-Time: [10]
2013-11-20 10:58:06,622: DEBUG: Acct-Input-Packets: [10629]
2013-11-20 10:58:06,622: DEBUG: Acct-Output-Packets: [32416]
2013-11-20 10:58:06,623: DEBUG: GoGo-Acct-Output-Voice-Packets: [0]
2013-11-20 10:58:06,623: DEBUG: GoGo-Acct-Output-Voice-Octets: [0]
2013-11-20 10:58:06,623: DEBUG: Acct-Output-Gigawords: [0]
2013-11-20 10:58:06,623: DEBUG: GoGo-Total-Output-Voice-Packets: [0]
2013-11-20 10:58:06,623: DEBUG: Acct-Input-Gigawords: [0]
2013-11-20 10:58:06,623: DEBUG: Calling-Station-Id: [u'18:21:31:41:52:45']
2013-11-20 10:58:06,624: DEBUG: NAS-Port-Type: ['Wireless-802.11']
2013-11-20 10:58:06,624: DEBUG: GoGo-Total-Output-Voice-Octets: [0]
2013-11-20 10:58:06,624: DEBUG: GoGo-Private-IP-Address: ['192.168.1.179']
2013-11-20 10:58:06,624: DEBUG: GoGo-Acct-Input-Voice-Gigawords: [0]
2013-11-20 10:58:06,624: DEBUG: GoGo-Total-Input-Packets: [10629]
2013-11-20 10:58:06,625: DEBUG: GoGo-Total-Input-Gigawords: [0]
2013-11-20 10:58:06,625: DEBUG: GoGo-Acct-Input-Voice-Packets: [0]
2013-11-20 10:58:06,625: DEBUG: GoGo-Total-Input-Octets: [3236812]
2013-11-20 10:58:06,625: DEBUG: GoGo-Total-Output-Packets: [32416]
2013-11-20 10:58:06,625: DEBUG: WISPr-Location-ID: [u'airline=BA01,tail=01009,network=']
2013-11-20 10:58:06,625: DEBUG: GoGo-Acct-Output-Voice-Gigawords: [0]
2013-11-20 10:58:06,626: DEBUG: Acct-Input-Octets: [3236812]
2013-11-20 10:58:06,626: ERROR: Network error, Reason: 'Network error: Too many open files'
2013-11-20 10:58:12,627: DEBUG: 

2013-11-20 10:58:12,628: DEBUG: Creating Accounting Update Request with the following Attributes:
2013-11-20 10:58:12,629: DEBUG: User-Name: [u'username14@airborne.aircell.com']
2013-11-20 10:58:12,629: DEBUG: GoGo-Tail-Number: [u'AAATestNAS_164']
2013-11-20 10:58:12,629: DEBUG: Acct-Output-Octets: [9041750]
2013-11-20 10:58:12,630: DEBUG: NAS-IP-Address: ['10.254.169.1']
2013-11-20 10:58:12,630: DEBUG: GoGo-Total-Output-Gigawords: [0]
2013-11-20 10:58:12,630: DEBUG: Framed-IP-Address: ['10.254.169.166']
2013-11-20 10:58:12,631: DEBUG: GoGo-Total-Input-Voice-Gigawords: [0]
2013-11-20 10:58:12,631: DEBUG: GoGo-Total-Output-Octets: [9041750]
2013-11-20 10:58:12,631: DEBUG: GoGo-Acct-Input-Voice-Octets: [0]
2013-11-20 10:58:12,632: DEBUG: GoGo-Total-Input-Voice-Packets: [0]
2013-11-20 10:58:12,632: DEBUG: Called-Station-Id: [u'00:16:3E:0A:09:7A']
2013-11-20 10:58:12,632: DEBUG: WISPr-Location-Name: [u'TEST LLC,BA01_01009']
2013-11-20 10:58:12,632: DEBUG: NAS-Identifier: [u'C08386']
2013-11-20 10:58:12,633: DEBUG: Proxy-State: ['3330,3132']
2013-11-20 10:58:12,633: DEBUG: GoGo-Total-Input-Voice-Octets: [0]
2013-11-20 10:58:12,633: DEBUG: Acct-Status-Type: ['Interim-Update']
2013-11-20 10:58:12,633: DEBUG: GoGo-Total-Output-Voice-Gigawords: [0]
2013-11-20 10:58:12,634: DEBUG: GoGo-Airline: [u'BA01']
2013-11-20 10:58:12,634: DEBUG: Acct-Session-Id: [u'AAATestNAS_164-1384925236512-00163E0A097A-3']
2013-11-20 10:58:12,634: DEBUG: Acct-Session-Time: [6]
2013-11-20 10:58:12,634: DEBUG: Acct-Input-Packets: [55761]
2013-11-20 10:58:12,635: DEBUG: Acct-Output-Packets: [53303]
2013-11-20 10:58:12,635: DEBUG: GoGo-Acct-Output-Voice-Packets: [0]
2013-11-20 10:58:12,635: DEBUG: GoGo-Acct-Output-Voice-Octets: [0]
2013-11-20 10:58:12,635: DEBUG: Acct-Output-Gigawords: [0]
2013-11-20 10:58:12,636: DEBUG: GoGo-Total-Output-Voice-Packets: [0]
2013-11-20 10:58:12,636: DEBUG: Acct-Input-Gigawords: [0]
2013-11-20 10:58:12,636: DEBUG: Calling-Station-Id: [u'18:21:31:41:52:45']
2013-11-20 10:58:12,636: DEBUG: NAS-Port-Type: ['Wireless-802.11']
2013-11-20 10:58:12,636: DEBUG: GoGo-Total-Output-Voice-Octets: [0]
2013-11-20 10:58:12,637: DEBUG: GoGo-Private-IP-Address: ['192.168.1.179']
2013-11-20 10:58:12,637: DEBUG: GoGo-Acct-Input-Voice-Gigawords: [0]
2013-11-20 10:58:12,637: DEBUG: GoGo-Total-Input-Packets: [55761]
2013-11-20 10:58:12,637: DEBUG: GoGo-Total-Input-Gigawords: [0]
2013-11-20 10:58:12,638: DEBUG: GoGo-Acct-Input-Voice-Packets: [0]
2013-11-20 10:58:12,638: DEBUG: GoGo-Total-Input-Octets: [6888458]
2013-11-20 10:58:12,638: DEBUG: GoGo-Total-Output-Packets: [53303]
2013-11-20 10:58:12,638: DEBUG: WISPr-Location-ID: [u'airline=BA01,tail=01009,network=']
2013-11-20 10:58:12,638: DEBUG: GoGo-Acct-Output-Voice-Gigawords: [0]
2013-11-20 10:58:12,638: DEBUG: Acct-Input-Octets: [6888458]
2013-11-20 10:58:12,639: ERROR: Network error, Reason: 'Network error: Too many open files'
2013-11-20 10:58:35,639: DEBUG: 

2013-11-20 10:58:35,640: DEBUG: Creating Accounting Stop Request with the following Attributes:
2013-11-20 10:58:35,640: DEBUG: User-Name: [u'username14@airborne.aircell.com']
2013-11-20 10:58:35,640: DEBUG: GoGo-Tail-Number: [u'01009']
2013-11-20 10:58:35,640: DEBUG: Acct-Output-Octets: [6217485]
2013-11-20 10:58:35,641: DEBUG: NAS-IP-Address: ['10.254.169.1']
2013-11-20 10:58:35,641: DEBUG: GoGo-Total-Output-Gigawords: [0]
2013-11-20 10:58:35,641: DEBUG: Framed-IP-Address: ['10.254.169.166']
2013-11-20 10:58:35,641: DEBUG: GoGo-Total-Input-Voice-Gigawords: [0]
2013-11-20 10:58:35,641: DEBUG: GoGo-Total-Output-Octets: [6217485]
2013-11-20 10:58:35,642: DEBUG: GoGo-Acct-Input-Voice-Octets: [0]
2013-11-20 10:58:35,642: DEBUG: GoGo-Total-Input-Voice-Packets: [0]
2013-11-20 10:58:35,642: DEBUG: Called-Station-Id: [u'00:16:3E:0A:09:7A']
2013-11-20 10:58:35,642: DEBUG: WISPr-Location-Name: [u'TEST LLC,BA01_01009']
2013-11-20 10:58:35,642: DEBUG: NAS-Identifier: [u'C08386']
2013-11-20 10:58:35,642: DEBUG: Proxy-State: ['3330,3132']
2013-11-20 10:58:35,643: DEBUG: GoGo-Total-Input-Voice-Octets: [0]
2013-11-20 10:58:35,643: DEBUG: Acct-Status-Type: ['Stop']
2013-11-20 10:58:35,643: DEBUG: GoGo-Total-Output-Voice-Gigawords: [0]
2013-11-20 10:58:35,643: DEBUG: GoGo-Airline: [u'BA01']
2013-11-20 10:58:35,643: DEBUG: Acct-Session-Id: [u'AAATestNAS_164-1384925236512-00163E0A097A-3']
2013-11-20 10:58:35,643: DEBUG: Acct-Session-Time: [23]
2013-11-20 10:58:35,644: DEBUG: Acct-Input-Packets: [81837]
2013-11-20 10:58:35,644: DEBUG: Acct-Output-Packets: [37573]
2013-11-20 10:58:35,644: DEBUG: Acct-Terminate-Cause: ['User-Request']
2013-11-20 10:58:35,644: DEBUG: GoGo-Acct-Output-Voice-Octets: [0]
2013-11-20 10:58:35,644: DEBUG: Acct-Output-Gigawords: [0]
2013-11-20 10:58:35,644: DEBUG: GoGo-Total-Output-Voice-Packets: [0]
2013-11-20 10:58:35,645: DEBUG: Acct-Input-Gigawords: [0]
2013-11-20 10:58:35,645: DEBUG: Calling-Station-Id: [u'18:21:31:41:52:45']
2013-11-20 10:58:35,645: DEBUG: NAS-Port-Type: ['Wireless-802.11']
2013-11-20 10:58:35,645: DEBUG: GoGo-Total-Output-Voice-Octets: [0]
2013-11-20 10:58:35,645: DEBUG: GoGo-Private-IP-Address: ['192.168.1.179']
2013-11-20 10:58:35,646: DEBUG: GoGo-Acct-Input-Voice-Gigawords: [0]
2013-11-20 10:58:35,646: DEBUG: GoGo-Total-Input-Packets: [81837]
2013-11-20 10:58:35,646: DEBUG: GoGo-Total-Input-Gigawords: [0]
2013-11-20 10:58:35,646: DEBUG: GoGo-Acct-Input-Voice-Packets: [0]
2013-11-20 10:58:35,646: DEBUG: GoGo-Total-Input-Octets: [8550464]
2013-11-20 10:58:35,646: DEBUG: GoGo-Total-Output-Packets: [37573]
2013-11-20 10:58:35,647: DEBUG: WISPr-Location-ID: [u'airline=BA01,tail=01009,network=']
2013-11-20 10:58:35,647: DEBUG: GoGo-Acct-Output-Voice-Packets: [0]
2013-11-20 10:58:35,647: DEBUG: GoGo-Acct-Output-Voice-Gigawords: [0]
2013-11-20 10:58:35,647: DEBUG: Acct-Input-Octets: [8550464]
2013-11-20 10:58:35,648: ERROR: Network error, Reason: 'Network error: nodename nor servname provided, or not known'
2013-11-20 10:58:35,648: ERROR: Ending the test for this user
2013-11-20 10:58:35,648: DEBUG: Ending the test for this user
