2013-11-20 10:55:42,113: DEBUG: Starting the client for the user username95@airborne.aircell.com to the server localhost

2013-11-20 10:55:42,113: DEBUG: DURATION of the TEST: 18
2013-11-20 10:55:42,113: DEBUG: NAS-IP: 10.254.141.1
2013-11-20 10:55:42,113: DEBUG: NAS-MAC-ADDR: 18:21:31:41:52:17
2013-11-20 10:55:42,113: DEBUG: Abruptly End: False
2013-11-20 10:55:42,113: DEBUG: Framed-IP: 10.254.141.77
2013-11-20 10:55:42,113: DEBUG: User-MAC-Addr: 00:16:3E:37:55:65
2013-11-20 10:55:42,113: DEBUG: 

2013-11-20 10:55:42,114: DEBUG: Creating Authentication Request with the following Attributes:
2013-11-20 10:55:42,114: DEBUG: NAS-Identifier: [u'C08386']
2013-11-20 10:55:42,114: DEBUG: User-Name: [u'username95@airborne.aircell.com']
2013-11-20 10:55:42,114: DEBUG: NAS-IP-Address: ['10.254.141.1']
2013-11-20 10:55:42,114: DEBUG: Service-Type: ['Authenticate-Only']
2013-11-20 10:55:42,114: DEBUG: Proxy-State: ['3237,3134']
2013-11-20 10:55:42,114: DEBUG: Framed-IP-Address: ['10.254.141.77']
2013-11-20 10:55:42,114: DEBUG: GoGo-Airline: [u'BA01']
2013-11-20 10:55:42,114: DEBUG: Acct-Session-Id: [u'AAATestNAS_136-1384925142113-00163E375565-1']
2013-11-20 10:55:42,114: DEBUG: GoGo-Tail-Number: [u'AAATestNAS_136']
2013-11-20 10:55:42,114: DEBUG: GoGo-Private-IP-Address: ['192.168.1.179']
2013-11-20 10:55:42,114: DEBUG: WISPr-Location-ID: [u'airline=BA01,tail=01009,network=']
2013-11-20 10:55:42,115: DEBUG: WISPr-Location-Name: [u'TEST LLC,BA01_01009']
2013-11-20 10:55:42,115: DEBUG: NAS-Port-Type: ['Wireless-802.11']
2013-11-20 10:55:42,115: DEBUG: Called-Station-Id: [u'00:16:3E:37:55:65']
2013-11-20 10:55:42,115: DEBUG: Calling-Station-Id: [u'18:21:31:41:52:17']
2013-11-20 10:55:42,116: DEBUG: 

2013-11-20 10:55:42,116: DEBUG: Received response with code: 2, Accepted
2013-11-20 10:55:42,116: DEBUG: Creating Authentication Request with the following Attributes:
2013-11-20 10:55:42,116: DEBUG: NAS-Identifier: [u'C08386']
2013-11-20 10:55:42,116: DEBUG: User-Name: [u'username95@airborne.aircell.com']
2013-11-20 10:55:42,116: DEBUG: NAS-IP-Address: ['10.254.141.1']
2013-11-20 10:55:42,117: DEBUG: Service-Type: ['Login-User']
2013-11-20 10:55:42,117: DEBUG: Proxy-State: ['3237,3134']
2013-11-20 10:55:42,117: DEBUG: Framed-IP-Address: ['10.254.141.77']
2013-11-20 10:55:42,117: DEBUG: GoGo-Airline: [u'BA01']
2013-11-20 10:55:42,117: DEBUG: Acct-Session-Id: [u'AAATestNAS_136-1384925142116-00163E375565-1']
2013-11-20 10:55:42,117: DEBUG: GoGo-Tail-Number: [u'AAATestNAS_136']
2013-11-20 10:55:42,117: DEBUG: GoGo-Private-IP-Address: ['192.168.1.179']
2013-11-20 10:55:42,117: DEBUG: WISPr-Location-ID: [u'airline=BA01,tail=01009,network=']
2013-11-20 10:55:42,117: DEBUG: WISPr-Location-Name: [u'TEST LLC,BA01_01009']
2013-11-20 10:55:42,117: DEBUG: NAS-Port-Type: ['Wireless-802.11']
2013-11-20 10:55:42,117: DEBUG: Called-Station-Id: [u'00:16:3E:37:55:65']
2013-11-20 10:55:42,117: DEBUG: Calling-Station-Id: [u'18:21:31:41:52:17']
2013-11-20 10:55:42,118: DEBUG: 

2013-11-20 10:55:42,118: DEBUG: Received response with code: 2, Accepted
2013-11-20 10:55:42,118: DEBUG: 

2013-11-20 10:55:42,119: DEBUG: Creating Accounting start Request with the following Attributes:
2013-11-20 10:55:42,119: DEBUG: NAS-Identifier: [u'C08386']
2013-11-20 10:55:42,119: DEBUG: User-Name: [u'username95@airborne.aircell.com']
2013-11-20 10:55:42,119: DEBUG: GoGo-Tail-Number: [u'AAATestNAS_136']
2013-11-20 10:55:42,119: DEBUG: NAS-IP-Address: ['10.254.141.1']
2013-11-20 10:55:42,119: DEBUG: Proxy-State: ['3239,3131']
2013-11-20 10:55:42,119: DEBUG: Acct-Status-Type: ['Start']
2013-11-20 10:55:42,119: DEBUG: GoGo-Airline: [u'BA01']
2013-11-20 10:55:42,119: DEBUG: Acct-Session-Id: [u'AAATestNAS_136-1384925142116-00163E375565-1']
2013-11-20 10:55:42,119: DEBUG: GoGo-Private-IP-Address: ['192.168.1.179']
2013-11-20 10:55:42,119: DEBUG: Framed-IP-Address: ['10.254.141.77']
2013-11-20 10:55:42,119: DEBUG: WISPr-Location-ID: [u'airline=BA01,tail=01009,network=']
2013-11-20 10:55:42,119: DEBUG: WISPr-Location-Name: [u'TEST LLC,BA01_01009']
2013-11-20 10:55:42,120: DEBUG: NAS-Port-Type: ['Wireless-802.11']
2013-11-20 10:55:42,120: DEBUG: Called-Station-Id: [u'00:16:3E:37:55:65']
2013-11-20 10:55:42,120: DEBUG: Calling-Station-Id: [u'18:21:31:41:52:17']
2013-11-20 10:55:42,121: DEBUG: 

2013-11-20 10:55:42,121: DEBUG: Received response with following attributes:
2013-11-20 10:55:52,122: DEBUG: 

2013-11-20 10:55:52,122: DEBUG: Creating Accounting Update Request with the following Attributes:
2013-11-20 10:55:52,123: DEBUG: User-Name: [u'username95@airborne.aircell.com']
2013-11-20 10:55:52,123: DEBUG: GoGo-Tail-Number: [u'AAATestNAS_136']
2013-11-20 10:55:52,123: DEBUG: Acct-Output-Octets: [8993107]
2013-11-20 10:55:52,123: DEBUG: NAS-IP-Address: ['10.254.141.1']
2013-11-20 10:55:52,123: DEBUG: GoGo-Total-Output-Gigawords: [0]
2013-11-20 10:55:52,123: DEBUG: Framed-IP-Address: ['10.254.141.77']
2013-11-20 10:55:52,123: DEBUG: GoGo-Total-Input-Voice-Gigawords: [0]
2013-11-20 10:55:52,123: DEBUG: GoGo-Total-Output-Octets: [8993107]
2013-11-20 10:55:52,123: DEBUG: GoGo-Acct-Input-Voice-Octets: [0]
2013-11-20 10:55:52,123: DEBUG: GoGo-Total-Input-Voice-Packets: [0]
2013-11-20 10:55:52,123: DEBUG: Called-Station-Id: [u'00:16:3E:37:55:65']
2013-11-20 10:55:52,123: DEBUG: WISPr-Location-Name: [u'TEST LLC,BA01_01009']
2013-11-20 10:55:52,123: DEBUG: NAS-Identifier: [u'C08386']
2013-11-20 10:55:52,123: DEBUG: Proxy-State: ['3330,3132']
2013-11-20 10:55:52,123: DEBUG: GoGo-Total-Input-Voice-Octets: [0]
2013-11-20 10:55:52,124: DEBUG: Acct-Status-Type: ['Interim-Update']
2013-11-20 10:55:52,124: DEBUG: GoGo-Total-Output-Voice-Gigawords: [0]
2013-11-20 10:55:52,124: DEBUG: GoGo-Airline: [u'BA01']
2013-11-20 10:55:52,124: DEBUG: Acct-Session-Id: [u'AAATestNAS_136-1384925142116-00163E375565-1']
2013-11-20 10:55:52,124: DEBUG: Acct-Session-Time: [10]
2013-11-20 10:55:52,124: DEBUG: Acct-Input-Packets: [32224]
2013-11-20 10:55:52,124: DEBUG: Acct-Output-Packets: [22879]
2013-11-20 10:55:52,124: DEBUG: GoGo-Acct-Output-Voice-Packets: [0]
2013-11-20 10:55:52,124: DEBUG: GoGo-Acct-Output-Voice-Octets: [0]
2013-11-20 10:55:52,124: DEBUG: Acct-Output-Gigawords: [0]
2013-11-20 10:55:52,124: DEBUG: GoGo-Total-Output-Voice-Packets: [0]
2013-11-20 10:55:52,124: DEBUG: Acct-Input-Gigawords: [0]
2013-11-20 10:55:52,124: DEBUG: Calling-Station-Id: [u'18:21:31:41:52:17']
2013-11-20 10:55:52,124: DEBUG: NAS-Port-Type: ['Wireless-802.11']
2013-11-20 10:55:52,124: DEBUG: GoGo-Total-Output-Voice-Octets: [0]
2013-11-20 10:55:52,125: DEBUG: GoGo-Private-IP-Address: ['192.168.1.179']
2013-11-20 10:55:52,125: DEBUG: GoGo-Acct-Input-Voice-Gigawords: [0]
2013-11-20 10:55:52,125: DEBUG: GoGo-Total-Input-Packets: [32224]
2013-11-20 10:55:52,125: DEBUG: GoGo-Total-Input-Gigawords: [0]
2013-11-20 10:55:52,125: DEBUG: GoGo-Acct-Input-Voice-Packets: [0]
2013-11-20 10:55:52,125: DEBUG: GoGo-Total-Input-Octets: [3845650]
2013-11-20 10:55:52,125: DEBUG: GoGo-Total-Output-Packets: [22879]
2013-11-20 10:55:52,125: DEBUG: WISPr-Location-ID: [u'airline=BA01,tail=01009,network=']
2013-11-20 10:55:52,125: DEBUG: GoGo-Acct-Output-Voice-Gigawords: [0]
2013-11-20 10:55:52,125: DEBUG: Acct-Input-Octets: [3845650]
2013-11-20 10:55:52,127: DEBUG: 

2013-11-20 10:55:52,127: DEBUG: Received response with following attributes:
2013-11-20 10:56:00,128: DEBUG: 

2013-11-20 10:56:00,128: DEBUG: Creating Accounting Update Request with the following Attributes:
2013-11-20 10:56:00,129: DEBUG: User-Name: [u'username95@airborne.aircell.com']
2013-11-20 10:56:00,129: DEBUG: GoGo-Tail-Number: [u'AAATestNAS_136']
2013-11-20 10:56:00,129: DEBUG: Acct-Output-Octets: [3767539]
2013-11-20 10:56:00,129: DEBUG: NAS-IP-Address: ['10.254.141.1']
2013-11-20 10:56:00,129: DEBUG: GoGo-Total-Output-Gigawords: [0]
2013-11-20 10:56:00,129: DEBUG: Framed-IP-Address: ['10.254.141.77']
2013-11-20 10:56:00,129: DEBUG: GoGo-Total-Input-Voice-Gigawords: [0]
2013-11-20 10:56:00,129: DEBUG: GoGo-Total-Output-Octets: [3767539]
2013-11-20 10:56:00,129: DEBUG: GoGo-Acct-Input-Voice-Octets: [0]
2013-11-20 10:56:00,129: DEBUG: GoGo-Total-Input-Voice-Packets: [0]
2013-11-20 10:56:00,129: DEBUG: Called-Station-Id: [u'00:16:3E:37:55:65']
2013-11-20 10:56:00,130: DEBUG: WISPr-Location-Name: [u'TEST LLC,BA01_01009']
2013-11-20 10:56:00,130: DEBUG: NAS-Identifier: [u'C08386']
2013-11-20 10:56:00,130: DEBUG: Proxy-State: ['3330,3132']
2013-11-20 10:56:00,130: DEBUG: GoGo-Total-Input-Voice-Octets: [0]
2013-11-20 10:56:00,130: DEBUG: Acct-Status-Type: ['Interim-Update']
2013-11-20 10:56:00,130: DEBUG: GoGo-Total-Output-Voice-Gigawords: [0]
2013-11-20 10:56:00,130: DEBUG: GoGo-Airline: [u'BA01']
2013-11-20 10:56:00,130: DEBUG: Acct-Session-Id: [u'AAATestNAS_136-1384925142116-00163E375565-1']
2013-11-20 10:56:00,130: DEBUG: Acct-Session-Time: [8]
2013-11-20 10:56:00,130: DEBUG: Acct-Input-Packets: [62306]
2013-11-20 10:56:00,130: DEBUG: Acct-Output-Packets: [7895]
2013-11-20 10:56:00,130: DEBUG: GoGo-Acct-Output-Voice-Packets: [0]
2013-11-20 10:56:00,130: DEBUG: GoGo-Acct-Output-Voice-Octets: [0]
2013-11-20 10:56:00,130: DEBUG: Acct-Output-Gigawords: [0]
2013-11-20 10:56:00,131: DEBUG: GoGo-Total-Output-Voice-Packets: [0]
2013-11-20 10:56:00,131: DEBUG: Acct-Input-Gigawords: [0]
2013-11-20 10:56:00,131: DEBUG: Calling-Station-Id: [u'18:21:31:41:52:17']
2013-11-20 10:56:00,131: DEBUG: NAS-Port-Type: ['Wireless-802.11']
2013-11-20 10:56:00,131: DEBUG: GoGo-Total-Output-Voice-Octets: [0]
2013-11-20 10:56:00,131: DEBUG: GoGo-Private-IP-Address: ['192.168.1.179']
2013-11-20 10:56:00,131: DEBUG: GoGo-Acct-Input-Voice-Gigawords: [0]
2013-11-20 10:56:00,131: DEBUG: GoGo-Total-Input-Packets: [62306]
2013-11-20 10:56:00,131: DEBUG: GoGo-Total-Input-Gigawords: [0]
2013-11-20 10:56:00,131: DEBUG: GoGo-Acct-Input-Voice-Packets: [0]
2013-11-20 10:56:00,131: DEBUG: GoGo-Total-Input-Octets: [8532129]
2013-11-20 10:56:00,131: DEBUG: GoGo-Total-Output-Packets: [7895]
2013-11-20 10:56:00,131: DEBUG: WISPr-Location-ID: [u'airline=BA01,tail=01009,network=']
2013-11-20 10:56:00,131: DEBUG: GoGo-Acct-Output-Voice-Gigawords: [0]
2013-11-20 10:56:00,132: DEBUG: Acct-Input-Octets: [8532129]
2013-11-20 10:56:00,133: DEBUG: 

2013-11-20 10:56:00,133: DEBUG: Received response with following attributes:
2013-11-20 10:56:22,134: DEBUG: 

2013-11-20 10:56:22,135: DEBUG: Creating Accounting Stop Request with the following Attributes:
2013-11-20 10:56:22,135: DEBUG: User-Name: [u'username95@airborne.aircell.com']
2013-11-20 10:56:22,135: DEBUG: GoGo-Tail-Number: [u'01009']
2013-11-20 10:56:22,135: DEBUG: Acct-Output-Octets: [5809594]
2013-11-20 10:56:22,135: DEBUG: NAS-IP-Address: ['10.254.141.1']
2013-11-20 10:56:22,136: DEBUG: GoGo-Total-Output-Gigawords: [0]
2013-11-20 10:56:22,136: DEBUG: Framed-IP-Address: ['10.254.141.77']
2013-11-20 10:56:22,136: DEBUG: GoGo-Total-Input-Voice-Gigawords: [0]
2013-11-20 10:56:22,136: DEBUG: GoGo-Total-Output-Octets: [5809594]
2013-11-20 10:56:22,136: DEBUG: GoGo-Acct-Input-Voice-Octets: [0]
2013-11-20 10:56:22,136: DEBUG: GoGo-Total-Input-Voice-Packets: [0]
2013-11-20 10:56:22,136: DEBUG: Called-Station-Id: [u'00:16:3E:37:55:65']
2013-11-20 10:56:22,136: DEBUG: WISPr-Location-Name: [u'TEST LLC,BA01_01009']
2013-11-20 10:56:22,136: DEBUG: NAS-Identifier: [u'C08386']
2013-11-20 10:56:22,136: DEBUG: Proxy-State: ['3330,3132']
2013-11-20 10:56:22,136: DEBUG: GoGo-Total-Input-Voice-Octets: [0]
2013-11-20 10:56:22,137: DEBUG: Acct-Status-Type: ['Stop']
2013-11-20 10:56:22,137: DEBUG: GoGo-Total-Output-Voice-Gigawords: [0]
2013-11-20 10:56:22,137: DEBUG: GoGo-Airline: [u'BA01']
2013-11-20 10:56:22,137: DEBUG: Acct-Session-Id: [u'AAATestNAS_136-1384925142116-00163E375565-1']
2013-11-20 10:56:22,137: DEBUG: Acct-Session-Time: [22]
2013-11-20 10:56:22,137: DEBUG: Acct-Input-Packets: [22977]
2013-11-20 10:56:22,137: DEBUG: Acct-Output-Packets: [44615]
2013-11-20 10:56:22,137: DEBUG: Acct-Terminate-Cause: ['User-Request']
2013-11-20 10:56:22,137: DEBUG: GoGo-Acct-Output-Voice-Octets: [0]
2013-11-20 10:56:22,137: DEBUG: Acct-Output-Gigawords: [0]
2013-11-20 10:56:22,137: DEBUG: GoGo-Total-Output-Voice-Packets: [0]
2013-11-20 10:56:22,137: DEBUG: Acct-Input-Gigawords: [0]
2013-11-20 10:56:22,138: DEBUG: Calling-Station-Id: [u'18:21:31:41:52:17']
2013-11-20 10:56:22,138: DEBUG: NAS-Port-Type: ['Wireless-802.11']
2013-11-20 10:56:22,138: DEBUG: GoGo-Total-Output-Voice-Octets: [0]
2013-11-20 10:56:22,138: DEBUG: GoGo-Private-IP-Address: ['192.168.1.179']
2013-11-20 10:56:22,138: DEBUG: GoGo-Acct-Input-Voice-Gigawords: [0]
2013-11-20 10:56:22,138: DEBUG: GoGo-Total-Input-Packets: [22977]
2013-11-20 10:56:22,138: DEBUG: GoGo-Total-Input-Gigawords: [0]
2013-11-20 10:56:22,138: DEBUG: GoGo-Acct-Input-Voice-Packets: [0]
2013-11-20 10:56:22,138: DEBUG: GoGo-Total-Input-Octets: [3496630]
2013-11-20 10:56:22,138: DEBUG: GoGo-Total-Output-Packets: [44615]
2013-11-20 10:56:22,138: DEBUG: WISPr-Location-ID: [u'airline=BA01,tail=01009,network=']
2013-11-20 10:56:22,138: DEBUG: GoGo-Acct-Output-Voice-Packets: [0]
2013-11-20 10:56:22,138: DEBUG: GoGo-Acct-Output-Voice-Gigawords: [0]
2013-11-20 10:56:22,138: DEBUG: Acct-Input-Octets: [3496630]
2013-11-20 10:56:22,140: DEBUG: 

2013-11-20 10:56:22,140: DEBUG: Received response with following attributes:
2013-11-20 10:56:22,140: DEBUG: Ending the test for this user
2013-11-20 10:56:22,450: DEBUG: Starting the client for the user username95@airborne.aircell.com to the server localhost

2013-11-20 10:56:22,451: DEBUG: DURATION of the TEST: 46
2013-11-20 10:56:22,452: DEBUG: NAS-IP: 10.254.45.1
2013-11-20 10:56:22,453: DEBUG: NAS-MAC-ADDR: 16:21:31:41:52:99
2013-11-20 10:56:22,454: DEBUG: Abruptly End: True
2013-11-20 10:56:22,455: DEBUG: Framed-IP: 10.254.45.126
2013-11-20 10:56:22,456: DEBUG: User-MAC-Addr: 00:16:3E:03:83:B8
2013-11-20 10:56:22,456: DEBUG: 

2013-11-20 10:56:22,457: DEBUG: Creating Authentication Request with the following Attributes:
2013-11-20 10:56:22,458: DEBUG: NAS-Identifier: [u'C08386']
2013-11-20 10:56:22,458: DEBUG: User-Name: [u'username95@airborne.aircell.com']
2013-11-20 10:56:22,459: DEBUG: NAS-IP-Address: ['10.254.45.1']
2013-11-20 10:56:22,461: DEBUG: Service-Type: ['Authenticate-Only']
2013-11-20 10:56:22,461: DEBUG: Proxy-State: ['3237,3134']
2013-11-20 10:56:22,462: DEBUG: Framed-IP-Address: ['10.254.45.126']
2013-11-20 10:56:22,464: DEBUG: GoGo-Airline: [u'BA01']
2013-11-20 10:56:22,466: DEBUG: Acct-Session-Id: [u'AAATestNAS_40-1384925182457-00163E0383B8-2']
2013-11-20 10:56:22,466: DEBUG: GoGo-Tail-Number: [u'AAATestNAS_40']
2013-11-20 10:56:22,466: DEBUG: GoGo-Private-IP-Address: ['192.168.1.179']
2013-11-20 10:56:22,467: DEBUG: WISPr-Location-ID: [u'airline=BA01,tail=01009,network=']
2013-11-20 10:56:22,467: DEBUG: WISPr-Location-Name: [u'TEST LLC,BA01_01009']
2013-11-20 10:56:22,469: DEBUG: NAS-Port-Type: ['Wireless-802.11']
2013-11-20 10:56:22,469: DEBUG: Called-Station-Id: [u'00:16:3E:03:83:B8']
2013-11-20 10:56:22,470: DEBUG: Calling-Station-Id: [u'16:21:31:41:52:99']
2013-11-20 10:56:22,474: DEBUG: 

2013-11-20 10:56:22,475: DEBUG: Received response with code: 2, Accepted
2013-11-20 10:56:22,475: DEBUG: Creating Authentication Request with the following Attributes:
2013-11-20 10:56:22,476: DEBUG: NAS-Identifier: [u'C08386']
2013-11-20 10:56:22,476: DEBUG: User-Name: [u'username95@airborne.aircell.com']
2013-11-20 10:56:22,477: DEBUG: NAS-IP-Address: ['10.254.45.1']
2013-11-20 10:56:22,477: DEBUG: Service-Type: ['Login-User']
2013-11-20 10:56:22,477: DEBUG: Proxy-State: ['3237,3134']
2013-11-20 10:56:22,478: DEBUG: Framed-IP-Address: ['10.254.45.126']
2013-11-20 10:56:22,479: DEBUG: GoGo-Airline: [u'BA01']
2013-11-20 10:56:22,480: DEBUG: Acct-Session-Id: [u'AAATestNAS_40-1384925182475-00163E0383B8-2']
2013-11-20 10:56:22,481: DEBUG: GoGo-Tail-Number: [u'AAATestNAS_40']
2013-11-20 10:56:22,482: DEBUG: GoGo-Private-IP-Address: ['192.168.1.179']
2013-11-20 10:56:22,483: DEBUG: WISPr-Location-ID: [u'airline=BA01,tail=01009,network=']
2013-11-20 10:56:22,483: DEBUG: WISPr-Location-Name: [u'TEST LLC,BA01_01009']
2013-11-20 10:56:22,483: DEBUG: NAS-Port-Type: ['Wireless-802.11']
2013-11-20 10:56:22,484: DEBUG: Called-Station-Id: [u'00:16:3E:03:83:B8']
2013-11-20 10:56:22,484: DEBUG: Calling-Station-Id: [u'16:21:31:41:52:99']
2013-11-20 10:56:22,486: DEBUG: 

2013-11-20 10:56:22,487: DEBUG: Received response with code: 2, Accepted
2013-11-20 10:56:22,487: DEBUG: 

2013-11-20 10:56:22,488: DEBUG: Creating Accounting start Request with the following Attributes:
2013-11-20 10:56:22,488: DEBUG: NAS-Identifier: [u'C08386']
2013-11-20 10:56:22,489: DEBUG: User-Name: [u'username95@airborne.aircell.com']
2013-11-20 10:56:22,489: DEBUG: GoGo-Tail-Number: [u'AAATestNAS_40']
2013-11-20 10:56:22,490: DEBUG: NAS-IP-Address: ['10.254.45.1']
2013-11-20 10:56:22,490: DEBUG: Proxy-State: ['3239,3131']
2013-11-20 10:56:22,491: DEBUG: Acct-Status-Type: ['Start']
2013-11-20 10:56:22,492: DEBUG: GoGo-Airline: [u'BA01']
2013-11-20 10:56:22,492: DEBUG: Acct-Session-Id: [u'AAATestNAS_40-1384925182475-00163E0383B8-2']
2013-11-20 10:56:22,492: DEBUG: GoGo-Private-IP-Address: ['192.168.1.179']
2013-11-20 10:56:22,493: DEBUG: Framed-IP-Address: ['10.254.45.126']
2013-11-20 10:56:22,493: DEBUG: WISPr-Location-ID: [u'airline=BA01,tail=01009,network=']
2013-11-20 10:56:22,494: DEBUG: WISPr-Location-Name: [u'TEST LLC,BA01_01009']
2013-11-20 10:56:22,494: DEBUG: NAS-Port-Type: ['Wireless-802.11']
2013-11-20 10:56:22,495: DEBUG: Called-Station-Id: [u'00:16:3E:03:83:B8']
2013-11-20 10:56:22,495: DEBUG: Calling-Station-Id: [u'16:21:31:41:52:99']
2013-11-20 10:56:22,497: DEBUG: 

2013-11-20 10:56:22,497: DEBUG: Received response with following attributes:
2013-11-20 10:56:32,499: DEBUG: 

2013-11-20 10:56:32,500: DEBUG: Creating Accounting Update Request with the following Attributes:
2013-11-20 10:56:32,500: DEBUG: User-Name: [u'username95@airborne.aircell.com']
2013-11-20 10:56:32,501: DEBUG: GoGo-Tail-Number: [u'AAATestNAS_40']
2013-11-20 10:56:32,502: DEBUG: Acct-Output-Octets: [3936713]
2013-11-20 10:56:32,502: DEBUG: NAS-IP-Address: ['10.254.45.1']
2013-11-20 10:56:32,503: DEBUG: GoGo-Total-Output-Gigawords: [0]
2013-11-20 10:56:32,503: DEBUG: Framed-IP-Address: ['10.254.45.126']
2013-11-20 10:56:32,503: DEBUG: GoGo-Total-Input-Voice-Gigawords: [0]
2013-11-20 10:56:32,504: DEBUG: GoGo-Total-Output-Octets: [3936713]
2013-11-20 10:56:32,504: DEBUG: GoGo-Acct-Input-Voice-Octets: [0]
2013-11-20 10:56:32,505: DEBUG: GoGo-Total-Input-Voice-Packets: [0]
2013-11-20 10:56:32,505: DEBUG: Called-Station-Id: [u'00:16:3E:03:83:B8']
2013-11-20 10:56:32,505: DEBUG: WISPr-Location-Name: [u'TEST LLC,BA01_01009']
2013-11-20 10:56:32,505: DEBUG: NAS-Identifier: [u'C08386']
2013-11-20 10:56:32,506: DEBUG: Proxy-State: ['3330,3132']
2013-11-20 10:56:32,506: DEBUG: GoGo-Total-Input-Voice-Octets: [0]
2013-11-20 10:56:32,507: DEBUG: Acct-Status-Type: ['Interim-Update']
2013-11-20 10:56:32,507: DEBUG: GoGo-Total-Output-Voice-Gigawords: [0]
2013-11-20 10:56:32,508: DEBUG: GoGo-Airline: [u'BA01']
2013-11-20 10:56:32,509: DEBUG: Acct-Session-Id: [u'AAATestNAS_40-1384925182475-00163E0383B8-2']
2013-11-20 10:56:32,510: DEBUG: Acct-Session-Time: [10]
2013-11-20 10:56:32,510: DEBUG: Acct-Input-Packets: [21329]
2013-11-20 10:56:32,511: DEBUG: Acct-Output-Packets: [33072]
2013-11-20 10:56:32,512: DEBUG: GoGo-Acct-Output-Voice-Packets: [0]
2013-11-20 10:56:32,513: DEBUG: GoGo-Acct-Output-Voice-Octets: [0]
2013-11-20 10:56:32,514: DEBUG: Acct-Output-Gigawords: [0]
2013-11-20 10:56:32,515: DEBUG: GoGo-Total-Output-Voice-Packets: [0]
2013-11-20 10:56:32,515: DEBUG: Acct-Input-Gigawords: [0]
2013-11-20 10:56:32,516: DEBUG: Calling-Station-Id: [u'16:21:31:41:52:99']
2013-11-20 10:56:32,516: DEBUG: NAS-Port-Type: ['Wireless-802.11']
2013-11-20 10:56:32,517: DEBUG: GoGo-Total-Output-Voice-Octets: [0]
2013-11-20 10:56:32,518: DEBUG: GoGo-Private-IP-Address: ['192.168.1.179']
2013-11-20 10:56:32,518: DEBUG: GoGo-Acct-Input-Voice-Gigawords: [0]
2013-11-20 10:56:32,519: DEBUG: GoGo-Total-Input-Packets: [21329]
2013-11-20 10:56:32,520: DEBUG: GoGo-Total-Input-Gigawords: [0]
2013-11-20 10:56:32,521: DEBUG: GoGo-Acct-Input-Voice-Packets: [0]
2013-11-20 10:56:32,521: DEBUG: GoGo-Total-Input-Octets: [5465214]
2013-11-20 10:56:32,522: DEBUG: GoGo-Total-Output-Packets: [33072]
2013-11-20 10:56:32,522: DEBUG: WISPr-Location-ID: [u'airline=BA01,tail=01009,network=']
2013-11-20 10:56:32,523: DEBUG: GoGo-Acct-Output-Voice-Gigawords: [0]
2013-11-20 10:56:32,523: DEBUG: Acct-Input-Octets: [5465214]
2013-11-20 10:56:32,525: DEBUG: 

2013-11-20 10:56:32,525: DEBUG: Received response with following attributes:
2013-11-20 10:56:42,525: DEBUG: 

2013-11-20 10:56:42,526: DEBUG: Creating Accounting Update Request with the following Attributes:
2013-11-20 10:56:42,526: DEBUG: User-Name: [u'username95@airborne.aircell.com']
2013-11-20 10:56:42,526: DEBUG: GoGo-Tail-Number: [u'AAATestNAS_40']
2013-11-20 10:56:42,527: DEBUG: Acct-Output-Octets: [9613278]
2013-11-20 10:56:42,527: DEBUG: NAS-IP-Address: ['10.254.45.1']
2013-11-20 10:56:42,528: DEBUG: GoGo-Total-Output-Gigawords: [0]
2013-11-20 10:56:42,529: DEBUG: Framed-IP-Address: ['10.254.45.126']
2013-11-20 10:56:42,529: DEBUG: GoGo-Total-Input-Voice-Gigawords: [0]
2013-11-20 10:56:42,529: DEBUG: GoGo-Total-Output-Octets: [9613278]
2013-11-20 10:56:42,530: DEBUG: GoGo-Acct-Input-Voice-Octets: [0]
2013-11-20 10:56:42,530: DEBUG: GoGo-Total-Input-Voice-Packets: [0]
2013-11-20 10:56:42,530: DEBUG: Called-Station-Id: [u'00:16:3E:03:83:B8']
2013-11-20 10:56:42,531: DEBUG: WISPr-Location-Name: [u'TEST LLC,BA01_01009']
2013-11-20 10:56:42,531: DEBUG: NAS-Identifier: [u'C08386']
2013-11-20 10:56:42,531: DEBUG: Proxy-State: ['3330,3132']
2013-11-20 10:56:42,532: DEBUG: GoGo-Total-Input-Voice-Octets: [0]
2013-11-20 10:56:42,532: DEBUG: Acct-Status-Type: ['Interim-Update']
2013-11-20 10:56:42,533: DEBUG: GoGo-Total-Output-Voice-Gigawords: [0]
2013-11-20 10:56:42,533: DEBUG: GoGo-Airline: [u'BA01']
2013-11-20 10:56:42,534: DEBUG: Acct-Session-Id: [u'AAATestNAS_40-1384925182475-00163E0383B8-2']
2013-11-20 10:56:42,534: DEBUG: Acct-Session-Time: [10]
2013-11-20 10:56:42,535: DEBUG: Acct-Input-Packets: [8342]
2013-11-20 10:56:42,535: DEBUG: Acct-Output-Packets: [35733]
2013-11-20 10:56:42,536: DEBUG: GoGo-Acct-Output-Voice-Packets: [0]
2013-11-20 10:56:42,536: DEBUG: GoGo-Acct-Output-Voice-Octets: [0]
2013-11-20 10:56:42,537: DEBUG: Acct-Output-Gigawords: [0]
2013-11-20 10:56:42,537: DEBUG: GoGo-Total-Output-Voice-Packets: [0]
2013-11-20 10:56:42,537: DEBUG: Acct-Input-Gigawords: [0]
2013-11-20 10:56:42,538: DEBUG: Calling-Station-Id: [u'16:21:31:41:52:99']
2013-11-20 10:56:42,538: DEBUG: NAS-Port-Type: ['Wireless-802.11']
2013-11-20 10:56:42,538: DEBUG: GoGo-Total-Output-Voice-Octets: [0]
2013-11-20 10:56:42,538: DEBUG: GoGo-Private-IP-Address: ['192.168.1.179']
2013-11-20 10:56:42,539: DEBUG: GoGo-Acct-Input-Voice-Gigawords: [0]
2013-11-20 10:56:42,539: DEBUG: GoGo-Total-Input-Packets: [8342]
2013-11-20 10:56:42,539: DEBUG: GoGo-Total-Input-Gigawords: [0]
2013-11-20 10:56:42,540: DEBUG: GoGo-Acct-Input-Voice-Packets: [0]
2013-11-20 10:56:42,540: DEBUG: GoGo-Total-Input-Octets: [7281808]
2013-11-20 10:56:42,540: DEBUG: GoGo-Total-Output-Packets: [35733]
2013-11-20 10:56:42,541: DEBUG: WISPr-Location-ID: [u'airline=BA01,tail=01009,network=']
2013-11-20 10:56:42,541: DEBUG: GoGo-Acct-Output-Voice-Gigawords: [0]
2013-11-20 10:56:42,541: DEBUG: Acct-Input-Octets: [7281808]
2013-11-20 10:56:42,543: DEBUG: 

2013-11-20 10:56:42,544: DEBUG: Received response with following attributes:
2013-11-20 10:56:52,545: DEBUG: 

2013-11-20 10:56:52,545: DEBUG: Creating Accounting Update Request with the following Attributes:
2013-11-20 10:56:52,545: DEBUG: User-Name: [u'username95@airborne.aircell.com']
2013-11-20 10:56:52,545: DEBUG: GoGo-Tail-Number: [u'AAATestNAS_40']
2013-11-20 10:56:52,546: DEBUG: Acct-Output-Octets: [7901283]
2013-11-20 10:56:52,546: DEBUG: NAS-IP-Address: ['10.254.45.1']
2013-11-20 10:56:52,547: DEBUG: GoGo-Total-Output-Gigawords: [0]
2013-11-20 10:56:52,547: DEBUG: Framed-IP-Address: ['10.254.45.126']
2013-11-20 10:56:52,547: DEBUG: GoGo-Total-Input-Voice-Gigawords: [0]
2013-11-20 10:56:52,547: DEBUG: GoGo-Total-Output-Octets: [7901283]
2013-11-20 10:56:52,548: DEBUG: GoGo-Acct-Input-Voice-Octets: [0]
2013-11-20 10:56:52,548: DEBUG: GoGo-Total-Input-Voice-Packets: [0]
2013-11-20 10:56:52,548: DEBUG: Called-Station-Id: [u'00:16:3E:03:83:B8']
2013-11-20 10:56:52,549: DEBUG: WISPr-Location-Name: [u'TEST LLC,BA01_01009']
2013-11-20 10:56:52,549: DEBUG: NAS-Identifier: [u'C08386']
2013-11-20 10:56:52,549: DEBUG: Proxy-State: ['3330,3132']
2013-11-20 10:56:52,550: DEBUG: GoGo-Total-Input-Voice-Octets: [0]
2013-11-20 10:56:52,550: DEBUG: Acct-Status-Type: ['Interim-Update']
2013-11-20 10:56:52,550: DEBUG: GoGo-Total-Output-Voice-Gigawords: [0]
2013-11-20 10:56:52,550: DEBUG: GoGo-Airline: [u'BA01']
2013-11-20 10:56:52,551: DEBUG: Acct-Session-Id: [u'AAATestNAS_40-1384925182475-00163E0383B8-2']
2013-11-20 10:56:52,551: DEBUG: Acct-Session-Time: [10]
2013-11-20 10:56:52,552: DEBUG: Acct-Input-Packets: [23699]
2013-11-20 10:56:52,552: DEBUG: Acct-Output-Packets: [10448]
2013-11-20 10:56:52,552: DEBUG: GoGo-Acct-Output-Voice-Packets: [0]
2013-11-20 10:56:52,553: DEBUG: GoGo-Acct-Output-Voice-Octets: [0]
2013-11-20 10:56:52,553: DEBUG: Acct-Output-Gigawords: [0]
2013-11-20 10:56:52,554: DEBUG: GoGo-Total-Output-Voice-Packets: [0]
2013-11-20 10:56:52,554: DEBUG: Acct-Input-Gigawords: [0]
2013-11-20 10:56:52,554: DEBUG: Calling-Station-Id: [u'16:21:31:41:52:99']
2013-11-20 10:56:52,555: DEBUG: NAS-Port-Type: ['Wireless-802.11']
2013-11-20 10:56:52,555: DEBUG: GoGo-Total-Output-Voice-Octets: [0]
2013-11-20 10:56:52,555: DEBUG: GoGo-Private-IP-Address: ['192.168.1.179']
2013-11-20 10:56:52,556: DEBUG: GoGo-Acct-Input-Voice-Gigawords: [0]
2013-11-20 10:56:52,556: DEBUG: GoGo-Total-Input-Packets: [23699]
2013-11-20 10:56:52,556: DEBUG: GoGo-Total-Input-Gigawords: [0]
2013-11-20 10:56:52,557: DEBUG: GoGo-Acct-Input-Voice-Packets: [0]
2013-11-20 10:56:52,557: DEBUG: GoGo-Total-Input-Octets: [4040357]
2013-11-20 10:56:52,557: DEBUG: GoGo-Total-Output-Packets: [10448]
2013-11-20 10:56:52,558: DEBUG: WISPr-Location-ID: [u'airline=BA01,tail=01009,network=']
2013-11-20 10:56:52,558: DEBUG: GoGo-Acct-Output-Voice-Gigawords: [0]
2013-11-20 10:56:52,558: DEBUG: Acct-Input-Octets: [4040357]
2013-11-20 10:56:52,561: DEBUG: 

2013-11-20 10:56:52,562: DEBUG: Received response with following attributes:
2013-11-20 10:56:52,562: DEBUG: User has abruptly end flag so ending the test with out AcctStop
2013-11-20 10:56:52,562: DEBUG: Ending the test for this user
2013-11-20 10:56:53,490: DEBUG: Starting the client for the user username95@airborne.aircell.com to the server localhost

2013-11-20 10:56:53,490: DEBUG: DURATION of the TEST: 14
2013-11-20 10:56:53,490: DEBUG: NAS-IP: 10.254.20.1
2013-11-20 10:56:53,490: DEBUG: NAS-MAC-ADDR: 16:21:31:41:51:75
2013-11-20 10:56:53,490: DEBUG: Abruptly End: False
2013-11-20 10:56:53,490: DEBUG: Framed-IP: 10.254.20.4
2013-11-20 10:56:53,491: DEBUG: User-MAC-Addr: 00:16:3E:35:47:8C
2013-11-20 10:56:53,491: DEBUG: 

2013-11-20 10:56:53,491: DEBUG: Creating Authentication Request with the following Attributes:
2013-11-20 10:56:53,491: DEBUG: NAS-Identifier: [u'C08386']
2013-11-20 10:56:53,492: DEBUG: User-Name: [u'username95@airborne.aircell.com']
2013-11-20 10:56:53,492: DEBUG: NAS-IP-Address: ['10.254.20.1']
2013-11-20 10:56:53,492: DEBUG: Service-Type: ['Authenticate-Only']
2013-11-20 10:56:53,492: DEBUG: Proxy-State: ['3237,3134']
2013-11-20 10:56:53,492: DEBUG: Framed-IP-Address: ['10.254.20.4']
2013-11-20 10:56:53,492: DEBUG: GoGo-Airline: [u'BA01']
2013-11-20 10:56:53,492: DEBUG: Acct-Session-Id: [u'AAATestNAS_15-1384925213491-00163E35478C-1']
2013-11-20 10:56:53,493: DEBUG: GoGo-Tail-Number: [u'AAATestNAS_15']
2013-11-20 10:56:53,493: DEBUG: GoGo-Private-IP-Address: ['192.168.1.179']
2013-11-20 10:56:53,493: DEBUG: WISPr-Location-ID: [u'airline=BA01,tail=01009,network=']
2013-11-20 10:56:53,493: DEBUG: WISPr-Location-Name: [u'TEST LLC,BA01_01009']
2013-11-20 10:56:53,493: DEBUG: NAS-Port-Type: ['Wireless-802.11']
2013-11-20 10:56:53,493: DEBUG: Called-Station-Id: [u'00:16:3E:35:47:8C']
2013-11-20 10:56:53,493: DEBUG: Calling-Station-Id: [u'16:21:31:41:51:75']
2013-11-20 10:56:53,494: DEBUG: 

2013-11-20 10:56:53,495: DEBUG: Received response with code: 2, Accepted
2013-11-20 10:56:53,495: DEBUG: Creating Authentication Request with the following Attributes:
2013-11-20 10:56:53,495: DEBUG: NAS-Identifier: [u'C08386']
2013-11-20 10:56:53,495: DEBUG: User-Name: [u'username95@airborne.aircell.com']
2013-11-20 10:56:53,495: DEBUG: NAS-IP-Address: ['10.254.20.1']
2013-11-20 10:56:53,496: DEBUG: Service-Type: ['Login-User']
2013-11-20 10:56:53,496: DEBUG: Proxy-State: ['3237,3134']
2013-11-20 10:56:53,496: DEBUG: Framed-IP-Address: ['10.254.20.4']
2013-11-20 10:56:53,496: DEBUG: GoGo-Airline: [u'BA01']
2013-11-20 10:56:53,496: DEBUG: Acct-Session-Id: [u'AAATestNAS_15-1384925213495-00163E35478C-1']
2013-11-20 10:56:53,496: DEBUG: GoGo-Tail-Number: [u'AAATestNAS_15']
2013-11-20 10:56:53,496: DEBUG: GoGo-Private-IP-Address: ['192.168.1.179']
2013-11-20 10:56:53,497: DEBUG: WISPr-Location-ID: [u'airline=BA01,tail=01009,network=']
2013-11-20 10:56:53,497: DEBUG: WISPr-Location-Name: [u'TEST LLC,BA01_01009']
2013-11-20 10:56:53,497: DEBUG: NAS-Port-Type: ['Wireless-802.11']
2013-11-20 10:56:53,497: DEBUG: Called-Station-Id: [u'00:16:3E:35:47:8C']
2013-11-20 10:56:53,497: DEBUG: Calling-Station-Id: [u'16:21:31:41:51:75']
2013-11-20 10:56:53,498: DEBUG: 

2013-11-20 10:56:53,498: DEBUG: Received response with code: 2, Accepted
2013-11-20 10:56:53,498: DEBUG: 

2013-11-20 10:56:53,499: DEBUG: Creating Accounting start Request with the following Attributes:
2013-11-20 10:56:53,499: DEBUG: NAS-Identifier: [u'C08386']
2013-11-20 10:56:53,499: DEBUG: User-Name: [u'username95@airborne.aircell.com']
2013-11-20 10:56:53,499: DEBUG: GoGo-Tail-Number: [u'AAATestNAS_15']
2013-11-20 10:56:53,499: DEBUG: NAS-IP-Address: ['10.254.20.1']
2013-11-20 10:56:53,499: DEBUG: Proxy-State: ['3239,3131']
2013-11-20 10:56:53,500: DEBUG: Acct-Status-Type: ['Start']
2013-11-20 10:56:53,500: DEBUG: GoGo-Airline: [u'BA01']
2013-11-20 10:56:53,500: DEBUG: Acct-Session-Id: [u'AAATestNAS_15-1384925213495-00163E35478C-1']
2013-11-20 10:56:53,500: DEBUG: GoGo-Private-IP-Address: ['192.168.1.179']
2013-11-20 10:56:53,500: DEBUG: Framed-IP-Address: ['10.254.20.4']
2013-11-20 10:56:53,500: DEBUG: WISPr-Location-ID: [u'airline=BA01,tail=01009,network=']
2013-11-20 10:56:53,500: DEBUG: WISPr-Location-Name: [u'TEST LLC,BA01_01009']
2013-11-20 10:56:53,501: DEBUG: NAS-Port-Type: ['Wireless-802.11']
2013-11-20 10:56:53,502: DEBUG: Called-Station-Id: [u'00:16:3E:35:47:8C']
2013-11-20 10:56:53,502: DEBUG: Calling-Station-Id: [u'16:21:31:41:51:75']
2013-11-20 10:56:53,504: DEBUG: 

2013-11-20 10:56:53,505: DEBUG: Received response with following attributes:
2013-11-20 10:57:03,505: DEBUG: 

2013-11-20 10:57:03,506: DEBUG: Creating Accounting Update Request with the following Attributes:
2013-11-20 10:57:03,506: DEBUG: User-Name: [u'username95@airborne.aircell.com']
2013-11-20 10:57:03,506: DEBUG: GoGo-Tail-Number: [u'AAATestNAS_15']
2013-11-20 10:57:03,506: DEBUG: Acct-Output-Octets: [6984037]
2013-11-20 10:57:03,506: DEBUG: NAS-IP-Address: ['10.254.20.1']
2013-11-20 10:57:03,506: DEBUG: GoGo-Total-Output-Gigawords: [0]
2013-11-20 10:57:03,507: DEBUG: Framed-IP-Address: ['10.254.20.4']
2013-11-20 10:57:03,507: DEBUG: GoGo-Total-Input-Voice-Gigawords: [0]
2013-11-20 10:57:03,507: DEBUG: GoGo-Total-Output-Octets: [6984037]
2013-11-20 10:57:03,507: DEBUG: GoGo-Acct-Input-Voice-Octets: [0]
2013-11-20 10:57:03,507: DEBUG: GoGo-Total-Input-Voice-Packets: [0]
2013-11-20 10:57:03,507: DEBUG: Called-Station-Id: [u'00:16:3E:35:47:8C']
2013-11-20 10:57:03,507: DEBUG: WISPr-Location-Name: [u'TEST LLC,BA01_01009']
2013-11-20 10:57:03,507: DEBUG: NAS-Identifier: [u'C08386']
2013-11-20 10:57:03,508: DEBUG: Proxy-State: ['3330,3132']
2013-11-20 10:57:03,508: DEBUG: GoGo-Total-Input-Voice-Octets: [0]
2013-11-20 10:57:03,508: DEBUG: Acct-Status-Type: ['Interim-Update']
2013-11-20 10:57:03,508: DEBUG: GoGo-Total-Output-Voice-Gigawords: [0]
2013-11-20 10:57:03,508: DEBUG: GoGo-Airline: [u'BA01']
2013-11-20 10:57:03,508: DEBUG: Acct-Session-Id: [u'AAATestNAS_15-1384925213495-00163E35478C-1']
2013-11-20 10:57:03,508: DEBUG: Acct-Session-Time: [10]
2013-11-20 10:57:03,508: DEBUG: Acct-Input-Packets: [45795]
2013-11-20 10:57:03,509: DEBUG: Acct-Output-Packets: [17480]
2013-11-20 10:57:03,509: DEBUG: GoGo-Acct-Output-Voice-Packets: [0]
2013-11-20 10:57:03,509: DEBUG: GoGo-Acct-Output-Voice-Octets: [0]
2013-11-20 10:57:03,509: DEBUG: Acct-Output-Gigawords: [0]
2013-11-20 10:57:03,509: DEBUG: GoGo-Total-Output-Voice-Packets: [0]
2013-11-20 10:57:03,509: DEBUG: Acct-Input-Gigawords: [0]
2013-11-20 10:57:03,509: DEBUG: Calling-Station-Id: [u'16:21:31:41:51:75']
2013-11-20 10:57:03,510: DEBUG: NAS-Port-Type: ['Wireless-802.11']
2013-11-20 10:57:03,510: DEBUG: GoGo-Total-Output-Voice-Octets: [0]
2013-11-20 10:57:03,510: DEBUG: GoGo-Private-IP-Address: ['192.168.1.179']
2013-11-20 10:57:03,510: DEBUG: GoGo-Acct-Input-Voice-Gigawords: [0]
2013-11-20 10:57:03,510: DEBUG: GoGo-Total-Input-Packets: [45795]
2013-11-20 10:57:03,511: DEBUG: GoGo-Total-Input-Gigawords: [0]
2013-11-20 10:57:03,512: DEBUG: GoGo-Acct-Input-Voice-Packets: [0]
2013-11-20 10:57:03,513: DEBUG: GoGo-Total-Input-Octets: [6049943]
2013-11-20 10:57:03,513: DEBUG: GoGo-Total-Output-Packets: [17480]
2013-11-20 10:57:03,514: DEBUG: WISPr-Location-ID: [u'airline=BA01,tail=01009,network=']
2013-11-20 10:57:03,514: DEBUG: GoGo-Acct-Output-Voice-Gigawords: [0]
2013-11-20 10:57:03,515: DEBUG: Acct-Input-Octets: [6049943]
2013-11-20 10:57:03,517: DEBUG: 

2013-11-20 10:57:03,518: DEBUG: Received response with following attributes:
2013-11-20 10:57:19,518: DEBUG: 

2013-11-20 10:57:19,520: DEBUG: Creating Accounting Stop Request with the following Attributes:
2013-11-20 10:57:19,521: DEBUG: User-Name: [u'username95@airborne.aircell.com']
2013-11-20 10:57:19,522: DEBUG: GoGo-Tail-Number: [u'01009']
2013-11-20 10:57:19,522: DEBUG: Acct-Output-Octets: [3544583]
2013-11-20 10:57:19,524: DEBUG: NAS-IP-Address: ['10.254.20.1']
2013-11-20 10:57:19,525: DEBUG: GoGo-Total-Output-Gigawords: [0]
2013-11-20 10:57:19,526: DEBUG: Framed-IP-Address: ['10.254.20.4']
2013-11-20 10:57:19,527: DEBUG: GoGo-Total-Input-Voice-Gigawords: [0]
2013-11-20 10:57:19,527: DEBUG: GoGo-Total-Output-Octets: [3544583]
2013-11-20 10:57:19,528: DEBUG: GoGo-Acct-Input-Voice-Octets: [0]
2013-11-20 10:57:19,529: DEBUG: GoGo-Total-Input-Voice-Packets: [0]
2013-11-20 10:57:19,531: DEBUG: Called-Station-Id: [u'00:16:3E:35:47:8C']
2013-11-20 10:57:19,533: DEBUG: WISPr-Location-Name: [u'TEST LLC,BA01_01009']
2013-11-20 10:57:19,534: DEBUG: NAS-Identifier: [u'C08386']
2013-11-20 10:57:19,536: DEBUG: Proxy-State: ['3330,3132']
2013-11-20 10:57:19,538: DEBUG: GoGo-Total-Input-Voice-Octets: [0]
2013-11-20 10:57:19,539: DEBUG: Acct-Status-Type: ['Stop']
2013-11-20 10:57:19,540: DEBUG: GoGo-Total-Output-Voice-Gigawords: [0]
2013-11-20 10:57:19,542: DEBUG: GoGo-Airline: [u'BA01']
2013-11-20 10:57:19,542: DEBUG: Acct-Session-Id: [u'AAATestNAS_15-1384925213495-00163E35478C-1']
2013-11-20 10:57:19,544: DEBUG: Acct-Session-Time: [16]
2013-11-20 10:57:19,547: DEBUG: Acct-Input-Packets: [59970]
2013-11-20 10:57:19,550: DEBUG: Acct-Output-Packets: [34523]
2013-11-20 10:57:19,551: DEBUG: Acct-Terminate-Cause: ['User-Request']
2013-11-20 10:57:19,552: DEBUG: GoGo-Acct-Output-Voice-Octets: [0]
2013-11-20 10:57:19,553: DEBUG: Acct-Output-Gigawords: [0]
2013-11-20 10:57:19,554: DEBUG: GoGo-Total-Output-Voice-Packets: [0]
2013-11-20 10:57:19,556: DEBUG: Acct-Input-Gigawords: [0]
2013-11-20 10:57:19,558: DEBUG: Calling-Station-Id: [u'16:21:31:41:51:75']
2013-11-20 10:57:19,559: DEBUG: NAS-Port-Type: ['Wireless-802.11']
2013-11-20 10:57:19,562: DEBUG: GoGo-Total-Output-Voice-Octets: [0]
2013-11-20 10:57:19,563: DEBUG: GoGo-Private-IP-Address: ['192.168.1.179']
2013-11-20 10:57:19,563: DEBUG: GoGo-Acct-Input-Voice-Gigawords: [0]
2013-11-20 10:57:19,566: DEBUG: GoGo-Total-Input-Packets: [59970]
2013-11-20 10:57:19,568: DEBUG: GoGo-Total-Input-Gigawords: [0]
2013-11-20 10:57:19,570: DEBUG: GoGo-Acct-Input-Voice-Packets: [0]
2013-11-20 10:57:19,571: DEBUG: GoGo-Total-Input-Octets: [9507909]
2013-11-20 10:57:19,571: DEBUG: GoGo-Total-Output-Packets: [34523]
2013-11-20 10:57:19,575: DEBUG: WISPr-Location-ID: [u'airline=BA01,tail=01009,network=']
2013-11-20 10:57:19,577: DEBUG: GoGo-Acct-Output-Voice-Packets: [0]
2013-11-20 10:57:19,580: DEBUG: GoGo-Acct-Output-Voice-Gigawords: [0]
2013-11-20 10:57:19,584: DEBUG: Acct-Input-Octets: [9507909]
2013-11-20 10:57:19,591: DEBUG: 

2013-11-20 10:57:19,596: DEBUG: Received response with following attributes:
2013-11-20 10:57:19,597: DEBUG: Ending the test for this user
2013-11-20 10:57:20,497: DEBUG: Starting the client for the user username95@airborne.aircell.com to the server localhost

2013-11-20 10:57:20,498: DEBUG: DURATION of the TEST: 23
2013-11-20 10:57:20,498: DEBUG: NAS-IP: 10.254.67.1
2013-11-20 10:57:20,498: DEBUG: NAS-MAC-ADDR: 17:21:31:41:52:32
2013-11-20 10:57:20,498: DEBUG: Abruptly End: False
2013-11-20 10:57:20,499: DEBUG: Framed-IP: 10.254.67.154
2013-11-20 10:57:20,499: DEBUG: User-MAC-Addr: 00:16:3E:37:7E:CF
2013-11-20 10:57:20,499: DEBUG: 

2013-11-20 10:57:20,500: DEBUG: Creating Authentication Request with the following Attributes:
2013-11-20 10:57:20,500: DEBUG: NAS-Identifier: [u'C08386']
2013-11-20 10:57:20,500: DEBUG: User-Name: [u'username95@airborne.aircell.com']
2013-11-20 10:57:20,501: DEBUG: NAS-IP-Address: ['10.254.67.1']
2013-11-20 10:57:20,501: DEBUG: Service-Type: ['Authenticate-Only']
2013-11-20 10:57:20,501: DEBUG: Proxy-State: ['3237,3134']
2013-11-20 10:57:20,501: DEBUG: Framed-IP-Address: ['10.254.67.154']
2013-11-20 10:57:20,502: DEBUG: GoGo-Airline: [u'BA01']
2013-11-20 10:57:20,502: DEBUG: Acct-Session-Id: [u'AAATestNAS_62-1384925240500-00163E377ECF-3']
2013-11-20 10:57:20,502: DEBUG: GoGo-Tail-Number: [u'AAATestNAS_62']
2013-11-20 10:57:20,502: DEBUG: GoGo-Private-IP-Address: ['192.168.1.179']
2013-11-20 10:57:20,502: DEBUG: WISPr-Location-ID: [u'airline=BA01,tail=01009,network=']
2013-11-20 10:57:20,503: DEBUG: WISPr-Location-Name: [u'TEST LLC,BA01_01009']
2013-11-20 10:57:20,503: DEBUG: NAS-Port-Type: ['Wireless-802.11']
2013-11-20 10:57:20,503: DEBUG: Called-Station-Id: [u'00:16:3E:37:7E:CF']
2013-11-20 10:57:20,503: DEBUG: Calling-Station-Id: [u'17:21:31:41:52:32']
2013-11-20 10:57:20,504: DEBUG: 

2013-11-20 10:57:20,504: DEBUG: Received response with code: 2, Accepted
2013-11-20 10:57:20,505: DEBUG: Creating Authentication Request with the following Attributes:
2013-11-20 10:57:20,505: DEBUG: NAS-Identifier: [u'C08386']
2013-11-20 10:57:20,505: DEBUG: User-Name: [u'username95@airborne.aircell.com']
2013-11-20 10:57:20,505: DEBUG: NAS-IP-Address: ['10.254.67.1']
2013-11-20 10:57:20,506: DEBUG: Service-Type: ['Login-User']
2013-11-20 10:57:20,506: DEBUG: Proxy-State: ['3237,3134']
2013-11-20 10:57:20,506: DEBUG: Framed-IP-Address: ['10.254.67.154']
2013-11-20 10:57:20,506: DEBUG: GoGo-Airline: [u'BA01']
2013-11-20 10:57:20,506: DEBUG: Acct-Session-Id: [u'AAATestNAS_62-1384925240505-00163E377ECF-3']
2013-11-20 10:57:20,506: DEBUG: GoGo-Tail-Number: [u'AAATestNAS_62']
2013-11-20 10:57:20,507: DEBUG: GoGo-Private-IP-Address: ['192.168.1.179']
2013-11-20 10:57:20,507: DEBUG: WISPr-Location-ID: [u'airline=BA01,tail=01009,network=']
2013-11-20 10:57:20,507: DEBUG: WISPr-Location-Name: [u'TEST LLC,BA01_01009']
2013-11-20 10:57:20,507: DEBUG: NAS-Port-Type: ['Wireless-802.11']
2013-11-20 10:57:20,507: DEBUG: Called-Station-Id: [u'00:16:3E:37:7E:CF']
2013-11-20 10:57:20,508: DEBUG: Calling-Station-Id: [u'17:21:31:41:52:32']
2013-11-20 10:57:20,509: DEBUG: 

2013-11-20 10:57:20,509: DEBUG: Received response with code: 2, Accepted
2013-11-20 10:57:20,510: DEBUG: 

2013-11-20 10:57:20,510: DEBUG: Creating Accounting start Request with the following Attributes:
2013-11-20 10:57:20,511: DEBUG: NAS-Identifier: [u'C08386']
2013-11-20 10:57:20,513: DEBUG: User-Name: [u'username95@airborne.aircell.com']
2013-11-20 10:57:20,513: DEBUG: GoGo-Tail-Number: [u'AAATestNAS_62']
2013-11-20 10:57:20,514: DEBUG: NAS-IP-Address: ['10.254.67.1']
2013-11-20 10:57:20,515: DEBUG: Proxy-State: ['3239,3131']
2013-11-20 10:57:20,517: DEBUG: Acct-Status-Type: ['Start']
2013-11-20 10:57:20,517: DEBUG: GoGo-Airline: [u'BA01']
2013-11-20 10:57:20,518: DEBUG: Acct-Session-Id: [u'AAATestNAS_62-1384925240505-00163E377ECF-3']
2013-11-20 10:57:20,519: DEBUG: GoGo-Private-IP-Address: ['192.168.1.179']
2013-11-20 10:57:20,520: DEBUG: Framed-IP-Address: ['10.254.67.154']
2013-11-20 10:57:20,521: DEBUG: WISPr-Location-ID: [u'airline=BA01,tail=01009,network=']
2013-11-20 10:57:20,523: DEBUG: WISPr-Location-Name: [u'TEST LLC,BA01_01009']
2013-11-20 10:57:20,525: DEBUG: NAS-Port-Type: ['Wireless-802.11']
2013-11-20 10:57:20,528: DEBUG: Called-Station-Id: [u'00:16:3E:37:7E:CF']
2013-11-20 10:57:20,531: DEBUG: Calling-Station-Id: [u'17:21:31:41:52:32']
2013-11-20 10:57:20,535: DEBUG: 

2013-11-20 10:57:20,536: DEBUG: Received response with following attributes:
2013-11-20 10:57:30,537: DEBUG: 

2013-11-20 10:57:30,539: DEBUG: Creating Accounting Update Request with the following Attributes:
2013-11-20 10:57:30,540: DEBUG: User-Name: [u'username95@airborne.aircell.com']
2013-11-20 10:57:30,540: DEBUG: GoGo-Tail-Number: [u'AAATestNAS_62']
2013-11-20 10:57:30,540: DEBUG: Acct-Output-Octets: [8847699]
2013-11-20 10:57:30,541: DEBUG: NAS-IP-Address: ['10.254.67.1']
2013-11-20 10:57:30,541: DEBUG: GoGo-Total-Output-Gigawords: [0]
2013-11-20 10:57:30,541: DEBUG: Framed-IP-Address: ['10.254.67.154']
2013-11-20 10:57:30,542: DEBUG: GoGo-Total-Input-Voice-Gigawords: [0]
2013-11-20 10:57:30,542: DEBUG: GoGo-Total-Output-Octets: [8847699]
2013-11-20 10:57:30,542: DEBUG: GoGo-Acct-Input-Voice-Octets: [0]
2013-11-20 10:57:30,543: DEBUG: GoGo-Total-Input-Voice-Packets: [0]
2013-11-20 10:57:30,543: DEBUG: Called-Station-Id: [u'00:16:3E:37:7E:CF']
2013-11-20 10:57:30,543: DEBUG: WISPr-Location-Name: [u'TEST LLC,BA01_01009']
2013-11-20 10:57:30,544: DEBUG: NAS-Identifier: [u'C08386']
2013-11-20 10:57:30,545: DEBUG: Proxy-State: ['3330,3132']
2013-11-20 10:57:30,546: DEBUG: GoGo-Total-Input-Voice-Octets: [0]
2013-11-20 10:57:30,547: DEBUG: Acct-Status-Type: ['Interim-Update']
2013-11-20 10:57:30,548: DEBUG: GoGo-Total-Output-Voice-Gigawords: [0]
2013-11-20 10:57:30,549: DEBUG: GoGo-Airline: [u'BA01']
2013-11-20 10:57:30,550: DEBUG: Acct-Session-Id: [u'AAATestNAS_62-1384925240505-00163E377ECF-3']
2013-11-20 10:57:30,551: DEBUG: Acct-Session-Time: [10]
2013-11-20 10:57:30,551: DEBUG: Acct-Input-Packets: [12863]
2013-11-20 10:57:30,553: DEBUG: Acct-Output-Packets: [43829]
2013-11-20 10:57:30,554: DEBUG: GoGo-Acct-Output-Voice-Packets: [0]
2013-11-20 10:57:30,555: DEBUG: GoGo-Acct-Output-Voice-Octets: [0]
2013-11-20 10:57:30,556: DEBUG: Acct-Output-Gigawords: [0]
2013-11-20 10:57:30,558: DEBUG: GoGo-Total-Output-Voice-Packets: [0]
2013-11-20 10:57:30,560: DEBUG: Acct-Input-Gigawords: [0]
2013-11-20 10:57:30,561: DEBUG: Calling-Station-Id: [u'17:21:31:41:52:32']
2013-11-20 10:57:30,562: DEBUG: NAS-Port-Type: ['Wireless-802.11']
2013-11-20 10:57:30,563: DEBUG: GoGo-Total-Output-Voice-Octets: [0]
2013-11-20 10:57:30,565: DEBUG: GoGo-Private-IP-Address: ['192.168.1.179']
2013-11-20 10:57:30,567: DEBUG: GoGo-Acct-Input-Voice-Gigawords: [0]
2013-11-20 10:57:30,569: DEBUG: GoGo-Total-Input-Packets: [12863]
2013-11-20 10:57:30,571: DEBUG: GoGo-Total-Input-Gigawords: [0]
2013-11-20 10:57:30,573: DEBUG: GoGo-Acct-Input-Voice-Packets: [0]
2013-11-20 10:57:30,573: DEBUG: GoGo-Total-Input-Octets: [1912969]
2013-11-20 10:57:30,574: DEBUG: GoGo-Total-Output-Packets: [43829]
2013-11-20 10:57:30,576: DEBUG: WISPr-Location-ID: [u'airline=BA01,tail=01009,network=']
2013-11-20 10:57:30,576: DEBUG: GoGo-Acct-Output-Voice-Gigawords: [0]
2013-11-20 10:57:30,577: DEBUG: Acct-Input-Octets: [1912969]
2013-11-20 10:57:30,582: DEBUG: 

2013-11-20 10:57:30,583: DEBUG: Received response with following attributes:
2013-11-20 10:57:40,585: DEBUG: 

2013-11-20 10:57:40,586: DEBUG: Creating Accounting Update Request with the following Attributes:
2013-11-20 10:57:40,586: DEBUG: User-Name: [u'username95@airborne.aircell.com']
2013-11-20 10:57:40,587: DEBUG: GoGo-Tail-Number: [u'AAATestNAS_62']
2013-11-20 10:57:40,587: DEBUG: Acct-Output-Octets: [5318207]
2013-11-20 10:57:40,587: DEBUG: NAS-IP-Address: ['10.254.67.1']
2013-11-20 10:57:40,587: DEBUG: GoGo-Total-Output-Gigawords: [0]
2013-11-20 10:57:40,587: DEBUG: Framed-IP-Address: ['10.254.67.154']
2013-11-20 10:57:40,587: DEBUG: GoGo-Total-Input-Voice-Gigawords: [0]
2013-11-20 10:57:40,588: DEBUG: GoGo-Total-Output-Octets: [5318207]
2013-11-20 10:57:40,588: DEBUG: GoGo-Acct-Input-Voice-Octets: [0]
2013-11-20 10:57:40,588: DEBUG: GoGo-Total-Input-Voice-Packets: [0]
2013-11-20 10:57:40,588: DEBUG: Called-Station-Id: [u'00:16:3E:37:7E:CF']
2013-11-20 10:57:40,588: DEBUG: WISPr-Location-Name: [u'TEST LLC,BA01_01009']
2013-11-20 10:57:40,589: DEBUG: NAS-Identifier: [u'C08386']
2013-11-20 10:57:40,589: DEBUG: Proxy-State: ['3330,3132']
2013-11-20 10:57:40,589: DEBUG: GoGo-Total-Input-Voice-Octets: [0]
2013-11-20 10:57:40,590: DEBUG: Acct-Status-Type: ['Interim-Update']
2013-11-20 10:57:40,590: DEBUG: GoGo-Total-Output-Voice-Gigawords: [0]
2013-11-20 10:57:40,591: DEBUG: GoGo-Airline: [u'BA01']
2013-11-20 10:57:40,591: DEBUG: Acct-Session-Id: [u'AAATestNAS_62-1384925240505-00163E377ECF-3']
2013-11-20 10:57:40,592: DEBUG: Acct-Session-Time: [10]
2013-11-20 10:57:40,592: DEBUG: Acct-Input-Packets: [42012]
2013-11-20 10:57:40,593: DEBUG: Acct-Output-Packets: [10856]
2013-11-20 10:57:40,593: DEBUG: GoGo-Acct-Output-Voice-Packets: [0]
2013-11-20 10:57:40,594: DEBUG: GoGo-Acct-Output-Voice-Octets: [0]
2013-11-20 10:57:40,594: DEBUG: Acct-Output-Gigawords: [0]
2013-11-20 10:57:40,594: DEBUG: GoGo-Total-Output-Voice-Packets: [0]
2013-11-20 10:57:40,595: DEBUG: Acct-Input-Gigawords: [0]
2013-11-20 10:57:40,595: DEBUG: Calling-Station-Id: [u'17:21:31:41:52:32']
2013-11-20 10:57:40,596: DEBUG: NAS-Port-Type: ['Wireless-802.11']
2013-11-20 10:57:40,596: DEBUG: GoGo-Total-Output-Voice-Octets: [0]
2013-11-20 10:57:40,597: DEBUG: GoGo-Private-IP-Address: ['192.168.1.179']
2013-11-20 10:57:40,597: DEBUG: GoGo-Acct-Input-Voice-Gigawords: [0]
2013-11-20 10:57:40,598: DEBUG: GoGo-Total-Input-Packets: [42012]
2013-11-20 10:57:40,598: DEBUG: GoGo-Total-Input-Gigawords: [0]
2013-11-20 10:57:40,599: DEBUG: GoGo-Acct-Input-Voice-Packets: [0]
2013-11-20 10:57:40,599: DEBUG: GoGo-Total-Input-Octets: [5269726]
2013-11-20 10:57:40,600: DEBUG: GoGo-Total-Output-Packets: [10856]
2013-11-20 10:57:40,600: DEBUG: WISPr-Location-ID: [u'airline=BA01,tail=01009,network=']
2013-11-20 10:57:40,601: DEBUG: GoGo-Acct-Output-Voice-Gigawords: [0]
2013-11-20 10:57:40,601: DEBUG: Acct-Input-Octets: [5269726]
2013-11-20 10:57:40,601: ERROR: Network error, Reason: 'Network error: Too many open files'
2013-11-20 10:58:10,602: DEBUG: 

2013-11-20 10:58:10,603: DEBUG: Creating Accounting Stop Request with the following Attributes:
2013-11-20 10:58:10,605: DEBUG: User-Name: [u'username95@airborne.aircell.com']
2013-11-20 10:58:10,606: DEBUG: GoGo-Tail-Number: [u'01009']
2013-11-20 10:58:10,607: DEBUG: Acct-Output-Octets: [4214768]
2013-11-20 10:58:10,607: DEBUG: NAS-IP-Address: ['10.254.67.1']
2013-11-20 10:58:10,608: DEBUG: GoGo-Total-Output-Gigawords: [0]
2013-11-20 10:58:10,609: DEBUG: Framed-IP-Address: ['10.254.67.154']
2013-11-20 10:58:10,609: DEBUG: GoGo-Total-Input-Voice-Gigawords: [0]
2013-11-20 10:58:10,610: DEBUG: GoGo-Total-Output-Octets: [4214768]
2013-11-20 10:58:10,611: DEBUG: GoGo-Acct-Input-Voice-Octets: [0]
2013-11-20 10:58:10,611: DEBUG: GoGo-Total-Input-Voice-Packets: [0]
2013-11-20 10:58:10,612: DEBUG: Called-Station-Id: [u'00:16:3E:37:7E:CF']
2013-11-20 10:58:10,613: DEBUG: WISPr-Location-Name: [u'TEST LLC,BA01_01009']
2013-11-20 10:58:10,614: DEBUG: NAS-Identifier: [u'C08386']
2013-11-20 10:58:10,615: DEBUG: Proxy-State: ['3330,3132']
2013-11-20 10:58:10,616: DEBUG: GoGo-Total-Input-Voice-Octets: [0]
2013-11-20 10:58:10,617: DEBUG: Acct-Status-Type: ['Stop']
2013-11-20 10:58:10,618: DEBUG: GoGo-Total-Output-Voice-Gigawords: [0]
2013-11-20 10:58:10,619: DEBUG: GoGo-Airline: [u'BA01']
2013-11-20 10:58:10,620: DEBUG: Acct-Session-Id: [u'AAATestNAS_62-1384925240505-00163E377ECF-3']
2013-11-20 10:58:10,621: DEBUG: Acct-Session-Time: [30]
2013-11-20 10:58:10,623: DEBUG: Acct-Input-Packets: [35602]
2013-11-20 10:58:10,624: DEBUG: Acct-Output-Packets: [22476]
2013-11-20 10:58:10,625: DEBUG: Acct-Terminate-Cause: ['User-Request']
2013-11-20 10:58:10,627: DEBUG: GoGo-Acct-Output-Voice-Octets: [0]
2013-11-20 10:58:10,627: DEBUG: Acct-Output-Gigawords: [0]
2013-11-20 10:58:10,628: DEBUG: GoGo-Total-Output-Voice-Packets: [0]
2013-11-20 10:58:10,629: DEBUG: Acct-Input-Gigawords: [0]
2013-11-20 10:58:10,630: DEBUG: Calling-Station-Id: [u'17:21:31:41:52:32']
2013-11-20 10:58:10,631: DEBUG: NAS-Port-Type: ['Wireless-802.11']
2013-11-20 10:58:10,632: DEBUG: GoGo-Total-Output-Voice-Octets: [0]
2013-11-20 10:58:10,632: DEBUG: GoGo-Private-IP-Address: ['192.168.1.179']
2013-11-20 10:58:10,634: DEBUG: GoGo-Acct-Input-Voice-Gigawords: [0]
2013-11-20 10:58:10,635: DEBUG: GoGo-Total-Input-Packets: [35602]
2013-11-20 10:58:10,636: DEBUG: GoGo-Total-Input-Gigawords: [0]
2013-11-20 10:58:10,636: DEBUG: GoGo-Acct-Input-Voice-Packets: [0]
2013-11-20 10:58:10,637: DEBUG: GoGo-Total-Input-Octets: [3897136]
2013-11-20 10:58:10,638: DEBUG: GoGo-Total-Output-Packets: [22476]
2013-11-20 10:58:10,639: DEBUG: WISPr-Location-ID: [u'airline=BA01,tail=01009,network=']
2013-11-20 10:58:10,639: DEBUG: GoGo-Acct-Output-Voice-Packets: [0]
2013-11-20 10:58:10,640: DEBUG: GoGo-Acct-Output-Voice-Gigawords: [0]
2013-11-20 10:58:10,640: DEBUG: Acct-Input-Octets: [3897136]
2013-11-20 10:58:10,643: DEBUG: 

2013-11-20 10:58:10,643: DEBUG: Received response with following attributes:
2013-11-20 10:58:10,644: DEBUG: Ending the test for this user
2013-11-20 10:58:11,574: DEBUG: Starting the client for the user username95@airborne.aircell.com to the server localhost

2013-11-20 10:58:11,575: DEBUG: DURATION of the TEST: 95
2013-11-20 10:58:11,576: DEBUG: NAS-IP: 10.254.146.1
2013-11-20 10:58:11,577: DEBUG: NAS-MAC-ADDR: 18:21:31:41:52:22
2013-11-20 10:58:11,578: DEBUG: Abruptly End: True
2013-11-20 10:58:11,580: DEBUG: Framed-IP: 10.254.146.77
2013-11-20 10:58:11,581: DEBUG: User-MAC-Addr: 00:16:3E:4C:2A:47
2013-11-20 10:58:11,583: DEBUG: 

2013-11-20 10:58:11,586: DEBUG: Creating Authentication Request with the following Attributes:
2013-11-20 10:58:11,588: DEBUG: NAS-Identifier: [u'C08386']
2013-11-20 10:58:11,590: DEBUG: User-Name: [u'username95@airborne.aircell.com']
2013-11-20 10:58:11,591: DEBUG: NAS-IP-Address: ['10.254.146.1']
2013-11-20 10:58:11,593: DEBUG: Service-Type: ['Authenticate-Only']
2013-11-20 10:58:11,595: DEBUG: Proxy-State: ['3237,3134']
2013-11-20 10:58:11,596: DEBUG: Framed-IP-Address: ['10.254.146.77']
2013-11-20 10:58:11,598: DEBUG: GoGo-Airline: [u'BA01']
2013-11-20 10:58:11,601: DEBUG: Acct-Session-Id: [u'AAATestNAS_141-1384925291586-00163E4C2A47-1']
2013-11-20 10:58:11,603: DEBUG: GoGo-Tail-Number: [u'AAATestNAS_141']
2013-11-20 10:58:11,604: DEBUG: GoGo-Private-IP-Address: ['192.168.1.179']
2013-11-20 10:58:11,605: DEBUG: WISPr-Location-ID: [u'airline=BA01,tail=01009,network=']
2013-11-20 10:58:11,607: DEBUG: WISPr-Location-Name: [u'TEST LLC,BA01_01009']
2013-11-20 10:58:11,608: DEBUG: NAS-Port-Type: ['Wireless-802.11']
2013-11-20 10:58:11,610: DEBUG: Called-Station-Id: [u'00:16:3E:4C:2A:47']
2013-11-20 10:58:11,612: DEBUG: Calling-Station-Id: [u'18:21:31:41:52:22']
2013-11-20 10:58:11,617: DEBUG: 

2013-11-20 10:58:11,619: DEBUG: Received response with code: 2, Accepted
2013-11-20 10:58:11,621: DEBUG: Creating Authentication Request with the following Attributes:
2013-11-20 10:58:11,623: DEBUG: NAS-Identifier: [u'C08386']
2013-11-20 10:58:11,625: DEBUG: User-Name: [u'username95@airborne.aircell.com']
2013-11-20 10:58:11,627: DEBUG: NAS-IP-Address: ['10.254.146.1']
2013-11-20 10:58:11,629: DEBUG: Service-Type: ['Login-User']
2013-11-20 10:58:11,631: DEBUG: Proxy-State: ['3237,3134']
2013-11-20 10:58:11,631: DEBUG: Framed-IP-Address: ['10.254.146.77']
2013-11-20 10:58:11,634: DEBUG: GoGo-Airline: [u'BA01']
2013-11-20 10:58:11,634: DEBUG: Acct-Session-Id: [u'AAATestNAS_141-1384925291621-00163E4C2A47-1']
2013-11-20 10:58:11,635: DEBUG: GoGo-Tail-Number: [u'AAATestNAS_141']
2013-11-20 10:58:11,636: DEBUG: GoGo-Private-IP-Address: ['192.168.1.179']
2013-11-20 10:58:11,636: DEBUG: WISPr-Location-ID: [u'airline=BA01,tail=01009,network=']
2013-11-20 10:58:11,637: DEBUG: WISPr-Location-Name: [u'TEST LLC,BA01_01009']
2013-11-20 10:58:11,637: DEBUG: NAS-Port-Type: ['Wireless-802.11']
2013-11-20 10:58:11,638: DEBUG: Called-Station-Id: [u'00:16:3E:4C:2A:47']
2013-11-20 10:58:11,639: DEBUG: Calling-Station-Id: [u'18:21:31:41:52:22']
2013-11-20 10:58:11,641: DEBUG: 

2013-11-20 10:58:11,642: DEBUG: Received response with code: 2, Accepted
2013-11-20 10:58:11,642: DEBUG: 

2013-11-20 10:58:11,643: DEBUG: Creating Accounting start Request with the following Attributes:
2013-11-20 10:58:11,644: DEBUG: NAS-Identifier: [u'C08386']
2013-11-20 10:58:11,644: DEBUG: User-Name: [u'username95@airborne.aircell.com']
2013-11-20 10:58:11,645: DEBUG: GoGo-Tail-Number: [u'AAATestNAS_141']
2013-11-20 10:58:11,646: DEBUG: NAS-IP-Address: ['10.254.146.1']
2013-11-20 10:58:11,646: DEBUG: Proxy-State: ['3239,3131']
2013-11-20 10:58:11,647: DEBUG: Acct-Status-Type: ['Start']
2013-11-20 10:58:11,648: DEBUG: GoGo-Airline: [u'BA01']
2013-11-20 10:58:11,648: DEBUG: Acct-Session-Id: [u'AAATestNAS_141-1384925291621-00163E4C2A47-1']
2013-11-20 10:58:11,649: DEBUG: GoGo-Private-IP-Address: ['192.168.1.179']
2013-11-20 10:58:11,650: DEBUG: Framed-IP-Address: ['10.254.146.77']
2013-11-20 10:58:11,650: DEBUG: WISPr-Location-ID: [u'airline=BA01,tail=01009,network=']
2013-11-20 10:58:11,650: DEBUG: WISPr-Location-Name: [u'TEST LLC,BA01_01009']
2013-11-20 10:58:11,651: DEBUG: NAS-Port-Type: ['Wireless-802.11']
2013-11-20 10:58:11,651: DEBUG: Called-Station-Id: [u'00:16:3E:4C:2A:47']
2013-11-20 10:58:11,651: DEBUG: Calling-Station-Id: [u'18:21:31:41:52:22']
2013-11-20 10:58:11,654: DEBUG: 

2013-11-20 10:58:11,654: DEBUG: Received response with following attributes:
2013-11-20 10:58:21,655: DEBUG: 

2013-11-20 10:58:21,656: DEBUG: Creating Accounting Update Request with the following Attributes:
2013-11-20 10:58:21,656: DEBUG: User-Name: [u'username95@airborne.aircell.com']
2013-11-20 10:58:21,656: DEBUG: GoGo-Tail-Number: [u'AAATestNAS_141']
2013-11-20 10:58:21,656: DEBUG: Acct-Output-Octets: [5872767]
2013-11-20 10:58:21,657: DEBUG: NAS-IP-Address: ['10.254.146.1']
2013-11-20 10:58:21,657: DEBUG: GoGo-Total-Output-Gigawords: [0]
2013-11-20 10:58:21,657: DEBUG: Framed-IP-Address: ['10.254.146.77']
2013-11-20 10:58:21,657: DEBUG: GoGo-Total-Input-Voice-Gigawords: [0]
2013-11-20 10:58:21,658: DEBUG: GoGo-Total-Output-Octets: [5872767]
2013-11-20 10:58:21,658: DEBUG: GoGo-Acct-Input-Voice-Octets: [0]
2013-11-20 10:58:21,658: DEBUG: GoGo-Total-Input-Voice-Packets: [0]
2013-11-20 10:58:21,658: DEBUG: Called-Station-Id: [u'00:16:3E:4C:2A:47']
2013-11-20 10:58:21,658: DEBUG: WISPr-Location-Name: [u'TEST LLC,BA01_01009']
2013-11-20 10:58:21,659: DEBUG: NAS-Identifier: [u'C08386']
2013-11-20 10:58:21,659: DEBUG: Proxy-State: ['3330,3132']
2013-11-20 10:58:21,659: DEBUG: GoGo-Total-Input-Voice-Octets: [0]
2013-11-20 10:58:21,659: DEBUG: Acct-Status-Type: ['Interim-Update']
2013-11-20 10:58:21,659: DEBUG: GoGo-Total-Output-Voice-Gigawords: [0]
2013-11-20 10:58:21,660: DEBUG: GoGo-Airline: [u'BA01']
2013-11-20 10:58:21,660: DEBUG: Acct-Session-Id: [u'AAATestNAS_141-1384925291621-00163E4C2A47-1']
2013-11-20 10:58:21,661: DEBUG: Acct-Session-Time: [10]
2013-11-20 10:58:21,662: DEBUG: Acct-Input-Packets: [95397]
2013-11-20 10:58:21,662: DEBUG: Acct-Output-Packets: [55052]
2013-11-20 10:58:21,663: DEBUG: GoGo-Acct-Output-Voice-Packets: [0]
2013-11-20 10:58:21,663: DEBUG: GoGo-Acct-Output-Voice-Octets: [0]
2013-11-20 10:58:21,664: DEBUG: Acct-Output-Gigawords: [0]
2013-11-20 10:58:21,664: DEBUG: GoGo-Total-Output-Voice-Packets: [0]
2013-11-20 10:58:21,665: DEBUG: Acct-Input-Gigawords: [0]
2013-11-20 10:58:21,665: DEBUG: Calling-Station-Id: [u'18:21:31:41:52:22']
2013-11-20 10:58:21,666: DEBUG: NAS-Port-Type: ['Wireless-802.11']
2013-11-20 10:58:21,667: DEBUG: GoGo-Total-Output-Voice-Octets: [0]
2013-11-20 10:58:21,667: DEBUG: GoGo-Private-IP-Address: ['192.168.1.179']
2013-11-20 10:58:21,668: DEBUG: GoGo-Acct-Input-Voice-Gigawords: [0]
2013-11-20 10:58:21,668: DEBUG: GoGo-Total-Input-Packets: [95397]
2013-11-20 10:58:21,669: DEBUG: GoGo-Total-Input-Gigawords: [0]
2013-11-20 10:58:21,669: DEBUG: GoGo-Acct-Input-Voice-Packets: [0]
2013-11-20 10:58:21,670: DEBUG: GoGo-Total-Input-Octets: [9935584]
2013-11-20 10:58:21,671: DEBUG: GoGo-Total-Output-Packets: [55052]
2013-11-20 10:58:21,671: DEBUG: WISPr-Location-ID: [u'airline=BA01,tail=01009,network=']
2013-11-20 10:58:21,672: DEBUG: GoGo-Acct-Output-Voice-Gigawords: [0]
2013-11-20 10:58:21,673: DEBUG: Acct-Input-Octets: [9935584]
2013-11-20 10:58:21,673: ERROR: Network error, Reason: 'Network error: Too many open files'
2013-11-20 10:58:31,674: DEBUG: 

2013-11-20 10:58:31,675: DEBUG: Creating Accounting Update Request with the following Attributes:
2013-11-20 10:58:31,675: DEBUG: User-Name: [u'username95@airborne.aircell.com']
2013-11-20 10:58:31,675: DEBUG: GoGo-Tail-Number: [u'AAATestNAS_141']
2013-11-20 10:58:31,676: DEBUG: Acct-Output-Octets: [7898054]
2013-11-20 10:58:31,676: DEBUG: NAS-IP-Address: ['10.254.146.1']
2013-11-20 10:58:31,676: DEBUG: GoGo-Total-Output-Gigawords: [0]
2013-11-20 10:58:31,676: DEBUG: Framed-IP-Address: ['10.254.146.77']
2013-11-20 10:58:31,676: DEBUG: GoGo-Total-Input-Voice-Gigawords: [0]
2013-11-20 10:58:31,677: DEBUG: GoGo-Total-Output-Octets: [7898054]
2013-11-20 10:58:31,678: DEBUG: GoGo-Acct-Input-Voice-Octets: [0]
2013-11-20 10:58:31,679: DEBUG: GoGo-Total-Input-Voice-Packets: [0]
2013-11-20 10:58:31,679: DEBUG: Called-Station-Id: [u'00:16:3E:4C:2A:47']
2013-11-20 10:58:31,680: DEBUG: WISPr-Location-Name: [u'TEST LLC,BA01_01009']
2013-11-20 10:58:31,680: DEBUG: NAS-Identifier: [u'C08386']
2013-11-20 10:58:31,681: DEBUG: Proxy-State: ['3330,3132']
2013-11-20 10:58:31,681: DEBUG: GoGo-Total-Input-Voice-Octets: [0]
2013-11-20 10:58:31,682: DEBUG: Acct-Status-Type: ['Interim-Update']
2013-11-20 10:58:31,682: DEBUG: GoGo-Total-Output-Voice-Gigawords: [0]
2013-11-20 10:58:31,683: DEBUG: GoGo-Airline: [u'BA01']
2013-11-20 10:58:31,684: DEBUG: Acct-Session-Id: [u'AAATestNAS_141-1384925291621-00163E4C2A47-1']
2013-11-20 10:58:31,684: DEBUG: Acct-Session-Time: [10]
2013-11-20 10:58:31,685: DEBUG: Acct-Input-Packets: [11966]
2013-11-20 10:58:31,685: DEBUG: Acct-Output-Packets: [56346]
2013-11-20 10:58:31,686: DEBUG: GoGo-Acct-Output-Voice-Packets: [0]
2013-11-20 10:58:31,687: DEBUG: GoGo-Acct-Output-Voice-Octets: [0]
2013-11-20 10:58:31,687: DEBUG: Acct-Output-Gigawords: [0]
2013-11-20 10:58:31,688: DEBUG: GoGo-Total-Output-Voice-Packets: [0]
2013-11-20 10:58:31,688: DEBUG: Acct-Input-Gigawords: [0]
2013-11-20 10:58:31,689: DEBUG: Calling-Station-Id: [u'18:21:31:41:52:22']
2013-11-20 10:58:31,690: DEBUG: NAS-Port-Type: ['Wireless-802.11']
2013-11-20 10:58:31,690: DEBUG: GoGo-Total-Output-Voice-Octets: [0]
2013-11-20 10:58:31,691: DEBUG: GoGo-Private-IP-Address: ['192.168.1.179']
2013-11-20 10:58:31,691: DEBUG: GoGo-Acct-Input-Voice-Gigawords: [0]
2013-11-20 10:58:31,692: DEBUG: GoGo-Total-Input-Packets: [11966]
2013-11-20 10:58:31,693: DEBUG: GoGo-Total-Input-Gigawords: [0]
2013-11-20 10:58:31,693: DEBUG: GoGo-Acct-Input-Voice-Packets: [0]
2013-11-20 10:58:31,694: DEBUG: GoGo-Total-Input-Octets: [1391620]
2013-11-20 10:58:31,694: DEBUG: GoGo-Total-Output-Packets: [56346]
2013-11-20 10:58:31,695: DEBUG: WISPr-Location-ID: [u'airline=BA01,tail=01009,network=']
2013-11-20 10:58:31,695: DEBUG: GoGo-Acct-Output-Voice-Gigawords: [0]
2013-11-20 10:58:31,696: DEBUG: Acct-Input-Octets: [1391620]
2013-11-20 10:58:31,697: ERROR: Network error, Reason: 'Network error: Too many open files'
2013-11-20 10:58:41,697: DEBUG: 

2013-11-20 10:58:41,699: DEBUG: Creating Accounting Update Request with the following Attributes:
2013-11-20 10:58:41,699: DEBUG: User-Name: [u'username95@airborne.aircell.com']
2013-11-20 10:58:41,700: DEBUG: GoGo-Tail-Number: [u'AAATestNAS_141']
2013-11-20 10:58:41,701: DEBUG: Acct-Output-Octets: [5862686]
2013-11-20 10:58:41,701: DEBUG: NAS-IP-Address: ['10.254.146.1']
2013-11-20 10:58:41,702: DEBUG: GoGo-Total-Output-Gigawords: [0]
2013-11-20 10:58:41,703: DEBUG: Framed-IP-Address: ['10.254.146.77']
2013-11-20 10:58:41,703: DEBUG: GoGo-Total-Input-Voice-Gigawords: [0]
2013-11-20 10:58:41,704: DEBUG: GoGo-Total-Output-Octets: [5862686]
2013-11-20 10:58:41,704: DEBUG: GoGo-Acct-Input-Voice-Octets: [0]
2013-11-20 10:58:41,705: DEBUG: GoGo-Total-Input-Voice-Packets: [0]
2013-11-20 10:58:41,706: DEBUG: Called-Station-Id: [u'00:16:3E:4C:2A:47']
2013-11-20 10:58:41,706: DEBUG: WISPr-Location-Name: [u'TEST LLC,BA01_01009']
2013-11-20 10:58:41,707: DEBUG: NAS-Identifier: [u'C08386']
2013-11-20 10:58:41,708: DEBUG: Proxy-State: ['3330,3132']
2013-11-20 10:58:41,708: DEBUG: GoGo-Total-Input-Voice-Octets: [0]
2013-11-20 10:58:41,709: DEBUG: Acct-Status-Type: ['Interim-Update']
2013-11-20 10:58:41,709: DEBUG: GoGo-Total-Output-Voice-Gigawords: [0]
2013-11-20 10:58:41,710: DEBUG: GoGo-Airline: [u'BA01']
2013-11-20 10:58:41,711: DEBUG: Acct-Session-Id: [u'AAATestNAS_141-1384925291621-00163E4C2A47-1']
2013-11-20 10:58:41,711: DEBUG: Acct-Session-Time: [10]
2013-11-20 10:58:41,712: DEBUG: Acct-Input-Packets: [6007]
2013-11-20 10:58:41,713: DEBUG: Acct-Output-Packets: [32550]
2013-11-20 10:58:41,713: DEBUG: GoGo-Acct-Output-Voice-Packets: [0]
2013-11-20 10:58:41,714: DEBUG: GoGo-Acct-Output-Voice-Octets: [0]
2013-11-20 10:58:41,714: DEBUG: Acct-Output-Gigawords: [0]
2013-11-20 10:58:41,715: DEBUG: GoGo-Total-Output-Voice-Packets: [0]
2013-11-20 10:58:41,716: DEBUG: Acct-Input-Gigawords: [0]
2013-11-20 10:58:41,716: DEBUG: Calling-Station-Id: [u'18:21:31:41:52:22']
2013-11-20 10:58:41,717: DEBUG: NAS-Port-Type: ['Wireless-802.11']
2013-11-20 10:58:41,717: DEBUG: GoGo-Total-Output-Voice-Octets: [0]
2013-11-20 10:58:41,718: DEBUG: GoGo-Private-IP-Address: ['192.168.1.179']
2013-11-20 10:58:41,719: DEBUG: GoGo-Acct-Input-Voice-Gigawords: [0]
2013-11-20 10:58:41,719: DEBUG: GoGo-Total-Input-Packets: [6007]
2013-11-20 10:58:41,720: DEBUG: GoGo-Total-Input-Gigawords: [0]
2013-11-20 10:58:41,720: DEBUG: GoGo-Acct-Input-Voice-Packets: [0]
2013-11-20 10:58:41,721: DEBUG: GoGo-Total-Input-Octets: [3132557]
2013-11-20 10:58:41,721: DEBUG: GoGo-Total-Output-Packets: [32550]
2013-11-20 10:58:41,722: DEBUG: WISPr-Location-ID: [u'airline=BA01,tail=01009,network=']
2013-11-20 10:58:41,722: DEBUG: GoGo-Acct-Output-Voice-Gigawords: [0]
2013-11-20 10:58:41,722: DEBUG: Acct-Input-Octets: [3132557]
2013-11-20 10:58:41,722: ERROR: Network error, Reason: 'Network error: Too many open files'
2013-11-20 10:58:41,723: DEBUG: User has abruptly end flag so ending the test with out AcctStop
2013-11-20 10:58:41,723: DEBUG: Ending the test for this user
