2013-11-20 10:56:56,483: DEBUG: Starting the client for the user username45@airborne.aircell.com to the server localhost

2013-11-20 10:56:56,484: DEBUG: DURATION of the TEST: 19
2013-11-20 10:56:56,484: DEBUG: NAS-IP: 10.254.220.1
2013-11-20 10:56:56,484: DEBUG: NAS-MAC-ADDR: 18:21:31:41:52:96
2013-11-20 10:56:56,485: DEBUG: Abruptly End: False
2013-11-20 10:56:56,485: DEBUG: Framed-IP: 10.254.220.7
2013-11-20 10:56:56,485: DEBUG: User-MAC-Addr: 00:16:3E:2D:00:3C
2013-11-20 10:56:56,486: DEBUG: 

2013-11-20 10:56:56,486: DEBUG: Creating Authentication Request with the following Attributes:
2013-11-20 10:56:56,487: DEBUG: NAS-Identifier: [u'C08386']
2013-11-20 10:56:56,487: DEBUG: User-Name: [u'username45@airborne.aircell.com']
2013-11-20 10:56:56,487: DEBUG: NAS-IP-Address: ['10.254.220.1']
2013-11-20 10:56:56,488: DEBUG: Service-Type: ['Authenticate-Only']
2013-11-20 10:56:56,488: DEBUG: Proxy-State: ['3237,3134']
2013-11-20 10:56:56,488: DEBUG: Framed-IP-Address: ['10.254.220.7']
2013-11-20 10:56:56,488: DEBUG: GoGo-Airline: [u'BA01']
2013-11-20 10:56:56,489: DEBUG: Acct-Session-Id: [u'AAATestNAS_215-1384925216486-00163E2D003C-3']
2013-11-20 10:56:56,489: DEBUG: GoGo-Tail-Number: [u'AAATestNAS_215']
2013-11-20 10:56:56,489: DEBUG: GoGo-Private-IP-Address: ['192.168.1.179']
2013-11-20 10:56:56,489: DEBUG: WISPr-Location-ID: [u'airline=BA01,tail=01009,network=']
2013-11-20 10:56:56,490: DEBUG: WISPr-Location-Name: [u'TEST LLC,BA01_01009']
2013-11-20 10:56:56,490: DEBUG: NAS-Port-Type: ['Wireless-802.11']
2013-11-20 10:56:56,490: DEBUG: Called-Station-Id: [u'00:16:3E:2D:00:3C']
2013-11-20 10:56:56,490: DEBUG: Calling-Station-Id: [u'18:21:31:41:52:96']
2013-11-20 10:56:56,492: DEBUG: 

2013-11-20 10:56:56,493: DEBUG: Received response with code: 2, Accepted
2013-11-20 10:56:56,494: DEBUG: Creating Authentication Request with the following Attributes:
2013-11-20 10:56:56,494: DEBUG: NAS-Identifier: [u'C08386']
2013-11-20 10:56:56,494: DEBUG: User-Name: [u'username45@airborne.aircell.com']
2013-11-20 10:56:56,495: DEBUG: NAS-IP-Address: ['10.254.220.1']
2013-11-20 10:56:56,495: DEBUG: Service-Type: ['Login-User']
2013-11-20 10:56:56,495: DEBUG: Proxy-State: ['3237,3134']
2013-11-20 10:56:56,495: DEBUG: Framed-IP-Address: ['10.254.220.7']
2013-11-20 10:56:56,495: DEBUG: GoGo-Airline: [u'BA01']
2013-11-20 10:56:56,495: DEBUG: Acct-Session-Id: [u'AAATestNAS_215-1384925216493-00163E2D003C-3']
2013-11-20 10:56:56,496: DEBUG: GoGo-Tail-Number: [u'AAATestNAS_215']
2013-11-20 10:56:56,496: DEBUG: GoGo-Private-IP-Address: ['192.168.1.179']
2013-11-20 10:56:56,496: DEBUG: WISPr-Location-ID: [u'airline=BA01,tail=01009,network=']
2013-11-20 10:56:56,496: DEBUG: WISPr-Location-Name: [u'TEST LLC,BA01_01009']
2013-11-20 10:56:56,496: DEBUG: NAS-Port-Type: ['Wireless-802.11']
2013-11-20 10:56:56,497: DEBUG: Called-Station-Id: [u'00:16:3E:2D:00:3C']
2013-11-20 10:56:56,497: DEBUG: Calling-Station-Id: [u'18:21:31:41:52:96']
2013-11-20 10:56:56,498: DEBUG: 

2013-11-20 10:56:56,498: DEBUG: Received response with code: 2, Accepted
2013-11-20 10:56:56,498: DEBUG: 

2013-11-20 10:56:56,498: DEBUG: Creating Accounting start Request with the following Attributes:
2013-11-20 10:56:56,498: DEBUG: NAS-Identifier: [u'C08386']
2013-11-20 10:56:56,498: DEBUG: User-Name: [u'username45@airborne.aircell.com']
2013-11-20 10:56:56,498: DEBUG: GoGo-Tail-Number: [u'AAATestNAS_215']
2013-11-20 10:56:56,498: DEBUG: NAS-IP-Address: ['10.254.220.1']
2013-11-20 10:56:56,499: DEBUG: Proxy-State: ['3239,3131']
2013-11-20 10:56:56,499: DEBUG: Acct-Status-Type: ['Start']
2013-11-20 10:56:56,499: DEBUG: GoGo-Airline: [u'BA01']
2013-11-20 10:56:56,499: DEBUG: Acct-Session-Id: [u'AAATestNAS_215-1384925216493-00163E2D003C-3']
2013-11-20 10:56:56,500: DEBUG: GoGo-Private-IP-Address: ['192.168.1.179']
2013-11-20 10:56:56,500: DEBUG: Framed-IP-Address: ['10.254.220.7']
2013-11-20 10:56:56,501: DEBUG: WISPr-Location-ID: [u'airline=BA01,tail=01009,network=']
2013-11-20 10:56:56,501: DEBUG: WISPr-Location-Name: [u'TEST LLC,BA01_01009']
2013-11-20 10:56:56,501: DEBUG: NAS-Port-Type: ['Wireless-802.11']
2013-11-20 10:56:56,501: DEBUG: Called-Station-Id: [u'00:16:3E:2D:00:3C']
2013-11-20 10:56:56,502: DEBUG: Calling-Station-Id: [u'18:21:31:41:52:96']
2013-11-20 10:56:56,504: DEBUG: 

2013-11-20 10:56:56,505: DEBUG: Received response with following attributes:
2013-11-20 10:57:06,506: DEBUG: 

2013-11-20 10:57:06,507: DEBUG: Creating Accounting Update Request with the following Attributes:
2013-11-20 10:57:06,508: DEBUG: User-Name: [u'username45@airborne.aircell.com']
2013-11-20 10:57:06,508: DEBUG: GoGo-Tail-Number: [u'AAATestNAS_215']
2013-11-20 10:57:06,508: DEBUG: Acct-Output-Octets: [4813379]
2013-11-20 10:57:06,509: DEBUG: NAS-IP-Address: ['10.254.220.1']
2013-11-20 10:57:06,509: DEBUG: GoGo-Total-Output-Gigawords: [0]
2013-11-20 10:57:06,510: DEBUG: Framed-IP-Address: ['10.254.220.7']
2013-11-20 10:57:06,511: DEBUG: GoGo-Total-Input-Voice-Gigawords: [0]
2013-11-20 10:57:06,512: DEBUG: GoGo-Total-Output-Octets: [4813379]
2013-11-20 10:57:06,513: DEBUG: GoGo-Acct-Input-Voice-Octets: [0]
2013-11-20 10:57:06,513: DEBUG: GoGo-Total-Input-Voice-Packets: [0]
2013-11-20 10:57:06,514: DEBUG: Called-Station-Id: [u'00:16:3E:2D:00:3C']
2013-11-20 10:57:06,515: DEBUG: WISPr-Location-Name: [u'TEST LLC,BA01_01009']
2013-11-20 10:57:06,515: DEBUG: NAS-Identifier: [u'C08386']
2013-11-20 10:57:06,516: DEBUG: Proxy-State: ['3330,3132']
2013-11-20 10:57:06,516: DEBUG: GoGo-Total-Input-Voice-Octets: [0]
2013-11-20 10:57:06,516: DEBUG: Acct-Status-Type: ['Interim-Update']
2013-11-20 10:57:06,517: DEBUG: GoGo-Total-Output-Voice-Gigawords: [0]
2013-11-20 10:57:06,517: DEBUG: GoGo-Airline: [u'BA01']
2013-11-20 10:57:06,518: DEBUG: Acct-Session-Id: [u'AAATestNAS_215-1384925216493-00163E2D003C-3']
2013-11-20 10:57:06,520: DEBUG: Acct-Session-Time: [10]
2013-11-20 10:57:06,521: DEBUG: Acct-Input-Packets: [40031]
2013-11-20 10:57:06,523: DEBUG: Acct-Output-Packets: [20271]
2013-11-20 10:57:06,525: DEBUG: GoGo-Acct-Output-Voice-Packets: [0]
2013-11-20 10:57:06,526: DEBUG: GoGo-Acct-Output-Voice-Octets: [0]
2013-11-20 10:57:06,527: DEBUG: Acct-Output-Gigawords: [0]
2013-11-20 10:57:06,528: DEBUG: GoGo-Total-Output-Voice-Packets: [0]
2013-11-20 10:57:06,529: DEBUG: Acct-Input-Gigawords: [0]
2013-11-20 10:57:06,530: DEBUG: Calling-Station-Id: [u'18:21:31:41:52:96']
2013-11-20 10:57:06,531: DEBUG: NAS-Port-Type: ['Wireless-802.11']
2013-11-20 10:57:06,531: DEBUG: GoGo-Total-Output-Voice-Octets: [0]
2013-11-20 10:57:06,532: DEBUG: GoGo-Private-IP-Address: ['192.168.1.179']
2013-11-20 10:57:06,534: DEBUG: GoGo-Acct-Input-Voice-Gigawords: [0]
2013-11-20 10:57:06,534: DEBUG: GoGo-Total-Input-Packets: [40031]
2013-11-20 10:57:06,535: DEBUG: GoGo-Total-Input-Gigawords: [0]
2013-11-20 10:57:06,536: DEBUG: GoGo-Acct-Input-Voice-Packets: [0]
2013-11-20 10:57:06,536: DEBUG: GoGo-Total-Input-Octets: [6554708]
2013-11-20 10:57:06,536: DEBUG: GoGo-Total-Output-Packets: [20271]
2013-11-20 10:57:06,537: DEBUG: WISPr-Location-ID: [u'airline=BA01,tail=01009,network=']
2013-11-20 10:57:06,537: DEBUG: GoGo-Acct-Output-Voice-Gigawords: [0]
2013-11-20 10:57:06,538: DEBUG: Acct-Input-Octets: [6554708]
2013-11-20 10:57:06,541: DEBUG: 

2013-11-20 10:57:06,543: DEBUG: Received response with following attributes:
2013-11-20 10:57:15,544: DEBUG: 

2013-11-20 10:57:15,545: DEBUG: Creating Accounting Update Request with the following Attributes:
2013-11-20 10:57:15,545: DEBUG: User-Name: [u'username45@airborne.aircell.com']
2013-11-20 10:57:15,545: DEBUG: GoGo-Tail-Number: [u'AAATestNAS_215']
2013-11-20 10:57:15,545: DEBUG: Acct-Output-Octets: [4602853]
2013-11-20 10:57:15,545: DEBUG: NAS-IP-Address: ['10.254.220.1']
2013-11-20 10:57:15,545: DEBUG: GoGo-Total-Output-Gigawords: [0]
2013-11-20 10:57:15,545: DEBUG: Framed-IP-Address: ['10.254.220.7']
2013-11-20 10:57:15,546: DEBUG: GoGo-Total-Input-Voice-Gigawords: [0]
2013-11-20 10:57:15,546: DEBUG: GoGo-Total-Output-Octets: [4602853]
2013-11-20 10:57:15,546: DEBUG: GoGo-Acct-Input-Voice-Octets: [0]
2013-11-20 10:57:15,546: DEBUG: GoGo-Total-Input-Voice-Packets: [0]
2013-11-20 10:57:15,546: DEBUG: Called-Station-Id: [u'00:16:3E:2D:00:3C']
2013-11-20 10:57:15,546: DEBUG: WISPr-Location-Name: [u'TEST LLC,BA01_01009']
2013-11-20 10:57:15,546: DEBUG: NAS-Identifier: [u'C08386']
2013-11-20 10:57:15,546: DEBUG: Proxy-State: ['3330,3132']
2013-11-20 10:57:15,546: DEBUG: GoGo-Total-Input-Voice-Octets: [0]
2013-11-20 10:57:15,547: DEBUG: Acct-Status-Type: ['Interim-Update']
2013-11-20 10:57:15,547: DEBUG: GoGo-Total-Output-Voice-Gigawords: [0]
2013-11-20 10:57:15,547: DEBUG: GoGo-Airline: [u'BA01']
2013-11-20 10:57:15,547: DEBUG: Acct-Session-Id: [u'AAATestNAS_215-1384925216493-00163E2D003C-3']
2013-11-20 10:57:15,547: DEBUG: Acct-Session-Time: [9]
2013-11-20 10:57:15,547: DEBUG: Acct-Input-Packets: [36735]
2013-11-20 10:57:15,547: DEBUG: Acct-Output-Packets: [27569]
2013-11-20 10:57:15,547: DEBUG: GoGo-Acct-Output-Voice-Packets: [0]
2013-11-20 10:57:15,547: DEBUG: GoGo-Acct-Output-Voice-Octets: [0]
2013-11-20 10:57:15,547: DEBUG: Acct-Output-Gigawords: [0]
2013-11-20 10:57:15,548: DEBUG: GoGo-Total-Output-Voice-Packets: [0]
2013-11-20 10:57:15,548: DEBUG: Acct-Input-Gigawords: [0]
2013-11-20 10:57:15,548: DEBUG: Calling-Station-Id: [u'18:21:31:41:52:96']
2013-11-20 10:57:15,548: DEBUG: NAS-Port-Type: ['Wireless-802.11']
2013-11-20 10:57:15,548: DEBUG: GoGo-Total-Output-Voice-Octets: [0]
2013-11-20 10:57:15,548: DEBUG: GoGo-Private-IP-Address: ['192.168.1.179']
2013-11-20 10:57:15,548: DEBUG: GoGo-Acct-Input-Voice-Gigawords: [0]
2013-11-20 10:57:15,548: DEBUG: GoGo-Total-Input-Packets: [36735]
2013-11-20 10:57:15,548: DEBUG: GoGo-Total-Input-Gigawords: [0]
2013-11-20 10:57:15,549: DEBUG: GoGo-Acct-Input-Voice-Packets: [0]
2013-11-20 10:57:15,549: DEBUG: GoGo-Total-Input-Octets: [4677315]
2013-11-20 10:57:15,549: DEBUG: GoGo-Total-Output-Packets: [27569]
2013-11-20 10:57:15,549: DEBUG: WISPr-Location-ID: [u'airline=BA01,tail=01009,network=']
2013-11-20 10:57:15,549: DEBUG: GoGo-Acct-Output-Voice-Gigawords: [0]
2013-11-20 10:57:15,549: DEBUG: Acct-Input-Octets: [4677315]
2013-11-20 10:57:15,551: DEBUG: 

2013-11-20 10:57:15,551: DEBUG: Received response with following attributes:
2013-11-20 10:57:30,551: DEBUG: 

2013-11-20 10:57:30,553: DEBUG: Creating Accounting Stop Request with the following Attributes:
2013-11-20 10:57:30,553: DEBUG: User-Name: [u'username45@airborne.aircell.com']
2013-11-20 10:57:30,553: DEBUG: GoGo-Tail-Number: [u'01009']
2013-11-20 10:57:30,554: DEBUG: Acct-Output-Octets: [4419040]
2013-11-20 10:57:30,554: DEBUG: NAS-IP-Address: ['10.254.220.1']
2013-11-20 10:57:30,555: DEBUG: GoGo-Total-Output-Gigawords: [0]
2013-11-20 10:57:30,556: DEBUG: Framed-IP-Address: ['10.254.220.7']
2013-11-20 10:57:30,556: DEBUG: GoGo-Total-Input-Voice-Gigawords: [0]
2013-11-20 10:57:30,557: DEBUG: GoGo-Total-Output-Octets: [4419040]
2013-11-20 10:57:30,557: DEBUG: GoGo-Acct-Input-Voice-Octets: [0]
2013-11-20 10:57:30,558: DEBUG: GoGo-Total-Input-Voice-Packets: [0]
2013-11-20 10:57:30,558: DEBUG: Called-Station-Id: [u'00:16:3E:2D:00:3C']
2013-11-20 10:57:30,559: DEBUG: WISPr-Location-Name: [u'TEST LLC,BA01_01009']
2013-11-20 10:57:30,559: DEBUG: NAS-Identifier: [u'C08386']
2013-11-20 10:57:30,560: DEBUG: Proxy-State: ['3330,3132']
2013-11-20 10:57:30,560: DEBUG: GoGo-Total-Input-Voice-Octets: [0]
2013-11-20 10:57:30,561: DEBUG: Acct-Status-Type: ['Stop']
2013-11-20 10:57:30,561: DEBUG: GoGo-Total-Output-Voice-Gigawords: [0]
2013-11-20 10:57:30,562: DEBUG: GoGo-Airline: [u'BA01']
2013-11-20 10:57:30,563: DEBUG: Acct-Session-Id: [u'AAATestNAS_215-1384925216493-00163E2D003C-3']
2013-11-20 10:57:30,563: DEBUG: Acct-Session-Time: [15]
2013-11-20 10:57:30,563: DEBUG: Acct-Input-Packets: [25785]
2013-11-20 10:57:30,563: DEBUG: Acct-Output-Packets: [26897]
2013-11-20 10:57:30,564: DEBUG: Acct-Terminate-Cause: ['User-Request']
2013-11-20 10:57:30,564: DEBUG: GoGo-Acct-Output-Voice-Octets: [0]
2013-11-20 10:57:30,565: DEBUG: Acct-Output-Gigawords: [0]
2013-11-20 10:57:30,565: DEBUG: GoGo-Total-Output-Voice-Packets: [0]
2013-11-20 10:57:30,566: DEBUG: Acct-Input-Gigawords: [0]
2013-11-20 10:57:30,566: DEBUG: Calling-Station-Id: [u'18:21:31:41:52:96']
2013-11-20 10:57:30,568: DEBUG: NAS-Port-Type: ['Wireless-802.11']
2013-11-20 10:57:30,570: DEBUG: GoGo-Total-Output-Voice-Octets: [0]
2013-11-20 10:57:30,570: DEBUG: GoGo-Private-IP-Address: ['192.168.1.179']
2013-11-20 10:57:30,571: DEBUG: GoGo-Acct-Input-Voice-Gigawords: [0]
2013-11-20 10:57:30,572: DEBUG: GoGo-Total-Input-Packets: [25785]
2013-11-20 10:57:30,573: DEBUG: GoGo-Total-Input-Gigawords: [0]
2013-11-20 10:57:30,573: DEBUG: GoGo-Acct-Input-Voice-Packets: [0]
2013-11-20 10:57:30,574: DEBUG: GoGo-Total-Input-Octets: [6179745]
2013-11-20 10:57:30,575: DEBUG: GoGo-Total-Output-Packets: [26897]
2013-11-20 10:57:30,575: DEBUG: WISPr-Location-ID: [u'airline=BA01,tail=01009,network=']
2013-11-20 10:57:30,577: DEBUG: GoGo-Acct-Output-Voice-Packets: [0]
2013-11-20 10:57:30,577: DEBUG: GoGo-Acct-Output-Voice-Gigawords: [0]
2013-11-20 10:57:30,578: DEBUG: Acct-Input-Octets: [6179745]
2013-11-20 10:57:30,581: DEBUG: 

2013-11-20 10:57:30,581: DEBUG: Received response with following attributes:
2013-11-20 10:57:30,582: DEBUG: Ending the test for this user
2013-11-20 10:57:31,530: DEBUG: Starting the client for the user username45@airborne.aircell.com to the server localhost

2013-11-20 10:57:31,531: DEBUG: DURATION of the TEST: 59
2013-11-20 10:57:31,532: DEBUG: NAS-IP: 10.254.249.1
2013-11-20 10:57:31,533: DEBUG: NAS-MAC-ADDR: 19:21:31:41:52:26
2013-11-20 10:57:31,534: DEBUG: Abruptly End: False
2013-11-20 10:57:31,536: DEBUG: Framed-IP: 10.254.249.149
2013-11-20 10:57:31,536: DEBUG: User-MAC-Addr: 00:16:3E:27:CD:E9
2013-11-20 10:57:31,538: DEBUG: 

2013-11-20 10:57:31,539: DEBUG: Creating Authentication Request with the following Attributes:
2013-11-20 10:57:31,540: DEBUG: NAS-Identifier: [u'C08386']
2013-11-20 10:57:31,541: DEBUG: User-Name: [u'username45@airborne.aircell.com']
2013-11-20 10:57:31,542: DEBUG: NAS-IP-Address: ['10.254.249.1']
2013-11-20 10:57:31,542: DEBUG: Service-Type: ['Authenticate-Only']
2013-11-20 10:57:31,543: DEBUG: Proxy-State: ['3237,3134']
2013-11-20 10:57:31,544: DEBUG: Framed-IP-Address: ['10.254.249.149']
2013-11-20 10:57:31,545: DEBUG: GoGo-Airline: [u'BA01']
2013-11-20 10:57:31,545: DEBUG: Acct-Session-Id: [u'AAATestNAS_244-1384925251539-00163E27CDE9-2']
2013-11-20 10:57:31,546: DEBUG: GoGo-Tail-Number: [u'AAATestNAS_244']
2013-11-20 10:57:31,546: DEBUG: GoGo-Private-IP-Address: ['192.168.1.179']
2013-11-20 10:57:31,547: DEBUG: WISPr-Location-ID: [u'airline=BA01,tail=01009,network=']
2013-11-20 10:57:31,547: DEBUG: WISPr-Location-Name: [u'TEST LLC,BA01_01009']
2013-11-20 10:57:31,548: DEBUG: NAS-Port-Type: ['Wireless-802.11']
2013-11-20 10:57:31,548: DEBUG: Called-Station-Id: [u'00:16:3E:27:CD:E9']
2013-11-20 10:57:31,549: DEBUG: Calling-Station-Id: [u'19:21:31:41:52:26']
2013-11-20 10:57:31,550: ERROR: Network error, Reason: 'Network error: nodename nor servname provided, or not known'
2013-11-20 10:57:31,550: DEBUG: Ending the test for this user
