2013-11-20 10:55:41,872: DEBUG: Starting the client for the user username61@airborne.aircell.com to the server localhost

2013-11-20 10:55:41,872: DEBUG: DURATION of the TEST: 100
2013-11-20 10:55:41,872: DEBUG: NAS-IP: 10.254.195.1
2013-11-20 10:55:41,872: DEBUG: NAS-MAC-ADDR: 18:21:31:41:52:71
2013-11-20 10:55:41,872: DEBUG: Abruptly End: False
2013-11-20 10:55:41,872: DEBUG: Framed-IP: 10.254.195.53
2013-11-20 10:55:41,872: DEBUG: User-MAC-Addr: 00:16:3E:47:0E:19
2013-11-20 10:55:41,873: DEBUG: 

2013-11-20 10:55:41,873: DEBUG: Creating Authentication Request with the following Attributes:
2013-11-20 10:55:41,873: DEBUG: NAS-Identifier: [u'C08386']
2013-11-20 10:55:41,873: DEBUG: User-Name: [u'username61@airborne.aircell.com']
2013-11-20 10:55:41,873: DEBUG: NAS-IP-Address: ['10.254.195.1']
2013-11-20 10:55:41,873: DEBUG: Service-Type: ['Authenticate-Only']
2013-11-20 10:55:41,874: DEBUG: Proxy-State: ['3237,3134']
2013-11-20 10:55:41,874: DEBUG: Framed-IP-Address: ['10.254.195.53']
2013-11-20 10:55:41,874: DEBUG: GoGo-Airline: [u'BA01']
2013-11-20 10:55:41,874: DEBUG: Acct-Session-Id: [u'AAATestNAS_190-1384925141873-00163E470E19-1']
2013-11-20 10:55:41,874: DEBUG: GoGo-Tail-Number: [u'AAATestNAS_190']
2013-11-20 10:55:41,874: DEBUG: GoGo-Private-IP-Address: ['192.168.1.179']
2013-11-20 10:55:41,874: DEBUG: WISPr-Location-ID: [u'airline=BA01,tail=01009,network=']
2013-11-20 10:55:41,874: DEBUG: WISPr-Location-Name: [u'TEST LLC,BA01_01009']
2013-11-20 10:55:41,874: DEBUG: NAS-Port-Type: ['Wireless-802.11']
2013-11-20 10:55:41,874: DEBUG: Called-Station-Id: [u'00:16:3E:47:0E:19']
2013-11-20 10:55:41,874: DEBUG: Calling-Station-Id: [u'18:21:31:41:52:71']
2013-11-20 10:55:41,876: DEBUG: 

2013-11-20 10:55:41,876: DEBUG: Received response with code: 2, Accepted
2013-11-20 10:55:41,876: DEBUG: Creating Authentication Request with the following Attributes:
2013-11-20 10:55:41,876: DEBUG: NAS-Identifier: [u'C08386']
2013-11-20 10:55:41,876: DEBUG: User-Name: [u'username61@airborne.aircell.com']
2013-11-20 10:55:41,876: DEBUG: NAS-IP-Address: ['10.254.195.1']
2013-11-20 10:55:41,876: DEBUG: Service-Type: ['Login-User']
2013-11-20 10:55:41,877: DEBUG: Proxy-State: ['3237,3134']
2013-11-20 10:55:41,877: DEBUG: Framed-IP-Address: ['10.254.195.53']
2013-11-20 10:55:41,877: DEBUG: GoGo-Airline: [u'BA01']
2013-11-20 10:55:41,877: DEBUG: Acct-Session-Id: [u'AAATestNAS_190-1384925141876-00163E470E19-1']
2013-11-20 10:55:41,877: DEBUG: GoGo-Tail-Number: [u'AAATestNAS_190']
2013-11-20 10:55:41,877: DEBUG: GoGo-Private-IP-Address: ['192.168.1.179']
2013-11-20 10:55:41,877: DEBUG: WISPr-Location-ID: [u'airline=BA01,tail=01009,network=']
2013-11-20 10:55:41,877: DEBUG: WISPr-Location-Name: [u'TEST LLC,BA01_01009']
2013-11-20 10:55:41,877: DEBUG: NAS-Port-Type: ['Wireless-802.11']
2013-11-20 10:55:41,877: DEBUG: Called-Station-Id: [u'00:16:3E:47:0E:19']
2013-11-20 10:55:41,877: DEBUG: Calling-Station-Id: [u'18:21:31:41:52:71']
2013-11-20 10:55:41,878: DEBUG: 

2013-11-20 10:55:41,878: DEBUG: Received response with code: 2, Accepted
2013-11-20 10:55:41,878: DEBUG: 

2013-11-20 10:55:41,879: DEBUG: Creating Accounting start Request with the following Attributes:
2013-11-20 10:55:41,879: DEBUG: NAS-Identifier: [u'C08386']
2013-11-20 10:55:41,879: DEBUG: User-Name: [u'username61@airborne.aircell.com']
2013-11-20 10:55:41,879: DEBUG: GoGo-Tail-Number: [u'AAATestNAS_190']
2013-11-20 10:55:41,879: DEBUG: NAS-IP-Address: ['10.254.195.1']
2013-11-20 10:55:41,879: DEBUG: Proxy-State: ['3239,3131']
2013-11-20 10:55:41,879: DEBUG: Acct-Status-Type: ['Start']
2013-11-20 10:55:41,879: DEBUG: GoGo-Airline: [u'BA01']
2013-11-20 10:55:41,879: DEBUG: Acct-Session-Id: [u'AAATestNAS_190-1384925141876-00163E470E19-1']
2013-11-20 10:55:41,879: DEBUG: GoGo-Private-IP-Address: ['192.168.1.179']
2013-11-20 10:55:41,879: DEBUG: Framed-IP-Address: ['10.254.195.53']
2013-11-20 10:55:41,879: DEBUG: WISPr-Location-ID: [u'airline=BA01,tail=01009,network=']
2013-11-20 10:55:41,879: DEBUG: WISPr-Location-Name: [u'TEST LLC,BA01_01009']
2013-11-20 10:55:41,880: DEBUG: NAS-Port-Type: ['Wireless-802.11']
2013-11-20 10:55:41,880: DEBUG: Called-Station-Id: [u'00:16:3E:47:0E:19']
2013-11-20 10:55:41,880: DEBUG: Calling-Station-Id: [u'18:21:31:41:52:71']
2013-11-20 10:55:41,881: DEBUG: 

2013-11-20 10:55:41,881: DEBUG: Received response with following attributes:
2013-11-20 10:55:51,882: DEBUG: 

2013-11-20 10:55:51,882: DEBUG: Creating Accounting Update Request with the following Attributes:
2013-11-20 10:55:51,883: DEBUG: User-Name: [u'username61@airborne.aircell.com']
2013-11-20 10:55:51,883: DEBUG: GoGo-Tail-Number: [u'AAATestNAS_190']
2013-11-20 10:55:51,883: DEBUG: Acct-Output-Octets: [9041244]
2013-11-20 10:55:51,883: DEBUG: NAS-IP-Address: ['10.254.195.1']
2013-11-20 10:55:51,883: DEBUG: GoGo-Total-Output-Gigawords: [0]
2013-11-20 10:55:51,883: DEBUG: Framed-IP-Address: ['10.254.195.53']
2013-11-20 10:55:51,883: DEBUG: GoGo-Total-Input-Voice-Gigawords: [0]
2013-11-20 10:55:51,883: DEBUG: GoGo-Total-Output-Octets: [9041244]
2013-11-20 10:55:51,883: DEBUG: GoGo-Acct-Input-Voice-Octets: [0]
2013-11-20 10:55:51,883: DEBUG: GoGo-Total-Input-Voice-Packets: [0]
2013-11-20 10:55:51,883: DEBUG: Called-Station-Id: [u'00:16:3E:47:0E:19']
2013-11-20 10:55:51,883: DEBUG: WISPr-Location-Name: [u'TEST LLC,BA01_01009']
2013-11-20 10:55:51,883: DEBUG: NAS-Identifier: [u'C08386']
2013-11-20 10:55:51,884: DEBUG: Proxy-State: ['3330,3132']
2013-11-20 10:55:51,884: DEBUG: GoGo-Total-Input-Voice-Octets: [0]
2013-11-20 10:55:51,884: DEBUG: Acct-Status-Type: ['Interim-Update']
2013-11-20 10:55:51,884: DEBUG: GoGo-Total-Output-Voice-Gigawords: [0]
2013-11-20 10:55:51,884: DEBUG: GoGo-Airline: [u'BA01']
2013-11-20 10:55:51,884: DEBUG: Acct-Session-Id: [u'AAATestNAS_190-1384925141876-00163E470E19-1']
2013-11-20 10:55:51,884: DEBUG: Acct-Session-Time: [10]
2013-11-20 10:55:51,884: DEBUG: Acct-Input-Packets: [16672]
2013-11-20 10:55:51,884: DEBUG: Acct-Output-Packets: [27579]
2013-11-20 10:55:51,884: DEBUG: GoGo-Acct-Output-Voice-Packets: [0]
2013-11-20 10:55:51,884: DEBUG: GoGo-Acct-Output-Voice-Octets: [0]
2013-11-20 10:55:51,884: DEBUG: Acct-Output-Gigawords: [0]
2013-11-20 10:55:51,884: DEBUG: GoGo-Total-Output-Voice-Packets: [0]
2013-11-20 10:55:51,884: DEBUG: Acct-Input-Gigawords: [0]
2013-11-20 10:55:51,885: DEBUG: Calling-Station-Id: [u'18:21:31:41:52:71']
2013-11-20 10:55:51,885: DEBUG: NAS-Port-Type: ['Wireless-802.11']
2013-11-20 10:55:51,885: DEBUG: GoGo-Total-Output-Voice-Octets: [0]
2013-11-20 10:55:51,885: DEBUG: GoGo-Private-IP-Address: ['192.168.1.179']
2013-11-20 10:55:51,885: DEBUG: GoGo-Acct-Input-Voice-Gigawords: [0]
2013-11-20 10:55:51,885: DEBUG: GoGo-Total-Input-Packets: [16672]
2013-11-20 10:55:51,885: DEBUG: GoGo-Total-Input-Gigawords: [0]
2013-11-20 10:55:51,885: DEBUG: GoGo-Acct-Input-Voice-Packets: [0]
2013-11-20 10:55:51,885: DEBUG: GoGo-Total-Input-Octets: [3030730]
2013-11-20 10:55:51,885: DEBUG: GoGo-Total-Output-Packets: [27579]
2013-11-20 10:55:51,885: DEBUG: WISPr-Location-ID: [u'airline=BA01,tail=01009,network=']
2013-11-20 10:55:51,885: DEBUG: GoGo-Acct-Output-Voice-Gigawords: [0]
2013-11-20 10:55:51,885: DEBUG: Acct-Input-Octets: [3030730]
2013-11-20 10:55:51,887: DEBUG: 

2013-11-20 10:55:51,887: DEBUG: Received response with following attributes:
2013-11-20 10:56:01,888: DEBUG: 

2013-11-20 10:56:01,889: DEBUG: Creating Accounting Update Request with the following Attributes:
2013-11-20 10:56:01,889: DEBUG: User-Name: [u'username61@airborne.aircell.com']
2013-11-20 10:56:01,889: DEBUG: GoGo-Tail-Number: [u'AAATestNAS_190']
2013-11-20 10:56:01,889: DEBUG: Acct-Output-Octets: [7309916]
2013-11-20 10:56:01,889: DEBUG: NAS-IP-Address: ['10.254.195.1']
2013-11-20 10:56:01,889: DEBUG: GoGo-Total-Output-Gigawords: [0]
2013-11-20 10:56:01,889: DEBUG: Framed-IP-Address: ['10.254.195.53']
2013-11-20 10:56:01,889: DEBUG: GoGo-Total-Input-Voice-Gigawords: [0]
2013-11-20 10:56:01,889: DEBUG: GoGo-Total-Output-Octets: [7309916]
2013-11-20 10:56:01,889: DEBUG: GoGo-Acct-Input-Voice-Octets: [0]
2013-11-20 10:56:01,889: DEBUG: GoGo-Total-Input-Voice-Packets: [0]
2013-11-20 10:56:01,889: DEBUG: Called-Station-Id: [u'00:16:3E:47:0E:19']
2013-11-20 10:56:01,889: DEBUG: WISPr-Location-Name: [u'TEST LLC,BA01_01009']
2013-11-20 10:56:01,890: DEBUG: NAS-Identifier: [u'C08386']
2013-11-20 10:56:01,890: DEBUG: Proxy-State: ['3330,3132']
2013-11-20 10:56:01,890: DEBUG: GoGo-Total-Input-Voice-Octets: [0]
2013-11-20 10:56:01,890: DEBUG: Acct-Status-Type: ['Interim-Update']
2013-11-20 10:56:01,890: DEBUG: GoGo-Total-Output-Voice-Gigawords: [0]
2013-11-20 10:56:01,890: DEBUG: GoGo-Airline: [u'BA01']
2013-11-20 10:56:01,890: DEBUG: Acct-Session-Id: [u'AAATestNAS_190-1384925141876-00163E470E19-1']
2013-11-20 10:56:01,890: DEBUG: Acct-Session-Time: [10]
2013-11-20 10:56:01,890: DEBUG: Acct-Input-Packets: [66047]
2013-11-20 10:56:01,890: DEBUG: Acct-Output-Packets: [51266]
2013-11-20 10:56:01,890: DEBUG: GoGo-Acct-Output-Voice-Packets: [0]
2013-11-20 10:56:01,890: DEBUG: GoGo-Acct-Output-Voice-Octets: [0]
2013-11-20 10:56:01,890: DEBUG: Acct-Output-Gigawords: [0]
2013-11-20 10:56:01,890: DEBUG: GoGo-Total-Output-Voice-Packets: [0]
2013-11-20 10:56:01,891: DEBUG: Acct-Input-Gigawords: [0]
2013-11-20 10:56:01,891: DEBUG: Calling-Station-Id: [u'18:21:31:41:52:71']
2013-11-20 10:56:01,891: DEBUG: NAS-Port-Type: ['Wireless-802.11']
2013-11-20 10:56:01,891: DEBUG: GoGo-Total-Output-Voice-Octets: [0]
2013-11-20 10:56:01,891: DEBUG: GoGo-Private-IP-Address: ['192.168.1.179']
2013-11-20 10:56:01,891: DEBUG: GoGo-Acct-Input-Voice-Gigawords: [0]
2013-11-20 10:56:01,891: DEBUG: GoGo-Total-Input-Packets: [66047]
2013-11-20 10:56:01,891: DEBUG: GoGo-Total-Input-Gigawords: [0]
2013-11-20 10:56:01,891: DEBUG: GoGo-Acct-Input-Voice-Packets: [0]
2013-11-20 10:56:01,891: DEBUG: GoGo-Total-Input-Octets: [7516095]
2013-11-20 10:56:01,891: DEBUG: GoGo-Total-Output-Packets: [51266]
2013-11-20 10:56:01,891: DEBUG: WISPr-Location-ID: [u'airline=BA01,tail=01009,network=']
2013-11-20 10:56:01,891: DEBUG: GoGo-Acct-Output-Voice-Gigawords: [0]
2013-11-20 10:56:01,891: DEBUG: Acct-Input-Octets: [7516095]
2013-11-20 10:56:01,893: DEBUG: 

2013-11-20 10:56:01,893: DEBUG: Received response with following attributes:
2013-11-20 10:56:11,894: DEBUG: 

2013-11-20 10:56:11,895: DEBUG: Creating Accounting Update Request with the following Attributes:
2013-11-20 10:56:11,895: DEBUG: User-Name: [u'username61@airborne.aircell.com']
2013-11-20 10:56:11,895: DEBUG: GoGo-Tail-Number: [u'AAATestNAS_190']
2013-11-20 10:56:11,895: DEBUG: Acct-Output-Octets: [7927380]
2013-11-20 10:56:11,895: DEBUG: NAS-IP-Address: ['10.254.195.1']
2013-11-20 10:56:11,895: DEBUG: GoGo-Total-Output-Gigawords: [0]
2013-11-20 10:56:11,895: DEBUG: Framed-IP-Address: ['10.254.195.53']
2013-11-20 10:56:11,895: DEBUG: GoGo-Total-Input-Voice-Gigawords: [0]
2013-11-20 10:56:11,895: DEBUG: GoGo-Total-Output-Octets: [7927380]
2013-11-20 10:56:11,895: DEBUG: GoGo-Acct-Input-Voice-Octets: [0]
2013-11-20 10:56:11,895: DEBUG: GoGo-Total-Input-Voice-Packets: [0]
2013-11-20 10:56:11,895: DEBUG: Called-Station-Id: [u'00:16:3E:47:0E:19']
2013-11-20 10:56:11,896: DEBUG: WISPr-Location-Name: [u'TEST LLC,BA01_01009']
2013-11-20 10:56:11,896: DEBUG: NAS-Identifier: [u'C08386']
2013-11-20 10:56:11,896: DEBUG: Proxy-State: ['3330,3132']
2013-11-20 10:56:11,896: DEBUG: GoGo-Total-Input-Voice-Octets: [0]
2013-11-20 10:56:11,896: DEBUG: Acct-Status-Type: ['Interim-Update']
2013-11-20 10:56:11,896: DEBUG: GoGo-Total-Output-Voice-Gigawords: [0]
2013-11-20 10:56:11,896: DEBUG: GoGo-Airline: [u'BA01']
2013-11-20 10:56:11,896: DEBUG: Acct-Session-Id: [u'AAATestNAS_190-1384925141876-00163E470E19-1']
2013-11-20 10:56:11,896: DEBUG: Acct-Session-Time: [10]
2013-11-20 10:56:11,896: DEBUG: Acct-Input-Packets: [5160]
2013-11-20 10:56:11,896: DEBUG: Acct-Output-Packets: [19273]
2013-11-20 10:56:11,896: DEBUG: GoGo-Acct-Output-Voice-Packets: [0]
2013-11-20 10:56:11,896: DEBUG: GoGo-Acct-Output-Voice-Octets: [0]
2013-11-20 10:56:11,896: DEBUG: Acct-Output-Gigawords: [0]
2013-11-20 10:56:11,896: DEBUG: GoGo-Total-Output-Voice-Packets: [0]
2013-11-20 10:56:11,897: DEBUG: Acct-Input-Gigawords: [0]
2013-11-20 10:56:11,897: DEBUG: Calling-Station-Id: [u'18:21:31:41:52:71']
2013-11-20 10:56:11,897: DEBUG: NAS-Port-Type: ['Wireless-802.11']
2013-11-20 10:56:11,897: DEBUG: GoGo-Total-Output-Voice-Octets: [0]
2013-11-20 10:56:11,897: DEBUG: GoGo-Private-IP-Address: ['192.168.1.179']
2013-11-20 10:56:11,897: DEBUG: GoGo-Acct-Input-Voice-Gigawords: [0]
2013-11-20 10:56:11,897: DEBUG: GoGo-Total-Input-Packets: [5160]
2013-11-20 10:56:11,897: DEBUG: GoGo-Total-Input-Gigawords: [0]
2013-11-20 10:56:11,897: DEBUG: GoGo-Acct-Input-Voice-Packets: [0]
2013-11-20 10:56:11,897: DEBUG: GoGo-Total-Input-Octets: [2128462]
2013-11-20 10:56:11,897: DEBUG: GoGo-Total-Output-Packets: [19273]
2013-11-20 10:56:11,897: DEBUG: WISPr-Location-ID: [u'airline=BA01,tail=01009,network=']
2013-11-20 10:56:11,897: DEBUG: GoGo-Acct-Output-Voice-Gigawords: [0]
2013-11-20 10:56:11,897: DEBUG: Acct-Input-Octets: [2128462]
2013-11-20 10:56:11,899: DEBUG: 

2013-11-20 10:56:11,899: DEBUG: Received response with following attributes:
2013-11-20 10:56:21,900: DEBUG: 

2013-11-20 10:56:21,901: DEBUG: Creating Accounting Update Request with the following Attributes:
2013-11-20 10:56:21,901: DEBUG: User-Name: [u'username61@airborne.aircell.com']
2013-11-20 10:56:21,901: DEBUG: GoGo-Tail-Number: [u'AAATestNAS_190']
2013-11-20 10:56:21,901: DEBUG: Acct-Output-Octets: [9017965]
2013-11-20 10:56:21,901: DEBUG: NAS-IP-Address: ['10.254.195.1']
2013-11-20 10:56:21,901: DEBUG: GoGo-Total-Output-Gigawords: [0]
2013-11-20 10:56:21,901: DEBUG: Framed-IP-Address: ['10.254.195.53']
2013-11-20 10:56:21,901: DEBUG: GoGo-Total-Input-Voice-Gigawords: [0]
2013-11-20 10:56:21,901: DEBUG: GoGo-Total-Output-Octets: [9017965]
2013-11-20 10:56:21,901: DEBUG: GoGo-Acct-Input-Voice-Octets: [0]
2013-11-20 10:56:21,902: DEBUG: GoGo-Total-Input-Voice-Packets: [0]
2013-11-20 10:56:21,902: DEBUG: Called-Station-Id: [u'00:16:3E:47:0E:19']
2013-11-20 10:56:21,902: DEBUG: WISPr-Location-Name: [u'TEST LLC,BA01_01009']
2013-11-20 10:56:21,902: DEBUG: NAS-Identifier: [u'C08386']
2013-11-20 10:56:21,902: DEBUG: Proxy-State: ['3330,3132']
2013-11-20 10:56:21,902: DEBUG: GoGo-Total-Input-Voice-Octets: [0]
2013-11-20 10:56:21,902: DEBUG: Acct-Status-Type: ['Interim-Update']
2013-11-20 10:56:21,902: DEBUG: GoGo-Total-Output-Voice-Gigawords: [0]
2013-11-20 10:56:21,902: DEBUG: GoGo-Airline: [u'BA01']
2013-11-20 10:56:21,902: DEBUG: Acct-Session-Id: [u'AAATestNAS_190-1384925141876-00163E470E19-1']
2013-11-20 10:56:21,902: DEBUG: Acct-Session-Time: [10]
2013-11-20 10:56:21,902: DEBUG: Acct-Input-Packets: [76762]
2013-11-20 10:56:21,902: DEBUG: Acct-Output-Packets: [29042]
2013-11-20 10:56:21,902: DEBUG: GoGo-Acct-Output-Voice-Packets: [0]
2013-11-20 10:56:21,902: DEBUG: GoGo-Acct-Output-Voice-Octets: [0]
2013-11-20 10:56:21,903: DEBUG: Acct-Output-Gigawords: [0]
2013-11-20 10:56:21,903: DEBUG: GoGo-Total-Output-Voice-Packets: [0]
2013-11-20 10:56:21,903: DEBUG: Acct-Input-Gigawords: [0]
2013-11-20 10:56:21,903: DEBUG: Calling-Station-Id: [u'18:21:31:41:52:71']
2013-11-20 10:56:21,903: DEBUG: NAS-Port-Type: ['Wireless-802.11']
2013-11-20 10:56:21,903: DEBUG: GoGo-Total-Output-Voice-Octets: [0]
2013-11-20 10:56:21,903: DEBUG: GoGo-Private-IP-Address: ['192.168.1.179']
2013-11-20 10:56:21,903: DEBUG: GoGo-Acct-Input-Voice-Gigawords: [0]
2013-11-20 10:56:21,903: DEBUG: GoGo-Total-Input-Packets: [76762]
2013-11-20 10:56:21,903: DEBUG: GoGo-Total-Input-Gigawords: [0]
2013-11-20 10:56:21,903: DEBUG: GoGo-Acct-Input-Voice-Packets: [0]
2013-11-20 10:56:21,903: DEBUG: GoGo-Total-Input-Octets: [9334052]
2013-11-20 10:56:21,903: DEBUG: GoGo-Total-Output-Packets: [29042]
2013-11-20 10:56:21,903: DEBUG: WISPr-Location-ID: [u'airline=BA01,tail=01009,network=']
2013-11-20 10:56:21,904: DEBUG: GoGo-Acct-Output-Voice-Gigawords: [0]
2013-11-20 10:56:21,904: DEBUG: Acct-Input-Octets: [9334052]
2013-11-20 10:56:21,905: DEBUG: 

2013-11-20 10:56:21,905: DEBUG: Received response with following attributes:
2013-11-20 10:56:31,906: DEBUG: 

2013-11-20 10:56:31,907: DEBUG: Creating Accounting Update Request with the following Attributes:
2013-11-20 10:56:31,907: DEBUG: User-Name: [u'username61@airborne.aircell.com']
2013-11-20 10:56:31,907: DEBUG: GoGo-Tail-Number: [u'AAATestNAS_190']
2013-11-20 10:56:31,907: DEBUG: Acct-Output-Octets: [6132410]
2013-11-20 10:56:31,907: DEBUG: NAS-IP-Address: ['10.254.195.1']
2013-11-20 10:56:31,907: DEBUG: GoGo-Total-Output-Gigawords: [0]
2013-11-20 10:56:31,907: DEBUG: Framed-IP-Address: ['10.254.195.53']
2013-11-20 10:56:31,907: DEBUG: GoGo-Total-Input-Voice-Gigawords: [0]
2013-11-20 10:56:31,908: DEBUG: GoGo-Total-Output-Octets: [6132410]
2013-11-20 10:56:31,908: DEBUG: GoGo-Acct-Input-Voice-Octets: [0]
2013-11-20 10:56:31,908: DEBUG: GoGo-Total-Input-Voice-Packets: [0]
2013-11-20 10:56:31,908: DEBUG: Called-Station-Id: [u'00:16:3E:47:0E:19']
2013-11-20 10:56:31,908: DEBUG: WISPr-Location-Name: [u'TEST LLC,BA01_01009']
2013-11-20 10:56:31,908: DEBUG: NAS-Identifier: [u'C08386']
2013-11-20 10:56:31,908: DEBUG: Proxy-State: ['3330,3132']
2013-11-20 10:56:31,908: DEBUG: GoGo-Total-Input-Voice-Octets: [0]
2013-11-20 10:56:31,908: DEBUG: Acct-Status-Type: ['Interim-Update']
2013-11-20 10:56:31,908: DEBUG: GoGo-Total-Output-Voice-Gigawords: [0]
2013-11-20 10:56:31,908: DEBUG: GoGo-Airline: [u'BA01']
2013-11-20 10:56:31,908: DEBUG: Acct-Session-Id: [u'AAATestNAS_190-1384925141876-00163E470E19-1']
2013-11-20 10:56:31,908: DEBUG: Acct-Session-Time: [10]
2013-11-20 10:56:31,908: DEBUG: Acct-Input-Packets: [13096]
2013-11-20 10:56:31,909: DEBUG: Acct-Output-Packets: [38423]
2013-11-20 10:56:31,909: DEBUG: GoGo-Acct-Output-Voice-Packets: [0]
2013-11-20 10:56:31,909: DEBUG: GoGo-Acct-Output-Voice-Octets: [0]
2013-11-20 10:56:31,909: DEBUG: Acct-Output-Gigawords: [0]
2013-11-20 10:56:31,909: DEBUG: GoGo-Total-Output-Voice-Packets: [0]
2013-11-20 10:56:31,909: DEBUG: Acct-Input-Gigawords: [0]
2013-11-20 10:56:31,909: DEBUG: Calling-Station-Id: [u'18:21:31:41:52:71']
2013-11-20 10:56:31,909: DEBUG: NAS-Port-Type: ['Wireless-802.11']
2013-11-20 10:56:31,909: DEBUG: GoGo-Total-Output-Voice-Octets: [0]
2013-11-20 10:56:31,909: DEBUG: GoGo-Private-IP-Address: ['192.168.1.179']
2013-11-20 10:56:31,909: DEBUG: GoGo-Acct-Input-Voice-Gigawords: [0]
2013-11-20 10:56:31,909: DEBUG: GoGo-Total-Input-Packets: [13096]
2013-11-20 10:56:31,909: DEBUG: GoGo-Total-Input-Gigawords: [0]
2013-11-20 10:56:31,909: DEBUG: GoGo-Acct-Input-Voice-Packets: [0]
2013-11-20 10:56:31,910: DEBUG: GoGo-Total-Input-Octets: [6477708]
2013-11-20 10:56:31,910: DEBUG: GoGo-Total-Output-Packets: [38423]
2013-11-20 10:56:31,910: DEBUG: WISPr-Location-ID: [u'airline=BA01,tail=01009,network=']
2013-11-20 10:56:31,910: DEBUG: GoGo-Acct-Output-Voice-Gigawords: [0]
2013-11-20 10:56:31,910: DEBUG: Acct-Input-Octets: [6477708]
2013-11-20 10:56:31,911: DEBUG: 

2013-11-20 10:56:31,911: DEBUG: Received response with following attributes:
2013-11-20 10:56:41,912: DEBUG: 

2013-11-20 10:56:41,913: DEBUG: Creating Accounting Update Request with the following Attributes:
2013-11-20 10:56:41,913: DEBUG: User-Name: [u'username61@airborne.aircell.com']
2013-11-20 10:56:41,913: DEBUG: GoGo-Tail-Number: [u'AAATestNAS_190']
2013-11-20 10:56:41,913: DEBUG: Acct-Output-Octets: [3029354]
2013-11-20 10:56:41,913: DEBUG: NAS-IP-Address: ['10.254.195.1']
2013-11-20 10:56:41,913: DEBUG: GoGo-Total-Output-Gigawords: [0]
2013-11-20 10:56:41,913: DEBUG: Framed-IP-Address: ['10.254.195.53']
2013-11-20 10:56:41,913: DEBUG: GoGo-Total-Input-Voice-Gigawords: [0]
2013-11-20 10:56:41,913: DEBUG: GoGo-Total-Output-Octets: [3029354]
2013-11-20 10:56:41,913: DEBUG: GoGo-Acct-Input-Voice-Octets: [0]
2013-11-20 10:56:41,914: DEBUG: GoGo-Total-Input-Voice-Packets: [0]
2013-11-20 10:56:41,914: DEBUG: Called-Station-Id: [u'00:16:3E:47:0E:19']
2013-11-20 10:56:41,914: DEBUG: WISPr-Location-Name: [u'TEST LLC,BA01_01009']
2013-11-20 10:56:41,914: DEBUG: NAS-Identifier: [u'C08386']
2013-11-20 10:56:41,914: DEBUG: Proxy-State: ['3330,3132']
2013-11-20 10:56:41,914: DEBUG: GoGo-Total-Input-Voice-Octets: [0]
2013-11-20 10:56:41,914: DEBUG: Acct-Status-Type: ['Interim-Update']
2013-11-20 10:56:41,914: DEBUG: GoGo-Total-Output-Voice-Gigawords: [0]
2013-11-20 10:56:41,914: DEBUG: GoGo-Airline: [u'BA01']
2013-11-20 10:56:41,914: DEBUG: Acct-Session-Id: [u'AAATestNAS_190-1384925141876-00163E470E19-1']
2013-11-20 10:56:41,914: DEBUG: Acct-Session-Time: [10]
2013-11-20 10:56:41,914: DEBUG: Acct-Input-Packets: [14868]
2013-11-20 10:56:41,914: DEBUG: Acct-Output-Packets: [20065]
2013-11-20 10:56:41,914: DEBUG: GoGo-Acct-Output-Voice-Packets: [0]
2013-11-20 10:56:41,915: DEBUG: GoGo-Acct-Output-Voice-Octets: [0]
2013-11-20 10:56:41,915: DEBUG: Acct-Output-Gigawords: [0]
2013-11-20 10:56:41,915: DEBUG: GoGo-Total-Output-Voice-Packets: [0]
2013-11-20 10:56:41,915: DEBUG: Acct-Input-Gigawords: [0]
2013-11-20 10:56:41,915: DEBUG: Calling-Station-Id: [u'18:21:31:41:52:71']
2013-11-20 10:56:41,915: DEBUG: NAS-Port-Type: ['Wireless-802.11']
2013-11-20 10:56:41,915: DEBUG: GoGo-Total-Output-Voice-Octets: [0]
2013-11-20 10:56:41,915: DEBUG: GoGo-Private-IP-Address: ['192.168.1.179']
2013-11-20 10:56:41,915: DEBUG: GoGo-Acct-Input-Voice-Gigawords: [0]
2013-11-20 10:56:41,915: DEBUG: GoGo-Total-Input-Packets: [14868]
2013-11-20 10:56:41,915: DEBUG: GoGo-Total-Input-Gigawords: [0]
2013-11-20 10:56:41,915: DEBUG: GoGo-Acct-Input-Voice-Packets: [0]
2013-11-20 10:56:41,915: DEBUG: GoGo-Total-Input-Octets: [3436577]
2013-11-20 10:56:41,915: DEBUG: GoGo-Total-Output-Packets: [20065]
2013-11-20 10:56:41,916: DEBUG: WISPr-Location-ID: [u'airline=BA01,tail=01009,network=']
2013-11-20 10:56:41,916: DEBUG: GoGo-Acct-Output-Voice-Gigawords: [0]
2013-11-20 10:56:41,916: DEBUG: Acct-Input-Octets: [3436577]
2013-11-20 10:56:41,917: DEBUG: 

2013-11-20 10:56:41,917: DEBUG: Received response with following attributes:
2013-11-20 10:56:51,918: DEBUG: 

2013-11-20 10:56:51,919: DEBUG: Creating Accounting Update Request with the following Attributes:
2013-11-20 10:56:51,919: DEBUG: User-Name: [u'username61@airborne.aircell.com']
2013-11-20 10:56:51,919: DEBUG: GoGo-Tail-Number: [u'AAATestNAS_190']
2013-11-20 10:56:51,919: DEBUG: Acct-Output-Octets: [1402344]
2013-11-20 10:56:51,919: DEBUG: NAS-IP-Address: ['10.254.195.1']
2013-11-20 10:56:51,919: DEBUG: GoGo-Total-Output-Gigawords: [0]
2013-11-20 10:56:51,919: DEBUG: Framed-IP-Address: ['10.254.195.53']
2013-11-20 10:56:51,919: DEBUG: GoGo-Total-Input-Voice-Gigawords: [0]
2013-11-20 10:56:51,919: DEBUG: GoGo-Total-Output-Octets: [1402344]
2013-11-20 10:56:51,919: DEBUG: GoGo-Acct-Input-Voice-Octets: [0]
2013-11-20 10:56:51,919: DEBUG: GoGo-Total-Input-Voice-Packets: [0]
2013-11-20 10:56:51,919: DEBUG: Called-Station-Id: [u'00:16:3E:47:0E:19']
2013-11-20 10:56:51,920: DEBUG: WISPr-Location-Name: [u'TEST LLC,BA01_01009']
2013-11-20 10:56:51,920: DEBUG: NAS-Identifier: [u'C08386']
2013-11-20 10:56:51,920: DEBUG: Proxy-State: ['3330,3132']
2013-11-20 10:56:51,920: DEBUG: GoGo-Total-Input-Voice-Octets: [0]
2013-11-20 10:56:51,920: DEBUG: Acct-Status-Type: ['Interim-Update']
2013-11-20 10:56:51,920: DEBUG: GoGo-Total-Output-Voice-Gigawords: [0]
2013-11-20 10:56:51,920: DEBUG: GoGo-Airline: [u'BA01']
2013-11-20 10:56:51,920: DEBUG: Acct-Session-Id: [u'AAATestNAS_190-1384925141876-00163E470E19-1']
2013-11-20 10:56:51,920: DEBUG: Acct-Session-Time: [10]
2013-11-20 10:56:51,920: DEBUG: Acct-Input-Packets: [43860]
2013-11-20 10:56:51,920: DEBUG: Acct-Output-Packets: [2554]
2013-11-20 10:56:51,920: DEBUG: GoGo-Acct-Output-Voice-Packets: [0]
2013-11-20 10:56:51,920: DEBUG: GoGo-Acct-Output-Voice-Octets: [0]
2013-11-20 10:56:51,920: DEBUG: Acct-Output-Gigawords: [0]
2013-11-20 10:56:51,921: DEBUG: GoGo-Total-Output-Voice-Packets: [0]
2013-11-20 10:56:51,921: DEBUG: Acct-Input-Gigawords: [0]
2013-11-20 10:56:51,921: DEBUG: Calling-Station-Id: [u'18:21:31:41:52:71']
2013-11-20 10:56:51,921: DEBUG: NAS-Port-Type: ['Wireless-802.11']
2013-11-20 10:56:51,921: DEBUG: GoGo-Total-Output-Voice-Octets: [0]
2013-11-20 10:56:51,921: DEBUG: GoGo-Private-IP-Address: ['192.168.1.179']
2013-11-20 10:56:51,921: DEBUG: GoGo-Acct-Input-Voice-Gigawords: [0]
2013-11-20 10:56:51,921: DEBUG: GoGo-Total-Input-Packets: [43860]
2013-11-20 10:56:51,921: DEBUG: GoGo-Total-Input-Gigawords: [0]
2013-11-20 10:56:51,921: DEBUG: GoGo-Acct-Input-Voice-Packets: [0]
2013-11-20 10:56:51,921: DEBUG: GoGo-Total-Input-Octets: [9384526]
2013-11-20 10:56:51,921: DEBUG: GoGo-Total-Output-Packets: [2554]
2013-11-20 10:56:51,921: DEBUG: WISPr-Location-ID: [u'airline=BA01,tail=01009,network=']
2013-11-20 10:56:51,921: DEBUG: GoGo-Acct-Output-Voice-Gigawords: [0]
2013-11-20 10:56:51,921: DEBUG: Acct-Input-Octets: [9384526]
2013-11-20 10:56:51,923: DEBUG: 

2013-11-20 10:56:51,923: DEBUG: Received response with following attributes:
2013-11-20 10:57:01,924: DEBUG: 

2013-11-20 10:57:01,925: DEBUG: Creating Accounting Update Request with the following Attributes:
2013-11-20 10:57:01,926: DEBUG: User-Name: [u'username61@airborne.aircell.com']
2013-11-20 10:57:01,926: DEBUG: GoGo-Tail-Number: [u'AAATestNAS_190']
2013-11-20 10:57:01,926: DEBUG: Acct-Output-Octets: [9591000]
2013-11-20 10:57:01,926: DEBUG: NAS-IP-Address: ['10.254.195.1']
2013-11-20 10:57:01,926: DEBUG: GoGo-Total-Output-Gigawords: [0]
2013-11-20 10:57:01,926: DEBUG: Framed-IP-Address: ['10.254.195.53']
2013-11-20 10:57:01,926: DEBUG: GoGo-Total-Input-Voice-Gigawords: [0]
2013-11-20 10:57:01,927: DEBUG: GoGo-Total-Output-Octets: [9591000]
2013-11-20 10:57:01,927: DEBUG: GoGo-Acct-Input-Voice-Octets: [0]
2013-11-20 10:57:01,927: DEBUG: GoGo-Total-Input-Voice-Packets: [0]
2013-11-20 10:57:01,927: DEBUG: Called-Station-Id: [u'00:16:3E:47:0E:19']
2013-11-20 10:57:01,927: DEBUG: WISPr-Location-Name: [u'TEST LLC,BA01_01009']
2013-11-20 10:57:01,927: DEBUG: NAS-Identifier: [u'C08386']
2013-11-20 10:57:01,927: DEBUG: Proxy-State: ['3330,3132']
2013-11-20 10:57:01,928: DEBUG: GoGo-Total-Input-Voice-Octets: [0]
2013-11-20 10:57:01,928: DEBUG: Acct-Status-Type: ['Interim-Update']
2013-11-20 10:57:01,928: DEBUG: GoGo-Total-Output-Voice-Gigawords: [0]
2013-11-20 10:57:01,928: DEBUG: GoGo-Airline: [u'BA01']
2013-11-20 10:57:01,928: DEBUG: Acct-Session-Id: [u'AAATestNAS_190-1384925141876-00163E470E19-1']
2013-11-20 10:57:01,928: DEBUG: Acct-Session-Time: [10]
2013-11-20 10:57:01,928: DEBUG: Acct-Input-Packets: [35994]
2013-11-20 10:57:01,928: DEBUG: Acct-Output-Packets: [75085]
2013-11-20 10:57:01,929: DEBUG: GoGo-Acct-Output-Voice-Packets: [0]
2013-11-20 10:57:01,929: DEBUG: GoGo-Acct-Output-Voice-Octets: [0]
2013-11-20 10:57:01,929: DEBUG: Acct-Output-Gigawords: [0]
2013-11-20 10:57:01,929: DEBUG: GoGo-Total-Output-Voice-Packets: [0]
2013-11-20 10:57:01,929: DEBUG: Acct-Input-Gigawords: [0]
2013-11-20 10:57:01,929: DEBUG: Calling-Station-Id: [u'18:21:31:41:52:71']
2013-11-20 10:57:01,929: DEBUG: NAS-Port-Type: ['Wireless-802.11']
2013-11-20 10:57:01,929: DEBUG: GoGo-Total-Output-Voice-Octets: [0]
2013-11-20 10:57:01,929: DEBUG: GoGo-Private-IP-Address: ['192.168.1.179']
2013-11-20 10:57:01,930: DEBUG: GoGo-Acct-Input-Voice-Gigawords: [0]
2013-11-20 10:57:01,930: DEBUG: GoGo-Total-Input-Packets: [35994]
2013-11-20 10:57:01,930: DEBUG: GoGo-Total-Input-Gigawords: [0]
2013-11-20 10:57:01,930: DEBUG: GoGo-Acct-Input-Voice-Packets: [0]
2013-11-20 10:57:01,930: DEBUG: GoGo-Total-Input-Octets: [7657701]
2013-11-20 10:57:01,930: DEBUG: GoGo-Total-Output-Packets: [75085]
2013-11-20 10:57:01,930: DEBUG: WISPr-Location-ID: [u'airline=BA01,tail=01009,network=']
2013-11-20 10:57:01,930: DEBUG: GoGo-Acct-Output-Voice-Gigawords: [0]
2013-11-20 10:57:01,931: DEBUG: Acct-Input-Octets: [7657701]
2013-11-20 10:57:01,933: DEBUG: 

2013-11-20 10:57:01,933: DEBUG: Received response with following attributes:
2013-11-20 10:57:11,933: DEBUG: 

2013-11-20 10:57:11,934: DEBUG: Creating Accounting Update Request with the following Attributes:
2013-11-20 10:57:11,934: DEBUG: User-Name: [u'username61@airborne.aircell.com']
2013-11-20 10:57:11,934: DEBUG: GoGo-Tail-Number: [u'AAATestNAS_190']
2013-11-20 10:57:11,934: DEBUG: Acct-Output-Octets: [8144188]
2013-11-20 10:57:11,934: DEBUG: NAS-IP-Address: ['10.254.195.1']
2013-11-20 10:57:11,934: DEBUG: GoGo-Total-Output-Gigawords: [0]
2013-11-20 10:57:11,934: DEBUG: Framed-IP-Address: ['10.254.195.53']
2013-11-20 10:57:11,934: DEBUG: GoGo-Total-Input-Voice-Gigawords: [0]
2013-11-20 10:57:11,934: DEBUG: GoGo-Total-Output-Octets: [8144188]
2013-11-20 10:57:11,934: DEBUG: GoGo-Acct-Input-Voice-Octets: [0]
2013-11-20 10:57:11,935: DEBUG: GoGo-Total-Input-Voice-Packets: [0]
2013-11-20 10:57:11,935: DEBUG: Called-Station-Id: [u'00:16:3E:47:0E:19']
2013-11-20 10:57:11,935: DEBUG: WISPr-Location-Name: [u'TEST LLC,BA01_01009']
2013-11-20 10:57:11,935: DEBUG: NAS-Identifier: [u'C08386']
2013-11-20 10:57:11,935: DEBUG: Proxy-State: ['3330,3132']
2013-11-20 10:57:11,935: DEBUG: GoGo-Total-Input-Voice-Octets: [0]
2013-11-20 10:57:11,935: DEBUG: Acct-Status-Type: ['Interim-Update']
2013-11-20 10:57:11,935: DEBUG: GoGo-Total-Output-Voice-Gigawords: [0]
2013-11-20 10:57:11,935: DEBUG: GoGo-Airline: [u'BA01']
2013-11-20 10:57:11,935: DEBUG: Acct-Session-Id: [u'AAATestNAS_190-1384925141876-00163E470E19-1']
2013-11-20 10:57:11,935: DEBUG: Acct-Session-Time: [10]
2013-11-20 10:57:11,935: DEBUG: Acct-Input-Packets: [45046]
2013-11-20 10:57:11,935: DEBUG: Acct-Output-Packets: [38333]
2013-11-20 10:57:11,935: DEBUG: GoGo-Acct-Output-Voice-Packets: [0]
2013-11-20 10:57:11,935: DEBUG: GoGo-Acct-Output-Voice-Octets: [0]
2013-11-20 10:57:11,935: DEBUG: Acct-Output-Gigawords: [0]
2013-11-20 10:57:11,936: DEBUG: GoGo-Total-Output-Voice-Packets: [0]
2013-11-20 10:57:11,936: DEBUG: Acct-Input-Gigawords: [0]
2013-11-20 10:57:11,936: DEBUG: Calling-Station-Id: [u'18:21:31:41:52:71']
2013-11-20 10:57:11,936: DEBUG: NAS-Port-Type: ['Wireless-802.11']
2013-11-20 10:57:11,936: DEBUG: GoGo-Total-Output-Voice-Octets: [0]
2013-11-20 10:57:11,936: DEBUG: GoGo-Private-IP-Address: ['192.168.1.179']
2013-11-20 10:57:11,936: DEBUG: GoGo-Acct-Input-Voice-Gigawords: [0]
2013-11-20 10:57:11,936: DEBUG: GoGo-Total-Input-Packets: [45046]
2013-11-20 10:57:11,936: DEBUG: GoGo-Total-Input-Gigawords: [0]
2013-11-20 10:57:11,936: DEBUG: GoGo-Acct-Input-Voice-Packets: [0]
2013-11-20 10:57:11,936: DEBUG: GoGo-Total-Input-Octets: [5943245]
2013-11-20 10:57:11,936: DEBUG: GoGo-Total-Output-Packets: [38333]
2013-11-20 10:57:11,936: DEBUG: WISPr-Location-ID: [u'airline=BA01,tail=01009,network=']
2013-11-20 10:57:11,936: DEBUG: GoGo-Acct-Output-Voice-Gigawords: [0]
2013-11-20 10:57:11,936: DEBUG: Acct-Input-Octets: [5943245]
2013-11-20 10:57:11,938: DEBUG: 

2013-11-20 10:57:11,938: DEBUG: Received response with following attributes:
2013-11-20 10:57:21,939: DEBUG: 

2013-11-20 10:57:21,940: DEBUG: Creating Accounting Update Request with the following Attributes:
2013-11-20 10:57:21,940: DEBUG: User-Name: [u'username61@airborne.aircell.com']
2013-11-20 10:57:21,940: DEBUG: GoGo-Tail-Number: [u'AAATestNAS_190']
2013-11-20 10:57:21,940: DEBUG: Acct-Output-Octets: [1039913]
2013-11-20 10:57:21,941: DEBUG: NAS-IP-Address: ['10.254.195.1']
2013-11-20 10:57:21,941: DEBUG: GoGo-Total-Output-Gigawords: [0]
2013-11-20 10:57:21,941: DEBUG: Framed-IP-Address: ['10.254.195.53']
2013-11-20 10:57:21,941: DEBUG: GoGo-Total-Input-Voice-Gigawords: [0]
2013-11-20 10:57:21,941: DEBUG: GoGo-Total-Output-Octets: [1039913]
2013-11-20 10:57:21,941: DEBUG: GoGo-Acct-Input-Voice-Octets: [0]
2013-11-20 10:57:21,941: DEBUG: GoGo-Total-Input-Voice-Packets: [0]
2013-11-20 10:57:21,941: DEBUG: Called-Station-Id: [u'00:16:3E:47:0E:19']
2013-11-20 10:57:21,941: DEBUG: WISPr-Location-Name: [u'TEST LLC,BA01_01009']
2013-11-20 10:57:21,942: DEBUG: NAS-Identifier: [u'C08386']
2013-11-20 10:57:21,942: DEBUG: Proxy-State: ['3330,3132']
2013-11-20 10:57:21,942: DEBUG: GoGo-Total-Input-Voice-Octets: [0]
2013-11-20 10:57:21,942: DEBUG: Acct-Status-Type: ['Interim-Update']
2013-11-20 10:57:21,942: DEBUG: GoGo-Total-Output-Voice-Gigawords: [0]
2013-11-20 10:57:21,942: DEBUG: GoGo-Airline: [u'BA01']
2013-11-20 10:57:21,942: DEBUG: Acct-Session-Id: [u'AAATestNAS_190-1384925141876-00163E470E19-1']
2013-11-20 10:57:21,942: DEBUG: Acct-Session-Time: [10]
2013-11-20 10:57:21,942: DEBUG: Acct-Input-Packets: [28055]
2013-11-20 10:57:21,942: DEBUG: Acct-Output-Packets: [1712]
2013-11-20 10:57:21,943: DEBUG: GoGo-Acct-Output-Voice-Packets: [0]
2013-11-20 10:57:21,943: DEBUG: GoGo-Acct-Output-Voice-Octets: [0]
2013-11-20 10:57:21,943: DEBUG: Acct-Output-Gigawords: [0]
2013-11-20 10:57:21,943: DEBUG: GoGo-Total-Output-Voice-Packets: [0]
2013-11-20 10:57:21,943: DEBUG: Acct-Input-Gigawords: [0]
2013-11-20 10:57:21,943: DEBUG: Calling-Station-Id: [u'18:21:31:41:52:71']
2013-11-20 10:57:21,943: DEBUG: NAS-Port-Type: ['Wireless-802.11']
2013-11-20 10:57:21,943: DEBUG: GoGo-Total-Output-Voice-Octets: [0]
2013-11-20 10:57:21,943: DEBUG: GoGo-Private-IP-Address: ['192.168.1.179']
2013-11-20 10:57:21,944: DEBUG: GoGo-Acct-Input-Voice-Gigawords: [0]
2013-11-20 10:57:21,944: DEBUG: GoGo-Total-Input-Packets: [28055]
2013-11-20 10:57:21,944: DEBUG: GoGo-Total-Input-Gigawords: [0]
2013-11-20 10:57:21,944: DEBUG: GoGo-Acct-Input-Voice-Packets: [0]
2013-11-20 10:57:21,944: DEBUG: GoGo-Total-Input-Octets: [3820867]
2013-11-20 10:57:21,944: DEBUG: GoGo-Total-Output-Packets: [1712]
2013-11-20 10:57:21,944: DEBUG: WISPr-Location-ID: [u'airline=BA01,tail=01009,network=']
2013-11-20 10:57:21,944: DEBUG: GoGo-Acct-Output-Voice-Gigawords: [0]
2013-11-20 10:57:21,944: DEBUG: Acct-Input-Octets: [3820867]
2013-11-20 10:57:21,946: DEBUG: 

2013-11-20 10:57:21,946: DEBUG: Received response with following attributes:
2013-11-20 10:57:48,947: DEBUG: 

2013-11-20 10:57:48,948: DEBUG: Creating Accounting Stop Request with the following Attributes:
2013-11-20 10:57:48,948: DEBUG: User-Name: [u'username61@airborne.aircell.com']
2013-11-20 10:57:48,948: DEBUG: GoGo-Tail-Number: [u'01009']
2013-11-20 10:57:48,948: DEBUG: Acct-Output-Octets: [7844190]
2013-11-20 10:57:48,948: DEBUG: NAS-IP-Address: ['10.254.195.1']
2013-11-20 10:57:48,948: DEBUG: GoGo-Total-Output-Gigawords: [0]
2013-11-20 10:57:48,949: DEBUG: Framed-IP-Address: ['10.254.195.53']
2013-11-20 10:57:48,949: DEBUG: GoGo-Total-Input-Voice-Gigawords: [0]
2013-11-20 10:57:48,949: DEBUG: GoGo-Total-Output-Octets: [7844190]
2013-11-20 10:57:48,949: DEBUG: GoGo-Acct-Input-Voice-Octets: [0]
2013-11-20 10:57:48,949: DEBUG: GoGo-Total-Input-Voice-Packets: [0]
2013-11-20 10:57:48,949: DEBUG: Called-Station-Id: [u'00:16:3E:47:0E:19']
2013-11-20 10:57:48,949: DEBUG: WISPr-Location-Name: [u'TEST LLC,BA01_01009']
2013-11-20 10:57:48,949: DEBUG: NAS-Identifier: [u'C08386']
2013-11-20 10:57:48,949: DEBUG: Proxy-State: ['3330,3132']
2013-11-20 10:57:48,949: DEBUG: GoGo-Total-Input-Voice-Octets: [0]
2013-11-20 10:57:48,949: DEBUG: Acct-Status-Type: ['Stop']
2013-11-20 10:57:48,949: DEBUG: GoGo-Total-Output-Voice-Gigawords: [0]
2013-11-20 10:57:48,949: DEBUG: GoGo-Airline: [u'BA01']
2013-11-20 10:57:48,950: DEBUG: Acct-Session-Id: [u'AAATestNAS_190-1384925141876-00163E470E19-1']
2013-11-20 10:57:48,950: DEBUG: Acct-Session-Time: [27]
2013-11-20 10:57:48,950: DEBUG: Acct-Input-Packets: [21042]
2013-11-20 10:57:48,950: DEBUG: Acct-Output-Packets: [61473]
2013-11-20 10:57:48,950: DEBUG: Acct-Terminate-Cause: ['User-Request']
2013-11-20 10:57:48,950: DEBUG: GoGo-Acct-Output-Voice-Octets: [0]
2013-11-20 10:57:48,950: DEBUG: Acct-Output-Gigawords: [0]
2013-11-20 10:57:48,950: DEBUG: GoGo-Total-Output-Voice-Packets: [0]
2013-11-20 10:57:48,950: DEBUG: Acct-Input-Gigawords: [0]
2013-11-20 10:57:48,950: DEBUG: Calling-Station-Id: [u'18:21:31:41:52:71']
2013-11-20 10:57:48,950: DEBUG: NAS-Port-Type: ['Wireless-802.11']
2013-11-20 10:57:48,950: DEBUG: GoGo-Total-Output-Voice-Octets: [0]
2013-11-20 10:57:48,950: DEBUG: GoGo-Private-IP-Address: ['192.168.1.179']
2013-11-20 10:57:48,950: DEBUG: GoGo-Acct-Input-Voice-Gigawords: [0]
2013-11-20 10:57:48,951: DEBUG: GoGo-Total-Input-Packets: [21042]
2013-11-20 10:57:48,951: DEBUG: GoGo-Total-Input-Gigawords: [0]
2013-11-20 10:57:48,951: DEBUG: GoGo-Acct-Input-Voice-Packets: [0]
2013-11-20 10:57:48,951: DEBUG: GoGo-Total-Input-Octets: [4550047]
2013-11-20 10:57:48,951: DEBUG: GoGo-Total-Output-Packets: [61473]
2013-11-20 10:57:48,951: DEBUG: WISPr-Location-ID: [u'airline=BA01,tail=01009,network=']
2013-11-20 10:57:48,951: DEBUG: GoGo-Acct-Output-Voice-Packets: [0]
2013-11-20 10:57:48,951: DEBUG: GoGo-Acct-Output-Voice-Gigawords: [0]
2013-11-20 10:57:48,951: DEBUG: Acct-Input-Octets: [4550047]
2013-11-20 10:57:48,951: ERROR: Network error, Reason: 'Network error: Too many open files'
2013-11-20 10:57:48,951: ERROR: Ending the test for this user
2013-11-20 10:57:48,952: DEBUG: Ending the test for this user
