2013-11-20 10:57:19,523: DEBUG: Starting the client for the user username70@airborne.aircell.com to the server localhost

2013-11-20 10:57:19,526: DEBUG: DURATION of the TEST: 63
2013-11-20 10:57:19,526: DEBUG: NAS-IP: 10.254.215.1
2013-11-20 10:57:19,527: DEBUG: NAS-MAC-ADDR: 18:21:31:41:52:91
2013-11-20 10:57:19,529: DEBUG: Abruptly End: False
2013-11-20 10:57:19,529: DEBUG: Framed-IP: 10.254.215.79
2013-11-20 10:57:19,530: DEBUG: User-MAC-Addr: 00:16:3E:72:BF:AE
2013-11-20 10:57:19,531: DEBUG: 

2013-11-20 10:57:19,533: DEBUG: Creating Authentication Request with the following Attributes:
2013-11-20 10:57:19,535: DEBUG: NAS-Identifier: [u'C08386']
2013-11-20 10:57:19,535: DEBUG: User-Name: [u'username70@airborne.aircell.com']
2013-11-20 10:57:19,536: DEBUG: NAS-IP-Address: ['10.254.215.1']
2013-11-20 10:57:19,537: DEBUG: Service-Type: ['Authenticate-Only']
2013-11-20 10:57:19,538: DEBUG: Proxy-State: ['3237,3134']
2013-11-20 10:57:19,540: DEBUG: Framed-IP-Address: ['10.254.215.79']
2013-11-20 10:57:19,542: DEBUG: GoGo-Airline: [u'BA01']
2013-11-20 10:57:19,543: DEBUG: Acct-Session-Id: [u'AAATestNAS_210-1384925239532-00163E72BFAE-2']
2013-11-20 10:57:19,544: DEBUG: GoGo-Tail-Number: [u'AAATestNAS_210']
2013-11-20 10:57:19,547: DEBUG: GoGo-Private-IP-Address: ['192.168.1.179']
2013-11-20 10:57:19,548: DEBUG: WISPr-Location-ID: [u'airline=BA01,tail=01009,network=']
2013-11-20 10:57:19,548: DEBUG: WISPr-Location-Name: [u'TEST LLC,BA01_01009']
2013-11-20 10:57:19,548: DEBUG: NAS-Port-Type: ['Wireless-802.11']
2013-11-20 10:57:19,549: DEBUG: Called-Station-Id: [u'00:16:3E:72:BF:AE']
2013-11-20 10:57:19,549: DEBUG: Calling-Station-Id: [u'18:21:31:41:52:91']
2013-11-20 10:57:19,552: DEBUG: 

2013-11-20 10:57:19,554: DEBUG: Received response with code: 2, Accepted
2013-11-20 10:57:19,555: DEBUG: Creating Authentication Request with the following Attributes:
2013-11-20 10:57:19,557: DEBUG: NAS-Identifier: [u'C08386']
2013-11-20 10:57:19,559: DEBUG: User-Name: [u'username70@airborne.aircell.com']
2013-11-20 10:57:19,562: DEBUG: NAS-IP-Address: ['10.254.215.1']
2013-11-20 10:57:19,562: DEBUG: Service-Type: ['Login-User']
2013-11-20 10:57:19,564: DEBUG: Proxy-State: ['3237,3134']
2013-11-20 10:57:19,566: DEBUG: Framed-IP-Address: ['10.254.215.79']
2013-11-20 10:57:19,566: DEBUG: GoGo-Airline: [u'BA01']
2013-11-20 10:57:19,568: DEBUG: Acct-Session-Id: [u'AAATestNAS_210-1384925239555-00163E72BFAE-2']
2013-11-20 10:57:19,570: DEBUG: GoGo-Tail-Number: [u'AAATestNAS_210']
2013-11-20 10:57:19,572: DEBUG: GoGo-Private-IP-Address: ['192.168.1.179']
2013-11-20 10:57:19,572: DEBUG: WISPr-Location-ID: [u'airline=BA01,tail=01009,network=']
2013-11-20 10:57:19,573: DEBUG: WISPr-Location-Name: [u'TEST LLC,BA01_01009']
2013-11-20 10:57:19,574: DEBUG: NAS-Port-Type: ['Wireless-802.11']
2013-11-20 10:57:19,577: DEBUG: Called-Station-Id: [u'00:16:3E:72:BF:AE']
2013-11-20 10:57:19,579: DEBUG: Calling-Station-Id: [u'18:21:31:41:52:91']
2013-11-20 10:57:19,583: DEBUG: 

2013-11-20 10:57:19,584: DEBUG: Received response with code: 2, Accepted
2013-11-20 10:57:19,586: DEBUG: 

2013-11-20 10:57:19,587: DEBUG: Creating Accounting start Request with the following Attributes:
2013-11-20 10:57:19,588: DEBUG: NAS-Identifier: [u'C08386']
2013-11-20 10:57:19,589: DEBUG: User-Name: [u'username70@airborne.aircell.com']
2013-11-20 10:57:19,592: DEBUG: GoGo-Tail-Number: [u'AAATestNAS_210']
2013-11-20 10:57:19,594: DEBUG: NAS-IP-Address: ['10.254.215.1']
2013-11-20 10:57:19,599: DEBUG: Proxy-State: ['3239,3131']
2013-11-20 10:57:19,600: DEBUG: Acct-Status-Type: ['Start']
2013-11-20 10:57:19,602: DEBUG: GoGo-Airline: [u'BA01']
2013-11-20 10:57:19,604: DEBUG: Acct-Session-Id: [u'AAATestNAS_210-1384925239555-00163E72BFAE-2']
2013-11-20 10:57:19,604: DEBUG: GoGo-Private-IP-Address: ['192.168.1.179']
2013-11-20 10:57:19,605: DEBUG: Framed-IP-Address: ['10.254.215.79']
2013-11-20 10:57:19,607: DEBUG: WISPr-Location-ID: [u'airline=BA01,tail=01009,network=']
2013-11-20 10:57:19,607: DEBUG: WISPr-Location-Name: [u'TEST LLC,BA01_01009']
2013-11-20 10:57:19,609: DEBUG: NAS-Port-Type: ['Wireless-802.11']
2013-11-20 10:57:19,611: DEBUG: Called-Station-Id: [u'00:16:3E:72:BF:AE']
2013-11-20 10:57:19,613: DEBUG: Calling-Station-Id: [u'18:21:31:41:52:91']
2013-11-20 10:57:19,620: DEBUG: 

2013-11-20 10:57:19,622: DEBUG: Received response with following attributes:
2013-11-20 10:57:29,623: DEBUG: 

2013-11-20 10:57:29,624: DEBUG: Creating Accounting Update Request with the following Attributes:
2013-11-20 10:57:29,625: DEBUG: User-Name: [u'username70@airborne.aircell.com']
2013-11-20 10:57:29,625: DEBUG: GoGo-Tail-Number: [u'AAATestNAS_210']
2013-11-20 10:57:29,625: DEBUG: Acct-Output-Octets: [1269719]
2013-11-20 10:57:29,626: DEBUG: NAS-IP-Address: ['10.254.215.1']
2013-11-20 10:57:29,626: DEBUG: GoGo-Total-Output-Gigawords: [0]
2013-11-20 10:57:29,626: DEBUG: Framed-IP-Address: ['10.254.215.79']
2013-11-20 10:57:29,626: DEBUG: GoGo-Total-Input-Voice-Gigawords: [0]
2013-11-20 10:57:29,627: DEBUG: GoGo-Total-Output-Octets: [1269719]
2013-11-20 10:57:29,627: DEBUG: GoGo-Acct-Input-Voice-Octets: [0]
2013-11-20 10:57:29,627: DEBUG: GoGo-Total-Input-Voice-Packets: [0]
2013-11-20 10:57:29,628: DEBUG: Called-Station-Id: [u'00:16:3E:72:BF:AE']
2013-11-20 10:57:29,628: DEBUG: WISPr-Location-Name: [u'TEST LLC,BA01_01009']
2013-11-20 10:57:29,628: DEBUG: NAS-Identifier: [u'C08386']
2013-11-20 10:57:29,629: DEBUG: Proxy-State: ['3330,3132']
2013-11-20 10:57:29,629: DEBUG: GoGo-Total-Input-Voice-Octets: [0]
2013-11-20 10:57:29,629: DEBUG: Acct-Status-Type: ['Interim-Update']
2013-11-20 10:57:29,629: DEBUG: GoGo-Total-Output-Voice-Gigawords: [0]
2013-11-20 10:57:29,630: DEBUG: GoGo-Airline: [u'BA01']
2013-11-20 10:57:29,630: DEBUG: Acct-Session-Id: [u'AAATestNAS_210-1384925239555-00163E72BFAE-2']
2013-11-20 10:57:29,631: DEBUG: Acct-Session-Time: [10]
2013-11-20 10:57:29,631: DEBUG: Acct-Input-Packets: [13802]
2013-11-20 10:57:29,632: DEBUG: Acct-Output-Packets: [8802]
2013-11-20 10:57:29,634: DEBUG: GoGo-Acct-Output-Voice-Packets: [0]
2013-11-20 10:57:29,634: DEBUG: GoGo-Acct-Output-Voice-Octets: [0]
2013-11-20 10:57:29,635: DEBUG: Acct-Output-Gigawords: [0]
2013-11-20 10:57:29,635: DEBUG: GoGo-Total-Output-Voice-Packets: [0]
2013-11-20 10:57:29,636: DEBUG: Acct-Input-Gigawords: [0]
2013-11-20 10:57:29,637: DEBUG: Calling-Station-Id: [u'18:21:31:41:52:91']
2013-11-20 10:57:29,638: DEBUG: NAS-Port-Type: ['Wireless-802.11']
2013-11-20 10:57:29,638: DEBUG: GoGo-Total-Output-Voice-Octets: [0]
2013-11-20 10:57:29,639: DEBUG: GoGo-Private-IP-Address: ['192.168.1.179']
2013-11-20 10:57:29,640: DEBUG: GoGo-Acct-Input-Voice-Gigawords: [0]
2013-11-20 10:57:29,640: DEBUG: GoGo-Total-Input-Packets: [13802]
2013-11-20 10:57:29,641: DEBUG: GoGo-Total-Input-Gigawords: [0]
2013-11-20 10:57:29,641: DEBUG: GoGo-Acct-Input-Voice-Packets: [0]
2013-11-20 10:57:29,641: DEBUG: GoGo-Total-Input-Octets: [3568104]
2013-11-20 10:57:29,642: DEBUG: GoGo-Total-Output-Packets: [8802]
2013-11-20 10:57:29,642: DEBUG: WISPr-Location-ID: [u'airline=BA01,tail=01009,network=']
2013-11-20 10:57:29,643: DEBUG: GoGo-Acct-Output-Voice-Gigawords: [0]
2013-11-20 10:57:29,643: DEBUG: Acct-Input-Octets: [3568104]
2013-11-20 10:57:29,645: DEBUG: 

2013-11-20 10:57:29,645: DEBUG: Received response with following attributes:
2013-11-20 10:57:39,647: DEBUG: 

2013-11-20 10:57:39,649: DEBUG: Creating Accounting Update Request with the following Attributes:
2013-11-20 10:57:39,649: DEBUG: User-Name: [u'username70@airborne.aircell.com']
2013-11-20 10:57:39,650: DEBUG: GoGo-Tail-Number: [u'AAATestNAS_210']
2013-11-20 10:57:39,650: DEBUG: Acct-Output-Octets: [8133310]
2013-11-20 10:57:39,651: DEBUG: NAS-IP-Address: ['10.254.215.1']
2013-11-20 10:57:39,651: DEBUG: GoGo-Total-Output-Gigawords: [0]
2013-11-20 10:57:39,652: DEBUG: Framed-IP-Address: ['10.254.215.79']
2013-11-20 10:57:39,654: DEBUG: GoGo-Total-Input-Voice-Gigawords: [0]
2013-11-20 10:57:39,655: DEBUG: GoGo-Total-Output-Octets: [8133310]
2013-11-20 10:57:39,656: DEBUG: GoGo-Acct-Input-Voice-Octets: [0]
2013-11-20 10:57:39,656: DEBUG: GoGo-Total-Input-Voice-Packets: [0]
2013-11-20 10:57:39,657: DEBUG: Called-Station-Id: [u'00:16:3E:72:BF:AE']
2013-11-20 10:57:39,658: DEBUG: WISPr-Location-Name: [u'TEST LLC,BA01_01009']
2013-11-20 10:57:39,659: DEBUG: NAS-Identifier: [u'C08386']
2013-11-20 10:57:39,659: DEBUG: Proxy-State: ['3330,3132']
2013-11-20 10:57:39,660: DEBUG: GoGo-Total-Input-Voice-Octets: [0]
2013-11-20 10:57:39,661: DEBUG: Acct-Status-Type: ['Interim-Update']
2013-11-20 10:57:39,662: DEBUG: GoGo-Total-Output-Voice-Gigawords: [0]
2013-11-20 10:57:39,662: DEBUG: GoGo-Airline: [u'BA01']
2013-11-20 10:57:39,663: DEBUG: Acct-Session-Id: [u'AAATestNAS_210-1384925239555-00163E72BFAE-2']
2013-11-20 10:57:39,664: DEBUG: Acct-Session-Time: [10]
2013-11-20 10:57:39,665: DEBUG: Acct-Input-Packets: [28032]
2013-11-20 10:57:39,665: DEBUG: Acct-Output-Packets: [25455]
2013-11-20 10:57:39,665: DEBUG: GoGo-Acct-Output-Voice-Packets: [0]
2013-11-20 10:57:39,666: DEBUG: GoGo-Acct-Output-Voice-Octets: [0]
2013-11-20 10:57:39,666: DEBUG: Acct-Output-Gigawords: [0]
2013-11-20 10:57:39,666: DEBUG: GoGo-Total-Output-Voice-Packets: [0]
2013-11-20 10:57:39,667: DEBUG: Acct-Input-Gigawords: [0]
2013-11-20 10:57:39,667: DEBUG: Calling-Station-Id: [u'18:21:31:41:52:91']
2013-11-20 10:57:39,667: DEBUG: NAS-Port-Type: ['Wireless-802.11']
2013-11-20 10:57:39,668: DEBUG: GoGo-Total-Output-Voice-Octets: [0]
2013-11-20 10:57:39,668: DEBUG: GoGo-Private-IP-Address: ['192.168.1.179']
2013-11-20 10:57:39,669: DEBUG: GoGo-Acct-Input-Voice-Gigawords: [0]
2013-11-20 10:57:39,669: DEBUG: GoGo-Total-Input-Packets: [28032]
2013-11-20 10:57:39,669: DEBUG: GoGo-Total-Input-Gigawords: [0]
2013-11-20 10:57:39,670: DEBUG: GoGo-Acct-Input-Voice-Packets: [0]
2013-11-20 10:57:39,670: DEBUG: GoGo-Total-Input-Octets: [2808168]
2013-11-20 10:57:39,671: DEBUG: GoGo-Total-Output-Packets: [25455]
2013-11-20 10:57:39,671: DEBUG: WISPr-Location-ID: [u'airline=BA01,tail=01009,network=']
2013-11-20 10:57:39,672: DEBUG: GoGo-Acct-Output-Voice-Gigawords: [0]
2013-11-20 10:57:39,672: DEBUG: Acct-Input-Octets: [2808168]
2013-11-20 10:57:39,673: ERROR: Network error, Reason: 'Network error: Too many open files'
2013-11-20 10:57:49,674: DEBUG: 

2013-11-20 10:57:49,675: DEBUG: Creating Accounting Update Request with the following Attributes:
2013-11-20 10:57:49,675: DEBUG: User-Name: [u'username70@airborne.aircell.com']
2013-11-20 10:57:49,675: DEBUG: GoGo-Tail-Number: [u'AAATestNAS_210']
2013-11-20 10:57:49,675: DEBUG: Acct-Output-Octets: [5028206]
2013-11-20 10:57:49,675: DEBUG: NAS-IP-Address: ['10.254.215.1']
2013-11-20 10:57:49,676: DEBUG: GoGo-Total-Output-Gigawords: [0]
2013-11-20 10:57:49,676: DEBUG: Framed-IP-Address: ['10.254.215.79']
2013-11-20 10:57:49,676: DEBUG: GoGo-Total-Input-Voice-Gigawords: [0]
2013-11-20 10:57:49,676: DEBUG: GoGo-Total-Output-Octets: [5028206]
2013-11-20 10:57:49,676: DEBUG: GoGo-Acct-Input-Voice-Octets: [0]
2013-11-20 10:57:49,676: DEBUG: GoGo-Total-Input-Voice-Packets: [0]
2013-11-20 10:57:49,676: DEBUG: Called-Station-Id: [u'00:16:3E:72:BF:AE']
2013-11-20 10:57:49,676: DEBUG: WISPr-Location-Name: [u'TEST LLC,BA01_01009']
2013-11-20 10:57:49,676: DEBUG: NAS-Identifier: [u'C08386']
2013-11-20 10:57:49,677: DEBUG: Proxy-State: ['3330,3132']
2013-11-20 10:57:49,677: DEBUG: GoGo-Total-Input-Voice-Octets: [0]
2013-11-20 10:57:49,677: DEBUG: Acct-Status-Type: ['Interim-Update']
2013-11-20 10:57:49,677: DEBUG: GoGo-Total-Output-Voice-Gigawords: [0]
2013-11-20 10:57:49,677: DEBUG: GoGo-Airline: [u'BA01']
2013-11-20 10:57:49,677: DEBUG: Acct-Session-Id: [u'AAATestNAS_210-1384925239555-00163E72BFAE-2']
2013-11-20 10:57:49,677: DEBUG: Acct-Session-Time: [10]
2013-11-20 10:57:49,677: DEBUG: Acct-Input-Packets: [17290]
2013-11-20 10:57:49,677: DEBUG: Acct-Output-Packets: [12837]
2013-11-20 10:57:49,678: DEBUG: GoGo-Acct-Output-Voice-Packets: [0]
2013-11-20 10:57:49,678: DEBUG: GoGo-Acct-Output-Voice-Octets: [0]
2013-11-20 10:57:49,679: DEBUG: Acct-Output-Gigawords: [0]
2013-11-20 10:57:49,679: DEBUG: GoGo-Total-Output-Voice-Packets: [0]
2013-11-20 10:57:49,679: DEBUG: Acct-Input-Gigawords: [0]
2013-11-20 10:57:49,679: DEBUG: Calling-Station-Id: [u'18:21:31:41:52:91']
2013-11-20 10:57:49,680: DEBUG: NAS-Port-Type: ['Wireless-802.11']
2013-11-20 10:57:49,681: DEBUG: GoGo-Total-Output-Voice-Octets: [0]
2013-11-20 10:57:49,682: DEBUG: GoGo-Private-IP-Address: ['192.168.1.179']
2013-11-20 10:57:49,682: DEBUG: GoGo-Acct-Input-Voice-Gigawords: [0]
2013-11-20 10:57:49,683: DEBUG: GoGo-Total-Input-Packets: [17290]
2013-11-20 10:57:49,683: DEBUG: GoGo-Total-Input-Gigawords: [0]
2013-11-20 10:57:49,683: DEBUG: GoGo-Acct-Input-Voice-Packets: [0]
2013-11-20 10:57:49,684: DEBUG: GoGo-Total-Input-Octets: [1925755]
2013-11-20 10:57:49,685: DEBUG: GoGo-Total-Output-Packets: [12837]
2013-11-20 10:57:49,685: DEBUG: WISPr-Location-ID: [u'airline=BA01,tail=01009,network=']
2013-11-20 10:57:49,686: DEBUG: GoGo-Acct-Output-Voice-Gigawords: [0]
2013-11-20 10:57:49,686: DEBUG: Acct-Input-Octets: [1925755]
2013-11-20 10:57:49,687: ERROR: Network error, Reason: 'Network error: Too many open files'
2013-11-20 10:57:59,688: DEBUG: 

2013-11-20 10:57:59,688: DEBUG: Creating Accounting Update Request with the following Attributes:
2013-11-20 10:57:59,689: DEBUG: User-Name: [u'username70@airborne.aircell.com']
2013-11-20 10:57:59,689: DEBUG: GoGo-Tail-Number: [u'AAATestNAS_210']
2013-11-20 10:57:59,689: DEBUG: Acct-Output-Octets: [4193331]
2013-11-20 10:57:59,689: DEBUG: NAS-IP-Address: ['10.254.215.1']
2013-11-20 10:57:59,689: DEBUG: GoGo-Total-Output-Gigawords: [0]
2013-11-20 10:57:59,689: DEBUG: Framed-IP-Address: ['10.254.215.79']
2013-11-20 10:57:59,689: DEBUG: GoGo-Total-Input-Voice-Gigawords: [0]
2013-11-20 10:57:59,689: DEBUG: GoGo-Total-Output-Octets: [4193331]
2013-11-20 10:57:59,690: DEBUG: GoGo-Acct-Input-Voice-Octets: [0]
2013-11-20 10:57:59,690: DEBUG: GoGo-Total-Input-Voice-Packets: [0]
2013-11-20 10:57:59,690: DEBUG: Called-Station-Id: [u'00:16:3E:72:BF:AE']
2013-11-20 10:57:59,690: DEBUG: WISPr-Location-Name: [u'TEST LLC,BA01_01009']
2013-11-20 10:57:59,690: DEBUG: NAS-Identifier: [u'C08386']
2013-11-20 10:57:59,690: DEBUG: Proxy-State: ['3330,3132']
2013-11-20 10:57:59,690: DEBUG: GoGo-Total-Input-Voice-Octets: [0]
2013-11-20 10:57:59,690: DEBUG: Acct-Status-Type: ['Interim-Update']
2013-11-20 10:57:59,690: DEBUG: GoGo-Total-Output-Voice-Gigawords: [0]
2013-11-20 10:57:59,691: DEBUG: GoGo-Airline: [u'BA01']
2013-11-20 10:57:59,691: DEBUG: Acct-Session-Id: [u'AAATestNAS_210-1384925239555-00163E72BFAE-2']
2013-11-20 10:57:59,691: DEBUG: Acct-Session-Time: [10]
2013-11-20 10:57:59,691: DEBUG: Acct-Input-Packets: [5396]
2013-11-20 10:57:59,691: DEBUG: Acct-Output-Packets: [25628]
2013-11-20 10:57:59,691: DEBUG: GoGo-Acct-Output-Voice-Packets: [0]
2013-11-20 10:57:59,691: DEBUG: GoGo-Acct-Output-Voice-Octets: [0]
2013-11-20 10:57:59,691: DEBUG: Acct-Output-Gigawords: [0]
2013-11-20 10:57:59,691: DEBUG: GoGo-Total-Output-Voice-Packets: [0]
2013-11-20 10:57:59,692: DEBUG: Acct-Input-Gigawords: [0]
2013-11-20 10:57:59,692: DEBUG: Calling-Station-Id: [u'18:21:31:41:52:91']
2013-11-20 10:57:59,692: DEBUG: NAS-Port-Type: ['Wireless-802.11']
2013-11-20 10:57:59,692: DEBUG: GoGo-Total-Output-Voice-Octets: [0]
2013-11-20 10:57:59,692: DEBUG: GoGo-Private-IP-Address: ['192.168.1.179']
2013-11-20 10:57:59,692: DEBUG: GoGo-Acct-Input-Voice-Gigawords: [0]
2013-11-20 10:57:59,692: DEBUG: GoGo-Total-Input-Packets: [5396]
2013-11-20 10:57:59,692: DEBUG: GoGo-Total-Input-Gigawords: [0]
2013-11-20 10:57:59,692: DEBUG: GoGo-Acct-Input-Voice-Packets: [0]
2013-11-20 10:57:59,692: DEBUG: GoGo-Total-Input-Octets: [1216069]
2013-11-20 10:57:59,693: DEBUG: GoGo-Total-Output-Packets: [25628]
2013-11-20 10:57:59,693: DEBUG: WISPr-Location-ID: [u'airline=BA01,tail=01009,network=']
2013-11-20 10:57:59,693: DEBUG: GoGo-Acct-Output-Voice-Gigawords: [0]
2013-11-20 10:57:59,693: DEBUG: Acct-Input-Octets: [1216069]
2013-11-20 10:57:59,695: DEBUG: 

2013-11-20 10:57:59,695: DEBUG: Received response with following attributes:
2013-11-20 10:58:09,696: DEBUG: 

2013-11-20 10:58:09,697: DEBUG: Creating Accounting Update Request with the following Attributes:
2013-11-20 10:58:09,697: DEBUG: User-Name: [u'username70@airborne.aircell.com']
2013-11-20 10:58:09,697: DEBUG: GoGo-Tail-Number: [u'AAATestNAS_210']
2013-11-20 10:58:09,697: DEBUG: Acct-Output-Octets: [5404908]
2013-11-20 10:58:09,697: DEBUG: NAS-IP-Address: ['10.254.215.1']
2013-11-20 10:58:09,698: DEBUG: GoGo-Total-Output-Gigawords: [0]
2013-11-20 10:58:09,698: DEBUG: Framed-IP-Address: ['10.254.215.79']
2013-11-20 10:58:09,698: DEBUG: GoGo-Total-Input-Voice-Gigawords: [0]
2013-11-20 10:58:09,698: DEBUG: GoGo-Total-Output-Octets: [5404908]
2013-11-20 10:58:09,698: DEBUG: GoGo-Acct-Input-Voice-Octets: [0]
2013-11-20 10:58:09,698: DEBUG: GoGo-Total-Input-Voice-Packets: [0]
2013-11-20 10:58:09,698: DEBUG: Called-Station-Id: [u'00:16:3E:72:BF:AE']
2013-11-20 10:58:09,698: DEBUG: WISPr-Location-Name: [u'TEST LLC,BA01_01009']
2013-11-20 10:58:09,698: DEBUG: NAS-Identifier: [u'C08386']
2013-11-20 10:58:09,698: DEBUG: Proxy-State: ['3330,3132']
2013-11-20 10:58:09,698: DEBUG: GoGo-Total-Input-Voice-Octets: [0]
2013-11-20 10:58:09,699: DEBUG: Acct-Status-Type: ['Interim-Update']
2013-11-20 10:58:09,699: DEBUG: GoGo-Total-Output-Voice-Gigawords: [0]
2013-11-20 10:58:09,699: DEBUG: GoGo-Airline: [u'BA01']
2013-11-20 10:58:09,699: DEBUG: Acct-Session-Id: [u'AAATestNAS_210-1384925239555-00163E72BFAE-2']
2013-11-20 10:58:09,699: DEBUG: Acct-Session-Time: [10]
2013-11-20 10:58:09,699: DEBUG: Acct-Input-Packets: [20358]
2013-11-20 10:58:09,699: DEBUG: Acct-Output-Packets: [45524]
2013-11-20 10:58:09,699: DEBUG: GoGo-Acct-Output-Voice-Packets: [0]
2013-11-20 10:58:09,699: DEBUG: GoGo-Acct-Output-Voice-Octets: [0]
2013-11-20 10:58:09,700: DEBUG: Acct-Output-Gigawords: [0]
2013-11-20 10:58:09,700: DEBUG: GoGo-Total-Output-Voice-Packets: [0]
2013-11-20 10:58:09,700: DEBUG: Acct-Input-Gigawords: [0]
2013-11-20 10:58:09,700: DEBUG: Calling-Station-Id: [u'18:21:31:41:52:91']
2013-11-20 10:58:09,700: DEBUG: NAS-Port-Type: ['Wireless-802.11']
2013-11-20 10:58:09,700: DEBUG: GoGo-Total-Output-Voice-Octets: [0]
2013-11-20 10:58:09,700: DEBUG: GoGo-Private-IP-Address: ['192.168.1.179']
2013-11-20 10:58:09,700: DEBUG: GoGo-Acct-Input-Voice-Gigawords: [0]
2013-11-20 10:58:09,700: DEBUG: GoGo-Total-Input-Packets: [20358]
2013-11-20 10:58:09,700: DEBUG: GoGo-Total-Input-Gigawords: [0]
2013-11-20 10:58:09,701: DEBUG: GoGo-Acct-Input-Voice-Packets: [0]
2013-11-20 10:58:09,701: DEBUG: GoGo-Total-Input-Octets: [8677517]
2013-11-20 10:58:09,701: DEBUG: GoGo-Total-Output-Packets: [45524]
2013-11-20 10:58:09,701: DEBUG: WISPr-Location-ID: [u'airline=BA01,tail=01009,network=']
2013-11-20 10:58:09,701: DEBUG: GoGo-Acct-Output-Voice-Gigawords: [0]
2013-11-20 10:58:09,701: DEBUG: Acct-Input-Octets: [8677517]
2013-11-20 10:58:09,704: DEBUG: 

2013-11-20 10:58:09,704: DEBUG: Received response with following attributes:
2013-11-20 10:58:19,705: DEBUG: 

2013-11-20 10:58:19,705: DEBUG: Creating Accounting Update Request with the following Attributes:
2013-11-20 10:58:19,706: DEBUG: User-Name: [u'username70@airborne.aircell.com']
2013-11-20 10:58:19,706: DEBUG: GoGo-Tail-Number: [u'AAATestNAS_210']
2013-11-20 10:58:19,706: DEBUG: Acct-Output-Octets: [7462050]
2013-11-20 10:58:19,706: DEBUG: NAS-IP-Address: ['10.254.215.1']
2013-11-20 10:58:19,706: DEBUG: GoGo-Total-Output-Gigawords: [0]
2013-11-20 10:58:19,706: DEBUG: Framed-IP-Address: ['10.254.215.79']
2013-11-20 10:58:19,706: DEBUG: GoGo-Total-Input-Voice-Gigawords: [0]
2013-11-20 10:58:19,706: DEBUG: GoGo-Total-Output-Octets: [7462050]
2013-11-20 10:58:19,706: DEBUG: GoGo-Acct-Input-Voice-Octets: [0]
2013-11-20 10:58:19,707: DEBUG: GoGo-Total-Input-Voice-Packets: [0]
2013-11-20 10:58:19,707: DEBUG: Called-Station-Id: [u'00:16:3E:72:BF:AE']
2013-11-20 10:58:19,707: DEBUG: WISPr-Location-Name: [u'TEST LLC,BA01_01009']
2013-11-20 10:58:19,707: DEBUG: NAS-Identifier: [u'C08386']
2013-11-20 10:58:19,707: DEBUG: Proxy-State: ['3330,3132']
2013-11-20 10:58:19,707: DEBUG: GoGo-Total-Input-Voice-Octets: [0]
2013-11-20 10:58:19,707: DEBUG: Acct-Status-Type: ['Interim-Update']
2013-11-20 10:58:19,707: DEBUG: GoGo-Total-Output-Voice-Gigawords: [0]
2013-11-20 10:58:19,707: DEBUG: GoGo-Airline: [u'BA01']
2013-11-20 10:58:19,708: DEBUG: Acct-Session-Id: [u'AAATestNAS_210-1384925239555-00163E72BFAE-2']
2013-11-20 10:58:19,708: DEBUG: Acct-Session-Time: [10]
2013-11-20 10:58:19,708: DEBUG: Acct-Input-Packets: [48749]
2013-11-20 10:58:19,708: DEBUG: Acct-Output-Packets: [17305]
2013-11-20 10:58:19,708: DEBUG: GoGo-Acct-Output-Voice-Packets: [0]
2013-11-20 10:58:19,708: DEBUG: GoGo-Acct-Output-Voice-Octets: [0]
2013-11-20 10:58:19,708: DEBUG: Acct-Output-Gigawords: [0]
2013-11-20 10:58:19,708: DEBUG: GoGo-Total-Output-Voice-Packets: [0]
2013-11-20 10:58:19,708: DEBUG: Acct-Input-Gigawords: [0]
2013-11-20 10:58:19,708: DEBUG: Calling-Station-Id: [u'18:21:31:41:52:91']
2013-11-20 10:58:19,709: DEBUG: NAS-Port-Type: ['Wireless-802.11']
2013-11-20 10:58:19,709: DEBUG: GoGo-Total-Output-Voice-Octets: [0]
2013-11-20 10:58:19,709: DEBUG: GoGo-Private-IP-Address: ['192.168.1.179']
2013-11-20 10:58:19,709: DEBUG: GoGo-Acct-Input-Voice-Gigawords: [0]
2013-11-20 10:58:19,709: DEBUG: GoGo-Total-Input-Packets: [48749]
2013-11-20 10:58:19,709: DEBUG: GoGo-Total-Input-Gigawords: [0]
2013-11-20 10:58:19,709: DEBUG: GoGo-Acct-Input-Voice-Packets: [0]
2013-11-20 10:58:19,709: DEBUG: GoGo-Total-Input-Octets: [5744627]
2013-11-20 10:58:19,709: DEBUG: GoGo-Total-Output-Packets: [17305]
2013-11-20 10:58:19,709: DEBUG: WISPr-Location-ID: [u'airline=BA01,tail=01009,network=']
2013-11-20 10:58:19,710: DEBUG: GoGo-Acct-Output-Voice-Gigawords: [0]
2013-11-20 10:58:19,710: DEBUG: Acct-Input-Octets: [5744627]
2013-11-20 10:58:19,710: ERROR: Network error, Reason: 'Network error: Too many open files'
2013-11-20 10:58:49,710: DEBUG: 

2013-11-20 10:58:49,710: DEBUG: Creating Accounting Stop Request with the following Attributes:
2013-11-20 10:58:49,711: DEBUG: User-Name: [u'username70@airborne.aircell.com']
2013-11-20 10:58:49,711: DEBUG: GoGo-Tail-Number: [u'01009']
2013-11-20 10:58:49,711: DEBUG: Acct-Output-Octets: [6136665]
2013-11-20 10:58:49,711: DEBUG: NAS-IP-Address: ['10.254.215.1']
2013-11-20 10:58:49,711: DEBUG: GoGo-Total-Output-Gigawords: [0]
2013-11-20 10:58:49,711: DEBUG: Framed-IP-Address: ['10.254.215.79']
2013-11-20 10:58:49,711: DEBUG: GoGo-Total-Input-Voice-Gigawords: [0]
2013-11-20 10:58:49,712: DEBUG: GoGo-Total-Output-Octets: [6136665]
2013-11-20 10:58:49,712: DEBUG: GoGo-Acct-Input-Voice-Octets: [0]
2013-11-20 10:58:49,712: DEBUG: GoGo-Total-Input-Voice-Packets: [0]
2013-11-20 10:58:49,712: DEBUG: Called-Station-Id: [u'00:16:3E:72:BF:AE']
2013-11-20 10:58:49,712: DEBUG: WISPr-Location-Name: [u'TEST LLC,BA01_01009']
2013-11-20 10:58:49,712: DEBUG: NAS-Identifier: [u'C08386']
2013-11-20 10:58:49,712: DEBUG: Proxy-State: ['3330,3132']
2013-11-20 10:58:49,713: DEBUG: GoGo-Total-Input-Voice-Octets: [0]
2013-11-20 10:58:49,713: DEBUG: Acct-Status-Type: ['Stop']
2013-11-20 10:58:49,713: DEBUG: GoGo-Total-Output-Voice-Gigawords: [0]
2013-11-20 10:58:49,713: DEBUG: GoGo-Airline: [u'BA01']
2013-11-20 10:58:49,713: DEBUG: Acct-Session-Id: [u'AAATestNAS_210-1384925239555-00163E72BFAE-2']
2013-11-20 10:58:49,713: DEBUG: Acct-Session-Time: [30]
2013-11-20 10:58:49,713: DEBUG: Acct-Input-Packets: [35649]
2013-11-20 10:58:49,714: DEBUG: Acct-Output-Packets: [39280]
2013-11-20 10:58:49,714: DEBUG: Acct-Terminate-Cause: ['User-Request']
2013-11-20 10:58:49,714: DEBUG: GoGo-Acct-Output-Voice-Octets: [0]
2013-11-20 10:58:49,714: DEBUG: Acct-Output-Gigawords: [0]
2013-11-20 10:58:49,714: DEBUG: GoGo-Total-Output-Voice-Packets: [0]
2013-11-20 10:58:49,714: DEBUG: Acct-Input-Gigawords: [0]
2013-11-20 10:58:49,714: DEBUG: Calling-Station-Id: [u'18:21:31:41:52:91']
2013-11-20 10:58:49,714: DEBUG: NAS-Port-Type: ['Wireless-802.11']
2013-11-20 10:58:49,714: DEBUG: GoGo-Total-Output-Voice-Octets: [0]
2013-11-20 10:58:49,715: DEBUG: GoGo-Private-IP-Address: ['192.168.1.179']
2013-11-20 10:58:49,715: DEBUG: GoGo-Acct-Input-Voice-Gigawords: [0]
2013-11-20 10:58:49,715: DEBUG: GoGo-Total-Input-Packets: [35649]
2013-11-20 10:58:49,715: DEBUG: GoGo-Total-Input-Gigawords: [0]
2013-11-20 10:58:49,715: DEBUG: GoGo-Acct-Input-Voice-Packets: [0]
2013-11-20 10:58:49,715: DEBUG: GoGo-Total-Input-Octets: [5924632]
2013-11-20 10:58:49,715: DEBUG: GoGo-Total-Output-Packets: [39280]
2013-11-20 10:58:49,715: DEBUG: WISPr-Location-ID: [u'airline=BA01,tail=01009,network=']
2013-11-20 10:58:49,716: DEBUG: GoGo-Acct-Output-Voice-Packets: [0]
2013-11-20 10:58:49,716: DEBUG: GoGo-Acct-Output-Voice-Gigawords: [0]
2013-11-20 10:58:49,716: DEBUG: Acct-Input-Octets: [5924632]
2013-11-20 10:58:49,716: ERROR: Network error, Reason: 'Network error: nodename nor servname provided, or not known'
2013-11-20 10:58:49,716: ERROR: Ending the test for this user
2013-11-20 10:58:49,717: DEBUG: Ending the test for this user
