2013-11-20 10:55:42,338: DEBUG: Starting the client for the user username82@airborne.aircell.com to the server localhost

2013-11-20 10:55:42,338: DEBUG: DURATION of the TEST: 47
2013-11-20 10:55:42,338: DEBUG: NAS-IP: 10.254.186.1
2013-11-20 10:55:42,338: DEBUG: NAS-MAC-ADDR: 18:21:31:41:52:62
2013-11-20 10:55:42,338: DEBUG: Abruptly End: False
2013-11-20 10:55:42,338: DEBUG: Framed-IP: 10.254.186.48
2013-11-20 10:55:42,338: DEBUG: User-MAC-Addr: 00:16:3E:0E:69:8E
2013-11-20 10:55:42,339: DEBUG: 

2013-11-20 10:55:42,339: DEBUG: Creating Authentication Request with the following Attributes:
2013-11-20 10:55:42,339: DEBUG: NAS-Identifier: [u'C08386']
2013-11-20 10:55:42,339: DEBUG: User-Name: [u'username82@airborne.aircell.com']
2013-11-20 10:55:42,339: DEBUG: NAS-IP-Address: ['10.254.186.1']
2013-11-20 10:55:42,339: DEBUG: Service-Type: ['Authenticate-Only']
2013-11-20 10:55:42,340: DEBUG: Proxy-State: ['3237,3134']
2013-11-20 10:55:42,340: DEBUG: Framed-IP-Address: ['10.254.186.48']
2013-11-20 10:55:42,340: DEBUG: GoGo-Airline: [u'BA01']
2013-11-20 10:55:42,340: DEBUG: Acct-Session-Id: [u'AAATestNAS_181-1384925142339-00163E0E698E-2']
2013-11-20 10:55:42,340: DEBUG: GoGo-Tail-Number: [u'AAATestNAS_181']
2013-11-20 10:55:42,340: DEBUG: GoGo-Private-IP-Address: ['192.168.1.179']
2013-11-20 10:55:42,340: DEBUG: WISPr-Location-ID: [u'airline=BA01,tail=01009,network=']
2013-11-20 10:55:42,340: DEBUG: WISPr-Location-Name: [u'TEST LLC,BA01_01009']
2013-11-20 10:55:42,340: DEBUG: NAS-Port-Type: ['Wireless-802.11']
2013-11-20 10:55:42,340: DEBUG: Called-Station-Id: [u'00:16:3E:0E:69:8E']
2013-11-20 10:55:42,340: DEBUG: Calling-Station-Id: [u'18:21:31:41:52:62']
2013-11-20 10:55:42,341: DEBUG: 

2013-11-20 10:55:42,341: DEBUG: Received response with code: 2, Accepted
2013-11-20 10:55:42,342: DEBUG: Creating Authentication Request with the following Attributes:
2013-11-20 10:55:42,342: DEBUG: NAS-Identifier: [u'C08386']
2013-11-20 10:55:42,342: DEBUG: User-Name: [u'username82@airborne.aircell.com']
2013-11-20 10:55:42,342: DEBUG: NAS-IP-Address: ['10.254.186.1']
2013-11-20 10:55:42,342: DEBUG: Service-Type: ['Login-User']
2013-11-20 10:55:42,342: DEBUG: Proxy-State: ['3237,3134']
2013-11-20 10:55:42,342: DEBUG: Framed-IP-Address: ['10.254.186.48']
2013-11-20 10:55:42,342: DEBUG: GoGo-Airline: [u'BA01']
2013-11-20 10:55:42,342: DEBUG: Acct-Session-Id: [u'AAATestNAS_181-1384925142341-00163E0E698E-2']
2013-11-20 10:55:42,342: DEBUG: GoGo-Tail-Number: [u'AAATestNAS_181']
2013-11-20 10:55:42,342: DEBUG: GoGo-Private-IP-Address: ['192.168.1.179']
2013-11-20 10:55:42,342: DEBUG: WISPr-Location-ID: [u'airline=BA01,tail=01009,network=']
2013-11-20 10:55:42,343: DEBUG: WISPr-Location-Name: [u'TEST LLC,BA01_01009']
2013-11-20 10:55:42,343: DEBUG: NAS-Port-Type: ['Wireless-802.11']
2013-11-20 10:55:42,343: DEBUG: Called-Station-Id: [u'00:16:3E:0E:69:8E']
2013-11-20 10:55:42,343: DEBUG: Calling-Station-Id: [u'18:21:31:41:52:62']
2013-11-20 10:55:42,344: DEBUG: 

2013-11-20 10:55:42,344: DEBUG: Received response with code: 2, Accepted
2013-11-20 10:55:42,344: DEBUG: 

2013-11-20 10:55:42,344: DEBUG: Creating Accounting start Request with the following Attributes:
2013-11-20 10:55:42,344: DEBUG: NAS-Identifier: [u'C08386']
2013-11-20 10:55:42,344: DEBUG: User-Name: [u'username82@airborne.aircell.com']
2013-11-20 10:55:42,344: DEBUG: GoGo-Tail-Number: [u'AAATestNAS_181']
2013-11-20 10:55:42,344: DEBUG: NAS-IP-Address: ['10.254.186.1']
2013-11-20 10:55:42,344: DEBUG: Proxy-State: ['3239,3131']
2013-11-20 10:55:42,344: DEBUG: Acct-Status-Type: ['Start']
2013-11-20 10:55:42,345: DEBUG: GoGo-Airline: [u'BA01']
2013-11-20 10:55:42,345: DEBUG: Acct-Session-Id: [u'AAATestNAS_181-1384925142341-00163E0E698E-2']
2013-11-20 10:55:42,345: DEBUG: GoGo-Private-IP-Address: ['192.168.1.179']
2013-11-20 10:55:42,345: DEBUG: Framed-IP-Address: ['10.254.186.48']
2013-11-20 10:55:42,345: DEBUG: WISPr-Location-ID: [u'airline=BA01,tail=01009,network=']
2013-11-20 10:55:42,345: DEBUG: WISPr-Location-Name: [u'TEST LLC,BA01_01009']
2013-11-20 10:55:42,345: DEBUG: NAS-Port-Type: ['Wireless-802.11']
2013-11-20 10:55:42,345: DEBUG: Called-Station-Id: [u'00:16:3E:0E:69:8E']
2013-11-20 10:55:42,345: DEBUG: Calling-Station-Id: [u'18:21:31:41:52:62']
2013-11-20 10:55:42,346: DEBUG: 

2013-11-20 10:55:42,346: DEBUG: Received response with following attributes:
2013-11-20 10:55:52,347: DEBUG: 

2013-11-20 10:55:52,348: DEBUG: Creating Accounting Update Request with the following Attributes:
2013-11-20 10:55:52,348: DEBUG: User-Name: [u'username82@airborne.aircell.com']
2013-11-20 10:55:52,348: DEBUG: GoGo-Tail-Number: [u'AAATestNAS_181']
2013-11-20 10:55:52,348: DEBUG: Acct-Output-Octets: [2660143]
2013-11-20 10:55:52,348: DEBUG: NAS-IP-Address: ['10.254.186.1']
2013-11-20 10:55:52,348: DEBUG: GoGo-Total-Output-Gigawords: [0]
2013-11-20 10:55:52,348: DEBUG: Framed-IP-Address: ['10.254.186.48']
2013-11-20 10:55:52,348: DEBUG: GoGo-Total-Input-Voice-Gigawords: [0]
2013-11-20 10:55:52,348: DEBUG: GoGo-Total-Output-Octets: [2660143]
2013-11-20 10:55:52,348: DEBUG: GoGo-Acct-Input-Voice-Octets: [0]
2013-11-20 10:55:52,348: DEBUG: GoGo-Total-Input-Voice-Packets: [0]
2013-11-20 10:55:52,348: DEBUG: Called-Station-Id: [u'00:16:3E:0E:69:8E']
2013-11-20 10:55:52,348: DEBUG: WISPr-Location-Name: [u'TEST LLC,BA01_01009']
2013-11-20 10:55:52,349: DEBUG: NAS-Identifier: [u'C08386']
2013-11-20 10:55:52,349: DEBUG: Proxy-State: ['3330,3132']
2013-11-20 10:55:52,349: DEBUG: GoGo-Total-Input-Voice-Octets: [0]
2013-11-20 10:55:52,349: DEBUG: Acct-Status-Type: ['Interim-Update']
2013-11-20 10:55:52,349: DEBUG: GoGo-Total-Output-Voice-Gigawords: [0]
2013-11-20 10:55:52,349: DEBUG: GoGo-Airline: [u'BA01']
2013-11-20 10:55:52,349: DEBUG: Acct-Session-Id: [u'AAATestNAS_181-1384925142341-00163E0E698E-2']
2013-11-20 10:55:52,349: DEBUG: Acct-Session-Time: [10]
2013-11-20 10:55:52,349: DEBUG: Acct-Input-Packets: [4801]
2013-11-20 10:55:52,349: DEBUG: Acct-Output-Packets: [10627]
2013-11-20 10:55:52,349: DEBUG: GoGo-Acct-Output-Voice-Packets: [0]
2013-11-20 10:55:52,349: DEBUG: GoGo-Acct-Output-Voice-Octets: [0]
2013-11-20 10:55:52,349: DEBUG: Acct-Output-Gigawords: [0]
2013-11-20 10:55:52,349: DEBUG: GoGo-Total-Output-Voice-Packets: [0]
2013-11-20 10:55:52,349: DEBUG: Acct-Input-Gigawords: [0]
2013-11-20 10:55:52,349: DEBUG: Calling-Station-Id: [u'18:21:31:41:52:62']
2013-11-20 10:55:52,350: DEBUG: NAS-Port-Type: ['Wireless-802.11']
2013-11-20 10:55:52,350: DEBUG: GoGo-Total-Output-Voice-Octets: [0]
2013-11-20 10:55:52,350: DEBUG: GoGo-Private-IP-Address: ['192.168.1.179']
2013-11-20 10:55:52,350: DEBUG: GoGo-Acct-Input-Voice-Gigawords: [0]
2013-11-20 10:55:52,350: DEBUG: GoGo-Total-Input-Packets: [4801]
2013-11-20 10:55:52,350: DEBUG: GoGo-Total-Input-Gigawords: [0]
2013-11-20 10:55:52,350: DEBUG: GoGo-Acct-Input-Voice-Packets: [0]
2013-11-20 10:55:52,350: DEBUG: GoGo-Total-Input-Octets: [4640471]
2013-11-20 10:55:52,350: DEBUG: GoGo-Total-Output-Packets: [10627]
2013-11-20 10:55:52,350: DEBUG: WISPr-Location-ID: [u'airline=BA01,tail=01009,network=']
2013-11-20 10:55:52,350: DEBUG: GoGo-Acct-Output-Voice-Gigawords: [0]
2013-11-20 10:55:52,350: DEBUG: Acct-Input-Octets: [4640471]
2013-11-20 10:55:52,352: DEBUG: 

2013-11-20 10:55:52,352: DEBUG: Received response with following attributes:
2013-11-20 10:56:02,352: DEBUG: 

2013-11-20 10:56:02,353: DEBUG: Creating Accounting Update Request with the following Attributes:
2013-11-20 10:56:02,353: DEBUG: User-Name: [u'username82@airborne.aircell.com']
2013-11-20 10:56:02,353: DEBUG: GoGo-Tail-Number: [u'AAATestNAS_181']
2013-11-20 10:56:02,353: DEBUG: Acct-Output-Octets: [5877234]
2013-11-20 10:56:02,354: DEBUG: NAS-IP-Address: ['10.254.186.1']
2013-11-20 10:56:02,354: DEBUG: GoGo-Total-Output-Gigawords: [0]
2013-11-20 10:56:02,354: DEBUG: Framed-IP-Address: ['10.254.186.48']
2013-11-20 10:56:02,354: DEBUG: GoGo-Total-Input-Voice-Gigawords: [0]
2013-11-20 10:56:02,354: DEBUG: GoGo-Total-Output-Octets: [5877234]
2013-11-20 10:56:02,354: DEBUG: GoGo-Acct-Input-Voice-Octets: [0]
2013-11-20 10:56:02,354: DEBUG: GoGo-Total-Input-Voice-Packets: [0]
2013-11-20 10:56:02,354: DEBUG: Called-Station-Id: [u'00:16:3E:0E:69:8E']
2013-11-20 10:56:02,355: DEBUG: WISPr-Location-Name: [u'TEST LLC,BA01_01009']
2013-11-20 10:56:02,355: DEBUG: NAS-Identifier: [u'C08386']
2013-11-20 10:56:02,355: DEBUG: Proxy-State: ['3330,3132']
2013-11-20 10:56:02,355: DEBUG: GoGo-Total-Input-Voice-Octets: [0]
2013-11-20 10:56:02,355: DEBUG: Acct-Status-Type: ['Interim-Update']
2013-11-20 10:56:02,355: DEBUG: GoGo-Total-Output-Voice-Gigawords: [0]
2013-11-20 10:56:02,355: DEBUG: GoGo-Airline: [u'BA01']
2013-11-20 10:56:02,355: DEBUG: Acct-Session-Id: [u'AAATestNAS_181-1384925142341-00163E0E698E-2']
2013-11-20 10:56:02,355: DEBUG: Acct-Session-Time: [10]
2013-11-20 10:56:02,356: DEBUG: Acct-Input-Packets: [40476]
2013-11-20 10:56:02,356: DEBUG: Acct-Output-Packets: [27319]
2013-11-20 10:56:02,356: DEBUG: GoGo-Acct-Output-Voice-Packets: [0]
2013-11-20 10:56:02,356: DEBUG: GoGo-Acct-Output-Voice-Octets: [0]
2013-11-20 10:56:02,356: DEBUG: Acct-Output-Gigawords: [0]
2013-11-20 10:56:02,356: DEBUG: GoGo-Total-Output-Voice-Packets: [0]
2013-11-20 10:56:02,356: DEBUG: Acct-Input-Gigawords: [0]
2013-11-20 10:56:02,356: DEBUG: Calling-Station-Id: [u'18:21:31:41:52:62']
2013-11-20 10:56:02,356: DEBUG: NAS-Port-Type: ['Wireless-802.11']
2013-11-20 10:56:02,357: DEBUG: GoGo-Total-Output-Voice-Octets: [0]
2013-11-20 10:56:02,357: DEBUG: GoGo-Private-IP-Address: ['192.168.1.179']
2013-11-20 10:56:02,357: DEBUG: GoGo-Acct-Input-Voice-Gigawords: [0]
2013-11-20 10:56:02,357: DEBUG: GoGo-Total-Input-Packets: [40476]
2013-11-20 10:56:02,357: DEBUG: GoGo-Total-Input-Gigawords: [0]
2013-11-20 10:56:02,357: DEBUG: GoGo-Acct-Input-Voice-Packets: [0]
2013-11-20 10:56:02,357: DEBUG: GoGo-Total-Input-Octets: [4847811]
2013-11-20 10:56:02,357: DEBUG: GoGo-Total-Output-Packets: [27319]
2013-11-20 10:56:02,358: DEBUG: WISPr-Location-ID: [u'airline=BA01,tail=01009,network=']
2013-11-20 10:56:02,358: DEBUG: GoGo-Acct-Output-Voice-Gigawords: [0]
2013-11-20 10:56:02,358: DEBUG: Acct-Input-Octets: [4847811]
2013-11-20 10:56:02,359: DEBUG: 

2013-11-20 10:56:02,359: DEBUG: Received response with following attributes:
2013-11-20 10:56:12,360: DEBUG: 

2013-11-20 10:56:12,361: DEBUG: Creating Accounting Update Request with the following Attributes:
2013-11-20 10:56:12,361: DEBUG: User-Name: [u'username82@airborne.aircell.com']
2013-11-20 10:56:12,361: DEBUG: GoGo-Tail-Number: [u'AAATestNAS_181']
2013-11-20 10:56:12,361: DEBUG: Acct-Output-Octets: [8372965]
2013-11-20 10:56:12,361: DEBUG: NAS-IP-Address: ['10.254.186.1']
2013-11-20 10:56:12,361: DEBUG: GoGo-Total-Output-Gigawords: [0]
2013-11-20 10:56:12,361: DEBUG: Framed-IP-Address: ['10.254.186.48']
2013-11-20 10:56:12,361: DEBUG: GoGo-Total-Input-Voice-Gigawords: [0]
2013-11-20 10:56:12,361: DEBUG: GoGo-Total-Output-Octets: [8372965]
2013-11-20 10:56:12,362: DEBUG: GoGo-Acct-Input-Voice-Octets: [0]
2013-11-20 10:56:12,362: DEBUG: GoGo-Total-Input-Voice-Packets: [0]
2013-11-20 10:56:12,362: DEBUG: Called-Station-Id: [u'00:16:3E:0E:69:8E']
2013-11-20 10:56:12,362: DEBUG: WISPr-Location-Name: [u'TEST LLC,BA01_01009']
2013-11-20 10:56:12,362: DEBUG: NAS-Identifier: [u'C08386']
2013-11-20 10:56:12,362: DEBUG: Proxy-State: ['3330,3132']
2013-11-20 10:56:12,362: DEBUG: GoGo-Total-Input-Voice-Octets: [0]
2013-11-20 10:56:12,362: DEBUG: Acct-Status-Type: ['Interim-Update']
2013-11-20 10:56:12,362: DEBUG: GoGo-Total-Output-Voice-Gigawords: [0]
2013-11-20 10:56:12,362: DEBUG: GoGo-Airline: [u'BA01']
2013-11-20 10:56:12,362: DEBUG: Acct-Session-Id: [u'AAATestNAS_181-1384925142341-00163E0E698E-2']
2013-11-20 10:56:12,362: DEBUG: Acct-Session-Time: [10]
2013-11-20 10:56:12,362: DEBUG: Acct-Input-Packets: [42612]
2013-11-20 10:56:12,363: DEBUG: Acct-Output-Packets: [49363]
2013-11-20 10:56:12,363: DEBUG: GoGo-Acct-Output-Voice-Packets: [0]
2013-11-20 10:56:12,363: DEBUG: GoGo-Acct-Output-Voice-Octets: [0]
2013-11-20 10:56:12,363: DEBUG: Acct-Output-Gigawords: [0]
2013-11-20 10:56:12,363: DEBUG: GoGo-Total-Output-Voice-Packets: [0]
2013-11-20 10:56:12,363: DEBUG: Acct-Input-Gigawords: [0]
2013-11-20 10:56:12,363: DEBUG: Calling-Station-Id: [u'18:21:31:41:52:62']
2013-11-20 10:56:12,363: DEBUG: NAS-Port-Type: ['Wireless-802.11']
2013-11-20 10:56:12,363: DEBUG: GoGo-Total-Output-Voice-Octets: [0]
2013-11-20 10:56:12,363: DEBUG: GoGo-Private-IP-Address: ['192.168.1.179']
2013-11-20 10:56:12,363: DEBUG: GoGo-Acct-Input-Voice-Gigawords: [0]
2013-11-20 10:56:12,363: DEBUG: GoGo-Total-Input-Packets: [42612]
2013-11-20 10:56:12,363: DEBUG: GoGo-Total-Input-Gigawords: [0]
2013-11-20 10:56:12,364: DEBUG: GoGo-Acct-Input-Voice-Packets: [0]
2013-11-20 10:56:12,364: DEBUG: GoGo-Total-Input-Octets: [6805867]
2013-11-20 10:56:12,364: DEBUG: GoGo-Total-Output-Packets: [49363]
2013-11-20 10:56:12,364: DEBUG: WISPr-Location-ID: [u'airline=BA01,tail=01009,network=']
2013-11-20 10:56:12,364: DEBUG: GoGo-Acct-Output-Voice-Gigawords: [0]
2013-11-20 10:56:12,364: DEBUG: Acct-Input-Octets: [6805867]
2013-11-20 10:56:12,365: DEBUG: 

2013-11-20 10:56:12,365: DEBUG: Received response with following attributes:
2013-11-20 10:56:22,367: DEBUG: 

2013-11-20 10:56:22,367: DEBUG: Creating Accounting Update Request with the following Attributes:
2013-11-20 10:56:22,367: DEBUG: User-Name: [u'username82@airborne.aircell.com']
2013-11-20 10:56:22,367: DEBUG: GoGo-Tail-Number: [u'AAATestNAS_181']
2013-11-20 10:56:22,367: DEBUG: Acct-Output-Octets: [1355086]
2013-11-20 10:56:22,367: DEBUG: NAS-IP-Address: ['10.254.186.1']
2013-11-20 10:56:22,368: DEBUG: GoGo-Total-Output-Gigawords: [0]
2013-11-20 10:56:22,368: DEBUG: Framed-IP-Address: ['10.254.186.48']
2013-11-20 10:56:22,368: DEBUG: GoGo-Total-Input-Voice-Gigawords: [0]
2013-11-20 10:56:22,368: DEBUG: GoGo-Total-Output-Octets: [1355086]
2013-11-20 10:56:22,368: DEBUG: GoGo-Acct-Input-Voice-Octets: [0]
2013-11-20 10:56:22,368: DEBUG: GoGo-Total-Input-Voice-Packets: [0]
2013-11-20 10:56:22,368: DEBUG: Called-Station-Id: [u'00:16:3E:0E:69:8E']
2013-11-20 10:56:22,368: DEBUG: WISPr-Location-Name: [u'TEST LLC,BA01_01009']
2013-11-20 10:56:22,368: DEBUG: NAS-Identifier: [u'C08386']
2013-11-20 10:56:22,368: DEBUG: Proxy-State: ['3330,3132']
2013-11-20 10:56:22,368: DEBUG: GoGo-Total-Input-Voice-Octets: [0]
2013-11-20 10:56:22,368: DEBUG: Acct-Status-Type: ['Interim-Update']
2013-11-20 10:56:22,368: DEBUG: GoGo-Total-Output-Voice-Gigawords: [0]
2013-11-20 10:56:22,368: DEBUG: GoGo-Airline: [u'BA01']
2013-11-20 10:56:22,369: DEBUG: Acct-Session-Id: [u'AAATestNAS_181-1384925142341-00163E0E698E-2']
2013-11-20 10:56:22,369: DEBUG: Acct-Session-Time: [10]
2013-11-20 10:56:22,369: DEBUG: Acct-Input-Packets: [3464]
2013-11-20 10:56:22,369: DEBUG: Acct-Output-Packets: [11272]
2013-11-20 10:56:22,369: DEBUG: GoGo-Acct-Output-Voice-Packets: [0]
2013-11-20 10:56:22,369: DEBUG: GoGo-Acct-Output-Voice-Octets: [0]
2013-11-20 10:56:22,369: DEBUG: Acct-Output-Gigawords: [0]
2013-11-20 10:56:22,369: DEBUG: GoGo-Total-Output-Voice-Packets: [0]
2013-11-20 10:56:22,369: DEBUG: Acct-Input-Gigawords: [0]
2013-11-20 10:56:22,369: DEBUG: Calling-Station-Id: [u'18:21:31:41:52:62']
2013-11-20 10:56:22,369: DEBUG: NAS-Port-Type: ['Wireless-802.11']
2013-11-20 10:56:22,369: DEBUG: GoGo-Total-Output-Voice-Octets: [0]
2013-11-20 10:56:22,369: DEBUG: GoGo-Private-IP-Address: ['192.168.1.179']
2013-11-20 10:56:22,369: DEBUG: GoGo-Acct-Input-Voice-Gigawords: [0]
2013-11-20 10:56:22,369: DEBUG: GoGo-Total-Input-Packets: [3464]
2013-11-20 10:56:22,370: DEBUG: GoGo-Total-Input-Gigawords: [0]
2013-11-20 10:56:22,370: DEBUG: GoGo-Acct-Input-Voice-Packets: [0]
2013-11-20 10:56:22,370: DEBUG: GoGo-Total-Input-Octets: [1867411]
2013-11-20 10:56:22,370: DEBUG: GoGo-Total-Output-Packets: [11272]
2013-11-20 10:56:22,370: DEBUG: WISPr-Location-ID: [u'airline=BA01,tail=01009,network=']
2013-11-20 10:56:22,370: DEBUG: GoGo-Acct-Output-Voice-Gigawords: [0]
2013-11-20 10:56:22,370: DEBUG: Acct-Input-Octets: [1867411]
2013-11-20 10:56:22,371: DEBUG: 

2013-11-20 10:56:22,372: DEBUG: Received response with following attributes:
2013-11-20 10:56:29,373: DEBUG: 

2013-11-20 10:56:29,373: DEBUG: Creating Accounting Update Request with the following Attributes:
2013-11-20 10:56:29,373: DEBUG: User-Name: [u'username82@airborne.aircell.com']
2013-11-20 10:56:29,374: DEBUG: GoGo-Tail-Number: [u'AAATestNAS_181']
2013-11-20 10:56:29,374: DEBUG: Acct-Output-Octets: [3260528]
2013-11-20 10:56:29,374: DEBUG: NAS-IP-Address: ['10.254.186.1']
2013-11-20 10:56:29,374: DEBUG: GoGo-Total-Output-Gigawords: [0]
2013-11-20 10:56:29,374: DEBUG: Framed-IP-Address: ['10.254.186.48']
2013-11-20 10:56:29,374: DEBUG: GoGo-Total-Input-Voice-Gigawords: [0]
2013-11-20 10:56:29,374: DEBUG: GoGo-Total-Output-Octets: [3260528]
2013-11-20 10:56:29,374: DEBUG: GoGo-Acct-Input-Voice-Octets: [0]
2013-11-20 10:56:29,374: DEBUG: GoGo-Total-Input-Voice-Packets: [0]
2013-11-20 10:56:29,374: DEBUG: Called-Station-Id: [u'00:16:3E:0E:69:8E']
2013-11-20 10:56:29,375: DEBUG: WISPr-Location-Name: [u'TEST LLC,BA01_01009']
2013-11-20 10:56:29,375: DEBUG: NAS-Identifier: [u'C08386']
2013-11-20 10:56:29,375: DEBUG: Proxy-State: ['3330,3132']
2013-11-20 10:56:29,375: DEBUG: GoGo-Total-Input-Voice-Octets: [0]
2013-11-20 10:56:29,375: DEBUG: Acct-Status-Type: ['Interim-Update']
2013-11-20 10:56:29,375: DEBUG: GoGo-Total-Output-Voice-Gigawords: [0]
2013-11-20 10:56:29,375: DEBUG: GoGo-Airline: [u'BA01']
2013-11-20 10:56:29,375: DEBUG: Acct-Session-Id: [u'AAATestNAS_181-1384925142341-00163E0E698E-2']
2013-11-20 10:56:29,375: DEBUG: Acct-Session-Time: [7]
2013-11-20 10:56:29,375: DEBUG: Acct-Input-Packets: [25871]
2013-11-20 10:56:29,375: DEBUG: Acct-Output-Packets: [27414]
2013-11-20 10:56:29,375: DEBUG: GoGo-Acct-Output-Voice-Packets: [0]
2013-11-20 10:56:29,375: DEBUG: GoGo-Acct-Output-Voice-Octets: [0]
2013-11-20 10:56:29,375: DEBUG: Acct-Output-Gigawords: [0]
2013-11-20 10:56:29,376: DEBUG: GoGo-Total-Output-Voice-Packets: [0]
2013-11-20 10:56:29,376: DEBUG: Acct-Input-Gigawords: [0]
2013-11-20 10:56:29,376: DEBUG: Calling-Station-Id: [u'18:21:31:41:52:62']
2013-11-20 10:56:29,376: DEBUG: NAS-Port-Type: ['Wireless-802.11']
2013-11-20 10:56:29,376: DEBUG: GoGo-Total-Output-Voice-Octets: [0]
2013-11-20 10:56:29,376: DEBUG: GoGo-Private-IP-Address: ['192.168.1.179']
2013-11-20 10:56:29,376: DEBUG: GoGo-Acct-Input-Voice-Gigawords: [0]
2013-11-20 10:56:29,376: DEBUG: GoGo-Total-Input-Packets: [25871]
2013-11-20 10:56:29,376: DEBUG: GoGo-Total-Input-Gigawords: [0]
2013-11-20 10:56:29,376: DEBUG: GoGo-Acct-Input-Voice-Packets: [0]
2013-11-20 10:56:29,376: DEBUG: GoGo-Total-Input-Octets: [2603215]
2013-11-20 10:56:29,376: DEBUG: GoGo-Total-Output-Packets: [27414]
2013-11-20 10:56:29,376: DEBUG: WISPr-Location-ID: [u'airline=BA01,tail=01009,network=']
2013-11-20 10:56:29,376: DEBUG: GoGo-Acct-Output-Voice-Gigawords: [0]
2013-11-20 10:56:29,377: DEBUG: Acct-Input-Octets: [2603215]
2013-11-20 10:56:29,378: DEBUG: 

2013-11-20 10:56:29,378: DEBUG: Received response with following attributes:
2013-11-20 10:56:57,379: DEBUG: 

2013-11-20 10:56:57,379: DEBUG: Creating Accounting Stop Request with the following Attributes:
2013-11-20 10:56:57,380: DEBUG: User-Name: [u'username82@airborne.aircell.com']
2013-11-20 10:56:57,380: DEBUG: GoGo-Tail-Number: [u'01009']
2013-11-20 10:56:57,380: DEBUG: Acct-Output-Octets: [5702476]
2013-11-20 10:56:57,380: DEBUG: NAS-IP-Address: ['10.254.186.1']
2013-11-20 10:56:57,380: DEBUG: GoGo-Total-Output-Gigawords: [0]
2013-11-20 10:56:57,380: DEBUG: Framed-IP-Address: ['10.254.186.48']
2013-11-20 10:56:57,380: DEBUG: GoGo-Total-Input-Voice-Gigawords: [0]
2013-11-20 10:56:57,380: DEBUG: GoGo-Total-Output-Octets: [5702476]
2013-11-20 10:56:57,380: DEBUG: GoGo-Acct-Input-Voice-Octets: [0]
2013-11-20 10:56:57,380: DEBUG: GoGo-Total-Input-Voice-Packets: [0]
2013-11-20 10:56:57,380: DEBUG: Called-Station-Id: [u'00:16:3E:0E:69:8E']
2013-11-20 10:56:57,380: DEBUG: WISPr-Location-Name: [u'TEST LLC,BA01_01009']
2013-11-20 10:56:57,380: DEBUG: NAS-Identifier: [u'C08386']
2013-11-20 10:56:57,380: DEBUG: Proxy-State: ['3330,3132']
2013-11-20 10:56:57,381: DEBUG: GoGo-Total-Input-Voice-Octets: [0]
2013-11-20 10:56:57,381: DEBUG: Acct-Status-Type: ['Stop']
2013-11-20 10:56:57,381: DEBUG: GoGo-Total-Output-Voice-Gigawords: [0]
2013-11-20 10:56:57,381: DEBUG: GoGo-Airline: [u'BA01']
2013-11-20 10:56:57,381: DEBUG: Acct-Session-Id: [u'AAATestNAS_181-1384925142341-00163E0E698E-2']
2013-11-20 10:56:57,381: DEBUG: Acct-Session-Time: [28]
2013-11-20 10:56:57,381: DEBUG: Acct-Input-Packets: [11910]
2013-11-20 10:56:57,381: DEBUG: Acct-Output-Packets: [8004]
2013-11-20 10:56:57,381: DEBUG: Acct-Terminate-Cause: ['User-Request']
2013-11-20 10:56:57,381: DEBUG: GoGo-Acct-Output-Voice-Octets: [0]
2013-11-20 10:56:57,381: DEBUG: Acct-Output-Gigawords: [0]
2013-11-20 10:56:57,381: DEBUG: GoGo-Total-Output-Voice-Packets: [0]
2013-11-20 10:56:57,381: DEBUG: Acct-Input-Gigawords: [0]
2013-11-20 10:56:57,381: DEBUG: Calling-Station-Id: [u'18:21:31:41:52:62']
2013-11-20 10:56:57,381: DEBUG: NAS-Port-Type: ['Wireless-802.11']
2013-11-20 10:56:57,382: DEBUG: GoGo-Total-Output-Voice-Octets: [0]
2013-11-20 10:56:57,382: DEBUG: GoGo-Private-IP-Address: ['192.168.1.179']
2013-11-20 10:56:57,382: DEBUG: GoGo-Acct-Input-Voice-Gigawords: [0]
2013-11-20 10:56:57,382: DEBUG: GoGo-Total-Input-Packets: [11910]
2013-11-20 10:56:57,382: DEBUG: GoGo-Total-Input-Gigawords: [0]
2013-11-20 10:56:57,382: DEBUG: GoGo-Acct-Input-Voice-Packets: [0]
2013-11-20 10:56:57,382: DEBUG: GoGo-Total-Input-Octets: [9128649]
2013-11-20 10:56:57,382: DEBUG: GoGo-Total-Output-Packets: [8004]
2013-11-20 10:56:57,382: DEBUG: WISPr-Location-ID: [u'airline=BA01,tail=01009,network=']
2013-11-20 10:56:57,382: DEBUG: GoGo-Acct-Output-Voice-Packets: [0]
2013-11-20 10:56:57,382: DEBUG: GoGo-Acct-Output-Voice-Gigawords: [0]
2013-11-20 10:56:57,382: DEBUG: Acct-Input-Octets: [9128649]
2013-11-20 10:56:57,384: DEBUG: 

2013-11-20 10:56:57,384: DEBUG: Received response with following attributes:
2013-11-20 10:56:57,384: DEBUG: Ending the test for this user
2013-11-20 10:56:57,483: DEBUG: Starting the client for the user username82@airborne.aircell.com to the server localhost

2013-11-20 10:56:57,484: DEBUG: DURATION of the TEST: 82
2013-11-20 10:56:57,485: DEBUG: NAS-IP: 10.254.242.1
2013-11-20 10:56:57,485: DEBUG: NAS-MAC-ADDR: 19:21:31:41:52:19
2013-11-20 10:56:57,486: DEBUG: Abruptly End: False
2013-11-20 10:56:57,486: DEBUG: Framed-IP: 10.254.242.90
2013-11-20 10:56:57,486: DEBUG: User-MAC-Addr: 00:16:3E:5D:6C:57
2013-11-20 10:56:57,487: DEBUG: 

2013-11-20 10:56:57,488: DEBUG: Creating Authentication Request with the following Attributes:
2013-11-20 10:56:57,488: DEBUG: NAS-Identifier: [u'C08386']
2013-11-20 10:56:57,488: DEBUG: User-Name: [u'username82@airborne.aircell.com']
2013-11-20 10:56:57,489: DEBUG: NAS-IP-Address: ['10.254.242.1']
2013-11-20 10:56:57,489: DEBUG: Service-Type: ['Authenticate-Only']
2013-11-20 10:56:57,489: DEBUG: Proxy-State: ['3237,3134']
2013-11-20 10:56:57,490: DEBUG: Framed-IP-Address: ['10.254.242.90']
2013-11-20 10:56:57,490: DEBUG: GoGo-Airline: [u'BA01']
2013-11-20 10:56:57,491: DEBUG: Acct-Session-Id: [u'AAATestNAS_237-1384925217487-00163E5D6C57-1']
2013-11-20 10:56:57,491: DEBUG: GoGo-Tail-Number: [u'AAATestNAS_237']
2013-11-20 10:56:57,492: DEBUG: GoGo-Private-IP-Address: ['192.168.1.179']
2013-11-20 10:56:57,492: DEBUG: WISPr-Location-ID: [u'airline=BA01,tail=01009,network=']
2013-11-20 10:56:57,492: DEBUG: WISPr-Location-Name: [u'TEST LLC,BA01_01009']
2013-11-20 10:56:57,493: DEBUG: NAS-Port-Type: ['Wireless-802.11']
2013-11-20 10:56:57,493: DEBUG: Called-Station-Id: [u'00:16:3E:5D:6C:57']
2013-11-20 10:56:57,494: DEBUG: Calling-Station-Id: [u'19:21:31:41:52:19']
2013-11-20 10:56:57,495: DEBUG: 

2013-11-20 10:56:57,495: DEBUG: Received response with code: 2, Accepted
2013-11-20 10:56:57,496: DEBUG: Creating Authentication Request with the following Attributes:
2013-11-20 10:56:57,496: DEBUG: NAS-Identifier: [u'C08386']
2013-11-20 10:56:57,496: DEBUG: User-Name: [u'username82@airborne.aircell.com']
2013-11-20 10:56:57,497: DEBUG: NAS-IP-Address: ['10.254.242.1']
2013-11-20 10:56:57,497: DEBUG: Service-Type: ['Login-User']
2013-11-20 10:56:57,497: DEBUG: Proxy-State: ['3237,3134']
2013-11-20 10:56:57,498: DEBUG: Framed-IP-Address: ['10.254.242.90']
2013-11-20 10:56:57,498: DEBUG: GoGo-Airline: [u'BA01']
2013-11-20 10:56:57,498: DEBUG: Acct-Session-Id: [u'AAATestNAS_237-1384925217495-00163E5D6C57-1']
2013-11-20 10:56:57,498: DEBUG: GoGo-Tail-Number: [u'AAATestNAS_237']
2013-11-20 10:56:57,499: DEBUG: GoGo-Private-IP-Address: ['192.168.1.179']
2013-11-20 10:56:57,499: DEBUG: WISPr-Location-ID: [u'airline=BA01,tail=01009,network=']
2013-11-20 10:56:57,499: DEBUG: WISPr-Location-Name: [u'TEST LLC,BA01_01009']
2013-11-20 10:56:57,499: DEBUG: NAS-Port-Type: ['Wireless-802.11']
2013-11-20 10:56:57,500: DEBUG: Called-Station-Id: [u'00:16:3E:5D:6C:57']
2013-11-20 10:56:57,500: DEBUG: Calling-Station-Id: [u'19:21:31:41:52:19']
2013-11-20 10:56:57,501: DEBUG: 

2013-11-20 10:56:57,502: DEBUG: Received response with code: 2, Accepted
2013-11-20 10:56:57,502: DEBUG: 

2013-11-20 10:56:57,502: DEBUG: Creating Accounting start Request with the following Attributes:
2013-11-20 10:56:57,503: DEBUG: NAS-Identifier: [u'C08386']
2013-11-20 10:56:57,503: DEBUG: User-Name: [u'username82@airborne.aircell.com']
2013-11-20 10:56:57,503: DEBUG: GoGo-Tail-Number: [u'AAATestNAS_237']
2013-11-20 10:56:57,503: DEBUG: NAS-IP-Address: ['10.254.242.1']
2013-11-20 10:56:57,503: DEBUG: Proxy-State: ['3239,3131']
2013-11-20 10:56:57,503: DEBUG: Acct-Status-Type: ['Start']
2013-11-20 10:56:57,504: DEBUG: GoGo-Airline: [u'BA01']
2013-11-20 10:56:57,504: DEBUG: Acct-Session-Id: [u'AAATestNAS_237-1384925217495-00163E5D6C57-1']
2013-11-20 10:56:57,504: DEBUG: GoGo-Private-IP-Address: ['192.168.1.179']
2013-11-20 10:56:57,505: DEBUG: Framed-IP-Address: ['10.254.242.90']
2013-11-20 10:56:57,505: DEBUG: WISPr-Location-ID: [u'airline=BA01,tail=01009,network=']
2013-11-20 10:56:57,505: DEBUG: WISPr-Location-Name: [u'TEST LLC,BA01_01009']
2013-11-20 10:56:57,506: DEBUG: NAS-Port-Type: ['Wireless-802.11']
2013-11-20 10:56:57,506: DEBUG: Called-Station-Id: [u'00:16:3E:5D:6C:57']
2013-11-20 10:56:57,506: DEBUG: Calling-Station-Id: [u'19:21:31:41:52:19']
2013-11-20 10:56:57,507: DEBUG: 

2013-11-20 10:56:57,508: DEBUG: Received response with following attributes:
2013-11-20 10:57:07,508: DEBUG: 

2013-11-20 10:57:07,509: DEBUG: Creating Accounting Update Request with the following Attributes:
2013-11-20 10:57:07,510: DEBUG: User-Name: [u'username82@airborne.aircell.com']
2013-11-20 10:57:07,510: DEBUG: GoGo-Tail-Number: [u'AAATestNAS_237']
2013-11-20 10:57:07,511: DEBUG: Acct-Output-Octets: [5010315]
2013-11-20 10:57:07,511: DEBUG: NAS-IP-Address: ['10.254.242.1']
2013-11-20 10:57:07,511: DEBUG: GoGo-Total-Output-Gigawords: [0]
2013-11-20 10:57:07,511: DEBUG: Framed-IP-Address: ['10.254.242.90']
2013-11-20 10:57:07,511: DEBUG: GoGo-Total-Input-Voice-Gigawords: [0]
2013-11-20 10:57:07,511: DEBUG: GoGo-Total-Output-Octets: [5010315]
2013-11-20 10:57:07,511: DEBUG: GoGo-Acct-Input-Voice-Octets: [0]
2013-11-20 10:57:07,512: DEBUG: GoGo-Total-Input-Voice-Packets: [0]
2013-11-20 10:57:07,512: DEBUG: Called-Station-Id: [u'00:16:3E:5D:6C:57']
2013-11-20 10:57:07,512: DEBUG: WISPr-Location-Name: [u'TEST LLC,BA01_01009']
2013-11-20 10:57:07,512: DEBUG: NAS-Identifier: [u'C08386']
2013-11-20 10:57:07,512: DEBUG: Proxy-State: ['3330,3132']
2013-11-20 10:57:07,513: DEBUG: GoGo-Total-Input-Voice-Octets: [0]
2013-11-20 10:57:07,513: DEBUG: Acct-Status-Type: ['Interim-Update']
2013-11-20 10:57:07,513: DEBUG: GoGo-Total-Output-Voice-Gigawords: [0]
2013-11-20 10:57:07,513: DEBUG: GoGo-Airline: [u'BA01']
2013-11-20 10:57:07,513: DEBUG: Acct-Session-Id: [u'AAATestNAS_237-1384925217495-00163E5D6C57-1']
2013-11-20 10:57:07,513: DEBUG: Acct-Session-Time: [10]
2013-11-20 10:57:07,513: DEBUG: Acct-Input-Packets: [8104]
2013-11-20 10:57:07,513: DEBUG: Acct-Output-Packets: [29660]
2013-11-20 10:57:07,514: DEBUG: GoGo-Acct-Output-Voice-Packets: [0]
2013-11-20 10:57:07,514: DEBUG: GoGo-Acct-Output-Voice-Octets: [0]
2013-11-20 10:57:07,514: DEBUG: Acct-Output-Gigawords: [0]
2013-11-20 10:57:07,514: DEBUG: GoGo-Total-Output-Voice-Packets: [0]
2013-11-20 10:57:07,514: DEBUG: Acct-Input-Gigawords: [0]
2013-11-20 10:57:07,514: DEBUG: Calling-Station-Id: [u'19:21:31:41:52:19']
2013-11-20 10:57:07,514: DEBUG: NAS-Port-Type: ['Wireless-802.11']
2013-11-20 10:57:07,515: DEBUG: GoGo-Total-Output-Voice-Octets: [0]
2013-11-20 10:57:07,516: DEBUG: GoGo-Private-IP-Address: ['192.168.1.179']
2013-11-20 10:57:07,516: DEBUG: GoGo-Acct-Input-Voice-Gigawords: [0]
2013-11-20 10:57:07,516: DEBUG: GoGo-Total-Input-Packets: [8104]
2013-11-20 10:57:07,517: DEBUG: GoGo-Total-Input-Gigawords: [0]
2013-11-20 10:57:07,517: DEBUG: GoGo-Acct-Input-Voice-Packets: [0]
2013-11-20 10:57:07,517: DEBUG: GoGo-Total-Input-Octets: [1151986]
2013-11-20 10:57:07,517: DEBUG: GoGo-Total-Output-Packets: [29660]
2013-11-20 10:57:07,518: DEBUG: WISPr-Location-ID: [u'airline=BA01,tail=01009,network=']
2013-11-20 10:57:07,518: DEBUG: GoGo-Acct-Output-Voice-Gigawords: [0]
2013-11-20 10:57:07,518: DEBUG: Acct-Input-Octets: [1151986]
2013-11-20 10:57:07,520: DEBUG: 

2013-11-20 10:57:07,521: DEBUG: Received response with following attributes:
2013-11-20 10:57:17,521: DEBUG: 

2013-11-20 10:57:17,522: DEBUG: Creating Accounting Update Request with the following Attributes:
2013-11-20 10:57:17,523: DEBUG: User-Name: [u'username82@airborne.aircell.com']
2013-11-20 10:57:17,523: DEBUG: GoGo-Tail-Number: [u'AAATestNAS_237']
2013-11-20 10:57:17,524: DEBUG: Acct-Output-Octets: [4176898]
2013-11-20 10:57:17,525: DEBUG: NAS-IP-Address: ['10.254.242.1']
2013-11-20 10:57:17,525: DEBUG: GoGo-Total-Output-Gigawords: [0]
2013-11-20 10:57:17,525: DEBUG: Framed-IP-Address: ['10.254.242.90']
2013-11-20 10:57:17,526: DEBUG: GoGo-Total-Input-Voice-Gigawords: [0]
2013-11-20 10:57:17,526: DEBUG: GoGo-Total-Output-Octets: [4176898]
2013-11-20 10:57:17,527: DEBUG: GoGo-Acct-Input-Voice-Octets: [0]
2013-11-20 10:57:17,527: DEBUG: GoGo-Total-Input-Voice-Packets: [0]
2013-11-20 10:57:17,528: DEBUG: Called-Station-Id: [u'00:16:3E:5D:6C:57']
2013-11-20 10:57:17,529: DEBUG: WISPr-Location-Name: [u'TEST LLC,BA01_01009']
2013-11-20 10:57:17,529: DEBUG: NAS-Identifier: [u'C08386']
2013-11-20 10:57:17,530: DEBUG: Proxy-State: ['3330,3132']
2013-11-20 10:57:17,531: DEBUG: GoGo-Total-Input-Voice-Octets: [0]
2013-11-20 10:57:17,531: DEBUG: Acct-Status-Type: ['Interim-Update']
2013-11-20 10:57:17,532: DEBUG: GoGo-Total-Output-Voice-Gigawords: [0]
2013-11-20 10:57:17,534: DEBUG: GoGo-Airline: [u'BA01']
2013-11-20 10:57:17,534: DEBUG: Acct-Session-Id: [u'AAATestNAS_237-1384925217495-00163E5D6C57-1']
2013-11-20 10:57:17,535: DEBUG: Acct-Session-Time: [10]
2013-11-20 10:57:17,535: DEBUG: Acct-Input-Packets: [9193]
2013-11-20 10:57:17,537: DEBUG: Acct-Output-Packets: [16118]
2013-11-20 10:57:17,537: DEBUG: GoGo-Acct-Output-Voice-Packets: [0]
2013-11-20 10:57:17,538: DEBUG: GoGo-Acct-Output-Voice-Octets: [0]
2013-11-20 10:57:17,539: DEBUG: Acct-Output-Gigawords: [0]
2013-11-20 10:57:17,539: DEBUG: GoGo-Total-Output-Voice-Packets: [0]
2013-11-20 10:57:17,539: DEBUG: Acct-Input-Gigawords: [0]
2013-11-20 10:57:17,540: DEBUG: Calling-Station-Id: [u'19:21:31:41:52:19']
2013-11-20 10:57:17,540: DEBUG: NAS-Port-Type: ['Wireless-802.11']
2013-11-20 10:57:17,541: DEBUG: GoGo-Total-Output-Voice-Octets: [0]
2013-11-20 10:57:17,541: DEBUG: GoGo-Private-IP-Address: ['192.168.1.179']
2013-11-20 10:57:17,542: DEBUG: GoGo-Acct-Input-Voice-Gigawords: [0]
2013-11-20 10:57:17,543: DEBUG: GoGo-Total-Input-Packets: [9193]
2013-11-20 10:57:17,544: DEBUG: GoGo-Total-Input-Gigawords: [0]
2013-11-20 10:57:17,544: DEBUG: GoGo-Acct-Input-Voice-Packets: [0]
2013-11-20 10:57:17,545: DEBUG: GoGo-Total-Input-Octets: [4348768]
2013-11-20 10:57:17,545: DEBUG: GoGo-Total-Output-Packets: [16118]
2013-11-20 10:57:17,545: DEBUG: WISPr-Location-ID: [u'airline=BA01,tail=01009,network=']
2013-11-20 10:57:17,546: DEBUG: GoGo-Acct-Output-Voice-Gigawords: [0]
2013-11-20 10:57:17,547: DEBUG: Acct-Input-Octets: [4348768]
2013-11-20 10:57:17,549: DEBUG: 

2013-11-20 10:57:17,549: DEBUG: Received response with following attributes:
2013-11-20 10:57:27,550: DEBUG: 

2013-11-20 10:57:27,551: DEBUG: Creating Accounting Update Request with the following Attributes:
2013-11-20 10:57:27,552: DEBUG: User-Name: [u'username82@airborne.aircell.com']
2013-11-20 10:57:27,553: DEBUG: GoGo-Tail-Number: [u'AAATestNAS_237']
2013-11-20 10:57:27,554: DEBUG: Acct-Output-Octets: [8726181]
2013-11-20 10:57:27,554: DEBUG: NAS-IP-Address: ['10.254.242.1']
2013-11-20 10:57:27,556: DEBUG: GoGo-Total-Output-Gigawords: [0]
2013-11-20 10:57:27,556: DEBUG: Framed-IP-Address: ['10.254.242.90']
2013-11-20 10:57:27,556: DEBUG: GoGo-Total-Input-Voice-Gigawords: [0]
2013-11-20 10:57:27,557: DEBUG: GoGo-Total-Output-Octets: [8726181]
2013-11-20 10:57:27,558: DEBUG: GoGo-Acct-Input-Voice-Octets: [0]
2013-11-20 10:57:27,558: DEBUG: GoGo-Total-Input-Voice-Packets: [0]
2013-11-20 10:57:27,559: DEBUG: Called-Station-Id: [u'00:16:3E:5D:6C:57']
2013-11-20 10:57:27,559: DEBUG: WISPr-Location-Name: [u'TEST LLC,BA01_01009']
2013-11-20 10:57:27,559: DEBUG: NAS-Identifier: [u'C08386']
2013-11-20 10:57:27,560: DEBUG: Proxy-State: ['3330,3132']
2013-11-20 10:57:27,560: DEBUG: GoGo-Total-Input-Voice-Octets: [0]
2013-11-20 10:57:27,561: DEBUG: Acct-Status-Type: ['Interim-Update']
2013-11-20 10:57:27,561: DEBUG: GoGo-Total-Output-Voice-Gigawords: [0]
2013-11-20 10:57:27,562: DEBUG: GoGo-Airline: [u'BA01']
2013-11-20 10:57:27,562: DEBUG: Acct-Session-Id: [u'AAATestNAS_237-1384925217495-00163E5D6C57-1']
2013-11-20 10:57:27,562: DEBUG: Acct-Session-Time: [10]
2013-11-20 10:57:27,562: DEBUG: Acct-Input-Packets: [60313]
2013-11-20 10:57:27,563: DEBUG: Acct-Output-Packets: [43436]
2013-11-20 10:57:27,564: DEBUG: GoGo-Acct-Output-Voice-Packets: [0]
2013-11-20 10:57:27,564: DEBUG: GoGo-Acct-Output-Voice-Octets: [0]
2013-11-20 10:57:27,565: DEBUG: Acct-Output-Gigawords: [0]
2013-11-20 10:57:27,565: DEBUG: GoGo-Total-Output-Voice-Packets: [0]
2013-11-20 10:57:27,565: DEBUG: Acct-Input-Gigawords: [0]
2013-11-20 10:57:27,567: DEBUG: Calling-Station-Id: [u'19:21:31:41:52:19']
2013-11-20 10:57:27,567: DEBUG: NAS-Port-Type: ['Wireless-802.11']
2013-11-20 10:57:27,569: DEBUG: GoGo-Total-Output-Voice-Octets: [0]
2013-11-20 10:57:27,571: DEBUG: GoGo-Private-IP-Address: ['192.168.1.179']
2013-11-20 10:57:27,572: DEBUG: GoGo-Acct-Input-Voice-Gigawords: [0]
2013-11-20 10:57:27,573: DEBUG: GoGo-Total-Input-Packets: [60313]
2013-11-20 10:57:27,573: DEBUG: GoGo-Total-Input-Gigawords: [0]
2013-11-20 10:57:27,574: DEBUG: GoGo-Acct-Input-Voice-Packets: [0]
2013-11-20 10:57:27,576: DEBUG: GoGo-Total-Input-Octets: [7103338]
2013-11-20 10:57:27,577: DEBUG: GoGo-Total-Output-Packets: [43436]
2013-11-20 10:57:27,578: DEBUG: WISPr-Location-ID: [u'airline=BA01,tail=01009,network=']
2013-11-20 10:57:27,579: DEBUG: GoGo-Acct-Output-Voice-Gigawords: [0]
2013-11-20 10:57:27,581: DEBUG: Acct-Input-Octets: [7103338]
2013-11-20 10:57:27,584: DEBUG: 

2013-11-20 10:57:27,586: DEBUG: Received response with following attributes:
2013-11-20 10:57:37,587: DEBUG: 

2013-11-20 10:57:37,588: DEBUG: Creating Accounting Update Request with the following Attributes:
2013-11-20 10:57:37,589: DEBUG: User-Name: [u'username82@airborne.aircell.com']
2013-11-20 10:57:37,590: DEBUG: GoGo-Tail-Number: [u'AAATestNAS_237']
2013-11-20 10:57:37,590: DEBUG: Acct-Output-Octets: [1002898]
2013-11-20 10:57:37,591: DEBUG: NAS-IP-Address: ['10.254.242.1']
2013-11-20 10:57:37,591: DEBUG: GoGo-Total-Output-Gigawords: [0]
2013-11-20 10:57:37,592: DEBUG: Framed-IP-Address: ['10.254.242.90']
2013-11-20 10:57:37,592: DEBUG: GoGo-Total-Input-Voice-Gigawords: [0]
2013-11-20 10:57:37,593: DEBUG: GoGo-Total-Output-Octets: [1002898]
2013-11-20 10:57:37,593: DEBUG: GoGo-Acct-Input-Voice-Octets: [0]
2013-11-20 10:57:37,593: DEBUG: GoGo-Total-Input-Voice-Packets: [0]
2013-11-20 10:57:37,594: DEBUG: Called-Station-Id: [u'00:16:3E:5D:6C:57']
2013-11-20 10:57:37,594: DEBUG: WISPr-Location-Name: [u'TEST LLC,BA01_01009']
2013-11-20 10:57:37,594: DEBUG: NAS-Identifier: [u'C08386']
2013-11-20 10:57:37,595: DEBUG: Proxy-State: ['3330,3132']
2013-11-20 10:57:37,595: DEBUG: GoGo-Total-Input-Voice-Octets: [0]
2013-11-20 10:57:37,595: DEBUG: Acct-Status-Type: ['Interim-Update']
2013-11-20 10:57:37,595: DEBUG: GoGo-Total-Output-Voice-Gigawords: [0]
2013-11-20 10:57:37,596: DEBUG: GoGo-Airline: [u'BA01']
2013-11-20 10:57:37,596: DEBUG: Acct-Session-Id: [u'AAATestNAS_237-1384925217495-00163E5D6C57-1']
2013-11-20 10:57:37,596: DEBUG: Acct-Session-Time: [10]
2013-11-20 10:57:37,596: DEBUG: Acct-Input-Packets: [66732]
2013-11-20 10:57:37,597: DEBUG: Acct-Output-Packets: [8252]
2013-11-20 10:57:37,597: DEBUG: GoGo-Acct-Output-Voice-Packets: [0]
2013-11-20 10:57:37,597: DEBUG: GoGo-Acct-Output-Voice-Octets: [0]
2013-11-20 10:57:37,597: DEBUG: Acct-Output-Gigawords: [0]
2013-11-20 10:57:37,598: DEBUG: GoGo-Total-Output-Voice-Packets: [0]
2013-11-20 10:57:37,598: DEBUG: Acct-Input-Gigawords: [0]
2013-11-20 10:57:37,598: DEBUG: Calling-Station-Id: [u'19:21:31:41:52:19']
2013-11-20 10:57:37,598: DEBUG: NAS-Port-Type: ['Wireless-802.11']
2013-11-20 10:57:37,599: DEBUG: GoGo-Total-Output-Voice-Octets: [0]
2013-11-20 10:57:37,599: DEBUG: GoGo-Private-IP-Address: ['192.168.1.179']
2013-11-20 10:57:37,599: DEBUG: GoGo-Acct-Input-Voice-Gigawords: [0]
2013-11-20 10:57:37,599: DEBUG: GoGo-Total-Input-Packets: [66732]
2013-11-20 10:57:37,600: DEBUG: GoGo-Total-Input-Gigawords: [0]
2013-11-20 10:57:37,600: DEBUG: GoGo-Acct-Input-Voice-Packets: [0]
2013-11-20 10:57:37,600: DEBUG: GoGo-Total-Input-Octets: [8891771]
2013-11-20 10:57:37,600: DEBUG: GoGo-Total-Output-Packets: [8252]
2013-11-20 10:57:37,601: DEBUG: WISPr-Location-ID: [u'airline=BA01,tail=01009,network=']
2013-11-20 10:57:37,601: DEBUG: GoGo-Acct-Output-Voice-Gigawords: [0]
2013-11-20 10:57:37,601: DEBUG: Acct-Input-Octets: [8891771]
2013-11-20 10:57:37,602: ERROR: Network error, Reason: 'Network error: Too many open files'
2013-11-20 10:57:47,603: DEBUG: 

2013-11-20 10:57:47,603: DEBUG: Creating Accounting Update Request with the following Attributes:
2013-11-20 10:57:47,604: DEBUG: User-Name: [u'username82@airborne.aircell.com']
2013-11-20 10:57:47,604: DEBUG: GoGo-Tail-Number: [u'AAATestNAS_237']
2013-11-20 10:57:47,604: DEBUG: Acct-Output-Octets: [6773560]
2013-11-20 10:57:47,604: DEBUG: NAS-IP-Address: ['10.254.242.1']
2013-11-20 10:57:47,604: DEBUG: GoGo-Total-Output-Gigawords: [0]
2013-11-20 10:57:47,605: DEBUG: Framed-IP-Address: ['10.254.242.90']
2013-11-20 10:57:47,606: DEBUG: GoGo-Total-Input-Voice-Gigawords: [0]
2013-11-20 10:57:47,606: DEBUG: GoGo-Total-Output-Octets: [6773560]
2013-11-20 10:57:47,606: DEBUG: GoGo-Acct-Input-Voice-Octets: [0]
2013-11-20 10:57:47,606: DEBUG: GoGo-Total-Input-Voice-Packets: [0]
2013-11-20 10:57:47,607: DEBUG: Called-Station-Id: [u'00:16:3E:5D:6C:57']
2013-11-20 10:57:47,607: DEBUG: WISPr-Location-Name: [u'TEST LLC,BA01_01009']
2013-11-20 10:57:47,607: DEBUG: NAS-Identifier: [u'C08386']
2013-11-20 10:57:47,608: DEBUG: Proxy-State: ['3330,3132']
2013-11-20 10:57:47,608: DEBUG: GoGo-Total-Input-Voice-Octets: [0]
2013-11-20 10:57:47,608: DEBUG: Acct-Status-Type: ['Interim-Update']
2013-11-20 10:57:47,608: DEBUG: GoGo-Total-Output-Voice-Gigawords: [0]
2013-11-20 10:57:47,609: DEBUG: GoGo-Airline: [u'BA01']
2013-11-20 10:57:47,609: DEBUG: Acct-Session-Id: [u'AAATestNAS_237-1384925217495-00163E5D6C57-1']
2013-11-20 10:57:47,609: DEBUG: Acct-Session-Time: [10]
2013-11-20 10:57:47,609: DEBUG: Acct-Input-Packets: [22907]
2013-11-20 10:57:47,610: DEBUG: Acct-Output-Packets: [30673]
2013-11-20 10:57:47,610: DEBUG: GoGo-Acct-Output-Voice-Packets: [0]
2013-11-20 10:57:47,610: DEBUG: GoGo-Acct-Output-Voice-Octets: [0]
2013-11-20 10:57:47,611: DEBUG: Acct-Output-Gigawords: [0]
2013-11-20 10:57:47,611: DEBUG: GoGo-Total-Output-Voice-Packets: [0]
2013-11-20 10:57:47,611: DEBUG: Acct-Input-Gigawords: [0]
2013-11-20 10:57:47,611: DEBUG: Calling-Station-Id: [u'19:21:31:41:52:19']
2013-11-20 10:57:47,612: DEBUG: NAS-Port-Type: ['Wireless-802.11']
2013-11-20 10:57:47,612: DEBUG: GoGo-Total-Output-Voice-Octets: [0]
2013-11-20 10:57:47,612: DEBUG: GoGo-Private-IP-Address: ['192.168.1.179']
2013-11-20 10:57:47,612: DEBUG: GoGo-Acct-Input-Voice-Gigawords: [0]
2013-11-20 10:57:47,613: DEBUG: GoGo-Total-Input-Packets: [22907]
2013-11-20 10:57:47,613: DEBUG: GoGo-Total-Input-Gigawords: [0]
2013-11-20 10:57:47,614: DEBUG: GoGo-Acct-Input-Voice-Packets: [0]
2013-11-20 10:57:47,615: DEBUG: GoGo-Total-Input-Octets: [3932394]
2013-11-20 10:57:47,615: DEBUG: GoGo-Total-Output-Packets: [30673]
2013-11-20 10:57:47,616: DEBUG: WISPr-Location-ID: [u'airline=BA01,tail=01009,network=']
2013-11-20 10:57:47,616: DEBUG: GoGo-Acct-Output-Voice-Gigawords: [0]
2013-11-20 10:57:47,617: DEBUG: Acct-Input-Octets: [3932394]
2013-11-20 10:57:47,617: ERROR: Network error, Reason: 'Network error: Too many open files'
2013-11-20 10:57:57,618: DEBUG: 

2013-11-20 10:57:57,619: DEBUG: Creating Accounting Update Request with the following Attributes:
2013-11-20 10:57:57,619: DEBUG: User-Name: [u'username82@airborne.aircell.com']
2013-11-20 10:57:57,619: DEBUG: GoGo-Tail-Number: [u'AAATestNAS_237']
2013-11-20 10:57:57,619: DEBUG: Acct-Output-Octets: [8801101]
2013-11-20 10:57:57,619: DEBUG: NAS-IP-Address: ['10.254.242.1']
2013-11-20 10:57:57,619: DEBUG: GoGo-Total-Output-Gigawords: [0]
2013-11-20 10:57:57,620: DEBUG: Framed-IP-Address: ['10.254.242.90']
2013-11-20 10:57:57,620: DEBUG: GoGo-Total-Input-Voice-Gigawords: [0]
2013-11-20 10:57:57,620: DEBUG: GoGo-Total-Output-Octets: [8801101]
2013-11-20 10:57:57,620: DEBUG: GoGo-Acct-Input-Voice-Octets: [0]
2013-11-20 10:57:57,620: DEBUG: GoGo-Total-Input-Voice-Packets: [0]
2013-11-20 10:57:57,620: DEBUG: Called-Station-Id: [u'00:16:3E:5D:6C:57']
2013-11-20 10:57:57,620: DEBUG: WISPr-Location-Name: [u'TEST LLC,BA01_01009']
2013-11-20 10:57:57,620: DEBUG: NAS-Identifier: [u'C08386']
2013-11-20 10:57:57,620: DEBUG: Proxy-State: ['3330,3132']
2013-11-20 10:57:57,620: DEBUG: GoGo-Total-Input-Voice-Octets: [0]
2013-11-20 10:57:57,621: DEBUG: Acct-Status-Type: ['Interim-Update']
2013-11-20 10:57:57,621: DEBUG: GoGo-Total-Output-Voice-Gigawords: [0]
2013-11-20 10:57:57,621: DEBUG: GoGo-Airline: [u'BA01']
2013-11-20 10:57:57,621: DEBUG: Acct-Session-Id: [u'AAATestNAS_237-1384925217495-00163E5D6C57-1']
2013-11-20 10:57:57,621: DEBUG: Acct-Session-Time: [10]
2013-11-20 10:57:57,621: DEBUG: Acct-Input-Packets: [59568]
2013-11-20 10:57:57,621: DEBUG: Acct-Output-Packets: [14163]
2013-11-20 10:57:57,621: DEBUG: GoGo-Acct-Output-Voice-Packets: [0]
2013-11-20 10:57:57,621: DEBUG: GoGo-Acct-Output-Voice-Octets: [0]
2013-11-20 10:57:57,621: DEBUG: Acct-Output-Gigawords: [0]
2013-11-20 10:57:57,622: DEBUG: GoGo-Total-Output-Voice-Packets: [0]
2013-11-20 10:57:57,622: DEBUG: Acct-Input-Gigawords: [0]
2013-11-20 10:57:57,622: DEBUG: Calling-Station-Id: [u'19:21:31:41:52:19']
2013-11-20 10:57:57,622: DEBUG: NAS-Port-Type: ['Wireless-802.11']
2013-11-20 10:57:57,622: DEBUG: GoGo-Total-Output-Voice-Octets: [0]
2013-11-20 10:57:57,622: DEBUG: GoGo-Private-IP-Address: ['192.168.1.179']
2013-11-20 10:57:57,622: DEBUG: GoGo-Acct-Input-Voice-Gigawords: [0]
2013-11-20 10:57:57,622: DEBUG: GoGo-Total-Input-Packets: [59568]
2013-11-20 10:57:57,622: DEBUG: GoGo-Total-Input-Gigawords: [0]
2013-11-20 10:57:57,623: DEBUG: GoGo-Acct-Input-Voice-Packets: [0]
2013-11-20 10:57:57,623: DEBUG: GoGo-Total-Input-Octets: [6948343]
2013-11-20 10:57:57,623: DEBUG: GoGo-Total-Output-Packets: [14163]
2013-11-20 10:57:57,623: DEBUG: WISPr-Location-ID: [u'airline=BA01,tail=01009,network=']
2013-11-20 10:57:57,623: DEBUG: GoGo-Acct-Output-Voice-Gigawords: [0]
2013-11-20 10:57:57,623: DEBUG: Acct-Input-Octets: [6948343]
2013-11-20 10:57:57,623: ERROR: Network error, Reason: 'Network error: Too many open files'
2013-11-20 10:58:07,624: DEBUG: 

2013-11-20 10:58:07,626: DEBUG: Creating Accounting Update Request with the following Attributes:
2013-11-20 10:58:07,626: DEBUG: User-Name: [u'username82@airborne.aircell.com']
2013-11-20 10:58:07,626: DEBUG: GoGo-Tail-Number: [u'AAATestNAS_237']
2013-11-20 10:58:07,627: DEBUG: Acct-Output-Octets: [2260147]
2013-11-20 10:58:07,627: DEBUG: NAS-IP-Address: ['10.254.242.1']
2013-11-20 10:58:07,627: DEBUG: GoGo-Total-Output-Gigawords: [0]
2013-11-20 10:58:07,627: DEBUG: Framed-IP-Address: ['10.254.242.90']
2013-11-20 10:58:07,627: DEBUG: GoGo-Total-Input-Voice-Gigawords: [0]
2013-11-20 10:58:07,628: DEBUG: GoGo-Total-Output-Octets: [2260147]
2013-11-20 10:58:07,628: DEBUG: GoGo-Acct-Input-Voice-Octets: [0]
2013-11-20 10:58:07,628: DEBUG: GoGo-Total-Input-Voice-Packets: [0]
2013-11-20 10:58:07,628: DEBUG: Called-Station-Id: [u'00:16:3E:5D:6C:57']
2013-11-20 10:58:07,628: DEBUG: WISPr-Location-Name: [u'TEST LLC,BA01_01009']
2013-11-20 10:58:07,629: DEBUG: NAS-Identifier: [u'C08386']
2013-11-20 10:58:07,629: DEBUG: Proxy-State: ['3330,3132']
2013-11-20 10:58:07,629: DEBUG: GoGo-Total-Input-Voice-Octets: [0]
2013-11-20 10:58:07,629: DEBUG: Acct-Status-Type: ['Interim-Update']
2013-11-20 10:58:07,629: DEBUG: GoGo-Total-Output-Voice-Gigawords: [0]
2013-11-20 10:58:07,630: DEBUG: GoGo-Airline: [u'BA01']
2013-11-20 10:58:07,630: DEBUG: Acct-Session-Id: [u'AAATestNAS_237-1384925217495-00163E5D6C57-1']
2013-11-20 10:58:07,630: DEBUG: Acct-Session-Time: [10]
2013-11-20 10:58:07,630: DEBUG: Acct-Input-Packets: [91098]
2013-11-20 10:58:07,630: DEBUG: Acct-Output-Packets: [8618]
2013-11-20 10:58:07,631: DEBUG: GoGo-Acct-Output-Voice-Packets: [0]
2013-11-20 10:58:07,631: DEBUG: GoGo-Acct-Output-Voice-Octets: [0]
2013-11-20 10:58:07,631: DEBUG: Acct-Output-Gigawords: [0]
2013-11-20 10:58:07,631: DEBUG: GoGo-Total-Output-Voice-Packets: [0]
2013-11-20 10:58:07,631: DEBUG: Acct-Input-Gigawords: [0]
2013-11-20 10:58:07,631: DEBUG: Calling-Station-Id: [u'19:21:31:41:52:19']
2013-11-20 10:58:07,632: DEBUG: NAS-Port-Type: ['Wireless-802.11']
2013-11-20 10:58:07,632: DEBUG: GoGo-Total-Output-Voice-Octets: [0]
2013-11-20 10:58:07,632: DEBUG: GoGo-Private-IP-Address: ['192.168.1.179']
2013-11-20 10:58:07,632: DEBUG: GoGo-Acct-Input-Voice-Gigawords: [0]
2013-11-20 10:58:07,632: DEBUG: GoGo-Total-Input-Packets: [91098]
2013-11-20 10:58:07,632: DEBUG: GoGo-Total-Input-Gigawords: [0]
2013-11-20 10:58:07,633: DEBUG: GoGo-Acct-Input-Voice-Packets: [0]
2013-11-20 10:58:07,634: DEBUG: GoGo-Total-Input-Octets: [9617810]
2013-11-20 10:58:07,635: DEBUG: GoGo-Total-Output-Packets: [8618]
2013-11-20 10:58:07,635: DEBUG: WISPr-Location-ID: [u'airline=BA01,tail=01009,network=']
2013-11-20 10:58:07,635: DEBUG: GoGo-Acct-Output-Voice-Gigawords: [0]
2013-11-20 10:58:07,636: DEBUG: Acct-Input-Octets: [9617810]
2013-11-20 10:58:07,636: ERROR: Network error, Reason: 'Network error: Too many open files'
2013-11-20 10:58:17,637: DEBUG: 

2013-11-20 10:58:17,638: DEBUG: Creating Accounting Update Request with the following Attributes:
2013-11-20 10:58:17,638: DEBUG: User-Name: [u'username82@airborne.aircell.com']
2013-11-20 10:58:17,638: DEBUG: GoGo-Tail-Number: [u'AAATestNAS_237']
2013-11-20 10:58:17,638: DEBUG: Acct-Output-Octets: [7996285]
2013-11-20 10:58:17,638: DEBUG: NAS-IP-Address: ['10.254.242.1']
2013-11-20 10:58:17,638: DEBUG: GoGo-Total-Output-Gigawords: [0]
2013-11-20 10:58:17,638: DEBUG: Framed-IP-Address: ['10.254.242.90']
2013-11-20 10:58:17,639: DEBUG: GoGo-Total-Input-Voice-Gigawords: [0]
2013-11-20 10:58:17,639: DEBUG: GoGo-Total-Output-Octets: [7996285]
2013-11-20 10:58:17,639: DEBUG: GoGo-Acct-Input-Voice-Octets: [0]
2013-11-20 10:58:17,639: DEBUG: GoGo-Total-Input-Voice-Packets: [0]
2013-11-20 10:58:17,639: DEBUG: Called-Station-Id: [u'00:16:3E:5D:6C:57']
2013-11-20 10:58:17,639: DEBUG: WISPr-Location-Name: [u'TEST LLC,BA01_01009']
2013-11-20 10:58:17,639: DEBUG: NAS-Identifier: [u'C08386']
2013-11-20 10:58:17,639: DEBUG: Proxy-State: ['3330,3132']
2013-11-20 10:58:17,639: DEBUG: GoGo-Total-Input-Voice-Octets: [0]
2013-11-20 10:58:17,640: DEBUG: Acct-Status-Type: ['Interim-Update']
2013-11-20 10:58:17,640: DEBUG: GoGo-Total-Output-Voice-Gigawords: [0]
2013-11-20 10:58:17,640: DEBUG: GoGo-Airline: [u'BA01']
2013-11-20 10:58:17,640: DEBUG: Acct-Session-Id: [u'AAATestNAS_237-1384925217495-00163E5D6C57-1']
2013-11-20 10:58:17,640: DEBUG: Acct-Session-Time: [10]
2013-11-20 10:58:17,640: DEBUG: Acct-Input-Packets: [35875]
2013-11-20 10:58:17,640: DEBUG: Acct-Output-Packets: [10591]
2013-11-20 10:58:17,640: DEBUG: GoGo-Acct-Output-Voice-Packets: [0]
2013-11-20 10:58:17,640: DEBUG: GoGo-Acct-Output-Voice-Octets: [0]
2013-11-20 10:58:17,640: DEBUG: Acct-Output-Gigawords: [0]
2013-11-20 10:58:17,641: DEBUG: GoGo-Total-Output-Voice-Packets: [0]
2013-11-20 10:58:17,641: DEBUG: Acct-Input-Gigawords: [0]
2013-11-20 10:58:17,641: DEBUG: Calling-Station-Id: [u'19:21:31:41:52:19']
2013-11-20 10:58:17,641: DEBUG: NAS-Port-Type: ['Wireless-802.11']
2013-11-20 10:58:17,641: DEBUG: GoGo-Total-Output-Voice-Octets: [0]
2013-11-20 10:58:17,641: DEBUG: GoGo-Private-IP-Address: ['192.168.1.179']
2013-11-20 10:58:17,641: DEBUG: GoGo-Acct-Input-Voice-Gigawords: [0]
2013-11-20 10:58:17,641: DEBUG: GoGo-Total-Input-Packets: [35875]
2013-11-20 10:58:17,641: DEBUG: GoGo-Total-Input-Gigawords: [0]
2013-11-20 10:58:17,641: DEBUG: GoGo-Acct-Input-Voice-Packets: [0]
2013-11-20 10:58:17,642: DEBUG: GoGo-Total-Input-Octets: [4712231]
2013-11-20 10:58:17,642: DEBUG: GoGo-Total-Output-Packets: [10591]
2013-11-20 10:58:17,642: DEBUG: WISPr-Location-ID: [u'airline=BA01,tail=01009,network=']
2013-11-20 10:58:17,642: DEBUG: GoGo-Acct-Output-Voice-Gigawords: [0]
2013-11-20 10:58:17,642: DEBUG: Acct-Input-Octets: [4712231]
2013-11-20 10:58:17,642: ERROR: Network error, Reason: 'Network error: Too many open files'
2013-11-20 10:58:29,643: DEBUG: 

2013-11-20 10:58:29,644: DEBUG: Creating Accounting Stop Request with the following Attributes:
2013-11-20 10:58:29,644: DEBUG: User-Name: [u'username82@airborne.aircell.com']
2013-11-20 10:58:29,644: DEBUG: GoGo-Tail-Number: [u'01009']
2013-11-20 10:58:29,644: DEBUG: Acct-Output-Octets: [4657966]
2013-11-20 10:58:29,644: DEBUG: NAS-IP-Address: ['10.254.242.1']
2013-11-20 10:58:29,645: DEBUG: GoGo-Total-Output-Gigawords: [0]
2013-11-20 10:58:29,645: DEBUG: Framed-IP-Address: ['10.254.242.90']
2013-11-20 10:58:29,645: DEBUG: GoGo-Total-Input-Voice-Gigawords: [0]
2013-11-20 10:58:29,645: DEBUG: GoGo-Total-Output-Octets: [4657966]
2013-11-20 10:58:29,645: DEBUG: GoGo-Acct-Input-Voice-Octets: [0]
2013-11-20 10:58:29,645: DEBUG: GoGo-Total-Input-Voice-Packets: [0]
2013-11-20 10:58:29,646: DEBUG: Called-Station-Id: [u'00:16:3E:5D:6C:57']
2013-11-20 10:58:29,646: DEBUG: WISPr-Location-Name: [u'TEST LLC,BA01_01009']
2013-11-20 10:58:29,646: DEBUG: NAS-Identifier: [u'C08386']
2013-11-20 10:58:29,646: DEBUG: Proxy-State: ['3330,3132']
2013-11-20 10:58:29,646: DEBUG: GoGo-Total-Input-Voice-Octets: [0]
2013-11-20 10:58:29,646: DEBUG: Acct-Status-Type: ['Stop']
2013-11-20 10:58:29,646: DEBUG: GoGo-Total-Output-Voice-Gigawords: [0]
2013-11-20 10:58:29,646: DEBUG: GoGo-Airline: [u'BA01']
2013-11-20 10:58:29,647: DEBUG: Acct-Session-Id: [u'AAATestNAS_237-1384925217495-00163E5D6C57-1']
2013-11-20 10:58:29,647: DEBUG: Acct-Session-Time: [12]
2013-11-20 10:58:29,647: DEBUG: Acct-Input-Packets: [1248]
2013-11-20 10:58:29,647: DEBUG: Acct-Output-Packets: [28274]
2013-11-20 10:58:29,647: DEBUG: Acct-Terminate-Cause: ['User-Request']
2013-11-20 10:58:29,647: DEBUG: GoGo-Acct-Output-Voice-Octets: [0]
2013-11-20 10:58:29,647: DEBUG: Acct-Output-Gigawords: [0]
2013-11-20 10:58:29,648: DEBUG: GoGo-Total-Output-Voice-Packets: [0]
2013-11-20 10:58:29,648: DEBUG: Acct-Input-Gigawords: [0]
2013-11-20 10:58:29,648: DEBUG: Calling-Station-Id: [u'19:21:31:41:52:19']
2013-11-20 10:58:29,648: DEBUG: NAS-Port-Type: ['Wireless-802.11']
2013-11-20 10:58:29,648: DEBUG: GoGo-Total-Output-Voice-Octets: [0]
2013-11-20 10:58:29,648: DEBUG: GoGo-Private-IP-Address: ['192.168.1.179']
2013-11-20 10:58:29,648: DEBUG: GoGo-Acct-Input-Voice-Gigawords: [0]
2013-11-20 10:58:29,648: DEBUG: GoGo-Total-Input-Packets: [1248]
2013-11-20 10:58:29,648: DEBUG: GoGo-Total-Input-Gigawords: [0]
2013-11-20 10:58:29,648: DEBUG: GoGo-Acct-Input-Voice-Packets: [0]
2013-11-20 10:58:29,648: DEBUG: GoGo-Total-Input-Octets: [1135374]
2013-11-20 10:58:29,649: DEBUG: GoGo-Total-Output-Packets: [28274]
2013-11-20 10:58:29,649: DEBUG: WISPr-Location-ID: [u'airline=BA01,tail=01009,network=']
2013-11-20 10:58:29,649: DEBUG: GoGo-Acct-Output-Voice-Packets: [0]
2013-11-20 10:58:29,649: DEBUG: GoGo-Acct-Output-Voice-Gigawords: [0]
2013-11-20 10:58:29,649: DEBUG: Acct-Input-Octets: [1135374]
2013-11-20 10:58:29,649: ERROR: Network error, Reason: 'Network error: Too many open files'
2013-11-20 10:58:29,649: ERROR: Ending the test for this user
2013-11-20 10:58:29,649: DEBUG: Ending the test for this user
