2013-11-20 10:55:42,145: DEBUG: Starting the client for the user username58@airborne.aircell.com to the server localhost

2013-11-20 10:55:42,145: DEBUG: DURATION of the TEST: 47
2013-11-20 10:55:42,145: DEBUG: NAS-IP: 10.254.101.1
2013-11-20 10:55:42,145: DEBUG: NAS-MAC-ADDR: 17:21:31:41:52:66
2013-11-20 10:55:42,145: DEBUG: Abruptly End: False
2013-11-20 10:55:42,145: DEBUG: Framed-IP: 10.254.101.65
2013-11-20 10:55:42,145: DEBUG: User-MAC-Addr: 00:16:3E:28:08:17
2013-11-20 10:55:42,146: DEBUG: 

2013-11-20 10:55:42,146: DEBUG: Creating Authentication Request with the following Attributes:
2013-11-20 10:55:42,146: DEBUG: NAS-Identifier: [u'C08386']
2013-11-20 10:55:42,146: DEBUG: User-Name: [u'username58@airborne.aircell.com']
2013-11-20 10:55:42,146: DEBUG: NAS-IP-Address: ['10.254.101.1']
2013-11-20 10:55:42,146: DEBUG: Service-Type: ['Authenticate-Only']
2013-11-20 10:55:42,146: DEBUG: Proxy-State: ['3237,3134']
2013-11-20 10:55:42,147: DEBUG: Framed-IP-Address: ['10.254.101.65']
2013-11-20 10:55:42,147: DEBUG: GoGo-Airline: [u'BA01']
2013-11-20 10:55:42,147: DEBUG: Acct-Session-Id: [u'AAATestNAS_96-1384925142146-00163E280817-2']
2013-11-20 10:55:42,147: DEBUG: GoGo-Tail-Number: [u'AAATestNAS_96']
2013-11-20 10:55:42,147: DEBUG: GoGo-Private-IP-Address: ['192.168.1.179']
2013-11-20 10:55:42,147: DEBUG: WISPr-Location-ID: [u'airline=BA01,tail=01009,network=']
2013-11-20 10:55:42,147: DEBUG: WISPr-Location-Name: [u'TEST LLC,BA01_01009']
2013-11-20 10:55:42,147: DEBUG: NAS-Port-Type: ['Wireless-802.11']
2013-11-20 10:55:42,147: DEBUG: Called-Station-Id: [u'00:16:3E:28:08:17']
2013-11-20 10:55:42,147: DEBUG: Calling-Station-Id: [u'17:21:31:41:52:66']
2013-11-20 10:55:42,148: DEBUG: 

2013-11-20 10:55:42,148: DEBUG: Received response with code: 2, Accepted
2013-11-20 10:55:42,149: DEBUG: Creating Authentication Request with the following Attributes:
2013-11-20 10:55:42,149: DEBUG: NAS-Identifier: [u'C08386']
2013-11-20 10:55:42,149: DEBUG: User-Name: [u'username58@airborne.aircell.com']
2013-11-20 10:55:42,149: DEBUG: NAS-IP-Address: ['10.254.101.1']
2013-11-20 10:55:42,149: DEBUG: Service-Type: ['Login-User']
2013-11-20 10:55:42,149: DEBUG: Proxy-State: ['3237,3134']
2013-11-20 10:55:42,149: DEBUG: Framed-IP-Address: ['10.254.101.65']
2013-11-20 10:55:42,149: DEBUG: GoGo-Airline: [u'BA01']
2013-11-20 10:55:42,149: DEBUG: Acct-Session-Id: [u'AAATestNAS_96-1384925142148-00163E280817-2']
2013-11-20 10:55:42,149: DEBUG: GoGo-Tail-Number: [u'AAATestNAS_96']
2013-11-20 10:55:42,149: DEBUG: GoGo-Private-IP-Address: ['192.168.1.179']
2013-11-20 10:55:42,149: DEBUG: WISPr-Location-ID: [u'airline=BA01,tail=01009,network=']
2013-11-20 10:55:42,150: DEBUG: WISPr-Location-Name: [u'TEST LLC,BA01_01009']
2013-11-20 10:55:42,150: DEBUG: NAS-Port-Type: ['Wireless-802.11']
2013-11-20 10:55:42,150: DEBUG: Called-Station-Id: [u'00:16:3E:28:08:17']
2013-11-20 10:55:42,150: DEBUG: Calling-Station-Id: [u'17:21:31:41:52:66']
2013-11-20 10:55:42,151: DEBUG: 

2013-11-20 10:55:42,151: DEBUG: Received response with code: 2, Accepted
2013-11-20 10:55:42,151: DEBUG: 

2013-11-20 10:55:42,151: DEBUG: Creating Accounting start Request with the following Attributes:
2013-11-20 10:55:42,151: DEBUG: NAS-Identifier: [u'C08386']
2013-11-20 10:55:42,151: DEBUG: User-Name: [u'username58@airborne.aircell.com']
2013-11-20 10:55:42,151: DEBUG: GoGo-Tail-Number: [u'AAATestNAS_96']
2013-11-20 10:55:42,151: DEBUG: NAS-IP-Address: ['10.254.101.1']
2013-11-20 10:55:42,151: DEBUG: Proxy-State: ['3239,3131']
2013-11-20 10:55:42,151: DEBUG: Acct-Status-Type: ['Start']
2013-11-20 10:55:42,152: DEBUG: GoGo-Airline: [u'BA01']
2013-11-20 10:55:42,152: DEBUG: Acct-Session-Id: [u'AAATestNAS_96-1384925142148-00163E280817-2']
2013-11-20 10:55:42,152: DEBUG: GoGo-Private-IP-Address: ['192.168.1.179']
2013-11-20 10:55:42,152: DEBUG: Framed-IP-Address: ['10.254.101.65']
2013-11-20 10:55:42,152: DEBUG: WISPr-Location-ID: [u'airline=BA01,tail=01009,network=']
2013-11-20 10:55:42,152: DEBUG: WISPr-Location-Name: [u'TEST LLC,BA01_01009']
2013-11-20 10:55:42,152: DEBUG: NAS-Port-Type: ['Wireless-802.11']
2013-11-20 10:55:42,152: DEBUG: Called-Station-Id: [u'00:16:3E:28:08:17']
2013-11-20 10:55:42,152: DEBUG: Calling-Station-Id: [u'17:21:31:41:52:66']
2013-11-20 10:55:42,153: DEBUG: 

2013-11-20 10:55:42,153: DEBUG: Received response with following attributes:
2013-11-20 10:55:52,154: DEBUG: 

2013-11-20 10:55:52,155: DEBUG: Creating Accounting Update Request with the following Attributes:
2013-11-20 10:55:52,155: DEBUG: User-Name: [u'username58@airborne.aircell.com']
2013-11-20 10:55:52,155: DEBUG: GoGo-Tail-Number: [u'AAATestNAS_96']
2013-11-20 10:55:52,155: DEBUG: Acct-Output-Octets: [3860928]
2013-11-20 10:55:52,155: DEBUG: NAS-IP-Address: ['10.254.101.1']
2013-11-20 10:55:52,155: DEBUG: GoGo-Total-Output-Gigawords: [0]
2013-11-20 10:55:52,155: DEBUG: Framed-IP-Address: ['10.254.101.65']
2013-11-20 10:55:52,155: DEBUG: GoGo-Total-Input-Voice-Gigawords: [0]
2013-11-20 10:55:52,155: DEBUG: GoGo-Total-Output-Octets: [3860928]
2013-11-20 10:55:52,155: DEBUG: GoGo-Acct-Input-Voice-Octets: [0]
2013-11-20 10:55:52,155: DEBUG: GoGo-Total-Input-Voice-Packets: [0]
2013-11-20 10:55:52,155: DEBUG: Called-Station-Id: [u'00:16:3E:28:08:17']
2013-11-20 10:55:52,156: DEBUG: WISPr-Location-Name: [u'TEST LLC,BA01_01009']
2013-11-20 10:55:52,156: DEBUG: NAS-Identifier: [u'C08386']
2013-11-20 10:55:52,156: DEBUG: Proxy-State: ['3330,3132']
2013-11-20 10:55:52,156: DEBUG: GoGo-Total-Input-Voice-Octets: [0]
2013-11-20 10:55:52,156: DEBUG: Acct-Status-Type: ['Interim-Update']
2013-11-20 10:55:52,156: DEBUG: GoGo-Total-Output-Voice-Gigawords: [0]
2013-11-20 10:55:52,156: DEBUG: GoGo-Airline: [u'BA01']
2013-11-20 10:55:52,156: DEBUG: Acct-Session-Id: [u'AAATestNAS_96-1384925142148-00163E280817-2']
2013-11-20 10:55:52,156: DEBUG: Acct-Session-Time: [10]
2013-11-20 10:55:52,156: DEBUG: Acct-Input-Packets: [34569]
2013-11-20 10:55:52,156: DEBUG: Acct-Output-Packets: [23594]
2013-11-20 10:55:52,156: DEBUG: GoGo-Acct-Output-Voice-Packets: [0]
2013-11-20 10:55:52,156: DEBUG: GoGo-Acct-Output-Voice-Octets: [0]
2013-11-20 10:55:52,156: DEBUG: Acct-Output-Gigawords: [0]
2013-11-20 10:55:52,157: DEBUG: GoGo-Total-Output-Voice-Packets: [0]
2013-11-20 10:55:52,157: DEBUG: Acct-Input-Gigawords: [0]
2013-11-20 10:55:52,157: DEBUG: Calling-Station-Id: [u'17:21:31:41:52:66']
2013-11-20 10:55:52,157: DEBUG: NAS-Port-Type: ['Wireless-802.11']
2013-11-20 10:55:52,157: DEBUG: GoGo-Total-Output-Voice-Octets: [0]
2013-11-20 10:55:52,157: DEBUG: GoGo-Private-IP-Address: ['192.168.1.179']
2013-11-20 10:55:52,157: DEBUG: GoGo-Acct-Input-Voice-Gigawords: [0]
2013-11-20 10:55:52,157: DEBUG: GoGo-Total-Input-Packets: [34569]
2013-11-20 10:55:52,157: DEBUG: GoGo-Total-Input-Gigawords: [0]
2013-11-20 10:55:52,157: DEBUG: GoGo-Acct-Input-Voice-Packets: [0]
2013-11-20 10:55:52,157: DEBUG: GoGo-Total-Input-Octets: [4046516]
2013-11-20 10:55:52,157: DEBUG: GoGo-Total-Output-Packets: [23594]
2013-11-20 10:55:52,157: DEBUG: WISPr-Location-ID: [u'airline=BA01,tail=01009,network=']
2013-11-20 10:55:52,157: DEBUG: GoGo-Acct-Output-Voice-Gigawords: [0]
2013-11-20 10:55:52,158: DEBUG: Acct-Input-Octets: [4046516]
2013-11-20 10:55:52,159: DEBUG: 

2013-11-20 10:55:52,159: DEBUG: Received response with following attributes:
2013-11-20 10:56:02,160: DEBUG: 

2013-11-20 10:56:02,160: DEBUG: Creating Accounting Update Request with the following Attributes:
2013-11-20 10:56:02,160: DEBUG: User-Name: [u'username58@airborne.aircell.com']
2013-11-20 10:56:02,161: DEBUG: GoGo-Tail-Number: [u'AAATestNAS_96']
2013-11-20 10:56:02,161: DEBUG: Acct-Output-Octets: [3622850]
2013-11-20 10:56:02,161: DEBUG: NAS-IP-Address: ['10.254.101.1']
2013-11-20 10:56:02,161: DEBUG: GoGo-Total-Output-Gigawords: [0]
2013-11-20 10:56:02,161: DEBUG: Framed-IP-Address: ['10.254.101.65']
2013-11-20 10:56:02,161: DEBUG: GoGo-Total-Input-Voice-Gigawords: [0]
2013-11-20 10:56:02,161: DEBUG: GoGo-Total-Output-Octets: [3622850]
2013-11-20 10:56:02,161: DEBUG: GoGo-Acct-Input-Voice-Octets: [0]
2013-11-20 10:56:02,161: DEBUG: GoGo-Total-Input-Voice-Packets: [0]
2013-11-20 10:56:02,161: DEBUG: Called-Station-Id: [u'00:16:3E:28:08:17']
2013-11-20 10:56:02,161: DEBUG: WISPr-Location-Name: [u'TEST LLC,BA01_01009']
2013-11-20 10:56:02,161: DEBUG: NAS-Identifier: [u'C08386']
2013-11-20 10:56:02,161: DEBUG: Proxy-State: ['3330,3132']
2013-11-20 10:56:02,162: DEBUG: GoGo-Total-Input-Voice-Octets: [0]
2013-11-20 10:56:02,162: DEBUG: Acct-Status-Type: ['Interim-Update']
2013-11-20 10:56:02,162: DEBUG: GoGo-Total-Output-Voice-Gigawords: [0]
2013-11-20 10:56:02,162: DEBUG: GoGo-Airline: [u'BA01']
2013-11-20 10:56:02,162: DEBUG: Acct-Session-Id: [u'AAATestNAS_96-1384925142148-00163E280817-2']
2013-11-20 10:56:02,162: DEBUG: Acct-Session-Time: [10]
2013-11-20 10:56:02,162: DEBUG: Acct-Input-Packets: [21045]
2013-11-20 10:56:02,162: DEBUG: Acct-Output-Packets: [20549]
2013-11-20 10:56:02,162: DEBUG: GoGo-Acct-Output-Voice-Packets: [0]
2013-11-20 10:56:02,162: DEBUG: GoGo-Acct-Output-Voice-Octets: [0]
2013-11-20 10:56:02,162: DEBUG: Acct-Output-Gigawords: [0]
2013-11-20 10:56:02,162: DEBUG: GoGo-Total-Output-Voice-Packets: [0]
2013-11-20 10:56:02,162: DEBUG: Acct-Input-Gigawords: [0]
2013-11-20 10:56:02,163: DEBUG: Calling-Station-Id: [u'17:21:31:41:52:66']
2013-11-20 10:56:02,163: DEBUG: NAS-Port-Type: ['Wireless-802.11']
2013-11-20 10:56:02,163: DEBUG: GoGo-Total-Output-Voice-Octets: [0]
2013-11-20 10:56:02,163: DEBUG: GoGo-Private-IP-Address: ['192.168.1.179']
2013-11-20 10:56:02,163: DEBUG: GoGo-Acct-Input-Voice-Gigawords: [0]
2013-11-20 10:56:02,163: DEBUG: GoGo-Total-Input-Packets: [21045]
2013-11-20 10:56:02,163: DEBUG: GoGo-Total-Input-Gigawords: [0]
2013-11-20 10:56:02,163: DEBUG: GoGo-Acct-Input-Voice-Packets: [0]
2013-11-20 10:56:02,163: DEBUG: GoGo-Total-Input-Octets: [2869323]
2013-11-20 10:56:02,163: DEBUG: GoGo-Total-Output-Packets: [20549]
2013-11-20 10:56:02,163: DEBUG: WISPr-Location-ID: [u'airline=BA01,tail=01009,network=']
2013-11-20 10:56:02,163: DEBUG: GoGo-Acct-Output-Voice-Gigawords: [0]
2013-11-20 10:56:02,163: DEBUG: Acct-Input-Octets: [2869323]
2013-11-20 10:56:02,166: DEBUG: 

2013-11-20 10:56:02,166: DEBUG: Received response with following attributes:
2013-11-20 10:56:12,167: DEBUG: 

2013-11-20 10:56:12,168: DEBUG: Creating Accounting Update Request with the following Attributes:
2013-11-20 10:56:12,168: DEBUG: User-Name: [u'username58@airborne.aircell.com']
2013-11-20 10:56:12,168: DEBUG: GoGo-Tail-Number: [u'AAATestNAS_96']
2013-11-20 10:56:12,168: DEBUG: Acct-Output-Octets: [3114980]
2013-11-20 10:56:12,168: DEBUG: NAS-IP-Address: ['10.254.101.1']
2013-11-20 10:56:12,168: DEBUG: GoGo-Total-Output-Gigawords: [0]
2013-11-20 10:56:12,168: DEBUG: Framed-IP-Address: ['10.254.101.65']
2013-11-20 10:56:12,169: DEBUG: GoGo-Total-Input-Voice-Gigawords: [0]
2013-11-20 10:56:12,169: DEBUG: GoGo-Total-Output-Octets: [3114980]
2013-11-20 10:56:12,169: DEBUG: GoGo-Acct-Input-Voice-Octets: [0]
2013-11-20 10:56:12,169: DEBUG: GoGo-Total-Input-Voice-Packets: [0]
2013-11-20 10:56:12,169: DEBUG: Called-Station-Id: [u'00:16:3E:28:08:17']
2013-11-20 10:56:12,169: DEBUG: WISPr-Location-Name: [u'TEST LLC,BA01_01009']
2013-11-20 10:56:12,169: DEBUG: NAS-Identifier: [u'C08386']
2013-11-20 10:56:12,169: DEBUG: Proxy-State: ['3330,3132']
2013-11-20 10:56:12,169: DEBUG: GoGo-Total-Input-Voice-Octets: [0]
2013-11-20 10:56:12,169: DEBUG: Acct-Status-Type: ['Interim-Update']
2013-11-20 10:56:12,169: DEBUG: GoGo-Total-Output-Voice-Gigawords: [0]
2013-11-20 10:56:12,169: DEBUG: GoGo-Airline: [u'BA01']
2013-11-20 10:56:12,169: DEBUG: Acct-Session-Id: [u'AAATestNAS_96-1384925142148-00163E280817-2']
2013-11-20 10:56:12,169: DEBUG: Acct-Session-Time: [10]
2013-11-20 10:56:12,169: DEBUG: Acct-Input-Packets: [4305]
2013-11-20 10:56:12,170: DEBUG: Acct-Output-Packets: [20961]
2013-11-20 10:56:12,170: DEBUG: GoGo-Acct-Output-Voice-Packets: [0]
2013-11-20 10:56:12,170: DEBUG: GoGo-Acct-Output-Voice-Octets: [0]
2013-11-20 10:56:12,170: DEBUG: Acct-Output-Gigawords: [0]
2013-11-20 10:56:12,170: DEBUG: GoGo-Total-Output-Voice-Packets: [0]
2013-11-20 10:56:12,170: DEBUG: Acct-Input-Gigawords: [0]
2013-11-20 10:56:12,170: DEBUG: Calling-Station-Id: [u'17:21:31:41:52:66']
2013-11-20 10:56:12,170: DEBUG: NAS-Port-Type: ['Wireless-802.11']
2013-11-20 10:56:12,170: DEBUG: GoGo-Total-Output-Voice-Octets: [0]
2013-11-20 10:56:12,170: DEBUG: GoGo-Private-IP-Address: ['192.168.1.179']
2013-11-20 10:56:12,170: DEBUG: GoGo-Acct-Input-Voice-Gigawords: [0]
2013-11-20 10:56:12,170: DEBUG: GoGo-Total-Input-Packets: [4305]
2013-11-20 10:56:12,170: DEBUG: GoGo-Total-Input-Gigawords: [0]
2013-11-20 10:56:12,171: DEBUG: GoGo-Acct-Input-Voice-Packets: [0]
2013-11-20 10:56:12,171: DEBUG: GoGo-Total-Input-Octets: [1082638]
2013-11-20 10:56:12,171: DEBUG: GoGo-Total-Output-Packets: [20961]
2013-11-20 10:56:12,171: DEBUG: WISPr-Location-ID: [u'airline=BA01,tail=01009,network=']
2013-11-20 10:56:12,171: DEBUG: GoGo-Acct-Output-Voice-Gigawords: [0]
2013-11-20 10:56:12,171: DEBUG: Acct-Input-Octets: [1082638]
2013-11-20 10:56:12,172: DEBUG: 

2013-11-20 10:56:12,172: DEBUG: Received response with following attributes:
2013-11-20 10:56:22,173: DEBUG: 

2013-11-20 10:56:22,174: DEBUG: Creating Accounting Update Request with the following Attributes:
2013-11-20 10:56:22,174: DEBUG: User-Name: [u'username58@airborne.aircell.com']
2013-11-20 10:56:22,174: DEBUG: GoGo-Tail-Number: [u'AAATestNAS_96']
2013-11-20 10:56:22,174: DEBUG: Acct-Output-Octets: [7696416]
2013-11-20 10:56:22,174: DEBUG: NAS-IP-Address: ['10.254.101.1']
2013-11-20 10:56:22,174: DEBUG: GoGo-Total-Output-Gigawords: [0]
2013-11-20 10:56:22,174: DEBUG: Framed-IP-Address: ['10.254.101.65']
2013-11-20 10:56:22,174: DEBUG: GoGo-Total-Input-Voice-Gigawords: [0]
2013-11-20 10:56:22,174: DEBUG: GoGo-Total-Output-Octets: [7696416]
2013-11-20 10:56:22,174: DEBUG: GoGo-Acct-Input-Voice-Octets: [0]
2013-11-20 10:56:22,174: DEBUG: GoGo-Total-Input-Voice-Packets: [0]
2013-11-20 10:56:22,174: DEBUG: Called-Station-Id: [u'00:16:3E:28:08:17']
2013-11-20 10:56:22,175: DEBUG: WISPr-Location-Name: [u'TEST LLC,BA01_01009']
2013-11-20 10:56:22,175: DEBUG: NAS-Identifier: [u'C08386']
2013-11-20 10:56:22,175: DEBUG: Proxy-State: ['3330,3132']
2013-11-20 10:56:22,175: DEBUG: GoGo-Total-Input-Voice-Octets: [0]
2013-11-20 10:56:22,175: DEBUG: Acct-Status-Type: ['Interim-Update']
2013-11-20 10:56:22,175: DEBUG: GoGo-Total-Output-Voice-Gigawords: [0]
2013-11-20 10:56:22,175: DEBUG: GoGo-Airline: [u'BA01']
2013-11-20 10:56:22,175: DEBUG: Acct-Session-Id: [u'AAATestNAS_96-1384925142148-00163E280817-2']
2013-11-20 10:56:22,175: DEBUG: Acct-Session-Time: [10]
2013-11-20 10:56:22,175: DEBUG: Acct-Input-Packets: [28492]
2013-11-20 10:56:22,175: DEBUG: Acct-Output-Packets: [13494]
2013-11-20 10:56:22,175: DEBUG: GoGo-Acct-Output-Voice-Packets: [0]
2013-11-20 10:56:22,175: DEBUG: GoGo-Acct-Output-Voice-Octets: [0]
2013-11-20 10:56:22,175: DEBUG: Acct-Output-Gigawords: [0]
2013-11-20 10:56:22,175: DEBUG: GoGo-Total-Output-Voice-Packets: [0]
2013-11-20 10:56:22,176: DEBUG: Acct-Input-Gigawords: [0]
2013-11-20 10:56:22,176: DEBUG: Calling-Station-Id: [u'17:21:31:41:52:66']
2013-11-20 10:56:22,176: DEBUG: NAS-Port-Type: ['Wireless-802.11']
2013-11-20 10:56:22,176: DEBUG: GoGo-Total-Output-Voice-Octets: [0]
2013-11-20 10:56:22,176: DEBUG: GoGo-Private-IP-Address: ['192.168.1.179']
2013-11-20 10:56:22,176: DEBUG: GoGo-Acct-Input-Voice-Gigawords: [0]
2013-11-20 10:56:22,176: DEBUG: GoGo-Total-Input-Packets: [28492]
2013-11-20 10:56:22,176: DEBUG: GoGo-Total-Input-Gigawords: [0]
2013-11-20 10:56:22,176: DEBUG: GoGo-Acct-Input-Voice-Packets: [0]
2013-11-20 10:56:22,176: DEBUG: GoGo-Total-Input-Octets: [4870747]
2013-11-20 10:56:22,176: DEBUG: GoGo-Total-Output-Packets: [13494]
2013-11-20 10:56:22,176: DEBUG: WISPr-Location-ID: [u'airline=BA01,tail=01009,network=']
2013-11-20 10:56:22,176: DEBUG: GoGo-Acct-Output-Voice-Gigawords: [0]
2013-11-20 10:56:22,176: DEBUG: Acct-Input-Octets: [4870747]
2013-11-20 10:56:22,178: DEBUG: 

2013-11-20 10:56:22,178: DEBUG: Received response with following attributes:
2013-11-20 10:56:29,179: DEBUG: 

2013-11-20 10:56:29,180: DEBUG: Creating Accounting Update Request with the following Attributes:
2013-11-20 10:56:29,180: DEBUG: User-Name: [u'username58@airborne.aircell.com']
2013-11-20 10:56:29,180: DEBUG: GoGo-Tail-Number: [u'AAATestNAS_96']
2013-11-20 10:56:29,180: DEBUG: Acct-Output-Octets: [8808831]
2013-11-20 10:56:29,180: DEBUG: NAS-IP-Address: ['10.254.101.1']
2013-11-20 10:56:29,180: DEBUG: GoGo-Total-Output-Gigawords: [0]
2013-11-20 10:56:29,180: DEBUG: Framed-IP-Address: ['10.254.101.65']
2013-11-20 10:56:29,180: DEBUG: GoGo-Total-Input-Voice-Gigawords: [0]
2013-11-20 10:56:29,180: DEBUG: GoGo-Total-Output-Octets: [8808831]
2013-11-20 10:56:29,180: DEBUG: GoGo-Acct-Input-Voice-Octets: [0]
2013-11-20 10:56:29,180: DEBUG: GoGo-Total-Input-Voice-Packets: [0]
2013-11-20 10:56:29,181: DEBUG: Called-Station-Id: [u'00:16:3E:28:08:17']
2013-11-20 10:56:29,181: DEBUG: WISPr-Location-Name: [u'TEST LLC,BA01_01009']
2013-11-20 10:56:29,181: DEBUG: NAS-Identifier: [u'C08386']
2013-11-20 10:56:29,181: DEBUG: Proxy-State: ['3330,3132']
2013-11-20 10:56:29,181: DEBUG: GoGo-Total-Input-Voice-Octets: [0]
2013-11-20 10:56:29,181: DEBUG: Acct-Status-Type: ['Interim-Update']
2013-11-20 10:56:29,181: DEBUG: GoGo-Total-Output-Voice-Gigawords: [0]
2013-11-20 10:56:29,181: DEBUG: GoGo-Airline: [u'BA01']
2013-11-20 10:56:29,181: DEBUG: Acct-Session-Id: [u'AAATestNAS_96-1384925142148-00163E280817-2']
2013-11-20 10:56:29,181: DEBUG: Acct-Session-Time: [7]
2013-11-20 10:56:29,181: DEBUG: Acct-Input-Packets: [18880]
2013-11-20 10:56:29,181: DEBUG: Acct-Output-Packets: [87540]
2013-11-20 10:56:29,181: DEBUG: GoGo-Acct-Output-Voice-Packets: [0]
2013-11-20 10:56:29,181: DEBUG: GoGo-Acct-Output-Voice-Octets: [0]
2013-11-20 10:56:29,182: DEBUG: Acct-Output-Gigawords: [0]
2013-11-20 10:56:29,182: DEBUG: GoGo-Total-Output-Voice-Packets: [0]
2013-11-20 10:56:29,182: DEBUG: Acct-Input-Gigawords: [0]
2013-11-20 10:56:29,182: DEBUG: Calling-Station-Id: [u'17:21:31:41:52:66']
2013-11-20 10:56:29,182: DEBUG: NAS-Port-Type: ['Wireless-802.11']
2013-11-20 10:56:29,182: DEBUG: GoGo-Total-Output-Voice-Octets: [0]
2013-11-20 10:56:29,182: DEBUG: GoGo-Private-IP-Address: ['192.168.1.179']
2013-11-20 10:56:29,182: DEBUG: GoGo-Acct-Input-Voice-Gigawords: [0]
2013-11-20 10:56:29,182: DEBUG: GoGo-Total-Input-Packets: [18880]
2013-11-20 10:56:29,182: DEBUG: GoGo-Total-Input-Gigawords: [0]
2013-11-20 10:56:29,182: DEBUG: GoGo-Acct-Input-Voice-Packets: [0]
2013-11-20 10:56:29,182: DEBUG: GoGo-Total-Input-Octets: [4118949]
2013-11-20 10:56:29,182: DEBUG: GoGo-Total-Output-Packets: [87540]
2013-11-20 10:56:29,182: DEBUG: WISPr-Location-ID: [u'airline=BA01,tail=01009,network=']
2013-11-20 10:56:29,182: DEBUG: GoGo-Acct-Output-Voice-Gigawords: [0]
2013-11-20 10:56:29,182: DEBUG: Acct-Input-Octets: [4118949]
2013-11-20 10:56:29,184: DEBUG: 

2013-11-20 10:56:29,184: DEBUG: Received response with following attributes:
2013-11-20 10:56:55,184: DEBUG: 

2013-11-20 10:56:55,185: DEBUG: Creating Accounting Stop Request with the following Attributes:
2013-11-20 10:56:55,185: DEBUG: User-Name: [u'username58@airborne.aircell.com']
2013-11-20 10:56:55,185: DEBUG: GoGo-Tail-Number: [u'01009']
2013-11-20 10:56:55,185: DEBUG: Acct-Output-Octets: [8550623]
2013-11-20 10:56:55,185: DEBUG: NAS-IP-Address: ['10.254.101.1']
2013-11-20 10:56:55,185: DEBUG: GoGo-Total-Output-Gigawords: [0]
2013-11-20 10:56:55,185: DEBUG: Framed-IP-Address: ['10.254.101.65']
2013-11-20 10:56:55,185: DEBUG: GoGo-Total-Input-Voice-Gigawords: [0]
2013-11-20 10:56:55,185: DEBUG: GoGo-Total-Output-Octets: [8550623]
2013-11-20 10:56:55,185: DEBUG: GoGo-Acct-Input-Voice-Octets: [0]
2013-11-20 10:56:55,185: DEBUG: GoGo-Total-Input-Voice-Packets: [0]
2013-11-20 10:56:55,185: DEBUG: Called-Station-Id: [u'00:16:3E:28:08:17']
2013-11-20 10:56:55,185: DEBUG: WISPr-Location-Name: [u'TEST LLC,BA01_01009']
2013-11-20 10:56:55,186: DEBUG: NAS-Identifier: [u'C08386']
2013-11-20 10:56:55,186: DEBUG: Proxy-State: ['3330,3132']
2013-11-20 10:56:55,186: DEBUG: GoGo-Total-Input-Voice-Octets: [0]
2013-11-20 10:56:55,186: DEBUG: Acct-Status-Type: ['Stop']
2013-11-20 10:56:55,186: DEBUG: GoGo-Total-Output-Voice-Gigawords: [0]
2013-11-20 10:56:55,186: DEBUG: GoGo-Airline: [u'BA01']
2013-11-20 10:56:55,186: DEBUG: Acct-Session-Id: [u'AAATestNAS_96-1384925142148-00163E280817-2']
2013-11-20 10:56:55,186: DEBUG: Acct-Session-Time: [26]
2013-11-20 10:56:55,186: DEBUG: Acct-Input-Packets: [58530]
2013-11-20 10:56:55,186: DEBUG: Acct-Output-Packets: [22586]
2013-11-20 10:56:55,186: DEBUG: Acct-Terminate-Cause: ['User-Request']
2013-11-20 10:56:55,186: DEBUG: GoGo-Acct-Output-Voice-Octets: [0]
2013-11-20 10:56:55,186: DEBUG: Acct-Output-Gigawords: [0]
2013-11-20 10:56:55,187: DEBUG: GoGo-Total-Output-Voice-Packets: [0]
2013-11-20 10:56:55,187: DEBUG: Acct-Input-Gigawords: [0]
2013-11-20 10:56:55,187: DEBUG: Calling-Station-Id: [u'17:21:31:41:52:66']
2013-11-20 10:56:55,187: DEBUG: NAS-Port-Type: ['Wireless-802.11']
2013-11-20 10:56:55,187: DEBUG: GoGo-Total-Output-Voice-Octets: [0]
2013-11-20 10:56:55,187: DEBUG: GoGo-Private-IP-Address: ['192.168.1.179']
2013-11-20 10:56:55,187: DEBUG: GoGo-Acct-Input-Voice-Gigawords: [0]
2013-11-20 10:56:55,187: DEBUG: GoGo-Total-Input-Packets: [58530]
2013-11-20 10:56:55,187: DEBUG: GoGo-Total-Input-Gigawords: [0]
2013-11-20 10:56:55,187: DEBUG: GoGo-Acct-Input-Voice-Packets: [0]
2013-11-20 10:56:55,187: DEBUG: GoGo-Total-Input-Octets: [9167342]
2013-11-20 10:56:55,187: DEBUG: GoGo-Total-Output-Packets: [22586]
2013-11-20 10:56:55,187: DEBUG: WISPr-Location-ID: [u'airline=BA01,tail=01009,network=']
2013-11-20 10:56:55,187: DEBUG: GoGo-Acct-Output-Voice-Packets: [0]
2013-11-20 10:56:55,187: DEBUG: GoGo-Acct-Output-Voice-Gigawords: [0]
2013-11-20 10:56:55,188: DEBUG: Acct-Input-Octets: [9167342]
2013-11-20 10:56:55,189: DEBUG: 

2013-11-20 10:56:55,189: DEBUG: Received response with following attributes:
2013-11-20 10:56:55,189: DEBUG: Ending the test for this user
2013-11-20 10:56:55,467: DEBUG: Starting the client for the user username58@airborne.aircell.com to the server localhost

2013-11-20 10:56:55,467: DEBUG: DURATION of the TEST: 11
2013-11-20 10:56:55,467: DEBUG: NAS-IP: 10.254.226.1
2013-11-20 10:56:55,467: DEBUG: NAS-MAC-ADDR: 19:21:31:41:52:03
2013-11-20 10:56:55,467: DEBUG: Abruptly End: False
2013-11-20 10:56:55,467: DEBUG: Framed-IP: 10.254.226.102
2013-11-20 10:56:55,467: DEBUG: User-MAC-Addr: 00:16:3E:02:B8:D8
2013-11-20 10:56:55,468: DEBUG: 

2013-11-20 10:56:55,468: DEBUG: Creating Authentication Request with the following Attributes:
2013-11-20 10:56:55,468: DEBUG: NAS-Identifier: [u'C08386']
2013-11-20 10:56:55,468: DEBUG: User-Name: [u'username58@airborne.aircell.com']
2013-11-20 10:56:55,468: DEBUG: NAS-IP-Address: ['10.254.226.1']
2013-11-20 10:56:55,469: DEBUG: Service-Type: ['Authenticate-Only']
2013-11-20 10:56:55,469: DEBUG: Proxy-State: ['3237,3134']
2013-11-20 10:56:55,469: DEBUG: Framed-IP-Address: ['10.254.226.102']
2013-11-20 10:56:55,469: DEBUG: GoGo-Airline: [u'BA01']
2013-11-20 10:56:55,469: DEBUG: Acct-Session-Id: [u'AAATestNAS_221-1384925215468-00163E02B8D8-2']
2013-11-20 10:56:55,469: DEBUG: GoGo-Tail-Number: [u'AAATestNAS_221']
2013-11-20 10:56:55,469: DEBUG: GoGo-Private-IP-Address: ['192.168.1.179']
2013-11-20 10:56:55,469: DEBUG: WISPr-Location-ID: [u'airline=BA01,tail=01009,network=']
2013-11-20 10:56:55,469: DEBUG: WISPr-Location-Name: [u'TEST LLC,BA01_01009']
2013-11-20 10:56:55,470: DEBUG: NAS-Port-Type: ['Wireless-802.11']
2013-11-20 10:56:55,470: DEBUG: Called-Station-Id: [u'00:16:3E:02:B8:D8']
2013-11-20 10:56:55,470: DEBUG: Calling-Station-Id: [u'19:21:31:41:52:03']
2013-11-20 10:56:55,471: DEBUG: 

2013-11-20 10:56:55,471: DEBUG: Received response with code: 2, Accepted
2013-11-20 10:56:55,471: DEBUG: Creating Authentication Request with the following Attributes:
2013-11-20 10:56:55,471: DEBUG: NAS-Identifier: [u'C08386']
2013-11-20 10:56:55,472: DEBUG: User-Name: [u'username58@airborne.aircell.com']
2013-11-20 10:56:55,472: DEBUG: NAS-IP-Address: ['10.254.226.1']
2013-11-20 10:56:55,472: DEBUG: Service-Type: ['Login-User']
2013-11-20 10:56:55,472: DEBUG: Proxy-State: ['3237,3134']
2013-11-20 10:56:55,472: DEBUG: Framed-IP-Address: ['10.254.226.102']
2013-11-20 10:56:55,472: DEBUG: GoGo-Airline: [u'BA01']
2013-11-20 10:56:55,473: DEBUG: Acct-Session-Id: [u'AAATestNAS_221-1384925215471-00163E02B8D8-2']
2013-11-20 10:56:55,473: DEBUG: GoGo-Tail-Number: [u'AAATestNAS_221']
2013-11-20 10:56:55,474: DEBUG: GoGo-Private-IP-Address: ['192.168.1.179']
2013-11-20 10:56:55,474: DEBUG: WISPr-Location-ID: [u'airline=BA01,tail=01009,network=']
2013-11-20 10:56:55,474: DEBUG: WISPr-Location-Name: [u'TEST LLC,BA01_01009']
2013-11-20 10:56:55,475: DEBUG: NAS-Port-Type: ['Wireless-802.11']
2013-11-20 10:56:55,475: DEBUG: Called-Station-Id: [u'00:16:3E:02:B8:D8']
2013-11-20 10:56:55,475: DEBUG: Calling-Station-Id: [u'19:21:31:41:52:03']
2013-11-20 10:56:55,476: DEBUG: 

2013-11-20 10:56:55,477: DEBUG: Received response with code: 2, Accepted
2013-11-20 10:56:55,477: DEBUG: 

2013-11-20 10:56:55,478: DEBUG: Creating Accounting start Request with the following Attributes:
2013-11-20 10:56:55,478: DEBUG: NAS-Identifier: [u'C08386']
2013-11-20 10:56:55,478: DEBUG: User-Name: [u'username58@airborne.aircell.com']
2013-11-20 10:56:55,479: DEBUG: GoGo-Tail-Number: [u'AAATestNAS_221']
2013-11-20 10:56:55,479: DEBUG: NAS-IP-Address: ['10.254.226.1']
2013-11-20 10:56:55,479: DEBUG: Proxy-State: ['3239,3131']
2013-11-20 10:56:55,480: DEBUG: Acct-Status-Type: ['Start']
2013-11-20 10:56:55,480: DEBUG: GoGo-Airline: [u'BA01']
2013-11-20 10:56:55,480: DEBUG: Acct-Session-Id: [u'AAATestNAS_221-1384925215471-00163E02B8D8-2']
2013-11-20 10:56:55,481: DEBUG: GoGo-Private-IP-Address: ['192.168.1.179']
2013-11-20 10:56:55,481: DEBUG: Framed-IP-Address: ['10.254.226.102']
2013-11-20 10:56:55,482: DEBUG: WISPr-Location-ID: [u'airline=BA01,tail=01009,network=']
2013-11-20 10:56:55,483: DEBUG: WISPr-Location-Name: [u'TEST LLC,BA01_01009']
2013-11-20 10:56:55,483: DEBUG: NAS-Port-Type: ['Wireless-802.11']
2013-11-20 10:56:55,484: DEBUG: Called-Station-Id: [u'00:16:3E:02:B8:D8']
2013-11-20 10:56:55,484: DEBUG: Calling-Station-Id: [u'19:21:31:41:52:03']
2013-11-20 10:56:55,485: DEBUG: 

2013-11-20 10:56:55,486: DEBUG: Received response with following attributes:
2013-11-20 10:57:05,487: DEBUG: 

2013-11-20 10:57:05,488: DEBUG: Creating Accounting Update Request with the following Attributes:
2013-11-20 10:57:05,488: DEBUG: User-Name: [u'username58@airborne.aircell.com']
2013-11-20 10:57:05,489: DEBUG: GoGo-Tail-Number: [u'AAATestNAS_221']
2013-11-20 10:57:05,489: DEBUG: Acct-Output-Octets: [8980022]
2013-11-20 10:57:05,489: DEBUG: NAS-IP-Address: ['10.254.226.1']
2013-11-20 10:57:05,489: DEBUG: GoGo-Total-Output-Gigawords: [0]
2013-11-20 10:57:05,489: DEBUG: Framed-IP-Address: ['10.254.226.102']
2013-11-20 10:57:05,489: DEBUG: GoGo-Total-Input-Voice-Gigawords: [0]
2013-11-20 10:57:05,489: DEBUG: GoGo-Total-Output-Octets: [8980022]
2013-11-20 10:57:05,490: DEBUG: GoGo-Acct-Input-Voice-Octets: [0]
2013-11-20 10:57:05,490: DEBUG: GoGo-Total-Input-Voice-Packets: [0]
2013-11-20 10:57:05,491: DEBUG: Called-Station-Id: [u'00:16:3E:02:B8:D8']
2013-11-20 10:57:05,492: DEBUG: WISPr-Location-Name: [u'TEST LLC,BA01_01009']
2013-11-20 10:57:05,493: DEBUG: NAS-Identifier: [u'C08386']
2013-11-20 10:57:05,494: DEBUG: Proxy-State: ['3330,3132']
2013-11-20 10:57:05,494: DEBUG: GoGo-Total-Input-Voice-Octets: [0]
2013-11-20 10:57:05,495: DEBUG: Acct-Status-Type: ['Interim-Update']
2013-11-20 10:57:05,495: DEBUG: GoGo-Total-Output-Voice-Gigawords: [0]
2013-11-20 10:57:05,496: DEBUG: GoGo-Airline: [u'BA01']
2013-11-20 10:57:05,496: DEBUG: Acct-Session-Id: [u'AAATestNAS_221-1384925215471-00163E02B8D8-2']
2013-11-20 10:57:05,496: DEBUG: Acct-Session-Time: [10]
2013-11-20 10:57:05,497: DEBUG: Acct-Input-Packets: [8149]
2013-11-20 10:57:05,497: DEBUG: Acct-Output-Packets: [54063]
2013-11-20 10:57:05,498: DEBUG: GoGo-Acct-Output-Voice-Packets: [0]
2013-11-20 10:57:05,499: DEBUG: GoGo-Acct-Output-Voice-Octets: [0]
2013-11-20 10:57:05,500: DEBUG: Acct-Output-Gigawords: [0]
2013-11-20 10:57:05,501: DEBUG: GoGo-Total-Output-Voice-Packets: [0]
2013-11-20 10:57:05,502: DEBUG: Acct-Input-Gigawords: [0]
2013-11-20 10:57:05,502: DEBUG: Calling-Station-Id: [u'19:21:31:41:52:03']
2013-11-20 10:57:05,503: DEBUG: NAS-Port-Type: ['Wireless-802.11']
2013-11-20 10:57:05,504: DEBUG: GoGo-Total-Output-Voice-Octets: [0]
2013-11-20 10:57:05,504: DEBUG: GoGo-Private-IP-Address: ['192.168.1.179']
2013-11-20 10:57:05,505: DEBUG: GoGo-Acct-Input-Voice-Gigawords: [0]
2013-11-20 10:57:05,506: DEBUG: GoGo-Total-Input-Packets: [8149]
2013-11-20 10:57:05,507: DEBUG: GoGo-Total-Input-Gigawords: [0]
2013-11-20 10:57:05,507: DEBUG: GoGo-Acct-Input-Voice-Packets: [0]
2013-11-20 10:57:05,508: DEBUG: GoGo-Total-Input-Octets: [5263721]
2013-11-20 10:57:05,509: DEBUG: GoGo-Total-Output-Packets: [54063]
2013-11-20 10:57:05,509: DEBUG: WISPr-Location-ID: [u'airline=BA01,tail=01009,network=']
2013-11-20 10:57:05,509: DEBUG: GoGo-Acct-Output-Voice-Gigawords: [0]
2013-11-20 10:57:05,510: DEBUG: Acct-Input-Octets: [5263721]
2013-11-20 10:57:05,513: DEBUG: 

2013-11-20 10:57:05,513: DEBUG: Received response with following attributes:
2013-11-20 10:57:22,514: DEBUG: 

2013-11-20 10:57:22,514: DEBUG: Creating Accounting Stop Request with the following Attributes:
2013-11-20 10:57:22,514: DEBUG: User-Name: [u'username58@airborne.aircell.com']
2013-11-20 10:57:22,515: DEBUG: GoGo-Tail-Number: [u'01009']
2013-11-20 10:57:22,515: DEBUG: Acct-Output-Octets: [3576630]
2013-11-20 10:57:22,515: DEBUG: NAS-IP-Address: ['10.254.226.1']
2013-11-20 10:57:22,515: DEBUG: GoGo-Total-Output-Gigawords: [0]
2013-11-20 10:57:22,515: DEBUG: Framed-IP-Address: ['10.254.226.102']
2013-11-20 10:57:22,515: DEBUG: GoGo-Total-Input-Voice-Gigawords: [0]
2013-11-20 10:57:22,515: DEBUG: GoGo-Total-Output-Octets: [3576630]
2013-11-20 10:57:22,515: DEBUG: GoGo-Acct-Input-Voice-Octets: [0]
2013-11-20 10:57:22,515: DEBUG: GoGo-Total-Input-Voice-Packets: [0]
2013-11-20 10:57:22,516: DEBUG: Called-Station-Id: [u'00:16:3E:02:B8:D8']
2013-11-20 10:57:22,516: DEBUG: WISPr-Location-Name: [u'TEST LLC,BA01_01009']
2013-11-20 10:57:22,516: DEBUG: NAS-Identifier: [u'C08386']
2013-11-20 10:57:22,516: DEBUG: Proxy-State: ['3330,3132']
2013-11-20 10:57:22,516: DEBUG: GoGo-Total-Input-Voice-Octets: [0]
2013-11-20 10:57:22,516: DEBUG: Acct-Status-Type: ['Stop']
2013-11-20 10:57:22,516: DEBUG: GoGo-Total-Output-Voice-Gigawords: [0]
2013-11-20 10:57:22,516: DEBUG: GoGo-Airline: [u'BA01']
2013-11-20 10:57:22,516: DEBUG: Acct-Session-Id: [u'AAATestNAS_221-1384925215471-00163E02B8D8-2']
2013-11-20 10:57:22,516: DEBUG: Acct-Session-Time: [17]
2013-11-20 10:57:22,517: DEBUG: Acct-Input-Packets: [73979]
2013-11-20 10:57:22,517: DEBUG: Acct-Output-Packets: [32756]
2013-11-20 10:57:22,517: DEBUG: Acct-Terminate-Cause: ['User-Request']
2013-11-20 10:57:22,517: DEBUG: GoGo-Acct-Output-Voice-Octets: [0]
2013-11-20 10:57:22,517: DEBUG: Acct-Output-Gigawords: [0]
2013-11-20 10:57:22,517: DEBUG: GoGo-Total-Output-Voice-Packets: [0]
2013-11-20 10:57:22,517: DEBUG: Acct-Input-Gigawords: [0]
2013-11-20 10:57:22,517: DEBUG: Calling-Station-Id: [u'19:21:31:41:52:03']
2013-11-20 10:57:22,518: DEBUG: NAS-Port-Type: ['Wireless-802.11']
2013-11-20 10:57:22,518: DEBUG: GoGo-Total-Output-Voice-Octets: [0]
2013-11-20 10:57:22,518: DEBUG: GoGo-Private-IP-Address: ['192.168.1.179']
2013-11-20 10:57:22,518: DEBUG: GoGo-Acct-Input-Voice-Gigawords: [0]
2013-11-20 10:57:22,518: DEBUG: GoGo-Total-Input-Packets: [73979]
2013-11-20 10:57:22,518: DEBUG: GoGo-Total-Input-Gigawords: [0]
2013-11-20 10:57:22,518: DEBUG: GoGo-Acct-Input-Voice-Packets: [0]
2013-11-20 10:57:22,518: DEBUG: GoGo-Total-Input-Octets: [9582880]
2013-11-20 10:57:22,518: DEBUG: GoGo-Total-Output-Packets: [32756]
2013-11-20 10:57:22,518: DEBUG: WISPr-Location-ID: [u'airline=BA01,tail=01009,network=']
2013-11-20 10:57:22,519: DEBUG: GoGo-Acct-Output-Voice-Packets: [0]
2013-11-20 10:57:22,519: DEBUG: GoGo-Acct-Output-Voice-Gigawords: [0]
2013-11-20 10:57:22,519: DEBUG: Acct-Input-Octets: [9582880]
2013-11-20 10:57:22,520: DEBUG: 

2013-11-20 10:57:22,520: DEBUG: Received response with following attributes:
2013-11-20 10:57:22,520: DEBUG: Ending the test for this user
2013-11-20 10:57:23,503: DEBUG: Starting the client for the user username58@airborne.aircell.com to the server localhost

2013-11-20 10:57:23,504: DEBUG: DURATION of the TEST: 37
2013-11-20 10:57:23,504: DEBUG: NAS-IP: 10.254.204.1
2013-11-20 10:57:23,505: DEBUG: NAS-MAC-ADDR: 18:21:31:41:52:80
2013-11-20 10:57:23,505: DEBUG: Abruptly End: True
2013-11-20 10:57:23,505: DEBUG: Framed-IP: 10.254.204.60
2013-11-20 10:57:23,506: DEBUG: User-MAC-Addr: 00:16:3E:10:11:C7
2013-11-20 10:57:23,506: DEBUG: 

2013-11-20 10:57:23,507: DEBUG: Creating Authentication Request with the following Attributes:
2013-11-20 10:57:23,507: DEBUG: NAS-Identifier: [u'C08386']
2013-11-20 10:57:23,508: DEBUG: User-Name: [u'username58@airborne.aircell.com']
2013-11-20 10:57:23,508: DEBUG: NAS-IP-Address: ['10.254.204.1']
2013-11-20 10:57:23,509: DEBUG: Service-Type: ['Authenticate-Only']
2013-11-20 10:57:23,509: DEBUG: Proxy-State: ['3237,3134']
2013-11-20 10:57:23,509: DEBUG: Framed-IP-Address: ['10.254.204.60']
2013-11-20 10:57:23,510: DEBUG: GoGo-Airline: [u'BA01']
2013-11-20 10:57:23,510: DEBUG: Acct-Session-Id: [u'AAATestNAS_199-1384925243507-00163E1011C7-2']
2013-11-20 10:57:23,510: DEBUG: GoGo-Tail-Number: [u'AAATestNAS_199']
2013-11-20 10:57:23,511: DEBUG: GoGo-Private-IP-Address: ['192.168.1.179']
2013-11-20 10:57:23,511: DEBUG: WISPr-Location-ID: [u'airline=BA01,tail=01009,network=']
2013-11-20 10:57:23,511: DEBUG: WISPr-Location-Name: [u'TEST LLC,BA01_01009']
2013-11-20 10:57:23,512: DEBUG: NAS-Port-Type: ['Wireless-802.11']
2013-11-20 10:57:23,512: DEBUG: Called-Station-Id: [u'00:16:3E:10:11:C7']
2013-11-20 10:57:23,512: DEBUG: Calling-Station-Id: [u'18:21:31:41:52:80']
2013-11-20 10:57:23,514: DEBUG: 

2013-11-20 10:57:23,516: DEBUG: Received response with code: 2, Accepted
2013-11-20 10:57:23,516: DEBUG: Creating Authentication Request with the following Attributes:
2013-11-20 10:57:23,517: DEBUG: NAS-Identifier: [u'C08386']
2013-11-20 10:57:23,518: DEBUG: User-Name: [u'username58@airborne.aircell.com']
2013-11-20 10:57:23,518: DEBUG: NAS-IP-Address: ['10.254.204.1']
2013-11-20 10:57:23,519: DEBUG: Service-Type: ['Login-User']
2013-11-20 10:57:23,520: DEBUG: Proxy-State: ['3237,3134']
2013-11-20 10:57:23,520: DEBUG: Framed-IP-Address: ['10.254.204.60']
2013-11-20 10:57:23,521: DEBUG: GoGo-Airline: [u'BA01']
2013-11-20 10:57:23,521: DEBUG: Acct-Session-Id: [u'AAATestNAS_199-1384925243516-00163E1011C7-2']
2013-11-20 10:57:23,522: DEBUG: GoGo-Tail-Number: [u'AAATestNAS_199']
2013-11-20 10:57:23,523: DEBUG: GoGo-Private-IP-Address: ['192.168.1.179']
2013-11-20 10:57:23,523: DEBUG: WISPr-Location-ID: [u'airline=BA01,tail=01009,network=']
2013-11-20 10:57:23,525: DEBUG: WISPr-Location-Name: [u'TEST LLC,BA01_01009']
2013-11-20 10:57:23,526: DEBUG: NAS-Port-Type: ['Wireless-802.11']
2013-11-20 10:57:23,527: DEBUG: Called-Station-Id: [u'00:16:3E:10:11:C7']
2013-11-20 10:57:23,527: DEBUG: Calling-Station-Id: [u'18:21:31:41:52:80']
2013-11-20 10:57:23,531: DEBUG: 

2013-11-20 10:57:23,532: DEBUG: Received response with code: 2, Accepted
2013-11-20 10:57:23,533: DEBUG: 

2013-11-20 10:57:23,534: DEBUG: Creating Accounting start Request with the following Attributes:
2013-11-20 10:57:23,535: DEBUG: NAS-Identifier: [u'C08386']
2013-11-20 10:57:23,537: DEBUG: User-Name: [u'username58@airborne.aircell.com']
2013-11-20 10:57:23,537: DEBUG: GoGo-Tail-Number: [u'AAATestNAS_199']
2013-11-20 10:57:23,539: DEBUG: NAS-IP-Address: ['10.254.204.1']
2013-11-20 10:57:23,539: DEBUG: Proxy-State: ['3239,3131']
2013-11-20 10:57:23,541: DEBUG: Acct-Status-Type: ['Start']
2013-11-20 10:57:23,542: DEBUG: GoGo-Airline: [u'BA01']
2013-11-20 10:57:23,542: DEBUG: Acct-Session-Id: [u'AAATestNAS_199-1384925243516-00163E1011C7-2']
2013-11-20 10:57:23,543: DEBUG: GoGo-Private-IP-Address: ['192.168.1.179']
2013-11-20 10:57:23,544: DEBUG: Framed-IP-Address: ['10.254.204.60']
2013-11-20 10:57:23,545: DEBUG: WISPr-Location-ID: [u'airline=BA01,tail=01009,network=']
2013-11-20 10:57:23,547: DEBUG: WISPr-Location-Name: [u'TEST LLC,BA01_01009']
2013-11-20 10:57:23,548: DEBUG: NAS-Port-Type: ['Wireless-802.11']
2013-11-20 10:57:23,548: DEBUG: Called-Station-Id: [u'00:16:3E:10:11:C7']
2013-11-20 10:57:23,550: DEBUG: Calling-Station-Id: [u'18:21:31:41:52:80']
2013-11-20 10:57:23,554: DEBUG: 

2013-11-20 10:57:23,555: DEBUG: Received response with following attributes:
2013-11-20 10:57:33,557: DEBUG: 

2013-11-20 10:57:33,557: DEBUG: Creating Accounting Update Request with the following Attributes:
2013-11-20 10:57:33,557: DEBUG: User-Name: [u'username58@airborne.aircell.com']
2013-11-20 10:57:33,558: DEBUG: GoGo-Tail-Number: [u'AAATestNAS_199']
2013-11-20 10:57:33,558: DEBUG: Acct-Output-Octets: [9891249]
2013-11-20 10:57:33,558: DEBUG: NAS-IP-Address: ['10.254.204.1']
2013-11-20 10:57:33,558: DEBUG: GoGo-Total-Output-Gigawords: [0]
2013-11-20 10:57:33,558: DEBUG: Framed-IP-Address: ['10.254.204.60']
2013-11-20 10:57:33,558: DEBUG: GoGo-Total-Input-Voice-Gigawords: [0]
2013-11-20 10:57:33,558: DEBUG: GoGo-Total-Output-Octets: [9891249]
2013-11-20 10:57:33,559: DEBUG: GoGo-Acct-Input-Voice-Octets: [0]
2013-11-20 10:57:33,559: DEBUG: GoGo-Total-Input-Voice-Packets: [0]
2013-11-20 10:57:33,559: DEBUG: Called-Station-Id: [u'00:16:3E:10:11:C7']
2013-11-20 10:57:33,559: DEBUG: WISPr-Location-Name: [u'TEST LLC,BA01_01009']
2013-11-20 10:57:33,559: DEBUG: NAS-Identifier: [u'C08386']
2013-11-20 10:57:33,559: DEBUG: Proxy-State: ['3330,3132']
2013-11-20 10:57:33,559: DEBUG: GoGo-Total-Input-Voice-Octets: [0]
2013-11-20 10:57:33,560: DEBUG: Acct-Status-Type: ['Interim-Update']
2013-11-20 10:57:33,560: DEBUG: GoGo-Total-Output-Voice-Gigawords: [0]
2013-11-20 10:57:33,560: DEBUG: GoGo-Airline: [u'BA01']
2013-11-20 10:57:33,560: DEBUG: Acct-Session-Id: [u'AAATestNAS_199-1384925243516-00163E1011C7-2']
2013-11-20 10:57:33,560: DEBUG: Acct-Session-Time: [10]
2013-11-20 10:57:33,560: DEBUG: Acct-Input-Packets: [10735]
2013-11-20 10:57:33,560: DEBUG: Acct-Output-Packets: [18641]
2013-11-20 10:57:33,561: DEBUG: GoGo-Acct-Output-Voice-Packets: [0]
2013-11-20 10:57:33,561: DEBUG: GoGo-Acct-Output-Voice-Octets: [0]
2013-11-20 10:57:33,561: DEBUG: Acct-Output-Gigawords: [0]
2013-11-20 10:57:33,561: DEBUG: GoGo-Total-Output-Voice-Packets: [0]
2013-11-20 10:57:33,561: DEBUG: Acct-Input-Gigawords: [0]
2013-11-20 10:57:33,561: DEBUG: Calling-Station-Id: [u'18:21:31:41:52:80']
2013-11-20 10:57:33,561: DEBUG: NAS-Port-Type: ['Wireless-802.11']
2013-11-20 10:57:33,561: DEBUG: GoGo-Total-Output-Voice-Octets: [0]
2013-11-20 10:57:33,562: DEBUG: GoGo-Private-IP-Address: ['192.168.1.179']
2013-11-20 10:57:33,562: DEBUG: GoGo-Acct-Input-Voice-Gigawords: [0]
2013-11-20 10:57:33,562: DEBUG: GoGo-Total-Input-Packets: [10735]
2013-11-20 10:57:33,562: DEBUG: GoGo-Total-Input-Gigawords: [0]
2013-11-20 10:57:33,562: DEBUG: GoGo-Acct-Input-Voice-Packets: [0]
2013-11-20 10:57:33,562: DEBUG: GoGo-Total-Input-Octets: [5571322]
2013-11-20 10:57:33,562: DEBUG: GoGo-Total-Output-Packets: [18641]
2013-11-20 10:57:33,563: DEBUG: WISPr-Location-ID: [u'airline=BA01,tail=01009,network=']
2013-11-20 10:57:33,563: DEBUG: GoGo-Acct-Output-Voice-Gigawords: [0]
2013-11-20 10:57:33,563: DEBUG: Acct-Input-Octets: [5571322]
2013-11-20 10:57:33,563: ERROR: Network error, Reason: 'Network error: Too many open files'
2013-11-20 10:57:43,564: DEBUG: 

2013-11-20 10:57:43,565: DEBUG: Creating Accounting Update Request with the following Attributes:
2013-11-20 10:57:43,565: DEBUG: User-Name: [u'username58@airborne.aircell.com']
2013-11-20 10:57:43,565: DEBUG: GoGo-Tail-Number: [u'AAATestNAS_199']
2013-11-20 10:57:43,565: DEBUG: Acct-Output-Octets: [7965504]
2013-11-20 10:57:43,566: DEBUG: NAS-IP-Address: ['10.254.204.1']
2013-11-20 10:57:43,566: DEBUG: GoGo-Total-Output-Gigawords: [0]
2013-11-20 10:57:43,566: DEBUG: Framed-IP-Address: ['10.254.204.60']
2013-11-20 10:57:43,566: DEBUG: GoGo-Total-Input-Voice-Gigawords: [0]
2013-11-20 10:57:43,566: DEBUG: GoGo-Total-Output-Octets: [7965504]
2013-11-20 10:57:43,566: DEBUG: GoGo-Acct-Input-Voice-Octets: [0]
2013-11-20 10:57:43,566: DEBUG: GoGo-Total-Input-Voice-Packets: [0]
2013-11-20 10:57:43,567: DEBUG: Called-Station-Id: [u'00:16:3E:10:11:C7']
2013-11-20 10:57:43,567: DEBUG: WISPr-Location-Name: [u'TEST LLC,BA01_01009']
2013-11-20 10:57:43,567: DEBUG: NAS-Identifier: [u'C08386']
2013-11-20 10:57:43,567: DEBUG: Proxy-State: ['3330,3132']
2013-11-20 10:57:43,567: DEBUG: GoGo-Total-Input-Voice-Octets: [0]
2013-11-20 10:57:43,567: DEBUG: Acct-Status-Type: ['Interim-Update']
2013-11-20 10:57:43,567: DEBUG: GoGo-Total-Output-Voice-Gigawords: [0]
2013-11-20 10:57:43,568: DEBUG: GoGo-Airline: [u'BA01']
2013-11-20 10:57:43,568: DEBUG: Acct-Session-Id: [u'AAATestNAS_199-1384925243516-00163E1011C7-2']
2013-11-20 10:57:43,568: DEBUG: Acct-Session-Time: [10]
2013-11-20 10:57:43,568: DEBUG: Acct-Input-Packets: [1461]
2013-11-20 10:57:43,568: DEBUG: Acct-Output-Packets: [13699]
2013-11-20 10:57:43,568: DEBUG: GoGo-Acct-Output-Voice-Packets: [0]
2013-11-20 10:57:43,568: DEBUG: GoGo-Acct-Output-Voice-Octets: [0]
2013-11-20 10:57:43,568: DEBUG: Acct-Output-Gigawords: [0]
2013-11-20 10:57:43,569: DEBUG: GoGo-Total-Output-Voice-Packets: [0]
2013-11-20 10:57:43,569: DEBUG: Acct-Input-Gigawords: [0]
2013-11-20 10:57:43,569: DEBUG: Calling-Station-Id: [u'18:21:31:41:52:80']
2013-11-20 10:57:43,569: DEBUG: NAS-Port-Type: ['Wireless-802.11']
2013-11-20 10:57:43,569: DEBUG: GoGo-Total-Output-Voice-Octets: [0]
2013-11-20 10:57:43,569: DEBUG: GoGo-Private-IP-Address: ['192.168.1.179']
2013-11-20 10:57:43,569: DEBUG: GoGo-Acct-Input-Voice-Gigawords: [0]
2013-11-20 10:57:43,570: DEBUG: GoGo-Total-Input-Packets: [1461]
2013-11-20 10:57:43,570: DEBUG: GoGo-Total-Input-Gigawords: [0]
2013-11-20 10:57:43,570: DEBUG: GoGo-Acct-Input-Voice-Packets: [0]
2013-11-20 10:57:43,570: DEBUG: GoGo-Total-Input-Octets: [1359968]
2013-11-20 10:57:43,570: DEBUG: GoGo-Total-Output-Packets: [13699]
2013-11-20 10:57:43,570: DEBUG: WISPr-Location-ID: [u'airline=BA01,tail=01009,network=']
2013-11-20 10:57:43,570: DEBUG: GoGo-Acct-Output-Voice-Gigawords: [0]
2013-11-20 10:57:43,570: DEBUG: Acct-Input-Octets: [1359968]
2013-11-20 10:57:43,571: ERROR: Network error, Reason: 'Network error: Too many open files'
2013-11-20 10:57:43,571: DEBUG: User has abruptly end flag so ending the test with out AcctStop
2013-11-20 10:57:43,571: DEBUG: Ending the test for this user
