2013-11-20 10:57:25,518: DEBUG: Starting the client for the user username80@airborne.aircell.com to the server localhost

2013-11-20 10:57:25,518: DEBUG: DURATION of the TEST: 86
2013-11-20 10:57:25,519: DEBUG: NAS-IP: 10.254.225.1
2013-11-20 10:57:25,519: DEBUG: NAS-MAC-ADDR: 19:21:31:41:52:02
2013-11-20 10:57:25,519: DEBUG: Abruptly End: False
2013-11-20 10:57:25,519: DEBUG: Framed-IP: 10.254.225.150
2013-11-20 10:57:25,520: DEBUG: User-MAC-Addr: 00:16:3E:05:B4:78
2013-11-20 10:57:25,520: DEBUG: 

2013-11-20 10:57:25,521: DEBUG: Creating Authentication Request with the following Attributes:
2013-11-20 10:57:25,521: DEBUG: NAS-Identifier: [u'C08386']
2013-11-20 10:57:25,521: DEBUG: User-Name: [u'username80@airborne.aircell.com']
2013-11-20 10:57:25,522: DEBUG: NAS-IP-Address: ['10.254.225.1']
2013-11-20 10:57:25,522: DEBUG: Service-Type: ['Authenticate-Only']
2013-11-20 10:57:25,522: DEBUG: Proxy-State: ['3237,3134']
2013-11-20 10:57:25,522: DEBUG: Framed-IP-Address: ['10.254.225.150']
2013-11-20 10:57:25,523: DEBUG: GoGo-Airline: [u'BA01']
2013-11-20 10:57:25,523: DEBUG: Acct-Session-Id: [u'AAATestNAS_220-1384925245521-00163E05B478-2']
2013-11-20 10:57:25,523: DEBUG: GoGo-Tail-Number: [u'AAATestNAS_220']
2013-11-20 10:57:25,524: DEBUG: GoGo-Private-IP-Address: ['192.168.1.179']
2013-11-20 10:57:25,524: DEBUG: WISPr-Location-ID: [u'airline=BA01,tail=01009,network=']
2013-11-20 10:57:25,524: DEBUG: WISPr-Location-Name: [u'TEST LLC,BA01_01009']
2013-11-20 10:57:25,524: DEBUG: NAS-Port-Type: ['Wireless-802.11']
2013-11-20 10:57:25,524: DEBUG: Called-Station-Id: [u'00:16:3E:05:B4:78']
2013-11-20 10:57:25,525: DEBUG: Calling-Station-Id: [u'19:21:31:41:52:02']
2013-11-20 10:57:25,527: DEBUG: 

2013-11-20 10:57:25,527: DEBUG: Received response with code: 2, Accepted
2013-11-20 10:57:25,528: DEBUG: Creating Authentication Request with the following Attributes:
2013-11-20 10:57:25,529: DEBUG: NAS-Identifier: [u'C08386']
2013-11-20 10:57:25,529: DEBUG: User-Name: [u'username80@airborne.aircell.com']
2013-11-20 10:57:25,530: DEBUG: NAS-IP-Address: ['10.254.225.1']
2013-11-20 10:57:25,531: DEBUG: Service-Type: ['Login-User']
2013-11-20 10:57:25,531: DEBUG: Proxy-State: ['3237,3134']
2013-11-20 10:57:25,532: DEBUG: Framed-IP-Address: ['10.254.225.150']
2013-11-20 10:57:25,532: DEBUG: GoGo-Airline: [u'BA01']
2013-11-20 10:57:25,533: DEBUG: Acct-Session-Id: [u'AAATestNAS_220-1384925245528-00163E05B478-2']
2013-11-20 10:57:25,533: DEBUG: GoGo-Tail-Number: [u'AAATestNAS_220']
2013-11-20 10:57:25,533: DEBUG: GoGo-Private-IP-Address: ['192.168.1.179']
2013-11-20 10:57:25,534: DEBUG: WISPr-Location-ID: [u'airline=BA01,tail=01009,network=']
2013-11-20 10:57:25,535: DEBUG: WISPr-Location-Name: [u'TEST LLC,BA01_01009']
2013-11-20 10:57:25,535: DEBUG: NAS-Port-Type: ['Wireless-802.11']
2013-11-20 10:57:25,536: DEBUG: Called-Station-Id: [u'00:16:3E:05:B4:78']
2013-11-20 10:57:25,536: DEBUG: Calling-Station-Id: [u'19:21:31:41:52:02']
2013-11-20 10:57:25,538: DEBUG: 

2013-11-20 10:57:25,538: DEBUG: Received response with code: 2, Accepted
2013-11-20 10:57:25,539: DEBUG: 

2013-11-20 10:57:25,539: DEBUG: Creating Accounting start Request with the following Attributes:
2013-11-20 10:57:25,540: DEBUG: NAS-Identifier: [u'C08386']
2013-11-20 10:57:25,540: DEBUG: User-Name: [u'username80@airborne.aircell.com']
2013-11-20 10:57:25,541: DEBUG: GoGo-Tail-Number: [u'AAATestNAS_220']
2013-11-20 10:57:25,541: DEBUG: NAS-IP-Address: ['10.254.225.1']
2013-11-20 10:57:25,542: DEBUG: Proxy-State: ['3239,3131']
2013-11-20 10:57:25,543: DEBUG: Acct-Status-Type: ['Start']
2013-11-20 10:57:25,543: DEBUG: GoGo-Airline: [u'BA01']
2013-11-20 10:57:25,543: DEBUG: Acct-Session-Id: [u'AAATestNAS_220-1384925245528-00163E05B478-2']
2013-11-20 10:57:25,544: DEBUG: GoGo-Private-IP-Address: ['192.168.1.179']
2013-11-20 10:57:25,544: DEBUG: Framed-IP-Address: ['10.254.225.150']
2013-11-20 10:57:25,545: DEBUG: WISPr-Location-ID: [u'airline=BA01,tail=01009,network=']
2013-11-20 10:57:25,545: DEBUG: WISPr-Location-Name: [u'TEST LLC,BA01_01009']
2013-11-20 10:57:25,545: DEBUG: NAS-Port-Type: ['Wireless-802.11']
2013-11-20 10:57:25,545: DEBUG: Called-Station-Id: [u'00:16:3E:05:B4:78']
2013-11-20 10:57:25,545: DEBUG: Calling-Station-Id: [u'19:21:31:41:52:02']
2013-11-20 10:57:25,547: DEBUG: 

2013-11-20 10:57:25,548: DEBUG: Received response with following attributes:
2013-11-20 10:57:35,549: DEBUG: 

2013-11-20 10:57:35,549: DEBUG: Creating Accounting Update Request with the following Attributes:
2013-11-20 10:57:35,549: DEBUG: User-Name: [u'username80@airborne.aircell.com']
2013-11-20 10:57:35,549: DEBUG: GoGo-Tail-Number: [u'AAATestNAS_220']
2013-11-20 10:57:35,550: DEBUG: Acct-Output-Octets: [7036611]
2013-11-20 10:57:35,550: DEBUG: NAS-IP-Address: ['10.254.225.1']
2013-11-20 10:57:35,550: DEBUG: GoGo-Total-Output-Gigawords: [0]
2013-11-20 10:57:35,550: DEBUG: Framed-IP-Address: ['10.254.225.150']
2013-11-20 10:57:35,550: DEBUG: GoGo-Total-Input-Voice-Gigawords: [0]
2013-11-20 10:57:35,550: DEBUG: GoGo-Total-Output-Octets: [7036611]
2013-11-20 10:57:35,550: DEBUG: GoGo-Acct-Input-Voice-Octets: [0]
2013-11-20 10:57:35,550: DEBUG: GoGo-Total-Input-Voice-Packets: [0]
2013-11-20 10:57:35,550: DEBUG: Called-Station-Id: [u'00:16:3E:05:B4:78']
2013-11-20 10:57:35,551: DEBUG: WISPr-Location-Name: [u'TEST LLC,BA01_01009']
2013-11-20 10:57:35,551: DEBUG: NAS-Identifier: [u'C08386']
2013-11-20 10:57:35,551: DEBUG: Proxy-State: ['3330,3132']
2013-11-20 10:57:35,551: DEBUG: GoGo-Total-Input-Voice-Octets: [0]
2013-11-20 10:57:35,551: DEBUG: Acct-Status-Type: ['Interim-Update']
2013-11-20 10:57:35,551: DEBUG: GoGo-Total-Output-Voice-Gigawords: [0]
2013-11-20 10:57:35,551: DEBUG: GoGo-Airline: [u'BA01']
2013-11-20 10:57:35,551: DEBUG: Acct-Session-Id: [u'AAATestNAS_220-1384925245528-00163E05B478-2']
2013-11-20 10:57:35,551: DEBUG: Acct-Session-Time: [10]
2013-11-20 10:57:35,552: DEBUG: Acct-Input-Packets: [66041]
2013-11-20 10:57:35,552: DEBUG: Acct-Output-Packets: [61544]
2013-11-20 10:57:35,552: DEBUG: GoGo-Acct-Output-Voice-Packets: [0]
2013-11-20 10:57:35,552: DEBUG: GoGo-Acct-Output-Voice-Octets: [0]
2013-11-20 10:57:35,552: DEBUG: Acct-Output-Gigawords: [0]
2013-11-20 10:57:35,552: DEBUG: GoGo-Total-Output-Voice-Packets: [0]
2013-11-20 10:57:35,552: DEBUG: Acct-Input-Gigawords: [0]
2013-11-20 10:57:35,552: DEBUG: Calling-Station-Id: [u'19:21:31:41:52:02']
2013-11-20 10:57:35,552: DEBUG: NAS-Port-Type: ['Wireless-802.11']
2013-11-20 10:57:35,552: DEBUG: GoGo-Total-Output-Voice-Octets: [0]
2013-11-20 10:57:35,553: DEBUG: GoGo-Private-IP-Address: ['192.168.1.179']
2013-11-20 10:57:35,553: DEBUG: GoGo-Acct-Input-Voice-Gigawords: [0]
2013-11-20 10:57:35,553: DEBUG: GoGo-Total-Input-Packets: [66041]
2013-11-20 10:57:35,553: DEBUG: GoGo-Total-Input-Gigawords: [0]
2013-11-20 10:57:35,553: DEBUG: GoGo-Acct-Input-Voice-Packets: [0]
2013-11-20 10:57:35,553: DEBUG: GoGo-Total-Input-Octets: [9781047]
2013-11-20 10:57:35,553: DEBUG: GoGo-Total-Output-Packets: [61544]
2013-11-20 10:57:35,553: DEBUG: WISPr-Location-ID: [u'airline=BA01,tail=01009,network=']
2013-11-20 10:57:35,553: DEBUG: GoGo-Acct-Output-Voice-Gigawords: [0]
2013-11-20 10:57:35,553: DEBUG: Acct-Input-Octets: [9781047]
2013-11-20 10:57:35,554: ERROR: Network error, Reason: 'Network error: nodename nor servname provided, or not known'
2013-11-20 10:57:45,555: DEBUG: 

2013-11-20 10:57:45,555: DEBUG: Creating Accounting Update Request with the following Attributes:
2013-11-20 10:57:45,556: DEBUG: User-Name: [u'username80@airborne.aircell.com']
2013-11-20 10:57:45,556: DEBUG: GoGo-Tail-Number: [u'AAATestNAS_220']
2013-11-20 10:57:45,556: DEBUG: Acct-Output-Octets: [3196483]
2013-11-20 10:57:45,556: DEBUG: NAS-IP-Address: ['10.254.225.1']
2013-11-20 10:57:45,556: DEBUG: GoGo-Total-Output-Gigawords: [0]
2013-11-20 10:57:45,556: DEBUG: Framed-IP-Address: ['10.254.225.150']
2013-11-20 10:57:45,556: DEBUG: GoGo-Total-Input-Voice-Gigawords: [0]
2013-11-20 10:57:45,556: DEBUG: GoGo-Total-Output-Octets: [3196483]
2013-11-20 10:57:45,556: DEBUG: GoGo-Acct-Input-Voice-Octets: [0]
2013-11-20 10:57:45,557: DEBUG: GoGo-Total-Input-Voice-Packets: [0]
2013-11-20 10:57:45,557: DEBUG: Called-Station-Id: [u'00:16:3E:05:B4:78']
2013-11-20 10:57:45,557: DEBUG: WISPr-Location-Name: [u'TEST LLC,BA01_01009']
2013-11-20 10:57:45,557: DEBUG: NAS-Identifier: [u'C08386']
2013-11-20 10:57:45,557: DEBUG: Proxy-State: ['3330,3132']
2013-11-20 10:57:45,557: DEBUG: GoGo-Total-Input-Voice-Octets: [0]
2013-11-20 10:57:45,557: DEBUG: Acct-Status-Type: ['Interim-Update']
2013-11-20 10:57:45,557: DEBUG: GoGo-Total-Output-Voice-Gigawords: [0]
2013-11-20 10:57:45,557: DEBUG: GoGo-Airline: [u'BA01']
2013-11-20 10:57:45,557: DEBUG: Acct-Session-Id: [u'AAATestNAS_220-1384925245528-00163E05B478-2']
2013-11-20 10:57:45,558: DEBUG: Acct-Session-Time: [10]
2013-11-20 10:57:45,558: DEBUG: Acct-Input-Packets: [55430]
2013-11-20 10:57:45,558: DEBUG: Acct-Output-Packets: [25302]
2013-11-20 10:57:45,558: DEBUG: GoGo-Acct-Output-Voice-Packets: [0]
2013-11-20 10:57:45,558: DEBUG: GoGo-Acct-Output-Voice-Octets: [0]
2013-11-20 10:57:45,558: DEBUG: Acct-Output-Gigawords: [0]
2013-11-20 10:57:45,558: DEBUG: GoGo-Total-Output-Voice-Packets: [0]
2013-11-20 10:57:45,558: DEBUG: Acct-Input-Gigawords: [0]
2013-11-20 10:57:45,558: DEBUG: Calling-Station-Id: [u'19:21:31:41:52:02']
2013-11-20 10:57:45,558: DEBUG: NAS-Port-Type: ['Wireless-802.11']
2013-11-20 10:57:45,559: DEBUG: GoGo-Total-Output-Voice-Octets: [0]
2013-11-20 10:57:45,559: DEBUG: GoGo-Private-IP-Address: ['192.168.1.179']
2013-11-20 10:57:45,559: DEBUG: GoGo-Acct-Input-Voice-Gigawords: [0]
2013-11-20 10:57:45,559: DEBUG: GoGo-Total-Input-Packets: [55430]
2013-11-20 10:57:45,559: DEBUG: GoGo-Total-Input-Gigawords: [0]
2013-11-20 10:57:45,559: DEBUG: GoGo-Acct-Input-Voice-Packets: [0]
2013-11-20 10:57:45,559: DEBUG: GoGo-Total-Input-Octets: [9589540]
2013-11-20 10:57:45,559: DEBUG: GoGo-Total-Output-Packets: [25302]
2013-11-20 10:57:45,559: DEBUG: WISPr-Location-ID: [u'airline=BA01,tail=01009,network=']
2013-11-20 10:57:45,560: DEBUG: GoGo-Acct-Output-Voice-Gigawords: [0]
2013-11-20 10:57:45,560: DEBUG: Acct-Input-Octets: [9589540]
2013-11-20 10:57:45,562: DEBUG: 

2013-11-20 10:57:45,562: DEBUG: Received response with following attributes:
2013-11-20 10:57:55,563: DEBUG: 

2013-11-20 10:57:55,563: DEBUG: Creating Accounting Update Request with the following Attributes:
2013-11-20 10:57:55,564: DEBUG: User-Name: [u'username80@airborne.aircell.com']
2013-11-20 10:57:55,564: DEBUG: GoGo-Tail-Number: [u'AAATestNAS_220']
2013-11-20 10:57:55,564: DEBUG: Acct-Output-Octets: [7032551]
2013-11-20 10:57:55,564: DEBUG: NAS-IP-Address: ['10.254.225.1']
2013-11-20 10:57:55,564: DEBUG: GoGo-Total-Output-Gigawords: [0]
2013-11-20 10:57:55,564: DEBUG: Framed-IP-Address: ['10.254.225.150']
2013-11-20 10:57:55,564: DEBUG: GoGo-Total-Input-Voice-Gigawords: [0]
2013-11-20 10:57:55,565: DEBUG: GoGo-Total-Output-Octets: [7032551]
2013-11-20 10:57:55,565: DEBUG: GoGo-Acct-Input-Voice-Octets: [0]
2013-11-20 10:57:55,565: DEBUG: GoGo-Total-Input-Voice-Packets: [0]
2013-11-20 10:57:55,565: DEBUG: Called-Station-Id: [u'00:16:3E:05:B4:78']
2013-11-20 10:57:55,565: DEBUG: WISPr-Location-Name: [u'TEST LLC,BA01_01009']
2013-11-20 10:57:55,565: DEBUG: NAS-Identifier: [u'C08386']
2013-11-20 10:57:55,565: DEBUG: Proxy-State: ['3330,3132']
2013-11-20 10:57:55,565: DEBUG: GoGo-Total-Input-Voice-Octets: [0]
2013-11-20 10:57:55,565: DEBUG: Acct-Status-Type: ['Interim-Update']
2013-11-20 10:57:55,566: DEBUG: GoGo-Total-Output-Voice-Gigawords: [0]
2013-11-20 10:57:55,566: DEBUG: GoGo-Airline: [u'BA01']
2013-11-20 10:57:55,566: DEBUG: Acct-Session-Id: [u'AAATestNAS_220-1384925245528-00163E05B478-2']
2013-11-20 10:57:55,566: DEBUG: Acct-Session-Time: [10]
2013-11-20 10:57:55,566: DEBUG: Acct-Input-Packets: [13768]
2013-11-20 10:57:55,566: DEBUG: Acct-Output-Packets: [27753]
2013-11-20 10:57:55,566: DEBUG: GoGo-Acct-Output-Voice-Packets: [0]
2013-11-20 10:57:55,566: DEBUG: GoGo-Acct-Output-Voice-Octets: [0]
2013-11-20 10:57:55,566: DEBUG: Acct-Output-Gigawords: [0]
2013-11-20 10:57:55,566: DEBUG: GoGo-Total-Output-Voice-Packets: [0]
2013-11-20 10:57:55,567: DEBUG: Acct-Input-Gigawords: [0]
2013-11-20 10:57:55,567: DEBUG: Calling-Station-Id: [u'19:21:31:41:52:02']
2013-11-20 10:57:55,567: DEBUG: NAS-Port-Type: ['Wireless-802.11']
2013-11-20 10:57:55,567: DEBUG: GoGo-Total-Output-Voice-Octets: [0]
2013-11-20 10:57:55,567: DEBUG: GoGo-Private-IP-Address: ['192.168.1.179']
2013-11-20 10:57:55,567: DEBUG: GoGo-Acct-Input-Voice-Gigawords: [0]
2013-11-20 10:57:55,567: DEBUG: GoGo-Total-Input-Packets: [13768]
2013-11-20 10:57:55,567: DEBUG: GoGo-Total-Input-Gigawords: [0]
2013-11-20 10:57:55,567: DEBUG: GoGo-Acct-Input-Voice-Packets: [0]
2013-11-20 10:57:55,567: DEBUG: GoGo-Total-Input-Octets: [8199520]
2013-11-20 10:57:55,568: DEBUG: GoGo-Total-Output-Packets: [27753]
2013-11-20 10:57:55,568: DEBUG: WISPr-Location-ID: [u'airline=BA01,tail=01009,network=']
2013-11-20 10:57:55,568: DEBUG: GoGo-Acct-Output-Voice-Gigawords: [0]
2013-11-20 10:57:55,568: DEBUG: Acct-Input-Octets: [8199520]
2013-11-20 10:57:55,568: ERROR: Network error, Reason: 'Network error: Too many open files'
2013-11-20 10:58:05,569: DEBUG: 

2013-11-20 10:58:05,570: DEBUG: Creating Accounting Update Request with the following Attributes:
2013-11-20 10:58:05,570: DEBUG: User-Name: [u'username80@airborne.aircell.com']
2013-11-20 10:58:05,570: DEBUG: GoGo-Tail-Number: [u'AAATestNAS_220']
2013-11-20 10:58:05,571: DEBUG: Acct-Output-Octets: [1345036]
2013-11-20 10:58:05,571: DEBUG: NAS-IP-Address: ['10.254.225.1']
2013-11-20 10:58:05,571: DEBUG: GoGo-Total-Output-Gigawords: [0]
2013-11-20 10:58:05,571: DEBUG: Framed-IP-Address: ['10.254.225.150']
2013-11-20 10:58:05,572: DEBUG: GoGo-Total-Input-Voice-Gigawords: [0]
2013-11-20 10:58:05,572: DEBUG: GoGo-Total-Output-Octets: [1345036]
2013-11-20 10:58:05,572: DEBUG: GoGo-Acct-Input-Voice-Octets: [0]
2013-11-20 10:58:05,573: DEBUG: GoGo-Total-Input-Voice-Packets: [0]
2013-11-20 10:58:05,573: DEBUG: Called-Station-Id: [u'00:16:3E:05:B4:78']
2013-11-20 10:58:05,573: DEBUG: WISPr-Location-Name: [u'TEST LLC,BA01_01009']
2013-11-20 10:58:05,573: DEBUG: NAS-Identifier: [u'C08386']
2013-11-20 10:58:05,573: DEBUG: Proxy-State: ['3330,3132']
2013-11-20 10:58:05,574: DEBUG: GoGo-Total-Input-Voice-Octets: [0]
2013-11-20 10:58:05,574: DEBUG: Acct-Status-Type: ['Interim-Update']
2013-11-20 10:58:05,574: DEBUG: GoGo-Total-Output-Voice-Gigawords: [0]
2013-11-20 10:58:05,574: DEBUG: GoGo-Airline: [u'BA01']
2013-11-20 10:58:05,574: DEBUG: Acct-Session-Id: [u'AAATestNAS_220-1384925245528-00163E05B478-2']
2013-11-20 10:58:05,574: DEBUG: Acct-Session-Time: [10]
2013-11-20 10:58:05,574: DEBUG: Acct-Input-Packets: [81879]
2013-11-20 10:58:05,574: DEBUG: Acct-Output-Packets: [1592]
2013-11-20 10:58:05,574: DEBUG: GoGo-Acct-Output-Voice-Packets: [0]
2013-11-20 10:58:05,574: DEBUG: GoGo-Acct-Output-Voice-Octets: [0]
2013-11-20 10:58:05,575: DEBUG: Acct-Output-Gigawords: [0]
2013-11-20 10:58:05,575: DEBUG: GoGo-Total-Output-Voice-Packets: [0]
2013-11-20 10:58:05,575: DEBUG: Acct-Input-Gigawords: [0]
2013-11-20 10:58:05,575: DEBUG: Calling-Station-Id: [u'19:21:31:41:52:02']
2013-11-20 10:58:05,575: DEBUG: NAS-Port-Type: ['Wireless-802.11']
2013-11-20 10:58:05,575: DEBUG: GoGo-Total-Output-Voice-Octets: [0]
2013-11-20 10:58:05,575: DEBUG: GoGo-Private-IP-Address: ['192.168.1.179']
2013-11-20 10:58:05,575: DEBUG: GoGo-Acct-Input-Voice-Gigawords: [0]
2013-11-20 10:58:05,575: DEBUG: GoGo-Total-Input-Packets: [81879]
2013-11-20 10:58:05,576: DEBUG: GoGo-Total-Input-Gigawords: [0]
2013-11-20 10:58:05,576: DEBUG: GoGo-Acct-Input-Voice-Packets: [0]
2013-11-20 10:58:05,576: DEBUG: GoGo-Total-Input-Octets: [8411939]
2013-11-20 10:58:05,576: DEBUG: GoGo-Total-Output-Packets: [1592]
2013-11-20 10:58:05,576: DEBUG: WISPr-Location-ID: [u'airline=BA01,tail=01009,network=']
2013-11-20 10:58:05,576: DEBUG: GoGo-Acct-Output-Voice-Gigawords: [0]
2013-11-20 10:58:05,576: DEBUG: Acct-Input-Octets: [8411939]
2013-11-20 10:58:05,576: ERROR: Network error, Reason: 'Network error: Too many open files'
2013-11-20 10:58:15,577: DEBUG: 

2013-11-20 10:58:15,579: DEBUG: Creating Accounting Update Request with the following Attributes:
2013-11-20 10:58:15,580: DEBUG: User-Name: [u'username80@airborne.aircell.com']
2013-11-20 10:58:15,580: DEBUG: GoGo-Tail-Number: [u'AAATestNAS_220']
2013-11-20 10:58:15,581: DEBUG: Acct-Output-Octets: [8228271]
2013-11-20 10:58:15,581: DEBUG: NAS-IP-Address: ['10.254.225.1']
2013-11-20 10:58:15,582: DEBUG: GoGo-Total-Output-Gigawords: [0]
2013-11-20 10:58:15,582: DEBUG: Framed-IP-Address: ['10.254.225.150']
2013-11-20 10:58:15,583: DEBUG: GoGo-Total-Input-Voice-Gigawords: [0]
2013-11-20 10:58:15,583: DEBUG: GoGo-Total-Output-Octets: [8228271]
2013-11-20 10:58:15,583: DEBUG: GoGo-Acct-Input-Voice-Octets: [0]
2013-11-20 10:58:15,584: DEBUG: GoGo-Total-Input-Voice-Packets: [0]
2013-11-20 10:58:15,584: DEBUG: Called-Station-Id: [u'00:16:3E:05:B4:78']
2013-11-20 10:58:15,585: DEBUG: WISPr-Location-Name: [u'TEST LLC,BA01_01009']
2013-11-20 10:58:15,585: DEBUG: NAS-Identifier: [u'C08386']
2013-11-20 10:58:15,585: DEBUG: Proxy-State: ['3330,3132']
2013-11-20 10:58:15,586: DEBUG: GoGo-Total-Input-Voice-Octets: [0]
2013-11-20 10:58:15,586: DEBUG: Acct-Status-Type: ['Interim-Update']
2013-11-20 10:58:15,586: DEBUG: GoGo-Total-Output-Voice-Gigawords: [0]
2013-11-20 10:58:15,587: DEBUG: GoGo-Airline: [u'BA01']
2013-11-20 10:58:15,587: DEBUG: Acct-Session-Id: [u'AAATestNAS_220-1384925245528-00163E05B478-2']
2013-11-20 10:58:15,587: DEBUG: Acct-Session-Time: [10]
2013-11-20 10:58:15,588: DEBUG: Acct-Input-Packets: [20531]
2013-11-20 10:58:15,588: DEBUG: Acct-Output-Packets: [63620]
2013-11-20 10:58:15,589: DEBUG: GoGo-Acct-Output-Voice-Packets: [0]
2013-11-20 10:58:15,589: DEBUG: GoGo-Acct-Output-Voice-Octets: [0]
2013-11-20 10:58:15,589: DEBUG: Acct-Output-Gigawords: [0]
2013-11-20 10:58:15,590: DEBUG: GoGo-Total-Output-Voice-Packets: [0]
2013-11-20 10:58:15,590: DEBUG: Acct-Input-Gigawords: [0]
2013-11-20 10:58:15,591: DEBUG: Calling-Station-Id: [u'19:21:31:41:52:02']
2013-11-20 10:58:15,591: DEBUG: NAS-Port-Type: ['Wireless-802.11']
2013-11-20 10:58:15,591: DEBUG: GoGo-Total-Output-Voice-Octets: [0]
2013-11-20 10:58:15,592: DEBUG: GoGo-Private-IP-Address: ['192.168.1.179']
2013-11-20 10:58:15,592: DEBUG: GoGo-Acct-Input-Voice-Gigawords: [0]
2013-11-20 10:58:15,592: DEBUG: GoGo-Total-Input-Packets: [20531]
2013-11-20 10:58:15,592: DEBUG: GoGo-Total-Input-Gigawords: [0]
2013-11-20 10:58:15,593: DEBUG: GoGo-Acct-Input-Voice-Packets: [0]
2013-11-20 10:58:15,593: DEBUG: GoGo-Total-Input-Octets: [5426302]
2013-11-20 10:58:15,593: DEBUG: GoGo-Total-Output-Packets: [63620]
2013-11-20 10:58:15,593: DEBUG: WISPr-Location-ID: [u'airline=BA01,tail=01009,network=']
2013-11-20 10:58:15,594: DEBUG: GoGo-Acct-Output-Voice-Gigawords: [0]
2013-11-20 10:58:15,594: DEBUG: Acct-Input-Octets: [5426302]
2013-11-20 10:58:15,594: ERROR: Network error, Reason: 'Network error: Too many open files'
2013-11-20 10:58:25,595: DEBUG: 

2013-11-20 10:58:25,596: DEBUG: Creating Accounting Update Request with the following Attributes:
2013-11-20 10:58:25,596: DEBUG: User-Name: [u'username80@airborne.aircell.com']
2013-11-20 10:58:25,596: DEBUG: GoGo-Tail-Number: [u'AAATestNAS_220']
2013-11-20 10:58:25,596: DEBUG: Acct-Output-Octets: [1180755]
2013-11-20 10:58:25,596: DEBUG: NAS-IP-Address: ['10.254.225.1']
2013-11-20 10:58:25,596: DEBUG: GoGo-Total-Output-Gigawords: [0]
2013-11-20 10:58:25,596: DEBUG: Framed-IP-Address: ['10.254.225.150']
2013-11-20 10:58:25,597: DEBUG: GoGo-Total-Input-Voice-Gigawords: [0]
2013-11-20 10:58:25,597: DEBUG: GoGo-Total-Output-Octets: [1180755]
2013-11-20 10:58:25,597: DEBUG: GoGo-Acct-Input-Voice-Octets: [0]
2013-11-20 10:58:25,598: DEBUG: GoGo-Total-Input-Voice-Packets: [0]
2013-11-20 10:58:25,598: DEBUG: Called-Station-Id: [u'00:16:3E:05:B4:78']
2013-11-20 10:58:25,598: DEBUG: WISPr-Location-Name: [u'TEST LLC,BA01_01009']
2013-11-20 10:58:25,599: DEBUG: NAS-Identifier: [u'C08386']
2013-11-20 10:58:25,599: DEBUG: Proxy-State: ['3330,3132']
2013-11-20 10:58:25,599: DEBUG: GoGo-Total-Input-Voice-Octets: [0]
2013-11-20 10:58:25,599: DEBUG: Acct-Status-Type: ['Interim-Update']
2013-11-20 10:58:25,600: DEBUG: GoGo-Total-Output-Voice-Gigawords: [0]
2013-11-20 10:58:25,600: DEBUG: GoGo-Airline: [u'BA01']
2013-11-20 10:58:25,600: DEBUG: Acct-Session-Id: [u'AAATestNAS_220-1384925245528-00163E05B478-2']
2013-11-20 10:58:25,600: DEBUG: Acct-Session-Time: [10]
2013-11-20 10:58:25,601: DEBUG: Acct-Input-Packets: [30387]
2013-11-20 10:58:25,601: DEBUG: Acct-Output-Packets: [8332]
2013-11-20 10:58:25,601: DEBUG: GoGo-Acct-Output-Voice-Packets: [0]
2013-11-20 10:58:25,602: DEBUG: GoGo-Acct-Output-Voice-Octets: [0]
2013-11-20 10:58:25,602: DEBUG: Acct-Output-Gigawords: [0]
2013-11-20 10:58:25,602: DEBUG: GoGo-Total-Output-Voice-Packets: [0]
2013-11-20 10:58:25,602: DEBUG: Acct-Input-Gigawords: [0]
2013-11-20 10:58:25,602: DEBUG: Calling-Station-Id: [u'19:21:31:41:52:02']
2013-11-20 10:58:25,603: DEBUG: NAS-Port-Type: ['Wireless-802.11']
2013-11-20 10:58:25,603: DEBUG: GoGo-Total-Output-Voice-Octets: [0]
2013-11-20 10:58:25,603: DEBUG: GoGo-Private-IP-Address: ['192.168.1.179']
2013-11-20 10:58:25,604: DEBUG: GoGo-Acct-Input-Voice-Gigawords: [0]
2013-11-20 10:58:25,604: DEBUG: GoGo-Total-Input-Packets: [30387]
2013-11-20 10:58:25,604: DEBUG: GoGo-Total-Input-Gigawords: [0]
2013-11-20 10:58:25,604: DEBUG: GoGo-Acct-Input-Voice-Packets: [0]
2013-11-20 10:58:25,605: DEBUG: GoGo-Total-Input-Octets: [6709571]
2013-11-20 10:58:25,605: DEBUG: GoGo-Total-Output-Packets: [8332]
2013-11-20 10:58:25,605: DEBUG: WISPr-Location-ID: [u'airline=BA01,tail=01009,network=']
2013-11-20 10:58:25,605: DEBUG: GoGo-Acct-Output-Voice-Gigawords: [0]
2013-11-20 10:58:25,605: DEBUG: Acct-Input-Octets: [6709571]
2013-11-20 10:58:25,606: ERROR: Network error, Reason: 'Network error: Too many open files'
2013-11-20 10:58:35,607: DEBUG: 

2013-11-20 10:58:35,608: DEBUG: Creating Accounting Update Request with the following Attributes:
2013-11-20 10:58:35,608: DEBUG: User-Name: [u'username80@airborne.aircell.com']
2013-11-20 10:58:35,608: DEBUG: GoGo-Tail-Number: [u'AAATestNAS_220']
2013-11-20 10:58:35,608: DEBUG: Acct-Output-Octets: [2893082]
2013-11-20 10:58:35,609: DEBUG: NAS-IP-Address: ['10.254.225.1']
2013-11-20 10:58:35,609: DEBUG: GoGo-Total-Output-Gigawords: [0]
2013-11-20 10:58:35,609: DEBUG: Framed-IP-Address: ['10.254.225.150']
2013-11-20 10:58:35,609: DEBUG: GoGo-Total-Input-Voice-Gigawords: [0]
2013-11-20 10:58:35,609: DEBUG: GoGo-Total-Output-Octets: [2893082]
2013-11-20 10:58:35,610: DEBUG: GoGo-Acct-Input-Voice-Octets: [0]
2013-11-20 10:58:35,611: DEBUG: GoGo-Total-Input-Voice-Packets: [0]
2013-11-20 10:58:35,612: DEBUG: Called-Station-Id: [u'00:16:3E:05:B4:78']
2013-11-20 10:58:35,612: DEBUG: WISPr-Location-Name: [u'TEST LLC,BA01_01009']
2013-11-20 10:58:35,613: DEBUG: NAS-Identifier: [u'C08386']
2013-11-20 10:58:35,613: DEBUG: Proxy-State: ['3330,3132']
2013-11-20 10:58:35,613: DEBUG: GoGo-Total-Input-Voice-Octets: [0]
2013-11-20 10:58:35,614: DEBUG: Acct-Status-Type: ['Interim-Update']
2013-11-20 10:58:35,614: DEBUG: GoGo-Total-Output-Voice-Gigawords: [0]
2013-11-20 10:58:35,615: DEBUG: GoGo-Airline: [u'BA01']
2013-11-20 10:58:35,615: DEBUG: Acct-Session-Id: [u'AAATestNAS_220-1384925245528-00163E05B478-2']
2013-11-20 10:58:35,616: DEBUG: Acct-Session-Time: [10]
2013-11-20 10:58:35,616: DEBUG: Acct-Input-Packets: [11543]
2013-11-20 10:58:35,617: DEBUG: Acct-Output-Packets: [6318]
2013-11-20 10:58:35,617: DEBUG: GoGo-Acct-Output-Voice-Packets: [0]
2013-11-20 10:58:35,617: DEBUG: GoGo-Acct-Output-Voice-Octets: [0]
2013-11-20 10:58:35,618: DEBUG: Acct-Output-Gigawords: [0]
2013-11-20 10:58:35,618: DEBUG: GoGo-Total-Output-Voice-Packets: [0]
2013-11-20 10:58:35,618: DEBUG: Acct-Input-Gigawords: [0]
2013-11-20 10:58:35,619: DEBUG: Calling-Station-Id: [u'19:21:31:41:52:02']
2013-11-20 10:58:35,619: DEBUG: NAS-Port-Type: ['Wireless-802.11']
2013-11-20 10:58:35,619: DEBUG: GoGo-Total-Output-Voice-Octets: [0]
2013-11-20 10:58:35,620: DEBUG: GoGo-Private-IP-Address: ['192.168.1.179']
2013-11-20 10:58:35,620: DEBUG: GoGo-Acct-Input-Voice-Gigawords: [0]
2013-11-20 10:58:35,620: DEBUG: GoGo-Total-Input-Packets: [11543]
2013-11-20 10:58:35,621: DEBUG: GoGo-Total-Input-Gigawords: [0]
2013-11-20 10:58:35,621: DEBUG: GoGo-Acct-Input-Voice-Packets: [0]
2013-11-20 10:58:35,621: DEBUG: GoGo-Total-Input-Octets: [1366851]
2013-11-20 10:58:35,621: DEBUG: GoGo-Total-Output-Packets: [6318]
2013-11-20 10:58:35,622: DEBUG: WISPr-Location-ID: [u'airline=BA01,tail=01009,network=']
2013-11-20 10:58:35,622: DEBUG: GoGo-Acct-Output-Voice-Gigawords: [0]
2013-11-20 10:58:35,623: DEBUG: Acct-Input-Octets: [1366851]
2013-11-20 10:58:35,623: ERROR: Network error, Reason: 'Network error: Too many open files'
2013-11-20 10:58:45,624: DEBUG: 

2013-11-20 10:58:45,625: DEBUG: Creating Accounting Update Request with the following Attributes:
2013-11-20 10:58:45,625: DEBUG: User-Name: [u'username80@airborne.aircell.com']
2013-11-20 10:58:45,625: DEBUG: GoGo-Tail-Number: [u'AAATestNAS_220']
2013-11-20 10:58:45,625: DEBUG: Acct-Output-Octets: [4862224]
2013-11-20 10:58:45,626: DEBUG: NAS-IP-Address: ['10.254.225.1']
2013-11-20 10:58:45,626: DEBUG: GoGo-Total-Output-Gigawords: [0]
2013-11-20 10:58:45,626: DEBUG: Framed-IP-Address: ['10.254.225.150']
2013-11-20 10:58:45,626: DEBUG: GoGo-Total-Input-Voice-Gigawords: [0]
2013-11-20 10:58:45,626: DEBUG: GoGo-Total-Output-Octets: [4862224]
2013-11-20 10:58:45,627: DEBUG: GoGo-Acct-Input-Voice-Octets: [0]
2013-11-20 10:58:45,627: DEBUG: GoGo-Total-Input-Voice-Packets: [0]
2013-11-20 10:58:45,627: DEBUG: Called-Station-Id: [u'00:16:3E:05:B4:78']
2013-11-20 10:58:45,627: DEBUG: WISPr-Location-Name: [u'TEST LLC,BA01_01009']
2013-11-20 10:58:45,627: DEBUG: NAS-Identifier: [u'C08386']
2013-11-20 10:58:45,628: DEBUG: Proxy-State: ['3330,3132']
2013-11-20 10:58:45,628: DEBUG: GoGo-Total-Input-Voice-Octets: [0]
2013-11-20 10:58:45,628: DEBUG: Acct-Status-Type: ['Interim-Update']
2013-11-20 10:58:45,628: DEBUG: GoGo-Total-Output-Voice-Gigawords: [0]
2013-11-20 10:58:45,628: DEBUG: GoGo-Airline: [u'BA01']
2013-11-20 10:58:45,628: DEBUG: Acct-Session-Id: [u'AAATestNAS_220-1384925245528-00163E05B478-2']
2013-11-20 10:58:45,629: DEBUG: Acct-Session-Time: [10]
2013-11-20 10:58:45,629: DEBUG: Acct-Input-Packets: [8810]
2013-11-20 10:58:45,629: DEBUG: Acct-Output-Packets: [47206]
2013-11-20 10:58:45,629: DEBUG: GoGo-Acct-Output-Voice-Packets: [0]
2013-11-20 10:58:45,629: DEBUG: GoGo-Acct-Output-Voice-Octets: [0]
2013-11-20 10:58:45,629: DEBUG: Acct-Output-Gigawords: [0]
2013-11-20 10:58:45,629: DEBUG: GoGo-Total-Output-Voice-Packets: [0]
2013-11-20 10:58:45,630: DEBUG: Acct-Input-Gigawords: [0]
2013-11-20 10:58:45,630: DEBUG: Calling-Station-Id: [u'19:21:31:41:52:02']
2013-11-20 10:58:45,630: DEBUG: NAS-Port-Type: ['Wireless-802.11']
2013-11-20 10:58:45,630: DEBUG: GoGo-Total-Output-Voice-Octets: [0]
2013-11-20 10:58:45,630: DEBUG: GoGo-Private-IP-Address: ['192.168.1.179']
2013-11-20 10:58:45,630: DEBUG: GoGo-Acct-Input-Voice-Gigawords: [0]
2013-11-20 10:58:45,631: DEBUG: GoGo-Total-Input-Packets: [8810]
2013-11-20 10:58:45,631: DEBUG: GoGo-Total-Input-Gigawords: [0]
2013-11-20 10:58:45,631: DEBUG: GoGo-Acct-Input-Voice-Packets: [0]
2013-11-20 10:58:45,631: DEBUG: GoGo-Total-Input-Octets: [1850382]
2013-11-20 10:58:45,631: DEBUG: GoGo-Total-Output-Packets: [47206]
2013-11-20 10:58:45,631: DEBUG: WISPr-Location-ID: [u'airline=BA01,tail=01009,network=']
2013-11-20 10:58:45,631: DEBUG: GoGo-Acct-Output-Voice-Gigawords: [0]
2013-11-20 10:58:45,632: DEBUG: Acct-Input-Octets: [1850382]
2013-11-20 10:58:45,632: ERROR: Network error, Reason: 'Network error: Too many open files'
2013-11-20 10:58:51,632: DEBUG: 

2013-11-20 10:58:51,633: DEBUG: Creating Accounting Update Request with the following Attributes:
2013-11-20 10:58:51,633: DEBUG: User-Name: [u'username80@airborne.aircell.com']
2013-11-20 10:58:51,633: DEBUG: GoGo-Tail-Number: [u'AAATestNAS_220']
2013-11-20 10:58:51,633: DEBUG: Acct-Output-Octets: [1129352]
2013-11-20 10:58:51,633: DEBUG: NAS-IP-Address: ['10.254.225.1']
2013-11-20 10:58:51,633: DEBUG: GoGo-Total-Output-Gigawords: [0]
2013-11-20 10:58:51,634: DEBUG: Framed-IP-Address: ['10.254.225.150']
2013-11-20 10:58:51,634: DEBUG: GoGo-Total-Input-Voice-Gigawords: [0]
2013-11-20 10:58:51,634: DEBUG: GoGo-Total-Output-Octets: [1129352]
2013-11-20 10:58:51,634: DEBUG: GoGo-Acct-Input-Voice-Octets: [0]
2013-11-20 10:58:51,634: DEBUG: GoGo-Total-Input-Voice-Packets: [0]
2013-11-20 10:58:51,634: DEBUG: Called-Station-Id: [u'00:16:3E:05:B4:78']
2013-11-20 10:58:51,634: DEBUG: WISPr-Location-Name: [u'TEST LLC,BA01_01009']
2013-11-20 10:58:51,634: DEBUG: NAS-Identifier: [u'C08386']
2013-11-20 10:58:51,634: DEBUG: Proxy-State: ['3330,3132']
2013-11-20 10:58:51,635: DEBUG: GoGo-Total-Input-Voice-Octets: [0]
2013-11-20 10:58:51,635: DEBUG: Acct-Status-Type: ['Interim-Update']
2013-11-20 10:58:51,635: DEBUG: GoGo-Total-Output-Voice-Gigawords: [0]
2013-11-20 10:58:51,635: DEBUG: GoGo-Airline: [u'BA01']
2013-11-20 10:58:51,635: DEBUG: Acct-Session-Id: [u'AAATestNAS_220-1384925245528-00163E05B478-2']
2013-11-20 10:58:51,635: DEBUG: Acct-Session-Time: [6]
2013-11-20 10:58:51,635: DEBUG: Acct-Input-Packets: [13509]
2013-11-20 10:58:51,635: DEBUG: Acct-Output-Packets: [10133]
2013-11-20 10:58:51,635: DEBUG: GoGo-Acct-Output-Voice-Packets: [0]
2013-11-20 10:58:51,635: DEBUG: GoGo-Acct-Output-Voice-Octets: [0]
2013-11-20 10:58:51,636: DEBUG: Acct-Output-Gigawords: [0]
2013-11-20 10:58:51,636: DEBUG: GoGo-Total-Output-Voice-Packets: [0]
2013-11-20 10:58:51,636: DEBUG: Acct-Input-Gigawords: [0]
2013-11-20 10:58:51,636: DEBUG: Calling-Station-Id: [u'19:21:31:41:52:02']
2013-11-20 10:58:51,636: DEBUG: NAS-Port-Type: ['Wireless-802.11']
2013-11-20 10:58:51,636: DEBUG: GoGo-Total-Output-Voice-Octets: [0]
2013-11-20 10:58:51,636: DEBUG: GoGo-Private-IP-Address: ['192.168.1.179']
2013-11-20 10:58:51,636: DEBUG: GoGo-Acct-Input-Voice-Gigawords: [0]
2013-11-20 10:58:51,636: DEBUG: GoGo-Total-Input-Packets: [13509]
2013-11-20 10:58:51,637: DEBUG: GoGo-Total-Input-Gigawords: [0]
2013-11-20 10:58:51,637: DEBUG: GoGo-Acct-Input-Voice-Packets: [0]
2013-11-20 10:58:51,637: DEBUG: GoGo-Total-Input-Octets: [7095387]
2013-11-20 10:58:51,637: DEBUG: GoGo-Total-Output-Packets: [10133]
2013-11-20 10:58:51,637: DEBUG: WISPr-Location-ID: [u'airline=BA01,tail=01009,network=']
2013-11-20 10:58:51,637: DEBUG: GoGo-Acct-Output-Voice-Gigawords: [0]
2013-11-20 10:58:51,637: DEBUG: Acct-Input-Octets: [7095387]
2013-11-20 10:58:51,637: ERROR: Network error, Reason: 'Network error: Too many open files'
2013-11-20 10:59:09,638: DEBUG: 

2013-11-20 10:59:09,639: DEBUG: Creating Accounting Stop Request with the following Attributes:
2013-11-20 10:59:09,639: DEBUG: User-Name: [u'username80@airborne.aircell.com']
2013-11-20 10:59:09,639: DEBUG: GoGo-Tail-Number: [u'01009']
2013-11-20 10:59:09,639: DEBUG: Acct-Output-Octets: [1747144]
2013-11-20 10:59:09,639: DEBUG: NAS-IP-Address: ['10.254.225.1']
2013-11-20 10:59:09,639: DEBUG: GoGo-Total-Output-Gigawords: [0]
2013-11-20 10:59:09,640: DEBUG: Framed-IP-Address: ['10.254.225.150']
2013-11-20 10:59:09,640: DEBUG: GoGo-Total-Input-Voice-Gigawords: [0]
2013-11-20 10:59:09,640: DEBUG: GoGo-Total-Output-Octets: [1747144]
2013-11-20 10:59:09,640: DEBUG: GoGo-Acct-Input-Voice-Octets: [0]
2013-11-20 10:59:09,640: DEBUG: GoGo-Total-Input-Voice-Packets: [0]
2013-11-20 10:59:09,640: DEBUG: Called-Station-Id: [u'00:16:3E:05:B4:78']
2013-11-20 10:59:09,640: DEBUG: WISPr-Location-Name: [u'TEST LLC,BA01_01009']
2013-11-20 10:59:09,640: DEBUG: NAS-Identifier: [u'C08386']
2013-11-20 10:59:09,640: DEBUG: Proxy-State: ['3330,3132']
2013-11-20 10:59:09,640: DEBUG: GoGo-Total-Input-Voice-Octets: [0]
2013-11-20 10:59:09,641: DEBUG: Acct-Status-Type: ['Stop']
2013-11-20 10:59:09,641: DEBUG: GoGo-Total-Output-Voice-Gigawords: [0]
2013-11-20 10:59:09,641: DEBUG: GoGo-Airline: [u'BA01']
2013-11-20 10:59:09,641: DEBUG: Acct-Session-Id: [u'AAATestNAS_220-1384925245528-00163E05B478-2']
2013-11-20 10:59:09,641: DEBUG: Acct-Session-Time: [18]
2013-11-20 10:59:09,641: DEBUG: Acct-Input-Packets: [38117]
2013-11-20 10:59:09,641: DEBUG: Acct-Output-Packets: [4115]
2013-11-20 10:59:09,641: DEBUG: Acct-Terminate-Cause: ['User-Request']
2013-11-20 10:59:09,641: DEBUG: GoGo-Acct-Output-Voice-Octets: [0]
2013-11-20 10:59:09,641: DEBUG: Acct-Output-Gigawords: [0]
2013-11-20 10:59:09,642: DEBUG: GoGo-Total-Output-Voice-Packets: [0]
2013-11-20 10:59:09,642: DEBUG: Acct-Input-Gigawords: [0]
2013-11-20 10:59:09,642: DEBUG: Calling-Station-Id: [u'19:21:31:41:52:02']
2013-11-20 10:59:09,642: DEBUG: NAS-Port-Type: ['Wireless-802.11']
2013-11-20 10:59:09,642: DEBUG: GoGo-Total-Output-Voice-Octets: [0]
2013-11-20 10:59:09,642: DEBUG: GoGo-Private-IP-Address: ['192.168.1.179']
2013-11-20 10:59:09,642: DEBUG: GoGo-Acct-Input-Voice-Gigawords: [0]
2013-11-20 10:59:09,642: DEBUG: GoGo-Total-Input-Packets: [38117]
2013-11-20 10:59:09,642: DEBUG: GoGo-Total-Input-Gigawords: [0]
2013-11-20 10:59:09,642: DEBUG: GoGo-Acct-Input-Voice-Packets: [0]
2013-11-20 10:59:09,643: DEBUG: GoGo-Total-Input-Octets: [4826185]
2013-11-20 10:59:09,643: DEBUG: GoGo-Total-Output-Packets: [4115]
2013-11-20 10:59:09,643: DEBUG: WISPr-Location-ID: [u'airline=BA01,tail=01009,network=']
2013-11-20 10:59:09,643: DEBUG: GoGo-Acct-Output-Voice-Packets: [0]
2013-11-20 10:59:09,643: DEBUG: GoGo-Acct-Output-Voice-Gigawords: [0]
2013-11-20 10:59:09,643: DEBUG: Acct-Input-Octets: [4826185]
2013-11-20 10:59:09,643: ERROR: Network error, Reason: 'Network error: Too many open files'
2013-11-20 10:59:09,643: ERROR: Ending the test for this user
2013-11-20 10:59:09,643: DEBUG: Ending the test for this user
2013-11-20 10:59:10,642: DEBUG: Starting the client for the user username80@airborne.aircell.com to the server localhost

2013-11-20 10:59:10,642: DEBUG: DURATION of the TEST: 14
2013-11-20 10:59:10,642: DEBUG: NAS-IP: 10.254.220.1
2013-11-20 10:59:10,642: DEBUG: NAS-MAC-ADDR: 18:21:31:41:52:96
2013-11-20 10:59:10,642: DEBUG: Abruptly End: False
2013-11-20 10:59:10,642: DEBUG: Framed-IP: 10.254.220.13
2013-11-20 10:59:10,642: DEBUG: User-MAC-Addr: 00:16:3E:68:FF:01
2013-11-20 10:59:10,643: DEBUG: 

2013-11-20 10:59:10,643: DEBUG: Creating Authentication Request with the following Attributes:
2013-11-20 10:59:10,643: DEBUG: NAS-Identifier: [u'C08386']
2013-11-20 10:59:10,644: DEBUG: User-Name: [u'username80@airborne.aircell.com']
2013-11-20 10:59:10,644: DEBUG: NAS-IP-Address: ['10.254.220.1']
2013-11-20 10:59:10,644: DEBUG: Service-Type: ['Authenticate-Only']
2013-11-20 10:59:10,644: DEBUG: Proxy-State: ['3237,3134']
2013-11-20 10:59:10,644: DEBUG: Framed-IP-Address: ['10.254.220.13']
2013-11-20 10:59:10,644: DEBUG: GoGo-Airline: [u'BA01']
2013-11-20 10:59:10,644: DEBUG: Acct-Session-Id: [u'AAATestNAS_215-1384925350643-00163E68FF01-4']
2013-11-20 10:59:10,645: DEBUG: GoGo-Tail-Number: [u'AAATestNAS_215']
2013-11-20 10:59:10,645: DEBUG: GoGo-Private-IP-Address: ['192.168.1.179']
2013-11-20 10:59:10,645: DEBUG: WISPr-Location-ID: [u'airline=BA01,tail=01009,network=']
2013-11-20 10:59:10,645: DEBUG: WISPr-Location-Name: [u'TEST LLC,BA01_01009']
2013-11-20 10:59:10,645: DEBUG: NAS-Port-Type: ['Wireless-802.11']
2013-11-20 10:59:10,645: DEBUG: Called-Station-Id: [u'00:16:3E:68:FF:01']
2013-11-20 10:59:10,645: DEBUG: Calling-Station-Id: [u'18:21:31:41:52:96']
2013-11-20 10:59:10,646: ERROR: Network error, Reason: 'Network error: nodename nor servname provided, or not known'
2013-11-20 10:59:10,646: DEBUG: Ending the test for this user
