2013-11-20 10:56:16,437: DEBUG: Starting the client for the user username1@airborne.aircell.com to the server localhost

2013-11-20 10:56:16,437: DEBUG: DURATION of the TEST: 96
2013-11-20 10:56:16,438: DEBUG: NAS-IP: 10.254.96.1
2013-11-20 10:56:16,438: DEBUG: NAS-MAC-ADDR: 17:21:31:41:52:61
2013-11-20 10:56:16,438: DEBUG: Abruptly End: False
2013-11-20 10:56:16,438: DEBUG: Framed-IP: 10.254.96.182
2013-11-20 10:56:16,438: DEBUG: User-MAC-Addr: 00:16:3E:51:0A:B4
2013-11-20 10:56:16,438: DEBUG: 

2013-11-20 10:56:16,439: DEBUG: Creating Authentication Request with the following Attributes:
2013-11-20 10:56:16,439: DEBUG: NAS-Identifier: [u'C08386']
2013-11-20 10:56:16,439: DEBUG: User-Name: [u'username1@airborne.aircell.com']
2013-11-20 10:56:16,439: DEBUG: NAS-IP-Address: ['10.254.96.1']
2013-11-20 10:56:16,439: DEBUG: Service-Type: ['Authenticate-Only']
2013-11-20 10:56:16,439: DEBUG: Proxy-State: ['3237,3134']
2013-11-20 10:56:16,439: DEBUG: Framed-IP-Address: ['10.254.96.182']
2013-11-20 10:56:16,439: DEBUG: GoGo-Airline: [u'BA01']
2013-11-20 10:56:16,439: DEBUG: Acct-Session-Id: [u'AAATestNAS_91-1384925176438-00163E510AB4-1']
2013-11-20 10:56:16,440: DEBUG: GoGo-Tail-Number: [u'AAATestNAS_91']
2013-11-20 10:56:16,440: DEBUG: GoGo-Private-IP-Address: ['192.168.1.179']
2013-11-20 10:56:16,440: DEBUG: WISPr-Location-ID: [u'airline=BA01,tail=01009,network=']
2013-11-20 10:56:16,440: DEBUG: WISPr-Location-Name: [u'TEST LLC,BA01_01009']
2013-11-20 10:56:16,440: DEBUG: NAS-Port-Type: ['Wireless-802.11']
2013-11-20 10:56:16,440: DEBUG: Called-Station-Id: [u'00:16:3E:51:0A:B4']
2013-11-20 10:56:16,440: DEBUG: Calling-Station-Id: [u'17:21:31:41:52:61']
2013-11-20 10:56:16,441: DEBUG: 

2013-11-20 10:56:16,441: DEBUG: Received response with code: 2, Accepted
2013-11-20 10:56:16,442: DEBUG: Creating Authentication Request with the following Attributes:
2013-11-20 10:56:16,442: DEBUG: NAS-Identifier: [u'C08386']
2013-11-20 10:56:16,442: DEBUG: User-Name: [u'username1@airborne.aircell.com']
2013-11-20 10:56:16,442: DEBUG: NAS-IP-Address: ['10.254.96.1']
2013-11-20 10:56:16,442: DEBUG: Service-Type: ['Login-User']
2013-11-20 10:56:16,442: DEBUG: Proxy-State: ['3237,3134']
2013-11-20 10:56:16,442: DEBUG: Framed-IP-Address: ['10.254.96.182']
2013-11-20 10:56:16,442: DEBUG: GoGo-Airline: [u'BA01']
2013-11-20 10:56:16,442: DEBUG: Acct-Session-Id: [u'AAATestNAS_91-1384925176441-00163E510AB4-1']
2013-11-20 10:56:16,443: DEBUG: GoGo-Tail-Number: [u'AAATestNAS_91']
2013-11-20 10:56:16,443: DEBUG: GoGo-Private-IP-Address: ['192.168.1.179']
2013-11-20 10:56:16,443: DEBUG: WISPr-Location-ID: [u'airline=BA01,tail=01009,network=']
2013-11-20 10:56:16,443: DEBUG: WISPr-Location-Name: [u'TEST LLC,BA01_01009']
2013-11-20 10:56:16,443: DEBUG: NAS-Port-Type: ['Wireless-802.11']
2013-11-20 10:56:16,443: DEBUG: Called-Station-Id: [u'00:16:3E:51:0A:B4']
2013-11-20 10:56:16,443: DEBUG: Calling-Station-Id: [u'17:21:31:41:52:61']
2013-11-20 10:56:16,444: DEBUG: 

2013-11-20 10:56:16,444: DEBUG: Received response with code: 2, Accepted
2013-11-20 10:56:16,444: DEBUG: 

2013-11-20 10:56:16,444: DEBUG: Creating Accounting start Request with the following Attributes:
2013-11-20 10:56:16,445: DEBUG: NAS-Identifier: [u'C08386']
2013-11-20 10:56:16,445: DEBUG: User-Name: [u'username1@airborne.aircell.com']
2013-11-20 10:56:16,445: DEBUG: GoGo-Tail-Number: [u'AAATestNAS_91']
2013-11-20 10:56:16,445: DEBUG: NAS-IP-Address: ['10.254.96.1']
2013-11-20 10:56:16,445: DEBUG: Proxy-State: ['3239,3131']
2013-11-20 10:56:16,445: DEBUG: Acct-Status-Type: ['Start']
2013-11-20 10:56:16,445: DEBUG: GoGo-Airline: [u'BA01']
2013-11-20 10:56:16,445: DEBUG: Acct-Session-Id: [u'AAATestNAS_91-1384925176441-00163E510AB4-1']
2013-11-20 10:56:16,445: DEBUG: GoGo-Private-IP-Address: ['192.168.1.179']
2013-11-20 10:56:16,446: DEBUG: Framed-IP-Address: ['10.254.96.182']
2013-11-20 10:56:16,446: DEBUG: WISPr-Location-ID: [u'airline=BA01,tail=01009,network=']
2013-11-20 10:56:16,446: DEBUG: WISPr-Location-Name: [u'TEST LLC,BA01_01009']
2013-11-20 10:56:16,446: DEBUG: NAS-Port-Type: ['Wireless-802.11']
2013-11-20 10:56:16,446: DEBUG: Called-Station-Id: [u'00:16:3E:51:0A:B4']
2013-11-20 10:56:16,446: DEBUG: Calling-Station-Id: [u'17:21:31:41:52:61']
2013-11-20 10:56:16,447: DEBUG: 

2013-11-20 10:56:16,447: DEBUG: Received response with following attributes:
2013-11-20 10:56:26,448: DEBUG: 

2013-11-20 10:56:26,450: DEBUG: Creating Accounting Update Request with the following Attributes:
2013-11-20 10:56:26,450: DEBUG: User-Name: [u'username1@airborne.aircell.com']
2013-11-20 10:56:26,451: DEBUG: GoGo-Tail-Number: [u'AAATestNAS_91']
2013-11-20 10:56:26,452: DEBUG: Acct-Output-Octets: [6588252]
2013-11-20 10:56:26,452: DEBUG: NAS-IP-Address: ['10.254.96.1']
2013-11-20 10:56:26,453: DEBUG: GoGo-Total-Output-Gigawords: [0]
2013-11-20 10:56:26,453: DEBUG: Framed-IP-Address: ['10.254.96.182']
2013-11-20 10:56:26,454: DEBUG: GoGo-Total-Input-Voice-Gigawords: [0]
2013-11-20 10:56:26,455: DEBUG: GoGo-Total-Output-Octets: [6588252]
2013-11-20 10:56:26,455: DEBUG: GoGo-Acct-Input-Voice-Octets: [0]
2013-11-20 10:56:26,456: DEBUG: GoGo-Total-Input-Voice-Packets: [0]
2013-11-20 10:56:26,456: DEBUG: Called-Station-Id: [u'00:16:3E:51:0A:B4']
2013-11-20 10:56:26,457: DEBUG: WISPr-Location-Name: [u'TEST LLC,BA01_01009']
2013-11-20 10:56:26,458: DEBUG: NAS-Identifier: [u'C08386']
2013-11-20 10:56:26,458: DEBUG: Proxy-State: ['3330,3132']
2013-11-20 10:56:26,458: DEBUG: GoGo-Total-Input-Voice-Octets: [0]
2013-11-20 10:56:26,458: DEBUG: Acct-Status-Type: ['Interim-Update']
2013-11-20 10:56:26,459: DEBUG: GoGo-Total-Output-Voice-Gigawords: [0]
2013-11-20 10:56:26,460: DEBUG: GoGo-Airline: [u'BA01']
2013-11-20 10:56:26,460: DEBUG: Acct-Session-Id: [u'AAATestNAS_91-1384925176441-00163E510AB4-1']
2013-11-20 10:56:26,461: DEBUG: Acct-Session-Time: [10]
2013-11-20 10:56:26,462: DEBUG: Acct-Input-Packets: [53497]
2013-11-20 10:56:26,462: DEBUG: Acct-Output-Packets: [13675]
2013-11-20 10:56:26,462: DEBUG: GoGo-Acct-Output-Voice-Packets: [0]
2013-11-20 10:56:26,463: DEBUG: GoGo-Acct-Output-Voice-Octets: [0]
2013-11-20 10:56:26,463: DEBUG: Acct-Output-Gigawords: [0]
2013-11-20 10:56:26,463: DEBUG: GoGo-Total-Output-Voice-Packets: [0]
2013-11-20 10:56:26,464: DEBUG: Acct-Input-Gigawords: [0]
2013-11-20 10:56:26,464: DEBUG: Calling-Station-Id: [u'17:21:31:41:52:61']
2013-11-20 10:56:26,464: DEBUG: NAS-Port-Type: ['Wireless-802.11']
2013-11-20 10:56:26,465: DEBUG: GoGo-Total-Output-Voice-Octets: [0]
2013-11-20 10:56:26,465: DEBUG: GoGo-Private-IP-Address: ['192.168.1.179']
2013-11-20 10:56:26,466: DEBUG: GoGo-Acct-Input-Voice-Gigawords: [0]
2013-11-20 10:56:26,467: DEBUG: GoGo-Total-Input-Packets: [53497]
2013-11-20 10:56:26,467: DEBUG: GoGo-Total-Input-Gigawords: [0]
2013-11-20 10:56:26,467: DEBUG: GoGo-Acct-Input-Voice-Packets: [0]
2013-11-20 10:56:26,468: DEBUG: GoGo-Total-Input-Octets: [8186762]
2013-11-20 10:56:26,468: DEBUG: GoGo-Total-Output-Packets: [13675]
2013-11-20 10:56:26,468: DEBUG: WISPr-Location-ID: [u'airline=BA01,tail=01009,network=']
2013-11-20 10:56:26,468: DEBUG: GoGo-Acct-Output-Voice-Gigawords: [0]
2013-11-20 10:56:26,469: DEBUG: Acct-Input-Octets: [8186762]
2013-11-20 10:56:26,471: DEBUG: 

2013-11-20 10:56:26,471: DEBUG: Received response with following attributes:
2013-11-20 10:56:36,473: DEBUG: 

2013-11-20 10:56:36,473: DEBUG: Creating Accounting Update Request with the following Attributes:
2013-11-20 10:56:36,473: DEBUG: User-Name: [u'username1@airborne.aircell.com']
2013-11-20 10:56:36,473: DEBUG: GoGo-Tail-Number: [u'AAATestNAS_91']
2013-11-20 10:56:36,473: DEBUG: Acct-Output-Octets: [3251972]
2013-11-20 10:56:36,474: DEBUG: NAS-IP-Address: ['10.254.96.1']
2013-11-20 10:56:36,474: DEBUG: GoGo-Total-Output-Gigawords: [0]
2013-11-20 10:56:36,474: DEBUG: Framed-IP-Address: ['10.254.96.182']
2013-11-20 10:56:36,474: DEBUG: GoGo-Total-Input-Voice-Gigawords: [0]
2013-11-20 10:56:36,474: DEBUG: GoGo-Total-Output-Octets: [3251972]
2013-11-20 10:56:36,474: DEBUG: GoGo-Acct-Input-Voice-Octets: [0]
2013-11-20 10:56:36,474: DEBUG: GoGo-Total-Input-Voice-Packets: [0]
2013-11-20 10:56:36,474: DEBUG: Called-Station-Id: [u'00:16:3E:51:0A:B4']
2013-11-20 10:56:36,474: DEBUG: WISPr-Location-Name: [u'TEST LLC,BA01_01009']
2013-11-20 10:56:36,475: DEBUG: NAS-Identifier: [u'C08386']
2013-11-20 10:56:36,475: DEBUG: Proxy-State: ['3330,3132']
2013-11-20 10:56:36,475: DEBUG: GoGo-Total-Input-Voice-Octets: [0]
2013-11-20 10:56:36,475: DEBUG: Acct-Status-Type: ['Interim-Update']
2013-11-20 10:56:36,475: DEBUG: GoGo-Total-Output-Voice-Gigawords: [0]
2013-11-20 10:56:36,475: DEBUG: GoGo-Airline: [u'BA01']
2013-11-20 10:56:36,475: DEBUG: Acct-Session-Id: [u'AAATestNAS_91-1384925176441-00163E510AB4-1']
2013-11-20 10:56:36,475: DEBUG: Acct-Session-Time: [10]
2013-11-20 10:56:36,475: DEBUG: Acct-Input-Packets: [10017]
2013-11-20 10:56:36,476: DEBUG: Acct-Output-Packets: [9684]
2013-11-20 10:56:36,476: DEBUG: GoGo-Acct-Output-Voice-Packets: [0]
2013-11-20 10:56:36,476: DEBUG: GoGo-Acct-Output-Voice-Octets: [0]
2013-11-20 10:56:36,476: DEBUG: Acct-Output-Gigawords: [0]
2013-11-20 10:56:36,476: DEBUG: GoGo-Total-Output-Voice-Packets: [0]
2013-11-20 10:56:36,476: DEBUG: Acct-Input-Gigawords: [0]
2013-11-20 10:56:36,476: DEBUG: Calling-Station-Id: [u'17:21:31:41:52:61']
2013-11-20 10:56:36,476: DEBUG: NAS-Port-Type: ['Wireless-802.11']
2013-11-20 10:56:36,476: DEBUG: GoGo-Total-Output-Voice-Octets: [0]
2013-11-20 10:56:36,476: DEBUG: GoGo-Private-IP-Address: ['192.168.1.179']
2013-11-20 10:56:36,477: DEBUG: GoGo-Acct-Input-Voice-Gigawords: [0]
2013-11-20 10:56:36,477: DEBUG: GoGo-Total-Input-Packets: [10017]
2013-11-20 10:56:36,477: DEBUG: GoGo-Total-Input-Gigawords: [0]
2013-11-20 10:56:36,477: DEBUG: GoGo-Acct-Input-Voice-Packets: [0]
2013-11-20 10:56:36,477: DEBUG: GoGo-Total-Input-Octets: [3060263]
2013-11-20 10:56:36,477: DEBUG: GoGo-Total-Output-Packets: [9684]
2013-11-20 10:56:36,477: DEBUG: WISPr-Location-ID: [u'airline=BA01,tail=01009,network=']
2013-11-20 10:56:36,478: DEBUG: GoGo-Acct-Output-Voice-Gigawords: [0]
2013-11-20 10:56:36,478: DEBUG: Acct-Input-Octets: [3060263]
2013-11-20 10:56:36,481: DEBUG: 

2013-11-20 10:56:36,481: DEBUG: Received response with following attributes:
2013-11-20 10:56:46,483: DEBUG: 

2013-11-20 10:56:46,483: DEBUG: Creating Accounting Update Request with the following Attributes:
2013-11-20 10:56:46,484: DEBUG: User-Name: [u'username1@airborne.aircell.com']
2013-11-20 10:56:46,484: DEBUG: GoGo-Tail-Number: [u'AAATestNAS_91']
2013-11-20 10:56:46,485: DEBUG: Acct-Output-Octets: [1214636]
2013-11-20 10:56:46,485: DEBUG: NAS-IP-Address: ['10.254.96.1']
2013-11-20 10:56:46,485: DEBUG: GoGo-Total-Output-Gigawords: [0]
2013-11-20 10:56:46,486: DEBUG: Framed-IP-Address: ['10.254.96.182']
2013-11-20 10:56:46,486: DEBUG: GoGo-Total-Input-Voice-Gigawords: [0]
2013-11-20 10:56:46,486: DEBUG: GoGo-Total-Output-Octets: [1214636]
2013-11-20 10:56:46,486: DEBUG: GoGo-Acct-Input-Voice-Octets: [0]
2013-11-20 10:56:46,487: DEBUG: GoGo-Total-Input-Voice-Packets: [0]
2013-11-20 10:56:46,487: DEBUG: Called-Station-Id: [u'00:16:3E:51:0A:B4']
2013-11-20 10:56:46,487: DEBUG: WISPr-Location-Name: [u'TEST LLC,BA01_01009']
2013-11-20 10:56:46,488: DEBUG: NAS-Identifier: [u'C08386']
2013-11-20 10:56:46,488: DEBUG: Proxy-State: ['3330,3132']
2013-11-20 10:56:46,488: DEBUG: GoGo-Total-Input-Voice-Octets: [0]
2013-11-20 10:56:46,489: DEBUG: Acct-Status-Type: ['Interim-Update']
2013-11-20 10:56:46,489: DEBUG: GoGo-Total-Output-Voice-Gigawords: [0]
2013-11-20 10:56:46,489: DEBUG: GoGo-Airline: [u'BA01']
2013-11-20 10:56:46,489: DEBUG: Acct-Session-Id: [u'AAATestNAS_91-1384925176441-00163E510AB4-1']
2013-11-20 10:56:46,489: DEBUG: Acct-Session-Time: [10]
2013-11-20 10:56:46,489: DEBUG: Acct-Input-Packets: [43238]
2013-11-20 10:56:46,490: DEBUG: Acct-Output-Packets: [3745]
2013-11-20 10:56:46,490: DEBUG: GoGo-Acct-Output-Voice-Packets: [0]
2013-11-20 10:56:46,490: DEBUG: GoGo-Acct-Output-Voice-Octets: [0]
2013-11-20 10:56:46,490: DEBUG: Acct-Output-Gigawords: [0]
2013-11-20 10:56:46,490: DEBUG: GoGo-Total-Output-Voice-Packets: [0]
2013-11-20 10:56:46,490: DEBUG: Acct-Input-Gigawords: [0]
2013-11-20 10:56:46,491: DEBUG: Calling-Station-Id: [u'17:21:31:41:52:61']
2013-11-20 10:56:46,491: DEBUG: NAS-Port-Type: ['Wireless-802.11']
2013-11-20 10:56:46,491: DEBUG: GoGo-Total-Output-Voice-Octets: [0]
2013-11-20 10:56:46,492: DEBUG: GoGo-Private-IP-Address: ['192.168.1.179']
2013-11-20 10:56:46,492: DEBUG: GoGo-Acct-Input-Voice-Gigawords: [0]
2013-11-20 10:56:46,492: DEBUG: GoGo-Total-Input-Packets: [43238]
2013-11-20 10:56:46,493: DEBUG: GoGo-Total-Input-Gigawords: [0]
2013-11-20 10:56:46,493: DEBUG: GoGo-Acct-Input-Voice-Packets: [0]
2013-11-20 10:56:46,493: DEBUG: GoGo-Total-Input-Octets: [7155117]
2013-11-20 10:56:46,493: DEBUG: GoGo-Total-Output-Packets: [3745]
2013-11-20 10:56:46,494: DEBUG: WISPr-Location-ID: [u'airline=BA01,tail=01009,network=']
2013-11-20 10:56:46,494: DEBUG: GoGo-Acct-Output-Voice-Gigawords: [0]
2013-11-20 10:56:46,495: DEBUG: Acct-Input-Octets: [7155117]
2013-11-20 10:56:46,498: DEBUG: 

2013-11-20 10:56:46,498: DEBUG: Received response with following attributes:
2013-11-20 10:56:56,499: DEBUG: 

2013-11-20 10:56:56,500: DEBUG: Creating Accounting Update Request with the following Attributes:
2013-11-20 10:56:56,500: DEBUG: User-Name: [u'username1@airborne.aircell.com']
2013-11-20 10:56:56,500: DEBUG: GoGo-Tail-Number: [u'AAATestNAS_91']
2013-11-20 10:56:56,501: DEBUG: Acct-Output-Octets: [5040717]
2013-11-20 10:56:56,501: DEBUG: NAS-IP-Address: ['10.254.96.1']
2013-11-20 10:56:56,501: DEBUG: GoGo-Total-Output-Gigawords: [0]
2013-11-20 10:56:56,502: DEBUG: Framed-IP-Address: ['10.254.96.182']
2013-11-20 10:56:56,502: DEBUG: GoGo-Total-Input-Voice-Gigawords: [0]
2013-11-20 10:56:56,503: DEBUG: GoGo-Total-Output-Octets: [5040717]
2013-11-20 10:56:56,503: DEBUG: GoGo-Acct-Input-Voice-Octets: [0]
2013-11-20 10:56:56,504: DEBUG: GoGo-Total-Input-Voice-Packets: [0]
2013-11-20 10:56:56,504: DEBUG: Called-Station-Id: [u'00:16:3E:51:0A:B4']
2013-11-20 10:56:56,505: DEBUG: WISPr-Location-Name: [u'TEST LLC,BA01_01009']
2013-11-20 10:56:56,505: DEBUG: NAS-Identifier: [u'C08386']
2013-11-20 10:56:56,505: DEBUG: Proxy-State: ['3330,3132']
2013-11-20 10:56:56,506: DEBUG: GoGo-Total-Input-Voice-Octets: [0]
2013-11-20 10:56:56,506: DEBUG: Acct-Status-Type: ['Interim-Update']
2013-11-20 10:56:56,506: DEBUG: GoGo-Total-Output-Voice-Gigawords: [0]
2013-11-20 10:56:56,507: DEBUG: GoGo-Airline: [u'BA01']
2013-11-20 10:56:56,507: DEBUG: Acct-Session-Id: [u'AAATestNAS_91-1384925176441-00163E510AB4-1']
2013-11-20 10:56:56,507: DEBUG: Acct-Session-Time: [10]
2013-11-20 10:56:56,507: DEBUG: Acct-Input-Packets: [80162]
2013-11-20 10:56:56,508: DEBUG: Acct-Output-Packets: [31421]
2013-11-20 10:56:56,508: DEBUG: GoGo-Acct-Output-Voice-Packets: [0]
2013-11-20 10:56:56,508: DEBUG: GoGo-Acct-Output-Voice-Octets: [0]
2013-11-20 10:56:56,509: DEBUG: Acct-Output-Gigawords: [0]
2013-11-20 10:56:56,509: DEBUG: GoGo-Total-Output-Voice-Packets: [0]
2013-11-20 10:56:56,509: DEBUG: Acct-Input-Gigawords: [0]
2013-11-20 10:56:56,510: DEBUG: Calling-Station-Id: [u'17:21:31:41:52:61']
2013-11-20 10:56:56,510: DEBUG: NAS-Port-Type: ['Wireless-802.11']
2013-11-20 10:56:56,510: DEBUG: GoGo-Total-Output-Voice-Octets: [0]
2013-11-20 10:56:56,510: DEBUG: GoGo-Private-IP-Address: ['192.168.1.179']
2013-11-20 10:56:56,511: DEBUG: GoGo-Acct-Input-Voice-Gigawords: [0]
2013-11-20 10:56:56,511: DEBUG: GoGo-Total-Input-Packets: [80162]
2013-11-20 10:56:56,511: DEBUG: GoGo-Total-Input-Gigawords: [0]
2013-11-20 10:56:56,512: DEBUG: GoGo-Acct-Input-Voice-Packets: [0]
2013-11-20 10:56:56,512: DEBUG: GoGo-Total-Input-Octets: [9199529]
2013-11-20 10:56:56,512: DEBUG: GoGo-Total-Output-Packets: [31421]
2013-11-20 10:56:56,513: DEBUG: WISPr-Location-ID: [u'airline=BA01,tail=01009,network=']
2013-11-20 10:56:56,513: DEBUG: GoGo-Acct-Output-Voice-Gigawords: [0]
2013-11-20 10:56:56,514: DEBUG: Acct-Input-Octets: [9199529]
2013-11-20 10:56:56,516: DEBUG: 

2013-11-20 10:56:56,516: DEBUG: Received response with following attributes:
2013-11-20 10:57:06,518: DEBUG: 

2013-11-20 10:57:06,519: DEBUG: Creating Accounting Update Request with the following Attributes:
2013-11-20 10:57:06,519: DEBUG: User-Name: [u'username1@airborne.aircell.com']
2013-11-20 10:57:06,521: DEBUG: GoGo-Tail-Number: [u'AAATestNAS_91']
2013-11-20 10:57:06,522: DEBUG: Acct-Output-Octets: [9467168]
2013-11-20 10:57:06,522: DEBUG: NAS-IP-Address: ['10.254.96.1']
2013-11-20 10:57:06,522: DEBUG: GoGo-Total-Output-Gigawords: [0]
2013-11-20 10:57:06,523: DEBUG: Framed-IP-Address: ['10.254.96.182']
2013-11-20 10:57:06,523: DEBUG: GoGo-Total-Input-Voice-Gigawords: [0]
2013-11-20 10:57:06,524: DEBUG: GoGo-Total-Output-Octets: [9467168]
2013-11-20 10:57:06,527: DEBUG: GoGo-Acct-Input-Voice-Octets: [0]
2013-11-20 10:57:06,528: DEBUG: GoGo-Total-Input-Voice-Packets: [0]
2013-11-20 10:57:06,530: DEBUG: Called-Station-Id: [u'00:16:3E:51:0A:B4']
2013-11-20 10:57:06,531: DEBUG: WISPr-Location-Name: [u'TEST LLC,BA01_01009']
2013-11-20 10:57:06,532: DEBUG: NAS-Identifier: [u'C08386']
2013-11-20 10:57:06,532: DEBUG: Proxy-State: ['3330,3132']
2013-11-20 10:57:06,533: DEBUG: GoGo-Total-Input-Voice-Octets: [0]
2013-11-20 10:57:06,535: DEBUG: Acct-Status-Type: ['Interim-Update']
2013-11-20 10:57:06,535: DEBUG: GoGo-Total-Output-Voice-Gigawords: [0]
2013-11-20 10:57:06,535: DEBUG: GoGo-Airline: [u'BA01']
2013-11-20 10:57:06,536: DEBUG: Acct-Session-Id: [u'AAATestNAS_91-1384925176441-00163E510AB4-1']
2013-11-20 10:57:06,538: DEBUG: Acct-Session-Time: [10]
2013-11-20 10:57:06,538: DEBUG: Acct-Input-Packets: [65104]
2013-11-20 10:57:06,539: DEBUG: Acct-Output-Packets: [68681]
2013-11-20 10:57:06,540: DEBUG: GoGo-Acct-Output-Voice-Packets: [0]
2013-11-20 10:57:06,541: DEBUG: GoGo-Acct-Output-Voice-Octets: [0]
2013-11-20 10:57:06,542: DEBUG: Acct-Output-Gigawords: [0]
2013-11-20 10:57:06,542: DEBUG: GoGo-Total-Output-Voice-Packets: [0]
2013-11-20 10:57:06,543: DEBUG: Acct-Input-Gigawords: [0]
2013-11-20 10:57:06,543: DEBUG: Calling-Station-Id: [u'17:21:31:41:52:61']
2013-11-20 10:57:06,544: DEBUG: NAS-Port-Type: ['Wireless-802.11']
2013-11-20 10:57:06,545: DEBUG: GoGo-Total-Output-Voice-Octets: [0]
2013-11-20 10:57:06,546: DEBUG: GoGo-Private-IP-Address: ['192.168.1.179']
2013-11-20 10:57:06,546: DEBUG: GoGo-Acct-Input-Voice-Gigawords: [0]
2013-11-20 10:57:06,547: DEBUG: GoGo-Total-Input-Packets: [65104]
2013-11-20 10:57:06,548: DEBUG: GoGo-Total-Input-Gigawords: [0]
2013-11-20 10:57:06,548: DEBUG: GoGo-Acct-Input-Voice-Packets: [0]
2013-11-20 10:57:06,548: DEBUG: GoGo-Total-Input-Octets: [6830701]
2013-11-20 10:57:06,549: DEBUG: GoGo-Total-Output-Packets: [68681]
2013-11-20 10:57:06,549: DEBUG: WISPr-Location-ID: [u'airline=BA01,tail=01009,network=']
2013-11-20 10:57:06,550: DEBUG: GoGo-Acct-Output-Voice-Gigawords: [0]
2013-11-20 10:57:06,550: DEBUG: Acct-Input-Octets: [6830701]
2013-11-20 10:57:06,553: DEBUG: 

2013-11-20 10:57:06,553: DEBUG: Received response with following attributes:
2013-11-20 10:57:16,554: DEBUG: 

2013-11-20 10:57:16,555: DEBUG: Creating Accounting Update Request with the following Attributes:
2013-11-20 10:57:16,556: DEBUG: User-Name: [u'username1@airborne.aircell.com']
2013-11-20 10:57:16,557: DEBUG: GoGo-Tail-Number: [u'AAATestNAS_91']
2013-11-20 10:57:16,558: DEBUG: Acct-Output-Octets: [6589368]
2013-11-20 10:57:16,559: DEBUG: NAS-IP-Address: ['10.254.96.1']
2013-11-20 10:57:16,560: DEBUG: GoGo-Total-Output-Gigawords: [0]
2013-11-20 10:57:16,560: DEBUG: Framed-IP-Address: ['10.254.96.182']
2013-11-20 10:57:16,562: DEBUG: GoGo-Total-Input-Voice-Gigawords: [0]
2013-11-20 10:57:16,562: DEBUG: GoGo-Total-Output-Octets: [6589368]
2013-11-20 10:57:16,563: DEBUG: GoGo-Acct-Input-Voice-Octets: [0]
2013-11-20 10:57:16,564: DEBUG: GoGo-Total-Input-Voice-Packets: [0]
2013-11-20 10:57:16,565: DEBUG: Called-Station-Id: [u'00:16:3E:51:0A:B4']
2013-11-20 10:57:16,566: DEBUG: WISPr-Location-Name: [u'TEST LLC,BA01_01009']
2013-11-20 10:57:16,566: DEBUG: NAS-Identifier: [u'C08386']
2013-11-20 10:57:16,567: DEBUG: Proxy-State: ['3330,3132']
2013-11-20 10:57:16,567: DEBUG: GoGo-Total-Input-Voice-Octets: [0]
2013-11-20 10:57:16,568: DEBUG: Acct-Status-Type: ['Interim-Update']
2013-11-20 10:57:16,568: DEBUG: GoGo-Total-Output-Voice-Gigawords: [0]
2013-11-20 10:57:16,569: DEBUG: GoGo-Airline: [u'BA01']
2013-11-20 10:57:16,570: DEBUG: Acct-Session-Id: [u'AAATestNAS_91-1384925176441-00163E510AB4-1']
2013-11-20 10:57:16,570: DEBUG: Acct-Session-Time: [10]
2013-11-20 10:57:16,570: DEBUG: Acct-Input-Packets: [40877]
2013-11-20 10:57:16,571: DEBUG: Acct-Output-Packets: [30052]
2013-11-20 10:57:16,571: DEBUG: GoGo-Acct-Output-Voice-Packets: [0]
2013-11-20 10:57:16,572: DEBUG: GoGo-Acct-Output-Voice-Octets: [0]
2013-11-20 10:57:16,572: DEBUG: Acct-Output-Gigawords: [0]
2013-11-20 10:57:16,573: DEBUG: GoGo-Total-Output-Voice-Packets: [0]
2013-11-20 10:57:16,574: DEBUG: Acct-Input-Gigawords: [0]
2013-11-20 10:57:16,574: DEBUG: Calling-Station-Id: [u'17:21:31:41:52:61']
2013-11-20 10:57:16,574: DEBUG: NAS-Port-Type: ['Wireless-802.11']
2013-11-20 10:57:16,575: DEBUG: GoGo-Total-Output-Voice-Octets: [0]
2013-11-20 10:57:16,575: DEBUG: GoGo-Private-IP-Address: ['192.168.1.179']
2013-11-20 10:57:16,575: DEBUG: GoGo-Acct-Input-Voice-Gigawords: [0]
2013-11-20 10:57:16,576: DEBUG: GoGo-Total-Input-Packets: [40877]
2013-11-20 10:57:16,576: DEBUG: GoGo-Total-Input-Gigawords: [0]
2013-11-20 10:57:16,576: DEBUG: GoGo-Acct-Input-Voice-Packets: [0]
2013-11-20 10:57:16,577: DEBUG: GoGo-Total-Input-Octets: [7873383]
2013-11-20 10:57:16,577: DEBUG: GoGo-Total-Output-Packets: [30052]
2013-11-20 10:57:16,577: DEBUG: WISPr-Location-ID: [u'airline=BA01,tail=01009,network=']
2013-11-20 10:57:16,577: DEBUG: GoGo-Acct-Output-Voice-Gigawords: [0]
2013-11-20 10:57:16,577: DEBUG: Acct-Input-Octets: [7873383]
2013-11-20 10:57:16,579: DEBUG: 

2013-11-20 10:57:16,580: DEBUG: Received response with following attributes:
2013-11-20 10:57:26,580: DEBUG: 

2013-11-20 10:57:26,581: DEBUG: Creating Accounting Update Request with the following Attributes:
2013-11-20 10:57:26,582: DEBUG: User-Name: [u'username1@airborne.aircell.com']
2013-11-20 10:57:26,582: DEBUG: GoGo-Tail-Number: [u'AAATestNAS_91']
2013-11-20 10:57:26,583: DEBUG: Acct-Output-Octets: [2519228]
2013-11-20 10:57:26,583: DEBUG: NAS-IP-Address: ['10.254.96.1']
2013-11-20 10:57:26,583: DEBUG: GoGo-Total-Output-Gigawords: [0]
2013-11-20 10:57:26,584: DEBUG: Framed-IP-Address: ['10.254.96.182']
2013-11-20 10:57:26,584: DEBUG: GoGo-Total-Input-Voice-Gigawords: [0]
2013-11-20 10:57:26,584: DEBUG: GoGo-Total-Output-Octets: [2519228]
2013-11-20 10:57:26,585: DEBUG: GoGo-Acct-Input-Voice-Octets: [0]
2013-11-20 10:57:26,585: DEBUG: GoGo-Total-Input-Voice-Packets: [0]
2013-11-20 10:57:26,586: DEBUG: Called-Station-Id: [u'00:16:3E:51:0A:B4']
2013-11-20 10:57:26,586: DEBUG: WISPr-Location-Name: [u'TEST LLC,BA01_01009']
2013-11-20 10:57:26,586: DEBUG: NAS-Identifier: [u'C08386']
2013-11-20 10:57:26,587: DEBUG: Proxy-State: ['3330,3132']
2013-11-20 10:57:26,587: DEBUG: GoGo-Total-Input-Voice-Octets: [0]
2013-11-20 10:57:26,587: DEBUG: Acct-Status-Type: ['Interim-Update']
2013-11-20 10:57:26,588: DEBUG: GoGo-Total-Output-Voice-Gigawords: [0]
2013-11-20 10:57:26,588: DEBUG: GoGo-Airline: [u'BA01']
2013-11-20 10:57:26,588: DEBUG: Acct-Session-Id: [u'AAATestNAS_91-1384925176441-00163E510AB4-1']
2013-11-20 10:57:26,588: DEBUG: Acct-Session-Time: [10]
2013-11-20 10:57:26,589: DEBUG: Acct-Input-Packets: [44391]
2013-11-20 10:57:26,589: DEBUG: Acct-Output-Packets: [16069]
2013-11-20 10:57:26,589: DEBUG: GoGo-Acct-Output-Voice-Packets: [0]
2013-11-20 10:57:26,589: DEBUG: GoGo-Acct-Output-Voice-Octets: [0]
2013-11-20 10:57:26,590: DEBUG: Acct-Output-Gigawords: [0]
2013-11-20 10:57:26,590: DEBUG: GoGo-Total-Output-Voice-Packets: [0]
2013-11-20 10:57:26,590: DEBUG: Acct-Input-Gigawords: [0]
2013-11-20 10:57:26,591: DEBUG: Calling-Station-Id: [u'17:21:31:41:52:61']
2013-11-20 10:57:26,591: DEBUG: NAS-Port-Type: ['Wireless-802.11']
2013-11-20 10:57:26,591: DEBUG: GoGo-Total-Output-Voice-Octets: [0]
2013-11-20 10:57:26,591: DEBUG: GoGo-Private-IP-Address: ['192.168.1.179']
2013-11-20 10:57:26,592: DEBUG: GoGo-Acct-Input-Voice-Gigawords: [0]
2013-11-20 10:57:26,592: DEBUG: GoGo-Total-Input-Packets: [44391]
2013-11-20 10:57:26,592: DEBUG: GoGo-Total-Input-Gigawords: [0]
2013-11-20 10:57:26,592: DEBUG: GoGo-Acct-Input-Voice-Packets: [0]
2013-11-20 10:57:26,593: DEBUG: GoGo-Total-Input-Octets: [7204694]
2013-11-20 10:57:26,593: DEBUG: GoGo-Total-Output-Packets: [16069]
2013-11-20 10:57:26,593: DEBUG: WISPr-Location-ID: [u'airline=BA01,tail=01009,network=']
2013-11-20 10:57:26,594: DEBUG: GoGo-Acct-Output-Voice-Gigawords: [0]
2013-11-20 10:57:26,594: DEBUG: Acct-Input-Octets: [7204694]
2013-11-20 10:57:26,596: DEBUG: 

2013-11-20 10:57:26,596: DEBUG: Received response with following attributes:
2013-11-20 10:57:36,596: DEBUG: 

2013-11-20 10:57:36,597: DEBUG: Creating Accounting Update Request with the following Attributes:
2013-11-20 10:57:36,597: DEBUG: User-Name: [u'username1@airborne.aircell.com']
2013-11-20 10:57:36,598: DEBUG: GoGo-Tail-Number: [u'AAATestNAS_91']
2013-11-20 10:57:36,598: DEBUG: Acct-Output-Octets: [4750712]
2013-11-20 10:57:36,598: DEBUG: NAS-IP-Address: ['10.254.96.1']
2013-11-20 10:57:36,599: DEBUG: GoGo-Total-Output-Gigawords: [0]
2013-11-20 10:57:36,599: DEBUG: Framed-IP-Address: ['10.254.96.182']
2013-11-20 10:57:36,599: DEBUG: GoGo-Total-Input-Voice-Gigawords: [0]
2013-11-20 10:57:36,600: DEBUG: GoGo-Total-Output-Octets: [4750712]
2013-11-20 10:57:36,600: DEBUG: GoGo-Acct-Input-Voice-Octets: [0]
2013-11-20 10:57:36,600: DEBUG: GoGo-Total-Input-Voice-Packets: [0]
2013-11-20 10:57:36,601: DEBUG: Called-Station-Id: [u'00:16:3E:51:0A:B4']
2013-11-20 10:57:36,601: DEBUG: WISPr-Location-Name: [u'TEST LLC,BA01_01009']
2013-11-20 10:57:36,601: DEBUG: NAS-Identifier: [u'C08386']
2013-11-20 10:57:36,601: DEBUG: Proxy-State: ['3330,3132']
2013-11-20 10:57:36,602: DEBUG: GoGo-Total-Input-Voice-Octets: [0]
2013-11-20 10:57:36,602: DEBUG: Acct-Status-Type: ['Interim-Update']
2013-11-20 10:57:36,602: DEBUG: GoGo-Total-Output-Voice-Gigawords: [0]
2013-11-20 10:57:36,602: DEBUG: GoGo-Airline: [u'BA01']
2013-11-20 10:57:36,603: DEBUG: Acct-Session-Id: [u'AAATestNAS_91-1384925176441-00163E510AB4-1']
2013-11-20 10:57:36,603: DEBUG: Acct-Session-Time: [10]
2013-11-20 10:57:36,603: DEBUG: Acct-Input-Packets: [24992]
2013-11-20 10:57:36,604: DEBUG: Acct-Output-Packets: [41196]
2013-11-20 10:57:36,604: DEBUG: GoGo-Acct-Output-Voice-Packets: [0]
2013-11-20 10:57:36,604: DEBUG: GoGo-Acct-Output-Voice-Octets: [0]
2013-11-20 10:57:36,604: DEBUG: Acct-Output-Gigawords: [0]
2013-11-20 10:57:36,605: DEBUG: GoGo-Total-Output-Voice-Packets: [0]
2013-11-20 10:57:36,605: DEBUG: Acct-Input-Gigawords: [0]
2013-11-20 10:57:36,605: DEBUG: Calling-Station-Id: [u'17:21:31:41:52:61']
2013-11-20 10:57:36,605: DEBUG: NAS-Port-Type: ['Wireless-802.11']
2013-11-20 10:57:36,606: DEBUG: GoGo-Total-Output-Voice-Octets: [0]
2013-11-20 10:57:36,606: DEBUG: GoGo-Private-IP-Address: ['192.168.1.179']
2013-11-20 10:57:36,606: DEBUG: GoGo-Acct-Input-Voice-Gigawords: [0]
2013-11-20 10:57:36,607: DEBUG: GoGo-Total-Input-Packets: [24992]
2013-11-20 10:57:36,607: DEBUG: GoGo-Total-Input-Gigawords: [0]
2013-11-20 10:57:36,607: DEBUG: GoGo-Acct-Input-Voice-Packets: [0]
2013-11-20 10:57:36,607: DEBUG: GoGo-Total-Input-Octets: [3032214]
2013-11-20 10:57:36,608: DEBUG: GoGo-Total-Output-Packets: [41196]
2013-11-20 10:57:36,608: DEBUG: WISPr-Location-ID: [u'airline=BA01,tail=01009,network=']
2013-11-20 10:57:36,608: DEBUG: GoGo-Acct-Output-Voice-Gigawords: [0]
2013-11-20 10:57:36,608: DEBUG: Acct-Input-Octets: [3032214]
2013-11-20 10:57:36,609: ERROR: Network error, Reason: 'Network error: Too many open files'
2013-11-20 10:57:46,610: DEBUG: 

2013-11-20 10:57:46,610: DEBUG: Creating Accounting Update Request with the following Attributes:
2013-11-20 10:57:46,610: DEBUG: User-Name: [u'username1@airborne.aircell.com']
2013-11-20 10:57:46,610: DEBUG: GoGo-Tail-Number: [u'AAATestNAS_91']
2013-11-20 10:57:46,610: DEBUG: Acct-Output-Octets: [6615643]
2013-11-20 10:57:46,611: DEBUG: NAS-IP-Address: ['10.254.96.1']
2013-11-20 10:57:46,611: DEBUG: GoGo-Total-Output-Gigawords: [0]
2013-11-20 10:57:46,611: DEBUG: Framed-IP-Address: ['10.254.96.182']
2013-11-20 10:57:46,611: DEBUG: GoGo-Total-Input-Voice-Gigawords: [0]
2013-11-20 10:57:46,611: DEBUG: GoGo-Total-Output-Octets: [6615643]
2013-11-20 10:57:46,611: DEBUG: GoGo-Acct-Input-Voice-Octets: [0]
2013-11-20 10:57:46,611: DEBUG: GoGo-Total-Input-Voice-Packets: [0]
2013-11-20 10:57:46,611: DEBUG: Called-Station-Id: [u'00:16:3E:51:0A:B4']
2013-11-20 10:57:46,611: DEBUG: WISPr-Location-Name: [u'TEST LLC,BA01_01009']
2013-11-20 10:57:46,611: DEBUG: NAS-Identifier: [u'C08386']
2013-11-20 10:57:46,612: DEBUG: Proxy-State: ['3330,3132']
2013-11-20 10:57:46,612: DEBUG: GoGo-Total-Input-Voice-Octets: [0]
2013-11-20 10:57:46,612: DEBUG: Acct-Status-Type: ['Interim-Update']
2013-11-20 10:57:46,612: DEBUG: GoGo-Total-Output-Voice-Gigawords: [0]
2013-11-20 10:57:46,612: DEBUG: GoGo-Airline: [u'BA01']
2013-11-20 10:57:46,612: DEBUG: Acct-Session-Id: [u'AAATestNAS_91-1384925176441-00163E510AB4-1']
2013-11-20 10:57:46,612: DEBUG: Acct-Session-Time: [10]
2013-11-20 10:57:46,612: DEBUG: Acct-Input-Packets: [14327]
2013-11-20 10:57:46,612: DEBUG: Acct-Output-Packets: [47479]
2013-11-20 10:57:46,613: DEBUG: GoGo-Acct-Output-Voice-Packets: [0]
2013-11-20 10:57:46,613: DEBUG: GoGo-Acct-Output-Voice-Octets: [0]
2013-11-20 10:57:46,613: DEBUG: Acct-Output-Gigawords: [0]
2013-11-20 10:57:46,613: DEBUG: GoGo-Total-Output-Voice-Packets: [0]
2013-11-20 10:57:46,613: DEBUG: Acct-Input-Gigawords: [0]
2013-11-20 10:57:46,613: DEBUG: Calling-Station-Id: [u'17:21:31:41:52:61']
2013-11-20 10:57:46,613: DEBUG: NAS-Port-Type: ['Wireless-802.11']
2013-11-20 10:57:46,613: DEBUG: GoGo-Total-Output-Voice-Octets: [0]
2013-11-20 10:57:46,613: DEBUG: GoGo-Private-IP-Address: ['192.168.1.179']
2013-11-20 10:57:46,613: DEBUG: GoGo-Acct-Input-Voice-Gigawords: [0]
2013-11-20 10:57:46,614: DEBUG: GoGo-Total-Input-Packets: [14327]
2013-11-20 10:57:46,614: DEBUG: GoGo-Total-Input-Gigawords: [0]
2013-11-20 10:57:46,614: DEBUG: GoGo-Acct-Input-Voice-Packets: [0]
2013-11-20 10:57:46,614: DEBUG: GoGo-Total-Input-Octets: [4565628]
2013-11-20 10:57:46,614: DEBUG: GoGo-Total-Output-Packets: [47479]
2013-11-20 10:57:46,614: DEBUG: WISPr-Location-ID: [u'airline=BA01,tail=01009,network=']
2013-11-20 10:57:46,614: DEBUG: GoGo-Acct-Output-Voice-Gigawords: [0]
2013-11-20 10:57:46,614: DEBUG: Acct-Input-Octets: [4565628]
2013-11-20 10:57:46,617: DEBUG: 

2013-11-20 10:57:46,617: DEBUG: Received response with following attributes:
2013-11-20 10:57:52,617: DEBUG: 

2013-11-20 10:57:52,618: DEBUG: Creating Accounting Update Request with the following Attributes:
2013-11-20 10:57:52,618: DEBUG: User-Name: [u'username1@airborne.aircell.com']
2013-11-20 10:57:52,618: DEBUG: GoGo-Tail-Number: [u'AAATestNAS_91']
2013-11-20 10:57:52,618: DEBUG: Acct-Output-Octets: [5984496]
2013-11-20 10:57:52,618: DEBUG: NAS-IP-Address: ['10.254.96.1']
2013-11-20 10:57:52,618: DEBUG: GoGo-Total-Output-Gigawords: [0]
2013-11-20 10:57:52,619: DEBUG: Framed-IP-Address: ['10.254.96.182']
2013-11-20 10:57:52,619: DEBUG: GoGo-Total-Input-Voice-Gigawords: [0]
2013-11-20 10:57:52,619: DEBUG: GoGo-Total-Output-Octets: [5984496]
2013-11-20 10:57:52,619: DEBUG: GoGo-Acct-Input-Voice-Octets: [0]
2013-11-20 10:57:52,619: DEBUG: GoGo-Total-Input-Voice-Packets: [0]
2013-11-20 10:57:52,619: DEBUG: Called-Station-Id: [u'00:16:3E:51:0A:B4']
2013-11-20 10:57:52,619: DEBUG: WISPr-Location-Name: [u'TEST LLC,BA01_01009']
2013-11-20 10:57:52,619: DEBUG: NAS-Identifier: [u'C08386']
2013-11-20 10:57:52,619: DEBUG: Proxy-State: ['3330,3132']
2013-11-20 10:57:52,620: DEBUG: GoGo-Total-Input-Voice-Octets: [0]
2013-11-20 10:57:52,620: DEBUG: Acct-Status-Type: ['Interim-Update']
2013-11-20 10:57:52,620: DEBUG: GoGo-Total-Output-Voice-Gigawords: [0]
2013-11-20 10:57:52,620: DEBUG: GoGo-Airline: [u'BA01']
2013-11-20 10:57:52,620: DEBUG: Acct-Session-Id: [u'AAATestNAS_91-1384925176441-00163E510AB4-1']
2013-11-20 10:57:52,620: DEBUG: Acct-Session-Time: [6]
2013-11-20 10:57:52,620: DEBUG: Acct-Input-Packets: [16317]
2013-11-20 10:57:52,620: DEBUG: Acct-Output-Packets: [29608]
2013-11-20 10:57:52,620: DEBUG: GoGo-Acct-Output-Voice-Packets: [0]
2013-11-20 10:57:52,620: DEBUG: GoGo-Acct-Output-Voice-Octets: [0]
2013-11-20 10:57:52,621: DEBUG: Acct-Output-Gigawords: [0]
2013-11-20 10:57:52,621: DEBUG: GoGo-Total-Output-Voice-Packets: [0]
2013-11-20 10:57:52,621: DEBUG: Acct-Input-Gigawords: [0]
2013-11-20 10:57:52,621: DEBUG: Calling-Station-Id: [u'17:21:31:41:52:61']
2013-11-20 10:57:52,621: DEBUG: NAS-Port-Type: ['Wireless-802.11']
2013-11-20 10:57:52,621: DEBUG: GoGo-Total-Output-Voice-Octets: [0]
2013-11-20 10:57:52,621: DEBUG: GoGo-Private-IP-Address: ['192.168.1.179']
2013-11-20 10:57:52,621: DEBUG: GoGo-Acct-Input-Voice-Gigawords: [0]
2013-11-20 10:57:52,621: DEBUG: GoGo-Total-Input-Packets: [16317]
2013-11-20 10:57:52,621: DEBUG: GoGo-Total-Input-Gigawords: [0]
2013-11-20 10:57:52,622: DEBUG: GoGo-Acct-Input-Voice-Packets: [0]
2013-11-20 10:57:52,622: DEBUG: GoGo-Total-Input-Octets: [7590086]
2013-11-20 10:57:52,622: DEBUG: GoGo-Total-Output-Packets: [29608]
2013-11-20 10:57:52,622: DEBUG: WISPr-Location-ID: [u'airline=BA01,tail=01009,network=']
2013-11-20 10:57:52,622: DEBUG: GoGo-Acct-Output-Voice-Gigawords: [0]
2013-11-20 10:57:52,622: DEBUG: Acct-Input-Octets: [7590086]
2013-11-20 10:57:52,622: ERROR: Network error, Reason: 'Network error: Too many open files'
2013-11-20 10:58:13,623: DEBUG: 

2013-11-20 10:58:13,624: DEBUG: Creating Accounting Stop Request with the following Attributes:
2013-11-20 10:58:13,624: DEBUG: User-Name: [u'username1@airborne.aircell.com']
2013-11-20 10:58:13,624: DEBUG: GoGo-Tail-Number: [u'01009']
2013-11-20 10:58:13,624: DEBUG: Acct-Output-Octets: [4164148]
2013-11-20 10:58:13,624: DEBUG: NAS-IP-Address: ['10.254.96.1']
2013-11-20 10:58:13,624: DEBUG: GoGo-Total-Output-Gigawords: [0]
2013-11-20 10:58:13,624: DEBUG: Framed-IP-Address: ['10.254.96.182']
2013-11-20 10:58:13,625: DEBUG: GoGo-Total-Input-Voice-Gigawords: [0]
2013-11-20 10:58:13,625: DEBUG: GoGo-Total-Output-Octets: [4164148]
2013-11-20 10:58:13,625: DEBUG: GoGo-Acct-Input-Voice-Octets: [0]
2013-11-20 10:58:13,625: DEBUG: GoGo-Total-Input-Voice-Packets: [0]
2013-11-20 10:58:13,625: DEBUG: Called-Station-Id: [u'00:16:3E:51:0A:B4']
2013-11-20 10:58:13,625: DEBUG: WISPr-Location-Name: [u'TEST LLC,BA01_01009']
2013-11-20 10:58:13,625: DEBUG: NAS-Identifier: [u'C08386']
2013-11-20 10:58:13,625: DEBUG: Proxy-State: ['3330,3132']
2013-11-20 10:58:13,625: DEBUG: GoGo-Total-Input-Voice-Octets: [0]
2013-11-20 10:58:13,625: DEBUG: Acct-Status-Type: ['Stop']
2013-11-20 10:58:13,626: DEBUG: GoGo-Total-Output-Voice-Gigawords: [0]
2013-11-20 10:58:13,626: DEBUG: GoGo-Airline: [u'BA01']
2013-11-20 10:58:13,626: DEBUG: Acct-Session-Id: [u'AAATestNAS_91-1384925176441-00163E510AB4-1']
2013-11-20 10:58:13,626: DEBUG: Acct-Session-Time: [21]
2013-11-20 10:58:13,626: DEBUG: Acct-Input-Packets: [32354]
2013-11-20 10:58:13,626: DEBUG: Acct-Output-Packets: [15466]
2013-11-20 10:58:13,626: DEBUG: Acct-Terminate-Cause: ['User-Request']
2013-11-20 10:58:13,626: DEBUG: GoGo-Acct-Output-Voice-Octets: [0]
2013-11-20 10:58:13,626: DEBUG: Acct-Output-Gigawords: [0]
2013-11-20 10:58:13,627: DEBUG: GoGo-Total-Output-Voice-Packets: [0]
2013-11-20 10:58:13,627: DEBUG: Acct-Input-Gigawords: [0]
2013-11-20 10:58:13,627: DEBUG: Calling-Station-Id: [u'17:21:31:41:52:61']
2013-11-20 10:58:13,627: DEBUG: NAS-Port-Type: ['Wireless-802.11']
2013-11-20 10:58:13,627: DEBUG: GoGo-Total-Output-Voice-Octets: [0]
2013-11-20 10:58:13,627: DEBUG: GoGo-Private-IP-Address: ['192.168.1.179']
2013-11-20 10:58:13,627: DEBUG: GoGo-Acct-Input-Voice-Gigawords: [0]
2013-11-20 10:58:13,627: DEBUG: GoGo-Total-Input-Packets: [32354]
2013-11-20 10:58:13,627: DEBUG: GoGo-Total-Input-Gigawords: [0]
2013-11-20 10:58:13,627: DEBUG: GoGo-Acct-Input-Voice-Packets: [0]
2013-11-20 10:58:13,628: DEBUG: GoGo-Total-Input-Octets: [5197439]
2013-11-20 10:58:13,628: DEBUG: GoGo-Total-Output-Packets: [15466]
2013-11-20 10:58:13,628: DEBUG: WISPr-Location-ID: [u'airline=BA01,tail=01009,network=']
2013-11-20 10:58:13,628: DEBUG: GoGo-Acct-Output-Voice-Packets: [0]
2013-11-20 10:58:13,628: DEBUG: GoGo-Acct-Output-Voice-Gigawords: [0]
2013-11-20 10:58:13,628: DEBUG: Acct-Input-Octets: [5197439]
2013-11-20 10:58:13,628: ERROR: Network error, Reason: 'Network error: Too many open files'
2013-11-20 10:58:13,628: ERROR: Ending the test for this user
2013-11-20 10:58:13,628: DEBUG: Ending the test for this user
