2013-11-20 10:56:07,428: DEBUG: Starting the client for the user username75@airborne.aircell.com to the server localhost

2013-11-20 10:56:07,429: DEBUG: DURATION of the TEST: 97
2013-11-20 10:56:07,429: DEBUG: NAS-IP: 10.254.229.1
2013-11-20 10:56:07,429: DEBUG: NAS-MAC-ADDR: 19:21:31:41:52:06
2013-11-20 10:56:07,429: DEBUG: Abruptly End: False
2013-11-20 10:56:07,429: DEBUG: Framed-IP: 10.254.229.88
2013-11-20 10:56:07,429: DEBUG: User-MAC-Addr: 00:16:3E:0E:F6:FB
2013-11-20 10:56:07,430: DEBUG: 

2013-11-20 10:56:07,430: DEBUG: Creating Authentication Request with the following Attributes:
2013-11-20 10:56:07,430: DEBUG: NAS-Identifier: [u'C08386']
2013-11-20 10:56:07,430: DEBUG: User-Name: [u'username75@airborne.aircell.com']
2013-11-20 10:56:07,430: DEBUG: NAS-IP-Address: ['10.254.229.1']
2013-11-20 10:56:07,430: DEBUG: Service-Type: ['Authenticate-Only']
2013-11-20 10:56:07,430: DEBUG: Proxy-State: ['3237,3134']
2013-11-20 10:56:07,431: DEBUG: Framed-IP-Address: ['10.254.229.88']
2013-11-20 10:56:07,431: DEBUG: GoGo-Airline: [u'BA01']
2013-11-20 10:56:07,431: DEBUG: Acct-Session-Id: [u'AAATestNAS_224-1384925167430-00163E0EF6FB-1']
2013-11-20 10:56:07,431: DEBUG: GoGo-Tail-Number: [u'AAATestNAS_224']
2013-11-20 10:56:07,431: DEBUG: GoGo-Private-IP-Address: ['192.168.1.179']
2013-11-20 10:56:07,431: DEBUG: WISPr-Location-ID: [u'airline=BA01,tail=01009,network=']
2013-11-20 10:56:07,431: DEBUG: WISPr-Location-Name: [u'TEST LLC,BA01_01009']
2013-11-20 10:56:07,431: DEBUG: NAS-Port-Type: ['Wireless-802.11']
2013-11-20 10:56:07,431: DEBUG: Called-Station-Id: [u'00:16:3E:0E:F6:FB']
2013-11-20 10:56:07,432: DEBUG: Calling-Station-Id: [u'19:21:31:41:52:06']
2013-11-20 10:56:07,433: DEBUG: 

2013-11-20 10:56:07,433: DEBUG: Received response with code: 2, Accepted
2013-11-20 10:56:07,433: DEBUG: Creating Authentication Request with the following Attributes:
2013-11-20 10:56:07,433: DEBUG: NAS-Identifier: [u'C08386']
2013-11-20 10:56:07,433: DEBUG: User-Name: [u'username75@airborne.aircell.com']
2013-11-20 10:56:07,433: DEBUG: NAS-IP-Address: ['10.254.229.1']
2013-11-20 10:56:07,433: DEBUG: Service-Type: ['Login-User']
2013-11-20 10:56:07,434: DEBUG: Proxy-State: ['3237,3134']
2013-11-20 10:56:07,434: DEBUG: Framed-IP-Address: ['10.254.229.88']
2013-11-20 10:56:07,434: DEBUG: GoGo-Airline: [u'BA01']
2013-11-20 10:56:07,434: DEBUG: Acct-Session-Id: [u'AAATestNAS_224-1384925167433-00163E0EF6FB-1']
2013-11-20 10:56:07,434: DEBUG: GoGo-Tail-Number: [u'AAATestNAS_224']
2013-11-20 10:56:07,434: DEBUG: GoGo-Private-IP-Address: ['192.168.1.179']
2013-11-20 10:56:07,434: DEBUG: WISPr-Location-ID: [u'airline=BA01,tail=01009,network=']
2013-11-20 10:56:07,434: DEBUG: WISPr-Location-Name: [u'TEST LLC,BA01_01009']
2013-11-20 10:56:07,434: DEBUG: NAS-Port-Type: ['Wireless-802.11']
2013-11-20 10:56:07,435: DEBUG: Called-Station-Id: [u'00:16:3E:0E:F6:FB']
2013-11-20 10:56:07,435: DEBUG: Calling-Station-Id: [u'19:21:31:41:52:06']
2013-11-20 10:56:07,436: DEBUG: 

2013-11-20 10:56:07,436: DEBUG: Received response with code: 2, Accepted
2013-11-20 10:56:07,436: DEBUG: 

2013-11-20 10:56:07,436: DEBUG: Creating Accounting start Request with the following Attributes:
2013-11-20 10:56:07,436: DEBUG: NAS-Identifier: [u'C08386']
2013-11-20 10:56:07,436: DEBUG: User-Name: [u'username75@airborne.aircell.com']
2013-11-20 10:56:07,436: DEBUG: GoGo-Tail-Number: [u'AAATestNAS_224']
2013-11-20 10:56:07,436: DEBUG: NAS-IP-Address: ['10.254.229.1']
2013-11-20 10:56:07,437: DEBUG: Proxy-State: ['3239,3131']
2013-11-20 10:56:07,437: DEBUG: Acct-Status-Type: ['Start']
2013-11-20 10:56:07,437: DEBUG: GoGo-Airline: [u'BA01']
2013-11-20 10:56:07,437: DEBUG: Acct-Session-Id: [u'AAATestNAS_224-1384925167433-00163E0EF6FB-1']
2013-11-20 10:56:07,437: DEBUG: GoGo-Private-IP-Address: ['192.168.1.179']
2013-11-20 10:56:07,437: DEBUG: Framed-IP-Address: ['10.254.229.88']
2013-11-20 10:56:07,437: DEBUG: WISPr-Location-ID: [u'airline=BA01,tail=01009,network=']
2013-11-20 10:56:07,437: DEBUG: WISPr-Location-Name: [u'TEST LLC,BA01_01009']
2013-11-20 10:56:07,437: DEBUG: NAS-Port-Type: ['Wireless-802.11']
2013-11-20 10:56:07,438: DEBUG: Called-Station-Id: [u'00:16:3E:0E:F6:FB']
2013-11-20 10:56:07,438: DEBUG: Calling-Station-Id: [u'19:21:31:41:52:06']
2013-11-20 10:56:07,439: DEBUG: 

2013-11-20 10:56:07,439: DEBUG: Received response with following attributes:
2013-11-20 10:56:17,439: DEBUG: 

2013-11-20 10:56:17,440: DEBUG: Creating Accounting Update Request with the following Attributes:
2013-11-20 10:56:17,440: DEBUG: User-Name: [u'username75@airborne.aircell.com']
2013-11-20 10:56:17,441: DEBUG: GoGo-Tail-Number: [u'AAATestNAS_224']
2013-11-20 10:56:17,441: DEBUG: Acct-Output-Octets: [7737261]
2013-11-20 10:56:17,442: DEBUG: NAS-IP-Address: ['10.254.229.1']
2013-11-20 10:56:17,442: DEBUG: GoGo-Total-Output-Gigawords: [0]
2013-11-20 10:56:17,442: DEBUG: Framed-IP-Address: ['10.254.229.88']
2013-11-20 10:56:17,443: DEBUG: GoGo-Total-Input-Voice-Gigawords: [0]
2013-11-20 10:56:17,443: DEBUG: GoGo-Total-Output-Octets: [7737261]
2013-11-20 10:56:17,444: DEBUG: GoGo-Acct-Input-Voice-Octets: [0]
2013-11-20 10:56:17,444: DEBUG: GoGo-Total-Input-Voice-Packets: [0]
2013-11-20 10:56:17,444: DEBUG: Called-Station-Id: [u'00:16:3E:0E:F6:FB']
2013-11-20 10:56:17,445: DEBUG: WISPr-Location-Name: [u'TEST LLC,BA01_01009']
2013-11-20 10:56:17,445: DEBUG: NAS-Identifier: [u'C08386']
2013-11-20 10:56:17,445: DEBUG: Proxy-State: ['3330,3132']
2013-11-20 10:56:17,445: DEBUG: GoGo-Total-Input-Voice-Octets: [0]
2013-11-20 10:56:17,446: DEBUG: Acct-Status-Type: ['Interim-Update']
2013-11-20 10:56:17,446: DEBUG: GoGo-Total-Output-Voice-Gigawords: [0]
2013-11-20 10:56:17,446: DEBUG: GoGo-Airline: [u'BA01']
2013-11-20 10:56:17,447: DEBUG: Acct-Session-Id: [u'AAATestNAS_224-1384925167433-00163E0EF6FB-1']
2013-11-20 10:56:17,448: DEBUG: Acct-Session-Time: [10]
2013-11-20 10:56:17,448: DEBUG: Acct-Input-Packets: [14644]
2013-11-20 10:56:17,449: DEBUG: Acct-Output-Packets: [50429]
2013-11-20 10:56:17,449: DEBUG: GoGo-Acct-Output-Voice-Packets: [0]
2013-11-20 10:56:17,450: DEBUG: GoGo-Acct-Output-Voice-Octets: [0]
2013-11-20 10:56:17,451: DEBUG: Acct-Output-Gigawords: [0]
2013-11-20 10:56:17,452: DEBUG: GoGo-Total-Output-Voice-Packets: [0]
2013-11-20 10:56:17,452: DEBUG: Acct-Input-Gigawords: [0]
2013-11-20 10:56:17,453: DEBUG: Calling-Station-Id: [u'19:21:31:41:52:06']
2013-11-20 10:56:17,454: DEBUG: NAS-Port-Type: ['Wireless-802.11']
2013-11-20 10:56:17,455: DEBUG: GoGo-Total-Output-Voice-Octets: [0]
2013-11-20 10:56:17,456: DEBUG: GoGo-Private-IP-Address: ['192.168.1.179']
2013-11-20 10:56:17,456: DEBUG: GoGo-Acct-Input-Voice-Gigawords: [0]
2013-11-20 10:56:17,457: DEBUG: GoGo-Total-Input-Packets: [14644]
2013-11-20 10:56:17,458: DEBUG: GoGo-Total-Input-Gigawords: [0]
2013-11-20 10:56:17,459: DEBUG: GoGo-Acct-Input-Voice-Packets: [0]
2013-11-20 10:56:17,460: DEBUG: GoGo-Total-Input-Octets: [3591794]
2013-11-20 10:56:17,460: DEBUG: GoGo-Total-Output-Packets: [50429]
2013-11-20 10:56:17,461: DEBUG: WISPr-Location-ID: [u'airline=BA01,tail=01009,network=']
2013-11-20 10:56:17,461: DEBUG: GoGo-Acct-Output-Voice-Gigawords: [0]
2013-11-20 10:56:17,461: DEBUG: Acct-Input-Octets: [3591794]
2013-11-20 10:56:17,464: DEBUG: 

2013-11-20 10:56:17,464: DEBUG: Received response with following attributes:
2013-11-20 10:56:27,465: DEBUG: 

2013-11-20 10:56:27,466: DEBUG: Creating Accounting Update Request with the following Attributes:
2013-11-20 10:56:27,466: DEBUG: User-Name: [u'username75@airborne.aircell.com']
2013-11-20 10:56:27,466: DEBUG: GoGo-Tail-Number: [u'AAATestNAS_224']
2013-11-20 10:56:27,467: DEBUG: Acct-Output-Octets: [3454952]
2013-11-20 10:56:27,467: DEBUG: NAS-IP-Address: ['10.254.229.1']
2013-11-20 10:56:27,467: DEBUG: GoGo-Total-Output-Gigawords: [0]
2013-11-20 10:56:27,468: DEBUG: Framed-IP-Address: ['10.254.229.88']
2013-11-20 10:56:27,468: DEBUG: GoGo-Total-Input-Voice-Gigawords: [0]
2013-11-20 10:56:27,468: DEBUG: GoGo-Total-Output-Octets: [3454952]
2013-11-20 10:56:27,469: DEBUG: GoGo-Acct-Input-Voice-Octets: [0]
2013-11-20 10:56:27,469: DEBUG: GoGo-Total-Input-Voice-Packets: [0]
2013-11-20 10:56:27,469: DEBUG: Called-Station-Id: [u'00:16:3E:0E:F6:FB']
2013-11-20 10:56:27,470: DEBUG: WISPr-Location-Name: [u'TEST LLC,BA01_01009']
2013-11-20 10:56:27,470: DEBUG: NAS-Identifier: [u'C08386']
2013-11-20 10:56:27,471: DEBUG: Proxy-State: ['3330,3132']
2013-11-20 10:56:27,472: DEBUG: GoGo-Total-Input-Voice-Octets: [0]
2013-11-20 10:56:27,472: DEBUG: Acct-Status-Type: ['Interim-Update']
2013-11-20 10:56:27,472: DEBUG: GoGo-Total-Output-Voice-Gigawords: [0]
2013-11-20 10:56:27,473: DEBUG: GoGo-Airline: [u'BA01']
2013-11-20 10:56:27,473: DEBUG: Acct-Session-Id: [u'AAATestNAS_224-1384925167433-00163E0EF6FB-1']
2013-11-20 10:56:27,474: DEBUG: Acct-Session-Time: [10]
2013-11-20 10:56:27,474: DEBUG: Acct-Input-Packets: [31298]
2013-11-20 10:56:27,474: DEBUG: Acct-Output-Packets: [12006]
2013-11-20 10:56:27,475: DEBUG: GoGo-Acct-Output-Voice-Packets: [0]
2013-11-20 10:56:27,475: DEBUG: GoGo-Acct-Output-Voice-Octets: [0]
2013-11-20 10:56:27,476: DEBUG: Acct-Output-Gigawords: [0]
2013-11-20 10:56:27,477: DEBUG: GoGo-Total-Output-Voice-Packets: [0]
2013-11-20 10:56:27,477: DEBUG: Acct-Input-Gigawords: [0]
2013-11-20 10:56:27,477: DEBUG: Calling-Station-Id: [u'19:21:31:41:52:06']
2013-11-20 10:56:27,477: DEBUG: NAS-Port-Type: ['Wireless-802.11']
2013-11-20 10:56:27,478: DEBUG: GoGo-Total-Output-Voice-Octets: [0]
2013-11-20 10:56:27,478: DEBUG: GoGo-Private-IP-Address: ['192.168.1.179']
2013-11-20 10:56:27,478: DEBUG: GoGo-Acct-Input-Voice-Gigawords: [0]
2013-11-20 10:56:27,479: DEBUG: GoGo-Total-Input-Packets: [31298]
2013-11-20 10:56:27,479: DEBUG: GoGo-Total-Input-Gigawords: [0]
2013-11-20 10:56:27,480: DEBUG: GoGo-Acct-Input-Voice-Packets: [0]
2013-11-20 10:56:27,480: DEBUG: GoGo-Total-Input-Octets: [5846064]
2013-11-20 10:56:27,480: DEBUG: GoGo-Total-Output-Packets: [12006]
2013-11-20 10:56:27,480: DEBUG: WISPr-Location-ID: [u'airline=BA01,tail=01009,network=']
2013-11-20 10:56:27,481: DEBUG: GoGo-Acct-Output-Voice-Gigawords: [0]
2013-11-20 10:56:27,481: DEBUG: Acct-Input-Octets: [5846064]
2013-11-20 10:56:27,484: DEBUG: 

2013-11-20 10:56:27,484: DEBUG: Received response with following attributes:
2013-11-20 10:56:37,485: DEBUG: 

2013-11-20 10:56:37,485: DEBUG: Creating Accounting Update Request with the following Attributes:
2013-11-20 10:56:37,486: DEBUG: User-Name: [u'username75@airborne.aircell.com']
2013-11-20 10:56:37,486: DEBUG: GoGo-Tail-Number: [u'AAATestNAS_224']
2013-11-20 10:56:37,486: DEBUG: Acct-Output-Octets: [8765838]
2013-11-20 10:56:37,486: DEBUG: NAS-IP-Address: ['10.254.229.1']
2013-11-20 10:56:37,487: DEBUG: GoGo-Total-Output-Gigawords: [0]
2013-11-20 10:56:37,488: DEBUG: Framed-IP-Address: ['10.254.229.88']
2013-11-20 10:56:37,488: DEBUG: GoGo-Total-Input-Voice-Gigawords: [0]
2013-11-20 10:56:37,489: DEBUG: GoGo-Total-Output-Octets: [8765838]
2013-11-20 10:56:37,490: DEBUG: GoGo-Acct-Input-Voice-Octets: [0]
2013-11-20 10:56:37,492: DEBUG: GoGo-Total-Input-Voice-Packets: [0]
2013-11-20 10:56:37,492: DEBUG: Called-Station-Id: [u'00:16:3E:0E:F6:FB']
2013-11-20 10:56:37,493: DEBUG: WISPr-Location-Name: [u'TEST LLC,BA01_01009']
2013-11-20 10:56:37,494: DEBUG: NAS-Identifier: [u'C08386']
2013-11-20 10:56:37,494: DEBUG: Proxy-State: ['3330,3132']
2013-11-20 10:56:37,495: DEBUG: GoGo-Total-Input-Voice-Octets: [0]
2013-11-20 10:56:37,496: DEBUG: Acct-Status-Type: ['Interim-Update']
2013-11-20 10:56:37,496: DEBUG: GoGo-Total-Output-Voice-Gigawords: [0]
2013-11-20 10:56:37,497: DEBUG: GoGo-Airline: [u'BA01']
2013-11-20 10:56:37,497: DEBUG: Acct-Session-Id: [u'AAATestNAS_224-1384925167433-00163E0EF6FB-1']
2013-11-20 10:56:37,497: DEBUG: Acct-Session-Time: [10]
2013-11-20 10:56:37,498: DEBUG: Acct-Input-Packets: [57779]
2013-11-20 10:56:37,499: DEBUG: Acct-Output-Packets: [46410]
2013-11-20 10:56:37,500: DEBUG: GoGo-Acct-Output-Voice-Packets: [0]
2013-11-20 10:56:37,501: DEBUG: GoGo-Acct-Output-Voice-Octets: [0]
2013-11-20 10:56:37,501: DEBUG: Acct-Output-Gigawords: [0]
2013-11-20 10:56:37,502: DEBUG: GoGo-Total-Output-Voice-Packets: [0]
2013-11-20 10:56:37,502: DEBUG: Acct-Input-Gigawords: [0]
2013-11-20 10:56:37,503: DEBUG: Calling-Station-Id: [u'19:21:31:41:52:06']
2013-11-20 10:56:37,503: DEBUG: NAS-Port-Type: ['Wireless-802.11']
2013-11-20 10:56:37,503: DEBUG: GoGo-Total-Output-Voice-Octets: [0]
2013-11-20 10:56:37,504: DEBUG: GoGo-Private-IP-Address: ['192.168.1.179']
2013-11-20 10:56:37,505: DEBUG: GoGo-Acct-Input-Voice-Gigawords: [0]
2013-11-20 10:56:37,506: DEBUG: GoGo-Total-Input-Packets: [57779]
2013-11-20 10:56:37,507: DEBUG: GoGo-Total-Input-Gigawords: [0]
2013-11-20 10:56:37,507: DEBUG: GoGo-Acct-Input-Voice-Packets: [0]
2013-11-20 10:56:37,508: DEBUG: GoGo-Total-Input-Octets: [6618755]
2013-11-20 10:56:37,508: DEBUG: GoGo-Total-Output-Packets: [46410]
2013-11-20 10:56:37,509: DEBUG: WISPr-Location-ID: [u'airline=BA01,tail=01009,network=']
2013-11-20 10:56:37,509: DEBUG: GoGo-Acct-Output-Voice-Gigawords: [0]
2013-11-20 10:56:37,510: DEBUG: Acct-Input-Octets: [6618755]
2013-11-20 10:56:37,513: DEBUG: 

2013-11-20 10:56:37,513: DEBUG: Received response with following attributes:
2013-11-20 10:56:47,515: DEBUG: 

2013-11-20 10:56:47,516: DEBUG: Creating Accounting Update Request with the following Attributes:
2013-11-20 10:56:47,516: DEBUG: User-Name: [u'username75@airborne.aircell.com']
2013-11-20 10:56:47,516: DEBUG: GoGo-Tail-Number: [u'AAATestNAS_224']
2013-11-20 10:56:47,516: DEBUG: Acct-Output-Octets: [9030775]
2013-11-20 10:56:47,516: DEBUG: NAS-IP-Address: ['10.254.229.1']
2013-11-20 10:56:47,516: DEBUG: GoGo-Total-Output-Gigawords: [0]
2013-11-20 10:56:47,517: DEBUG: Framed-IP-Address: ['10.254.229.88']
2013-11-20 10:56:47,517: DEBUG: GoGo-Total-Input-Voice-Gigawords: [0]
2013-11-20 10:56:47,517: DEBUG: GoGo-Total-Output-Octets: [9030775]
2013-11-20 10:56:47,517: DEBUG: GoGo-Acct-Input-Voice-Octets: [0]
2013-11-20 10:56:47,517: DEBUG: GoGo-Total-Input-Voice-Packets: [0]
2013-11-20 10:56:47,517: DEBUG: Called-Station-Id: [u'00:16:3E:0E:F6:FB']
2013-11-20 10:56:47,517: DEBUG: WISPr-Location-Name: [u'TEST LLC,BA01_01009']
2013-11-20 10:56:47,518: DEBUG: NAS-Identifier: [u'C08386']
2013-11-20 10:56:47,518: DEBUG: Proxy-State: ['3330,3132']
2013-11-20 10:56:47,519: DEBUG: GoGo-Total-Input-Voice-Octets: [0]
2013-11-20 10:56:47,520: DEBUG: Acct-Status-Type: ['Interim-Update']
2013-11-20 10:56:47,520: DEBUG: GoGo-Total-Output-Voice-Gigawords: [0]
2013-11-20 10:56:47,520: DEBUG: GoGo-Airline: [u'BA01']
2013-11-20 10:56:47,521: DEBUG: Acct-Session-Id: [u'AAATestNAS_224-1384925167433-00163E0EF6FB-1']
2013-11-20 10:56:47,522: DEBUG: Acct-Session-Time: [10]
2013-11-20 10:56:47,522: DEBUG: Acct-Input-Packets: [37289]
2013-11-20 10:56:47,523: DEBUG: Acct-Output-Packets: [25970]
2013-11-20 10:56:47,524: DEBUG: GoGo-Acct-Output-Voice-Packets: [0]
2013-11-20 10:56:47,524: DEBUG: GoGo-Acct-Output-Voice-Octets: [0]
2013-11-20 10:56:47,525: DEBUG: Acct-Output-Gigawords: [0]
2013-11-20 10:56:47,525: DEBUG: GoGo-Total-Output-Voice-Packets: [0]
2013-11-20 10:56:47,526: DEBUG: Acct-Input-Gigawords: [0]
2013-11-20 10:56:47,526: DEBUG: Calling-Station-Id: [u'19:21:31:41:52:06']
2013-11-20 10:56:47,527: DEBUG: NAS-Port-Type: ['Wireless-802.11']
2013-11-20 10:56:47,527: DEBUG: GoGo-Total-Output-Voice-Octets: [0]
2013-11-20 10:56:47,528: DEBUG: GoGo-Private-IP-Address: ['192.168.1.179']
2013-11-20 10:56:47,529: DEBUG: GoGo-Acct-Input-Voice-Gigawords: [0]
2013-11-20 10:56:47,529: DEBUG: GoGo-Total-Input-Packets: [37289]
2013-11-20 10:56:47,529: DEBUG: GoGo-Total-Input-Gigawords: [0]
2013-11-20 10:56:47,530: DEBUG: GoGo-Acct-Input-Voice-Packets: [0]
2013-11-20 10:56:47,531: DEBUG: GoGo-Total-Input-Octets: [3836235]
2013-11-20 10:56:47,531: DEBUG: GoGo-Total-Output-Packets: [25970]
2013-11-20 10:56:47,531: DEBUG: WISPr-Location-ID: [u'airline=BA01,tail=01009,network=']
2013-11-20 10:56:47,532: DEBUG: GoGo-Acct-Output-Voice-Gigawords: [0]
2013-11-20 10:56:47,533: DEBUG: Acct-Input-Octets: [3836235]
2013-11-20 10:56:47,535: DEBUG: 

2013-11-20 10:56:47,535: DEBUG: Received response with following attributes:
2013-11-20 10:56:57,536: DEBUG: 

2013-11-20 10:56:57,537: DEBUG: Creating Accounting Update Request with the following Attributes:
2013-11-20 10:56:57,538: DEBUG: User-Name: [u'username75@airborne.aircell.com']
2013-11-20 10:56:57,538: DEBUG: GoGo-Tail-Number: [u'AAATestNAS_224']
2013-11-20 10:56:57,538: DEBUG: Acct-Output-Octets: [9766176]
2013-11-20 10:56:57,538: DEBUG: NAS-IP-Address: ['10.254.229.1']
2013-11-20 10:56:57,539: DEBUG: GoGo-Total-Output-Gigawords: [0]
2013-11-20 10:56:57,539: DEBUG: Framed-IP-Address: ['10.254.229.88']
2013-11-20 10:56:57,539: DEBUG: GoGo-Total-Input-Voice-Gigawords: [0]
2013-11-20 10:56:57,539: DEBUG: GoGo-Total-Output-Octets: [9766176]
2013-11-20 10:56:57,539: DEBUG: GoGo-Acct-Input-Voice-Octets: [0]
2013-11-20 10:56:57,540: DEBUG: GoGo-Total-Input-Voice-Packets: [0]
2013-11-20 10:56:57,540: DEBUG: Called-Station-Id: [u'00:16:3E:0E:F6:FB']
2013-11-20 10:56:57,540: DEBUG: WISPr-Location-Name: [u'TEST LLC,BA01_01009']
2013-11-20 10:56:57,540: DEBUG: NAS-Identifier: [u'C08386']
2013-11-20 10:56:57,540: DEBUG: Proxy-State: ['3330,3132']
2013-11-20 10:56:57,540: DEBUG: GoGo-Total-Input-Voice-Octets: [0]
2013-11-20 10:56:57,541: DEBUG: Acct-Status-Type: ['Interim-Update']
2013-11-20 10:56:57,541: DEBUG: GoGo-Total-Output-Voice-Gigawords: [0]
2013-11-20 10:56:57,541: DEBUG: GoGo-Airline: [u'BA01']
2013-11-20 10:56:57,541: DEBUG: Acct-Session-Id: [u'AAATestNAS_224-1384925167433-00163E0EF6FB-1']
2013-11-20 10:56:57,541: DEBUG: Acct-Session-Time: [10]
2013-11-20 10:56:57,541: DEBUG: Acct-Input-Packets: [2724]
2013-11-20 10:56:57,542: DEBUG: Acct-Output-Packets: [29724]
2013-11-20 10:56:57,542: DEBUG: GoGo-Acct-Output-Voice-Packets: [0]
2013-11-20 10:56:57,542: DEBUG: GoGo-Acct-Output-Voice-Octets: [0]
2013-11-20 10:56:57,542: DEBUG: Acct-Output-Gigawords: [0]
2013-11-20 10:56:57,542: DEBUG: GoGo-Total-Output-Voice-Packets: [0]
2013-11-20 10:56:57,542: DEBUG: Acct-Input-Gigawords: [0]
2013-11-20 10:56:57,542: DEBUG: Calling-Station-Id: [u'19:21:31:41:52:06']
2013-11-20 10:56:57,543: DEBUG: NAS-Port-Type: ['Wireless-802.11']
2013-11-20 10:56:57,543: DEBUG: GoGo-Total-Output-Voice-Octets: [0]
2013-11-20 10:56:57,543: DEBUG: GoGo-Private-IP-Address: ['192.168.1.179']
2013-11-20 10:56:57,543: DEBUG: GoGo-Acct-Input-Voice-Gigawords: [0]
2013-11-20 10:56:57,543: DEBUG: GoGo-Total-Input-Packets: [2724]
2013-11-20 10:56:57,543: DEBUG: GoGo-Total-Input-Gigawords: [0]
2013-11-20 10:56:57,544: DEBUG: GoGo-Acct-Input-Voice-Packets: [0]
2013-11-20 10:56:57,544: DEBUG: GoGo-Total-Input-Octets: [1129952]
2013-11-20 10:56:57,544: DEBUG: GoGo-Total-Output-Packets: [29724]
2013-11-20 10:56:57,544: DEBUG: WISPr-Location-ID: [u'airline=BA01,tail=01009,network=']
2013-11-20 10:56:57,544: DEBUG: GoGo-Acct-Output-Voice-Gigawords: [0]
2013-11-20 10:56:57,544: DEBUG: Acct-Input-Octets: [1129952]
2013-11-20 10:56:57,546: DEBUG: 

2013-11-20 10:56:57,547: DEBUG: Received response with following attributes:
2013-11-20 10:57:07,547: DEBUG: 

2013-11-20 10:57:07,548: DEBUG: Creating Accounting Update Request with the following Attributes:
2013-11-20 10:57:07,548: DEBUG: User-Name: [u'username75@airborne.aircell.com']
2013-11-20 10:57:07,548: DEBUG: GoGo-Tail-Number: [u'AAATestNAS_224']
2013-11-20 10:57:07,548: DEBUG: Acct-Output-Octets: [9253096]
2013-11-20 10:57:07,548: DEBUG: NAS-IP-Address: ['10.254.229.1']
2013-11-20 10:57:07,549: DEBUG: GoGo-Total-Output-Gigawords: [0]
2013-11-20 10:57:07,549: DEBUG: Framed-IP-Address: ['10.254.229.88']
2013-11-20 10:57:07,549: DEBUG: GoGo-Total-Input-Voice-Gigawords: [0]
2013-11-20 10:57:07,549: DEBUG: GoGo-Total-Output-Octets: [9253096]
2013-11-20 10:57:07,549: DEBUG: GoGo-Acct-Input-Voice-Octets: [0]
2013-11-20 10:57:07,549: DEBUG: GoGo-Total-Input-Voice-Packets: [0]
2013-11-20 10:57:07,549: DEBUG: Called-Station-Id: [u'00:16:3E:0E:F6:FB']
2013-11-20 10:57:07,549: DEBUG: WISPr-Location-Name: [u'TEST LLC,BA01_01009']
2013-11-20 10:57:07,549: DEBUG: NAS-Identifier: [u'C08386']
2013-11-20 10:57:07,549: DEBUG: Proxy-State: ['3330,3132']
2013-11-20 10:57:07,549: DEBUG: GoGo-Total-Input-Voice-Octets: [0]
2013-11-20 10:57:07,550: DEBUG: Acct-Status-Type: ['Interim-Update']
2013-11-20 10:57:07,550: DEBUG: GoGo-Total-Output-Voice-Gigawords: [0]
2013-11-20 10:57:07,550: DEBUG: GoGo-Airline: [u'BA01']
2013-11-20 10:57:07,550: DEBUG: Acct-Session-Id: [u'AAATestNAS_224-1384925167433-00163E0EF6FB-1']
2013-11-20 10:57:07,550: DEBUG: Acct-Session-Time: [10]
2013-11-20 10:57:07,550: DEBUG: Acct-Input-Packets: [21106]
2013-11-20 10:57:07,550: DEBUG: Acct-Output-Packets: [39429]
2013-11-20 10:57:07,550: DEBUG: GoGo-Acct-Output-Voice-Packets: [0]
2013-11-20 10:57:07,550: DEBUG: GoGo-Acct-Output-Voice-Octets: [0]
2013-11-20 10:57:07,551: DEBUG: Acct-Output-Gigawords: [0]
2013-11-20 10:57:07,551: DEBUG: GoGo-Total-Output-Voice-Packets: [0]
2013-11-20 10:57:07,551: DEBUG: Acct-Input-Gigawords: [0]
2013-11-20 10:57:07,551: DEBUG: Calling-Station-Id: [u'19:21:31:41:52:06']
2013-11-20 10:57:07,551: DEBUG: NAS-Port-Type: ['Wireless-802.11']
2013-11-20 10:57:07,551: DEBUG: GoGo-Total-Output-Voice-Octets: [0]
2013-11-20 10:57:07,551: DEBUG: GoGo-Private-IP-Address: ['192.168.1.179']
2013-11-20 10:57:07,551: DEBUG: GoGo-Acct-Input-Voice-Gigawords: [0]
2013-11-20 10:57:07,551: DEBUG: GoGo-Total-Input-Packets: [21106]
2013-11-20 10:57:07,552: DEBUG: GoGo-Total-Input-Gigawords: [0]
2013-11-20 10:57:07,552: DEBUG: GoGo-Acct-Input-Voice-Packets: [0]
2013-11-20 10:57:07,552: DEBUG: GoGo-Total-Input-Octets: [4335018]
2013-11-20 10:57:07,552: DEBUG: GoGo-Total-Output-Packets: [39429]
2013-11-20 10:57:07,552: DEBUG: WISPr-Location-ID: [u'airline=BA01,tail=01009,network=']
2013-11-20 10:57:07,552: DEBUG: GoGo-Acct-Output-Voice-Gigawords: [0]
2013-11-20 10:57:07,552: DEBUG: Acct-Input-Octets: [4335018]
2013-11-20 10:57:07,554: DEBUG: 

2013-11-20 10:57:07,554: DEBUG: Received response with following attributes:
2013-11-20 10:57:17,555: DEBUG: 

2013-11-20 10:57:17,556: DEBUG: Creating Accounting Update Request with the following Attributes:
2013-11-20 10:57:17,557: DEBUG: User-Name: [u'username75@airborne.aircell.com']
2013-11-20 10:57:17,558: DEBUG: GoGo-Tail-Number: [u'AAATestNAS_224']
2013-11-20 10:57:17,558: DEBUG: Acct-Output-Octets: [7827850]
2013-11-20 10:57:17,558: DEBUG: NAS-IP-Address: ['10.254.229.1']
2013-11-20 10:57:17,559: DEBUG: GoGo-Total-Output-Gigawords: [0]
2013-11-20 10:57:17,559: DEBUG: Framed-IP-Address: ['10.254.229.88']
2013-11-20 10:57:17,560: DEBUG: GoGo-Total-Input-Voice-Gigawords: [0]
2013-11-20 10:57:17,561: DEBUG: GoGo-Total-Output-Octets: [7827850]
2013-11-20 10:57:17,562: DEBUG: GoGo-Acct-Input-Voice-Octets: [0]
2013-11-20 10:57:17,564: DEBUG: GoGo-Total-Input-Voice-Packets: [0]
2013-11-20 10:57:17,564: DEBUG: Called-Station-Id: [u'00:16:3E:0E:F6:FB']
2013-11-20 10:57:17,564: DEBUG: WISPr-Location-Name: [u'TEST LLC,BA01_01009']
2013-11-20 10:57:17,565: DEBUG: NAS-Identifier: [u'C08386']
2013-11-20 10:57:17,565: DEBUG: Proxy-State: ['3330,3132']
2013-11-20 10:57:17,566: DEBUG: GoGo-Total-Input-Voice-Octets: [0]
2013-11-20 10:57:17,566: DEBUG: Acct-Status-Type: ['Interim-Update']
2013-11-20 10:57:17,566: DEBUG: GoGo-Total-Output-Voice-Gigawords: [0]
2013-11-20 10:57:17,567: DEBUG: GoGo-Airline: [u'BA01']
2013-11-20 10:57:17,567: DEBUG: Acct-Session-Id: [u'AAATestNAS_224-1384925167433-00163E0EF6FB-1']
2013-11-20 10:57:17,568: DEBUG: Acct-Session-Time: [10]
2013-11-20 10:57:17,568: DEBUG: Acct-Input-Packets: [25055]
2013-11-20 10:57:17,568: DEBUG: Acct-Output-Packets: [27004]
2013-11-20 10:57:17,569: DEBUG: GoGo-Acct-Output-Voice-Packets: [0]
2013-11-20 10:57:17,569: DEBUG: GoGo-Acct-Output-Voice-Octets: [0]
2013-11-20 10:57:17,569: DEBUG: Acct-Output-Gigawords: [0]
2013-11-20 10:57:17,569: DEBUG: GoGo-Total-Output-Voice-Packets: [0]
2013-11-20 10:57:17,569: DEBUG: Acct-Input-Gigawords: [0]
2013-11-20 10:57:17,570: DEBUG: Calling-Station-Id: [u'19:21:31:41:52:06']
2013-11-20 10:57:17,570: DEBUG: NAS-Port-Type: ['Wireless-802.11']
2013-11-20 10:57:17,570: DEBUG: GoGo-Total-Output-Voice-Octets: [0]
2013-11-20 10:57:17,570: DEBUG: GoGo-Private-IP-Address: ['192.168.1.179']
2013-11-20 10:57:17,570: DEBUG: GoGo-Acct-Input-Voice-Gigawords: [0]
2013-11-20 10:57:17,570: DEBUG: GoGo-Total-Input-Packets: [25055]
2013-11-20 10:57:17,570: DEBUG: GoGo-Total-Input-Gigawords: [0]
2013-11-20 10:57:17,571: DEBUG: GoGo-Acct-Input-Voice-Packets: [0]
2013-11-20 10:57:17,571: DEBUG: GoGo-Total-Input-Octets: [2590372]
2013-11-20 10:57:17,571: DEBUG: GoGo-Total-Output-Packets: [27004]
2013-11-20 10:57:17,571: DEBUG: WISPr-Location-ID: [u'airline=BA01,tail=01009,network=']
2013-11-20 10:57:17,571: DEBUG: GoGo-Acct-Output-Voice-Gigawords: [0]
2013-11-20 10:57:17,572: DEBUG: Acct-Input-Octets: [2590372]
2013-11-20 10:57:17,573: DEBUG: 

2013-11-20 10:57:17,573: DEBUG: Received response with following attributes:
2013-11-20 10:57:27,574: DEBUG: 

2013-11-20 10:57:27,575: DEBUG: Creating Accounting Update Request with the following Attributes:
2013-11-20 10:57:27,578: DEBUG: User-Name: [u'username75@airborne.aircell.com']
2013-11-20 10:57:27,578: DEBUG: GoGo-Tail-Number: [u'AAATestNAS_224']
2013-11-20 10:57:27,579: DEBUG: Acct-Output-Octets: [3096138]
2013-11-20 10:57:27,580: DEBUG: NAS-IP-Address: ['10.254.229.1']
2013-11-20 10:57:27,581: DEBUG: GoGo-Total-Output-Gigawords: [0]
2013-11-20 10:57:27,582: DEBUG: Framed-IP-Address: ['10.254.229.88']
2013-11-20 10:57:27,584: DEBUG: GoGo-Total-Input-Voice-Gigawords: [0]
2013-11-20 10:57:27,586: DEBUG: GoGo-Total-Output-Octets: [3096138]
2013-11-20 10:57:27,586: DEBUG: GoGo-Acct-Input-Voice-Octets: [0]
2013-11-20 10:57:27,586: DEBUG: GoGo-Total-Input-Voice-Packets: [0]
2013-11-20 10:57:27,587: DEBUG: Called-Station-Id: [u'00:16:3E:0E:F6:FB']
2013-11-20 10:57:27,587: DEBUG: WISPr-Location-Name: [u'TEST LLC,BA01_01009']
2013-11-20 10:57:27,588: DEBUG: NAS-Identifier: [u'C08386']
2013-11-20 10:57:27,588: DEBUG: Proxy-State: ['3330,3132']
2013-11-20 10:57:27,589: DEBUG: GoGo-Total-Input-Voice-Octets: [0]
2013-11-20 10:57:27,590: DEBUG: Acct-Status-Type: ['Interim-Update']
2013-11-20 10:57:27,591: DEBUG: GoGo-Total-Output-Voice-Gigawords: [0]
2013-11-20 10:57:27,591: DEBUG: GoGo-Airline: [u'BA01']
2013-11-20 10:57:27,592: DEBUG: Acct-Session-Id: [u'AAATestNAS_224-1384925167433-00163E0EF6FB-1']
2013-11-20 10:57:27,593: DEBUG: Acct-Session-Time: [10]
2013-11-20 10:57:27,594: DEBUG: Acct-Input-Packets: [27719]
2013-11-20 10:57:27,594: DEBUG: Acct-Output-Packets: [13162]
2013-11-20 10:57:27,595: DEBUG: GoGo-Acct-Output-Voice-Packets: [0]
2013-11-20 10:57:27,595: DEBUG: GoGo-Acct-Output-Voice-Octets: [0]
2013-11-20 10:57:27,596: DEBUG: Acct-Output-Gigawords: [0]
2013-11-20 10:57:27,596: DEBUG: GoGo-Total-Output-Voice-Packets: [0]
2013-11-20 10:57:27,596: DEBUG: Acct-Input-Gigawords: [0]
2013-11-20 10:57:27,597: DEBUG: Calling-Station-Id: [u'19:21:31:41:52:06']
2013-11-20 10:57:27,597: DEBUG: NAS-Port-Type: ['Wireless-802.11']
2013-11-20 10:57:27,598: DEBUG: GoGo-Total-Output-Voice-Octets: [0]
2013-11-20 10:57:27,599: DEBUG: GoGo-Private-IP-Address: ['192.168.1.179']
2013-11-20 10:57:27,599: DEBUG: GoGo-Acct-Input-Voice-Gigawords: [0]
2013-11-20 10:57:27,600: DEBUG: GoGo-Total-Input-Packets: [27719]
2013-11-20 10:57:27,600: DEBUG: GoGo-Total-Input-Gigawords: [0]
2013-11-20 10:57:27,601: DEBUG: GoGo-Acct-Input-Voice-Packets: [0]
2013-11-20 10:57:27,601: DEBUG: GoGo-Total-Input-Octets: [6592124]
2013-11-20 10:57:27,602: DEBUG: GoGo-Total-Output-Packets: [13162]
2013-11-20 10:57:27,603: DEBUG: WISPr-Location-ID: [u'airline=BA01,tail=01009,network=']
2013-11-20 10:57:27,604: DEBUG: GoGo-Acct-Output-Voice-Gigawords: [0]
2013-11-20 10:57:27,605: DEBUG: Acct-Input-Octets: [6592124]
2013-11-20 10:57:27,608: DEBUG: 

2013-11-20 10:57:27,609: DEBUG: Received response with following attributes:
2013-11-20 10:57:37,610: DEBUG: 

2013-11-20 10:57:37,611: DEBUG: Creating Accounting Update Request with the following Attributes:
2013-11-20 10:57:37,611: DEBUG: User-Name: [u'username75@airborne.aircell.com']
2013-11-20 10:57:37,611: DEBUG: GoGo-Tail-Number: [u'AAATestNAS_224']
2013-11-20 10:57:37,611: DEBUG: Acct-Output-Octets: [7583163]
2013-11-20 10:57:37,611: DEBUG: NAS-IP-Address: ['10.254.229.1']
2013-11-20 10:57:37,612: DEBUG: GoGo-Total-Output-Gigawords: [0]
2013-11-20 10:57:37,612: DEBUG: Framed-IP-Address: ['10.254.229.88']
2013-11-20 10:57:37,612: DEBUG: GoGo-Total-Input-Voice-Gigawords: [0]
2013-11-20 10:57:37,612: DEBUG: GoGo-Total-Output-Octets: [7583163]
2013-11-20 10:57:37,612: DEBUG: GoGo-Acct-Input-Voice-Octets: [0]
2013-11-20 10:57:37,612: DEBUG: GoGo-Total-Input-Voice-Packets: [0]
2013-11-20 10:57:37,612: DEBUG: Called-Station-Id: [u'00:16:3E:0E:F6:FB']
2013-11-20 10:57:37,612: DEBUG: WISPr-Location-Name: [u'TEST LLC,BA01_01009']
2013-11-20 10:57:37,612: DEBUG: NAS-Identifier: [u'C08386']
2013-11-20 10:57:37,613: DEBUG: Proxy-State: ['3330,3132']
2013-11-20 10:57:37,613: DEBUG: GoGo-Total-Input-Voice-Octets: [0]
2013-11-20 10:57:37,613: DEBUG: Acct-Status-Type: ['Interim-Update']
2013-11-20 10:57:37,613: DEBUG: GoGo-Total-Output-Voice-Gigawords: [0]
2013-11-20 10:57:37,613: DEBUG: GoGo-Airline: [u'BA01']
2013-11-20 10:57:37,613: DEBUG: Acct-Session-Id: [u'AAATestNAS_224-1384925167433-00163E0EF6FB-1']
2013-11-20 10:57:37,613: DEBUG: Acct-Session-Time: [10]
2013-11-20 10:57:37,613: DEBUG: Acct-Input-Packets: [38152]
2013-11-20 10:57:37,613: DEBUG: Acct-Output-Packets: [21894]
2013-11-20 10:57:37,613: DEBUG: GoGo-Acct-Output-Voice-Packets: [0]
2013-11-20 10:57:37,614: DEBUG: GoGo-Acct-Output-Voice-Octets: [0]
2013-11-20 10:57:37,614: DEBUG: Acct-Output-Gigawords: [0]
2013-11-20 10:57:37,614: DEBUG: GoGo-Total-Output-Voice-Packets: [0]
2013-11-20 10:57:37,614: DEBUG: Acct-Input-Gigawords: [0]
2013-11-20 10:57:37,614: DEBUG: Calling-Station-Id: [u'19:21:31:41:52:06']
2013-11-20 10:57:37,614: DEBUG: NAS-Port-Type: ['Wireless-802.11']
2013-11-20 10:57:37,615: DEBUG: GoGo-Total-Output-Voice-Octets: [0]
2013-11-20 10:57:37,615: DEBUG: GoGo-Private-IP-Address: ['192.168.1.179']
2013-11-20 10:57:37,616: DEBUG: GoGo-Acct-Input-Voice-Gigawords: [0]
2013-11-20 10:57:37,616: DEBUG: GoGo-Total-Input-Packets: [38152]
2013-11-20 10:57:37,616: DEBUG: GoGo-Total-Input-Gigawords: [0]
2013-11-20 10:57:37,616: DEBUG: GoGo-Acct-Input-Voice-Packets: [0]
2013-11-20 10:57:37,617: DEBUG: GoGo-Total-Input-Octets: [5968851]
2013-11-20 10:57:37,617: DEBUG: GoGo-Total-Output-Packets: [21894]
2013-11-20 10:57:37,617: DEBUG: WISPr-Location-ID: [u'airline=BA01,tail=01009,network=']
2013-11-20 10:57:37,617: DEBUG: GoGo-Acct-Output-Voice-Gigawords: [0]
2013-11-20 10:57:37,618: DEBUG: Acct-Input-Octets: [5968851]
2013-11-20 10:57:37,618: ERROR: Network error, Reason: 'Network error: Too many open files'
2013-11-20 10:57:44,619: DEBUG: 

2013-11-20 10:57:44,620: DEBUG: Creating Accounting Update Request with the following Attributes:
2013-11-20 10:57:44,620: DEBUG: User-Name: [u'username75@airborne.aircell.com']
2013-11-20 10:57:44,620: DEBUG: GoGo-Tail-Number: [u'AAATestNAS_224']
2013-11-20 10:57:44,620: DEBUG: Acct-Output-Octets: [1111486]
2013-11-20 10:57:44,621: DEBUG: NAS-IP-Address: ['10.254.229.1']
2013-11-20 10:57:44,621: DEBUG: GoGo-Total-Output-Gigawords: [0]
2013-11-20 10:57:44,621: DEBUG: Framed-IP-Address: ['10.254.229.88']
2013-11-20 10:57:44,621: DEBUG: GoGo-Total-Input-Voice-Gigawords: [0]
2013-11-20 10:57:44,621: DEBUG: GoGo-Total-Output-Octets: [1111486]
2013-11-20 10:57:44,621: DEBUG: GoGo-Acct-Input-Voice-Octets: [0]
2013-11-20 10:57:44,621: DEBUG: GoGo-Total-Input-Voice-Packets: [0]
2013-11-20 10:57:44,621: DEBUG: Called-Station-Id: [u'00:16:3E:0E:F6:FB']
2013-11-20 10:57:44,622: DEBUG: WISPr-Location-Name: [u'TEST LLC,BA01_01009']
2013-11-20 10:57:44,622: DEBUG: NAS-Identifier: [u'C08386']
2013-11-20 10:57:44,622: DEBUG: Proxy-State: ['3330,3132']
2013-11-20 10:57:44,622: DEBUG: GoGo-Total-Input-Voice-Octets: [0]
2013-11-20 10:57:44,622: DEBUG: Acct-Status-Type: ['Interim-Update']
2013-11-20 10:57:44,622: DEBUG: GoGo-Total-Output-Voice-Gigawords: [0]
2013-11-20 10:57:44,622: DEBUG: GoGo-Airline: [u'BA01']
2013-11-20 10:57:44,622: DEBUG: Acct-Session-Id: [u'AAATestNAS_224-1384925167433-00163E0EF6FB-1']
2013-11-20 10:57:44,622: DEBUG: Acct-Session-Time: [7]
2013-11-20 10:57:44,622: DEBUG: Acct-Input-Packets: [20939]
2013-11-20 10:57:44,623: DEBUG: Acct-Output-Packets: [4845]
2013-11-20 10:57:44,623: DEBUG: GoGo-Acct-Output-Voice-Packets: [0]
2013-11-20 10:57:44,623: DEBUG: GoGo-Acct-Output-Voice-Octets: [0]
2013-11-20 10:57:44,623: DEBUG: Acct-Output-Gigawords: [0]
2013-11-20 10:57:44,623: DEBUG: GoGo-Total-Output-Voice-Packets: [0]
2013-11-20 10:57:44,623: DEBUG: Acct-Input-Gigawords: [0]
2013-11-20 10:57:44,623: DEBUG: Calling-Station-Id: [u'19:21:31:41:52:06']
2013-11-20 10:57:44,623: DEBUG: NAS-Port-Type: ['Wireless-802.11']
2013-11-20 10:57:44,623: DEBUG: GoGo-Total-Output-Voice-Octets: [0]
2013-11-20 10:57:44,623: DEBUG: GoGo-Private-IP-Address: ['192.168.1.179']
2013-11-20 10:57:44,624: DEBUG: GoGo-Acct-Input-Voice-Gigawords: [0]
2013-11-20 10:57:44,624: DEBUG: GoGo-Total-Input-Packets: [20939]
2013-11-20 10:57:44,624: DEBUG: GoGo-Total-Input-Gigawords: [0]
2013-11-20 10:57:44,624: DEBUG: GoGo-Acct-Input-Voice-Packets: [0]
2013-11-20 10:57:44,624: DEBUG: GoGo-Total-Input-Octets: [5374224]
2013-11-20 10:57:44,624: DEBUG: GoGo-Total-Output-Packets: [4845]
2013-11-20 10:57:44,624: DEBUG: WISPr-Location-ID: [u'airline=BA01,tail=01009,network=']
2013-11-20 10:57:44,624: DEBUG: GoGo-Acct-Output-Voice-Gigawords: [0]
2013-11-20 10:57:44,624: DEBUG: Acct-Input-Octets: [5374224]
2013-11-20 10:57:44,627: DEBUG: 

2013-11-20 10:57:44,627: DEBUG: Received response with following attributes:
2013-11-20 10:57:58,628: DEBUG: 

2013-11-20 10:57:58,628: DEBUG: Creating Accounting Stop Request with the following Attributes:
2013-11-20 10:57:58,628: DEBUG: User-Name: [u'username75@airborne.aircell.com']
2013-11-20 10:57:58,629: DEBUG: GoGo-Tail-Number: [u'01009']
2013-11-20 10:57:58,629: DEBUG: Acct-Output-Octets: [2952488]
2013-11-20 10:57:58,629: DEBUG: NAS-IP-Address: ['10.254.229.1']
2013-11-20 10:57:58,629: DEBUG: GoGo-Total-Output-Gigawords: [0]
2013-11-20 10:57:58,629: DEBUG: Framed-IP-Address: ['10.254.229.88']
2013-11-20 10:57:58,629: DEBUG: GoGo-Total-Input-Voice-Gigawords: [0]
2013-11-20 10:57:58,629: DEBUG: GoGo-Total-Output-Octets: [2952488]
2013-11-20 10:57:58,629: DEBUG: GoGo-Acct-Input-Voice-Octets: [0]
2013-11-20 10:57:58,629: DEBUG: GoGo-Total-Input-Voice-Packets: [0]
2013-11-20 10:57:58,630: DEBUG: Called-Station-Id: [u'00:16:3E:0E:F6:FB']
2013-11-20 10:57:58,630: DEBUG: WISPr-Location-Name: [u'TEST LLC,BA01_01009']
2013-11-20 10:57:58,630: DEBUG: NAS-Identifier: [u'C08386']
2013-11-20 10:57:58,630: DEBUG: Proxy-State: ['3330,3132']
2013-11-20 10:57:58,630: DEBUG: GoGo-Total-Input-Voice-Octets: [0]
2013-11-20 10:57:58,630: DEBUG: Acct-Status-Type: ['Stop']
2013-11-20 10:57:58,630: DEBUG: GoGo-Total-Output-Voice-Gigawords: [0]
2013-11-20 10:57:58,630: DEBUG: GoGo-Airline: [u'BA01']
2013-11-20 10:57:58,630: DEBUG: Acct-Session-Id: [u'AAATestNAS_224-1384925167433-00163E0EF6FB-1']
2013-11-20 10:57:58,630: DEBUG: Acct-Session-Time: [14]
2013-11-20 10:57:58,631: DEBUG: Acct-Input-Packets: [25211]
2013-11-20 10:57:58,631: DEBUG: Acct-Output-Packets: [20379]
2013-11-20 10:57:58,631: DEBUG: Acct-Terminate-Cause: ['User-Request']
2013-11-20 10:57:58,631: DEBUG: GoGo-Acct-Output-Voice-Octets: [0]
2013-11-20 10:57:58,631: DEBUG: Acct-Output-Gigawords: [0]
2013-11-20 10:57:58,631: DEBUG: GoGo-Total-Output-Voice-Packets: [0]
2013-11-20 10:57:58,631: DEBUG: Acct-Input-Gigawords: [0]
2013-11-20 10:57:58,631: DEBUG: Calling-Station-Id: [u'19:21:31:41:52:06']
2013-11-20 10:57:58,631: DEBUG: NAS-Port-Type: ['Wireless-802.11']
2013-11-20 10:57:58,631: DEBUG: GoGo-Total-Output-Voice-Octets: [0]
2013-11-20 10:57:58,632: DEBUG: GoGo-Private-IP-Address: ['192.168.1.179']
2013-11-20 10:57:58,632: DEBUG: GoGo-Acct-Input-Voice-Gigawords: [0]
2013-11-20 10:57:58,632: DEBUG: GoGo-Total-Input-Packets: [25211]
2013-11-20 10:57:58,632: DEBUG: GoGo-Total-Input-Gigawords: [0]
2013-11-20 10:57:58,632: DEBUG: GoGo-Acct-Input-Voice-Packets: [0]
2013-11-20 10:57:58,632: DEBUG: GoGo-Total-Input-Octets: [2752199]
2013-11-20 10:57:58,632: DEBUG: GoGo-Total-Output-Packets: [20379]
2013-11-20 10:57:58,632: DEBUG: WISPr-Location-ID: [u'airline=BA01,tail=01009,network=']
2013-11-20 10:57:58,632: DEBUG: GoGo-Acct-Output-Voice-Packets: [0]
2013-11-20 10:57:58,633: DEBUG: GoGo-Acct-Output-Voice-Gigawords: [0]
2013-11-20 10:57:58,633: DEBUG: Acct-Input-Octets: [2752199]
2013-11-20 10:57:58,633: ERROR: Network error, Reason: 'Network error: Too many open files'
2013-11-20 10:57:58,633: ERROR: Ending the test for this user
2013-11-20 10:57:58,633: DEBUG: Ending the test for this user
