2013-11-20 10:55:41,883: DEBUG: Starting the client for the user username54@airborne.aircell.com to the server localhost

2013-11-20 10:55:41,883: DEBUG: DURATION of the TEST: 11
2013-11-20 10:55:41,883: DEBUG: NAS-IP: 10.254.101.1
2013-11-20 10:55:41,883: DEBUG: NAS-MAC-ADDR: 17:21:31:41:52:66
2013-11-20 10:55:41,883: DEBUG: Abruptly End: False
2013-11-20 10:55:41,883: DEBUG: Framed-IP: 10.254.101.68
2013-11-20 10:55:41,883: DEBUG: User-MAC-Addr: 00:16:3E:08:6C:1F
2013-11-20 10:55:41,883: DEBUG: 

2013-11-20 10:55:41,884: DEBUG: Creating Authentication Request with the following Attributes:
2013-11-20 10:55:41,884: DEBUG: NAS-Identifier: [u'C08386']
2013-11-20 10:55:41,884: DEBUG: User-Name: [u'username54@airborne.aircell.com']
2013-11-20 10:55:41,884: DEBUG: NAS-IP-Address: ['10.254.101.1']
2013-11-20 10:55:41,884: DEBUG: Service-Type: ['Authenticate-Only']
2013-11-20 10:55:41,884: DEBUG: Proxy-State: ['3237,3134']
2013-11-20 10:55:41,884: DEBUG: Framed-IP-Address: ['10.254.101.68']
2013-11-20 10:55:41,884: DEBUG: GoGo-Airline: [u'BA01']
2013-11-20 10:55:41,884: DEBUG: Acct-Session-Id: [u'AAATestNAS_96-1384925141883-00163E086C1F-1']
2013-11-20 10:55:41,884: DEBUG: GoGo-Tail-Number: [u'AAATestNAS_96']
2013-11-20 10:55:41,884: DEBUG: GoGo-Private-IP-Address: ['192.168.1.179']
2013-11-20 10:55:41,885: DEBUG: WISPr-Location-ID: [u'airline=BA01,tail=01009,network=']
2013-11-20 10:55:41,885: DEBUG: WISPr-Location-Name: [u'TEST LLC,BA01_01009']
2013-11-20 10:55:41,885: DEBUG: NAS-Port-Type: ['Wireless-802.11']
2013-11-20 10:55:41,885: DEBUG: Called-Station-Id: [u'00:16:3E:08:6C:1F']
2013-11-20 10:55:41,885: DEBUG: Calling-Station-Id: [u'17:21:31:41:52:66']
2013-11-20 10:55:41,886: DEBUG: 

2013-11-20 10:55:41,886: DEBUG: Received response with code: 2, Accepted
2013-11-20 10:55:41,886: DEBUG: Creating Authentication Request with the following Attributes:
2013-11-20 10:55:41,886: DEBUG: NAS-Identifier: [u'C08386']
2013-11-20 10:55:41,887: DEBUG: User-Name: [u'username54@airborne.aircell.com']
2013-11-20 10:55:41,887: DEBUG: NAS-IP-Address: ['10.254.101.1']
2013-11-20 10:55:41,887: DEBUG: Service-Type: ['Login-User']
2013-11-20 10:55:41,887: DEBUG: Proxy-State: ['3237,3134']
2013-11-20 10:55:41,887: DEBUG: Framed-IP-Address: ['10.254.101.68']
2013-11-20 10:55:41,887: DEBUG: GoGo-Airline: [u'BA01']
2013-11-20 10:55:41,887: DEBUG: Acct-Session-Id: [u'AAATestNAS_96-1384925141886-00163E086C1F-1']
2013-11-20 10:55:41,887: DEBUG: GoGo-Tail-Number: [u'AAATestNAS_96']
2013-11-20 10:55:41,887: DEBUG: GoGo-Private-IP-Address: ['192.168.1.179']
2013-11-20 10:55:41,887: DEBUG: WISPr-Location-ID: [u'airline=BA01,tail=01009,network=']
2013-11-20 10:55:41,887: DEBUG: WISPr-Location-Name: [u'TEST LLC,BA01_01009']
2013-11-20 10:55:41,887: DEBUG: NAS-Port-Type: ['Wireless-802.11']
2013-11-20 10:55:41,887: DEBUG: Called-Station-Id: [u'00:16:3E:08:6C:1F']
2013-11-20 10:55:41,888: DEBUG: Calling-Station-Id: [u'17:21:31:41:52:66']
2013-11-20 10:55:41,888: DEBUG: 

2013-11-20 10:55:41,889: DEBUG: Received response with code: 2, Accepted
2013-11-20 10:55:41,889: DEBUG: 

2013-11-20 10:55:41,889: DEBUG: Creating Accounting start Request with the following Attributes:
2013-11-20 10:55:41,889: DEBUG: NAS-Identifier: [u'C08386']
2013-11-20 10:55:41,889: DEBUG: User-Name: [u'username54@airborne.aircell.com']
2013-11-20 10:55:41,889: DEBUG: GoGo-Tail-Number: [u'AAATestNAS_96']
2013-11-20 10:55:41,889: DEBUG: NAS-IP-Address: ['10.254.101.1']
2013-11-20 10:55:41,889: DEBUG: Proxy-State: ['3239,3131']
2013-11-20 10:55:41,889: DEBUG: Acct-Status-Type: ['Start']
2013-11-20 10:55:41,889: DEBUG: GoGo-Airline: [u'BA01']
2013-11-20 10:55:41,889: DEBUG: Acct-Session-Id: [u'AAATestNAS_96-1384925141886-00163E086C1F-1']
2013-11-20 10:55:41,889: DEBUG: GoGo-Private-IP-Address: ['192.168.1.179']
2013-11-20 10:55:41,890: DEBUG: Framed-IP-Address: ['10.254.101.68']
2013-11-20 10:55:41,890: DEBUG: WISPr-Location-ID: [u'airline=BA01,tail=01009,network=']
2013-11-20 10:55:41,890: DEBUG: WISPr-Location-Name: [u'TEST LLC,BA01_01009']
2013-11-20 10:55:41,890: DEBUG: NAS-Port-Type: ['Wireless-802.11']
2013-11-20 10:55:41,890: DEBUG: Called-Station-Id: [u'00:16:3E:08:6C:1F']
2013-11-20 10:55:41,890: DEBUG: Calling-Station-Id: [u'17:21:31:41:52:66']
2013-11-20 10:55:41,891: DEBUG: 

2013-11-20 10:55:41,891: DEBUG: Received response with following attributes:
2013-11-20 10:55:51,892: DEBUG: 

2013-11-20 10:55:51,892: DEBUG: Creating Accounting Update Request with the following Attributes:
2013-11-20 10:55:51,893: DEBUG: User-Name: [u'username54@airborne.aircell.com']
2013-11-20 10:55:51,893: DEBUG: GoGo-Tail-Number: [u'AAATestNAS_96']
2013-11-20 10:55:51,893: DEBUG: Acct-Output-Octets: [8974324]
2013-11-20 10:55:51,893: DEBUG: NAS-IP-Address: ['10.254.101.1']
2013-11-20 10:55:51,893: DEBUG: GoGo-Total-Output-Gigawords: [0]
2013-11-20 10:55:51,893: DEBUG: Framed-IP-Address: ['10.254.101.68']
2013-11-20 10:55:51,893: DEBUG: GoGo-Total-Input-Voice-Gigawords: [0]
2013-11-20 10:55:51,893: DEBUG: GoGo-Total-Output-Octets: [8974324]
2013-11-20 10:55:51,893: DEBUG: GoGo-Acct-Input-Voice-Octets: [0]
2013-11-20 10:55:51,893: DEBUG: GoGo-Total-Input-Voice-Packets: [0]
2013-11-20 10:55:51,893: DEBUG: Called-Station-Id: [u'00:16:3E:08:6C:1F']
2013-11-20 10:55:51,893: DEBUG: WISPr-Location-Name: [u'TEST LLC,BA01_01009']
2013-11-20 10:55:51,893: DEBUG: NAS-Identifier: [u'C08386']
2013-11-20 10:55:51,893: DEBUG: Proxy-State: ['3330,3132']
2013-11-20 10:55:51,893: DEBUG: GoGo-Total-Input-Voice-Octets: [0]
2013-11-20 10:55:51,894: DEBUG: Acct-Status-Type: ['Interim-Update']
2013-11-20 10:55:51,894: DEBUG: GoGo-Total-Output-Voice-Gigawords: [0]
2013-11-20 10:55:51,894: DEBUG: GoGo-Airline: [u'BA01']
2013-11-20 10:55:51,894: DEBUG: Acct-Session-Id: [u'AAATestNAS_96-1384925141886-00163E086C1F-1']
2013-11-20 10:55:51,894: DEBUG: Acct-Session-Time: [10]
2013-11-20 10:55:51,894: DEBUG: Acct-Input-Packets: [80149]
2013-11-20 10:55:51,894: DEBUG: Acct-Output-Packets: [26877]
2013-11-20 10:55:51,894: DEBUG: GoGo-Acct-Output-Voice-Packets: [0]
2013-11-20 10:55:51,894: DEBUG: GoGo-Acct-Output-Voice-Octets: [0]
2013-11-20 10:55:51,894: DEBUG: Acct-Output-Gigawords: [0]
2013-11-20 10:55:51,894: DEBUG: GoGo-Total-Output-Voice-Packets: [0]
2013-11-20 10:55:51,894: DEBUG: Acct-Input-Gigawords: [0]
2013-11-20 10:55:51,894: DEBUG: Calling-Station-Id: [u'17:21:31:41:52:66']
2013-11-20 10:55:51,894: DEBUG: NAS-Port-Type: ['Wireless-802.11']
2013-11-20 10:55:51,895: DEBUG: GoGo-Total-Output-Voice-Octets: [0]
2013-11-20 10:55:51,895: DEBUG: GoGo-Private-IP-Address: ['192.168.1.179']
2013-11-20 10:55:51,895: DEBUG: GoGo-Acct-Input-Voice-Gigawords: [0]
2013-11-20 10:55:51,895: DEBUG: GoGo-Total-Input-Packets: [80149]
2013-11-20 10:55:51,895: DEBUG: GoGo-Total-Input-Gigawords: [0]
2013-11-20 10:55:51,895: DEBUG: GoGo-Acct-Input-Voice-Packets: [0]
2013-11-20 10:55:51,895: DEBUG: GoGo-Total-Input-Octets: [8344353]
2013-11-20 10:55:51,895: DEBUG: GoGo-Total-Output-Packets: [26877]
2013-11-20 10:55:51,895: DEBUG: WISPr-Location-ID: [u'airline=BA01,tail=01009,network=']
2013-11-20 10:55:51,895: DEBUG: GoGo-Acct-Output-Voice-Gigawords: [0]
2013-11-20 10:55:51,895: DEBUG: Acct-Input-Octets: [8344353]
2013-11-20 10:55:51,897: DEBUG: 

2013-11-20 10:55:51,897: DEBUG: Received response with following attributes:
2013-11-20 10:56:10,898: DEBUG: 

2013-11-20 10:56:10,898: DEBUG: Creating Accounting Stop Request with the following Attributes:
2013-11-20 10:56:10,898: DEBUG: User-Name: [u'username54@airborne.aircell.com']
2013-11-20 10:56:10,898: DEBUG: GoGo-Tail-Number: [u'01009']
2013-11-20 10:56:10,898: DEBUG: Acct-Output-Octets: [2686434]
2013-11-20 10:56:10,899: DEBUG: NAS-IP-Address: ['10.254.101.1']
2013-11-20 10:56:10,899: DEBUG: GoGo-Total-Output-Gigawords: [0]
2013-11-20 10:56:10,899: DEBUG: Framed-IP-Address: ['10.254.101.68']
2013-11-20 10:56:10,899: DEBUG: GoGo-Total-Input-Voice-Gigawords: [0]
2013-11-20 10:56:10,899: DEBUG: GoGo-Total-Output-Octets: [2686434]
2013-11-20 10:56:10,899: DEBUG: GoGo-Acct-Input-Voice-Octets: [0]
2013-11-20 10:56:10,899: DEBUG: GoGo-Total-Input-Voice-Packets: [0]
2013-11-20 10:56:10,899: DEBUG: Called-Station-Id: [u'00:16:3E:08:6C:1F']
2013-11-20 10:56:10,899: DEBUG: WISPr-Location-Name: [u'TEST LLC,BA01_01009']
2013-11-20 10:56:10,899: DEBUG: NAS-Identifier: [u'C08386']
2013-11-20 10:56:10,899: DEBUG: Proxy-State: ['3330,3132']
2013-11-20 10:56:10,899: DEBUG: GoGo-Total-Input-Voice-Octets: [0]
2013-11-20 10:56:10,899: DEBUG: Acct-Status-Type: ['Stop']
2013-11-20 10:56:10,899: DEBUG: GoGo-Total-Output-Voice-Gigawords: [0]
2013-11-20 10:56:10,900: DEBUG: GoGo-Airline: [u'BA01']
2013-11-20 10:56:10,900: DEBUG: Acct-Session-Id: [u'AAATestNAS_96-1384925141886-00163E086C1F-1']
2013-11-20 10:56:10,900: DEBUG: Acct-Session-Time: [19]
2013-11-20 10:56:10,900: DEBUG: Acct-Input-Packets: [3449]
2013-11-20 10:56:10,900: DEBUG: Acct-Output-Packets: [18048]
2013-11-20 10:56:10,900: DEBUG: Acct-Terminate-Cause: ['User-Request']
2013-11-20 10:56:10,900: DEBUG: GoGo-Acct-Output-Voice-Octets: [0]
2013-11-20 10:56:10,900: DEBUG: Acct-Output-Gigawords: [0]
2013-11-20 10:56:10,900: DEBUG: GoGo-Total-Output-Voice-Packets: [0]
2013-11-20 10:56:10,900: DEBUG: Acct-Input-Gigawords: [0]
2013-11-20 10:56:10,900: DEBUG: Calling-Station-Id: [u'17:21:31:41:52:66']
2013-11-20 10:56:10,900: DEBUG: NAS-Port-Type: ['Wireless-802.11']
2013-11-20 10:56:10,900: DEBUG: GoGo-Total-Output-Voice-Octets: [0]
2013-11-20 10:56:10,900: DEBUG: GoGo-Private-IP-Address: ['192.168.1.179']
2013-11-20 10:56:10,901: DEBUG: GoGo-Acct-Input-Voice-Gigawords: [0]
2013-11-20 10:56:10,901: DEBUG: GoGo-Total-Input-Packets: [3449]
2013-11-20 10:56:10,901: DEBUG: GoGo-Total-Input-Gigawords: [0]
2013-11-20 10:56:10,901: DEBUG: GoGo-Acct-Input-Voice-Packets: [0]
2013-11-20 10:56:10,901: DEBUG: GoGo-Total-Input-Octets: [2805103]
2013-11-20 10:56:10,901: DEBUG: GoGo-Total-Output-Packets: [18048]
2013-11-20 10:56:10,901: DEBUG: WISPr-Location-ID: [u'airline=BA01,tail=01009,network=']
2013-11-20 10:56:10,901: DEBUG: GoGo-Acct-Output-Voice-Packets: [0]
2013-11-20 10:56:10,901: DEBUG: GoGo-Acct-Output-Voice-Gigawords: [0]
2013-11-20 10:56:10,901: DEBUG: Acct-Input-Octets: [2805103]
2013-11-20 10:56:10,903: DEBUG: 

2013-11-20 10:56:10,903: DEBUG: Received response with following attributes:
2013-11-20 10:56:10,903: DEBUG: Ending the test for this user
2013-11-20 10:56:11,420: DEBUG: Starting the client for the user username54@airborne.aircell.com to the server localhost

2013-11-20 10:56:11,420: DEBUG: DURATION of the TEST: 98
2013-11-20 10:56:11,421: DEBUG: NAS-IP: 10.254.175.1
2013-11-20 10:56:11,421: DEBUG: NAS-MAC-ADDR: 18:21:31:41:52:51
2013-11-20 10:56:11,421: DEBUG: Abruptly End: False
2013-11-20 10:56:11,422: DEBUG: Framed-IP: 10.254.175.87
2013-11-20 10:56:11,422: DEBUG: User-MAC-Addr: 00:16:3E:25:C9:41
2013-11-20 10:56:11,423: DEBUG: 

2013-11-20 10:56:11,423: DEBUG: Creating Authentication Request with the following Attributes:
2013-11-20 10:56:11,424: DEBUG: NAS-Identifier: [u'C08386']
2013-11-20 10:56:11,424: DEBUG: User-Name: [u'username54@airborne.aircell.com']
2013-11-20 10:56:11,424: DEBUG: NAS-IP-Address: ['10.254.175.1']
2013-11-20 10:56:11,425: DEBUG: Service-Type: ['Authenticate-Only']
2013-11-20 10:56:11,425: DEBUG: Proxy-State: ['3237,3134']
2013-11-20 10:56:11,425: DEBUG: Framed-IP-Address: ['10.254.175.87']
2013-11-20 10:56:11,425: DEBUG: GoGo-Airline: [u'BA01']
2013-11-20 10:56:11,426: DEBUG: Acct-Session-Id: [u'AAATestNAS_170-1384925171423-00163E25C941-2']
2013-11-20 10:56:11,426: DEBUG: GoGo-Tail-Number: [u'AAATestNAS_170']
2013-11-20 10:56:11,426: DEBUG: GoGo-Private-IP-Address: ['192.168.1.179']
2013-11-20 10:56:11,427: DEBUG: WISPr-Location-ID: [u'airline=BA01,tail=01009,network=']
2013-11-20 10:56:11,427: DEBUG: WISPr-Location-Name: [u'TEST LLC,BA01_01009']
2013-11-20 10:56:11,427: DEBUG: NAS-Port-Type: ['Wireless-802.11']
2013-11-20 10:56:11,427: DEBUG: Called-Station-Id: [u'00:16:3E:25:C9:41']
2013-11-20 10:56:11,427: DEBUG: Calling-Station-Id: [u'18:21:31:41:52:51']
2013-11-20 10:56:11,428: DEBUG: 

2013-11-20 10:56:11,428: DEBUG: Received response with code: 2, Accepted
2013-11-20 10:56:11,429: DEBUG: Creating Authentication Request with the following Attributes:
2013-11-20 10:56:11,429: DEBUG: NAS-Identifier: [u'C08386']
2013-11-20 10:56:11,429: DEBUG: User-Name: [u'username54@airborne.aircell.com']
2013-11-20 10:56:11,430: DEBUG: NAS-IP-Address: ['10.254.175.1']
2013-11-20 10:56:11,430: DEBUG: Service-Type: ['Login-User']
2013-11-20 10:56:11,430: DEBUG: Proxy-State: ['3237,3134']
2013-11-20 10:56:11,430: DEBUG: Framed-IP-Address: ['10.254.175.87']
2013-11-20 10:56:11,430: DEBUG: GoGo-Airline: [u'BA01']
2013-11-20 10:56:11,431: DEBUG: Acct-Session-Id: [u'AAATestNAS_170-1384925171429-00163E25C941-2']
2013-11-20 10:56:11,431: DEBUG: GoGo-Tail-Number: [u'AAATestNAS_170']
2013-11-20 10:56:11,431: DEBUG: GoGo-Private-IP-Address: ['192.168.1.179']
2013-11-20 10:56:11,431: DEBUG: WISPr-Location-ID: [u'airline=BA01,tail=01009,network=']
2013-11-20 10:56:11,432: DEBUG: WISPr-Location-Name: [u'TEST LLC,BA01_01009']
2013-11-20 10:56:11,432: DEBUG: NAS-Port-Type: ['Wireless-802.11']
2013-11-20 10:56:11,432: DEBUG: Called-Station-Id: [u'00:16:3E:25:C9:41']
2013-11-20 10:56:11,432: DEBUG: Calling-Station-Id: [u'18:21:31:41:52:51']
2013-11-20 10:56:11,434: DEBUG: 

2013-11-20 10:56:11,434: DEBUG: Received response with code: 2, Accepted
2013-11-20 10:56:11,434: DEBUG: 

2013-11-20 10:56:11,435: DEBUG: Creating Accounting start Request with the following Attributes:
2013-11-20 10:56:11,435: DEBUG: NAS-Identifier: [u'C08386']
2013-11-20 10:56:11,436: DEBUG: User-Name: [u'username54@airborne.aircell.com']
2013-11-20 10:56:11,436: DEBUG: GoGo-Tail-Number: [u'AAATestNAS_170']
2013-11-20 10:56:11,436: DEBUG: NAS-IP-Address: ['10.254.175.1']
2013-11-20 10:56:11,436: DEBUG: Proxy-State: ['3239,3131']
2013-11-20 10:56:11,437: DEBUG: Acct-Status-Type: ['Start']
2013-11-20 10:56:11,437: DEBUG: GoGo-Airline: [u'BA01']
2013-11-20 10:56:11,437: DEBUG: Acct-Session-Id: [u'AAATestNAS_170-1384925171429-00163E25C941-2']
2013-11-20 10:56:11,437: DEBUG: GoGo-Private-IP-Address: ['192.168.1.179']
2013-11-20 10:56:11,438: DEBUG: Framed-IP-Address: ['10.254.175.87']
2013-11-20 10:56:11,438: DEBUG: WISPr-Location-ID: [u'airline=BA01,tail=01009,network=']
2013-11-20 10:56:11,438: DEBUG: WISPr-Location-Name: [u'TEST LLC,BA01_01009']
2013-11-20 10:56:11,438: DEBUG: NAS-Port-Type: ['Wireless-802.11']
2013-11-20 10:56:11,439: DEBUG: Called-Station-Id: [u'00:16:3E:25:C9:41']
2013-11-20 10:56:11,439: DEBUG: Calling-Station-Id: [u'18:21:31:41:52:51']
2013-11-20 10:56:11,440: DEBUG: 

2013-11-20 10:56:11,440: DEBUG: Received response with following attributes:
2013-11-20 10:56:21,441: DEBUG: 

2013-11-20 10:56:21,442: DEBUG: Creating Accounting Update Request with the following Attributes:
2013-11-20 10:56:21,442: DEBUG: User-Name: [u'username54@airborne.aircell.com']
2013-11-20 10:56:21,443: DEBUG: GoGo-Tail-Number: [u'AAATestNAS_170']
2013-11-20 10:56:21,443: DEBUG: Acct-Output-Octets: [7453745]
2013-11-20 10:56:21,443: DEBUG: NAS-IP-Address: ['10.254.175.1']
2013-11-20 10:56:21,443: DEBUG: GoGo-Total-Output-Gigawords: [0]
2013-11-20 10:56:21,444: DEBUG: Framed-IP-Address: ['10.254.175.87']
2013-11-20 10:56:21,444: DEBUG: GoGo-Total-Input-Voice-Gigawords: [0]
2013-11-20 10:56:21,444: DEBUG: GoGo-Total-Output-Octets: [7453745]
2013-11-20 10:56:21,444: DEBUG: GoGo-Acct-Input-Voice-Octets: [0]
2013-11-20 10:56:21,445: DEBUG: GoGo-Total-Input-Voice-Packets: [0]
2013-11-20 10:56:21,445: DEBUG: Called-Station-Id: [u'00:16:3E:25:C9:41']
2013-11-20 10:56:21,445: DEBUG: WISPr-Location-Name: [u'TEST LLC,BA01_01009']
2013-11-20 10:56:21,445: DEBUG: NAS-Identifier: [u'C08386']
2013-11-20 10:56:21,446: DEBUG: Proxy-State: ['3330,3132']
2013-11-20 10:56:21,446: DEBUG: GoGo-Total-Input-Voice-Octets: [0]
2013-11-20 10:56:21,446: DEBUG: Acct-Status-Type: ['Interim-Update']
2013-11-20 10:56:21,447: DEBUG: GoGo-Total-Output-Voice-Gigawords: [0]
2013-11-20 10:56:21,447: DEBUG: GoGo-Airline: [u'BA01']
2013-11-20 10:56:21,448: DEBUG: Acct-Session-Id: [u'AAATestNAS_170-1384925171429-00163E25C941-2']
2013-11-20 10:56:21,448: DEBUG: Acct-Session-Time: [10]
2013-11-20 10:56:21,449: DEBUG: Acct-Input-Packets: [13771]
2013-11-20 10:56:21,449: DEBUG: Acct-Output-Packets: [30591]
2013-11-20 10:56:21,449: DEBUG: GoGo-Acct-Output-Voice-Packets: [0]
2013-11-20 10:56:21,450: DEBUG: GoGo-Acct-Output-Voice-Octets: [0]
2013-11-20 10:56:21,450: DEBUG: Acct-Output-Gigawords: [0]
2013-11-20 10:56:21,451: DEBUG: GoGo-Total-Output-Voice-Packets: [0]
2013-11-20 10:56:21,451: DEBUG: Acct-Input-Gigawords: [0]
2013-11-20 10:56:21,452: DEBUG: Calling-Station-Id: [u'18:21:31:41:52:51']
2013-11-20 10:56:21,452: DEBUG: NAS-Port-Type: ['Wireless-802.11']
2013-11-20 10:56:21,453: DEBUG: GoGo-Total-Output-Voice-Octets: [0]
2013-11-20 10:56:21,453: DEBUG: GoGo-Private-IP-Address: ['192.168.1.179']
2013-11-20 10:56:21,454: DEBUG: GoGo-Acct-Input-Voice-Gigawords: [0]
2013-11-20 10:56:21,455: DEBUG: GoGo-Total-Input-Packets: [13771]
2013-11-20 10:56:21,455: DEBUG: GoGo-Total-Input-Gigawords: [0]
2013-11-20 10:56:21,457: DEBUG: GoGo-Acct-Input-Voice-Packets: [0]
2013-11-20 10:56:21,457: DEBUG: GoGo-Total-Input-Octets: [2557916]
2013-11-20 10:56:21,458: DEBUG: GoGo-Total-Output-Packets: [30591]
2013-11-20 10:56:21,460: DEBUG: WISPr-Location-ID: [u'airline=BA01,tail=01009,network=']
2013-11-20 10:56:21,460: DEBUG: GoGo-Acct-Output-Voice-Gigawords: [0]
2013-11-20 10:56:21,461: DEBUG: Acct-Input-Octets: [2557916]
2013-11-20 10:56:21,463: DEBUG: 

2013-11-20 10:56:21,464: DEBUG: Received response with following attributes:
2013-11-20 10:56:31,465: DEBUG: 

2013-11-20 10:56:31,466: DEBUG: Creating Accounting Update Request with the following Attributes:
2013-11-20 10:56:31,466: DEBUG: User-Name: [u'username54@airborne.aircell.com']
2013-11-20 10:56:31,466: DEBUG: GoGo-Tail-Number: [u'AAATestNAS_170']
2013-11-20 10:56:31,466: DEBUG: Acct-Output-Octets: [1201443]
2013-11-20 10:56:31,466: DEBUG: NAS-IP-Address: ['10.254.175.1']
2013-11-20 10:56:31,467: DEBUG: GoGo-Total-Output-Gigawords: [0]
2013-11-20 10:56:31,467: DEBUG: Framed-IP-Address: ['10.254.175.87']
2013-11-20 10:56:31,467: DEBUG: GoGo-Total-Input-Voice-Gigawords: [0]
2013-11-20 10:56:31,467: DEBUG: GoGo-Total-Output-Octets: [1201443]
2013-11-20 10:56:31,467: DEBUG: GoGo-Acct-Input-Voice-Octets: [0]
2013-11-20 10:56:31,467: DEBUG: GoGo-Total-Input-Voice-Packets: [0]
2013-11-20 10:56:31,467: DEBUG: Called-Station-Id: [u'00:16:3E:25:C9:41']
2013-11-20 10:56:31,467: DEBUG: WISPr-Location-Name: [u'TEST LLC,BA01_01009']
2013-11-20 10:56:31,467: DEBUG: NAS-Identifier: [u'C08386']
2013-11-20 10:56:31,468: DEBUG: Proxy-State: ['3330,3132']
2013-11-20 10:56:31,468: DEBUG: GoGo-Total-Input-Voice-Octets: [0]
2013-11-20 10:56:31,469: DEBUG: Acct-Status-Type: ['Interim-Update']
2013-11-20 10:56:31,469: DEBUG: GoGo-Total-Output-Voice-Gigawords: [0]
2013-11-20 10:56:31,469: DEBUG: GoGo-Airline: [u'BA01']
2013-11-20 10:56:31,469: DEBUG: Acct-Session-Id: [u'AAATestNAS_170-1384925171429-00163E25C941-2']
2013-11-20 10:56:31,470: DEBUG: Acct-Session-Time: [10]
2013-11-20 10:56:31,470: DEBUG: Acct-Input-Packets: [33700]
2013-11-20 10:56:31,470: DEBUG: Acct-Output-Packets: [5175]
2013-11-20 10:56:31,470: DEBUG: GoGo-Acct-Output-Voice-Packets: [0]
2013-11-20 10:56:31,471: DEBUG: GoGo-Acct-Output-Voice-Octets: [0]
2013-11-20 10:56:31,471: DEBUG: Acct-Output-Gigawords: [0]
2013-11-20 10:56:31,471: DEBUG: GoGo-Total-Output-Voice-Packets: [0]
2013-11-20 10:56:31,471: DEBUG: Acct-Input-Gigawords: [0]
2013-11-20 10:56:31,472: DEBUG: Calling-Station-Id: [u'18:21:31:41:52:51']
2013-11-20 10:56:31,473: DEBUG: NAS-Port-Type: ['Wireless-802.11']
2013-11-20 10:56:31,474: DEBUG: GoGo-Total-Output-Voice-Octets: [0]
2013-11-20 10:56:31,475: DEBUG: GoGo-Private-IP-Address: ['192.168.1.179']
2013-11-20 10:56:31,476: DEBUG: GoGo-Acct-Input-Voice-Gigawords: [0]
2013-11-20 10:56:31,476: DEBUG: GoGo-Total-Input-Packets: [33700]
2013-11-20 10:56:31,477: DEBUG: GoGo-Total-Input-Gigawords: [0]
2013-11-20 10:56:31,477: DEBUG: GoGo-Acct-Input-Voice-Packets: [0]
2013-11-20 10:56:31,478: DEBUG: GoGo-Total-Input-Octets: [4113700]
2013-11-20 10:56:31,479: DEBUG: GoGo-Total-Output-Packets: [5175]
2013-11-20 10:56:31,479: DEBUG: WISPr-Location-ID: [u'airline=BA01,tail=01009,network=']
2013-11-20 10:56:31,480: DEBUG: GoGo-Acct-Output-Voice-Gigawords: [0]
2013-11-20 10:56:31,481: DEBUG: Acct-Input-Octets: [4113700]
2013-11-20 10:56:31,483: DEBUG: 

2013-11-20 10:56:31,484: DEBUG: Received response with following attributes:
2013-11-20 10:56:41,485: DEBUG: 

2013-11-20 10:56:41,486: DEBUG: Creating Accounting Update Request with the following Attributes:
2013-11-20 10:56:41,486: DEBUG: User-Name: [u'username54@airborne.aircell.com']
2013-11-20 10:56:41,486: DEBUG: GoGo-Tail-Number: [u'AAATestNAS_170']
2013-11-20 10:56:41,486: DEBUG: Acct-Output-Octets: [5699970]
2013-11-20 10:56:41,486: DEBUG: NAS-IP-Address: ['10.254.175.1']
2013-11-20 10:56:41,486: DEBUG: GoGo-Total-Output-Gigawords: [0]
2013-11-20 10:56:41,486: DEBUG: Framed-IP-Address: ['10.254.175.87']
2013-11-20 10:56:41,486: DEBUG: GoGo-Total-Input-Voice-Gigawords: [0]
2013-11-20 10:56:41,487: DEBUG: GoGo-Total-Output-Octets: [5699970]
2013-11-20 10:56:41,487: DEBUG: GoGo-Acct-Input-Voice-Octets: [0]
2013-11-20 10:56:41,487: DEBUG: GoGo-Total-Input-Voice-Packets: [0]
2013-11-20 10:56:41,487: DEBUG: Called-Station-Id: [u'00:16:3E:25:C9:41']
2013-11-20 10:56:41,487: DEBUG: WISPr-Location-Name: [u'TEST LLC,BA01_01009']
2013-11-20 10:56:41,487: DEBUG: NAS-Identifier: [u'C08386']
2013-11-20 10:56:41,487: DEBUG: Proxy-State: ['3330,3132']
2013-11-20 10:56:41,487: DEBUG: GoGo-Total-Input-Voice-Octets: [0]
2013-11-20 10:56:41,487: DEBUG: Acct-Status-Type: ['Interim-Update']
2013-11-20 10:56:41,487: DEBUG: GoGo-Total-Output-Voice-Gigawords: [0]
2013-11-20 10:56:41,488: DEBUG: GoGo-Airline: [u'BA01']
2013-11-20 10:56:41,488: DEBUG: Acct-Session-Id: [u'AAATestNAS_170-1384925171429-00163E25C941-2']
2013-11-20 10:56:41,488: DEBUG: Acct-Session-Time: [10]
2013-11-20 10:56:41,488: DEBUG: Acct-Input-Packets: [23336]
2013-11-20 10:56:41,488: DEBUG: Acct-Output-Packets: [28241]
2013-11-20 10:56:41,488: DEBUG: GoGo-Acct-Output-Voice-Packets: [0]
2013-11-20 10:56:41,488: DEBUG: GoGo-Acct-Output-Voice-Octets: [0]
2013-11-20 10:56:41,488: DEBUG: Acct-Output-Gigawords: [0]
2013-11-20 10:56:41,488: DEBUG: GoGo-Total-Output-Voice-Packets: [0]
2013-11-20 10:56:41,488: DEBUG: Acct-Input-Gigawords: [0]
2013-11-20 10:56:41,489: DEBUG: Calling-Station-Id: [u'18:21:31:41:52:51']
2013-11-20 10:56:41,489: DEBUG: NAS-Port-Type: ['Wireless-802.11']
2013-11-20 10:56:41,489: DEBUG: GoGo-Total-Output-Voice-Octets: [0]
2013-11-20 10:56:41,489: DEBUG: GoGo-Private-IP-Address: ['192.168.1.179']
2013-11-20 10:56:41,489: DEBUG: GoGo-Acct-Input-Voice-Gigawords: [0]
2013-11-20 10:56:41,489: DEBUG: GoGo-Total-Input-Packets: [23336]
2013-11-20 10:56:41,489: DEBUG: GoGo-Total-Input-Gigawords: [0]
2013-11-20 10:56:41,489: DEBUG: GoGo-Acct-Input-Voice-Packets: [0]
2013-11-20 10:56:41,489: DEBUG: GoGo-Total-Input-Octets: [4468968]
2013-11-20 10:56:41,489: DEBUG: GoGo-Total-Output-Packets: [28241]
2013-11-20 10:56:41,490: DEBUG: WISPr-Location-ID: [u'airline=BA01,tail=01009,network=']
2013-11-20 10:56:41,490: DEBUG: GoGo-Acct-Output-Voice-Gigawords: [0]
2013-11-20 10:56:41,490: DEBUG: Acct-Input-Octets: [4468968]
2013-11-20 10:56:41,492: DEBUG: 

2013-11-20 10:56:41,492: DEBUG: Received response with following attributes:
2013-11-20 10:56:51,494: DEBUG: 

2013-11-20 10:56:51,494: DEBUG: Creating Accounting Update Request with the following Attributes:
2013-11-20 10:56:51,495: DEBUG: User-Name: [u'username54@airborne.aircell.com']
2013-11-20 10:56:51,495: DEBUG: GoGo-Tail-Number: [u'AAATestNAS_170']
2013-11-20 10:56:51,495: DEBUG: Acct-Output-Octets: [1262958]
2013-11-20 10:56:51,495: DEBUG: NAS-IP-Address: ['10.254.175.1']
2013-11-20 10:56:51,495: DEBUG: GoGo-Total-Output-Gigawords: [0]
2013-11-20 10:56:51,496: DEBUG: Framed-IP-Address: ['10.254.175.87']
2013-11-20 10:56:51,496: DEBUG: GoGo-Total-Input-Voice-Gigawords: [0]
2013-11-20 10:56:51,496: DEBUG: GoGo-Total-Output-Octets: [1262958]
2013-11-20 10:56:51,496: DEBUG: GoGo-Acct-Input-Voice-Octets: [0]
2013-11-20 10:56:51,496: DEBUG: GoGo-Total-Input-Voice-Packets: [0]
2013-11-20 10:56:51,496: DEBUG: Called-Station-Id: [u'00:16:3E:25:C9:41']
2013-11-20 10:56:51,497: DEBUG: WISPr-Location-Name: [u'TEST LLC,BA01_01009']
2013-11-20 10:56:51,497: DEBUG: NAS-Identifier: [u'C08386']
2013-11-20 10:56:51,497: DEBUG: Proxy-State: ['3330,3132']
2013-11-20 10:56:51,497: DEBUG: GoGo-Total-Input-Voice-Octets: [0]
2013-11-20 10:56:51,497: DEBUG: Acct-Status-Type: ['Interim-Update']
2013-11-20 10:56:51,497: DEBUG: GoGo-Total-Output-Voice-Gigawords: [0]
2013-11-20 10:56:51,497: DEBUG: GoGo-Airline: [u'BA01']
2013-11-20 10:56:51,497: DEBUG: Acct-Session-Id: [u'AAATestNAS_170-1384925171429-00163E25C941-2']
2013-11-20 10:56:51,497: DEBUG: Acct-Session-Time: [10]
2013-11-20 10:56:51,497: DEBUG: Acct-Input-Packets: [10412]
2013-11-20 10:56:51,498: DEBUG: Acct-Output-Packets: [7954]
2013-11-20 10:56:51,498: DEBUG: GoGo-Acct-Output-Voice-Packets: [0]
2013-11-20 10:56:51,498: DEBUG: GoGo-Acct-Output-Voice-Octets: [0]
2013-11-20 10:56:51,499: DEBUG: Acct-Output-Gigawords: [0]
2013-11-20 10:56:51,499: DEBUG: GoGo-Total-Output-Voice-Packets: [0]
2013-11-20 10:56:51,499: DEBUG: Acct-Input-Gigawords: [0]
2013-11-20 10:56:51,500: DEBUG: Calling-Station-Id: [u'18:21:31:41:52:51']
2013-11-20 10:56:51,500: DEBUG: NAS-Port-Type: ['Wireless-802.11']
2013-11-20 10:56:51,501: DEBUG: GoGo-Total-Output-Voice-Octets: [0]
2013-11-20 10:56:51,501: DEBUG: GoGo-Private-IP-Address: ['192.168.1.179']
2013-11-20 10:56:51,501: DEBUG: GoGo-Acct-Input-Voice-Gigawords: [0]
2013-11-20 10:56:51,502: DEBUG: GoGo-Total-Input-Packets: [10412]
2013-11-20 10:56:51,502: DEBUG: GoGo-Total-Input-Gigawords: [0]
2013-11-20 10:56:51,502: DEBUG: GoGo-Acct-Input-Voice-Packets: [0]
2013-11-20 10:56:51,503: DEBUG: GoGo-Total-Input-Octets: [2510839]
2013-11-20 10:56:51,503: DEBUG: GoGo-Total-Output-Packets: [7954]
2013-11-20 10:56:51,503: DEBUG: WISPr-Location-ID: [u'airline=BA01,tail=01009,network=']
2013-11-20 10:56:51,504: DEBUG: GoGo-Acct-Output-Voice-Gigawords: [0]
2013-11-20 10:56:51,504: DEBUG: Acct-Input-Octets: [2510839]
2013-11-20 10:56:51,506: DEBUG: 

2013-11-20 10:56:51,506: DEBUG: Received response with following attributes:
2013-11-20 10:57:01,507: DEBUG: 

2013-11-20 10:57:01,508: DEBUG: Creating Accounting Update Request with the following Attributes:
2013-11-20 10:57:01,511: DEBUG: User-Name: [u'username54@airborne.aircell.com']
2013-11-20 10:57:01,514: DEBUG: GoGo-Tail-Number: [u'AAATestNAS_170']
2013-11-20 10:57:01,516: DEBUG: Acct-Output-Octets: [2769852]
2013-11-20 10:57:01,518: DEBUG: NAS-IP-Address: ['10.254.175.1']
2013-11-20 10:57:01,519: DEBUG: GoGo-Total-Output-Gigawords: [0]
2013-11-20 10:57:01,519: DEBUG: Framed-IP-Address: ['10.254.175.87']
2013-11-20 10:57:01,521: DEBUG: GoGo-Total-Input-Voice-Gigawords: [0]
2013-11-20 10:57:01,522: DEBUG: GoGo-Total-Output-Octets: [2769852]
2013-11-20 10:57:01,523: DEBUG: GoGo-Acct-Input-Voice-Octets: [0]
2013-11-20 10:57:01,525: DEBUG: GoGo-Total-Input-Voice-Packets: [0]
2013-11-20 10:57:01,528: DEBUG: Called-Station-Id: [u'00:16:3E:25:C9:41']
2013-11-20 10:57:01,530: DEBUG: WISPr-Location-Name: [u'TEST LLC,BA01_01009']
2013-11-20 10:57:01,532: DEBUG: NAS-Identifier: [u'C08386']
2013-11-20 10:57:01,534: DEBUG: Proxy-State: ['3330,3132']
2013-11-20 10:57:01,535: DEBUG: GoGo-Total-Input-Voice-Octets: [0]
2013-11-20 10:57:01,536: DEBUG: Acct-Status-Type: ['Interim-Update']
2013-11-20 10:57:01,538: DEBUG: GoGo-Total-Output-Voice-Gigawords: [0]
2013-11-20 10:57:01,539: DEBUG: GoGo-Airline: [u'BA01']
2013-11-20 10:57:01,543: DEBUG: Acct-Session-Id: [u'AAATestNAS_170-1384925171429-00163E25C941-2']
2013-11-20 10:57:01,544: DEBUG: Acct-Session-Time: [10]
2013-11-20 10:57:01,544: DEBUG: Acct-Input-Packets: [55514]
2013-11-20 10:57:01,548: DEBUG: Acct-Output-Packets: [16209]
2013-11-20 10:57:01,550: DEBUG: GoGo-Acct-Output-Voice-Packets: [0]
2013-11-20 10:57:01,553: DEBUG: GoGo-Acct-Output-Voice-Octets: [0]
2013-11-20 10:57:01,554: DEBUG: Acct-Output-Gigawords: [0]
2013-11-20 10:57:01,556: DEBUG: GoGo-Total-Output-Voice-Packets: [0]
2013-11-20 10:57:01,557: DEBUG: Acct-Input-Gigawords: [0]
2013-11-20 10:57:01,557: DEBUG: Calling-Station-Id: [u'18:21:31:41:52:51']
2013-11-20 10:57:01,559: DEBUG: NAS-Port-Type: ['Wireless-802.11']
2013-11-20 10:57:01,561: DEBUG: GoGo-Total-Output-Voice-Octets: [0]
2013-11-20 10:57:01,562: DEBUG: GoGo-Private-IP-Address: ['192.168.1.179']
2013-11-20 10:57:01,563: DEBUG: GoGo-Acct-Input-Voice-Gigawords: [0]
2013-11-20 10:57:01,564: DEBUG: GoGo-Total-Input-Packets: [55514]
2013-11-20 10:57:01,564: DEBUG: GoGo-Total-Input-Gigawords: [0]
2013-11-20 10:57:01,565: DEBUG: GoGo-Acct-Input-Voice-Packets: [0]
2013-11-20 10:57:01,566: DEBUG: GoGo-Total-Input-Octets: [7676742]
2013-11-20 10:57:01,566: DEBUG: GoGo-Total-Output-Packets: [16209]
2013-11-20 10:57:01,567: DEBUG: WISPr-Location-ID: [u'airline=BA01,tail=01009,network=']
2013-11-20 10:57:01,567: DEBUG: GoGo-Acct-Output-Voice-Gigawords: [0]
2013-11-20 10:57:01,567: DEBUG: Acct-Input-Octets: [7676742]
2013-11-20 10:57:01,569: DEBUG: 

2013-11-20 10:57:01,569: DEBUG: Received response with following attributes:
2013-11-20 10:57:11,570: DEBUG: 

2013-11-20 10:57:11,571: DEBUG: Creating Accounting Update Request with the following Attributes:
2013-11-20 10:57:11,571: DEBUG: User-Name: [u'username54@airborne.aircell.com']
2013-11-20 10:57:11,573: DEBUG: GoGo-Tail-Number: [u'AAATestNAS_170']
2013-11-20 10:57:11,573: DEBUG: Acct-Output-Octets: [7437632]
2013-11-20 10:57:11,574: DEBUG: NAS-IP-Address: ['10.254.175.1']
2013-11-20 10:57:11,575: DEBUG: GoGo-Total-Output-Gigawords: [0]
2013-11-20 10:57:11,577: DEBUG: Framed-IP-Address: ['10.254.175.87']
2013-11-20 10:57:11,577: DEBUG: GoGo-Total-Input-Voice-Gigawords: [0]
2013-11-20 10:57:11,578: DEBUG: GoGo-Total-Output-Octets: [7437632]
2013-11-20 10:57:11,579: DEBUG: GoGo-Acct-Input-Voice-Octets: [0]
2013-11-20 10:57:11,581: DEBUG: GoGo-Total-Input-Voice-Packets: [0]
2013-11-20 10:57:11,581: DEBUG: Called-Station-Id: [u'00:16:3E:25:C9:41']
2013-11-20 10:57:11,582: DEBUG: WISPr-Location-Name: [u'TEST LLC,BA01_01009']
2013-11-20 10:57:11,583: DEBUG: NAS-Identifier: [u'C08386']
2013-11-20 10:57:11,583: DEBUG: Proxy-State: ['3330,3132']
2013-11-20 10:57:11,585: DEBUG: GoGo-Total-Input-Voice-Octets: [0]
2013-11-20 10:57:11,586: DEBUG: Acct-Status-Type: ['Interim-Update']
2013-11-20 10:57:11,587: DEBUG: GoGo-Total-Output-Voice-Gigawords: [0]
2013-11-20 10:57:11,587: DEBUG: GoGo-Airline: [u'BA01']
2013-11-20 10:57:11,588: DEBUG: Acct-Session-Id: [u'AAATestNAS_170-1384925171429-00163E25C941-2']
2013-11-20 10:57:11,590: DEBUG: Acct-Session-Time: [10]
2013-11-20 10:57:11,591: DEBUG: Acct-Input-Packets: [29903]
2013-11-20 10:57:11,592: DEBUG: Acct-Output-Packets: [51874]
2013-11-20 10:57:11,593: DEBUG: GoGo-Acct-Output-Voice-Packets: [0]
2013-11-20 10:57:11,593: DEBUG: GoGo-Acct-Output-Voice-Octets: [0]
2013-11-20 10:57:11,595: DEBUG: Acct-Output-Gigawords: [0]
2013-11-20 10:57:11,595: DEBUG: GoGo-Total-Output-Voice-Packets: [0]
2013-11-20 10:57:11,596: DEBUG: Acct-Input-Gigawords: [0]
2013-11-20 10:57:11,597: DEBUG: Calling-Station-Id: [u'18:21:31:41:52:51']
2013-11-20 10:57:11,599: DEBUG: NAS-Port-Type: ['Wireless-802.11']
2013-11-20 10:57:11,600: DEBUG: GoGo-Total-Output-Voice-Octets: [0]
2013-11-20 10:57:11,600: DEBUG: GoGo-Private-IP-Address: ['192.168.1.179']
2013-11-20 10:57:11,602: DEBUG: GoGo-Acct-Input-Voice-Gigawords: [0]
2013-11-20 10:57:11,603: DEBUG: GoGo-Total-Input-Packets: [29903]
2013-11-20 10:57:11,604: DEBUG: GoGo-Total-Input-Gigawords: [0]
2013-11-20 10:57:11,604: DEBUG: GoGo-Acct-Input-Voice-Packets: [0]
2013-11-20 10:57:11,605: DEBUG: GoGo-Total-Input-Octets: [4671004]
2013-11-20 10:57:11,605: DEBUG: GoGo-Total-Output-Packets: [51874]
2013-11-20 10:57:11,606: DEBUG: WISPr-Location-ID: [u'airline=BA01,tail=01009,network=']
2013-11-20 10:57:11,607: DEBUG: GoGo-Acct-Output-Voice-Gigawords: [0]
2013-11-20 10:57:11,607: DEBUG: Acct-Input-Octets: [4671004]
2013-11-20 10:57:11,610: DEBUG: 

2013-11-20 10:57:11,611: DEBUG: Received response with following attributes:
2013-11-20 10:57:21,613: DEBUG: 

2013-11-20 10:57:21,613: DEBUG: Creating Accounting Update Request with the following Attributes:
2013-11-20 10:57:21,614: DEBUG: User-Name: [u'username54@airborne.aircell.com']
2013-11-20 10:57:21,615: DEBUG: GoGo-Tail-Number: [u'AAATestNAS_170']
2013-11-20 10:57:21,617: DEBUG: Acct-Output-Octets: [7591195]
2013-11-20 10:57:21,617: DEBUG: NAS-IP-Address: ['10.254.175.1']
2013-11-20 10:57:21,618: DEBUG: GoGo-Total-Output-Gigawords: [0]
2013-11-20 10:57:21,618: DEBUG: Framed-IP-Address: ['10.254.175.87']
2013-11-20 10:57:21,619: DEBUG: GoGo-Total-Input-Voice-Gigawords: [0]
2013-11-20 10:57:21,620: DEBUG: GoGo-Total-Output-Octets: [7591195]
2013-11-20 10:57:21,622: DEBUG: GoGo-Acct-Input-Voice-Octets: [0]
2013-11-20 10:57:21,623: DEBUG: GoGo-Total-Input-Voice-Packets: [0]
2013-11-20 10:57:21,623: DEBUG: Called-Station-Id: [u'00:16:3E:25:C9:41']
2013-11-20 10:57:21,624: DEBUG: WISPr-Location-Name: [u'TEST LLC,BA01_01009']
2013-11-20 10:57:21,625: DEBUG: NAS-Identifier: [u'C08386']
2013-11-20 10:57:21,625: DEBUG: Proxy-State: ['3330,3132']
2013-11-20 10:57:21,626: DEBUG: GoGo-Total-Input-Voice-Octets: [0]
2013-11-20 10:57:21,626: DEBUG: Acct-Status-Type: ['Interim-Update']
2013-11-20 10:57:21,627: DEBUG: GoGo-Total-Output-Voice-Gigawords: [0]
2013-11-20 10:57:21,628: DEBUG: GoGo-Airline: [u'BA01']
2013-11-20 10:57:21,630: DEBUG: Acct-Session-Id: [u'AAATestNAS_170-1384925171429-00163E25C941-2']
2013-11-20 10:57:21,631: DEBUG: Acct-Session-Time: [10]
2013-11-20 10:57:21,632: DEBUG: Acct-Input-Packets: [12229]
2013-11-20 10:57:21,633: DEBUG: Acct-Output-Packets: [41062]
2013-11-20 10:57:21,634: DEBUG: GoGo-Acct-Output-Voice-Packets: [0]
2013-11-20 10:57:21,635: DEBUG: GoGo-Acct-Output-Voice-Octets: [0]
2013-11-20 10:57:21,636: DEBUG: Acct-Output-Gigawords: [0]
2013-11-20 10:57:21,637: DEBUG: GoGo-Total-Output-Voice-Packets: [0]
2013-11-20 10:57:21,637: DEBUG: Acct-Input-Gigawords: [0]
2013-11-20 10:57:21,638: DEBUG: Calling-Station-Id: [u'18:21:31:41:52:51']
2013-11-20 10:57:21,640: DEBUG: NAS-Port-Type: ['Wireless-802.11']
2013-11-20 10:57:21,642: DEBUG: GoGo-Total-Output-Voice-Octets: [0]
2013-11-20 10:57:21,643: DEBUG: GoGo-Private-IP-Address: ['192.168.1.179']
2013-11-20 10:57:21,644: DEBUG: GoGo-Acct-Input-Voice-Gigawords: [0]
2013-11-20 10:57:21,645: DEBUG: GoGo-Total-Input-Packets: [12229]
2013-11-20 10:57:21,645: DEBUG: GoGo-Total-Input-Gigawords: [0]
2013-11-20 10:57:21,647: DEBUG: GoGo-Acct-Input-Voice-Packets: [0]
2013-11-20 10:57:21,648: DEBUG: GoGo-Total-Input-Octets: [1831410]
2013-11-20 10:57:21,649: DEBUG: GoGo-Total-Output-Packets: [41062]
2013-11-20 10:57:21,650: DEBUG: WISPr-Location-ID: [u'airline=BA01,tail=01009,network=']
2013-11-20 10:57:21,651: DEBUG: GoGo-Acct-Output-Voice-Gigawords: [0]
2013-11-20 10:57:21,652: DEBUG: Acct-Input-Octets: [1831410]
2013-11-20 10:57:21,654: DEBUG: 

2013-11-20 10:57:21,656: DEBUG: Received response with following attributes:
2013-11-20 10:57:31,657: DEBUG: 

2013-11-20 10:57:31,658: DEBUG: Creating Accounting Update Request with the following Attributes:
2013-11-20 10:57:31,659: DEBUG: User-Name: [u'username54@airborne.aircell.com']
2013-11-20 10:57:31,659: DEBUG: GoGo-Tail-Number: [u'AAATestNAS_170']
2013-11-20 10:57:31,660: DEBUG: Acct-Output-Octets: [5561621]
2013-11-20 10:57:31,660: DEBUG: NAS-IP-Address: ['10.254.175.1']
2013-11-20 10:57:31,661: DEBUG: GoGo-Total-Output-Gigawords: [0]
2013-11-20 10:57:31,662: DEBUG: Framed-IP-Address: ['10.254.175.87']
2013-11-20 10:57:31,663: DEBUG: GoGo-Total-Input-Voice-Gigawords: [0]
2013-11-20 10:57:31,665: DEBUG: GoGo-Total-Output-Octets: [5561621]
2013-11-20 10:57:31,665: DEBUG: GoGo-Acct-Input-Voice-Octets: [0]
2013-11-20 10:57:31,666: DEBUG: GoGo-Total-Input-Voice-Packets: [0]
2013-11-20 10:57:31,667: DEBUG: Called-Station-Id: [u'00:16:3E:25:C9:41']
2013-11-20 10:57:31,667: DEBUG: WISPr-Location-Name: [u'TEST LLC,BA01_01009']
2013-11-20 10:57:31,667: DEBUG: NAS-Identifier: [u'C08386']
2013-11-20 10:57:31,669: DEBUG: Proxy-State: ['3330,3132']
2013-11-20 10:57:31,669: DEBUG: GoGo-Total-Input-Voice-Octets: [0]
2013-11-20 10:57:31,670: DEBUG: Acct-Status-Type: ['Interim-Update']
2013-11-20 10:57:31,672: DEBUG: GoGo-Total-Output-Voice-Gigawords: [0]
2013-11-20 10:57:31,673: DEBUG: GoGo-Airline: [u'BA01']
2013-11-20 10:57:31,673: DEBUG: Acct-Session-Id: [u'AAATestNAS_170-1384925171429-00163E25C941-2']
2013-11-20 10:57:31,676: DEBUG: Acct-Session-Time: [10]
2013-11-20 10:57:31,676: DEBUG: Acct-Input-Packets: [22788]
2013-11-20 10:57:31,677: DEBUG: Acct-Output-Packets: [34384]
2013-11-20 10:57:31,678: DEBUG: GoGo-Acct-Output-Voice-Packets: [0]
2013-11-20 10:57:31,679: DEBUG: GoGo-Acct-Output-Voice-Octets: [0]
2013-11-20 10:57:31,680: DEBUG: Acct-Output-Gigawords: [0]
2013-11-20 10:57:31,681: DEBUG: GoGo-Total-Output-Voice-Packets: [0]
2013-11-20 10:57:31,682: DEBUG: Acct-Input-Gigawords: [0]
2013-11-20 10:57:31,682: DEBUG: Calling-Station-Id: [u'18:21:31:41:52:51']
2013-11-20 10:57:31,683: DEBUG: NAS-Port-Type: ['Wireless-802.11']
2013-11-20 10:57:31,683: DEBUG: GoGo-Total-Output-Voice-Octets: [0]
2013-11-20 10:57:31,684: DEBUG: GoGo-Private-IP-Address: ['192.168.1.179']
2013-11-20 10:57:31,684: DEBUG: GoGo-Acct-Input-Voice-Gigawords: [0]
2013-11-20 10:57:31,685: DEBUG: GoGo-Total-Input-Packets: [22788]
2013-11-20 10:57:31,685: DEBUG: GoGo-Total-Input-Gigawords: [0]
2013-11-20 10:57:31,686: DEBUG: GoGo-Acct-Input-Voice-Packets: [0]
2013-11-20 10:57:31,688: DEBUG: GoGo-Total-Input-Octets: [3132232]
2013-11-20 10:57:31,688: DEBUG: GoGo-Total-Output-Packets: [34384]
2013-11-20 10:57:31,688: DEBUG: WISPr-Location-ID: [u'airline=BA01,tail=01009,network=']
2013-11-20 10:57:31,689: DEBUG: GoGo-Acct-Output-Voice-Gigawords: [0]
2013-11-20 10:57:31,689: DEBUG: Acct-Input-Octets: [3132232]
2013-11-20 10:57:31,690: ERROR: Network error, Reason: 'Network error: Too many open files'
2013-11-20 10:57:41,692: DEBUG: 

2013-11-20 10:57:41,692: DEBUG: Creating Accounting Update Request with the following Attributes:
2013-11-20 10:57:41,692: DEBUG: User-Name: [u'username54@airborne.aircell.com']
2013-11-20 10:57:41,692: DEBUG: GoGo-Tail-Number: [u'AAATestNAS_170']
2013-11-20 10:57:41,692: DEBUG: Acct-Output-Octets: [9909059]
2013-11-20 10:57:41,692: DEBUG: NAS-IP-Address: ['10.254.175.1']
2013-11-20 10:57:41,693: DEBUG: GoGo-Total-Output-Gigawords: [0]
2013-11-20 10:57:41,693: DEBUG: Framed-IP-Address: ['10.254.175.87']
2013-11-20 10:57:41,693: DEBUG: GoGo-Total-Input-Voice-Gigawords: [0]
2013-11-20 10:57:41,693: DEBUG: GoGo-Total-Output-Octets: [9909059]
2013-11-20 10:57:41,693: DEBUG: GoGo-Acct-Input-Voice-Octets: [0]
2013-11-20 10:57:41,693: DEBUG: GoGo-Total-Input-Voice-Packets: [0]
2013-11-20 10:57:41,693: DEBUG: Called-Station-Id: [u'00:16:3E:25:C9:41']
2013-11-20 10:57:41,693: DEBUG: WISPr-Location-Name: [u'TEST LLC,BA01_01009']
2013-11-20 10:57:41,693: DEBUG: NAS-Identifier: [u'C08386']
2013-11-20 10:57:41,694: DEBUG: Proxy-State: ['3330,3132']
2013-11-20 10:57:41,694: DEBUG: GoGo-Total-Input-Voice-Octets: [0]
2013-11-20 10:57:41,694: DEBUG: Acct-Status-Type: ['Interim-Update']
2013-11-20 10:57:41,694: DEBUG: GoGo-Total-Output-Voice-Gigawords: [0]
2013-11-20 10:57:41,694: DEBUG: GoGo-Airline: [u'BA01']
2013-11-20 10:57:41,694: DEBUG: Acct-Session-Id: [u'AAATestNAS_170-1384925171429-00163E25C941-2']
2013-11-20 10:57:41,694: DEBUG: Acct-Session-Time: [10]
2013-11-20 10:57:41,694: DEBUG: Acct-Input-Packets: [16338]
2013-11-20 10:57:41,694: DEBUG: Acct-Output-Packets: [97365]
2013-11-20 10:57:41,694: DEBUG: GoGo-Acct-Output-Voice-Packets: [0]
2013-11-20 10:57:41,695: DEBUG: GoGo-Acct-Output-Voice-Octets: [0]
2013-11-20 10:57:41,695: DEBUG: Acct-Output-Gigawords: [0]
2013-11-20 10:57:41,695: DEBUG: GoGo-Total-Output-Voice-Packets: [0]
2013-11-20 10:57:41,695: DEBUG: Acct-Input-Gigawords: [0]
2013-11-20 10:57:41,695: DEBUG: Calling-Station-Id: [u'18:21:31:41:52:51']
2013-11-20 10:57:41,695: DEBUG: NAS-Port-Type: ['Wireless-802.11']
2013-11-20 10:57:41,695: DEBUG: GoGo-Total-Output-Voice-Octets: [0]
2013-11-20 10:57:41,695: DEBUG: GoGo-Private-IP-Address: ['192.168.1.179']
2013-11-20 10:57:41,695: DEBUG: GoGo-Acct-Input-Voice-Gigawords: [0]
2013-11-20 10:57:41,696: DEBUG: GoGo-Total-Input-Packets: [16338]
2013-11-20 10:57:41,696: DEBUG: GoGo-Total-Input-Gigawords: [0]
2013-11-20 10:57:41,696: DEBUG: GoGo-Acct-Input-Voice-Packets: [0]
2013-11-20 10:57:41,696: DEBUG: GoGo-Total-Input-Octets: [3210647]
2013-11-20 10:57:41,696: DEBUG: GoGo-Total-Output-Packets: [97365]
2013-11-20 10:57:41,696: DEBUG: WISPr-Location-ID: [u'airline=BA01,tail=01009,network=']
2013-11-20 10:57:41,696: DEBUG: GoGo-Acct-Output-Voice-Gigawords: [0]
2013-11-20 10:57:41,696: DEBUG: Acct-Input-Octets: [3210647]
2013-11-20 10:57:41,697: ERROR: Network error, Reason: 'Network error: Too many open files'
2013-11-20 10:57:49,697: DEBUG: 

2013-11-20 10:57:49,698: DEBUG: Creating Accounting Update Request with the following Attributes:
2013-11-20 10:57:49,698: DEBUG: User-Name: [u'username54@airborne.aircell.com']
2013-11-20 10:57:49,699: DEBUG: GoGo-Tail-Number: [u'AAATestNAS_170']
2013-11-20 10:57:49,699: DEBUG: Acct-Output-Octets: [3956962]
2013-11-20 10:57:49,699: DEBUG: NAS-IP-Address: ['10.254.175.1']
2013-11-20 10:57:49,699: DEBUG: GoGo-Total-Output-Gigawords: [0]
2013-11-20 10:57:49,699: DEBUG: Framed-IP-Address: ['10.254.175.87']
2013-11-20 10:57:49,699: DEBUG: GoGo-Total-Input-Voice-Gigawords: [0]
2013-11-20 10:57:49,699: DEBUG: GoGo-Total-Output-Octets: [3956962]
2013-11-20 10:57:49,700: DEBUG: GoGo-Acct-Input-Voice-Octets: [0]
2013-11-20 10:57:49,700: DEBUG: GoGo-Total-Input-Voice-Packets: [0]
2013-11-20 10:57:49,700: DEBUG: Called-Station-Id: [u'00:16:3E:25:C9:41']
2013-11-20 10:57:49,700: DEBUG: WISPr-Location-Name: [u'TEST LLC,BA01_01009']
2013-11-20 10:57:49,700: DEBUG: NAS-Identifier: [u'C08386']
2013-11-20 10:57:49,700: DEBUG: Proxy-State: ['3330,3132']
2013-11-20 10:57:49,701: DEBUG: GoGo-Total-Input-Voice-Octets: [0]
2013-11-20 10:57:49,701: DEBUG: Acct-Status-Type: ['Interim-Update']
2013-11-20 10:57:49,701: DEBUG: GoGo-Total-Output-Voice-Gigawords: [0]
2013-11-20 10:57:49,702: DEBUG: GoGo-Airline: [u'BA01']
2013-11-20 10:57:49,702: DEBUG: Acct-Session-Id: [u'AAATestNAS_170-1384925171429-00163E25C941-2']
2013-11-20 10:57:49,702: DEBUG: Acct-Session-Time: [8]
2013-11-20 10:57:49,703: DEBUG: Acct-Input-Packets: [38314]
2013-11-20 10:57:49,703: DEBUG: Acct-Output-Packets: [9864]
2013-11-20 10:57:49,703: DEBUG: GoGo-Acct-Output-Voice-Packets: [0]
2013-11-20 10:57:49,703: DEBUG: GoGo-Acct-Output-Voice-Octets: [0]
2013-11-20 10:57:49,704: DEBUG: Acct-Output-Gigawords: [0]
2013-11-20 10:57:49,704: DEBUG: GoGo-Total-Output-Voice-Packets: [0]
2013-11-20 10:57:49,704: DEBUG: Acct-Input-Gigawords: [0]
2013-11-20 10:57:49,704: DEBUG: Calling-Station-Id: [u'18:21:31:41:52:51']
2013-11-20 10:57:49,705: DEBUG: NAS-Port-Type: ['Wireless-802.11']
2013-11-20 10:57:49,705: DEBUG: GoGo-Total-Output-Voice-Octets: [0]
2013-11-20 10:57:49,705: DEBUG: GoGo-Private-IP-Address: ['192.168.1.179']
2013-11-20 10:57:49,706: DEBUG: GoGo-Acct-Input-Voice-Gigawords: [0]
2013-11-20 10:57:49,706: DEBUG: GoGo-Total-Input-Packets: [38314]
2013-11-20 10:57:49,706: DEBUG: GoGo-Total-Input-Gigawords: [0]
2013-11-20 10:57:49,706: DEBUG: GoGo-Acct-Input-Voice-Packets: [0]
2013-11-20 10:57:49,707: DEBUG: GoGo-Total-Input-Octets: [8293937]
2013-11-20 10:57:49,707: DEBUG: GoGo-Total-Output-Packets: [9864]
2013-11-20 10:57:49,708: DEBUG: WISPr-Location-ID: [u'airline=BA01,tail=01009,network=']
2013-11-20 10:57:49,708: DEBUG: GoGo-Acct-Output-Voice-Gigawords: [0]
2013-11-20 10:57:49,708: DEBUG: Acct-Input-Octets: [8293937]
2013-11-20 10:57:49,709: ERROR: Network error, Reason: 'Network error: Too many open files'
2013-11-20 10:58:13,709: DEBUG: 

2013-11-20 10:58:13,710: DEBUG: Creating Accounting Stop Request with the following Attributes:
2013-11-20 10:58:13,710: DEBUG: User-Name: [u'username54@airborne.aircell.com']
2013-11-20 10:58:13,710: DEBUG: GoGo-Tail-Number: [u'01009']
2013-11-20 10:58:13,710: DEBUG: Acct-Output-Octets: [8773118]
2013-11-20 10:58:13,710: DEBUG: NAS-IP-Address: ['10.254.175.1']
2013-11-20 10:58:13,710: DEBUG: GoGo-Total-Output-Gigawords: [0]
2013-11-20 10:58:13,710: DEBUG: Framed-IP-Address: ['10.254.175.87']
2013-11-20 10:58:13,710: DEBUG: GoGo-Total-Input-Voice-Gigawords: [0]
2013-11-20 10:58:13,711: DEBUG: GoGo-Total-Output-Octets: [8773118]
2013-11-20 10:58:13,711: DEBUG: GoGo-Acct-Input-Voice-Octets: [0]
2013-11-20 10:58:13,711: DEBUG: GoGo-Total-Input-Voice-Packets: [0]
2013-11-20 10:58:13,711: DEBUG: Called-Station-Id: [u'00:16:3E:25:C9:41']
2013-11-20 10:58:13,711: DEBUG: WISPr-Location-Name: [u'TEST LLC,BA01_01009']
2013-11-20 10:58:13,711: DEBUG: NAS-Identifier: [u'C08386']
2013-11-20 10:58:13,711: DEBUG: Proxy-State: ['3330,3132']
2013-11-20 10:58:13,711: DEBUG: GoGo-Total-Input-Voice-Octets: [0]
2013-11-20 10:58:13,711: DEBUG: Acct-Status-Type: ['Stop']
2013-11-20 10:58:13,711: DEBUG: GoGo-Total-Output-Voice-Gigawords: [0]
2013-11-20 10:58:13,712: DEBUG: GoGo-Airline: [u'BA01']
2013-11-20 10:58:13,712: DEBUG: Acct-Session-Id: [u'AAATestNAS_170-1384925171429-00163E25C941-2']
2013-11-20 10:58:13,712: DEBUG: Acct-Session-Time: [24]
2013-11-20 10:58:13,712: DEBUG: Acct-Input-Packets: [7265]
2013-11-20 10:58:13,712: DEBUG: Acct-Output-Packets: [16565]
2013-11-20 10:58:13,712: DEBUG: Acct-Terminate-Cause: ['User-Request']
2013-11-20 10:58:13,712: DEBUG: GoGo-Acct-Output-Voice-Octets: [0]
2013-11-20 10:58:13,712: DEBUG: Acct-Output-Gigawords: [0]
2013-11-20 10:58:13,712: DEBUG: GoGo-Total-Output-Voice-Packets: [0]
2013-11-20 10:58:13,713: DEBUG: Acct-Input-Gigawords: [0]
2013-11-20 10:58:13,713: DEBUG: Calling-Station-Id: [u'18:21:31:41:52:51']
2013-11-20 10:58:13,713: DEBUG: NAS-Port-Type: ['Wireless-802.11']
2013-11-20 10:58:13,713: DEBUG: GoGo-Total-Output-Voice-Octets: [0]
2013-11-20 10:58:13,713: DEBUG: GoGo-Private-IP-Address: ['192.168.1.179']
2013-11-20 10:58:13,713: DEBUG: GoGo-Acct-Input-Voice-Gigawords: [0]
2013-11-20 10:58:13,713: DEBUG: GoGo-Total-Input-Packets: [7265]
2013-11-20 10:58:13,713: DEBUG: GoGo-Total-Input-Gigawords: [0]
2013-11-20 10:58:13,713: DEBUG: GoGo-Acct-Input-Voice-Packets: [0]
2013-11-20 10:58:13,713: DEBUG: GoGo-Total-Input-Octets: [3492700]
2013-11-20 10:58:13,714: DEBUG: GoGo-Total-Output-Packets: [16565]
2013-11-20 10:58:13,714: DEBUG: WISPr-Location-ID: [u'airline=BA01,tail=01009,network=']
2013-11-20 10:58:13,714: DEBUG: GoGo-Acct-Output-Voice-Packets: [0]
2013-11-20 10:58:13,714: DEBUG: GoGo-Acct-Output-Voice-Gigawords: [0]
2013-11-20 10:58:13,714: DEBUG: Acct-Input-Octets: [3492700]
2013-11-20 10:58:13,714: ERROR: Network error, Reason: 'Network error: Too many open files'
2013-11-20 10:58:13,714: ERROR: Ending the test for this user
2013-11-20 10:58:13,714: DEBUG: Ending the test for this user
