2013-11-20 10:57:30,519: DEBUG: Starting the client for the user username57@airborne.aircell.com to the server localhost

2013-11-20 10:57:30,519: DEBUG: DURATION of the TEST: 46
2013-11-20 10:57:30,520: DEBUG: NAS-IP: 10.254.143.1
2013-11-20 10:57:30,520: DEBUG: NAS-MAC-ADDR: 18:21:31:41:52:19
2013-11-20 10:57:30,520: DEBUG: Abruptly End: False
2013-11-20 10:57:30,520: DEBUG: Framed-IP: 10.254.143.158
2013-11-20 10:57:30,520: DEBUG: User-MAC-Addr: 00:16:3E:1D:9D:93
2013-11-20 10:57:30,520: DEBUG: 

2013-11-20 10:57:30,521: DEBUG: Creating Authentication Request with the following Attributes:
2013-11-20 10:57:30,521: DEBUG: NAS-Identifier: [u'C08386']
2013-11-20 10:57:30,521: DEBUG: User-Name: [u'username57@airborne.aircell.com']
2013-11-20 10:57:30,521: DEBUG: NAS-IP-Address: ['10.254.143.1']
2013-11-20 10:57:30,521: DEBUG: Service-Type: ['Authenticate-Only']
2013-11-20 10:57:30,521: DEBUG: Proxy-State: ['3237,3134']
2013-11-20 10:57:30,522: DEBUG: Framed-IP-Address: ['10.254.143.158']
2013-11-20 10:57:30,522: DEBUG: GoGo-Airline: [u'BA01']
2013-11-20 10:57:30,522: DEBUG: Acct-Session-Id: [u'AAATestNAS_138-1384925250520-00163E1D9D93-1']
2013-11-20 10:57:30,522: DEBUG: GoGo-Tail-Number: [u'AAATestNAS_138']
2013-11-20 10:57:30,522: DEBUG: GoGo-Private-IP-Address: ['192.168.1.179']
2013-11-20 10:57:30,522: DEBUG: WISPr-Location-ID: [u'airline=BA01,tail=01009,network=']
2013-11-20 10:57:30,522: DEBUG: WISPr-Location-Name: [u'TEST LLC,BA01_01009']
2013-11-20 10:57:30,523: DEBUG: NAS-Port-Type: ['Wireless-802.11']
2013-11-20 10:57:30,523: DEBUG: Called-Station-Id: [u'00:16:3E:1D:9D:93']
2013-11-20 10:57:30,523: DEBUG: Calling-Station-Id: [u'18:21:31:41:52:19']
2013-11-20 10:57:30,524: DEBUG: 

2013-11-20 10:57:30,524: DEBUG: Received response with code: 2, Accepted
2013-11-20 10:57:30,525: DEBUG: Creating Authentication Request with the following Attributes:
2013-11-20 10:57:30,525: DEBUG: NAS-Identifier: [u'C08386']
2013-11-20 10:57:30,525: DEBUG: User-Name: [u'username57@airborne.aircell.com']
2013-11-20 10:57:30,525: DEBUG: NAS-IP-Address: ['10.254.143.1']
2013-11-20 10:57:30,525: DEBUG: Service-Type: ['Login-User']
2013-11-20 10:57:30,525: DEBUG: Proxy-State: ['3237,3134']
2013-11-20 10:57:30,525: DEBUG: Framed-IP-Address: ['10.254.143.158']
2013-11-20 10:57:30,526: DEBUG: GoGo-Airline: [u'BA01']
2013-11-20 10:57:30,526: DEBUG: Acct-Session-Id: [u'AAATestNAS_138-1384925250524-00163E1D9D93-1']
2013-11-20 10:57:30,526: DEBUG: GoGo-Tail-Number: [u'AAATestNAS_138']
2013-11-20 10:57:30,526: DEBUG: GoGo-Private-IP-Address: ['192.168.1.179']
2013-11-20 10:57:30,526: DEBUG: WISPr-Location-ID: [u'airline=BA01,tail=01009,network=']
2013-11-20 10:57:30,526: DEBUG: WISPr-Location-Name: [u'TEST LLC,BA01_01009']
2013-11-20 10:57:30,526: DEBUG: NAS-Port-Type: ['Wireless-802.11']
2013-11-20 10:57:30,526: DEBUG: Called-Station-Id: [u'00:16:3E:1D:9D:93']
2013-11-20 10:57:30,527: DEBUG: Calling-Station-Id: [u'18:21:31:41:52:19']
2013-11-20 10:57:30,528: DEBUG: 

2013-11-20 10:57:30,528: DEBUG: Received response with code: 2, Accepted
2013-11-20 10:57:30,528: DEBUG: 

2013-11-20 10:57:30,528: DEBUG: Creating Accounting start Request with the following Attributes:
2013-11-20 10:57:30,528: DEBUG: NAS-Identifier: [u'C08386']
2013-11-20 10:57:30,528: DEBUG: User-Name: [u'username57@airborne.aircell.com']
2013-11-20 10:57:30,529: DEBUG: GoGo-Tail-Number: [u'AAATestNAS_138']
2013-11-20 10:57:30,529: DEBUG: NAS-IP-Address: ['10.254.143.1']
2013-11-20 10:57:30,529: DEBUG: Proxy-State: ['3239,3131']
2013-11-20 10:57:30,529: DEBUG: Acct-Status-Type: ['Start']
2013-11-20 10:57:30,529: DEBUG: GoGo-Airline: [u'BA01']
2013-11-20 10:57:30,529: DEBUG: Acct-Session-Id: [u'AAATestNAS_138-1384925250524-00163E1D9D93-1']
2013-11-20 10:57:30,529: DEBUG: GoGo-Private-IP-Address: ['192.168.1.179']
2013-11-20 10:57:30,530: DEBUG: Framed-IP-Address: ['10.254.143.158']
2013-11-20 10:57:30,530: DEBUG: WISPr-Location-ID: [u'airline=BA01,tail=01009,network=']
2013-11-20 10:57:30,530: DEBUG: WISPr-Location-Name: [u'TEST LLC,BA01_01009']
2013-11-20 10:57:30,530: DEBUG: NAS-Port-Type: ['Wireless-802.11']
2013-11-20 10:57:30,530: DEBUG: Called-Station-Id: [u'00:16:3E:1D:9D:93']
2013-11-20 10:57:30,530: DEBUG: Calling-Station-Id: [u'18:21:31:41:52:19']
2013-11-20 10:57:30,531: DEBUG: 

2013-11-20 10:57:30,531: DEBUG: Received response with following attributes:
2013-11-20 10:57:40,533: DEBUG: 

2013-11-20 10:57:40,533: DEBUG: Creating Accounting Update Request with the following Attributes:
2013-11-20 10:57:40,533: DEBUG: User-Name: [u'username57@airborne.aircell.com']
2013-11-20 10:57:40,534: DEBUG: GoGo-Tail-Number: [u'AAATestNAS_138']
2013-11-20 10:57:40,534: DEBUG: Acct-Output-Octets: [8770256]
2013-11-20 10:57:40,534: DEBUG: NAS-IP-Address: ['10.254.143.1']
2013-11-20 10:57:40,534: DEBUG: GoGo-Total-Output-Gigawords: [0]
2013-11-20 10:57:40,534: DEBUG: Framed-IP-Address: ['10.254.143.158']
2013-11-20 10:57:40,534: DEBUG: GoGo-Total-Input-Voice-Gigawords: [0]
2013-11-20 10:57:40,535: DEBUG: GoGo-Total-Output-Octets: [8770256]
2013-11-20 10:57:40,535: DEBUG: GoGo-Acct-Input-Voice-Octets: [0]
2013-11-20 10:57:40,535: DEBUG: GoGo-Total-Input-Voice-Packets: [0]
2013-11-20 10:57:40,535: DEBUG: Called-Station-Id: [u'00:16:3E:1D:9D:93']
2013-11-20 10:57:40,535: DEBUG: WISPr-Location-Name: [u'TEST LLC,BA01_01009']
2013-11-20 10:57:40,535: DEBUG: NAS-Identifier: [u'C08386']
2013-11-20 10:57:40,535: DEBUG: Proxy-State: ['3330,3132']
2013-11-20 10:57:40,535: DEBUG: GoGo-Total-Input-Voice-Octets: [0]
2013-11-20 10:57:40,536: DEBUG: Acct-Status-Type: ['Interim-Update']
2013-11-20 10:57:40,536: DEBUG: GoGo-Total-Output-Voice-Gigawords: [0]
2013-11-20 10:57:40,536: DEBUG: GoGo-Airline: [u'BA01']
2013-11-20 10:57:40,536: DEBUG: Acct-Session-Id: [u'AAATestNAS_138-1384925250524-00163E1D9D93-1']
2013-11-20 10:57:40,536: DEBUG: Acct-Session-Time: [10]
2013-11-20 10:57:40,536: DEBUG: Acct-Input-Packets: [43145]
2013-11-20 10:57:40,536: DEBUG: Acct-Output-Packets: [40104]
2013-11-20 10:57:40,537: DEBUG: GoGo-Acct-Output-Voice-Packets: [0]
2013-11-20 10:57:40,537: DEBUG: GoGo-Acct-Output-Voice-Octets: [0]
2013-11-20 10:57:40,537: DEBUG: Acct-Output-Gigawords: [0]
2013-11-20 10:57:40,537: DEBUG: GoGo-Total-Output-Voice-Packets: [0]
2013-11-20 10:57:40,537: DEBUG: Acct-Input-Gigawords: [0]
2013-11-20 10:57:40,537: DEBUG: Calling-Station-Id: [u'18:21:31:41:52:19']
2013-11-20 10:57:40,537: DEBUG: NAS-Port-Type: ['Wireless-802.11']
2013-11-20 10:57:40,538: DEBUG: GoGo-Total-Output-Voice-Octets: [0]
2013-11-20 10:57:40,538: DEBUG: GoGo-Private-IP-Address: ['192.168.1.179']
2013-11-20 10:57:40,538: DEBUG: GoGo-Acct-Input-Voice-Gigawords: [0]
2013-11-20 10:57:40,538: DEBUG: GoGo-Total-Input-Packets: [43145]
2013-11-20 10:57:40,538: DEBUG: GoGo-Total-Input-Gigawords: [0]
2013-11-20 10:57:40,538: DEBUG: GoGo-Acct-Input-Voice-Packets: [0]
2013-11-20 10:57:40,538: DEBUG: GoGo-Total-Input-Octets: [8882634]
2013-11-20 10:57:40,539: DEBUG: GoGo-Total-Output-Packets: [40104]
2013-11-20 10:57:40,539: DEBUG: WISPr-Location-ID: [u'airline=BA01,tail=01009,network=']
2013-11-20 10:57:40,539: DEBUG: GoGo-Acct-Output-Voice-Gigawords: [0]
2013-11-20 10:57:40,539: DEBUG: Acct-Input-Octets: [8882634]
2013-11-20 10:57:40,539: ERROR: Network error, Reason: 'Network error: nodename nor servname provided, or not known'
2013-11-20 10:57:50,540: DEBUG: 

2013-11-20 10:57:50,541: DEBUG: Creating Accounting Update Request with the following Attributes:
2013-11-20 10:57:50,541: DEBUG: User-Name: [u'username57@airborne.aircell.com']
2013-11-20 10:57:50,542: DEBUG: GoGo-Tail-Number: [u'AAATestNAS_138']
2013-11-20 10:57:50,542: DEBUG: Acct-Output-Octets: [4075661]
2013-11-20 10:57:50,542: DEBUG: NAS-IP-Address: ['10.254.143.1']
2013-11-20 10:57:50,542: DEBUG: GoGo-Total-Output-Gigawords: [0]
2013-11-20 10:57:50,543: DEBUG: Framed-IP-Address: ['10.254.143.158']
2013-11-20 10:57:50,543: DEBUG: GoGo-Total-Input-Voice-Gigawords: [0]
2013-11-20 10:57:50,543: DEBUG: GoGo-Total-Output-Octets: [4075661]
2013-11-20 10:57:50,543: DEBUG: GoGo-Acct-Input-Voice-Octets: [0]
2013-11-20 10:57:50,543: DEBUG: GoGo-Total-Input-Voice-Packets: [0]
2013-11-20 10:57:50,544: DEBUG: Called-Station-Id: [u'00:16:3E:1D:9D:93']
2013-11-20 10:57:50,544: DEBUG: WISPr-Location-Name: [u'TEST LLC,BA01_01009']
2013-11-20 10:57:50,544: DEBUG: NAS-Identifier: [u'C08386']
2013-11-20 10:57:50,544: DEBUG: Proxy-State: ['3330,3132']
2013-11-20 10:57:50,545: DEBUG: GoGo-Total-Input-Voice-Octets: [0]
2013-11-20 10:57:50,545: DEBUG: Acct-Status-Type: ['Interim-Update']
2013-11-20 10:57:50,545: DEBUG: GoGo-Total-Output-Voice-Gigawords: [0]
2013-11-20 10:57:50,545: DEBUG: GoGo-Airline: [u'BA01']
2013-11-20 10:57:50,545: DEBUG: Acct-Session-Id: [u'AAATestNAS_138-1384925250524-00163E1D9D93-1']
2013-11-20 10:57:50,546: DEBUG: Acct-Session-Time: [10]
2013-11-20 10:57:50,546: DEBUG: Acct-Input-Packets: [18996]
2013-11-20 10:57:50,546: DEBUG: Acct-Output-Packets: [7544]
2013-11-20 10:57:50,546: DEBUG: GoGo-Acct-Output-Voice-Packets: [0]
2013-11-20 10:57:50,546: DEBUG: GoGo-Acct-Output-Voice-Octets: [0]
2013-11-20 10:57:50,547: DEBUG: Acct-Output-Gigawords: [0]
2013-11-20 10:57:50,547: DEBUG: GoGo-Total-Output-Voice-Packets: [0]
2013-11-20 10:57:50,547: DEBUG: Acct-Input-Gigawords: [0]
2013-11-20 10:57:50,547: DEBUG: Calling-Station-Id: [u'18:21:31:41:52:19']
2013-11-20 10:57:50,547: DEBUG: NAS-Port-Type: ['Wireless-802.11']
2013-11-20 10:57:50,547: DEBUG: GoGo-Total-Output-Voice-Octets: [0]
2013-11-20 10:57:50,548: DEBUG: GoGo-Private-IP-Address: ['192.168.1.179']
2013-11-20 10:57:50,548: DEBUG: GoGo-Acct-Input-Voice-Gigawords: [0]
2013-11-20 10:57:50,548: DEBUG: GoGo-Total-Input-Packets: [18996]
2013-11-20 10:57:50,548: DEBUG: GoGo-Total-Input-Gigawords: [0]
2013-11-20 10:57:50,548: DEBUG: GoGo-Acct-Input-Voice-Packets: [0]
2013-11-20 10:57:50,549: DEBUG: GoGo-Total-Input-Octets: [3416618]
2013-11-20 10:57:50,549: DEBUG: GoGo-Total-Output-Packets: [7544]
2013-11-20 10:57:50,549: DEBUG: WISPr-Location-ID: [u'airline=BA01,tail=01009,network=']
2013-11-20 10:57:50,549: DEBUG: GoGo-Acct-Output-Voice-Gigawords: [0]
2013-11-20 10:57:50,549: DEBUG: Acct-Input-Octets: [3416618]
2013-11-20 10:57:50,550: ERROR: Network error, Reason: 'Network error: nodename nor servname provided, or not known'
2013-11-20 10:58:00,550: DEBUG: 

2013-11-20 10:58:00,552: DEBUG: Creating Accounting Update Request with the following Attributes:
2013-11-20 10:58:00,553: DEBUG: User-Name: [u'username57@airborne.aircell.com']
2013-11-20 10:58:00,554: DEBUG: GoGo-Tail-Number: [u'AAATestNAS_138']
2013-11-20 10:58:00,555: DEBUG: Acct-Output-Octets: [8371447]
2013-11-20 10:58:00,555: DEBUG: NAS-IP-Address: ['10.254.143.1']
2013-11-20 10:58:00,556: DEBUG: GoGo-Total-Output-Gigawords: [0]
2013-11-20 10:58:00,556: DEBUG: Framed-IP-Address: ['10.254.143.158']
2013-11-20 10:58:00,557: DEBUG: GoGo-Total-Input-Voice-Gigawords: [0]
2013-11-20 10:58:00,558: DEBUG: GoGo-Total-Output-Octets: [8371447]
2013-11-20 10:58:00,558: DEBUG: GoGo-Acct-Input-Voice-Octets: [0]
2013-11-20 10:58:00,559: DEBUG: GoGo-Total-Input-Voice-Packets: [0]
2013-11-20 10:58:00,560: DEBUG: Called-Station-Id: [u'00:16:3E:1D:9D:93']
2013-11-20 10:58:00,561: DEBUG: WISPr-Location-Name: [u'TEST LLC,BA01_01009']
2013-11-20 10:58:00,561: DEBUG: NAS-Identifier: [u'C08386']
2013-11-20 10:58:00,561: DEBUG: Proxy-State: ['3330,3132']
2013-11-20 10:58:00,562: DEBUG: GoGo-Total-Input-Voice-Octets: [0]
2013-11-20 10:58:00,563: DEBUG: Acct-Status-Type: ['Interim-Update']
2013-11-20 10:58:00,563: DEBUG: GoGo-Total-Output-Voice-Gigawords: [0]
2013-11-20 10:58:00,563: DEBUG: GoGo-Airline: [u'BA01']
2013-11-20 10:58:00,564: DEBUG: Acct-Session-Id: [u'AAATestNAS_138-1384925250524-00163E1D9D93-1']
2013-11-20 10:58:00,564: DEBUG: Acct-Session-Time: [10]
2013-11-20 10:58:00,564: DEBUG: Acct-Input-Packets: [29642]
2013-11-20 10:58:00,565: DEBUG: Acct-Output-Packets: [57108]
2013-11-20 10:58:00,565: DEBUG: GoGo-Acct-Output-Voice-Packets: [0]
2013-11-20 10:58:00,566: DEBUG: GoGo-Acct-Output-Voice-Octets: [0]
2013-11-20 10:58:00,566: DEBUG: Acct-Output-Gigawords: [0]
2013-11-20 10:58:00,566: DEBUG: GoGo-Total-Output-Voice-Packets: [0]
2013-11-20 10:58:00,567: DEBUG: Acct-Input-Gigawords: [0]
2013-11-20 10:58:00,567: DEBUG: Calling-Station-Id: [u'18:21:31:41:52:19']
2013-11-20 10:58:00,567: DEBUG: NAS-Port-Type: ['Wireless-802.11']
2013-11-20 10:58:00,568: DEBUG: GoGo-Total-Output-Voice-Octets: [0]
2013-11-20 10:58:00,568: DEBUG: GoGo-Private-IP-Address: ['192.168.1.179']
2013-11-20 10:58:00,568: DEBUG: GoGo-Acct-Input-Voice-Gigawords: [0]
2013-11-20 10:58:00,568: DEBUG: GoGo-Total-Input-Packets: [29642]
2013-11-20 10:58:00,569: DEBUG: GoGo-Total-Input-Gigawords: [0]
2013-11-20 10:58:00,569: DEBUG: GoGo-Acct-Input-Voice-Packets: [0]
2013-11-20 10:58:00,569: DEBUG: GoGo-Total-Input-Octets: [4595349]
2013-11-20 10:58:00,570: DEBUG: GoGo-Total-Output-Packets: [57108]
2013-11-20 10:58:00,570: DEBUG: WISPr-Location-ID: [u'airline=BA01,tail=01009,network=']
2013-11-20 10:58:00,571: DEBUG: GoGo-Acct-Output-Voice-Gigawords: [0]
2013-11-20 10:58:00,571: DEBUG: Acct-Input-Octets: [4595349]
2013-11-20 10:58:00,571: ERROR: Network error, Reason: 'Network error: nodename nor servname provided, or not known'
2013-11-20 10:58:10,572: DEBUG: 

2013-11-20 10:58:10,573: DEBUG: Creating Accounting Update Request with the following Attributes:
2013-11-20 10:58:10,573: DEBUG: User-Name: [u'username57@airborne.aircell.com']
2013-11-20 10:58:10,573: DEBUG: GoGo-Tail-Number: [u'AAATestNAS_138']
2013-11-20 10:58:10,574: DEBUG: Acct-Output-Octets: [5709233]
2013-11-20 10:58:10,574: DEBUG: NAS-IP-Address: ['10.254.143.1']
2013-11-20 10:58:10,574: DEBUG: GoGo-Total-Output-Gigawords: [0]
2013-11-20 10:58:10,574: DEBUG: Framed-IP-Address: ['10.254.143.158']
2013-11-20 10:58:10,574: DEBUG: GoGo-Total-Input-Voice-Gigawords: [0]
2013-11-20 10:58:10,574: DEBUG: GoGo-Total-Output-Octets: [5709233]
2013-11-20 10:58:10,575: DEBUG: GoGo-Acct-Input-Voice-Octets: [0]
2013-11-20 10:58:10,575: DEBUG: GoGo-Total-Input-Voice-Packets: [0]
2013-11-20 10:58:10,575: DEBUG: Called-Station-Id: [u'00:16:3E:1D:9D:93']
2013-11-20 10:58:10,575: DEBUG: WISPr-Location-Name: [u'TEST LLC,BA01_01009']
2013-11-20 10:58:10,575: DEBUG: NAS-Identifier: [u'C08386']
2013-11-20 10:58:10,575: DEBUG: Proxy-State: ['3330,3132']
2013-11-20 10:58:10,576: DEBUG: GoGo-Total-Input-Voice-Octets: [0]
2013-11-20 10:58:10,576: DEBUG: Acct-Status-Type: ['Interim-Update']
2013-11-20 10:58:10,576: DEBUG: GoGo-Total-Output-Voice-Gigawords: [0]
2013-11-20 10:58:10,576: DEBUG: GoGo-Airline: [u'BA01']
2013-11-20 10:58:10,576: DEBUG: Acct-Session-Id: [u'AAATestNAS_138-1384925250524-00163E1D9D93-1']
2013-11-20 10:58:10,576: DEBUG: Acct-Session-Time: [10]
2013-11-20 10:58:10,576: DEBUG: Acct-Input-Packets: [23154]
2013-11-20 10:58:10,577: DEBUG: Acct-Output-Packets: [36386]
2013-11-20 10:58:10,577: DEBUG: GoGo-Acct-Output-Voice-Packets: [0]
2013-11-20 10:58:10,577: DEBUG: GoGo-Acct-Output-Voice-Octets: [0]
2013-11-20 10:58:10,577: DEBUG: Acct-Output-Gigawords: [0]
2013-11-20 10:58:10,577: DEBUG: GoGo-Total-Output-Voice-Packets: [0]
2013-11-20 10:58:10,577: DEBUG: Acct-Input-Gigawords: [0]
2013-11-20 10:58:10,577: DEBUG: Calling-Station-Id: [u'18:21:31:41:52:19']
2013-11-20 10:58:10,578: DEBUG: NAS-Port-Type: ['Wireless-802.11']
2013-11-20 10:58:10,578: DEBUG: GoGo-Total-Output-Voice-Octets: [0]
2013-11-20 10:58:10,578: DEBUG: GoGo-Private-IP-Address: ['192.168.1.179']
2013-11-20 10:58:10,578: DEBUG: GoGo-Acct-Input-Voice-Gigawords: [0]
2013-11-20 10:58:10,578: DEBUG: GoGo-Total-Input-Packets: [23154]
2013-11-20 10:58:10,578: DEBUG: GoGo-Total-Input-Gigawords: [0]
2013-11-20 10:58:10,578: DEBUG: GoGo-Acct-Input-Voice-Packets: [0]
2013-11-20 10:58:10,579: DEBUG: GoGo-Total-Input-Octets: [4066596]
2013-11-20 10:58:10,579: DEBUG: GoGo-Total-Output-Packets: [36386]
2013-11-20 10:58:10,579: DEBUG: WISPr-Location-ID: [u'airline=BA01,tail=01009,network=']
2013-11-20 10:58:10,579: DEBUG: GoGo-Acct-Output-Voice-Gigawords: [0]
2013-11-20 10:58:10,579: DEBUG: Acct-Input-Octets: [4066596]
2013-11-20 10:58:10,582: DEBUG: 

2013-11-20 10:58:10,582: DEBUG: Received response with following attributes:
2013-11-20 10:58:16,583: DEBUG: 

2013-11-20 10:58:16,584: DEBUG: Creating Accounting Update Request with the following Attributes:
2013-11-20 10:58:16,584: DEBUG: User-Name: [u'username57@airborne.aircell.com']
2013-11-20 10:58:16,584: DEBUG: GoGo-Tail-Number: [u'AAATestNAS_138']
2013-11-20 10:58:16,585: DEBUG: Acct-Output-Octets: [1842456]
2013-11-20 10:58:16,585: DEBUG: NAS-IP-Address: ['10.254.143.1']
2013-11-20 10:58:16,585: DEBUG: GoGo-Total-Output-Gigawords: [0]
2013-11-20 10:58:16,586: DEBUG: Framed-IP-Address: ['10.254.143.158']
2013-11-20 10:58:16,586: DEBUG: GoGo-Total-Input-Voice-Gigawords: [0]
2013-11-20 10:58:16,586: DEBUG: GoGo-Total-Output-Octets: [1842456]
2013-11-20 10:58:16,586: DEBUG: GoGo-Acct-Input-Voice-Octets: [0]
2013-11-20 10:58:16,586: DEBUG: GoGo-Total-Input-Voice-Packets: [0]
2013-11-20 10:58:16,586: DEBUG: Called-Station-Id: [u'00:16:3E:1D:9D:93']
2013-11-20 10:58:16,586: DEBUG: WISPr-Location-Name: [u'TEST LLC,BA01_01009']
2013-11-20 10:58:16,587: DEBUG: NAS-Identifier: [u'C08386']
2013-11-20 10:58:16,587: DEBUG: Proxy-State: ['3330,3132']
2013-11-20 10:58:16,587: DEBUG: GoGo-Total-Input-Voice-Octets: [0]
2013-11-20 10:58:16,587: DEBUG: Acct-Status-Type: ['Interim-Update']
2013-11-20 10:58:16,587: DEBUG: GoGo-Total-Output-Voice-Gigawords: [0]
2013-11-20 10:58:16,587: DEBUG: GoGo-Airline: [u'BA01']
2013-11-20 10:58:16,587: DEBUG: Acct-Session-Id: [u'AAATestNAS_138-1384925250524-00163E1D9D93-1']
2013-11-20 10:58:16,588: DEBUG: Acct-Session-Time: [6]
2013-11-20 10:58:16,588: DEBUG: Acct-Input-Packets: [9620]
2013-11-20 10:58:16,588: DEBUG: Acct-Output-Packets: [3554]
2013-11-20 10:58:16,588: DEBUG: GoGo-Acct-Output-Voice-Packets: [0]
2013-11-20 10:58:16,588: DEBUG: GoGo-Acct-Output-Voice-Octets: [0]
2013-11-20 10:58:16,588: DEBUG: Acct-Output-Gigawords: [0]
2013-11-20 10:58:16,588: DEBUG: GoGo-Total-Output-Voice-Packets: [0]
2013-11-20 10:58:16,588: DEBUG: Acct-Input-Gigawords: [0]
2013-11-20 10:58:16,589: DEBUG: Calling-Station-Id: [u'18:21:31:41:52:19']
2013-11-20 10:58:16,589: DEBUG: NAS-Port-Type: ['Wireless-802.11']
2013-11-20 10:58:16,589: DEBUG: GoGo-Total-Output-Voice-Octets: [0]
2013-11-20 10:58:16,589: DEBUG: GoGo-Private-IP-Address: ['192.168.1.179']
2013-11-20 10:58:16,589: DEBUG: GoGo-Acct-Input-Voice-Gigawords: [0]
2013-11-20 10:58:16,589: DEBUG: GoGo-Total-Input-Packets: [9620]
2013-11-20 10:58:16,589: DEBUG: GoGo-Total-Input-Gigawords: [0]
2013-11-20 10:58:16,590: DEBUG: GoGo-Acct-Input-Voice-Packets: [0]
2013-11-20 10:58:16,590: DEBUG: GoGo-Total-Input-Octets: [2376613]
2013-11-20 10:58:16,590: DEBUG: GoGo-Total-Output-Packets: [3554]
2013-11-20 10:58:16,590: DEBUG: WISPr-Location-ID: [u'airline=BA01,tail=01009,network=']
2013-11-20 10:58:16,590: DEBUG: GoGo-Acct-Output-Voice-Gigawords: [0]
2013-11-20 10:58:16,590: DEBUG: Acct-Input-Octets: [2376613]
2013-11-20 10:58:16,590: ERROR: Network error, Reason: 'Network error: Too many open files'
2013-11-20 10:58:40,591: DEBUG: 

2013-11-20 10:58:40,592: DEBUG: Creating Accounting Stop Request with the following Attributes:
2013-11-20 10:58:40,592: DEBUG: User-Name: [u'username57@airborne.aircell.com']
2013-11-20 10:58:40,592: DEBUG: GoGo-Tail-Number: [u'01009']
2013-11-20 10:58:40,592: DEBUG: Acct-Output-Octets: [3537623]
2013-11-20 10:58:40,592: DEBUG: NAS-IP-Address: ['10.254.143.1']
2013-11-20 10:58:40,592: DEBUG: GoGo-Total-Output-Gigawords: [0]
2013-11-20 10:58:40,593: DEBUG: Framed-IP-Address: ['10.254.143.158']
2013-11-20 10:58:40,593: DEBUG: GoGo-Total-Input-Voice-Gigawords: [0]
2013-11-20 10:58:40,593: DEBUG: GoGo-Total-Output-Octets: [3537623]
2013-11-20 10:58:40,593: DEBUG: GoGo-Acct-Input-Voice-Octets: [0]
2013-11-20 10:58:40,593: DEBUG: GoGo-Total-Input-Voice-Packets: [0]
2013-11-20 10:58:40,593: DEBUG: Called-Station-Id: [u'00:16:3E:1D:9D:93']
2013-11-20 10:58:40,593: DEBUG: WISPr-Location-Name: [u'TEST LLC,BA01_01009']
2013-11-20 10:58:40,594: DEBUG: NAS-Identifier: [u'C08386']
2013-11-20 10:58:40,594: DEBUG: Proxy-State: ['3330,3132']
2013-11-20 10:58:40,594: DEBUG: GoGo-Total-Input-Voice-Octets: [0]
2013-11-20 10:58:40,594: DEBUG: Acct-Status-Type: ['Stop']
2013-11-20 10:58:40,595: DEBUG: GoGo-Total-Output-Voice-Gigawords: [0]
2013-11-20 10:58:40,595: DEBUG: GoGo-Airline: [u'BA01']
2013-11-20 10:58:40,595: DEBUG: Acct-Session-Id: [u'AAATestNAS_138-1384925250524-00163E1D9D93-1']
2013-11-20 10:58:40,595: DEBUG: Acct-Session-Time: [24]
2013-11-20 10:58:40,595: DEBUG: Acct-Input-Packets: [12636]
2013-11-20 10:58:40,595: DEBUG: Acct-Output-Packets: [5284]
2013-11-20 10:58:40,595: DEBUG: Acct-Terminate-Cause: ['User-Request']
2013-11-20 10:58:40,595: DEBUG: GoGo-Acct-Output-Voice-Octets: [0]
2013-11-20 10:58:40,596: DEBUG: Acct-Output-Gigawords: [0]
2013-11-20 10:58:40,596: DEBUG: GoGo-Total-Output-Voice-Packets: [0]
2013-11-20 10:58:40,596: DEBUG: Acct-Input-Gigawords: [0]
2013-11-20 10:58:40,596: DEBUG: Calling-Station-Id: [u'18:21:31:41:52:19']
2013-11-20 10:58:40,596: DEBUG: NAS-Port-Type: ['Wireless-802.11']
2013-11-20 10:58:40,596: DEBUG: GoGo-Total-Output-Voice-Octets: [0]
2013-11-20 10:58:40,596: DEBUG: GoGo-Private-IP-Address: ['192.168.1.179']
2013-11-20 10:58:40,597: DEBUG: GoGo-Acct-Input-Voice-Gigawords: [0]
2013-11-20 10:58:40,597: DEBUG: GoGo-Total-Input-Packets: [12636]
2013-11-20 10:58:40,597: DEBUG: GoGo-Total-Input-Gigawords: [0]
2013-11-20 10:58:40,597: DEBUG: GoGo-Acct-Input-Voice-Packets: [0]
2013-11-20 10:58:40,597: DEBUG: GoGo-Total-Input-Octets: [6378988]
2013-11-20 10:58:40,597: DEBUG: GoGo-Total-Output-Packets: [5284]
2013-11-20 10:58:40,597: DEBUG: WISPr-Location-ID: [u'airline=BA01,tail=01009,network=']
2013-11-20 10:58:40,597: DEBUG: GoGo-Acct-Output-Voice-Packets: [0]
2013-11-20 10:58:40,598: DEBUG: GoGo-Acct-Output-Voice-Gigawords: [0]
2013-11-20 10:58:40,598: DEBUG: Acct-Input-Octets: [6378988]
2013-11-20 10:58:40,598: ERROR: Network error, Reason: 'Network error: Too many open files'
2013-11-20 10:58:40,598: ERROR: Ending the test for this user
2013-11-20 10:58:40,598: DEBUG: Ending the test for this user
