2013-11-20 10:55:42,424: DEBUG: Starting the client for the user username43@airborne.aircell.com to the server localhost

2013-11-20 10:55:42,424: DEBUG: DURATION of the TEST: 82
2013-11-20 10:55:42,425: DEBUG: NAS-IP: 10.254.27.1
2013-11-20 10:55:42,425: DEBUG: NAS-MAC-ADDR: 16:21:31:41:51:82
2013-11-20 10:55:42,425: DEBUG: Abruptly End: False
2013-11-20 10:55:42,425: DEBUG: Framed-IP: 10.254.27.173
2013-11-20 10:55:42,425: DEBUG: User-MAC-Addr: 00:16:3E:6A:44:88
2013-11-20 10:55:42,425: DEBUG: 

2013-11-20 10:55:42,425: DEBUG: Creating Authentication Request with the following Attributes:
2013-11-20 10:55:42,426: DEBUG: NAS-Identifier: [u'C08386']
2013-11-20 10:55:42,426: DEBUG: User-Name: [u'username43@airborne.aircell.com']
2013-11-20 10:55:42,426: DEBUG: NAS-IP-Address: ['10.254.27.1']
2013-11-20 10:55:42,426: DEBUG: Service-Type: ['Authenticate-Only']
2013-11-20 10:55:42,426: DEBUG: Proxy-State: ['3237,3134']
2013-11-20 10:55:42,426: DEBUG: Framed-IP-Address: ['10.254.27.173']
2013-11-20 10:55:42,426: DEBUG: GoGo-Airline: [u'BA01']
2013-11-20 10:55:42,426: DEBUG: Acct-Session-Id: [u'AAATestNAS_22-1384925142425-00163E6A4488-1']
2013-11-20 10:55:42,426: DEBUG: GoGo-Tail-Number: [u'AAATestNAS_22']
2013-11-20 10:55:42,426: DEBUG: GoGo-Private-IP-Address: ['192.168.1.179']
2013-11-20 10:55:42,426: DEBUG: WISPr-Location-ID: [u'airline=BA01,tail=01009,network=']
2013-11-20 10:55:42,426: DEBUG: WISPr-Location-Name: [u'TEST LLC,BA01_01009']
2013-11-20 10:55:42,426: DEBUG: NAS-Port-Type: ['Wireless-802.11']
2013-11-20 10:55:42,426: DEBUG: Called-Station-Id: [u'00:16:3E:6A:44:88']
2013-11-20 10:55:42,427: DEBUG: Calling-Station-Id: [u'16:21:31:41:51:82']
2013-11-20 10:55:42,428: DEBUG: 

2013-11-20 10:55:42,428: DEBUG: Received response with code: 2, Accepted
2013-11-20 10:55:42,428: DEBUG: Creating Authentication Request with the following Attributes:
2013-11-20 10:55:42,428: DEBUG: NAS-Identifier: [u'C08386']
2013-11-20 10:55:42,428: DEBUG: User-Name: [u'username43@airborne.aircell.com']
2013-11-20 10:55:42,429: DEBUG: NAS-IP-Address: ['10.254.27.1']
2013-11-20 10:55:42,429: DEBUG: Service-Type: ['Login-User']
2013-11-20 10:55:42,429: DEBUG: Proxy-State: ['3237,3134']
2013-11-20 10:55:42,429: DEBUG: Framed-IP-Address: ['10.254.27.173']
2013-11-20 10:55:42,429: DEBUG: GoGo-Airline: [u'BA01']
2013-11-20 10:55:42,429: DEBUG: Acct-Session-Id: [u'AAATestNAS_22-1384925142428-00163E6A4488-1']
2013-11-20 10:55:42,429: DEBUG: GoGo-Tail-Number: [u'AAATestNAS_22']
2013-11-20 10:55:42,429: DEBUG: GoGo-Private-IP-Address: ['192.168.1.179']
2013-11-20 10:55:42,429: DEBUG: WISPr-Location-ID: [u'airline=BA01,tail=01009,network=']
2013-11-20 10:55:42,429: DEBUG: WISPr-Location-Name: [u'TEST LLC,BA01_01009']
2013-11-20 10:55:42,429: DEBUG: NAS-Port-Type: ['Wireless-802.11']
2013-11-20 10:55:42,429: DEBUG: Called-Station-Id: [u'00:16:3E:6A:44:88']
2013-11-20 10:55:42,430: DEBUG: Calling-Station-Id: [u'16:21:31:41:51:82']
2013-11-20 10:55:42,430: DEBUG: 

2013-11-20 10:55:42,431: DEBUG: Received response with code: 2, Accepted
2013-11-20 10:55:42,431: DEBUG: 

2013-11-20 10:55:42,431: DEBUG: Creating Accounting start Request with the following Attributes:
2013-11-20 10:55:42,431: DEBUG: NAS-Identifier: [u'C08386']
2013-11-20 10:55:42,431: DEBUG: User-Name: [u'username43@airborne.aircell.com']
2013-11-20 10:55:42,431: DEBUG: GoGo-Tail-Number: [u'AAATestNAS_22']
2013-11-20 10:55:42,431: DEBUG: NAS-IP-Address: ['10.254.27.1']
2013-11-20 10:55:42,431: DEBUG: Proxy-State: ['3239,3131']
2013-11-20 10:55:42,431: DEBUG: Acct-Status-Type: ['Start']
2013-11-20 10:55:42,431: DEBUG: GoGo-Airline: [u'BA01']
2013-11-20 10:55:42,431: DEBUG: Acct-Session-Id: [u'AAATestNAS_22-1384925142428-00163E6A4488-1']
2013-11-20 10:55:42,431: DEBUG: GoGo-Private-IP-Address: ['192.168.1.179']
2013-11-20 10:55:42,432: DEBUG: Framed-IP-Address: ['10.254.27.173']
2013-11-20 10:55:42,432: DEBUG: WISPr-Location-ID: [u'airline=BA01,tail=01009,network=']
2013-11-20 10:55:42,432: DEBUG: WISPr-Location-Name: [u'TEST LLC,BA01_01009']
2013-11-20 10:55:42,432: DEBUG: NAS-Port-Type: ['Wireless-802.11']
2013-11-20 10:55:42,432: DEBUG: Called-Station-Id: [u'00:16:3E:6A:44:88']
2013-11-20 10:55:42,432: DEBUG: Calling-Station-Id: [u'16:21:31:41:51:82']
2013-11-20 10:55:42,433: DEBUG: 

2013-11-20 10:55:42,433: DEBUG: Received response with following attributes:
2013-11-20 10:55:52,434: DEBUG: 

2013-11-20 10:55:52,435: DEBUG: Creating Accounting Update Request with the following Attributes:
2013-11-20 10:55:52,436: DEBUG: User-Name: [u'username43@airborne.aircell.com']
2013-11-20 10:55:52,436: DEBUG: GoGo-Tail-Number: [u'AAATestNAS_22']
2013-11-20 10:55:52,437: DEBUG: Acct-Output-Octets: [9783666]
2013-11-20 10:55:52,437: DEBUG: NAS-IP-Address: ['10.254.27.1']
2013-11-20 10:55:52,437: DEBUG: GoGo-Total-Output-Gigawords: [0]
2013-11-20 10:55:52,438: DEBUG: Framed-IP-Address: ['10.254.27.173']
2013-11-20 10:55:52,438: DEBUG: GoGo-Total-Input-Voice-Gigawords: [0]
2013-11-20 10:55:52,438: DEBUG: GoGo-Total-Output-Octets: [9783666]
2013-11-20 10:55:52,438: DEBUG: GoGo-Acct-Input-Voice-Octets: [0]
2013-11-20 10:55:52,439: DEBUG: GoGo-Total-Input-Voice-Packets: [0]
2013-11-20 10:55:52,439: DEBUG: Called-Station-Id: [u'00:16:3E:6A:44:88']
2013-11-20 10:55:52,440: DEBUG: WISPr-Location-Name: [u'TEST LLC,BA01_01009']
2013-11-20 10:55:52,440: DEBUG: NAS-Identifier: [u'C08386']
2013-11-20 10:55:52,441: DEBUG: Proxy-State: ['3330,3132']
2013-11-20 10:55:52,441: DEBUG: GoGo-Total-Input-Voice-Octets: [0]
2013-11-20 10:55:52,441: DEBUG: Acct-Status-Type: ['Interim-Update']
2013-11-20 10:55:52,441: DEBUG: GoGo-Total-Output-Voice-Gigawords: [0]
2013-11-20 10:55:52,441: DEBUG: GoGo-Airline: [u'BA01']
2013-11-20 10:55:52,442: DEBUG: Acct-Session-Id: [u'AAATestNAS_22-1384925142428-00163E6A4488-1']
2013-11-20 10:55:52,442: DEBUG: Acct-Session-Time: [10]
2013-11-20 10:55:52,442: DEBUG: Acct-Input-Packets: [22763]
2013-11-20 10:55:52,442: DEBUG: Acct-Output-Packets: [60089]
2013-11-20 10:55:52,442: DEBUG: GoGo-Acct-Output-Voice-Packets: [0]
2013-11-20 10:55:52,442: DEBUG: GoGo-Acct-Output-Voice-Octets: [0]
2013-11-20 10:55:52,443: DEBUG: Acct-Output-Gigawords: [0]
2013-11-20 10:55:52,443: DEBUG: GoGo-Total-Output-Voice-Packets: [0]
2013-11-20 10:55:52,444: DEBUG: Acct-Input-Gigawords: [0]
2013-11-20 10:55:52,444: DEBUG: Calling-Station-Id: [u'16:21:31:41:51:82']
2013-11-20 10:55:52,444: DEBUG: NAS-Port-Type: ['Wireless-802.11']
2013-11-20 10:55:52,444: DEBUG: GoGo-Total-Output-Voice-Octets: [0]
2013-11-20 10:55:52,445: DEBUG: GoGo-Private-IP-Address: ['192.168.1.179']
2013-11-20 10:55:52,445: DEBUG: GoGo-Acct-Input-Voice-Gigawords: [0]
2013-11-20 10:55:52,446: DEBUG: GoGo-Total-Input-Packets: [22763]
2013-11-20 10:55:52,446: DEBUG: GoGo-Total-Input-Gigawords: [0]
2013-11-20 10:55:52,447: DEBUG: GoGo-Acct-Input-Voice-Packets: [0]
2013-11-20 10:55:52,448: DEBUG: GoGo-Total-Input-Octets: [9051279]
2013-11-20 10:55:52,448: DEBUG: GoGo-Total-Output-Packets: [60089]
2013-11-20 10:55:52,448: DEBUG: WISPr-Location-ID: [u'airline=BA01,tail=01009,network=']
2013-11-20 10:55:52,448: DEBUG: GoGo-Acct-Output-Voice-Gigawords: [0]
2013-11-20 10:55:52,449: DEBUG: Acct-Input-Octets: [9051279]
2013-11-20 10:55:52,452: DEBUG: 

2013-11-20 10:55:52,452: DEBUG: Received response with following attributes:
2013-11-20 10:56:02,454: DEBUG: 

2013-11-20 10:56:02,455: DEBUG: Creating Accounting Update Request with the following Attributes:
2013-11-20 10:56:02,455: DEBUG: User-Name: [u'username43@airborne.aircell.com']
2013-11-20 10:56:02,456: DEBUG: GoGo-Tail-Number: [u'AAATestNAS_22']
2013-11-20 10:56:02,457: DEBUG: Acct-Output-Octets: [1107335]
2013-11-20 10:56:02,457: DEBUG: NAS-IP-Address: ['10.254.27.1']
2013-11-20 10:56:02,457: DEBUG: GoGo-Total-Output-Gigawords: [0]
2013-11-20 10:56:02,457: DEBUG: Framed-IP-Address: ['10.254.27.173']
2013-11-20 10:56:02,459: DEBUG: GoGo-Total-Input-Voice-Gigawords: [0]
2013-11-20 10:56:02,461: DEBUG: GoGo-Total-Output-Octets: [1107335]
2013-11-20 10:56:02,462: DEBUG: GoGo-Acct-Input-Voice-Octets: [0]
2013-11-20 10:56:02,462: DEBUG: GoGo-Total-Input-Voice-Packets: [0]
2013-11-20 10:56:02,463: DEBUG: Called-Station-Id: [u'00:16:3E:6A:44:88']
2013-11-20 10:56:02,463: DEBUG: WISPr-Location-Name: [u'TEST LLC,BA01_01009']
2013-11-20 10:56:02,464: DEBUG: NAS-Identifier: [u'C08386']
2013-11-20 10:56:02,464: DEBUG: Proxy-State: ['3330,3132']
2013-11-20 10:56:02,464: DEBUG: GoGo-Total-Input-Voice-Octets: [0]
2013-11-20 10:56:02,467: DEBUG: Acct-Status-Type: ['Interim-Update']
2013-11-20 10:56:02,467: DEBUG: GoGo-Total-Output-Voice-Gigawords: [0]
2013-11-20 10:56:02,467: DEBUG: GoGo-Airline: [u'BA01']
2013-11-20 10:56:02,469: DEBUG: Acct-Session-Id: [u'AAATestNAS_22-1384925142428-00163E6A4488-1']
2013-11-20 10:56:02,470: DEBUG: Acct-Session-Time: [10]
2013-11-20 10:56:02,471: DEBUG: Acct-Input-Packets: [9173]
2013-11-20 10:56:02,472: DEBUG: Acct-Output-Packets: [2674]
2013-11-20 10:56:02,472: DEBUG: GoGo-Acct-Output-Voice-Packets: [0]
2013-11-20 10:56:02,474: DEBUG: GoGo-Acct-Output-Voice-Octets: [0]
2013-11-20 10:56:02,474: DEBUG: Acct-Output-Gigawords: [0]
2013-11-20 10:56:02,477: DEBUG: GoGo-Total-Output-Voice-Packets: [0]
2013-11-20 10:56:02,478: DEBUG: Acct-Input-Gigawords: [0]
2013-11-20 10:56:02,479: DEBUG: Calling-Station-Id: [u'16:21:31:41:51:82']
2013-11-20 10:56:02,479: DEBUG: NAS-Port-Type: ['Wireless-802.11']
2013-11-20 10:56:02,480: DEBUG: GoGo-Total-Output-Voice-Octets: [0]
2013-11-20 10:56:02,481: DEBUG: GoGo-Private-IP-Address: ['192.168.1.179']
2013-11-20 10:56:02,481: DEBUG: GoGo-Acct-Input-Voice-Gigawords: [0]
2013-11-20 10:56:02,482: DEBUG: GoGo-Total-Input-Packets: [9173]
2013-11-20 10:56:02,482: DEBUG: GoGo-Total-Input-Gigawords: [0]
2013-11-20 10:56:02,482: DEBUG: GoGo-Acct-Input-Voice-Packets: [0]
2013-11-20 10:56:02,483: DEBUG: GoGo-Total-Input-Octets: [5178703]
2013-11-20 10:56:02,483: DEBUG: GoGo-Total-Output-Packets: [2674]
2013-11-20 10:56:02,485: DEBUG: WISPr-Location-ID: [u'airline=BA01,tail=01009,network=']
2013-11-20 10:56:02,485: DEBUG: GoGo-Acct-Output-Voice-Gigawords: [0]
2013-11-20 10:56:02,488: DEBUG: Acct-Input-Octets: [5178703]
2013-11-20 10:56:02,492: DEBUG: 

2013-11-20 10:56:02,493: DEBUG: Received response with following attributes:
2013-11-20 10:56:12,494: DEBUG: 

2013-11-20 10:56:12,494: DEBUG: Creating Accounting Update Request with the following Attributes:
2013-11-20 10:56:12,495: DEBUG: User-Name: [u'username43@airborne.aircell.com']
2013-11-20 10:56:12,495: DEBUG: GoGo-Tail-Number: [u'AAATestNAS_22']
2013-11-20 10:56:12,495: DEBUG: Acct-Output-Octets: [6918384]
2013-11-20 10:56:12,495: DEBUG: NAS-IP-Address: ['10.254.27.1']
2013-11-20 10:56:12,495: DEBUG: GoGo-Total-Output-Gigawords: [0]
2013-11-20 10:56:12,495: DEBUG: Framed-IP-Address: ['10.254.27.173']
2013-11-20 10:56:12,495: DEBUG: GoGo-Total-Input-Voice-Gigawords: [0]
2013-11-20 10:56:12,495: DEBUG: GoGo-Total-Output-Octets: [6918384]
2013-11-20 10:56:12,495: DEBUG: GoGo-Acct-Input-Voice-Octets: [0]
2013-11-20 10:56:12,495: DEBUG: GoGo-Total-Input-Voice-Packets: [0]
2013-11-20 10:56:12,495: DEBUG: Called-Station-Id: [u'00:16:3E:6A:44:88']
2013-11-20 10:56:12,495: DEBUG: WISPr-Location-Name: [u'TEST LLC,BA01_01009']
2013-11-20 10:56:12,496: DEBUG: NAS-Identifier: [u'C08386']
2013-11-20 10:56:12,496: DEBUG: Proxy-State: ['3330,3132']
2013-11-20 10:56:12,496: DEBUG: GoGo-Total-Input-Voice-Octets: [0]
2013-11-20 10:56:12,496: DEBUG: Acct-Status-Type: ['Interim-Update']
2013-11-20 10:56:12,496: DEBUG: GoGo-Total-Output-Voice-Gigawords: [0]
2013-11-20 10:56:12,497: DEBUG: GoGo-Airline: [u'BA01']
2013-11-20 10:56:12,497: DEBUG: Acct-Session-Id: [u'AAATestNAS_22-1384925142428-00163E6A4488-1']
2013-11-20 10:56:12,497: DEBUG: Acct-Session-Time: [10]
2013-11-20 10:56:12,497: DEBUG: Acct-Input-Packets: [16824]
2013-11-20 10:56:12,497: DEBUG: Acct-Output-Packets: [12374]
2013-11-20 10:56:12,497: DEBUG: GoGo-Acct-Output-Voice-Packets: [0]
2013-11-20 10:56:12,497: DEBUG: GoGo-Acct-Output-Voice-Octets: [0]
2013-11-20 10:56:12,497: DEBUG: Acct-Output-Gigawords: [0]
2013-11-20 10:56:12,497: DEBUG: GoGo-Total-Output-Voice-Packets: [0]
2013-11-20 10:56:12,498: DEBUG: Acct-Input-Gigawords: [0]
2013-11-20 10:56:12,498: DEBUG: Calling-Station-Id: [u'16:21:31:41:51:82']
2013-11-20 10:56:12,498: DEBUG: NAS-Port-Type: ['Wireless-802.11']
2013-11-20 10:56:12,498: DEBUG: GoGo-Total-Output-Voice-Octets: [0]
2013-11-20 10:56:12,498: DEBUG: GoGo-Private-IP-Address: ['192.168.1.179']
2013-11-20 10:56:12,498: DEBUG: GoGo-Acct-Input-Voice-Gigawords: [0]
2013-11-20 10:56:12,498: DEBUG: GoGo-Total-Input-Packets: [16824]
2013-11-20 10:56:12,498: DEBUG: GoGo-Total-Input-Gigawords: [0]
2013-11-20 10:56:12,498: DEBUG: GoGo-Acct-Input-Voice-Packets: [0]
2013-11-20 10:56:12,498: DEBUG: GoGo-Total-Input-Octets: [3442994]
2013-11-20 10:56:12,498: DEBUG: GoGo-Total-Output-Packets: [12374]
2013-11-20 10:56:12,499: DEBUG: WISPr-Location-ID: [u'airline=BA01,tail=01009,network=']
2013-11-20 10:56:12,499: DEBUG: GoGo-Acct-Output-Voice-Gigawords: [0]
2013-11-20 10:56:12,499: DEBUG: Acct-Input-Octets: [3442994]
2013-11-20 10:56:12,500: DEBUG: 

2013-11-20 10:56:12,500: DEBUG: Received response with following attributes:
2013-11-20 10:56:22,501: DEBUG: 

2013-11-20 10:56:22,502: DEBUG: Creating Accounting Update Request with the following Attributes:
2013-11-20 10:56:22,502: DEBUG: User-Name: [u'username43@airborne.aircell.com']
2013-11-20 10:56:22,502: DEBUG: GoGo-Tail-Number: [u'AAATestNAS_22']
2013-11-20 10:56:22,502: DEBUG: Acct-Output-Octets: [1275558]
2013-11-20 10:56:22,502: DEBUG: NAS-IP-Address: ['10.254.27.1']
2013-11-20 10:56:22,502: DEBUG: GoGo-Total-Output-Gigawords: [0]
2013-11-20 10:56:22,502: DEBUG: Framed-IP-Address: ['10.254.27.173']
2013-11-20 10:56:22,502: DEBUG: GoGo-Total-Input-Voice-Gigawords: [0]
2013-11-20 10:56:22,502: DEBUG: GoGo-Total-Output-Octets: [1275558]
2013-11-20 10:56:22,502: DEBUG: GoGo-Acct-Input-Voice-Octets: [0]
2013-11-20 10:56:22,502: DEBUG: GoGo-Total-Input-Voice-Packets: [0]
2013-11-20 10:56:22,502: DEBUG: Called-Station-Id: [u'00:16:3E:6A:44:88']
2013-11-20 10:56:22,503: DEBUG: WISPr-Location-Name: [u'TEST LLC,BA01_01009']
2013-11-20 10:56:22,503: DEBUG: NAS-Identifier: [u'C08386']
2013-11-20 10:56:22,503: DEBUG: Proxy-State: ['3330,3132']
2013-11-20 10:56:22,503: DEBUG: GoGo-Total-Input-Voice-Octets: [0]
2013-11-20 10:56:22,503: DEBUG: Acct-Status-Type: ['Interim-Update']
2013-11-20 10:56:22,503: DEBUG: GoGo-Total-Output-Voice-Gigawords: [0]
2013-11-20 10:56:22,503: DEBUG: GoGo-Airline: [u'BA01']
2013-11-20 10:56:22,503: DEBUG: Acct-Session-Id: [u'AAATestNAS_22-1384925142428-00163E6A4488-1']
2013-11-20 10:56:22,503: DEBUG: Acct-Session-Time: [10]
2013-11-20 10:56:22,503: DEBUG: Acct-Input-Packets: [73942]
2013-11-20 10:56:22,503: DEBUG: Acct-Output-Packets: [7673]
2013-11-20 10:56:22,503: DEBUG: GoGo-Acct-Output-Voice-Packets: [0]
2013-11-20 10:56:22,503: DEBUG: GoGo-Acct-Output-Voice-Octets: [0]
2013-11-20 10:56:22,503: DEBUG: Acct-Output-Gigawords: [0]
2013-11-20 10:56:22,504: DEBUG: GoGo-Total-Output-Voice-Packets: [0]
2013-11-20 10:56:22,504: DEBUG: Acct-Input-Gigawords: [0]
2013-11-20 10:56:22,504: DEBUG: Calling-Station-Id: [u'16:21:31:41:51:82']
2013-11-20 10:56:22,504: DEBUG: NAS-Port-Type: ['Wireless-802.11']
2013-11-20 10:56:22,504: DEBUG: GoGo-Total-Output-Voice-Octets: [0]
2013-11-20 10:56:22,504: DEBUG: GoGo-Private-IP-Address: ['192.168.1.179']
2013-11-20 10:56:22,504: DEBUG: GoGo-Acct-Input-Voice-Gigawords: [0]
2013-11-20 10:56:22,504: DEBUG: GoGo-Total-Input-Packets: [73942]
2013-11-20 10:56:22,504: DEBUG: GoGo-Total-Input-Gigawords: [0]
2013-11-20 10:56:22,504: DEBUG: GoGo-Acct-Input-Voice-Packets: [0]
2013-11-20 10:56:22,504: DEBUG: GoGo-Total-Input-Octets: [8497234]
2013-11-20 10:56:22,504: DEBUG: GoGo-Total-Output-Packets: [7673]
2013-11-20 10:56:22,504: DEBUG: WISPr-Location-ID: [u'airline=BA01,tail=01009,network=']
2013-11-20 10:56:22,504: DEBUG: GoGo-Acct-Output-Voice-Gigawords: [0]
2013-11-20 10:56:22,505: DEBUG: Acct-Input-Octets: [8497234]
2013-11-20 10:56:22,506: DEBUG: 

2013-11-20 10:56:22,506: DEBUG: Received response with following attributes:
2013-11-20 10:56:32,507: DEBUG: 

2013-11-20 10:56:32,508: DEBUG: Creating Accounting Update Request with the following Attributes:
2013-11-20 10:56:32,508: DEBUG: User-Name: [u'username43@airborne.aircell.com']
2013-11-20 10:56:32,508: DEBUG: GoGo-Tail-Number: [u'AAATestNAS_22']
2013-11-20 10:56:32,509: DEBUG: Acct-Output-Octets: [9983616]
2013-11-20 10:56:32,509: DEBUG: NAS-IP-Address: ['10.254.27.1']
2013-11-20 10:56:32,510: DEBUG: GoGo-Total-Output-Gigawords: [0]
2013-11-20 10:56:32,510: DEBUG: Framed-IP-Address: ['10.254.27.173']
2013-11-20 10:56:32,510: DEBUG: GoGo-Total-Input-Voice-Gigawords: [0]
2013-11-20 10:56:32,510: DEBUG: GoGo-Total-Output-Octets: [9983616]
2013-11-20 10:56:32,511: DEBUG: GoGo-Acct-Input-Voice-Octets: [0]
2013-11-20 10:56:32,511: DEBUG: GoGo-Total-Input-Voice-Packets: [0]
2013-11-20 10:56:32,512: DEBUG: Called-Station-Id: [u'00:16:3E:6A:44:88']
2013-11-20 10:56:32,512: DEBUG: WISPr-Location-Name: [u'TEST LLC,BA01_01009']
2013-11-20 10:56:32,512: DEBUG: NAS-Identifier: [u'C08386']
2013-11-20 10:56:32,513: DEBUG: Proxy-State: ['3330,3132']
2013-11-20 10:56:32,513: DEBUG: GoGo-Total-Input-Voice-Octets: [0]
2013-11-20 10:56:32,513: DEBUG: Acct-Status-Type: ['Interim-Update']
2013-11-20 10:56:32,513: DEBUG: GoGo-Total-Output-Voice-Gigawords: [0]
2013-11-20 10:56:32,513: DEBUG: GoGo-Airline: [u'BA01']
2013-11-20 10:56:32,514: DEBUG: Acct-Session-Id: [u'AAATestNAS_22-1384925142428-00163E6A4488-1']
2013-11-20 10:56:32,514: DEBUG: Acct-Session-Time: [10]
2013-11-20 10:56:32,515: DEBUG: Acct-Input-Packets: [40617]
2013-11-20 10:56:32,515: DEBUG: Acct-Output-Packets: [92364]
2013-11-20 10:56:32,516: DEBUG: GoGo-Acct-Output-Voice-Packets: [0]
2013-11-20 10:56:32,516: DEBUG: GoGo-Acct-Output-Voice-Octets: [0]
2013-11-20 10:56:32,517: DEBUG: Acct-Output-Gigawords: [0]
2013-11-20 10:56:32,517: DEBUG: GoGo-Total-Output-Voice-Packets: [0]
2013-11-20 10:56:32,517: DEBUG: Acct-Input-Gigawords: [0]
2013-11-20 10:56:32,517: DEBUG: Calling-Station-Id: [u'16:21:31:41:51:82']
2013-11-20 10:56:32,517: DEBUG: NAS-Port-Type: ['Wireless-802.11']
2013-11-20 10:56:32,518: DEBUG: GoGo-Total-Output-Voice-Octets: [0]
2013-11-20 10:56:32,518: DEBUG: GoGo-Private-IP-Address: ['192.168.1.179']
2013-11-20 10:56:32,519: DEBUG: GoGo-Acct-Input-Voice-Gigawords: [0]
2013-11-20 10:56:32,519: DEBUG: GoGo-Total-Input-Packets: [40617]
2013-11-20 10:56:32,519: DEBUG: GoGo-Total-Input-Gigawords: [0]
2013-11-20 10:56:32,519: DEBUG: GoGo-Acct-Input-Voice-Packets: [0]
2013-11-20 10:56:32,520: DEBUG: GoGo-Total-Input-Octets: [8173293]
2013-11-20 10:56:32,520: DEBUG: GoGo-Total-Output-Packets: [92364]
2013-11-20 10:56:32,520: DEBUG: WISPr-Location-ID: [u'airline=BA01,tail=01009,network=']
2013-11-20 10:56:32,520: DEBUG: GoGo-Acct-Output-Voice-Gigawords: [0]
2013-11-20 10:56:32,521: DEBUG: Acct-Input-Octets: [8173293]
2013-11-20 10:56:32,522: DEBUG: 

2013-11-20 10:56:32,523: DEBUG: Received response with following attributes:
2013-11-20 10:56:42,523: DEBUG: 

2013-11-20 10:56:42,524: DEBUG: Creating Accounting Update Request with the following Attributes:
2013-11-20 10:56:42,524: DEBUG: User-Name: [u'username43@airborne.aircell.com']
2013-11-20 10:56:42,524: DEBUG: GoGo-Tail-Number: [u'AAATestNAS_22']
2013-11-20 10:56:42,524: DEBUG: Acct-Output-Octets: [8143504]
2013-11-20 10:56:42,524: DEBUG: NAS-IP-Address: ['10.254.27.1']
2013-11-20 10:56:42,524: DEBUG: GoGo-Total-Output-Gigawords: [0]
2013-11-20 10:56:42,524: DEBUG: Framed-IP-Address: ['10.254.27.173']
2013-11-20 10:56:42,524: DEBUG: GoGo-Total-Input-Voice-Gigawords: [0]
2013-11-20 10:56:42,524: DEBUG: GoGo-Total-Output-Octets: [8143504]
2013-11-20 10:56:42,524: DEBUG: GoGo-Acct-Input-Voice-Octets: [0]
2013-11-20 10:56:42,524: DEBUG: GoGo-Total-Input-Voice-Packets: [0]
2013-11-20 10:56:42,525: DEBUG: Called-Station-Id: [u'00:16:3E:6A:44:88']
2013-11-20 10:56:42,525: DEBUG: WISPr-Location-Name: [u'TEST LLC,BA01_01009']
2013-11-20 10:56:42,525: DEBUG: NAS-Identifier: [u'C08386']
2013-11-20 10:56:42,525: DEBUG: Proxy-State: ['3330,3132']
2013-11-20 10:56:42,525: DEBUG: GoGo-Total-Input-Voice-Octets: [0]
2013-11-20 10:56:42,525: DEBUG: Acct-Status-Type: ['Interim-Update']
2013-11-20 10:56:42,525: DEBUG: GoGo-Total-Output-Voice-Gigawords: [0]
2013-11-20 10:56:42,526: DEBUG: GoGo-Airline: [u'BA01']
2013-11-20 10:56:42,526: DEBUG: Acct-Session-Id: [u'AAATestNAS_22-1384925142428-00163E6A4488-1']
2013-11-20 10:56:42,526: DEBUG: Acct-Session-Time: [10]
2013-11-20 10:56:42,526: DEBUG: Acct-Input-Packets: [38319]
2013-11-20 10:56:42,527: DEBUG: Acct-Output-Packets: [11860]
2013-11-20 10:56:42,527: DEBUG: GoGo-Acct-Output-Voice-Packets: [0]
2013-11-20 10:56:42,527: DEBUG: GoGo-Acct-Output-Voice-Octets: [0]
2013-11-20 10:56:42,527: DEBUG: Acct-Output-Gigawords: [0]
2013-11-20 10:56:42,527: DEBUG: GoGo-Total-Output-Voice-Packets: [0]
2013-11-20 10:56:42,528: DEBUG: Acct-Input-Gigawords: [0]
2013-11-20 10:56:42,529: DEBUG: Calling-Station-Id: [u'16:21:31:41:51:82']
2013-11-20 10:56:42,529: DEBUG: NAS-Port-Type: ['Wireless-802.11']
2013-11-20 10:56:42,529: DEBUG: GoGo-Total-Output-Voice-Octets: [0]
2013-11-20 10:56:42,530: DEBUG: GoGo-Private-IP-Address: ['192.168.1.179']
2013-11-20 10:56:42,530: DEBUG: GoGo-Acct-Input-Voice-Gigawords: [0]
2013-11-20 10:56:42,530: DEBUG: GoGo-Total-Input-Packets: [38319]
2013-11-20 10:56:42,531: DEBUG: GoGo-Total-Input-Gigawords: [0]
2013-11-20 10:56:42,531: DEBUG: GoGo-Acct-Input-Voice-Packets: [0]
2013-11-20 10:56:42,531: DEBUG: GoGo-Total-Input-Octets: [7642682]
2013-11-20 10:56:42,532: DEBUG: GoGo-Total-Output-Packets: [11860]
2013-11-20 10:56:42,532: DEBUG: WISPr-Location-ID: [u'airline=BA01,tail=01009,network=']
2013-11-20 10:56:42,532: DEBUG: GoGo-Acct-Output-Voice-Gigawords: [0]
2013-11-20 10:56:42,532: DEBUG: Acct-Input-Octets: [7642682]
2013-11-20 10:56:42,535: DEBUG: 

2013-11-20 10:56:42,535: DEBUG: Received response with following attributes:
2013-11-20 10:56:52,536: DEBUG: 

2013-11-20 10:56:52,537: DEBUG: Creating Accounting Update Request with the following Attributes:
2013-11-20 10:56:52,537: DEBUG: User-Name: [u'username43@airborne.aircell.com']
2013-11-20 10:56:52,537: DEBUG: GoGo-Tail-Number: [u'AAATestNAS_22']
2013-11-20 10:56:52,537: DEBUG: Acct-Output-Octets: [6873657]
2013-11-20 10:56:52,537: DEBUG: NAS-IP-Address: ['10.254.27.1']
2013-11-20 10:56:52,537: DEBUG: GoGo-Total-Output-Gigawords: [0]
2013-11-20 10:56:52,537: DEBUG: Framed-IP-Address: ['10.254.27.173']
2013-11-20 10:56:52,537: DEBUG: GoGo-Total-Input-Voice-Gigawords: [0]
2013-11-20 10:56:52,537: DEBUG: GoGo-Total-Output-Octets: [6873657]
2013-11-20 10:56:52,537: DEBUG: GoGo-Acct-Input-Voice-Octets: [0]
2013-11-20 10:56:52,537: DEBUG: GoGo-Total-Input-Voice-Packets: [0]
2013-11-20 10:56:52,538: DEBUG: Called-Station-Id: [u'00:16:3E:6A:44:88']
2013-11-20 10:56:52,538: DEBUG: WISPr-Location-Name: [u'TEST LLC,BA01_01009']
2013-11-20 10:56:52,538: DEBUG: NAS-Identifier: [u'C08386']
2013-11-20 10:56:52,538: DEBUG: Proxy-State: ['3330,3132']
2013-11-20 10:56:52,538: DEBUG: GoGo-Total-Input-Voice-Octets: [0]
2013-11-20 10:56:52,538: DEBUG: Acct-Status-Type: ['Interim-Update']
2013-11-20 10:56:52,538: DEBUG: GoGo-Total-Output-Voice-Gigawords: [0]
2013-11-20 10:56:52,538: DEBUG: GoGo-Airline: [u'BA01']
2013-11-20 10:56:52,538: DEBUG: Acct-Session-Id: [u'AAATestNAS_22-1384925142428-00163E6A4488-1']
2013-11-20 10:56:52,538: DEBUG: Acct-Session-Time: [10]
2013-11-20 10:56:52,538: DEBUG: Acct-Input-Packets: [47457]
2013-11-20 10:56:52,538: DEBUG: Acct-Output-Packets: [11835]
2013-11-20 10:56:52,538: DEBUG: GoGo-Acct-Output-Voice-Packets: [0]
2013-11-20 10:56:52,538: DEBUG: GoGo-Acct-Output-Voice-Octets: [0]
2013-11-20 10:56:52,538: DEBUG: Acct-Output-Gigawords: [0]
2013-11-20 10:56:52,538: DEBUG: GoGo-Total-Output-Voice-Packets: [0]
2013-11-20 10:56:52,539: DEBUG: Acct-Input-Gigawords: [0]
2013-11-20 10:56:52,539: DEBUG: Calling-Station-Id: [u'16:21:31:41:51:82']
2013-11-20 10:56:52,539: DEBUG: NAS-Port-Type: ['Wireless-802.11']
2013-11-20 10:56:52,539: DEBUG: GoGo-Total-Output-Voice-Octets: [0]
2013-11-20 10:56:52,539: DEBUG: GoGo-Private-IP-Address: ['192.168.1.179']
2013-11-20 10:56:52,539: DEBUG: GoGo-Acct-Input-Voice-Gigawords: [0]
2013-11-20 10:56:52,539: DEBUG: GoGo-Total-Input-Packets: [47457]
2013-11-20 10:56:52,539: DEBUG: GoGo-Total-Input-Gigawords: [0]
2013-11-20 10:56:52,539: DEBUG: GoGo-Acct-Input-Voice-Packets: [0]
2013-11-20 10:56:52,539: DEBUG: GoGo-Total-Input-Octets: [7881067]
2013-11-20 10:56:52,539: DEBUG: GoGo-Total-Output-Packets: [11835]
2013-11-20 10:56:52,539: DEBUG: WISPr-Location-ID: [u'airline=BA01,tail=01009,network=']
2013-11-20 10:56:52,539: DEBUG: GoGo-Acct-Output-Voice-Gigawords: [0]
2013-11-20 10:56:52,539: DEBUG: Acct-Input-Octets: [7881067]
2013-11-20 10:56:52,541: DEBUG: 

2013-11-20 10:56:52,541: DEBUG: Received response with following attributes:
2013-11-20 10:57:02,542: DEBUG: 

2013-11-20 10:57:02,543: DEBUG: Creating Accounting Update Request with the following Attributes:
2013-11-20 10:57:02,543: DEBUG: User-Name: [u'username43@airborne.aircell.com']
2013-11-20 10:57:02,543: DEBUG: GoGo-Tail-Number: [u'AAATestNAS_22']
2013-11-20 10:57:02,543: DEBUG: Acct-Output-Octets: [8256144]
2013-11-20 10:57:02,543: DEBUG: NAS-IP-Address: ['10.254.27.1']
2013-11-20 10:57:02,543: DEBUG: GoGo-Total-Output-Gigawords: [0]
2013-11-20 10:57:02,544: DEBUG: Framed-IP-Address: ['10.254.27.173']
2013-11-20 10:57:02,544: DEBUG: GoGo-Total-Input-Voice-Gigawords: [0]
2013-11-20 10:57:02,544: DEBUG: GoGo-Total-Output-Octets: [8256144]
2013-11-20 10:57:02,544: DEBUG: GoGo-Acct-Input-Voice-Octets: [0]
2013-11-20 10:57:02,544: DEBUG: GoGo-Total-Input-Voice-Packets: [0]
2013-11-20 10:57:02,544: DEBUG: Called-Station-Id: [u'00:16:3E:6A:44:88']
2013-11-20 10:57:02,544: DEBUG: WISPr-Location-Name: [u'TEST LLC,BA01_01009']
2013-11-20 10:57:02,544: DEBUG: NAS-Identifier: [u'C08386']
2013-11-20 10:57:02,544: DEBUG: Proxy-State: ['3330,3132']
2013-11-20 10:57:02,544: DEBUG: GoGo-Total-Input-Voice-Octets: [0]
2013-11-20 10:57:02,544: DEBUG: Acct-Status-Type: ['Interim-Update']
2013-11-20 10:57:02,544: DEBUG: GoGo-Total-Output-Voice-Gigawords: [0]
2013-11-20 10:57:02,544: DEBUG: GoGo-Airline: [u'BA01']
2013-11-20 10:57:02,544: DEBUG: Acct-Session-Id: [u'AAATestNAS_22-1384925142428-00163E6A4488-1']
2013-11-20 10:57:02,544: DEBUG: Acct-Session-Time: [10]
2013-11-20 10:57:02,545: DEBUG: Acct-Input-Packets: [54967]
2013-11-20 10:57:02,545: DEBUG: Acct-Output-Packets: [79193]
2013-11-20 10:57:02,545: DEBUG: GoGo-Acct-Output-Voice-Packets: [0]
2013-11-20 10:57:02,545: DEBUG: GoGo-Acct-Output-Voice-Octets: [0]
2013-11-20 10:57:02,545: DEBUG: Acct-Output-Gigawords: [0]
2013-11-20 10:57:02,545: DEBUG: GoGo-Total-Output-Voice-Packets: [0]
2013-11-20 10:57:02,545: DEBUG: Acct-Input-Gigawords: [0]
2013-11-20 10:57:02,545: DEBUG: Calling-Station-Id: [u'16:21:31:41:51:82']
2013-11-20 10:57:02,545: DEBUG: NAS-Port-Type: ['Wireless-802.11']
2013-11-20 10:57:02,545: DEBUG: GoGo-Total-Output-Voice-Octets: [0]
2013-11-20 10:57:02,545: DEBUG: GoGo-Private-IP-Address: ['192.168.1.179']
2013-11-20 10:57:02,545: DEBUG: GoGo-Acct-Input-Voice-Gigawords: [0]
2013-11-20 10:57:02,545: DEBUG: GoGo-Total-Input-Packets: [54967]
2013-11-20 10:57:02,545: DEBUG: GoGo-Total-Input-Gigawords: [0]
2013-11-20 10:57:02,545: DEBUG: GoGo-Acct-Input-Voice-Packets: [0]
2013-11-20 10:57:02,546: DEBUG: GoGo-Total-Input-Octets: [7465849]
2013-11-20 10:57:02,546: DEBUG: GoGo-Total-Output-Packets: [79193]
2013-11-20 10:57:02,546: DEBUG: WISPr-Location-ID: [u'airline=BA01,tail=01009,network=']
2013-11-20 10:57:02,546: DEBUG: GoGo-Acct-Output-Voice-Gigawords: [0]
2013-11-20 10:57:02,546: DEBUG: Acct-Input-Octets: [7465849]
2013-11-20 10:57:02,547: DEBUG: 

2013-11-20 10:57:02,547: DEBUG: Received response with following attributes:
2013-11-20 10:57:29,548: DEBUG: 

2013-11-20 10:57:29,548: DEBUG: Creating Accounting Stop Request with the following Attributes:
2013-11-20 10:57:29,548: DEBUG: User-Name: [u'username43@airborne.aircell.com']
2013-11-20 10:57:29,549: DEBUG: GoGo-Tail-Number: [u'01009']
2013-11-20 10:57:29,549: DEBUG: Acct-Output-Octets: [9457225]
2013-11-20 10:57:29,549: DEBUG: NAS-IP-Address: ['10.254.27.1']
2013-11-20 10:57:29,549: DEBUG: GoGo-Total-Output-Gigawords: [0]
2013-11-20 10:57:29,549: DEBUG: Framed-IP-Address: ['10.254.27.173']
2013-11-20 10:57:29,549: DEBUG: GoGo-Total-Input-Voice-Gigawords: [0]
2013-11-20 10:57:29,549: DEBUG: GoGo-Total-Output-Octets: [9457225]
2013-11-20 10:57:29,549: DEBUG: GoGo-Acct-Input-Voice-Octets: [0]
2013-11-20 10:57:29,549: DEBUG: GoGo-Total-Input-Voice-Packets: [0]
2013-11-20 10:57:29,549: DEBUG: Called-Station-Id: [u'00:16:3E:6A:44:88']
2013-11-20 10:57:29,549: DEBUG: WISPr-Location-Name: [u'TEST LLC,BA01_01009']
2013-11-20 10:57:29,549: DEBUG: NAS-Identifier: [u'C08386']
2013-11-20 10:57:29,549: DEBUG: Proxy-State: ['3330,3132']
2013-11-20 10:57:29,549: DEBUG: GoGo-Total-Input-Voice-Octets: [0]
2013-11-20 10:57:29,550: DEBUG: Acct-Status-Type: ['Stop']
2013-11-20 10:57:29,550: DEBUG: GoGo-Total-Output-Voice-Gigawords: [0]
2013-11-20 10:57:29,550: DEBUG: GoGo-Airline: [u'BA01']
2013-11-20 10:57:29,550: DEBUG: Acct-Session-Id: [u'AAATestNAS_22-1384925142428-00163E6A4488-1']
2013-11-20 10:57:29,550: DEBUG: Acct-Session-Time: [27]
2013-11-20 10:57:29,550: DEBUG: Acct-Input-Packets: [6119]
2013-11-20 10:57:29,550: DEBUG: Acct-Output-Packets: [29678]
2013-11-20 10:57:29,550: DEBUG: Acct-Terminate-Cause: ['User-Request']
2013-11-20 10:57:29,550: DEBUG: GoGo-Acct-Output-Voice-Octets: [0]
2013-11-20 10:57:29,550: DEBUG: Acct-Output-Gigawords: [0]
2013-11-20 10:57:29,550: DEBUG: GoGo-Total-Output-Voice-Packets: [0]
2013-11-20 10:57:29,550: DEBUG: Acct-Input-Gigawords: [0]
2013-11-20 10:57:29,550: DEBUG: Calling-Station-Id: [u'16:21:31:41:51:82']
2013-11-20 10:57:29,550: DEBUG: NAS-Port-Type: ['Wireless-802.11']
2013-11-20 10:57:29,551: DEBUG: GoGo-Total-Output-Voice-Octets: [0]
2013-11-20 10:57:29,551: DEBUG: GoGo-Private-IP-Address: ['192.168.1.179']
2013-11-20 10:57:29,551: DEBUG: GoGo-Acct-Input-Voice-Gigawords: [0]
2013-11-20 10:57:29,551: DEBUG: GoGo-Total-Input-Packets: [6119]
2013-11-20 10:57:29,551: DEBUG: GoGo-Total-Input-Gigawords: [0]
2013-11-20 10:57:29,551: DEBUG: GoGo-Acct-Input-Voice-Packets: [0]
2013-11-20 10:57:29,551: DEBUG: GoGo-Total-Input-Octets: [4091235]
2013-11-20 10:57:29,551: DEBUG: GoGo-Total-Output-Packets: [29678]
2013-11-20 10:57:29,551: DEBUG: WISPr-Location-ID: [u'airline=BA01,tail=01009,network=']
2013-11-20 10:57:29,551: DEBUG: GoGo-Acct-Output-Voice-Packets: [0]
2013-11-20 10:57:29,551: DEBUG: GoGo-Acct-Output-Voice-Gigawords: [0]
2013-11-20 10:57:29,551: DEBUG: Acct-Input-Octets: [4091235]
2013-11-20 10:57:29,553: DEBUG: 

2013-11-20 10:57:29,553: DEBUG: Received response with following attributes:
2013-11-20 10:57:29,553: DEBUG: Ending the test for this user
2013-11-20 10:57:30,508: DEBUG: Starting the client for the user username43@airborne.aircell.com to the server localhost

2013-11-20 10:57:30,508: DEBUG: DURATION of the TEST: 77
2013-11-20 10:57:30,508: DEBUG: NAS-IP: 10.254.166.1
2013-11-20 10:57:30,509: DEBUG: NAS-MAC-ADDR: 18:21:31:41:52:42
2013-11-20 10:57:30,509: DEBUG: Abruptly End: True
2013-11-20 10:57:30,509: DEBUG: Framed-IP: 10.254.166.19
2013-11-20 10:57:30,509: DEBUG: User-MAC-Addr: 00:16:3E:21:21:5B
2013-11-20 10:57:30,509: DEBUG: 

2013-11-20 10:57:30,510: DEBUG: Creating Authentication Request with the following Attributes:
2013-11-20 10:57:30,510: DEBUG: NAS-Identifier: [u'C08386']
2013-11-20 10:57:30,510: DEBUG: User-Name: [u'username43@airborne.aircell.com']
2013-11-20 10:57:30,510: DEBUG: NAS-IP-Address: ['10.254.166.1']
2013-11-20 10:57:30,510: DEBUG: Service-Type: ['Authenticate-Only']
2013-11-20 10:57:30,510: DEBUG: Proxy-State: ['3237,3134']
2013-11-20 10:57:30,511: DEBUG: Framed-IP-Address: ['10.254.166.19']
2013-11-20 10:57:30,511: DEBUG: GoGo-Airline: [u'BA01']
2013-11-20 10:57:30,511: DEBUG: Acct-Session-Id: [u'AAATestNAS_161-1384925250509-00163E21215B-2']
2013-11-20 10:57:30,511: DEBUG: GoGo-Tail-Number: [u'AAATestNAS_161']
2013-11-20 10:57:30,511: DEBUG: GoGo-Private-IP-Address: ['192.168.1.179']
2013-11-20 10:57:30,511: DEBUG: WISPr-Location-ID: [u'airline=BA01,tail=01009,network=']
2013-11-20 10:57:30,511: DEBUG: WISPr-Location-Name: [u'TEST LLC,BA01_01009']
2013-11-20 10:57:30,511: DEBUG: NAS-Port-Type: ['Wireless-802.11']
2013-11-20 10:57:30,511: DEBUG: Called-Station-Id: [u'00:16:3E:21:21:5B']
2013-11-20 10:57:30,512: DEBUG: Calling-Station-Id: [u'18:21:31:41:52:42']
2013-11-20 10:57:30,513: DEBUG: 

2013-11-20 10:57:30,513: DEBUG: Received response with code: 2, Accepted
2013-11-20 10:57:30,513: DEBUG: Creating Authentication Request with the following Attributes:
2013-11-20 10:57:30,513: DEBUG: NAS-Identifier: [u'C08386']
2013-11-20 10:57:30,513: DEBUG: User-Name: [u'username43@airborne.aircell.com']
2013-11-20 10:57:30,513: DEBUG: NAS-IP-Address: ['10.254.166.1']
2013-11-20 10:57:30,513: DEBUG: Service-Type: ['Login-User']
2013-11-20 10:57:30,514: DEBUG: Proxy-State: ['3237,3134']
2013-11-20 10:57:30,514: DEBUG: Framed-IP-Address: ['10.254.166.19']
2013-11-20 10:57:30,514: DEBUG: GoGo-Airline: [u'BA01']
2013-11-20 10:57:30,514: DEBUG: Acct-Session-Id: [u'AAATestNAS_161-1384925250513-00163E21215B-2']
2013-11-20 10:57:30,514: DEBUG: GoGo-Tail-Number: [u'AAATestNAS_161']
2013-11-20 10:57:30,514: DEBUG: GoGo-Private-IP-Address: ['192.168.1.179']
2013-11-20 10:57:30,514: DEBUG: WISPr-Location-ID: [u'airline=BA01,tail=01009,network=']
2013-11-20 10:57:30,514: DEBUG: WISPr-Location-Name: [u'TEST LLC,BA01_01009']
2013-11-20 10:57:30,514: DEBUG: NAS-Port-Type: ['Wireless-802.11']
2013-11-20 10:57:30,514: DEBUG: Called-Station-Id: [u'00:16:3E:21:21:5B']
2013-11-20 10:57:30,515: DEBUG: Calling-Station-Id: [u'18:21:31:41:52:42']
2013-11-20 10:57:30,515: DEBUG: 

2013-11-20 10:57:30,516: DEBUG: Received response with code: 2, Accepted
2013-11-20 10:57:30,516: DEBUG: 

2013-11-20 10:57:30,516: DEBUG: Creating Accounting start Request with the following Attributes:
2013-11-20 10:57:30,516: DEBUG: NAS-Identifier: [u'C08386']
2013-11-20 10:57:30,516: DEBUG: User-Name: [u'username43@airborne.aircell.com']
2013-11-20 10:57:30,516: DEBUG: GoGo-Tail-Number: [u'AAATestNAS_161']
2013-11-20 10:57:30,516: DEBUG: NAS-IP-Address: ['10.254.166.1']
2013-11-20 10:57:30,517: DEBUG: Proxy-State: ['3239,3131']
2013-11-20 10:57:30,517: DEBUG: Acct-Status-Type: ['Start']
2013-11-20 10:57:30,517: DEBUG: GoGo-Airline: [u'BA01']
2013-11-20 10:57:30,517: DEBUG: Acct-Session-Id: [u'AAATestNAS_161-1384925250513-00163E21215B-2']
2013-11-20 10:57:30,517: DEBUG: GoGo-Private-IP-Address: ['192.168.1.179']
2013-11-20 10:57:30,517: DEBUG: Framed-IP-Address: ['10.254.166.19']
2013-11-20 10:57:30,517: DEBUG: WISPr-Location-ID: [u'airline=BA01,tail=01009,network=']
2013-11-20 10:57:30,517: DEBUG: WISPr-Location-Name: [u'TEST LLC,BA01_01009']
2013-11-20 10:57:30,517: DEBUG: NAS-Port-Type: ['Wireless-802.11']
2013-11-20 10:57:30,518: DEBUG: Called-Station-Id: [u'00:16:3E:21:21:5B']
2013-11-20 10:57:30,518: DEBUG: Calling-Station-Id: [u'18:21:31:41:52:42']
2013-11-20 10:57:30,519: DEBUG: 

2013-11-20 10:57:30,519: DEBUG: Received response with following attributes:
2013-11-20 10:57:40,520: DEBUG: 

2013-11-20 10:57:40,521: DEBUG: Creating Accounting Update Request with the following Attributes:
2013-11-20 10:57:40,521: DEBUG: User-Name: [u'username43@airborne.aircell.com']
2013-11-20 10:57:40,521: DEBUG: GoGo-Tail-Number: [u'AAATestNAS_161']
2013-11-20 10:57:40,522: DEBUG: Acct-Output-Octets: [9482480]
2013-11-20 10:57:40,522: DEBUG: NAS-IP-Address: ['10.254.166.1']
2013-11-20 10:57:40,522: DEBUG: GoGo-Total-Output-Gigawords: [0]
2013-11-20 10:57:40,522: DEBUG: Framed-IP-Address: ['10.254.166.19']
2013-11-20 10:57:40,522: DEBUG: GoGo-Total-Input-Voice-Gigawords: [0]
2013-11-20 10:57:40,522: DEBUG: GoGo-Total-Output-Octets: [9482480]
2013-11-20 10:57:40,522: DEBUG: GoGo-Acct-Input-Voice-Octets: [0]
2013-11-20 10:57:40,523: DEBUG: GoGo-Total-Input-Voice-Packets: [0]
2013-11-20 10:57:40,523: DEBUG: Called-Station-Id: [u'00:16:3E:21:21:5B']
2013-11-20 10:57:40,523: DEBUG: WISPr-Location-Name: [u'TEST LLC,BA01_01009']
2013-11-20 10:57:40,523: DEBUG: NAS-Identifier: [u'C08386']
2013-11-20 10:57:40,523: DEBUG: Proxy-State: ['3330,3132']
2013-11-20 10:57:40,523: DEBUG: GoGo-Total-Input-Voice-Octets: [0]
2013-11-20 10:57:40,524: DEBUG: Acct-Status-Type: ['Interim-Update']
2013-11-20 10:57:40,524: DEBUG: GoGo-Total-Output-Voice-Gigawords: [0]
2013-11-20 10:57:40,524: DEBUG: GoGo-Airline: [u'BA01']
2013-11-20 10:57:40,524: DEBUG: Acct-Session-Id: [u'AAATestNAS_161-1384925250513-00163E21215B-2']
2013-11-20 10:57:40,524: DEBUG: Acct-Session-Time: [10]
2013-11-20 10:57:40,524: DEBUG: Acct-Input-Packets: [41579]
2013-11-20 10:57:40,524: DEBUG: Acct-Output-Packets: [76125]
2013-11-20 10:57:40,525: DEBUG: GoGo-Acct-Output-Voice-Packets: [0]
2013-11-20 10:57:40,525: DEBUG: GoGo-Acct-Output-Voice-Octets: [0]
2013-11-20 10:57:40,525: DEBUG: Acct-Output-Gigawords: [0]
2013-11-20 10:57:40,525: DEBUG: GoGo-Total-Output-Voice-Packets: [0]
2013-11-20 10:57:40,525: DEBUG: Acct-Input-Gigawords: [0]
2013-11-20 10:57:40,525: DEBUG: Calling-Station-Id: [u'18:21:31:41:52:42']
2013-11-20 10:57:40,525: DEBUG: NAS-Port-Type: ['Wireless-802.11']
2013-11-20 10:57:40,525: DEBUG: GoGo-Total-Output-Voice-Octets: [0]
2013-11-20 10:57:40,526: DEBUG: GoGo-Private-IP-Address: ['192.168.1.179']
2013-11-20 10:57:40,526: DEBUG: GoGo-Acct-Input-Voice-Gigawords: [0]
2013-11-20 10:57:40,526: DEBUG: GoGo-Total-Input-Packets: [41579]
2013-11-20 10:57:40,526: DEBUG: GoGo-Total-Input-Gigawords: [0]
2013-11-20 10:57:40,526: DEBUG: GoGo-Acct-Input-Voice-Packets: [0]
2013-11-20 10:57:40,526: DEBUG: GoGo-Total-Input-Octets: [5060599]
2013-11-20 10:57:40,526: DEBUG: GoGo-Total-Output-Packets: [76125]
2013-11-20 10:57:40,527: DEBUG: WISPr-Location-ID: [u'airline=BA01,tail=01009,network=']
2013-11-20 10:57:40,527: DEBUG: GoGo-Acct-Output-Voice-Gigawords: [0]
2013-11-20 10:57:40,527: DEBUG: Acct-Input-Octets: [5060599]
2013-11-20 10:57:40,527: ERROR: Network error, Reason: 'Network error: Too many open files'
2013-11-20 10:57:40,527: DEBUG: User has abruptly end flag so ending the test with out AcctStop
2013-11-20 10:57:40,527: DEBUG: Ending the test for this user
