2013-11-20 10:57:25,507: DEBUG: Starting the client for the user username2@airborne.aircell.com to the server localhost

2013-11-20 10:57:25,508: DEBUG: DURATION of the TEST: 93
2013-11-20 10:57:25,508: DEBUG: NAS-IP: 10.254.7.1
2013-11-20 10:57:25,508: DEBUG: NAS-MAC-ADDR: 16:21:31:41:51:62
2013-11-20 10:57:25,508: DEBUG: Abruptly End: True
2013-11-20 10:57:25,508: DEBUG: Framed-IP: 10.254.7.26
2013-11-20 10:57:25,508: DEBUG: User-MAC-Addr: 00:16:3E:27:DC:B9
2013-11-20 10:57:25,509: DEBUG: 

2013-11-20 10:57:25,509: DEBUG: Creating Authentication Request with the following Attributes:
2013-11-20 10:57:25,510: DEBUG: NAS-Identifier: [u'C08386']
2013-11-20 10:57:25,510: DEBUG: User-Name: [u'username2@airborne.aircell.com']
2013-11-20 10:57:25,510: DEBUG: NAS-IP-Address: ['10.254.7.1']
2013-11-20 10:57:25,510: DEBUG: Service-Type: ['Authenticate-Only']
2013-11-20 10:57:25,511: DEBUG: Proxy-State: ['3237,3134']
2013-11-20 10:57:25,511: DEBUG: Framed-IP-Address: ['10.254.7.26']
2013-11-20 10:57:25,511: DEBUG: GoGo-Airline: [u'BA01']
2013-11-20 10:57:25,511: DEBUG: Acct-Session-Id: [u'AAATestNAS_2-1384925245509-00163E27DCB9-2']
2013-11-20 10:57:25,511: DEBUG: GoGo-Tail-Number: [u'AAATestNAS_2']
2013-11-20 10:57:25,512: DEBUG: GoGo-Private-IP-Address: ['192.168.1.179']
2013-11-20 10:57:25,512: DEBUG: WISPr-Location-ID: [u'airline=BA01,tail=01009,network=']
2013-11-20 10:57:25,512: DEBUG: WISPr-Location-Name: [u'TEST LLC,BA01_01009']
2013-11-20 10:57:25,512: DEBUG: NAS-Port-Type: ['Wireless-802.11']
2013-11-20 10:57:25,512: DEBUG: Called-Station-Id: [u'00:16:3E:27:DC:B9']
2013-11-20 10:57:25,513: DEBUG: Calling-Station-Id: [u'16:21:31:41:51:62']
2013-11-20 10:57:25,514: DEBUG: 

2013-11-20 10:57:25,514: DEBUG: Received response with code: 2, Accepted
2013-11-20 10:57:25,514: DEBUG: Creating Authentication Request with the following Attributes:
2013-11-20 10:57:25,515: DEBUG: NAS-Identifier: [u'C08386']
2013-11-20 10:57:25,515: DEBUG: User-Name: [u'username2@airborne.aircell.com']
2013-11-20 10:57:25,515: DEBUG: NAS-IP-Address: ['10.254.7.1']
2013-11-20 10:57:25,515: DEBUG: Service-Type: ['Login-User']
2013-11-20 10:57:25,515: DEBUG: Proxy-State: ['3237,3134']
2013-11-20 10:57:25,515: DEBUG: Framed-IP-Address: ['10.254.7.26']
2013-11-20 10:57:25,515: DEBUG: GoGo-Airline: [u'BA01']
2013-11-20 10:57:25,516: DEBUG: Acct-Session-Id: [u'AAATestNAS_2-1384925245514-00163E27DCB9-2']
2013-11-20 10:57:25,516: DEBUG: GoGo-Tail-Number: [u'AAATestNAS_2']
2013-11-20 10:57:25,516: DEBUG: GoGo-Private-IP-Address: ['192.168.1.179']
2013-11-20 10:57:25,516: DEBUG: WISPr-Location-ID: [u'airline=BA01,tail=01009,network=']
2013-11-20 10:57:25,516: DEBUG: WISPr-Location-Name: [u'TEST LLC,BA01_01009']
2013-11-20 10:57:25,516: DEBUG: NAS-Port-Type: ['Wireless-802.11']
2013-11-20 10:57:25,516: DEBUG: Called-Station-Id: [u'00:16:3E:27:DC:B9']
2013-11-20 10:57:25,517: DEBUG: Calling-Station-Id: [u'16:21:31:41:51:62']
2013-11-20 10:57:25,518: DEBUG: 

2013-11-20 10:57:25,518: DEBUG: Received response with code: 2, Accepted
2013-11-20 10:57:25,519: DEBUG: 

2013-11-20 10:57:25,519: DEBUG: Creating Accounting start Request with the following Attributes:
2013-11-20 10:57:25,520: DEBUG: NAS-Identifier: [u'C08386']
2013-11-20 10:57:25,520: DEBUG: User-Name: [u'username2@airborne.aircell.com']
2013-11-20 10:57:25,520: DEBUG: GoGo-Tail-Number: [u'AAATestNAS_2']
2013-11-20 10:57:25,521: DEBUG: NAS-IP-Address: ['10.254.7.1']
2013-11-20 10:57:25,521: DEBUG: Proxy-State: ['3239,3131']
2013-11-20 10:57:25,522: DEBUG: Acct-Status-Type: ['Start']
2013-11-20 10:57:25,522: DEBUG: GoGo-Airline: [u'BA01']
2013-11-20 10:57:25,523: DEBUG: Acct-Session-Id: [u'AAATestNAS_2-1384925245514-00163E27DCB9-2']
2013-11-20 10:57:25,523: DEBUG: GoGo-Private-IP-Address: ['192.168.1.179']
2013-11-20 10:57:25,523: DEBUG: Framed-IP-Address: ['10.254.7.26']
2013-11-20 10:57:25,524: DEBUG: WISPr-Location-ID: [u'airline=BA01,tail=01009,network=']
2013-11-20 10:57:25,524: DEBUG: WISPr-Location-Name: [u'TEST LLC,BA01_01009']
2013-11-20 10:57:25,525: DEBUG: NAS-Port-Type: ['Wireless-802.11']
2013-11-20 10:57:25,525: DEBUG: Called-Station-Id: [u'00:16:3E:27:DC:B9']
2013-11-20 10:57:25,525: DEBUG: Calling-Station-Id: [u'16:21:31:41:51:62']
2013-11-20 10:57:25,528: DEBUG: 

2013-11-20 10:57:25,529: DEBUG: Received response with following attributes:
2013-11-20 10:57:35,532: DEBUG: 

2013-11-20 10:57:35,532: DEBUG: Creating Accounting Update Request with the following Attributes:
2013-11-20 10:57:35,532: DEBUG: User-Name: [u'username2@airborne.aircell.com']
2013-11-20 10:57:35,533: DEBUG: GoGo-Tail-Number: [u'AAATestNAS_2']
2013-11-20 10:57:35,533: DEBUG: Acct-Output-Octets: [8268394]
2013-11-20 10:57:35,533: DEBUG: NAS-IP-Address: ['10.254.7.1']
2013-11-20 10:57:35,533: DEBUG: GoGo-Total-Output-Gigawords: [0]
2013-11-20 10:57:35,533: DEBUG: Framed-IP-Address: ['10.254.7.26']
2013-11-20 10:57:35,533: DEBUG: GoGo-Total-Input-Voice-Gigawords: [0]
2013-11-20 10:57:35,533: DEBUG: GoGo-Total-Output-Octets: [8268394]
2013-11-20 10:57:35,534: DEBUG: GoGo-Acct-Input-Voice-Octets: [0]
2013-11-20 10:57:35,534: DEBUG: GoGo-Total-Input-Voice-Packets: [0]
2013-11-20 10:57:35,534: DEBUG: Called-Station-Id: [u'00:16:3E:27:DC:B9']
2013-11-20 10:57:35,534: DEBUG: WISPr-Location-Name: [u'TEST LLC,BA01_01009']
2013-11-20 10:57:35,534: DEBUG: NAS-Identifier: [u'C08386']
2013-11-20 10:57:35,534: DEBUG: Proxy-State: ['3330,3132']
2013-11-20 10:57:35,534: DEBUG: GoGo-Total-Input-Voice-Octets: [0]
2013-11-20 10:57:35,535: DEBUG: Acct-Status-Type: ['Interim-Update']
2013-11-20 10:57:35,535: DEBUG: GoGo-Total-Output-Voice-Gigawords: [0]
2013-11-20 10:57:35,535: DEBUG: GoGo-Airline: [u'BA01']
2013-11-20 10:57:35,535: DEBUG: Acct-Session-Id: [u'AAATestNAS_2-1384925245514-00163E27DCB9-2']
2013-11-20 10:57:35,535: DEBUG: Acct-Session-Time: [10]
2013-11-20 10:57:35,535: DEBUG: Acct-Input-Packets: [16557]
2013-11-20 10:57:35,535: DEBUG: Acct-Output-Packets: [47628]
2013-11-20 10:57:35,536: DEBUG: GoGo-Acct-Output-Voice-Packets: [0]
2013-11-20 10:57:35,536: DEBUG: GoGo-Acct-Output-Voice-Octets: [0]
2013-11-20 10:57:35,536: DEBUG: Acct-Output-Gigawords: [0]
2013-11-20 10:57:35,536: DEBUG: GoGo-Total-Output-Voice-Packets: [0]
2013-11-20 10:57:35,536: DEBUG: Acct-Input-Gigawords: [0]
2013-11-20 10:57:35,536: DEBUG: Calling-Station-Id: [u'16:21:31:41:51:62']
2013-11-20 10:57:35,536: DEBUG: NAS-Port-Type: ['Wireless-802.11']
2013-11-20 10:57:35,536: DEBUG: GoGo-Total-Output-Voice-Octets: [0]
2013-11-20 10:57:35,537: DEBUG: GoGo-Private-IP-Address: ['192.168.1.179']
2013-11-20 10:57:35,537: DEBUG: GoGo-Acct-Input-Voice-Gigawords: [0]
2013-11-20 10:57:35,537: DEBUG: GoGo-Total-Input-Packets: [16557]
2013-11-20 10:57:35,537: DEBUG: GoGo-Total-Input-Gigawords: [0]
2013-11-20 10:57:35,537: DEBUG: GoGo-Acct-Input-Voice-Packets: [0]
2013-11-20 10:57:35,537: DEBUG: GoGo-Total-Input-Octets: [8675281]
2013-11-20 10:57:35,537: DEBUG: GoGo-Total-Output-Packets: [47628]
2013-11-20 10:57:35,537: DEBUG: WISPr-Location-ID: [u'airline=BA01,tail=01009,network=']
2013-11-20 10:57:35,538: DEBUG: GoGo-Acct-Output-Voice-Gigawords: [0]
2013-11-20 10:57:35,538: DEBUG: Acct-Input-Octets: [8675281]
2013-11-20 10:57:35,538: ERROR: Network error, Reason: 'Network error: Too many open files'
2013-11-20 10:57:45,538: DEBUG: 

2013-11-20 10:57:45,539: DEBUG: Creating Accounting Update Request with the following Attributes:
2013-11-20 10:57:45,541: DEBUG: User-Name: [u'username2@airborne.aircell.com']
2013-11-20 10:57:45,541: DEBUG: GoGo-Tail-Number: [u'AAATestNAS_2']
2013-11-20 10:57:45,542: DEBUG: Acct-Output-Octets: [7914972]
2013-11-20 10:57:45,542: DEBUG: NAS-IP-Address: ['10.254.7.1']
2013-11-20 10:57:45,543: DEBUG: GoGo-Total-Output-Gigawords: [0]
2013-11-20 10:57:45,544: DEBUG: Framed-IP-Address: ['10.254.7.26']
2013-11-20 10:57:45,544: DEBUG: GoGo-Total-Input-Voice-Gigawords: [0]
2013-11-20 10:57:45,544: DEBUG: GoGo-Total-Output-Octets: [7914972]
2013-11-20 10:57:45,544: DEBUG: GoGo-Acct-Input-Voice-Octets: [0]
2013-11-20 10:57:45,544: DEBUG: GoGo-Total-Input-Voice-Packets: [0]
2013-11-20 10:57:45,544: DEBUG: Called-Station-Id: [u'00:16:3E:27:DC:B9']
2013-11-20 10:57:45,545: DEBUG: WISPr-Location-Name: [u'TEST LLC,BA01_01009']
2013-11-20 10:57:45,545: DEBUG: NAS-Identifier: [u'C08386']
2013-11-20 10:57:45,545: DEBUG: Proxy-State: ['3330,3132']
2013-11-20 10:57:45,545: DEBUG: GoGo-Total-Input-Voice-Octets: [0]
2013-11-20 10:57:45,545: DEBUG: Acct-Status-Type: ['Interim-Update']
2013-11-20 10:57:45,545: DEBUG: GoGo-Total-Output-Voice-Gigawords: [0]
2013-11-20 10:57:45,545: DEBUG: GoGo-Airline: [u'BA01']
2013-11-20 10:57:45,546: DEBUG: Acct-Session-Id: [u'AAATestNAS_2-1384925245514-00163E27DCB9-2']
2013-11-20 10:57:45,546: DEBUG: Acct-Session-Time: [10]
2013-11-20 10:57:45,546: DEBUG: Acct-Input-Packets: [62941]
2013-11-20 10:57:45,546: DEBUG: Acct-Output-Packets: [60539]
2013-11-20 10:57:45,546: DEBUG: GoGo-Acct-Output-Voice-Packets: [0]
2013-11-20 10:57:45,546: DEBUG: GoGo-Acct-Output-Voice-Octets: [0]
2013-11-20 10:57:45,546: DEBUG: Acct-Output-Gigawords: [0]
2013-11-20 10:57:45,547: DEBUG: GoGo-Total-Output-Voice-Packets: [0]
2013-11-20 10:57:45,547: DEBUG: Acct-Input-Gigawords: [0]
2013-11-20 10:57:45,547: DEBUG: Calling-Station-Id: [u'16:21:31:41:51:62']
2013-11-20 10:57:45,547: DEBUG: NAS-Port-Type: ['Wireless-802.11']
2013-11-20 10:57:45,547: DEBUG: GoGo-Total-Output-Voice-Octets: [0]
2013-11-20 10:57:45,547: DEBUG: GoGo-Private-IP-Address: ['192.168.1.179']
2013-11-20 10:57:45,547: DEBUG: GoGo-Acct-Input-Voice-Gigawords: [0]
2013-11-20 10:57:45,548: DEBUG: GoGo-Total-Input-Packets: [62941]
2013-11-20 10:57:45,548: DEBUG: GoGo-Total-Input-Gigawords: [0]
2013-11-20 10:57:45,548: DEBUG: GoGo-Acct-Input-Voice-Packets: [0]
2013-11-20 10:57:45,548: DEBUG: GoGo-Total-Input-Octets: [8465571]
2013-11-20 10:57:45,548: DEBUG: GoGo-Total-Output-Packets: [60539]
2013-11-20 10:57:45,548: DEBUG: WISPr-Location-ID: [u'airline=BA01,tail=01009,network=']
2013-11-20 10:57:45,548: DEBUG: GoGo-Acct-Output-Voice-Gigawords: [0]
2013-11-20 10:57:45,548: DEBUG: Acct-Input-Octets: [8465571]
2013-11-20 10:57:45,550: DEBUG: 

2013-11-20 10:57:45,550: DEBUG: Received response with following attributes:
2013-11-20 10:57:55,551: DEBUG: 

2013-11-20 10:57:55,552: DEBUG: Creating Accounting Update Request with the following Attributes:
2013-11-20 10:57:55,553: DEBUG: User-Name: [u'username2@airborne.aircell.com']
2013-11-20 10:57:55,553: DEBUG: GoGo-Tail-Number: [u'AAATestNAS_2']
2013-11-20 10:57:55,554: DEBUG: Acct-Output-Octets: [7865980]
2013-11-20 10:57:55,554: DEBUG: NAS-IP-Address: ['10.254.7.1']
2013-11-20 10:57:55,554: DEBUG: GoGo-Total-Output-Gigawords: [0]
2013-11-20 10:57:55,554: DEBUG: Framed-IP-Address: ['10.254.7.26']
2013-11-20 10:57:55,555: DEBUG: GoGo-Total-Input-Voice-Gigawords: [0]
2013-11-20 10:57:55,555: DEBUG: GoGo-Total-Output-Octets: [7865980]
2013-11-20 10:57:55,555: DEBUG: GoGo-Acct-Input-Voice-Octets: [0]
2013-11-20 10:57:55,556: DEBUG: GoGo-Total-Input-Voice-Packets: [0]
2013-11-20 10:57:55,556: DEBUG: Called-Station-Id: [u'00:16:3E:27:DC:B9']
2013-11-20 10:57:55,556: DEBUG: WISPr-Location-Name: [u'TEST LLC,BA01_01009']
2013-11-20 10:57:55,556: DEBUG: NAS-Identifier: [u'C08386']
2013-11-20 10:57:55,557: DEBUG: Proxy-State: ['3330,3132']
2013-11-20 10:57:55,557: DEBUG: GoGo-Total-Input-Voice-Octets: [0]
2013-11-20 10:57:55,557: DEBUG: Acct-Status-Type: ['Interim-Update']
2013-11-20 10:57:55,557: DEBUG: GoGo-Total-Output-Voice-Gigawords: [0]
2013-11-20 10:57:55,558: DEBUG: GoGo-Airline: [u'BA01']
2013-11-20 10:57:55,558: DEBUG: Acct-Session-Id: [u'AAATestNAS_2-1384925245514-00163E27DCB9-2']
2013-11-20 10:57:55,558: DEBUG: Acct-Session-Time: [10]
2013-11-20 10:57:55,558: DEBUG: Acct-Input-Packets: [9245]
2013-11-20 10:57:55,559: DEBUG: Acct-Output-Packets: [30842]
2013-11-20 10:57:55,559: DEBUG: GoGo-Acct-Output-Voice-Packets: [0]
2013-11-20 10:57:55,559: DEBUG: GoGo-Acct-Output-Voice-Octets: [0]
2013-11-20 10:57:55,559: DEBUG: Acct-Output-Gigawords: [0]
2013-11-20 10:57:55,559: DEBUG: GoGo-Total-Output-Voice-Packets: [0]
2013-11-20 10:57:55,560: DEBUG: Acct-Input-Gigawords: [0]
2013-11-20 10:57:55,560: DEBUG: Calling-Station-Id: [u'16:21:31:41:51:62']
2013-11-20 10:57:55,560: DEBUG: NAS-Port-Type: ['Wireless-802.11']
2013-11-20 10:57:55,560: DEBUG: GoGo-Total-Output-Voice-Octets: [0]
2013-11-20 10:57:55,560: DEBUG: GoGo-Private-IP-Address: ['192.168.1.179']
2013-11-20 10:57:55,561: DEBUG: GoGo-Acct-Input-Voice-Gigawords: [0]
2013-11-20 10:57:55,561: DEBUG: GoGo-Total-Input-Packets: [9245]
2013-11-20 10:57:55,561: DEBUG: GoGo-Total-Input-Gigawords: [0]
2013-11-20 10:57:55,561: DEBUG: GoGo-Acct-Input-Voice-Packets: [0]
2013-11-20 10:57:55,561: DEBUG: GoGo-Total-Input-Octets: [1055370]
2013-11-20 10:57:55,562: DEBUG: GoGo-Total-Output-Packets: [30842]
2013-11-20 10:57:55,562: DEBUG: WISPr-Location-ID: [u'airline=BA01,tail=01009,network=']
2013-11-20 10:57:55,562: DEBUG: GoGo-Acct-Output-Voice-Gigawords: [0]
2013-11-20 10:57:55,562: DEBUG: Acct-Input-Octets: [1055370]
2013-11-20 10:57:55,562: ERROR: Network error, Reason: 'Network error: Too many open files'
2013-11-20 10:58:05,564: DEBUG: 

2013-11-20 10:58:05,564: DEBUG: Creating Accounting Update Request with the following Attributes:
2013-11-20 10:58:05,564: DEBUG: User-Name: [u'username2@airborne.aircell.com']
2013-11-20 10:58:05,564: DEBUG: GoGo-Tail-Number: [u'AAATestNAS_2']
2013-11-20 10:58:05,565: DEBUG: Acct-Output-Octets: [9525247]
2013-11-20 10:58:05,565: DEBUG: NAS-IP-Address: ['10.254.7.1']
2013-11-20 10:58:05,565: DEBUG: GoGo-Total-Output-Gigawords: [0]
2013-11-20 10:58:05,565: DEBUG: Framed-IP-Address: ['10.254.7.26']
2013-11-20 10:58:05,565: DEBUG: GoGo-Total-Input-Voice-Gigawords: [0]
2013-11-20 10:58:05,565: DEBUG: GoGo-Total-Output-Octets: [9525247]
2013-11-20 10:58:05,565: DEBUG: GoGo-Acct-Input-Voice-Octets: [0]
2013-11-20 10:58:05,566: DEBUG: GoGo-Total-Input-Voice-Packets: [0]
2013-11-20 10:58:05,566: DEBUG: Called-Station-Id: [u'00:16:3E:27:DC:B9']
2013-11-20 10:58:05,566: DEBUG: WISPr-Location-Name: [u'TEST LLC,BA01_01009']
2013-11-20 10:58:05,566: DEBUG: NAS-Identifier: [u'C08386']
2013-11-20 10:58:05,566: DEBUG: Proxy-State: ['3330,3132']
2013-11-20 10:58:05,566: DEBUG: GoGo-Total-Input-Voice-Octets: [0]
2013-11-20 10:58:05,566: DEBUG: Acct-Status-Type: ['Interim-Update']
2013-11-20 10:58:05,567: DEBUG: GoGo-Total-Output-Voice-Gigawords: [0]
2013-11-20 10:58:05,567: DEBUG: GoGo-Airline: [u'BA01']
2013-11-20 10:58:05,567: DEBUG: Acct-Session-Id: [u'AAATestNAS_2-1384925245514-00163E27DCB9-2']
2013-11-20 10:58:05,567: DEBUG: Acct-Session-Time: [10]
2013-11-20 10:58:05,567: DEBUG: Acct-Input-Packets: [12975]
2013-11-20 10:58:05,567: DEBUG: Acct-Output-Packets: [71324]
2013-11-20 10:58:05,568: DEBUG: GoGo-Acct-Output-Voice-Packets: [0]
2013-11-20 10:58:05,568: DEBUG: GoGo-Acct-Output-Voice-Octets: [0]
2013-11-20 10:58:05,568: DEBUG: Acct-Output-Gigawords: [0]
2013-11-20 10:58:05,568: DEBUG: GoGo-Total-Output-Voice-Packets: [0]
2013-11-20 10:58:05,568: DEBUG: Acct-Input-Gigawords: [0]
2013-11-20 10:58:05,568: DEBUG: Calling-Station-Id: [u'16:21:31:41:51:62']
2013-11-20 10:58:05,568: DEBUG: NAS-Port-Type: ['Wireless-802.11']
2013-11-20 10:58:05,568: DEBUG: GoGo-Total-Output-Voice-Octets: [0]
2013-11-20 10:58:05,569: DEBUG: GoGo-Private-IP-Address: ['192.168.1.179']
2013-11-20 10:58:05,569: DEBUG: GoGo-Acct-Input-Voice-Gigawords: [0]
2013-11-20 10:58:05,569: DEBUG: GoGo-Total-Input-Packets: [12975]
2013-11-20 10:58:05,570: DEBUG: GoGo-Total-Input-Gigawords: [0]
2013-11-20 10:58:05,570: DEBUG: GoGo-Acct-Input-Voice-Packets: [0]
2013-11-20 10:58:05,571: DEBUG: GoGo-Total-Input-Octets: [2979216]
2013-11-20 10:58:05,571: DEBUG: GoGo-Total-Output-Packets: [71324]
2013-11-20 10:58:05,571: DEBUG: WISPr-Location-ID: [u'airline=BA01,tail=01009,network=']
2013-11-20 10:58:05,572: DEBUG: GoGo-Acct-Output-Voice-Gigawords: [0]
2013-11-20 10:58:05,572: DEBUG: Acct-Input-Octets: [2979216]
2013-11-20 10:58:05,573: ERROR: Network error, Reason: 'Network error: Too many open files'
2013-11-20 10:58:15,574: DEBUG: 

2013-11-20 10:58:15,576: DEBUG: Creating Accounting Update Request with the following Attributes:
2013-11-20 10:58:15,576: DEBUG: User-Name: [u'username2@airborne.aircell.com']
2013-11-20 10:58:15,577: DEBUG: GoGo-Tail-Number: [u'AAATestNAS_2']
2013-11-20 10:58:15,577: DEBUG: Acct-Output-Octets: [6990822]
2013-11-20 10:58:15,577: DEBUG: NAS-IP-Address: ['10.254.7.1']
2013-11-20 10:58:15,578: DEBUG: GoGo-Total-Output-Gigawords: [0]
2013-11-20 10:58:15,578: DEBUG: Framed-IP-Address: ['10.254.7.26']
2013-11-20 10:58:15,580: DEBUG: GoGo-Total-Input-Voice-Gigawords: [0]
2013-11-20 10:58:15,581: DEBUG: GoGo-Total-Output-Octets: [6990822]
2013-11-20 10:58:15,581: DEBUG: GoGo-Acct-Input-Voice-Octets: [0]
2013-11-20 10:58:15,582: DEBUG: GoGo-Total-Input-Voice-Packets: [0]
2013-11-20 10:58:15,583: DEBUG: Called-Station-Id: [u'00:16:3E:27:DC:B9']
2013-11-20 10:58:15,584: DEBUG: WISPr-Location-Name: [u'TEST LLC,BA01_01009']
2013-11-20 10:58:15,584: DEBUG: NAS-Identifier: [u'C08386']
2013-11-20 10:58:15,585: DEBUG: Proxy-State: ['3330,3132']
2013-11-20 10:58:15,586: DEBUG: GoGo-Total-Input-Voice-Octets: [0]
2013-11-20 10:58:15,587: DEBUG: Acct-Status-Type: ['Interim-Update']
2013-11-20 10:58:15,587: DEBUG: GoGo-Total-Output-Voice-Gigawords: [0]
2013-11-20 10:58:15,588: DEBUG: GoGo-Airline: [u'BA01']
2013-11-20 10:58:15,589: DEBUG: Acct-Session-Id: [u'AAATestNAS_2-1384925245514-00163E27DCB9-2']
2013-11-20 10:58:15,589: DEBUG: Acct-Session-Time: [10]
2013-11-20 10:58:15,590: DEBUG: Acct-Input-Packets: [8235]
2013-11-20 10:58:15,590: DEBUG: Acct-Output-Packets: [13074]
2013-11-20 10:58:15,591: DEBUG: GoGo-Acct-Output-Voice-Packets: [0]
2013-11-20 10:58:15,591: DEBUG: GoGo-Acct-Output-Voice-Octets: [0]
2013-11-20 10:58:15,592: DEBUG: Acct-Output-Gigawords: [0]
2013-11-20 10:58:15,592: DEBUG: GoGo-Total-Output-Voice-Packets: [0]
2013-11-20 10:58:15,593: DEBUG: Acct-Input-Gigawords: [0]
2013-11-20 10:58:15,593: DEBUG: Calling-Station-Id: [u'16:21:31:41:51:62']
2013-11-20 10:58:15,593: DEBUG: NAS-Port-Type: ['Wireless-802.11']
2013-11-20 10:58:15,594: DEBUG: GoGo-Total-Output-Voice-Octets: [0]
2013-11-20 10:58:15,594: DEBUG: GoGo-Private-IP-Address: ['192.168.1.179']
2013-11-20 10:58:15,595: DEBUG: GoGo-Acct-Input-Voice-Gigawords: [0]
2013-11-20 10:58:15,595: DEBUG: GoGo-Total-Input-Packets: [8235]
2013-11-20 10:58:15,595: DEBUG: GoGo-Total-Input-Gigawords: [0]
2013-11-20 10:58:15,595: DEBUG: GoGo-Acct-Input-Voice-Packets: [0]
2013-11-20 10:58:15,595: DEBUG: GoGo-Total-Input-Octets: [1586967]
2013-11-20 10:58:15,595: DEBUG: GoGo-Total-Output-Packets: [13074]
2013-11-20 10:58:15,595: DEBUG: WISPr-Location-ID: [u'airline=BA01,tail=01009,network=']
2013-11-20 10:58:15,596: DEBUG: GoGo-Acct-Output-Voice-Gigawords: [0]
2013-11-20 10:58:15,596: DEBUG: Acct-Input-Octets: [1586967]
2013-11-20 10:58:15,596: ERROR: Network error, Reason: 'Network error: Too many open files'
2013-11-20 10:58:25,596: DEBUG: 

2013-11-20 10:58:25,597: DEBUG: Creating Accounting Update Request with the following Attributes:
2013-11-20 10:58:25,598: DEBUG: User-Name: [u'username2@airborne.aircell.com']
2013-11-20 10:58:25,598: DEBUG: GoGo-Tail-Number: [u'AAATestNAS_2']
2013-11-20 10:58:25,598: DEBUG: Acct-Output-Octets: [9248873]
2013-11-20 10:58:25,599: DEBUG: NAS-IP-Address: ['10.254.7.1']
2013-11-20 10:58:25,599: DEBUG: GoGo-Total-Output-Gigawords: [0]
2013-11-20 10:58:25,599: DEBUG: Framed-IP-Address: ['10.254.7.26']
2013-11-20 10:58:25,600: DEBUG: GoGo-Total-Input-Voice-Gigawords: [0]
2013-11-20 10:58:25,600: DEBUG: GoGo-Total-Output-Octets: [9248873]
2013-11-20 10:58:25,601: DEBUG: GoGo-Acct-Input-Voice-Octets: [0]
2013-11-20 10:58:25,601: DEBUG: GoGo-Total-Input-Voice-Packets: [0]
2013-11-20 10:58:25,601: DEBUG: Called-Station-Id: [u'00:16:3E:27:DC:B9']
2013-11-20 10:58:25,602: DEBUG: WISPr-Location-Name: [u'TEST LLC,BA01_01009']
2013-11-20 10:58:25,602: DEBUG: NAS-Identifier: [u'C08386']
2013-11-20 10:58:25,603: DEBUG: Proxy-State: ['3330,3132']
2013-11-20 10:58:25,603: DEBUG: GoGo-Total-Input-Voice-Octets: [0]
2013-11-20 10:58:25,604: DEBUG: Acct-Status-Type: ['Interim-Update']
2013-11-20 10:58:25,604: DEBUG: GoGo-Total-Output-Voice-Gigawords: [0]
2013-11-20 10:58:25,604: DEBUG: GoGo-Airline: [u'BA01']
2013-11-20 10:58:25,605: DEBUG: Acct-Session-Id: [u'AAATestNAS_2-1384925245514-00163E27DCB9-2']
2013-11-20 10:58:25,605: DEBUG: Acct-Session-Time: [10]
2013-11-20 10:58:25,606: DEBUG: Acct-Input-Packets: [89326]
2013-11-20 10:58:25,606: DEBUG: Acct-Output-Packets: [74424]
2013-11-20 10:58:25,606: DEBUG: GoGo-Acct-Output-Voice-Packets: [0]
2013-11-20 10:58:25,606: DEBUG: GoGo-Acct-Output-Voice-Octets: [0]
2013-11-20 10:58:25,607: DEBUG: Acct-Output-Gigawords: [0]
2013-11-20 10:58:25,607: DEBUG: GoGo-Total-Output-Voice-Packets: [0]
2013-11-20 10:58:25,607: DEBUG: Acct-Input-Gigawords: [0]
2013-11-20 10:58:25,607: DEBUG: Calling-Station-Id: [u'16:21:31:41:51:62']
2013-11-20 10:58:25,607: DEBUG: NAS-Port-Type: ['Wireless-802.11']
2013-11-20 10:58:25,607: DEBUG: GoGo-Total-Output-Voice-Octets: [0]
2013-11-20 10:58:25,607: DEBUG: GoGo-Private-IP-Address: ['192.168.1.179']
2013-11-20 10:58:25,607: DEBUG: GoGo-Acct-Input-Voice-Gigawords: [0]
2013-11-20 10:58:25,608: DEBUG: GoGo-Total-Input-Packets: [89326]
2013-11-20 10:58:25,608: DEBUG: GoGo-Total-Input-Gigawords: [0]
2013-11-20 10:58:25,608: DEBUG: GoGo-Acct-Input-Voice-Packets: [0]
2013-11-20 10:58:25,608: DEBUG: GoGo-Total-Input-Octets: [9357670]
2013-11-20 10:58:25,608: DEBUG: GoGo-Total-Output-Packets: [74424]
2013-11-20 10:58:25,608: DEBUG: WISPr-Location-ID: [u'airline=BA01,tail=01009,network=']
2013-11-20 10:58:25,608: DEBUG: GoGo-Acct-Output-Voice-Gigawords: [0]
2013-11-20 10:58:25,608: DEBUG: Acct-Input-Octets: [9357670]
2013-11-20 10:58:25,609: ERROR: Network error, Reason: 'Network error: Too many open files'
2013-11-20 10:58:35,610: DEBUG: 

2013-11-20 10:58:35,611: DEBUG: Creating Accounting Update Request with the following Attributes:
2013-11-20 10:58:35,612: DEBUG: User-Name: [u'username2@airborne.aircell.com']
2013-11-20 10:58:35,612: DEBUG: GoGo-Tail-Number: [u'AAATestNAS_2']
2013-11-20 10:58:35,613: DEBUG: Acct-Output-Octets: [2102311]
2013-11-20 10:58:35,614: DEBUG: NAS-IP-Address: ['10.254.7.1']
2013-11-20 10:58:35,614: DEBUG: GoGo-Total-Output-Gigawords: [0]
2013-11-20 10:58:35,615: DEBUG: Framed-IP-Address: ['10.254.7.26']
2013-11-20 10:58:35,615: DEBUG: GoGo-Total-Input-Voice-Gigawords: [0]
2013-11-20 10:58:35,616: DEBUG: GoGo-Total-Output-Octets: [2102311]
2013-11-20 10:58:35,616: DEBUG: GoGo-Acct-Input-Voice-Octets: [0]
2013-11-20 10:58:35,617: DEBUG: GoGo-Total-Input-Voice-Packets: [0]
2013-11-20 10:58:35,618: DEBUG: Called-Station-Id: [u'00:16:3E:27:DC:B9']
2013-11-20 10:58:35,619: DEBUG: WISPr-Location-Name: [u'TEST LLC,BA01_01009']
2013-11-20 10:58:35,619: DEBUG: NAS-Identifier: [u'C08386']
2013-11-20 10:58:35,620: DEBUG: Proxy-State: ['3330,3132']
2013-11-20 10:58:35,621: DEBUG: GoGo-Total-Input-Voice-Octets: [0]
2013-11-20 10:58:35,621: DEBUG: Acct-Status-Type: ['Interim-Update']
2013-11-20 10:58:35,622: DEBUG: GoGo-Total-Output-Voice-Gigawords: [0]
2013-11-20 10:58:35,622: DEBUG: GoGo-Airline: [u'BA01']
2013-11-20 10:58:35,623: DEBUG: Acct-Session-Id: [u'AAATestNAS_2-1384925245514-00163E27DCB9-2']
2013-11-20 10:58:35,623: DEBUG: Acct-Session-Time: [10]
2013-11-20 10:58:35,623: DEBUG: Acct-Input-Packets: [18904]
2013-11-20 10:58:35,624: DEBUG: Acct-Output-Packets: [9646]
2013-11-20 10:58:35,624: DEBUG: GoGo-Acct-Output-Voice-Packets: [0]
2013-11-20 10:58:35,624: DEBUG: GoGo-Acct-Output-Voice-Octets: [0]
2013-11-20 10:58:35,624: DEBUG: Acct-Output-Gigawords: [0]
2013-11-20 10:58:35,624: DEBUG: GoGo-Total-Output-Voice-Packets: [0]
2013-11-20 10:58:35,624: DEBUG: Acct-Input-Gigawords: [0]
2013-11-20 10:58:35,625: DEBUG: Calling-Station-Id: [u'16:21:31:41:51:62']
2013-11-20 10:58:35,625: DEBUG: NAS-Port-Type: ['Wireless-802.11']
2013-11-20 10:58:35,625: DEBUG: GoGo-Total-Output-Voice-Octets: [0]
2013-11-20 10:58:35,625: DEBUG: GoGo-Private-IP-Address: ['192.168.1.179']
2013-11-20 10:58:35,625: DEBUG: GoGo-Acct-Input-Voice-Gigawords: [0]
2013-11-20 10:58:35,625: DEBUG: GoGo-Total-Input-Packets: [18904]
2013-11-20 10:58:35,625: DEBUG: GoGo-Total-Input-Gigawords: [0]
2013-11-20 10:58:35,626: DEBUG: GoGo-Acct-Input-Voice-Packets: [0]
2013-11-20 10:58:35,626: DEBUG: GoGo-Total-Input-Octets: [9721197]
2013-11-20 10:58:35,626: DEBUG: GoGo-Total-Output-Packets: [9646]
2013-11-20 10:58:35,626: DEBUG: WISPr-Location-ID: [u'airline=BA01,tail=01009,network=']
2013-11-20 10:58:35,626: DEBUG: GoGo-Acct-Output-Voice-Gigawords: [0]
2013-11-20 10:58:35,626: DEBUG: Acct-Input-Octets: [9721197]
2013-11-20 10:58:35,626: ERROR: Network error, Reason: 'Network error: Too many open files'
2013-11-20 10:58:35,627: DEBUG: User has abruptly end flag so ending the test with out AcctStop
2013-11-20 10:58:35,627: DEBUG: Ending the test for this user
2013-11-20 10:58:36,597: DEBUG: Starting the client for the user username2@airborne.aircell.com to the server localhost

2013-11-20 10:58:36,597: DEBUG: DURATION of the TEST: 67
2013-11-20 10:58:36,598: DEBUG: NAS-IP: 10.254.8.1
2013-11-20 10:58:36,598: DEBUG: NAS-MAC-ADDR: 16:21:31:41:51:63
2013-11-20 10:58:36,599: DEBUG: Abruptly End: False
2013-11-20 10:58:36,599: DEBUG: Framed-IP: 10.254.8.144
2013-11-20 10:58:36,599: DEBUG: User-MAC-Addr: 00:16:3E:31:8D:1B
2013-11-20 10:58:36,600: DEBUG: 

2013-11-20 10:58:36,601: DEBUG: Creating Authentication Request with the following Attributes:
2013-11-20 10:58:36,601: DEBUG: NAS-Identifier: [u'C08386']
2013-11-20 10:58:36,602: DEBUG: User-Name: [u'username2@airborne.aircell.com']
2013-11-20 10:58:36,602: DEBUG: NAS-IP-Address: ['10.254.8.1']
2013-11-20 10:58:36,603: DEBUG: Service-Type: ['Authenticate-Only']
2013-11-20 10:58:36,603: DEBUG: Proxy-State: ['3237,3134']
2013-11-20 10:58:36,604: DEBUG: Framed-IP-Address: ['10.254.8.144']
2013-11-20 10:58:36,604: DEBUG: GoGo-Airline: [u'BA01']
2013-11-20 10:58:36,604: DEBUG: Acct-Session-Id: [u'AAATestNAS_3-1384925316601-00163E318D1B-1']
2013-11-20 10:58:36,604: DEBUG: GoGo-Tail-Number: [u'AAATestNAS_3']
2013-11-20 10:58:36,605: DEBUG: GoGo-Private-IP-Address: ['192.168.1.179']
2013-11-20 10:58:36,605: DEBUG: WISPr-Location-ID: [u'airline=BA01,tail=01009,network=']
2013-11-20 10:58:36,605: DEBUG: WISPr-Location-Name: [u'TEST LLC,BA01_01009']
2013-11-20 10:58:36,605: DEBUG: NAS-Port-Type: ['Wireless-802.11']
2013-11-20 10:58:36,606: DEBUG: Called-Station-Id: [u'00:16:3E:31:8D:1B']
2013-11-20 10:58:36,606: DEBUG: Calling-Station-Id: [u'16:21:31:41:51:63']
2013-11-20 10:58:36,608: DEBUG: 

2013-11-20 10:58:36,608: DEBUG: Received response with code: 2, Accepted
2013-11-20 10:58:36,608: DEBUG: Creating Authentication Request with the following Attributes:
2013-11-20 10:58:36,608: DEBUG: NAS-Identifier: [u'C08386']
2013-11-20 10:58:36,609: DEBUG: User-Name: [u'username2@airborne.aircell.com']
2013-11-20 10:58:36,609: DEBUG: NAS-IP-Address: ['10.254.8.1']
2013-11-20 10:58:36,609: DEBUG: Service-Type: ['Login-User']
2013-11-20 10:58:36,609: DEBUG: Proxy-State: ['3237,3134']
2013-11-20 10:58:36,609: DEBUG: Framed-IP-Address: ['10.254.8.144']
2013-11-20 10:58:36,610: DEBUG: GoGo-Airline: [u'BA01']
2013-11-20 10:58:36,610: DEBUG: Acct-Session-Id: [u'AAATestNAS_3-1384925316608-00163E318D1B-1']
2013-11-20 10:58:36,610: DEBUG: GoGo-Tail-Number: [u'AAATestNAS_3']
2013-11-20 10:58:36,610: DEBUG: GoGo-Private-IP-Address: ['192.168.1.179']
2013-11-20 10:58:36,610: DEBUG: WISPr-Location-ID: [u'airline=BA01,tail=01009,network=']
2013-11-20 10:58:36,610: DEBUG: WISPr-Location-Name: [u'TEST LLC,BA01_01009']
2013-11-20 10:58:36,611: DEBUG: NAS-Port-Type: ['Wireless-802.11']
2013-11-20 10:58:36,611: DEBUG: Called-Station-Id: [u'00:16:3E:31:8D:1B']
2013-11-20 10:58:36,611: DEBUG: Calling-Station-Id: [u'16:21:31:41:51:63']
2013-11-20 10:58:36,611: ERROR: Network error, Reason: 'Network error: nodename nor servname provided, or not known'
2013-11-20 10:58:36,611: DEBUG: Ending the test for this user
2013-11-20 10:58:37,601: DEBUG: Starting the client for the user username2@airborne.aircell.com to the server localhost

2013-11-20 10:58:37,601: DEBUG: DURATION of the TEST: 82
2013-11-20 10:58:37,602: DEBUG: NAS-IP: 10.254.126.1
2013-11-20 10:58:37,602: DEBUG: NAS-MAC-ADDR: 17:21:31:41:52:91
2013-11-20 10:58:37,602: DEBUG: Abruptly End: True
2013-11-20 10:58:37,602: DEBUG: Framed-IP: 10.254.126.62
2013-11-20 10:58:37,602: DEBUG: User-MAC-Addr: 00:16:3E:6C:A5:91
2013-11-20 10:58:37,603: DEBUG: 

2013-11-20 10:58:37,603: DEBUG: Creating Authentication Request with the following Attributes:
2013-11-20 10:58:37,603: DEBUG: NAS-Identifier: [u'C08386']
2013-11-20 10:58:37,604: DEBUG: User-Name: [u'username2@airborne.aircell.com']
2013-11-20 10:58:37,604: DEBUG: NAS-IP-Address: ['10.254.126.1']
2013-11-20 10:58:37,604: DEBUG: Service-Type: ['Authenticate-Only']
2013-11-20 10:58:37,604: DEBUG: Proxy-State: ['3237,3134']
2013-11-20 10:58:37,604: DEBUG: Framed-IP-Address: ['10.254.126.62']
2013-11-20 10:58:37,605: DEBUG: GoGo-Airline: [u'BA01']
2013-11-20 10:58:37,605: DEBUG: Acct-Session-Id: [u'AAATestNAS_121-1384925317603-00163E6CA591-1']
2013-11-20 10:58:37,605: DEBUG: GoGo-Tail-Number: [u'AAATestNAS_121']
2013-11-20 10:58:37,605: DEBUG: GoGo-Private-IP-Address: ['192.168.1.179']
2013-11-20 10:58:37,605: DEBUG: WISPr-Location-ID: [u'airline=BA01,tail=01009,network=']
2013-11-20 10:58:37,606: DEBUG: WISPr-Location-Name: [u'TEST LLC,BA01_01009']
2013-11-20 10:58:37,606: DEBUG: NAS-Port-Type: ['Wireless-802.11']
2013-11-20 10:58:37,606: DEBUG: Called-Station-Id: [u'00:16:3E:6C:A5:91']
2013-11-20 10:58:37,606: DEBUG: Calling-Station-Id: [u'17:21:31:41:52:91']
2013-11-20 10:58:37,607: ERROR: Network error, Reason: 'Network error: Too many open files'
2013-11-20 10:58:37,607: DEBUG: Ending the test for this user
