2013-11-20 10:55:42,359: DEBUG: Starting the client for the user username59@airborne.aircell.com to the server localhost

2013-11-20 10:55:42,359: DEBUG: DURATION of the TEST: 46
2013-11-20 10:55:42,359: DEBUG: NAS-IP: 10.254.140.1
2013-11-20 10:55:42,359: DEBUG: NAS-MAC-ADDR: 18:21:31:41:52:16
2013-11-20 10:55:42,359: DEBUG: Abruptly End: True
2013-11-20 10:55:42,360: DEBUG: Framed-IP: 10.254.140.37
2013-11-20 10:55:42,360: DEBUG: User-MAC-Addr: 00:16:3E:04:CE:F1
2013-11-20 10:55:42,360: DEBUG: 

2013-11-20 10:55:42,360: DEBUG: Creating Authentication Request with the following Attributes:
2013-11-20 10:55:42,360: DEBUG: NAS-Identifier: [u'C08386']
2013-11-20 10:55:42,361: DEBUG: User-Name: [u'username59@airborne.aircell.com']
2013-11-20 10:55:42,361: DEBUG: NAS-IP-Address: ['10.254.140.1']
2013-11-20 10:55:42,361: DEBUG: Service-Type: ['Authenticate-Only']
2013-11-20 10:55:42,361: DEBUG: Proxy-State: ['3237,3134']
2013-11-20 10:55:42,361: DEBUG: Framed-IP-Address: ['10.254.140.37']
2013-11-20 10:55:42,361: DEBUG: GoGo-Airline: [u'BA01']
2013-11-20 10:55:42,361: DEBUG: Acct-Session-Id: [u'AAATestNAS_135-1384925142360-00163E04CEF1-1']
2013-11-20 10:55:42,361: DEBUG: GoGo-Tail-Number: [u'AAATestNAS_135']
2013-11-20 10:55:42,362: DEBUG: GoGo-Private-IP-Address: ['192.168.1.179']
2013-11-20 10:55:42,362: DEBUG: WISPr-Location-ID: [u'airline=BA01,tail=01009,network=']
2013-11-20 10:55:42,362: DEBUG: WISPr-Location-Name: [u'TEST LLC,BA01_01009']
2013-11-20 10:55:42,362: DEBUG: NAS-Port-Type: ['Wireless-802.11']
2013-11-20 10:55:42,362: DEBUG: Called-Station-Id: [u'00:16:3E:04:CE:F1']
2013-11-20 10:55:42,362: DEBUG: Calling-Station-Id: [u'18:21:31:41:52:16']
2013-11-20 10:55:42,363: DEBUG: 

2013-11-20 10:55:42,363: DEBUG: Received response with code: 2, Accepted
2013-11-20 10:55:42,363: DEBUG: Creating Authentication Request with the following Attributes:
2013-11-20 10:55:42,364: DEBUG: NAS-Identifier: [u'C08386']
2013-11-20 10:55:42,364: DEBUG: User-Name: [u'username59@airborne.aircell.com']
2013-11-20 10:55:42,364: DEBUG: NAS-IP-Address: ['10.254.140.1']
2013-11-20 10:55:42,364: DEBUG: Service-Type: ['Login-User']
2013-11-20 10:55:42,364: DEBUG: Proxy-State: ['3237,3134']
2013-11-20 10:55:42,364: DEBUG: Framed-IP-Address: ['10.254.140.37']
2013-11-20 10:55:42,364: DEBUG: GoGo-Airline: [u'BA01']
2013-11-20 10:55:42,364: DEBUG: Acct-Session-Id: [u'AAATestNAS_135-1384925142363-00163E04CEF1-1']
2013-11-20 10:55:42,364: DEBUG: GoGo-Tail-Number: [u'AAATestNAS_135']
2013-11-20 10:55:42,364: DEBUG: GoGo-Private-IP-Address: ['192.168.1.179']
2013-11-20 10:55:42,364: DEBUG: WISPr-Location-ID: [u'airline=BA01,tail=01009,network=']
2013-11-20 10:55:42,364: DEBUG: WISPr-Location-Name: [u'TEST LLC,BA01_01009']
2013-11-20 10:55:42,364: DEBUG: NAS-Port-Type: ['Wireless-802.11']
2013-11-20 10:55:42,365: DEBUG: Called-Station-Id: [u'00:16:3E:04:CE:F1']
2013-11-20 10:55:42,365: DEBUG: Calling-Station-Id: [u'18:21:31:41:52:16']
2013-11-20 10:55:42,366: DEBUG: 

2013-11-20 10:55:42,366: DEBUG: Received response with code: 2, Accepted
2013-11-20 10:55:42,366: DEBUG: 

2013-11-20 10:55:42,366: DEBUG: Creating Accounting start Request with the following Attributes:
2013-11-20 10:55:42,366: DEBUG: NAS-Identifier: [u'C08386']
2013-11-20 10:55:42,366: DEBUG: User-Name: [u'username59@airborne.aircell.com']
2013-11-20 10:55:42,366: DEBUG: GoGo-Tail-Number: [u'AAATestNAS_135']
2013-11-20 10:55:42,366: DEBUG: NAS-IP-Address: ['10.254.140.1']
2013-11-20 10:55:42,366: DEBUG: Proxy-State: ['3239,3131']
2013-11-20 10:55:42,366: DEBUG: Acct-Status-Type: ['Start']
2013-11-20 10:55:42,366: DEBUG: GoGo-Airline: [u'BA01']
2013-11-20 10:55:42,366: DEBUG: Acct-Session-Id: [u'AAATestNAS_135-1384925142363-00163E04CEF1-1']
2013-11-20 10:55:42,367: DEBUG: GoGo-Private-IP-Address: ['192.168.1.179']
2013-11-20 10:55:42,367: DEBUG: Framed-IP-Address: ['10.254.140.37']
2013-11-20 10:55:42,367: DEBUG: WISPr-Location-ID: [u'airline=BA01,tail=01009,network=']
2013-11-20 10:55:42,367: DEBUG: WISPr-Location-Name: [u'TEST LLC,BA01_01009']
2013-11-20 10:55:42,367: DEBUG: NAS-Port-Type: ['Wireless-802.11']
2013-11-20 10:55:42,367: DEBUG: Called-Station-Id: [u'00:16:3E:04:CE:F1']
2013-11-20 10:55:42,367: DEBUG: Calling-Station-Id: [u'18:21:31:41:52:16']
2013-11-20 10:55:42,368: DEBUG: 

2013-11-20 10:55:42,368: DEBUG: Received response with following attributes:
2013-11-20 10:55:52,369: DEBUG: 

2013-11-20 10:55:52,369: DEBUG: Creating Accounting Update Request with the following Attributes:
2013-11-20 10:55:52,369: DEBUG: User-Name: [u'username59@airborne.aircell.com']
2013-11-20 10:55:52,370: DEBUG: GoGo-Tail-Number: [u'AAATestNAS_135']
2013-11-20 10:55:52,370: DEBUG: Acct-Output-Octets: [6573658]
2013-11-20 10:55:52,370: DEBUG: NAS-IP-Address: ['10.254.140.1']
2013-11-20 10:55:52,370: DEBUG: GoGo-Total-Output-Gigawords: [0]
2013-11-20 10:55:52,370: DEBUG: Framed-IP-Address: ['10.254.140.37']
2013-11-20 10:55:52,370: DEBUG: GoGo-Total-Input-Voice-Gigawords: [0]
2013-11-20 10:55:52,370: DEBUG: GoGo-Total-Output-Octets: [6573658]
2013-11-20 10:55:52,370: DEBUG: GoGo-Acct-Input-Voice-Octets: [0]
2013-11-20 10:55:52,370: DEBUG: GoGo-Total-Input-Voice-Packets: [0]
2013-11-20 10:55:52,370: DEBUG: Called-Station-Id: [u'00:16:3E:04:CE:F1']
2013-11-20 10:55:52,370: DEBUG: WISPr-Location-Name: [u'TEST LLC,BA01_01009']
2013-11-20 10:55:52,370: DEBUG: NAS-Identifier: [u'C08386']
2013-11-20 10:55:52,370: DEBUG: Proxy-State: ['3330,3132']
2013-11-20 10:55:52,370: DEBUG: GoGo-Total-Input-Voice-Octets: [0]
2013-11-20 10:55:52,370: DEBUG: Acct-Status-Type: ['Interim-Update']
2013-11-20 10:55:52,371: DEBUG: GoGo-Total-Output-Voice-Gigawords: [0]
2013-11-20 10:55:52,371: DEBUG: GoGo-Airline: [u'BA01']
2013-11-20 10:55:52,371: DEBUG: Acct-Session-Id: [u'AAATestNAS_135-1384925142363-00163E04CEF1-1']
2013-11-20 10:55:52,371: DEBUG: Acct-Session-Time: [10]
2013-11-20 10:55:52,371: DEBUG: Acct-Input-Packets: [17816]
2013-11-20 10:55:52,371: DEBUG: Acct-Output-Packets: [44271]
2013-11-20 10:55:52,371: DEBUG: GoGo-Acct-Output-Voice-Packets: [0]
2013-11-20 10:55:52,371: DEBUG: GoGo-Acct-Output-Voice-Octets: [0]
2013-11-20 10:55:52,371: DEBUG: Acct-Output-Gigawords: [0]
2013-11-20 10:55:52,371: DEBUG: GoGo-Total-Output-Voice-Packets: [0]
2013-11-20 10:55:52,371: DEBUG: Acct-Input-Gigawords: [0]
2013-11-20 10:55:52,371: DEBUG: Calling-Station-Id: [u'18:21:31:41:52:16']
2013-11-20 10:55:52,371: DEBUG: NAS-Port-Type: ['Wireless-802.11']
2013-11-20 10:55:52,371: DEBUG: GoGo-Total-Output-Voice-Octets: [0]
2013-11-20 10:55:52,372: DEBUG: GoGo-Private-IP-Address: ['192.168.1.179']
2013-11-20 10:55:52,372: DEBUG: GoGo-Acct-Input-Voice-Gigawords: [0]
2013-11-20 10:55:52,372: DEBUG: GoGo-Total-Input-Packets: [17816]
2013-11-20 10:55:52,372: DEBUG: GoGo-Total-Input-Gigawords: [0]
2013-11-20 10:55:52,372: DEBUG: GoGo-Acct-Input-Voice-Packets: [0]
2013-11-20 10:55:52,372: DEBUG: GoGo-Total-Input-Octets: [2843129]
2013-11-20 10:55:52,372: DEBUG: GoGo-Total-Output-Packets: [44271]
2013-11-20 10:55:52,372: DEBUG: WISPr-Location-ID: [u'airline=BA01,tail=01009,network=']
2013-11-20 10:55:52,372: DEBUG: GoGo-Acct-Output-Voice-Gigawords: [0]
2013-11-20 10:55:52,372: DEBUG: Acct-Input-Octets: [2843129]
2013-11-20 10:55:52,374: DEBUG: 

2013-11-20 10:55:52,374: DEBUG: Received response with following attributes:
2013-11-20 10:56:02,375: DEBUG: 

2013-11-20 10:56:02,375: DEBUG: Creating Accounting Update Request with the following Attributes:
2013-11-20 10:56:02,375: DEBUG: User-Name: [u'username59@airborne.aircell.com']
2013-11-20 10:56:02,376: DEBUG: GoGo-Tail-Number: [u'AAATestNAS_135']
2013-11-20 10:56:02,376: DEBUG: Acct-Output-Octets: [7290249]
2013-11-20 10:56:02,376: DEBUG: NAS-IP-Address: ['10.254.140.1']
2013-11-20 10:56:02,376: DEBUG: GoGo-Total-Output-Gigawords: [0]
2013-11-20 10:56:02,376: DEBUG: Framed-IP-Address: ['10.254.140.37']
2013-11-20 10:56:02,376: DEBUG: GoGo-Total-Input-Voice-Gigawords: [0]
2013-11-20 10:56:02,376: DEBUG: GoGo-Total-Output-Octets: [7290249]
2013-11-20 10:56:02,376: DEBUG: GoGo-Acct-Input-Voice-Octets: [0]
2013-11-20 10:56:02,376: DEBUG: GoGo-Total-Input-Voice-Packets: [0]
2013-11-20 10:56:02,376: DEBUG: Called-Station-Id: [u'00:16:3E:04:CE:F1']
2013-11-20 10:56:02,376: DEBUG: WISPr-Location-Name: [u'TEST LLC,BA01_01009']
2013-11-20 10:56:02,376: DEBUG: NAS-Identifier: [u'C08386']
2013-11-20 10:56:02,377: DEBUG: Proxy-State: ['3330,3132']
2013-11-20 10:56:02,377: DEBUG: GoGo-Total-Input-Voice-Octets: [0]
2013-11-20 10:56:02,377: DEBUG: Acct-Status-Type: ['Interim-Update']
2013-11-20 10:56:02,377: DEBUG: GoGo-Total-Output-Voice-Gigawords: [0]
2013-11-20 10:56:02,377: DEBUG: GoGo-Airline: [u'BA01']
2013-11-20 10:56:02,377: DEBUG: Acct-Session-Id: [u'AAATestNAS_135-1384925142363-00163E04CEF1-1']
2013-11-20 10:56:02,377: DEBUG: Acct-Session-Time: [10]
2013-11-20 10:56:02,377: DEBUG: Acct-Input-Packets: [57282]
2013-11-20 10:56:02,377: DEBUG: Acct-Output-Packets: [36271]
2013-11-20 10:56:02,377: DEBUG: GoGo-Acct-Output-Voice-Packets: [0]
2013-11-20 10:56:02,377: DEBUG: GoGo-Acct-Output-Voice-Octets: [0]
2013-11-20 10:56:02,377: DEBUG: Acct-Output-Gigawords: [0]
2013-11-20 10:56:02,377: DEBUG: GoGo-Total-Output-Voice-Packets: [0]
2013-11-20 10:56:02,377: DEBUG: Acct-Input-Gigawords: [0]
2013-11-20 10:56:02,378: DEBUG: Calling-Station-Id: [u'18:21:31:41:52:16']
2013-11-20 10:56:02,378: DEBUG: NAS-Port-Type: ['Wireless-802.11']
2013-11-20 10:56:02,378: DEBUG: GoGo-Total-Output-Voice-Octets: [0]
2013-11-20 10:56:02,378: DEBUG: GoGo-Private-IP-Address: ['192.168.1.179']
2013-11-20 10:56:02,378: DEBUG: GoGo-Acct-Input-Voice-Gigawords: [0]
2013-11-20 10:56:02,378: DEBUG: GoGo-Total-Input-Packets: [57282]
2013-11-20 10:56:02,378: DEBUG: GoGo-Total-Input-Gigawords: [0]
2013-11-20 10:56:02,378: DEBUG: GoGo-Acct-Input-Voice-Packets: [0]
2013-11-20 10:56:02,378: DEBUG: GoGo-Total-Input-Octets: [9962584]
2013-11-20 10:56:02,378: DEBUG: GoGo-Total-Output-Packets: [36271]
2013-11-20 10:56:02,378: DEBUG: WISPr-Location-ID: [u'airline=BA01,tail=01009,network=']
2013-11-20 10:56:02,378: DEBUG: GoGo-Acct-Output-Voice-Gigawords: [0]
2013-11-20 10:56:02,378: DEBUG: Acct-Input-Octets: [9962584]
2013-11-20 10:56:02,380: DEBUG: 

2013-11-20 10:56:02,380: DEBUG: Received response with following attributes:
2013-11-20 10:56:12,381: DEBUG: 

2013-11-20 10:56:12,382: DEBUG: Creating Accounting Update Request with the following Attributes:
2013-11-20 10:56:12,382: DEBUG: User-Name: [u'username59@airborne.aircell.com']
2013-11-20 10:56:12,382: DEBUG: GoGo-Tail-Number: [u'AAATestNAS_135']
2013-11-20 10:56:12,382: DEBUG: Acct-Output-Octets: [6253076]
2013-11-20 10:56:12,382: DEBUG: NAS-IP-Address: ['10.254.140.1']
2013-11-20 10:56:12,382: DEBUG: GoGo-Total-Output-Gigawords: [0]
2013-11-20 10:56:12,383: DEBUG: Framed-IP-Address: ['10.254.140.37']
2013-11-20 10:56:12,383: DEBUG: GoGo-Total-Input-Voice-Gigawords: [0]
2013-11-20 10:56:12,383: DEBUG: GoGo-Total-Output-Octets: [6253076]
2013-11-20 10:56:12,383: DEBUG: GoGo-Acct-Input-Voice-Octets: [0]
2013-11-20 10:56:12,383: DEBUG: GoGo-Total-Input-Voice-Packets: [0]
2013-11-20 10:56:12,383: DEBUG: Called-Station-Id: [u'00:16:3E:04:CE:F1']
2013-11-20 10:56:12,383: DEBUG: WISPr-Location-Name: [u'TEST LLC,BA01_01009']
2013-11-20 10:56:12,383: DEBUG: NAS-Identifier: [u'C08386']
2013-11-20 10:56:12,383: DEBUG: Proxy-State: ['3330,3132']
2013-11-20 10:56:12,383: DEBUG: GoGo-Total-Input-Voice-Octets: [0]
2013-11-20 10:56:12,383: DEBUG: Acct-Status-Type: ['Interim-Update']
2013-11-20 10:56:12,383: DEBUG: GoGo-Total-Output-Voice-Gigawords: [0]
2013-11-20 10:56:12,383: DEBUG: GoGo-Airline: [u'BA01']
2013-11-20 10:56:12,383: DEBUG: Acct-Session-Id: [u'AAATestNAS_135-1384925142363-00163E04CEF1-1']
2013-11-20 10:56:12,384: DEBUG: Acct-Session-Time: [10]
2013-11-20 10:56:12,384: DEBUG: Acct-Input-Packets: [90911]
2013-11-20 10:56:12,384: DEBUG: Acct-Output-Packets: [10912]
2013-11-20 10:56:12,384: DEBUG: GoGo-Acct-Output-Voice-Packets: [0]
2013-11-20 10:56:12,384: DEBUG: GoGo-Acct-Output-Voice-Octets: [0]
2013-11-20 10:56:12,384: DEBUG: Acct-Output-Gigawords: [0]
2013-11-20 10:56:12,384: DEBUG: GoGo-Total-Output-Voice-Packets: [0]
2013-11-20 10:56:12,384: DEBUG: Acct-Input-Gigawords: [0]
2013-11-20 10:56:12,384: DEBUG: Calling-Station-Id: [u'18:21:31:41:52:16']
2013-11-20 10:56:12,384: DEBUG: NAS-Port-Type: ['Wireless-802.11']
2013-11-20 10:56:12,384: DEBUG: GoGo-Total-Output-Voice-Octets: [0]
2013-11-20 10:56:12,384: DEBUG: GoGo-Private-IP-Address: ['192.168.1.179']
2013-11-20 10:56:12,384: DEBUG: GoGo-Acct-Input-Voice-Gigawords: [0]
2013-11-20 10:56:12,384: DEBUG: GoGo-Total-Input-Packets: [90911]
2013-11-20 10:56:12,385: DEBUG: GoGo-Total-Input-Gigawords: [0]
2013-11-20 10:56:12,385: DEBUG: GoGo-Acct-Input-Voice-Packets: [0]
2013-11-20 10:56:12,385: DEBUG: GoGo-Total-Input-Octets: [9506610]
2013-11-20 10:56:12,385: DEBUG: GoGo-Total-Output-Packets: [10912]
2013-11-20 10:56:12,385: DEBUG: WISPr-Location-ID: [u'airline=BA01,tail=01009,network=']
2013-11-20 10:56:12,385: DEBUG: GoGo-Acct-Output-Voice-Gigawords: [0]
2013-11-20 10:56:12,385: DEBUG: Acct-Input-Octets: [9506610]
2013-11-20 10:56:12,387: DEBUG: 

2013-11-20 10:56:12,387: DEBUG: Received response with following attributes:
2013-11-20 10:56:22,387: DEBUG: 

2013-11-20 10:56:22,387: DEBUG: Creating Accounting Update Request with the following Attributes:
2013-11-20 10:56:22,388: DEBUG: User-Name: [u'username59@airborne.aircell.com']
2013-11-20 10:56:22,388: DEBUG: GoGo-Tail-Number: [u'AAATestNAS_135']
2013-11-20 10:56:22,388: DEBUG: Acct-Output-Octets: [8042637]
2013-11-20 10:56:22,388: DEBUG: NAS-IP-Address: ['10.254.140.1']
2013-11-20 10:56:22,388: DEBUG: GoGo-Total-Output-Gigawords: [0]
2013-11-20 10:56:22,388: DEBUG: Framed-IP-Address: ['10.254.140.37']
2013-11-20 10:56:22,388: DEBUG: GoGo-Total-Input-Voice-Gigawords: [0]
2013-11-20 10:56:22,388: DEBUG: GoGo-Total-Output-Octets: [8042637]
2013-11-20 10:56:22,388: DEBUG: GoGo-Acct-Input-Voice-Octets: [0]
2013-11-20 10:56:22,388: DEBUG: GoGo-Total-Input-Voice-Packets: [0]
2013-11-20 10:56:22,388: DEBUG: Called-Station-Id: [u'00:16:3E:04:CE:F1']
2013-11-20 10:56:22,388: DEBUG: WISPr-Location-Name: [u'TEST LLC,BA01_01009']
2013-11-20 10:56:22,388: DEBUG: NAS-Identifier: [u'C08386']
2013-11-20 10:56:22,389: DEBUG: Proxy-State: ['3330,3132']
2013-11-20 10:56:22,389: DEBUG: GoGo-Total-Input-Voice-Octets: [0]
2013-11-20 10:56:22,389: DEBUG: Acct-Status-Type: ['Interim-Update']
2013-11-20 10:56:22,389: DEBUG: GoGo-Total-Output-Voice-Gigawords: [0]
2013-11-20 10:56:22,389: DEBUG: GoGo-Airline: [u'BA01']
2013-11-20 10:56:22,389: DEBUG: Acct-Session-Id: [u'AAATestNAS_135-1384925142363-00163E04CEF1-1']
2013-11-20 10:56:22,389: DEBUG: Acct-Session-Time: [10]
2013-11-20 10:56:22,389: DEBUG: Acct-Input-Packets: [13783]
2013-11-20 10:56:22,389: DEBUG: Acct-Output-Packets: [68005]
2013-11-20 10:56:22,389: DEBUG: GoGo-Acct-Output-Voice-Packets: [0]
2013-11-20 10:56:22,389: DEBUG: GoGo-Acct-Output-Voice-Octets: [0]
2013-11-20 10:56:22,389: DEBUG: Acct-Output-Gigawords: [0]
2013-11-20 10:56:22,389: DEBUG: GoGo-Total-Output-Voice-Packets: [0]
2013-11-20 10:56:22,389: DEBUG: Acct-Input-Gigawords: [0]
2013-11-20 10:56:22,390: DEBUG: Calling-Station-Id: [u'18:21:31:41:52:16']
2013-11-20 10:56:22,390: DEBUG: NAS-Port-Type: ['Wireless-802.11']
2013-11-20 10:56:22,390: DEBUG: GoGo-Total-Output-Voice-Octets: [0]
2013-11-20 10:56:22,390: DEBUG: GoGo-Private-IP-Address: ['192.168.1.179']
2013-11-20 10:56:22,390: DEBUG: GoGo-Acct-Input-Voice-Gigawords: [0]
2013-11-20 10:56:22,390: DEBUG: GoGo-Total-Input-Packets: [13783]
2013-11-20 10:56:22,390: DEBUG: GoGo-Total-Input-Gigawords: [0]
2013-11-20 10:56:22,390: DEBUG: GoGo-Acct-Input-Voice-Packets: [0]
2013-11-20 10:56:22,390: DEBUG: GoGo-Total-Input-Octets: [5406391]
2013-11-20 10:56:22,390: DEBUG: GoGo-Total-Output-Packets: [68005]
2013-11-20 10:56:22,390: DEBUG: WISPr-Location-ID: [u'airline=BA01,tail=01009,network=']
2013-11-20 10:56:22,390: DEBUG: GoGo-Acct-Output-Voice-Gigawords: [0]
2013-11-20 10:56:22,390: DEBUG: Acct-Input-Octets: [5406391]
2013-11-20 10:56:22,392: DEBUG: 

2013-11-20 10:56:22,392: DEBUG: Received response with following attributes:
2013-11-20 10:56:28,393: DEBUG: 

2013-11-20 10:56:28,394: DEBUG: Creating Accounting Update Request with the following Attributes:
2013-11-20 10:56:28,394: DEBUG: User-Name: [u'username59@airborne.aircell.com']
2013-11-20 10:56:28,394: DEBUG: GoGo-Tail-Number: [u'AAATestNAS_135']
2013-11-20 10:56:28,395: DEBUG: Acct-Output-Octets: [6330720]
2013-11-20 10:56:28,395: DEBUG: NAS-IP-Address: ['10.254.140.1']
2013-11-20 10:56:28,395: DEBUG: GoGo-Total-Output-Gigawords: [0]
2013-11-20 10:56:28,395: DEBUG: Framed-IP-Address: ['10.254.140.37']
2013-11-20 10:56:28,395: DEBUG: GoGo-Total-Input-Voice-Gigawords: [0]
2013-11-20 10:56:28,395: DEBUG: GoGo-Total-Output-Octets: [6330720]
2013-11-20 10:56:28,395: DEBUG: GoGo-Acct-Input-Voice-Octets: [0]
2013-11-20 10:56:28,395: DEBUG: GoGo-Total-Input-Voice-Packets: [0]
2013-11-20 10:56:28,395: DEBUG: Called-Station-Id: [u'00:16:3E:04:CE:F1']
2013-11-20 10:56:28,395: DEBUG: WISPr-Location-Name: [u'TEST LLC,BA01_01009']
2013-11-20 10:56:28,395: DEBUG: NAS-Identifier: [u'C08386']
2013-11-20 10:56:28,396: DEBUG: Proxy-State: ['3330,3132']
2013-11-20 10:56:28,396: DEBUG: GoGo-Total-Input-Voice-Octets: [0]
2013-11-20 10:56:28,396: DEBUG: Acct-Status-Type: ['Interim-Update']
2013-11-20 10:56:28,396: DEBUG: GoGo-Total-Output-Voice-Gigawords: [0]
2013-11-20 10:56:28,396: DEBUG: GoGo-Airline: [u'BA01']
2013-11-20 10:56:28,396: DEBUG: Acct-Session-Id: [u'AAATestNAS_135-1384925142363-00163E04CEF1-1']
2013-11-20 10:56:28,396: DEBUG: Acct-Session-Time: [6]
2013-11-20 10:56:28,396: DEBUG: Acct-Input-Packets: [17050]
2013-11-20 10:56:28,396: DEBUG: Acct-Output-Packets: [33388]
2013-11-20 10:56:28,396: DEBUG: GoGo-Acct-Output-Voice-Packets: [0]
2013-11-20 10:56:28,396: DEBUG: GoGo-Acct-Output-Voice-Octets: [0]
2013-11-20 10:56:28,397: DEBUG: Acct-Output-Gigawords: [0]
2013-11-20 10:56:28,397: DEBUG: GoGo-Total-Output-Voice-Packets: [0]
2013-11-20 10:56:28,397: DEBUG: Acct-Input-Gigawords: [0]
2013-11-20 10:56:28,397: DEBUG: Calling-Station-Id: [u'18:21:31:41:52:16']
2013-11-20 10:56:28,397: DEBUG: NAS-Port-Type: ['Wireless-802.11']
2013-11-20 10:56:28,397: DEBUG: GoGo-Total-Output-Voice-Octets: [0]
2013-11-20 10:56:28,397: DEBUG: GoGo-Private-IP-Address: ['192.168.1.179']
2013-11-20 10:56:28,397: DEBUG: GoGo-Acct-Input-Voice-Gigawords: [0]
2013-11-20 10:56:28,397: DEBUG: GoGo-Total-Input-Packets: [17050]
2013-11-20 10:56:28,397: DEBUG: GoGo-Total-Input-Gigawords: [0]
2013-11-20 10:56:28,397: DEBUG: GoGo-Acct-Input-Voice-Packets: [0]
2013-11-20 10:56:28,397: DEBUG: GoGo-Total-Input-Octets: [1845819]
2013-11-20 10:56:28,398: DEBUG: GoGo-Total-Output-Packets: [33388]
2013-11-20 10:56:28,398: DEBUG: WISPr-Location-ID: [u'airline=BA01,tail=01009,network=']
2013-11-20 10:56:28,398: DEBUG: GoGo-Acct-Output-Voice-Gigawords: [0]
2013-11-20 10:56:28,398: DEBUG: Acct-Input-Octets: [1845819]
2013-11-20 10:56:28,399: DEBUG: 

2013-11-20 10:56:28,399: DEBUG: Received response with following attributes:
2013-11-20 10:56:53,400: DEBUG: User has abruptly end flag so ending the test with out AcctStop
2013-11-20 10:56:53,400: DEBUG: Ending the test for this user
2013-11-20 10:56:53,468: DEBUG: Starting the client for the user username59@airborne.aircell.com to the server localhost

2013-11-20 10:56:53,468: DEBUG: DURATION of the TEST: 57
2013-11-20 10:56:53,469: DEBUG: NAS-IP: 10.254.55.1
2013-11-20 10:56:53,469: DEBUG: NAS-MAC-ADDR: 17:21:31:41:52:20
2013-11-20 10:56:53,469: DEBUG: Abruptly End: True
2013-11-20 10:56:53,469: DEBUG: Framed-IP: 10.254.55.151
2013-11-20 10:56:53,469: DEBUG: User-MAC-Addr: 00:16:3E:14:67:53
2013-11-20 10:56:53,469: DEBUG: 

2013-11-20 10:56:53,470: DEBUG: Creating Authentication Request with the following Attributes:
2013-11-20 10:56:53,470: DEBUG: NAS-Identifier: [u'C08386']
2013-11-20 10:56:53,470: DEBUG: User-Name: [u'username59@airborne.aircell.com']
2013-11-20 10:56:53,470: DEBUG: NAS-IP-Address: ['10.254.55.1']
2013-11-20 10:56:53,470: DEBUG: Service-Type: ['Authenticate-Only']
2013-11-20 10:56:53,470: DEBUG: Proxy-State: ['3237,3134']
2013-11-20 10:56:53,470: DEBUG: Framed-IP-Address: ['10.254.55.151']
2013-11-20 10:56:53,470: DEBUG: GoGo-Airline: [u'BA01']
2013-11-20 10:56:53,471: DEBUG: Acct-Session-Id: [u'AAATestNAS_50-1384925213469-00163E146753-2']
2013-11-20 10:56:53,471: DEBUG: GoGo-Tail-Number: [u'AAATestNAS_50']
2013-11-20 10:56:53,471: DEBUG: GoGo-Private-IP-Address: ['192.168.1.179']
2013-11-20 10:56:53,471: DEBUG: WISPr-Location-ID: [u'airline=BA01,tail=01009,network=']
2013-11-20 10:56:53,471: DEBUG: WISPr-Location-Name: [u'TEST LLC,BA01_01009']
2013-11-20 10:56:53,471: DEBUG: NAS-Port-Type: ['Wireless-802.11']
2013-11-20 10:56:53,471: DEBUG: Called-Station-Id: [u'00:16:3E:14:67:53']
2013-11-20 10:56:53,471: DEBUG: Calling-Station-Id: [u'17:21:31:41:52:20']
2013-11-20 10:56:53,472: DEBUG: 

2013-11-20 10:56:53,473: DEBUG: Received response with code: 2, Accepted
2013-11-20 10:56:53,473: DEBUG: Creating Authentication Request with the following Attributes:
2013-11-20 10:56:53,473: DEBUG: NAS-Identifier: [u'C08386']
2013-11-20 10:56:53,473: DEBUG: User-Name: [u'username59@airborne.aircell.com']
2013-11-20 10:56:53,473: DEBUG: NAS-IP-Address: ['10.254.55.1']
2013-11-20 10:56:53,473: DEBUG: Service-Type: ['Login-User']
2013-11-20 10:56:53,473: DEBUG: Proxy-State: ['3237,3134']
2013-11-20 10:56:53,474: DEBUG: Framed-IP-Address: ['10.254.55.151']
2013-11-20 10:56:53,474: DEBUG: GoGo-Airline: [u'BA01']
2013-11-20 10:56:53,474: DEBUG: Acct-Session-Id: [u'AAATestNAS_50-1384925213473-00163E146753-2']
2013-11-20 10:56:53,474: DEBUG: GoGo-Tail-Number: [u'AAATestNAS_50']
2013-11-20 10:56:53,474: DEBUG: GoGo-Private-IP-Address: ['192.168.1.179']
2013-11-20 10:56:53,474: DEBUG: WISPr-Location-ID: [u'airline=BA01,tail=01009,network=']
2013-11-20 10:56:53,474: DEBUG: WISPr-Location-Name: [u'TEST LLC,BA01_01009']
2013-11-20 10:56:53,474: DEBUG: NAS-Port-Type: ['Wireless-802.11']
2013-11-20 10:56:53,474: DEBUG: Called-Station-Id: [u'00:16:3E:14:67:53']
2013-11-20 10:56:53,475: DEBUG: Calling-Station-Id: [u'17:21:31:41:52:20']
2013-11-20 10:56:53,476: DEBUG: 

2013-11-20 10:56:53,476: DEBUG: Received response with code: 2, Accepted
2013-11-20 10:56:53,476: DEBUG: 

2013-11-20 10:56:53,476: DEBUG: Creating Accounting start Request with the following Attributes:
2013-11-20 10:56:53,476: DEBUG: NAS-Identifier: [u'C08386']
2013-11-20 10:56:53,476: DEBUG: User-Name: [u'username59@airborne.aircell.com']
2013-11-20 10:56:53,476: DEBUG: GoGo-Tail-Number: [u'AAATestNAS_50']
2013-11-20 10:56:53,477: DEBUG: NAS-IP-Address: ['10.254.55.1']
2013-11-20 10:56:53,477: DEBUG: Proxy-State: ['3239,3131']
2013-11-20 10:56:53,477: DEBUG: Acct-Status-Type: ['Start']
2013-11-20 10:56:53,477: DEBUG: GoGo-Airline: [u'BA01']
2013-11-20 10:56:53,477: DEBUG: Acct-Session-Id: [u'AAATestNAS_50-1384925213473-00163E146753-2']
2013-11-20 10:56:53,477: DEBUG: GoGo-Private-IP-Address: ['192.168.1.179']
2013-11-20 10:56:53,477: DEBUG: Framed-IP-Address: ['10.254.55.151']
2013-11-20 10:56:53,477: DEBUG: WISPr-Location-ID: [u'airline=BA01,tail=01009,network=']
2013-11-20 10:56:53,477: DEBUG: WISPr-Location-Name: [u'TEST LLC,BA01_01009']
2013-11-20 10:56:53,477: DEBUG: NAS-Port-Type: ['Wireless-802.11']
2013-11-20 10:56:53,478: DEBUG: Called-Station-Id: [u'00:16:3E:14:67:53']
2013-11-20 10:56:53,478: DEBUG: Calling-Station-Id: [u'17:21:31:41:52:20']
2013-11-20 10:56:53,479: DEBUG: 

2013-11-20 10:56:53,479: DEBUG: Received response with following attributes:
2013-11-20 10:57:03,480: DEBUG: 

2013-11-20 10:57:03,481: DEBUG: Creating Accounting Update Request with the following Attributes:
2013-11-20 10:57:03,481: DEBUG: User-Name: [u'username59@airborne.aircell.com']
2013-11-20 10:57:03,482: DEBUG: GoGo-Tail-Number: [u'AAATestNAS_50']
2013-11-20 10:57:03,482: DEBUG: Acct-Output-Octets: [3706624]
2013-11-20 10:57:03,482: DEBUG: NAS-IP-Address: ['10.254.55.1']
2013-11-20 10:57:03,482: DEBUG: GoGo-Total-Output-Gigawords: [0]
2013-11-20 10:57:03,482: DEBUG: Framed-IP-Address: ['10.254.55.151']
2013-11-20 10:57:03,482: DEBUG: GoGo-Total-Input-Voice-Gigawords: [0]
2013-11-20 10:57:03,482: DEBUG: GoGo-Total-Output-Octets: [3706624]
2013-11-20 10:57:03,483: DEBUG: GoGo-Acct-Input-Voice-Octets: [0]
2013-11-20 10:57:03,483: DEBUG: GoGo-Total-Input-Voice-Packets: [0]
2013-11-20 10:57:03,483: DEBUG: Called-Station-Id: [u'00:16:3E:14:67:53']
2013-11-20 10:57:03,483: DEBUG: WISPr-Location-Name: [u'TEST LLC,BA01_01009']
2013-11-20 10:57:03,483: DEBUG: NAS-Identifier: [u'C08386']
2013-11-20 10:57:03,484: DEBUG: Proxy-State: ['3330,3132']
2013-11-20 10:57:03,484: DEBUG: GoGo-Total-Input-Voice-Octets: [0]
2013-11-20 10:57:03,484: DEBUG: Acct-Status-Type: ['Interim-Update']
2013-11-20 10:57:03,484: DEBUG: GoGo-Total-Output-Voice-Gigawords: [0]
2013-11-20 10:57:03,484: DEBUG: GoGo-Airline: [u'BA01']
2013-11-20 10:57:03,484: DEBUG: Acct-Session-Id: [u'AAATestNAS_50-1384925213473-00163E146753-2']
2013-11-20 10:57:03,484: DEBUG: Acct-Session-Time: [10]
2013-11-20 10:57:03,485: DEBUG: Acct-Input-Packets: [25587]
2013-11-20 10:57:03,485: DEBUG: Acct-Output-Packets: [23671]
2013-11-20 10:57:03,485: DEBUG: GoGo-Acct-Output-Voice-Packets: [0]
2013-11-20 10:57:03,485: DEBUG: GoGo-Acct-Output-Voice-Octets: [0]
2013-11-20 10:57:03,485: DEBUG: Acct-Output-Gigawords: [0]
2013-11-20 10:57:03,485: DEBUG: GoGo-Total-Output-Voice-Packets: [0]
2013-11-20 10:57:03,485: DEBUG: Acct-Input-Gigawords: [0]
2013-11-20 10:57:03,485: DEBUG: Calling-Station-Id: [u'17:21:31:41:52:20']
2013-11-20 10:57:03,486: DEBUG: NAS-Port-Type: ['Wireless-802.11']
2013-11-20 10:57:03,486: DEBUG: GoGo-Total-Output-Voice-Octets: [0]
2013-11-20 10:57:03,486: DEBUG: GoGo-Private-IP-Address: ['192.168.1.179']
2013-11-20 10:57:03,486: DEBUG: GoGo-Acct-Input-Voice-Gigawords: [0]
2013-11-20 10:57:03,486: DEBUG: GoGo-Total-Input-Packets: [25587]
2013-11-20 10:57:03,486: DEBUG: GoGo-Total-Input-Gigawords: [0]
2013-11-20 10:57:03,486: DEBUG: GoGo-Acct-Input-Voice-Packets: [0]
2013-11-20 10:57:03,487: DEBUG: GoGo-Total-Input-Octets: [6192737]
2013-11-20 10:57:03,487: DEBUG: GoGo-Total-Output-Packets: [23671]
2013-11-20 10:57:03,487: DEBUG: WISPr-Location-ID: [u'airline=BA01,tail=01009,network=']
2013-11-20 10:57:03,487: DEBUG: GoGo-Acct-Output-Voice-Gigawords: [0]
2013-11-20 10:57:03,487: DEBUG: Acct-Input-Octets: [6192737]
2013-11-20 10:57:03,489: DEBUG: 

2013-11-20 10:57:03,489: DEBUG: Received response with following attributes:
2013-11-20 10:57:13,490: DEBUG: 

2013-11-20 10:57:13,491: DEBUG: Creating Accounting Update Request with the following Attributes:
2013-11-20 10:57:13,491: DEBUG: User-Name: [u'username59@airborne.aircell.com']
2013-11-20 10:57:13,491: DEBUG: GoGo-Tail-Number: [u'AAATestNAS_50']
2013-11-20 10:57:13,491: DEBUG: Acct-Output-Octets: [5201389]
2013-11-20 10:57:13,491: DEBUG: NAS-IP-Address: ['10.254.55.1']
2013-11-20 10:57:13,491: DEBUG: GoGo-Total-Output-Gigawords: [0]
2013-11-20 10:57:13,491: DEBUG: Framed-IP-Address: ['10.254.55.151']
2013-11-20 10:57:13,492: DEBUG: GoGo-Total-Input-Voice-Gigawords: [0]
2013-11-20 10:57:13,492: DEBUG: GoGo-Total-Output-Octets: [5201389]
2013-11-20 10:57:13,492: DEBUG: GoGo-Acct-Input-Voice-Octets: [0]
2013-11-20 10:57:13,492: DEBUG: GoGo-Total-Input-Voice-Packets: [0]
2013-11-20 10:57:13,492: DEBUG: Called-Station-Id: [u'00:16:3E:14:67:53']
2013-11-20 10:57:13,492: DEBUG: WISPr-Location-Name: [u'TEST LLC,BA01_01009']
2013-11-20 10:57:13,492: DEBUG: NAS-Identifier: [u'C08386']
2013-11-20 10:57:13,492: DEBUG: Proxy-State: ['3330,3132']
2013-11-20 10:57:13,493: DEBUG: GoGo-Total-Input-Voice-Octets: [0]
2013-11-20 10:57:13,493: DEBUG: Acct-Status-Type: ['Interim-Update']
2013-11-20 10:57:13,493: DEBUG: GoGo-Total-Output-Voice-Gigawords: [0]
2013-11-20 10:57:13,493: DEBUG: GoGo-Airline: [u'BA01']
2013-11-20 10:57:13,493: DEBUG: Acct-Session-Id: [u'AAATestNAS_50-1384925213473-00163E146753-2']
2013-11-20 10:57:13,493: DEBUG: Acct-Session-Time: [10]
2013-11-20 10:57:13,493: DEBUG: Acct-Input-Packets: [46520]
2013-11-20 10:57:13,493: DEBUG: Acct-Output-Packets: [15280]
2013-11-20 10:57:13,493: DEBUG: GoGo-Acct-Output-Voice-Packets: [0]
2013-11-20 10:57:13,494: DEBUG: GoGo-Acct-Output-Voice-Octets: [0]
2013-11-20 10:57:13,494: DEBUG: Acct-Output-Gigawords: [0]
2013-11-20 10:57:13,494: DEBUG: GoGo-Total-Output-Voice-Packets: [0]
2013-11-20 10:57:13,494: DEBUG: Acct-Input-Gigawords: [0]
2013-11-20 10:57:13,494: DEBUG: Calling-Station-Id: [u'17:21:31:41:52:20']
2013-11-20 10:57:13,494: DEBUG: NAS-Port-Type: ['Wireless-802.11']
2013-11-20 10:57:13,494: DEBUG: GoGo-Total-Output-Voice-Octets: [0]
2013-11-20 10:57:13,495: DEBUG: GoGo-Private-IP-Address: ['192.168.1.179']
2013-11-20 10:57:13,495: DEBUG: GoGo-Acct-Input-Voice-Gigawords: [0]
2013-11-20 10:57:13,495: DEBUG: GoGo-Total-Input-Packets: [46520]
2013-11-20 10:57:13,495: DEBUG: GoGo-Total-Input-Gigawords: [0]
2013-11-20 10:57:13,496: DEBUG: GoGo-Acct-Input-Voice-Packets: [0]
2013-11-20 10:57:13,496: DEBUG: GoGo-Total-Input-Octets: [7718513]
2013-11-20 10:57:13,496: DEBUG: GoGo-Total-Output-Packets: [15280]
2013-11-20 10:57:13,496: DEBUG: WISPr-Location-ID: [u'airline=BA01,tail=01009,network=']
2013-11-20 10:57:13,497: DEBUG: GoGo-Acct-Output-Voice-Gigawords: [0]
2013-11-20 10:57:13,497: DEBUG: Acct-Input-Octets: [7718513]
2013-11-20 10:57:13,499: DEBUG: 

2013-11-20 10:57:13,500: DEBUG: Received response with following attributes:
2013-11-20 10:57:23,501: DEBUG: 

2013-11-20 10:57:23,502: DEBUG: Creating Accounting Update Request with the following Attributes:
2013-11-20 10:57:23,502: DEBUG: User-Name: [u'username59@airborne.aircell.com']
2013-11-20 10:57:23,502: DEBUG: GoGo-Tail-Number: [u'AAATestNAS_50']
2013-11-20 10:57:23,502: DEBUG: Acct-Output-Octets: [3454105]
2013-11-20 10:57:23,502: DEBUG: NAS-IP-Address: ['10.254.55.1']
2013-11-20 10:57:23,502: DEBUG: GoGo-Total-Output-Gigawords: [0]
2013-11-20 10:57:23,502: DEBUG: Framed-IP-Address: ['10.254.55.151']
2013-11-20 10:57:23,502: DEBUG: GoGo-Total-Input-Voice-Gigawords: [0]
2013-11-20 10:57:23,502: DEBUG: GoGo-Total-Output-Octets: [3454105]
2013-11-20 10:57:23,503: DEBUG: GoGo-Acct-Input-Voice-Octets: [0]
2013-11-20 10:57:23,503: DEBUG: GoGo-Total-Input-Voice-Packets: [0]
2013-11-20 10:57:23,503: DEBUG: Called-Station-Id: [u'00:16:3E:14:67:53']
2013-11-20 10:57:23,504: DEBUG: WISPr-Location-Name: [u'TEST LLC,BA01_01009']
2013-11-20 10:57:23,504: DEBUG: NAS-Identifier: [u'C08386']
2013-11-20 10:57:23,504: DEBUG: Proxy-State: ['3330,3132']
2013-11-20 10:57:23,504: DEBUG: GoGo-Total-Input-Voice-Octets: [0]
2013-11-20 10:57:23,504: DEBUG: Acct-Status-Type: ['Interim-Update']
2013-11-20 10:57:23,505: DEBUG: GoGo-Total-Output-Voice-Gigawords: [0]
2013-11-20 10:57:23,505: DEBUG: GoGo-Airline: [u'BA01']
2013-11-20 10:57:23,505: DEBUG: Acct-Session-Id: [u'AAATestNAS_50-1384925213473-00163E146753-2']
2013-11-20 10:57:23,505: DEBUG: Acct-Session-Time: [10]
2013-11-20 10:57:23,506: DEBUG: Acct-Input-Packets: [20696]
2013-11-20 10:57:23,506: DEBUG: Acct-Output-Packets: [20970]
2013-11-20 10:57:23,506: DEBUG: GoGo-Acct-Output-Voice-Packets: [0]
2013-11-20 10:57:23,507: DEBUG: GoGo-Acct-Output-Voice-Octets: [0]
2013-11-20 10:57:23,507: DEBUG: Acct-Output-Gigawords: [0]
2013-11-20 10:57:23,507: DEBUG: GoGo-Total-Output-Voice-Packets: [0]
2013-11-20 10:57:23,508: DEBUG: Acct-Input-Gigawords: [0]
2013-11-20 10:57:23,508: DEBUG: Calling-Station-Id: [u'17:21:31:41:52:20']
2013-11-20 10:57:23,508: DEBUG: NAS-Port-Type: ['Wireless-802.11']
2013-11-20 10:57:23,508: DEBUG: GoGo-Total-Output-Voice-Octets: [0]
2013-11-20 10:57:23,509: DEBUG: GoGo-Private-IP-Address: ['192.168.1.179']
2013-11-20 10:57:23,509: DEBUG: GoGo-Acct-Input-Voice-Gigawords: [0]
2013-11-20 10:57:23,509: DEBUG: GoGo-Total-Input-Packets: [20696]
2013-11-20 10:57:23,510: DEBUG: GoGo-Total-Input-Gigawords: [0]
2013-11-20 10:57:23,510: DEBUG: GoGo-Acct-Input-Voice-Packets: [0]
2013-11-20 10:57:23,510: DEBUG: GoGo-Total-Input-Octets: [3339113]
2013-11-20 10:57:23,511: DEBUG: GoGo-Total-Output-Packets: [20970]
2013-11-20 10:57:23,511: DEBUG: WISPr-Location-ID: [u'airline=BA01,tail=01009,network=']
2013-11-20 10:57:23,511: DEBUG: GoGo-Acct-Output-Voice-Gigawords: [0]
2013-11-20 10:57:23,511: DEBUG: Acct-Input-Octets: [3339113]
2013-11-20 10:57:23,513: DEBUG: 

2013-11-20 10:57:23,513: DEBUG: Received response with following attributes:
2013-11-20 10:57:33,514: DEBUG: 

2013-11-20 10:57:33,515: DEBUG: Creating Accounting Update Request with the following Attributes:
2013-11-20 10:57:33,515: DEBUG: User-Name: [u'username59@airborne.aircell.com']
2013-11-20 10:57:33,515: DEBUG: GoGo-Tail-Number: [u'AAATestNAS_50']
2013-11-20 10:57:33,515: DEBUG: Acct-Output-Octets: [7410423]
2013-11-20 10:57:33,515: DEBUG: NAS-IP-Address: ['10.254.55.1']
2013-11-20 10:57:33,516: DEBUG: GoGo-Total-Output-Gigawords: [0]
2013-11-20 10:57:33,516: DEBUG: Framed-IP-Address: ['10.254.55.151']
2013-11-20 10:57:33,516: DEBUG: GoGo-Total-Input-Voice-Gigawords: [0]
2013-11-20 10:57:33,516: DEBUG: GoGo-Total-Output-Octets: [7410423]
2013-11-20 10:57:33,516: DEBUG: GoGo-Acct-Input-Voice-Octets: [0]
2013-11-20 10:57:33,516: DEBUG: GoGo-Total-Input-Voice-Packets: [0]
2013-11-20 10:57:33,516: DEBUG: Called-Station-Id: [u'00:16:3E:14:67:53']
2013-11-20 10:57:33,517: DEBUG: WISPr-Location-Name: [u'TEST LLC,BA01_01009']
2013-11-20 10:57:33,517: DEBUG: NAS-Identifier: [u'C08386']
2013-11-20 10:57:33,517: DEBUG: Proxy-State: ['3330,3132']
2013-11-20 10:57:33,517: DEBUG: GoGo-Total-Input-Voice-Octets: [0]
2013-11-20 10:57:33,517: DEBUG: Acct-Status-Type: ['Interim-Update']
2013-11-20 10:57:33,517: DEBUG: GoGo-Total-Output-Voice-Gigawords: [0]
2013-11-20 10:57:33,517: DEBUG: GoGo-Airline: [u'BA01']
2013-11-20 10:57:33,518: DEBUG: Acct-Session-Id: [u'AAATestNAS_50-1384925213473-00163E146753-2']
2013-11-20 10:57:33,518: DEBUG: Acct-Session-Time: [10]
2013-11-20 10:57:33,518: DEBUG: Acct-Input-Packets: [72890]
2013-11-20 10:57:33,518: DEBUG: Acct-Output-Packets: [68906]
2013-11-20 10:57:33,518: DEBUG: GoGo-Acct-Output-Voice-Packets: [0]
2013-11-20 10:57:33,518: DEBUG: GoGo-Acct-Output-Voice-Octets: [0]
2013-11-20 10:57:33,518: DEBUG: Acct-Output-Gigawords: [0]
2013-11-20 10:57:33,518: DEBUG: GoGo-Total-Output-Voice-Packets: [0]
2013-11-20 10:57:33,519: DEBUG: Acct-Input-Gigawords: [0]
2013-11-20 10:57:33,519: DEBUG: Calling-Station-Id: [u'17:21:31:41:52:20']
2013-11-20 10:57:33,519: DEBUG: NAS-Port-Type: ['Wireless-802.11']
2013-11-20 10:57:33,519: DEBUG: GoGo-Total-Output-Voice-Octets: [0]
2013-11-20 10:57:33,519: DEBUG: GoGo-Private-IP-Address: ['192.168.1.179']
2013-11-20 10:57:33,519: DEBUG: GoGo-Acct-Input-Voice-Gigawords: [0]
2013-11-20 10:57:33,519: DEBUG: GoGo-Total-Input-Packets: [72890]
2013-11-20 10:57:33,519: DEBUG: GoGo-Total-Input-Gigawords: [0]
2013-11-20 10:57:33,519: DEBUG: GoGo-Acct-Input-Voice-Packets: [0]
2013-11-20 10:57:33,519: DEBUG: GoGo-Total-Input-Octets: [8407413]
2013-11-20 10:57:33,520: DEBUG: GoGo-Total-Output-Packets: [68906]
2013-11-20 10:57:33,520: DEBUG: WISPr-Location-ID: [u'airline=BA01,tail=01009,network=']
2013-11-20 10:57:33,520: DEBUG: GoGo-Acct-Output-Voice-Gigawords: [0]
2013-11-20 10:57:33,520: DEBUG: Acct-Input-Octets: [8407413]
2013-11-20 10:57:33,520: ERROR: Network error, Reason: 'Network error: Too many open files'
2013-11-20 10:57:33,520: DEBUG: User has abruptly end flag so ending the test with out AcctStop
2013-11-20 10:57:33,520: DEBUG: Ending the test for this user
