2013-11-20 10:58:02,553: DEBUG: Starting the client for the user username92@airborne.aircell.com to the server localhost

2013-11-20 10:58:02,553: DEBUG: DURATION of the TEST: 91
2013-11-20 10:58:02,553: DEBUG: NAS-IP: 10.254.91.1
2013-11-20 10:58:02,554: DEBUG: NAS-MAC-ADDR: 17:21:31:41:52:56
2013-11-20 10:58:02,554: DEBUG: Abruptly End: False
2013-11-20 10:58:02,554: DEBUG: Framed-IP: 10.254.91.48
2013-11-20 10:58:02,554: DEBUG: User-MAC-Addr: 00:16:3E:59:81:29
2013-11-20 10:58:02,555: DEBUG: 

2013-11-20 10:58:02,556: DEBUG: Creating Authentication Request with the following Attributes:
2013-11-20 10:58:02,558: DEBUG: NAS-Identifier: [u'C08386']
2013-11-20 10:58:02,559: DEBUG: User-Name: [u'username92@airborne.aircell.com']
2013-11-20 10:58:02,561: DEBUG: NAS-IP-Address: ['10.254.91.1']
2013-11-20 10:58:02,562: DEBUG: Service-Type: ['Authenticate-Only']
2013-11-20 10:58:02,563: DEBUG: Proxy-State: ['3237,3134']
2013-11-20 10:58:02,565: DEBUG: Framed-IP-Address: ['10.254.91.48']
2013-11-20 10:58:02,566: DEBUG: GoGo-Airline: [u'BA01']
2013-11-20 10:58:02,567: DEBUG: Acct-Session-Id: [u'AAATestNAS_86-1384925282555-00163E598129-4']
2013-11-20 10:58:02,568: DEBUG: GoGo-Tail-Number: [u'AAATestNAS_86']
2013-11-20 10:58:02,568: DEBUG: GoGo-Private-IP-Address: ['192.168.1.179']
2013-11-20 10:58:02,569: DEBUG: WISPr-Location-ID: [u'airline=BA01,tail=01009,network=']
2013-11-20 10:58:02,571: DEBUG: WISPr-Location-Name: [u'TEST LLC,BA01_01009']
2013-11-20 10:58:02,572: DEBUG: NAS-Port-Type: ['Wireless-802.11']
2013-11-20 10:58:02,572: DEBUG: Called-Station-Id: [u'00:16:3E:59:81:29']
2013-11-20 10:58:02,573: DEBUG: Calling-Station-Id: [u'17:21:31:41:52:56']
2013-11-20 10:58:02,575: ERROR: Network error, Reason: 'Network error: Too many open files'
2013-11-20 10:58:02,575: DEBUG: Ending the test for this user
