2013-11-20 10:55:41,905: DEBUG: Starting the client for the user username19@airborne.aircell.com to the server localhost

2013-11-20 10:55:41,905: DEBUG: DURATION of the TEST: 49
2013-11-20 10:55:41,905: DEBUG: NAS-IP: 10.254.31.1
2013-11-20 10:55:41,905: DEBUG: NAS-MAC-ADDR: 16:21:31:41:51:86
2013-11-20 10:55:41,905: DEBUG: Abruptly End: False
2013-11-20 10:55:41,905: DEBUG: Framed-IP: 10.254.31.192
2013-11-20 10:55:41,905: DEBUG: User-MAC-Addr: 00:16:3E:13:89:AA
2013-11-20 10:55:41,905: DEBUG: 

2013-11-20 10:55:41,906: DEBUG: Creating Authentication Request with the following Attributes:
2013-11-20 10:55:41,906: DEBUG: NAS-Identifier: [u'C08386']
2013-11-20 10:55:41,906: DEBUG: User-Name: [u'username19@airborne.aircell.com']
2013-11-20 10:55:41,906: DEBUG: NAS-IP-Address: ['10.254.31.1']
2013-11-20 10:55:41,906: DEBUG: Service-Type: ['Authenticate-Only']
2013-11-20 10:55:41,906: DEBUG: Proxy-State: ['3237,3134']
2013-11-20 10:55:41,906: DEBUG: Framed-IP-Address: ['10.254.31.192']
2013-11-20 10:55:41,906: DEBUG: GoGo-Airline: [u'BA01']
2013-11-20 10:55:41,907: DEBUG: Acct-Session-Id: [u'AAATestNAS_26-1384925141906-00163E1389AA-1']
2013-11-20 10:55:41,907: DEBUG: GoGo-Tail-Number: [u'AAATestNAS_26']
2013-11-20 10:55:41,907: DEBUG: GoGo-Private-IP-Address: ['192.168.1.179']
2013-11-20 10:55:41,907: DEBUG: WISPr-Location-ID: [u'airline=BA01,tail=01009,network=']
2013-11-20 10:55:41,907: DEBUG: WISPr-Location-Name: [u'TEST LLC,BA01_01009']
2013-11-20 10:55:41,907: DEBUG: NAS-Port-Type: ['Wireless-802.11']
2013-11-20 10:55:41,907: DEBUG: Called-Station-Id: [u'00:16:3E:13:89:AA']
2013-11-20 10:55:41,907: DEBUG: Calling-Station-Id: [u'16:21:31:41:51:86']
2013-11-20 10:55:41,908: DEBUG: 

2013-11-20 10:55:41,908: DEBUG: Received response with code: 2, Accepted
2013-11-20 10:55:41,909: DEBUG: Creating Authentication Request with the following Attributes:
2013-11-20 10:55:41,909: DEBUG: NAS-Identifier: [u'C08386']
2013-11-20 10:55:41,909: DEBUG: User-Name: [u'username19@airborne.aircell.com']
2013-11-20 10:55:41,909: DEBUG: NAS-IP-Address: ['10.254.31.1']
2013-11-20 10:55:41,909: DEBUG: Service-Type: ['Login-User']
2013-11-20 10:55:41,909: DEBUG: Proxy-State: ['3237,3134']
2013-11-20 10:55:41,909: DEBUG: Framed-IP-Address: ['10.254.31.192']
2013-11-20 10:55:41,909: DEBUG: GoGo-Airline: [u'BA01']
2013-11-20 10:55:41,909: DEBUG: Acct-Session-Id: [u'AAATestNAS_26-1384925141908-00163E1389AA-1']
2013-11-20 10:55:41,909: DEBUG: GoGo-Tail-Number: [u'AAATestNAS_26']
2013-11-20 10:55:41,909: DEBUG: GoGo-Private-IP-Address: ['192.168.1.179']
2013-11-20 10:55:41,909: DEBUG: WISPr-Location-ID: [u'airline=BA01,tail=01009,network=']
2013-11-20 10:55:41,909: DEBUG: WISPr-Location-Name: [u'TEST LLC,BA01_01009']
2013-11-20 10:55:41,910: DEBUG: NAS-Port-Type: ['Wireless-802.11']
2013-11-20 10:55:41,910: DEBUG: Called-Station-Id: [u'00:16:3E:13:89:AA']
2013-11-20 10:55:41,910: DEBUG: Calling-Station-Id: [u'16:21:31:41:51:86']
2013-11-20 10:55:41,911: DEBUG: 

2013-11-20 10:55:41,911: DEBUG: Received response with code: 2, Accepted
2013-11-20 10:55:41,911: DEBUG: 

2013-11-20 10:55:41,911: DEBUG: Creating Accounting start Request with the following Attributes:
2013-11-20 10:55:41,911: DEBUG: NAS-Identifier: [u'C08386']
2013-11-20 10:55:41,911: DEBUG: User-Name: [u'username19@airborne.aircell.com']
2013-11-20 10:55:41,911: DEBUG: GoGo-Tail-Number: [u'AAATestNAS_26']
2013-11-20 10:55:41,912: DEBUG: NAS-IP-Address: ['10.254.31.1']
2013-11-20 10:55:41,912: DEBUG: Proxy-State: ['3239,3131']
2013-11-20 10:55:41,912: DEBUG: Acct-Status-Type: ['Start']
2013-11-20 10:55:41,912: DEBUG: GoGo-Airline: [u'BA01']
2013-11-20 10:55:41,912: DEBUG: Acct-Session-Id: [u'AAATestNAS_26-1384925141908-00163E1389AA-1']
2013-11-20 10:55:41,912: DEBUG: GoGo-Private-IP-Address: ['192.168.1.179']
2013-11-20 10:55:41,912: DEBUG: Framed-IP-Address: ['10.254.31.192']
2013-11-20 10:55:41,912: DEBUG: WISPr-Location-ID: [u'airline=BA01,tail=01009,network=']
2013-11-20 10:55:41,912: DEBUG: WISPr-Location-Name: [u'TEST LLC,BA01_01009']
2013-11-20 10:55:41,912: DEBUG: NAS-Port-Type: ['Wireless-802.11']
2013-11-20 10:55:41,912: DEBUG: Called-Station-Id: [u'00:16:3E:13:89:AA']
2013-11-20 10:55:41,912: DEBUG: Calling-Station-Id: [u'16:21:31:41:51:86']
2013-11-20 10:55:41,913: DEBUG: 

2013-11-20 10:55:41,913: DEBUG: Received response with following attributes:
2013-11-20 10:55:51,914: DEBUG: 

2013-11-20 10:55:51,914: DEBUG: Creating Accounting Update Request with the following Attributes:
2013-11-20 10:55:51,915: DEBUG: User-Name: [u'username19@airborne.aircell.com']
2013-11-20 10:55:51,915: DEBUG: GoGo-Tail-Number: [u'AAATestNAS_26']
2013-11-20 10:55:51,915: DEBUG: Acct-Output-Octets: [8888522]
2013-11-20 10:55:51,915: DEBUG: NAS-IP-Address: ['10.254.31.1']
2013-11-20 10:55:51,915: DEBUG: GoGo-Total-Output-Gigawords: [0]
2013-11-20 10:55:51,915: DEBUG: Framed-IP-Address: ['10.254.31.192']
2013-11-20 10:55:51,915: DEBUG: GoGo-Total-Input-Voice-Gigawords: [0]
2013-11-20 10:55:51,915: DEBUG: GoGo-Total-Output-Octets: [8888522]
2013-11-20 10:55:51,915: DEBUG: GoGo-Acct-Input-Voice-Octets: [0]
2013-11-20 10:55:51,915: DEBUG: GoGo-Total-Input-Voice-Packets: [0]
2013-11-20 10:55:51,915: DEBUG: Called-Station-Id: [u'00:16:3E:13:89:AA']
2013-11-20 10:55:51,915: DEBUG: WISPr-Location-Name: [u'TEST LLC,BA01_01009']
2013-11-20 10:55:51,915: DEBUG: NAS-Identifier: [u'C08386']
2013-11-20 10:55:51,915: DEBUG: Proxy-State: ['3330,3132']
2013-11-20 10:55:51,915: DEBUG: GoGo-Total-Input-Voice-Octets: [0]
2013-11-20 10:55:51,916: DEBUG: Acct-Status-Type: ['Interim-Update']
2013-11-20 10:55:51,916: DEBUG: GoGo-Total-Output-Voice-Gigawords: [0]
2013-11-20 10:55:51,916: DEBUG: GoGo-Airline: [u'BA01']
2013-11-20 10:55:51,916: DEBUG: Acct-Session-Id: [u'AAATestNAS_26-1384925141908-00163E1389AA-1']
2013-11-20 10:55:51,916: DEBUG: Acct-Session-Time: [10]
2013-11-20 10:55:51,916: DEBUG: Acct-Input-Packets: [9045]
2013-11-20 10:55:51,916: DEBUG: Acct-Output-Packets: [87758]
2013-11-20 10:55:51,916: DEBUG: GoGo-Acct-Output-Voice-Packets: [0]
2013-11-20 10:55:51,916: DEBUG: GoGo-Acct-Output-Voice-Octets: [0]
2013-11-20 10:55:51,916: DEBUG: Acct-Output-Gigawords: [0]
2013-11-20 10:55:51,916: DEBUG: GoGo-Total-Output-Voice-Packets: [0]
2013-11-20 10:55:51,916: DEBUG: Acct-Input-Gigawords: [0]
2013-11-20 10:55:51,916: DEBUG: Calling-Station-Id: [u'16:21:31:41:51:86']
2013-11-20 10:55:51,916: DEBUG: NAS-Port-Type: ['Wireless-802.11']
2013-11-20 10:55:51,917: DEBUG: GoGo-Total-Output-Voice-Octets: [0]
2013-11-20 10:55:51,917: DEBUG: GoGo-Private-IP-Address: ['192.168.1.179']
2013-11-20 10:55:51,917: DEBUG: GoGo-Acct-Input-Voice-Gigawords: [0]
2013-11-20 10:55:51,917: DEBUG: GoGo-Total-Input-Packets: [9045]
2013-11-20 10:55:51,917: DEBUG: GoGo-Total-Input-Gigawords: [0]
2013-11-20 10:55:51,917: DEBUG: GoGo-Acct-Input-Voice-Packets: [0]
2013-11-20 10:55:51,917: DEBUG: GoGo-Total-Input-Octets: [4893290]
2013-11-20 10:55:51,917: DEBUG: GoGo-Total-Output-Packets: [87758]
2013-11-20 10:55:51,917: DEBUG: WISPr-Location-ID: [u'airline=BA01,tail=01009,network=']
2013-11-20 10:55:51,917: DEBUG: GoGo-Acct-Output-Voice-Gigawords: [0]
2013-11-20 10:55:51,917: DEBUG: Acct-Input-Octets: [4893290]
2013-11-20 10:55:51,919: DEBUG: 

2013-11-20 10:55:51,919: DEBUG: Received response with following attributes:
2013-11-20 10:56:01,919: DEBUG: 

2013-11-20 10:56:01,920: DEBUG: Creating Accounting Update Request with the following Attributes:
2013-11-20 10:56:01,920: DEBUG: User-Name: [u'username19@airborne.aircell.com']
2013-11-20 10:56:01,920: DEBUG: GoGo-Tail-Number: [u'AAATestNAS_26']
2013-11-20 10:56:01,920: DEBUG: Acct-Output-Octets: [6572373]
2013-11-20 10:56:01,921: DEBUG: NAS-IP-Address: ['10.254.31.1']
2013-11-20 10:56:01,921: DEBUG: GoGo-Total-Output-Gigawords: [0]
2013-11-20 10:56:01,921: DEBUG: Framed-IP-Address: ['10.254.31.192']
2013-11-20 10:56:01,921: DEBUG: GoGo-Total-Input-Voice-Gigawords: [0]
2013-11-20 10:56:01,921: DEBUG: GoGo-Total-Output-Octets: [6572373]
2013-11-20 10:56:01,921: DEBUG: GoGo-Acct-Input-Voice-Octets: [0]
2013-11-20 10:56:01,921: DEBUG: GoGo-Total-Input-Voice-Packets: [0]
2013-11-20 10:56:01,921: DEBUG: Called-Station-Id: [u'00:16:3E:13:89:AA']
2013-11-20 10:56:01,921: DEBUG: WISPr-Location-Name: [u'TEST LLC,BA01_01009']
2013-11-20 10:56:01,921: DEBUG: NAS-Identifier: [u'C08386']
2013-11-20 10:56:01,921: DEBUG: Proxy-State: ['3330,3132']
2013-11-20 10:56:01,921: DEBUG: GoGo-Total-Input-Voice-Octets: [0]
2013-11-20 10:56:01,921: DEBUG: Acct-Status-Type: ['Interim-Update']
2013-11-20 10:56:01,922: DEBUG: GoGo-Total-Output-Voice-Gigawords: [0]
2013-11-20 10:56:01,922: DEBUG: GoGo-Airline: [u'BA01']
2013-11-20 10:56:01,922: DEBUG: Acct-Session-Id: [u'AAATestNAS_26-1384925141908-00163E1389AA-1']
2013-11-20 10:56:01,922: DEBUG: Acct-Session-Time: [10]
2013-11-20 10:56:01,922: DEBUG: Acct-Input-Packets: [24272]
2013-11-20 10:56:01,922: DEBUG: Acct-Output-Packets: [22652]
2013-11-20 10:56:01,922: DEBUG: GoGo-Acct-Output-Voice-Packets: [0]
2013-11-20 10:56:01,922: DEBUG: GoGo-Acct-Output-Voice-Octets: [0]
2013-11-20 10:56:01,922: DEBUG: Acct-Output-Gigawords: [0]
2013-11-20 10:56:01,922: DEBUG: GoGo-Total-Output-Voice-Packets: [0]
2013-11-20 10:56:01,922: DEBUG: Acct-Input-Gigawords: [0]
2013-11-20 10:56:01,922: DEBUG: Calling-Station-Id: [u'16:21:31:41:51:86']
2013-11-20 10:56:01,922: DEBUG: NAS-Port-Type: ['Wireless-802.11']
2013-11-20 10:56:01,922: DEBUG: GoGo-Total-Output-Voice-Octets: [0]
2013-11-20 10:56:01,923: DEBUG: GoGo-Private-IP-Address: ['192.168.1.179']
2013-11-20 10:56:01,923: DEBUG: GoGo-Acct-Input-Voice-Gigawords: [0]
2013-11-20 10:56:01,923: DEBUG: GoGo-Total-Input-Packets: [24272]
2013-11-20 10:56:01,923: DEBUG: GoGo-Total-Input-Gigawords: [0]
2013-11-20 10:56:01,923: DEBUG: GoGo-Acct-Input-Voice-Packets: [0]
2013-11-20 10:56:01,923: DEBUG: GoGo-Total-Input-Octets: [9209072]
2013-11-20 10:56:01,923: DEBUG: GoGo-Total-Output-Packets: [22652]
2013-11-20 10:56:01,923: DEBUG: WISPr-Location-ID: [u'airline=BA01,tail=01009,network=']
2013-11-20 10:56:01,923: DEBUG: GoGo-Acct-Output-Voice-Gigawords: [0]
2013-11-20 10:56:01,923: DEBUG: Acct-Input-Octets: [9209072]
2013-11-20 10:56:01,925: DEBUG: 

2013-11-20 10:56:01,925: DEBUG: Received response with following attributes:
2013-11-20 10:56:11,926: DEBUG: 

2013-11-20 10:56:11,927: DEBUG: Creating Accounting Update Request with the following Attributes:
2013-11-20 10:56:11,927: DEBUG: User-Name: [u'username19@airborne.aircell.com']
2013-11-20 10:56:11,927: DEBUG: GoGo-Tail-Number: [u'AAATestNAS_26']
2013-11-20 10:56:11,927: DEBUG: Acct-Output-Octets: [9420558]
2013-11-20 10:56:11,927: DEBUG: NAS-IP-Address: ['10.254.31.1']
2013-11-20 10:56:11,927: DEBUG: GoGo-Total-Output-Gigawords: [0]
2013-11-20 10:56:11,927: DEBUG: Framed-IP-Address: ['10.254.31.192']
2013-11-20 10:56:11,928: DEBUG: GoGo-Total-Input-Voice-Gigawords: [0]
2013-11-20 10:56:11,928: DEBUG: GoGo-Total-Output-Octets: [9420558]
2013-11-20 10:56:11,928: DEBUG: GoGo-Acct-Input-Voice-Octets: [0]
2013-11-20 10:56:11,928: DEBUG: GoGo-Total-Input-Voice-Packets: [0]
2013-11-20 10:56:11,928: DEBUG: Called-Station-Id: [u'00:16:3E:13:89:AA']
2013-11-20 10:56:11,928: DEBUG: WISPr-Location-Name: [u'TEST LLC,BA01_01009']
2013-11-20 10:56:11,928: DEBUG: NAS-Identifier: [u'C08386']
2013-11-20 10:56:11,928: DEBUG: Proxy-State: ['3330,3132']
2013-11-20 10:56:11,928: DEBUG: GoGo-Total-Input-Voice-Octets: [0]
2013-11-20 10:56:11,928: DEBUG: Acct-Status-Type: ['Interim-Update']
2013-11-20 10:56:11,928: DEBUG: GoGo-Total-Output-Voice-Gigawords: [0]
2013-11-20 10:56:11,928: DEBUG: GoGo-Airline: [u'BA01']
2013-11-20 10:56:11,928: DEBUG: Acct-Session-Id: [u'AAATestNAS_26-1384925141908-00163E1389AA-1']
2013-11-20 10:56:11,928: DEBUG: Acct-Session-Time: [10]
2013-11-20 10:56:11,928: DEBUG: Acct-Input-Packets: [48614]
2013-11-20 10:56:11,928: DEBUG: Acct-Output-Packets: [17683]
2013-11-20 10:56:11,929: DEBUG: GoGo-Acct-Output-Voice-Packets: [0]
2013-11-20 10:56:11,929: DEBUG: GoGo-Acct-Output-Voice-Octets: [0]
2013-11-20 10:56:11,929: DEBUG: Acct-Output-Gigawords: [0]
2013-11-20 10:56:11,929: DEBUG: GoGo-Total-Output-Voice-Packets: [0]
2013-11-20 10:56:11,929: DEBUG: Acct-Input-Gigawords: [0]
2013-11-20 10:56:11,929: DEBUG: Calling-Station-Id: [u'16:21:31:41:51:86']
2013-11-20 10:56:11,929: DEBUG: NAS-Port-Type: ['Wireless-802.11']
2013-11-20 10:56:11,929: DEBUG: GoGo-Total-Output-Voice-Octets: [0]
2013-11-20 10:56:11,929: DEBUG: GoGo-Private-IP-Address: ['192.168.1.179']
2013-11-20 10:56:11,929: DEBUG: GoGo-Acct-Input-Voice-Gigawords: [0]
2013-11-20 10:56:11,929: DEBUG: GoGo-Total-Input-Packets: [48614]
2013-11-20 10:56:11,929: DEBUG: GoGo-Total-Input-Gigawords: [0]
2013-11-20 10:56:11,929: DEBUG: GoGo-Acct-Input-Voice-Packets: [0]
2013-11-20 10:56:11,929: DEBUG: GoGo-Total-Input-Octets: [9890901]
2013-11-20 10:56:11,930: DEBUG: GoGo-Total-Output-Packets: [17683]
2013-11-20 10:56:11,930: DEBUG: WISPr-Location-ID: [u'airline=BA01,tail=01009,network=']
2013-11-20 10:56:11,930: DEBUG: GoGo-Acct-Output-Voice-Gigawords: [0]
2013-11-20 10:56:11,930: DEBUG: Acct-Input-Octets: [9890901]
2013-11-20 10:56:11,931: DEBUG: 

2013-11-20 10:56:11,931: DEBUG: Received response with following attributes:
2013-11-20 10:56:21,932: DEBUG: 

2013-11-20 10:56:21,933: DEBUG: Creating Accounting Update Request with the following Attributes:
2013-11-20 10:56:21,933: DEBUG: User-Name: [u'username19@airborne.aircell.com']
2013-11-20 10:56:21,933: DEBUG: GoGo-Tail-Number: [u'AAATestNAS_26']
2013-11-20 10:56:21,933: DEBUG: Acct-Output-Octets: [3676629]
2013-11-20 10:56:21,933: DEBUG: NAS-IP-Address: ['10.254.31.1']
2013-11-20 10:56:21,933: DEBUG: GoGo-Total-Output-Gigawords: [0]
2013-11-20 10:56:21,933: DEBUG: Framed-IP-Address: ['10.254.31.192']
2013-11-20 10:56:21,933: DEBUG: GoGo-Total-Input-Voice-Gigawords: [0]
2013-11-20 10:56:21,934: DEBUG: GoGo-Total-Output-Octets: [3676629]
2013-11-20 10:56:21,934: DEBUG: GoGo-Acct-Input-Voice-Octets: [0]
2013-11-20 10:56:21,934: DEBUG: GoGo-Total-Input-Voice-Packets: [0]
2013-11-20 10:56:21,934: DEBUG: Called-Station-Id: [u'00:16:3E:13:89:AA']
2013-11-20 10:56:21,934: DEBUG: WISPr-Location-Name: [u'TEST LLC,BA01_01009']
2013-11-20 10:56:21,934: DEBUG: NAS-Identifier: [u'C08386']
2013-11-20 10:56:21,934: DEBUG: Proxy-State: ['3330,3132']
2013-11-20 10:56:21,934: DEBUG: GoGo-Total-Input-Voice-Octets: [0]
2013-11-20 10:56:21,934: DEBUG: Acct-Status-Type: ['Interim-Update']
2013-11-20 10:56:21,934: DEBUG: GoGo-Total-Output-Voice-Gigawords: [0]
2013-11-20 10:56:21,935: DEBUG: GoGo-Airline: [u'BA01']
2013-11-20 10:56:21,935: DEBUG: Acct-Session-Id: [u'AAATestNAS_26-1384925141908-00163E1389AA-1']
2013-11-20 10:56:21,935: DEBUG: Acct-Session-Time: [10]
2013-11-20 10:56:21,935: DEBUG: Acct-Input-Packets: [9674]
2013-11-20 10:56:21,935: DEBUG: Acct-Output-Packets: [26484]
2013-11-20 10:56:21,935: DEBUG: GoGo-Acct-Output-Voice-Packets: [0]
2013-11-20 10:56:21,935: DEBUG: GoGo-Acct-Output-Voice-Octets: [0]
2013-11-20 10:56:21,935: DEBUG: Acct-Output-Gigawords: [0]
2013-11-20 10:56:21,935: DEBUG: GoGo-Total-Output-Voice-Packets: [0]
2013-11-20 10:56:21,935: DEBUG: Acct-Input-Gigawords: [0]
2013-11-20 10:56:21,936: DEBUG: Calling-Station-Id: [u'16:21:31:41:51:86']
2013-11-20 10:56:21,936: DEBUG: NAS-Port-Type: ['Wireless-802.11']
2013-11-20 10:56:21,936: DEBUG: GoGo-Total-Output-Voice-Octets: [0]
2013-11-20 10:56:21,936: DEBUG: GoGo-Private-IP-Address: ['192.168.1.179']
2013-11-20 10:56:21,936: DEBUG: GoGo-Acct-Input-Voice-Gigawords: [0]
2013-11-20 10:56:21,936: DEBUG: GoGo-Total-Input-Packets: [9674]
2013-11-20 10:56:21,936: DEBUG: GoGo-Total-Input-Gigawords: [0]
2013-11-20 10:56:21,936: DEBUG: GoGo-Acct-Input-Voice-Packets: [0]
2013-11-20 10:56:21,936: DEBUG: GoGo-Total-Input-Octets: [5170026]
2013-11-20 10:56:21,936: DEBUG: GoGo-Total-Output-Packets: [26484]
2013-11-20 10:56:21,937: DEBUG: WISPr-Location-ID: [u'airline=BA01,tail=01009,network=']
2013-11-20 10:56:21,937: DEBUG: GoGo-Acct-Output-Voice-Gigawords: [0]
2013-11-20 10:56:21,937: DEBUG: Acct-Input-Octets: [5170026]
2013-11-20 10:56:21,939: DEBUG: 

2013-11-20 10:56:21,939: DEBUG: Received response with following attributes:
2013-11-20 10:56:30,939: DEBUG: 

2013-11-20 10:56:30,941: DEBUG: Creating Accounting Update Request with the following Attributes:
2013-11-20 10:56:30,941: DEBUG: User-Name: [u'username19@airborne.aircell.com']
2013-11-20 10:56:30,941: DEBUG: GoGo-Tail-Number: [u'AAATestNAS_26']
2013-11-20 10:56:30,941: DEBUG: Acct-Output-Octets: [7830181]
2013-11-20 10:56:30,942: DEBUG: NAS-IP-Address: ['10.254.31.1']
2013-11-20 10:56:30,942: DEBUG: GoGo-Total-Output-Gigawords: [0]
2013-11-20 10:56:30,942: DEBUG: Framed-IP-Address: ['10.254.31.192']
2013-11-20 10:56:30,942: DEBUG: GoGo-Total-Input-Voice-Gigawords: [0]
2013-11-20 10:56:30,942: DEBUG: GoGo-Total-Output-Octets: [7830181]
2013-11-20 10:56:30,942: DEBUG: GoGo-Acct-Input-Voice-Octets: [0]
2013-11-20 10:56:30,942: DEBUG: GoGo-Total-Input-Voice-Packets: [0]
2013-11-20 10:56:30,942: DEBUG: Called-Station-Id: [u'00:16:3E:13:89:AA']
2013-11-20 10:56:30,943: DEBUG: WISPr-Location-Name: [u'TEST LLC,BA01_01009']
2013-11-20 10:56:30,943: DEBUG: NAS-Identifier: [u'C08386']
2013-11-20 10:56:30,943: DEBUG: Proxy-State: ['3330,3132']
2013-11-20 10:56:30,943: DEBUG: GoGo-Total-Input-Voice-Octets: [0]
2013-11-20 10:56:30,943: DEBUG: Acct-Status-Type: ['Interim-Update']
2013-11-20 10:56:30,943: DEBUG: GoGo-Total-Output-Voice-Gigawords: [0]
2013-11-20 10:56:30,943: DEBUG: GoGo-Airline: [u'BA01']
2013-11-20 10:56:30,944: DEBUG: Acct-Session-Id: [u'AAATestNAS_26-1384925141908-00163E1389AA-1']
2013-11-20 10:56:30,944: DEBUG: Acct-Session-Time: [9]
2013-11-20 10:56:30,944: DEBUG: Acct-Input-Packets: [2599]
2013-11-20 10:56:30,944: DEBUG: Acct-Output-Packets: [19723]
2013-11-20 10:56:30,944: DEBUG: GoGo-Acct-Output-Voice-Packets: [0]
2013-11-20 10:56:30,944: DEBUG: GoGo-Acct-Output-Voice-Octets: [0]
2013-11-20 10:56:30,944: DEBUG: Acct-Output-Gigawords: [0]
2013-11-20 10:56:30,944: DEBUG: GoGo-Total-Output-Voice-Packets: [0]
2013-11-20 10:56:30,945: DEBUG: Acct-Input-Gigawords: [0]
2013-11-20 10:56:30,945: DEBUG: Calling-Station-Id: [u'16:21:31:41:51:86']
2013-11-20 10:56:30,945: DEBUG: NAS-Port-Type: ['Wireless-802.11']
2013-11-20 10:56:30,945: DEBUG: GoGo-Total-Output-Voice-Octets: [0]
2013-11-20 10:56:30,945: DEBUG: GoGo-Private-IP-Address: ['192.168.1.179']
2013-11-20 10:56:30,945: DEBUG: GoGo-Acct-Input-Voice-Gigawords: [0]
2013-11-20 10:56:30,945: DEBUG: GoGo-Total-Input-Packets: [2599]
2013-11-20 10:56:30,945: DEBUG: GoGo-Total-Input-Gigawords: [0]
2013-11-20 10:56:30,945: DEBUG: GoGo-Acct-Input-Voice-Packets: [0]
2013-11-20 10:56:30,946: DEBUG: GoGo-Total-Input-Octets: [1511861]
2013-11-20 10:56:30,946: DEBUG: GoGo-Total-Output-Packets: [19723]
2013-11-20 10:56:30,946: DEBUG: WISPr-Location-ID: [u'airline=BA01,tail=01009,network=']
2013-11-20 10:56:30,946: DEBUG: GoGo-Acct-Output-Voice-Gigawords: [0]
2013-11-20 10:56:30,946: DEBUG: Acct-Input-Octets: [1511861]
2013-11-20 10:56:30,948: DEBUG: 

2013-11-20 10:56:30,948: DEBUG: Received response with following attributes:
2013-11-20 10:57:00,949: DEBUG: 

2013-11-20 10:57:00,950: DEBUG: Creating Accounting Stop Request with the following Attributes:
2013-11-20 10:57:00,950: DEBUG: User-Name: [u'username19@airborne.aircell.com']
2013-11-20 10:57:00,950: DEBUG: GoGo-Tail-Number: [u'01009']
2013-11-20 10:57:00,950: DEBUG: Acct-Output-Octets: [4611542]
2013-11-20 10:57:00,950: DEBUG: NAS-IP-Address: ['10.254.31.1']
2013-11-20 10:57:00,950: DEBUG: GoGo-Total-Output-Gigawords: [0]
2013-11-20 10:57:00,950: DEBUG: Framed-IP-Address: ['10.254.31.192']
2013-11-20 10:57:00,950: DEBUG: GoGo-Total-Input-Voice-Gigawords: [0]
2013-11-20 10:57:00,950: DEBUG: GoGo-Total-Output-Octets: [4611542]
2013-11-20 10:57:00,950: DEBUG: GoGo-Acct-Input-Voice-Octets: [0]
2013-11-20 10:57:00,950: DEBUG: GoGo-Total-Input-Voice-Packets: [0]
2013-11-20 10:57:00,950: DEBUG: Called-Station-Id: [u'00:16:3E:13:89:AA']
2013-11-20 10:57:00,951: DEBUG: WISPr-Location-Name: [u'TEST LLC,BA01_01009']
2013-11-20 10:57:00,951: DEBUG: NAS-Identifier: [u'C08386']
2013-11-20 10:57:00,951: DEBUG: Proxy-State: ['3330,3132']
2013-11-20 10:57:00,951: DEBUG: GoGo-Total-Input-Voice-Octets: [0]
2013-11-20 10:57:00,951: DEBUG: Acct-Status-Type: ['Stop']
2013-11-20 10:57:00,951: DEBUG: GoGo-Total-Output-Voice-Gigawords: [0]
2013-11-20 10:57:00,951: DEBUG: GoGo-Airline: [u'BA01']
2013-11-20 10:57:00,951: DEBUG: Acct-Session-Id: [u'AAATestNAS_26-1384925141908-00163E1389AA-1']
2013-11-20 10:57:00,951: DEBUG: Acct-Session-Time: [30]
2013-11-20 10:57:00,951: DEBUG: Acct-Input-Packets: [44992]
2013-11-20 10:57:00,951: DEBUG: Acct-Output-Packets: [8383]
2013-11-20 10:57:00,951: DEBUG: Acct-Terminate-Cause: ['User-Request']
2013-11-20 10:57:00,951: DEBUG: GoGo-Acct-Output-Voice-Octets: [0]
2013-11-20 10:57:00,951: DEBUG: Acct-Output-Gigawords: [0]
2013-11-20 10:57:00,952: DEBUG: GoGo-Total-Output-Voice-Packets: [0]
2013-11-20 10:57:00,952: DEBUG: Acct-Input-Gigawords: [0]
2013-11-20 10:57:00,952: DEBUG: Calling-Station-Id: [u'16:21:31:41:51:86']
2013-11-20 10:57:00,952: DEBUG: NAS-Port-Type: ['Wireless-802.11']
2013-11-20 10:57:00,952: DEBUG: GoGo-Total-Output-Voice-Octets: [0]
2013-11-20 10:57:00,952: DEBUG: GoGo-Private-IP-Address: ['192.168.1.179']
2013-11-20 10:57:00,952: DEBUG: GoGo-Acct-Input-Voice-Gigawords: [0]
2013-11-20 10:57:00,952: DEBUG: GoGo-Total-Input-Packets: [44992]
2013-11-20 10:57:00,952: DEBUG: GoGo-Total-Input-Gigawords: [0]
2013-11-20 10:57:00,952: DEBUG: GoGo-Acct-Input-Voice-Packets: [0]
2013-11-20 10:57:00,952: DEBUG: GoGo-Total-Input-Octets: [6690142]
2013-11-20 10:57:00,952: DEBUG: GoGo-Total-Output-Packets: [8383]
2013-11-20 10:57:00,952: DEBUG: WISPr-Location-ID: [u'airline=BA01,tail=01009,network=']
2013-11-20 10:57:00,952: DEBUG: GoGo-Acct-Output-Voice-Packets: [0]
2013-11-20 10:57:00,953: DEBUG: GoGo-Acct-Output-Voice-Gigawords: [0]
2013-11-20 10:57:00,953: DEBUG: Acct-Input-Octets: [6690142]
2013-11-20 10:57:00,954: DEBUG: 

2013-11-20 10:57:00,954: DEBUG: Received response with following attributes:
2013-11-20 10:57:00,954: DEBUG: Ending the test for this user
2013-11-20 10:57:01,493: DEBUG: Starting the client for the user username19@airborne.aircell.com to the server localhost

2013-11-20 10:57:01,494: DEBUG: DURATION of the TEST: 38
2013-11-20 10:57:01,495: DEBUG: NAS-IP: 10.254.211.1
2013-11-20 10:57:01,496: DEBUG: NAS-MAC-ADDR: 18:21:31:41:52:87
2013-11-20 10:57:01,496: DEBUG: Abruptly End: False
2013-11-20 10:57:01,497: DEBUG: Framed-IP: 10.254.211.82
2013-11-20 10:57:01,497: DEBUG: User-MAC-Addr: 00:16:3E:29:9A:D3
2013-11-20 10:57:01,498: DEBUG: 

2013-11-20 10:57:01,500: DEBUG: Creating Authentication Request with the following Attributes:
2013-11-20 10:57:01,500: DEBUG: NAS-Identifier: [u'C08386']
2013-11-20 10:57:01,501: DEBUG: User-Name: [u'username19@airborne.aircell.com']
2013-11-20 10:57:01,501: DEBUG: NAS-IP-Address: ['10.254.211.1']
2013-11-20 10:57:01,501: DEBUG: Service-Type: ['Authenticate-Only']
2013-11-20 10:57:01,502: DEBUG: Proxy-State: ['3237,3134']
2013-11-20 10:57:01,503: DEBUG: Framed-IP-Address: ['10.254.211.82']
2013-11-20 10:57:01,504: DEBUG: GoGo-Airline: [u'BA01']
2013-11-20 10:57:01,504: DEBUG: Acct-Session-Id: [u'AAATestNAS_206-1384925221500-00163E299AD3-1']
2013-11-20 10:57:01,505: DEBUG: GoGo-Tail-Number: [u'AAATestNAS_206']
2013-11-20 10:57:01,506: DEBUG: GoGo-Private-IP-Address: ['192.168.1.179']
2013-11-20 10:57:01,507: DEBUG: WISPr-Location-ID: [u'airline=BA01,tail=01009,network=']
2013-11-20 10:57:01,509: DEBUG: WISPr-Location-Name: [u'TEST LLC,BA01_01009']
2013-11-20 10:57:01,509: DEBUG: NAS-Port-Type: ['Wireless-802.11']
2013-11-20 10:57:01,510: DEBUG: Called-Station-Id: [u'00:16:3E:29:9A:D3']
2013-11-20 10:57:01,515: DEBUG: Calling-Station-Id: [u'18:21:31:41:52:87']
2013-11-20 10:57:01,518: DEBUG: 

2013-11-20 10:57:01,519: DEBUG: Received response with code: 2, Accepted
2013-11-20 10:57:01,520: DEBUG: Creating Authentication Request with the following Attributes:
2013-11-20 10:57:01,522: DEBUG: NAS-Identifier: [u'C08386']
2013-11-20 10:57:01,522: DEBUG: User-Name: [u'username19@airborne.aircell.com']
2013-11-20 10:57:01,524: DEBUG: NAS-IP-Address: ['10.254.211.1']
2013-11-20 10:57:01,524: DEBUG: Service-Type: ['Login-User']
2013-11-20 10:57:01,526: DEBUG: Proxy-State: ['3237,3134']
2013-11-20 10:57:01,527: DEBUG: Framed-IP-Address: ['10.254.211.82']
2013-11-20 10:57:01,531: DEBUG: GoGo-Airline: [u'BA01']
2013-11-20 10:57:01,533: DEBUG: Acct-Session-Id: [u'AAATestNAS_206-1384925221520-00163E299AD3-1']
2013-11-20 10:57:01,537: DEBUG: GoGo-Tail-Number: [u'AAATestNAS_206']
2013-11-20 10:57:01,538: DEBUG: GoGo-Private-IP-Address: ['192.168.1.179']
2013-11-20 10:57:01,540: DEBUG: WISPr-Location-ID: [u'airline=BA01,tail=01009,network=']
2013-11-20 10:57:01,541: DEBUG: WISPr-Location-Name: [u'TEST LLC,BA01_01009']
2013-11-20 10:57:01,542: DEBUG: NAS-Port-Type: ['Wireless-802.11']
2013-11-20 10:57:01,543: DEBUG: Called-Station-Id: [u'00:16:3E:29:9A:D3']
2013-11-20 10:57:01,545: DEBUG: Calling-Station-Id: [u'18:21:31:41:52:87']
2013-11-20 10:57:01,549: DEBUG: 

2013-11-20 10:57:01,550: DEBUG: Received response with code: 2, Accepted
2013-11-20 10:57:01,551: DEBUG: 

2013-11-20 10:57:01,552: DEBUG: Creating Accounting start Request with the following Attributes:
2013-11-20 10:57:01,553: DEBUG: NAS-Identifier: [u'C08386']
2013-11-20 10:57:01,554: DEBUG: User-Name: [u'username19@airborne.aircell.com']
2013-11-20 10:57:01,555: DEBUG: GoGo-Tail-Number: [u'AAATestNAS_206']
2013-11-20 10:57:01,556: DEBUG: NAS-IP-Address: ['10.254.211.1']
2013-11-20 10:57:01,558: DEBUG: Proxy-State: ['3239,3131']
2013-11-20 10:57:01,559: DEBUG: Acct-Status-Type: ['Start']
2013-11-20 10:57:01,559: DEBUG: GoGo-Airline: [u'BA01']
2013-11-20 10:57:01,560: DEBUG: Acct-Session-Id: [u'AAATestNAS_206-1384925221520-00163E299AD3-1']
2013-11-20 10:57:01,561: DEBUG: GoGo-Private-IP-Address: ['192.168.1.179']
2013-11-20 10:57:01,562: DEBUG: Framed-IP-Address: ['10.254.211.82']
2013-11-20 10:57:01,563: DEBUG: WISPr-Location-ID: [u'airline=BA01,tail=01009,network=']
2013-11-20 10:57:01,563: DEBUG: WISPr-Location-Name: [u'TEST LLC,BA01_01009']
2013-11-20 10:57:01,564: DEBUG: NAS-Port-Type: ['Wireless-802.11']
2013-11-20 10:57:01,565: DEBUG: Called-Station-Id: [u'00:16:3E:29:9A:D3']
2013-11-20 10:57:01,565: DEBUG: Calling-Station-Id: [u'18:21:31:41:52:87']
2013-11-20 10:57:01,567: DEBUG: 

2013-11-20 10:57:01,567: DEBUG: Received response with following attributes:
2013-11-20 10:57:11,569: DEBUG: 

2013-11-20 10:57:11,570: DEBUG: Creating Accounting Update Request with the following Attributes:
2013-11-20 10:57:11,571: DEBUG: User-Name: [u'username19@airborne.aircell.com']
2013-11-20 10:57:11,572: DEBUG: GoGo-Tail-Number: [u'AAATestNAS_206']
2013-11-20 10:57:11,572: DEBUG: Acct-Output-Octets: [5494441]
2013-11-20 10:57:11,574: DEBUG: NAS-IP-Address: ['10.254.211.1']
2013-11-20 10:57:11,575: DEBUG: GoGo-Total-Output-Gigawords: [0]
2013-11-20 10:57:11,576: DEBUG: Framed-IP-Address: ['10.254.211.82']
2013-11-20 10:57:11,578: DEBUG: GoGo-Total-Input-Voice-Gigawords: [0]
2013-11-20 10:57:11,580: DEBUG: GoGo-Total-Output-Octets: [5494441]
2013-11-20 10:57:11,582: DEBUG: GoGo-Acct-Input-Voice-Octets: [0]
2013-11-20 10:57:11,582: DEBUG: GoGo-Total-Input-Voice-Packets: [0]
2013-11-20 10:57:11,584: DEBUG: Called-Station-Id: [u'00:16:3E:29:9A:D3']
2013-11-20 10:57:11,586: DEBUG: WISPr-Location-Name: [u'TEST LLC,BA01_01009']
2013-11-20 10:57:11,586: DEBUG: NAS-Identifier: [u'C08386']
2013-11-20 10:57:11,588: DEBUG: Proxy-State: ['3330,3132']
2013-11-20 10:57:11,589: DEBUG: GoGo-Total-Input-Voice-Octets: [0]
2013-11-20 10:57:11,590: DEBUG: Acct-Status-Type: ['Interim-Update']
2013-11-20 10:57:11,590: DEBUG: GoGo-Total-Output-Voice-Gigawords: [0]
2013-11-20 10:57:11,591: DEBUG: GoGo-Airline: [u'BA01']
2013-11-20 10:57:11,592: DEBUG: Acct-Session-Id: [u'AAATestNAS_206-1384925221520-00163E299AD3-1']
2013-11-20 10:57:11,594: DEBUG: Acct-Session-Time: [10]
2013-11-20 10:57:11,594: DEBUG: Acct-Input-Packets: [37685]
2013-11-20 10:57:11,595: DEBUG: Acct-Output-Packets: [47655]
2013-11-20 10:57:11,596: DEBUG: GoGo-Acct-Output-Voice-Packets: [0]
2013-11-20 10:57:11,598: DEBUG: GoGo-Acct-Output-Voice-Octets: [0]
2013-11-20 10:57:11,598: DEBUG: Acct-Output-Gigawords: [0]
2013-11-20 10:57:11,599: DEBUG: GoGo-Total-Output-Voice-Packets: [0]
2013-11-20 10:57:11,600: DEBUG: Acct-Input-Gigawords: [0]
2013-11-20 10:57:11,600: DEBUG: Calling-Station-Id: [u'18:21:31:41:52:87']
2013-11-20 10:57:11,601: DEBUG: NAS-Port-Type: ['Wireless-802.11']
2013-11-20 10:57:11,602: DEBUG: GoGo-Total-Output-Voice-Octets: [0]
2013-11-20 10:57:11,603: DEBUG: GoGo-Private-IP-Address: ['192.168.1.179']
2013-11-20 10:57:11,603: DEBUG: GoGo-Acct-Input-Voice-Gigawords: [0]
2013-11-20 10:57:11,604: DEBUG: GoGo-Total-Input-Packets: [37685]
2013-11-20 10:57:11,605: DEBUG: GoGo-Total-Input-Gigawords: [0]
2013-11-20 10:57:11,605: DEBUG: GoGo-Acct-Input-Voice-Packets: [0]
2013-11-20 10:57:11,606: DEBUG: GoGo-Total-Input-Octets: [3807748]
2013-11-20 10:57:11,607: DEBUG: GoGo-Total-Output-Packets: [47655]
2013-11-20 10:57:11,608: DEBUG: WISPr-Location-ID: [u'airline=BA01,tail=01009,network=']
2013-11-20 10:57:11,609: DEBUG: GoGo-Acct-Output-Voice-Gigawords: [0]
2013-11-20 10:57:11,610: DEBUG: Acct-Input-Octets: [3807748]
2013-11-20 10:57:11,612: DEBUG: 

2013-11-20 10:57:11,613: DEBUG: Received response with following attributes:
2013-11-20 10:57:21,615: DEBUG: 

2013-11-20 10:57:21,616: DEBUG: Creating Accounting Update Request with the following Attributes:
2013-11-20 10:57:21,617: DEBUG: User-Name: [u'username19@airborne.aircell.com']
2013-11-20 10:57:21,617: DEBUG: GoGo-Tail-Number: [u'AAATestNAS_206']
2013-11-20 10:57:21,617: DEBUG: Acct-Output-Octets: [6476767]
2013-11-20 10:57:21,618: DEBUG: NAS-IP-Address: ['10.254.211.1']
2013-11-20 10:57:21,619: DEBUG: GoGo-Total-Output-Gigawords: [0]
2013-11-20 10:57:21,620: DEBUG: Framed-IP-Address: ['10.254.211.82']
2013-11-20 10:57:21,621: DEBUG: GoGo-Total-Input-Voice-Gigawords: [0]
2013-11-20 10:57:21,624: DEBUG: GoGo-Total-Output-Octets: [6476767]
2013-11-20 10:57:21,624: DEBUG: GoGo-Acct-Input-Voice-Octets: [0]
2013-11-20 10:57:21,625: DEBUG: GoGo-Total-Input-Voice-Packets: [0]
2013-11-20 10:57:21,625: DEBUG: Called-Station-Id: [u'00:16:3E:29:9A:D3']
2013-11-20 10:57:21,626: DEBUG: WISPr-Location-Name: [u'TEST LLC,BA01_01009']
2013-11-20 10:57:21,627: DEBUG: NAS-Identifier: [u'C08386']
2013-11-20 10:57:21,628: DEBUG: Proxy-State: ['3330,3132']
2013-11-20 10:57:21,630: DEBUG: GoGo-Total-Input-Voice-Octets: [0]
2013-11-20 10:57:21,631: DEBUG: Acct-Status-Type: ['Interim-Update']
2013-11-20 10:57:21,631: DEBUG: GoGo-Total-Output-Voice-Gigawords: [0]
2013-11-20 10:57:21,632: DEBUG: GoGo-Airline: [u'BA01']
2013-11-20 10:57:21,634: DEBUG: Acct-Session-Id: [u'AAATestNAS_206-1384925221520-00163E299AD3-1']
2013-11-20 10:57:21,635: DEBUG: Acct-Session-Time: [10]
2013-11-20 10:57:21,635: DEBUG: Acct-Input-Packets: [18749]
2013-11-20 10:57:21,636: DEBUG: Acct-Output-Packets: [8273]
2013-11-20 10:57:21,638: DEBUG: GoGo-Acct-Output-Voice-Packets: [0]
2013-11-20 10:57:21,639: DEBUG: GoGo-Acct-Output-Voice-Octets: [0]
2013-11-20 10:57:21,639: DEBUG: Acct-Output-Gigawords: [0]
2013-11-20 10:57:21,640: DEBUG: GoGo-Total-Output-Voice-Packets: [0]
2013-11-20 10:57:21,642: DEBUG: Acct-Input-Gigawords: [0]
2013-11-20 10:57:21,643: DEBUG: Calling-Station-Id: [u'18:21:31:41:52:87']
2013-11-20 10:57:21,643: DEBUG: NAS-Port-Type: ['Wireless-802.11']
2013-11-20 10:57:21,644: DEBUG: GoGo-Total-Output-Voice-Octets: [0]
2013-11-20 10:57:21,644: DEBUG: GoGo-Private-IP-Address: ['192.168.1.179']
2013-11-20 10:57:21,647: DEBUG: GoGo-Acct-Input-Voice-Gigawords: [0]
2013-11-20 10:57:21,647: DEBUG: GoGo-Total-Input-Packets: [18749]
2013-11-20 10:57:21,649: DEBUG: GoGo-Total-Input-Gigawords: [0]
2013-11-20 10:57:21,649: DEBUG: GoGo-Acct-Input-Voice-Packets: [0]
2013-11-20 10:57:21,651: DEBUG: GoGo-Total-Input-Octets: [9667348]
2013-11-20 10:57:21,652: DEBUG: GoGo-Total-Output-Packets: [8273]
2013-11-20 10:57:21,652: DEBUG: WISPr-Location-ID: [u'airline=BA01,tail=01009,network=']
2013-11-20 10:57:21,653: DEBUG: GoGo-Acct-Output-Voice-Gigawords: [0]
2013-11-20 10:57:21,654: DEBUG: Acct-Input-Octets: [9667348]
2013-11-20 10:57:21,656: DEBUG: 

2013-11-20 10:57:21,656: DEBUG: Received response with following attributes:
2013-11-20 10:57:31,657: DEBUG: 

2013-11-20 10:57:31,659: DEBUG: Creating Accounting Update Request with the following Attributes:
2013-11-20 10:57:31,661: DEBUG: User-Name: [u'username19@airborne.aircell.com']
2013-11-20 10:57:31,662: DEBUG: GoGo-Tail-Number: [u'AAATestNAS_206']
2013-11-20 10:57:31,663: DEBUG: Acct-Output-Octets: [9847102]
2013-11-20 10:57:31,663: DEBUG: NAS-IP-Address: ['10.254.211.1']
2013-11-20 10:57:31,663: DEBUG: GoGo-Total-Output-Gigawords: [0]
2013-11-20 10:57:31,664: DEBUG: Framed-IP-Address: ['10.254.211.82']
2013-11-20 10:57:31,664: DEBUG: GoGo-Total-Input-Voice-Gigawords: [0]
2013-11-20 10:57:31,664: DEBUG: GoGo-Total-Output-Octets: [9847102]
2013-11-20 10:57:31,665: DEBUG: GoGo-Acct-Input-Voice-Octets: [0]
2013-11-20 10:57:31,666: DEBUG: GoGo-Total-Input-Voice-Packets: [0]
2013-11-20 10:57:31,667: DEBUG: Called-Station-Id: [u'00:16:3E:29:9A:D3']
2013-11-20 10:57:31,667: DEBUG: WISPr-Location-Name: [u'TEST LLC,BA01_01009']
2013-11-20 10:57:31,668: DEBUG: NAS-Identifier: [u'C08386']
2013-11-20 10:57:31,668: DEBUG: Proxy-State: ['3330,3132']
2013-11-20 10:57:31,670: DEBUG: GoGo-Total-Input-Voice-Octets: [0]
2013-11-20 10:57:31,670: DEBUG: Acct-Status-Type: ['Interim-Update']
2013-11-20 10:57:31,670: DEBUG: GoGo-Total-Output-Voice-Gigawords: [0]
2013-11-20 10:57:31,671: DEBUG: GoGo-Airline: [u'BA01']
2013-11-20 10:57:31,672: DEBUG: Acct-Session-Id: [u'AAATestNAS_206-1384925221520-00163E299AD3-1']
2013-11-20 10:57:31,673: DEBUG: Acct-Session-Time: [10]
2013-11-20 10:57:31,674: DEBUG: Acct-Input-Packets: [15836]
2013-11-20 10:57:31,675: DEBUG: Acct-Output-Packets: [31398]
2013-11-20 10:57:31,676: DEBUG: GoGo-Acct-Output-Voice-Packets: [0]
2013-11-20 10:57:31,677: DEBUG: GoGo-Acct-Output-Voice-Octets: [0]
2013-11-20 10:57:31,677: DEBUG: Acct-Output-Gigawords: [0]
2013-11-20 10:57:31,678: DEBUG: GoGo-Total-Output-Voice-Packets: [0]
2013-11-20 10:57:31,678: DEBUG: Acct-Input-Gigawords: [0]
2013-11-20 10:57:31,679: DEBUG: Calling-Station-Id: [u'18:21:31:41:52:87']
2013-11-20 10:57:31,680: DEBUG: NAS-Port-Type: ['Wireless-802.11']
2013-11-20 10:57:31,681: DEBUG: GoGo-Total-Output-Voice-Octets: [0]
2013-11-20 10:57:31,682: DEBUG: GoGo-Private-IP-Address: ['192.168.1.179']
2013-11-20 10:57:31,682: DEBUG: GoGo-Acct-Input-Voice-Gigawords: [0]
2013-11-20 10:57:31,683: DEBUG: GoGo-Total-Input-Packets: [15836]
2013-11-20 10:57:31,683: DEBUG: GoGo-Total-Input-Gigawords: [0]
2013-11-20 10:57:31,684: DEBUG: GoGo-Acct-Input-Voice-Packets: [0]
2013-11-20 10:57:31,685: DEBUG: GoGo-Total-Input-Octets: [3847507]
2013-11-20 10:57:31,686: DEBUG: GoGo-Total-Output-Packets: [31398]
2013-11-20 10:57:31,687: DEBUG: WISPr-Location-ID: [u'airline=BA01,tail=01009,network=']
2013-11-20 10:57:31,687: DEBUG: GoGo-Acct-Output-Voice-Gigawords: [0]
2013-11-20 10:57:31,687: DEBUG: Acct-Input-Octets: [3847507]
2013-11-20 10:57:31,689: ERROR: Network error, Reason: 'Network error: Too many open files'
2013-11-20 10:57:39,690: DEBUG: 

2013-11-20 10:57:39,690: DEBUG: Creating Accounting Update Request with the following Attributes:
2013-11-20 10:57:39,691: DEBUG: User-Name: [u'username19@airborne.aircell.com']
2013-11-20 10:57:39,692: DEBUG: GoGo-Tail-Number: [u'AAATestNAS_206']
2013-11-20 10:57:39,692: DEBUG: Acct-Output-Octets: [6565392]
2013-11-20 10:57:39,693: DEBUG: NAS-IP-Address: ['10.254.211.1']
2013-11-20 10:57:39,693: DEBUG: GoGo-Total-Output-Gigawords: [0]
2013-11-20 10:57:39,694: DEBUG: Framed-IP-Address: ['10.254.211.82']
2013-11-20 10:57:39,694: DEBUG: GoGo-Total-Input-Voice-Gigawords: [0]
2013-11-20 10:57:39,695: DEBUG: GoGo-Total-Output-Octets: [6565392]
2013-11-20 10:57:39,696: DEBUG: GoGo-Acct-Input-Voice-Octets: [0]
2013-11-20 10:57:39,696: DEBUG: GoGo-Total-Input-Voice-Packets: [0]
2013-11-20 10:57:39,696: DEBUG: Called-Station-Id: [u'00:16:3E:29:9A:D3']
2013-11-20 10:57:39,697: DEBUG: WISPr-Location-Name: [u'TEST LLC,BA01_01009']
2013-11-20 10:57:39,697: DEBUG: NAS-Identifier: [u'C08386']
2013-11-20 10:57:39,698: DEBUG: Proxy-State: ['3330,3132']
2013-11-20 10:57:39,698: DEBUG: GoGo-Total-Input-Voice-Octets: [0]
2013-11-20 10:57:39,699: DEBUG: Acct-Status-Type: ['Interim-Update']
2013-11-20 10:57:39,699: DEBUG: GoGo-Total-Output-Voice-Gigawords: [0]
2013-11-20 10:57:39,699: DEBUG: GoGo-Airline: [u'BA01']
2013-11-20 10:57:39,700: DEBUG: Acct-Session-Id: [u'AAATestNAS_206-1384925221520-00163E299AD3-1']
2013-11-20 10:57:39,700: DEBUG: Acct-Session-Time: [8]
2013-11-20 10:57:39,700: DEBUG: Acct-Input-Packets: [51647]
2013-11-20 10:57:39,701: DEBUG: Acct-Output-Packets: [7862]
2013-11-20 10:57:39,701: DEBUG: GoGo-Acct-Output-Voice-Packets: [0]
2013-11-20 10:57:39,702: DEBUG: GoGo-Acct-Output-Voice-Octets: [0]
2013-11-20 10:57:39,702: DEBUG: Acct-Output-Gigawords: [0]
2013-11-20 10:57:39,703: DEBUG: GoGo-Total-Output-Voice-Packets: [0]
2013-11-20 10:57:39,703: DEBUG: Acct-Input-Gigawords: [0]
2013-11-20 10:57:39,704: DEBUG: Calling-Station-Id: [u'18:21:31:41:52:87']
2013-11-20 10:57:39,704: DEBUG: NAS-Port-Type: ['Wireless-802.11']
2013-11-20 10:57:39,704: DEBUG: GoGo-Total-Output-Voice-Octets: [0]
2013-11-20 10:57:39,704: DEBUG: GoGo-Private-IP-Address: ['192.168.1.179']
2013-11-20 10:57:39,705: DEBUG: GoGo-Acct-Input-Voice-Gigawords: [0]
2013-11-20 10:57:39,705: DEBUG: GoGo-Total-Input-Packets: [51647]
2013-11-20 10:57:39,705: DEBUG: GoGo-Total-Input-Gigawords: [0]
2013-11-20 10:57:39,706: DEBUG: GoGo-Acct-Input-Voice-Packets: [0]
2013-11-20 10:57:39,706: DEBUG: GoGo-Total-Input-Octets: [7784701]
2013-11-20 10:57:39,706: DEBUG: GoGo-Total-Output-Packets: [7862]
2013-11-20 10:57:39,707: DEBUG: WISPr-Location-ID: [u'airline=BA01,tail=01009,network=']
2013-11-20 10:57:39,707: DEBUG: GoGo-Acct-Output-Voice-Gigawords: [0]
2013-11-20 10:57:39,707: DEBUG: Acct-Input-Octets: [7784701]
2013-11-20 10:57:39,708: ERROR: Network error, Reason: 'Network error: Too many open files'
2013-11-20 10:57:50,708: DEBUG: 

2013-11-20 10:57:50,709: DEBUG: Creating Accounting Stop Request with the following Attributes:
2013-11-20 10:57:50,709: DEBUG: User-Name: [u'username19@airborne.aircell.com']
2013-11-20 10:57:50,709: DEBUG: GoGo-Tail-Number: [u'01009']
2013-11-20 10:57:50,709: DEBUG: Acct-Output-Octets: [2648102]
2013-11-20 10:57:50,709: DEBUG: NAS-IP-Address: ['10.254.211.1']
2013-11-20 10:57:50,709: DEBUG: GoGo-Total-Output-Gigawords: [0]
2013-11-20 10:57:50,710: DEBUG: Framed-IP-Address: ['10.254.211.82']
2013-11-20 10:57:50,710: DEBUG: GoGo-Total-Input-Voice-Gigawords: [0]
2013-11-20 10:57:50,710: DEBUG: GoGo-Total-Output-Octets: [2648102]
2013-11-20 10:57:50,710: DEBUG: GoGo-Acct-Input-Voice-Octets: [0]
2013-11-20 10:57:50,710: DEBUG: GoGo-Total-Input-Voice-Packets: [0]
2013-11-20 10:57:50,710: DEBUG: Called-Station-Id: [u'00:16:3E:29:9A:D3']
2013-11-20 10:57:50,710: DEBUG: WISPr-Location-Name: [u'TEST LLC,BA01_01009']
2013-11-20 10:57:50,710: DEBUG: NAS-Identifier: [u'C08386']
2013-11-20 10:57:50,710: DEBUG: Proxy-State: ['3330,3132']
2013-11-20 10:57:50,711: DEBUG: GoGo-Total-Input-Voice-Octets: [0]
2013-11-20 10:57:50,711: DEBUG: Acct-Status-Type: ['Stop']
2013-11-20 10:57:50,711: DEBUG: GoGo-Total-Output-Voice-Gigawords: [0]
2013-11-20 10:57:50,711: DEBUG: GoGo-Airline: [u'BA01']
2013-11-20 10:57:50,711: DEBUG: Acct-Session-Id: [u'AAATestNAS_206-1384925221520-00163E299AD3-1']
2013-11-20 10:57:50,711: DEBUG: Acct-Session-Time: [11]
2013-11-20 10:57:50,711: DEBUG: Acct-Input-Packets: [10072]
2013-11-20 10:57:50,711: DEBUG: Acct-Output-Packets: [7475]
2013-11-20 10:57:50,711: DEBUG: Acct-Terminate-Cause: ['User-Request']
2013-11-20 10:57:50,711: DEBUG: GoGo-Acct-Output-Voice-Octets: [0]
2013-11-20 10:57:50,712: DEBUG: Acct-Output-Gigawords: [0]
2013-11-20 10:57:50,712: DEBUG: GoGo-Total-Output-Voice-Packets: [0]
2013-11-20 10:57:50,712: DEBUG: Acct-Input-Gigawords: [0]
2013-11-20 10:57:50,712: DEBUG: Calling-Station-Id: [u'18:21:31:41:52:87']
2013-11-20 10:57:50,712: DEBUG: NAS-Port-Type: ['Wireless-802.11']
2013-11-20 10:57:50,712: DEBUG: GoGo-Total-Output-Voice-Octets: [0]
2013-11-20 10:57:50,712: DEBUG: GoGo-Private-IP-Address: ['192.168.1.179']
2013-11-20 10:57:50,712: DEBUG: GoGo-Acct-Input-Voice-Gigawords: [0]
2013-11-20 10:57:50,712: DEBUG: GoGo-Total-Input-Packets: [10072]
2013-11-20 10:57:50,712: DEBUG: GoGo-Total-Input-Gigawords: [0]
2013-11-20 10:57:50,713: DEBUG: GoGo-Acct-Input-Voice-Packets: [0]
2013-11-20 10:57:50,713: DEBUG: GoGo-Total-Input-Octets: [3606992]
2013-11-20 10:57:50,713: DEBUG: GoGo-Total-Output-Packets: [7475]
2013-11-20 10:57:50,713: DEBUG: WISPr-Location-ID: [u'airline=BA01,tail=01009,network=']
2013-11-20 10:57:50,713: DEBUG: GoGo-Acct-Output-Voice-Packets: [0]
2013-11-20 10:57:50,713: DEBUG: GoGo-Acct-Output-Voice-Gigawords: [0]
2013-11-20 10:57:50,713: DEBUG: Acct-Input-Octets: [3606992]
2013-11-20 10:57:50,715: DEBUG: 

2013-11-20 10:57:50,716: DEBUG: Received response with following attributes:
2013-11-20 10:57:50,716: DEBUG: Ending the test for this user
2013-11-20 10:57:51,546: DEBUG: Starting the client for the user username19@airborne.aircell.com to the server localhost

