2013-11-20 10:56:09,426: DEBUG: Starting the client for the user username88@airborne.aircell.com to the server localhost

2013-11-20 10:56:09,427: DEBUG: DURATION of the TEST: 75
2013-11-20 10:56:09,427: DEBUG: NAS-IP: 10.254.162.1
2013-11-20 10:56:09,427: DEBUG: NAS-MAC-ADDR: 18:21:31:41:52:38
2013-11-20 10:56:09,427: DEBUG: Abruptly End: False
2013-11-20 10:56:09,428: DEBUG: Framed-IP: 10.254.162.172
2013-11-20 10:56:09,428: DEBUG: User-MAC-Addr: 00:16:3E:68:AA:87
2013-11-20 10:56:09,428: DEBUG: 

2013-11-20 10:56:09,429: DEBUG: Creating Authentication Request with the following Attributes:
2013-11-20 10:56:09,429: DEBUG: NAS-Identifier: [u'C08386']
2013-11-20 10:56:09,430: DEBUG: User-Name: [u'username88@airborne.aircell.com']
2013-11-20 10:56:09,430: DEBUG: NAS-IP-Address: ['10.254.162.1']
2013-11-20 10:56:09,430: DEBUG: Service-Type: ['Authenticate-Only']
2013-11-20 10:56:09,430: DEBUG: Proxy-State: ['3237,3134']
2013-11-20 10:56:09,430: DEBUG: Framed-IP-Address: ['10.254.162.172']
2013-11-20 10:56:09,431: DEBUG: GoGo-Airline: [u'BA01']
2013-11-20 10:56:09,431: DEBUG: Acct-Session-Id: [u'AAATestNAS_157-1384925169429-00163E68AA87-1']
2013-11-20 10:56:09,431: DEBUG: GoGo-Tail-Number: [u'AAATestNAS_157']
2013-11-20 10:56:09,431: DEBUG: GoGo-Private-IP-Address: ['192.168.1.179']
2013-11-20 10:56:09,431: DEBUG: WISPr-Location-ID: [u'airline=BA01,tail=01009,network=']
2013-11-20 10:56:09,432: DEBUG: WISPr-Location-Name: [u'TEST LLC,BA01_01009']
2013-11-20 10:56:09,432: DEBUG: NAS-Port-Type: ['Wireless-802.11']
2013-11-20 10:56:09,432: DEBUG: Called-Station-Id: [u'00:16:3E:68:AA:87']
2013-11-20 10:56:09,432: DEBUG: Calling-Station-Id: [u'18:21:31:41:52:38']
2013-11-20 10:56:09,434: DEBUG: 

2013-11-20 10:56:09,434: DEBUG: Received response with code: 2, Accepted
2013-11-20 10:56:09,434: DEBUG: Creating Authentication Request with the following Attributes:
2013-11-20 10:56:09,435: DEBUG: NAS-Identifier: [u'C08386']
2013-11-20 10:56:09,435: DEBUG: User-Name: [u'username88@airborne.aircell.com']
2013-11-20 10:56:09,435: DEBUG: NAS-IP-Address: ['10.254.162.1']
2013-11-20 10:56:09,435: DEBUG: Service-Type: ['Login-User']
2013-11-20 10:56:09,435: DEBUG: Proxy-State: ['3237,3134']
2013-11-20 10:56:09,435: DEBUG: Framed-IP-Address: ['10.254.162.172']
2013-11-20 10:56:09,436: DEBUG: GoGo-Airline: [u'BA01']
2013-11-20 10:56:09,436: DEBUG: Acct-Session-Id: [u'AAATestNAS_157-1384925169434-00163E68AA87-1']
2013-11-20 10:56:09,436: DEBUG: GoGo-Tail-Number: [u'AAATestNAS_157']
2013-11-20 10:56:09,436: DEBUG: GoGo-Private-IP-Address: ['192.168.1.179']
2013-11-20 10:56:09,436: DEBUG: WISPr-Location-ID: [u'airline=BA01,tail=01009,network=']
2013-11-20 10:56:09,436: DEBUG: WISPr-Location-Name: [u'TEST LLC,BA01_01009']
2013-11-20 10:56:09,437: DEBUG: NAS-Port-Type: ['Wireless-802.11']
2013-11-20 10:56:09,437: DEBUG: Called-Station-Id: [u'00:16:3E:68:AA:87']
2013-11-20 10:56:09,437: DEBUG: Calling-Station-Id: [u'18:21:31:41:52:38']
2013-11-20 10:56:09,438: DEBUG: 

2013-11-20 10:56:09,438: DEBUG: Received response with code: 2, Accepted
2013-11-20 10:56:09,439: DEBUG: 

2013-11-20 10:56:09,439: DEBUG: Creating Accounting start Request with the following Attributes:
2013-11-20 10:56:09,439: DEBUG: NAS-Identifier: [u'C08386']
2013-11-20 10:56:09,439: DEBUG: User-Name: [u'username88@airborne.aircell.com']
2013-11-20 10:56:09,439: DEBUG: GoGo-Tail-Number: [u'AAATestNAS_157']
2013-11-20 10:56:09,439: DEBUG: NAS-IP-Address: ['10.254.162.1']
2013-11-20 10:56:09,440: DEBUG: Proxy-State: ['3239,3131']
2013-11-20 10:56:09,440: DEBUG: Acct-Status-Type: ['Start']
2013-11-20 10:56:09,440: DEBUG: GoGo-Airline: [u'BA01']
2013-11-20 10:56:09,440: DEBUG: Acct-Session-Id: [u'AAATestNAS_157-1384925169434-00163E68AA87-1']
2013-11-20 10:56:09,440: DEBUG: GoGo-Private-IP-Address: ['192.168.1.179']
2013-11-20 10:56:09,440: DEBUG: Framed-IP-Address: ['10.254.162.172']
2013-11-20 10:56:09,440: DEBUG: WISPr-Location-ID: [u'airline=BA01,tail=01009,network=']
2013-11-20 10:56:09,440: DEBUG: WISPr-Location-Name: [u'TEST LLC,BA01_01009']
2013-11-20 10:56:09,441: DEBUG: NAS-Port-Type: ['Wireless-802.11']
2013-11-20 10:56:09,441: DEBUG: Called-Station-Id: [u'00:16:3E:68:AA:87']
2013-11-20 10:56:09,441: DEBUG: Calling-Station-Id: [u'18:21:31:41:52:38']
2013-11-20 10:56:09,442: DEBUG: 

2013-11-20 10:56:09,442: DEBUG: Received response with following attributes:
2013-11-20 10:56:19,443: DEBUG: 

2013-11-20 10:56:19,444: DEBUG: Creating Accounting Update Request with the following Attributes:
2013-11-20 10:56:19,444: DEBUG: User-Name: [u'username88@airborne.aircell.com']
2013-11-20 10:56:19,444: DEBUG: GoGo-Tail-Number: [u'AAATestNAS_157']
2013-11-20 10:56:19,444: DEBUG: Acct-Output-Octets: [1160371]
2013-11-20 10:56:19,444: DEBUG: NAS-IP-Address: ['10.254.162.1']
2013-11-20 10:56:19,444: DEBUG: GoGo-Total-Output-Gigawords: [0]
2013-11-20 10:56:19,444: DEBUG: Framed-IP-Address: ['10.254.162.172']
2013-11-20 10:56:19,444: DEBUG: GoGo-Total-Input-Voice-Gigawords: [0]
2013-11-20 10:56:19,445: DEBUG: GoGo-Total-Output-Octets: [1160371]
2013-11-20 10:56:19,445: DEBUG: GoGo-Acct-Input-Voice-Octets: [0]
2013-11-20 10:56:19,445: DEBUG: GoGo-Total-Input-Voice-Packets: [0]
2013-11-20 10:56:19,445: DEBUG: Called-Station-Id: [u'00:16:3E:68:AA:87']
2013-11-20 10:56:19,445: DEBUG: WISPr-Location-Name: [u'TEST LLC,BA01_01009']
2013-11-20 10:56:19,445: DEBUG: NAS-Identifier: [u'C08386']
2013-11-20 10:56:19,445: DEBUG: Proxy-State: ['3330,3132']
2013-11-20 10:56:19,445: DEBUG: GoGo-Total-Input-Voice-Octets: [0]
2013-11-20 10:56:19,445: DEBUG: Acct-Status-Type: ['Interim-Update']
2013-11-20 10:56:19,445: DEBUG: GoGo-Total-Output-Voice-Gigawords: [0]
2013-11-20 10:56:19,446: DEBUG: GoGo-Airline: [u'BA01']
2013-11-20 10:56:19,446: DEBUG: Acct-Session-Id: [u'AAATestNAS_157-1384925169434-00163E68AA87-1']
2013-11-20 10:56:19,446: DEBUG: Acct-Session-Time: [10]
2013-11-20 10:56:19,446: DEBUG: Acct-Input-Packets: [9214]
2013-11-20 10:56:19,446: DEBUG: Acct-Output-Packets: [2658]
2013-11-20 10:56:19,446: DEBUG: GoGo-Acct-Output-Voice-Packets: [0]
2013-11-20 10:56:19,446: DEBUG: GoGo-Acct-Output-Voice-Octets: [0]
2013-11-20 10:56:19,446: DEBUG: Acct-Output-Gigawords: [0]
2013-11-20 10:56:19,446: DEBUG: GoGo-Total-Output-Voice-Packets: [0]
2013-11-20 10:56:19,447: DEBUG: Acct-Input-Gigawords: [0]
2013-11-20 10:56:19,447: DEBUG: Calling-Station-Id: [u'18:21:31:41:52:38']
2013-11-20 10:56:19,447: DEBUG: NAS-Port-Type: ['Wireless-802.11']
2013-11-20 10:56:19,447: DEBUG: GoGo-Total-Output-Voice-Octets: [0]
2013-11-20 10:56:19,447: DEBUG: GoGo-Private-IP-Address: ['192.168.1.179']
2013-11-20 10:56:19,447: DEBUG: GoGo-Acct-Input-Voice-Gigawords: [0]
2013-11-20 10:56:19,447: DEBUG: GoGo-Total-Input-Packets: [9214]
2013-11-20 10:56:19,447: DEBUG: GoGo-Total-Input-Gigawords: [0]
2013-11-20 10:56:19,447: DEBUG: GoGo-Acct-Input-Voice-Packets: [0]
2013-11-20 10:56:19,447: DEBUG: GoGo-Total-Input-Octets: [8678319]
2013-11-20 10:56:19,448: DEBUG: GoGo-Total-Output-Packets: [2658]
2013-11-20 10:56:19,448: DEBUG: WISPr-Location-ID: [u'airline=BA01,tail=01009,network=']
2013-11-20 10:56:19,448: DEBUG: GoGo-Acct-Output-Voice-Gigawords: [0]
2013-11-20 10:56:19,448: DEBUG: Acct-Input-Octets: [8678319]
2013-11-20 10:56:19,449: DEBUG: 

2013-11-20 10:56:19,450: DEBUG: Received response with following attributes:
2013-11-20 10:56:29,450: DEBUG: 

2013-11-20 10:56:29,451: DEBUG: Creating Accounting Update Request with the following Attributes:
2013-11-20 10:56:29,451: DEBUG: User-Name: [u'username88@airborne.aircell.com']
2013-11-20 10:56:29,451: DEBUG: GoGo-Tail-Number: [u'AAATestNAS_157']
2013-11-20 10:56:29,451: DEBUG: Acct-Output-Octets: [7450566]
2013-11-20 10:56:29,451: DEBUG: NAS-IP-Address: ['10.254.162.1']
2013-11-20 10:56:29,451: DEBUG: GoGo-Total-Output-Gigawords: [0]
2013-11-20 10:56:29,452: DEBUG: Framed-IP-Address: ['10.254.162.172']
2013-11-20 10:56:29,452: DEBUG: GoGo-Total-Input-Voice-Gigawords: [0]
2013-11-20 10:56:29,452: DEBUG: GoGo-Total-Output-Octets: [7450566]
2013-11-20 10:56:29,452: DEBUG: GoGo-Acct-Input-Voice-Octets: [0]
2013-11-20 10:56:29,452: DEBUG: GoGo-Total-Input-Voice-Packets: [0]
2013-11-20 10:56:29,452: DEBUG: Called-Station-Id: [u'00:16:3E:68:AA:87']
2013-11-20 10:56:29,452: DEBUG: WISPr-Location-Name: [u'TEST LLC,BA01_01009']
2013-11-20 10:56:29,452: DEBUG: NAS-Identifier: [u'C08386']
2013-11-20 10:56:29,452: DEBUG: Proxy-State: ['3330,3132']
2013-11-20 10:56:29,453: DEBUG: GoGo-Total-Input-Voice-Octets: [0]
2013-11-20 10:56:29,453: DEBUG: Acct-Status-Type: ['Interim-Update']
2013-11-20 10:56:29,453: DEBUG: GoGo-Total-Output-Voice-Gigawords: [0]
2013-11-20 10:56:29,453: DEBUG: GoGo-Airline: [u'BA01']
2013-11-20 10:56:29,453: DEBUG: Acct-Session-Id: [u'AAATestNAS_157-1384925169434-00163E68AA87-1']
2013-11-20 10:56:29,453: DEBUG: Acct-Session-Time: [10]
2013-11-20 10:56:29,453: DEBUG: Acct-Input-Packets: [36217]
2013-11-20 10:56:29,453: DEBUG: Acct-Output-Packets: [53976]
2013-11-20 10:56:29,453: DEBUG: GoGo-Acct-Output-Voice-Packets: [0]
2013-11-20 10:56:29,453: DEBUG: GoGo-Acct-Output-Voice-Octets: [0]
2013-11-20 10:56:29,454: DEBUG: Acct-Output-Gigawords: [0]
2013-11-20 10:56:29,454: DEBUG: GoGo-Total-Output-Voice-Packets: [0]
2013-11-20 10:56:29,454: DEBUG: Acct-Input-Gigawords: [0]
2013-11-20 10:56:29,454: DEBUG: Calling-Station-Id: [u'18:21:31:41:52:38']
2013-11-20 10:56:29,454: DEBUG: NAS-Port-Type: ['Wireless-802.11']
2013-11-20 10:56:29,454: DEBUG: GoGo-Total-Output-Voice-Octets: [0]
2013-11-20 10:56:29,454: DEBUG: GoGo-Private-IP-Address: ['192.168.1.179']
2013-11-20 10:56:29,454: DEBUG: GoGo-Acct-Input-Voice-Gigawords: [0]
2013-11-20 10:56:29,454: DEBUG: GoGo-Total-Input-Packets: [36217]
2013-11-20 10:56:29,455: DEBUG: GoGo-Total-Input-Gigawords: [0]
2013-11-20 10:56:29,455: DEBUG: GoGo-Acct-Input-Voice-Packets: [0]
2013-11-20 10:56:29,455: DEBUG: GoGo-Total-Input-Octets: [7303516]
2013-11-20 10:56:29,455: DEBUG: GoGo-Total-Output-Packets: [53976]
2013-11-20 10:56:29,455: DEBUG: WISPr-Location-ID: [u'airline=BA01,tail=01009,network=']
2013-11-20 10:56:29,455: DEBUG: GoGo-Acct-Output-Voice-Gigawords: [0]
2013-11-20 10:56:29,455: DEBUG: Acct-Input-Octets: [7303516]
2013-11-20 10:56:29,457: DEBUG: 

2013-11-20 10:56:29,457: DEBUG: Received response with following attributes:
2013-11-20 10:56:39,458: DEBUG: 

2013-11-20 10:56:39,459: DEBUG: Creating Accounting Update Request with the following Attributes:
2013-11-20 10:56:39,459: DEBUG: User-Name: [u'username88@airborne.aircell.com']
2013-11-20 10:56:39,459: DEBUG: GoGo-Tail-Number: [u'AAATestNAS_157']
2013-11-20 10:56:39,460: DEBUG: Acct-Output-Octets: [6336943]
2013-11-20 10:56:39,460: DEBUG: NAS-IP-Address: ['10.254.162.1']
2013-11-20 10:56:39,461: DEBUG: GoGo-Total-Output-Gigawords: [0]
2013-11-20 10:56:39,461: DEBUG: Framed-IP-Address: ['10.254.162.172']
2013-11-20 10:56:39,462: DEBUG: GoGo-Total-Input-Voice-Gigawords: [0]
2013-11-20 10:56:39,462: DEBUG: GoGo-Total-Output-Octets: [6336943]
2013-11-20 10:56:39,462: DEBUG: GoGo-Acct-Input-Voice-Octets: [0]
2013-11-20 10:56:39,463: DEBUG: GoGo-Total-Input-Voice-Packets: [0]
2013-11-20 10:56:39,463: DEBUG: Called-Station-Id: [u'00:16:3E:68:AA:87']
2013-11-20 10:56:39,464: DEBUG: WISPr-Location-Name: [u'TEST LLC,BA01_01009']
2013-11-20 10:56:39,464: DEBUG: NAS-Identifier: [u'C08386']
2013-11-20 10:56:39,465: DEBUG: Proxy-State: ['3330,3132']
2013-11-20 10:56:39,465: DEBUG: GoGo-Total-Input-Voice-Octets: [0]
2013-11-20 10:56:39,465: DEBUG: Acct-Status-Type: ['Interim-Update']
2013-11-20 10:56:39,466: DEBUG: GoGo-Total-Output-Voice-Gigawords: [0]
2013-11-20 10:56:39,466: DEBUG: GoGo-Airline: [u'BA01']
2013-11-20 10:56:39,466: DEBUG: Acct-Session-Id: [u'AAATestNAS_157-1384925169434-00163E68AA87-1']
2013-11-20 10:56:39,467: DEBUG: Acct-Session-Time: [10]
2013-11-20 10:56:39,467: DEBUG: Acct-Input-Packets: [73253]
2013-11-20 10:56:39,467: DEBUG: Acct-Output-Packets: [48084]
2013-11-20 10:56:39,467: DEBUG: GoGo-Acct-Output-Voice-Packets: [0]
2013-11-20 10:56:39,467: DEBUG: GoGo-Acct-Output-Voice-Octets: [0]
2013-11-20 10:56:39,468: DEBUG: Acct-Output-Gigawords: [0]
2013-11-20 10:56:39,468: DEBUG: GoGo-Total-Output-Voice-Packets: [0]
2013-11-20 10:56:39,468: DEBUG: Acct-Input-Gigawords: [0]
2013-11-20 10:56:39,468: DEBUG: Calling-Station-Id: [u'18:21:31:41:52:38']
2013-11-20 10:56:39,468: DEBUG: NAS-Port-Type: ['Wireless-802.11']
2013-11-20 10:56:39,469: DEBUG: GoGo-Total-Output-Voice-Octets: [0]
2013-11-20 10:56:39,469: DEBUG: GoGo-Private-IP-Address: ['192.168.1.179']
2013-11-20 10:56:39,469: DEBUG: GoGo-Acct-Input-Voice-Gigawords: [0]
2013-11-20 10:56:39,470: DEBUG: GoGo-Total-Input-Packets: [73253]
2013-11-20 10:56:39,470: DEBUG: GoGo-Total-Input-Gigawords: [0]
2013-11-20 10:56:39,471: DEBUG: GoGo-Acct-Input-Voice-Packets: [0]
2013-11-20 10:56:39,471: DEBUG: GoGo-Total-Input-Octets: [7415392]
2013-11-20 10:56:39,472: DEBUG: GoGo-Total-Output-Packets: [48084]
2013-11-20 10:56:39,472: DEBUG: WISPr-Location-ID: [u'airline=BA01,tail=01009,network=']
2013-11-20 10:56:39,473: DEBUG: GoGo-Acct-Output-Voice-Gigawords: [0]
2013-11-20 10:56:39,473: DEBUG: Acct-Input-Octets: [7415392]
2013-11-20 10:56:39,475: DEBUG: 

2013-11-20 10:56:39,476: DEBUG: Received response with following attributes:
2013-11-20 10:56:49,477: DEBUG: 

2013-11-20 10:56:49,478: DEBUG: Creating Accounting Update Request with the following Attributes:
2013-11-20 10:56:49,479: DEBUG: User-Name: [u'username88@airborne.aircell.com']
2013-11-20 10:56:49,480: DEBUG: GoGo-Tail-Number: [u'AAATestNAS_157']
2013-11-20 10:56:49,480: DEBUG: Acct-Output-Octets: [2362737]
2013-11-20 10:56:49,481: DEBUG: NAS-IP-Address: ['10.254.162.1']
2013-11-20 10:56:49,481: DEBUG: GoGo-Total-Output-Gigawords: [0]
2013-11-20 10:56:49,481: DEBUG: Framed-IP-Address: ['10.254.162.172']
2013-11-20 10:56:49,482: DEBUG: GoGo-Total-Input-Voice-Gigawords: [0]
2013-11-20 10:56:49,483: DEBUG: GoGo-Total-Output-Octets: [2362737]
2013-11-20 10:56:49,484: DEBUG: GoGo-Acct-Input-Voice-Octets: [0]
2013-11-20 10:56:49,484: DEBUG: GoGo-Total-Input-Voice-Packets: [0]
2013-11-20 10:56:49,486: DEBUG: Called-Station-Id: [u'00:16:3E:68:AA:87']
2013-11-20 10:56:49,487: DEBUG: WISPr-Location-Name: [u'TEST LLC,BA01_01009']
2013-11-20 10:56:49,487: DEBUG: NAS-Identifier: [u'C08386']
2013-11-20 10:56:49,488: DEBUG: Proxy-State: ['3330,3132']
2013-11-20 10:56:49,489: DEBUG: GoGo-Total-Input-Voice-Octets: [0]
2013-11-20 10:56:49,492: DEBUG: Acct-Status-Type: ['Interim-Update']
2013-11-20 10:56:49,492: DEBUG: GoGo-Total-Output-Voice-Gigawords: [0]
2013-11-20 10:56:49,493: DEBUG: GoGo-Airline: [u'BA01']
2013-11-20 10:56:49,494: DEBUG: Acct-Session-Id: [u'AAATestNAS_157-1384925169434-00163E68AA87-1']
2013-11-20 10:56:49,495: DEBUG: Acct-Session-Time: [10]
2013-11-20 10:56:49,496: DEBUG: Acct-Input-Packets: [46845]
2013-11-20 10:56:49,497: DEBUG: Acct-Output-Packets: [9534]
2013-11-20 10:56:49,497: DEBUG: GoGo-Acct-Output-Voice-Packets: [0]
2013-11-20 10:56:49,498: DEBUG: GoGo-Acct-Output-Voice-Octets: [0]
2013-11-20 10:56:49,499: DEBUG: Acct-Output-Gigawords: [0]
2013-11-20 10:56:49,500: DEBUG: GoGo-Total-Output-Voice-Packets: [0]
2013-11-20 10:56:49,500: DEBUG: Acct-Input-Gigawords: [0]
2013-11-20 10:56:49,501: DEBUG: Calling-Station-Id: [u'18:21:31:41:52:38']
2013-11-20 10:56:49,502: DEBUG: NAS-Port-Type: ['Wireless-802.11']
2013-11-20 10:56:49,503: DEBUG: GoGo-Total-Output-Voice-Octets: [0]
2013-11-20 10:56:49,504: DEBUG: GoGo-Private-IP-Address: ['192.168.1.179']
2013-11-20 10:56:49,505: DEBUG: GoGo-Acct-Input-Voice-Gigawords: [0]
2013-11-20 10:56:49,505: DEBUG: GoGo-Total-Input-Packets: [46845]
2013-11-20 10:56:49,508: DEBUG: GoGo-Total-Input-Gigawords: [0]
2013-11-20 10:56:49,510: DEBUG: GoGo-Acct-Input-Voice-Packets: [0]
2013-11-20 10:56:49,511: DEBUG: GoGo-Total-Input-Octets: [6796309]
2013-11-20 10:56:49,515: DEBUG: GoGo-Total-Output-Packets: [9534]
2013-11-20 10:56:49,515: DEBUG: WISPr-Location-ID: [u'airline=BA01,tail=01009,network=']
2013-11-20 10:56:49,518: DEBUG: GoGo-Acct-Output-Voice-Gigawords: [0]
2013-11-20 10:56:49,519: DEBUG: Acct-Input-Octets: [6796309]
2013-11-20 10:56:49,524: DEBUG: 

2013-11-20 10:56:49,526: DEBUG: Received response with following attributes:
2013-11-20 10:56:59,530: DEBUG: 

2013-11-20 10:56:59,530: DEBUG: Creating Accounting Update Request with the following Attributes:
2013-11-20 10:56:59,531: DEBUG: User-Name: [u'username88@airborne.aircell.com']
2013-11-20 10:56:59,531: DEBUG: GoGo-Tail-Number: [u'AAATestNAS_157']
2013-11-20 10:56:59,531: DEBUG: Acct-Output-Octets: [8340685]
2013-11-20 10:56:59,532: DEBUG: NAS-IP-Address: ['10.254.162.1']
2013-11-20 10:56:59,532: DEBUG: GoGo-Total-Output-Gigawords: [0]
2013-11-20 10:56:59,532: DEBUG: Framed-IP-Address: ['10.254.162.172']
2013-11-20 10:56:59,532: DEBUG: GoGo-Total-Input-Voice-Gigawords: [0]
2013-11-20 10:56:59,533: DEBUG: GoGo-Total-Output-Octets: [8340685]
2013-11-20 10:56:59,533: DEBUG: GoGo-Acct-Input-Voice-Octets: [0]
2013-11-20 10:56:59,533: DEBUG: GoGo-Total-Input-Voice-Packets: [0]
2013-11-20 10:56:59,533: DEBUG: Called-Station-Id: [u'00:16:3E:68:AA:87']
2013-11-20 10:56:59,534: DEBUG: WISPr-Location-Name: [u'TEST LLC,BA01_01009']
2013-11-20 10:56:59,534: DEBUG: NAS-Identifier: [u'C08386']
2013-11-20 10:56:59,534: DEBUG: Proxy-State: ['3330,3132']
2013-11-20 10:56:59,534: DEBUG: GoGo-Total-Input-Voice-Octets: [0]
2013-11-20 10:56:59,535: DEBUG: Acct-Status-Type: ['Interim-Update']
2013-11-20 10:56:59,535: DEBUG: GoGo-Total-Output-Voice-Gigawords: [0]
2013-11-20 10:56:59,535: DEBUG: GoGo-Airline: [u'BA01']
2013-11-20 10:56:59,535: DEBUG: Acct-Session-Id: [u'AAATestNAS_157-1384925169434-00163E68AA87-1']
2013-11-20 10:56:59,536: DEBUG: Acct-Session-Time: [10]
2013-11-20 10:56:59,536: DEBUG: Acct-Input-Packets: [33321]
2013-11-20 10:56:59,536: DEBUG: Acct-Output-Packets: [30946]
2013-11-20 10:56:59,537: DEBUG: GoGo-Acct-Output-Voice-Packets: [0]
2013-11-20 10:56:59,538: DEBUG: GoGo-Acct-Output-Voice-Octets: [0]
2013-11-20 10:56:59,538: DEBUG: Acct-Output-Gigawords: [0]
2013-11-20 10:56:59,539: DEBUG: GoGo-Total-Output-Voice-Packets: [0]
2013-11-20 10:56:59,539: DEBUG: Acct-Input-Gigawords: [0]
2013-11-20 10:56:59,539: DEBUG: Calling-Station-Id: [u'18:21:31:41:52:38']
2013-11-20 10:56:59,540: DEBUG: NAS-Port-Type: ['Wireless-802.11']
2013-11-20 10:56:59,541: DEBUG: GoGo-Total-Output-Voice-Octets: [0]
2013-11-20 10:56:59,541: DEBUG: GoGo-Private-IP-Address: ['192.168.1.179']
2013-11-20 10:56:59,542: DEBUG: GoGo-Acct-Input-Voice-Gigawords: [0]
2013-11-20 10:56:59,542: DEBUG: GoGo-Total-Input-Packets: [33321]
2013-11-20 10:56:59,543: DEBUG: GoGo-Total-Input-Gigawords: [0]
2013-11-20 10:56:59,543: DEBUG: GoGo-Acct-Input-Voice-Packets: [0]
2013-11-20 10:56:59,544: DEBUG: GoGo-Total-Input-Octets: [5197592]
2013-11-20 10:56:59,544: DEBUG: GoGo-Total-Output-Packets: [30946]
2013-11-20 10:56:59,544: DEBUG: WISPr-Location-ID: [u'airline=BA01,tail=01009,network=']
2013-11-20 10:56:59,545: DEBUG: GoGo-Acct-Output-Voice-Gigawords: [0]
2013-11-20 10:56:59,545: DEBUG: Acct-Input-Octets: [5197592]
2013-11-20 10:56:59,548: DEBUG: 

2013-11-20 10:56:59,548: DEBUG: Received response with following attributes:
2013-11-20 10:57:09,549: DEBUG: 

2013-11-20 10:57:09,550: DEBUG: Creating Accounting Update Request with the following Attributes:
2013-11-20 10:57:09,550: DEBUG: User-Name: [u'username88@airborne.aircell.com']
2013-11-20 10:57:09,551: DEBUG: GoGo-Tail-Number: [u'AAATestNAS_157']
2013-11-20 10:57:09,551: DEBUG: Acct-Output-Octets: [4300348]
2013-11-20 10:57:09,551: DEBUG: NAS-IP-Address: ['10.254.162.1']
2013-11-20 10:57:09,552: DEBUG: GoGo-Total-Output-Gigawords: [0]
2013-11-20 10:57:09,552: DEBUG: Framed-IP-Address: ['10.254.162.172']
2013-11-20 10:57:09,552: DEBUG: GoGo-Total-Input-Voice-Gigawords: [0]
2013-11-20 10:57:09,552: DEBUG: GoGo-Total-Output-Octets: [4300348]
2013-11-20 10:57:09,553: DEBUG: GoGo-Acct-Input-Voice-Octets: [0]
2013-11-20 10:57:09,553: DEBUG: GoGo-Total-Input-Voice-Packets: [0]
2013-11-20 10:57:09,553: DEBUG: Called-Station-Id: [u'00:16:3E:68:AA:87']
2013-11-20 10:57:09,554: DEBUG: WISPr-Location-Name: [u'TEST LLC,BA01_01009']
2013-11-20 10:57:09,554: DEBUG: NAS-Identifier: [u'C08386']
2013-11-20 10:57:09,554: DEBUG: Proxy-State: ['3330,3132']
2013-11-20 10:57:09,554: DEBUG: GoGo-Total-Input-Voice-Octets: [0]
2013-11-20 10:57:09,555: DEBUG: Acct-Status-Type: ['Interim-Update']
2013-11-20 10:57:09,555: DEBUG: GoGo-Total-Output-Voice-Gigawords: [0]
2013-11-20 10:57:09,555: DEBUG: GoGo-Airline: [u'BA01']
2013-11-20 10:57:09,555: DEBUG: Acct-Session-Id: [u'AAATestNAS_157-1384925169434-00163E68AA87-1']
2013-11-20 10:57:09,555: DEBUG: Acct-Session-Time: [10]
2013-11-20 10:57:09,555: DEBUG: Acct-Input-Packets: [22164]
2013-11-20 10:57:09,555: DEBUG: Acct-Output-Packets: [38265]
2013-11-20 10:57:09,556: DEBUG: GoGo-Acct-Output-Voice-Packets: [0]
2013-11-20 10:57:09,556: DEBUG: GoGo-Acct-Output-Voice-Octets: [0]
2013-11-20 10:57:09,556: DEBUG: Acct-Output-Gigawords: [0]
2013-11-20 10:57:09,556: DEBUG: GoGo-Total-Output-Voice-Packets: [0]
2013-11-20 10:57:09,556: DEBUG: Acct-Input-Gigawords: [0]
2013-11-20 10:57:09,556: DEBUG: Calling-Station-Id: [u'18:21:31:41:52:38']
2013-11-20 10:57:09,557: DEBUG: NAS-Port-Type: ['Wireless-802.11']
2013-11-20 10:57:09,557: DEBUG: GoGo-Total-Output-Voice-Octets: [0]
2013-11-20 10:57:09,557: DEBUG: GoGo-Private-IP-Address: ['192.168.1.179']
2013-11-20 10:57:09,557: DEBUG: GoGo-Acct-Input-Voice-Gigawords: [0]
2013-11-20 10:57:09,557: DEBUG: GoGo-Total-Input-Packets: [22164]
2013-11-20 10:57:09,557: DEBUG: GoGo-Total-Input-Gigawords: [0]
2013-11-20 10:57:09,557: DEBUG: GoGo-Acct-Input-Voice-Packets: [0]
2013-11-20 10:57:09,558: DEBUG: GoGo-Total-Input-Octets: [2711813]
2013-11-20 10:57:09,558: DEBUG: GoGo-Total-Output-Packets: [38265]
2013-11-20 10:57:09,558: DEBUG: WISPr-Location-ID: [u'airline=BA01,tail=01009,network=']
2013-11-20 10:57:09,558: DEBUG: GoGo-Acct-Output-Voice-Gigawords: [0]
2013-11-20 10:57:09,558: DEBUG: Acct-Input-Octets: [2711813]
2013-11-20 10:57:09,559: DEBUG: 

2013-11-20 10:57:09,559: DEBUG: Received response with following attributes:
2013-11-20 10:57:19,563: DEBUG: 

2013-11-20 10:57:19,564: DEBUG: Creating Accounting Update Request with the following Attributes:
2013-11-20 10:57:19,565: DEBUG: User-Name: [u'username88@airborne.aircell.com']
2013-11-20 10:57:19,567: DEBUG: GoGo-Tail-Number: [u'AAATestNAS_157']
2013-11-20 10:57:19,568: DEBUG: Acct-Output-Octets: [2257517]
2013-11-20 10:57:19,569: DEBUG: NAS-IP-Address: ['10.254.162.1']
2013-11-20 10:57:19,572: DEBUG: GoGo-Total-Output-Gigawords: [0]
2013-11-20 10:57:19,575: DEBUG: Framed-IP-Address: ['10.254.162.172']
2013-11-20 10:57:19,575: DEBUG: GoGo-Total-Input-Voice-Gigawords: [0]
2013-11-20 10:57:19,577: DEBUG: GoGo-Total-Output-Octets: [2257517]
2013-11-20 10:57:19,579: DEBUG: GoGo-Acct-Input-Voice-Octets: [0]
2013-11-20 10:57:19,581: DEBUG: GoGo-Total-Input-Voice-Packets: [0]
2013-11-20 10:57:19,581: DEBUG: Called-Station-Id: [u'00:16:3E:68:AA:87']
2013-11-20 10:57:19,582: DEBUG: WISPr-Location-Name: [u'TEST LLC,BA01_01009']
2013-11-20 10:57:19,582: DEBUG: NAS-Identifier: [u'C08386']
2013-11-20 10:57:19,585: DEBUG: Proxy-State: ['3330,3132']
2013-11-20 10:57:19,586: DEBUG: GoGo-Total-Input-Voice-Octets: [0]
2013-11-20 10:57:19,590: DEBUG: Acct-Status-Type: ['Interim-Update']
2013-11-20 10:57:19,593: DEBUG: GoGo-Total-Output-Voice-Gigawords: [0]
2013-11-20 10:57:19,595: DEBUG: GoGo-Airline: [u'BA01']
2013-11-20 10:57:19,596: DEBUG: Acct-Session-Id: [u'AAATestNAS_157-1384925169434-00163E68AA87-1']
2013-11-20 10:57:19,598: DEBUG: Acct-Session-Time: [10]
2013-11-20 10:57:19,598: DEBUG: Acct-Input-Packets: [24516]
2013-11-20 10:57:19,599: DEBUG: Acct-Output-Packets: [11795]
2013-11-20 10:57:19,599: DEBUG: GoGo-Acct-Output-Voice-Packets: [0]
2013-11-20 10:57:19,604: DEBUG: GoGo-Acct-Output-Voice-Octets: [0]
2013-11-20 10:57:19,606: DEBUG: Acct-Output-Gigawords: [0]
2013-11-20 10:57:19,608: DEBUG: GoGo-Total-Output-Voice-Packets: [0]
2013-11-20 10:57:19,609: DEBUG: Acct-Input-Gigawords: [0]
2013-11-20 10:57:19,612: DEBUG: Calling-Station-Id: [u'18:21:31:41:52:38']
2013-11-20 10:57:19,612: DEBUG: NAS-Port-Type: ['Wireless-802.11']
2013-11-20 10:57:19,613: DEBUG: GoGo-Total-Output-Voice-Octets: [0]
2013-11-20 10:57:19,614: DEBUG: GoGo-Private-IP-Address: ['192.168.1.179']
2013-11-20 10:57:19,616: DEBUG: GoGo-Acct-Input-Voice-Gigawords: [0]
2013-11-20 10:57:19,617: DEBUG: GoGo-Total-Input-Packets: [24516]
2013-11-20 10:57:19,618: DEBUG: GoGo-Total-Input-Gigawords: [0]
2013-11-20 10:57:19,621: DEBUG: GoGo-Acct-Input-Voice-Packets: [0]
2013-11-20 10:57:19,623: DEBUG: GoGo-Total-Input-Octets: [8522594]
2013-11-20 10:57:19,625: DEBUG: GoGo-Total-Output-Packets: [11795]
2013-11-20 10:57:19,627: DEBUG: WISPr-Location-ID: [u'airline=BA01,tail=01009,network=']
2013-11-20 10:57:19,631: DEBUG: GoGo-Acct-Output-Voice-Gigawords: [0]
2013-11-20 10:57:19,633: DEBUG: Acct-Input-Octets: [8522594]
2013-11-20 10:57:19,638: DEBUG: 

2013-11-20 10:57:19,640: DEBUG: Received response with following attributes:
2013-11-20 10:57:36,643: DEBUG: 

2013-11-20 10:57:36,644: DEBUG: Creating Accounting Stop Request with the following Attributes:
2013-11-20 10:57:36,644: DEBUG: User-Name: [u'username88@airborne.aircell.com']
2013-11-20 10:57:36,644: DEBUG: GoGo-Tail-Number: [u'01009']
2013-11-20 10:57:36,644: DEBUG: Acct-Output-Octets: [7239858]
2013-11-20 10:57:36,644: DEBUG: NAS-IP-Address: ['10.254.162.1']
2013-11-20 10:57:36,644: DEBUG: GoGo-Total-Output-Gigawords: [0]
2013-11-20 10:57:36,644: DEBUG: Framed-IP-Address: ['10.254.162.172']
2013-11-20 10:57:36,644: DEBUG: GoGo-Total-Input-Voice-Gigawords: [0]
2013-11-20 10:57:36,644: DEBUG: GoGo-Total-Output-Octets: [7239858]
2013-11-20 10:57:36,645: DEBUG: GoGo-Acct-Input-Voice-Octets: [0]
2013-11-20 10:57:36,645: DEBUG: GoGo-Total-Input-Voice-Packets: [0]
2013-11-20 10:57:36,645: DEBUG: Called-Station-Id: [u'00:16:3E:68:AA:87']
2013-11-20 10:57:36,645: DEBUG: WISPr-Location-Name: [u'TEST LLC,BA01_01009']
2013-11-20 10:57:36,645: DEBUG: NAS-Identifier: [u'C08386']
2013-11-20 10:57:36,645: DEBUG: Proxy-State: ['3330,3132']
2013-11-20 10:57:36,645: DEBUG: GoGo-Total-Input-Voice-Octets: [0]
2013-11-20 10:57:36,645: DEBUG: Acct-Status-Type: ['Stop']
2013-11-20 10:57:36,645: DEBUG: GoGo-Total-Output-Voice-Gigawords: [0]
2013-11-20 10:57:36,645: DEBUG: GoGo-Airline: [u'BA01']
2013-11-20 10:57:36,646: DEBUG: Acct-Session-Id: [u'AAATestNAS_157-1384925169434-00163E68AA87-1']
2013-11-20 10:57:36,646: DEBUG: Acct-Session-Time: [17]
2013-11-20 10:57:36,646: DEBUG: Acct-Input-Packets: [13486]
2013-11-20 10:57:36,646: DEBUG: Acct-Output-Packets: [21153]
2013-11-20 10:57:36,646: DEBUG: Acct-Terminate-Cause: ['User-Request']
2013-11-20 10:57:36,646: DEBUG: GoGo-Acct-Output-Voice-Octets: [0]
2013-11-20 10:57:36,646: DEBUG: Acct-Output-Gigawords: [0]
2013-11-20 10:57:36,646: DEBUG: GoGo-Total-Output-Voice-Packets: [0]
2013-11-20 10:57:36,646: DEBUG: Acct-Input-Gigawords: [0]
2013-11-20 10:57:36,646: DEBUG: Calling-Station-Id: [u'18:21:31:41:52:38']
2013-11-20 10:57:36,647: DEBUG: NAS-Port-Type: ['Wireless-802.11']
2013-11-20 10:57:36,647: DEBUG: GoGo-Total-Output-Voice-Octets: [0]
2013-11-20 10:57:36,647: DEBUG: GoGo-Private-IP-Address: ['192.168.1.179']
2013-11-20 10:57:36,647: DEBUG: GoGo-Acct-Input-Voice-Gigawords: [0]
2013-11-20 10:57:36,647: DEBUG: GoGo-Total-Input-Packets: [13486]
2013-11-20 10:57:36,647: DEBUG: GoGo-Total-Input-Gigawords: [0]
2013-11-20 10:57:36,647: DEBUG: GoGo-Acct-Input-Voice-Packets: [0]
2013-11-20 10:57:36,647: DEBUG: GoGo-Total-Input-Octets: [1585564]
2013-11-20 10:57:36,647: DEBUG: GoGo-Total-Output-Packets: [21153]
2013-11-20 10:57:36,647: DEBUG: WISPr-Location-ID: [u'airline=BA01,tail=01009,network=']
2013-11-20 10:57:36,648: DEBUG: GoGo-Acct-Output-Voice-Packets: [0]
2013-11-20 10:57:36,648: DEBUG: GoGo-Acct-Output-Voice-Gigawords: [0]
2013-11-20 10:57:36,648: DEBUG: Acct-Input-Octets: [1585564]
2013-11-20 10:57:36,648: ERROR: Network error, Reason: 'Network error: nodename nor servname provided, or not known'
2013-11-20 10:57:36,648: ERROR: Ending the test for this user
2013-11-20 10:57:36,648: DEBUG: Ending the test for this user
