2013-11-20 10:58:11,574: DEBUG: Starting the client for the user username95@airborne.aircell.com to the server localhost

2013-11-20 10:58:11,575: DEBUG: DURATION of the TEST: 95
2013-11-20 10:58:11,576: DEBUG: NAS-IP: 10.254.146.1
2013-11-20 10:58:11,577: DEBUG: NAS-MAC-ADDR: 18:21:31:41:52:22
2013-11-20 10:58:11,578: DEBUG: Abruptly End: True
2013-11-20 10:58:11,580: DEBUG: Framed-IP: 10.254.146.77
2013-11-20 10:58:11,581: DEBUG: User-MAC-Addr: 00:16:3E:4C:2A:47
2013-11-20 10:58:11,583: DEBUG: 

2013-11-20 10:58:11,586: DEBUG: Creating Authentication Request with the following Attributes:
2013-11-20 10:58:11,588: DEBUG: NAS-Identifier: [u'C08386']
2013-11-20 10:58:11,590: DEBUG: User-Name: [u'username95@airborne.aircell.com']
2013-11-20 10:58:11,591: DEBUG: NAS-IP-Address: ['10.254.146.1']
2013-11-20 10:58:11,593: DEBUG: Service-Type: ['Authenticate-Only']
2013-11-20 10:58:11,595: DEBUG: Proxy-State: ['3237,3134']
2013-11-20 10:58:11,596: DEBUG: Framed-IP-Address: ['10.254.146.77']
2013-11-20 10:58:11,598: DEBUG: GoGo-Airline: [u'BA01']
2013-11-20 10:58:11,601: DEBUG: Acct-Session-Id: [u'AAATestNAS_141-1384925291586-00163E4C2A47-1']
2013-11-20 10:58:11,603: DEBUG: GoGo-Tail-Number: [u'AAATestNAS_141']
2013-11-20 10:58:11,604: DEBUG: GoGo-Private-IP-Address: ['192.168.1.179']
2013-11-20 10:58:11,605: DEBUG: WISPr-Location-ID: [u'airline=BA01,tail=01009,network=']
2013-11-20 10:58:11,607: DEBUG: WISPr-Location-Name: [u'TEST LLC,BA01_01009']
2013-11-20 10:58:11,608: DEBUG: NAS-Port-Type: ['Wireless-802.11']
2013-11-20 10:58:11,610: DEBUG: Called-Station-Id: [u'00:16:3E:4C:2A:47']
2013-11-20 10:58:11,612: DEBUG: Calling-Station-Id: [u'18:21:31:41:52:22']
2013-11-20 10:58:11,617: DEBUG: 

2013-11-20 10:58:11,619: DEBUG: Received response with code: 2, Accepted
2013-11-20 10:58:11,621: DEBUG: Creating Authentication Request with the following Attributes:
2013-11-20 10:58:11,623: DEBUG: NAS-Identifier: [u'C08386']
2013-11-20 10:58:11,625: DEBUG: User-Name: [u'username95@airborne.aircell.com']
2013-11-20 10:58:11,627: DEBUG: NAS-IP-Address: ['10.254.146.1']
2013-11-20 10:58:11,629: DEBUG: Service-Type: ['Login-User']
2013-11-20 10:58:11,631: DEBUG: Proxy-State: ['3237,3134']
2013-11-20 10:58:11,631: DEBUG: Framed-IP-Address: ['10.254.146.77']
2013-11-20 10:58:11,634: DEBUG: GoGo-Airline: [u'BA01']
2013-11-20 10:58:11,634: DEBUG: Acct-Session-Id: [u'AAATestNAS_141-1384925291621-00163E4C2A47-1']
2013-11-20 10:58:11,635: DEBUG: GoGo-Tail-Number: [u'AAATestNAS_141']
2013-11-20 10:58:11,636: DEBUG: GoGo-Private-IP-Address: ['192.168.1.179']
2013-11-20 10:58:11,636: DEBUG: WISPr-Location-ID: [u'airline=BA01,tail=01009,network=']
2013-11-20 10:58:11,637: DEBUG: WISPr-Location-Name: [u'TEST LLC,BA01_01009']
2013-11-20 10:58:11,637: DEBUG: NAS-Port-Type: ['Wireless-802.11']
2013-11-20 10:58:11,638: DEBUG: Called-Station-Id: [u'00:16:3E:4C:2A:47']
2013-11-20 10:58:11,639: DEBUG: Calling-Station-Id: [u'18:21:31:41:52:22']
2013-11-20 10:58:11,641: DEBUG: 

2013-11-20 10:58:11,642: DEBUG: Received response with code: 2, Accepted
2013-11-20 10:58:11,642: DEBUG: 

2013-11-20 10:58:11,643: DEBUG: Creating Accounting start Request with the following Attributes:
2013-11-20 10:58:11,644: DEBUG: NAS-Identifier: [u'C08386']
2013-11-20 10:58:11,644: DEBUG: User-Name: [u'username95@airborne.aircell.com']
2013-11-20 10:58:11,645: DEBUG: GoGo-Tail-Number: [u'AAATestNAS_141']
2013-11-20 10:58:11,646: DEBUG: NAS-IP-Address: ['10.254.146.1']
2013-11-20 10:58:11,646: DEBUG: Proxy-State: ['3239,3131']
2013-11-20 10:58:11,647: DEBUG: Acct-Status-Type: ['Start']
2013-11-20 10:58:11,648: DEBUG: GoGo-Airline: [u'BA01']
2013-11-20 10:58:11,648: DEBUG: Acct-Session-Id: [u'AAATestNAS_141-1384925291621-00163E4C2A47-1']
2013-11-20 10:58:11,649: DEBUG: GoGo-Private-IP-Address: ['192.168.1.179']
2013-11-20 10:58:11,650: DEBUG: Framed-IP-Address: ['10.254.146.77']
2013-11-20 10:58:11,650: DEBUG: WISPr-Location-ID: [u'airline=BA01,tail=01009,network=']
2013-11-20 10:58:11,650: DEBUG: WISPr-Location-Name: [u'TEST LLC,BA01_01009']
2013-11-20 10:58:11,651: DEBUG: NAS-Port-Type: ['Wireless-802.11']
2013-11-20 10:58:11,651: DEBUG: Called-Station-Id: [u'00:16:3E:4C:2A:47']
2013-11-20 10:58:11,651: DEBUG: Calling-Station-Id: [u'18:21:31:41:52:22']
2013-11-20 10:58:11,654: DEBUG: 

2013-11-20 10:58:11,654: DEBUG: Received response with following attributes:
2013-11-20 10:58:21,655: DEBUG: 

2013-11-20 10:58:21,656: DEBUG: Creating Accounting Update Request with the following Attributes:
2013-11-20 10:58:21,656: DEBUG: User-Name: [u'username95@airborne.aircell.com']
2013-11-20 10:58:21,656: DEBUG: GoGo-Tail-Number: [u'AAATestNAS_141']
2013-11-20 10:58:21,656: DEBUG: Acct-Output-Octets: [5872767]
2013-11-20 10:58:21,657: DEBUG: NAS-IP-Address: ['10.254.146.1']
2013-11-20 10:58:21,657: DEBUG: GoGo-Total-Output-Gigawords: [0]
2013-11-20 10:58:21,657: DEBUG: Framed-IP-Address: ['10.254.146.77']
2013-11-20 10:58:21,657: DEBUG: GoGo-Total-Input-Voice-Gigawords: [0]
2013-11-20 10:58:21,658: DEBUG: GoGo-Total-Output-Octets: [5872767]
2013-11-20 10:58:21,658: DEBUG: GoGo-Acct-Input-Voice-Octets: [0]
2013-11-20 10:58:21,658: DEBUG: GoGo-Total-Input-Voice-Packets: [0]
2013-11-20 10:58:21,658: DEBUG: Called-Station-Id: [u'00:16:3E:4C:2A:47']
2013-11-20 10:58:21,658: DEBUG: WISPr-Location-Name: [u'TEST LLC,BA01_01009']
2013-11-20 10:58:21,659: DEBUG: NAS-Identifier: [u'C08386']
2013-11-20 10:58:21,659: DEBUG: Proxy-State: ['3330,3132']
2013-11-20 10:58:21,659: DEBUG: GoGo-Total-Input-Voice-Octets: [0]
2013-11-20 10:58:21,659: DEBUG: Acct-Status-Type: ['Interim-Update']
2013-11-20 10:58:21,659: DEBUG: GoGo-Total-Output-Voice-Gigawords: [0]
2013-11-20 10:58:21,660: DEBUG: GoGo-Airline: [u'BA01']
2013-11-20 10:58:21,660: DEBUG: Acct-Session-Id: [u'AAATestNAS_141-1384925291621-00163E4C2A47-1']
2013-11-20 10:58:21,661: DEBUG: Acct-Session-Time: [10]
2013-11-20 10:58:21,662: DEBUG: Acct-Input-Packets: [95397]
2013-11-20 10:58:21,662: DEBUG: Acct-Output-Packets: [55052]
2013-11-20 10:58:21,663: DEBUG: GoGo-Acct-Output-Voice-Packets: [0]
2013-11-20 10:58:21,663: DEBUG: GoGo-Acct-Output-Voice-Octets: [0]
2013-11-20 10:58:21,664: DEBUG: Acct-Output-Gigawords: [0]
2013-11-20 10:58:21,664: DEBUG: GoGo-Total-Output-Voice-Packets: [0]
2013-11-20 10:58:21,665: DEBUG: Acct-Input-Gigawords: [0]
2013-11-20 10:58:21,665: DEBUG: Calling-Station-Id: [u'18:21:31:41:52:22']
2013-11-20 10:58:21,666: DEBUG: NAS-Port-Type: ['Wireless-802.11']
2013-11-20 10:58:21,667: DEBUG: GoGo-Total-Output-Voice-Octets: [0]
2013-11-20 10:58:21,667: DEBUG: GoGo-Private-IP-Address: ['192.168.1.179']
2013-11-20 10:58:21,668: DEBUG: GoGo-Acct-Input-Voice-Gigawords: [0]
2013-11-20 10:58:21,668: DEBUG: GoGo-Total-Input-Packets: [95397]
2013-11-20 10:58:21,669: DEBUG: GoGo-Total-Input-Gigawords: [0]
2013-11-20 10:58:21,669: DEBUG: GoGo-Acct-Input-Voice-Packets: [0]
2013-11-20 10:58:21,670: DEBUG: GoGo-Total-Input-Octets: [9935584]
2013-11-20 10:58:21,671: DEBUG: GoGo-Total-Output-Packets: [55052]
2013-11-20 10:58:21,671: DEBUG: WISPr-Location-ID: [u'airline=BA01,tail=01009,network=']
2013-11-20 10:58:21,672: DEBUG: GoGo-Acct-Output-Voice-Gigawords: [0]
2013-11-20 10:58:21,673: DEBUG: Acct-Input-Octets: [9935584]
2013-11-20 10:58:21,673: ERROR: Network error, Reason: 'Network error: Too many open files'
2013-11-20 10:58:31,674: DEBUG: 

2013-11-20 10:58:31,675: DEBUG: Creating Accounting Update Request with the following Attributes:
2013-11-20 10:58:31,675: DEBUG: User-Name: [u'username95@airborne.aircell.com']
2013-11-20 10:58:31,675: DEBUG: GoGo-Tail-Number: [u'AAATestNAS_141']
2013-11-20 10:58:31,676: DEBUG: Acct-Output-Octets: [7898054]
2013-11-20 10:58:31,676: DEBUG: NAS-IP-Address: ['10.254.146.1']
2013-11-20 10:58:31,676: DEBUG: GoGo-Total-Output-Gigawords: [0]
2013-11-20 10:58:31,676: DEBUG: Framed-IP-Address: ['10.254.146.77']
2013-11-20 10:58:31,676: DEBUG: GoGo-Total-Input-Voice-Gigawords: [0]
2013-11-20 10:58:31,677: DEBUG: GoGo-Total-Output-Octets: [7898054]
2013-11-20 10:58:31,678: DEBUG: GoGo-Acct-Input-Voice-Octets: [0]
2013-11-20 10:58:31,679: DEBUG: GoGo-Total-Input-Voice-Packets: [0]
2013-11-20 10:58:31,679: DEBUG: Called-Station-Id: [u'00:16:3E:4C:2A:47']
2013-11-20 10:58:31,680: DEBUG: WISPr-Location-Name: [u'TEST LLC,BA01_01009']
2013-11-20 10:58:31,680: DEBUG: NAS-Identifier: [u'C08386']
2013-11-20 10:58:31,681: DEBUG: Proxy-State: ['3330,3132']
2013-11-20 10:58:31,681: DEBUG: GoGo-Total-Input-Voice-Octets: [0]
2013-11-20 10:58:31,682: DEBUG: Acct-Status-Type: ['Interim-Update']
2013-11-20 10:58:31,682: DEBUG: GoGo-Total-Output-Voice-Gigawords: [0]
2013-11-20 10:58:31,683: DEBUG: GoGo-Airline: [u'BA01']
2013-11-20 10:58:31,684: DEBUG: Acct-Session-Id: [u'AAATestNAS_141-1384925291621-00163E4C2A47-1']
2013-11-20 10:58:31,684: DEBUG: Acct-Session-Time: [10]
2013-11-20 10:58:31,685: DEBUG: Acct-Input-Packets: [11966]
2013-11-20 10:58:31,685: DEBUG: Acct-Output-Packets: [56346]
2013-11-20 10:58:31,686: DEBUG: GoGo-Acct-Output-Voice-Packets: [0]
2013-11-20 10:58:31,687: DEBUG: GoGo-Acct-Output-Voice-Octets: [0]
2013-11-20 10:58:31,687: DEBUG: Acct-Output-Gigawords: [0]
2013-11-20 10:58:31,688: DEBUG: GoGo-Total-Output-Voice-Packets: [0]
2013-11-20 10:58:31,688: DEBUG: Acct-Input-Gigawords: [0]
2013-11-20 10:58:31,689: DEBUG: Calling-Station-Id: [u'18:21:31:41:52:22']
2013-11-20 10:58:31,690: DEBUG: NAS-Port-Type: ['Wireless-802.11']
2013-11-20 10:58:31,690: DEBUG: GoGo-Total-Output-Voice-Octets: [0]
2013-11-20 10:58:31,691: DEBUG: GoGo-Private-IP-Address: ['192.168.1.179']
2013-11-20 10:58:31,691: DEBUG: GoGo-Acct-Input-Voice-Gigawords: [0]
2013-11-20 10:58:31,692: DEBUG: GoGo-Total-Input-Packets: [11966]
2013-11-20 10:58:31,693: DEBUG: GoGo-Total-Input-Gigawords: [0]
2013-11-20 10:58:31,693: DEBUG: GoGo-Acct-Input-Voice-Packets: [0]
2013-11-20 10:58:31,694: DEBUG: GoGo-Total-Input-Octets: [1391620]
2013-11-20 10:58:31,694: DEBUG: GoGo-Total-Output-Packets: [56346]
2013-11-20 10:58:31,695: DEBUG: WISPr-Location-ID: [u'airline=BA01,tail=01009,network=']
2013-11-20 10:58:31,695: DEBUG: GoGo-Acct-Output-Voice-Gigawords: [0]
2013-11-20 10:58:31,696: DEBUG: Acct-Input-Octets: [1391620]
2013-11-20 10:58:31,697: ERROR: Network error, Reason: 'Network error: Too many open files'
2013-11-20 10:58:41,697: DEBUG: 

2013-11-20 10:58:41,699: DEBUG: Creating Accounting Update Request with the following Attributes:
2013-11-20 10:58:41,699: DEBUG: User-Name: [u'username95@airborne.aircell.com']
2013-11-20 10:58:41,700: DEBUG: GoGo-Tail-Number: [u'AAATestNAS_141']
2013-11-20 10:58:41,701: DEBUG: Acct-Output-Octets: [5862686]
2013-11-20 10:58:41,701: DEBUG: NAS-IP-Address: ['10.254.146.1']
2013-11-20 10:58:41,702: DEBUG: GoGo-Total-Output-Gigawords: [0]
2013-11-20 10:58:41,703: DEBUG: Framed-IP-Address: ['10.254.146.77']
2013-11-20 10:58:41,703: DEBUG: GoGo-Total-Input-Voice-Gigawords: [0]
2013-11-20 10:58:41,704: DEBUG: GoGo-Total-Output-Octets: [5862686]
2013-11-20 10:58:41,704: DEBUG: GoGo-Acct-Input-Voice-Octets: [0]
2013-11-20 10:58:41,705: DEBUG: GoGo-Total-Input-Voice-Packets: [0]
2013-11-20 10:58:41,706: DEBUG: Called-Station-Id: [u'00:16:3E:4C:2A:47']
2013-11-20 10:58:41,706: DEBUG: WISPr-Location-Name: [u'TEST LLC,BA01_01009']
2013-11-20 10:58:41,707: DEBUG: NAS-Identifier: [u'C08386']
2013-11-20 10:58:41,708: DEBUG: Proxy-State: ['3330,3132']
2013-11-20 10:58:41,708: DEBUG: GoGo-Total-Input-Voice-Octets: [0]
2013-11-20 10:58:41,709: DEBUG: Acct-Status-Type: ['Interim-Update']
2013-11-20 10:58:41,709: DEBUG: GoGo-Total-Output-Voice-Gigawords: [0]
2013-11-20 10:58:41,710: DEBUG: GoGo-Airline: [u'BA01']
2013-11-20 10:58:41,711: DEBUG: Acct-Session-Id: [u'AAATestNAS_141-1384925291621-00163E4C2A47-1']
2013-11-20 10:58:41,711: DEBUG: Acct-Session-Time: [10]
2013-11-20 10:58:41,712: DEBUG: Acct-Input-Packets: [6007]
2013-11-20 10:58:41,713: DEBUG: Acct-Output-Packets: [32550]
2013-11-20 10:58:41,713: DEBUG: GoGo-Acct-Output-Voice-Packets: [0]
2013-11-20 10:58:41,714: DEBUG: GoGo-Acct-Output-Voice-Octets: [0]
2013-11-20 10:58:41,714: DEBUG: Acct-Output-Gigawords: [0]
2013-11-20 10:58:41,715: DEBUG: GoGo-Total-Output-Voice-Packets: [0]
2013-11-20 10:58:41,716: DEBUG: Acct-Input-Gigawords: [0]
2013-11-20 10:58:41,716: DEBUG: Calling-Station-Id: [u'18:21:31:41:52:22']
2013-11-20 10:58:41,717: DEBUG: NAS-Port-Type: ['Wireless-802.11']
2013-11-20 10:58:41,717: DEBUG: GoGo-Total-Output-Voice-Octets: [0]
2013-11-20 10:58:41,718: DEBUG: GoGo-Private-IP-Address: ['192.168.1.179']
2013-11-20 10:58:41,719: DEBUG: GoGo-Acct-Input-Voice-Gigawords: [0]
2013-11-20 10:58:41,719: DEBUG: GoGo-Total-Input-Packets: [6007]
2013-11-20 10:58:41,720: DEBUG: GoGo-Total-Input-Gigawords: [0]
2013-11-20 10:58:41,720: DEBUG: GoGo-Acct-Input-Voice-Packets: [0]
2013-11-20 10:58:41,721: DEBUG: GoGo-Total-Input-Octets: [3132557]
2013-11-20 10:58:41,721: DEBUG: GoGo-Total-Output-Packets: [32550]
2013-11-20 10:58:41,722: DEBUG: WISPr-Location-ID: [u'airline=BA01,tail=01009,network=']
2013-11-20 10:58:41,722: DEBUG: GoGo-Acct-Output-Voice-Gigawords: [0]
2013-11-20 10:58:41,722: DEBUG: Acct-Input-Octets: [3132557]
2013-11-20 10:58:41,722: ERROR: Network error, Reason: 'Network error: Too many open files'
2013-11-20 10:58:41,723: DEBUG: User has abruptly end flag so ending the test with out AcctStop
2013-11-20 10:58:41,723: DEBUG: Ending the test for this user
