2013-11-20 10:58:00,549: DEBUG: Starting the client for the user username11@airborne.aircell.com to the server localhost

2013-11-20 10:58:00,549: DEBUG: DURATION of the TEST: 18
2013-11-20 10:58:00,549: DEBUG: NAS-IP: 10.254.147.1
2013-11-20 10:58:00,550: DEBUG: NAS-MAC-ADDR: 18:21:31:41:52:23
2013-11-20 10:58:00,550: DEBUG: Abruptly End: False
2013-11-20 10:58:00,551: DEBUG: Framed-IP: 10.254.147.56
2013-11-20 10:58:00,553: DEBUG: User-MAC-Addr: 00:16:3E:52:9A:34
2013-11-20 10:58:00,554: DEBUG: 

2013-11-20 10:58:00,556: DEBUG: Creating Authentication Request with the following Attributes:
2013-11-20 10:58:00,557: DEBUG: NAS-Identifier: [u'C08386']
2013-11-20 10:58:00,557: DEBUG: User-Name: [u'username11@airborne.aircell.com']
2013-11-20 10:58:00,559: DEBUG: NAS-IP-Address: ['10.254.147.1']
2013-11-20 10:58:00,560: DEBUG: Service-Type: ['Authenticate-Only']
2013-11-20 10:58:00,561: DEBUG: Proxy-State: ['3237,3134']
2013-11-20 10:58:00,562: DEBUG: Framed-IP-Address: ['10.254.147.56']
2013-11-20 10:58:00,562: DEBUG: GoGo-Airline: [u'BA01']
2013-11-20 10:58:00,563: DEBUG: Acct-Session-Id: [u'AAATestNAS_142-1384925280555-00163E529A34-1']
2013-11-20 10:58:00,564: DEBUG: GoGo-Tail-Number: [u'AAATestNAS_142']
2013-11-20 10:58:00,564: DEBUG: GoGo-Private-IP-Address: ['192.168.1.179']
2013-11-20 10:58:00,565: DEBUG: WISPr-Location-ID: [u'airline=BA01,tail=01009,network=']
2013-11-20 10:58:00,565: DEBUG: WISPr-Location-Name: [u'TEST LLC,BA01_01009']
2013-11-20 10:58:00,566: DEBUG: NAS-Port-Type: ['Wireless-802.11']
2013-11-20 10:58:00,566: DEBUG: Called-Station-Id: [u'00:16:3E:52:9A:34']
2013-11-20 10:58:00,567: DEBUG: Calling-Station-Id: [u'18:21:31:41:52:23']
2013-11-20 10:58:00,568: ERROR: Network error, Reason: 'Network error: Too many open files'
2013-11-20 10:58:00,569: DEBUG: Ending the test for this user
