2013-11-20 10:55:41,558: DEBUG: Starting the client for the user username12@airborne.aircell.com to the server localhost

2013-11-20 10:55:41,559: DEBUG: DURATION of the TEST: 66
2013-11-20 10:55:41,559: DEBUG: NAS-IP: 10.254.171.1
2013-11-20 10:55:41,559: DEBUG: NAS-MAC-ADDR: 18:21:31:41:52:47
2013-11-20 10:55:41,559: DEBUG: Abruptly End: False
2013-11-20 10:55:41,559: DEBUG: Framed-IP: 10.254.171.60
2013-11-20 10:55:41,559: DEBUG: User-MAC-Addr: 00:16:3E:03:AD:D0
2013-11-20 10:55:41,559: DEBUG: 

2013-11-20 10:55:41,559: DEBUG: Creating Authentication Request with the following Attributes:
2013-11-20 10:55:41,560: DEBUG: NAS-Identifier: [u'C08386']
2013-11-20 10:55:41,560: DEBUG: User-Name: [u'username12@airborne.aircell.com']
2013-11-20 10:55:41,560: DEBUG: NAS-IP-Address: ['10.254.171.1']
2013-11-20 10:55:41,560: DEBUG: Service-Type: ['Authenticate-Only']
2013-11-20 10:55:41,560: DEBUG: Proxy-State: ['3237,3134']
2013-11-20 10:55:41,560: DEBUG: Framed-IP-Address: ['10.254.171.60']
2013-11-20 10:55:41,560: DEBUG: GoGo-Airline: [u'BA01']
2013-11-20 10:55:41,560: DEBUG: Acct-Session-Id: [u'AAATestNAS_166-1384925141559-00163E03ADD0-1']
2013-11-20 10:55:41,560: DEBUG: GoGo-Tail-Number: [u'AAATestNAS_166']
2013-11-20 10:55:41,560: DEBUG: GoGo-Private-IP-Address: ['192.168.1.179']
2013-11-20 10:55:41,560: DEBUG: WISPr-Location-ID: [u'airline=BA01,tail=01009,network=']
2013-11-20 10:55:41,560: DEBUG: WISPr-Location-Name: [u'TEST LLC,BA01_01009']
2013-11-20 10:55:41,561: DEBUG: NAS-Port-Type: ['Wireless-802.11']
2013-11-20 10:55:41,561: DEBUG: Called-Station-Id: [u'00:16:3E:03:AD:D0']
2013-11-20 10:55:41,561: DEBUG: Calling-Station-Id: [u'18:21:31:41:52:47']
2013-11-20 10:55:41,562: DEBUG: 

2013-11-20 10:55:41,562: DEBUG: Received response with code: 2, Accepted
2013-11-20 10:55:41,562: DEBUG: Creating Authentication Request with the following Attributes:
2013-11-20 10:55:41,562: DEBUG: NAS-Identifier: [u'C08386']
2013-11-20 10:55:41,562: DEBUG: User-Name: [u'username12@airborne.aircell.com']
2013-11-20 10:55:41,562: DEBUG: NAS-IP-Address: ['10.254.171.1']
2013-11-20 10:55:41,562: DEBUG: Service-Type: ['Login-User']
2013-11-20 10:55:41,562: DEBUG: Proxy-State: ['3237,3134']
2013-11-20 10:55:41,563: DEBUG: Framed-IP-Address: ['10.254.171.60']
2013-11-20 10:55:41,563: DEBUG: GoGo-Airline: [u'BA01']
2013-11-20 10:55:41,563: DEBUG: Acct-Session-Id: [u'AAATestNAS_166-1384925141562-00163E03ADD0-1']
2013-11-20 10:55:41,563: DEBUG: GoGo-Tail-Number: [u'AAATestNAS_166']
2013-11-20 10:55:41,563: DEBUG: GoGo-Private-IP-Address: ['192.168.1.179']
2013-11-20 10:55:41,563: DEBUG: WISPr-Location-ID: [u'airline=BA01,tail=01009,network=']
2013-11-20 10:55:41,563: DEBUG: WISPr-Location-Name: [u'TEST LLC,BA01_01009']
2013-11-20 10:55:41,563: DEBUG: NAS-Port-Type: ['Wireless-802.11']
2013-11-20 10:55:41,563: DEBUG: Called-Station-Id: [u'00:16:3E:03:AD:D0']
2013-11-20 10:55:41,563: DEBUG: Calling-Station-Id: [u'18:21:31:41:52:47']
2013-11-20 10:55:41,564: DEBUG: 

2013-11-20 10:55:41,564: DEBUG: Received response with code: 2, Accepted
2013-11-20 10:55:41,564: DEBUG: 

2013-11-20 10:55:41,564: DEBUG: Creating Accounting start Request with the following Attributes:
2013-11-20 10:55:41,564: DEBUG: NAS-Identifier: [u'C08386']
2013-11-20 10:55:41,565: DEBUG: User-Name: [u'username12@airborne.aircell.com']
2013-11-20 10:55:41,565: DEBUG: GoGo-Tail-Number: [u'AAATestNAS_166']
2013-11-20 10:55:41,565: DEBUG: NAS-IP-Address: ['10.254.171.1']
2013-11-20 10:55:41,565: DEBUG: Proxy-State: ['3239,3131']
2013-11-20 10:55:41,565: DEBUG: Acct-Status-Type: ['Start']
2013-11-20 10:55:41,565: DEBUG: GoGo-Airline: [u'BA01']
2013-11-20 10:55:41,565: DEBUG: Acct-Session-Id: [u'AAATestNAS_166-1384925141562-00163E03ADD0-1']
2013-11-20 10:55:41,565: DEBUG: GoGo-Private-IP-Address: ['192.168.1.179']
2013-11-20 10:55:41,565: DEBUG: Framed-IP-Address: ['10.254.171.60']
2013-11-20 10:55:41,565: DEBUG: WISPr-Location-ID: [u'airline=BA01,tail=01009,network=']
2013-11-20 10:55:41,565: DEBUG: WISPr-Location-Name: [u'TEST LLC,BA01_01009']
2013-11-20 10:55:41,565: DEBUG: NAS-Port-Type: ['Wireless-802.11']
2013-11-20 10:55:41,565: DEBUG: Called-Station-Id: [u'00:16:3E:03:AD:D0']
2013-11-20 10:55:41,565: DEBUG: Calling-Station-Id: [u'18:21:31:41:52:47']
2013-11-20 10:55:41,566: DEBUG: 

2013-11-20 10:55:41,566: DEBUG: Received response with following attributes:
2013-11-20 10:55:51,567: DEBUG: 

2013-11-20 10:55:51,568: DEBUG: Creating Accounting Update Request with the following Attributes:
2013-11-20 10:55:51,568: DEBUG: User-Name: [u'username12@airborne.aircell.com']
2013-11-20 10:55:51,568: DEBUG: GoGo-Tail-Number: [u'AAATestNAS_166']
2013-11-20 10:55:51,568: DEBUG: Acct-Output-Octets: [7258869]
2013-11-20 10:55:51,568: DEBUG: NAS-IP-Address: ['10.254.171.1']
2013-11-20 10:55:51,568: DEBUG: GoGo-Total-Output-Gigawords: [0]
2013-11-20 10:55:51,569: DEBUG: Framed-IP-Address: ['10.254.171.60']
2013-11-20 10:55:51,569: DEBUG: GoGo-Total-Input-Voice-Gigawords: [0]
2013-11-20 10:55:51,569: DEBUG: GoGo-Total-Output-Octets: [7258869]
2013-11-20 10:55:51,569: DEBUG: GoGo-Acct-Input-Voice-Octets: [0]
2013-11-20 10:55:51,569: DEBUG: GoGo-Total-Input-Voice-Packets: [0]
2013-11-20 10:55:51,569: DEBUG: Called-Station-Id: [u'00:16:3E:03:AD:D0']
2013-11-20 10:55:51,569: DEBUG: WISPr-Location-Name: [u'TEST LLC,BA01_01009']
2013-11-20 10:55:51,569: DEBUG: NAS-Identifier: [u'C08386']
2013-11-20 10:55:51,569: DEBUG: Proxy-State: ['3330,3132']
2013-11-20 10:55:51,569: DEBUG: GoGo-Total-Input-Voice-Octets: [0]
2013-11-20 10:55:51,569: DEBUG: Acct-Status-Type: ['Interim-Update']
2013-11-20 10:55:51,569: DEBUG: GoGo-Total-Output-Voice-Gigawords: [0]
2013-11-20 10:55:51,569: DEBUG: GoGo-Airline: [u'BA01']
2013-11-20 10:55:51,569: DEBUG: Acct-Session-Id: [u'AAATestNAS_166-1384925141562-00163E03ADD0-1']
2013-11-20 10:55:51,569: DEBUG: Acct-Session-Time: [10]
2013-11-20 10:55:51,570: DEBUG: Acct-Input-Packets: [36044]
2013-11-20 10:55:51,570: DEBUG: Acct-Output-Packets: [60949]
2013-11-20 10:55:51,570: DEBUG: GoGo-Acct-Output-Voice-Packets: [0]
2013-11-20 10:55:51,570: DEBUG: GoGo-Acct-Output-Voice-Octets: [0]
2013-11-20 10:55:51,570: DEBUG: Acct-Output-Gigawords: [0]
2013-11-20 10:55:51,570: DEBUG: GoGo-Total-Output-Voice-Packets: [0]
2013-11-20 10:55:51,570: DEBUG: Acct-Input-Gigawords: [0]
2013-11-20 10:55:51,570: DEBUG: Calling-Station-Id: [u'18:21:31:41:52:47']
2013-11-20 10:55:51,570: DEBUG: NAS-Port-Type: ['Wireless-802.11']
2013-11-20 10:55:51,570: DEBUG: GoGo-Total-Output-Voice-Octets: [0]
2013-11-20 10:55:51,570: DEBUG: GoGo-Private-IP-Address: ['192.168.1.179']
2013-11-20 10:55:51,570: DEBUG: GoGo-Acct-Input-Voice-Gigawords: [0]
2013-11-20 10:55:51,570: DEBUG: GoGo-Total-Input-Packets: [36044]
2013-11-20 10:55:51,570: DEBUG: GoGo-Total-Input-Gigawords: [0]
2013-11-20 10:55:51,570: DEBUG: GoGo-Acct-Input-Voice-Packets: [0]
2013-11-20 10:55:51,571: DEBUG: GoGo-Total-Input-Octets: [4062506]
2013-11-20 10:55:51,571: DEBUG: GoGo-Total-Output-Packets: [60949]
2013-11-20 10:55:51,571: DEBUG: WISPr-Location-ID: [u'airline=BA01,tail=01009,network=']
2013-11-20 10:55:51,571: DEBUG: GoGo-Acct-Output-Voice-Gigawords: [0]
2013-11-20 10:55:51,571: DEBUG: Acct-Input-Octets: [4062506]
2013-11-20 10:55:51,572: DEBUG: 

2013-11-20 10:55:51,572: DEBUG: Received response with following attributes:
2013-11-20 10:56:01,573: DEBUG: 

2013-11-20 10:56:01,574: DEBUG: Creating Accounting Update Request with the following Attributes:
2013-11-20 10:56:01,574: DEBUG: User-Name: [u'username12@airborne.aircell.com']
2013-11-20 10:56:01,574: DEBUG: GoGo-Tail-Number: [u'AAATestNAS_166']
2013-11-20 10:56:01,574: DEBUG: Acct-Output-Octets: [4214214]
2013-11-20 10:56:01,574: DEBUG: NAS-IP-Address: ['10.254.171.1']
2013-11-20 10:56:01,574: DEBUG: GoGo-Total-Output-Gigawords: [0]
2013-11-20 10:56:01,574: DEBUG: Framed-IP-Address: ['10.254.171.60']
2013-11-20 10:56:01,574: DEBUG: GoGo-Total-Input-Voice-Gigawords: [0]
2013-11-20 10:56:01,574: DEBUG: GoGo-Total-Output-Octets: [4214214]
2013-11-20 10:56:01,574: DEBUG: GoGo-Acct-Input-Voice-Octets: [0]
2013-11-20 10:56:01,574: DEBUG: GoGo-Total-Input-Voice-Packets: [0]
2013-11-20 10:56:01,574: DEBUG: Called-Station-Id: [u'00:16:3E:03:AD:D0']
2013-11-20 10:56:01,574: DEBUG: WISPr-Location-Name: [u'TEST LLC,BA01_01009']
2013-11-20 10:56:01,575: DEBUG: NAS-Identifier: [u'C08386']
2013-11-20 10:56:01,575: DEBUG: Proxy-State: ['3330,3132']
2013-11-20 10:56:01,575: DEBUG: GoGo-Total-Input-Voice-Octets: [0]
2013-11-20 10:56:01,575: DEBUG: Acct-Status-Type: ['Interim-Update']
2013-11-20 10:56:01,575: DEBUG: GoGo-Total-Output-Voice-Gigawords: [0]
2013-11-20 10:56:01,575: DEBUG: GoGo-Airline: [u'BA01']
2013-11-20 10:56:01,575: DEBUG: Acct-Session-Id: [u'AAATestNAS_166-1384925141562-00163E03ADD0-1']
2013-11-20 10:56:01,575: DEBUG: Acct-Session-Time: [10]
2013-11-20 10:56:01,575: DEBUG: Acct-Input-Packets: [17899]
2013-11-20 10:56:01,575: DEBUG: Acct-Output-Packets: [30098]
2013-11-20 10:56:01,575: DEBUG: GoGo-Acct-Output-Voice-Packets: [0]
2013-11-20 10:56:01,575: DEBUG: GoGo-Acct-Output-Voice-Octets: [0]
2013-11-20 10:56:01,575: DEBUG: Acct-Output-Gigawords: [0]
2013-11-20 10:56:01,575: DEBUG: GoGo-Total-Output-Voice-Packets: [0]
2013-11-20 10:56:01,576: DEBUG: Acct-Input-Gigawords: [0]
2013-11-20 10:56:01,576: DEBUG: Calling-Station-Id: [u'18:21:31:41:52:47']
2013-11-20 10:56:01,576: DEBUG: NAS-Port-Type: ['Wireless-802.11']
2013-11-20 10:56:01,576: DEBUG: GoGo-Total-Output-Voice-Octets: [0]
2013-11-20 10:56:01,576: DEBUG: GoGo-Private-IP-Address: ['192.168.1.179']
2013-11-20 10:56:01,576: DEBUG: GoGo-Acct-Input-Voice-Gigawords: [0]
2013-11-20 10:56:01,576: DEBUG: GoGo-Total-Input-Packets: [17899]
2013-11-20 10:56:01,576: DEBUG: GoGo-Total-Input-Gigawords: [0]
2013-11-20 10:56:01,576: DEBUG: GoGo-Acct-Input-Voice-Packets: [0]
2013-11-20 10:56:01,576: DEBUG: GoGo-Total-Input-Octets: [2528206]
2013-11-20 10:56:01,576: DEBUG: GoGo-Total-Output-Packets: [30098]
2013-11-20 10:56:01,576: DEBUG: WISPr-Location-ID: [u'airline=BA01,tail=01009,network=']
2013-11-20 10:56:01,576: DEBUG: GoGo-Acct-Output-Voice-Gigawords: [0]
2013-11-20 10:56:01,576: DEBUG: Acct-Input-Octets: [2528206]
2013-11-20 10:56:01,578: DEBUG: 

2013-11-20 10:56:01,578: DEBUG: Received response with following attributes:
2013-11-20 10:56:11,579: DEBUG: 

2013-11-20 10:56:11,580: DEBUG: Creating Accounting Update Request with the following Attributes:
2013-11-20 10:56:11,580: DEBUG: User-Name: [u'username12@airborne.aircell.com']
2013-11-20 10:56:11,580: DEBUG: GoGo-Tail-Number: [u'AAATestNAS_166']
2013-11-20 10:56:11,580: DEBUG: Acct-Output-Octets: [2176535]
2013-11-20 10:56:11,580: DEBUG: NAS-IP-Address: ['10.254.171.1']
2013-11-20 10:56:11,580: DEBUG: GoGo-Total-Output-Gigawords: [0]
2013-11-20 10:56:11,580: DEBUG: Framed-IP-Address: ['10.254.171.60']
2013-11-20 10:56:11,580: DEBUG: GoGo-Total-Input-Voice-Gigawords: [0]
2013-11-20 10:56:11,580: DEBUG: GoGo-Total-Output-Octets: [2176535]
2013-11-20 10:56:11,580: DEBUG: GoGo-Acct-Input-Voice-Octets: [0]
2013-11-20 10:56:11,581: DEBUG: GoGo-Total-Input-Voice-Packets: [0]
2013-11-20 10:56:11,581: DEBUG: Called-Station-Id: [u'00:16:3E:03:AD:D0']
2013-11-20 10:56:11,581: DEBUG: WISPr-Location-Name: [u'TEST LLC,BA01_01009']
2013-11-20 10:56:11,581: DEBUG: NAS-Identifier: [u'C08386']
2013-11-20 10:56:11,581: DEBUG: Proxy-State: ['3330,3132']
2013-11-20 10:56:11,581: DEBUG: GoGo-Total-Input-Voice-Octets: [0]
2013-11-20 10:56:11,581: DEBUG: Acct-Status-Type: ['Interim-Update']
2013-11-20 10:56:11,581: DEBUG: GoGo-Total-Output-Voice-Gigawords: [0]
2013-11-20 10:56:11,581: DEBUG: GoGo-Airline: [u'BA01']
2013-11-20 10:56:11,581: DEBUG: Acct-Session-Id: [u'AAATestNAS_166-1384925141562-00163E03ADD0-1']
2013-11-20 10:56:11,581: DEBUG: Acct-Session-Time: [10]
2013-11-20 10:56:11,581: DEBUG: Acct-Input-Packets: [6618]
2013-11-20 10:56:11,581: DEBUG: Acct-Output-Packets: [10385]
2013-11-20 10:56:11,581: DEBUG: GoGo-Acct-Output-Voice-Packets: [0]
2013-11-20 10:56:11,581: DEBUG: GoGo-Acct-Output-Voice-Octets: [0]
2013-11-20 10:56:11,582: DEBUG: Acct-Output-Gigawords: [0]
2013-11-20 10:56:11,582: DEBUG: GoGo-Total-Output-Voice-Packets: [0]
2013-11-20 10:56:11,582: DEBUG: Acct-Input-Gigawords: [0]
2013-11-20 10:56:11,582: DEBUG: Calling-Station-Id: [u'18:21:31:41:52:47']
2013-11-20 10:56:11,582: DEBUG: NAS-Port-Type: ['Wireless-802.11']
2013-11-20 10:56:11,582: DEBUG: GoGo-Total-Output-Voice-Octets: [0]
2013-11-20 10:56:11,582: DEBUG: GoGo-Private-IP-Address: ['192.168.1.179']
2013-11-20 10:56:11,582: DEBUG: GoGo-Acct-Input-Voice-Gigawords: [0]
2013-11-20 10:56:11,582: DEBUG: GoGo-Total-Input-Packets: [6618]
2013-11-20 10:56:11,582: DEBUG: GoGo-Total-Input-Gigawords: [0]
2013-11-20 10:56:11,582: DEBUG: GoGo-Acct-Input-Voice-Packets: [0]
2013-11-20 10:56:11,582: DEBUG: GoGo-Total-Input-Octets: [1952782]
2013-11-20 10:56:11,582: DEBUG: GoGo-Total-Output-Packets: [10385]
2013-11-20 10:56:11,583: DEBUG: WISPr-Location-ID: [u'airline=BA01,tail=01009,network=']
2013-11-20 10:56:11,583: DEBUG: GoGo-Acct-Output-Voice-Gigawords: [0]
2013-11-20 10:56:11,583: DEBUG: Acct-Input-Octets: [1952782]
2013-11-20 10:56:11,584: DEBUG: 

2013-11-20 10:56:11,585: DEBUG: Received response with following attributes:
2013-11-20 10:56:21,586: DEBUG: 

2013-11-20 10:56:21,587: DEBUG: Creating Accounting Update Request with the following Attributes:
2013-11-20 10:56:21,587: DEBUG: User-Name: [u'username12@airborne.aircell.com']
2013-11-20 10:56:21,587: DEBUG: GoGo-Tail-Number: [u'AAATestNAS_166']
2013-11-20 10:56:21,588: DEBUG: Acct-Output-Octets: [2015413]
2013-11-20 10:56:21,588: DEBUG: NAS-IP-Address: ['10.254.171.1']
2013-11-20 10:56:21,588: DEBUG: GoGo-Total-Output-Gigawords: [0]
2013-11-20 10:56:21,588: DEBUG: Framed-IP-Address: ['10.254.171.60']
2013-11-20 10:56:21,588: DEBUG: GoGo-Total-Input-Voice-Gigawords: [0]
2013-11-20 10:56:21,588: DEBUG: GoGo-Total-Output-Octets: [2015413]
2013-11-20 10:56:21,588: DEBUG: GoGo-Acct-Input-Voice-Octets: [0]
2013-11-20 10:56:21,589: DEBUG: GoGo-Total-Input-Voice-Packets: [0]
2013-11-20 10:56:21,589: DEBUG: Called-Station-Id: [u'00:16:3E:03:AD:D0']
2013-11-20 10:56:21,589: DEBUG: WISPr-Location-Name: [u'TEST LLC,BA01_01009']
2013-11-20 10:56:21,589: DEBUG: NAS-Identifier: [u'C08386']
2013-11-20 10:56:21,589: DEBUG: Proxy-State: ['3330,3132']
2013-11-20 10:56:21,589: DEBUG: GoGo-Total-Input-Voice-Octets: [0]
2013-11-20 10:56:21,589: DEBUG: Acct-Status-Type: ['Interim-Update']
2013-11-20 10:56:21,590: DEBUG: GoGo-Total-Output-Voice-Gigawords: [0]
2013-11-20 10:56:21,590: DEBUG: GoGo-Airline: [u'BA01']
2013-11-20 10:56:21,590: DEBUG: Acct-Session-Id: [u'AAATestNAS_166-1384925141562-00163E03ADD0-1']
2013-11-20 10:56:21,590: DEBUG: Acct-Session-Time: [10]
2013-11-20 10:56:21,590: DEBUG: Acct-Input-Packets: [47252]
2013-11-20 10:56:21,590: DEBUG: Acct-Output-Packets: [7840]
2013-11-20 10:56:21,590: DEBUG: GoGo-Acct-Output-Voice-Packets: [0]
2013-11-20 10:56:21,590: DEBUG: GoGo-Acct-Output-Voice-Octets: [0]
2013-11-20 10:56:21,591: DEBUG: Acct-Output-Gigawords: [0]
2013-11-20 10:56:21,591: DEBUG: GoGo-Total-Output-Voice-Packets: [0]
2013-11-20 10:56:21,591: DEBUG: Acct-Input-Gigawords: [0]
2013-11-20 10:56:21,591: DEBUG: Calling-Station-Id: [u'18:21:31:41:52:47']
2013-11-20 10:56:21,591: DEBUG: NAS-Port-Type: ['Wireless-802.11']
2013-11-20 10:56:21,591: DEBUG: GoGo-Total-Output-Voice-Octets: [0]
2013-11-20 10:56:21,591: DEBUG: GoGo-Private-IP-Address: ['192.168.1.179']
2013-11-20 10:56:21,591: DEBUG: GoGo-Acct-Input-Voice-Gigawords: [0]
2013-11-20 10:56:21,591: DEBUG: GoGo-Total-Input-Packets: [47252]
2013-11-20 10:56:21,592: DEBUG: GoGo-Total-Input-Gigawords: [0]
2013-11-20 10:56:21,592: DEBUG: GoGo-Acct-Input-Voice-Packets: [0]
2013-11-20 10:56:21,592: DEBUG: GoGo-Total-Input-Octets: [5544013]
2013-11-20 10:56:21,592: DEBUG: GoGo-Total-Output-Packets: [7840]
2013-11-20 10:56:21,592: DEBUG: WISPr-Location-ID: [u'airline=BA01,tail=01009,network=']
2013-11-20 10:56:21,592: DEBUG: GoGo-Acct-Output-Voice-Gigawords: [0]
2013-11-20 10:56:21,592: DEBUG: Acct-Input-Octets: [5544013]
2013-11-20 10:56:21,594: DEBUG: 

2013-11-20 10:56:21,594: DEBUG: Received response with following attributes:
2013-11-20 10:56:31,596: DEBUG: 

2013-11-20 10:56:31,596: DEBUG: Creating Accounting Update Request with the following Attributes:
2013-11-20 10:56:31,596: DEBUG: User-Name: [u'username12@airborne.aircell.com']
2013-11-20 10:56:31,596: DEBUG: GoGo-Tail-Number: [u'AAATestNAS_166']
2013-11-20 10:56:31,596: DEBUG: Acct-Output-Octets: [2220361]
2013-11-20 10:56:31,596: DEBUG: NAS-IP-Address: ['10.254.171.1']
2013-11-20 10:56:31,597: DEBUG: GoGo-Total-Output-Gigawords: [0]
2013-11-20 10:56:31,597: DEBUG: Framed-IP-Address: ['10.254.171.60']
2013-11-20 10:56:31,597: DEBUG: GoGo-Total-Input-Voice-Gigawords: [0]
2013-11-20 10:56:31,597: DEBUG: GoGo-Total-Output-Octets: [2220361]
2013-11-20 10:56:31,597: DEBUG: GoGo-Acct-Input-Voice-Octets: [0]
2013-11-20 10:56:31,597: DEBUG: GoGo-Total-Input-Voice-Packets: [0]
2013-11-20 10:56:31,597: DEBUG: Called-Station-Id: [u'00:16:3E:03:AD:D0']
2013-11-20 10:56:31,597: DEBUG: WISPr-Location-Name: [u'TEST LLC,BA01_01009']
2013-11-20 10:56:31,597: DEBUG: NAS-Identifier: [u'C08386']
2013-11-20 10:56:31,597: DEBUG: Proxy-State: ['3330,3132']
2013-11-20 10:56:31,597: DEBUG: GoGo-Total-Input-Voice-Octets: [0]
2013-11-20 10:56:31,597: DEBUG: Acct-Status-Type: ['Interim-Update']
2013-11-20 10:56:31,597: DEBUG: GoGo-Total-Output-Voice-Gigawords: [0]
2013-11-20 10:56:31,597: DEBUG: GoGo-Airline: [u'BA01']
2013-11-20 10:56:31,598: DEBUG: Acct-Session-Id: [u'AAATestNAS_166-1384925141562-00163E03ADD0-1']
2013-11-20 10:56:31,598: DEBUG: Acct-Session-Time: [10]
2013-11-20 10:56:31,598: DEBUG: Acct-Input-Packets: [35210]
2013-11-20 10:56:31,598: DEBUG: Acct-Output-Packets: [16904]
2013-11-20 10:56:31,598: DEBUG: GoGo-Acct-Output-Voice-Packets: [0]
2013-11-20 10:56:31,598: DEBUG: GoGo-Acct-Output-Voice-Octets: [0]
2013-11-20 10:56:31,598: DEBUG: Acct-Output-Gigawords: [0]
2013-11-20 10:56:31,598: DEBUG: GoGo-Total-Output-Voice-Packets: [0]
2013-11-20 10:56:31,598: DEBUG: Acct-Input-Gigawords: [0]
2013-11-20 10:56:31,598: DEBUG: Calling-Station-Id: [u'18:21:31:41:52:47']
2013-11-20 10:56:31,598: DEBUG: NAS-Port-Type: ['Wireless-802.11']
2013-11-20 10:56:31,598: DEBUG: GoGo-Total-Output-Voice-Octets: [0]
2013-11-20 10:56:31,598: DEBUG: GoGo-Private-IP-Address: ['192.168.1.179']
2013-11-20 10:56:31,598: DEBUG: GoGo-Acct-Input-Voice-Gigawords: [0]
2013-11-20 10:56:31,598: DEBUG: GoGo-Total-Input-Packets: [35210]
2013-11-20 10:56:31,599: DEBUG: GoGo-Total-Input-Gigawords: [0]
2013-11-20 10:56:31,599: DEBUG: GoGo-Acct-Input-Voice-Packets: [0]
2013-11-20 10:56:31,599: DEBUG: GoGo-Total-Input-Octets: [5083999]
2013-11-20 10:56:31,599: DEBUG: GoGo-Total-Output-Packets: [16904]
2013-11-20 10:56:31,599: DEBUG: WISPr-Location-ID: [u'airline=BA01,tail=01009,network=']
2013-11-20 10:56:31,599: DEBUG: GoGo-Acct-Output-Voice-Gigawords: [0]
2013-11-20 10:56:31,599: DEBUG: Acct-Input-Octets: [5083999]
2013-11-20 10:56:31,601: DEBUG: 

2013-11-20 10:56:31,601: DEBUG: Received response with following attributes:
2013-11-20 10:56:41,602: DEBUG: 

2013-11-20 10:56:41,603: DEBUG: Creating Accounting Update Request with the following Attributes:
2013-11-20 10:56:41,603: DEBUG: User-Name: [u'username12@airborne.aircell.com']
2013-11-20 10:56:41,603: DEBUG: GoGo-Tail-Number: [u'AAATestNAS_166']
2013-11-20 10:56:41,603: DEBUG: Acct-Output-Octets: [7770303]
2013-11-20 10:56:41,603: DEBUG: NAS-IP-Address: ['10.254.171.1']
2013-11-20 10:56:41,603: DEBUG: GoGo-Total-Output-Gigawords: [0]
2013-11-20 10:56:41,603: DEBUG: Framed-IP-Address: ['10.254.171.60']
2013-11-20 10:56:41,603: DEBUG: GoGo-Total-Input-Voice-Gigawords: [0]
2013-11-20 10:56:41,603: DEBUG: GoGo-Total-Output-Octets: [7770303]
2013-11-20 10:56:41,604: DEBUG: GoGo-Acct-Input-Voice-Octets: [0]
2013-11-20 10:56:41,604: DEBUG: GoGo-Total-Input-Voice-Packets: [0]
2013-11-20 10:56:41,604: DEBUG: Called-Station-Id: [u'00:16:3E:03:AD:D0']
2013-11-20 10:56:41,604: DEBUG: WISPr-Location-Name: [u'TEST LLC,BA01_01009']
2013-11-20 10:56:41,604: DEBUG: NAS-Identifier: [u'C08386']
2013-11-20 10:56:41,604: DEBUG: Proxy-State: ['3330,3132']
2013-11-20 10:56:41,604: DEBUG: GoGo-Total-Input-Voice-Octets: [0]
2013-11-20 10:56:41,604: DEBUG: Acct-Status-Type: ['Interim-Update']
2013-11-20 10:56:41,604: DEBUG: GoGo-Total-Output-Voice-Gigawords: [0]
2013-11-20 10:56:41,604: DEBUG: GoGo-Airline: [u'BA01']
2013-11-20 10:56:41,604: DEBUG: Acct-Session-Id: [u'AAATestNAS_166-1384925141562-00163E03ADD0-1']
2013-11-20 10:56:41,604: DEBUG: Acct-Session-Time: [10]
2013-11-20 10:56:41,604: DEBUG: Acct-Input-Packets: [30562]
2013-11-20 10:56:41,605: DEBUG: Acct-Output-Packets: [48106]
2013-11-20 10:56:41,605: DEBUG: GoGo-Acct-Output-Voice-Packets: [0]
2013-11-20 10:56:41,605: DEBUG: GoGo-Acct-Output-Voice-Octets: [0]
2013-11-20 10:56:41,605: DEBUG: Acct-Output-Gigawords: [0]
2013-11-20 10:56:41,605: DEBUG: GoGo-Total-Output-Voice-Packets: [0]
2013-11-20 10:56:41,605: DEBUG: Acct-Input-Gigawords: [0]
2013-11-20 10:56:41,605: DEBUG: Calling-Station-Id: [u'18:21:31:41:52:47']
2013-11-20 10:56:41,605: DEBUG: NAS-Port-Type: ['Wireless-802.11']
2013-11-20 10:56:41,605: DEBUG: GoGo-Total-Output-Voice-Octets: [0]
2013-11-20 10:56:41,605: DEBUG: GoGo-Private-IP-Address: ['192.168.1.179']
2013-11-20 10:56:41,605: DEBUG: GoGo-Acct-Input-Voice-Gigawords: [0]
2013-11-20 10:56:41,605: DEBUG: GoGo-Total-Input-Packets: [30562]
2013-11-20 10:56:41,605: DEBUG: GoGo-Total-Input-Gigawords: [0]
2013-11-20 10:56:41,605: DEBUG: GoGo-Acct-Input-Voice-Packets: [0]
2013-11-20 10:56:41,606: DEBUG: GoGo-Total-Input-Octets: [3485163]
2013-11-20 10:56:41,606: DEBUG: GoGo-Total-Output-Packets: [48106]
2013-11-20 10:56:41,606: DEBUG: WISPr-Location-ID: [u'airline=BA01,tail=01009,network=']
2013-11-20 10:56:41,606: DEBUG: GoGo-Acct-Output-Voice-Gigawords: [0]
2013-11-20 10:56:41,606: DEBUG: Acct-Input-Octets: [3485163]
2013-11-20 10:56:41,607: DEBUG: 

2013-11-20 10:56:41,607: DEBUG: Received response with following attributes:
2013-11-20 10:56:47,609: DEBUG: 

2013-11-20 10:56:47,609: DEBUG: Creating Accounting Update Request with the following Attributes:
2013-11-20 10:56:47,609: DEBUG: User-Name: [u'username12@airborne.aircell.com']
2013-11-20 10:56:47,610: DEBUG: GoGo-Tail-Number: [u'AAATestNAS_166']
2013-11-20 10:56:47,610: DEBUG: Acct-Output-Octets: [6648201]
2013-11-20 10:56:47,610: DEBUG: NAS-IP-Address: ['10.254.171.1']
2013-11-20 10:56:47,610: DEBUG: GoGo-Total-Output-Gigawords: [0]
2013-11-20 10:56:47,610: DEBUG: Framed-IP-Address: ['10.254.171.60']
2013-11-20 10:56:47,610: DEBUG: GoGo-Total-Input-Voice-Gigawords: [0]
2013-11-20 10:56:47,610: DEBUG: GoGo-Total-Output-Octets: [6648201]
2013-11-20 10:56:47,610: DEBUG: GoGo-Acct-Input-Voice-Octets: [0]
2013-11-20 10:56:47,610: DEBUG: GoGo-Total-Input-Voice-Packets: [0]
2013-11-20 10:56:47,610: DEBUG: Called-Station-Id: [u'00:16:3E:03:AD:D0']
2013-11-20 10:56:47,610: DEBUG: WISPr-Location-Name: [u'TEST LLC,BA01_01009']
2013-11-20 10:56:47,610: DEBUG: NAS-Identifier: [u'C08386']
2013-11-20 10:56:47,610: DEBUG: Proxy-State: ['3330,3132']
2013-11-20 10:56:47,610: DEBUG: GoGo-Total-Input-Voice-Octets: [0]
2013-11-20 10:56:47,611: DEBUG: Acct-Status-Type: ['Interim-Update']
2013-11-20 10:56:47,611: DEBUG: GoGo-Total-Output-Voice-Gigawords: [0]
2013-11-20 10:56:47,611: DEBUG: GoGo-Airline: [u'BA01']
2013-11-20 10:56:47,611: DEBUG: Acct-Session-Id: [u'AAATestNAS_166-1384925141562-00163E03ADD0-1']
2013-11-20 10:56:47,611: DEBUG: Acct-Session-Time: [6]
2013-11-20 10:56:47,611: DEBUG: Acct-Input-Packets: [11648]
2013-11-20 10:56:47,611: DEBUG: Acct-Output-Packets: [38949]
2013-11-20 10:56:47,611: DEBUG: GoGo-Acct-Output-Voice-Packets: [0]
2013-11-20 10:56:47,611: DEBUG: GoGo-Acct-Output-Voice-Octets: [0]
2013-11-20 10:56:47,611: DEBUG: Acct-Output-Gigawords: [0]
2013-11-20 10:56:47,611: DEBUG: GoGo-Total-Output-Voice-Packets: [0]
2013-11-20 10:56:47,611: DEBUG: Acct-Input-Gigawords: [0]
2013-11-20 10:56:47,611: DEBUG: Calling-Station-Id: [u'18:21:31:41:52:47']
2013-11-20 10:56:47,611: DEBUG: NAS-Port-Type: ['Wireless-802.11']
2013-11-20 10:56:47,611: DEBUG: GoGo-Total-Output-Voice-Octets: [0]
2013-11-20 10:56:47,612: DEBUG: GoGo-Private-IP-Address: ['192.168.1.179']
2013-11-20 10:56:47,612: DEBUG: GoGo-Acct-Input-Voice-Gigawords: [0]
2013-11-20 10:56:47,612: DEBUG: GoGo-Total-Input-Packets: [11648]
2013-11-20 10:56:47,612: DEBUG: GoGo-Total-Input-Gigawords: [0]
2013-11-20 10:56:47,612: DEBUG: GoGo-Acct-Input-Voice-Packets: [0]
2013-11-20 10:56:47,612: DEBUG: GoGo-Total-Input-Octets: [4072759]
2013-11-20 10:56:47,612: DEBUG: GoGo-Total-Output-Packets: [38949]
2013-11-20 10:56:47,612: DEBUG: WISPr-Location-ID: [u'airline=BA01,tail=01009,network=']
2013-11-20 10:56:47,612: DEBUG: GoGo-Acct-Output-Voice-Gigawords: [0]
2013-11-20 10:56:47,612: DEBUG: Acct-Input-Octets: [4072759]
2013-11-20 10:56:47,614: DEBUG: 

2013-11-20 10:56:47,614: DEBUG: Received response with following attributes:
2013-11-20 10:57:13,614: DEBUG: 

2013-11-20 10:57:13,615: DEBUG: Creating Accounting Stop Request with the following Attributes:
2013-11-20 10:57:13,615: DEBUG: User-Name: [u'username12@airborne.aircell.com']
2013-11-20 10:57:13,615: DEBUG: GoGo-Tail-Number: [u'01009']
2013-11-20 10:57:13,615: DEBUG: Acct-Output-Octets: [4971441]
2013-11-20 10:57:13,615: DEBUG: NAS-IP-Address: ['10.254.171.1']
2013-11-20 10:57:13,615: DEBUG: GoGo-Total-Output-Gigawords: [0]
2013-11-20 10:57:13,616: DEBUG: Framed-IP-Address: ['10.254.171.60']
2013-11-20 10:57:13,616: DEBUG: GoGo-Total-Input-Voice-Gigawords: [0]
2013-11-20 10:57:13,616: DEBUG: GoGo-Total-Output-Octets: [4971441]
2013-11-20 10:57:13,616: DEBUG: GoGo-Acct-Input-Voice-Octets: [0]
2013-11-20 10:57:13,616: DEBUG: GoGo-Total-Input-Voice-Packets: [0]
2013-11-20 10:57:13,616: DEBUG: Called-Station-Id: [u'00:16:3E:03:AD:D0']
2013-11-20 10:57:13,617: DEBUG: WISPr-Location-Name: [u'TEST LLC,BA01_01009']
2013-11-20 10:57:13,617: DEBUG: NAS-Identifier: [u'C08386']
2013-11-20 10:57:13,617: DEBUG: Proxy-State: ['3330,3132']
2013-11-20 10:57:13,617: DEBUG: GoGo-Total-Input-Voice-Octets: [0]
2013-11-20 10:57:13,617: DEBUG: Acct-Status-Type: ['Stop']
2013-11-20 10:57:13,617: DEBUG: GoGo-Total-Output-Voice-Gigawords: [0]
2013-11-20 10:57:13,618: DEBUG: GoGo-Airline: [u'BA01']
2013-11-20 10:57:13,618: DEBUG: Acct-Session-Id: [u'AAATestNAS_166-1384925141562-00163E03ADD0-1']
2013-11-20 10:57:13,618: DEBUG: Acct-Session-Time: [26]
2013-11-20 10:57:13,618: DEBUG: Acct-Input-Packets: [3598]
2013-11-20 10:57:13,618: DEBUG: Acct-Output-Packets: [21877]
2013-11-20 10:57:13,618: DEBUG: Acct-Terminate-Cause: ['User-Request']
2013-11-20 10:57:13,618: DEBUG: GoGo-Acct-Output-Voice-Octets: [0]
2013-11-20 10:57:13,618: DEBUG: Acct-Output-Gigawords: [0]
2013-11-20 10:57:13,618: DEBUG: GoGo-Total-Output-Voice-Packets: [0]
2013-11-20 10:57:13,619: DEBUG: Acct-Input-Gigawords: [0]
2013-11-20 10:57:13,619: DEBUG: Calling-Station-Id: [u'18:21:31:41:52:47']
2013-11-20 10:57:13,619: DEBUG: NAS-Port-Type: ['Wireless-802.11']
2013-11-20 10:57:13,619: DEBUG: GoGo-Total-Output-Voice-Octets: [0]
2013-11-20 10:57:13,619: DEBUG: GoGo-Private-IP-Address: ['192.168.1.179']
2013-11-20 10:57:13,619: DEBUG: GoGo-Acct-Input-Voice-Gigawords: [0]
2013-11-20 10:57:13,619: DEBUG: GoGo-Total-Input-Packets: [3598]
2013-11-20 10:57:13,619: DEBUG: GoGo-Total-Input-Gigawords: [0]
2013-11-20 10:57:13,619: DEBUG: GoGo-Acct-Input-Voice-Packets: [0]
2013-11-20 10:57:13,620: DEBUG: GoGo-Total-Input-Octets: [1113800]
2013-11-20 10:57:13,620: DEBUG: GoGo-Total-Output-Packets: [21877]
2013-11-20 10:57:13,620: DEBUG: WISPr-Location-ID: [u'airline=BA01,tail=01009,network=']
2013-11-20 10:57:13,620: DEBUG: GoGo-Acct-Output-Voice-Packets: [0]
2013-11-20 10:57:13,620: DEBUG: GoGo-Acct-Output-Voice-Gigawords: [0]
2013-11-20 10:57:13,620: DEBUG: Acct-Input-Octets: [1113800]
2013-11-20 10:57:13,622: DEBUG: 

2013-11-20 10:57:13,622: DEBUG: Received response with following attributes:
2013-11-20 10:57:13,622: DEBUG: Ending the test for this user
2013-11-20 10:57:14,490: DEBUG: Starting the client for the user username12@airborne.aircell.com to the server localhost

2013-11-20 10:57:14,490: DEBUG: DURATION of the TEST: 22
2013-11-20 10:57:14,491: DEBUG: NAS-IP: 10.254.184.1
2013-11-20 10:57:14,491: DEBUG: NAS-MAC-ADDR: 18:21:31:41:52:60
2013-11-20 10:57:14,491: DEBUG: Abruptly End: False
2013-11-20 10:57:14,491: DEBUG: Framed-IP: 10.254.184.104
2013-11-20 10:57:14,491: DEBUG: User-MAC-Addr: 00:16:3E:12:43:48
2013-11-20 10:57:14,491: DEBUG: 

2013-11-20 10:57:14,492: DEBUG: Creating Authentication Request with the following Attributes:
2013-11-20 10:57:14,492: DEBUG: NAS-Identifier: [u'C08386']
2013-11-20 10:57:14,492: DEBUG: User-Name: [u'username12@airborne.aircell.com']
2013-11-20 10:57:14,492: DEBUG: NAS-IP-Address: ['10.254.184.1']
2013-11-20 10:57:14,492: DEBUG: Service-Type: ['Authenticate-Only']
2013-11-20 10:57:14,492: DEBUG: Proxy-State: ['3237,3134']
2013-11-20 10:57:14,492: DEBUG: Framed-IP-Address: ['10.254.184.104']
2013-11-20 10:57:14,492: DEBUG: GoGo-Airline: [u'BA01']
2013-11-20 10:57:14,493: DEBUG: Acct-Session-Id: [u'AAATestNAS_179-1384925234491-00163E124348-1']
2013-11-20 10:57:14,493: DEBUG: GoGo-Tail-Number: [u'AAATestNAS_179']
2013-11-20 10:57:14,493: DEBUG: GoGo-Private-IP-Address: ['192.168.1.179']
2013-11-20 10:57:14,493: DEBUG: WISPr-Location-ID: [u'airline=BA01,tail=01009,network=']
2013-11-20 10:57:14,493: DEBUG: WISPr-Location-Name: [u'TEST LLC,BA01_01009']
2013-11-20 10:57:14,493: DEBUG: NAS-Port-Type: ['Wireless-802.11']
2013-11-20 10:57:14,493: DEBUG: Called-Station-Id: [u'00:16:3E:12:43:48']
2013-11-20 10:57:14,493: DEBUG: Calling-Station-Id: [u'18:21:31:41:52:60']
2013-11-20 10:57:14,494: DEBUG: 

2013-11-20 10:57:14,494: DEBUG: Received response with code: 2, Accepted
2013-11-20 10:57:14,495: DEBUG: Creating Authentication Request with the following Attributes:
2013-11-20 10:57:14,495: DEBUG: NAS-Identifier: [u'C08386']
2013-11-20 10:57:14,495: DEBUG: User-Name: [u'username12@airborne.aircell.com']
2013-11-20 10:57:14,495: DEBUG: NAS-IP-Address: ['10.254.184.1']
2013-11-20 10:57:14,495: DEBUG: Service-Type: ['Login-User']
2013-11-20 10:57:14,495: DEBUG: Proxy-State: ['3237,3134']
2013-11-20 10:57:14,495: DEBUG: Framed-IP-Address: ['10.254.184.104']
2013-11-20 10:57:14,495: DEBUG: GoGo-Airline: [u'BA01']
2013-11-20 10:57:14,496: DEBUG: Acct-Session-Id: [u'AAATestNAS_179-1384925234494-00163E124348-1']
2013-11-20 10:57:14,496: DEBUG: GoGo-Tail-Number: [u'AAATestNAS_179']
2013-11-20 10:57:14,496: DEBUG: GoGo-Private-IP-Address: ['192.168.1.179']
2013-11-20 10:57:14,496: DEBUG: WISPr-Location-ID: [u'airline=BA01,tail=01009,network=']
2013-11-20 10:57:14,496: DEBUG: WISPr-Location-Name: [u'TEST LLC,BA01_01009']
2013-11-20 10:57:14,496: DEBUG: NAS-Port-Type: ['Wireless-802.11']
2013-11-20 10:57:14,496: DEBUG: Called-Station-Id: [u'00:16:3E:12:43:48']
2013-11-20 10:57:14,496: DEBUG: Calling-Station-Id: [u'18:21:31:41:52:60']
2013-11-20 10:57:14,497: DEBUG: 

2013-11-20 10:57:14,498: DEBUG: Received response with code: 2, Accepted
2013-11-20 10:57:14,498: DEBUG: 

2013-11-20 10:57:14,499: DEBUG: Creating Accounting start Request with the following Attributes:
2013-11-20 10:57:14,499: DEBUG: NAS-Identifier: [u'C08386']
2013-11-20 10:57:14,499: DEBUG: User-Name: [u'username12@airborne.aircell.com']
2013-11-20 10:57:14,500: DEBUG: GoGo-Tail-Number: [u'AAATestNAS_179']
2013-11-20 10:57:14,500: DEBUG: NAS-IP-Address: ['10.254.184.1']
2013-11-20 10:57:14,500: DEBUG: Proxy-State: ['3239,3131']
2013-11-20 10:57:14,500: DEBUG: Acct-Status-Type: ['Start']
2013-11-20 10:57:14,501: DEBUG: GoGo-Airline: [u'BA01']
2013-11-20 10:57:14,501: DEBUG: Acct-Session-Id: [u'AAATestNAS_179-1384925234494-00163E124348-1']
2013-11-20 10:57:14,502: DEBUG: GoGo-Private-IP-Address: ['192.168.1.179']
2013-11-20 10:57:14,502: DEBUG: Framed-IP-Address: ['10.254.184.104']
2013-11-20 10:57:14,502: DEBUG: WISPr-Location-ID: [u'airline=BA01,tail=01009,network=']
2013-11-20 10:57:14,502: DEBUG: WISPr-Location-Name: [u'TEST LLC,BA01_01009']
2013-11-20 10:57:14,503: DEBUG: NAS-Port-Type: ['Wireless-802.11']
2013-11-20 10:57:14,503: DEBUG: Called-Station-Id: [u'00:16:3E:12:43:48']
2013-11-20 10:57:14,503: DEBUG: Calling-Station-Id: [u'18:21:31:41:52:60']
2013-11-20 10:57:14,505: DEBUG: 

2013-11-20 10:57:14,505: DEBUG: Received response with following attributes:
2013-11-20 10:57:24,506: DEBUG: 

2013-11-20 10:57:24,507: DEBUG: Creating Accounting Update Request with the following Attributes:
2013-11-20 10:57:24,508: DEBUG: User-Name: [u'username12@airborne.aircell.com']
2013-11-20 10:57:24,508: DEBUG: GoGo-Tail-Number: [u'AAATestNAS_179']
2013-11-20 10:57:24,508: DEBUG: Acct-Output-Octets: [2039433]
2013-11-20 10:57:24,509: DEBUG: NAS-IP-Address: ['10.254.184.1']
2013-11-20 10:57:24,509: DEBUG: GoGo-Total-Output-Gigawords: [0]
2013-11-20 10:57:24,510: DEBUG: Framed-IP-Address: ['10.254.184.104']
2013-11-20 10:57:24,510: DEBUG: GoGo-Total-Input-Voice-Gigawords: [0]
2013-11-20 10:57:24,510: DEBUG: GoGo-Total-Output-Octets: [2039433]
2013-11-20 10:57:24,511: DEBUG: GoGo-Acct-Input-Voice-Octets: [0]
2013-11-20 10:57:24,512: DEBUG: GoGo-Total-Input-Voice-Packets: [0]
2013-11-20 10:57:24,513: DEBUG: Called-Station-Id: [u'00:16:3E:12:43:48']
2013-11-20 10:57:24,513: DEBUG: WISPr-Location-Name: [u'TEST LLC,BA01_01009']
2013-11-20 10:57:24,514: DEBUG: NAS-Identifier: [u'C08386']
2013-11-20 10:57:24,514: DEBUG: Proxy-State: ['3330,3132']
2013-11-20 10:57:24,514: DEBUG: GoGo-Total-Input-Voice-Octets: [0]
2013-11-20 10:57:24,516: DEBUG: Acct-Status-Type: ['Interim-Update']
2013-11-20 10:57:24,516: DEBUG: GoGo-Total-Output-Voice-Gigawords: [0]
2013-11-20 10:57:24,517: DEBUG: GoGo-Airline: [u'BA01']
2013-11-20 10:57:24,517: DEBUG: Acct-Session-Id: [u'AAATestNAS_179-1384925234494-00163E124348-1']
2013-11-20 10:57:24,517: DEBUG: Acct-Session-Time: [10]
2013-11-20 10:57:24,518: DEBUG: Acct-Input-Packets: [60923]
2013-11-20 10:57:24,519: DEBUG: Acct-Output-Packets: [7059]
2013-11-20 10:57:24,519: DEBUG: GoGo-Acct-Output-Voice-Packets: [0]
2013-11-20 10:57:24,519: DEBUG: GoGo-Acct-Output-Voice-Octets: [0]
2013-11-20 10:57:24,521: DEBUG: Acct-Output-Gigawords: [0]
2013-11-20 10:57:24,521: DEBUG: GoGo-Total-Output-Voice-Packets: [0]
2013-11-20 10:57:24,522: DEBUG: Acct-Input-Gigawords: [0]
2013-11-20 10:57:24,522: DEBUG: Calling-Station-Id: [u'18:21:31:41:52:60']
2013-11-20 10:57:24,523: DEBUG: NAS-Port-Type: ['Wireless-802.11']
2013-11-20 10:57:24,523: DEBUG: GoGo-Total-Output-Voice-Octets: [0]
2013-11-20 10:57:24,524: DEBUG: GoGo-Private-IP-Address: ['192.168.1.179']
2013-11-20 10:57:24,525: DEBUG: GoGo-Acct-Input-Voice-Gigawords: [0]
2013-11-20 10:57:24,526: DEBUG: GoGo-Total-Input-Packets: [60923]
2013-11-20 10:57:24,526: DEBUG: GoGo-Total-Input-Gigawords: [0]
2013-11-20 10:57:24,526: DEBUG: GoGo-Acct-Input-Voice-Packets: [0]
2013-11-20 10:57:24,527: DEBUG: GoGo-Total-Input-Octets: [8130804]
2013-11-20 10:57:24,527: DEBUG: GoGo-Total-Output-Packets: [7059]
2013-11-20 10:57:24,528: DEBUG: WISPr-Location-ID: [u'airline=BA01,tail=01009,network=']
2013-11-20 10:57:24,529: DEBUG: GoGo-Acct-Output-Voice-Gigawords: [0]
2013-11-20 10:57:24,529: DEBUG: Acct-Input-Octets: [8130804]
2013-11-20 10:57:24,531: DEBUG: 

2013-11-20 10:57:24,532: DEBUG: Received response with following attributes:
2013-11-20 10:57:34,533: DEBUG: 

2013-11-20 10:57:34,534: DEBUG: Creating Accounting Update Request with the following Attributes:
2013-11-20 10:57:34,534: DEBUG: User-Name: [u'username12@airborne.aircell.com']
2013-11-20 10:57:34,534: DEBUG: GoGo-Tail-Number: [u'AAATestNAS_179']
2013-11-20 10:57:34,534: DEBUG: Acct-Output-Octets: [1056109]
2013-11-20 10:57:34,534: DEBUG: NAS-IP-Address: ['10.254.184.1']
2013-11-20 10:57:34,534: DEBUG: GoGo-Total-Output-Gigawords: [0]
2013-11-20 10:57:34,534: DEBUG: Framed-IP-Address: ['10.254.184.104']
2013-11-20 10:57:34,534: DEBUG: GoGo-Total-Input-Voice-Gigawords: [0]
2013-11-20 10:57:34,534: DEBUG: GoGo-Total-Output-Octets: [1056109]
2013-11-20 10:57:34,535: DEBUG: GoGo-Acct-Input-Voice-Octets: [0]
2013-11-20 10:57:34,535: DEBUG: GoGo-Total-Input-Voice-Packets: [0]
2013-11-20 10:57:34,535: DEBUG: Called-Station-Id: [u'00:16:3E:12:43:48']
2013-11-20 10:57:34,535: DEBUG: WISPr-Location-Name: [u'TEST LLC,BA01_01009']
2013-11-20 10:57:34,535: DEBUG: NAS-Identifier: [u'C08386']
2013-11-20 10:57:34,535: DEBUG: Proxy-State: ['3330,3132']
2013-11-20 10:57:34,535: DEBUG: GoGo-Total-Input-Voice-Octets: [0]
2013-11-20 10:57:34,535: DEBUG: Acct-Status-Type: ['Interim-Update']
2013-11-20 10:57:34,536: DEBUG: GoGo-Total-Output-Voice-Gigawords: [0]
2013-11-20 10:57:34,536: DEBUG: GoGo-Airline: [u'BA01']
2013-11-20 10:57:34,537: DEBUG: Acct-Session-Id: [u'AAATestNAS_179-1384925234494-00163E124348-1']
2013-11-20 10:57:34,537: DEBUG: Acct-Session-Time: [10]
2013-11-20 10:57:34,537: DEBUG: Acct-Input-Packets: [78454]
2013-11-20 10:57:34,538: DEBUG: Acct-Output-Packets: [7468]
2013-11-20 10:57:34,538: DEBUG: GoGo-Acct-Output-Voice-Packets: [0]
2013-11-20 10:57:34,538: DEBUG: GoGo-Acct-Output-Voice-Octets: [0]
2013-11-20 10:57:34,538: DEBUG: Acct-Output-Gigawords: [0]
2013-11-20 10:57:34,539: DEBUG: GoGo-Total-Output-Voice-Packets: [0]
2013-11-20 10:57:34,539: DEBUG: Acct-Input-Gigawords: [0]
2013-11-20 10:57:34,539: DEBUG: Calling-Station-Id: [u'18:21:31:41:52:60']
2013-11-20 10:57:34,539: DEBUG: NAS-Port-Type: ['Wireless-802.11']
2013-11-20 10:57:34,540: DEBUG: GoGo-Total-Output-Voice-Octets: [0]
2013-11-20 10:57:34,540: DEBUG: GoGo-Private-IP-Address: ['192.168.1.179']
2013-11-20 10:57:34,540: DEBUG: GoGo-Acct-Input-Voice-Gigawords: [0]
2013-11-20 10:57:34,541: DEBUG: GoGo-Total-Input-Packets: [78454]
2013-11-20 10:57:34,541: DEBUG: GoGo-Total-Input-Gigawords: [0]
2013-11-20 10:57:34,541: DEBUG: GoGo-Acct-Input-Voice-Packets: [0]
2013-11-20 10:57:34,541: DEBUG: GoGo-Total-Input-Octets: [8241682]
2013-11-20 10:57:34,542: DEBUG: GoGo-Total-Output-Packets: [7468]
2013-11-20 10:57:34,542: DEBUG: WISPr-Location-ID: [u'airline=BA01,tail=01009,network=']
2013-11-20 10:57:34,542: DEBUG: GoGo-Acct-Output-Voice-Gigawords: [0]
2013-11-20 10:57:34,543: DEBUG: Acct-Input-Octets: [8241682]
2013-11-20 10:57:34,543: ERROR: Network error, Reason: 'Network error: Too many open files'
2013-11-20 10:57:59,544: DEBUG: 

2013-11-20 10:57:59,545: DEBUG: Creating Accounting Stop Request with the following Attributes:
2013-11-20 10:57:59,545: DEBUG: User-Name: [u'username12@airborne.aircell.com']
2013-11-20 10:57:59,545: DEBUG: GoGo-Tail-Number: [u'01009']
2013-11-20 10:57:59,545: DEBUG: Acct-Output-Octets: [6185885]
2013-11-20 10:57:59,545: DEBUG: NAS-IP-Address: ['10.254.184.1']
2013-11-20 10:57:59,545: DEBUG: GoGo-Total-Output-Gigawords: [0]
2013-11-20 10:57:59,546: DEBUG: Framed-IP-Address: ['10.254.184.104']
2013-11-20 10:57:59,546: DEBUG: GoGo-Total-Input-Voice-Gigawords: [0]
2013-11-20 10:57:59,546: DEBUG: GoGo-Total-Output-Octets: [6185885]
2013-11-20 10:57:59,546: DEBUG: GoGo-Acct-Input-Voice-Octets: [0]
2013-11-20 10:57:59,546: DEBUG: GoGo-Total-Input-Voice-Packets: [0]
2013-11-20 10:57:59,546: DEBUG: Called-Station-Id: [u'00:16:3E:12:43:48']
2013-11-20 10:57:59,546: DEBUG: WISPr-Location-Name: [u'TEST LLC,BA01_01009']
2013-11-20 10:57:59,546: DEBUG: NAS-Identifier: [u'C08386']
2013-11-20 10:57:59,546: DEBUG: Proxy-State: ['3330,3132']
2013-11-20 10:57:59,546: DEBUG: GoGo-Total-Input-Voice-Octets: [0]
2013-11-20 10:57:59,547: DEBUG: Acct-Status-Type: ['Stop']
2013-11-20 10:57:59,547: DEBUG: GoGo-Total-Output-Voice-Gigawords: [0]
2013-11-20 10:57:59,547: DEBUG: GoGo-Airline: [u'BA01']
2013-11-20 10:57:59,547: DEBUG: Acct-Session-Id: [u'AAATestNAS_179-1384925234494-00163E124348-1']
2013-11-20 10:57:59,547: DEBUG: Acct-Session-Time: [25]
2013-11-20 10:57:59,547: DEBUG: Acct-Input-Packets: [42924]
2013-11-20 10:57:59,547: DEBUG: Acct-Output-Packets: [29690]
2013-11-20 10:57:59,547: DEBUG: Acct-Terminate-Cause: ['User-Request']
2013-11-20 10:57:59,547: DEBUG: GoGo-Acct-Output-Voice-Octets: [0]
2013-11-20 10:57:59,547: DEBUG: Acct-Output-Gigawords: [0]
2013-11-20 10:57:59,548: DEBUG: GoGo-Total-Output-Voice-Packets: [0]
2013-11-20 10:57:59,548: DEBUG: Acct-Input-Gigawords: [0]
2013-11-20 10:57:59,548: DEBUG: Calling-Station-Id: [u'18:21:31:41:52:60']
2013-11-20 10:57:59,548: DEBUG: NAS-Port-Type: ['Wireless-802.11']
2013-11-20 10:57:59,548: DEBUG: GoGo-Total-Output-Voice-Octets: [0]
2013-11-20 10:57:59,548: DEBUG: GoGo-Private-IP-Address: ['192.168.1.179']
2013-11-20 10:57:59,548: DEBUG: GoGo-Acct-Input-Voice-Gigawords: [0]
2013-11-20 10:57:59,548: DEBUG: GoGo-Total-Input-Packets: [42924]
2013-11-20 10:57:59,548: DEBUG: GoGo-Total-Input-Gigawords: [0]
2013-11-20 10:57:59,549: DEBUG: GoGo-Acct-Input-Voice-Packets: [0]
2013-11-20 10:57:59,549: DEBUG: GoGo-Total-Input-Octets: [4761154]
2013-11-20 10:57:59,549: DEBUG: GoGo-Total-Output-Packets: [29690]
2013-11-20 10:57:59,549: DEBUG: WISPr-Location-ID: [u'airline=BA01,tail=01009,network=']
2013-11-20 10:57:59,549: DEBUG: GoGo-Acct-Output-Voice-Packets: [0]
2013-11-20 10:57:59,549: DEBUG: GoGo-Acct-Output-Voice-Gigawords: [0]
2013-11-20 10:57:59,549: DEBUG: Acct-Input-Octets: [4761154]
2013-11-20 10:57:59,551: DEBUG: 

2013-11-20 10:57:59,551: DEBUG: Received response with following attributes:
2013-11-20 10:57:59,551: DEBUG: Ending the test for this user
