2013-11-20 10:55:41,622: DEBUG: Starting the client for the user username53@airborne.aircell.com to the server localhost

2013-11-20 10:55:41,622: DEBUG: DURATION of the TEST: 100
2013-11-20 10:55:41,622: DEBUG: NAS-IP: 10.254.11.1
2013-11-20 10:55:41,622: DEBUG: NAS-MAC-ADDR: 16:21:31:41:51:66
2013-11-20 10:55:41,623: DEBUG: Abruptly End: False
2013-11-20 10:55:41,623: DEBUG: Framed-IP: 10.254.11.125
2013-11-20 10:55:41,623: DEBUG: User-MAC-Addr: 00:16:3E:6D:08:77
2013-11-20 10:55:41,623: DEBUG: 

2013-11-20 10:55:41,623: DEBUG: Creating Authentication Request with the following Attributes:
2013-11-20 10:55:41,623: DEBUG: NAS-Identifier: [u'C08386']
2013-11-20 10:55:41,623: DEBUG: User-Name: [u'username53@airborne.aircell.com']
2013-11-20 10:55:41,624: DEBUG: NAS-IP-Address: ['10.254.11.1']
2013-11-20 10:55:41,624: DEBUG: Service-Type: ['Authenticate-Only']
2013-11-20 10:55:41,624: DEBUG: Proxy-State: ['3237,3134']
2013-11-20 10:55:41,624: DEBUG: Framed-IP-Address: ['10.254.11.125']
2013-11-20 10:55:41,624: DEBUG: GoGo-Airline: [u'BA01']
2013-11-20 10:55:41,624: DEBUG: Acct-Session-Id: [u'AAATestNAS_6-1384925141623-00163E6D0877-1']
2013-11-20 10:55:41,624: DEBUG: GoGo-Tail-Number: [u'AAATestNAS_6']
2013-11-20 10:55:41,624: DEBUG: GoGo-Private-IP-Address: ['192.168.1.179']
2013-11-20 10:55:41,624: DEBUG: WISPr-Location-ID: [u'airline=BA01,tail=01009,network=']
2013-11-20 10:55:41,624: DEBUG: WISPr-Location-Name: [u'TEST LLC,BA01_01009']
2013-11-20 10:55:41,624: DEBUG: NAS-Port-Type: ['Wireless-802.11']
2013-11-20 10:55:41,624: DEBUG: Called-Station-Id: [u'00:16:3E:6D:08:77']
2013-11-20 10:55:41,624: DEBUG: Calling-Station-Id: [u'16:21:31:41:51:66']
2013-11-20 10:55:41,625: DEBUG: 

2013-11-20 10:55:41,626: DEBUG: Received response with code: 2, Accepted
2013-11-20 10:55:41,626: DEBUG: Creating Authentication Request with the following Attributes:
2013-11-20 10:55:41,626: DEBUG: NAS-Identifier: [u'C08386']
2013-11-20 10:55:41,626: DEBUG: User-Name: [u'username53@airborne.aircell.com']
2013-11-20 10:55:41,626: DEBUG: NAS-IP-Address: ['10.254.11.1']
2013-11-20 10:55:41,626: DEBUG: Service-Type: ['Login-User']
2013-11-20 10:55:41,626: DEBUG: Proxy-State: ['3237,3134']
2013-11-20 10:55:41,626: DEBUG: Framed-IP-Address: ['10.254.11.125']
2013-11-20 10:55:41,626: DEBUG: GoGo-Airline: [u'BA01']
2013-11-20 10:55:41,626: DEBUG: Acct-Session-Id: [u'AAATestNAS_6-1384925141626-00163E6D0877-1']
2013-11-20 10:55:41,627: DEBUG: GoGo-Tail-Number: [u'AAATestNAS_6']
2013-11-20 10:55:41,627: DEBUG: GoGo-Private-IP-Address: ['192.168.1.179']
2013-11-20 10:55:41,627: DEBUG: WISPr-Location-ID: [u'airline=BA01,tail=01009,network=']
2013-11-20 10:55:41,627: DEBUG: WISPr-Location-Name: [u'TEST LLC,BA01_01009']
2013-11-20 10:55:41,627: DEBUG: NAS-Port-Type: ['Wireless-802.11']
2013-11-20 10:55:41,627: DEBUG: Called-Station-Id: [u'00:16:3E:6D:08:77']
2013-11-20 10:55:41,627: DEBUG: Calling-Station-Id: [u'16:21:31:41:51:66']
2013-11-20 10:55:41,628: DEBUG: 

2013-11-20 10:55:41,628: DEBUG: Received response with code: 2, Accepted
2013-11-20 10:55:41,628: DEBUG: 

2013-11-20 10:55:41,628: DEBUG: Creating Accounting start Request with the following Attributes:
2013-11-20 10:55:41,629: DEBUG: NAS-Identifier: [u'C08386']
2013-11-20 10:55:41,629: DEBUG: User-Name: [u'username53@airborne.aircell.com']
2013-11-20 10:55:41,629: DEBUG: GoGo-Tail-Number: [u'AAATestNAS_6']
2013-11-20 10:55:41,629: DEBUG: NAS-IP-Address: ['10.254.11.1']
2013-11-20 10:55:41,629: DEBUG: Proxy-State: ['3239,3131']
2013-11-20 10:55:41,629: DEBUG: Acct-Status-Type: ['Start']
2013-11-20 10:55:41,629: DEBUG: GoGo-Airline: [u'BA01']
2013-11-20 10:55:41,629: DEBUG: Acct-Session-Id: [u'AAATestNAS_6-1384925141626-00163E6D0877-1']
2013-11-20 10:55:41,630: DEBUG: GoGo-Private-IP-Address: ['192.168.1.179']
2013-11-20 10:55:41,630: DEBUG: Framed-IP-Address: ['10.254.11.125']
2013-11-20 10:55:41,630: DEBUG: WISPr-Location-ID: [u'airline=BA01,tail=01009,network=']
2013-11-20 10:55:41,630: DEBUG: WISPr-Location-Name: [u'TEST LLC,BA01_01009']
2013-11-20 10:55:41,630: DEBUG: NAS-Port-Type: ['Wireless-802.11']
2013-11-20 10:55:41,630: DEBUG: Called-Station-Id: [u'00:16:3E:6D:08:77']
2013-11-20 10:55:41,630: DEBUG: Calling-Station-Id: [u'16:21:31:41:51:66']
2013-11-20 10:55:41,631: DEBUG: 

2013-11-20 10:55:41,631: DEBUG: Received response with following attributes:
2013-11-20 10:55:51,632: DEBUG: 

2013-11-20 10:55:51,632: DEBUG: Creating Accounting Update Request with the following Attributes:
2013-11-20 10:55:51,633: DEBUG: User-Name: [u'username53@airborne.aircell.com']
2013-11-20 10:55:51,633: DEBUG: GoGo-Tail-Number: [u'AAATestNAS_6']
2013-11-20 10:55:51,633: DEBUG: Acct-Output-Octets: [1275208]
2013-11-20 10:55:51,633: DEBUG: NAS-IP-Address: ['10.254.11.1']
2013-11-20 10:55:51,633: DEBUG: GoGo-Total-Output-Gigawords: [0]
2013-11-20 10:55:51,633: DEBUG: Framed-IP-Address: ['10.254.11.125']
2013-11-20 10:55:51,633: DEBUG: GoGo-Total-Input-Voice-Gigawords: [0]
2013-11-20 10:55:51,633: DEBUG: GoGo-Total-Output-Octets: [1275208]
2013-11-20 10:55:51,633: DEBUG: GoGo-Acct-Input-Voice-Octets: [0]
2013-11-20 10:55:51,633: DEBUG: GoGo-Total-Input-Voice-Packets: [0]
2013-11-20 10:55:51,633: DEBUG: Called-Station-Id: [u'00:16:3E:6D:08:77']
2013-11-20 10:55:51,633: DEBUG: WISPr-Location-Name: [u'TEST LLC,BA01_01009']
2013-11-20 10:55:51,633: DEBUG: NAS-Identifier: [u'C08386']
2013-11-20 10:55:51,633: DEBUG: Proxy-State: ['3330,3132']
2013-11-20 10:55:51,634: DEBUG: GoGo-Total-Input-Voice-Octets: [0]
2013-11-20 10:55:51,634: DEBUG: Acct-Status-Type: ['Interim-Update']
2013-11-20 10:55:51,634: DEBUG: GoGo-Total-Output-Voice-Gigawords: [0]
2013-11-20 10:55:51,634: DEBUG: GoGo-Airline: [u'BA01']
2013-11-20 10:55:51,634: DEBUG: Acct-Session-Id: [u'AAATestNAS_6-1384925141626-00163E6D0877-1']
2013-11-20 10:55:51,634: DEBUG: Acct-Session-Time: [10]
2013-11-20 10:55:51,634: DEBUG: Acct-Input-Packets: [26466]
2013-11-20 10:55:51,634: DEBUG: Acct-Output-Packets: [3695]
2013-11-20 10:55:51,634: DEBUG: GoGo-Acct-Output-Voice-Packets: [0]
2013-11-20 10:55:51,634: DEBUG: GoGo-Acct-Output-Voice-Octets: [0]
2013-11-20 10:55:51,634: DEBUG: Acct-Output-Gigawords: [0]
2013-11-20 10:55:51,634: DEBUG: GoGo-Total-Output-Voice-Packets: [0]
2013-11-20 10:55:51,634: DEBUG: Acct-Input-Gigawords: [0]
2013-11-20 10:55:51,634: DEBUG: Calling-Station-Id: [u'16:21:31:41:51:66']
2013-11-20 10:55:51,635: DEBUG: NAS-Port-Type: ['Wireless-802.11']
2013-11-20 10:55:51,635: DEBUG: GoGo-Total-Output-Voice-Octets: [0]
2013-11-20 10:55:51,635: DEBUG: GoGo-Private-IP-Address: ['192.168.1.179']
2013-11-20 10:55:51,635: DEBUG: GoGo-Acct-Input-Voice-Gigawords: [0]
2013-11-20 10:55:51,635: DEBUG: GoGo-Total-Input-Packets: [26466]
2013-11-20 10:55:51,635: DEBUG: GoGo-Total-Input-Gigawords: [0]
2013-11-20 10:55:51,635: DEBUG: GoGo-Acct-Input-Voice-Packets: [0]
2013-11-20 10:55:51,635: DEBUG: GoGo-Total-Input-Octets: [3989952]
2013-11-20 10:55:51,635: DEBUG: GoGo-Total-Output-Packets: [3695]
2013-11-20 10:55:51,635: DEBUG: WISPr-Location-ID: [u'airline=BA01,tail=01009,network=']
2013-11-20 10:55:51,635: DEBUG: GoGo-Acct-Output-Voice-Gigawords: [0]
2013-11-20 10:55:51,635: DEBUG: Acct-Input-Octets: [3989952]
2013-11-20 10:55:51,637: DEBUG: 

2013-11-20 10:55:51,637: DEBUG: Received response with following attributes:
2013-11-20 10:56:01,638: DEBUG: 

2013-11-20 10:56:01,638: DEBUG: Creating Accounting Update Request with the following Attributes:
2013-11-20 10:56:01,638: DEBUG: User-Name: [u'username53@airborne.aircell.com']
2013-11-20 10:56:01,638: DEBUG: GoGo-Tail-Number: [u'AAATestNAS_6']
2013-11-20 10:56:01,639: DEBUG: Acct-Output-Octets: [1993655]
2013-11-20 10:56:01,639: DEBUG: NAS-IP-Address: ['10.254.11.1']
2013-11-20 10:56:01,639: DEBUG: GoGo-Total-Output-Gigawords: [0]
2013-11-20 10:56:01,639: DEBUG: Framed-IP-Address: ['10.254.11.125']
2013-11-20 10:56:01,639: DEBUG: GoGo-Total-Input-Voice-Gigawords: [0]
2013-11-20 10:56:01,639: DEBUG: GoGo-Total-Output-Octets: [1993655]
2013-11-20 10:56:01,639: DEBUG: GoGo-Acct-Input-Voice-Octets: [0]
2013-11-20 10:56:01,639: DEBUG: GoGo-Total-Input-Voice-Packets: [0]
2013-11-20 10:56:01,639: DEBUG: Called-Station-Id: [u'00:16:3E:6D:08:77']
2013-11-20 10:56:01,639: DEBUG: WISPr-Location-Name: [u'TEST LLC,BA01_01009']
2013-11-20 10:56:01,639: DEBUG: NAS-Identifier: [u'C08386']
2013-11-20 10:56:01,639: DEBUG: Proxy-State: ['3330,3132']
2013-11-20 10:56:01,639: DEBUG: GoGo-Total-Input-Voice-Octets: [0]
2013-11-20 10:56:01,639: DEBUG: Acct-Status-Type: ['Interim-Update']
2013-11-20 10:56:01,640: DEBUG: GoGo-Total-Output-Voice-Gigawords: [0]
2013-11-20 10:56:01,640: DEBUG: GoGo-Airline: [u'BA01']
2013-11-20 10:56:01,640: DEBUG: Acct-Session-Id: [u'AAATestNAS_6-1384925141626-00163E6D0877-1']
2013-11-20 10:56:01,640: DEBUG: Acct-Session-Time: [10]
2013-11-20 10:56:01,640: DEBUG: Acct-Input-Packets: [19007]
2013-11-20 10:56:01,640: DEBUG: Acct-Output-Packets: [11728]
2013-11-20 10:56:01,640: DEBUG: GoGo-Acct-Output-Voice-Packets: [0]
2013-11-20 10:56:01,640: DEBUG: GoGo-Acct-Output-Voice-Octets: [0]
2013-11-20 10:56:01,640: DEBUG: Acct-Output-Gigawords: [0]
2013-11-20 10:56:01,640: DEBUG: GoGo-Total-Output-Voice-Packets: [0]
2013-11-20 10:56:01,640: DEBUG: Acct-Input-Gigawords: [0]
2013-11-20 10:56:01,640: DEBUG: Calling-Station-Id: [u'16:21:31:41:51:66']
2013-11-20 10:56:01,640: DEBUG: NAS-Port-Type: ['Wireless-802.11']
2013-11-20 10:56:01,640: DEBUG: GoGo-Total-Output-Voice-Octets: [0]
2013-11-20 10:56:01,641: DEBUG: GoGo-Private-IP-Address: ['192.168.1.179']
2013-11-20 10:56:01,641: DEBUG: GoGo-Acct-Input-Voice-Gigawords: [0]
2013-11-20 10:56:01,641: DEBUG: GoGo-Total-Input-Packets: [19007]
2013-11-20 10:56:01,641: DEBUG: GoGo-Total-Input-Gigawords: [0]
2013-11-20 10:56:01,641: DEBUG: GoGo-Acct-Input-Voice-Packets: [0]
2013-11-20 10:56:01,641: DEBUG: GoGo-Total-Input-Octets: [8073508]
2013-11-20 10:56:01,641: DEBUG: GoGo-Total-Output-Packets: [11728]
2013-11-20 10:56:01,641: DEBUG: WISPr-Location-ID: [u'airline=BA01,tail=01009,network=']
2013-11-20 10:56:01,641: DEBUG: GoGo-Acct-Output-Voice-Gigawords: [0]
2013-11-20 10:56:01,641: DEBUG: Acct-Input-Octets: [8073508]
2013-11-20 10:56:01,643: DEBUG: 

2013-11-20 10:56:01,644: DEBUG: Received response with following attributes:
2013-11-20 10:56:11,644: DEBUG: 

2013-11-20 10:56:11,645: DEBUG: Creating Accounting Update Request with the following Attributes:
2013-11-20 10:56:11,645: DEBUG: User-Name: [u'username53@airborne.aircell.com']
2013-11-20 10:56:11,645: DEBUG: GoGo-Tail-Number: [u'AAATestNAS_6']
2013-11-20 10:56:11,645: DEBUG: Acct-Output-Octets: [9589325]
2013-11-20 10:56:11,645: DEBUG: NAS-IP-Address: ['10.254.11.1']
2013-11-20 10:56:11,645: DEBUG: GoGo-Total-Output-Gigawords: [0]
2013-11-20 10:56:11,645: DEBUG: Framed-IP-Address: ['10.254.11.125']
2013-11-20 10:56:11,645: DEBUG: GoGo-Total-Input-Voice-Gigawords: [0]
2013-11-20 10:56:11,645: DEBUG: GoGo-Total-Output-Octets: [9589325]
2013-11-20 10:56:11,645: DEBUG: GoGo-Acct-Input-Voice-Octets: [0]
2013-11-20 10:56:11,645: DEBUG: GoGo-Total-Input-Voice-Packets: [0]
2013-11-20 10:56:11,645: DEBUG: Called-Station-Id: [u'00:16:3E:6D:08:77']
2013-11-20 10:56:11,646: DEBUG: WISPr-Location-Name: [u'TEST LLC,BA01_01009']
2013-11-20 10:56:11,646: DEBUG: NAS-Identifier: [u'C08386']
2013-11-20 10:56:11,646: DEBUG: Proxy-State: ['3330,3132']
2013-11-20 10:56:11,646: DEBUG: GoGo-Total-Input-Voice-Octets: [0]
2013-11-20 10:56:11,646: DEBUG: Acct-Status-Type: ['Interim-Update']
2013-11-20 10:56:11,646: DEBUG: GoGo-Total-Output-Voice-Gigawords: [0]
2013-11-20 10:56:11,646: DEBUG: GoGo-Airline: [u'BA01']
2013-11-20 10:56:11,646: DEBUG: Acct-Session-Id: [u'AAATestNAS_6-1384925141626-00163E6D0877-1']
2013-11-20 10:56:11,646: DEBUG: Acct-Session-Time: [10]
2013-11-20 10:56:11,646: DEBUG: Acct-Input-Packets: [3012]
2013-11-20 10:56:11,646: DEBUG: Acct-Output-Packets: [60641]
2013-11-20 10:56:11,646: DEBUG: GoGo-Acct-Output-Voice-Packets: [0]
2013-11-20 10:56:11,646: DEBUG: GoGo-Acct-Output-Voice-Octets: [0]
2013-11-20 10:56:11,647: DEBUG: Acct-Output-Gigawords: [0]
2013-11-20 10:56:11,647: DEBUG: GoGo-Total-Output-Voice-Packets: [0]
2013-11-20 10:56:11,647: DEBUG: Acct-Input-Gigawords: [0]
2013-11-20 10:56:11,647: DEBUG: Calling-Station-Id: [u'16:21:31:41:51:66']
2013-11-20 10:56:11,647: DEBUG: NAS-Port-Type: ['Wireless-802.11']
2013-11-20 10:56:11,647: DEBUG: GoGo-Total-Output-Voice-Octets: [0]
2013-11-20 10:56:11,647: DEBUG: GoGo-Private-IP-Address: ['192.168.1.179']
2013-11-20 10:56:11,647: DEBUG: GoGo-Acct-Input-Voice-Gigawords: [0]
2013-11-20 10:56:11,647: DEBUG: GoGo-Total-Input-Packets: [3012]
2013-11-20 10:56:11,647: DEBUG: GoGo-Total-Input-Gigawords: [0]
2013-11-20 10:56:11,647: DEBUG: GoGo-Acct-Input-Voice-Packets: [0]
2013-11-20 10:56:11,647: DEBUG: GoGo-Total-Input-Octets: [1087994]
2013-11-20 10:56:11,647: DEBUG: GoGo-Total-Output-Packets: [60641]
2013-11-20 10:56:11,647: DEBUG: WISPr-Location-ID: [u'airline=BA01,tail=01009,network=']
2013-11-20 10:56:11,648: DEBUG: GoGo-Acct-Output-Voice-Gigawords: [0]
2013-11-20 10:56:11,648: DEBUG: Acct-Input-Octets: [1087994]
2013-11-20 10:56:11,649: DEBUG: 

2013-11-20 10:56:11,649: DEBUG: Received response with following attributes:
2013-11-20 10:56:21,650: DEBUG: 

2013-11-20 10:56:21,650: DEBUG: Creating Accounting Update Request with the following Attributes:
2013-11-20 10:56:21,650: DEBUG: User-Name: [u'username53@airborne.aircell.com']
2013-11-20 10:56:21,650: DEBUG: GoGo-Tail-Number: [u'AAATestNAS_6']
2013-11-20 10:56:21,650: DEBUG: Acct-Output-Octets: [2493056]
2013-11-20 10:56:21,650: DEBUG: NAS-IP-Address: ['10.254.11.1']
2013-11-20 10:56:21,651: DEBUG: GoGo-Total-Output-Gigawords: [0]
2013-11-20 10:56:21,651: DEBUG: Framed-IP-Address: ['10.254.11.125']
2013-11-20 10:56:21,651: DEBUG: GoGo-Total-Input-Voice-Gigawords: [0]
2013-11-20 10:56:21,651: DEBUG: GoGo-Total-Output-Octets: [2493056]
2013-11-20 10:56:21,651: DEBUG: GoGo-Acct-Input-Voice-Octets: [0]
2013-11-20 10:56:21,651: DEBUG: GoGo-Total-Input-Voice-Packets: [0]
2013-11-20 10:56:21,651: DEBUG: Called-Station-Id: [u'00:16:3E:6D:08:77']
2013-11-20 10:56:21,651: DEBUG: WISPr-Location-Name: [u'TEST LLC,BA01_01009']
2013-11-20 10:56:21,651: DEBUG: NAS-Identifier: [u'C08386']
2013-11-20 10:56:21,651: DEBUG: Proxy-State: ['3330,3132']
2013-11-20 10:56:21,651: DEBUG: GoGo-Total-Input-Voice-Octets: [0]
2013-11-20 10:56:21,651: DEBUG: Acct-Status-Type: ['Interim-Update']
2013-11-20 10:56:21,651: DEBUG: GoGo-Total-Output-Voice-Gigawords: [0]
2013-11-20 10:56:21,652: DEBUG: GoGo-Airline: [u'BA01']
2013-11-20 10:56:21,652: DEBUG: Acct-Session-Id: [u'AAATestNAS_6-1384925141626-00163E6D0877-1']
2013-11-20 10:56:21,652: DEBUG: Acct-Session-Time: [10]
2013-11-20 10:56:21,652: DEBUG: Acct-Input-Packets: [55640]
2013-11-20 10:56:21,652: DEBUG: Acct-Output-Packets: [14996]
2013-11-20 10:56:21,652: DEBUG: GoGo-Acct-Output-Voice-Packets: [0]
2013-11-20 10:56:21,652: DEBUG: GoGo-Acct-Output-Voice-Octets: [0]
2013-11-20 10:56:21,652: DEBUG: Acct-Output-Gigawords: [0]
2013-11-20 10:56:21,652: DEBUG: GoGo-Total-Output-Voice-Packets: [0]
2013-11-20 10:56:21,652: DEBUG: Acct-Input-Gigawords: [0]
2013-11-20 10:56:21,652: DEBUG: Calling-Station-Id: [u'16:21:31:41:51:66']
2013-11-20 10:56:21,652: DEBUG: NAS-Port-Type: ['Wireless-802.11']
2013-11-20 10:56:21,652: DEBUG: GoGo-Total-Output-Voice-Octets: [0]
2013-11-20 10:56:21,652: DEBUG: GoGo-Private-IP-Address: ['192.168.1.179']
2013-11-20 10:56:21,653: DEBUG: GoGo-Acct-Input-Voice-Gigawords: [0]
2013-11-20 10:56:21,653: DEBUG: GoGo-Total-Input-Packets: [55640]
2013-11-20 10:56:21,653: DEBUG: GoGo-Total-Input-Gigawords: [0]
2013-11-20 10:56:21,653: DEBUG: GoGo-Acct-Input-Voice-Packets: [0]
2013-11-20 10:56:21,653: DEBUG: GoGo-Total-Input-Octets: [6656832]
2013-11-20 10:56:21,653: DEBUG: GoGo-Total-Output-Packets: [14996]
2013-11-20 10:56:21,653: DEBUG: WISPr-Location-ID: [u'airline=BA01,tail=01009,network=']
2013-11-20 10:56:21,653: DEBUG: GoGo-Acct-Output-Voice-Gigawords: [0]
2013-11-20 10:56:21,653: DEBUG: Acct-Input-Octets: [6656832]
2013-11-20 10:56:21,655: DEBUG: 

2013-11-20 10:56:21,655: DEBUG: Received response with following attributes:
2013-11-20 10:56:31,656: DEBUG: 

2013-11-20 10:56:31,656: DEBUG: Creating Accounting Update Request with the following Attributes:
2013-11-20 10:56:31,657: DEBUG: User-Name: [u'username53@airborne.aircell.com']
2013-11-20 10:56:31,657: DEBUG: GoGo-Tail-Number: [u'AAATestNAS_6']
2013-11-20 10:56:31,657: DEBUG: Acct-Output-Octets: [7103792]
2013-11-20 10:56:31,657: DEBUG: NAS-IP-Address: ['10.254.11.1']
2013-11-20 10:56:31,657: DEBUG: GoGo-Total-Output-Gigawords: [0]
2013-11-20 10:56:31,657: DEBUG: Framed-IP-Address: ['10.254.11.125']
2013-11-20 10:56:31,657: DEBUG: GoGo-Total-Input-Voice-Gigawords: [0]
2013-11-20 10:56:31,657: DEBUG: GoGo-Total-Output-Octets: [7103792]
2013-11-20 10:56:31,657: DEBUG: GoGo-Acct-Input-Voice-Octets: [0]
2013-11-20 10:56:31,658: DEBUG: GoGo-Total-Input-Voice-Packets: [0]
2013-11-20 10:56:31,658: DEBUG: Called-Station-Id: [u'00:16:3E:6D:08:77']
2013-11-20 10:56:31,658: DEBUG: WISPr-Location-Name: [u'TEST LLC,BA01_01009']
2013-11-20 10:56:31,658: DEBUG: NAS-Identifier: [u'C08386']
2013-11-20 10:56:31,658: DEBUG: Proxy-State: ['3330,3132']
2013-11-20 10:56:31,658: DEBUG: GoGo-Total-Input-Voice-Octets: [0]
2013-11-20 10:56:31,658: DEBUG: Acct-Status-Type: ['Interim-Update']
2013-11-20 10:56:31,658: DEBUG: GoGo-Total-Output-Voice-Gigawords: [0]
2013-11-20 10:56:31,658: DEBUG: GoGo-Airline: [u'BA01']
2013-11-20 10:56:31,658: DEBUG: Acct-Session-Id: [u'AAATestNAS_6-1384925141626-00163E6D0877-1']
2013-11-20 10:56:31,659: DEBUG: Acct-Session-Time: [10]
2013-11-20 10:56:31,659: DEBUG: Acct-Input-Packets: [6036]
2013-11-20 10:56:31,659: DEBUG: Acct-Output-Packets: [30171]
2013-11-20 10:56:31,659: DEBUG: GoGo-Acct-Output-Voice-Packets: [0]
2013-11-20 10:56:31,659: DEBUG: GoGo-Acct-Output-Voice-Octets: [0]
2013-11-20 10:56:31,659: DEBUG: Acct-Output-Gigawords: [0]
2013-11-20 10:56:31,659: DEBUG: GoGo-Total-Output-Voice-Packets: [0]
2013-11-20 10:56:31,659: DEBUG: Acct-Input-Gigawords: [0]
2013-11-20 10:56:31,659: DEBUG: Calling-Station-Id: [u'16:21:31:41:51:66']
2013-11-20 10:56:31,659: DEBUG: NAS-Port-Type: ['Wireless-802.11']
2013-11-20 10:56:31,659: DEBUG: GoGo-Total-Output-Voice-Octets: [0]
2013-11-20 10:56:31,660: DEBUG: GoGo-Private-IP-Address: ['192.168.1.179']
2013-11-20 10:56:31,660: DEBUG: GoGo-Acct-Input-Voice-Gigawords: [0]
2013-11-20 10:56:31,660: DEBUG: GoGo-Total-Input-Packets: [6036]
2013-11-20 10:56:31,660: DEBUG: GoGo-Total-Input-Gigawords: [0]
2013-11-20 10:56:31,660: DEBUG: GoGo-Acct-Input-Voice-Packets: [0]
2013-11-20 10:56:31,660: DEBUG: GoGo-Total-Input-Octets: [1737416]
2013-11-20 10:56:31,660: DEBUG: GoGo-Total-Output-Packets: [30171]
2013-11-20 10:56:31,660: DEBUG: WISPr-Location-ID: [u'airline=BA01,tail=01009,network=']
2013-11-20 10:56:31,660: DEBUG: GoGo-Acct-Output-Voice-Gigawords: [0]
2013-11-20 10:56:31,660: DEBUG: Acct-Input-Octets: [1737416]
2013-11-20 10:56:31,662: DEBUG: 

2013-11-20 10:56:31,662: DEBUG: Received response with following attributes:
2013-11-20 10:56:41,663: DEBUG: 

2013-11-20 10:56:41,663: DEBUG: Creating Accounting Update Request with the following Attributes:
2013-11-20 10:56:41,664: DEBUG: User-Name: [u'username53@airborne.aircell.com']
2013-11-20 10:56:41,664: DEBUG: GoGo-Tail-Number: [u'AAATestNAS_6']
2013-11-20 10:56:41,664: DEBUG: Acct-Output-Octets: [9417668]
2013-11-20 10:56:41,664: DEBUG: NAS-IP-Address: ['10.254.11.1']
2013-11-20 10:56:41,664: DEBUG: GoGo-Total-Output-Gigawords: [0]
2013-11-20 10:56:41,664: DEBUG: Framed-IP-Address: ['10.254.11.125']
2013-11-20 10:56:41,664: DEBUG: GoGo-Total-Input-Voice-Gigawords: [0]
2013-11-20 10:56:41,664: DEBUG: GoGo-Total-Output-Octets: [9417668]
2013-11-20 10:56:41,664: DEBUG: GoGo-Acct-Input-Voice-Octets: [0]
2013-11-20 10:56:41,664: DEBUG: GoGo-Total-Input-Voice-Packets: [0]
2013-11-20 10:56:41,664: DEBUG: Called-Station-Id: [u'00:16:3E:6D:08:77']
2013-11-20 10:56:41,664: DEBUG: WISPr-Location-Name: [u'TEST LLC,BA01_01009']
2013-11-20 10:56:41,664: DEBUG: NAS-Identifier: [u'C08386']
2013-11-20 10:56:41,665: DEBUG: Proxy-State: ['3330,3132']
2013-11-20 10:56:41,665: DEBUG: GoGo-Total-Input-Voice-Octets: [0]
2013-11-20 10:56:41,665: DEBUG: Acct-Status-Type: ['Interim-Update']
2013-11-20 10:56:41,665: DEBUG: GoGo-Total-Output-Voice-Gigawords: [0]
2013-11-20 10:56:41,665: DEBUG: GoGo-Airline: [u'BA01']
2013-11-20 10:56:41,665: DEBUG: Acct-Session-Id: [u'AAATestNAS_6-1384925141626-00163E6D0877-1']
2013-11-20 10:56:41,665: DEBUG: Acct-Session-Time: [10]
2013-11-20 10:56:41,665: DEBUG: Acct-Input-Packets: [83657]
2013-11-20 10:56:41,665: DEBUG: Acct-Output-Packets: [67419]
2013-11-20 10:56:41,665: DEBUG: GoGo-Acct-Output-Voice-Packets: [0]
2013-11-20 10:56:41,665: DEBUG: GoGo-Acct-Output-Voice-Octets: [0]
2013-11-20 10:56:41,665: DEBUG: Acct-Output-Gigawords: [0]
2013-11-20 10:56:41,665: DEBUG: GoGo-Total-Output-Voice-Packets: [0]
2013-11-20 10:56:41,665: DEBUG: Acct-Input-Gigawords: [0]
2013-11-20 10:56:41,666: DEBUG: Calling-Station-Id: [u'16:21:31:41:51:66']
2013-11-20 10:56:41,666: DEBUG: NAS-Port-Type: ['Wireless-802.11']
2013-11-20 10:56:41,666: DEBUG: GoGo-Total-Output-Voice-Octets: [0]
2013-11-20 10:56:41,666: DEBUG: GoGo-Private-IP-Address: ['192.168.1.179']
2013-11-20 10:56:41,666: DEBUG: GoGo-Acct-Input-Voice-Gigawords: [0]
2013-11-20 10:56:41,666: DEBUG: GoGo-Total-Input-Packets: [83657]
2013-11-20 10:56:41,666: DEBUG: GoGo-Total-Input-Gigawords: [0]
2013-11-20 10:56:41,666: DEBUG: GoGo-Acct-Input-Voice-Packets: [0]
2013-11-20 10:56:41,666: DEBUG: GoGo-Total-Input-Octets: [9845600]
2013-11-20 10:56:41,666: DEBUG: GoGo-Total-Output-Packets: [67419]
2013-11-20 10:56:41,666: DEBUG: WISPr-Location-ID: [u'airline=BA01,tail=01009,network=']
2013-11-20 10:56:41,666: DEBUG: GoGo-Acct-Output-Voice-Gigawords: [0]
2013-11-20 10:56:41,666: DEBUG: Acct-Input-Octets: [9845600]
2013-11-20 10:56:41,669: DEBUG: 

2013-11-20 10:56:41,669: DEBUG: Received response with following attributes:
2013-11-20 10:56:51,670: DEBUG: 

2013-11-20 10:56:51,671: DEBUG: Creating Accounting Update Request with the following Attributes:
2013-11-20 10:56:51,671: DEBUG: User-Name: [u'username53@airborne.aircell.com']
2013-11-20 10:56:51,671: DEBUG: GoGo-Tail-Number: [u'AAATestNAS_6']
2013-11-20 10:56:51,671: DEBUG: Acct-Output-Octets: [5235428]
2013-11-20 10:56:51,671: DEBUG: NAS-IP-Address: ['10.254.11.1']
2013-11-20 10:56:51,671: DEBUG: GoGo-Total-Output-Gigawords: [0]
2013-11-20 10:56:51,672: DEBUG: Framed-IP-Address: ['10.254.11.125']
2013-11-20 10:56:51,672: DEBUG: GoGo-Total-Input-Voice-Gigawords: [0]
2013-11-20 10:56:51,672: DEBUG: GoGo-Total-Output-Octets: [5235428]
2013-11-20 10:56:51,672: DEBUG: GoGo-Acct-Input-Voice-Octets: [0]
2013-11-20 10:56:51,672: DEBUG: GoGo-Total-Input-Voice-Packets: [0]
2013-11-20 10:56:51,672: DEBUG: Called-Station-Id: [u'00:16:3E:6D:08:77']
2013-11-20 10:56:51,672: DEBUG: WISPr-Location-Name: [u'TEST LLC,BA01_01009']
2013-11-20 10:56:51,672: DEBUG: NAS-Identifier: [u'C08386']
2013-11-20 10:56:51,672: DEBUG: Proxy-State: ['3330,3132']
2013-11-20 10:56:51,672: DEBUG: GoGo-Total-Input-Voice-Octets: [0]
2013-11-20 10:56:51,672: DEBUG: Acct-Status-Type: ['Interim-Update']
2013-11-20 10:56:51,673: DEBUG: GoGo-Total-Output-Voice-Gigawords: [0]
2013-11-20 10:56:51,673: DEBUG: GoGo-Airline: [u'BA01']
2013-11-20 10:56:51,673: DEBUG: Acct-Session-Id: [u'AAATestNAS_6-1384925141626-00163E6D0877-1']
2013-11-20 10:56:51,673: DEBUG: Acct-Session-Time: [10]
2013-11-20 10:56:51,673: DEBUG: Acct-Input-Packets: [12602]
2013-11-20 10:56:51,673: DEBUG: Acct-Output-Packets: [32726]
2013-11-20 10:56:51,673: DEBUG: GoGo-Acct-Output-Voice-Packets: [0]
2013-11-20 10:56:51,673: DEBUG: GoGo-Acct-Output-Voice-Octets: [0]
2013-11-20 10:56:51,673: DEBUG: Acct-Output-Gigawords: [0]
2013-11-20 10:56:51,673: DEBUG: GoGo-Total-Output-Voice-Packets: [0]
2013-11-20 10:56:51,673: DEBUG: Acct-Input-Gigawords: [0]
2013-11-20 10:56:51,674: DEBUG: Calling-Station-Id: [u'16:21:31:41:51:66']
2013-11-20 10:56:51,674: DEBUG: NAS-Port-Type: ['Wireless-802.11']
2013-11-20 10:56:51,674: DEBUG: GoGo-Total-Output-Voice-Octets: [0]
2013-11-20 10:56:51,674: DEBUG: GoGo-Private-IP-Address: ['192.168.1.179']
2013-11-20 10:56:51,674: DEBUG: GoGo-Acct-Input-Voice-Gigawords: [0]
2013-11-20 10:56:51,674: DEBUG: GoGo-Total-Input-Packets: [12602]
2013-11-20 10:56:51,674: DEBUG: GoGo-Total-Input-Gigawords: [0]
2013-11-20 10:56:51,674: DEBUG: GoGo-Acct-Input-Voice-Packets: [0]
2013-11-20 10:56:51,674: DEBUG: GoGo-Total-Input-Octets: [3291719]
2013-11-20 10:56:51,674: DEBUG: GoGo-Total-Output-Packets: [32726]
2013-11-20 10:56:51,674: DEBUG: WISPr-Location-ID: [u'airline=BA01,tail=01009,network=']
2013-11-20 10:56:51,674: DEBUG: GoGo-Acct-Output-Voice-Gigawords: [0]
2013-11-20 10:56:51,674: DEBUG: Acct-Input-Octets: [3291719]
2013-11-20 10:56:51,676: DEBUG: 

2013-11-20 10:56:51,676: DEBUG: Received response with following attributes:
2013-11-20 10:57:01,677: DEBUG: 

2013-11-20 10:57:01,678: DEBUG: Creating Accounting Update Request with the following Attributes:
2013-11-20 10:57:01,678: DEBUG: User-Name: [u'username53@airborne.aircell.com']
2013-11-20 10:57:01,678: DEBUG: GoGo-Tail-Number: [u'AAATestNAS_6']
2013-11-20 10:57:01,678: DEBUG: Acct-Output-Octets: [5053801]
2013-11-20 10:57:01,679: DEBUG: NAS-IP-Address: ['10.254.11.1']
2013-11-20 10:57:01,679: DEBUG: GoGo-Total-Output-Gigawords: [0]
2013-11-20 10:57:01,679: DEBUG: Framed-IP-Address: ['10.254.11.125']
2013-11-20 10:57:01,679: DEBUG: GoGo-Total-Input-Voice-Gigawords: [0]
2013-11-20 10:57:01,679: DEBUG: GoGo-Total-Output-Octets: [5053801]
2013-11-20 10:57:01,679: DEBUG: GoGo-Acct-Input-Voice-Octets: [0]
2013-11-20 10:57:01,679: DEBUG: GoGo-Total-Input-Voice-Packets: [0]
2013-11-20 10:57:01,679: DEBUG: Called-Station-Id: [u'00:16:3E:6D:08:77']
2013-11-20 10:57:01,679: DEBUG: WISPr-Location-Name: [u'TEST LLC,BA01_01009']
2013-11-20 10:57:01,679: DEBUG: NAS-Identifier: [u'C08386']
2013-11-20 10:57:01,680: DEBUG: Proxy-State: ['3330,3132']
2013-11-20 10:57:01,680: DEBUG: GoGo-Total-Input-Voice-Octets: [0]
2013-11-20 10:57:01,680: DEBUG: Acct-Status-Type: ['Interim-Update']
2013-11-20 10:57:01,680: DEBUG: GoGo-Total-Output-Voice-Gigawords: [0]
2013-11-20 10:57:01,680: DEBUG: GoGo-Airline: [u'BA01']
2013-11-20 10:57:01,680: DEBUG: Acct-Session-Id: [u'AAATestNAS_6-1384925141626-00163E6D0877-1']
2013-11-20 10:57:01,680: DEBUG: Acct-Session-Time: [10]
2013-11-20 10:57:01,680: DEBUG: Acct-Input-Packets: [28818]
2013-11-20 10:57:01,680: DEBUG: Acct-Output-Packets: [41792]
2013-11-20 10:57:01,681: DEBUG: GoGo-Acct-Output-Voice-Packets: [0]
2013-11-20 10:57:01,681: DEBUG: GoGo-Acct-Output-Voice-Octets: [0]
2013-11-20 10:57:01,681: DEBUG: Acct-Output-Gigawords: [0]
2013-11-20 10:57:01,681: DEBUG: GoGo-Total-Output-Voice-Packets: [0]
2013-11-20 10:57:01,681: DEBUG: Acct-Input-Gigawords: [0]
2013-11-20 10:57:01,681: DEBUG: Calling-Station-Id: [u'16:21:31:41:51:66']
2013-11-20 10:57:01,681: DEBUG: NAS-Port-Type: ['Wireless-802.11']
2013-11-20 10:57:01,681: DEBUG: GoGo-Total-Output-Voice-Octets: [0]
2013-11-20 10:57:01,682: DEBUG: GoGo-Private-IP-Address: ['192.168.1.179']
2013-11-20 10:57:01,682: DEBUG: GoGo-Acct-Input-Voice-Gigawords: [0]
2013-11-20 10:57:01,682: DEBUG: GoGo-Total-Input-Packets: [28818]
2013-11-20 10:57:01,682: DEBUG: GoGo-Total-Input-Gigawords: [0]
2013-11-20 10:57:01,682: DEBUG: GoGo-Acct-Input-Voice-Packets: [0]
2013-11-20 10:57:01,682: DEBUG: GoGo-Total-Input-Octets: [6229524]
2013-11-20 10:57:01,682: DEBUG: GoGo-Total-Output-Packets: [41792]
2013-11-20 10:57:01,682: DEBUG: WISPr-Location-ID: [u'airline=BA01,tail=01009,network=']
2013-11-20 10:57:01,682: DEBUG: GoGo-Acct-Output-Voice-Gigawords: [0]
2013-11-20 10:57:01,682: DEBUG: Acct-Input-Octets: [6229524]
2013-11-20 10:57:01,684: DEBUG: 

2013-11-20 10:57:01,685: DEBUG: Received response with following attributes:
2013-11-20 10:57:11,686: DEBUG: 

2013-11-20 10:57:11,686: DEBUG: Creating Accounting Update Request with the following Attributes:
2013-11-20 10:57:11,686: DEBUG: User-Name: [u'username53@airborne.aircell.com']
2013-11-20 10:57:11,686: DEBUG: GoGo-Tail-Number: [u'AAATestNAS_6']
2013-11-20 10:57:11,687: DEBUG: Acct-Output-Octets: [5783099]
2013-11-20 10:57:11,687: DEBUG: NAS-IP-Address: ['10.254.11.1']
2013-11-20 10:57:11,687: DEBUG: GoGo-Total-Output-Gigawords: [0]
2013-11-20 10:57:11,687: DEBUG: Framed-IP-Address: ['10.254.11.125']
2013-11-20 10:57:11,687: DEBUG: GoGo-Total-Input-Voice-Gigawords: [0]
2013-11-20 10:57:11,687: DEBUG: GoGo-Total-Output-Octets: [5783099]
2013-11-20 10:57:11,687: DEBUG: GoGo-Acct-Input-Voice-Octets: [0]
2013-11-20 10:57:11,687: DEBUG: GoGo-Total-Input-Voice-Packets: [0]
2013-11-20 10:57:11,687: DEBUG: Called-Station-Id: [u'00:16:3E:6D:08:77']
2013-11-20 10:57:11,687: DEBUG: WISPr-Location-Name: [u'TEST LLC,BA01_01009']
2013-11-20 10:57:11,687: DEBUG: NAS-Identifier: [u'C08386']
2013-11-20 10:57:11,687: DEBUG: Proxy-State: ['3330,3132']
2013-11-20 10:57:11,687: DEBUG: GoGo-Total-Input-Voice-Octets: [0]
2013-11-20 10:57:11,687: DEBUG: Acct-Status-Type: ['Interim-Update']
2013-11-20 10:57:11,687: DEBUG: GoGo-Total-Output-Voice-Gigawords: [0]
2013-11-20 10:57:11,688: DEBUG: GoGo-Airline: [u'BA01']
2013-11-20 10:57:11,688: DEBUG: Acct-Session-Id: [u'AAATestNAS_6-1384925141626-00163E6D0877-1']
2013-11-20 10:57:11,688: DEBUG: Acct-Session-Time: [10]
2013-11-20 10:57:11,688: DEBUG: Acct-Input-Packets: [5886]
2013-11-20 10:57:11,688: DEBUG: Acct-Output-Packets: [6619]
2013-11-20 10:57:11,688: DEBUG: GoGo-Acct-Output-Voice-Packets: [0]
2013-11-20 10:57:11,688: DEBUG: GoGo-Acct-Output-Voice-Octets: [0]
2013-11-20 10:57:11,688: DEBUG: Acct-Output-Gigawords: [0]
2013-11-20 10:57:11,688: DEBUG: GoGo-Total-Output-Voice-Packets: [0]
2013-11-20 10:57:11,688: DEBUG: Acct-Input-Gigawords: [0]
2013-11-20 10:57:11,688: DEBUG: Calling-Station-Id: [u'16:21:31:41:51:66']
2013-11-20 10:57:11,688: DEBUG: NAS-Port-Type: ['Wireless-802.11']
2013-11-20 10:57:11,688: DEBUG: GoGo-Total-Output-Voice-Octets: [0]
2013-11-20 10:57:11,688: DEBUG: GoGo-Private-IP-Address: ['192.168.1.179']
2013-11-20 10:57:11,689: DEBUG: GoGo-Acct-Input-Voice-Gigawords: [0]
2013-11-20 10:57:11,689: DEBUG: GoGo-Total-Input-Packets: [5886]
2013-11-20 10:57:11,689: DEBUG: GoGo-Total-Input-Gigawords: [0]
2013-11-20 10:57:11,689: DEBUG: GoGo-Acct-Input-Voice-Packets: [0]
2013-11-20 10:57:11,689: DEBUG: GoGo-Total-Input-Octets: [2989382]
2013-11-20 10:57:11,689: DEBUG: GoGo-Total-Output-Packets: [6619]
2013-11-20 10:57:11,689: DEBUG: WISPr-Location-ID: [u'airline=BA01,tail=01009,network=']
2013-11-20 10:57:11,689: DEBUG: GoGo-Acct-Output-Voice-Gigawords: [0]
2013-11-20 10:57:11,689: DEBUG: Acct-Input-Octets: [2989382]
2013-11-20 10:57:11,691: DEBUG: 

2013-11-20 10:57:11,691: DEBUG: Received response with following attributes:
2013-11-20 10:57:21,691: DEBUG: 

2013-11-20 10:57:21,692: DEBUG: Creating Accounting Update Request with the following Attributes:
2013-11-20 10:57:21,692: DEBUG: User-Name: [u'username53@airborne.aircell.com']
2013-11-20 10:57:21,692: DEBUG: GoGo-Tail-Number: [u'AAATestNAS_6']
2013-11-20 10:57:21,692: DEBUG: Acct-Output-Octets: [9406136]
2013-11-20 10:57:21,693: DEBUG: NAS-IP-Address: ['10.254.11.1']
2013-11-20 10:57:21,693: DEBUG: GoGo-Total-Output-Gigawords: [0]
2013-11-20 10:57:21,693: DEBUG: Framed-IP-Address: ['10.254.11.125']
2013-11-20 10:57:21,693: DEBUG: GoGo-Total-Input-Voice-Gigawords: [0]
2013-11-20 10:57:21,693: DEBUG: GoGo-Total-Output-Octets: [9406136]
2013-11-20 10:57:21,693: DEBUG: GoGo-Acct-Input-Voice-Octets: [0]
2013-11-20 10:57:21,693: DEBUG: GoGo-Total-Input-Voice-Packets: [0]
2013-11-20 10:57:21,693: DEBUG: Called-Station-Id: [u'00:16:3E:6D:08:77']
2013-11-20 10:57:21,693: DEBUG: WISPr-Location-Name: [u'TEST LLC,BA01_01009']
2013-11-20 10:57:21,694: DEBUG: NAS-Identifier: [u'C08386']
2013-11-20 10:57:21,694: DEBUG: Proxy-State: ['3330,3132']
2013-11-20 10:57:21,694: DEBUG: GoGo-Total-Input-Voice-Octets: [0]
2013-11-20 10:57:21,694: DEBUG: Acct-Status-Type: ['Interim-Update']
2013-11-20 10:57:21,694: DEBUG: GoGo-Total-Output-Voice-Gigawords: [0]
2013-11-20 10:57:21,694: DEBUG: GoGo-Airline: [u'BA01']
2013-11-20 10:57:21,694: DEBUG: Acct-Session-Id: [u'AAATestNAS_6-1384925141626-00163E6D0877-1']
2013-11-20 10:57:21,694: DEBUG: Acct-Session-Time: [10]
2013-11-20 10:57:21,694: DEBUG: Acct-Input-Packets: [28681]
2013-11-20 10:57:21,694: DEBUG: Acct-Output-Packets: [26433]
2013-11-20 10:57:21,695: DEBUG: GoGo-Acct-Output-Voice-Packets: [0]
2013-11-20 10:57:21,695: DEBUG: GoGo-Acct-Output-Voice-Octets: [0]
2013-11-20 10:57:21,695: DEBUG: Acct-Output-Gigawords: [0]
2013-11-20 10:57:21,695: DEBUG: GoGo-Total-Output-Voice-Packets: [0]
2013-11-20 10:57:21,695: DEBUG: Acct-Input-Gigawords: [0]
2013-11-20 10:57:21,695: DEBUG: Calling-Station-Id: [u'16:21:31:41:51:66']
2013-11-20 10:57:21,695: DEBUG: NAS-Port-Type: ['Wireless-802.11']
2013-11-20 10:57:21,695: DEBUG: GoGo-Total-Output-Voice-Octets: [0]
2013-11-20 10:57:21,695: DEBUG: GoGo-Private-IP-Address: ['192.168.1.179']
2013-11-20 10:57:21,695: DEBUG: GoGo-Acct-Input-Voice-Gigawords: [0]
2013-11-20 10:57:21,696: DEBUG: GoGo-Total-Input-Packets: [28681]
2013-11-20 10:57:21,696: DEBUG: GoGo-Total-Input-Gigawords: [0]
2013-11-20 10:57:21,696: DEBUG: GoGo-Acct-Input-Voice-Packets: [0]
2013-11-20 10:57:21,696: DEBUG: GoGo-Total-Input-Octets: [4667454]
2013-11-20 10:57:21,696: DEBUG: GoGo-Total-Output-Packets: [26433]
2013-11-20 10:57:21,696: DEBUG: WISPr-Location-ID: [u'airline=BA01,tail=01009,network=']
2013-11-20 10:57:21,696: DEBUG: GoGo-Acct-Output-Voice-Gigawords: [0]
2013-11-20 10:57:21,696: DEBUG: Acct-Input-Octets: [4667454]
2013-11-20 10:57:21,698: DEBUG: 

2013-11-20 10:57:21,698: DEBUG: Received response with following attributes:
2013-11-20 10:57:44,699: DEBUG: 

2013-11-20 10:57:44,700: DEBUG: Creating Accounting Stop Request with the following Attributes:
2013-11-20 10:57:44,700: DEBUG: User-Name: [u'username53@airborne.aircell.com']
2013-11-20 10:57:44,700: DEBUG: GoGo-Tail-Number: [u'01009']
2013-11-20 10:57:44,700: DEBUG: Acct-Output-Octets: [2849553]
2013-11-20 10:57:44,700: DEBUG: NAS-IP-Address: ['10.254.11.1']
2013-11-20 10:57:44,700: DEBUG: GoGo-Total-Output-Gigawords: [0]
2013-11-20 10:57:44,700: DEBUG: Framed-IP-Address: ['10.254.11.125']
2013-11-20 10:57:44,701: DEBUG: GoGo-Total-Input-Voice-Gigawords: [0]
2013-11-20 10:57:44,701: DEBUG: GoGo-Total-Output-Octets: [2849553]
2013-11-20 10:57:44,701: DEBUG: GoGo-Acct-Input-Voice-Octets: [0]
2013-11-20 10:57:44,701: DEBUG: GoGo-Total-Input-Voice-Packets: [0]
2013-11-20 10:57:44,701: DEBUG: Called-Station-Id: [u'00:16:3E:6D:08:77']
2013-11-20 10:57:44,701: DEBUG: WISPr-Location-Name: [u'TEST LLC,BA01_01009']
2013-11-20 10:57:44,701: DEBUG: NAS-Identifier: [u'C08386']
2013-11-20 10:57:44,701: DEBUG: Proxy-State: ['3330,3132']
2013-11-20 10:57:44,701: DEBUG: GoGo-Total-Input-Voice-Octets: [0]
2013-11-20 10:57:44,701: DEBUG: Acct-Status-Type: ['Stop']
2013-11-20 10:57:44,701: DEBUG: GoGo-Total-Output-Voice-Gigawords: [0]
2013-11-20 10:57:44,701: DEBUG: GoGo-Airline: [u'BA01']
2013-11-20 10:57:44,702: DEBUG: Acct-Session-Id: [u'AAATestNAS_6-1384925141626-00163E6D0877-1']
2013-11-20 10:57:44,702: DEBUG: Acct-Session-Time: [23]
2013-11-20 10:57:44,702: DEBUG: Acct-Input-Packets: [18132]
2013-11-20 10:57:44,702: DEBUG: Acct-Output-Packets: [15558]
2013-11-20 10:57:44,702: DEBUG: Acct-Terminate-Cause: ['User-Request']
2013-11-20 10:57:44,702: DEBUG: GoGo-Acct-Output-Voice-Octets: [0]
2013-11-20 10:57:44,702: DEBUG: Acct-Output-Gigawords: [0]
2013-11-20 10:57:44,702: DEBUG: GoGo-Total-Output-Voice-Packets: [0]
2013-11-20 10:57:44,702: DEBUG: Acct-Input-Gigawords: [0]
2013-11-20 10:57:44,702: DEBUG: Calling-Station-Id: [u'16:21:31:41:51:66']
2013-11-20 10:57:44,702: DEBUG: NAS-Port-Type: ['Wireless-802.11']
2013-11-20 10:57:44,702: DEBUG: GoGo-Total-Output-Voice-Octets: [0]
2013-11-20 10:57:44,702: DEBUG: GoGo-Private-IP-Address: ['192.168.1.179']
2013-11-20 10:57:44,703: DEBUG: GoGo-Acct-Input-Voice-Gigawords: [0]
2013-11-20 10:57:44,703: DEBUG: GoGo-Total-Input-Packets: [18132]
2013-11-20 10:57:44,703: DEBUG: GoGo-Total-Input-Gigawords: [0]
2013-11-20 10:57:44,703: DEBUG: GoGo-Acct-Input-Voice-Packets: [0]
2013-11-20 10:57:44,703: DEBUG: GoGo-Total-Input-Octets: [2596720]
2013-11-20 10:57:44,703: DEBUG: GoGo-Total-Output-Packets: [15558]
2013-11-20 10:57:44,703: DEBUG: WISPr-Location-ID: [u'airline=BA01,tail=01009,network=']
2013-11-20 10:57:44,703: DEBUG: GoGo-Acct-Output-Voice-Packets: [0]
2013-11-20 10:57:44,703: DEBUG: GoGo-Acct-Output-Voice-Gigawords: [0]
2013-11-20 10:57:44,703: DEBUG: Acct-Input-Octets: [2596720]
2013-11-20 10:57:44,706: DEBUG: 

2013-11-20 10:57:44,706: DEBUG: Received response with following attributes:
2013-11-20 10:57:44,706: DEBUG: Ending the test for this user
2013-11-20 10:57:45,533: DEBUG: Starting the client for the user username53@airborne.aircell.com to the server localhost

2013-11-20 10:57:45,533: DEBUG: DURATION of the TEST: 45
2013-11-20 10:57:45,534: DEBUG: NAS-IP: 10.254.208.1
2013-11-20 10:57:45,534: DEBUG: NAS-MAC-ADDR: 18:21:31:41:52:84
2013-11-20 10:57:45,534: DEBUG: Abruptly End: False
2013-11-20 10:57:45,535: DEBUG: Framed-IP: 10.254.208.139
2013-11-20 10:57:45,535: DEBUG: User-MAC-Addr: 00:16:3E:51:28:20
2013-11-20 10:57:45,535: DEBUG: 

2013-11-20 10:57:45,536: DEBUG: Creating Authentication Request with the following Attributes:
2013-11-20 10:57:45,536: DEBUG: NAS-Identifier: [u'C08386']
2013-11-20 10:57:45,537: DEBUG: User-Name: [u'username53@airborne.aircell.com']
2013-11-20 10:57:45,537: DEBUG: NAS-IP-Address: ['10.254.208.1']
2013-11-20 10:57:45,537: DEBUG: Service-Type: ['Authenticate-Only']
2013-11-20 10:57:45,538: DEBUG: Proxy-State: ['3237,3134']
2013-11-20 10:57:45,538: DEBUG: Framed-IP-Address: ['10.254.208.139']
2013-11-20 10:57:45,538: DEBUG: GoGo-Airline: [u'BA01']
2013-11-20 10:57:45,538: DEBUG: Acct-Session-Id: [u'AAATestNAS_203-1384925265536-00163E512820-2']
2013-11-20 10:57:45,539: DEBUG: GoGo-Tail-Number: [u'AAATestNAS_203']
2013-11-20 10:57:45,540: DEBUG: GoGo-Private-IP-Address: ['192.168.1.179']
2013-11-20 10:57:45,540: DEBUG: WISPr-Location-ID: [u'airline=BA01,tail=01009,network=']
2013-11-20 10:57:45,540: DEBUG: WISPr-Location-Name: [u'TEST LLC,BA01_01009']
2013-11-20 10:57:45,541: DEBUG: NAS-Port-Type: ['Wireless-802.11']
2013-11-20 10:57:45,541: DEBUG: Called-Station-Id: [u'00:16:3E:51:28:20']
2013-11-20 10:57:45,542: DEBUG: Calling-Station-Id: [u'18:21:31:41:52:84']
2013-11-20 10:57:45,543: ERROR: Network error, Reason: 'Network error: Too many open files'
2013-11-20 10:57:45,543: DEBUG: Ending the test for this user
2013-11-20 10:57:46,534: DEBUG: Starting the client for the user username53@airborne.aircell.com to the server localhost

2013-11-20 10:57:46,535: DEBUG: DURATION of the TEST: 86
2013-11-20 10:57:46,535: DEBUG: NAS-IP: 10.254.45.1
2013-11-20 10:57:46,536: DEBUG: NAS-MAC-ADDR: 16:21:31:41:52:99
2013-11-20 10:57:46,536: DEBUG: Abruptly End: False
2013-11-20 10:57:46,537: DEBUG: Framed-IP: 10.254.45.61
2013-11-20 10:57:46,538: DEBUG: User-MAC-Addr: 00:16:3E:76:87:09
2013-11-20 10:57:46,538: DEBUG: 

2013-11-20 10:57:46,539: DEBUG: Creating Authentication Request with the following Attributes:
2013-11-20 10:57:46,540: DEBUG: NAS-Identifier: [u'C08386']
2013-11-20 10:57:46,540: DEBUG: User-Name: [u'username53@airborne.aircell.com']
2013-11-20 10:57:46,540: DEBUG: NAS-IP-Address: ['10.254.45.1']
2013-11-20 10:57:46,541: DEBUG: Service-Type: ['Authenticate-Only']
2013-11-20 10:57:46,541: DEBUG: Proxy-State: ['3237,3134']
2013-11-20 10:57:46,541: DEBUG: Framed-IP-Address: ['10.254.45.61']
2013-11-20 10:57:46,542: DEBUG: GoGo-Airline: [u'BA01']
2013-11-20 10:57:46,542: DEBUG: Acct-Session-Id: [u'AAATestNAS_40-1384925266539-00163E768709-4']
2013-11-20 10:57:46,543: DEBUG: GoGo-Tail-Number: [u'AAATestNAS_40']
2013-11-20 10:57:46,543: DEBUG: GoGo-Private-IP-Address: ['192.168.1.179']
2013-11-20 10:57:46,543: DEBUG: WISPr-Location-ID: [u'airline=BA01,tail=01009,network=']
2013-11-20 10:57:46,544: DEBUG: WISPr-Location-Name: [u'TEST LLC,BA01_01009']
2013-11-20 10:57:46,544: DEBUG: NAS-Port-Type: ['Wireless-802.11']
2013-11-20 10:57:46,545: DEBUG: Called-Station-Id: [u'00:16:3E:76:87:09']
2013-11-20 10:57:46,545: DEBUG: Calling-Station-Id: [u'16:21:31:41:52:99']
2013-11-20 10:57:46,546: ERROR: Network error, Reason: 'Network error: Too many open files'
2013-11-20 10:57:46,547: DEBUG: Ending the test for this user
2013-11-20 10:57:47,551: DEBUG: Starting the client for the user username53@airborne.aircell.com to the server localhost

2013-11-20 10:57:47,551: DEBUG: DURATION of the TEST: 60
2013-11-20 10:57:47,553: DEBUG: NAS-IP: 10.254.154.1
2013-11-20 10:57:47,554: DEBUG: NAS-MAC-ADDR: 18:21:31:41:52:30
2013-11-20 10:57:47,555: DEBUG: Abruptly End: False
2013-11-20 10:57:47,555: DEBUG: Framed-IP: 10.254.154.120
2013-11-20 10:57:47,556: DEBUG: User-MAC-Addr: 00:16:3E:54:F4:4B
2013-11-20 10:57:47,557: DEBUG: 

2013-11-20 10:57:47,558: DEBUG: Creating Authentication Request with the following Attributes:
2013-11-20 10:57:47,558: DEBUG: NAS-Identifier: [u'C08386']
2013-11-20 10:57:47,559: DEBUG: User-Name: [u'username53@airborne.aircell.com']
2013-11-20 10:57:47,559: DEBUG: NAS-IP-Address: ['10.254.154.1']
2013-11-20 10:57:47,560: DEBUG: Service-Type: ['Authenticate-Only']
2013-11-20 10:57:47,561: DEBUG: Proxy-State: ['3237,3134']
2013-11-20 10:57:47,561: DEBUG: Framed-IP-Address: ['10.254.154.120']
2013-11-20 10:57:47,562: DEBUG: GoGo-Airline: [u'BA01']
2013-11-20 10:57:47,562: DEBUG: Acct-Session-Id: [u'AAATestNAS_149-1384925267558-00163E54F44B-2']
2013-11-20 10:57:47,563: DEBUG: GoGo-Tail-Number: [u'AAATestNAS_149']
2013-11-20 10:57:47,563: DEBUG: GoGo-Private-IP-Address: ['192.168.1.179']
2013-11-20 10:57:47,563: DEBUG: WISPr-Location-ID: [u'airline=BA01,tail=01009,network=']
2013-11-20 10:57:47,563: DEBUG: WISPr-Location-Name: [u'TEST LLC,BA01_01009']
2013-11-20 10:57:47,564: DEBUG: NAS-Port-Type: ['Wireless-802.11']
2013-11-20 10:57:47,564: DEBUG: Called-Station-Id: [u'00:16:3E:54:F4:4B']
2013-11-20 10:57:47,564: DEBUG: Calling-Station-Id: [u'18:21:31:41:52:30']
2013-11-20 10:57:47,564: ERROR: Network error, Reason: 'Network error: nodename nor servname provided, or not known'
2013-11-20 10:57:47,564: DEBUG: Ending the test for this user
