2013-11-20 10:55:42,327: DEBUG: Starting the client for the user username91@airborne.aircell.com to the server localhost

2013-11-20 10:55:42,327: DEBUG: DURATION of the TEST: 54
2013-11-20 10:55:42,327: DEBUG: NAS-IP: 10.254.204.1
2013-11-20 10:55:42,327: DEBUG: NAS-MAC-ADDR: 18:21:31:41:52:80
2013-11-20 10:55:42,327: DEBUG: Abruptly End: False
2013-11-20 10:55:42,327: DEBUG: Framed-IP: 10.254.204.44
2013-11-20 10:55:42,327: DEBUG: User-MAC-Addr: 00:16:3E:4D:51:8C
2013-11-20 10:55:42,327: DEBUG: 

2013-11-20 10:55:42,328: DEBUG: Creating Authentication Request with the following Attributes:
2013-11-20 10:55:42,328: DEBUG: NAS-Identifier: [u'C08386']
2013-11-20 10:55:42,328: DEBUG: User-Name: [u'username91@airborne.aircell.com']
2013-11-20 10:55:42,328: DEBUG: NAS-IP-Address: ['10.254.204.1']
2013-11-20 10:55:42,328: DEBUG: Service-Type: ['Authenticate-Only']
2013-11-20 10:55:42,328: DEBUG: Proxy-State: ['3237,3134']
2013-11-20 10:55:42,328: DEBUG: Framed-IP-Address: ['10.254.204.44']
2013-11-20 10:55:42,328: DEBUG: GoGo-Airline: [u'BA01']
2013-11-20 10:55:42,329: DEBUG: Acct-Session-Id: [u'AAATestNAS_199-1384925142328-00163E4D518C-1']
2013-11-20 10:55:42,329: DEBUG: GoGo-Tail-Number: [u'AAATestNAS_199']
2013-11-20 10:55:42,329: DEBUG: GoGo-Private-IP-Address: ['192.168.1.179']
2013-11-20 10:55:42,329: DEBUG: WISPr-Location-ID: [u'airline=BA01,tail=01009,network=']
2013-11-20 10:55:42,329: DEBUG: WISPr-Location-Name: [u'TEST LLC,BA01_01009']
2013-11-20 10:55:42,329: DEBUG: NAS-Port-Type: ['Wireless-802.11']
2013-11-20 10:55:42,329: DEBUG: Called-Station-Id: [u'00:16:3E:4D:51:8C']
2013-11-20 10:55:42,329: DEBUG: Calling-Station-Id: [u'18:21:31:41:52:80']
2013-11-20 10:55:42,330: DEBUG: 

2013-11-20 10:55:42,330: DEBUG: Received response with code: 2, Accepted
2013-11-20 10:55:42,331: DEBUG: Creating Authentication Request with the following Attributes:
2013-11-20 10:55:42,331: DEBUG: NAS-Identifier: [u'C08386']
2013-11-20 10:55:42,331: DEBUG: User-Name: [u'username91@airborne.aircell.com']
2013-11-20 10:55:42,331: DEBUG: NAS-IP-Address: ['10.254.204.1']
2013-11-20 10:55:42,331: DEBUG: Service-Type: ['Login-User']
2013-11-20 10:55:42,331: DEBUG: Proxy-State: ['3237,3134']
2013-11-20 10:55:42,331: DEBUG: Framed-IP-Address: ['10.254.204.44']
2013-11-20 10:55:42,331: DEBUG: GoGo-Airline: [u'BA01']
2013-11-20 10:55:42,331: DEBUG: Acct-Session-Id: [u'AAATestNAS_199-1384925142330-00163E4D518C-1']
2013-11-20 10:55:42,331: DEBUG: GoGo-Tail-Number: [u'AAATestNAS_199']
2013-11-20 10:55:42,331: DEBUG: GoGo-Private-IP-Address: ['192.168.1.179']
2013-11-20 10:55:42,331: DEBUG: WISPr-Location-ID: [u'airline=BA01,tail=01009,network=']
2013-11-20 10:55:42,331: DEBUG: WISPr-Location-Name: [u'TEST LLC,BA01_01009']
2013-11-20 10:55:42,332: DEBUG: NAS-Port-Type: ['Wireless-802.11']
2013-11-20 10:55:42,332: DEBUG: Called-Station-Id: [u'00:16:3E:4D:51:8C']
2013-11-20 10:55:42,332: DEBUG: Calling-Station-Id: [u'18:21:31:41:52:80']
2013-11-20 10:55:42,333: DEBUG: 

2013-11-20 10:55:42,333: DEBUG: Received response with code: 2, Accepted
2013-11-20 10:55:42,333: DEBUG: 

2013-11-20 10:55:42,333: DEBUG: Creating Accounting start Request with the following Attributes:
2013-11-20 10:55:42,333: DEBUG: NAS-Identifier: [u'C08386']
2013-11-20 10:55:42,333: DEBUG: User-Name: [u'username91@airborne.aircell.com']
2013-11-20 10:55:42,333: DEBUG: GoGo-Tail-Number: [u'AAATestNAS_199']
2013-11-20 10:55:42,333: DEBUG: NAS-IP-Address: ['10.254.204.1']
2013-11-20 10:55:42,333: DEBUG: Proxy-State: ['3239,3131']
2013-11-20 10:55:42,333: DEBUG: Acct-Status-Type: ['Start']
2013-11-20 10:55:42,334: DEBUG: GoGo-Airline: [u'BA01']
2013-11-20 10:55:42,334: DEBUG: Acct-Session-Id: [u'AAATestNAS_199-1384925142330-00163E4D518C-1']
2013-11-20 10:55:42,334: DEBUG: GoGo-Private-IP-Address: ['192.168.1.179']
2013-11-20 10:55:42,334: DEBUG: Framed-IP-Address: ['10.254.204.44']
2013-11-20 10:55:42,334: DEBUG: WISPr-Location-ID: [u'airline=BA01,tail=01009,network=']
2013-11-20 10:55:42,334: DEBUG: WISPr-Location-Name: [u'TEST LLC,BA01_01009']
2013-11-20 10:55:42,334: DEBUG: NAS-Port-Type: ['Wireless-802.11']
2013-11-20 10:55:42,334: DEBUG: Called-Station-Id: [u'00:16:3E:4D:51:8C']
2013-11-20 10:55:42,334: DEBUG: Calling-Station-Id: [u'18:21:31:41:52:80']
2013-11-20 10:55:42,335: DEBUG: 

2013-11-20 10:55:42,335: DEBUG: Received response with following attributes:
2013-11-20 10:55:52,336: DEBUG: 

2013-11-20 10:55:52,336: DEBUG: Creating Accounting Update Request with the following Attributes:
2013-11-20 10:55:52,336: DEBUG: User-Name: [u'username91@airborne.aircell.com']
2013-11-20 10:55:52,336: DEBUG: GoGo-Tail-Number: [u'AAATestNAS_199']
2013-11-20 10:55:52,336: DEBUG: Acct-Output-Octets: [7186596]
2013-11-20 10:55:52,337: DEBUG: NAS-IP-Address: ['10.254.204.1']
2013-11-20 10:55:52,337: DEBUG: GoGo-Total-Output-Gigawords: [0]
2013-11-20 10:55:52,337: DEBUG: Framed-IP-Address: ['10.254.204.44']
2013-11-20 10:55:52,337: DEBUG: GoGo-Total-Input-Voice-Gigawords: [0]
2013-11-20 10:55:52,337: DEBUG: GoGo-Total-Output-Octets: [7186596]
2013-11-20 10:55:52,337: DEBUG: GoGo-Acct-Input-Voice-Octets: [0]
2013-11-20 10:55:52,337: DEBUG: GoGo-Total-Input-Voice-Packets: [0]
2013-11-20 10:55:52,337: DEBUG: Called-Station-Id: [u'00:16:3E:4D:51:8C']
2013-11-20 10:55:52,337: DEBUG: WISPr-Location-Name: [u'TEST LLC,BA01_01009']
2013-11-20 10:55:52,337: DEBUG: NAS-Identifier: [u'C08386']
2013-11-20 10:55:52,337: DEBUG: Proxy-State: ['3330,3132']
2013-11-20 10:55:52,337: DEBUG: GoGo-Total-Input-Voice-Octets: [0]
2013-11-20 10:55:52,337: DEBUG: Acct-Status-Type: ['Interim-Update']
2013-11-20 10:55:52,337: DEBUG: GoGo-Total-Output-Voice-Gigawords: [0]
2013-11-20 10:55:52,337: DEBUG: GoGo-Airline: [u'BA01']
2013-11-20 10:55:52,338: DEBUG: Acct-Session-Id: [u'AAATestNAS_199-1384925142330-00163E4D518C-1']
2013-11-20 10:55:52,338: DEBUG: Acct-Session-Time: [10]
2013-11-20 10:55:52,338: DEBUG: Acct-Input-Packets: [72623]
2013-11-20 10:55:52,338: DEBUG: Acct-Output-Packets: [41906]
2013-11-20 10:55:52,338: DEBUG: GoGo-Acct-Output-Voice-Packets: [0]
2013-11-20 10:55:52,338: DEBUG: GoGo-Acct-Output-Voice-Octets: [0]
2013-11-20 10:55:52,338: DEBUG: Acct-Output-Gigawords: [0]
2013-11-20 10:55:52,338: DEBUG: GoGo-Total-Output-Voice-Packets: [0]
2013-11-20 10:55:52,338: DEBUG: Acct-Input-Gigawords: [0]
2013-11-20 10:55:52,338: DEBUG: Calling-Station-Id: [u'18:21:31:41:52:80']
2013-11-20 10:55:52,338: DEBUG: NAS-Port-Type: ['Wireless-802.11']
2013-11-20 10:55:52,338: DEBUG: GoGo-Total-Output-Voice-Octets: [0]
2013-11-20 10:55:52,339: DEBUG: GoGo-Private-IP-Address: ['192.168.1.179']
2013-11-20 10:55:52,339: DEBUG: GoGo-Acct-Input-Voice-Gigawords: [0]
2013-11-20 10:55:52,339: DEBUG: GoGo-Total-Input-Packets: [72623]
2013-11-20 10:55:52,339: DEBUG: GoGo-Total-Input-Gigawords: [0]
2013-11-20 10:55:52,339: DEBUG: GoGo-Acct-Input-Voice-Packets: [0]
2013-11-20 10:55:52,339: DEBUG: GoGo-Total-Input-Octets: [9601566]
2013-11-20 10:55:52,339: DEBUG: GoGo-Total-Output-Packets: [41906]
2013-11-20 10:55:52,339: DEBUG: WISPr-Location-ID: [u'airline=BA01,tail=01009,network=']
2013-11-20 10:55:52,339: DEBUG: GoGo-Acct-Output-Voice-Gigawords: [0]
2013-11-20 10:55:52,339: DEBUG: Acct-Input-Octets: [9601566]
2013-11-20 10:55:52,341: DEBUG: 

2013-11-20 10:55:52,341: DEBUG: Received response with following attributes:
2013-11-20 10:56:02,342: DEBUG: 

2013-11-20 10:56:02,342: DEBUG: Creating Accounting Update Request with the following Attributes:
2013-11-20 10:56:02,342: DEBUG: User-Name: [u'username91@airborne.aircell.com']
2013-11-20 10:56:02,342: DEBUG: GoGo-Tail-Number: [u'AAATestNAS_199']
2013-11-20 10:56:02,343: DEBUG: Acct-Output-Octets: [2667708]
2013-11-20 10:56:02,343: DEBUG: NAS-IP-Address: ['10.254.204.1']
2013-11-20 10:56:02,343: DEBUG: GoGo-Total-Output-Gigawords: [0]
2013-11-20 10:56:02,343: DEBUG: Framed-IP-Address: ['10.254.204.44']
2013-11-20 10:56:02,343: DEBUG: GoGo-Total-Input-Voice-Gigawords: [0]
2013-11-20 10:56:02,343: DEBUG: GoGo-Total-Output-Octets: [2667708]
2013-11-20 10:56:02,343: DEBUG: GoGo-Acct-Input-Voice-Octets: [0]
2013-11-20 10:56:02,343: DEBUG: GoGo-Total-Input-Voice-Packets: [0]
2013-11-20 10:56:02,343: DEBUG: Called-Station-Id: [u'00:16:3E:4D:51:8C']
2013-11-20 10:56:02,343: DEBUG: WISPr-Location-Name: [u'TEST LLC,BA01_01009']
2013-11-20 10:56:02,343: DEBUG: NAS-Identifier: [u'C08386']
2013-11-20 10:56:02,343: DEBUG: Proxy-State: ['3330,3132']
2013-11-20 10:56:02,343: DEBUG: GoGo-Total-Input-Voice-Octets: [0]
2013-11-20 10:56:02,344: DEBUG: Acct-Status-Type: ['Interim-Update']
2013-11-20 10:56:02,344: DEBUG: GoGo-Total-Output-Voice-Gigawords: [0]
2013-11-20 10:56:02,344: DEBUG: GoGo-Airline: [u'BA01']
2013-11-20 10:56:02,344: DEBUG: Acct-Session-Id: [u'AAATestNAS_199-1384925142330-00163E4D518C-1']
2013-11-20 10:56:02,344: DEBUG: Acct-Session-Time: [10]
2013-11-20 10:56:02,344: DEBUG: Acct-Input-Packets: [9061]
2013-11-20 10:56:02,344: DEBUG: Acct-Output-Packets: [19014]
2013-11-20 10:56:02,344: DEBUG: GoGo-Acct-Output-Voice-Packets: [0]
2013-11-20 10:56:02,344: DEBUG: GoGo-Acct-Output-Voice-Octets: [0]
2013-11-20 10:56:02,344: DEBUG: Acct-Output-Gigawords: [0]
2013-11-20 10:56:02,344: DEBUG: GoGo-Total-Output-Voice-Packets: [0]
2013-11-20 10:56:02,344: DEBUG: Acct-Input-Gigawords: [0]
2013-11-20 10:56:02,344: DEBUG: Calling-Station-Id: [u'18:21:31:41:52:80']
2013-11-20 10:56:02,344: DEBUG: NAS-Port-Type: ['Wireless-802.11']
2013-11-20 10:56:02,344: DEBUG: GoGo-Total-Output-Voice-Octets: [0]
2013-11-20 10:56:02,345: DEBUG: GoGo-Private-IP-Address: ['192.168.1.179']
2013-11-20 10:56:02,345: DEBUG: GoGo-Acct-Input-Voice-Gigawords: [0]
2013-11-20 10:56:02,345: DEBUG: GoGo-Total-Input-Packets: [9061]
2013-11-20 10:56:02,345: DEBUG: GoGo-Total-Input-Gigawords: [0]
2013-11-20 10:56:02,345: DEBUG: GoGo-Acct-Input-Voice-Packets: [0]
2013-11-20 10:56:02,345: DEBUG: GoGo-Total-Input-Octets: [1796368]
2013-11-20 10:56:02,345: DEBUG: GoGo-Total-Output-Packets: [19014]
2013-11-20 10:56:02,345: DEBUG: WISPr-Location-ID: [u'airline=BA01,tail=01009,network=']
2013-11-20 10:56:02,345: DEBUG: GoGo-Acct-Output-Voice-Gigawords: [0]
2013-11-20 10:56:02,345: DEBUG: Acct-Input-Octets: [1796368]
2013-11-20 10:56:02,347: DEBUG: 

2013-11-20 10:56:02,347: DEBUG: Received response with following attributes:
2013-11-20 10:56:12,348: DEBUG: 

2013-11-20 10:56:12,348: DEBUG: Creating Accounting Update Request with the following Attributes:
2013-11-20 10:56:12,348: DEBUG: User-Name: [u'username91@airborne.aircell.com']
2013-11-20 10:56:12,349: DEBUG: GoGo-Tail-Number: [u'AAATestNAS_199']
2013-11-20 10:56:12,349: DEBUG: Acct-Output-Octets: [1204674]
2013-11-20 10:56:12,349: DEBUG: NAS-IP-Address: ['10.254.204.1']
2013-11-20 10:56:12,349: DEBUG: GoGo-Total-Output-Gigawords: [0]
2013-11-20 10:56:12,349: DEBUG: Framed-IP-Address: ['10.254.204.44']
2013-11-20 10:56:12,349: DEBUG: GoGo-Total-Input-Voice-Gigawords: [0]
2013-11-20 10:56:12,349: DEBUG: GoGo-Total-Output-Octets: [1204674]
2013-11-20 10:56:12,349: DEBUG: GoGo-Acct-Input-Voice-Octets: [0]
2013-11-20 10:56:12,349: DEBUG: GoGo-Total-Input-Voice-Packets: [0]
2013-11-20 10:56:12,349: DEBUG: Called-Station-Id: [u'00:16:3E:4D:51:8C']
2013-11-20 10:56:12,349: DEBUG: WISPr-Location-Name: [u'TEST LLC,BA01_01009']
2013-11-20 10:56:12,349: DEBUG: NAS-Identifier: [u'C08386']
2013-11-20 10:56:12,349: DEBUG: Proxy-State: ['3330,3132']
2013-11-20 10:56:12,350: DEBUG: GoGo-Total-Input-Voice-Octets: [0]
2013-11-20 10:56:12,350: DEBUG: Acct-Status-Type: ['Interim-Update']
2013-11-20 10:56:12,350: DEBUG: GoGo-Total-Output-Voice-Gigawords: [0]
2013-11-20 10:56:12,350: DEBUG: GoGo-Airline: [u'BA01']
2013-11-20 10:56:12,350: DEBUG: Acct-Session-Id: [u'AAATestNAS_199-1384925142330-00163E4D518C-1']
2013-11-20 10:56:12,350: DEBUG: Acct-Session-Time: [10]
2013-11-20 10:56:12,350: DEBUG: Acct-Input-Packets: [3109]
2013-11-20 10:56:12,350: DEBUG: Acct-Output-Packets: [11311]
2013-11-20 10:56:12,350: DEBUG: GoGo-Acct-Output-Voice-Packets: [0]
2013-11-20 10:56:12,350: DEBUG: GoGo-Acct-Output-Voice-Octets: [0]
2013-11-20 10:56:12,350: DEBUG: Acct-Output-Gigawords: [0]
2013-11-20 10:56:12,350: DEBUG: GoGo-Total-Output-Voice-Packets: [0]
2013-11-20 10:56:12,350: DEBUG: Acct-Input-Gigawords: [0]
2013-11-20 10:56:12,350: DEBUG: Calling-Station-Id: [u'18:21:31:41:52:80']
2013-11-20 10:56:12,351: DEBUG: NAS-Port-Type: ['Wireless-802.11']
2013-11-20 10:56:12,351: DEBUG: GoGo-Total-Output-Voice-Octets: [0]
2013-11-20 10:56:12,351: DEBUG: GoGo-Private-IP-Address: ['192.168.1.179']
2013-11-20 10:56:12,351: DEBUG: GoGo-Acct-Input-Voice-Gigawords: [0]
2013-11-20 10:56:12,351: DEBUG: GoGo-Total-Input-Packets: [3109]
2013-11-20 10:56:12,351: DEBUG: GoGo-Total-Input-Gigawords: [0]
2013-11-20 10:56:12,351: DEBUG: GoGo-Acct-Input-Voice-Packets: [0]
2013-11-20 10:56:12,351: DEBUG: GoGo-Total-Input-Octets: [1095255]
2013-11-20 10:56:12,351: DEBUG: GoGo-Total-Output-Packets: [11311]
2013-11-20 10:56:12,351: DEBUG: WISPr-Location-ID: [u'airline=BA01,tail=01009,network=']
2013-11-20 10:56:12,351: DEBUG: GoGo-Acct-Output-Voice-Gigawords: [0]
2013-11-20 10:56:12,351: DEBUG: Acct-Input-Octets: [1095255]
2013-11-20 10:56:12,353: DEBUG: 

2013-11-20 10:56:12,353: DEBUG: Received response with following attributes:
2013-11-20 10:56:22,354: DEBUG: 

2013-11-20 10:56:22,355: DEBUG: Creating Accounting Update Request with the following Attributes:
2013-11-20 10:56:22,355: DEBUG: User-Name: [u'username91@airborne.aircell.com']
2013-11-20 10:56:22,355: DEBUG: GoGo-Tail-Number: [u'AAATestNAS_199']
2013-11-20 10:56:22,355: DEBUG: Acct-Output-Octets: [6799053]
2013-11-20 10:56:22,355: DEBUG: NAS-IP-Address: ['10.254.204.1']
2013-11-20 10:56:22,355: DEBUG: GoGo-Total-Output-Gigawords: [0]
2013-11-20 10:56:22,355: DEBUG: Framed-IP-Address: ['10.254.204.44']
2013-11-20 10:56:22,355: DEBUG: GoGo-Total-Input-Voice-Gigawords: [0]
2013-11-20 10:56:22,355: DEBUG: GoGo-Total-Output-Octets: [6799053]
2013-11-20 10:56:22,355: DEBUG: GoGo-Acct-Input-Voice-Octets: [0]
2013-11-20 10:56:22,355: DEBUG: GoGo-Total-Input-Voice-Packets: [0]
2013-11-20 10:56:22,355: DEBUG: Called-Station-Id: [u'00:16:3E:4D:51:8C']
2013-11-20 10:56:22,355: DEBUG: WISPr-Location-Name: [u'TEST LLC,BA01_01009']
2013-11-20 10:56:22,355: DEBUG: NAS-Identifier: [u'C08386']
2013-11-20 10:56:22,356: DEBUG: Proxy-State: ['3330,3132']
2013-11-20 10:56:22,356: DEBUG: GoGo-Total-Input-Voice-Octets: [0]
2013-11-20 10:56:22,356: DEBUG: Acct-Status-Type: ['Interim-Update']
2013-11-20 10:56:22,356: DEBUG: GoGo-Total-Output-Voice-Gigawords: [0]
2013-11-20 10:56:22,356: DEBUG: GoGo-Airline: [u'BA01']
2013-11-20 10:56:22,356: DEBUG: Acct-Session-Id: [u'AAATestNAS_199-1384925142330-00163E4D518C-1']
2013-11-20 10:56:22,356: DEBUG: Acct-Session-Time: [10]
2013-11-20 10:56:22,356: DEBUG: Acct-Input-Packets: [38870]
2013-11-20 10:56:22,356: DEBUG: Acct-Output-Packets: [20913]
2013-11-20 10:56:22,356: DEBUG: GoGo-Acct-Output-Voice-Packets: [0]
2013-11-20 10:56:22,356: DEBUG: GoGo-Acct-Output-Voice-Octets: [0]
2013-11-20 10:56:22,356: DEBUG: Acct-Output-Gigawords: [0]
2013-11-20 10:56:22,356: DEBUG: GoGo-Total-Output-Voice-Packets: [0]
2013-11-20 10:56:22,356: DEBUG: Acct-Input-Gigawords: [0]
2013-11-20 10:56:22,356: DEBUG: Calling-Station-Id: [u'18:21:31:41:52:80']
2013-11-20 10:56:22,357: DEBUG: NAS-Port-Type: ['Wireless-802.11']
2013-11-20 10:56:22,357: DEBUG: GoGo-Total-Output-Voice-Octets: [0]
2013-11-20 10:56:22,357: DEBUG: GoGo-Private-IP-Address: ['192.168.1.179']
2013-11-20 10:56:22,357: DEBUG: GoGo-Acct-Input-Voice-Gigawords: [0]
2013-11-20 10:56:22,357: DEBUG: GoGo-Total-Input-Packets: [38870]
2013-11-20 10:56:22,357: DEBUG: GoGo-Total-Input-Gigawords: [0]
2013-11-20 10:56:22,357: DEBUG: GoGo-Acct-Input-Voice-Packets: [0]
2013-11-20 10:56:22,357: DEBUG: GoGo-Total-Input-Octets: [4826197]
2013-11-20 10:56:22,357: DEBUG: GoGo-Total-Output-Packets: [20913]
2013-11-20 10:56:22,357: DEBUG: WISPr-Location-ID: [u'airline=BA01,tail=01009,network=']
2013-11-20 10:56:22,357: DEBUG: GoGo-Acct-Output-Voice-Gigawords: [0]
2013-11-20 10:56:22,357: DEBUG: Acct-Input-Octets: [4826197]
2013-11-20 10:56:22,359: DEBUG: 

2013-11-20 10:56:22,359: DEBUG: Received response with following attributes:
2013-11-20 10:56:32,360: DEBUG: 

2013-11-20 10:56:32,361: DEBUG: Creating Accounting Update Request with the following Attributes:
2013-11-20 10:56:32,362: DEBUG: User-Name: [u'username91@airborne.aircell.com']
2013-11-20 10:56:32,362: DEBUG: GoGo-Tail-Number: [u'AAATestNAS_199']
2013-11-20 10:56:32,362: DEBUG: Acct-Output-Octets: [4446448]
2013-11-20 10:56:32,362: DEBUG: NAS-IP-Address: ['10.254.204.1']
2013-11-20 10:56:32,363: DEBUG: GoGo-Total-Output-Gigawords: [0]
2013-11-20 10:56:32,363: DEBUG: Framed-IP-Address: ['10.254.204.44']
2013-11-20 10:56:32,363: DEBUG: GoGo-Total-Input-Voice-Gigawords: [0]
2013-11-20 10:56:32,363: DEBUG: GoGo-Total-Output-Octets: [4446448]
2013-11-20 10:56:32,363: DEBUG: GoGo-Acct-Input-Voice-Octets: [0]
2013-11-20 10:56:32,363: DEBUG: GoGo-Total-Input-Voice-Packets: [0]
2013-11-20 10:56:32,363: DEBUG: Called-Station-Id: [u'00:16:3E:4D:51:8C']
2013-11-20 10:56:32,363: DEBUG: WISPr-Location-Name: [u'TEST LLC,BA01_01009']
2013-11-20 10:56:32,364: DEBUG: NAS-Identifier: [u'C08386']
2013-11-20 10:56:32,364: DEBUG: Proxy-State: ['3330,3132']
2013-11-20 10:56:32,364: DEBUG: GoGo-Total-Input-Voice-Octets: [0]
2013-11-20 10:56:32,364: DEBUG: Acct-Status-Type: ['Interim-Update']
2013-11-20 10:56:32,364: DEBUG: GoGo-Total-Output-Voice-Gigawords: [0]
2013-11-20 10:56:32,364: DEBUG: GoGo-Airline: [u'BA01']
2013-11-20 10:56:32,364: DEBUG: Acct-Session-Id: [u'AAATestNAS_199-1384925142330-00163E4D518C-1']
2013-11-20 10:56:32,365: DEBUG: Acct-Session-Time: [10]
2013-11-20 10:56:32,365: DEBUG: Acct-Input-Packets: [73688]
2013-11-20 10:56:32,365: DEBUG: Acct-Output-Packets: [20590]
2013-11-20 10:56:32,365: DEBUG: GoGo-Acct-Output-Voice-Packets: [0]
2013-11-20 10:56:32,365: DEBUG: GoGo-Acct-Output-Voice-Octets: [0]
2013-11-20 10:56:32,365: DEBUG: Acct-Output-Gigawords: [0]
2013-11-20 10:56:32,365: DEBUG: GoGo-Total-Output-Voice-Packets: [0]
2013-11-20 10:56:32,365: DEBUG: Acct-Input-Gigawords: [0]
2013-11-20 10:56:32,366: DEBUG: Calling-Station-Id: [u'18:21:31:41:52:80']
2013-11-20 10:56:32,366: DEBUG: NAS-Port-Type: ['Wireless-802.11']
2013-11-20 10:56:32,366: DEBUG: GoGo-Total-Output-Voice-Octets: [0]
2013-11-20 10:56:32,366: DEBUG: GoGo-Private-IP-Address: ['192.168.1.179']
2013-11-20 10:56:32,366: DEBUG: GoGo-Acct-Input-Voice-Gigawords: [0]
2013-11-20 10:56:32,366: DEBUG: GoGo-Total-Input-Packets: [73688]
2013-11-20 10:56:32,366: DEBUG: GoGo-Total-Input-Gigawords: [0]
2013-11-20 10:56:32,366: DEBUG: GoGo-Acct-Input-Voice-Packets: [0]
2013-11-20 10:56:32,366: DEBUG: GoGo-Total-Input-Octets: [9471967]
2013-11-20 10:56:32,367: DEBUG: GoGo-Total-Output-Packets: [20590]
2013-11-20 10:56:32,367: DEBUG: WISPr-Location-ID: [u'airline=BA01,tail=01009,network=']
2013-11-20 10:56:32,367: DEBUG: GoGo-Acct-Output-Voice-Gigawords: [0]
2013-11-20 10:56:32,367: DEBUG: Acct-Input-Octets: [9471967]
2013-11-20 10:56:32,369: DEBUG: 

2013-11-20 10:56:32,369: DEBUG: Received response with following attributes:
2013-11-20 10:57:00,370: DEBUG: 

2013-11-20 10:57:00,370: DEBUG: Creating Accounting Stop Request with the following Attributes:
2013-11-20 10:57:00,370: DEBUG: User-Name: [u'username91@airborne.aircell.com']
2013-11-20 10:57:00,370: DEBUG: GoGo-Tail-Number: [u'01009']
2013-11-20 10:57:00,370: DEBUG: Acct-Output-Octets: [9520634]
2013-11-20 10:57:00,370: DEBUG: NAS-IP-Address: ['10.254.204.1']
2013-11-20 10:57:00,371: DEBUG: GoGo-Total-Output-Gigawords: [0]
2013-11-20 10:57:00,371: DEBUG: Framed-IP-Address: ['10.254.204.44']
2013-11-20 10:57:00,371: DEBUG: GoGo-Total-Input-Voice-Gigawords: [0]
2013-11-20 10:57:00,371: DEBUG: GoGo-Total-Output-Octets: [9520634]
2013-11-20 10:57:00,371: DEBUG: GoGo-Acct-Input-Voice-Octets: [0]
2013-11-20 10:57:00,371: DEBUG: GoGo-Total-Input-Voice-Packets: [0]
2013-11-20 10:57:00,371: DEBUG: Called-Station-Id: [u'00:16:3E:4D:51:8C']
2013-11-20 10:57:00,371: DEBUG: WISPr-Location-Name: [u'TEST LLC,BA01_01009']
2013-11-20 10:57:00,371: DEBUG: NAS-Identifier: [u'C08386']
2013-11-20 10:57:00,371: DEBUG: Proxy-State: ['3330,3132']
2013-11-20 10:57:00,371: DEBUG: GoGo-Total-Input-Voice-Octets: [0]
2013-11-20 10:57:00,371: DEBUG: Acct-Status-Type: ['Stop']
2013-11-20 10:57:00,371: DEBUG: GoGo-Total-Output-Voice-Gigawords: [0]
2013-11-20 10:57:00,371: DEBUG: GoGo-Airline: [u'BA01']
2013-11-20 10:57:00,372: DEBUG: Acct-Session-Id: [u'AAATestNAS_199-1384925142330-00163E4D518C-1']
2013-11-20 10:57:00,372: DEBUG: Acct-Session-Time: [28]
2013-11-20 10:57:00,372: DEBUG: Acct-Input-Packets: [18063]
2013-11-20 10:57:00,372: DEBUG: Acct-Output-Packets: [53464]
2013-11-20 10:57:00,372: DEBUG: Acct-Terminate-Cause: ['User-Request']
2013-11-20 10:57:00,372: DEBUG: GoGo-Acct-Output-Voice-Octets: [0]
2013-11-20 10:57:00,372: DEBUG: Acct-Output-Gigawords: [0]
2013-11-20 10:57:00,372: DEBUG: GoGo-Total-Output-Voice-Packets: [0]
2013-11-20 10:57:00,372: DEBUG: Acct-Input-Gigawords: [0]
2013-11-20 10:57:00,372: DEBUG: Calling-Station-Id: [u'18:21:31:41:52:80']
2013-11-20 10:57:00,372: DEBUG: NAS-Port-Type: ['Wireless-802.11']
2013-11-20 10:57:00,372: DEBUG: GoGo-Total-Output-Voice-Octets: [0]
2013-11-20 10:57:00,372: DEBUG: GoGo-Private-IP-Address: ['192.168.1.179']
2013-11-20 10:57:00,372: DEBUG: GoGo-Acct-Input-Voice-Gigawords: [0]
2013-11-20 10:57:00,372: DEBUG: GoGo-Total-Input-Packets: [18063]
2013-11-20 10:57:00,373: DEBUG: GoGo-Total-Input-Gigawords: [0]
2013-11-20 10:57:00,373: DEBUG: GoGo-Acct-Input-Voice-Packets: [0]
2013-11-20 10:57:00,373: DEBUG: GoGo-Total-Input-Octets: [3892936]
2013-11-20 10:57:00,373: DEBUG: GoGo-Total-Output-Packets: [53464]
2013-11-20 10:57:00,373: DEBUG: WISPr-Location-ID: [u'airline=BA01,tail=01009,network=']
2013-11-20 10:57:00,373: DEBUG: GoGo-Acct-Output-Voice-Packets: [0]
2013-11-20 10:57:00,373: DEBUG: GoGo-Acct-Output-Voice-Gigawords: [0]
2013-11-20 10:57:00,373: DEBUG: Acct-Input-Octets: [3892936]
2013-11-20 10:57:00,375: DEBUG: 

2013-11-20 10:57:00,375: DEBUG: Received response with following attributes:
2013-11-20 10:57:00,375: DEBUG: Ending the test for this user
2013-11-20 10:57:00,479: DEBUG: Starting the client for the user username91@airborne.aircell.com to the server localhost

2013-11-20 10:57:00,479: DEBUG: DURATION of the TEST: 81
2013-11-20 10:57:00,479: DEBUG: NAS-IP: 10.254.105.1
2013-11-20 10:57:00,480: DEBUG: NAS-MAC-ADDR: 17:21:31:41:52:70
2013-11-20 10:57:00,480: DEBUG: Abruptly End: False
2013-11-20 10:57:00,480: DEBUG: Framed-IP: 10.254.105.148
2013-11-20 10:57:00,480: DEBUG: User-MAC-Addr: 00:16:3E:68:BE:AA
2013-11-20 10:57:00,480: DEBUG: 

2013-11-20 10:57:00,481: DEBUG: Creating Authentication Request with the following Attributes:
2013-11-20 10:57:00,481: DEBUG: NAS-Identifier: [u'C08386']
2013-11-20 10:57:00,481: DEBUG: User-Name: [u'username91@airborne.aircell.com']
2013-11-20 10:57:00,481: DEBUG: NAS-IP-Address: ['10.254.105.1']
2013-11-20 10:57:00,481: DEBUG: Service-Type: ['Authenticate-Only']
2013-11-20 10:57:00,481: DEBUG: Proxy-State: ['3237,3134']
2013-11-20 10:57:00,481: DEBUG: Framed-IP-Address: ['10.254.105.148']
2013-11-20 10:57:00,481: DEBUG: GoGo-Airline: [u'BA01']
2013-11-20 10:57:00,481: DEBUG: Acct-Session-Id: [u'AAATestNAS_100-1384925220480-00163E68BEAA-2']
2013-11-20 10:57:00,482: DEBUG: GoGo-Tail-Number: [u'AAATestNAS_100']
2013-11-20 10:57:00,482: DEBUG: GoGo-Private-IP-Address: ['192.168.1.179']
2013-11-20 10:57:00,482: DEBUG: WISPr-Location-ID: [u'airline=BA01,tail=01009,network=']
2013-11-20 10:57:00,482: DEBUG: WISPr-Location-Name: [u'TEST LLC,BA01_01009']
2013-11-20 10:57:00,482: DEBUG: NAS-Port-Type: ['Wireless-802.11']
2013-11-20 10:57:00,482: DEBUG: Called-Station-Id: [u'00:16:3E:68:BE:AA']
2013-11-20 10:57:00,482: DEBUG: Calling-Station-Id: [u'17:21:31:41:52:70']
2013-11-20 10:57:00,483: DEBUG: 

2013-11-20 10:57:00,483: DEBUG: Received response with code: 2, Accepted
2013-11-20 10:57:00,484: DEBUG: Creating Authentication Request with the following Attributes:
2013-11-20 10:57:00,484: DEBUG: NAS-Identifier: [u'C08386']
2013-11-20 10:57:00,484: DEBUG: User-Name: [u'username91@airborne.aircell.com']
2013-11-20 10:57:00,484: DEBUG: NAS-IP-Address: ['10.254.105.1']
2013-11-20 10:57:00,484: DEBUG: Service-Type: ['Login-User']
2013-11-20 10:57:00,484: DEBUG: Proxy-State: ['3237,3134']
2013-11-20 10:57:00,484: DEBUG: Framed-IP-Address: ['10.254.105.148']
2013-11-20 10:57:00,485: DEBUG: GoGo-Airline: [u'BA01']
2013-11-20 10:57:00,485: DEBUG: Acct-Session-Id: [u'AAATestNAS_100-1384925220483-00163E68BEAA-2']
2013-11-20 10:57:00,485: DEBUG: GoGo-Tail-Number: [u'AAATestNAS_100']
2013-11-20 10:57:00,485: DEBUG: GoGo-Private-IP-Address: ['192.168.1.179']
2013-11-20 10:57:00,485: DEBUG: WISPr-Location-ID: [u'airline=BA01,tail=01009,network=']
2013-11-20 10:57:00,485: DEBUG: WISPr-Location-Name: [u'TEST LLC,BA01_01009']
2013-11-20 10:57:00,485: DEBUG: NAS-Port-Type: ['Wireless-802.11']
2013-11-20 10:57:00,485: DEBUG: Called-Station-Id: [u'00:16:3E:68:BE:AA']
2013-11-20 10:57:00,485: DEBUG: Calling-Station-Id: [u'17:21:31:41:52:70']
2013-11-20 10:57:00,486: DEBUG: 

2013-11-20 10:57:00,487: DEBUG: Received response with code: 2, Accepted
2013-11-20 10:57:00,487: DEBUG: 

2013-11-20 10:57:00,487: DEBUG: Creating Accounting start Request with the following Attributes:
2013-11-20 10:57:00,487: DEBUG: NAS-Identifier: [u'C08386']
2013-11-20 10:57:00,487: DEBUG: User-Name: [u'username91@airborne.aircell.com']
2013-11-20 10:57:00,487: DEBUG: GoGo-Tail-Number: [u'AAATestNAS_100']
2013-11-20 10:57:00,487: DEBUG: NAS-IP-Address: ['10.254.105.1']
2013-11-20 10:57:00,487: DEBUG: Proxy-State: ['3239,3131']
2013-11-20 10:57:00,488: DEBUG: Acct-Status-Type: ['Start']
2013-11-20 10:57:00,488: DEBUG: GoGo-Airline: [u'BA01']
2013-11-20 10:57:00,488: DEBUG: Acct-Session-Id: [u'AAATestNAS_100-1384925220483-00163E68BEAA-2']
2013-11-20 10:57:00,488: DEBUG: GoGo-Private-IP-Address: ['192.168.1.179']
2013-11-20 10:57:00,488: DEBUG: Framed-IP-Address: ['10.254.105.148']
2013-11-20 10:57:00,488: DEBUG: WISPr-Location-ID: [u'airline=BA01,tail=01009,network=']
2013-11-20 10:57:00,488: DEBUG: WISPr-Location-Name: [u'TEST LLC,BA01_01009']
2013-11-20 10:57:00,488: DEBUG: NAS-Port-Type: ['Wireless-802.11']
2013-11-20 10:57:00,488: DEBUG: Called-Station-Id: [u'00:16:3E:68:BE:AA']
2013-11-20 10:57:00,489: DEBUG: Calling-Station-Id: [u'17:21:31:41:52:70']
2013-11-20 10:57:00,490: DEBUG: 

2013-11-20 10:57:00,490: DEBUG: Received response with following attributes:
2013-11-20 10:57:10,491: DEBUG: 

2013-11-20 10:57:10,492: DEBUG: Creating Accounting Update Request with the following Attributes:
2013-11-20 10:57:10,492: DEBUG: User-Name: [u'username91@airborne.aircell.com']
2013-11-20 10:57:10,492: DEBUG: GoGo-Tail-Number: [u'AAATestNAS_100']
2013-11-20 10:57:10,493: DEBUG: Acct-Output-Octets: [3420883]
2013-11-20 10:57:10,493: DEBUG: NAS-IP-Address: ['10.254.105.1']
2013-11-20 10:57:10,493: DEBUG: GoGo-Total-Output-Gigawords: [0]
2013-11-20 10:57:10,493: DEBUG: Framed-IP-Address: ['10.254.105.148']
2013-11-20 10:57:10,494: DEBUG: GoGo-Total-Input-Voice-Gigawords: [0]
2013-11-20 10:57:10,494: DEBUG: GoGo-Total-Output-Octets: [3420883]
2013-11-20 10:57:10,494: DEBUG: GoGo-Acct-Input-Voice-Octets: [0]
2013-11-20 10:57:10,494: DEBUG: GoGo-Total-Input-Voice-Packets: [0]
2013-11-20 10:57:10,495: DEBUG: Called-Station-Id: [u'00:16:3E:68:BE:AA']
2013-11-20 10:57:10,495: DEBUG: WISPr-Location-Name: [u'TEST LLC,BA01_01009']
2013-11-20 10:57:10,495: DEBUG: NAS-Identifier: [u'C08386']
2013-11-20 10:57:10,495: DEBUG: Proxy-State: ['3330,3132']
2013-11-20 10:57:10,496: DEBUG: GoGo-Total-Input-Voice-Octets: [0]
2013-11-20 10:57:10,496: DEBUG: Acct-Status-Type: ['Interim-Update']
2013-11-20 10:57:10,496: DEBUG: GoGo-Total-Output-Voice-Gigawords: [0]
2013-11-20 10:57:10,496: DEBUG: GoGo-Airline: [u'BA01']
2013-11-20 10:57:10,496: DEBUG: Acct-Session-Id: [u'AAATestNAS_100-1384925220483-00163E68BEAA-2']
2013-11-20 10:57:10,496: DEBUG: Acct-Session-Time: [10]
2013-11-20 10:57:10,496: DEBUG: Acct-Input-Packets: [37275]
2013-11-20 10:57:10,496: DEBUG: Acct-Output-Packets: [9879]
2013-11-20 10:57:10,497: DEBUG: GoGo-Acct-Output-Voice-Packets: [0]
2013-11-20 10:57:10,497: DEBUG: GoGo-Acct-Output-Voice-Octets: [0]
2013-11-20 10:57:10,497: DEBUG: Acct-Output-Gigawords: [0]
2013-11-20 10:57:10,498: DEBUG: GoGo-Total-Output-Voice-Packets: [0]
2013-11-20 10:57:10,498: DEBUG: Acct-Input-Gigawords: [0]
2013-11-20 10:57:10,498: DEBUG: Calling-Station-Id: [u'17:21:31:41:52:70']
2013-11-20 10:57:10,499: DEBUG: NAS-Port-Type: ['Wireless-802.11']
2013-11-20 10:57:10,499: DEBUG: GoGo-Total-Output-Voice-Octets: [0]
2013-11-20 10:57:10,499: DEBUG: GoGo-Private-IP-Address: ['192.168.1.179']
2013-11-20 10:57:10,500: DEBUG: GoGo-Acct-Input-Voice-Gigawords: [0]
2013-11-20 10:57:10,501: DEBUG: GoGo-Total-Input-Packets: [37275]
2013-11-20 10:57:10,501: DEBUG: GoGo-Total-Input-Gigawords: [0]
2013-11-20 10:57:10,502: DEBUG: GoGo-Acct-Input-Voice-Packets: [0]
2013-11-20 10:57:10,502: DEBUG: GoGo-Total-Input-Octets: [9199998]
2013-11-20 10:57:10,503: DEBUG: GoGo-Total-Output-Packets: [9879]
2013-11-20 10:57:10,503: DEBUG: WISPr-Location-ID: [u'airline=BA01,tail=01009,network=']
2013-11-20 10:57:10,505: DEBUG: GoGo-Acct-Output-Voice-Gigawords: [0]
2013-11-20 10:57:10,505: DEBUG: Acct-Input-Octets: [9199998]
2013-11-20 10:57:10,508: DEBUG: 

2013-11-20 10:57:10,509: DEBUG: Received response with following attributes:
2013-11-20 10:57:20,512: DEBUG: 

2013-11-20 10:57:20,512: DEBUG: Creating Accounting Update Request with the following Attributes:
2013-11-20 10:57:20,513: DEBUG: User-Name: [u'username91@airborne.aircell.com']
2013-11-20 10:57:20,513: DEBUG: GoGo-Tail-Number: [u'AAATestNAS_100']
2013-11-20 10:57:20,514: DEBUG: Acct-Output-Octets: [9103150]
2013-11-20 10:57:20,514: DEBUG: NAS-IP-Address: ['10.254.105.1']
2013-11-20 10:57:20,514: DEBUG: GoGo-Total-Output-Gigawords: [0]
2013-11-20 10:57:20,514: DEBUG: Framed-IP-Address: ['10.254.105.148']
2013-11-20 10:57:20,515: DEBUG: GoGo-Total-Input-Voice-Gigawords: [0]
2013-11-20 10:57:20,516: DEBUG: GoGo-Total-Output-Octets: [9103150]
2013-11-20 10:57:20,516: DEBUG: GoGo-Acct-Input-Voice-Octets: [0]
2013-11-20 10:57:20,516: DEBUG: GoGo-Total-Input-Voice-Packets: [0]
2013-11-20 10:57:20,517: DEBUG: Called-Station-Id: [u'00:16:3E:68:BE:AA']
2013-11-20 10:57:20,518: DEBUG: WISPr-Location-Name: [u'TEST LLC,BA01_01009']
2013-11-20 10:57:20,518: DEBUG: NAS-Identifier: [u'C08386']
2013-11-20 10:57:20,518: DEBUG: Proxy-State: ['3330,3132']
2013-11-20 10:57:20,519: DEBUG: GoGo-Total-Input-Voice-Octets: [0]
2013-11-20 10:57:20,520: DEBUG: Acct-Status-Type: ['Interim-Update']
2013-11-20 10:57:20,520: DEBUG: GoGo-Total-Output-Voice-Gigawords: [0]
2013-11-20 10:57:20,521: DEBUG: GoGo-Airline: [u'BA01']
2013-11-20 10:57:20,521: DEBUG: Acct-Session-Id: [u'AAATestNAS_100-1384925220483-00163E68BEAA-2']
2013-11-20 10:57:20,522: DEBUG: Acct-Session-Time: [10]
2013-11-20 10:57:20,522: DEBUG: Acct-Input-Packets: [22099]
2013-11-20 10:57:20,523: DEBUG: Acct-Output-Packets: [31260]
2013-11-20 10:57:20,524: DEBUG: GoGo-Acct-Output-Voice-Packets: [0]
2013-11-20 10:57:20,524: DEBUG: GoGo-Acct-Output-Voice-Octets: [0]
2013-11-20 10:57:20,525: DEBUG: Acct-Output-Gigawords: [0]
2013-11-20 10:57:20,526: DEBUG: GoGo-Total-Output-Voice-Packets: [0]
2013-11-20 10:57:20,527: DEBUG: Acct-Input-Gigawords: [0]
2013-11-20 10:57:20,527: DEBUG: Calling-Station-Id: [u'17:21:31:41:52:70']
2013-11-20 10:57:20,528: DEBUG: NAS-Port-Type: ['Wireless-802.11']
2013-11-20 10:57:20,531: DEBUG: GoGo-Total-Output-Voice-Octets: [0]
2013-11-20 10:57:20,531: DEBUG: GoGo-Private-IP-Address: ['192.168.1.179']
2013-11-20 10:57:20,531: DEBUG: GoGo-Acct-Input-Voice-Gigawords: [0]
2013-11-20 10:57:20,533: DEBUG: GoGo-Total-Input-Packets: [22099]
2013-11-20 10:57:20,533: DEBUG: GoGo-Total-Input-Gigawords: [0]
2013-11-20 10:57:20,535: DEBUG: GoGo-Acct-Input-Voice-Packets: [0]
2013-11-20 10:57:20,535: DEBUG: GoGo-Total-Input-Octets: [9536741]
2013-11-20 10:57:20,536: DEBUG: GoGo-Total-Output-Packets: [31260]
2013-11-20 10:57:20,536: DEBUG: WISPr-Location-ID: [u'airline=BA01,tail=01009,network=']
2013-11-20 10:57:20,537: DEBUG: GoGo-Acct-Output-Voice-Gigawords: [0]
2013-11-20 10:57:20,538: DEBUG: Acct-Input-Octets: [9536741]
2013-11-20 10:57:20,541: DEBUG: 

2013-11-20 10:57:20,542: DEBUG: Received response with following attributes:
2013-11-20 10:57:30,544: DEBUG: 

2013-11-20 10:57:30,545: DEBUG: Creating Accounting Update Request with the following Attributes:
2013-11-20 10:57:30,545: DEBUG: User-Name: [u'username91@airborne.aircell.com']
2013-11-20 10:57:30,546: DEBUG: GoGo-Tail-Number: [u'AAATestNAS_100']
2013-11-20 10:57:30,546: DEBUG: Acct-Output-Octets: [9061863]
2013-11-20 10:57:30,547: DEBUG: NAS-IP-Address: ['10.254.105.1']
2013-11-20 10:57:30,547: DEBUG: GoGo-Total-Output-Gigawords: [0]
2013-11-20 10:57:30,547: DEBUG: Framed-IP-Address: ['10.254.105.148']
2013-11-20 10:57:30,548: DEBUG: GoGo-Total-Input-Voice-Gigawords: [0]
2013-11-20 10:57:30,548: DEBUG: GoGo-Total-Output-Octets: [9061863]
2013-11-20 10:57:30,548: DEBUG: GoGo-Acct-Input-Voice-Octets: [0]
2013-11-20 10:57:30,549: DEBUG: GoGo-Total-Input-Voice-Packets: [0]
2013-11-20 10:57:30,549: DEBUG: Called-Station-Id: [u'00:16:3E:68:BE:AA']
2013-11-20 10:57:30,550: DEBUG: WISPr-Location-Name: [u'TEST LLC,BA01_01009']
2013-11-20 10:57:30,550: DEBUG: NAS-Identifier: [u'C08386']
2013-11-20 10:57:30,550: DEBUG: Proxy-State: ['3330,3132']
2013-11-20 10:57:30,551: DEBUG: GoGo-Total-Input-Voice-Octets: [0]
2013-11-20 10:57:30,551: DEBUG: Acct-Status-Type: ['Interim-Update']
2013-11-20 10:57:30,551: DEBUG: GoGo-Total-Output-Voice-Gigawords: [0]
2013-11-20 10:57:30,552: DEBUG: GoGo-Airline: [u'BA01']
2013-11-20 10:57:30,552: DEBUG: Acct-Session-Id: [u'AAATestNAS_100-1384925220483-00163E68BEAA-2']
2013-11-20 10:57:30,553: DEBUG: Acct-Session-Time: [10]
2013-11-20 10:57:30,553: DEBUG: Acct-Input-Packets: [4559]
2013-11-20 10:57:30,553: DEBUG: Acct-Output-Packets: [50532]
2013-11-20 10:57:30,554: DEBUG: GoGo-Acct-Output-Voice-Packets: [0]
2013-11-20 10:57:30,554: DEBUG: GoGo-Acct-Output-Voice-Octets: [0]
2013-11-20 10:57:30,555: DEBUG: Acct-Output-Gigawords: [0]
2013-11-20 10:57:30,556: DEBUG: GoGo-Total-Output-Voice-Packets: [0]
2013-11-20 10:57:30,557: DEBUG: Acct-Input-Gigawords: [0]
2013-11-20 10:57:30,557: DEBUG: Calling-Station-Id: [u'17:21:31:41:52:70']
2013-11-20 10:57:30,558: DEBUG: NAS-Port-Type: ['Wireless-802.11']
2013-11-20 10:57:30,559: DEBUG: GoGo-Total-Output-Voice-Octets: [0]
2013-11-20 10:57:30,559: DEBUG: GoGo-Private-IP-Address: ['192.168.1.179']
2013-11-20 10:57:30,559: DEBUG: GoGo-Acct-Input-Voice-Gigawords: [0]
2013-11-20 10:57:30,559: DEBUG: GoGo-Total-Input-Packets: [4559]
2013-11-20 10:57:30,560: DEBUG: GoGo-Total-Input-Gigawords: [0]
2013-11-20 10:57:30,561: DEBUG: GoGo-Acct-Input-Voice-Packets: [0]
2013-11-20 10:57:30,562: DEBUG: GoGo-Total-Input-Octets: [1579699]
2013-11-20 10:57:30,563: DEBUG: GoGo-Total-Output-Packets: [50532]
2013-11-20 10:57:30,564: DEBUG: WISPr-Location-ID: [u'airline=BA01,tail=01009,network=']
2013-11-20 10:57:30,564: DEBUG: GoGo-Acct-Output-Voice-Gigawords: [0]
2013-11-20 10:57:30,565: DEBUG: Acct-Input-Octets: [1579699]
2013-11-20 10:57:30,567: DEBUG: 

2013-11-20 10:57:30,569: DEBUG: Received response with following attributes:
2013-11-20 10:57:40,570: DEBUG: 

2013-11-20 10:57:40,571: DEBUG: Creating Accounting Update Request with the following Attributes:
2013-11-20 10:57:40,571: DEBUG: User-Name: [u'username91@airborne.aircell.com']
2013-11-20 10:57:40,571: DEBUG: GoGo-Tail-Number: [u'AAATestNAS_100']
2013-11-20 10:57:40,571: DEBUG: Acct-Output-Octets: [1156514]
2013-11-20 10:57:40,572: DEBUG: NAS-IP-Address: ['10.254.105.1']
2013-11-20 10:57:40,572: DEBUG: GoGo-Total-Output-Gigawords: [0]
2013-11-20 10:57:40,572: DEBUG: Framed-IP-Address: ['10.254.105.148']
2013-11-20 10:57:40,572: DEBUG: GoGo-Total-Input-Voice-Gigawords: [0]
2013-11-20 10:57:40,572: DEBUG: GoGo-Total-Output-Octets: [1156514]
2013-11-20 10:57:40,572: DEBUG: GoGo-Acct-Input-Voice-Octets: [0]
2013-11-20 10:57:40,572: DEBUG: GoGo-Total-Input-Voice-Packets: [0]
2013-11-20 10:57:40,572: DEBUG: Called-Station-Id: [u'00:16:3E:68:BE:AA']
2013-11-20 10:57:40,572: DEBUG: WISPr-Location-Name: [u'TEST LLC,BA01_01009']
2013-11-20 10:57:40,573: DEBUG: NAS-Identifier: [u'C08386']
2013-11-20 10:57:40,573: DEBUG: Proxy-State: ['3330,3132']
2013-11-20 10:57:40,573: DEBUG: GoGo-Total-Input-Voice-Octets: [0]
2013-11-20 10:57:40,573: DEBUG: Acct-Status-Type: ['Interim-Update']
2013-11-20 10:57:40,573: DEBUG: GoGo-Total-Output-Voice-Gigawords: [0]
2013-11-20 10:57:40,573: DEBUG: GoGo-Airline: [u'BA01']
2013-11-20 10:57:40,573: DEBUG: Acct-Session-Id: [u'AAATestNAS_100-1384925220483-00163E68BEAA-2']
2013-11-20 10:57:40,573: DEBUG: Acct-Session-Time: [10]
2013-11-20 10:57:40,573: DEBUG: Acct-Input-Packets: [21676]
2013-11-20 10:57:40,573: DEBUG: Acct-Output-Packets: [5834]
2013-11-20 10:57:40,574: DEBUG: GoGo-Acct-Output-Voice-Packets: [0]
2013-11-20 10:57:40,574: DEBUG: GoGo-Acct-Output-Voice-Octets: [0]
2013-11-20 10:57:40,574: DEBUG: Acct-Output-Gigawords: [0]
2013-11-20 10:57:40,574: DEBUG: GoGo-Total-Output-Voice-Packets: [0]
2013-11-20 10:57:40,574: DEBUG: Acct-Input-Gigawords: [0]
2013-11-20 10:57:40,574: DEBUG: Calling-Station-Id: [u'17:21:31:41:52:70']
2013-11-20 10:57:40,574: DEBUG: NAS-Port-Type: ['Wireless-802.11']
2013-11-20 10:57:40,574: DEBUG: GoGo-Total-Output-Voice-Octets: [0]
2013-11-20 10:57:40,574: DEBUG: GoGo-Private-IP-Address: ['192.168.1.179']
2013-11-20 10:57:40,575: DEBUG: GoGo-Acct-Input-Voice-Gigawords: [0]
2013-11-20 10:57:40,575: DEBUG: GoGo-Total-Input-Packets: [21676]
2013-11-20 10:57:40,575: DEBUG: GoGo-Total-Input-Gigawords: [0]
2013-11-20 10:57:40,575: DEBUG: GoGo-Acct-Input-Voice-Packets: [0]
2013-11-20 10:57:40,575: DEBUG: GoGo-Total-Input-Octets: [3828374]
2013-11-20 10:57:40,575: DEBUG: GoGo-Total-Output-Packets: [5834]
2013-11-20 10:57:40,575: DEBUG: WISPr-Location-ID: [u'airline=BA01,tail=01009,network=']
2013-11-20 10:57:40,575: DEBUG: GoGo-Acct-Output-Voice-Gigawords: [0]
2013-11-20 10:57:40,575: DEBUG: Acct-Input-Octets: [3828374]
2013-11-20 10:57:40,575: ERROR: Network error, Reason: 'Network error: Too many open files'
2013-11-20 10:57:50,576: DEBUG: 

2013-11-20 10:57:50,577: DEBUG: Creating Accounting Update Request with the following Attributes:
2013-11-20 10:57:50,577: DEBUG: User-Name: [u'username91@airborne.aircell.com']
2013-11-20 10:57:50,578: DEBUG: GoGo-Tail-Number: [u'AAATestNAS_100']
2013-11-20 10:57:50,578: DEBUG: Acct-Output-Octets: [5406334]
2013-11-20 10:57:50,578: DEBUG: NAS-IP-Address: ['10.254.105.1']
2013-11-20 10:57:50,578: DEBUG: GoGo-Total-Output-Gigawords: [0]
2013-11-20 10:57:50,578: DEBUG: Framed-IP-Address: ['10.254.105.148']
2013-11-20 10:57:50,579: DEBUG: GoGo-Total-Input-Voice-Gigawords: [0]
2013-11-20 10:57:50,579: DEBUG: GoGo-Total-Output-Octets: [5406334]
2013-11-20 10:57:50,579: DEBUG: GoGo-Acct-Input-Voice-Octets: [0]
2013-11-20 10:57:50,579: DEBUG: GoGo-Total-Input-Voice-Packets: [0]
2013-11-20 10:57:50,579: DEBUG: Called-Station-Id: [u'00:16:3E:68:BE:AA']
2013-11-20 10:57:50,580: DEBUG: WISPr-Location-Name: [u'TEST LLC,BA01_01009']
2013-11-20 10:57:50,580: DEBUG: NAS-Identifier: [u'C08386']
2013-11-20 10:57:50,580: DEBUG: Proxy-State: ['3330,3132']
2013-11-20 10:57:50,580: DEBUG: GoGo-Total-Input-Voice-Octets: [0]
2013-11-20 10:57:50,580: DEBUG: Acct-Status-Type: ['Interim-Update']
2013-11-20 10:57:50,581: DEBUG: GoGo-Total-Output-Voice-Gigawords: [0]
2013-11-20 10:57:50,581: DEBUG: GoGo-Airline: [u'BA01']
2013-11-20 10:57:50,581: DEBUG: Acct-Session-Id: [u'AAATestNAS_100-1384925220483-00163E68BEAA-2']
2013-11-20 10:57:50,581: DEBUG: Acct-Session-Time: [10]
2013-11-20 10:57:50,581: DEBUG: Acct-Input-Packets: [12966]
2013-11-20 10:57:50,581: DEBUG: Acct-Output-Packets: [23295]
2013-11-20 10:57:50,581: DEBUG: GoGo-Acct-Output-Voice-Packets: [0]
2013-11-20 10:57:50,582: DEBUG: GoGo-Acct-Output-Voice-Octets: [0]
2013-11-20 10:57:50,582: DEBUG: Acct-Output-Gigawords: [0]
2013-11-20 10:57:50,582: DEBUG: GoGo-Total-Output-Voice-Packets: [0]
2013-11-20 10:57:50,582: DEBUG: Acct-Input-Gigawords: [0]
2013-11-20 10:57:50,582: DEBUG: Calling-Station-Id: [u'17:21:31:41:52:70']
2013-11-20 10:57:50,582: DEBUG: NAS-Port-Type: ['Wireless-802.11']
2013-11-20 10:57:50,583: DEBUG: GoGo-Total-Output-Voice-Octets: [0]
2013-11-20 10:57:50,583: DEBUG: GoGo-Private-IP-Address: ['192.168.1.179']
2013-11-20 10:57:50,583: DEBUG: GoGo-Acct-Input-Voice-Gigawords: [0]
2013-11-20 10:57:50,583: DEBUG: GoGo-Total-Input-Packets: [12966]
2013-11-20 10:57:50,583: DEBUG: GoGo-Total-Input-Gigawords: [0]
2013-11-20 10:57:50,583: DEBUG: GoGo-Acct-Input-Voice-Packets: [0]
2013-11-20 10:57:50,584: DEBUG: GoGo-Total-Input-Octets: [6172523]
2013-11-20 10:57:50,584: DEBUG: GoGo-Total-Output-Packets: [23295]
2013-11-20 10:57:50,584: DEBUG: WISPr-Location-ID: [u'airline=BA01,tail=01009,network=']
2013-11-20 10:57:50,584: DEBUG: GoGo-Acct-Output-Voice-Gigawords: [0]
2013-11-20 10:57:50,584: DEBUG: Acct-Input-Octets: [6172523]
2013-11-20 10:57:50,584: ERROR: Network error, Reason: 'Network error: Too many open files'
2013-11-20 10:58:00,585: DEBUG: 

2013-11-20 10:58:00,586: DEBUG: Creating Accounting Update Request with the following Attributes:
2013-11-20 10:58:00,586: DEBUG: User-Name: [u'username91@airborne.aircell.com']
2013-11-20 10:58:00,586: DEBUG: GoGo-Tail-Number: [u'AAATestNAS_100']
2013-11-20 10:58:00,586: DEBUG: Acct-Output-Octets: [4882346]
2013-11-20 10:58:00,587: DEBUG: NAS-IP-Address: ['10.254.105.1']
2013-11-20 10:58:00,587: DEBUG: GoGo-Total-Output-Gigawords: [0]
2013-11-20 10:58:00,587: DEBUG: Framed-IP-Address: ['10.254.105.148']
2013-11-20 10:58:00,587: DEBUG: GoGo-Total-Input-Voice-Gigawords: [0]
2013-11-20 10:58:00,587: DEBUG: GoGo-Total-Output-Octets: [4882346]
2013-11-20 10:58:00,587: DEBUG: GoGo-Acct-Input-Voice-Octets: [0]
2013-11-20 10:58:00,587: DEBUG: GoGo-Total-Input-Voice-Packets: [0]
2013-11-20 10:58:00,587: DEBUG: Called-Station-Id: [u'00:16:3E:68:BE:AA']
2013-11-20 10:58:00,587: DEBUG: WISPr-Location-Name: [u'TEST LLC,BA01_01009']
2013-11-20 10:58:00,588: DEBUG: NAS-Identifier: [u'C08386']
2013-11-20 10:58:00,588: DEBUG: Proxy-State: ['3330,3132']
2013-11-20 10:58:00,588: DEBUG: GoGo-Total-Input-Voice-Octets: [0]
2013-11-20 10:58:00,588: DEBUG: Acct-Status-Type: ['Interim-Update']
2013-11-20 10:58:00,588: DEBUG: GoGo-Total-Output-Voice-Gigawords: [0]
2013-11-20 10:58:00,588: DEBUG: GoGo-Airline: [u'BA01']
2013-11-20 10:58:00,588: DEBUG: Acct-Session-Id: [u'AAATestNAS_100-1384925220483-00163E68BEAA-2']
2013-11-20 10:58:00,588: DEBUG: Acct-Session-Time: [10]
2013-11-20 10:58:00,588: DEBUG: Acct-Input-Packets: [5817]
2013-11-20 10:58:00,588: DEBUG: Acct-Output-Packets: [37716]
2013-11-20 10:58:00,589: DEBUG: GoGo-Acct-Output-Voice-Packets: [0]
2013-11-20 10:58:00,589: DEBUG: GoGo-Acct-Output-Voice-Octets: [0]
2013-11-20 10:58:00,589: DEBUG: Acct-Output-Gigawords: [0]
2013-11-20 10:58:00,589: DEBUG: GoGo-Total-Output-Voice-Packets: [0]
2013-11-20 10:58:00,589: DEBUG: Acct-Input-Gigawords: [0]
2013-11-20 10:58:00,589: DEBUG: Calling-Station-Id: [u'17:21:31:41:52:70']
2013-11-20 10:58:00,589: DEBUG: NAS-Port-Type: ['Wireless-802.11']
2013-11-20 10:58:00,589: DEBUG: GoGo-Total-Output-Voice-Octets: [0]
2013-11-20 10:58:00,589: DEBUG: GoGo-Private-IP-Address: ['192.168.1.179']
2013-11-20 10:58:00,589: DEBUG: GoGo-Acct-Input-Voice-Gigawords: [0]
2013-11-20 10:58:00,590: DEBUG: GoGo-Total-Input-Packets: [5817]
2013-11-20 10:58:00,590: DEBUG: GoGo-Total-Input-Gigawords: [0]
2013-11-20 10:58:00,590: DEBUG: GoGo-Acct-Input-Voice-Packets: [0]
2013-11-20 10:58:00,590: DEBUG: GoGo-Total-Input-Octets: [1531592]
2013-11-20 10:58:00,590: DEBUG: GoGo-Total-Output-Packets: [37716]
2013-11-20 10:58:00,590: DEBUG: WISPr-Location-ID: [u'airline=BA01,tail=01009,network=']
2013-11-20 10:58:00,590: DEBUG: GoGo-Acct-Output-Voice-Gigawords: [0]
2013-11-20 10:58:00,590: DEBUG: Acct-Input-Octets: [1531592]
2013-11-20 10:58:00,590: ERROR: Network error, Reason: 'Network error: Too many open files'
2013-11-20 10:58:10,591: DEBUG: 

2013-11-20 10:58:10,592: DEBUG: Creating Accounting Update Request with the following Attributes:
2013-11-20 10:58:10,592: DEBUG: User-Name: [u'username91@airborne.aircell.com']
2013-11-20 10:58:10,592: DEBUG: GoGo-Tail-Number: [u'AAATestNAS_100']
2013-11-20 10:58:10,592: DEBUG: Acct-Output-Octets: [4386454]
2013-11-20 10:58:10,592: DEBUG: NAS-IP-Address: ['10.254.105.1']
2013-11-20 10:58:10,592: DEBUG: GoGo-Total-Output-Gigawords: [0]
2013-11-20 10:58:10,592: DEBUG: Framed-IP-Address: ['10.254.105.148']
2013-11-20 10:58:10,592: DEBUG: GoGo-Total-Input-Voice-Gigawords: [0]
2013-11-20 10:58:10,593: DEBUG: GoGo-Total-Output-Octets: [4386454]
2013-11-20 10:58:10,593: DEBUG: GoGo-Acct-Input-Voice-Octets: [0]
2013-11-20 10:58:10,593: DEBUG: GoGo-Total-Input-Voice-Packets: [0]
2013-11-20 10:58:10,593: DEBUG: Called-Station-Id: [u'00:16:3E:68:BE:AA']
2013-11-20 10:58:10,593: DEBUG: WISPr-Location-Name: [u'TEST LLC,BA01_01009']
2013-11-20 10:58:10,593: DEBUG: NAS-Identifier: [u'C08386']
2013-11-20 10:58:10,593: DEBUG: Proxy-State: ['3330,3132']
2013-11-20 10:58:10,593: DEBUG: GoGo-Total-Input-Voice-Octets: [0]
2013-11-20 10:58:10,593: DEBUG: Acct-Status-Type: ['Interim-Update']
2013-11-20 10:58:10,594: DEBUG: GoGo-Total-Output-Voice-Gigawords: [0]
2013-11-20 10:58:10,594: DEBUG: GoGo-Airline: [u'BA01']
2013-11-20 10:58:10,594: DEBUG: Acct-Session-Id: [u'AAATestNAS_100-1384925220483-00163E68BEAA-2']
2013-11-20 10:58:10,594: DEBUG: Acct-Session-Time: [10]
2013-11-20 10:58:10,594: DEBUG: Acct-Input-Packets: [25362]
2013-11-20 10:58:10,594: DEBUG: Acct-Output-Packets: [9719]
2013-11-20 10:58:10,594: DEBUG: GoGo-Acct-Output-Voice-Packets: [0]
2013-11-20 10:58:10,594: DEBUG: GoGo-Acct-Output-Voice-Octets: [0]
2013-11-20 10:58:10,595: DEBUG: Acct-Output-Gigawords: [0]
2013-11-20 10:58:10,595: DEBUG: GoGo-Total-Output-Voice-Packets: [0]
2013-11-20 10:58:10,595: DEBUG: Acct-Input-Gigawords: [0]
2013-11-20 10:58:10,595: DEBUG: Calling-Station-Id: [u'17:21:31:41:52:70']
2013-11-20 10:58:10,595: DEBUG: NAS-Port-Type: ['Wireless-802.11']
2013-11-20 10:58:10,595: DEBUG: GoGo-Total-Output-Voice-Octets: [0]
2013-11-20 10:58:10,596: DEBUG: GoGo-Private-IP-Address: ['192.168.1.179']
2013-11-20 10:58:10,596: DEBUG: GoGo-Acct-Input-Voice-Gigawords: [0]
2013-11-20 10:58:10,596: DEBUG: GoGo-Total-Input-Packets: [25362]
2013-11-20 10:58:10,596: DEBUG: GoGo-Total-Input-Gigawords: [0]
2013-11-20 10:58:10,596: DEBUG: GoGo-Acct-Input-Voice-Packets: [0]
2013-11-20 10:58:10,597: DEBUG: GoGo-Total-Input-Octets: [5486835]
2013-11-20 10:58:10,597: DEBUG: GoGo-Total-Output-Packets: [9719]
2013-11-20 10:58:10,597: DEBUG: WISPr-Location-ID: [u'airline=BA01,tail=01009,network=']
2013-11-20 10:58:10,597: DEBUG: GoGo-Acct-Output-Voice-Gigawords: [0]
2013-11-20 10:58:10,597: DEBUG: Acct-Input-Octets: [5486835]
2013-11-20 10:58:10,600: DEBUG: 

2013-11-20 10:58:10,601: DEBUG: Received response with following attributes:
2013-11-20 10:58:20,603: DEBUG: 

2013-11-20 10:58:20,604: DEBUG: Creating Accounting Update Request with the following Attributes:
2013-11-20 10:58:20,604: DEBUG: User-Name: [u'username91@airborne.aircell.com']
2013-11-20 10:58:20,604: DEBUG: GoGo-Tail-Number: [u'AAATestNAS_100']
2013-11-20 10:58:20,604: DEBUG: Acct-Output-Octets: [4418117]
2013-11-20 10:58:20,604: DEBUG: NAS-IP-Address: ['10.254.105.1']
2013-11-20 10:58:20,604: DEBUG: GoGo-Total-Output-Gigawords: [0]
2013-11-20 10:58:20,605: DEBUG: Framed-IP-Address: ['10.254.105.148']
2013-11-20 10:58:20,605: DEBUG: GoGo-Total-Input-Voice-Gigawords: [0]
2013-11-20 10:58:20,605: DEBUG: GoGo-Total-Output-Octets: [4418117]
2013-11-20 10:58:20,605: DEBUG: GoGo-Acct-Input-Voice-Octets: [0]
2013-11-20 10:58:20,605: DEBUG: GoGo-Total-Input-Voice-Packets: [0]
2013-11-20 10:58:20,605: DEBUG: Called-Station-Id: [u'00:16:3E:68:BE:AA']
2013-11-20 10:58:20,606: DEBUG: WISPr-Location-Name: [u'TEST LLC,BA01_01009']
2013-11-20 10:58:20,606: DEBUG: NAS-Identifier: [u'C08386']
2013-11-20 10:58:20,606: DEBUG: Proxy-State: ['3330,3132']
2013-11-20 10:58:20,606: DEBUG: GoGo-Total-Input-Voice-Octets: [0]
2013-11-20 10:58:20,606: DEBUG: Acct-Status-Type: ['Interim-Update']
2013-11-20 10:58:20,606: DEBUG: GoGo-Total-Output-Voice-Gigawords: [0]
2013-11-20 10:58:20,606: DEBUG: GoGo-Airline: [u'BA01']
2013-11-20 10:58:20,607: DEBUG: Acct-Session-Id: [u'AAATestNAS_100-1384925220483-00163E68BEAA-2']
2013-11-20 10:58:20,607: DEBUG: Acct-Session-Time: [10]
2013-11-20 10:58:20,607: DEBUG: Acct-Input-Packets: [37364]
2013-11-20 10:58:20,607: DEBUG: Acct-Output-Packets: [25011]
2013-11-20 10:58:20,607: DEBUG: GoGo-Acct-Output-Voice-Packets: [0]
2013-11-20 10:58:20,607: DEBUG: GoGo-Acct-Output-Voice-Octets: [0]
2013-11-20 10:58:20,607: DEBUG: Acct-Output-Gigawords: [0]
2013-11-20 10:58:20,607: DEBUG: GoGo-Total-Output-Voice-Packets: [0]
2013-11-20 10:58:20,608: DEBUG: Acct-Input-Gigawords: [0]
2013-11-20 10:58:20,608: DEBUG: Calling-Station-Id: [u'17:21:31:41:52:70']
2013-11-20 10:58:20,608: DEBUG: NAS-Port-Type: ['Wireless-802.11']
2013-11-20 10:58:20,608: DEBUG: GoGo-Total-Output-Voice-Octets: [0]
2013-11-20 10:58:20,608: DEBUG: GoGo-Private-IP-Address: ['192.168.1.179']
2013-11-20 10:58:20,608: DEBUG: GoGo-Acct-Input-Voice-Gigawords: [0]
2013-11-20 10:58:20,608: DEBUG: GoGo-Total-Input-Packets: [37364]
2013-11-20 10:58:20,608: DEBUG: GoGo-Total-Input-Gigawords: [0]
2013-11-20 10:58:20,609: DEBUG: GoGo-Acct-Input-Voice-Packets: [0]
2013-11-20 10:58:20,609: DEBUG: GoGo-Total-Input-Octets: [9225435]
2013-11-20 10:58:20,609: DEBUG: GoGo-Total-Output-Packets: [25011]
2013-11-20 10:58:20,609: DEBUG: WISPr-Location-ID: [u'airline=BA01,tail=01009,network=']
2013-11-20 10:58:20,609: DEBUG: GoGo-Acct-Output-Voice-Gigawords: [0]
2013-11-20 10:58:20,609: DEBUG: Acct-Input-Octets: [9225435]
2013-11-20 10:58:20,609: ERROR: Network error, Reason: 'Network error: Too many open files'
2013-11-20 10:58:48,610: DEBUG: 

2013-11-20 10:58:48,611: DEBUG: Creating Accounting Stop Request with the following Attributes:
2013-11-20 10:58:48,611: DEBUG: User-Name: [u'username91@airborne.aircell.com']
2013-11-20 10:58:48,611: DEBUG: GoGo-Tail-Number: [u'01009']
2013-11-20 10:58:48,612: DEBUG: Acct-Output-Octets: [6171026]
2013-11-20 10:58:48,612: DEBUG: NAS-IP-Address: ['10.254.105.1']
2013-11-20 10:58:48,612: DEBUG: GoGo-Total-Output-Gigawords: [0]
2013-11-20 10:58:48,612: DEBUG: Framed-IP-Address: ['10.254.105.148']
2013-11-20 10:58:48,612: DEBUG: GoGo-Total-Input-Voice-Gigawords: [0]
2013-11-20 10:58:48,613: DEBUG: GoGo-Total-Output-Octets: [6171026]
2013-11-20 10:58:48,613: DEBUG: GoGo-Acct-Input-Voice-Octets: [0]
2013-11-20 10:58:48,613: DEBUG: GoGo-Total-Input-Voice-Packets: [0]
2013-11-20 10:58:48,613: DEBUG: Called-Station-Id: [u'00:16:3E:68:BE:AA']
2013-11-20 10:58:48,614: DEBUG: WISPr-Location-Name: [u'TEST LLC,BA01_01009']
2013-11-20 10:58:48,614: DEBUG: NAS-Identifier: [u'C08386']
2013-11-20 10:58:48,614: DEBUG: Proxy-State: ['3330,3132']
2013-11-20 10:58:48,614: DEBUG: GoGo-Total-Input-Voice-Octets: [0]
2013-11-20 10:58:48,614: DEBUG: Acct-Status-Type: ['Stop']
2013-11-20 10:58:48,614: DEBUG: GoGo-Total-Output-Voice-Gigawords: [0]
2013-11-20 10:58:48,614: DEBUG: GoGo-Airline: [u'BA01']
2013-11-20 10:58:48,615: DEBUG: Acct-Session-Id: [u'AAATestNAS_100-1384925220483-00163E68BEAA-2']
2013-11-20 10:58:48,615: DEBUG: Acct-Session-Time: [28]
2013-11-20 10:58:48,615: DEBUG: Acct-Input-Packets: [46210]
2013-11-20 10:58:48,615: DEBUG: Acct-Output-Packets: [25136]
2013-11-20 10:58:48,615: DEBUG: Acct-Terminate-Cause: ['User-Request']
2013-11-20 10:58:48,615: DEBUG: GoGo-Acct-Output-Voice-Octets: [0]
2013-11-20 10:58:48,616: DEBUG: Acct-Output-Gigawords: [0]
2013-11-20 10:58:48,616: DEBUG: GoGo-Total-Output-Voice-Packets: [0]
2013-11-20 10:58:48,616: DEBUG: Acct-Input-Gigawords: [0]
2013-11-20 10:58:48,616: DEBUG: Calling-Station-Id: [u'17:21:31:41:52:70']
2013-11-20 10:58:48,616: DEBUG: NAS-Port-Type: ['Wireless-802.11']
2013-11-20 10:58:48,616: DEBUG: GoGo-Total-Output-Voice-Octets: [0]
2013-11-20 10:58:48,616: DEBUG: GoGo-Private-IP-Address: ['192.168.1.179']
2013-11-20 10:58:48,617: DEBUG: GoGo-Acct-Input-Voice-Gigawords: [0]
2013-11-20 10:58:48,617: DEBUG: GoGo-Total-Input-Packets: [46210]
2013-11-20 10:58:48,617: DEBUG: GoGo-Total-Input-Gigawords: [0]
2013-11-20 10:58:48,617: DEBUG: GoGo-Acct-Input-Voice-Packets: [0]
2013-11-20 10:58:48,617: DEBUG: GoGo-Total-Input-Octets: [7957463]
2013-11-20 10:58:48,617: DEBUG: GoGo-Total-Output-Packets: [25136]
2013-11-20 10:58:48,618: DEBUG: WISPr-Location-ID: [u'airline=BA01,tail=01009,network=']
2013-11-20 10:58:48,618: DEBUG: GoGo-Acct-Output-Voice-Packets: [0]
2013-11-20 10:58:48,618: DEBUG: GoGo-Acct-Output-Voice-Gigawords: [0]
2013-11-20 10:58:48,618: DEBUG: Acct-Input-Octets: [7957463]
2013-11-20 10:58:48,618: ERROR: Network error, Reason: 'Network error: Too many open files'
2013-11-20 10:58:48,618: ERROR: Ending the test for this user
2013-11-20 10:58:48,618: DEBUG: Ending the test for this user
