2013-11-20 10:57:26,516: DEBUG: Starting the client for the user username62@airborne.aircell.com to the server localhost

2013-11-20 10:57:26,516: DEBUG: DURATION of the TEST: 82
2013-11-20 10:57:26,516: DEBUG: NAS-IP: 10.254.247.1
2013-11-20 10:57:26,517: DEBUG: NAS-MAC-ADDR: 19:21:31:41:52:24
2013-11-20 10:57:26,517: DEBUG: Abruptly End: False
2013-11-20 10:57:26,517: DEBUG: Framed-IP: 10.254.247.38
2013-11-20 10:57:26,517: DEBUG: User-MAC-Addr: 00:16:3E:26:4E:D5
2013-11-20 10:57:26,518: DEBUG: 

2013-11-20 10:57:26,518: DEBUG: Creating Authentication Request with the following Attributes:
2013-11-20 10:57:26,519: DEBUG: NAS-Identifier: [u'C08386']
2013-11-20 10:57:26,519: DEBUG: User-Name: [u'username62@airborne.aircell.com']
2013-11-20 10:57:26,520: DEBUG: NAS-IP-Address: ['10.254.247.1']
2013-11-20 10:57:26,520: DEBUG: Service-Type: ['Authenticate-Only']
2013-11-20 10:57:26,521: DEBUG: Proxy-State: ['3237,3134']
2013-11-20 10:57:26,521: DEBUG: Framed-IP-Address: ['10.254.247.38']
2013-11-20 10:57:26,521: DEBUG: GoGo-Airline: [u'BA01']
2013-11-20 10:57:26,521: DEBUG: Acct-Session-Id: [u'AAATestNAS_242-1384925246518-00163E264ED5-2']
2013-11-20 10:57:26,522: DEBUG: GoGo-Tail-Number: [u'AAATestNAS_242']
2013-11-20 10:57:26,522: DEBUG: GoGo-Private-IP-Address: ['192.168.1.179']
2013-11-20 10:57:26,523: DEBUG: WISPr-Location-ID: [u'airline=BA01,tail=01009,network=']
2013-11-20 10:57:26,523: DEBUG: WISPr-Location-Name: [u'TEST LLC,BA01_01009']
2013-11-20 10:57:26,524: DEBUG: NAS-Port-Type: ['Wireless-802.11']
2013-11-20 10:57:26,524: DEBUG: Called-Station-Id: [u'00:16:3E:26:4E:D5']
2013-11-20 10:57:26,525: DEBUG: Calling-Station-Id: [u'19:21:31:41:52:24']
2013-11-20 10:57:26,526: DEBUG: 

2013-11-20 10:57:26,526: DEBUG: Received response with code: 2, Accepted
2013-11-20 10:57:26,527: DEBUG: Creating Authentication Request with the following Attributes:
2013-11-20 10:57:26,527: DEBUG: NAS-Identifier: [u'C08386']
2013-11-20 10:57:26,528: DEBUG: User-Name: [u'username62@airborne.aircell.com']
2013-11-20 10:57:26,528: DEBUG: NAS-IP-Address: ['10.254.247.1']
2013-11-20 10:57:26,528: DEBUG: Service-Type: ['Login-User']
2013-11-20 10:57:26,529: DEBUG: Proxy-State: ['3237,3134']
2013-11-20 10:57:26,529: DEBUG: Framed-IP-Address: ['10.254.247.38']
2013-11-20 10:57:26,529: DEBUG: GoGo-Airline: [u'BA01']
2013-11-20 10:57:26,530: DEBUG: Acct-Session-Id: [u'AAATestNAS_242-1384925246527-00163E264ED5-2']
2013-11-20 10:57:26,530: DEBUG: GoGo-Tail-Number: [u'AAATestNAS_242']
2013-11-20 10:57:26,530: DEBUG: GoGo-Private-IP-Address: ['192.168.1.179']
2013-11-20 10:57:26,531: DEBUG: WISPr-Location-ID: [u'airline=BA01,tail=01009,network=']
2013-11-20 10:57:26,531: DEBUG: WISPr-Location-Name: [u'TEST LLC,BA01_01009']
2013-11-20 10:57:26,531: DEBUG: NAS-Port-Type: ['Wireless-802.11']
2013-11-20 10:57:26,531: DEBUG: Called-Station-Id: [u'00:16:3E:26:4E:D5']
2013-11-20 10:57:26,532: DEBUG: Calling-Station-Id: [u'19:21:31:41:52:24']
2013-11-20 10:57:26,533: DEBUG: 

2013-11-20 10:57:26,533: DEBUG: Received response with code: 2, Accepted
2013-11-20 10:57:26,533: DEBUG: 

2013-11-20 10:57:26,533: DEBUG: Creating Accounting start Request with the following Attributes:
2013-11-20 10:57:26,533: DEBUG: NAS-Identifier: [u'C08386']
2013-11-20 10:57:26,534: DEBUG: User-Name: [u'username62@airborne.aircell.com']
2013-11-20 10:57:26,534: DEBUG: GoGo-Tail-Number: [u'AAATestNAS_242']
2013-11-20 10:57:26,534: DEBUG: NAS-IP-Address: ['10.254.247.1']
2013-11-20 10:57:26,534: DEBUG: Proxy-State: ['3239,3131']
2013-11-20 10:57:26,534: DEBUG: Acct-Status-Type: ['Start']
2013-11-20 10:57:26,535: DEBUG: GoGo-Airline: [u'BA01']
2013-11-20 10:57:26,535: DEBUG: Acct-Session-Id: [u'AAATestNAS_242-1384925246527-00163E264ED5-2']
2013-11-20 10:57:26,535: DEBUG: GoGo-Private-IP-Address: ['192.168.1.179']
2013-11-20 10:57:26,535: DEBUG: Framed-IP-Address: ['10.254.247.38']
2013-11-20 10:57:26,535: DEBUG: WISPr-Location-ID: [u'airline=BA01,tail=01009,network=']
2013-11-20 10:57:26,535: DEBUG: WISPr-Location-Name: [u'TEST LLC,BA01_01009']
2013-11-20 10:57:26,535: DEBUG: NAS-Port-Type: ['Wireless-802.11']
2013-11-20 10:57:26,535: DEBUG: Called-Station-Id: [u'00:16:3E:26:4E:D5']
2013-11-20 10:57:26,535: DEBUG: Calling-Station-Id: [u'19:21:31:41:52:24']
2013-11-20 10:57:26,536: DEBUG: 

2013-11-20 10:57:26,537: DEBUG: Received response with following attributes:
2013-11-20 10:57:36,537: DEBUG: 

2013-11-20 10:57:36,538: DEBUG: Creating Accounting Update Request with the following Attributes:
2013-11-20 10:57:36,538: DEBUG: User-Name: [u'username62@airborne.aircell.com']
2013-11-20 10:57:36,538: DEBUG: GoGo-Tail-Number: [u'AAATestNAS_242']
2013-11-20 10:57:36,538: DEBUG: Acct-Output-Octets: [4593626]
2013-11-20 10:57:36,539: DEBUG: NAS-IP-Address: ['10.254.247.1']
2013-11-20 10:57:36,539: DEBUG: GoGo-Total-Output-Gigawords: [0]
2013-11-20 10:57:36,539: DEBUG: Framed-IP-Address: ['10.254.247.38']
2013-11-20 10:57:36,539: DEBUG: GoGo-Total-Input-Voice-Gigawords: [0]
2013-11-20 10:57:36,540: DEBUG: GoGo-Total-Output-Octets: [4593626]
2013-11-20 10:57:36,540: DEBUG: GoGo-Acct-Input-Voice-Octets: [0]
2013-11-20 10:57:36,540: DEBUG: GoGo-Total-Input-Voice-Packets: [0]
2013-11-20 10:57:36,541: DEBUG: Called-Station-Id: [u'00:16:3E:26:4E:D5']
2013-11-20 10:57:36,541: DEBUG: WISPr-Location-Name: [u'TEST LLC,BA01_01009']
2013-11-20 10:57:36,541: DEBUG: NAS-Identifier: [u'C08386']
2013-11-20 10:57:36,542: DEBUG: Proxy-State: ['3330,3132']
2013-11-20 10:57:36,542: DEBUG: GoGo-Total-Input-Voice-Octets: [0]
2013-11-20 10:57:36,542: DEBUG: Acct-Status-Type: ['Interim-Update']
2013-11-20 10:57:36,542: DEBUG: GoGo-Total-Output-Voice-Gigawords: [0]
2013-11-20 10:57:36,543: DEBUG: GoGo-Airline: [u'BA01']
2013-11-20 10:57:36,543: DEBUG: Acct-Session-Id: [u'AAATestNAS_242-1384925246527-00163E264ED5-2']
2013-11-20 10:57:36,543: DEBUG: Acct-Session-Time: [10]
2013-11-20 10:57:36,543: DEBUG: Acct-Input-Packets: [26230]
2013-11-20 10:57:36,544: DEBUG: Acct-Output-Packets: [17508]
2013-11-20 10:57:36,544: DEBUG: GoGo-Acct-Output-Voice-Packets: [0]
2013-11-20 10:57:36,544: DEBUG: GoGo-Acct-Output-Voice-Octets: [0]
2013-11-20 10:57:36,544: DEBUG: Acct-Output-Gigawords: [0]
2013-11-20 10:57:36,545: DEBUG: GoGo-Total-Output-Voice-Packets: [0]
2013-11-20 10:57:36,545: DEBUG: Acct-Input-Gigawords: [0]
2013-11-20 10:57:36,545: DEBUG: Calling-Station-Id: [u'19:21:31:41:52:24']
2013-11-20 10:57:36,545: DEBUG: NAS-Port-Type: ['Wireless-802.11']
2013-11-20 10:57:36,546: DEBUG: GoGo-Total-Output-Voice-Octets: [0]
2013-11-20 10:57:36,546: DEBUG: GoGo-Private-IP-Address: ['192.168.1.179']
2013-11-20 10:57:36,546: DEBUG: GoGo-Acct-Input-Voice-Gigawords: [0]
2013-11-20 10:57:36,546: DEBUG: GoGo-Total-Input-Packets: [26230]
2013-11-20 10:57:36,546: DEBUG: GoGo-Total-Input-Gigawords: [0]
2013-11-20 10:57:36,547: DEBUG: GoGo-Acct-Input-Voice-Packets: [0]
2013-11-20 10:57:36,547: DEBUG: GoGo-Total-Input-Octets: [7393981]
2013-11-20 10:57:36,547: DEBUG: GoGo-Total-Output-Packets: [17508]
2013-11-20 10:57:36,547: DEBUG: WISPr-Location-ID: [u'airline=BA01,tail=01009,network=']
2013-11-20 10:57:36,547: DEBUG: GoGo-Acct-Output-Voice-Gigawords: [0]
2013-11-20 10:57:36,547: DEBUG: Acct-Input-Octets: [7393981]
2013-11-20 10:57:36,547: ERROR: Network error, Reason: 'Network error: Too many open files'
2013-11-20 10:57:46,548: DEBUG: 

2013-11-20 10:57:46,549: DEBUG: Creating Accounting Update Request with the following Attributes:
2013-11-20 10:57:46,550: DEBUG: User-Name: [u'username62@airborne.aircell.com']
2013-11-20 10:57:46,551: DEBUG: GoGo-Tail-Number: [u'AAATestNAS_242']
2013-11-20 10:57:46,551: DEBUG: Acct-Output-Octets: [3373593]
2013-11-20 10:57:46,552: DEBUG: NAS-IP-Address: ['10.254.247.1']
2013-11-20 10:57:46,552: DEBUG: GoGo-Total-Output-Gigawords: [0]
2013-11-20 10:57:46,552: DEBUG: Framed-IP-Address: ['10.254.247.38']
2013-11-20 10:57:46,553: DEBUG: GoGo-Total-Input-Voice-Gigawords: [0]
2013-11-20 10:57:46,553: DEBUG: GoGo-Total-Output-Octets: [3373593]
2013-11-20 10:57:46,553: DEBUG: GoGo-Acct-Input-Voice-Octets: [0]
2013-11-20 10:57:46,553: DEBUG: GoGo-Total-Input-Voice-Packets: [0]
2013-11-20 10:57:46,554: DEBUG: Called-Station-Id: [u'00:16:3E:26:4E:D5']
2013-11-20 10:57:46,554: DEBUG: WISPr-Location-Name: [u'TEST LLC,BA01_01009']
2013-11-20 10:57:46,554: DEBUG: NAS-Identifier: [u'C08386']
2013-11-20 10:57:46,555: DEBUG: Proxy-State: ['3330,3132']
2013-11-20 10:57:46,555: DEBUG: GoGo-Total-Input-Voice-Octets: [0]
2013-11-20 10:57:46,556: DEBUG: Acct-Status-Type: ['Interim-Update']
2013-11-20 10:57:46,556: DEBUG: GoGo-Total-Output-Voice-Gigawords: [0]
2013-11-20 10:57:46,557: DEBUG: GoGo-Airline: [u'BA01']
2013-11-20 10:57:46,557: DEBUG: Acct-Session-Id: [u'AAATestNAS_242-1384925246527-00163E264ED5-2']
2013-11-20 10:57:46,558: DEBUG: Acct-Session-Time: [10]
2013-11-20 10:57:46,558: DEBUG: Acct-Input-Packets: [29678]
2013-11-20 10:57:46,558: DEBUG: Acct-Output-Packets: [20365]
2013-11-20 10:57:46,559: DEBUG: GoGo-Acct-Output-Voice-Packets: [0]
2013-11-20 10:57:46,559: DEBUG: GoGo-Acct-Output-Voice-Octets: [0]
2013-11-20 10:57:46,559: DEBUG: Acct-Output-Gigawords: [0]
2013-11-20 10:57:46,561: DEBUG: GoGo-Total-Output-Voice-Packets: [0]
2013-11-20 10:57:46,562: DEBUG: Acct-Input-Gigawords: [0]
2013-11-20 10:57:46,562: DEBUG: Calling-Station-Id: [u'19:21:31:41:52:24']
2013-11-20 10:57:46,563: DEBUG: NAS-Port-Type: ['Wireless-802.11']
2013-11-20 10:57:46,563: DEBUG: GoGo-Total-Output-Voice-Octets: [0]
2013-11-20 10:57:46,564: DEBUG: GoGo-Private-IP-Address: ['192.168.1.179']
2013-11-20 10:57:46,564: DEBUG: GoGo-Acct-Input-Voice-Gigawords: [0]
2013-11-20 10:57:46,565: DEBUG: GoGo-Total-Input-Packets: [29678]
2013-11-20 10:57:46,566: DEBUG: GoGo-Total-Input-Gigawords: [0]
2013-11-20 10:57:46,566: DEBUG: GoGo-Acct-Input-Voice-Packets: [0]
2013-11-20 10:57:46,567: DEBUG: GoGo-Total-Input-Octets: [8235885]
2013-11-20 10:57:46,567: DEBUG: GoGo-Total-Output-Packets: [20365]
2013-11-20 10:57:46,567: DEBUG: WISPr-Location-ID: [u'airline=BA01,tail=01009,network=']
2013-11-20 10:57:46,568: DEBUG: GoGo-Acct-Output-Voice-Gigawords: [0]
2013-11-20 10:57:46,568: DEBUG: Acct-Input-Octets: [8235885]
2013-11-20 10:57:46,569: ERROR: Network error, Reason: 'Network error: Too many open files'
2013-11-20 10:57:56,570: DEBUG: 

2013-11-20 10:57:56,570: DEBUG: Creating Accounting Update Request with the following Attributes:
2013-11-20 10:57:56,571: DEBUG: User-Name: [u'username62@airborne.aircell.com']
2013-11-20 10:57:56,571: DEBUG: GoGo-Tail-Number: [u'AAATestNAS_242']
2013-11-20 10:57:56,571: DEBUG: Acct-Output-Octets: [5481917]
2013-11-20 10:57:56,572: DEBUG: NAS-IP-Address: ['10.254.247.1']
2013-11-20 10:57:56,572: DEBUG: GoGo-Total-Output-Gigawords: [0]
2013-11-20 10:57:56,572: DEBUG: Framed-IP-Address: ['10.254.247.38']
2013-11-20 10:57:56,572: DEBUG: GoGo-Total-Input-Voice-Gigawords: [0]
2013-11-20 10:57:56,573: DEBUG: GoGo-Total-Output-Octets: [5481917]
2013-11-20 10:57:56,573: DEBUG: GoGo-Acct-Input-Voice-Octets: [0]
2013-11-20 10:57:56,573: DEBUG: GoGo-Total-Input-Voice-Packets: [0]
2013-11-20 10:57:56,574: DEBUG: Called-Station-Id: [u'00:16:3E:26:4E:D5']
2013-11-20 10:57:56,574: DEBUG: WISPr-Location-Name: [u'TEST LLC,BA01_01009']
2013-11-20 10:57:56,574: DEBUG: NAS-Identifier: [u'C08386']
2013-11-20 10:57:56,574: DEBUG: Proxy-State: ['3330,3132']
2013-11-20 10:57:56,575: DEBUG: GoGo-Total-Input-Voice-Octets: [0]
2013-11-20 10:57:56,575: DEBUG: Acct-Status-Type: ['Interim-Update']
2013-11-20 10:57:56,575: DEBUG: GoGo-Total-Output-Voice-Gigawords: [0]
2013-11-20 10:57:56,576: DEBUG: GoGo-Airline: [u'BA01']
2013-11-20 10:57:56,576: DEBUG: Acct-Session-Id: [u'AAATestNAS_242-1384925246527-00163E264ED5-2']
2013-11-20 10:57:56,576: DEBUG: Acct-Session-Time: [10]
2013-11-20 10:57:56,576: DEBUG: Acct-Input-Packets: [62382]
2013-11-20 10:57:56,577: DEBUG: Acct-Output-Packets: [10670]
2013-11-20 10:57:56,577: DEBUG: GoGo-Acct-Output-Voice-Packets: [0]
2013-11-20 10:57:56,577: DEBUG: GoGo-Acct-Output-Voice-Octets: [0]
2013-11-20 10:57:56,578: DEBUG: Acct-Output-Gigawords: [0]
2013-11-20 10:57:56,578: DEBUG: GoGo-Total-Output-Voice-Packets: [0]
2013-11-20 10:57:56,578: DEBUG: Acct-Input-Gigawords: [0]
2013-11-20 10:57:56,578: DEBUG: Calling-Station-Id: [u'19:21:31:41:52:24']
2013-11-20 10:57:56,579: DEBUG: NAS-Port-Type: ['Wireless-802.11']
2013-11-20 10:57:56,579: DEBUG: GoGo-Total-Output-Voice-Octets: [0]
2013-11-20 10:57:56,579: DEBUG: GoGo-Private-IP-Address: ['192.168.1.179']
2013-11-20 10:57:56,580: DEBUG: GoGo-Acct-Input-Voice-Gigawords: [0]
2013-11-20 10:57:56,580: DEBUG: GoGo-Total-Input-Packets: [62382]
2013-11-20 10:57:56,580: DEBUG: GoGo-Total-Input-Gigawords: [0]
2013-11-20 10:57:56,580: DEBUG: GoGo-Acct-Input-Voice-Packets: [0]
2013-11-20 10:57:56,581: DEBUG: GoGo-Total-Input-Octets: [6815621]
2013-11-20 10:57:56,581: DEBUG: GoGo-Total-Output-Packets: [10670]
2013-11-20 10:57:56,581: DEBUG: WISPr-Location-ID: [u'airline=BA01,tail=01009,network=']
2013-11-20 10:57:56,581: DEBUG: GoGo-Acct-Output-Voice-Gigawords: [0]
2013-11-20 10:57:56,581: DEBUG: Acct-Input-Octets: [6815621]
2013-11-20 10:57:56,581: ERROR: Network error, Reason: 'Network error: Too many open files'
2013-11-20 10:58:06,582: DEBUG: 

2013-11-20 10:58:06,583: DEBUG: Creating Accounting Update Request with the following Attributes:
2013-11-20 10:58:06,584: DEBUG: User-Name: [u'username62@airborne.aircell.com']
2013-11-20 10:58:06,584: DEBUG: GoGo-Tail-Number: [u'AAATestNAS_242']
2013-11-20 10:58:06,584: DEBUG: Acct-Output-Octets: [3571207]
2013-11-20 10:58:06,585: DEBUG: NAS-IP-Address: ['10.254.247.1']
2013-11-20 10:58:06,585: DEBUG: GoGo-Total-Output-Gigawords: [0]
2013-11-20 10:58:06,585: DEBUG: Framed-IP-Address: ['10.254.247.38']
2013-11-20 10:58:06,586: DEBUG: GoGo-Total-Input-Voice-Gigawords: [0]
2013-11-20 10:58:06,586: DEBUG: GoGo-Total-Output-Octets: [3571207]
2013-11-20 10:58:06,586: DEBUG: GoGo-Acct-Input-Voice-Octets: [0]
2013-11-20 10:58:06,587: DEBUG: GoGo-Total-Input-Voice-Packets: [0]
2013-11-20 10:58:06,587: DEBUG: Called-Station-Id: [u'00:16:3E:26:4E:D5']
2013-11-20 10:58:06,587: DEBUG: WISPr-Location-Name: [u'TEST LLC,BA01_01009']
2013-11-20 10:58:06,587: DEBUG: NAS-Identifier: [u'C08386']
2013-11-20 10:58:06,588: DEBUG: Proxy-State: ['3330,3132']
2013-11-20 10:58:06,588: DEBUG: GoGo-Total-Input-Voice-Octets: [0]
2013-11-20 10:58:06,588: DEBUG: Acct-Status-Type: ['Interim-Update']
2013-11-20 10:58:06,588: DEBUG: GoGo-Total-Output-Voice-Gigawords: [0]
2013-11-20 10:58:06,589: DEBUG: GoGo-Airline: [u'BA01']
2013-11-20 10:58:06,589: DEBUG: Acct-Session-Id: [u'AAATestNAS_242-1384925246527-00163E264ED5-2']
2013-11-20 10:58:06,589: DEBUG: Acct-Session-Time: [10]
2013-11-20 10:58:06,589: DEBUG: Acct-Input-Packets: [4810]
2013-11-20 10:58:06,590: DEBUG: Acct-Output-Packets: [25491]
2013-11-20 10:58:06,590: DEBUG: GoGo-Acct-Output-Voice-Packets: [0]
2013-11-20 10:58:06,590: DEBUG: GoGo-Acct-Output-Voice-Octets: [0]
2013-11-20 10:58:06,590: DEBUG: Acct-Output-Gigawords: [0]
2013-11-20 10:58:06,591: DEBUG: GoGo-Total-Output-Voice-Packets: [0]
2013-11-20 10:58:06,591: DEBUG: Acct-Input-Gigawords: [0]
2013-11-20 10:58:06,591: DEBUG: Calling-Station-Id: [u'19:21:31:41:52:24']
2013-11-20 10:58:06,591: DEBUG: NAS-Port-Type: ['Wireless-802.11']
2013-11-20 10:58:06,592: DEBUG: GoGo-Total-Output-Voice-Octets: [0]
2013-11-20 10:58:06,592: DEBUG: GoGo-Private-IP-Address: ['192.168.1.179']
2013-11-20 10:58:06,592: DEBUG: GoGo-Acct-Input-Voice-Gigawords: [0]
2013-11-20 10:58:06,592: DEBUG: GoGo-Total-Input-Packets: [4810]
2013-11-20 10:58:06,593: DEBUG: GoGo-Total-Input-Gigawords: [0]
2013-11-20 10:58:06,593: DEBUG: GoGo-Acct-Input-Voice-Packets: [0]
2013-11-20 10:58:06,593: DEBUG: GoGo-Total-Input-Octets: [2506567]
2013-11-20 10:58:06,593: DEBUG: GoGo-Total-Output-Packets: [25491]
2013-11-20 10:58:06,594: DEBUG: WISPr-Location-ID: [u'airline=BA01,tail=01009,network=']
2013-11-20 10:58:06,594: DEBUG: GoGo-Acct-Output-Voice-Gigawords: [0]
2013-11-20 10:58:06,594: DEBUG: Acct-Input-Octets: [2506567]
2013-11-20 10:58:06,595: ERROR: Network error, Reason: 'Network error: Too many open files'
2013-11-20 10:58:16,596: DEBUG: 

2013-11-20 10:58:16,597: DEBUG: Creating Accounting Update Request with the following Attributes:
2013-11-20 10:58:16,597: DEBUG: User-Name: [u'username62@airborne.aircell.com']
2013-11-20 10:58:16,597: DEBUG: GoGo-Tail-Number: [u'AAATestNAS_242']
2013-11-20 10:58:16,597: DEBUG: Acct-Output-Octets: [8511543]
2013-11-20 10:58:16,597: DEBUG: NAS-IP-Address: ['10.254.247.1']
2013-11-20 10:58:16,597: DEBUG: GoGo-Total-Output-Gigawords: [0]
2013-11-20 10:58:16,598: DEBUG: Framed-IP-Address: ['10.254.247.38']
2013-11-20 10:58:16,598: DEBUG: GoGo-Total-Input-Voice-Gigawords: [0]
2013-11-20 10:58:16,598: DEBUG: GoGo-Total-Output-Octets: [8511543]
2013-11-20 10:58:16,598: DEBUG: GoGo-Acct-Input-Voice-Octets: [0]
2013-11-20 10:58:16,598: DEBUG: GoGo-Total-Input-Voice-Packets: [0]
2013-11-20 10:58:16,598: DEBUG: Called-Station-Id: [u'00:16:3E:26:4E:D5']
2013-11-20 10:58:16,598: DEBUG: WISPr-Location-Name: [u'TEST LLC,BA01_01009']
2013-11-20 10:58:16,598: DEBUG: NAS-Identifier: [u'C08386']
2013-11-20 10:58:16,598: DEBUG: Proxy-State: ['3330,3132']
2013-11-20 10:58:16,599: DEBUG: GoGo-Total-Input-Voice-Octets: [0]
2013-11-20 10:58:16,599: DEBUG: Acct-Status-Type: ['Interim-Update']
2013-11-20 10:58:16,599: DEBUG: GoGo-Total-Output-Voice-Gigawords: [0]
2013-11-20 10:58:16,599: DEBUG: GoGo-Airline: [u'BA01']
2013-11-20 10:58:16,599: DEBUG: Acct-Session-Id: [u'AAATestNAS_242-1384925246527-00163E264ED5-2']
2013-11-20 10:58:16,599: DEBUG: Acct-Session-Time: [10]
2013-11-20 10:58:16,599: DEBUG: Acct-Input-Packets: [26948]
2013-11-20 10:58:16,599: DEBUG: Acct-Output-Packets: [74937]
2013-11-20 10:58:16,599: DEBUG: GoGo-Acct-Output-Voice-Packets: [0]
2013-11-20 10:58:16,599: DEBUG: GoGo-Acct-Output-Voice-Octets: [0]
2013-11-20 10:58:16,600: DEBUG: Acct-Output-Gigawords: [0]
2013-11-20 10:58:16,600: DEBUG: GoGo-Total-Output-Voice-Packets: [0]
2013-11-20 10:58:16,600: DEBUG: Acct-Input-Gigawords: [0]
2013-11-20 10:58:16,600: DEBUG: Calling-Station-Id: [u'19:21:31:41:52:24']
2013-11-20 10:58:16,600: DEBUG: NAS-Port-Type: ['Wireless-802.11']
2013-11-20 10:58:16,600: DEBUG: GoGo-Total-Output-Voice-Octets: [0]
2013-11-20 10:58:16,600: DEBUG: GoGo-Private-IP-Address: ['192.168.1.179']
2013-11-20 10:58:16,600: DEBUG: GoGo-Acct-Input-Voice-Gigawords: [0]
2013-11-20 10:58:16,600: DEBUG: GoGo-Total-Input-Packets: [26948]
2013-11-20 10:58:16,600: DEBUG: GoGo-Total-Input-Gigawords: [0]
2013-11-20 10:58:16,601: DEBUG: GoGo-Acct-Input-Voice-Packets: [0]
2013-11-20 10:58:16,601: DEBUG: GoGo-Total-Input-Octets: [8151302]
2013-11-20 10:58:16,601: DEBUG: GoGo-Total-Output-Packets: [74937]
2013-11-20 10:58:16,601: DEBUG: WISPr-Location-ID: [u'airline=BA01,tail=01009,network=']
2013-11-20 10:58:16,601: DEBUG: GoGo-Acct-Output-Voice-Gigawords: [0]
2013-11-20 10:58:16,601: DEBUG: Acct-Input-Octets: [8151302]
2013-11-20 10:58:16,601: ERROR: Network error, Reason: 'Network error: Too many open files'
2013-11-20 10:58:26,602: DEBUG: 

2013-11-20 10:58:26,603: DEBUG: Creating Accounting Update Request with the following Attributes:
2013-11-20 10:58:26,603: DEBUG: User-Name: [u'username62@airborne.aircell.com']
2013-11-20 10:58:26,603: DEBUG: GoGo-Tail-Number: [u'AAATestNAS_242']
2013-11-20 10:58:26,603: DEBUG: Acct-Output-Octets: [7290450]
2013-11-20 10:58:26,603: DEBUG: NAS-IP-Address: ['10.254.247.1']
2013-11-20 10:58:26,603: DEBUG: GoGo-Total-Output-Gigawords: [0]
2013-11-20 10:58:26,604: DEBUG: Framed-IP-Address: ['10.254.247.38']
2013-11-20 10:58:26,604: DEBUG: GoGo-Total-Input-Voice-Gigawords: [0]
2013-11-20 10:58:26,604: DEBUG: GoGo-Total-Output-Octets: [7290450]
2013-11-20 10:58:26,604: DEBUG: GoGo-Acct-Input-Voice-Octets: [0]
2013-11-20 10:58:26,604: DEBUG: GoGo-Total-Input-Voice-Packets: [0]
2013-11-20 10:58:26,605: DEBUG: Called-Station-Id: [u'00:16:3E:26:4E:D5']
2013-11-20 10:58:26,605: DEBUG: WISPr-Location-Name: [u'TEST LLC,BA01_01009']
2013-11-20 10:58:26,605: DEBUG: NAS-Identifier: [u'C08386']
2013-11-20 10:58:26,605: DEBUG: Proxy-State: ['3330,3132']
2013-11-20 10:58:26,605: DEBUG: GoGo-Total-Input-Voice-Octets: [0]
2013-11-20 10:58:26,606: DEBUG: Acct-Status-Type: ['Interim-Update']
2013-11-20 10:58:26,606: DEBUG: GoGo-Total-Output-Voice-Gigawords: [0]
2013-11-20 10:58:26,606: DEBUG: GoGo-Airline: [u'BA01']
2013-11-20 10:58:26,606: DEBUG: Acct-Session-Id: [u'AAATestNAS_242-1384925246527-00163E264ED5-2']
2013-11-20 10:58:26,606: DEBUG: Acct-Session-Time: [10]
2013-11-20 10:58:26,607: DEBUG: Acct-Input-Packets: [92685]
2013-11-20 10:58:26,607: DEBUG: Acct-Output-Packets: [48797]
2013-11-20 10:58:26,607: DEBUG: GoGo-Acct-Output-Voice-Packets: [0]
2013-11-20 10:58:26,607: DEBUG: GoGo-Acct-Output-Voice-Octets: [0]
2013-11-20 10:58:26,607: DEBUG: Acct-Output-Gigawords: [0]
2013-11-20 10:58:26,607: DEBUG: GoGo-Total-Output-Voice-Packets: [0]
2013-11-20 10:58:26,608: DEBUG: Acct-Input-Gigawords: [0]
2013-11-20 10:58:26,608: DEBUG: Calling-Station-Id: [u'19:21:31:41:52:24']
2013-11-20 10:58:26,608: DEBUG: NAS-Port-Type: ['Wireless-802.11']
2013-11-20 10:58:26,608: DEBUG: GoGo-Total-Output-Voice-Octets: [0]
2013-11-20 10:58:26,608: DEBUG: GoGo-Private-IP-Address: ['192.168.1.179']
2013-11-20 10:58:26,609: DEBUG: GoGo-Acct-Input-Voice-Gigawords: [0]
2013-11-20 10:58:26,609: DEBUG: GoGo-Total-Input-Packets: [92685]
2013-11-20 10:58:26,609: DEBUG: GoGo-Total-Input-Gigawords: [0]
2013-11-20 10:58:26,609: DEBUG: GoGo-Acct-Input-Voice-Packets: [0]
2013-11-20 10:58:26,609: DEBUG: GoGo-Total-Input-Octets: [9790086]
2013-11-20 10:58:26,609: DEBUG: GoGo-Total-Output-Packets: [48797]
2013-11-20 10:58:26,610: DEBUG: WISPr-Location-ID: [u'airline=BA01,tail=01009,network=']
2013-11-20 10:58:26,610: DEBUG: GoGo-Acct-Output-Voice-Gigawords: [0]
2013-11-20 10:58:26,610: DEBUG: Acct-Input-Octets: [9790086]
2013-11-20 10:58:26,610: ERROR: Network error, Reason: 'Network error: Too many open files'
2013-11-20 10:58:36,611: DEBUG: 

2013-11-20 10:58:36,612: DEBUG: Creating Accounting Update Request with the following Attributes:
2013-11-20 10:58:36,612: DEBUG: User-Name: [u'username62@airborne.aircell.com']
2013-11-20 10:58:36,612: DEBUG: GoGo-Tail-Number: [u'AAATestNAS_242']
2013-11-20 10:58:36,613: DEBUG: Acct-Output-Octets: [8100444]
2013-11-20 10:58:36,613: DEBUG: NAS-IP-Address: ['10.254.247.1']
2013-11-20 10:58:36,613: DEBUG: GoGo-Total-Output-Gigawords: [0]
2013-11-20 10:58:36,613: DEBUG: Framed-IP-Address: ['10.254.247.38']
2013-11-20 10:58:36,613: DEBUG: GoGo-Total-Input-Voice-Gigawords: [0]
2013-11-20 10:58:36,613: DEBUG: GoGo-Total-Output-Octets: [8100444]
2013-11-20 10:58:36,613: DEBUG: GoGo-Acct-Input-Voice-Octets: [0]
2013-11-20 10:58:36,613: DEBUG: GoGo-Total-Input-Voice-Packets: [0]
2013-11-20 10:58:36,613: DEBUG: Called-Station-Id: [u'00:16:3E:26:4E:D5']
2013-11-20 10:58:36,614: DEBUG: WISPr-Location-Name: [u'TEST LLC,BA01_01009']
2013-11-20 10:58:36,614: DEBUG: NAS-Identifier: [u'C08386']
2013-11-20 10:58:36,614: DEBUG: Proxy-State: ['3330,3132']
2013-11-20 10:58:36,614: DEBUG: GoGo-Total-Input-Voice-Octets: [0]
2013-11-20 10:58:36,614: DEBUG: Acct-Status-Type: ['Interim-Update']
2013-11-20 10:58:36,614: DEBUG: GoGo-Total-Output-Voice-Gigawords: [0]
2013-11-20 10:58:36,614: DEBUG: GoGo-Airline: [u'BA01']
2013-11-20 10:58:36,614: DEBUG: Acct-Session-Id: [u'AAATestNAS_242-1384925246527-00163E264ED5-2']
2013-11-20 10:58:36,614: DEBUG: Acct-Session-Time: [10]
2013-11-20 10:58:36,614: DEBUG: Acct-Input-Packets: [27727]
2013-11-20 10:58:36,615: DEBUG: Acct-Output-Packets: [41745]
2013-11-20 10:58:36,615: DEBUG: GoGo-Acct-Output-Voice-Packets: [0]
2013-11-20 10:58:36,615: DEBUG: GoGo-Acct-Output-Voice-Octets: [0]
2013-11-20 10:58:36,615: DEBUG: Acct-Output-Gigawords: [0]
2013-11-20 10:58:36,615: DEBUG: GoGo-Total-Output-Voice-Packets: [0]
2013-11-20 10:58:36,615: DEBUG: Acct-Input-Gigawords: [0]
2013-11-20 10:58:36,615: DEBUG: Calling-Station-Id: [u'19:21:31:41:52:24']
2013-11-20 10:58:36,615: DEBUG: NAS-Port-Type: ['Wireless-802.11']
2013-11-20 10:58:36,615: DEBUG: GoGo-Total-Output-Voice-Octets: [0]
2013-11-20 10:58:36,615: DEBUG: GoGo-Private-IP-Address: ['192.168.1.179']
2013-11-20 10:58:36,616: DEBUG: GoGo-Acct-Input-Voice-Gigawords: [0]
2013-11-20 10:58:36,616: DEBUG: GoGo-Total-Input-Packets: [27727]
2013-11-20 10:58:36,616: DEBUG: GoGo-Total-Input-Gigawords: [0]
2013-11-20 10:58:36,616: DEBUG: GoGo-Acct-Input-Voice-Packets: [0]
2013-11-20 10:58:36,616: DEBUG: GoGo-Total-Input-Octets: [3409094]
2013-11-20 10:58:36,616: DEBUG: GoGo-Total-Output-Packets: [41745]
2013-11-20 10:58:36,616: DEBUG: WISPr-Location-ID: [u'airline=BA01,tail=01009,network=']
2013-11-20 10:58:36,616: DEBUG: GoGo-Acct-Output-Voice-Gigawords: [0]
2013-11-20 10:58:36,616: DEBUG: Acct-Input-Octets: [3409094]
2013-11-20 10:58:36,617: ERROR: Network error, Reason: 'Network error: nodename nor servname provided, or not known'
2013-11-20 10:58:46,618: DEBUG: 

2013-11-20 10:58:46,618: DEBUG: Creating Accounting Update Request with the following Attributes:
2013-11-20 10:58:46,618: DEBUG: User-Name: [u'username62@airborne.aircell.com']
2013-11-20 10:58:46,619: DEBUG: GoGo-Tail-Number: [u'AAATestNAS_242']
2013-11-20 10:58:46,619: DEBUG: Acct-Output-Octets: [4696491]
2013-11-20 10:58:46,619: DEBUG: NAS-IP-Address: ['10.254.247.1']
2013-11-20 10:58:46,619: DEBUG: GoGo-Total-Output-Gigawords: [0]
2013-11-20 10:58:46,619: DEBUG: Framed-IP-Address: ['10.254.247.38']
2013-11-20 10:58:46,619: DEBUG: GoGo-Total-Input-Voice-Gigawords: [0]
2013-11-20 10:58:46,619: DEBUG: GoGo-Total-Output-Octets: [4696491]
2013-11-20 10:58:46,619: DEBUG: GoGo-Acct-Input-Voice-Octets: [0]
2013-11-20 10:58:46,619: DEBUG: GoGo-Total-Input-Voice-Packets: [0]
2013-11-20 10:58:46,620: DEBUG: Called-Station-Id: [u'00:16:3E:26:4E:D5']
2013-11-20 10:58:46,620: DEBUG: WISPr-Location-Name: [u'TEST LLC,BA01_01009']
2013-11-20 10:58:46,620: DEBUG: NAS-Identifier: [u'C08386']
2013-11-20 10:58:46,620: DEBUG: Proxy-State: ['3330,3132']
2013-11-20 10:58:46,620: DEBUG: GoGo-Total-Input-Voice-Octets: [0]
2013-11-20 10:58:46,620: DEBUG: Acct-Status-Type: ['Interim-Update']
2013-11-20 10:58:46,620: DEBUG: GoGo-Total-Output-Voice-Gigawords: [0]
2013-11-20 10:58:46,620: DEBUG: GoGo-Airline: [u'BA01']
2013-11-20 10:58:46,620: DEBUG: Acct-Session-Id: [u'AAATestNAS_242-1384925246527-00163E264ED5-2']
2013-11-20 10:58:46,621: DEBUG: Acct-Session-Time: [10]
2013-11-20 10:58:46,621: DEBUG: Acct-Input-Packets: [16451]
2013-11-20 10:58:46,621: DEBUG: Acct-Output-Packets: [9558]
2013-11-20 10:58:46,621: DEBUG: GoGo-Acct-Output-Voice-Packets: [0]
2013-11-20 10:58:46,621: DEBUG: GoGo-Acct-Output-Voice-Octets: [0]
2013-11-20 10:58:46,621: DEBUG: Acct-Output-Gigawords: [0]
2013-11-20 10:58:46,621: DEBUG: GoGo-Total-Output-Voice-Packets: [0]
2013-11-20 10:58:46,621: DEBUG: Acct-Input-Gigawords: [0]
2013-11-20 10:58:46,621: DEBUG: Calling-Station-Id: [u'19:21:31:41:52:24']
2013-11-20 10:58:46,621: DEBUG: NAS-Port-Type: ['Wireless-802.11']
2013-11-20 10:58:46,621: DEBUG: GoGo-Total-Output-Voice-Octets: [0]
2013-11-20 10:58:46,622: DEBUG: GoGo-Private-IP-Address: ['192.168.1.179']
2013-11-20 10:58:46,622: DEBUG: GoGo-Acct-Input-Voice-Gigawords: [0]
2013-11-20 10:58:46,622: DEBUG: GoGo-Total-Input-Packets: [16451]
2013-11-20 10:58:46,622: DEBUG: GoGo-Total-Input-Gigawords: [0]
2013-11-20 10:58:46,622: DEBUG: GoGo-Acct-Input-Voice-Packets: [0]
2013-11-20 10:58:46,622: DEBUG: GoGo-Total-Input-Octets: [2619819]
2013-11-20 10:58:46,622: DEBUG: GoGo-Total-Output-Packets: [9558]
2013-11-20 10:58:46,622: DEBUG: WISPr-Location-ID: [u'airline=BA01,tail=01009,network=']
2013-11-20 10:58:46,622: DEBUG: GoGo-Acct-Output-Voice-Gigawords: [0]
2013-11-20 10:58:46,622: DEBUG: Acct-Input-Octets: [2619819]
2013-11-20 10:58:46,623: ERROR: Network error, Reason: 'Network error: nodename nor servname provided, or not known'
2013-11-20 10:59:10,624: DEBUG: 

2013-11-20 10:59:10,624: DEBUG: Creating Accounting Stop Request with the following Attributes:
2013-11-20 10:59:10,624: DEBUG: User-Name: [u'username62@airborne.aircell.com']
2013-11-20 10:59:10,625: DEBUG: GoGo-Tail-Number: [u'01009']
2013-11-20 10:59:10,625: DEBUG: Acct-Output-Octets: [6048806]
2013-11-20 10:59:10,625: DEBUG: NAS-IP-Address: ['10.254.247.1']
2013-11-20 10:59:10,625: DEBUG: GoGo-Total-Output-Gigawords: [0]
2013-11-20 10:59:10,625: DEBUG: Framed-IP-Address: ['10.254.247.38']
2013-11-20 10:59:10,625: DEBUG: GoGo-Total-Input-Voice-Gigawords: [0]
2013-11-20 10:59:10,625: DEBUG: GoGo-Total-Output-Octets: [6048806]
2013-11-20 10:59:10,625: DEBUG: GoGo-Acct-Input-Voice-Octets: [0]
2013-11-20 10:59:10,625: DEBUG: GoGo-Total-Input-Voice-Packets: [0]
2013-11-20 10:59:10,625: DEBUG: Called-Station-Id: [u'00:16:3E:26:4E:D5']
2013-11-20 10:59:10,626: DEBUG: WISPr-Location-Name: [u'TEST LLC,BA01_01009']
2013-11-20 10:59:10,626: DEBUG: NAS-Identifier: [u'C08386']
2013-11-20 10:59:10,626: DEBUG: Proxy-State: ['3330,3132']
2013-11-20 10:59:10,626: DEBUG: GoGo-Total-Input-Voice-Octets: [0]
2013-11-20 10:59:10,626: DEBUG: Acct-Status-Type: ['Stop']
2013-11-20 10:59:10,626: DEBUG: GoGo-Total-Output-Voice-Gigawords: [0]
2013-11-20 10:59:10,626: DEBUG: GoGo-Airline: [u'BA01']
2013-11-20 10:59:10,626: DEBUG: Acct-Session-Id: [u'AAATestNAS_242-1384925246527-00163E264ED5-2']
2013-11-20 10:59:10,626: DEBUG: Acct-Session-Time: [24]
2013-11-20 10:59:10,627: DEBUG: Acct-Input-Packets: [7610]
2013-11-20 10:59:10,627: DEBUG: Acct-Output-Packets: [29990]
2013-11-20 10:59:10,627: DEBUG: Acct-Terminate-Cause: ['User-Request']
2013-11-20 10:59:10,627: DEBUG: GoGo-Acct-Output-Voice-Octets: [0]
2013-11-20 10:59:10,627: DEBUG: Acct-Output-Gigawords: [0]
2013-11-20 10:59:10,627: DEBUG: GoGo-Total-Output-Voice-Packets: [0]
2013-11-20 10:59:10,627: DEBUG: Acct-Input-Gigawords: [0]
2013-11-20 10:59:10,627: DEBUG: Calling-Station-Id: [u'19:21:31:41:52:24']
2013-11-20 10:59:10,627: DEBUG: NAS-Port-Type: ['Wireless-802.11']
2013-11-20 10:59:10,627: DEBUG: GoGo-Total-Output-Voice-Octets: [0]
2013-11-20 10:59:10,627: DEBUG: GoGo-Private-IP-Address: ['192.168.1.179']
2013-11-20 10:59:10,628: DEBUG: GoGo-Acct-Input-Voice-Gigawords: [0]
2013-11-20 10:59:10,628: DEBUG: GoGo-Total-Input-Packets: [7610]
2013-11-20 10:59:10,628: DEBUG: GoGo-Total-Input-Gigawords: [0]
2013-11-20 10:59:10,628: DEBUG: GoGo-Acct-Input-Voice-Packets: [0]
2013-11-20 10:59:10,628: DEBUG: GoGo-Total-Input-Octets: [4558213]
2013-11-20 10:59:10,628: DEBUG: GoGo-Total-Output-Packets: [29990]
2013-11-20 10:59:10,628: DEBUG: WISPr-Location-ID: [u'airline=BA01,tail=01009,network=']
2013-11-20 10:59:10,628: DEBUG: GoGo-Acct-Output-Voice-Packets: [0]
2013-11-20 10:59:10,628: DEBUG: GoGo-Acct-Output-Voice-Gigawords: [0]
2013-11-20 10:59:10,628: DEBUG: Acct-Input-Octets: [4558213]
2013-11-20 10:59:10,631: DEBUG: 

2013-11-20 10:59:10,631: DEBUG: Received response with following attributes:
2013-11-20 10:59:10,631: DEBUG: Ending the test for this user
