2013-11-20 10:56:39,471: DEBUG: Starting the client for the user username79@airborne.aircell.com to the server localhost

2013-11-20 10:56:39,472: DEBUG: DURATION of the TEST: 73
2013-11-20 10:56:39,472: DEBUG: NAS-IP: 10.254.28.1
2013-11-20 10:56:39,473: DEBUG: NAS-MAC-ADDR: 16:21:31:41:51:83
2013-11-20 10:56:39,474: DEBUG: Abruptly End: False
2013-11-20 10:56:39,474: DEBUG: Framed-IP: 10.254.28.28
2013-11-20 10:56:39,475: DEBUG: User-MAC-Addr: 00:16:3E:2D:3E:85
2013-11-20 10:56:39,475: DEBUG: 

2013-11-20 10:56:39,476: DEBUG: Creating Authentication Request with the following Attributes:
2013-11-20 10:56:39,477: DEBUG: NAS-Identifier: [u'C08386']
2013-11-20 10:56:39,477: DEBUG: User-Name: [u'username79@airborne.aircell.com']
2013-11-20 10:56:39,477: DEBUG: NAS-IP-Address: ['10.254.28.1']
2013-11-20 10:56:39,477: DEBUG: Service-Type: ['Authenticate-Only']
2013-11-20 10:56:39,478: DEBUG: Proxy-State: ['3237,3134']
2013-11-20 10:56:39,478: DEBUG: Framed-IP-Address: ['10.254.28.28']
2013-11-20 10:56:39,478: DEBUG: GoGo-Airline: [u'BA01']
2013-11-20 10:56:39,479: DEBUG: Acct-Session-Id: [u'AAATestNAS_23-1384925199476-00163E2D3E85-2']
2013-11-20 10:56:39,479: DEBUG: GoGo-Tail-Number: [u'AAATestNAS_23']
2013-11-20 10:56:39,479: DEBUG: GoGo-Private-IP-Address: ['192.168.1.179']
2013-11-20 10:56:39,480: DEBUG: WISPr-Location-ID: [u'airline=BA01,tail=01009,network=']
2013-11-20 10:56:39,480: DEBUG: WISPr-Location-Name: [u'TEST LLC,BA01_01009']
2013-11-20 10:56:39,480: DEBUG: NAS-Port-Type: ['Wireless-802.11']
2013-11-20 10:56:39,481: DEBUG: Called-Station-Id: [u'00:16:3E:2D:3E:85']
2013-11-20 10:56:39,481: DEBUG: Calling-Station-Id: [u'16:21:31:41:51:83']
2013-11-20 10:56:39,483: DEBUG: 

2013-11-20 10:56:39,484: DEBUG: Received response with code: 2, Accepted
2013-11-20 10:56:39,484: DEBUG: Creating Authentication Request with the following Attributes:
2013-11-20 10:56:39,485: DEBUG: NAS-Identifier: [u'C08386']
2013-11-20 10:56:39,485: DEBUG: User-Name: [u'username79@airborne.aircell.com']
2013-11-20 10:56:39,486: DEBUG: NAS-IP-Address: ['10.254.28.1']
2013-11-20 10:56:39,488: DEBUG: Service-Type: ['Login-User']
2013-11-20 10:56:39,488: DEBUG: Proxy-State: ['3237,3134']
2013-11-20 10:56:39,489: DEBUG: Framed-IP-Address: ['10.254.28.28']
2013-11-20 10:56:39,489: DEBUG: GoGo-Airline: [u'BA01']
2013-11-20 10:56:39,489: DEBUG: Acct-Session-Id: [u'AAATestNAS_23-1384925199484-00163E2D3E85-2']
2013-11-20 10:56:39,490: DEBUG: GoGo-Tail-Number: [u'AAATestNAS_23']
2013-11-20 10:56:39,490: DEBUG: GoGo-Private-IP-Address: ['192.168.1.179']
2013-11-20 10:56:39,491: DEBUG: WISPr-Location-ID: [u'airline=BA01,tail=01009,network=']
2013-11-20 10:56:39,491: DEBUG: WISPr-Location-Name: [u'TEST LLC,BA01_01009']
2013-11-20 10:56:39,491: DEBUG: NAS-Port-Type: ['Wireless-802.11']
2013-11-20 10:56:39,492: DEBUG: Called-Station-Id: [u'00:16:3E:2D:3E:85']
2013-11-20 10:56:39,492: DEBUG: Calling-Station-Id: [u'16:21:31:41:51:83']
2013-11-20 10:56:39,494: DEBUG: 

2013-11-20 10:56:39,494: DEBUG: Received response with code: 2, Accepted
2013-11-20 10:56:39,494: DEBUG: 

2013-11-20 10:56:39,495: DEBUG: Creating Accounting start Request with the following Attributes:
2013-11-20 10:56:39,495: DEBUG: NAS-Identifier: [u'C08386']
2013-11-20 10:56:39,496: DEBUG: User-Name: [u'username79@airborne.aircell.com']
2013-11-20 10:56:39,497: DEBUG: GoGo-Tail-Number: [u'AAATestNAS_23']
2013-11-20 10:56:39,497: DEBUG: NAS-IP-Address: ['10.254.28.1']
2013-11-20 10:56:39,497: DEBUG: Proxy-State: ['3239,3131']
2013-11-20 10:56:39,498: DEBUG: Acct-Status-Type: ['Start']
2013-11-20 10:56:39,498: DEBUG: GoGo-Airline: [u'BA01']
2013-11-20 10:56:39,499: DEBUG: Acct-Session-Id: [u'AAATestNAS_23-1384925199484-00163E2D3E85-2']
2013-11-20 10:56:39,499: DEBUG: GoGo-Private-IP-Address: ['192.168.1.179']
2013-11-20 10:56:39,499: DEBUG: Framed-IP-Address: ['10.254.28.28']
2013-11-20 10:56:39,500: DEBUG: WISPr-Location-ID: [u'airline=BA01,tail=01009,network=']
2013-11-20 10:56:39,500: DEBUG: WISPr-Location-Name: [u'TEST LLC,BA01_01009']
2013-11-20 10:56:39,500: DEBUG: NAS-Port-Type: ['Wireless-802.11']
2013-11-20 10:56:39,500: DEBUG: Called-Station-Id: [u'00:16:3E:2D:3E:85']
2013-11-20 10:56:39,501: DEBUG: Calling-Station-Id: [u'16:21:31:41:51:83']
2013-11-20 10:56:39,502: DEBUG: 

2013-11-20 10:56:39,502: DEBUG: Received response with following attributes:
2013-11-20 10:56:49,505: DEBUG: 

2013-11-20 10:56:49,507: DEBUG: Creating Accounting Update Request with the following Attributes:
2013-11-20 10:56:49,507: DEBUG: User-Name: [u'username79@airborne.aircell.com']
2013-11-20 10:56:49,509: DEBUG: GoGo-Tail-Number: [u'AAATestNAS_23']
2013-11-20 10:56:49,512: DEBUG: Acct-Output-Octets: [5278643]
2013-11-20 10:56:49,513: DEBUG: NAS-IP-Address: ['10.254.28.1']
2013-11-20 10:56:49,515: DEBUG: GoGo-Total-Output-Gigawords: [0]
2013-11-20 10:56:49,516: DEBUG: Framed-IP-Address: ['10.254.28.28']
2013-11-20 10:56:49,518: DEBUG: GoGo-Total-Input-Voice-Gigawords: [0]
2013-11-20 10:56:49,518: DEBUG: GoGo-Total-Output-Octets: [5278643]
2013-11-20 10:56:49,520: DEBUG: GoGo-Acct-Input-Voice-Octets: [0]
2013-11-20 10:56:49,523: DEBUG: GoGo-Total-Input-Voice-Packets: [0]
2013-11-20 10:56:49,526: DEBUG: Called-Station-Id: [u'00:16:3E:2D:3E:85']
2013-11-20 10:56:49,527: DEBUG: WISPr-Location-Name: [u'TEST LLC,BA01_01009']
2013-11-20 10:56:49,527: DEBUG: NAS-Identifier: [u'C08386']
2013-11-20 10:56:49,530: DEBUG: Proxy-State: ['3330,3132']
2013-11-20 10:56:49,530: DEBUG: GoGo-Total-Input-Voice-Octets: [0]
2013-11-20 10:56:49,531: DEBUG: Acct-Status-Type: ['Interim-Update']
2013-11-20 10:56:49,532: DEBUG: GoGo-Total-Output-Voice-Gigawords: [0]
2013-11-20 10:56:49,533: DEBUG: GoGo-Airline: [u'BA01']
2013-11-20 10:56:49,534: DEBUG: Acct-Session-Id: [u'AAATestNAS_23-1384925199484-00163E2D3E85-2']
2013-11-20 10:56:49,535: DEBUG: Acct-Session-Time: [10]
2013-11-20 10:56:49,536: DEBUG: Acct-Input-Packets: [8726]
2013-11-20 10:56:49,539: DEBUG: Acct-Output-Packets: [9181]
2013-11-20 10:56:49,540: DEBUG: GoGo-Acct-Output-Voice-Packets: [0]
2013-11-20 10:56:49,542: DEBUG: GoGo-Acct-Output-Voice-Octets: [0]
2013-11-20 10:56:49,544: DEBUG: Acct-Output-Gigawords: [0]
2013-11-20 10:56:49,545: DEBUG: GoGo-Total-Output-Voice-Packets: [0]
2013-11-20 10:56:49,548: DEBUG: Acct-Input-Gigawords: [0]
2013-11-20 10:56:49,549: DEBUG: Calling-Station-Id: [u'16:21:31:41:51:83']
2013-11-20 10:56:49,550: DEBUG: NAS-Port-Type: ['Wireless-802.11']
2013-11-20 10:56:49,552: DEBUG: GoGo-Total-Output-Voice-Octets: [0]
2013-11-20 10:56:49,553: DEBUG: GoGo-Private-IP-Address: ['192.168.1.179']
2013-11-20 10:56:49,555: DEBUG: GoGo-Acct-Input-Voice-Gigawords: [0]
2013-11-20 10:56:49,557: DEBUG: GoGo-Total-Input-Packets: [8726]
2013-11-20 10:56:49,557: DEBUG: GoGo-Total-Input-Gigawords: [0]
2013-11-20 10:56:49,558: DEBUG: GoGo-Acct-Input-Voice-Packets: [0]
2013-11-20 10:56:49,558: DEBUG: GoGo-Total-Input-Octets: [3851129]
2013-11-20 10:56:49,559: DEBUG: GoGo-Total-Output-Packets: [9181]
2013-11-20 10:56:49,560: DEBUG: WISPr-Location-ID: [u'airline=BA01,tail=01009,network=']
2013-11-20 10:56:49,561: DEBUG: GoGo-Acct-Output-Voice-Gigawords: [0]
2013-11-20 10:56:49,562: DEBUG: Acct-Input-Octets: [3851129]
2013-11-20 10:56:49,565: DEBUG: 

2013-11-20 10:56:49,566: DEBUG: Received response with following attributes:
2013-11-20 10:56:59,568: DEBUG: 

2013-11-20 10:56:59,569: DEBUG: Creating Accounting Update Request with the following Attributes:
2013-11-20 10:56:59,569: DEBUG: User-Name: [u'username79@airborne.aircell.com']
2013-11-20 10:56:59,569: DEBUG: GoGo-Tail-Number: [u'AAATestNAS_23']
2013-11-20 10:56:59,569: DEBUG: Acct-Output-Octets: [8192668]
2013-11-20 10:56:59,569: DEBUG: NAS-IP-Address: ['10.254.28.1']
2013-11-20 10:56:59,570: DEBUG: GoGo-Total-Output-Gigawords: [0]
2013-11-20 10:56:59,570: DEBUG: Framed-IP-Address: ['10.254.28.28']
2013-11-20 10:56:59,570: DEBUG: GoGo-Total-Input-Voice-Gigawords: [0]
2013-11-20 10:56:59,570: DEBUG: GoGo-Total-Output-Octets: [8192668]
2013-11-20 10:56:59,570: DEBUG: GoGo-Acct-Input-Voice-Octets: [0]
2013-11-20 10:56:59,570: DEBUG: GoGo-Total-Input-Voice-Packets: [0]
2013-11-20 10:56:59,570: DEBUG: Called-Station-Id: [u'00:16:3E:2D:3E:85']
2013-11-20 10:56:59,570: DEBUG: WISPr-Location-Name: [u'TEST LLC,BA01_01009']
2013-11-20 10:56:59,570: DEBUG: NAS-Identifier: [u'C08386']
2013-11-20 10:56:59,571: DEBUG: Proxy-State: ['3330,3132']
2013-11-20 10:56:59,571: DEBUG: GoGo-Total-Input-Voice-Octets: [0]
2013-11-20 10:56:59,571: DEBUG: Acct-Status-Type: ['Interim-Update']
2013-11-20 10:56:59,571: DEBUG: GoGo-Total-Output-Voice-Gigawords: [0]
2013-11-20 10:56:59,571: DEBUG: GoGo-Airline: [u'BA01']
2013-11-20 10:56:59,571: DEBUG: Acct-Session-Id: [u'AAATestNAS_23-1384925199484-00163E2D3E85-2']
2013-11-20 10:56:59,571: DEBUG: Acct-Session-Time: [10]
2013-11-20 10:56:59,571: DEBUG: Acct-Input-Packets: [4503]
2013-11-20 10:56:59,571: DEBUG: Acct-Output-Packets: [20712]
2013-11-20 10:56:59,571: DEBUG: GoGo-Acct-Output-Voice-Packets: [0]
2013-11-20 10:56:59,572: DEBUG: GoGo-Acct-Output-Voice-Octets: [0]
2013-11-20 10:56:59,572: DEBUG: Acct-Output-Gigawords: [0]
2013-11-20 10:56:59,572: DEBUG: GoGo-Total-Output-Voice-Packets: [0]
2013-11-20 10:56:59,572: DEBUG: Acct-Input-Gigawords: [0]
2013-11-20 10:56:59,572: DEBUG: Calling-Station-Id: [u'16:21:31:41:51:83']
2013-11-20 10:56:59,572: DEBUG: NAS-Port-Type: ['Wireless-802.11']
2013-11-20 10:56:59,572: DEBUG: GoGo-Total-Output-Voice-Octets: [0]
2013-11-20 10:56:59,572: DEBUG: GoGo-Private-IP-Address: ['192.168.1.179']
2013-11-20 10:56:59,572: DEBUG: GoGo-Acct-Input-Voice-Gigawords: [0]
2013-11-20 10:56:59,572: DEBUG: GoGo-Total-Input-Packets: [4503]
2013-11-20 10:56:59,573: DEBUG: GoGo-Total-Input-Gigawords: [0]
2013-11-20 10:56:59,573: DEBUG: GoGo-Acct-Input-Voice-Packets: [0]
2013-11-20 10:56:59,573: DEBUG: GoGo-Total-Input-Octets: [1393831]
2013-11-20 10:56:59,573: DEBUG: GoGo-Total-Output-Packets: [20712]
2013-11-20 10:56:59,573: DEBUG: WISPr-Location-ID: [u'airline=BA01,tail=01009,network=']
2013-11-20 10:56:59,573: DEBUG: GoGo-Acct-Output-Voice-Gigawords: [0]
2013-11-20 10:56:59,573: DEBUG: Acct-Input-Octets: [1393831]
2013-11-20 10:56:59,575: DEBUG: 

2013-11-20 10:56:59,575: DEBUG: Received response with following attributes:
2013-11-20 10:57:09,575: DEBUG: 

2013-11-20 10:57:09,576: DEBUG: Creating Accounting Update Request with the following Attributes:
2013-11-20 10:57:09,577: DEBUG: User-Name: [u'username79@airborne.aircell.com']
2013-11-20 10:57:09,577: DEBUG: GoGo-Tail-Number: [u'AAATestNAS_23']
2013-11-20 10:57:09,577: DEBUG: Acct-Output-Octets: [3699366]
2013-11-20 10:57:09,578: DEBUG: NAS-IP-Address: ['10.254.28.1']
2013-11-20 10:57:09,578: DEBUG: GoGo-Total-Output-Gigawords: [0]
2013-11-20 10:57:09,578: DEBUG: Framed-IP-Address: ['10.254.28.28']
2013-11-20 10:57:09,579: DEBUG: GoGo-Total-Input-Voice-Gigawords: [0]
2013-11-20 10:57:09,580: DEBUG: GoGo-Total-Output-Octets: [3699366]
2013-11-20 10:57:09,580: DEBUG: GoGo-Acct-Input-Voice-Octets: [0]
2013-11-20 10:57:09,580: DEBUG: GoGo-Total-Input-Voice-Packets: [0]
2013-11-20 10:57:09,581: DEBUG: Called-Station-Id: [u'00:16:3E:2D:3E:85']
2013-11-20 10:57:09,581: DEBUG: WISPr-Location-Name: [u'TEST LLC,BA01_01009']
2013-11-20 10:57:09,581: DEBUG: NAS-Identifier: [u'C08386']
2013-11-20 10:57:09,581: DEBUG: Proxy-State: ['3330,3132']
2013-11-20 10:57:09,581: DEBUG: GoGo-Total-Input-Voice-Octets: [0]
2013-11-20 10:57:09,581: DEBUG: Acct-Status-Type: ['Interim-Update']
2013-11-20 10:57:09,581: DEBUG: GoGo-Total-Output-Voice-Gigawords: [0]
2013-11-20 10:57:09,581: DEBUG: GoGo-Airline: [u'BA01']
2013-11-20 10:57:09,582: DEBUG: Acct-Session-Id: [u'AAATestNAS_23-1384925199484-00163E2D3E85-2']
2013-11-20 10:57:09,582: DEBUG: Acct-Session-Time: [10]
2013-11-20 10:57:09,582: DEBUG: Acct-Input-Packets: [19339]
2013-11-20 10:57:09,582: DEBUG: Acct-Output-Packets: [26057]
2013-11-20 10:57:09,582: DEBUG: GoGo-Acct-Output-Voice-Packets: [0]
2013-11-20 10:57:09,582: DEBUG: GoGo-Acct-Output-Voice-Octets: [0]
2013-11-20 10:57:09,583: DEBUG: Acct-Output-Gigawords: [0]
2013-11-20 10:57:09,583: DEBUG: GoGo-Total-Output-Voice-Packets: [0]
2013-11-20 10:57:09,583: DEBUG: Acct-Input-Gigawords: [0]
2013-11-20 10:57:09,583: DEBUG: Calling-Station-Id: [u'16:21:31:41:51:83']
2013-11-20 10:57:09,583: DEBUG: NAS-Port-Type: ['Wireless-802.11']
2013-11-20 10:57:09,583: DEBUG: GoGo-Total-Output-Voice-Octets: [0]
2013-11-20 10:57:09,583: DEBUG: GoGo-Private-IP-Address: ['192.168.1.179']
2013-11-20 10:57:09,583: DEBUG: GoGo-Acct-Input-Voice-Gigawords: [0]
2013-11-20 10:57:09,583: DEBUG: GoGo-Total-Input-Packets: [19339]
2013-11-20 10:57:09,584: DEBUG: GoGo-Total-Input-Gigawords: [0]
2013-11-20 10:57:09,584: DEBUG: GoGo-Acct-Input-Voice-Packets: [0]
2013-11-20 10:57:09,584: DEBUG: GoGo-Total-Input-Octets: [2029060]
2013-11-20 10:57:09,584: DEBUG: GoGo-Total-Output-Packets: [26057]
2013-11-20 10:57:09,584: DEBUG: WISPr-Location-ID: [u'airline=BA01,tail=01009,network=']
2013-11-20 10:57:09,584: DEBUG: GoGo-Acct-Output-Voice-Gigawords: [0]
2013-11-20 10:57:09,584: DEBUG: Acct-Input-Octets: [2029060]
2013-11-20 10:57:09,586: DEBUG: 

2013-11-20 10:57:09,586: DEBUG: Received response with following attributes:
2013-11-20 10:57:19,589: DEBUG: 

2013-11-20 10:57:19,591: DEBUG: Creating Accounting Update Request with the following Attributes:
2013-11-20 10:57:19,591: DEBUG: User-Name: [u'username79@airborne.aircell.com']
2013-11-20 10:57:19,593: DEBUG: GoGo-Tail-Number: [u'AAATestNAS_23']
2013-11-20 10:57:19,594: DEBUG: Acct-Output-Octets: [6095731]
2013-11-20 10:57:19,595: DEBUG: NAS-IP-Address: ['10.254.28.1']
2013-11-20 10:57:19,597: DEBUG: GoGo-Total-Output-Gigawords: [0]
2013-11-20 10:57:19,600: DEBUG: Framed-IP-Address: ['10.254.28.28']
2013-11-20 10:57:19,602: DEBUG: GoGo-Total-Input-Voice-Gigawords: [0]
2013-11-20 10:57:19,604: DEBUG: GoGo-Total-Output-Octets: [6095731]
2013-11-20 10:57:19,606: DEBUG: GoGo-Acct-Input-Voice-Octets: [0]
2013-11-20 10:57:19,609: DEBUG: GoGo-Total-Input-Voice-Packets: [0]
2013-11-20 10:57:19,610: DEBUG: Called-Station-Id: [u'00:16:3E:2D:3E:85']
2013-11-20 10:57:19,613: DEBUG: WISPr-Location-Name: [u'TEST LLC,BA01_01009']
2013-11-20 10:57:19,614: DEBUG: NAS-Identifier: [u'C08386']
2013-11-20 10:57:19,616: DEBUG: Proxy-State: ['3330,3132']
2013-11-20 10:57:19,618: DEBUG: GoGo-Total-Input-Voice-Octets: [0]
2013-11-20 10:57:19,619: DEBUG: Acct-Status-Type: ['Interim-Update']
2013-11-20 10:57:19,619: DEBUG: GoGo-Total-Output-Voice-Gigawords: [0]
2013-11-20 10:57:19,620: DEBUG: GoGo-Airline: [u'BA01']
2013-11-20 10:57:19,622: DEBUG: Acct-Session-Id: [u'AAATestNAS_23-1384925199484-00163E2D3E85-2']
2013-11-20 10:57:19,625: DEBUG: Acct-Session-Time: [10]
2013-11-20 10:57:19,626: DEBUG: Acct-Input-Packets: [21967]
2013-11-20 10:57:19,628: DEBUG: Acct-Output-Packets: [33300]
2013-11-20 10:57:19,631: DEBUG: GoGo-Acct-Output-Voice-Packets: [0]
2013-11-20 10:57:19,633: DEBUG: GoGo-Acct-Output-Voice-Octets: [0]
2013-11-20 10:57:19,634: DEBUG: Acct-Output-Gigawords: [0]
2013-11-20 10:57:19,636: DEBUG: GoGo-Total-Output-Voice-Packets: [0]
2013-11-20 10:57:19,637: DEBUG: Acct-Input-Gigawords: [0]
2013-11-20 10:57:19,638: DEBUG: Calling-Station-Id: [u'16:21:31:41:51:83']
2013-11-20 10:57:19,639: DEBUG: NAS-Port-Type: ['Wireless-802.11']
2013-11-20 10:57:19,639: DEBUG: GoGo-Total-Output-Voice-Octets: [0]
2013-11-20 10:57:19,640: DEBUG: GoGo-Private-IP-Address: ['192.168.1.179']
2013-11-20 10:57:19,641: DEBUG: GoGo-Acct-Input-Voice-Gigawords: [0]
2013-11-20 10:57:19,643: DEBUG: GoGo-Total-Input-Packets: [21967]
2013-11-20 10:57:19,644: DEBUG: GoGo-Total-Input-Gigawords: [0]
2013-11-20 10:57:19,644: DEBUG: GoGo-Acct-Input-Voice-Packets: [0]
2013-11-20 10:57:19,645: DEBUG: GoGo-Total-Input-Octets: [7220715]
2013-11-20 10:57:19,647: DEBUG: GoGo-Total-Output-Packets: [33300]
2013-11-20 10:57:19,650: DEBUG: WISPr-Location-ID: [u'airline=BA01,tail=01009,network=']
2013-11-20 10:57:19,652: DEBUG: GoGo-Acct-Output-Voice-Gigawords: [0]
2013-11-20 10:57:19,652: DEBUG: Acct-Input-Octets: [7220715]
2013-11-20 10:57:19,656: DEBUG: 

2013-11-20 10:57:19,657: DEBUG: Received response with following attributes:
2013-11-20 10:57:29,659: DEBUG: 

2013-11-20 10:57:29,659: DEBUG: Creating Accounting Update Request with the following Attributes:
2013-11-20 10:57:29,660: DEBUG: User-Name: [u'username79@airborne.aircell.com']
2013-11-20 10:57:29,662: DEBUG: GoGo-Tail-Number: [u'AAATestNAS_23']
2013-11-20 10:57:29,663: DEBUG: Acct-Output-Octets: [8128115]
2013-11-20 10:57:29,663: DEBUG: NAS-IP-Address: ['10.254.28.1']
2013-11-20 10:57:29,664: DEBUG: GoGo-Total-Output-Gigawords: [0]
2013-11-20 10:57:29,664: DEBUG: Framed-IP-Address: ['10.254.28.28']
2013-11-20 10:57:29,665: DEBUG: GoGo-Total-Input-Voice-Gigawords: [0]
2013-11-20 10:57:29,665: DEBUG: GoGo-Total-Output-Octets: [8128115]
2013-11-20 10:57:29,666: DEBUG: GoGo-Acct-Input-Voice-Octets: [0]
2013-11-20 10:57:29,666: DEBUG: GoGo-Total-Input-Voice-Packets: [0]
2013-11-20 10:57:29,666: DEBUG: Called-Station-Id: [u'00:16:3E:2D:3E:85']
2013-11-20 10:57:29,667: DEBUG: WISPr-Location-Name: [u'TEST LLC,BA01_01009']
2013-11-20 10:57:29,667: DEBUG: NAS-Identifier: [u'C08386']
2013-11-20 10:57:29,668: DEBUG: Proxy-State: ['3330,3132']
2013-11-20 10:57:29,669: DEBUG: GoGo-Total-Input-Voice-Octets: [0]
2013-11-20 10:57:29,669: DEBUG: Acct-Status-Type: ['Interim-Update']
2013-11-20 10:57:29,669: DEBUG: GoGo-Total-Output-Voice-Gigawords: [0]
2013-11-20 10:57:29,670: DEBUG: GoGo-Airline: [u'BA01']
2013-11-20 10:57:29,670: DEBUG: Acct-Session-Id: [u'AAATestNAS_23-1384925199484-00163E2D3E85-2']
2013-11-20 10:57:29,670: DEBUG: Acct-Session-Time: [10]
2013-11-20 10:57:29,671: DEBUG: Acct-Input-Packets: [48798]
2013-11-20 10:57:29,671: DEBUG: Acct-Output-Packets: [32476]
2013-11-20 10:57:29,672: DEBUG: GoGo-Acct-Output-Voice-Packets: [0]
2013-11-20 10:57:29,672: DEBUG: GoGo-Acct-Output-Voice-Octets: [0]
2013-11-20 10:57:29,673: DEBUG: Acct-Output-Gigawords: [0]
2013-11-20 10:57:29,673: DEBUG: GoGo-Total-Output-Voice-Packets: [0]
2013-11-20 10:57:29,673: DEBUG: Acct-Input-Gigawords: [0]
2013-11-20 10:57:29,674: DEBUG: Calling-Station-Id: [u'16:21:31:41:51:83']
2013-11-20 10:57:29,674: DEBUG: NAS-Port-Type: ['Wireless-802.11']
2013-11-20 10:57:29,674: DEBUG: GoGo-Total-Output-Voice-Octets: [0]
2013-11-20 10:57:29,675: DEBUG: GoGo-Private-IP-Address: ['192.168.1.179']
2013-11-20 10:57:29,675: DEBUG: GoGo-Acct-Input-Voice-Gigawords: [0]
2013-11-20 10:57:29,675: DEBUG: GoGo-Total-Input-Packets: [48798]
2013-11-20 10:57:29,676: DEBUG: GoGo-Total-Input-Gigawords: [0]
2013-11-20 10:57:29,676: DEBUG: GoGo-Acct-Input-Voice-Packets: [0]
2013-11-20 10:57:29,676: DEBUG: GoGo-Total-Input-Octets: [6871204]
2013-11-20 10:57:29,677: DEBUG: GoGo-Total-Output-Packets: [32476]
2013-11-20 10:57:29,677: DEBUG: WISPr-Location-ID: [u'airline=BA01,tail=01009,network=']
2013-11-20 10:57:29,678: DEBUG: GoGo-Acct-Output-Voice-Gigawords: [0]
2013-11-20 10:57:29,678: DEBUG: Acct-Input-Octets: [6871204]
2013-11-20 10:57:29,681: DEBUG: 

2013-11-20 10:57:29,681: DEBUG: Received response with following attributes:
2013-11-20 10:57:39,682: DEBUG: 

2013-11-20 10:57:39,683: DEBUG: Creating Accounting Update Request with the following Attributes:
2013-11-20 10:57:39,683: DEBUG: User-Name: [u'username79@airborne.aircell.com']
2013-11-20 10:57:39,683: DEBUG: GoGo-Tail-Number: [u'AAATestNAS_23']
2013-11-20 10:57:39,683: DEBUG: Acct-Output-Octets: [5685438]
2013-11-20 10:57:39,683: DEBUG: NAS-IP-Address: ['10.254.28.1']
2013-11-20 10:57:39,684: DEBUG: GoGo-Total-Output-Gigawords: [0]
2013-11-20 10:57:39,685: DEBUG: Framed-IP-Address: ['10.254.28.28']
2013-11-20 10:57:39,685: DEBUG: GoGo-Total-Input-Voice-Gigawords: [0]
2013-11-20 10:57:39,685: DEBUG: GoGo-Total-Output-Octets: [5685438]
2013-11-20 10:57:39,686: DEBUG: GoGo-Acct-Input-Voice-Octets: [0]
2013-11-20 10:57:39,686: DEBUG: GoGo-Total-Input-Voice-Packets: [0]
2013-11-20 10:57:39,686: DEBUG: Called-Station-Id: [u'00:16:3E:2D:3E:85']
2013-11-20 10:57:39,686: DEBUG: WISPr-Location-Name: [u'TEST LLC,BA01_01009']
2013-11-20 10:57:39,687: DEBUG: NAS-Identifier: [u'C08386']
2013-11-20 10:57:39,687: DEBUG: Proxy-State: ['3330,3132']
2013-11-20 10:57:39,687: DEBUG: GoGo-Total-Input-Voice-Octets: [0]
2013-11-20 10:57:39,687: DEBUG: Acct-Status-Type: ['Interim-Update']
2013-11-20 10:57:39,688: DEBUG: GoGo-Total-Output-Voice-Gigawords: [0]
2013-11-20 10:57:39,688: DEBUG: GoGo-Airline: [u'BA01']
2013-11-20 10:57:39,688: DEBUG: Acct-Session-Id: [u'AAATestNAS_23-1384925199484-00163E2D3E85-2']
2013-11-20 10:57:39,688: DEBUG: Acct-Session-Time: [10]
2013-11-20 10:57:39,689: DEBUG: Acct-Input-Packets: [9665]
2013-11-20 10:57:39,689: DEBUG: Acct-Output-Packets: [20391]
2013-11-20 10:57:39,689: DEBUG: GoGo-Acct-Output-Voice-Packets: [0]
2013-11-20 10:57:39,690: DEBUG: GoGo-Acct-Output-Voice-Octets: [0]
2013-11-20 10:57:39,691: DEBUG: Acct-Output-Gigawords: [0]
2013-11-20 10:57:39,691: DEBUG: GoGo-Total-Output-Voice-Packets: [0]
2013-11-20 10:57:39,691: DEBUG: Acct-Input-Gigawords: [0]
2013-11-20 10:57:39,692: DEBUG: Calling-Station-Id: [u'16:21:31:41:51:83']
2013-11-20 10:57:39,692: DEBUG: NAS-Port-Type: ['Wireless-802.11']
2013-11-20 10:57:39,692: DEBUG: GoGo-Total-Output-Voice-Octets: [0]
2013-11-20 10:57:39,693: DEBUG: GoGo-Private-IP-Address: ['192.168.1.179']
2013-11-20 10:57:39,693: DEBUG: GoGo-Acct-Input-Voice-Gigawords: [0]
2013-11-20 10:57:39,694: DEBUG: GoGo-Total-Input-Packets: [9665]
2013-11-20 10:57:39,694: DEBUG: GoGo-Total-Input-Gigawords: [0]
2013-11-20 10:57:39,695: DEBUG: GoGo-Acct-Input-Voice-Packets: [0]
2013-11-20 10:57:39,696: DEBUG: GoGo-Total-Input-Octets: [6881724]
2013-11-20 10:57:39,697: DEBUG: GoGo-Total-Output-Packets: [20391]
2013-11-20 10:57:39,697: DEBUG: WISPr-Location-ID: [u'airline=BA01,tail=01009,network=']
2013-11-20 10:57:39,697: DEBUG: GoGo-Acct-Output-Voice-Gigawords: [0]
2013-11-20 10:57:39,698: DEBUG: Acct-Input-Octets: [6881724]
2013-11-20 10:57:39,699: ERROR: Network error, Reason: 'Network error: Too many open files'
2013-11-20 10:57:49,700: DEBUG: 

2013-11-20 10:57:49,701: DEBUG: Creating Accounting Update Request with the following Attributes:
2013-11-20 10:57:49,701: DEBUG: User-Name: [u'username79@airborne.aircell.com']
2013-11-20 10:57:49,702: DEBUG: GoGo-Tail-Number: [u'AAATestNAS_23']
2013-11-20 10:57:49,702: DEBUG: Acct-Output-Octets: [8172307]
2013-11-20 10:57:49,702: DEBUG: NAS-IP-Address: ['10.254.28.1']
2013-11-20 10:57:49,703: DEBUG: GoGo-Total-Output-Gigawords: [0]
2013-11-20 10:57:49,703: DEBUG: Framed-IP-Address: ['10.254.28.28']
2013-11-20 10:57:49,703: DEBUG: GoGo-Total-Input-Voice-Gigawords: [0]
2013-11-20 10:57:49,703: DEBUG: GoGo-Total-Output-Octets: [8172307]
2013-11-20 10:57:49,704: DEBUG: GoGo-Acct-Input-Voice-Octets: [0]
2013-11-20 10:57:49,704: DEBUG: GoGo-Total-Input-Voice-Packets: [0]
2013-11-20 10:57:49,704: DEBUG: Called-Station-Id: [u'00:16:3E:2D:3E:85']
2013-11-20 10:57:49,705: DEBUG: WISPr-Location-Name: [u'TEST LLC,BA01_01009']
2013-11-20 10:57:49,705: DEBUG: NAS-Identifier: [u'C08386']
2013-11-20 10:57:49,705: DEBUG: Proxy-State: ['3330,3132']
2013-11-20 10:57:49,705: DEBUG: GoGo-Total-Input-Voice-Octets: [0]
2013-11-20 10:57:49,706: DEBUG: Acct-Status-Type: ['Interim-Update']
2013-11-20 10:57:49,706: DEBUG: GoGo-Total-Output-Voice-Gigawords: [0]
2013-11-20 10:57:49,706: DEBUG: GoGo-Airline: [u'BA01']
2013-11-20 10:57:49,707: DEBUG: Acct-Session-Id: [u'AAATestNAS_23-1384925199484-00163E2D3E85-2']
2013-11-20 10:57:49,707: DEBUG: Acct-Session-Time: [10]
2013-11-20 10:57:49,707: DEBUG: Acct-Input-Packets: [10205]
2013-11-20 10:57:49,707: DEBUG: Acct-Output-Packets: [23220]
2013-11-20 10:57:49,707: DEBUG: GoGo-Acct-Output-Voice-Packets: [0]
2013-11-20 10:57:49,708: DEBUG: GoGo-Acct-Output-Voice-Octets: [0]
2013-11-20 10:57:49,708: DEBUG: Acct-Output-Gigawords: [0]
2013-11-20 10:57:49,708: DEBUG: GoGo-Total-Output-Voice-Packets: [0]
2013-11-20 10:57:49,709: DEBUG: Acct-Input-Gigawords: [0]
2013-11-20 10:57:49,709: DEBUG: Calling-Station-Id: [u'16:21:31:41:51:83']
2013-11-20 10:57:49,709: DEBUG: NAS-Port-Type: ['Wireless-802.11']
2013-11-20 10:57:49,709: DEBUG: GoGo-Total-Output-Voice-Octets: [0]
2013-11-20 10:57:49,709: DEBUG: GoGo-Private-IP-Address: ['192.168.1.179']
2013-11-20 10:57:49,709: DEBUG: GoGo-Acct-Input-Voice-Gigawords: [0]
2013-11-20 10:57:49,709: DEBUG: GoGo-Total-Input-Packets: [10205]
2013-11-20 10:57:49,710: DEBUG: GoGo-Total-Input-Gigawords: [0]
2013-11-20 10:57:49,710: DEBUG: GoGo-Acct-Input-Voice-Packets: [0]
2013-11-20 10:57:49,710: DEBUG: GoGo-Total-Input-Octets: [1785864]
2013-11-20 10:57:49,710: DEBUG: GoGo-Total-Output-Packets: [23220]
2013-11-20 10:57:49,710: DEBUG: WISPr-Location-ID: [u'airline=BA01,tail=01009,network=']
2013-11-20 10:57:49,710: DEBUG: GoGo-Acct-Output-Voice-Gigawords: [0]
2013-11-20 10:57:49,710: DEBUG: Acct-Input-Octets: [1785864]
2013-11-20 10:57:49,710: ERROR: Network error, Reason: 'Network error: Too many open files'
2013-11-20 10:58:16,711: DEBUG: 

2013-11-20 10:58:16,712: DEBUG: Creating Accounting Stop Request with the following Attributes:
2013-11-20 10:58:16,712: DEBUG: User-Name: [u'username79@airborne.aircell.com']
2013-11-20 10:58:16,712: DEBUG: GoGo-Tail-Number: [u'01009']
2013-11-20 10:58:16,712: DEBUG: Acct-Output-Octets: [1198434]
2013-11-20 10:58:16,712: DEBUG: NAS-IP-Address: ['10.254.28.1']
2013-11-20 10:58:16,712: DEBUG: GoGo-Total-Output-Gigawords: [0]
2013-11-20 10:58:16,712: DEBUG: Framed-IP-Address: ['10.254.28.28']
2013-11-20 10:58:16,712: DEBUG: GoGo-Total-Input-Voice-Gigawords: [0]
2013-11-20 10:58:16,713: DEBUG: GoGo-Total-Output-Octets: [1198434]
2013-11-20 10:58:16,713: DEBUG: GoGo-Acct-Input-Voice-Octets: [0]
2013-11-20 10:58:16,713: DEBUG: GoGo-Total-Input-Voice-Packets: [0]
2013-11-20 10:58:16,713: DEBUG: Called-Station-Id: [u'00:16:3E:2D:3E:85']
2013-11-20 10:58:16,713: DEBUG: WISPr-Location-Name: [u'TEST LLC,BA01_01009']
2013-11-20 10:58:16,713: DEBUG: NAS-Identifier: [u'C08386']
2013-11-20 10:58:16,713: DEBUG: Proxy-State: ['3330,3132']
2013-11-20 10:58:16,713: DEBUG: GoGo-Total-Input-Voice-Octets: [0]
2013-11-20 10:58:16,713: DEBUG: Acct-Status-Type: ['Stop']
2013-11-20 10:58:16,714: DEBUG: GoGo-Total-Output-Voice-Gigawords: [0]
2013-11-20 10:58:16,714: DEBUG: GoGo-Airline: [u'BA01']
2013-11-20 10:58:16,714: DEBUG: Acct-Session-Id: [u'AAATestNAS_23-1384925199484-00163E2D3E85-2']
2013-11-20 10:58:16,714: DEBUG: Acct-Session-Time: [27]
2013-11-20 10:58:16,714: DEBUG: Acct-Input-Packets: [18188]
2013-11-20 10:58:16,714: DEBUG: Acct-Output-Packets: [1830]
2013-11-20 10:58:16,714: DEBUG: Acct-Terminate-Cause: ['User-Request']
2013-11-20 10:58:16,714: DEBUG: GoGo-Acct-Output-Voice-Octets: [0]
2013-11-20 10:58:16,714: DEBUG: Acct-Output-Gigawords: [0]
2013-11-20 10:58:16,714: DEBUG: GoGo-Total-Output-Voice-Packets: [0]
2013-11-20 10:58:16,715: DEBUG: Acct-Input-Gigawords: [0]
2013-11-20 10:58:16,715: DEBUG: Calling-Station-Id: [u'16:21:31:41:51:83']
2013-11-20 10:58:16,715: DEBUG: NAS-Port-Type: ['Wireless-802.11']
2013-11-20 10:58:16,715: DEBUG: GoGo-Total-Output-Voice-Octets: [0]
2013-11-20 10:58:16,715: DEBUG: GoGo-Private-IP-Address: ['192.168.1.179']
2013-11-20 10:58:16,715: DEBUG: GoGo-Acct-Input-Voice-Gigawords: [0]
2013-11-20 10:58:16,715: DEBUG: GoGo-Total-Input-Packets: [18188]
2013-11-20 10:58:16,715: DEBUG: GoGo-Total-Input-Gigawords: [0]
2013-11-20 10:58:16,715: DEBUG: GoGo-Acct-Input-Voice-Packets: [0]
2013-11-20 10:58:16,716: DEBUG: GoGo-Total-Input-Octets: [1827112]
2013-11-20 10:58:16,716: DEBUG: GoGo-Total-Output-Packets: [1830]
2013-11-20 10:58:16,716: DEBUG: WISPr-Location-ID: [u'airline=BA01,tail=01009,network=']
2013-11-20 10:58:16,716: DEBUG: GoGo-Acct-Output-Voice-Packets: [0]
2013-11-20 10:58:16,716: DEBUG: GoGo-Acct-Output-Voice-Gigawords: [0]
2013-11-20 10:58:16,716: DEBUG: Acct-Input-Octets: [1827112]
2013-11-20 10:58:16,716: ERROR: Network error, Reason: 'Network error: nodename nor servname provided, or not known'
2013-11-20 10:58:16,717: ERROR: Ending the test for this user
2013-11-20 10:58:16,717: DEBUG: Ending the test for this user
