2013-11-20 10:56:22,460: DEBUG: Starting the client for the user username84@airborne.aircell.com to the server localhost

2013-11-20 10:56:22,463: DEBUG: DURATION of the TEST: 84
2013-11-20 10:56:22,463: DEBUG: NAS-IP: 10.254.114.1
2013-11-20 10:56:22,464: DEBUG: NAS-MAC-ADDR: 17:21:31:41:52:79
2013-11-20 10:56:22,464: DEBUG: Abruptly End: False
2013-11-20 10:56:22,464: DEBUG: Framed-IP: 10.254.114.81
2013-11-20 10:56:22,464: DEBUG: User-MAC-Addr: 00:16:3E:2A:5D:DF
2013-11-20 10:56:22,467: DEBUG: 

2013-11-20 10:56:22,468: DEBUG: Creating Authentication Request with the following Attributes:
2013-11-20 10:56:22,468: DEBUG: NAS-Identifier: [u'C08386']
2013-11-20 10:56:22,470: DEBUG: User-Name: [u'username84@airborne.aircell.com']
2013-11-20 10:56:22,470: DEBUG: NAS-IP-Address: ['10.254.114.1']
2013-11-20 10:56:22,471: DEBUG: Service-Type: ['Authenticate-Only']
2013-11-20 10:56:22,472: DEBUG: Proxy-State: ['3237,3134']
2013-11-20 10:56:22,472: DEBUG: Framed-IP-Address: ['10.254.114.81']
2013-11-20 10:56:22,472: DEBUG: GoGo-Airline: [u'BA01']
2013-11-20 10:56:22,473: DEBUG: Acct-Session-Id: [u'AAATestNAS_109-1384925182468-00163E2A5DDF-1']
2013-11-20 10:56:22,473: DEBUG: GoGo-Tail-Number: [u'AAATestNAS_109']
2013-11-20 10:56:22,474: DEBUG: GoGo-Private-IP-Address: ['192.168.1.179']
2013-11-20 10:56:22,475: DEBUG: WISPr-Location-ID: [u'airline=BA01,tail=01009,network=']
2013-11-20 10:56:22,476: DEBUG: WISPr-Location-Name: [u'TEST LLC,BA01_01009']
2013-11-20 10:56:22,476: DEBUG: NAS-Port-Type: ['Wireless-802.11']
2013-11-20 10:56:22,476: DEBUG: Called-Station-Id: [u'00:16:3E:2A:5D:DF']
2013-11-20 10:56:22,477: DEBUG: Calling-Station-Id: [u'17:21:31:41:52:79']
2013-11-20 10:56:22,479: DEBUG: 

2013-11-20 10:56:22,479: DEBUG: Received response with code: 2, Accepted
2013-11-20 10:56:22,480: DEBUG: Creating Authentication Request with the following Attributes:
2013-11-20 10:56:22,480: DEBUG: NAS-Identifier: [u'C08386']
2013-11-20 10:56:22,481: DEBUG: User-Name: [u'username84@airborne.aircell.com']
2013-11-20 10:56:22,481: DEBUG: NAS-IP-Address: ['10.254.114.1']
2013-11-20 10:56:22,482: DEBUG: Service-Type: ['Login-User']
2013-11-20 10:56:22,482: DEBUG: Proxy-State: ['3237,3134']
2013-11-20 10:56:22,482: DEBUG: Framed-IP-Address: ['10.254.114.81']
2013-11-20 10:56:22,483: DEBUG: GoGo-Airline: [u'BA01']
2013-11-20 10:56:22,484: DEBUG: Acct-Session-Id: [u'AAATestNAS_109-1384925182480-00163E2A5DDF-1']
2013-11-20 10:56:22,484: DEBUG: GoGo-Tail-Number: [u'AAATestNAS_109']
2013-11-20 10:56:22,485: DEBUG: GoGo-Private-IP-Address: ['192.168.1.179']
2013-11-20 10:56:22,485: DEBUG: WISPr-Location-ID: [u'airline=BA01,tail=01009,network=']
2013-11-20 10:56:22,486: DEBUG: WISPr-Location-Name: [u'TEST LLC,BA01_01009']
2013-11-20 10:56:22,486: DEBUG: NAS-Port-Type: ['Wireless-802.11']
2013-11-20 10:56:22,486: DEBUG: Called-Station-Id: [u'00:16:3E:2A:5D:DF']
2013-11-20 10:56:22,487: DEBUG: Calling-Station-Id: [u'17:21:31:41:52:79']
2013-11-20 10:56:22,488: DEBUG: 

2013-11-20 10:56:22,489: DEBUG: Received response with code: 2, Accepted
2013-11-20 10:56:22,489: DEBUG: 

2013-11-20 10:56:22,490: DEBUG: Creating Accounting start Request with the following Attributes:
2013-11-20 10:56:22,490: DEBUG: NAS-Identifier: [u'C08386']
2013-11-20 10:56:22,491: DEBUG: User-Name: [u'username84@airborne.aircell.com']
2013-11-20 10:56:22,491: DEBUG: GoGo-Tail-Number: [u'AAATestNAS_109']
2013-11-20 10:56:22,491: DEBUG: NAS-IP-Address: ['10.254.114.1']
2013-11-20 10:56:22,492: DEBUG: Proxy-State: ['3239,3131']
2013-11-20 10:56:22,492: DEBUG: Acct-Status-Type: ['Start']
2013-11-20 10:56:22,492: DEBUG: GoGo-Airline: [u'BA01']
2013-11-20 10:56:22,493: DEBUG: Acct-Session-Id: [u'AAATestNAS_109-1384925182480-00163E2A5DDF-1']
2013-11-20 10:56:22,493: DEBUG: GoGo-Private-IP-Address: ['192.168.1.179']
2013-11-20 10:56:22,494: DEBUG: Framed-IP-Address: ['10.254.114.81']
2013-11-20 10:56:22,495: DEBUG: WISPr-Location-ID: [u'airline=BA01,tail=01009,network=']
2013-11-20 10:56:22,495: DEBUG: WISPr-Location-Name: [u'TEST LLC,BA01_01009']
2013-11-20 10:56:22,496: DEBUG: NAS-Port-Type: ['Wireless-802.11']
2013-11-20 10:56:22,496: DEBUG: Called-Station-Id: [u'00:16:3E:2A:5D:DF']
2013-11-20 10:56:22,496: DEBUG: Calling-Station-Id: [u'17:21:31:41:52:79']
2013-11-20 10:56:22,498: DEBUG: 

2013-11-20 10:56:22,498: DEBUG: Received response with following attributes:
2013-11-20 10:56:32,499: DEBUG: 

2013-11-20 10:56:32,500: DEBUG: Creating Accounting Update Request with the following Attributes:
2013-11-20 10:56:32,501: DEBUG: User-Name: [u'username84@airborne.aircell.com']
2013-11-20 10:56:32,501: DEBUG: GoGo-Tail-Number: [u'AAATestNAS_109']
2013-11-20 10:56:32,502: DEBUG: Acct-Output-Octets: [7024691]
2013-11-20 10:56:32,502: DEBUG: NAS-IP-Address: ['10.254.114.1']
2013-11-20 10:56:32,502: DEBUG: GoGo-Total-Output-Gigawords: [0]
2013-11-20 10:56:32,502: DEBUG: Framed-IP-Address: ['10.254.114.81']
2013-11-20 10:56:32,503: DEBUG: GoGo-Total-Input-Voice-Gigawords: [0]
2013-11-20 10:56:32,503: DEBUG: GoGo-Total-Output-Octets: [7024691]
2013-11-20 10:56:32,504: DEBUG: GoGo-Acct-Input-Voice-Octets: [0]
2013-11-20 10:56:32,505: DEBUG: GoGo-Total-Input-Voice-Packets: [0]
2013-11-20 10:56:32,505: DEBUG: Called-Station-Id: [u'00:16:3E:2A:5D:DF']
2013-11-20 10:56:32,506: DEBUG: WISPr-Location-Name: [u'TEST LLC,BA01_01009']
2013-11-20 10:56:32,507: DEBUG: NAS-Identifier: [u'C08386']
2013-11-20 10:56:32,508: DEBUG: Proxy-State: ['3330,3132']
2013-11-20 10:56:32,509: DEBUG: GoGo-Total-Input-Voice-Octets: [0]
2013-11-20 10:56:32,509: DEBUG: Acct-Status-Type: ['Interim-Update']
2013-11-20 10:56:32,510: DEBUG: GoGo-Total-Output-Voice-Gigawords: [0]
2013-11-20 10:56:32,511: DEBUG: GoGo-Airline: [u'BA01']
2013-11-20 10:56:32,512: DEBUG: Acct-Session-Id: [u'AAATestNAS_109-1384925182480-00163E2A5DDF-1']
2013-11-20 10:56:32,512: DEBUG: Acct-Session-Time: [10]
2013-11-20 10:56:32,513: DEBUG: Acct-Input-Packets: [29189]
2013-11-20 10:56:32,514: DEBUG: Acct-Output-Packets: [61125]
2013-11-20 10:56:32,514: DEBUG: GoGo-Acct-Output-Voice-Packets: [0]
2013-11-20 10:56:32,515: DEBUG: GoGo-Acct-Output-Voice-Octets: [0]
2013-11-20 10:56:32,515: DEBUG: Acct-Output-Gigawords: [0]
2013-11-20 10:56:32,516: DEBUG: GoGo-Total-Output-Voice-Packets: [0]
2013-11-20 10:56:32,516: DEBUG: Acct-Input-Gigawords: [0]
2013-11-20 10:56:32,517: DEBUG: Calling-Station-Id: [u'17:21:31:41:52:79']
2013-11-20 10:56:32,518: DEBUG: NAS-Port-Type: ['Wireless-802.11']
2013-11-20 10:56:32,518: DEBUG: GoGo-Total-Output-Voice-Octets: [0]
2013-11-20 10:56:32,519: DEBUG: GoGo-Private-IP-Address: ['192.168.1.179']
2013-11-20 10:56:32,520: DEBUG: GoGo-Acct-Input-Voice-Gigawords: [0]
2013-11-20 10:56:32,521: DEBUG: GoGo-Total-Input-Packets: [29189]
2013-11-20 10:56:32,522: DEBUG: GoGo-Total-Input-Gigawords: [0]
2013-11-20 10:56:32,523: DEBUG: GoGo-Acct-Input-Voice-Packets: [0]
2013-11-20 10:56:32,523: DEBUG: GoGo-Total-Input-Octets: [3727520]
2013-11-20 10:56:32,524: DEBUG: GoGo-Total-Output-Packets: [61125]
2013-11-20 10:56:32,524: DEBUG: WISPr-Location-ID: [u'airline=BA01,tail=01009,network=']
2013-11-20 10:56:32,524: DEBUG: GoGo-Acct-Output-Voice-Gigawords: [0]
2013-11-20 10:56:32,524: DEBUG: Acct-Input-Octets: [3727520]
2013-11-20 10:56:32,526: DEBUG: 

2013-11-20 10:56:32,526: DEBUG: Received response with following attributes:
2013-11-20 10:56:42,527: DEBUG: 

2013-11-20 10:56:42,528: DEBUG: Creating Accounting Update Request with the following Attributes:
2013-11-20 10:56:42,528: DEBUG: User-Name: [u'username84@airborne.aircell.com']
2013-11-20 10:56:42,529: DEBUG: GoGo-Tail-Number: [u'AAATestNAS_109']
2013-11-20 10:56:42,530: DEBUG: Acct-Output-Octets: [6681953]
2013-11-20 10:56:42,530: DEBUG: NAS-IP-Address: ['10.254.114.1']
2013-11-20 10:56:42,530: DEBUG: GoGo-Total-Output-Gigawords: [0]
2013-11-20 10:56:42,531: DEBUG: Framed-IP-Address: ['10.254.114.81']
2013-11-20 10:56:42,531: DEBUG: GoGo-Total-Input-Voice-Gigawords: [0]
2013-11-20 10:56:42,532: DEBUG: GoGo-Total-Output-Octets: [6681953]
2013-11-20 10:56:42,532: DEBUG: GoGo-Acct-Input-Voice-Octets: [0]
2013-11-20 10:56:42,533: DEBUG: GoGo-Total-Input-Voice-Packets: [0]
2013-11-20 10:56:42,533: DEBUG: Called-Station-Id: [u'00:16:3E:2A:5D:DF']
2013-11-20 10:56:42,533: DEBUG: WISPr-Location-Name: [u'TEST LLC,BA01_01009']
2013-11-20 10:56:42,534: DEBUG: NAS-Identifier: [u'C08386']
2013-11-20 10:56:42,534: DEBUG: Proxy-State: ['3330,3132']
2013-11-20 10:56:42,535: DEBUG: GoGo-Total-Input-Voice-Octets: [0]
2013-11-20 10:56:42,535: DEBUG: Acct-Status-Type: ['Interim-Update']
2013-11-20 10:56:42,535: DEBUG: GoGo-Total-Output-Voice-Gigawords: [0]
2013-11-20 10:56:42,536: DEBUG: GoGo-Airline: [u'BA01']
2013-11-20 10:56:42,536: DEBUG: Acct-Session-Id: [u'AAATestNAS_109-1384925182480-00163E2A5DDF-1']
2013-11-20 10:56:42,536: DEBUG: Acct-Session-Time: [10]
2013-11-20 10:56:42,536: DEBUG: Acct-Input-Packets: [4967]
2013-11-20 10:56:42,537: DEBUG: Acct-Output-Packets: [52391]
2013-11-20 10:56:42,537: DEBUG: GoGo-Acct-Output-Voice-Packets: [0]
2013-11-20 10:56:42,537: DEBUG: GoGo-Acct-Output-Voice-Octets: [0]
2013-11-20 10:56:42,537: DEBUG: Acct-Output-Gigawords: [0]
2013-11-20 10:56:42,538: DEBUG: GoGo-Total-Output-Voice-Packets: [0]
2013-11-20 10:56:42,538: DEBUG: Acct-Input-Gigawords: [0]
2013-11-20 10:56:42,538: DEBUG: Calling-Station-Id: [u'17:21:31:41:52:79']
2013-11-20 10:56:42,539: DEBUG: NAS-Port-Type: ['Wireless-802.11']
2013-11-20 10:56:42,539: DEBUG: GoGo-Total-Output-Voice-Octets: [0]
2013-11-20 10:56:42,539: DEBUG: GoGo-Private-IP-Address: ['192.168.1.179']
2013-11-20 10:56:42,539: DEBUG: GoGo-Acct-Input-Voice-Gigawords: [0]
2013-11-20 10:56:42,540: DEBUG: GoGo-Total-Input-Packets: [4967]
2013-11-20 10:56:42,540: DEBUG: GoGo-Total-Input-Gigawords: [0]
2013-11-20 10:56:42,540: DEBUG: GoGo-Acct-Input-Voice-Packets: [0]
2013-11-20 10:56:42,540: DEBUG: GoGo-Total-Input-Octets: [3259727]
2013-11-20 10:56:42,541: DEBUG: GoGo-Total-Output-Packets: [52391]
2013-11-20 10:56:42,541: DEBUG: WISPr-Location-ID: [u'airline=BA01,tail=01009,network=']
2013-11-20 10:56:42,541: DEBUG: GoGo-Acct-Output-Voice-Gigawords: [0]
2013-11-20 10:56:42,542: DEBUG: Acct-Input-Octets: [3259727]
2013-11-20 10:56:42,545: DEBUG: 

2013-11-20 10:56:42,545: DEBUG: Received response with following attributes:
2013-11-20 10:56:52,546: DEBUG: 

2013-11-20 10:56:52,546: DEBUG: Creating Accounting Update Request with the following Attributes:
2013-11-20 10:56:52,547: DEBUG: User-Name: [u'username84@airborne.aircell.com']
2013-11-20 10:56:52,547: DEBUG: GoGo-Tail-Number: [u'AAATestNAS_109']
2013-11-20 10:56:52,547: DEBUG: Acct-Output-Octets: [5762715]
2013-11-20 10:56:52,548: DEBUG: NAS-IP-Address: ['10.254.114.1']
2013-11-20 10:56:52,548: DEBUG: GoGo-Total-Output-Gigawords: [0]
2013-11-20 10:56:52,548: DEBUG: Framed-IP-Address: ['10.254.114.81']
2013-11-20 10:56:52,548: DEBUG: GoGo-Total-Input-Voice-Gigawords: [0]
2013-11-20 10:56:52,549: DEBUG: GoGo-Total-Output-Octets: [5762715]
2013-11-20 10:56:52,549: DEBUG: GoGo-Acct-Input-Voice-Octets: [0]
2013-11-20 10:56:52,549: DEBUG: GoGo-Total-Input-Voice-Packets: [0]
2013-11-20 10:56:52,550: DEBUG: Called-Station-Id: [u'00:16:3E:2A:5D:DF']
2013-11-20 10:56:52,550: DEBUG: WISPr-Location-Name: [u'TEST LLC,BA01_01009']
2013-11-20 10:56:52,550: DEBUG: NAS-Identifier: [u'C08386']
2013-11-20 10:56:52,550: DEBUG: Proxy-State: ['3330,3132']
2013-11-20 10:56:52,551: DEBUG: GoGo-Total-Input-Voice-Octets: [0]
2013-11-20 10:56:52,551: DEBUG: Acct-Status-Type: ['Interim-Update']
2013-11-20 10:56:52,552: DEBUG: GoGo-Total-Output-Voice-Gigawords: [0]
2013-11-20 10:56:52,552: DEBUG: GoGo-Airline: [u'BA01']
2013-11-20 10:56:52,552: DEBUG: Acct-Session-Id: [u'AAATestNAS_109-1384925182480-00163E2A5DDF-1']
2013-11-20 10:56:52,553: DEBUG: Acct-Session-Time: [10]
2013-11-20 10:56:52,553: DEBUG: Acct-Input-Packets: [16667]
2013-11-20 10:56:52,553: DEBUG: Acct-Output-Packets: [39117]
2013-11-20 10:56:52,554: DEBUG: GoGo-Acct-Output-Voice-Packets: [0]
2013-11-20 10:56:52,554: DEBUG: GoGo-Acct-Output-Voice-Octets: [0]
2013-11-20 10:56:52,554: DEBUG: Acct-Output-Gigawords: [0]
2013-11-20 10:56:52,555: DEBUG: GoGo-Total-Output-Voice-Packets: [0]
2013-11-20 10:56:52,555: DEBUG: Acct-Input-Gigawords: [0]
2013-11-20 10:56:52,555: DEBUG: Calling-Station-Id: [u'17:21:31:41:52:79']
2013-11-20 10:56:52,556: DEBUG: NAS-Port-Type: ['Wireless-802.11']
2013-11-20 10:56:52,556: DEBUG: GoGo-Total-Output-Voice-Octets: [0]
2013-11-20 10:56:52,556: DEBUG: GoGo-Private-IP-Address: ['192.168.1.179']
2013-11-20 10:56:52,557: DEBUG: GoGo-Acct-Input-Voice-Gigawords: [0]
2013-11-20 10:56:52,557: DEBUG: GoGo-Total-Input-Packets: [16667]
2013-11-20 10:56:52,557: DEBUG: GoGo-Total-Input-Gigawords: [0]
2013-11-20 10:56:52,557: DEBUG: GoGo-Acct-Input-Voice-Packets: [0]
2013-11-20 10:56:52,558: DEBUG: GoGo-Total-Input-Octets: [5804630]
2013-11-20 10:56:52,558: DEBUG: GoGo-Total-Output-Packets: [39117]
2013-11-20 10:56:52,558: DEBUG: WISPr-Location-ID: [u'airline=BA01,tail=01009,network=']
2013-11-20 10:56:52,559: DEBUG: GoGo-Acct-Output-Voice-Gigawords: [0]
2013-11-20 10:56:52,559: DEBUG: Acct-Input-Octets: [5804630]
2013-11-20 10:56:52,562: DEBUG: 

2013-11-20 10:56:52,563: DEBUG: Received response with following attributes:
2013-11-20 10:57:02,564: DEBUG: 

2013-11-20 10:57:02,565: DEBUG: Creating Accounting Update Request with the following Attributes:
2013-11-20 10:57:02,565: DEBUG: User-Name: [u'username84@airborne.aircell.com']
2013-11-20 10:57:02,565: DEBUG: GoGo-Tail-Number: [u'AAATestNAS_109']
2013-11-20 10:57:02,565: DEBUG: Acct-Output-Octets: [8681639]
2013-11-20 10:57:02,566: DEBUG: NAS-IP-Address: ['10.254.114.1']
2013-11-20 10:57:02,566: DEBUG: GoGo-Total-Output-Gigawords: [0]
2013-11-20 10:57:02,566: DEBUG: Framed-IP-Address: ['10.254.114.81']
2013-11-20 10:57:02,566: DEBUG: GoGo-Total-Input-Voice-Gigawords: [0]
2013-11-20 10:57:02,566: DEBUG: GoGo-Total-Output-Octets: [8681639]
2013-11-20 10:57:02,566: DEBUG: GoGo-Acct-Input-Voice-Octets: [0]
2013-11-20 10:57:02,566: DEBUG: GoGo-Total-Input-Voice-Packets: [0]
2013-11-20 10:57:02,566: DEBUG: Called-Station-Id: [u'00:16:3E:2A:5D:DF']
2013-11-20 10:57:02,566: DEBUG: WISPr-Location-Name: [u'TEST LLC,BA01_01009']
2013-11-20 10:57:02,567: DEBUG: NAS-Identifier: [u'C08386']
2013-11-20 10:57:02,567: DEBUG: Proxy-State: ['3330,3132']
2013-11-20 10:57:02,567: DEBUG: GoGo-Total-Input-Voice-Octets: [0]
2013-11-20 10:57:02,567: DEBUG: Acct-Status-Type: ['Interim-Update']
2013-11-20 10:57:02,567: DEBUG: GoGo-Total-Output-Voice-Gigawords: [0]
2013-11-20 10:57:02,567: DEBUG: GoGo-Airline: [u'BA01']
2013-11-20 10:57:02,567: DEBUG: Acct-Session-Id: [u'AAATestNAS_109-1384925182480-00163E2A5DDF-1']
2013-11-20 10:57:02,567: DEBUG: Acct-Session-Time: [10]
2013-11-20 10:57:02,567: DEBUG: Acct-Input-Packets: [4249]
2013-11-20 10:57:02,567: DEBUG: Acct-Output-Packets: [19577]
2013-11-20 10:57:02,568: DEBUG: GoGo-Acct-Output-Voice-Packets: [0]
2013-11-20 10:57:02,568: DEBUG: GoGo-Acct-Output-Voice-Octets: [0]
2013-11-20 10:57:02,568: DEBUG: Acct-Output-Gigawords: [0]
2013-11-20 10:57:02,568: DEBUG: GoGo-Total-Output-Voice-Packets: [0]
2013-11-20 10:57:02,568: DEBUG: Acct-Input-Gigawords: [0]
2013-11-20 10:57:02,568: DEBUG: Calling-Station-Id: [u'17:21:31:41:52:79']
2013-11-20 10:57:02,568: DEBUG: NAS-Port-Type: ['Wireless-802.11']
2013-11-20 10:57:02,568: DEBUG: GoGo-Total-Output-Voice-Octets: [0]
2013-11-20 10:57:02,568: DEBUG: GoGo-Private-IP-Address: ['192.168.1.179']
2013-11-20 10:57:02,568: DEBUG: GoGo-Acct-Input-Voice-Gigawords: [0]
2013-11-20 10:57:02,569: DEBUG: GoGo-Total-Input-Packets: [4249]
2013-11-20 10:57:02,569: DEBUG: GoGo-Total-Input-Gigawords: [0]
2013-11-20 10:57:02,569: DEBUG: GoGo-Acct-Input-Voice-Packets: [0]
2013-11-20 10:57:02,569: DEBUG: GoGo-Total-Input-Octets: [2381746]
2013-11-20 10:57:02,569: DEBUG: GoGo-Total-Output-Packets: [19577]
2013-11-20 10:57:02,569: DEBUG: WISPr-Location-ID: [u'airline=BA01,tail=01009,network=']
2013-11-20 10:57:02,569: DEBUG: GoGo-Acct-Output-Voice-Gigawords: [0]
2013-11-20 10:57:02,569: DEBUG: Acct-Input-Octets: [2381746]
2013-11-20 10:57:02,571: DEBUG: 

2013-11-20 10:57:02,571: DEBUG: Received response with following attributes:
2013-11-20 10:57:12,572: DEBUG: 

2013-11-20 10:57:12,572: DEBUG: Creating Accounting Update Request with the following Attributes:
2013-11-20 10:57:12,573: DEBUG: User-Name: [u'username84@airborne.aircell.com']
2013-11-20 10:57:12,573: DEBUG: GoGo-Tail-Number: [u'AAATestNAS_109']
2013-11-20 10:57:12,573: DEBUG: Acct-Output-Octets: [8824628]
2013-11-20 10:57:12,573: DEBUG: NAS-IP-Address: ['10.254.114.1']
2013-11-20 10:57:12,573: DEBUG: GoGo-Total-Output-Gigawords: [0]
2013-11-20 10:57:12,573: DEBUG: Framed-IP-Address: ['10.254.114.81']
2013-11-20 10:57:12,573: DEBUG: GoGo-Total-Input-Voice-Gigawords: [0]
2013-11-20 10:57:12,574: DEBUG: GoGo-Total-Output-Octets: [8824628]
2013-11-20 10:57:12,574: DEBUG: GoGo-Acct-Input-Voice-Octets: [0]
2013-11-20 10:57:12,574: DEBUG: GoGo-Total-Input-Voice-Packets: [0]
2013-11-20 10:57:12,574: DEBUG: Called-Station-Id: [u'00:16:3E:2A:5D:DF']
2013-11-20 10:57:12,574: DEBUG: WISPr-Location-Name: [u'TEST LLC,BA01_01009']
2013-11-20 10:57:12,575: DEBUG: NAS-Identifier: [u'C08386']
2013-11-20 10:57:12,575: DEBUG: Proxy-State: ['3330,3132']
2013-11-20 10:57:12,575: DEBUG: GoGo-Total-Input-Voice-Octets: [0]
2013-11-20 10:57:12,575: DEBUG: Acct-Status-Type: ['Interim-Update']
2013-11-20 10:57:12,575: DEBUG: GoGo-Total-Output-Voice-Gigawords: [0]
2013-11-20 10:57:12,575: DEBUG: GoGo-Airline: [u'BA01']
2013-11-20 10:57:12,575: DEBUG: Acct-Session-Id: [u'AAATestNAS_109-1384925182480-00163E2A5DDF-1']
2013-11-20 10:57:12,575: DEBUG: Acct-Session-Time: [10]
2013-11-20 10:57:12,575: DEBUG: Acct-Input-Packets: [44510]
2013-11-20 10:57:12,575: DEBUG: Acct-Output-Packets: [17197]
2013-11-20 10:57:12,576: DEBUG: GoGo-Acct-Output-Voice-Packets: [0]
2013-11-20 10:57:12,576: DEBUG: GoGo-Acct-Output-Voice-Octets: [0]
2013-11-20 10:57:12,576: DEBUG: Acct-Output-Gigawords: [0]
2013-11-20 10:57:12,576: DEBUG: GoGo-Total-Output-Voice-Packets: [0]
2013-11-20 10:57:12,576: DEBUG: Acct-Input-Gigawords: [0]
2013-11-20 10:57:12,576: DEBUG: Calling-Station-Id: [u'17:21:31:41:52:79']
2013-11-20 10:57:12,576: DEBUG: NAS-Port-Type: ['Wireless-802.11']
2013-11-20 10:57:12,576: DEBUG: GoGo-Total-Output-Voice-Octets: [0]
2013-11-20 10:57:12,576: DEBUG: GoGo-Private-IP-Address: ['192.168.1.179']
2013-11-20 10:57:12,577: DEBUG: GoGo-Acct-Input-Voice-Gigawords: [0]
2013-11-20 10:57:12,577: DEBUG: GoGo-Total-Input-Packets: [44510]
2013-11-20 10:57:12,577: DEBUG: GoGo-Total-Input-Gigawords: [0]
2013-11-20 10:57:12,577: DEBUG: GoGo-Acct-Input-Voice-Packets: [0]
2013-11-20 10:57:12,577: DEBUG: GoGo-Total-Input-Octets: [9213997]
2013-11-20 10:57:12,577: DEBUG: GoGo-Total-Output-Packets: [17197]
2013-11-20 10:57:12,577: DEBUG: WISPr-Location-ID: [u'airline=BA01,tail=01009,network=']
2013-11-20 10:57:12,577: DEBUG: GoGo-Acct-Output-Voice-Gigawords: [0]
2013-11-20 10:57:12,577: DEBUG: Acct-Input-Octets: [9213997]
2013-11-20 10:57:12,579: DEBUG: 

2013-11-20 10:57:12,579: DEBUG: Received response with following attributes:
2013-11-20 10:57:22,580: DEBUG: 

2013-11-20 10:57:22,581: DEBUG: Creating Accounting Update Request with the following Attributes:
2013-11-20 10:57:22,582: DEBUG: User-Name: [u'username84@airborne.aircell.com']
2013-11-20 10:57:22,582: DEBUG: GoGo-Tail-Number: [u'AAATestNAS_109']
2013-11-20 10:57:22,583: DEBUG: Acct-Output-Octets: [3061544]
2013-11-20 10:57:22,584: DEBUG: NAS-IP-Address: ['10.254.114.1']
2013-11-20 10:57:22,584: DEBUG: GoGo-Total-Output-Gigawords: [0]
2013-11-20 10:57:22,585: DEBUG: Framed-IP-Address: ['10.254.114.81']
2013-11-20 10:57:22,586: DEBUG: GoGo-Total-Input-Voice-Gigawords: [0]
2013-11-20 10:57:22,589: DEBUG: GoGo-Total-Output-Octets: [3061544]
2013-11-20 10:57:22,590: DEBUG: GoGo-Acct-Input-Voice-Octets: [0]
2013-11-20 10:57:22,591: DEBUG: GoGo-Total-Input-Voice-Packets: [0]
2013-11-20 10:57:22,591: DEBUG: Called-Station-Id: [u'00:16:3E:2A:5D:DF']
2013-11-20 10:57:22,592: DEBUG: WISPr-Location-Name: [u'TEST LLC,BA01_01009']
2013-11-20 10:57:22,592: DEBUG: NAS-Identifier: [u'C08386']
2013-11-20 10:57:22,593: DEBUG: Proxy-State: ['3330,3132']
2013-11-20 10:57:22,594: DEBUG: GoGo-Total-Input-Voice-Octets: [0]
2013-11-20 10:57:22,594: DEBUG: Acct-Status-Type: ['Interim-Update']
2013-11-20 10:57:22,595: DEBUG: GoGo-Total-Output-Voice-Gigawords: [0]
2013-11-20 10:57:22,595: DEBUG: GoGo-Airline: [u'BA01']
2013-11-20 10:57:22,597: DEBUG: Acct-Session-Id: [u'AAATestNAS_109-1384925182480-00163E2A5DDF-1']
2013-11-20 10:57:22,597: DEBUG: Acct-Session-Time: [10]
2013-11-20 10:57:22,598: DEBUG: Acct-Input-Packets: [24409]
2013-11-20 10:57:22,598: DEBUG: Acct-Output-Packets: [17120]
2013-11-20 10:57:22,599: DEBUG: GoGo-Acct-Output-Voice-Packets: [0]
2013-11-20 10:57:22,599: DEBUG: GoGo-Acct-Output-Voice-Octets: [0]
2013-11-20 10:57:22,600: DEBUG: Acct-Output-Gigawords: [0]
2013-11-20 10:57:22,600: DEBUG: GoGo-Total-Output-Voice-Packets: [0]
2013-11-20 10:57:22,601: DEBUG: Acct-Input-Gigawords: [0]
2013-11-20 10:57:22,601: DEBUG: Calling-Station-Id: [u'17:21:31:41:52:79']
2013-11-20 10:57:22,602: DEBUG: NAS-Port-Type: ['Wireless-802.11']
2013-11-20 10:57:22,602: DEBUG: GoGo-Total-Output-Voice-Octets: [0]
2013-11-20 10:57:22,603: DEBUG: GoGo-Private-IP-Address: ['192.168.1.179']
2013-11-20 10:57:22,603: DEBUG: GoGo-Acct-Input-Voice-Gigawords: [0]
2013-11-20 10:57:22,604: DEBUG: GoGo-Total-Input-Packets: [24409]
2013-11-20 10:57:22,604: DEBUG: GoGo-Total-Input-Gigawords: [0]
2013-11-20 10:57:22,605: DEBUG: GoGo-Acct-Input-Voice-Packets: [0]
2013-11-20 10:57:22,605: DEBUG: GoGo-Total-Input-Octets: [4137871]
2013-11-20 10:57:22,606: DEBUG: GoGo-Total-Output-Packets: [17120]
2013-11-20 10:57:22,606: DEBUG: WISPr-Location-ID: [u'airline=BA01,tail=01009,network=']
2013-11-20 10:57:22,606: DEBUG: GoGo-Acct-Output-Voice-Gigawords: [0]
2013-11-20 10:57:22,607: DEBUG: Acct-Input-Octets: [4137871]
2013-11-20 10:57:22,610: DEBUG: 

2013-11-20 10:57:22,610: DEBUG: Received response with following attributes:
2013-11-20 10:57:32,611: DEBUG: 

2013-11-20 10:57:32,613: DEBUG: Creating Accounting Update Request with the following Attributes:
2013-11-20 10:57:32,613: DEBUG: User-Name: [u'username84@airborne.aircell.com']
2013-11-20 10:57:32,614: DEBUG: GoGo-Tail-Number: [u'AAATestNAS_109']
2013-11-20 10:57:32,614: DEBUG: Acct-Output-Octets: [3357918]
2013-11-20 10:57:32,615: DEBUG: NAS-IP-Address: ['10.254.114.1']
2013-11-20 10:57:32,615: DEBUG: GoGo-Total-Output-Gigawords: [0]
2013-11-20 10:57:32,616: DEBUG: Framed-IP-Address: ['10.254.114.81']
2013-11-20 10:57:32,617: DEBUG: GoGo-Total-Input-Voice-Gigawords: [0]
2013-11-20 10:57:32,617: DEBUG: GoGo-Total-Output-Octets: [3357918]
2013-11-20 10:57:32,618: DEBUG: GoGo-Acct-Input-Voice-Octets: [0]
2013-11-20 10:57:32,618: DEBUG: GoGo-Total-Input-Voice-Packets: [0]
2013-11-20 10:57:32,619: DEBUG: Called-Station-Id: [u'00:16:3E:2A:5D:DF']
2013-11-20 10:57:32,619: DEBUG: WISPr-Location-Name: [u'TEST LLC,BA01_01009']
2013-11-20 10:57:32,619: DEBUG: NAS-Identifier: [u'C08386']
2013-11-20 10:57:32,620: DEBUG: Proxy-State: ['3330,3132']
2013-11-20 10:57:32,621: DEBUG: GoGo-Total-Input-Voice-Octets: [0]
2013-11-20 10:57:32,622: DEBUG: Acct-Status-Type: ['Interim-Update']
2013-11-20 10:57:32,622: DEBUG: GoGo-Total-Output-Voice-Gigawords: [0]
2013-11-20 10:57:32,622: DEBUG: GoGo-Airline: [u'BA01']
2013-11-20 10:57:32,623: DEBUG: Acct-Session-Id: [u'AAATestNAS_109-1384925182480-00163E2A5DDF-1']
2013-11-20 10:57:32,623: DEBUG: Acct-Session-Time: [10]
2013-11-20 10:57:32,623: DEBUG: Acct-Input-Packets: [27316]
2013-11-20 10:57:32,624: DEBUG: Acct-Output-Packets: [14473]
2013-11-20 10:57:32,624: DEBUG: GoGo-Acct-Output-Voice-Packets: [0]
2013-11-20 10:57:32,624: DEBUG: GoGo-Acct-Output-Voice-Octets: [0]
2013-11-20 10:57:32,624: DEBUG: Acct-Output-Gigawords: [0]
2013-11-20 10:57:32,624: DEBUG: GoGo-Total-Output-Voice-Packets: [0]
2013-11-20 10:57:32,625: DEBUG: Acct-Input-Gigawords: [0]
2013-11-20 10:57:32,625: DEBUG: Calling-Station-Id: [u'17:21:31:41:52:79']
2013-11-20 10:57:32,625: DEBUG: NAS-Port-Type: ['Wireless-802.11']
2013-11-20 10:57:32,625: DEBUG: GoGo-Total-Output-Voice-Octets: [0]
2013-11-20 10:57:32,625: DEBUG: GoGo-Private-IP-Address: ['192.168.1.179']
2013-11-20 10:57:32,625: DEBUG: GoGo-Acct-Input-Voice-Gigawords: [0]
2013-11-20 10:57:32,625: DEBUG: GoGo-Total-Input-Packets: [27316]
2013-11-20 10:57:32,625: DEBUG: GoGo-Total-Input-Gigawords: [0]
2013-11-20 10:57:32,625: DEBUG: GoGo-Acct-Input-Voice-Packets: [0]
2013-11-20 10:57:32,626: DEBUG: GoGo-Total-Input-Octets: [3480562]
2013-11-20 10:57:32,626: DEBUG: GoGo-Total-Output-Packets: [14473]
2013-11-20 10:57:32,626: DEBUG: WISPr-Location-ID: [u'airline=BA01,tail=01009,network=']
2013-11-20 10:57:32,626: DEBUG: GoGo-Acct-Output-Voice-Gigawords: [0]
2013-11-20 10:57:32,626: DEBUG: Acct-Input-Octets: [3480562]
2013-11-20 10:57:32,626: ERROR: Network error, Reason: 'Network error: Too many open files'
2013-11-20 10:57:42,626: DEBUG: 

2013-11-20 10:57:42,627: DEBUG: Creating Accounting Update Request with the following Attributes:
2013-11-20 10:57:42,627: DEBUG: User-Name: [u'username84@airborne.aircell.com']
2013-11-20 10:57:42,627: DEBUG: GoGo-Tail-Number: [u'AAATestNAS_109']
2013-11-20 10:57:42,627: DEBUG: Acct-Output-Octets: [4455129]
2013-11-20 10:57:42,627: DEBUG: NAS-IP-Address: ['10.254.114.1']
2013-11-20 10:57:42,628: DEBUG: GoGo-Total-Output-Gigawords: [0]
2013-11-20 10:57:42,628: DEBUG: Framed-IP-Address: ['10.254.114.81']
2013-11-20 10:57:42,628: DEBUG: GoGo-Total-Input-Voice-Gigawords: [0]
2013-11-20 10:57:42,628: DEBUG: GoGo-Total-Output-Octets: [4455129]
2013-11-20 10:57:42,628: DEBUG: GoGo-Acct-Input-Voice-Octets: [0]
2013-11-20 10:57:42,628: DEBUG: GoGo-Total-Input-Voice-Packets: [0]
2013-11-20 10:57:42,628: DEBUG: Called-Station-Id: [u'00:16:3E:2A:5D:DF']
2013-11-20 10:57:42,628: DEBUG: WISPr-Location-Name: [u'TEST LLC,BA01_01009']
2013-11-20 10:57:42,628: DEBUG: NAS-Identifier: [u'C08386']
2013-11-20 10:57:42,628: DEBUG: Proxy-State: ['3330,3132']
2013-11-20 10:57:42,629: DEBUG: GoGo-Total-Input-Voice-Octets: [0]
2013-11-20 10:57:42,629: DEBUG: Acct-Status-Type: ['Interim-Update']
2013-11-20 10:57:42,629: DEBUG: GoGo-Total-Output-Voice-Gigawords: [0]
2013-11-20 10:57:42,629: DEBUG: GoGo-Airline: [u'BA01']
2013-11-20 10:57:42,629: DEBUG: Acct-Session-Id: [u'AAATestNAS_109-1384925182480-00163E2A5DDF-1']
2013-11-20 10:57:42,629: DEBUG: Acct-Session-Time: [10]
2013-11-20 10:57:42,629: DEBUG: Acct-Input-Packets: [10534]
2013-11-20 10:57:42,629: DEBUG: Acct-Output-Packets: [17376]
2013-11-20 10:57:42,629: DEBUG: GoGo-Acct-Output-Voice-Packets: [0]
2013-11-20 10:57:42,629: DEBUG: GoGo-Acct-Output-Voice-Octets: [0]
2013-11-20 10:57:42,630: DEBUG: Acct-Output-Gigawords: [0]
2013-11-20 10:57:42,630: DEBUG: GoGo-Total-Output-Voice-Packets: [0]
2013-11-20 10:57:42,630: DEBUG: Acct-Input-Gigawords: [0]
2013-11-20 10:57:42,630: DEBUG: Calling-Station-Id: [u'17:21:31:41:52:79']
2013-11-20 10:57:42,630: DEBUG: NAS-Port-Type: ['Wireless-802.11']
2013-11-20 10:57:42,630: DEBUG: GoGo-Total-Output-Voice-Octets: [0]
2013-11-20 10:57:42,630: DEBUG: GoGo-Private-IP-Address: ['192.168.1.179']
2013-11-20 10:57:42,630: DEBUG: GoGo-Acct-Input-Voice-Gigawords: [0]
2013-11-20 10:57:42,630: DEBUG: GoGo-Total-Input-Packets: [10534]
2013-11-20 10:57:42,631: DEBUG: GoGo-Total-Input-Gigawords: [0]
2013-11-20 10:57:42,631: DEBUG: GoGo-Acct-Input-Voice-Packets: [0]
2013-11-20 10:57:42,631: DEBUG: GoGo-Total-Input-Octets: [3000954]
2013-11-20 10:57:42,631: DEBUG: GoGo-Total-Output-Packets: [17376]
2013-11-20 10:57:42,631: DEBUG: WISPr-Location-ID: [u'airline=BA01,tail=01009,network=']
2013-11-20 10:57:42,631: DEBUG: GoGo-Acct-Output-Voice-Gigawords: [0]
2013-11-20 10:57:42,631: DEBUG: Acct-Input-Octets: [3000954]
2013-11-20 10:57:42,631: ERROR: Network error, Reason: 'Network error: Too many open files'
2013-11-20 10:58:01,632: DEBUG: 

2013-11-20 10:58:01,632: DEBUG: Creating Accounting Stop Request with the following Attributes:
2013-11-20 10:58:01,633: DEBUG: User-Name: [u'username84@airborne.aircell.com']
2013-11-20 10:58:01,633: DEBUG: GoGo-Tail-Number: [u'01009']
2013-11-20 10:58:01,633: DEBUG: Acct-Output-Octets: [2807766]
2013-11-20 10:58:01,633: DEBUG: NAS-IP-Address: ['10.254.114.1']
2013-11-20 10:58:01,633: DEBUG: GoGo-Total-Output-Gigawords: [0]
2013-11-20 10:58:01,633: DEBUG: Framed-IP-Address: ['10.254.114.81']
2013-11-20 10:58:01,633: DEBUG: GoGo-Total-Input-Voice-Gigawords: [0]
2013-11-20 10:58:01,634: DEBUG: GoGo-Total-Output-Octets: [2807766]
2013-11-20 10:58:01,634: DEBUG: GoGo-Acct-Input-Voice-Octets: [0]
2013-11-20 10:58:01,634: DEBUG: GoGo-Total-Input-Voice-Packets: [0]
2013-11-20 10:58:01,634: DEBUG: Called-Station-Id: [u'00:16:3E:2A:5D:DF']
2013-11-20 10:58:01,635: DEBUG: WISPr-Location-Name: [u'TEST LLC,BA01_01009']
2013-11-20 10:58:01,635: DEBUG: NAS-Identifier: [u'C08386']
2013-11-20 10:58:01,635: DEBUG: Proxy-State: ['3330,3132']
2013-11-20 10:58:01,635: DEBUG: GoGo-Total-Input-Voice-Octets: [0]
2013-11-20 10:58:01,635: DEBUG: Acct-Status-Type: ['Stop']
2013-11-20 10:58:01,635: DEBUG: GoGo-Total-Output-Voice-Gigawords: [0]
2013-11-20 10:58:01,635: DEBUG: GoGo-Airline: [u'BA01']
2013-11-20 10:58:01,635: DEBUG: Acct-Session-Id: [u'AAATestNAS_109-1384925182480-00163E2A5DDF-1']
2013-11-20 10:58:01,635: DEBUG: Acct-Session-Time: [19]
2013-11-20 10:58:01,635: DEBUG: Acct-Input-Packets: [23830]
2013-11-20 10:58:01,636: DEBUG: Acct-Output-Packets: [11336]
2013-11-20 10:58:01,636: DEBUG: Acct-Terminate-Cause: ['User-Request']
2013-11-20 10:58:01,636: DEBUG: GoGo-Acct-Output-Voice-Octets: [0]
2013-11-20 10:58:01,636: DEBUG: Acct-Output-Gigawords: [0]
2013-11-20 10:58:01,636: DEBUG: GoGo-Total-Output-Voice-Packets: [0]
2013-11-20 10:58:01,636: DEBUG: Acct-Input-Gigawords: [0]
2013-11-20 10:58:01,636: DEBUG: Calling-Station-Id: [u'17:21:31:41:52:79']
2013-11-20 10:58:01,636: DEBUG: NAS-Port-Type: ['Wireless-802.11']
2013-11-20 10:58:01,637: DEBUG: GoGo-Total-Output-Voice-Octets: [0]
2013-11-20 10:58:01,637: DEBUG: GoGo-Private-IP-Address: ['192.168.1.179']
2013-11-20 10:58:01,637: DEBUG: GoGo-Acct-Input-Voice-Gigawords: [0]
2013-11-20 10:58:01,637: DEBUG: GoGo-Total-Input-Packets: [23830]
2013-11-20 10:58:01,637: DEBUG: GoGo-Total-Input-Gigawords: [0]
2013-11-20 10:58:01,637: DEBUG: GoGo-Acct-Input-Voice-Packets: [0]
2013-11-20 10:58:01,637: DEBUG: GoGo-Total-Input-Octets: [3300474]
2013-11-20 10:58:01,637: DEBUG: GoGo-Total-Output-Packets: [11336]
2013-11-20 10:58:01,637: DEBUG: WISPr-Location-ID: [u'airline=BA01,tail=01009,network=']
2013-11-20 10:58:01,637: DEBUG: GoGo-Acct-Output-Voice-Packets: [0]
2013-11-20 10:58:01,638: DEBUG: GoGo-Acct-Output-Voice-Gigawords: [0]
2013-11-20 10:58:01,638: DEBUG: Acct-Input-Octets: [3300474]
2013-11-20 10:58:01,640: DEBUG: 

2013-11-20 10:58:01,640: DEBUG: Received response with following attributes:
2013-11-20 10:58:01,640: DEBUG: Ending the test for this user
