2013-11-20 10:56:33,453: DEBUG: Starting the client for the user username55@airborne.aircell.com to the server localhost

2013-11-20 10:56:33,454: DEBUG: DURATION of the TEST: 96
2013-11-20 10:56:33,454: DEBUG: NAS-IP: 10.254.39.1
2013-11-20 10:56:33,454: DEBUG: NAS-MAC-ADDR: 16:21:31:41:51:94
2013-11-20 10:56:33,455: DEBUG: Abruptly End: False
2013-11-20 10:56:33,456: DEBUG: Framed-IP: 10.254.39.13
2013-11-20 10:56:33,456: DEBUG: User-MAC-Addr: 00:16:3E:31:DA:F8
2013-11-20 10:56:33,457: DEBUG: 

2013-11-20 10:56:33,458: DEBUG: Creating Authentication Request with the following Attributes:
2013-11-20 10:56:33,459: DEBUG: NAS-Identifier: [u'C08386']
2013-11-20 10:56:33,459: DEBUG: User-Name: [u'username55@airborne.aircell.com']
2013-11-20 10:56:33,459: DEBUG: NAS-IP-Address: ['10.254.39.1']
2013-11-20 10:56:33,460: DEBUG: Service-Type: ['Authenticate-Only']
2013-11-20 10:56:33,460: DEBUG: Proxy-State: ['3237,3134']
2013-11-20 10:56:33,461: DEBUG: Framed-IP-Address: ['10.254.39.13']
2013-11-20 10:56:33,461: DEBUG: GoGo-Airline: [u'BA01']
2013-11-20 10:56:33,461: DEBUG: Acct-Session-Id: [u'AAATestNAS_34-1384925193458-00163E31DAF8-1']
2013-11-20 10:56:33,462: DEBUG: GoGo-Tail-Number: [u'AAATestNAS_34']
2013-11-20 10:56:33,462: DEBUG: GoGo-Private-IP-Address: ['192.168.1.179']
2013-11-20 10:56:33,462: DEBUG: WISPr-Location-ID: [u'airline=BA01,tail=01009,network=']
2013-11-20 10:56:33,462: DEBUG: WISPr-Location-Name: [u'TEST LLC,BA01_01009']
2013-11-20 10:56:33,463: DEBUG: NAS-Port-Type: ['Wireless-802.11']
2013-11-20 10:56:33,463: DEBUG: Called-Station-Id: [u'00:16:3E:31:DA:F8']
2013-11-20 10:56:33,463: DEBUG: Calling-Station-Id: [u'16:21:31:41:51:94']
2013-11-20 10:56:33,465: DEBUG: 

2013-11-20 10:56:33,465: DEBUG: Received response with code: 2, Accepted
2013-11-20 10:56:33,465: DEBUG: Creating Authentication Request with the following Attributes:
2013-11-20 10:56:33,466: DEBUG: NAS-Identifier: [u'C08386']
2013-11-20 10:56:33,466: DEBUG: User-Name: [u'username55@airborne.aircell.com']
2013-11-20 10:56:33,467: DEBUG: NAS-IP-Address: ['10.254.39.1']
2013-11-20 10:56:33,467: DEBUG: Service-Type: ['Login-User']
2013-11-20 10:56:33,467: DEBUG: Proxy-State: ['3237,3134']
2013-11-20 10:56:33,467: DEBUG: Framed-IP-Address: ['10.254.39.13']
2013-11-20 10:56:33,468: DEBUG: GoGo-Airline: [u'BA01']
2013-11-20 10:56:33,468: DEBUG: Acct-Session-Id: [u'AAATestNAS_34-1384925193465-00163E31DAF8-1']
2013-11-20 10:56:33,468: DEBUG: GoGo-Tail-Number: [u'AAATestNAS_34']
2013-11-20 10:56:33,468: DEBUG: GoGo-Private-IP-Address: ['192.168.1.179']
2013-11-20 10:56:33,469: DEBUG: WISPr-Location-ID: [u'airline=BA01,tail=01009,network=']
2013-11-20 10:56:33,469: DEBUG: WISPr-Location-Name: [u'TEST LLC,BA01_01009']
2013-11-20 10:56:33,469: DEBUG: NAS-Port-Type: ['Wireless-802.11']
2013-11-20 10:56:33,470: DEBUG: Called-Station-Id: [u'00:16:3E:31:DA:F8']
2013-11-20 10:56:33,470: DEBUG: Calling-Station-Id: [u'16:21:31:41:51:94']
2013-11-20 10:56:33,471: DEBUG: 

2013-11-20 10:56:33,471: DEBUG: Received response with code: 2, Accepted
2013-11-20 10:56:33,472: DEBUG: 

2013-11-20 10:56:33,472: DEBUG: Creating Accounting start Request with the following Attributes:
2013-11-20 10:56:33,472: DEBUG: NAS-Identifier: [u'C08386']
2013-11-20 10:56:33,473: DEBUG: User-Name: [u'username55@airborne.aircell.com']
2013-11-20 10:56:33,473: DEBUG: GoGo-Tail-Number: [u'AAATestNAS_34']
2013-11-20 10:56:33,473: DEBUG: NAS-IP-Address: ['10.254.39.1']
2013-11-20 10:56:33,473: DEBUG: Proxy-State: ['3239,3131']
2013-11-20 10:56:33,473: DEBUG: Acct-Status-Type: ['Start']
2013-11-20 10:56:33,473: DEBUG: GoGo-Airline: [u'BA01']
2013-11-20 10:56:33,474: DEBUG: Acct-Session-Id: [u'AAATestNAS_34-1384925193465-00163E31DAF8-1']
2013-11-20 10:56:33,474: DEBUG: GoGo-Private-IP-Address: ['192.168.1.179']
2013-11-20 10:56:33,474: DEBUG: Framed-IP-Address: ['10.254.39.13']
2013-11-20 10:56:33,474: DEBUG: WISPr-Location-ID: [u'airline=BA01,tail=01009,network=']
2013-11-20 10:56:33,474: DEBUG: WISPr-Location-Name: [u'TEST LLC,BA01_01009']
2013-11-20 10:56:33,474: DEBUG: NAS-Port-Type: ['Wireless-802.11']
2013-11-20 10:56:33,474: DEBUG: Called-Station-Id: [u'00:16:3E:31:DA:F8']
2013-11-20 10:56:33,474: DEBUG: Calling-Station-Id: [u'16:21:31:41:51:94']
2013-11-20 10:56:33,475: DEBUG: 

2013-11-20 10:56:33,475: DEBUG: Received response with following attributes:
2013-11-20 10:56:43,477: DEBUG: 

2013-11-20 10:56:43,477: DEBUG: Creating Accounting Update Request with the following Attributes:
2013-11-20 10:56:43,478: DEBUG: User-Name: [u'username55@airborne.aircell.com']
2013-11-20 10:56:43,479: DEBUG: GoGo-Tail-Number: [u'AAATestNAS_34']
2013-11-20 10:56:43,479: DEBUG: Acct-Output-Octets: [8113203]
2013-11-20 10:56:43,479: DEBUG: NAS-IP-Address: ['10.254.39.1']
2013-11-20 10:56:43,480: DEBUG: GoGo-Total-Output-Gigawords: [0]
2013-11-20 10:56:43,481: DEBUG: Framed-IP-Address: ['10.254.39.13']
2013-11-20 10:56:43,482: DEBUG: GoGo-Total-Input-Voice-Gigawords: [0]
2013-11-20 10:56:43,483: DEBUG: GoGo-Total-Output-Octets: [8113203]
2013-11-20 10:56:43,484: DEBUG: GoGo-Acct-Input-Voice-Octets: [0]
2013-11-20 10:56:43,485: DEBUG: GoGo-Total-Input-Voice-Packets: [0]
2013-11-20 10:56:43,486: DEBUG: Called-Station-Id: [u'00:16:3E:31:DA:F8']
2013-11-20 10:56:43,487: DEBUG: WISPr-Location-Name: [u'TEST LLC,BA01_01009']
2013-11-20 10:56:43,488: DEBUG: NAS-Identifier: [u'C08386']
2013-11-20 10:56:43,488: DEBUG: Proxy-State: ['3330,3132']
2013-11-20 10:56:43,489: DEBUG: GoGo-Total-Input-Voice-Octets: [0]
2013-11-20 10:56:43,490: DEBUG: Acct-Status-Type: ['Interim-Update']
2013-11-20 10:56:43,491: DEBUG: GoGo-Total-Output-Voice-Gigawords: [0]
2013-11-20 10:56:43,492: DEBUG: GoGo-Airline: [u'BA01']
2013-11-20 10:56:43,492: DEBUG: Acct-Session-Id: [u'AAATestNAS_34-1384925193465-00163E31DAF8-1']
2013-11-20 10:56:43,493: DEBUG: Acct-Session-Time: [10]
2013-11-20 10:56:43,494: DEBUG: Acct-Input-Packets: [34261]
2013-11-20 10:56:43,495: DEBUG: Acct-Output-Packets: [49188]
2013-11-20 10:56:43,496: DEBUG: GoGo-Acct-Output-Voice-Packets: [0]
2013-11-20 10:56:43,497: DEBUG: GoGo-Acct-Output-Voice-Octets: [0]
2013-11-20 10:56:43,498: DEBUG: Acct-Output-Gigawords: [0]
2013-11-20 10:56:43,499: DEBUG: GoGo-Total-Output-Voice-Packets: [0]
2013-11-20 10:56:43,500: DEBUG: Acct-Input-Gigawords: [0]
2013-11-20 10:56:43,500: DEBUG: Calling-Station-Id: [u'16:21:31:41:51:94']
2013-11-20 10:56:43,501: DEBUG: NAS-Port-Type: ['Wireless-802.11']
2013-11-20 10:56:43,501: DEBUG: GoGo-Total-Output-Voice-Octets: [0]
2013-11-20 10:56:43,502: DEBUG: GoGo-Private-IP-Address: ['192.168.1.179']
2013-11-20 10:56:43,503: DEBUG: GoGo-Acct-Input-Voice-Gigawords: [0]
2013-11-20 10:56:43,503: DEBUG: GoGo-Total-Input-Packets: [34261]
2013-11-20 10:56:43,504: DEBUG: GoGo-Total-Input-Gigawords: [0]
2013-11-20 10:56:43,505: DEBUG: GoGo-Acct-Input-Voice-Packets: [0]
2013-11-20 10:56:43,506: DEBUG: GoGo-Total-Input-Octets: [7406109]
2013-11-20 10:56:43,507: DEBUG: GoGo-Total-Output-Packets: [49188]
2013-11-20 10:56:43,508: DEBUG: WISPr-Location-ID: [u'airline=BA01,tail=01009,network=']
2013-11-20 10:56:43,510: DEBUG: GoGo-Acct-Output-Voice-Gigawords: [0]
2013-11-20 10:56:43,511: DEBUG: Acct-Input-Octets: [7406109]
2013-11-20 10:56:43,515: DEBUG: 

2013-11-20 10:56:43,515: DEBUG: Received response with following attributes:
2013-11-20 10:56:53,517: DEBUG: 

2013-11-20 10:56:53,518: DEBUG: Creating Accounting Update Request with the following Attributes:
2013-11-20 10:56:53,518: DEBUG: User-Name: [u'username55@airborne.aircell.com']
2013-11-20 10:56:53,518: DEBUG: GoGo-Tail-Number: [u'AAATestNAS_34']
2013-11-20 10:56:53,518: DEBUG: Acct-Output-Octets: [4145622]
2013-11-20 10:56:53,518: DEBUG: NAS-IP-Address: ['10.254.39.1']
2013-11-20 10:56:53,518: DEBUG: GoGo-Total-Output-Gigawords: [0]
2013-11-20 10:56:53,518: DEBUG: Framed-IP-Address: ['10.254.39.13']
2013-11-20 10:56:53,519: DEBUG: GoGo-Total-Input-Voice-Gigawords: [0]
2013-11-20 10:56:53,519: DEBUG: GoGo-Total-Output-Octets: [4145622]
2013-11-20 10:56:53,519: DEBUG: GoGo-Acct-Input-Voice-Octets: [0]
2013-11-20 10:56:53,519: DEBUG: GoGo-Total-Input-Voice-Packets: [0]
2013-11-20 10:56:53,519: DEBUG: Called-Station-Id: [u'00:16:3E:31:DA:F8']
2013-11-20 10:56:53,519: DEBUG: WISPr-Location-Name: [u'TEST LLC,BA01_01009']
2013-11-20 10:56:53,519: DEBUG: NAS-Identifier: [u'C08386']
2013-11-20 10:56:53,519: DEBUG: Proxy-State: ['3330,3132']
2013-11-20 10:56:53,519: DEBUG: GoGo-Total-Input-Voice-Octets: [0]
2013-11-20 10:56:53,520: DEBUG: Acct-Status-Type: ['Interim-Update']
2013-11-20 10:56:53,520: DEBUG: GoGo-Total-Output-Voice-Gigawords: [0]
2013-11-20 10:56:53,520: DEBUG: GoGo-Airline: [u'BA01']
2013-11-20 10:56:53,520: DEBUG: Acct-Session-Id: [u'AAATestNAS_34-1384925193465-00163E31DAF8-1']
2013-11-20 10:56:53,520: DEBUG: Acct-Session-Time: [10]
2013-11-20 10:56:53,520: DEBUG: Acct-Input-Packets: [35199]
2013-11-20 10:56:53,520: DEBUG: Acct-Output-Packets: [4534]
2013-11-20 10:56:53,520: DEBUG: GoGo-Acct-Output-Voice-Packets: [0]
2013-11-20 10:56:53,520: DEBUG: GoGo-Acct-Output-Voice-Octets: [0]
2013-11-20 10:56:53,521: DEBUG: Acct-Output-Gigawords: [0]
2013-11-20 10:56:53,521: DEBUG: GoGo-Total-Output-Voice-Packets: [0]
2013-11-20 10:56:53,521: DEBUG: Acct-Input-Gigawords: [0]
2013-11-20 10:56:53,521: DEBUG: Calling-Station-Id: [u'16:21:31:41:51:94']
2013-11-20 10:56:53,521: DEBUG: NAS-Port-Type: ['Wireless-802.11']
2013-11-20 10:56:53,522: DEBUG: GoGo-Total-Output-Voice-Octets: [0]
2013-11-20 10:56:53,523: DEBUG: GoGo-Private-IP-Address: ['192.168.1.179']
2013-11-20 10:56:53,523: DEBUG: GoGo-Acct-Input-Voice-Gigawords: [0]
2013-11-20 10:56:53,524: DEBUG: GoGo-Total-Input-Packets: [35199]
2013-11-20 10:56:53,524: DEBUG: GoGo-Total-Input-Gigawords: [0]
2013-11-20 10:56:53,525: DEBUG: GoGo-Acct-Input-Voice-Packets: [0]
2013-11-20 10:56:53,525: DEBUG: GoGo-Total-Input-Octets: [8059710]
2013-11-20 10:56:53,527: DEBUG: GoGo-Total-Output-Packets: [4534]
2013-11-20 10:56:53,528: DEBUG: WISPr-Location-ID: [u'airline=BA01,tail=01009,network=']
2013-11-20 10:56:53,528: DEBUG: GoGo-Acct-Output-Voice-Gigawords: [0]
2013-11-20 10:56:53,529: DEBUG: Acct-Input-Octets: [8059710]
2013-11-20 10:56:53,532: DEBUG: 

2013-11-20 10:56:53,533: DEBUG: Received response with following attributes:
2013-11-20 10:57:03,534: DEBUG: 

2013-11-20 10:57:03,535: DEBUG: Creating Accounting Update Request with the following Attributes:
2013-11-20 10:57:03,535: DEBUG: User-Name: [u'username55@airborne.aircell.com']
2013-11-20 10:57:03,535: DEBUG: GoGo-Tail-Number: [u'AAATestNAS_34']
2013-11-20 10:57:03,535: DEBUG: Acct-Output-Octets: [8206669]
2013-11-20 10:57:03,536: DEBUG: NAS-IP-Address: ['10.254.39.1']
2013-11-20 10:57:03,536: DEBUG: GoGo-Total-Output-Gigawords: [0]
2013-11-20 10:57:03,536: DEBUG: Framed-IP-Address: ['10.254.39.13']
2013-11-20 10:57:03,536: DEBUG: GoGo-Total-Input-Voice-Gigawords: [0]
2013-11-20 10:57:03,536: DEBUG: GoGo-Total-Output-Octets: [8206669]
2013-11-20 10:57:03,536: DEBUG: GoGo-Acct-Input-Voice-Octets: [0]
2013-11-20 10:57:03,536: DEBUG: GoGo-Total-Input-Voice-Packets: [0]
2013-11-20 10:57:03,536: DEBUG: Called-Station-Id: [u'00:16:3E:31:DA:F8']
2013-11-20 10:57:03,536: DEBUG: WISPr-Location-Name: [u'TEST LLC,BA01_01009']
2013-11-20 10:57:03,536: DEBUG: NAS-Identifier: [u'C08386']
2013-11-20 10:57:03,537: DEBUG: Proxy-State: ['3330,3132']
2013-11-20 10:57:03,537: DEBUG: GoGo-Total-Input-Voice-Octets: [0]
2013-11-20 10:57:03,537: DEBUG: Acct-Status-Type: ['Interim-Update']
2013-11-20 10:57:03,537: DEBUG: GoGo-Total-Output-Voice-Gigawords: [0]
2013-11-20 10:57:03,537: DEBUG: GoGo-Airline: [u'BA01']
2013-11-20 10:57:03,537: DEBUG: Acct-Session-Id: [u'AAATestNAS_34-1384925193465-00163E31DAF8-1']
2013-11-20 10:57:03,537: DEBUG: Acct-Session-Time: [10]
2013-11-20 10:57:03,537: DEBUG: Acct-Input-Packets: [82333]
2013-11-20 10:57:03,537: DEBUG: Acct-Output-Packets: [39934]
2013-11-20 10:57:03,538: DEBUG: GoGo-Acct-Output-Voice-Packets: [0]
2013-11-20 10:57:03,538: DEBUG: GoGo-Acct-Output-Voice-Octets: [0]
2013-11-20 10:57:03,538: DEBUG: Acct-Output-Gigawords: [0]
2013-11-20 10:57:03,538: DEBUG: GoGo-Total-Output-Voice-Packets: [0]
2013-11-20 10:57:03,538: DEBUG: Acct-Input-Gigawords: [0]
2013-11-20 10:57:03,538: DEBUG: Calling-Station-Id: [u'16:21:31:41:51:94']
2013-11-20 10:57:03,538: DEBUG: NAS-Port-Type: ['Wireless-802.11']
2013-11-20 10:57:03,538: DEBUG: GoGo-Total-Output-Voice-Octets: [0]
2013-11-20 10:57:03,538: DEBUG: GoGo-Private-IP-Address: ['192.168.1.179']
2013-11-20 10:57:03,538: DEBUG: GoGo-Acct-Input-Voice-Gigawords: [0]
2013-11-20 10:57:03,539: DEBUG: GoGo-Total-Input-Packets: [82333]
2013-11-20 10:57:03,539: DEBUG: GoGo-Total-Input-Gigawords: [0]
2013-11-20 10:57:03,539: DEBUG: GoGo-Acct-Input-Voice-Packets: [0]
2013-11-20 10:57:03,539: DEBUG: GoGo-Total-Input-Octets: [9383142]
2013-11-20 10:57:03,539: DEBUG: GoGo-Total-Output-Packets: [39934]
2013-11-20 10:57:03,539: DEBUG: WISPr-Location-ID: [u'airline=BA01,tail=01009,network=']
2013-11-20 10:57:03,539: DEBUG: GoGo-Acct-Output-Voice-Gigawords: [0]
2013-11-20 10:57:03,539: DEBUG: Acct-Input-Octets: [9383142]
2013-11-20 10:57:03,541: DEBUG: 

2013-11-20 10:57:03,542: DEBUG: Received response with following attributes:
2013-11-20 10:57:13,542: DEBUG: 

2013-11-20 10:57:13,543: DEBUG: Creating Accounting Update Request with the following Attributes:
2013-11-20 10:57:13,543: DEBUG: User-Name: [u'username55@airborne.aircell.com']
2013-11-20 10:57:13,543: DEBUG: GoGo-Tail-Number: [u'AAATestNAS_34']
2013-11-20 10:57:13,543: DEBUG: Acct-Output-Octets: [6841735]
2013-11-20 10:57:13,544: DEBUG: NAS-IP-Address: ['10.254.39.1']
2013-11-20 10:57:13,544: DEBUG: GoGo-Total-Output-Gigawords: [0]
2013-11-20 10:57:13,544: DEBUG: Framed-IP-Address: ['10.254.39.13']
2013-11-20 10:57:13,544: DEBUG: GoGo-Total-Input-Voice-Gigawords: [0]
2013-11-20 10:57:13,544: DEBUG: GoGo-Total-Output-Octets: [6841735]
2013-11-20 10:57:13,544: DEBUG: GoGo-Acct-Input-Voice-Octets: [0]
2013-11-20 10:57:13,544: DEBUG: GoGo-Total-Input-Voice-Packets: [0]
2013-11-20 10:57:13,544: DEBUG: Called-Station-Id: [u'00:16:3E:31:DA:F8']
2013-11-20 10:57:13,544: DEBUG: WISPr-Location-Name: [u'TEST LLC,BA01_01009']
2013-11-20 10:57:13,545: DEBUG: NAS-Identifier: [u'C08386']
2013-11-20 10:57:13,545: DEBUG: Proxy-State: ['3330,3132']
2013-11-20 10:57:13,545: DEBUG: GoGo-Total-Input-Voice-Octets: [0]
2013-11-20 10:57:13,545: DEBUG: Acct-Status-Type: ['Interim-Update']
2013-11-20 10:57:13,545: DEBUG: GoGo-Total-Output-Voice-Gigawords: [0]
2013-11-20 10:57:13,545: DEBUG: GoGo-Airline: [u'BA01']
2013-11-20 10:57:13,545: DEBUG: Acct-Session-Id: [u'AAATestNAS_34-1384925193465-00163E31DAF8-1']
2013-11-20 10:57:13,545: DEBUG: Acct-Session-Time: [10]
2013-11-20 10:57:13,545: DEBUG: Acct-Input-Packets: [21447]
2013-11-20 10:57:13,545: DEBUG: Acct-Output-Packets: [59556]
2013-11-20 10:57:13,546: DEBUG: GoGo-Acct-Output-Voice-Packets: [0]
2013-11-20 10:57:13,546: DEBUG: GoGo-Acct-Output-Voice-Octets: [0]
2013-11-20 10:57:13,546: DEBUG: Acct-Output-Gigawords: [0]
2013-11-20 10:57:13,546: DEBUG: GoGo-Total-Output-Voice-Packets: [0]
2013-11-20 10:57:13,546: DEBUG: Acct-Input-Gigawords: [0]
2013-11-20 10:57:13,546: DEBUG: Calling-Station-Id: [u'16:21:31:41:51:94']
2013-11-20 10:57:13,546: DEBUG: NAS-Port-Type: ['Wireless-802.11']
2013-11-20 10:57:13,546: DEBUG: GoGo-Total-Output-Voice-Octets: [0]
2013-11-20 10:57:13,546: DEBUG: GoGo-Private-IP-Address: ['192.168.1.179']
2013-11-20 10:57:13,546: DEBUG: GoGo-Acct-Input-Voice-Gigawords: [0]
2013-11-20 10:57:13,546: DEBUG: GoGo-Total-Input-Packets: [21447]
2013-11-20 10:57:13,547: DEBUG: GoGo-Total-Input-Gigawords: [0]
2013-11-20 10:57:13,547: DEBUG: GoGo-Acct-Input-Voice-Packets: [0]
2013-11-20 10:57:13,547: DEBUG: GoGo-Total-Input-Octets: [2832368]
2013-11-20 10:57:13,547: DEBUG: GoGo-Total-Output-Packets: [59556]
2013-11-20 10:57:13,547: DEBUG: WISPr-Location-ID: [u'airline=BA01,tail=01009,network=']
2013-11-20 10:57:13,547: DEBUG: GoGo-Acct-Output-Voice-Gigawords: [0]
2013-11-20 10:57:13,547: DEBUG: Acct-Input-Octets: [2832368]
2013-11-20 10:57:13,549: DEBUG: 

2013-11-20 10:57:13,549: DEBUG: Received response with following attributes:
2013-11-20 10:57:23,550: DEBUG: 

2013-11-20 10:57:23,551: DEBUG: Creating Accounting Update Request with the following Attributes:
2013-11-20 10:57:23,551: DEBUG: User-Name: [u'username55@airborne.aircell.com']
2013-11-20 10:57:23,552: DEBUG: GoGo-Tail-Number: [u'AAATestNAS_34']
2013-11-20 10:57:23,553: DEBUG: Acct-Output-Octets: [7403259]
2013-11-20 10:57:23,553: DEBUG: NAS-IP-Address: ['10.254.39.1']
2013-11-20 10:57:23,554: DEBUG: GoGo-Total-Output-Gigawords: [0]
2013-11-20 10:57:23,554: DEBUG: Framed-IP-Address: ['10.254.39.13']
2013-11-20 10:57:23,555: DEBUG: GoGo-Total-Input-Voice-Gigawords: [0]
2013-11-20 10:57:23,555: DEBUG: GoGo-Total-Output-Octets: [7403259]
2013-11-20 10:57:23,556: DEBUG: GoGo-Acct-Input-Voice-Octets: [0]
2013-11-20 10:57:23,556: DEBUG: GoGo-Total-Input-Voice-Packets: [0]
2013-11-20 10:57:23,557: DEBUG: Called-Station-Id: [u'00:16:3E:31:DA:F8']
2013-11-20 10:57:23,557: DEBUG: WISPr-Location-Name: [u'TEST LLC,BA01_01009']
2013-11-20 10:57:23,559: DEBUG: NAS-Identifier: [u'C08386']
2013-11-20 10:57:23,559: DEBUG: Proxy-State: ['3330,3132']
2013-11-20 10:57:23,560: DEBUG: GoGo-Total-Input-Voice-Octets: [0]
2013-11-20 10:57:23,560: DEBUG: Acct-Status-Type: ['Interim-Update']
2013-11-20 10:57:23,561: DEBUG: GoGo-Total-Output-Voice-Gigawords: [0]
2013-11-20 10:57:23,562: DEBUG: GoGo-Airline: [u'BA01']
2013-11-20 10:57:23,563: DEBUG: Acct-Session-Id: [u'AAATestNAS_34-1384925193465-00163E31DAF8-1']
2013-11-20 10:57:23,564: DEBUG: Acct-Session-Time: [10]
2013-11-20 10:57:23,565: DEBUG: Acct-Input-Packets: [51390]
2013-11-20 10:57:23,565: DEBUG: Acct-Output-Packets: [55776]
2013-11-20 10:57:23,566: DEBUG: GoGo-Acct-Output-Voice-Packets: [0]
2013-11-20 10:57:23,566: DEBUG: GoGo-Acct-Output-Voice-Octets: [0]
2013-11-20 10:57:23,567: DEBUG: Acct-Output-Gigawords: [0]
2013-11-20 10:57:23,567: DEBUG: GoGo-Total-Output-Voice-Packets: [0]
2013-11-20 10:57:23,567: DEBUG: Acct-Input-Gigawords: [0]
2013-11-20 10:57:23,567: DEBUG: Calling-Station-Id: [u'16:21:31:41:51:94']
2013-11-20 10:57:23,568: DEBUG: NAS-Port-Type: ['Wireless-802.11']
2013-11-20 10:57:23,568: DEBUG: GoGo-Total-Output-Voice-Octets: [0]
2013-11-20 10:57:23,568: DEBUG: GoGo-Private-IP-Address: ['192.168.1.179']
2013-11-20 10:57:23,569: DEBUG: GoGo-Acct-Input-Voice-Gigawords: [0]
2013-11-20 10:57:23,569: DEBUG: GoGo-Total-Input-Packets: [51390]
2013-11-20 10:57:23,570: DEBUG: GoGo-Total-Input-Gigawords: [0]
2013-11-20 10:57:23,571: DEBUG: GoGo-Acct-Input-Voice-Packets: [0]
2013-11-20 10:57:23,571: DEBUG: GoGo-Total-Input-Octets: [6325145]
2013-11-20 10:57:23,572: DEBUG: GoGo-Total-Output-Packets: [55776]
2013-11-20 10:57:23,572: DEBUG: WISPr-Location-ID: [u'airline=BA01,tail=01009,network=']
2013-11-20 10:57:23,573: DEBUG: GoGo-Acct-Output-Voice-Gigawords: [0]
2013-11-20 10:57:23,573: DEBUG: Acct-Input-Octets: [6325145]
2013-11-20 10:57:23,575: DEBUG: 

2013-11-20 10:57:23,576: DEBUG: Received response with following attributes:
2013-11-20 10:57:33,577: DEBUG: 

2013-11-20 10:57:33,577: DEBUG: Creating Accounting Update Request with the following Attributes:
2013-11-20 10:57:33,578: DEBUG: User-Name: [u'username55@airborne.aircell.com']
2013-11-20 10:57:33,578: DEBUG: GoGo-Tail-Number: [u'AAATestNAS_34']
2013-11-20 10:57:33,578: DEBUG: Acct-Output-Octets: [7415281]
2013-11-20 10:57:33,578: DEBUG: NAS-IP-Address: ['10.254.39.1']
2013-11-20 10:57:33,579: DEBUG: GoGo-Total-Output-Gigawords: [0]
2013-11-20 10:57:33,579: DEBUG: Framed-IP-Address: ['10.254.39.13']
2013-11-20 10:57:33,579: DEBUG: GoGo-Total-Input-Voice-Gigawords: [0]
2013-11-20 10:57:33,579: DEBUG: GoGo-Total-Output-Octets: [7415281]
2013-11-20 10:57:33,580: DEBUG: GoGo-Acct-Input-Voice-Octets: [0]
2013-11-20 10:57:33,580: DEBUG: GoGo-Total-Input-Voice-Packets: [0]
2013-11-20 10:57:33,580: DEBUG: Called-Station-Id: [u'00:16:3E:31:DA:F8']
2013-11-20 10:57:33,581: DEBUG: WISPr-Location-Name: [u'TEST LLC,BA01_01009']
2013-11-20 10:57:33,581: DEBUG: NAS-Identifier: [u'C08386']
2013-11-20 10:57:33,581: DEBUG: Proxy-State: ['3330,3132']
2013-11-20 10:57:33,581: DEBUG: GoGo-Total-Input-Voice-Octets: [0]
2013-11-20 10:57:33,582: DEBUG: Acct-Status-Type: ['Interim-Update']
2013-11-20 10:57:33,582: DEBUG: GoGo-Total-Output-Voice-Gigawords: [0]
2013-11-20 10:57:33,582: DEBUG: GoGo-Airline: [u'BA01']
2013-11-20 10:57:33,583: DEBUG: Acct-Session-Id: [u'AAATestNAS_34-1384925193465-00163E31DAF8-1']
2013-11-20 10:57:33,583: DEBUG: Acct-Session-Time: [10]
2013-11-20 10:57:33,584: DEBUG: Acct-Input-Packets: [10401]
2013-11-20 10:57:33,584: DEBUG: Acct-Output-Packets: [46568]
2013-11-20 10:57:33,584: DEBUG: GoGo-Acct-Output-Voice-Packets: [0]
2013-11-20 10:57:33,584: DEBUG: GoGo-Acct-Output-Voice-Octets: [0]
2013-11-20 10:57:33,585: DEBUG: Acct-Output-Gigawords: [0]
2013-11-20 10:57:33,585: DEBUG: GoGo-Total-Output-Voice-Packets: [0]
2013-11-20 10:57:33,585: DEBUG: Acct-Input-Gigawords: [0]
2013-11-20 10:57:33,586: DEBUG: Calling-Station-Id: [u'16:21:31:41:51:94']
2013-11-20 10:57:33,586: DEBUG: NAS-Port-Type: ['Wireless-802.11']
2013-11-20 10:57:33,586: DEBUG: GoGo-Total-Output-Voice-Octets: [0]
2013-11-20 10:57:33,586: DEBUG: GoGo-Private-IP-Address: ['192.168.1.179']
2013-11-20 10:57:33,587: DEBUG: GoGo-Acct-Input-Voice-Gigawords: [0]
2013-11-20 10:57:33,587: DEBUG: GoGo-Total-Input-Packets: [10401]
2013-11-20 10:57:33,587: DEBUG: GoGo-Total-Input-Gigawords: [0]
2013-11-20 10:57:33,587: DEBUG: GoGo-Acct-Input-Voice-Packets: [0]
2013-11-20 10:57:33,588: DEBUG: GoGo-Total-Input-Octets: [7394531]
2013-11-20 10:57:33,588: DEBUG: GoGo-Total-Output-Packets: [46568]
2013-11-20 10:57:33,588: DEBUG: WISPr-Location-ID: [u'airline=BA01,tail=01009,network=']
2013-11-20 10:57:33,588: DEBUG: GoGo-Acct-Output-Voice-Gigawords: [0]
2013-11-20 10:57:33,589: DEBUG: Acct-Input-Octets: [7394531]
2013-11-20 10:57:33,589: ERROR: Network error, Reason: 'Network error: Too many open files'
2013-11-20 10:57:43,590: DEBUG: 

2013-11-20 10:57:43,591: DEBUG: Creating Accounting Update Request with the following Attributes:
2013-11-20 10:57:43,591: DEBUG: User-Name: [u'username55@airborne.aircell.com']
2013-11-20 10:57:43,592: DEBUG: GoGo-Tail-Number: [u'AAATestNAS_34']
2013-11-20 10:57:43,592: DEBUG: Acct-Output-Octets: [3899499]
2013-11-20 10:57:43,592: DEBUG: NAS-IP-Address: ['10.254.39.1']
2013-11-20 10:57:43,592: DEBUG: GoGo-Total-Output-Gigawords: [0]
2013-11-20 10:57:43,593: DEBUG: Framed-IP-Address: ['10.254.39.13']
2013-11-20 10:57:43,593: DEBUG: GoGo-Total-Input-Voice-Gigawords: [0]
2013-11-20 10:57:43,593: DEBUG: GoGo-Total-Output-Octets: [3899499]
2013-11-20 10:57:43,593: DEBUG: GoGo-Acct-Input-Voice-Octets: [0]
2013-11-20 10:57:43,594: DEBUG: GoGo-Total-Input-Voice-Packets: [0]
2013-11-20 10:57:43,594: DEBUG: Called-Station-Id: [u'00:16:3E:31:DA:F8']
2013-11-20 10:57:43,594: DEBUG: WISPr-Location-Name: [u'TEST LLC,BA01_01009']
2013-11-20 10:57:43,595: DEBUG: NAS-Identifier: [u'C08386']
2013-11-20 10:57:43,595: DEBUG: Proxy-State: ['3330,3132']
2013-11-20 10:57:43,595: DEBUG: GoGo-Total-Input-Voice-Octets: [0]
2013-11-20 10:57:43,596: DEBUG: Acct-Status-Type: ['Interim-Update']
2013-11-20 10:57:43,596: DEBUG: GoGo-Total-Output-Voice-Gigawords: [0]
2013-11-20 10:57:43,597: DEBUG: GoGo-Airline: [u'BA01']
2013-11-20 10:57:43,598: DEBUG: Acct-Session-Id: [u'AAATestNAS_34-1384925193465-00163E31DAF8-1']
2013-11-20 10:57:43,598: DEBUG: Acct-Session-Time: [10]
2013-11-20 10:57:43,599: DEBUG: Acct-Input-Packets: [39480]
2013-11-20 10:57:43,599: DEBUG: Acct-Output-Packets: [14523]
2013-11-20 10:57:43,599: DEBUG: GoGo-Acct-Output-Voice-Packets: [0]
2013-11-20 10:57:43,600: DEBUG: GoGo-Acct-Output-Voice-Octets: [0]
2013-11-20 10:57:43,600: DEBUG: Acct-Output-Gigawords: [0]
2013-11-20 10:57:43,600: DEBUG: GoGo-Total-Output-Voice-Packets: [0]
2013-11-20 10:57:43,600: DEBUG: Acct-Input-Gigawords: [0]
2013-11-20 10:57:43,601: DEBUG: Calling-Station-Id: [u'16:21:31:41:51:94']
2013-11-20 10:57:43,601: DEBUG: NAS-Port-Type: ['Wireless-802.11']
2013-11-20 10:57:43,601: DEBUG: GoGo-Total-Output-Voice-Octets: [0]
2013-11-20 10:57:43,601: DEBUG: GoGo-Private-IP-Address: ['192.168.1.179']
2013-11-20 10:57:43,602: DEBUG: GoGo-Acct-Input-Voice-Gigawords: [0]
2013-11-20 10:57:43,602: DEBUG: GoGo-Total-Input-Packets: [39480]
2013-11-20 10:57:43,602: DEBUG: GoGo-Total-Input-Gigawords: [0]
2013-11-20 10:57:43,602: DEBUG: GoGo-Acct-Input-Voice-Packets: [0]
2013-11-20 10:57:43,603: DEBUG: GoGo-Total-Input-Octets: [6932787]
2013-11-20 10:57:43,603: DEBUG: GoGo-Total-Output-Packets: [14523]
2013-11-20 10:57:43,603: DEBUG: WISPr-Location-ID: [u'airline=BA01,tail=01009,network=']
2013-11-20 10:57:43,603: DEBUG: GoGo-Acct-Output-Voice-Gigawords: [0]
2013-11-20 10:57:43,604: DEBUG: Acct-Input-Octets: [6932787]
2013-11-20 10:57:43,604: ERROR: Network error, Reason: 'Network error: Too many open files'
2013-11-20 10:57:53,605: DEBUG: 

2013-11-20 10:57:53,605: DEBUG: Creating Accounting Update Request with the following Attributes:
2013-11-20 10:57:53,605: DEBUG: User-Name: [u'username55@airborne.aircell.com']
2013-11-20 10:57:53,606: DEBUG: GoGo-Tail-Number: [u'AAATestNAS_34']
2013-11-20 10:57:53,606: DEBUG: Acct-Output-Octets: [2955484]
2013-11-20 10:57:53,606: DEBUG: NAS-IP-Address: ['10.254.39.1']
2013-11-20 10:57:53,606: DEBUG: GoGo-Total-Output-Gigawords: [0]
2013-11-20 10:57:53,606: DEBUG: Framed-IP-Address: ['10.254.39.13']
2013-11-20 10:57:53,606: DEBUG: GoGo-Total-Input-Voice-Gigawords: [0]
2013-11-20 10:57:53,606: DEBUG: GoGo-Total-Output-Octets: [2955484]
2013-11-20 10:57:53,606: DEBUG: GoGo-Acct-Input-Voice-Octets: [0]
2013-11-20 10:57:53,606: DEBUG: GoGo-Total-Input-Voice-Packets: [0]
2013-11-20 10:57:53,607: DEBUG: Called-Station-Id: [u'00:16:3E:31:DA:F8']
2013-11-20 10:57:53,607: DEBUG: WISPr-Location-Name: [u'TEST LLC,BA01_01009']
2013-11-20 10:57:53,607: DEBUG: NAS-Identifier: [u'C08386']
2013-11-20 10:57:53,607: DEBUG: Proxy-State: ['3330,3132']
2013-11-20 10:57:53,607: DEBUG: GoGo-Total-Input-Voice-Octets: [0]
2013-11-20 10:57:53,607: DEBUG: Acct-Status-Type: ['Interim-Update']
2013-11-20 10:57:53,607: DEBUG: GoGo-Total-Output-Voice-Gigawords: [0]
2013-11-20 10:57:53,607: DEBUG: GoGo-Airline: [u'BA01']
2013-11-20 10:57:53,607: DEBUG: Acct-Session-Id: [u'AAATestNAS_34-1384925193465-00163E31DAF8-1']
2013-11-20 10:57:53,607: DEBUG: Acct-Session-Time: [10]
2013-11-20 10:57:53,608: DEBUG: Acct-Input-Packets: [37535]
2013-11-20 10:57:53,608: DEBUG: Acct-Output-Packets: [22609]
2013-11-20 10:57:53,608: DEBUG: GoGo-Acct-Output-Voice-Packets: [0]
2013-11-20 10:57:53,608: DEBUG: GoGo-Acct-Output-Voice-Octets: [0]
2013-11-20 10:57:53,608: DEBUG: Acct-Output-Gigawords: [0]
2013-11-20 10:57:53,608: DEBUG: GoGo-Total-Output-Voice-Packets: [0]
2013-11-20 10:57:53,608: DEBUG: Acct-Input-Gigawords: [0]
2013-11-20 10:57:53,608: DEBUG: Calling-Station-Id: [u'16:21:31:41:51:94']
2013-11-20 10:57:53,608: DEBUG: NAS-Port-Type: ['Wireless-802.11']
2013-11-20 10:57:53,609: DEBUG: GoGo-Total-Output-Voice-Octets: [0]
2013-11-20 10:57:53,609: DEBUG: GoGo-Private-IP-Address: ['192.168.1.179']
2013-11-20 10:57:53,609: DEBUG: GoGo-Acct-Input-Voice-Gigawords: [0]
2013-11-20 10:57:53,609: DEBUG: GoGo-Total-Input-Packets: [37535]
2013-11-20 10:57:53,609: DEBUG: GoGo-Total-Input-Gigawords: [0]
2013-11-20 10:57:53,609: DEBUG: GoGo-Acct-Input-Voice-Packets: [0]
2013-11-20 10:57:53,609: DEBUG: GoGo-Total-Input-Octets: [4208139]
2013-11-20 10:57:53,609: DEBUG: GoGo-Total-Output-Packets: [22609]
2013-11-20 10:57:53,609: DEBUG: WISPr-Location-ID: [u'airline=BA01,tail=01009,network=']
2013-11-20 10:57:53,609: DEBUG: GoGo-Acct-Output-Voice-Gigawords: [0]
2013-11-20 10:57:53,610: DEBUG: Acct-Input-Octets: [4208139]
2013-11-20 10:57:53,612: DEBUG: 

2013-11-20 10:57:53,612: DEBUG: Received response with following attributes:
2013-11-20 10:58:03,613: DEBUG: 

2013-11-20 10:58:03,613: DEBUG: Creating Accounting Update Request with the following Attributes:
2013-11-20 10:58:03,614: DEBUG: User-Name: [u'username55@airborne.aircell.com']
2013-11-20 10:58:03,614: DEBUG: GoGo-Tail-Number: [u'AAATestNAS_34']
2013-11-20 10:58:03,614: DEBUG: Acct-Output-Octets: [9491043]
2013-11-20 10:58:03,614: DEBUG: NAS-IP-Address: ['10.254.39.1']
2013-11-20 10:58:03,614: DEBUG: GoGo-Total-Output-Gigawords: [0]
2013-11-20 10:58:03,614: DEBUG: Framed-IP-Address: ['10.254.39.13']
2013-11-20 10:58:03,614: DEBUG: GoGo-Total-Input-Voice-Gigawords: [0]
2013-11-20 10:58:03,614: DEBUG: GoGo-Total-Output-Octets: [9491043]
2013-11-20 10:58:03,615: DEBUG: GoGo-Acct-Input-Voice-Octets: [0]
2013-11-20 10:58:03,615: DEBUG: GoGo-Total-Input-Voice-Packets: [0]
2013-11-20 10:58:03,615: DEBUG: Called-Station-Id: [u'00:16:3E:31:DA:F8']
2013-11-20 10:58:03,615: DEBUG: WISPr-Location-Name: [u'TEST LLC,BA01_01009']
2013-11-20 10:58:03,615: DEBUG: NAS-Identifier: [u'C08386']
2013-11-20 10:58:03,615: DEBUG: Proxy-State: ['3330,3132']
2013-11-20 10:58:03,615: DEBUG: GoGo-Total-Input-Voice-Octets: [0]
2013-11-20 10:58:03,615: DEBUG: Acct-Status-Type: ['Interim-Update']
2013-11-20 10:58:03,615: DEBUG: GoGo-Total-Output-Voice-Gigawords: [0]
2013-11-20 10:58:03,616: DEBUG: GoGo-Airline: [u'BA01']
2013-11-20 10:58:03,616: DEBUG: Acct-Session-Id: [u'AAATestNAS_34-1384925193465-00163E31DAF8-1']
2013-11-20 10:58:03,616: DEBUG: Acct-Session-Time: [10]
2013-11-20 10:58:03,616: DEBUG: Acct-Input-Packets: [20662]
2013-11-20 10:58:03,616: DEBUG: Acct-Output-Packets: [14541]
2013-11-20 10:58:03,616: DEBUG: GoGo-Acct-Output-Voice-Packets: [0]
2013-11-20 10:58:03,616: DEBUG: GoGo-Acct-Output-Voice-Octets: [0]
2013-11-20 10:58:03,616: DEBUG: Acct-Output-Gigawords: [0]
2013-11-20 10:58:03,616: DEBUG: GoGo-Total-Output-Voice-Packets: [0]
2013-11-20 10:58:03,616: DEBUG: Acct-Input-Gigawords: [0]
2013-11-20 10:58:03,617: DEBUG: Calling-Station-Id: [u'16:21:31:41:51:94']
2013-11-20 10:58:03,617: DEBUG: NAS-Port-Type: ['Wireless-802.11']
2013-11-20 10:58:03,617: DEBUG: GoGo-Total-Output-Voice-Octets: [0]
2013-11-20 10:58:03,617: DEBUG: GoGo-Private-IP-Address: ['192.168.1.179']
2013-11-20 10:58:03,617: DEBUG: GoGo-Acct-Input-Voice-Gigawords: [0]
2013-11-20 10:58:03,617: DEBUG: GoGo-Total-Input-Packets: [20662]
2013-11-20 10:58:03,617: DEBUG: GoGo-Total-Input-Gigawords: [0]
2013-11-20 10:58:03,617: DEBUG: GoGo-Acct-Input-Voice-Packets: [0]
2013-11-20 10:58:03,617: DEBUG: GoGo-Total-Input-Octets: [6719187]
2013-11-20 10:58:03,618: DEBUG: GoGo-Total-Output-Packets: [14541]
2013-11-20 10:58:03,618: DEBUG: WISPr-Location-ID: [u'airline=BA01,tail=01009,network=']
2013-11-20 10:58:03,618: DEBUG: GoGo-Acct-Output-Voice-Gigawords: [0]
2013-11-20 10:58:03,618: DEBUG: Acct-Input-Octets: [6719187]
2013-11-20 10:58:03,618: ERROR: Network error, Reason: 'Network error: Too many open files'
2013-11-20 10:58:09,618: DEBUG: 

2013-11-20 10:58:09,619: DEBUG: Creating Accounting Update Request with the following Attributes:
2013-11-20 10:58:09,619: DEBUG: User-Name: [u'username55@airborne.aircell.com']
2013-11-20 10:58:09,619: DEBUG: GoGo-Tail-Number: [u'AAATestNAS_34']
2013-11-20 10:58:09,619: DEBUG: Acct-Output-Octets: [4554943]
2013-11-20 10:58:09,619: DEBUG: NAS-IP-Address: ['10.254.39.1']
2013-11-20 10:58:09,619: DEBUG: GoGo-Total-Output-Gigawords: [0]
2013-11-20 10:58:09,619: DEBUG: Framed-IP-Address: ['10.254.39.13']
2013-11-20 10:58:09,619: DEBUG: GoGo-Total-Input-Voice-Gigawords: [0]
2013-11-20 10:58:09,620: DEBUG: GoGo-Total-Output-Octets: [4554943]
2013-11-20 10:58:09,620: DEBUG: GoGo-Acct-Input-Voice-Octets: [0]
2013-11-20 10:58:09,620: DEBUG: GoGo-Total-Input-Voice-Packets: [0]
2013-11-20 10:58:09,620: DEBUG: Called-Station-Id: [u'00:16:3E:31:DA:F8']
2013-11-20 10:58:09,620: DEBUG: WISPr-Location-Name: [u'TEST LLC,BA01_01009']
2013-11-20 10:58:09,620: DEBUG: NAS-Identifier: [u'C08386']
2013-11-20 10:58:09,620: DEBUG: Proxy-State: ['3330,3132']
2013-11-20 10:58:09,620: DEBUG: GoGo-Total-Input-Voice-Octets: [0]
2013-11-20 10:58:09,620: DEBUG: Acct-Status-Type: ['Interim-Update']
2013-11-20 10:58:09,621: DEBUG: GoGo-Total-Output-Voice-Gigawords: [0]
2013-11-20 10:58:09,621: DEBUG: GoGo-Airline: [u'BA01']
2013-11-20 10:58:09,621: DEBUG: Acct-Session-Id: [u'AAATestNAS_34-1384925193465-00163E31DAF8-1']
2013-11-20 10:58:09,621: DEBUG: Acct-Session-Time: [6]
2013-11-20 10:58:09,621: DEBUG: Acct-Input-Packets: [20898]
2013-11-20 10:58:09,621: DEBUG: Acct-Output-Packets: [31219]
2013-11-20 10:58:09,621: DEBUG: GoGo-Acct-Output-Voice-Packets: [0]
2013-11-20 10:58:09,621: DEBUG: GoGo-Acct-Output-Voice-Octets: [0]
2013-11-20 10:58:09,621: DEBUG: Acct-Output-Gigawords: [0]
2013-11-20 10:58:09,621: DEBUG: GoGo-Total-Output-Voice-Packets: [0]
2013-11-20 10:58:09,622: DEBUG: Acct-Input-Gigawords: [0]
2013-11-20 10:58:09,622: DEBUG: Calling-Station-Id: [u'16:21:31:41:51:94']
2013-11-20 10:58:09,622: DEBUG: NAS-Port-Type: ['Wireless-802.11']
2013-11-20 10:58:09,622: DEBUG: GoGo-Total-Output-Voice-Octets: [0]
2013-11-20 10:58:09,622: DEBUG: GoGo-Private-IP-Address: ['192.168.1.179']
2013-11-20 10:58:09,622: DEBUG: GoGo-Acct-Input-Voice-Gigawords: [0]
2013-11-20 10:58:09,622: DEBUG: GoGo-Total-Input-Packets: [20898]
2013-11-20 10:58:09,622: DEBUG: GoGo-Total-Input-Gigawords: [0]
2013-11-20 10:58:09,622: DEBUG: GoGo-Acct-Input-Voice-Packets: [0]
2013-11-20 10:58:09,622: DEBUG: GoGo-Total-Input-Octets: [3144472]
2013-11-20 10:58:09,622: DEBUG: GoGo-Total-Output-Packets: [31219]
2013-11-20 10:58:09,623: DEBUG: WISPr-Location-ID: [u'airline=BA01,tail=01009,network=']
2013-11-20 10:58:09,623: DEBUG: GoGo-Acct-Output-Voice-Gigawords: [0]
2013-11-20 10:58:09,623: DEBUG: Acct-Input-Octets: [3144472]
2013-11-20 10:58:09,625: DEBUG: 

2013-11-20 10:58:09,625: DEBUG: Received response with following attributes:
2013-11-20 10:58:33,626: DEBUG: 

2013-11-20 10:58:33,627: DEBUG: Creating Accounting Stop Request with the following Attributes:
2013-11-20 10:58:33,628: DEBUG: User-Name: [u'username55@airborne.aircell.com']
2013-11-20 10:58:33,628: DEBUG: GoGo-Tail-Number: [u'01009']
2013-11-20 10:58:33,628: DEBUG: Acct-Output-Octets: [7620585]
2013-11-20 10:58:33,628: DEBUG: NAS-IP-Address: ['10.254.39.1']
2013-11-20 10:58:33,629: DEBUG: GoGo-Total-Output-Gigawords: [0]
2013-11-20 10:58:33,629: DEBUG: Framed-IP-Address: ['10.254.39.13']
2013-11-20 10:58:33,629: DEBUG: GoGo-Total-Input-Voice-Gigawords: [0]
2013-11-20 10:58:33,629: DEBUG: GoGo-Total-Output-Octets: [7620585]
2013-11-20 10:58:33,629: DEBUG: GoGo-Acct-Input-Voice-Octets: [0]
2013-11-20 10:58:33,630: DEBUG: GoGo-Total-Input-Voice-Packets: [0]
2013-11-20 10:58:33,630: DEBUG: Called-Station-Id: [u'00:16:3E:31:DA:F8']
2013-11-20 10:58:33,630: DEBUG: WISPr-Location-Name: [u'TEST LLC,BA01_01009']
2013-11-20 10:58:33,630: DEBUG: NAS-Identifier: [u'C08386']
2013-11-20 10:58:33,630: DEBUG: Proxy-State: ['3330,3132']
2013-11-20 10:58:33,631: DEBUG: GoGo-Total-Input-Voice-Octets: [0]
2013-11-20 10:58:33,631: DEBUG: Acct-Status-Type: ['Stop']
2013-11-20 10:58:33,631: DEBUG: GoGo-Total-Output-Voice-Gigawords: [0]
2013-11-20 10:58:33,631: DEBUG: GoGo-Airline: [u'BA01']
2013-11-20 10:58:33,631: DEBUG: Acct-Session-Id: [u'AAATestNAS_34-1384925193465-00163E31DAF8-1']
2013-11-20 10:58:33,631: DEBUG: Acct-Session-Time: [24]
2013-11-20 10:58:33,632: DEBUG: Acct-Input-Packets: [32598]
2013-11-20 10:58:33,632: DEBUG: Acct-Output-Packets: [23448]
2013-11-20 10:58:33,632: DEBUG: Acct-Terminate-Cause: ['User-Request']
2013-11-20 10:58:33,632: DEBUG: GoGo-Acct-Output-Voice-Octets: [0]
2013-11-20 10:58:33,632: DEBUG: Acct-Output-Gigawords: [0]
2013-11-20 10:58:33,632: DEBUG: GoGo-Total-Output-Voice-Packets: [0]
2013-11-20 10:58:33,633: DEBUG: Acct-Input-Gigawords: [0]
2013-11-20 10:58:33,633: DEBUG: Calling-Station-Id: [u'16:21:31:41:51:94']
2013-11-20 10:58:33,633: DEBUG: NAS-Port-Type: ['Wireless-802.11']
2013-11-20 10:58:33,633: DEBUG: GoGo-Total-Output-Voice-Octets: [0]
2013-11-20 10:58:33,633: DEBUG: GoGo-Private-IP-Address: ['192.168.1.179']
2013-11-20 10:58:33,633: DEBUG: GoGo-Acct-Input-Voice-Gigawords: [0]
2013-11-20 10:58:33,634: DEBUG: GoGo-Total-Input-Packets: [32598]
2013-11-20 10:58:33,634: DEBUG: GoGo-Total-Input-Gigawords: [0]
2013-11-20 10:58:33,634: DEBUG: GoGo-Acct-Input-Voice-Packets: [0]
2013-11-20 10:58:33,634: DEBUG: GoGo-Total-Input-Octets: [5129664]
2013-11-20 10:58:33,634: DEBUG: GoGo-Total-Output-Packets: [23448]
2013-11-20 10:58:33,634: DEBUG: WISPr-Location-ID: [u'airline=BA01,tail=01009,network=']
2013-11-20 10:58:33,635: DEBUG: GoGo-Acct-Output-Voice-Packets: [0]
2013-11-20 10:58:33,635: DEBUG: GoGo-Acct-Output-Voice-Gigawords: [0]
2013-11-20 10:58:33,635: DEBUG: Acct-Input-Octets: [5129664]
2013-11-20 10:58:33,635: ERROR: Network error, Reason: 'Network error: Too many open files'
2013-11-20 10:58:33,635: ERROR: Ending the test for this user
2013-11-20 10:58:33,635: DEBUG: Ending the test for this user
