2013-11-20 10:55:41,430: DEBUG: Starting the client for the user username17@airborne.aircell.com to the server localhost

2013-11-20 10:55:41,430: DEBUG: DURATION of the TEST: 96
2013-11-20 10:55:41,430: DEBUG: NAS-IP: 10.254.106.1
2013-11-20 10:55:41,430: DEBUG: NAS-MAC-ADDR: 17:21:31:41:52:71
2013-11-20 10:55:41,430: DEBUG: Abruptly End: False
2013-11-20 10:55:41,430: DEBUG: Framed-IP: 10.254.106.88
2013-11-20 10:55:41,430: DEBUG: User-MAC-Addr: 00:16:3E:2E:76:A7
2013-11-20 10:55:41,431: DEBUG: 

2013-11-20 10:55:41,431: DEBUG: Creating Authentication Request with the following Attributes:
2013-11-20 10:55:41,431: DEBUG: NAS-Identifier: [u'C08386']
2013-11-20 10:55:41,431: DEBUG: User-Name: [u'username17@airborne.aircell.com']
2013-11-20 10:55:41,431: DEBUG: NAS-IP-Address: ['10.254.106.1']
2013-11-20 10:55:41,431: DEBUG: Service-Type: ['Authenticate-Only']
2013-11-20 10:55:41,431: DEBUG: Proxy-State: ['3237,3134']
2013-11-20 10:55:41,431: DEBUG: Framed-IP-Address: ['10.254.106.88']
2013-11-20 10:55:41,432: DEBUG: GoGo-Airline: [u'BA01']
2013-11-20 10:55:41,432: DEBUG: Acct-Session-Id: [u'AAATestNAS_101-1384925141431-00163E2E76A7-1']
2013-11-20 10:55:41,432: DEBUG: GoGo-Tail-Number: [u'AAATestNAS_101']
2013-11-20 10:55:41,432: DEBUG: GoGo-Private-IP-Address: ['192.168.1.179']
2013-11-20 10:55:41,432: DEBUG: WISPr-Location-ID: [u'airline=BA01,tail=01009,network=']
2013-11-20 10:55:41,432: DEBUG: WISPr-Location-Name: [u'TEST LLC,BA01_01009']
2013-11-20 10:55:41,432: DEBUG: NAS-Port-Type: ['Wireless-802.11']
2013-11-20 10:55:41,432: DEBUG: Called-Station-Id: [u'00:16:3E:2E:76:A7']
2013-11-20 10:55:41,432: DEBUG: Calling-Station-Id: [u'17:21:31:41:52:71']
2013-11-20 10:55:41,433: DEBUG: 

2013-11-20 10:55:41,433: DEBUG: Received response with code: 2, Accepted
2013-11-20 10:55:41,434: DEBUG: Creating Authentication Request with the following Attributes:
2013-11-20 10:55:41,434: DEBUG: NAS-Identifier: [u'C08386']
2013-11-20 10:55:41,434: DEBUG: User-Name: [u'username17@airborne.aircell.com']
2013-11-20 10:55:41,434: DEBUG: NAS-IP-Address: ['10.254.106.1']
2013-11-20 10:55:41,434: DEBUG: Service-Type: ['Login-User']
2013-11-20 10:55:41,434: DEBUG: Proxy-State: ['3237,3134']
2013-11-20 10:55:41,434: DEBUG: Framed-IP-Address: ['10.254.106.88']
2013-11-20 10:55:41,434: DEBUG: GoGo-Airline: [u'BA01']
2013-11-20 10:55:41,434: DEBUG: Acct-Session-Id: [u'AAATestNAS_101-1384925141433-00163E2E76A7-1']
2013-11-20 10:55:41,434: DEBUG: GoGo-Tail-Number: [u'AAATestNAS_101']
2013-11-20 10:55:41,434: DEBUG: GoGo-Private-IP-Address: ['192.168.1.179']
2013-11-20 10:55:41,435: DEBUG: WISPr-Location-ID: [u'airline=BA01,tail=01009,network=']
2013-11-20 10:55:41,435: DEBUG: WISPr-Location-Name: [u'TEST LLC,BA01_01009']
2013-11-20 10:55:41,435: DEBUG: NAS-Port-Type: ['Wireless-802.11']
2013-11-20 10:55:41,435: DEBUG: Called-Station-Id: [u'00:16:3E:2E:76:A7']
2013-11-20 10:55:41,435: DEBUG: Calling-Station-Id: [u'17:21:31:41:52:71']
2013-11-20 10:55:41,436: DEBUG: 

2013-11-20 10:55:41,436: DEBUG: Received response with code: 2, Accepted
2013-11-20 10:55:41,436: DEBUG: 

2013-11-20 10:55:41,436: DEBUG: Creating Accounting start Request with the following Attributes:
2013-11-20 10:55:41,436: DEBUG: NAS-Identifier: [u'C08386']
2013-11-20 10:55:41,436: DEBUG: User-Name: [u'username17@airborne.aircell.com']
2013-11-20 10:55:41,436: DEBUG: GoGo-Tail-Number: [u'AAATestNAS_101']
2013-11-20 10:55:41,436: DEBUG: NAS-IP-Address: ['10.254.106.1']
2013-11-20 10:55:41,436: DEBUG: Proxy-State: ['3239,3131']
2013-11-20 10:55:41,436: DEBUG: Acct-Status-Type: ['Start']
2013-11-20 10:55:41,437: DEBUG: GoGo-Airline: [u'BA01']
2013-11-20 10:55:41,437: DEBUG: Acct-Session-Id: [u'AAATestNAS_101-1384925141433-00163E2E76A7-1']
2013-11-20 10:55:41,437: DEBUG: GoGo-Private-IP-Address: ['192.168.1.179']
2013-11-20 10:55:41,437: DEBUG: Framed-IP-Address: ['10.254.106.88']
2013-11-20 10:55:41,437: DEBUG: WISPr-Location-ID: [u'airline=BA01,tail=01009,network=']
2013-11-20 10:55:41,437: DEBUG: WISPr-Location-Name: [u'TEST LLC,BA01_01009']
2013-11-20 10:55:41,437: DEBUG: NAS-Port-Type: ['Wireless-802.11']
2013-11-20 10:55:41,437: DEBUG: Called-Station-Id: [u'00:16:3E:2E:76:A7']
2013-11-20 10:55:41,437: DEBUG: Calling-Station-Id: [u'17:21:31:41:52:71']
2013-11-20 10:55:41,438: DEBUG: 

2013-11-20 10:55:41,438: DEBUG: Received response with following attributes:
2013-11-20 10:55:51,439: DEBUG: 

2013-11-20 10:55:51,439: DEBUG: Creating Accounting Update Request with the following Attributes:
2013-11-20 10:55:51,439: DEBUG: User-Name: [u'username17@airborne.aircell.com']
2013-11-20 10:55:51,439: DEBUG: GoGo-Tail-Number: [u'AAATestNAS_101']
2013-11-20 10:55:51,439: DEBUG: Acct-Output-Octets: [9734991]
2013-11-20 10:55:51,440: DEBUG: NAS-IP-Address: ['10.254.106.1']
2013-11-20 10:55:51,440: DEBUG: GoGo-Total-Output-Gigawords: [0]
2013-11-20 10:55:51,440: DEBUG: Framed-IP-Address: ['10.254.106.88']
2013-11-20 10:55:51,440: DEBUG: GoGo-Total-Input-Voice-Gigawords: [0]
2013-11-20 10:55:51,440: DEBUG: GoGo-Total-Output-Octets: [9734991]
2013-11-20 10:55:51,440: DEBUG: GoGo-Acct-Input-Voice-Octets: [0]
2013-11-20 10:55:51,440: DEBUG: GoGo-Total-Input-Voice-Packets: [0]
2013-11-20 10:55:51,440: DEBUG: Called-Station-Id: [u'00:16:3E:2E:76:A7']
2013-11-20 10:55:51,440: DEBUG: WISPr-Location-Name: [u'TEST LLC,BA01_01009']
2013-11-20 10:55:51,440: DEBUG: NAS-Identifier: [u'C08386']
2013-11-20 10:55:51,440: DEBUG: Proxy-State: ['3330,3132']
2013-11-20 10:55:51,440: DEBUG: GoGo-Total-Input-Voice-Octets: [0]
2013-11-20 10:55:51,440: DEBUG: Acct-Status-Type: ['Interim-Update']
2013-11-20 10:55:51,440: DEBUG: GoGo-Total-Output-Voice-Gigawords: [0]
2013-11-20 10:55:51,440: DEBUG: GoGo-Airline: [u'BA01']
2013-11-20 10:55:51,441: DEBUG: Acct-Session-Id: [u'AAATestNAS_101-1384925141433-00163E2E76A7-1']
2013-11-20 10:55:51,441: DEBUG: Acct-Session-Time: [10]
2013-11-20 10:55:51,441: DEBUG: Acct-Input-Packets: [30241]
2013-11-20 10:55:51,441: DEBUG: Acct-Output-Packets: [41041]
2013-11-20 10:55:51,441: DEBUG: GoGo-Acct-Output-Voice-Packets: [0]
2013-11-20 10:55:51,441: DEBUG: GoGo-Acct-Output-Voice-Octets: [0]
2013-11-20 10:55:51,441: DEBUG: Acct-Output-Gigawords: [0]
2013-11-20 10:55:51,441: DEBUG: GoGo-Total-Output-Voice-Packets: [0]
2013-11-20 10:55:51,441: DEBUG: Acct-Input-Gigawords: [0]
2013-11-20 10:55:51,441: DEBUG: Calling-Station-Id: [u'17:21:31:41:52:71']
2013-11-20 10:55:51,441: DEBUG: NAS-Port-Type: ['Wireless-802.11']
2013-11-20 10:55:51,441: DEBUG: GoGo-Total-Output-Voice-Octets: [0]
2013-11-20 10:55:51,441: DEBUG: GoGo-Private-IP-Address: ['192.168.1.179']
2013-11-20 10:55:51,441: DEBUG: GoGo-Acct-Input-Voice-Gigawords: [0]
2013-11-20 10:55:51,441: DEBUG: GoGo-Total-Input-Packets: [30241]
2013-11-20 10:55:51,442: DEBUG: GoGo-Total-Input-Gigawords: [0]
2013-11-20 10:55:51,442: DEBUG: GoGo-Acct-Input-Voice-Packets: [0]
2013-11-20 10:55:51,442: DEBUG: GoGo-Total-Input-Octets: [4071996]
2013-11-20 10:55:51,442: DEBUG: GoGo-Total-Output-Packets: [41041]
2013-11-20 10:55:51,442: DEBUG: WISPr-Location-ID: [u'airline=BA01,tail=01009,network=']
2013-11-20 10:55:51,442: DEBUG: GoGo-Acct-Output-Voice-Gigawords: [0]
2013-11-20 10:55:51,442: DEBUG: Acct-Input-Octets: [4071996]
2013-11-20 10:55:51,443: DEBUG: 

2013-11-20 10:55:51,444: DEBUG: Received response with following attributes:
2013-11-20 10:56:01,444: DEBUG: 

2013-11-20 10:56:01,444: DEBUG: Creating Accounting Update Request with the following Attributes:
2013-11-20 10:56:01,445: DEBUG: User-Name: [u'username17@airborne.aircell.com']
2013-11-20 10:56:01,445: DEBUG: GoGo-Tail-Number: [u'AAATestNAS_101']
2013-11-20 10:56:01,445: DEBUG: Acct-Output-Octets: [3420110]
2013-11-20 10:56:01,445: DEBUG: NAS-IP-Address: ['10.254.106.1']
2013-11-20 10:56:01,445: DEBUG: GoGo-Total-Output-Gigawords: [0]
2013-11-20 10:56:01,445: DEBUG: Framed-IP-Address: ['10.254.106.88']
2013-11-20 10:56:01,445: DEBUG: GoGo-Total-Input-Voice-Gigawords: [0]
2013-11-20 10:56:01,446: DEBUG: GoGo-Total-Output-Octets: [3420110]
2013-11-20 10:56:01,446: DEBUG: GoGo-Acct-Input-Voice-Octets: [0]
2013-11-20 10:56:01,446: DEBUG: GoGo-Total-Input-Voice-Packets: [0]
2013-11-20 10:56:01,446: DEBUG: Called-Station-Id: [u'00:16:3E:2E:76:A7']
2013-11-20 10:56:01,446: DEBUG: WISPr-Location-Name: [u'TEST LLC,BA01_01009']
2013-11-20 10:56:01,446: DEBUG: NAS-Identifier: [u'C08386']
2013-11-20 10:56:01,446: DEBUG: Proxy-State: ['3330,3132']
2013-11-20 10:56:01,446: DEBUG: GoGo-Total-Input-Voice-Octets: [0]
2013-11-20 10:56:01,447: DEBUG: Acct-Status-Type: ['Interim-Update']
2013-11-20 10:56:01,447: DEBUG: GoGo-Total-Output-Voice-Gigawords: [0]
2013-11-20 10:56:01,447: DEBUG: GoGo-Airline: [u'BA01']
2013-11-20 10:56:01,447: DEBUG: Acct-Session-Id: [u'AAATestNAS_101-1384925141433-00163E2E76A7-1']
2013-11-20 10:56:01,447: DEBUG: Acct-Session-Time: [10]
2013-11-20 10:56:01,447: DEBUG: Acct-Input-Packets: [82534]
2013-11-20 10:56:01,447: DEBUG: Acct-Output-Packets: [18848]
2013-11-20 10:56:01,447: DEBUG: GoGo-Acct-Output-Voice-Packets: [0]
2013-11-20 10:56:01,447: DEBUG: GoGo-Acct-Output-Voice-Octets: [0]
2013-11-20 10:56:01,448: DEBUG: Acct-Output-Gigawords: [0]
2013-11-20 10:56:01,448: DEBUG: GoGo-Total-Output-Voice-Packets: [0]
2013-11-20 10:56:01,448: DEBUG: Acct-Input-Gigawords: [0]
2013-11-20 10:56:01,448: DEBUG: Calling-Station-Id: [u'17:21:31:41:52:71']
2013-11-20 10:56:01,448: DEBUG: NAS-Port-Type: ['Wireless-802.11']
2013-11-20 10:56:01,448: DEBUG: GoGo-Total-Output-Voice-Octets: [0]
2013-11-20 10:56:01,448: DEBUG: GoGo-Private-IP-Address: ['192.168.1.179']
2013-11-20 10:56:01,448: DEBUG: GoGo-Acct-Input-Voice-Gigawords: [0]
2013-11-20 10:56:01,448: DEBUG: GoGo-Total-Input-Packets: [82534]
2013-11-20 10:56:01,449: DEBUG: GoGo-Total-Input-Gigawords: [0]
2013-11-20 10:56:01,449: DEBUG: GoGo-Acct-Input-Voice-Packets: [0]
2013-11-20 10:56:01,449: DEBUG: GoGo-Total-Input-Octets: [9396502]
2013-11-20 10:56:01,449: DEBUG: GoGo-Total-Output-Packets: [18848]
2013-11-20 10:56:01,449: DEBUG: WISPr-Location-ID: [u'airline=BA01,tail=01009,network=']
2013-11-20 10:56:01,449: DEBUG: GoGo-Acct-Output-Voice-Gigawords: [0]
2013-11-20 10:56:01,449: DEBUG: Acct-Input-Octets: [9396502]
2013-11-20 10:56:01,451: DEBUG: 

2013-11-20 10:56:01,451: DEBUG: Received response with following attributes:
2013-11-20 10:56:11,451: DEBUG: 

2013-11-20 10:56:11,452: DEBUG: Creating Accounting Update Request with the following Attributes:
2013-11-20 10:56:11,452: DEBUG: User-Name: [u'username17@airborne.aircell.com']
2013-11-20 10:56:11,452: DEBUG: GoGo-Tail-Number: [u'AAATestNAS_101']
2013-11-20 10:56:11,452: DEBUG: Acct-Output-Octets: [5718812]
2013-11-20 10:56:11,452: DEBUG: NAS-IP-Address: ['10.254.106.1']
2013-11-20 10:56:11,452: DEBUG: GoGo-Total-Output-Gigawords: [0]
2013-11-20 10:56:11,452: DEBUG: Framed-IP-Address: ['10.254.106.88']
2013-11-20 10:56:11,452: DEBUG: GoGo-Total-Input-Voice-Gigawords: [0]
2013-11-20 10:56:11,452: DEBUG: GoGo-Total-Output-Octets: [5718812]
2013-11-20 10:56:11,452: DEBUG: GoGo-Acct-Input-Voice-Octets: [0]
2013-11-20 10:56:11,453: DEBUG: GoGo-Total-Input-Voice-Packets: [0]
2013-11-20 10:56:11,453: DEBUG: Called-Station-Id: [u'00:16:3E:2E:76:A7']
2013-11-20 10:56:11,453: DEBUG: WISPr-Location-Name: [u'TEST LLC,BA01_01009']
2013-11-20 10:56:11,453: DEBUG: NAS-Identifier: [u'C08386']
2013-11-20 10:56:11,453: DEBUG: Proxy-State: ['3330,3132']
2013-11-20 10:56:11,453: DEBUG: GoGo-Total-Input-Voice-Octets: [0]
2013-11-20 10:56:11,453: DEBUG: Acct-Status-Type: ['Interim-Update']
2013-11-20 10:56:11,453: DEBUG: GoGo-Total-Output-Voice-Gigawords: [0]
2013-11-20 10:56:11,453: DEBUG: GoGo-Airline: [u'BA01']
2013-11-20 10:56:11,453: DEBUG: Acct-Session-Id: [u'AAATestNAS_101-1384925141433-00163E2E76A7-1']
2013-11-20 10:56:11,453: DEBUG: Acct-Session-Time: [10]
2013-11-20 10:56:11,453: DEBUG: Acct-Input-Packets: [77369]
2013-11-20 10:56:11,453: DEBUG: Acct-Output-Packets: [20483]
2013-11-20 10:56:11,453: DEBUG: GoGo-Acct-Output-Voice-Packets: [0]
2013-11-20 10:56:11,454: DEBUG: GoGo-Acct-Output-Voice-Octets: [0]
2013-11-20 10:56:11,454: DEBUG: Acct-Output-Gigawords: [0]
2013-11-20 10:56:11,454: DEBUG: GoGo-Total-Output-Voice-Packets: [0]
2013-11-20 10:56:11,454: DEBUG: Acct-Input-Gigawords: [0]
2013-11-20 10:56:11,454: DEBUG: Calling-Station-Id: [u'17:21:31:41:52:71']
2013-11-20 10:56:11,454: DEBUG: NAS-Port-Type: ['Wireless-802.11']
2013-11-20 10:56:11,454: DEBUG: GoGo-Total-Output-Voice-Octets: [0]
2013-11-20 10:56:11,454: DEBUG: GoGo-Private-IP-Address: ['192.168.1.179']
2013-11-20 10:56:11,454: DEBUG: GoGo-Acct-Input-Voice-Gigawords: [0]
2013-11-20 10:56:11,454: DEBUG: GoGo-Total-Input-Packets: [77369]
2013-11-20 10:56:11,454: DEBUG: GoGo-Total-Input-Gigawords: [0]
2013-11-20 10:56:11,454: DEBUG: GoGo-Acct-Input-Voice-Packets: [0]
2013-11-20 10:56:11,454: DEBUG: GoGo-Total-Input-Octets: [7852578]
2013-11-20 10:56:11,454: DEBUG: GoGo-Total-Output-Packets: [20483]
2013-11-20 10:56:11,455: DEBUG: WISPr-Location-ID: [u'airline=BA01,tail=01009,network=']
2013-11-20 10:56:11,455: DEBUG: GoGo-Acct-Output-Voice-Gigawords: [0]
2013-11-20 10:56:11,455: DEBUG: Acct-Input-Octets: [7852578]
2013-11-20 10:56:11,457: DEBUG: 

2013-11-20 10:56:11,457: DEBUG: Received response with following attributes:
2013-11-20 10:56:21,458: DEBUG: 

2013-11-20 10:56:21,459: DEBUG: Creating Accounting Update Request with the following Attributes:
2013-11-20 10:56:21,460: DEBUG: User-Name: [u'username17@airborne.aircell.com']
2013-11-20 10:56:21,461: DEBUG: GoGo-Tail-Number: [u'AAATestNAS_101']
2013-11-20 10:56:21,462: DEBUG: Acct-Output-Octets: [5798196]
2013-11-20 10:56:21,462: DEBUG: NAS-IP-Address: ['10.254.106.1']
2013-11-20 10:56:21,462: DEBUG: GoGo-Total-Output-Gigawords: [0]
2013-11-20 10:56:21,463: DEBUG: Framed-IP-Address: ['10.254.106.88']
2013-11-20 10:56:21,463: DEBUG: GoGo-Total-Input-Voice-Gigawords: [0]
2013-11-20 10:56:21,463: DEBUG: GoGo-Total-Output-Octets: [5798196]
2013-11-20 10:56:21,464: DEBUG: GoGo-Acct-Input-Voice-Octets: [0]
2013-11-20 10:56:21,464: DEBUG: GoGo-Total-Input-Voice-Packets: [0]
2013-11-20 10:56:21,464: DEBUG: Called-Station-Id: [u'00:16:3E:2E:76:A7']
2013-11-20 10:56:21,465: DEBUG: WISPr-Location-Name: [u'TEST LLC,BA01_01009']
2013-11-20 10:56:21,465: DEBUG: NAS-Identifier: [u'C08386']
2013-11-20 10:56:21,465: DEBUG: Proxy-State: ['3330,3132']
2013-11-20 10:56:21,465: DEBUG: GoGo-Total-Input-Voice-Octets: [0]
2013-11-20 10:56:21,466: DEBUG: Acct-Status-Type: ['Interim-Update']
2013-11-20 10:56:21,466: DEBUG: GoGo-Total-Output-Voice-Gigawords: [0]
2013-11-20 10:56:21,466: DEBUG: GoGo-Airline: [u'BA01']
2013-11-20 10:56:21,466: DEBUG: Acct-Session-Id: [u'AAATestNAS_101-1384925141433-00163E2E76A7-1']
2013-11-20 10:56:21,466: DEBUG: Acct-Session-Time: [10]
2013-11-20 10:56:21,467: DEBUG: Acct-Input-Packets: [18605]
2013-11-20 10:56:21,467: DEBUG: Acct-Output-Packets: [27572]
2013-11-20 10:56:21,467: DEBUG: GoGo-Acct-Output-Voice-Packets: [0]
2013-11-20 10:56:21,468: DEBUG: GoGo-Acct-Output-Voice-Octets: [0]
2013-11-20 10:56:21,468: DEBUG: Acct-Output-Gigawords: [0]
2013-11-20 10:56:21,468: DEBUG: GoGo-Total-Output-Voice-Packets: [0]
2013-11-20 10:56:21,468: DEBUG: Acct-Input-Gigawords: [0]
2013-11-20 10:56:21,468: DEBUG: Calling-Station-Id: [u'17:21:31:41:52:71']
2013-11-20 10:56:21,469: DEBUG: NAS-Port-Type: ['Wireless-802.11']
2013-11-20 10:56:21,469: DEBUG: GoGo-Total-Output-Voice-Octets: [0]
2013-11-20 10:56:21,469: DEBUG: GoGo-Private-IP-Address: ['192.168.1.179']
2013-11-20 10:56:21,469: DEBUG: GoGo-Acct-Input-Voice-Gigawords: [0]
2013-11-20 10:56:21,469: DEBUG: GoGo-Total-Input-Packets: [18605]
2013-11-20 10:56:21,469: DEBUG: GoGo-Total-Input-Gigawords: [0]
2013-11-20 10:56:21,470: DEBUG: GoGo-Acct-Input-Voice-Packets: [0]
2013-11-20 10:56:21,470: DEBUG: GoGo-Total-Input-Octets: [7239568]
2013-11-20 10:56:21,470: DEBUG: GoGo-Total-Output-Packets: [27572]
2013-11-20 10:56:21,470: DEBUG: WISPr-Location-ID: [u'airline=BA01,tail=01009,network=']
2013-11-20 10:56:21,470: DEBUG: GoGo-Acct-Output-Voice-Gigawords: [0]
2013-11-20 10:56:21,470: DEBUG: Acct-Input-Octets: [7239568]
2013-11-20 10:56:21,471: DEBUG: 

2013-11-20 10:56:21,472: DEBUG: Received response with following attributes:
2013-11-20 10:56:31,473: DEBUG: 

2013-11-20 10:56:31,473: DEBUG: Creating Accounting Update Request with the following Attributes:
2013-11-20 10:56:31,474: DEBUG: User-Name: [u'username17@airborne.aircell.com']
2013-11-20 10:56:31,474: DEBUG: GoGo-Tail-Number: [u'AAATestNAS_101']
2013-11-20 10:56:31,474: DEBUG: Acct-Output-Octets: [5111766]
2013-11-20 10:56:31,474: DEBUG: NAS-IP-Address: ['10.254.106.1']
2013-11-20 10:56:31,475: DEBUG: GoGo-Total-Output-Gigawords: [0]
2013-11-20 10:56:31,475: DEBUG: Framed-IP-Address: ['10.254.106.88']
2013-11-20 10:56:31,475: DEBUG: GoGo-Total-Input-Voice-Gigawords: [0]
2013-11-20 10:56:31,475: DEBUG: GoGo-Total-Output-Octets: [5111766]
2013-11-20 10:56:31,476: DEBUG: GoGo-Acct-Input-Voice-Octets: [0]
2013-11-20 10:56:31,476: DEBUG: GoGo-Total-Input-Voice-Packets: [0]
2013-11-20 10:56:31,477: DEBUG: Called-Station-Id: [u'00:16:3E:2E:76:A7']
2013-11-20 10:56:31,477: DEBUG: WISPr-Location-Name: [u'TEST LLC,BA01_01009']
2013-11-20 10:56:31,477: DEBUG: NAS-Identifier: [u'C08386']
2013-11-20 10:56:31,478: DEBUG: Proxy-State: ['3330,3132']
2013-11-20 10:56:31,478: DEBUG: GoGo-Total-Input-Voice-Octets: [0]
2013-11-20 10:56:31,478: DEBUG: Acct-Status-Type: ['Interim-Update']
2013-11-20 10:56:31,478: DEBUG: GoGo-Total-Output-Voice-Gigawords: [0]
2013-11-20 10:56:31,478: DEBUG: GoGo-Airline: [u'BA01']
2013-11-20 10:56:31,478: DEBUG: Acct-Session-Id: [u'AAATestNAS_101-1384925141433-00163E2E76A7-1']
2013-11-20 10:56:31,479: DEBUG: Acct-Session-Time: [10]
2013-11-20 10:56:31,480: DEBUG: Acct-Input-Packets: [16112]
2013-11-20 10:56:31,480: DEBUG: Acct-Output-Packets: [39249]
2013-11-20 10:56:31,480: DEBUG: GoGo-Acct-Output-Voice-Packets: [0]
2013-11-20 10:56:31,480: DEBUG: GoGo-Acct-Output-Voice-Octets: [0]
2013-11-20 10:56:31,481: DEBUG: Acct-Output-Gigawords: [0]
2013-11-20 10:56:31,481: DEBUG: GoGo-Total-Output-Voice-Packets: [0]
2013-11-20 10:56:31,482: DEBUG: Acct-Input-Gigawords: [0]
2013-11-20 10:56:31,482: DEBUG: Calling-Station-Id: [u'17:21:31:41:52:71']
2013-11-20 10:56:31,483: DEBUG: NAS-Port-Type: ['Wireless-802.11']
2013-11-20 10:56:31,483: DEBUG: GoGo-Total-Output-Voice-Octets: [0]
2013-11-20 10:56:31,484: DEBUG: GoGo-Private-IP-Address: ['192.168.1.179']
2013-11-20 10:56:31,484: DEBUG: GoGo-Acct-Input-Voice-Gigawords: [0]
2013-11-20 10:56:31,485: DEBUG: GoGo-Total-Input-Packets: [16112]
2013-11-20 10:56:31,485: DEBUG: GoGo-Total-Input-Gigawords: [0]
2013-11-20 10:56:31,486: DEBUG: GoGo-Acct-Input-Voice-Packets: [0]
2013-11-20 10:56:31,486: DEBUG: GoGo-Total-Input-Octets: [3342120]
2013-11-20 10:56:31,487: DEBUG: GoGo-Total-Output-Packets: [39249]
2013-11-20 10:56:31,488: DEBUG: WISPr-Location-ID: [u'airline=BA01,tail=01009,network=']
2013-11-20 10:56:31,488: DEBUG: GoGo-Acct-Output-Voice-Gigawords: [0]
2013-11-20 10:56:31,488: DEBUG: Acct-Input-Octets: [3342120]
2013-11-20 10:56:31,490: DEBUG: 

2013-11-20 10:56:31,491: DEBUG: Received response with following attributes:
2013-11-20 10:56:41,492: DEBUG: 

2013-11-20 10:56:41,492: DEBUG: Creating Accounting Update Request with the following Attributes:
2013-11-20 10:56:41,493: DEBUG: User-Name: [u'username17@airborne.aircell.com']
2013-11-20 10:56:41,493: DEBUG: GoGo-Tail-Number: [u'AAATestNAS_101']
2013-11-20 10:56:41,493: DEBUG: Acct-Output-Octets: [1062955]
2013-11-20 10:56:41,493: DEBUG: NAS-IP-Address: ['10.254.106.1']
2013-11-20 10:56:41,493: DEBUG: GoGo-Total-Output-Gigawords: [0]
2013-11-20 10:56:41,493: DEBUG: Framed-IP-Address: ['10.254.106.88']
2013-11-20 10:56:41,493: DEBUG: GoGo-Total-Input-Voice-Gigawords: [0]
2013-11-20 10:56:41,493: DEBUG: GoGo-Total-Output-Octets: [1062955]
2013-11-20 10:56:41,493: DEBUG: GoGo-Acct-Input-Voice-Octets: [0]
2013-11-20 10:56:41,493: DEBUG: GoGo-Total-Input-Voice-Packets: [0]
2013-11-20 10:56:41,494: DEBUG: Called-Station-Id: [u'00:16:3E:2E:76:A7']
2013-11-20 10:56:41,494: DEBUG: WISPr-Location-Name: [u'TEST LLC,BA01_01009']
2013-11-20 10:56:41,494: DEBUG: NAS-Identifier: [u'C08386']
2013-11-20 10:56:41,494: DEBUG: Proxy-State: ['3330,3132']
2013-11-20 10:56:41,494: DEBUG: GoGo-Total-Input-Voice-Octets: [0]
2013-11-20 10:56:41,494: DEBUG: Acct-Status-Type: ['Interim-Update']
2013-11-20 10:56:41,494: DEBUG: GoGo-Total-Output-Voice-Gigawords: [0]
2013-11-20 10:56:41,494: DEBUG: GoGo-Airline: [u'BA01']
2013-11-20 10:56:41,494: DEBUG: Acct-Session-Id: [u'AAATestNAS_101-1384925141433-00163E2E76A7-1']
2013-11-20 10:56:41,494: DEBUG: Acct-Session-Time: [10]
2013-11-20 10:56:41,494: DEBUG: Acct-Input-Packets: [7823]
2013-11-20 10:56:41,494: DEBUG: Acct-Output-Packets: [9633]
2013-11-20 10:56:41,494: DEBUG: GoGo-Acct-Output-Voice-Packets: [0]
2013-11-20 10:56:41,494: DEBUG: GoGo-Acct-Output-Voice-Octets: [0]
2013-11-20 10:56:41,495: DEBUG: Acct-Output-Gigawords: [0]
2013-11-20 10:56:41,495: DEBUG: GoGo-Total-Output-Voice-Packets: [0]
2013-11-20 10:56:41,495: DEBUG: Acct-Input-Gigawords: [0]
2013-11-20 10:56:41,495: DEBUG: Calling-Station-Id: [u'17:21:31:41:52:71']
2013-11-20 10:56:41,495: DEBUG: NAS-Port-Type: ['Wireless-802.11']
2013-11-20 10:56:41,495: DEBUG: GoGo-Total-Output-Voice-Octets: [0]
2013-11-20 10:56:41,495: DEBUG: GoGo-Private-IP-Address: ['192.168.1.179']
2013-11-20 10:56:41,495: DEBUG: GoGo-Acct-Input-Voice-Gigawords: [0]
2013-11-20 10:56:41,495: DEBUG: GoGo-Total-Input-Packets: [7823]
2013-11-20 10:56:41,495: DEBUG: GoGo-Total-Input-Gigawords: [0]
2013-11-20 10:56:41,495: DEBUG: GoGo-Acct-Input-Voice-Packets: [0]
2013-11-20 10:56:41,495: DEBUG: GoGo-Total-Input-Octets: [1419926]
2013-11-20 10:56:41,495: DEBUG: GoGo-Total-Output-Packets: [9633]
2013-11-20 10:56:41,495: DEBUG: WISPr-Location-ID: [u'airline=BA01,tail=01009,network=']
2013-11-20 10:56:41,496: DEBUG: GoGo-Acct-Output-Voice-Gigawords: [0]
2013-11-20 10:56:41,496: DEBUG: Acct-Input-Octets: [1419926]
2013-11-20 10:56:41,497: DEBUG: 

2013-11-20 10:56:41,497: DEBUG: Received response with following attributes:
2013-11-20 10:56:51,498: DEBUG: 

2013-11-20 10:56:51,498: DEBUG: Creating Accounting Update Request with the following Attributes:
2013-11-20 10:56:51,499: DEBUG: User-Name: [u'username17@airborne.aircell.com']
2013-11-20 10:56:51,499: DEBUG: GoGo-Tail-Number: [u'AAATestNAS_101']
2013-11-20 10:56:51,499: DEBUG: Acct-Output-Octets: [8120660]
2013-11-20 10:56:51,499: DEBUG: NAS-IP-Address: ['10.254.106.1']
2013-11-20 10:56:51,499: DEBUG: GoGo-Total-Output-Gigawords: [0]
2013-11-20 10:56:51,499: DEBUG: Framed-IP-Address: ['10.254.106.88']
2013-11-20 10:56:51,500: DEBUG: GoGo-Total-Input-Voice-Gigawords: [0]
2013-11-20 10:56:51,500: DEBUG: GoGo-Total-Output-Octets: [8120660]
2013-11-20 10:56:51,500: DEBUG: GoGo-Acct-Input-Voice-Octets: [0]
2013-11-20 10:56:51,500: DEBUG: GoGo-Total-Input-Voice-Packets: [0]
2013-11-20 10:56:51,500: DEBUG: Called-Station-Id: [u'00:16:3E:2E:76:A7']
2013-11-20 10:56:51,500: DEBUG: WISPr-Location-Name: [u'TEST LLC,BA01_01009']
2013-11-20 10:56:51,500: DEBUG: NAS-Identifier: [u'C08386']
2013-11-20 10:56:51,501: DEBUG: Proxy-State: ['3330,3132']
2013-11-20 10:56:51,501: DEBUG: GoGo-Total-Input-Voice-Octets: [0]
2013-11-20 10:56:51,501: DEBUG: Acct-Status-Type: ['Interim-Update']
2013-11-20 10:56:51,501: DEBUG: GoGo-Total-Output-Voice-Gigawords: [0]
2013-11-20 10:56:51,501: DEBUG: GoGo-Airline: [u'BA01']
2013-11-20 10:56:51,502: DEBUG: Acct-Session-Id: [u'AAATestNAS_101-1384925141433-00163E2E76A7-1']
2013-11-20 10:56:51,502: DEBUG: Acct-Session-Time: [10]
2013-11-20 10:56:51,502: DEBUG: Acct-Input-Packets: [23079]
2013-11-20 10:56:51,502: DEBUG: Acct-Output-Packets: [45289]
2013-11-20 10:56:51,502: DEBUG: GoGo-Acct-Output-Voice-Packets: [0]
2013-11-20 10:56:51,502: DEBUG: GoGo-Acct-Output-Voice-Octets: [0]
2013-11-20 10:56:51,503: DEBUG: Acct-Output-Gigawords: [0]
2013-11-20 10:56:51,503: DEBUG: GoGo-Total-Output-Voice-Packets: [0]
2013-11-20 10:56:51,503: DEBUG: Acct-Input-Gigawords: [0]
2013-11-20 10:56:51,503: DEBUG: Calling-Station-Id: [u'17:21:31:41:52:71']
2013-11-20 10:56:51,503: DEBUG: NAS-Port-Type: ['Wireless-802.11']
2013-11-20 10:56:51,504: DEBUG: GoGo-Total-Output-Voice-Octets: [0]
2013-11-20 10:56:51,504: DEBUG: GoGo-Private-IP-Address: ['192.168.1.179']
2013-11-20 10:56:51,504: DEBUG: GoGo-Acct-Input-Voice-Gigawords: [0]
2013-11-20 10:56:51,504: DEBUG: GoGo-Total-Input-Packets: [23079]
2013-11-20 10:56:51,504: DEBUG: GoGo-Total-Input-Gigawords: [0]
2013-11-20 10:56:51,504: DEBUG: GoGo-Acct-Input-Voice-Packets: [0]
2013-11-20 10:56:51,505: DEBUG: GoGo-Total-Input-Octets: [8617530]
2013-11-20 10:56:51,505: DEBUG: GoGo-Total-Output-Packets: [45289]
2013-11-20 10:56:51,505: DEBUG: WISPr-Location-ID: [u'airline=BA01,tail=01009,network=']
2013-11-20 10:56:51,505: DEBUG: GoGo-Acct-Output-Voice-Gigawords: [0]
2013-11-20 10:56:51,505: DEBUG: Acct-Input-Octets: [8617530]
2013-11-20 10:56:51,506: DEBUG: 

2013-11-20 10:56:51,506: DEBUG: Received response with following attributes:
2013-11-20 10:57:01,507: DEBUG: 

2013-11-20 10:57:01,510: DEBUG: Creating Accounting Update Request with the following Attributes:
2013-11-20 10:57:01,510: DEBUG: User-Name: [u'username17@airborne.aircell.com']
2013-11-20 10:57:01,510: DEBUG: GoGo-Tail-Number: [u'AAATestNAS_101']
2013-11-20 10:57:01,511: DEBUG: Acct-Output-Octets: [1025496]
2013-11-20 10:57:01,511: DEBUG: NAS-IP-Address: ['10.254.106.1']
2013-11-20 10:57:01,512: DEBUG: GoGo-Total-Output-Gigawords: [0]
2013-11-20 10:57:01,512: DEBUG: Framed-IP-Address: ['10.254.106.88']
2013-11-20 10:57:01,513: DEBUG: GoGo-Total-Input-Voice-Gigawords: [0]
2013-11-20 10:57:01,513: DEBUG: GoGo-Total-Output-Octets: [1025496]
2013-11-20 10:57:01,513: DEBUG: GoGo-Acct-Input-Voice-Octets: [0]
2013-11-20 10:57:01,514: DEBUG: GoGo-Total-Input-Voice-Packets: [0]
2013-11-20 10:57:01,514: DEBUG: Called-Station-Id: [u'00:16:3E:2E:76:A7']
2013-11-20 10:57:01,516: DEBUG: WISPr-Location-Name: [u'TEST LLC,BA01_01009']
2013-11-20 10:57:01,518: DEBUG: NAS-Identifier: [u'C08386']
2013-11-20 10:57:01,519: DEBUG: Proxy-State: ['3330,3132']
2013-11-20 10:57:01,520: DEBUG: GoGo-Total-Input-Voice-Octets: [0]
2013-11-20 10:57:01,520: DEBUG: Acct-Status-Type: ['Interim-Update']
2013-11-20 10:57:01,521: DEBUG: GoGo-Total-Output-Voice-Gigawords: [0]
2013-11-20 10:57:01,523: DEBUG: GoGo-Airline: [u'BA01']
2013-11-20 10:57:01,524: DEBUG: Acct-Session-Id: [u'AAATestNAS_101-1384925141433-00163E2E76A7-1']
2013-11-20 10:57:01,524: DEBUG: Acct-Session-Time: [10]
2013-11-20 10:57:01,524: DEBUG: Acct-Input-Packets: [4759]
2013-11-20 10:57:01,525: DEBUG: Acct-Output-Packets: [4710]
2013-11-20 10:57:01,525: DEBUG: GoGo-Acct-Output-Voice-Packets: [0]
2013-11-20 10:57:01,526: DEBUG: GoGo-Acct-Output-Voice-Octets: [0]
2013-11-20 10:57:01,527: DEBUG: Acct-Output-Gigawords: [0]
2013-11-20 10:57:01,527: DEBUG: GoGo-Total-Output-Voice-Packets: [0]
2013-11-20 10:57:01,528: DEBUG: Acct-Input-Gigawords: [0]
2013-11-20 10:57:01,528: DEBUG: Calling-Station-Id: [u'17:21:31:41:52:71']
2013-11-20 10:57:01,529: DEBUG: NAS-Port-Type: ['Wireless-802.11']
2013-11-20 10:57:01,529: DEBUG: GoGo-Total-Output-Voice-Octets: [0]
2013-11-20 10:57:01,531: DEBUG: GoGo-Private-IP-Address: ['192.168.1.179']
2013-11-20 10:57:01,531: DEBUG: GoGo-Acct-Input-Voice-Gigawords: [0]
2013-11-20 10:57:01,532: DEBUG: GoGo-Total-Input-Packets: [4759]
2013-11-20 10:57:01,535: DEBUG: GoGo-Total-Input-Gigawords: [0]
2013-11-20 10:57:01,536: DEBUG: GoGo-Acct-Input-Voice-Packets: [0]
2013-11-20 10:57:01,537: DEBUG: GoGo-Total-Input-Octets: [1903323]
2013-11-20 10:57:01,538: DEBUG: GoGo-Total-Output-Packets: [4710]
2013-11-20 10:57:01,539: DEBUG: WISPr-Location-ID: [u'airline=BA01,tail=01009,network=']
2013-11-20 10:57:01,539: DEBUG: GoGo-Acct-Output-Voice-Gigawords: [0]
2013-11-20 10:57:01,539: DEBUG: Acct-Input-Octets: [1903323]
2013-11-20 10:57:01,544: DEBUG: 

2013-11-20 10:57:01,545: DEBUG: Received response with following attributes:
2013-11-20 10:57:11,547: DEBUG: 

2013-11-20 10:57:11,547: DEBUG: Creating Accounting Update Request with the following Attributes:
2013-11-20 10:57:11,548: DEBUG: User-Name: [u'username17@airborne.aircell.com']
2013-11-20 10:57:11,548: DEBUG: GoGo-Tail-Number: [u'AAATestNAS_101']
2013-11-20 10:57:11,548: DEBUG: Acct-Output-Octets: [4795024]
2013-11-20 10:57:11,548: DEBUG: NAS-IP-Address: ['10.254.106.1']
2013-11-20 10:57:11,548: DEBUG: GoGo-Total-Output-Gigawords: [0]
2013-11-20 10:57:11,548: DEBUG: Framed-IP-Address: ['10.254.106.88']
2013-11-20 10:57:11,548: DEBUG: GoGo-Total-Input-Voice-Gigawords: [0]
2013-11-20 10:57:11,548: DEBUG: GoGo-Total-Output-Octets: [4795024]
2013-11-20 10:57:11,548: DEBUG: GoGo-Acct-Input-Voice-Octets: [0]
2013-11-20 10:57:11,548: DEBUG: GoGo-Total-Input-Voice-Packets: [0]
2013-11-20 10:57:11,548: DEBUG: Called-Station-Id: [u'00:16:3E:2E:76:A7']
2013-11-20 10:57:11,548: DEBUG: WISPr-Location-Name: [u'TEST LLC,BA01_01009']
2013-11-20 10:57:11,548: DEBUG: NAS-Identifier: [u'C08386']
2013-11-20 10:57:11,549: DEBUG: Proxy-State: ['3330,3132']
2013-11-20 10:57:11,549: DEBUG: GoGo-Total-Input-Voice-Octets: [0]
2013-11-20 10:57:11,549: DEBUG: Acct-Status-Type: ['Interim-Update']
2013-11-20 10:57:11,549: DEBUG: GoGo-Total-Output-Voice-Gigawords: [0]
2013-11-20 10:57:11,549: DEBUG: GoGo-Airline: [u'BA01']
2013-11-20 10:57:11,549: DEBUG: Acct-Session-Id: [u'AAATestNAS_101-1384925141433-00163E2E76A7-1']
2013-11-20 10:57:11,549: DEBUG: Acct-Session-Time: [10]
2013-11-20 10:57:11,549: DEBUG: Acct-Input-Packets: [41168]
2013-11-20 10:57:11,549: DEBUG: Acct-Output-Packets: [45845]
2013-11-20 10:57:11,549: DEBUG: GoGo-Acct-Output-Voice-Packets: [0]
2013-11-20 10:57:11,549: DEBUG: GoGo-Acct-Output-Voice-Octets: [0]
2013-11-20 10:57:11,549: DEBUG: Acct-Output-Gigawords: [0]
2013-11-20 10:57:11,549: DEBUG: GoGo-Total-Output-Voice-Packets: [0]
2013-11-20 10:57:11,549: DEBUG: Acct-Input-Gigawords: [0]
2013-11-20 10:57:11,549: DEBUG: Calling-Station-Id: [u'17:21:31:41:52:71']
2013-11-20 10:57:11,549: DEBUG: NAS-Port-Type: ['Wireless-802.11']
2013-11-20 10:57:11,550: DEBUG: GoGo-Total-Output-Voice-Octets: [0]
2013-11-20 10:57:11,550: DEBUG: GoGo-Private-IP-Address: ['192.168.1.179']
2013-11-20 10:57:11,550: DEBUG: GoGo-Acct-Input-Voice-Gigawords: [0]
2013-11-20 10:57:11,550: DEBUG: GoGo-Total-Input-Packets: [41168]
2013-11-20 10:57:11,550: DEBUG: GoGo-Total-Input-Gigawords: [0]
2013-11-20 10:57:11,550: DEBUG: GoGo-Acct-Input-Voice-Packets: [0]
2013-11-20 10:57:11,550: DEBUG: GoGo-Total-Input-Octets: [9919215]
2013-11-20 10:57:11,550: DEBUG: GoGo-Total-Output-Packets: [45845]
2013-11-20 10:57:11,550: DEBUG: WISPr-Location-ID: [u'airline=BA01,tail=01009,network=']
2013-11-20 10:57:11,550: DEBUG: GoGo-Acct-Output-Voice-Gigawords: [0]
2013-11-20 10:57:11,550: DEBUG: Acct-Input-Octets: [9919215]
2013-11-20 10:57:11,552: DEBUG: 

2013-11-20 10:57:11,552: DEBUG: Received response with following attributes:
2013-11-20 10:57:17,553: DEBUG: 

2013-11-20 10:57:17,554: DEBUG: Creating Accounting Update Request with the following Attributes:
2013-11-20 10:57:17,554: DEBUG: User-Name: [u'username17@airborne.aircell.com']
2013-11-20 10:57:17,554: DEBUG: GoGo-Tail-Number: [u'AAATestNAS_101']
2013-11-20 10:57:17,554: DEBUG: Acct-Output-Octets: [8015557]
2013-11-20 10:57:17,555: DEBUG: NAS-IP-Address: ['10.254.106.1']
2013-11-20 10:57:17,555: DEBUG: GoGo-Total-Output-Gigawords: [0]
2013-11-20 10:57:17,555: DEBUG: Framed-IP-Address: ['10.254.106.88']
2013-11-20 10:57:17,555: DEBUG: GoGo-Total-Input-Voice-Gigawords: [0]
2013-11-20 10:57:17,555: DEBUG: GoGo-Total-Output-Octets: [8015557]
2013-11-20 10:57:17,556: DEBUG: GoGo-Acct-Input-Voice-Octets: [0]
2013-11-20 10:57:17,556: DEBUG: GoGo-Total-Input-Voice-Packets: [0]
2013-11-20 10:57:17,557: DEBUG: Called-Station-Id: [u'00:16:3E:2E:76:A7']
2013-11-20 10:57:17,557: DEBUG: WISPr-Location-Name: [u'TEST LLC,BA01_01009']
2013-11-20 10:57:17,557: DEBUG: NAS-Identifier: [u'C08386']
2013-11-20 10:57:17,557: DEBUG: Proxy-State: ['3330,3132']
2013-11-20 10:57:17,558: DEBUG: GoGo-Total-Input-Voice-Octets: [0]
2013-11-20 10:57:17,559: DEBUG: Acct-Status-Type: ['Interim-Update']
2013-11-20 10:57:17,559: DEBUG: GoGo-Total-Output-Voice-Gigawords: [0]
2013-11-20 10:57:17,559: DEBUG: GoGo-Airline: [u'BA01']
2013-11-20 10:57:17,560: DEBUG: Acct-Session-Id: [u'AAATestNAS_101-1384925141433-00163E2E76A7-1']
2013-11-20 10:57:17,560: DEBUG: Acct-Session-Time: [6]
2013-11-20 10:57:17,560: DEBUG: Acct-Input-Packets: [8875]
2013-11-20 10:57:17,560: DEBUG: Acct-Output-Packets: [20302]
2013-11-20 10:57:17,560: DEBUG: GoGo-Acct-Output-Voice-Packets: [0]
2013-11-20 10:57:17,561: DEBUG: GoGo-Acct-Output-Voice-Octets: [0]
2013-11-20 10:57:17,561: DEBUG: Acct-Output-Gigawords: [0]
2013-11-20 10:57:17,562: DEBUG: GoGo-Total-Output-Voice-Packets: [0]
2013-11-20 10:57:17,562: DEBUG: Acct-Input-Gigawords: [0]
2013-11-20 10:57:17,562: DEBUG: Calling-Station-Id: [u'17:21:31:41:52:71']
2013-11-20 10:57:17,562: DEBUG: NAS-Port-Type: ['Wireless-802.11']
2013-11-20 10:57:17,563: DEBUG: GoGo-Total-Output-Voice-Octets: [0]
2013-11-20 10:57:17,563: DEBUG: GoGo-Private-IP-Address: ['192.168.1.179']
2013-11-20 10:57:17,563: DEBUG: GoGo-Acct-Input-Voice-Gigawords: [0]
2013-11-20 10:57:17,563: DEBUG: GoGo-Total-Input-Packets: [8875]
2013-11-20 10:57:17,563: DEBUG: GoGo-Total-Input-Gigawords: [0]
2013-11-20 10:57:17,563: DEBUG: GoGo-Acct-Input-Voice-Packets: [0]
2013-11-20 10:57:17,564: DEBUG: GoGo-Total-Input-Octets: [2545777]
2013-11-20 10:57:17,564: DEBUG: GoGo-Total-Output-Packets: [20302]
2013-11-20 10:57:17,564: DEBUG: WISPr-Location-ID: [u'airline=BA01,tail=01009,network=']
2013-11-20 10:57:17,564: DEBUG: GoGo-Acct-Output-Voice-Gigawords: [0]
2013-11-20 10:57:17,565: DEBUG: Acct-Input-Octets: [2545777]
2013-11-20 10:57:17,567: DEBUG: 

2013-11-20 10:57:17,567: DEBUG: Received response with following attributes:
2013-11-20 10:57:27,569: DEBUG: 

2013-11-20 10:57:27,571: DEBUG: Creating Accounting Stop Request with the following Attributes:
2013-11-20 10:57:27,572: DEBUG: User-Name: [u'username17@airborne.aircell.com']
2013-11-20 10:57:27,572: DEBUG: GoGo-Tail-Number: [u'01009']
2013-11-20 10:57:27,572: DEBUG: Acct-Output-Octets: [4770579]
2013-11-20 10:57:27,573: DEBUG: NAS-IP-Address: ['10.254.106.1']
2013-11-20 10:57:27,573: DEBUG: GoGo-Total-Output-Gigawords: [0]
2013-11-20 10:57:27,574: DEBUG: Framed-IP-Address: ['10.254.106.88']
2013-11-20 10:57:27,574: DEBUG: GoGo-Total-Input-Voice-Gigawords: [0]
2013-11-20 10:57:27,576: DEBUG: GoGo-Total-Output-Octets: [4770579]
2013-11-20 10:57:27,576: DEBUG: GoGo-Acct-Input-Voice-Octets: [0]
2013-11-20 10:57:27,576: DEBUG: GoGo-Total-Input-Voice-Packets: [0]
2013-11-20 10:57:27,577: DEBUG: Called-Station-Id: [u'00:16:3E:2E:76:A7']
2013-11-20 10:57:27,577: DEBUG: WISPr-Location-Name: [u'TEST LLC,BA01_01009']
2013-11-20 10:57:27,578: DEBUG: NAS-Identifier: [u'C08386']
2013-11-20 10:57:27,578: DEBUG: Proxy-State: ['3330,3132']
2013-11-20 10:57:27,578: DEBUG: GoGo-Total-Input-Voice-Octets: [0]
2013-11-20 10:57:27,579: DEBUG: Acct-Status-Type: ['Stop']
2013-11-20 10:57:27,579: DEBUG: GoGo-Total-Output-Voice-Gigawords: [0]
2013-11-20 10:57:27,580: DEBUG: GoGo-Airline: [u'BA01']
2013-11-20 10:57:27,580: DEBUG: Acct-Session-Id: [u'AAATestNAS_101-1384925141433-00163E2E76A7-1']
2013-11-20 10:57:27,581: DEBUG: Acct-Session-Time: [10]
2013-11-20 10:57:27,581: DEBUG: Acct-Input-Packets: [28458]
2013-11-20 10:57:27,582: DEBUG: Acct-Output-Packets: [11525]
2013-11-20 10:57:27,583: DEBUG: Acct-Terminate-Cause: ['User-Request']
2013-11-20 10:57:27,583: DEBUG: GoGo-Acct-Output-Voice-Octets: [0]
2013-11-20 10:57:27,584: DEBUG: Acct-Output-Gigawords: [0]
2013-11-20 10:57:27,584: DEBUG: GoGo-Total-Output-Voice-Packets: [0]
2013-11-20 10:57:27,584: DEBUG: Acct-Input-Gigawords: [0]
2013-11-20 10:57:27,587: DEBUG: Calling-Station-Id: [u'17:21:31:41:52:71']
2013-11-20 10:57:27,588: DEBUG: NAS-Port-Type: ['Wireless-802.11']
2013-11-20 10:57:27,588: DEBUG: GoGo-Total-Output-Voice-Octets: [0]
2013-11-20 10:57:27,588: DEBUG: GoGo-Private-IP-Address: ['192.168.1.179']
2013-11-20 10:57:27,588: DEBUG: GoGo-Acct-Input-Voice-Gigawords: [0]
2013-11-20 10:57:27,589: DEBUG: GoGo-Total-Input-Packets: [28458]
2013-11-20 10:57:27,589: DEBUG: GoGo-Total-Input-Gigawords: [0]
2013-11-20 10:57:27,589: DEBUG: GoGo-Acct-Input-Voice-Packets: [0]
2013-11-20 10:57:27,589: DEBUG: GoGo-Total-Input-Octets: [7397766]
2013-11-20 10:57:27,590: DEBUG: GoGo-Total-Output-Packets: [11525]
2013-11-20 10:57:27,590: DEBUG: WISPr-Location-ID: [u'airline=BA01,tail=01009,network=']
2013-11-20 10:57:27,590: DEBUG: GoGo-Acct-Output-Voice-Packets: [0]
2013-11-20 10:57:27,590: DEBUG: GoGo-Acct-Output-Voice-Gigawords: [0]
2013-11-20 10:57:27,591: DEBUG: Acct-Input-Octets: [7397766]
2013-11-20 10:57:27,593: DEBUG: 

2013-11-20 10:57:27,593: DEBUG: Received response with following attributes:
2013-11-20 10:57:27,594: DEBUG: Ending the test for this user
2013-11-20 10:57:28,520: DEBUG: Starting the client for the user username17@airborne.aircell.com to the server localhost

2013-11-20 10:57:28,520: DEBUG: DURATION of the TEST: 32
2013-11-20 10:57:28,520: DEBUG: NAS-IP: 10.254.51.1
2013-11-20 10:57:28,520: DEBUG: NAS-MAC-ADDR: 17:21:31:41:52:16
2013-11-20 10:57:28,521: DEBUG: Abruptly End: True
2013-11-20 10:57:28,522: DEBUG: Framed-IP: 10.254.51.150
2013-11-20 10:57:28,523: DEBUG: User-MAC-Addr: 00:16:3E:08:7A:02
2013-11-20 10:57:28,523: DEBUG: 

2013-11-20 10:57:28,524: DEBUG: Creating Authentication Request with the following Attributes:
2013-11-20 10:57:28,525: DEBUG: NAS-Identifier: [u'C08386']
2013-11-20 10:57:28,525: DEBUG: User-Name: [u'username17@airborne.aircell.com']
2013-11-20 10:57:28,525: DEBUG: NAS-IP-Address: ['10.254.51.1']
2013-11-20 10:57:28,526: DEBUG: Service-Type: ['Authenticate-Only']
2013-11-20 10:57:28,526: DEBUG: Proxy-State: ['3237,3134']
2013-11-20 10:57:28,526: DEBUG: Framed-IP-Address: ['10.254.51.150']
2013-11-20 10:57:28,527: DEBUG: GoGo-Airline: [u'BA01']
2013-11-20 10:57:28,527: DEBUG: Acct-Session-Id: [u'AAATestNAS_46-1384925248524-00163E087A02-2']
2013-11-20 10:57:28,527: DEBUG: GoGo-Tail-Number: [u'AAATestNAS_46']
2013-11-20 10:57:28,527: DEBUG: GoGo-Private-IP-Address: ['192.168.1.179']
2013-11-20 10:57:28,528: DEBUG: WISPr-Location-ID: [u'airline=BA01,tail=01009,network=']
2013-11-20 10:57:28,528: DEBUG: WISPr-Location-Name: [u'TEST LLC,BA01_01009']
2013-11-20 10:57:28,529: DEBUG: NAS-Port-Type: ['Wireless-802.11']
2013-11-20 10:57:28,529: DEBUG: Called-Station-Id: [u'00:16:3E:08:7A:02']
2013-11-20 10:57:28,529: DEBUG: Calling-Station-Id: [u'17:21:31:41:52:16']
2013-11-20 10:57:28,531: DEBUG: 

2013-11-20 10:57:28,531: DEBUG: Received response with code: 2, Accepted
2013-11-20 10:57:28,532: DEBUG: Creating Authentication Request with the following Attributes:
2013-11-20 10:57:28,532: DEBUG: NAS-Identifier: [u'C08386']
2013-11-20 10:57:28,532: DEBUG: User-Name: [u'username17@airborne.aircell.com']
2013-11-20 10:57:28,533: DEBUG: NAS-IP-Address: ['10.254.51.1']
2013-11-20 10:57:28,533: DEBUG: Service-Type: ['Login-User']
2013-11-20 10:57:28,534: DEBUG: Proxy-State: ['3237,3134']
2013-11-20 10:57:28,535: DEBUG: Framed-IP-Address: ['10.254.51.150']
2013-11-20 10:57:28,535: DEBUG: GoGo-Airline: [u'BA01']
2013-11-20 10:57:28,536: DEBUG: Acct-Session-Id: [u'AAATestNAS_46-1384925248531-00163E087A02-2']
2013-11-20 10:57:28,536: DEBUG: GoGo-Tail-Number: [u'AAATestNAS_46']
2013-11-20 10:57:28,537: DEBUG: GoGo-Private-IP-Address: ['192.168.1.179']
2013-11-20 10:57:28,537: DEBUG: WISPr-Location-ID: [u'airline=BA01,tail=01009,network=']
2013-11-20 10:57:28,538: DEBUG: WISPr-Location-Name: [u'TEST LLC,BA01_01009']
2013-11-20 10:57:28,538: DEBUG: NAS-Port-Type: ['Wireless-802.11']
2013-11-20 10:57:28,539: DEBUG: Called-Station-Id: [u'00:16:3E:08:7A:02']
2013-11-20 10:57:28,539: DEBUG: Calling-Station-Id: [u'17:21:31:41:52:16']
2013-11-20 10:57:28,541: DEBUG: 

2013-11-20 10:57:28,542: DEBUG: Received response with code: 2, Accepted
2013-11-20 10:57:28,542: DEBUG: 

2013-11-20 10:57:28,543: DEBUG: Creating Accounting start Request with the following Attributes:
2013-11-20 10:57:28,543: DEBUG: NAS-Identifier: [u'C08386']
2013-11-20 10:57:28,543: DEBUG: User-Name: [u'username17@airborne.aircell.com']
2013-11-20 10:57:28,543: DEBUG: GoGo-Tail-Number: [u'AAATestNAS_46']
2013-11-20 10:57:28,544: DEBUG: NAS-IP-Address: ['10.254.51.1']
2013-11-20 10:57:28,544: DEBUG: Proxy-State: ['3239,3131']
2013-11-20 10:57:28,544: DEBUG: Acct-Status-Type: ['Start']
2013-11-20 10:57:28,545: DEBUG: GoGo-Airline: [u'BA01']
2013-11-20 10:57:28,545: DEBUG: Acct-Session-Id: [u'AAATestNAS_46-1384925248531-00163E087A02-2']
2013-11-20 10:57:28,545: DEBUG: GoGo-Private-IP-Address: ['192.168.1.179']
2013-11-20 10:57:28,546: DEBUG: Framed-IP-Address: ['10.254.51.150']
2013-11-20 10:57:28,546: DEBUG: WISPr-Location-ID: [u'airline=BA01,tail=01009,network=']
2013-11-20 10:57:28,547: DEBUG: WISPr-Location-Name: [u'TEST LLC,BA01_01009']
2013-11-20 10:57:28,547: DEBUG: NAS-Port-Type: ['Wireless-802.11']
2013-11-20 10:57:28,547: DEBUG: Called-Station-Id: [u'00:16:3E:08:7A:02']
2013-11-20 10:57:28,547: DEBUG: Calling-Station-Id: [u'17:21:31:41:52:16']
2013-11-20 10:57:28,549: DEBUG: 

2013-11-20 10:57:28,549: DEBUG: Received response with following attributes:
2013-11-20 10:57:38,550: DEBUG: 

2013-11-20 10:57:38,551: DEBUG: Creating Accounting Update Request with the following Attributes:
2013-11-20 10:57:38,551: DEBUG: User-Name: [u'username17@airborne.aircell.com']
2013-11-20 10:57:38,551: DEBUG: GoGo-Tail-Number: [u'AAATestNAS_46']
2013-11-20 10:57:38,552: DEBUG: Acct-Output-Octets: [8693289]
2013-11-20 10:57:38,553: DEBUG: NAS-IP-Address: ['10.254.51.1']
2013-11-20 10:57:38,553: DEBUG: GoGo-Total-Output-Gigawords: [0]
2013-11-20 10:57:38,554: DEBUG: Framed-IP-Address: ['10.254.51.150']
2013-11-20 10:57:38,555: DEBUG: GoGo-Total-Input-Voice-Gigawords: [0]
2013-11-20 10:57:38,555: DEBUG: GoGo-Total-Output-Octets: [8693289]
2013-11-20 10:57:38,556: DEBUG: GoGo-Acct-Input-Voice-Octets: [0]
2013-11-20 10:57:38,556: DEBUG: GoGo-Total-Input-Voice-Packets: [0]
2013-11-20 10:57:38,556: DEBUG: Called-Station-Id: [u'00:16:3E:08:7A:02']
2013-11-20 10:57:38,557: DEBUG: WISPr-Location-Name: [u'TEST LLC,BA01_01009']
2013-11-20 10:57:38,557: DEBUG: NAS-Identifier: [u'C08386']
2013-11-20 10:57:38,558: DEBUG: Proxy-State: ['3330,3132']
2013-11-20 10:57:38,558: DEBUG: GoGo-Total-Input-Voice-Octets: [0]
2013-11-20 10:57:38,559: DEBUG: Acct-Status-Type: ['Interim-Update']
2013-11-20 10:57:38,559: DEBUG: GoGo-Total-Output-Voice-Gigawords: [0]
2013-11-20 10:57:38,559: DEBUG: GoGo-Airline: [u'BA01']
2013-11-20 10:57:38,560: DEBUG: Acct-Session-Id: [u'AAATestNAS_46-1384925248531-00163E087A02-2']
2013-11-20 10:57:38,560: DEBUG: Acct-Session-Time: [10]
2013-11-20 10:57:38,560: DEBUG: Acct-Input-Packets: [77456]
2013-11-20 10:57:38,560: DEBUG: Acct-Output-Packets: [23134]
2013-11-20 10:57:38,561: DEBUG: GoGo-Acct-Output-Voice-Packets: [0]
2013-11-20 10:57:38,561: DEBUG: GoGo-Acct-Output-Voice-Octets: [0]
2013-11-20 10:57:38,561: DEBUG: Acct-Output-Gigawords: [0]
2013-11-20 10:57:38,561: DEBUG: GoGo-Total-Output-Voice-Packets: [0]
2013-11-20 10:57:38,562: DEBUG: Acct-Input-Gigawords: [0]
2013-11-20 10:57:38,562: DEBUG: Calling-Station-Id: [u'17:21:31:41:52:16']
2013-11-20 10:57:38,562: DEBUG: NAS-Port-Type: ['Wireless-802.11']
2013-11-20 10:57:38,563: DEBUG: GoGo-Total-Output-Voice-Octets: [0]
2013-11-20 10:57:38,563: DEBUG: GoGo-Private-IP-Address: ['192.168.1.179']
2013-11-20 10:57:38,563: DEBUG: GoGo-Acct-Input-Voice-Gigawords: [0]
2013-11-20 10:57:38,563: DEBUG: GoGo-Total-Input-Packets: [77456]
2013-11-20 10:57:38,564: DEBUG: GoGo-Total-Input-Gigawords: [0]
2013-11-20 10:57:38,564: DEBUG: GoGo-Acct-Input-Voice-Packets: [0]
2013-11-20 10:57:38,564: DEBUG: GoGo-Total-Input-Octets: [7758021]
2013-11-20 10:57:38,564: DEBUG: GoGo-Total-Output-Packets: [23134]
2013-11-20 10:57:38,565: DEBUG: WISPr-Location-ID: [u'airline=BA01,tail=01009,network=']
2013-11-20 10:57:38,565: DEBUG: GoGo-Acct-Output-Voice-Gigawords: [0]
2013-11-20 10:57:38,565: DEBUG: Acct-Input-Octets: [7758021]
2013-11-20 10:57:38,566: ERROR: Network error, Reason: 'Network error: Too many open files'
2013-11-20 10:57:48,567: DEBUG: 

2013-11-20 10:57:48,567: DEBUG: Creating Accounting Update Request with the following Attributes:
2013-11-20 10:57:48,568: DEBUG: User-Name: [u'username17@airborne.aircell.com']
2013-11-20 10:57:48,569: DEBUG: GoGo-Tail-Number: [u'AAATestNAS_46']
2013-11-20 10:57:48,569: DEBUG: Acct-Output-Octets: [4778738]
2013-11-20 10:57:48,569: DEBUG: NAS-IP-Address: ['10.254.51.1']
2013-11-20 10:57:48,569: DEBUG: GoGo-Total-Output-Gigawords: [0]
2013-11-20 10:57:48,570: DEBUG: Framed-IP-Address: ['10.254.51.150']
2013-11-20 10:57:48,570: DEBUG: GoGo-Total-Input-Voice-Gigawords: [0]
2013-11-20 10:57:48,570: DEBUG: GoGo-Total-Output-Octets: [4778738]
2013-11-20 10:57:48,571: DEBUG: GoGo-Acct-Input-Voice-Octets: [0]
2013-11-20 10:57:48,571: DEBUG: GoGo-Total-Input-Voice-Packets: [0]
2013-11-20 10:57:48,571: DEBUG: Called-Station-Id: [u'00:16:3E:08:7A:02']
2013-11-20 10:57:48,571: DEBUG: WISPr-Location-Name: [u'TEST LLC,BA01_01009']
2013-11-20 10:57:48,572: DEBUG: NAS-Identifier: [u'C08386']
2013-11-20 10:57:48,572: DEBUG: Proxy-State: ['3330,3132']
2013-11-20 10:57:48,572: DEBUG: GoGo-Total-Input-Voice-Octets: [0]
2013-11-20 10:57:48,572: DEBUG: Acct-Status-Type: ['Interim-Update']
2013-11-20 10:57:48,573: DEBUG: GoGo-Total-Output-Voice-Gigawords: [0]
2013-11-20 10:57:48,573: DEBUG: GoGo-Airline: [u'BA01']
2013-11-20 10:57:48,573: DEBUG: Acct-Session-Id: [u'AAATestNAS_46-1384925248531-00163E087A02-2']
2013-11-20 10:57:48,574: DEBUG: Acct-Session-Time: [10]
2013-11-20 10:57:48,574: DEBUG: Acct-Input-Packets: [2358]
2013-11-20 10:57:48,574: DEBUG: Acct-Output-Packets: [5297]
2013-11-20 10:57:48,574: DEBUG: GoGo-Acct-Output-Voice-Packets: [0]
2013-11-20 10:57:48,575: DEBUG: GoGo-Acct-Output-Voice-Octets: [0]
2013-11-20 10:57:48,575: DEBUG: Acct-Output-Gigawords: [0]
2013-11-20 10:57:48,575: DEBUG: GoGo-Total-Output-Voice-Packets: [0]
2013-11-20 10:57:48,576: DEBUG: Acct-Input-Gigawords: [0]
2013-11-20 10:57:48,576: DEBUG: Calling-Station-Id: [u'17:21:31:41:52:16']
2013-11-20 10:57:48,576: DEBUG: NAS-Port-Type: ['Wireless-802.11']
2013-11-20 10:57:48,576: DEBUG: GoGo-Total-Output-Voice-Octets: [0]
2013-11-20 10:57:48,577: DEBUG: GoGo-Private-IP-Address: ['192.168.1.179']
2013-11-20 10:57:48,577: DEBUG: GoGo-Acct-Input-Voice-Gigawords: [0]
2013-11-20 10:57:48,577: DEBUG: GoGo-Total-Input-Packets: [2358]
2013-11-20 10:57:48,578: DEBUG: GoGo-Total-Input-Gigawords: [0]
2013-11-20 10:57:48,578: DEBUG: GoGo-Acct-Input-Voice-Packets: [0]
2013-11-20 10:57:48,578: DEBUG: GoGo-Total-Input-Octets: [2190747]
2013-11-20 10:57:48,579: DEBUG: GoGo-Total-Output-Packets: [5297]
2013-11-20 10:57:48,579: DEBUG: WISPr-Location-ID: [u'airline=BA01,tail=01009,network=']
2013-11-20 10:57:48,579: DEBUG: GoGo-Acct-Output-Voice-Gigawords: [0]
2013-11-20 10:57:48,579: DEBUG: Acct-Input-Octets: [2190747]
2013-11-20 10:57:48,580: ERROR: Network error, Reason: 'Network error: Too many open files'
2013-11-20 10:57:48,580: DEBUG: User has abruptly end flag so ending the test with out AcctStop
2013-11-20 10:57:48,580: DEBUG: Ending the test for this user
