2013-11-20 10:56:02,448: DEBUG: Starting the client for the user username32@airborne.aircell.com to the server localhost

2013-11-20 10:56:02,449: DEBUG: DURATION of the TEST: 60
2013-11-20 10:56:02,449: DEBUG: NAS-IP: 10.254.1.1
2013-11-20 10:56:02,450: DEBUG: NAS-MAC-ADDR: 11:22:33:44:55:66
2013-11-20 10:56:02,450: DEBUG: Abruptly End: False
2013-11-20 10:56:02,451: DEBUG: Framed-IP: 10.254.1.52
2013-11-20 10:56:02,451: DEBUG: User-MAC-Addr: 00:16:3E:57:FA:E6
2013-11-20 10:56:02,453: DEBUG: 

2013-11-20 10:56:02,454: DEBUG: Creating Authentication Request with the following Attributes:
2013-11-20 10:56:02,457: DEBUG: NAS-Identifier: [u'C08386']
2013-11-20 10:56:02,459: DEBUG: User-Name: [u'username32@airborne.aircell.com']
2013-11-20 10:56:02,460: DEBUG: NAS-IP-Address: ['10.254.1.1']
2013-11-20 10:56:02,461: DEBUG: Service-Type: ['Authenticate-Only']
2013-11-20 10:56:02,463: DEBUG: Proxy-State: ['3237,3134']
2013-11-20 10:56:02,464: DEBUG: Framed-IP-Address: ['10.254.1.52']
2013-11-20 10:56:02,465: DEBUG: GoGo-Airline: [u'BA01']
2013-11-20 10:56:02,465: DEBUG: Acct-Session-Id: [u'AAATest_10_253_253_1-1384925162453-00163E57FAE6-2']
2013-11-20 10:56:02,466: DEBUG: GoGo-Tail-Number: [u'AAATest_10_253_253_1']
2013-11-20 10:56:02,467: DEBUG: GoGo-Private-IP-Address: ['192.168.1.179']
2013-11-20 10:56:02,468: DEBUG: WISPr-Location-ID: [u'airline=BA01,tail=01009,network=']
2013-11-20 10:56:02,469: DEBUG: WISPr-Location-Name: [u'TEST LLC,BA01_01009']
2013-11-20 10:56:02,471: DEBUG: NAS-Port-Type: ['Wireless-802.11']
2013-11-20 10:56:02,472: DEBUG: Called-Station-Id: [u'00:16:3E:57:FA:E6']
2013-11-20 10:56:02,473: DEBUG: Calling-Station-Id: [u'11:22:33:44:55:66']
2013-11-20 10:56:02,475: DEBUG: 

2013-11-20 10:56:02,476: DEBUG: Received response with code: 2, Accepted
2013-11-20 10:56:02,477: DEBUG: Creating Authentication Request with the following Attributes:
2013-11-20 10:56:02,478: DEBUG: NAS-Identifier: [u'C08386']
2013-11-20 10:56:02,480: DEBUG: User-Name: [u'username32@airborne.aircell.com']
2013-11-20 10:56:02,483: DEBUG: NAS-IP-Address: ['10.254.1.1']
2013-11-20 10:56:02,485: DEBUG: Service-Type: ['Login-User']
2013-11-20 10:56:02,486: DEBUG: Proxy-State: ['3237,3134']
2013-11-20 10:56:02,488: DEBUG: Framed-IP-Address: ['10.254.1.52']
2013-11-20 10:56:02,489: DEBUG: GoGo-Airline: [u'BA01']
2013-11-20 10:56:02,490: DEBUG: Acct-Session-Id: [u'AAATest_10_253_253_1-1384925162476-00163E57FAE6-2']
2013-11-20 10:56:02,491: DEBUG: GoGo-Tail-Number: [u'AAATest_10_253_253_1']
2013-11-20 10:56:02,492: DEBUG: GoGo-Private-IP-Address: ['192.168.1.179']
2013-11-20 10:56:02,493: DEBUG: WISPr-Location-ID: [u'airline=BA01,tail=01009,network=']
2013-11-20 10:56:02,493: DEBUG: WISPr-Location-Name: [u'TEST LLC,BA01_01009']
2013-11-20 10:56:02,494: DEBUG: NAS-Port-Type: ['Wireless-802.11']
2013-11-20 10:56:02,495: DEBUG: Called-Station-Id: [u'00:16:3E:57:FA:E6']
2013-11-20 10:56:02,495: DEBUG: Calling-Station-Id: [u'11:22:33:44:55:66']
2013-11-20 10:56:02,500: DEBUG: 

2013-11-20 10:56:02,503: DEBUG: Received response with code: 2, Accepted
2013-11-20 10:56:02,503: DEBUG: 

2013-11-20 10:56:02,504: DEBUG: Creating Accounting start Request with the following Attributes:
2013-11-20 10:56:02,510: DEBUG: NAS-Identifier: [u'C08386']
2013-11-20 10:56:02,513: DEBUG: User-Name: [u'username32@airborne.aircell.com']
2013-11-20 10:56:02,514: DEBUG: GoGo-Tail-Number: [u'AAATest_10_253_253_1']
2013-11-20 10:56:02,523: DEBUG: NAS-IP-Address: ['10.254.1.1']
2013-11-20 10:56:02,528: DEBUG: Proxy-State: ['3239,3131']
2013-11-20 10:56:02,532: DEBUG: Acct-Status-Type: ['Start']
2013-11-20 10:56:02,535: DEBUG: GoGo-Airline: [u'BA01']
2013-11-20 10:56:02,539: DEBUG: Acct-Session-Id: [u'AAATest_10_253_253_1-1384925162476-00163E57FAE6-2']
2013-11-20 10:56:02,542: DEBUG: GoGo-Private-IP-Address: ['192.168.1.179']
2013-11-20 10:56:02,544: DEBUG: Framed-IP-Address: ['10.254.1.52']
2013-11-20 10:56:02,545: DEBUG: WISPr-Location-ID: [u'airline=BA01,tail=01009,network=']
2013-11-20 10:56:02,547: DEBUG: WISPr-Location-Name: [u'TEST LLC,BA01_01009']
2013-11-20 10:56:02,548: DEBUG: NAS-Port-Type: ['Wireless-802.11']
2013-11-20 10:56:02,549: DEBUG: Called-Station-Id: [u'00:16:3E:57:FA:E6']
2013-11-20 10:56:02,550: DEBUG: Calling-Station-Id: [u'11:22:33:44:55:66']
2013-11-20 10:56:02,555: DEBUG: 

2013-11-20 10:56:02,556: DEBUG: Received response with following attributes:
2013-11-20 10:56:12,559: DEBUG: 

2013-11-20 10:56:12,560: DEBUG: Creating Accounting Update Request with the following Attributes:
2013-11-20 10:56:12,560: DEBUG: User-Name: [u'username32@airborne.aircell.com']
2013-11-20 10:56:12,560: DEBUG: GoGo-Tail-Number: [u'AAATest_10_253_253_1']
2013-11-20 10:56:12,560: DEBUG: Acct-Output-Octets: [9372068]
2013-11-20 10:56:12,560: DEBUG: NAS-IP-Address: ['10.254.1.1']
2013-11-20 10:56:12,560: DEBUG: GoGo-Total-Output-Gigawords: [0]
2013-11-20 10:56:12,560: DEBUG: Framed-IP-Address: ['10.254.1.52']
2013-11-20 10:56:12,561: DEBUG: GoGo-Total-Input-Voice-Gigawords: [0]
2013-11-20 10:56:12,561: DEBUG: GoGo-Total-Output-Octets: [9372068]
2013-11-20 10:56:12,561: DEBUG: GoGo-Acct-Input-Voice-Octets: [0]
2013-11-20 10:56:12,561: DEBUG: GoGo-Total-Input-Voice-Packets: [0]
2013-11-20 10:56:12,561: DEBUG: Called-Station-Id: [u'00:16:3E:57:FA:E6']
2013-11-20 10:56:12,561: DEBUG: WISPr-Location-Name: [u'TEST LLC,BA01_01009']
2013-11-20 10:56:12,561: DEBUG: NAS-Identifier: [u'C08386']
2013-11-20 10:56:12,561: DEBUG: Proxy-State: ['3330,3132']
2013-11-20 10:56:12,561: DEBUG: GoGo-Total-Input-Voice-Octets: [0]
2013-11-20 10:56:12,562: DEBUG: Acct-Status-Type: ['Interim-Update']
2013-11-20 10:56:12,562: DEBUG: GoGo-Total-Output-Voice-Gigawords: [0]
2013-11-20 10:56:12,562: DEBUG: GoGo-Airline: [u'BA01']
2013-11-20 10:56:12,562: DEBUG: Acct-Session-Id: [u'AAATest_10_253_253_1-1384925162476-00163E57FAE6-2']
2013-11-20 10:56:12,562: DEBUG: Acct-Session-Time: [10]
2013-11-20 10:56:12,562: DEBUG: Acct-Input-Packets: [26760]
2013-11-20 10:56:12,562: DEBUG: Acct-Output-Packets: [66873]
2013-11-20 10:56:12,562: DEBUG: GoGo-Acct-Output-Voice-Packets: [0]
2013-11-20 10:56:12,562: DEBUG: GoGo-Acct-Output-Voice-Octets: [0]
2013-11-20 10:56:12,562: DEBUG: Acct-Output-Gigawords: [0]
2013-11-20 10:56:12,563: DEBUG: GoGo-Total-Output-Voice-Packets: [0]
2013-11-20 10:56:12,563: DEBUG: Acct-Input-Gigawords: [0]
2013-11-20 10:56:12,563: DEBUG: Calling-Station-Id: [u'11:22:33:44:55:66']
2013-11-20 10:56:12,563: DEBUG: NAS-Port-Type: ['Wireless-802.11']
2013-11-20 10:56:12,563: DEBUG: GoGo-Total-Output-Voice-Octets: [0]
2013-11-20 10:56:12,563: DEBUG: GoGo-Private-IP-Address: ['192.168.1.179']
2013-11-20 10:56:12,563: DEBUG: GoGo-Acct-Input-Voice-Gigawords: [0]
2013-11-20 10:56:12,563: DEBUG: GoGo-Total-Input-Packets: [26760]
2013-11-20 10:56:12,563: DEBUG: GoGo-Total-Input-Gigawords: [0]
2013-11-20 10:56:12,564: DEBUG: GoGo-Acct-Input-Voice-Packets: [0]
2013-11-20 10:56:12,564: DEBUG: GoGo-Total-Input-Octets: [2752489]
2013-11-20 10:56:12,564: DEBUG: GoGo-Total-Output-Packets: [66873]
2013-11-20 10:56:12,564: DEBUG: WISPr-Location-ID: [u'airline=BA01,tail=01009,network=']
2013-11-20 10:56:12,564: DEBUG: GoGo-Acct-Output-Voice-Gigawords: [0]
2013-11-20 10:56:12,564: DEBUG: Acct-Input-Octets: [2752489]
2013-11-20 10:56:12,566: DEBUG: 

2013-11-20 10:56:12,566: DEBUG: Received response with following attributes:
2013-11-20 10:56:22,566: DEBUG: 

2013-11-20 10:56:22,567: DEBUG: Creating Accounting Update Request with the following Attributes:
2013-11-20 10:56:22,567: DEBUG: User-Name: [u'username32@airborne.aircell.com']
2013-11-20 10:56:22,567: DEBUG: GoGo-Tail-Number: [u'AAATest_10_253_253_1']
2013-11-20 10:56:22,567: DEBUG: Acct-Output-Octets: [3772872]
2013-11-20 10:56:22,567: DEBUG: NAS-IP-Address: ['10.254.1.1']
2013-11-20 10:56:22,567: DEBUG: GoGo-Total-Output-Gigawords: [0]
2013-11-20 10:56:22,567: DEBUG: Framed-IP-Address: ['10.254.1.52']
2013-11-20 10:56:22,568: DEBUG: GoGo-Total-Input-Voice-Gigawords: [0]
2013-11-20 10:56:22,568: DEBUG: GoGo-Total-Output-Octets: [3772872]
2013-11-20 10:56:22,568: DEBUG: GoGo-Acct-Input-Voice-Octets: [0]
2013-11-20 10:56:22,568: DEBUG: GoGo-Total-Input-Voice-Packets: [0]
2013-11-20 10:56:22,568: DEBUG: Called-Station-Id: [u'00:16:3E:57:FA:E6']
2013-11-20 10:56:22,568: DEBUG: WISPr-Location-Name: [u'TEST LLC,BA01_01009']
2013-11-20 10:56:22,568: DEBUG: NAS-Identifier: [u'C08386']
2013-11-20 10:56:22,568: DEBUG: Proxy-State: ['3330,3132']
2013-11-20 10:56:22,568: DEBUG: GoGo-Total-Input-Voice-Octets: [0]
2013-11-20 10:56:22,569: DEBUG: Acct-Status-Type: ['Interim-Update']
2013-11-20 10:56:22,569: DEBUG: GoGo-Total-Output-Voice-Gigawords: [0]
2013-11-20 10:56:22,569: DEBUG: GoGo-Airline: [u'BA01']
2013-11-20 10:56:22,569: DEBUG: Acct-Session-Id: [u'AAATest_10_253_253_1-1384925162476-00163E57FAE6-2']
2013-11-20 10:56:22,569: DEBUG: Acct-Session-Time: [10]
2013-11-20 10:56:22,569: DEBUG: Acct-Input-Packets: [83495]
2013-11-20 10:56:22,569: DEBUG: Acct-Output-Packets: [21725]
2013-11-20 10:56:22,569: DEBUG: GoGo-Acct-Output-Voice-Packets: [0]
2013-11-20 10:56:22,569: DEBUG: GoGo-Acct-Output-Voice-Octets: [0]
2013-11-20 10:56:22,569: DEBUG: Acct-Output-Gigawords: [0]
2013-11-20 10:56:22,570: DEBUG: GoGo-Total-Output-Voice-Packets: [0]
2013-11-20 10:56:22,570: DEBUG: Acct-Input-Gigawords: [0]
2013-11-20 10:56:22,570: DEBUG: Calling-Station-Id: [u'11:22:33:44:55:66']
2013-11-20 10:56:22,570: DEBUG: NAS-Port-Type: ['Wireless-802.11']
2013-11-20 10:56:22,570: DEBUG: GoGo-Total-Output-Voice-Octets: [0]
2013-11-20 10:56:22,570: DEBUG: GoGo-Private-IP-Address: ['192.168.1.179']
2013-11-20 10:56:22,570: DEBUG: GoGo-Acct-Input-Voice-Gigawords: [0]
2013-11-20 10:56:22,570: DEBUG: GoGo-Total-Input-Packets: [83495]
2013-11-20 10:56:22,570: DEBUG: GoGo-Total-Input-Gigawords: [0]
2013-11-20 10:56:22,570: DEBUG: GoGo-Acct-Input-Voice-Packets: [0]
2013-11-20 10:56:22,570: DEBUG: GoGo-Total-Input-Octets: [9800394]
2013-11-20 10:56:22,571: DEBUG: GoGo-Total-Output-Packets: [21725]
2013-11-20 10:56:22,571: DEBUG: WISPr-Location-ID: [u'airline=BA01,tail=01009,network=']
2013-11-20 10:56:22,571: DEBUG: GoGo-Acct-Output-Voice-Gigawords: [0]
2013-11-20 10:56:22,571: DEBUG: Acct-Input-Octets: [9800394]
2013-11-20 10:56:22,572: DEBUG: 

2013-11-20 10:56:22,573: DEBUG: Received response with following attributes:
2013-11-20 10:56:32,574: DEBUG: 

2013-11-20 10:56:32,574: DEBUG: Creating Accounting Update Request with the following Attributes:
2013-11-20 10:56:32,574: DEBUG: User-Name: [u'username32@airborne.aircell.com']
2013-11-20 10:56:32,575: DEBUG: GoGo-Tail-Number: [u'AAATest_10_253_253_1']
2013-11-20 10:56:32,575: DEBUG: Acct-Output-Octets: [1122692]
2013-11-20 10:56:32,575: DEBUG: NAS-IP-Address: ['10.254.1.1']
2013-11-20 10:56:32,575: DEBUG: GoGo-Total-Output-Gigawords: [0]
2013-11-20 10:56:32,575: DEBUG: Framed-IP-Address: ['10.254.1.52']
2013-11-20 10:56:32,575: DEBUG: GoGo-Total-Input-Voice-Gigawords: [0]
2013-11-20 10:56:32,575: DEBUG: GoGo-Total-Output-Octets: [1122692]
2013-11-20 10:56:32,576: DEBUG: GoGo-Acct-Input-Voice-Octets: [0]
2013-11-20 10:56:32,576: DEBUG: GoGo-Total-Input-Voice-Packets: [0]
2013-11-20 10:56:32,576: DEBUG: Called-Station-Id: [u'00:16:3E:57:FA:E6']
2013-11-20 10:56:32,576: DEBUG: WISPr-Location-Name: [u'TEST LLC,BA01_01009']
2013-11-20 10:56:32,576: DEBUG: NAS-Identifier: [u'C08386']
2013-11-20 10:56:32,576: DEBUG: Proxy-State: ['3330,3132']
2013-11-20 10:56:32,577: DEBUG: GoGo-Total-Input-Voice-Octets: [0]
2013-11-20 10:56:32,577: DEBUG: Acct-Status-Type: ['Interim-Update']
2013-11-20 10:56:32,577: DEBUG: GoGo-Total-Output-Voice-Gigawords: [0]
2013-11-20 10:56:32,577: DEBUG: GoGo-Airline: [u'BA01']
2013-11-20 10:56:32,577: DEBUG: Acct-Session-Id: [u'AAATest_10_253_253_1-1384925162476-00163E57FAE6-2']
2013-11-20 10:56:32,577: DEBUG: Acct-Session-Time: [10]
2013-11-20 10:56:32,577: DEBUG: Acct-Input-Packets: [31162]
2013-11-20 10:56:32,577: DEBUG: Acct-Output-Packets: [9023]
2013-11-20 10:56:32,577: DEBUG: GoGo-Acct-Output-Voice-Packets: [0]
2013-11-20 10:56:32,578: DEBUG: GoGo-Acct-Output-Voice-Octets: [0]
2013-11-20 10:56:32,578: DEBUG: Acct-Output-Gigawords: [0]
2013-11-20 10:56:32,578: DEBUG: GoGo-Total-Output-Voice-Packets: [0]
2013-11-20 10:56:32,578: DEBUG: Acct-Input-Gigawords: [0]
2013-11-20 10:56:32,578: DEBUG: Calling-Station-Id: [u'11:22:33:44:55:66']
2013-11-20 10:56:32,578: DEBUG: NAS-Port-Type: ['Wireless-802.11']
2013-11-20 10:56:32,578: DEBUG: GoGo-Total-Output-Voice-Octets: [0]
2013-11-20 10:56:32,578: DEBUG: GoGo-Private-IP-Address: ['192.168.1.179']
2013-11-20 10:56:32,578: DEBUG: GoGo-Acct-Input-Voice-Gigawords: [0]
2013-11-20 10:56:32,578: DEBUG: GoGo-Total-Input-Packets: [31162]
2013-11-20 10:56:32,579: DEBUG: GoGo-Total-Input-Gigawords: [0]
2013-11-20 10:56:32,579: DEBUG: GoGo-Acct-Input-Voice-Packets: [0]
2013-11-20 10:56:32,579: DEBUG: GoGo-Total-Input-Octets: [5321609]
2013-11-20 10:56:32,579: DEBUG: GoGo-Total-Output-Packets: [9023]
2013-11-20 10:56:32,579: DEBUG: WISPr-Location-ID: [u'airline=BA01,tail=01009,network=']
2013-11-20 10:56:32,579: DEBUG: GoGo-Acct-Output-Voice-Gigawords: [0]
2013-11-20 10:56:32,579: DEBUG: Acct-Input-Octets: [5321609]
2013-11-20 10:56:32,581: DEBUG: 

2013-11-20 10:56:32,581: DEBUG: Received response with following attributes:
2013-11-20 10:56:42,582: DEBUG: 

2013-11-20 10:56:42,582: DEBUG: Creating Accounting Update Request with the following Attributes:
2013-11-20 10:56:42,582: DEBUG: User-Name: [u'username32@airborne.aircell.com']
2013-11-20 10:56:42,583: DEBUG: GoGo-Tail-Number: [u'AAATest_10_253_253_1']
2013-11-20 10:56:42,583: DEBUG: Acct-Output-Octets: [2505231]
2013-11-20 10:56:42,583: DEBUG: NAS-IP-Address: ['10.254.1.1']
2013-11-20 10:56:42,583: DEBUG: GoGo-Total-Output-Gigawords: [0]
2013-11-20 10:56:42,583: DEBUG: Framed-IP-Address: ['10.254.1.52']
2013-11-20 10:56:42,583: DEBUG: GoGo-Total-Input-Voice-Gigawords: [0]
2013-11-20 10:56:42,583: DEBUG: GoGo-Total-Output-Octets: [2505231]
2013-11-20 10:56:42,583: DEBUG: GoGo-Acct-Input-Voice-Octets: [0]
2013-11-20 10:56:42,583: DEBUG: GoGo-Total-Input-Voice-Packets: [0]
2013-11-20 10:56:42,583: DEBUG: Called-Station-Id: [u'00:16:3E:57:FA:E6']
2013-11-20 10:56:42,584: DEBUG: WISPr-Location-Name: [u'TEST LLC,BA01_01009']
2013-11-20 10:56:42,584: DEBUG: NAS-Identifier: [u'C08386']
2013-11-20 10:56:42,584: DEBUG: Proxy-State: ['3330,3132']
2013-11-20 10:56:42,584: DEBUG: GoGo-Total-Input-Voice-Octets: [0]
2013-11-20 10:56:42,584: DEBUG: Acct-Status-Type: ['Interim-Update']
2013-11-20 10:56:42,584: DEBUG: GoGo-Total-Output-Voice-Gigawords: [0]
2013-11-20 10:56:42,584: DEBUG: GoGo-Airline: [u'BA01']
2013-11-20 10:56:42,584: DEBUG: Acct-Session-Id: [u'AAATest_10_253_253_1-1384925162476-00163E57FAE6-2']
2013-11-20 10:56:42,584: DEBUG: Acct-Session-Time: [10]
2013-11-20 10:56:42,584: DEBUG: Acct-Input-Packets: [36858]
2013-11-20 10:56:42,585: DEBUG: Acct-Output-Packets: [19564]
2013-11-20 10:56:42,585: DEBUG: GoGo-Acct-Output-Voice-Packets: [0]
2013-11-20 10:56:42,585: DEBUG: GoGo-Acct-Output-Voice-Octets: [0]
2013-11-20 10:56:42,585: DEBUG: Acct-Output-Gigawords: [0]
2013-11-20 10:56:42,585: DEBUG: GoGo-Total-Output-Voice-Packets: [0]
2013-11-20 10:56:42,585: DEBUG: Acct-Input-Gigawords: [0]
2013-11-20 10:56:42,585: DEBUG: Calling-Station-Id: [u'11:22:33:44:55:66']
2013-11-20 10:56:42,585: DEBUG: NAS-Port-Type: ['Wireless-802.11']
2013-11-20 10:56:42,585: DEBUG: GoGo-Total-Output-Voice-Octets: [0]
2013-11-20 10:56:42,585: DEBUG: GoGo-Private-IP-Address: ['192.168.1.179']
2013-11-20 10:56:42,586: DEBUG: GoGo-Acct-Input-Voice-Gigawords: [0]
2013-11-20 10:56:42,586: DEBUG: GoGo-Total-Input-Packets: [36858]
2013-11-20 10:56:42,586: DEBUG: GoGo-Total-Input-Gigawords: [0]
2013-11-20 10:56:42,586: DEBUG: GoGo-Acct-Input-Voice-Packets: [0]
2013-11-20 10:56:42,586: DEBUG: GoGo-Total-Input-Octets: [4428852]
2013-11-20 10:56:42,586: DEBUG: GoGo-Total-Output-Packets: [19564]
2013-11-20 10:56:42,586: DEBUG: WISPr-Location-ID: [u'airline=BA01,tail=01009,network=']
2013-11-20 10:56:42,586: DEBUG: GoGo-Acct-Output-Voice-Gigawords: [0]
2013-11-20 10:56:42,586: DEBUG: Acct-Input-Octets: [4428852]
2013-11-20 10:56:42,588: DEBUG: 

2013-11-20 10:56:42,588: DEBUG: Received response with following attributes:
2013-11-20 10:56:52,589: DEBUG: 

2013-11-20 10:56:52,590: DEBUG: Creating Accounting Update Request with the following Attributes:
2013-11-20 10:56:52,590: DEBUG: User-Name: [u'username32@airborne.aircell.com']
2013-11-20 10:56:52,590: DEBUG: GoGo-Tail-Number: [u'AAATest_10_253_253_1']
2013-11-20 10:56:52,590: DEBUG: Acct-Output-Octets: [3395735]
2013-11-20 10:56:52,590: DEBUG: NAS-IP-Address: ['10.254.1.1']
2013-11-20 10:56:52,590: DEBUG: GoGo-Total-Output-Gigawords: [0]
2013-11-20 10:56:52,591: DEBUG: Framed-IP-Address: ['10.254.1.52']
2013-11-20 10:56:52,591: DEBUG: GoGo-Total-Input-Voice-Gigawords: [0]
2013-11-20 10:56:52,591: DEBUG: GoGo-Total-Output-Octets: [3395735]
2013-11-20 10:56:52,591: DEBUG: GoGo-Acct-Input-Voice-Octets: [0]
2013-11-20 10:56:52,591: DEBUG: GoGo-Total-Input-Voice-Packets: [0]
2013-11-20 10:56:52,591: DEBUG: Called-Station-Id: [u'00:16:3E:57:FA:E6']
2013-11-20 10:56:52,591: DEBUG: WISPr-Location-Name: [u'TEST LLC,BA01_01009']
2013-11-20 10:56:52,591: DEBUG: NAS-Identifier: [u'C08386']
2013-11-20 10:56:52,591: DEBUG: Proxy-State: ['3330,3132']
2013-11-20 10:56:52,591: DEBUG: GoGo-Total-Input-Voice-Octets: [0]
2013-11-20 10:56:52,592: DEBUG: Acct-Status-Type: ['Interim-Update']
2013-11-20 10:56:52,592: DEBUG: GoGo-Total-Output-Voice-Gigawords: [0]
2013-11-20 10:56:52,592: DEBUG: GoGo-Airline: [u'BA01']
2013-11-20 10:56:52,592: DEBUG: Acct-Session-Id: [u'AAATest_10_253_253_1-1384925162476-00163E57FAE6-2']
2013-11-20 10:56:52,592: DEBUG: Acct-Session-Time: [10]
2013-11-20 10:56:52,592: DEBUG: Acct-Input-Packets: [43472]
2013-11-20 10:56:52,592: DEBUG: Acct-Output-Packets: [31583]
2013-11-20 10:56:52,592: DEBUG: GoGo-Acct-Output-Voice-Packets: [0]
2013-11-20 10:56:52,592: DEBUG: GoGo-Acct-Output-Voice-Octets: [0]
2013-11-20 10:56:52,592: DEBUG: Acct-Output-Gigawords: [0]
2013-11-20 10:56:52,593: DEBUG: GoGo-Total-Output-Voice-Packets: [0]
2013-11-20 10:56:52,593: DEBUG: Acct-Input-Gigawords: [0]
2013-11-20 10:56:52,593: DEBUG: Calling-Station-Id: [u'11:22:33:44:55:66']
2013-11-20 10:56:52,593: DEBUG: NAS-Port-Type: ['Wireless-802.11']
2013-11-20 10:56:52,593: DEBUG: GoGo-Total-Output-Voice-Octets: [0]
2013-11-20 10:56:52,593: DEBUG: GoGo-Private-IP-Address: ['192.168.1.179']
2013-11-20 10:56:52,593: DEBUG: GoGo-Acct-Input-Voice-Gigawords: [0]
2013-11-20 10:56:52,593: DEBUG: GoGo-Total-Input-Packets: [43472]
2013-11-20 10:56:52,593: DEBUG: GoGo-Total-Input-Gigawords: [0]
2013-11-20 10:56:52,593: DEBUG: GoGo-Acct-Input-Voice-Packets: [0]
2013-11-20 10:56:52,594: DEBUG: GoGo-Total-Input-Octets: [8418643]
2013-11-20 10:56:52,594: DEBUG: GoGo-Total-Output-Packets: [31583]
2013-11-20 10:56:52,594: DEBUG: WISPr-Location-ID: [u'airline=BA01,tail=01009,network=']
2013-11-20 10:56:52,594: DEBUG: GoGo-Acct-Output-Voice-Gigawords: [0]
2013-11-20 10:56:52,594: DEBUG: Acct-Input-Octets: [8418643]
2013-11-20 10:56:52,596: DEBUG: 

2013-11-20 10:56:52,596: DEBUG: Received response with following attributes:
2013-11-20 10:57:02,597: DEBUG: 

2013-11-20 10:57:02,597: DEBUG: Creating Accounting Update Request with the following Attributes:
2013-11-20 10:57:02,597: DEBUG: User-Name: [u'username32@airborne.aircell.com']
2013-11-20 10:57:02,598: DEBUG: GoGo-Tail-Number: [u'AAATest_10_253_253_1']
2013-11-20 10:57:02,598: DEBUG: Acct-Output-Octets: [3957480]
2013-11-20 10:57:02,598: DEBUG: NAS-IP-Address: ['10.254.1.1']
2013-11-20 10:57:02,598: DEBUG: GoGo-Total-Output-Gigawords: [0]
2013-11-20 10:57:02,598: DEBUG: Framed-IP-Address: ['10.254.1.52']
2013-11-20 10:57:02,598: DEBUG: GoGo-Total-Input-Voice-Gigawords: [0]
2013-11-20 10:57:02,598: DEBUG: GoGo-Total-Output-Octets: [3957480]
2013-11-20 10:57:02,598: DEBUG: GoGo-Acct-Input-Voice-Octets: [0]
2013-11-20 10:57:02,599: DEBUG: GoGo-Total-Input-Voice-Packets: [0]
2013-11-20 10:57:02,599: DEBUG: Called-Station-Id: [u'00:16:3E:57:FA:E6']
2013-11-20 10:57:02,599: DEBUG: WISPr-Location-Name: [u'TEST LLC,BA01_01009']
2013-11-20 10:57:02,599: DEBUG: NAS-Identifier: [u'C08386']
2013-11-20 10:57:02,599: DEBUG: Proxy-State: ['3330,3132']
2013-11-20 10:57:02,599: DEBUG: GoGo-Total-Input-Voice-Octets: [0]
2013-11-20 10:57:02,599: DEBUG: Acct-Status-Type: ['Interim-Update']
2013-11-20 10:57:02,599: DEBUG: GoGo-Total-Output-Voice-Gigawords: [0]
2013-11-20 10:57:02,599: DEBUG: GoGo-Airline: [u'BA01']
2013-11-20 10:57:02,600: DEBUG: Acct-Session-Id: [u'AAATest_10_253_253_1-1384925162476-00163E57FAE6-2']
2013-11-20 10:57:02,600: DEBUG: Acct-Session-Time: [10]
2013-11-20 10:57:02,600: DEBUG: Acct-Input-Packets: [36595]
2013-11-20 10:57:02,600: DEBUG: Acct-Output-Packets: [31316]
2013-11-20 10:57:02,600: DEBUG: GoGo-Acct-Output-Voice-Packets: [0]
2013-11-20 10:57:02,600: DEBUG: GoGo-Acct-Output-Voice-Octets: [0]
2013-11-20 10:57:02,600: DEBUG: Acct-Output-Gigawords: [0]
2013-11-20 10:57:02,600: DEBUG: GoGo-Total-Output-Voice-Packets: [0]
2013-11-20 10:57:02,600: DEBUG: Acct-Input-Gigawords: [0]
2013-11-20 10:57:02,600: DEBUG: Calling-Station-Id: [u'11:22:33:44:55:66']
2013-11-20 10:57:02,601: DEBUG: NAS-Port-Type: ['Wireless-802.11']
2013-11-20 10:57:02,601: DEBUG: GoGo-Total-Output-Voice-Octets: [0]
2013-11-20 10:57:02,601: DEBUG: GoGo-Private-IP-Address: ['192.168.1.179']
2013-11-20 10:57:02,601: DEBUG: GoGo-Acct-Input-Voice-Gigawords: [0]
2013-11-20 10:57:02,601: DEBUG: GoGo-Total-Input-Packets: [36595]
2013-11-20 10:57:02,601: DEBUG: GoGo-Total-Input-Gigawords: [0]
2013-11-20 10:57:02,601: DEBUG: GoGo-Acct-Input-Voice-Packets: [0]
2013-11-20 10:57:02,601: DEBUG: GoGo-Total-Input-Octets: [7544359]
2013-11-20 10:57:02,601: DEBUG: GoGo-Total-Output-Packets: [31316]
2013-11-20 10:57:02,602: DEBUG: WISPr-Location-ID: [u'airline=BA01,tail=01009,network=']
2013-11-20 10:57:02,602: DEBUG: GoGo-Acct-Output-Voice-Gigawords: [0]
2013-11-20 10:57:02,602: DEBUG: Acct-Input-Octets: [7544359]
2013-11-20 10:57:02,603: DEBUG: 

2013-11-20 10:57:02,603: DEBUG: Received response with following attributes:
2013-11-20 10:57:20,604: DEBUG: 

2013-11-20 10:57:20,605: DEBUG: Creating Accounting Stop Request with the following Attributes:
2013-11-20 10:57:20,605: DEBUG: User-Name: [u'username32@airborne.aircell.com']
2013-11-20 10:57:20,605: DEBUG: GoGo-Tail-Number: [u'01009']
2013-11-20 10:57:20,605: DEBUG: Acct-Output-Octets: [4471299]
2013-11-20 10:57:20,605: DEBUG: NAS-IP-Address: ['10.254.1.1']
2013-11-20 10:57:20,605: DEBUG: GoGo-Total-Output-Gigawords: [0]
2013-11-20 10:57:20,605: DEBUG: Framed-IP-Address: ['10.254.1.52']
2013-11-20 10:57:20,605: DEBUG: GoGo-Total-Input-Voice-Gigawords: [0]
2013-11-20 10:57:20,606: DEBUG: GoGo-Total-Output-Octets: [4471299]
2013-11-20 10:57:20,606: DEBUG: GoGo-Acct-Input-Voice-Octets: [0]
2013-11-20 10:57:20,606: DEBUG: GoGo-Total-Input-Voice-Packets: [0]
2013-11-20 10:57:20,606: DEBUG: Called-Station-Id: [u'00:16:3E:57:FA:E6']
2013-11-20 10:57:20,606: DEBUG: WISPr-Location-Name: [u'TEST LLC,BA01_01009']
2013-11-20 10:57:20,606: DEBUG: NAS-Identifier: [u'C08386']
2013-11-20 10:57:20,606: DEBUG: Proxy-State: ['3330,3132']
2013-11-20 10:57:20,606: DEBUG: GoGo-Total-Input-Voice-Octets: [0]
2013-11-20 10:57:20,606: DEBUG: Acct-Status-Type: ['Stop']
2013-11-20 10:57:20,607: DEBUG: GoGo-Total-Output-Voice-Gigawords: [0]
2013-11-20 10:57:20,607: DEBUG: GoGo-Airline: [u'BA01']
2013-11-20 10:57:20,607: DEBUG: Acct-Session-Id: [u'AAATest_10_253_253_1-1384925162476-00163E57FAE6-2']
2013-11-20 10:57:20,607: DEBUG: Acct-Session-Time: [18]
2013-11-20 10:57:20,607: DEBUG: Acct-Input-Packets: [14379]
2013-11-20 10:57:20,607: DEBUG: Acct-Output-Packets: [41453]
2013-11-20 10:57:20,607: DEBUG: Acct-Terminate-Cause: ['User-Request']
2013-11-20 10:57:20,607: DEBUG: GoGo-Acct-Output-Voice-Octets: [0]
2013-11-20 10:57:20,607: DEBUG: Acct-Output-Gigawords: [0]
2013-11-20 10:57:20,607: DEBUG: GoGo-Total-Output-Voice-Packets: [0]
2013-11-20 10:57:20,608: DEBUG: Acct-Input-Gigawords: [0]
2013-11-20 10:57:20,608: DEBUG: Calling-Station-Id: [u'11:22:33:44:55:66']
2013-11-20 10:57:20,608: DEBUG: NAS-Port-Type: ['Wireless-802.11']
2013-11-20 10:57:20,608: DEBUG: GoGo-Total-Output-Voice-Octets: [0]
2013-11-20 10:57:20,608: DEBUG: GoGo-Private-IP-Address: ['192.168.1.179']
2013-11-20 10:57:20,608: DEBUG: GoGo-Acct-Input-Voice-Gigawords: [0]
2013-11-20 10:57:20,608: DEBUG: GoGo-Total-Input-Packets: [14379]
2013-11-20 10:57:20,608: DEBUG: GoGo-Total-Input-Gigawords: [0]
2013-11-20 10:57:20,608: DEBUG: GoGo-Acct-Input-Voice-Packets: [0]
2013-11-20 10:57:20,608: DEBUG: GoGo-Total-Input-Octets: [5435511]
2013-11-20 10:57:20,609: DEBUG: GoGo-Total-Output-Packets: [41453]
2013-11-20 10:57:20,609: DEBUG: WISPr-Location-ID: [u'airline=BA01,tail=01009,network=']
2013-11-20 10:57:20,609: DEBUG: GoGo-Acct-Output-Voice-Packets: [0]
2013-11-20 10:57:20,609: DEBUG: GoGo-Acct-Output-Voice-Gigawords: [0]
2013-11-20 10:57:20,609: DEBUG: Acct-Input-Octets: [5435511]
2013-11-20 10:57:20,611: DEBUG: 

2013-11-20 10:57:20,611: DEBUG: Received response with following attributes:
2013-11-20 10:57:20,611: DEBUG: Ending the test for this user
2013-11-20 10:57:21,509: DEBUG: Starting the client for the user username32@airborne.aircell.com to the server localhost

2013-11-20 10:57:21,510: DEBUG: DURATION of the TEST: 41
2013-11-20 10:57:21,511: DEBUG: NAS-IP: 10.254.162.1
2013-11-20 10:57:21,511: DEBUG: NAS-MAC-ADDR: 18:21:31:41:52:38
2013-11-20 10:57:21,512: DEBUG: Abruptly End: False
2013-11-20 10:57:21,513: DEBUG: Framed-IP: 10.254.162.13
2013-11-20 10:57:21,514: DEBUG: User-MAC-Addr: 00:16:3E:66:53:12
2013-11-20 10:57:21,515: DEBUG: 

2013-11-20 10:57:21,516: DEBUG: Creating Authentication Request with the following Attributes:
2013-11-20 10:57:21,516: DEBUG: NAS-Identifier: [u'C08386']
2013-11-20 10:57:21,517: DEBUG: User-Name: [u'username32@airborne.aircell.com']
2013-11-20 10:57:21,518: DEBUG: NAS-IP-Address: ['10.254.162.1']
2013-11-20 10:57:21,518: DEBUG: Service-Type: ['Authenticate-Only']
2013-11-20 10:57:21,518: DEBUG: Proxy-State: ['3237,3134']
2013-11-20 10:57:21,519: DEBUG: Framed-IP-Address: ['10.254.162.13']
2013-11-20 10:57:21,520: DEBUG: GoGo-Airline: [u'BA01']
2013-11-20 10:57:21,520: DEBUG: Acct-Session-Id: [u'AAATestNAS_157-1384925241515-00163E665312-2']
2013-11-20 10:57:21,521: DEBUG: GoGo-Tail-Number: [u'AAATestNAS_157']
2013-11-20 10:57:21,522: DEBUG: GoGo-Private-IP-Address: ['192.168.1.179']
2013-11-20 10:57:21,523: DEBUG: WISPr-Location-ID: [u'airline=BA01,tail=01009,network=']
2013-11-20 10:57:21,524: DEBUG: WISPr-Location-Name: [u'TEST LLC,BA01_01009']
2013-11-20 10:57:21,524: DEBUG: NAS-Port-Type: ['Wireless-802.11']
2013-11-20 10:57:21,525: DEBUG: Called-Station-Id: [u'00:16:3E:66:53:12']
2013-11-20 10:57:21,526: DEBUG: Calling-Station-Id: [u'18:21:31:41:52:38']
2013-11-20 10:57:21,530: DEBUG: 

2013-11-20 10:57:21,531: DEBUG: Received response with code: 2, Accepted
2013-11-20 10:57:21,532: DEBUG: Creating Authentication Request with the following Attributes:
2013-11-20 10:57:21,533: DEBUG: NAS-Identifier: [u'C08386']
2013-11-20 10:57:21,534: DEBUG: User-Name: [u'username32@airborne.aircell.com']
2013-11-20 10:57:21,535: DEBUG: NAS-IP-Address: ['10.254.162.1']
2013-11-20 10:57:21,535: DEBUG: Service-Type: ['Login-User']
2013-11-20 10:57:21,536: DEBUG: Proxy-State: ['3237,3134']
2013-11-20 10:57:21,536: DEBUG: Framed-IP-Address: ['10.254.162.13']
2013-11-20 10:57:21,537: DEBUG: GoGo-Airline: [u'BA01']
2013-11-20 10:57:21,538: DEBUG: Acct-Session-Id: [u'AAATestNAS_157-1384925241532-00163E665312-2']
2013-11-20 10:57:21,539: DEBUG: GoGo-Tail-Number: [u'AAATestNAS_157']
2013-11-20 10:57:21,539: DEBUG: GoGo-Private-IP-Address: ['192.168.1.179']
2013-11-20 10:57:21,540: DEBUG: WISPr-Location-ID: [u'airline=BA01,tail=01009,network=']
2013-11-20 10:57:21,540: DEBUG: WISPr-Location-Name: [u'TEST LLC,BA01_01009']
2013-11-20 10:57:21,541: DEBUG: NAS-Port-Type: ['Wireless-802.11']
2013-11-20 10:57:21,542: DEBUG: Called-Station-Id: [u'00:16:3E:66:53:12']
2013-11-20 10:57:21,543: DEBUG: Calling-Station-Id: [u'18:21:31:41:52:38']
2013-11-20 10:57:21,546: DEBUG: 

2013-11-20 10:57:21,546: DEBUG: Received response with code: 2, Accepted
2013-11-20 10:57:21,547: DEBUG: 

2013-11-20 10:57:21,548: DEBUG: Creating Accounting start Request with the following Attributes:
2013-11-20 10:57:21,549: DEBUG: NAS-Identifier: [u'C08386']
2013-11-20 10:57:21,550: DEBUG: User-Name: [u'username32@airborne.aircell.com']
2013-11-20 10:57:21,551: DEBUG: GoGo-Tail-Number: [u'AAATestNAS_157']
2013-11-20 10:57:21,552: DEBUG: NAS-IP-Address: ['10.254.162.1']
2013-11-20 10:57:21,553: DEBUG: Proxy-State: ['3239,3131']
2013-11-20 10:57:21,554: DEBUG: Acct-Status-Type: ['Start']
2013-11-20 10:57:21,554: DEBUG: GoGo-Airline: [u'BA01']
2013-11-20 10:57:21,555: DEBUG: Acct-Session-Id: [u'AAATestNAS_157-1384925241532-00163E665312-2']
2013-11-20 10:57:21,557: DEBUG: GoGo-Private-IP-Address: ['192.168.1.179']
2013-11-20 10:57:21,557: DEBUG: Framed-IP-Address: ['10.254.162.13']
2013-11-20 10:57:21,558: DEBUG: WISPr-Location-ID: [u'airline=BA01,tail=01009,network=']
2013-11-20 10:57:21,559: DEBUG: WISPr-Location-Name: [u'TEST LLC,BA01_01009']
2013-11-20 10:57:21,560: DEBUG: NAS-Port-Type: ['Wireless-802.11']
2013-11-20 10:57:21,560: DEBUG: Called-Station-Id: [u'00:16:3E:66:53:12']
2013-11-20 10:57:21,561: DEBUG: Calling-Station-Id: [u'18:21:31:41:52:38']
2013-11-20 10:57:21,563: DEBUG: 

2013-11-20 10:57:21,563: DEBUG: Received response with following attributes:
2013-11-20 10:57:31,563: DEBUG: 

2013-11-20 10:57:31,564: DEBUG: Creating Accounting Update Request with the following Attributes:
2013-11-20 10:57:31,564: DEBUG: User-Name: [u'username32@airborne.aircell.com']
2013-11-20 10:57:31,565: DEBUG: GoGo-Tail-Number: [u'AAATestNAS_157']
2013-11-20 10:57:31,565: DEBUG: Acct-Output-Octets: [7529093]
2013-11-20 10:57:31,565: DEBUG: NAS-IP-Address: ['10.254.162.1']
2013-11-20 10:57:31,566: DEBUG: GoGo-Total-Output-Gigawords: [0]
2013-11-20 10:57:31,566: DEBUG: Framed-IP-Address: ['10.254.162.13']
2013-11-20 10:57:31,566: DEBUG: GoGo-Total-Input-Voice-Gigawords: [0]
2013-11-20 10:57:31,567: DEBUG: GoGo-Total-Output-Octets: [7529093]
2013-11-20 10:57:31,567: DEBUG: GoGo-Acct-Input-Voice-Octets: [0]
2013-11-20 10:57:31,568: DEBUG: GoGo-Total-Input-Voice-Packets: [0]
2013-11-20 10:57:31,568: DEBUG: Called-Station-Id: [u'00:16:3E:66:53:12']
2013-11-20 10:57:31,568: DEBUG: WISPr-Location-Name: [u'TEST LLC,BA01_01009']
2013-11-20 10:57:31,569: DEBUG: NAS-Identifier: [u'C08386']
2013-11-20 10:57:31,570: DEBUG: Proxy-State: ['3330,3132']
2013-11-20 10:57:31,570: DEBUG: GoGo-Total-Input-Voice-Octets: [0]
2013-11-20 10:57:31,571: DEBUG: Acct-Status-Type: ['Interim-Update']
2013-11-20 10:57:31,572: DEBUG: GoGo-Total-Output-Voice-Gigawords: [0]
2013-11-20 10:57:31,572: DEBUG: GoGo-Airline: [u'BA01']
2013-11-20 10:57:31,573: DEBUG: Acct-Session-Id: [u'AAATestNAS_157-1384925241532-00163E665312-2']
2013-11-20 10:57:31,573: DEBUG: Acct-Session-Time: [10]
2013-11-20 10:57:31,574: DEBUG: Acct-Input-Packets: [8980]
2013-11-20 10:57:31,574: DEBUG: Acct-Output-Packets: [11616]
2013-11-20 10:57:31,575: DEBUG: GoGo-Acct-Output-Voice-Packets: [0]
2013-11-20 10:57:31,575: DEBUG: GoGo-Acct-Output-Voice-Octets: [0]
2013-11-20 10:57:31,575: DEBUG: Acct-Output-Gigawords: [0]
2013-11-20 10:57:31,576: DEBUG: GoGo-Total-Output-Voice-Packets: [0]
2013-11-20 10:57:31,576: DEBUG: Acct-Input-Gigawords: [0]
2013-11-20 10:57:31,577: DEBUG: Calling-Station-Id: [u'18:21:31:41:52:38']
2013-11-20 10:57:31,577: DEBUG: NAS-Port-Type: ['Wireless-802.11']
2013-11-20 10:57:31,577: DEBUG: GoGo-Total-Output-Voice-Octets: [0]
2013-11-20 10:57:31,578: DEBUG: GoGo-Private-IP-Address: ['192.168.1.179']
2013-11-20 10:57:31,578: DEBUG: GoGo-Acct-Input-Voice-Gigawords: [0]
2013-11-20 10:57:31,579: DEBUG: GoGo-Total-Input-Packets: [8980]
2013-11-20 10:57:31,579: DEBUG: GoGo-Total-Input-Gigawords: [0]
2013-11-20 10:57:31,579: DEBUG: GoGo-Acct-Input-Voice-Packets: [0]
2013-11-20 10:57:31,580: DEBUG: GoGo-Total-Input-Octets: [4063695]
2013-11-20 10:57:31,580: DEBUG: GoGo-Total-Output-Packets: [11616]
2013-11-20 10:57:31,581: DEBUG: WISPr-Location-ID: [u'airline=BA01,tail=01009,network=']
2013-11-20 10:57:31,581: DEBUG: GoGo-Acct-Output-Voice-Gigawords: [0]
2013-11-20 10:57:31,581: DEBUG: Acct-Input-Octets: [4063695]
2013-11-20 10:57:31,582: ERROR: Network error, Reason: 'Network error: Too many open files'
2013-11-20 10:57:41,584: DEBUG: 

2013-11-20 10:57:41,585: DEBUG: Creating Accounting Update Request with the following Attributes:
2013-11-20 10:57:41,586: DEBUG: User-Name: [u'username32@airborne.aircell.com']
2013-11-20 10:57:41,586: DEBUG: GoGo-Tail-Number: [u'AAATestNAS_157']
2013-11-20 10:57:41,586: DEBUG: Acct-Output-Octets: [7301480]
2013-11-20 10:57:41,586: DEBUG: NAS-IP-Address: ['10.254.162.1']
2013-11-20 10:57:41,587: DEBUG: GoGo-Total-Output-Gigawords: [0]
2013-11-20 10:57:41,587: DEBUG: Framed-IP-Address: ['10.254.162.13']
2013-11-20 10:57:41,587: DEBUG: GoGo-Total-Input-Voice-Gigawords: [0]
2013-11-20 10:57:41,588: DEBUG: GoGo-Total-Output-Octets: [7301480]
2013-11-20 10:57:41,589: DEBUG: GoGo-Acct-Input-Voice-Octets: [0]
2013-11-20 10:57:41,590: DEBUG: GoGo-Total-Input-Voice-Packets: [0]
2013-11-20 10:57:41,592: DEBUG: Called-Station-Id: [u'00:16:3E:66:53:12']
2013-11-20 10:57:41,592: DEBUG: WISPr-Location-Name: [u'TEST LLC,BA01_01009']
2013-11-20 10:57:41,592: DEBUG: NAS-Identifier: [u'C08386']
2013-11-20 10:57:41,593: DEBUG: Proxy-State: ['3330,3132']
2013-11-20 10:57:41,594: DEBUG: GoGo-Total-Input-Voice-Octets: [0]
2013-11-20 10:57:41,595: DEBUG: Acct-Status-Type: ['Interim-Update']
2013-11-20 10:57:41,595: DEBUG: GoGo-Total-Output-Voice-Gigawords: [0]
2013-11-20 10:57:41,596: DEBUG: GoGo-Airline: [u'BA01']
2013-11-20 10:57:41,596: DEBUG: Acct-Session-Id: [u'AAATestNAS_157-1384925241532-00163E665312-2']
2013-11-20 10:57:41,597: DEBUG: Acct-Session-Time: [10]
2013-11-20 10:57:41,598: DEBUG: Acct-Input-Packets: [3635]
2013-11-20 10:57:41,598: DEBUG: Acct-Output-Packets: [60454]
2013-11-20 10:57:41,600: DEBUG: GoGo-Acct-Output-Voice-Packets: [0]
2013-11-20 10:57:41,600: DEBUG: GoGo-Acct-Output-Voice-Octets: [0]
2013-11-20 10:57:41,601: DEBUG: Acct-Output-Gigawords: [0]
2013-11-20 10:57:41,601: DEBUG: GoGo-Total-Output-Voice-Packets: [0]
2013-11-20 10:57:41,601: DEBUG: Acct-Input-Gigawords: [0]
2013-11-20 10:57:41,602: DEBUG: Calling-Station-Id: [u'18:21:31:41:52:38']
2013-11-20 10:57:41,603: DEBUG: NAS-Port-Type: ['Wireless-802.11']
2013-11-20 10:57:41,604: DEBUG: GoGo-Total-Output-Voice-Octets: [0]
2013-11-20 10:57:41,604: DEBUG: GoGo-Private-IP-Address: ['192.168.1.179']
2013-11-20 10:57:41,606: DEBUG: GoGo-Acct-Input-Voice-Gigawords: [0]
2013-11-20 10:57:41,606: DEBUG: GoGo-Total-Input-Packets: [3635]
2013-11-20 10:57:41,607: DEBUG: GoGo-Total-Input-Gigawords: [0]
2013-11-20 10:57:41,607: DEBUG: GoGo-Acct-Input-Voice-Packets: [0]
2013-11-20 10:57:41,608: DEBUG: GoGo-Total-Input-Octets: [1040473]
2013-11-20 10:57:41,608: DEBUG: GoGo-Total-Output-Packets: [60454]
2013-11-20 10:57:41,609: DEBUG: WISPr-Location-ID: [u'airline=BA01,tail=01009,network=']
2013-11-20 10:57:41,609: DEBUG: GoGo-Acct-Output-Voice-Gigawords: [0]
2013-11-20 10:57:41,610: DEBUG: Acct-Input-Octets: [1040473]
2013-11-20 10:57:41,610: ERROR: Network error, Reason: 'Network error: nodename nor servname provided, or not known'
2013-11-20 10:57:51,612: DEBUG: 

2013-11-20 10:57:51,613: DEBUG: Creating Accounting Update Request with the following Attributes:
2013-11-20 10:57:51,613: DEBUG: User-Name: [u'username32@airborne.aircell.com']
2013-11-20 10:57:51,614: DEBUG: GoGo-Tail-Number: [u'AAATestNAS_157']
2013-11-20 10:57:51,614: DEBUG: Acct-Output-Octets: [9342828]
2013-11-20 10:57:51,614: DEBUG: NAS-IP-Address: ['10.254.162.1']
2013-11-20 10:57:51,615: DEBUG: GoGo-Total-Output-Gigawords: [0]
2013-11-20 10:57:51,615: DEBUG: Framed-IP-Address: ['10.254.162.13']
2013-11-20 10:57:51,615: DEBUG: GoGo-Total-Input-Voice-Gigawords: [0]
2013-11-20 10:57:51,615: DEBUG: GoGo-Total-Output-Octets: [9342828]
2013-11-20 10:57:51,616: DEBUG: GoGo-Acct-Input-Voice-Octets: [0]
2013-11-20 10:57:51,616: DEBUG: GoGo-Total-Input-Voice-Packets: [0]
2013-11-20 10:57:51,616: DEBUG: Called-Station-Id: [u'00:16:3E:66:53:12']
2013-11-20 10:57:51,616: DEBUG: WISPr-Location-Name: [u'TEST LLC,BA01_01009']
2013-11-20 10:57:51,617: DEBUG: NAS-Identifier: [u'C08386']
2013-11-20 10:57:51,617: DEBUG: Proxy-State: ['3330,3132']
2013-11-20 10:57:51,617: DEBUG: GoGo-Total-Input-Voice-Octets: [0]
2013-11-20 10:57:51,617: DEBUG: Acct-Status-Type: ['Interim-Update']
2013-11-20 10:57:51,618: DEBUG: GoGo-Total-Output-Voice-Gigawords: [0]
2013-11-20 10:57:51,618: DEBUG: GoGo-Airline: [u'BA01']
2013-11-20 10:57:51,618: DEBUG: Acct-Session-Id: [u'AAATestNAS_157-1384925241532-00163E665312-2']
2013-11-20 10:57:51,618: DEBUG: Acct-Session-Time: [10]
2013-11-20 10:57:51,618: DEBUG: Acct-Input-Packets: [85638]
2013-11-20 10:57:51,619: DEBUG: Acct-Output-Packets: [23712]
2013-11-20 10:57:51,619: DEBUG: GoGo-Acct-Output-Voice-Packets: [0]
2013-11-20 10:57:51,619: DEBUG: GoGo-Acct-Output-Voice-Octets: [0]
2013-11-20 10:57:51,619: DEBUG: Acct-Output-Gigawords: [0]
2013-11-20 10:57:51,619: DEBUG: GoGo-Total-Output-Voice-Packets: [0]
2013-11-20 10:57:51,620: DEBUG: Acct-Input-Gigawords: [0]
2013-11-20 10:57:51,620: DEBUG: Calling-Station-Id: [u'18:21:31:41:52:38']
2013-11-20 10:57:51,620: DEBUG: NAS-Port-Type: ['Wireless-802.11']
2013-11-20 10:57:51,620: DEBUG: GoGo-Total-Output-Voice-Octets: [0]
2013-11-20 10:57:51,620: DEBUG: GoGo-Private-IP-Address: ['192.168.1.179']
2013-11-20 10:57:51,621: DEBUG: GoGo-Acct-Input-Voice-Gigawords: [0]
2013-11-20 10:57:51,621: DEBUG: GoGo-Total-Input-Packets: [85638]
2013-11-20 10:57:51,621: DEBUG: GoGo-Total-Input-Gigawords: [0]
2013-11-20 10:57:51,621: DEBUG: GoGo-Acct-Input-Voice-Packets: [0]
2013-11-20 10:57:51,621: DEBUG: GoGo-Total-Input-Octets: [9681032]
2013-11-20 10:57:51,622: DEBUG: GoGo-Total-Output-Packets: [23712]
2013-11-20 10:57:51,622: DEBUG: WISPr-Location-ID: [u'airline=BA01,tail=01009,network=']
2013-11-20 10:57:51,622: DEBUG: GoGo-Acct-Output-Voice-Gigawords: [0]
2013-11-20 10:57:51,622: DEBUG: Acct-Input-Octets: [9681032]
2013-11-20 10:57:51,623: ERROR: Network error, Reason: 'Network error: nodename nor servname provided, or not known'
2013-11-20 10:58:01,624: DEBUG: 

2013-11-20 10:58:01,624: DEBUG: Creating Accounting Update Request with the following Attributes:
2013-11-20 10:58:01,624: DEBUG: User-Name: [u'username32@airborne.aircell.com']
2013-11-20 10:58:01,624: DEBUG: GoGo-Tail-Number: [u'AAATestNAS_157']
2013-11-20 10:58:01,625: DEBUG: Acct-Output-Octets: [4855534]
2013-11-20 10:58:01,625: DEBUG: NAS-IP-Address: ['10.254.162.1']
2013-11-20 10:58:01,625: DEBUG: GoGo-Total-Output-Gigawords: [0]
2013-11-20 10:58:01,625: DEBUG: Framed-IP-Address: ['10.254.162.13']
2013-11-20 10:58:01,625: DEBUG: GoGo-Total-Input-Voice-Gigawords: [0]
2013-11-20 10:58:01,625: DEBUG: GoGo-Total-Output-Octets: [4855534]
2013-11-20 10:58:01,625: DEBUG: GoGo-Acct-Input-Voice-Octets: [0]
2013-11-20 10:58:01,626: DEBUG: GoGo-Total-Input-Voice-Packets: [0]
2013-11-20 10:58:01,626: DEBUG: Called-Station-Id: [u'00:16:3E:66:53:12']
2013-11-20 10:58:01,626: DEBUG: WISPr-Location-Name: [u'TEST LLC,BA01_01009']
2013-11-20 10:58:01,626: DEBUG: NAS-Identifier: [u'C08386']
2013-11-20 10:58:01,626: DEBUG: Proxy-State: ['3330,3132']
2013-11-20 10:58:01,626: DEBUG: GoGo-Total-Input-Voice-Octets: [0]
2013-11-20 10:58:01,626: DEBUG: Acct-Status-Type: ['Interim-Update']
2013-11-20 10:58:01,627: DEBUG: GoGo-Total-Output-Voice-Gigawords: [0]
2013-11-20 10:58:01,627: DEBUG: GoGo-Airline: [u'BA01']
2013-11-20 10:58:01,627: DEBUG: Acct-Session-Id: [u'AAATestNAS_157-1384925241532-00163E665312-2']
2013-11-20 10:58:01,627: DEBUG: Acct-Session-Time: [10]
2013-11-20 10:58:01,627: DEBUG: Acct-Input-Packets: [23006]
2013-11-20 10:58:01,627: DEBUG: Acct-Output-Packets: [48100]
2013-11-20 10:58:01,628: DEBUG: GoGo-Acct-Output-Voice-Packets: [0]
2013-11-20 10:58:01,628: DEBUG: GoGo-Acct-Output-Voice-Octets: [0]
2013-11-20 10:58:01,629: DEBUG: Acct-Output-Gigawords: [0]
2013-11-20 10:58:01,629: DEBUG: GoGo-Total-Output-Voice-Packets: [0]
2013-11-20 10:58:01,629: DEBUG: Acct-Input-Gigawords: [0]
2013-11-20 10:58:01,629: DEBUG: Calling-Station-Id: [u'18:21:31:41:52:38']
2013-11-20 10:58:01,629: DEBUG: NAS-Port-Type: ['Wireless-802.11']
2013-11-20 10:58:01,629: DEBUG: GoGo-Total-Output-Voice-Octets: [0]
2013-11-20 10:58:01,629: DEBUG: GoGo-Private-IP-Address: ['192.168.1.179']
2013-11-20 10:58:01,630: DEBUG: GoGo-Acct-Input-Voice-Gigawords: [0]
2013-11-20 10:58:01,630: DEBUG: GoGo-Total-Input-Packets: [23006]
2013-11-20 10:58:01,630: DEBUG: GoGo-Total-Input-Gigawords: [0]
2013-11-20 10:58:01,630: DEBUG: GoGo-Acct-Input-Voice-Packets: [0]
2013-11-20 10:58:01,630: DEBUG: GoGo-Total-Input-Octets: [3435361]
2013-11-20 10:58:01,630: DEBUG: GoGo-Total-Output-Packets: [48100]
2013-11-20 10:58:01,630: DEBUG: WISPr-Location-ID: [u'airline=BA01,tail=01009,network=']
2013-11-20 10:58:01,631: DEBUG: GoGo-Acct-Output-Voice-Gigawords: [0]
2013-11-20 10:58:01,631: DEBUG: Acct-Input-Octets: [3435361]
2013-11-20 10:58:01,634: DEBUG: 

2013-11-20 10:58:01,634: DEBUG: Received response with following attributes:
2013-11-20 10:58:31,634: DEBUG: 

2013-11-20 10:58:31,635: DEBUG: Creating Accounting Stop Request with the following Attributes:
2013-11-20 10:58:31,635: DEBUG: User-Name: [u'username32@airborne.aircell.com']
2013-11-20 10:58:31,635: DEBUG: GoGo-Tail-Number: [u'01009']
2013-11-20 10:58:31,636: DEBUG: Acct-Output-Octets: [2657244]
2013-11-20 10:58:31,636: DEBUG: NAS-IP-Address: ['10.254.162.1']
2013-11-20 10:58:31,636: DEBUG: GoGo-Total-Output-Gigawords: [0]
2013-11-20 10:58:31,636: DEBUG: Framed-IP-Address: ['10.254.162.13']
2013-11-20 10:58:31,636: DEBUG: GoGo-Total-Input-Voice-Gigawords: [0]
2013-11-20 10:58:31,636: DEBUG: GoGo-Total-Output-Octets: [2657244]
2013-11-20 10:58:31,636: DEBUG: GoGo-Acct-Input-Voice-Octets: [0]
2013-11-20 10:58:31,637: DEBUG: GoGo-Total-Input-Voice-Packets: [0]
2013-11-20 10:58:31,637: DEBUG: Called-Station-Id: [u'00:16:3E:66:53:12']
2013-11-20 10:58:31,637: DEBUG: WISPr-Location-Name: [u'TEST LLC,BA01_01009']
2013-11-20 10:58:31,637: DEBUG: NAS-Identifier: [u'C08386']
2013-11-20 10:58:31,637: DEBUG: Proxy-State: ['3330,3132']
2013-11-20 10:58:31,637: DEBUG: GoGo-Total-Input-Voice-Octets: [0]
2013-11-20 10:58:31,637: DEBUG: Acct-Status-Type: ['Stop']
2013-11-20 10:58:31,638: DEBUG: GoGo-Total-Output-Voice-Gigawords: [0]
2013-11-20 10:58:31,638: DEBUG: GoGo-Airline: [u'BA01']
2013-11-20 10:58:31,638: DEBUG: Acct-Session-Id: [u'AAATestNAS_157-1384925241532-00163E665312-2']
2013-11-20 10:58:31,638: DEBUG: Acct-Session-Time: [30]
2013-11-20 10:58:31,638: DEBUG: Acct-Input-Packets: [22420]
2013-11-20 10:58:31,638: DEBUG: Acct-Output-Packets: [15037]
2013-11-20 10:58:31,638: DEBUG: Acct-Terminate-Cause: ['User-Request']
2013-11-20 10:58:31,639: DEBUG: GoGo-Acct-Output-Voice-Octets: [0]
2013-11-20 10:58:31,639: DEBUG: Acct-Output-Gigawords: [0]
2013-11-20 10:58:31,639: DEBUG: GoGo-Total-Output-Voice-Packets: [0]
2013-11-20 10:58:31,639: DEBUG: Acct-Input-Gigawords: [0]
2013-11-20 10:58:31,639: DEBUG: Calling-Station-Id: [u'18:21:31:41:52:38']
2013-11-20 10:58:31,640: DEBUG: NAS-Port-Type: ['Wireless-802.11']
2013-11-20 10:58:31,640: DEBUG: GoGo-Total-Output-Voice-Octets: [0]
2013-11-20 10:58:31,641: DEBUG: GoGo-Private-IP-Address: ['192.168.1.179']
2013-11-20 10:58:31,641: DEBUG: GoGo-Acct-Input-Voice-Gigawords: [0]
2013-11-20 10:58:31,641: DEBUG: GoGo-Total-Input-Packets: [22420]
2013-11-20 10:58:31,642: DEBUG: GoGo-Total-Input-Gigawords: [0]
2013-11-20 10:58:31,642: DEBUG: GoGo-Acct-Input-Voice-Packets: [0]
2013-11-20 10:58:31,643: DEBUG: GoGo-Total-Input-Octets: [2731306]
2013-11-20 10:58:31,643: DEBUG: GoGo-Total-Output-Packets: [15037]
2013-11-20 10:58:31,644: DEBUG: WISPr-Location-ID: [u'airline=BA01,tail=01009,network=']
2013-11-20 10:58:31,644: DEBUG: GoGo-Acct-Output-Voice-Packets: [0]
2013-11-20 10:58:31,645: DEBUG: GoGo-Acct-Output-Voice-Gigawords: [0]
2013-11-20 10:58:31,645: DEBUG: Acct-Input-Octets: [2731306]
2013-11-20 10:58:31,646: ERROR: Network error, Reason: 'Network error: Too many open files'
2013-11-20 10:58:31,646: ERROR: Ending the test for this user
2013-11-20 10:58:31,646: DEBUG: Ending the test for this user
