2013-11-20 10:57:20,519: DEBUG: Starting the client for the user username5@airborne.aircell.com to the server localhost

2013-11-20 10:57:20,520: DEBUG: DURATION of the TEST: 23
2013-11-20 10:57:20,521: DEBUG: NAS-IP: 10.254.2.1
2013-11-20 10:57:20,523: DEBUG: NAS-MAC-ADDR: 12:23:34:45:56:67
2013-11-20 10:57:20,524: DEBUG: Abruptly End: True
2013-11-20 10:57:20,525: DEBUG: Framed-IP: 10.254.2.197
2013-11-20 10:57:20,525: DEBUG: User-MAC-Addr: 00:16:3E:08:19:97
2013-11-20 10:57:20,527: DEBUG: 

2013-11-20 10:57:20,529: DEBUG: Creating Authentication Request with the following Attributes:
2013-11-20 10:57:20,530: DEBUG: NAS-Identifier: [u'C08386']
2013-11-20 10:57:20,531: DEBUG: User-Name: [u'username5@airborne.aircell.com']
2013-11-20 10:57:20,532: DEBUG: NAS-IP-Address: ['10.254.2.1']
2013-11-20 10:57:20,534: DEBUG: Service-Type: ['Authenticate-Only']
2013-11-20 10:57:20,534: DEBUG: Proxy-State: ['3237,3134']
2013-11-20 10:57:20,535: DEBUG: Framed-IP-Address: ['10.254.2.197']
2013-11-20 10:57:20,537: DEBUG: GoGo-Airline: [u'BA01']
2013-11-20 10:57:20,539: DEBUG: Acct-Session-Id: [u'AAATest_10_253_253_2-1384925240529-00163E081997-4']
2013-11-20 10:57:20,539: DEBUG: GoGo-Tail-Number: [u'AAATest_10_253_253_2']
2013-11-20 10:57:20,541: DEBUG: GoGo-Private-IP-Address: ['192.168.1.179']
2013-11-20 10:57:20,542: DEBUG: WISPr-Location-ID: [u'airline=BA01,tail=01009,network=']
2013-11-20 10:57:20,544: DEBUG: WISPr-Location-Name: [u'TEST LLC,BA01_01009']
2013-11-20 10:57:20,544: DEBUG: NAS-Port-Type: ['Wireless-802.11']
2013-11-20 10:57:20,545: DEBUG: Called-Station-Id: [u'00:16:3E:08:19:97']
2013-11-20 10:57:20,547: DEBUG: Calling-Station-Id: [u'12:23:34:45:56:67']
2013-11-20 10:57:20,550: DEBUG: 

2013-11-20 10:57:20,552: DEBUG: Received response with code: 2, Accepted
2013-11-20 10:57:20,553: DEBUG: Creating Authentication Request with the following Attributes:
2013-11-20 10:57:20,555: DEBUG: NAS-Identifier: [u'C08386']
2013-11-20 10:57:20,559: DEBUG: User-Name: [u'username5@airborne.aircell.com']
2013-11-20 10:57:20,559: DEBUG: NAS-IP-Address: ['10.254.2.1']
2013-11-20 10:57:20,561: DEBUG: Service-Type: ['Login-User']
2013-11-20 10:57:20,562: DEBUG: Proxy-State: ['3237,3134']
2013-11-20 10:57:20,563: DEBUG: Framed-IP-Address: ['10.254.2.197']
2013-11-20 10:57:20,565: DEBUG: GoGo-Airline: [u'BA01']
2013-11-20 10:57:20,566: DEBUG: Acct-Session-Id: [u'AAATest_10_253_253_2-1384925240553-00163E081997-4']
2013-11-20 10:57:20,567: DEBUG: GoGo-Tail-Number: [u'AAATest_10_253_253_2']
2013-11-20 10:57:20,569: DEBUG: GoGo-Private-IP-Address: ['192.168.1.179']
2013-11-20 10:57:20,571: DEBUG: WISPr-Location-ID: [u'airline=BA01,tail=01009,network=']
2013-11-20 10:57:20,572: DEBUG: WISPr-Location-Name: [u'TEST LLC,BA01_01009']
2013-11-20 10:57:20,573: DEBUG: NAS-Port-Type: ['Wireless-802.11']
2013-11-20 10:57:20,574: DEBUG: Called-Station-Id: [u'00:16:3E:08:19:97']
2013-11-20 10:57:20,575: DEBUG: Calling-Station-Id: [u'12:23:34:45:56:67']
2013-11-20 10:57:20,578: DEBUG: 

2013-11-20 10:57:20,578: DEBUG: Received response with code: 2, Accepted
2013-11-20 10:57:20,580: DEBUG: 

2013-11-20 10:57:20,581: DEBUG: Creating Accounting start Request with the following Attributes:
2013-11-20 10:57:20,583: DEBUG: NAS-Identifier: [u'C08386']
2013-11-20 10:57:20,583: DEBUG: User-Name: [u'username5@airborne.aircell.com']
2013-11-20 10:57:20,584: DEBUG: GoGo-Tail-Number: [u'AAATest_10_253_253_2']
2013-11-20 10:57:20,585: DEBUG: NAS-IP-Address: ['10.254.2.1']
2013-11-20 10:57:20,586: DEBUG: Proxy-State: ['3239,3131']
2013-11-20 10:57:20,587: DEBUG: Acct-Status-Type: ['Start']
2013-11-20 10:57:20,588: DEBUG: GoGo-Airline: [u'BA01']
2013-11-20 10:57:20,589: DEBUG: Acct-Session-Id: [u'AAATest_10_253_253_2-1384925240553-00163E081997-4']
2013-11-20 10:57:20,590: DEBUG: GoGo-Private-IP-Address: ['192.168.1.179']
2013-11-20 10:57:20,591: DEBUG: Framed-IP-Address: ['10.254.2.197']
2013-11-20 10:57:20,591: DEBUG: WISPr-Location-ID: [u'airline=BA01,tail=01009,network=']
2013-11-20 10:57:20,593: DEBUG: WISPr-Location-Name: [u'TEST LLC,BA01_01009']
2013-11-20 10:57:20,594: DEBUG: NAS-Port-Type: ['Wireless-802.11']
2013-11-20 10:57:20,595: DEBUG: Called-Station-Id: [u'00:16:3E:08:19:97']
2013-11-20 10:57:20,596: DEBUG: Calling-Station-Id: [u'12:23:34:45:56:67']
2013-11-20 10:57:20,598: DEBUG: 

2013-11-20 10:57:20,598: DEBUG: Received response with following attributes:
2013-11-20 10:57:30,600: DEBUG: 

2013-11-20 10:57:30,601: DEBUG: Creating Accounting Update Request with the following Attributes:
2013-11-20 10:57:30,602: DEBUG: User-Name: [u'username5@airborne.aircell.com']
2013-11-20 10:57:30,602: DEBUG: GoGo-Tail-Number: [u'AAATest_10_253_253_2']
2013-11-20 10:57:30,603: DEBUG: Acct-Output-Octets: [5200081]
2013-11-20 10:57:30,604: DEBUG: NAS-IP-Address: ['10.254.2.1']
2013-11-20 10:57:30,605: DEBUG: GoGo-Total-Output-Gigawords: [0]
2013-11-20 10:57:30,607: DEBUG: Framed-IP-Address: ['10.254.2.197']
2013-11-20 10:57:30,607: DEBUG: GoGo-Total-Input-Voice-Gigawords: [0]
2013-11-20 10:57:30,608: DEBUG: GoGo-Total-Output-Octets: [5200081]
2013-11-20 10:57:30,609: DEBUG: GoGo-Acct-Input-Voice-Octets: [0]
2013-11-20 10:57:30,611: DEBUG: GoGo-Total-Input-Voice-Packets: [0]
2013-11-20 10:57:30,612: DEBUG: Called-Station-Id: [u'00:16:3E:08:19:97']
2013-11-20 10:57:30,613: DEBUG: WISPr-Location-Name: [u'TEST LLC,BA01_01009']
2013-11-20 10:57:30,614: DEBUG: NAS-Identifier: [u'C08386']
2013-11-20 10:57:30,615: DEBUG: Proxy-State: ['3330,3132']
2013-11-20 10:57:30,615: DEBUG: GoGo-Total-Input-Voice-Octets: [0]
2013-11-20 10:57:30,617: DEBUG: Acct-Status-Type: ['Interim-Update']
2013-11-20 10:57:30,618: DEBUG: GoGo-Total-Output-Voice-Gigawords: [0]
2013-11-20 10:57:30,621: DEBUG: GoGo-Airline: [u'BA01']
2013-11-20 10:57:30,621: DEBUG: Acct-Session-Id: [u'AAATest_10_253_253_2-1384925240553-00163E081997-4']
2013-11-20 10:57:30,622: DEBUG: Acct-Session-Time: [10]
2013-11-20 10:57:30,623: DEBUG: Acct-Input-Packets: [29521]
2013-11-20 10:57:30,625: DEBUG: Acct-Output-Packets: [38592]
2013-11-20 10:57:30,625: DEBUG: GoGo-Acct-Output-Voice-Packets: [0]
2013-11-20 10:57:30,627: DEBUG: GoGo-Acct-Output-Voice-Octets: [0]
2013-11-20 10:57:30,627: DEBUG: Acct-Output-Gigawords: [0]
2013-11-20 10:57:30,628: DEBUG: GoGo-Total-Output-Voice-Packets: [0]
2013-11-20 10:57:30,629: DEBUG: Acct-Input-Gigawords: [0]
2013-11-20 10:57:30,630: DEBUG: Calling-Station-Id: [u'12:23:34:45:56:67']
2013-11-20 10:57:30,631: DEBUG: NAS-Port-Type: ['Wireless-802.11']
2013-11-20 10:57:30,632: DEBUG: GoGo-Total-Output-Voice-Octets: [0]
2013-11-20 10:57:30,633: DEBUG: GoGo-Private-IP-Address: ['192.168.1.179']
2013-11-20 10:57:30,634: DEBUG: GoGo-Acct-Input-Voice-Gigawords: [0]
2013-11-20 10:57:30,636: DEBUG: GoGo-Total-Input-Packets: [29521]
2013-11-20 10:57:30,637: DEBUG: GoGo-Total-Input-Gigawords: [0]
2013-11-20 10:57:30,638: DEBUG: GoGo-Acct-Input-Voice-Packets: [0]
2013-11-20 10:57:30,639: DEBUG: GoGo-Total-Input-Octets: [7242841]
2013-11-20 10:57:30,639: DEBUG: GoGo-Total-Output-Packets: [38592]
2013-11-20 10:57:30,641: DEBUG: WISPr-Location-ID: [u'airline=BA01,tail=01009,network=']
2013-11-20 10:57:30,642: DEBUG: GoGo-Acct-Output-Voice-Gigawords: [0]
2013-11-20 10:57:30,643: DEBUG: Acct-Input-Octets: [7242841]
2013-11-20 10:57:30,645: DEBUG: 

2013-11-20 10:57:30,646: DEBUG: Received response with following attributes:
2013-11-20 10:57:40,646: DEBUG: 

2013-11-20 10:57:40,647: DEBUG: Creating Accounting Update Request with the following Attributes:
2013-11-20 10:57:40,648: DEBUG: User-Name: [u'username5@airborne.aircell.com']
2013-11-20 10:57:40,648: DEBUG: GoGo-Tail-Number: [u'AAATest_10_253_253_2']
2013-11-20 10:57:40,649: DEBUG: Acct-Output-Octets: [1929731]
2013-11-20 10:57:40,649: DEBUG: NAS-IP-Address: ['10.254.2.1']
2013-11-20 10:57:40,650: DEBUG: GoGo-Total-Output-Gigawords: [0]
2013-11-20 10:57:40,650: DEBUG: Framed-IP-Address: ['10.254.2.197']
2013-11-20 10:57:40,651: DEBUG: GoGo-Total-Input-Voice-Gigawords: [0]
2013-11-20 10:57:40,651: DEBUG: GoGo-Total-Output-Octets: [1929731]
2013-11-20 10:57:40,652: DEBUG: GoGo-Acct-Input-Voice-Octets: [0]
2013-11-20 10:57:40,654: DEBUG: GoGo-Total-Input-Voice-Packets: [0]
2013-11-20 10:57:40,654: DEBUG: Called-Station-Id: [u'00:16:3E:08:19:97']
2013-11-20 10:57:40,655: DEBUG: WISPr-Location-Name: [u'TEST LLC,BA01_01009']
2013-11-20 10:57:40,656: DEBUG: NAS-Identifier: [u'C08386']
2013-11-20 10:57:40,657: DEBUG: Proxy-State: ['3330,3132']
2013-11-20 10:57:40,658: DEBUG: GoGo-Total-Input-Voice-Octets: [0]
2013-11-20 10:57:40,658: DEBUG: Acct-Status-Type: ['Interim-Update']
2013-11-20 10:57:40,659: DEBUG: GoGo-Total-Output-Voice-Gigawords: [0]
2013-11-20 10:57:40,660: DEBUG: GoGo-Airline: [u'BA01']
2013-11-20 10:57:40,660: DEBUG: Acct-Session-Id: [u'AAATest_10_253_253_2-1384925240553-00163E081997-4']
2013-11-20 10:57:40,661: DEBUG: Acct-Session-Time: [10]
2013-11-20 10:57:40,663: DEBUG: Acct-Input-Packets: [28192]
2013-11-20 10:57:40,663: DEBUG: Acct-Output-Packets: [2698]
2013-11-20 10:57:40,664: DEBUG: GoGo-Acct-Output-Voice-Packets: [0]
2013-11-20 10:57:40,665: DEBUG: GoGo-Acct-Output-Voice-Octets: [0]
2013-11-20 10:57:40,666: DEBUG: Acct-Output-Gigawords: [0]
2013-11-20 10:57:40,667: DEBUG: GoGo-Total-Output-Voice-Packets: [0]
2013-11-20 10:57:40,668: DEBUG: Acct-Input-Gigawords: [0]
2013-11-20 10:57:40,668: DEBUG: Calling-Station-Id: [u'12:23:34:45:56:67']
2013-11-20 10:57:40,669: DEBUG: NAS-Port-Type: ['Wireless-802.11']
2013-11-20 10:57:40,670: DEBUG: GoGo-Total-Output-Voice-Octets: [0]
2013-11-20 10:57:40,671: DEBUG: GoGo-Private-IP-Address: ['192.168.1.179']
2013-11-20 10:57:40,671: DEBUG: GoGo-Acct-Input-Voice-Gigawords: [0]
2013-11-20 10:57:40,672: DEBUG: GoGo-Total-Input-Packets: [28192]
2013-11-20 10:57:40,673: DEBUG: GoGo-Total-Input-Gigawords: [0]
2013-11-20 10:57:40,673: DEBUG: GoGo-Acct-Input-Voice-Packets: [0]
2013-11-20 10:57:40,674: DEBUG: GoGo-Total-Input-Octets: [5893601]
2013-11-20 10:57:40,675: DEBUG: GoGo-Total-Output-Packets: [2698]
2013-11-20 10:57:40,676: DEBUG: WISPr-Location-ID: [u'airline=BA01,tail=01009,network=']
2013-11-20 10:57:40,676: DEBUG: GoGo-Acct-Output-Voice-Gigawords: [0]
2013-11-20 10:57:40,676: DEBUG: Acct-Input-Octets: [5893601]
2013-11-20 10:57:40,678: ERROR: Network error, Reason: 'Network error: nodename nor servname provided, or not known'
2013-11-20 10:57:40,678: DEBUG: User has abruptly end flag so ending the test with out AcctStop
2013-11-20 10:57:40,679: DEBUG: Ending the test for this user
