2013-11-20 10:55:42,392: DEBUG: Starting the client for the user username18@airborne.aircell.com to the server localhost

2013-11-20 10:55:42,392: DEBUG: DURATION of the TEST: 24
2013-11-20 10:55:42,392: DEBUG: NAS-IP: 10.254.6.1
2013-11-20 10:55:42,392: DEBUG: NAS-MAC-ADDR: 16:21:31:41:51:61
2013-11-20 10:55:42,392: DEBUG: Abruptly End: False
2013-11-20 10:55:42,392: DEBUG: Framed-IP: 10.254.6.79
2013-11-20 10:55:42,392: DEBUG: User-MAC-Addr: 00:16:3E:26:D3:68
2013-11-20 10:55:42,393: DEBUG: 

2013-11-20 10:55:42,393: DEBUG: Creating Authentication Request with the following Attributes:
2013-11-20 10:55:42,393: DEBUG: NAS-Identifier: [u'C08386']
2013-11-20 10:55:42,393: DEBUG: User-Name: [u'username18@airborne.aircell.com']
2013-11-20 10:55:42,393: DEBUG: NAS-IP-Address: ['10.254.6.1']
2013-11-20 10:55:42,393: DEBUG: Service-Type: ['Authenticate-Only']
2013-11-20 10:55:42,393: DEBUG: Proxy-State: ['3237,3134']
2013-11-20 10:55:42,393: DEBUG: Framed-IP-Address: ['10.254.6.79']
2013-11-20 10:55:42,393: DEBUG: GoGo-Airline: [u'BA01']
2013-11-20 10:55:42,394: DEBUG: Acct-Session-Id: [u'AAATestNAS_1-1384925142393-00163E26D368-1']
2013-11-20 10:55:42,394: DEBUG: GoGo-Tail-Number: [u'AAATestNAS_1']
2013-11-20 10:55:42,394: DEBUG: GoGo-Private-IP-Address: ['192.168.1.179']
2013-11-20 10:55:42,394: DEBUG: WISPr-Location-ID: [u'airline=BA01,tail=01009,network=']
2013-11-20 10:55:42,394: DEBUG: WISPr-Location-Name: [u'TEST LLC,BA01_01009']
2013-11-20 10:55:42,394: DEBUG: NAS-Port-Type: ['Wireless-802.11']
2013-11-20 10:55:42,394: DEBUG: Called-Station-Id: [u'00:16:3E:26:D3:68']
2013-11-20 10:55:42,394: DEBUG: Calling-Station-Id: [u'16:21:31:41:51:61']
2013-11-20 10:55:42,395: DEBUG: 

2013-11-20 10:55:42,395: DEBUG: Received response with code: 2, Accepted
2013-11-20 10:55:42,395: DEBUG: Creating Authentication Request with the following Attributes:
2013-11-20 10:55:42,395: DEBUG: NAS-Identifier: [u'C08386']
2013-11-20 10:55:42,396: DEBUG: User-Name: [u'username18@airborne.aircell.com']
2013-11-20 10:55:42,396: DEBUG: NAS-IP-Address: ['10.254.6.1']
2013-11-20 10:55:42,396: DEBUG: Service-Type: ['Login-User']
2013-11-20 10:55:42,396: DEBUG: Proxy-State: ['3237,3134']
2013-11-20 10:55:42,396: DEBUG: Framed-IP-Address: ['10.254.6.79']
2013-11-20 10:55:42,396: DEBUG: GoGo-Airline: [u'BA01']
2013-11-20 10:55:42,396: DEBUG: Acct-Session-Id: [u'AAATestNAS_1-1384925142395-00163E26D368-1']
2013-11-20 10:55:42,396: DEBUG: GoGo-Tail-Number: [u'AAATestNAS_1']
2013-11-20 10:55:42,396: DEBUG: GoGo-Private-IP-Address: ['192.168.1.179']
2013-11-20 10:55:42,396: DEBUG: WISPr-Location-ID: [u'airline=BA01,tail=01009,network=']
2013-11-20 10:55:42,396: DEBUG: WISPr-Location-Name: [u'TEST LLC,BA01_01009']
2013-11-20 10:55:42,396: DEBUG: NAS-Port-Type: ['Wireless-802.11']
2013-11-20 10:55:42,396: DEBUG: Called-Station-Id: [u'00:16:3E:26:D3:68']
2013-11-20 10:55:42,396: DEBUG: Calling-Station-Id: [u'16:21:31:41:51:61']
2013-11-20 10:55:42,397: DEBUG: 

2013-11-20 10:55:42,397: DEBUG: Received response with code: 2, Accepted
2013-11-20 10:55:42,398: DEBUG: 

2013-11-20 10:55:42,398: DEBUG: Creating Accounting start Request with the following Attributes:
2013-11-20 10:55:42,398: DEBUG: NAS-Identifier: [u'C08386']
2013-11-20 10:55:42,398: DEBUG: User-Name: [u'username18@airborne.aircell.com']
2013-11-20 10:55:42,398: DEBUG: GoGo-Tail-Number: [u'AAATestNAS_1']
2013-11-20 10:55:42,398: DEBUG: NAS-IP-Address: ['10.254.6.1']
2013-11-20 10:55:42,398: DEBUG: Proxy-State: ['3239,3131']
2013-11-20 10:55:42,398: DEBUG: Acct-Status-Type: ['Start']
2013-11-20 10:55:42,398: DEBUG: GoGo-Airline: [u'BA01']
2013-11-20 10:55:42,398: DEBUG: Acct-Session-Id: [u'AAATestNAS_1-1384925142395-00163E26D368-1']
2013-11-20 10:55:42,399: DEBUG: GoGo-Private-IP-Address: ['192.168.1.179']
2013-11-20 10:55:42,399: DEBUG: Framed-IP-Address: ['10.254.6.79']
2013-11-20 10:55:42,399: DEBUG: WISPr-Location-ID: [u'airline=BA01,tail=01009,network=']
2013-11-20 10:55:42,399: DEBUG: WISPr-Location-Name: [u'TEST LLC,BA01_01009']
2013-11-20 10:55:42,399: DEBUG: NAS-Port-Type: ['Wireless-802.11']
2013-11-20 10:55:42,399: DEBUG: Called-Station-Id: [u'00:16:3E:26:D3:68']
2013-11-20 10:55:42,399: DEBUG: Calling-Station-Id: [u'16:21:31:41:51:61']
2013-11-20 10:55:42,400: DEBUG: 

2013-11-20 10:55:42,400: DEBUG: Received response with following attributes:
2013-11-20 10:55:52,401: DEBUG: 

2013-11-20 10:55:52,401: DEBUG: Creating Accounting Update Request with the following Attributes:
2013-11-20 10:55:52,402: DEBUG: User-Name: [u'username18@airborne.aircell.com']
2013-11-20 10:55:52,402: DEBUG: GoGo-Tail-Number: [u'AAATestNAS_1']
2013-11-20 10:55:52,402: DEBUG: Acct-Output-Octets: [6427656]
2013-11-20 10:55:52,402: DEBUG: NAS-IP-Address: ['10.254.6.1']
2013-11-20 10:55:52,402: DEBUG: GoGo-Total-Output-Gigawords: [0]
2013-11-20 10:55:52,402: DEBUG: Framed-IP-Address: ['10.254.6.79']
2013-11-20 10:55:52,402: DEBUG: GoGo-Total-Input-Voice-Gigawords: [0]
2013-11-20 10:55:52,402: DEBUG: GoGo-Total-Output-Octets: [6427656]
2013-11-20 10:55:52,402: DEBUG: GoGo-Acct-Input-Voice-Octets: [0]
2013-11-20 10:55:52,402: DEBUG: GoGo-Total-Input-Voice-Packets: [0]
2013-11-20 10:55:52,402: DEBUG: Called-Station-Id: [u'00:16:3E:26:D3:68']
2013-11-20 10:55:52,402: DEBUG: WISPr-Location-Name: [u'TEST LLC,BA01_01009']
2013-11-20 10:55:52,402: DEBUG: NAS-Identifier: [u'C08386']
2013-11-20 10:55:52,403: DEBUG: Proxy-State: ['3330,3132']
2013-11-20 10:55:52,403: DEBUG: GoGo-Total-Input-Voice-Octets: [0]
2013-11-20 10:55:52,403: DEBUG: Acct-Status-Type: ['Interim-Update']
2013-11-20 10:55:52,403: DEBUG: GoGo-Total-Output-Voice-Gigawords: [0]
2013-11-20 10:55:52,403: DEBUG: GoGo-Airline: [u'BA01']
2013-11-20 10:55:52,403: DEBUG: Acct-Session-Id: [u'AAATestNAS_1-1384925142395-00163E26D368-1']
2013-11-20 10:55:52,403: DEBUG: Acct-Session-Time: [10]
2013-11-20 10:55:52,403: DEBUG: Acct-Input-Packets: [12494]
2013-11-20 10:55:52,403: DEBUG: Acct-Output-Packets: [32213]
2013-11-20 10:55:52,403: DEBUG: GoGo-Acct-Output-Voice-Packets: [0]
2013-11-20 10:55:52,403: DEBUG: GoGo-Acct-Output-Voice-Octets: [0]
2013-11-20 10:55:52,403: DEBUG: Acct-Output-Gigawords: [0]
2013-11-20 10:55:52,403: DEBUG: GoGo-Total-Output-Voice-Packets: [0]
2013-11-20 10:55:52,403: DEBUG: Acct-Input-Gigawords: [0]
2013-11-20 10:55:52,404: DEBUG: Calling-Station-Id: [u'16:21:31:41:51:61']
2013-11-20 10:55:52,404: DEBUG: NAS-Port-Type: ['Wireless-802.11']
2013-11-20 10:55:52,404: DEBUG: GoGo-Total-Output-Voice-Octets: [0]
2013-11-20 10:55:52,404: DEBUG: GoGo-Private-IP-Address: ['192.168.1.179']
2013-11-20 10:55:52,404: DEBUG: GoGo-Acct-Input-Voice-Gigawords: [0]
2013-11-20 10:55:52,404: DEBUG: GoGo-Total-Input-Packets: [12494]
2013-11-20 10:55:52,404: DEBUG: GoGo-Total-Input-Gigawords: [0]
2013-11-20 10:55:52,404: DEBUG: GoGo-Acct-Input-Voice-Packets: [0]
2013-11-20 10:55:52,404: DEBUG: GoGo-Total-Input-Octets: [7911531]
2013-11-20 10:55:52,404: DEBUG: GoGo-Total-Output-Packets: [32213]
2013-11-20 10:55:52,404: DEBUG: WISPr-Location-ID: [u'airline=BA01,tail=01009,network=']
2013-11-20 10:55:52,404: DEBUG: GoGo-Acct-Output-Voice-Gigawords: [0]
2013-11-20 10:55:52,404: DEBUG: Acct-Input-Octets: [7911531]
2013-11-20 10:55:52,406: DEBUG: 

2013-11-20 10:55:52,406: DEBUG: Received response with following attributes:
2013-11-20 10:56:02,406: DEBUG: 

2013-11-20 10:56:02,407: DEBUG: Creating Accounting Update Request with the following Attributes:
2013-11-20 10:56:02,407: DEBUG: User-Name: [u'username18@airborne.aircell.com']
2013-11-20 10:56:02,407: DEBUG: GoGo-Tail-Number: [u'AAATestNAS_1']
2013-11-20 10:56:02,407: DEBUG: Acct-Output-Octets: [2162915]
2013-11-20 10:56:02,407: DEBUG: NAS-IP-Address: ['10.254.6.1']
2013-11-20 10:56:02,407: DEBUG: GoGo-Total-Output-Gigawords: [0]
2013-11-20 10:56:02,407: DEBUG: Framed-IP-Address: ['10.254.6.79']
2013-11-20 10:56:02,408: DEBUG: GoGo-Total-Input-Voice-Gigawords: [0]
2013-11-20 10:56:02,408: DEBUG: GoGo-Total-Output-Octets: [2162915]
2013-11-20 10:56:02,408: DEBUG: GoGo-Acct-Input-Voice-Octets: [0]
2013-11-20 10:56:02,408: DEBUG: GoGo-Total-Input-Voice-Packets: [0]
2013-11-20 10:56:02,408: DEBUG: Called-Station-Id: [u'00:16:3E:26:D3:68']
2013-11-20 10:56:02,408: DEBUG: WISPr-Location-Name: [u'TEST LLC,BA01_01009']
2013-11-20 10:56:02,408: DEBUG: NAS-Identifier: [u'C08386']
2013-11-20 10:56:02,408: DEBUG: Proxy-State: ['3330,3132']
2013-11-20 10:56:02,409: DEBUG: GoGo-Total-Input-Voice-Octets: [0]
2013-11-20 10:56:02,409: DEBUG: Acct-Status-Type: ['Interim-Update']
2013-11-20 10:56:02,409: DEBUG: GoGo-Total-Output-Voice-Gigawords: [0]
2013-11-20 10:56:02,409: DEBUG: GoGo-Airline: [u'BA01']
2013-11-20 10:56:02,409: DEBUG: Acct-Session-Id: [u'AAATestNAS_1-1384925142395-00163E26D368-1']
2013-11-20 10:56:02,409: DEBUG: Acct-Session-Time: [10]
2013-11-20 10:56:02,409: DEBUG: Acct-Input-Packets: [5969]
2013-11-20 10:56:02,409: DEBUG: Acct-Output-Packets: [5957]
2013-11-20 10:56:02,410: DEBUG: GoGo-Acct-Output-Voice-Packets: [0]
2013-11-20 10:56:02,410: DEBUG: GoGo-Acct-Output-Voice-Octets: [0]
2013-11-20 10:56:02,410: DEBUG: Acct-Output-Gigawords: [0]
2013-11-20 10:56:02,410: DEBUG: GoGo-Total-Output-Voice-Packets: [0]
2013-11-20 10:56:02,410: DEBUG: Acct-Input-Gigawords: [0]
2013-11-20 10:56:02,410: DEBUG: Calling-Station-Id: [u'16:21:31:41:51:61']
2013-11-20 10:56:02,411: DEBUG: NAS-Port-Type: ['Wireless-802.11']
2013-11-20 10:56:02,411: DEBUG: GoGo-Total-Output-Voice-Octets: [0]
2013-11-20 10:56:02,411: DEBUG: GoGo-Private-IP-Address: ['192.168.1.179']
2013-11-20 10:56:02,411: DEBUG: GoGo-Acct-Input-Voice-Gigawords: [0]
2013-11-20 10:56:02,411: DEBUG: GoGo-Total-Input-Packets: [5969]
2013-11-20 10:56:02,411: DEBUG: GoGo-Total-Input-Gigawords: [0]
2013-11-20 10:56:02,411: DEBUG: GoGo-Acct-Input-Voice-Packets: [0]
2013-11-20 10:56:02,411: DEBUG: GoGo-Total-Input-Octets: [1266994]
2013-11-20 10:56:02,412: DEBUG: GoGo-Total-Output-Packets: [5957]
2013-11-20 10:56:02,412: DEBUG: WISPr-Location-ID: [u'airline=BA01,tail=01009,network=']
2013-11-20 10:56:02,412: DEBUG: GoGo-Acct-Output-Voice-Gigawords: [0]
2013-11-20 10:56:02,412: DEBUG: Acct-Input-Octets: [1266994]
2013-11-20 10:56:02,414: DEBUG: 

2013-11-20 10:56:02,415: DEBUG: Received response with following attributes:
2013-11-20 10:56:31,416: DEBUG: 

2013-11-20 10:56:31,417: DEBUG: Creating Accounting Stop Request with the following Attributes:
2013-11-20 10:56:31,417: DEBUG: User-Name: [u'username18@airborne.aircell.com']
2013-11-20 10:56:31,417: DEBUG: GoGo-Tail-Number: [u'01009']
2013-11-20 10:56:31,418: DEBUG: Acct-Output-Octets: [7926344]
2013-11-20 10:56:31,418: DEBUG: NAS-IP-Address: ['10.254.6.1']
2013-11-20 10:56:31,418: DEBUG: GoGo-Total-Output-Gigawords: [0]
2013-11-20 10:56:31,418: DEBUG: Framed-IP-Address: ['10.254.6.79']
2013-11-20 10:56:31,418: DEBUG: GoGo-Total-Input-Voice-Gigawords: [0]
2013-11-20 10:56:31,418: DEBUG: GoGo-Total-Output-Octets: [7926344]
2013-11-20 10:56:31,418: DEBUG: GoGo-Acct-Input-Voice-Octets: [0]
2013-11-20 10:56:31,418: DEBUG: GoGo-Total-Input-Voice-Packets: [0]
2013-11-20 10:56:31,419: DEBUG: Called-Station-Id: [u'00:16:3E:26:D3:68']
2013-11-20 10:56:31,419: DEBUG: WISPr-Location-Name: [u'TEST LLC,BA01_01009']
2013-11-20 10:56:31,419: DEBUG: NAS-Identifier: [u'C08386']
2013-11-20 10:56:31,419: DEBUG: Proxy-State: ['3330,3132']
2013-11-20 10:56:31,419: DEBUG: GoGo-Total-Input-Voice-Octets: [0]
2013-11-20 10:56:31,419: DEBUG: Acct-Status-Type: ['Stop']
2013-11-20 10:56:31,419: DEBUG: GoGo-Total-Output-Voice-Gigawords: [0]
2013-11-20 10:56:31,419: DEBUG: GoGo-Airline: [u'BA01']
2013-11-20 10:56:31,419: DEBUG: Acct-Session-Id: [u'AAATestNAS_1-1384925142395-00163E26D368-1']
2013-11-20 10:56:31,419: DEBUG: Acct-Session-Time: [29]
2013-11-20 10:56:31,420: DEBUG: Acct-Input-Packets: [12686]
2013-11-20 10:56:31,420: DEBUG: Acct-Output-Packets: [20849]
2013-11-20 10:56:31,420: DEBUG: Acct-Terminate-Cause: ['User-Request']
2013-11-20 10:56:31,420: DEBUG: GoGo-Acct-Output-Voice-Octets: [0]
2013-11-20 10:56:31,420: DEBUG: Acct-Output-Gigawords: [0]
2013-11-20 10:56:31,420: DEBUG: GoGo-Total-Output-Voice-Packets: [0]
2013-11-20 10:56:31,420: DEBUG: Acct-Input-Gigawords: [0]
2013-11-20 10:56:31,420: DEBUG: Calling-Station-Id: [u'16:21:31:41:51:61']
2013-11-20 10:56:31,420: DEBUG: NAS-Port-Type: ['Wireless-802.11']
2013-11-20 10:56:31,421: DEBUG: GoGo-Total-Output-Voice-Octets: [0]
2013-11-20 10:56:31,421: DEBUG: GoGo-Private-IP-Address: ['192.168.1.179']
2013-11-20 10:56:31,421: DEBUG: GoGo-Acct-Input-Voice-Gigawords: [0]
2013-11-20 10:56:31,421: DEBUG: GoGo-Total-Input-Packets: [12686]
2013-11-20 10:56:31,421: DEBUG: GoGo-Total-Input-Gigawords: [0]
2013-11-20 10:56:31,421: DEBUG: GoGo-Acct-Input-Voice-Packets: [0]
2013-11-20 10:56:31,421: DEBUG: GoGo-Total-Input-Octets: [3621459]
2013-11-20 10:56:31,421: DEBUG: GoGo-Total-Output-Packets: [20849]
2013-11-20 10:56:31,421: DEBUG: WISPr-Location-ID: [u'airline=BA01,tail=01009,network=']
2013-11-20 10:56:31,422: DEBUG: GoGo-Acct-Output-Voice-Packets: [0]
2013-11-20 10:56:31,422: DEBUG: GoGo-Acct-Output-Voice-Gigawords: [0]
2013-11-20 10:56:31,422: DEBUG: Acct-Input-Octets: [3621459]
2013-11-20 10:56:31,424: DEBUG: 

2013-11-20 10:56:31,424: DEBUG: Received response with following attributes:
2013-11-20 10:56:31,424: DEBUG: Ending the test for this user
2013-11-20 10:56:31,443: DEBUG: Starting the client for the user username18@airborne.aircell.com to the server localhost

2013-11-20 10:56:31,443: DEBUG: DURATION of the TEST: 58
2013-11-20 10:56:31,443: DEBUG: NAS-IP: 10.254.246.1
2013-11-20 10:56:31,443: DEBUG: NAS-MAC-ADDR: 19:21:31:41:52:23
2013-11-20 10:56:31,443: DEBUG: Abruptly End: False
2013-11-20 10:56:31,443: DEBUG: Framed-IP: 10.254.246.20
2013-11-20 10:56:31,443: DEBUG: User-MAC-Addr: 00:16:3E:4D:87:9D
2013-11-20 10:56:31,443: DEBUG: 

2013-11-20 10:56:31,444: DEBUG: Creating Authentication Request with the following Attributes:
2013-11-20 10:56:31,444: DEBUG: NAS-Identifier: [u'C08386']
2013-11-20 10:56:31,444: DEBUG: User-Name: [u'username18@airborne.aircell.com']
2013-11-20 10:56:31,444: DEBUG: NAS-IP-Address: ['10.254.246.1']
2013-11-20 10:56:31,444: DEBUG: Service-Type: ['Authenticate-Only']
2013-11-20 10:56:31,444: DEBUG: Proxy-State: ['3237,3134']
2013-11-20 10:56:31,445: DEBUG: Framed-IP-Address: ['10.254.246.20']
2013-11-20 10:56:31,445: DEBUG: GoGo-Airline: [u'BA01']
2013-11-20 10:56:31,445: DEBUG: Acct-Session-Id: [u'AAATestNAS_241-1384925191444-00163E4D879D-4']
2013-11-20 10:56:31,445: DEBUG: GoGo-Tail-Number: [u'AAATestNAS_241']
2013-11-20 10:56:31,445: DEBUG: GoGo-Private-IP-Address: ['192.168.1.179']
2013-11-20 10:56:31,445: DEBUG: WISPr-Location-ID: [u'airline=BA01,tail=01009,network=']
2013-11-20 10:56:31,445: DEBUG: WISPr-Location-Name: [u'TEST LLC,BA01_01009']
2013-11-20 10:56:31,445: DEBUG: NAS-Port-Type: ['Wireless-802.11']
2013-11-20 10:56:31,445: DEBUG: Called-Station-Id: [u'00:16:3E:4D:87:9D']
2013-11-20 10:56:31,445: DEBUG: Calling-Station-Id: [u'19:21:31:41:52:23']
2013-11-20 10:56:31,446: DEBUG: 

2013-11-20 10:56:31,447: DEBUG: Received response with code: 2, Accepted
2013-11-20 10:56:31,447: DEBUG: Creating Authentication Request with the following Attributes:
2013-11-20 10:56:31,447: DEBUG: NAS-Identifier: [u'C08386']
2013-11-20 10:56:31,447: DEBUG: User-Name: [u'username18@airborne.aircell.com']
2013-11-20 10:56:31,447: DEBUG: NAS-IP-Address: ['10.254.246.1']
2013-11-20 10:56:31,447: DEBUG: Service-Type: ['Login-User']
2013-11-20 10:56:31,447: DEBUG: Proxy-State: ['3237,3134']
2013-11-20 10:56:31,448: DEBUG: Framed-IP-Address: ['10.254.246.20']
2013-11-20 10:56:31,448: DEBUG: GoGo-Airline: [u'BA01']
2013-11-20 10:56:31,448: DEBUG: Acct-Session-Id: [u'AAATestNAS_241-1384925191447-00163E4D879D-4']
2013-11-20 10:56:31,448: DEBUG: GoGo-Tail-Number: [u'AAATestNAS_241']
2013-11-20 10:56:31,448: DEBUG: GoGo-Private-IP-Address: ['192.168.1.179']
2013-11-20 10:56:31,448: DEBUG: WISPr-Location-ID: [u'airline=BA01,tail=01009,network=']
2013-11-20 10:56:31,448: DEBUG: WISPr-Location-Name: [u'TEST LLC,BA01_01009']
2013-11-20 10:56:31,448: DEBUG: NAS-Port-Type: ['Wireless-802.11']
2013-11-20 10:56:31,448: DEBUG: Called-Station-Id: [u'00:16:3E:4D:87:9D']
2013-11-20 10:56:31,448: DEBUG: Calling-Station-Id: [u'19:21:31:41:52:23']
2013-11-20 10:56:31,449: DEBUG: 

2013-11-20 10:56:31,449: DEBUG: Received response with code: 2, Accepted
2013-11-20 10:56:31,450: DEBUG: 

2013-11-20 10:56:31,450: DEBUG: Creating Accounting start Request with the following Attributes:
2013-11-20 10:56:31,450: DEBUG: NAS-Identifier: [u'C08386']
2013-11-20 10:56:31,450: DEBUG: User-Name: [u'username18@airborne.aircell.com']
2013-11-20 10:56:31,450: DEBUG: GoGo-Tail-Number: [u'AAATestNAS_241']
2013-11-20 10:56:31,450: DEBUG: NAS-IP-Address: ['10.254.246.1']
2013-11-20 10:56:31,450: DEBUG: Proxy-State: ['3239,3131']
2013-11-20 10:56:31,450: DEBUG: Acct-Status-Type: ['Start']
2013-11-20 10:56:31,450: DEBUG: GoGo-Airline: [u'BA01']
2013-11-20 10:56:31,451: DEBUG: Acct-Session-Id: [u'AAATestNAS_241-1384925191447-00163E4D879D-4']
2013-11-20 10:56:31,451: DEBUG: GoGo-Private-IP-Address: ['192.168.1.179']
2013-11-20 10:56:31,451: DEBUG: Framed-IP-Address: ['10.254.246.20']
2013-11-20 10:56:31,451: DEBUG: WISPr-Location-ID: [u'airline=BA01,tail=01009,network=']
2013-11-20 10:56:31,451: DEBUG: WISPr-Location-Name: [u'TEST LLC,BA01_01009']
2013-11-20 10:56:31,451: DEBUG: NAS-Port-Type: ['Wireless-802.11']
2013-11-20 10:56:31,451: DEBUG: Called-Station-Id: [u'00:16:3E:4D:87:9D']
2013-11-20 10:56:31,451: DEBUG: Calling-Station-Id: [u'19:21:31:41:52:23']
2013-11-20 10:56:31,452: DEBUG: 

2013-11-20 10:56:31,452: DEBUG: Received response with following attributes:
2013-11-20 10:56:41,453: DEBUG: 

2013-11-20 10:56:41,454: DEBUG: Creating Accounting Update Request with the following Attributes:
2013-11-20 10:56:41,454: DEBUG: User-Name: [u'username18@airborne.aircell.com']
2013-11-20 10:56:41,454: DEBUG: GoGo-Tail-Number: [u'AAATestNAS_241']
2013-11-20 10:56:41,454: DEBUG: Acct-Output-Octets: [2707645]
2013-11-20 10:56:41,454: DEBUG: NAS-IP-Address: ['10.254.246.1']
2013-11-20 10:56:41,454: DEBUG: GoGo-Total-Output-Gigawords: [0]
2013-11-20 10:56:41,454: DEBUG: Framed-IP-Address: ['10.254.246.20']
2013-11-20 10:56:41,455: DEBUG: GoGo-Total-Input-Voice-Gigawords: [0]
2013-11-20 10:56:41,455: DEBUG: GoGo-Total-Output-Octets: [2707645]
2013-11-20 10:56:41,455: DEBUG: GoGo-Acct-Input-Voice-Octets: [0]
2013-11-20 10:56:41,455: DEBUG: GoGo-Total-Input-Voice-Packets: [0]
2013-11-20 10:56:41,455: DEBUG: Called-Station-Id: [u'00:16:3E:4D:87:9D']
2013-11-20 10:56:41,455: DEBUG: WISPr-Location-Name: [u'TEST LLC,BA01_01009']
2013-11-20 10:56:41,455: DEBUG: NAS-Identifier: [u'C08386']
2013-11-20 10:56:41,455: DEBUG: Proxy-State: ['3330,3132']
2013-11-20 10:56:41,455: DEBUG: GoGo-Total-Input-Voice-Octets: [0]
2013-11-20 10:56:41,455: DEBUG: Acct-Status-Type: ['Interim-Update']
2013-11-20 10:56:41,456: DEBUG: GoGo-Total-Output-Voice-Gigawords: [0]
2013-11-20 10:56:41,456: DEBUG: GoGo-Airline: [u'BA01']
2013-11-20 10:56:41,456: DEBUG: Acct-Session-Id: [u'AAATestNAS_241-1384925191447-00163E4D879D-4']
2013-11-20 10:56:41,456: DEBUG: Acct-Session-Time: [10]
2013-11-20 10:56:41,456: DEBUG: Acct-Input-Packets: [26619]
2013-11-20 10:56:41,456: DEBUG: Acct-Output-Packets: [10421]
2013-11-20 10:56:41,456: DEBUG: GoGo-Acct-Output-Voice-Packets: [0]
2013-11-20 10:56:41,456: DEBUG: GoGo-Acct-Output-Voice-Octets: [0]
2013-11-20 10:56:41,456: DEBUG: Acct-Output-Gigawords: [0]
2013-11-20 10:56:41,456: DEBUG: GoGo-Total-Output-Voice-Packets: [0]
2013-11-20 10:56:41,457: DEBUG: Acct-Input-Gigawords: [0]
2013-11-20 10:56:41,457: DEBUG: Calling-Station-Id: [u'19:21:31:41:52:23']
2013-11-20 10:56:41,457: DEBUG: NAS-Port-Type: ['Wireless-802.11']
2013-11-20 10:56:41,457: DEBUG: GoGo-Total-Output-Voice-Octets: [0]
2013-11-20 10:56:41,457: DEBUG: GoGo-Private-IP-Address: ['192.168.1.179']
2013-11-20 10:56:41,457: DEBUG: GoGo-Acct-Input-Voice-Gigawords: [0]
2013-11-20 10:56:41,457: DEBUG: GoGo-Total-Input-Packets: [26619]
2013-11-20 10:56:41,457: DEBUG: GoGo-Total-Input-Gigawords: [0]
2013-11-20 10:56:41,457: DEBUG: GoGo-Acct-Input-Voice-Packets: [0]
2013-11-20 10:56:41,457: DEBUG: GoGo-Total-Input-Octets: [5532929]
2013-11-20 10:56:41,457: DEBUG: GoGo-Total-Output-Packets: [10421]
2013-11-20 10:56:41,458: DEBUG: WISPr-Location-ID: [u'airline=BA01,tail=01009,network=']
2013-11-20 10:56:41,458: DEBUG: GoGo-Acct-Output-Voice-Gigawords: [0]
2013-11-20 10:56:41,458: DEBUG: Acct-Input-Octets: [5532929]
2013-11-20 10:56:41,459: DEBUG: 

2013-11-20 10:56:41,459: DEBUG: Received response with following attributes:
2013-11-20 10:56:51,461: DEBUG: 

2013-11-20 10:56:51,461: DEBUG: Creating Accounting Update Request with the following Attributes:
2013-11-20 10:56:51,461: DEBUG: User-Name: [u'username18@airborne.aircell.com']
2013-11-20 10:56:51,462: DEBUG: GoGo-Tail-Number: [u'AAATestNAS_241']
2013-11-20 10:56:51,462: DEBUG: Acct-Output-Octets: [4021823]
2013-11-20 10:56:51,462: DEBUG: NAS-IP-Address: ['10.254.246.1']
2013-11-20 10:56:51,462: DEBUG: GoGo-Total-Output-Gigawords: [0]
2013-11-20 10:56:51,462: DEBUG: Framed-IP-Address: ['10.254.246.20']
2013-11-20 10:56:51,462: DEBUG: GoGo-Total-Input-Voice-Gigawords: [0]
2013-11-20 10:56:51,462: DEBUG: GoGo-Total-Output-Octets: [4021823]
2013-11-20 10:56:51,462: DEBUG: GoGo-Acct-Input-Voice-Octets: [0]
2013-11-20 10:56:51,462: DEBUG: GoGo-Total-Input-Voice-Packets: [0]
2013-11-20 10:56:51,463: DEBUG: Called-Station-Id: [u'00:16:3E:4D:87:9D']
2013-11-20 10:56:51,463: DEBUG: WISPr-Location-Name: [u'TEST LLC,BA01_01009']
2013-11-20 10:56:51,463: DEBUG: NAS-Identifier: [u'C08386']
2013-11-20 10:56:51,463: DEBUG: Proxy-State: ['3330,3132']
2013-11-20 10:56:51,463: DEBUG: GoGo-Total-Input-Voice-Octets: [0]
2013-11-20 10:56:51,463: DEBUG: Acct-Status-Type: ['Interim-Update']
2013-11-20 10:56:51,463: DEBUG: GoGo-Total-Output-Voice-Gigawords: [0]
2013-11-20 10:56:51,463: DEBUG: GoGo-Airline: [u'BA01']
2013-11-20 10:56:51,463: DEBUG: Acct-Session-Id: [u'AAATestNAS_241-1384925191447-00163E4D879D-4']
2013-11-20 10:56:51,463: DEBUG: Acct-Session-Time: [10]
2013-11-20 10:56:51,464: DEBUG: Acct-Input-Packets: [41976]
2013-11-20 10:56:51,464: DEBUG: Acct-Output-Packets: [33744]
2013-11-20 10:56:51,464: DEBUG: GoGo-Acct-Output-Voice-Packets: [0]
2013-11-20 10:56:51,464: DEBUG: GoGo-Acct-Output-Voice-Octets: [0]
2013-11-20 10:56:51,464: DEBUG: Acct-Output-Gigawords: [0]
2013-11-20 10:56:51,464: DEBUG: GoGo-Total-Output-Voice-Packets: [0]
2013-11-20 10:56:51,464: DEBUG: Acct-Input-Gigawords: [0]
2013-11-20 10:56:51,464: DEBUG: Calling-Station-Id: [u'19:21:31:41:52:23']
2013-11-20 10:56:51,464: DEBUG: NAS-Port-Type: ['Wireless-802.11']
2013-11-20 10:56:51,464: DEBUG: GoGo-Total-Output-Voice-Octets: [0]
2013-11-20 10:56:51,465: DEBUG: GoGo-Private-IP-Address: ['192.168.1.179']
2013-11-20 10:56:51,465: DEBUG: GoGo-Acct-Input-Voice-Gigawords: [0]
2013-11-20 10:56:51,465: DEBUG: GoGo-Total-Input-Packets: [41976]
2013-11-20 10:56:51,465: DEBUG: GoGo-Total-Input-Gigawords: [0]
2013-11-20 10:56:51,465: DEBUG: GoGo-Acct-Input-Voice-Packets: [0]
2013-11-20 10:56:51,465: DEBUG: GoGo-Total-Input-Octets: [8675747]
2013-11-20 10:56:51,465: DEBUG: GoGo-Total-Output-Packets: [33744]
2013-11-20 10:56:51,465: DEBUG: WISPr-Location-ID: [u'airline=BA01,tail=01009,network=']
2013-11-20 10:56:51,465: DEBUG: GoGo-Acct-Output-Voice-Gigawords: [0]
2013-11-20 10:56:51,465: DEBUG: Acct-Input-Octets: [8675747]
2013-11-20 10:56:51,467: DEBUG: 

2013-11-20 10:56:51,467: DEBUG: Received response with following attributes:
2013-11-20 10:57:01,468: DEBUG: 

2013-11-20 10:57:01,468: DEBUG: Creating Accounting Update Request with the following Attributes:
2013-11-20 10:57:01,469: DEBUG: User-Name: [u'username18@airborne.aircell.com']
2013-11-20 10:57:01,469: DEBUG: GoGo-Tail-Number: [u'AAATestNAS_241']
2013-11-20 10:57:01,469: DEBUG: Acct-Output-Octets: [5251681]
2013-11-20 10:57:01,469: DEBUG: NAS-IP-Address: ['10.254.246.1']
2013-11-20 10:57:01,469: DEBUG: GoGo-Total-Output-Gigawords: [0]
2013-11-20 10:57:01,469: DEBUG: Framed-IP-Address: ['10.254.246.20']
2013-11-20 10:57:01,469: DEBUG: GoGo-Total-Input-Voice-Gigawords: [0]
2013-11-20 10:57:01,469: DEBUG: GoGo-Total-Output-Octets: [5251681]
2013-11-20 10:57:01,469: DEBUG: GoGo-Acct-Input-Voice-Octets: [0]
2013-11-20 10:57:01,470: DEBUG: GoGo-Total-Input-Voice-Packets: [0]
2013-11-20 10:57:01,470: DEBUG: Called-Station-Id: [u'00:16:3E:4D:87:9D']
2013-11-20 10:57:01,470: DEBUG: WISPr-Location-Name: [u'TEST LLC,BA01_01009']
2013-11-20 10:57:01,470: DEBUG: NAS-Identifier: [u'C08386']
2013-11-20 10:57:01,470: DEBUG: Proxy-State: ['3330,3132']
2013-11-20 10:57:01,470: DEBUG: GoGo-Total-Input-Voice-Octets: [0]
2013-11-20 10:57:01,470: DEBUG: Acct-Status-Type: ['Interim-Update']
2013-11-20 10:57:01,470: DEBUG: GoGo-Total-Output-Voice-Gigawords: [0]
2013-11-20 10:57:01,470: DEBUG: GoGo-Airline: [u'BA01']
2013-11-20 10:57:01,471: DEBUG: Acct-Session-Id: [u'AAATestNAS_241-1384925191447-00163E4D879D-4']
2013-11-20 10:57:01,471: DEBUG: Acct-Session-Time: [10]
2013-11-20 10:57:01,471: DEBUG: Acct-Input-Packets: [18126]
2013-11-20 10:57:01,471: DEBUG: Acct-Output-Packets: [44280]
2013-11-20 10:57:01,472: DEBUG: GoGo-Acct-Output-Voice-Packets: [0]
2013-11-20 10:57:01,472: DEBUG: GoGo-Acct-Output-Voice-Octets: [0]
2013-11-20 10:57:01,472: DEBUG: Acct-Output-Gigawords: [0]
2013-11-20 10:57:01,472: DEBUG: GoGo-Total-Output-Voice-Packets: [0]
2013-11-20 10:57:01,473: DEBUG: Acct-Input-Gigawords: [0]
2013-11-20 10:57:01,473: DEBUG: Calling-Station-Id: [u'19:21:31:41:52:23']
2013-11-20 10:57:01,473: DEBUG: NAS-Port-Type: ['Wireless-802.11']
2013-11-20 10:57:01,473: DEBUG: GoGo-Total-Output-Voice-Octets: [0]
2013-11-20 10:57:01,474: DEBUG: GoGo-Private-IP-Address: ['192.168.1.179']
2013-11-20 10:57:01,474: DEBUG: GoGo-Acct-Input-Voice-Gigawords: [0]
2013-11-20 10:57:01,474: DEBUG: GoGo-Total-Input-Packets: [18126]
2013-11-20 10:57:01,474: DEBUG: GoGo-Total-Input-Gigawords: [0]
2013-11-20 10:57:01,475: DEBUG: GoGo-Acct-Input-Voice-Packets: [0]
2013-11-20 10:57:01,475: DEBUG: GoGo-Total-Input-Octets: [2281603]
2013-11-20 10:57:01,475: DEBUG: GoGo-Total-Output-Packets: [44280]
2013-11-20 10:57:01,475: DEBUG: WISPr-Location-ID: [u'airline=BA01,tail=01009,network=']
2013-11-20 10:57:01,476: DEBUG: GoGo-Acct-Output-Voice-Gigawords: [0]
2013-11-20 10:57:01,476: DEBUG: Acct-Input-Octets: [2281603]
2013-11-20 10:57:01,478: DEBUG: 

2013-11-20 10:57:01,478: DEBUG: Received response with following attributes:
2013-11-20 10:57:11,479: DEBUG: 

2013-11-20 10:57:11,480: DEBUG: Creating Accounting Update Request with the following Attributes:
2013-11-20 10:57:11,480: DEBUG: User-Name: [u'username18@airborne.aircell.com']
2013-11-20 10:57:11,480: DEBUG: GoGo-Tail-Number: [u'AAATestNAS_241']
2013-11-20 10:57:11,480: DEBUG: Acct-Output-Octets: [5265534]
2013-11-20 10:57:11,481: DEBUG: NAS-IP-Address: ['10.254.246.1']
2013-11-20 10:57:11,481: DEBUG: GoGo-Total-Output-Gigawords: [0]
2013-11-20 10:57:11,481: DEBUG: Framed-IP-Address: ['10.254.246.20']
2013-11-20 10:57:11,481: DEBUG: GoGo-Total-Input-Voice-Gigawords: [0]
2013-11-20 10:57:11,481: DEBUG: GoGo-Total-Output-Octets: [5265534]
2013-11-20 10:57:11,482: DEBUG: GoGo-Acct-Input-Voice-Octets: [0]
2013-11-20 10:57:11,482: DEBUG: GoGo-Total-Input-Voice-Packets: [0]
2013-11-20 10:57:11,482: DEBUG: Called-Station-Id: [u'00:16:3E:4D:87:9D']
2013-11-20 10:57:11,482: DEBUG: WISPr-Location-Name: [u'TEST LLC,BA01_01009']
2013-11-20 10:57:11,482: DEBUG: NAS-Identifier: [u'C08386']
2013-11-20 10:57:11,482: DEBUG: Proxy-State: ['3330,3132']
2013-11-20 10:57:11,482: DEBUG: GoGo-Total-Input-Voice-Octets: [0]
2013-11-20 10:57:11,482: DEBUG: Acct-Status-Type: ['Interim-Update']
2013-11-20 10:57:11,483: DEBUG: GoGo-Total-Output-Voice-Gigawords: [0]
2013-11-20 10:57:11,483: DEBUG: GoGo-Airline: [u'BA01']
2013-11-20 10:57:11,483: DEBUG: Acct-Session-Id: [u'AAATestNAS_241-1384925191447-00163E4D879D-4']
2013-11-20 10:57:11,483: DEBUG: Acct-Session-Time: [10]
2013-11-20 10:57:11,484: DEBUG: Acct-Input-Packets: [1516]
2013-11-20 10:57:11,484: DEBUG: Acct-Output-Packets: [35655]
2013-11-20 10:57:11,484: DEBUG: GoGo-Acct-Output-Voice-Packets: [0]
2013-11-20 10:57:11,484: DEBUG: GoGo-Acct-Output-Voice-Octets: [0]
2013-11-20 10:57:11,484: DEBUG: Acct-Output-Gigawords: [0]
2013-11-20 10:57:11,484: DEBUG: GoGo-Total-Output-Voice-Packets: [0]
2013-11-20 10:57:11,484: DEBUG: Acct-Input-Gigawords: [0]
2013-11-20 10:57:11,485: DEBUG: Calling-Station-Id: [u'19:21:31:41:52:23']
2013-11-20 10:57:11,485: DEBUG: NAS-Port-Type: ['Wireless-802.11']
2013-11-20 10:57:11,485: DEBUG: GoGo-Total-Output-Voice-Octets: [0]
2013-11-20 10:57:11,485: DEBUG: GoGo-Private-IP-Address: ['192.168.1.179']
2013-11-20 10:57:11,485: DEBUG: GoGo-Acct-Input-Voice-Gigawords: [0]
2013-11-20 10:57:11,485: DEBUG: GoGo-Total-Input-Packets: [1516]
2013-11-20 10:57:11,485: DEBUG: GoGo-Total-Input-Gigawords: [0]
2013-11-20 10:57:11,486: DEBUG: GoGo-Acct-Input-Voice-Packets: [0]
2013-11-20 10:57:11,486: DEBUG: GoGo-Total-Input-Octets: [1269343]
2013-11-20 10:57:11,486: DEBUG: GoGo-Total-Output-Packets: [35655]
2013-11-20 10:57:11,486: DEBUG: WISPr-Location-ID: [u'airline=BA01,tail=01009,network=']
2013-11-20 10:57:11,486: DEBUG: GoGo-Acct-Output-Voice-Gigawords: [0]
2013-11-20 10:57:11,486: DEBUG: Acct-Input-Octets: [1269343]
2013-11-20 10:57:11,488: DEBUG: 

2013-11-20 10:57:11,489: DEBUG: Received response with following attributes:
2013-11-20 10:57:21,489: DEBUG: 

2013-11-20 10:57:21,490: DEBUG: Creating Accounting Update Request with the following Attributes:
2013-11-20 10:57:21,490: DEBUG: User-Name: [u'username18@airborne.aircell.com']
2013-11-20 10:57:21,490: DEBUG: GoGo-Tail-Number: [u'AAATestNAS_241']
2013-11-20 10:57:21,490: DEBUG: Acct-Output-Octets: [2376666]
2013-11-20 10:57:21,491: DEBUG: NAS-IP-Address: ['10.254.246.1']
2013-11-20 10:57:21,491: DEBUG: GoGo-Total-Output-Gigawords: [0]
2013-11-20 10:57:21,491: DEBUG: Framed-IP-Address: ['10.254.246.20']
2013-11-20 10:57:21,491: DEBUG: GoGo-Total-Input-Voice-Gigawords: [0]
2013-11-20 10:57:21,491: DEBUG: GoGo-Total-Output-Octets: [2376666]
2013-11-20 10:57:21,491: DEBUG: GoGo-Acct-Input-Voice-Octets: [0]
2013-11-20 10:57:21,492: DEBUG: GoGo-Total-Input-Voice-Packets: [0]
2013-11-20 10:57:21,492: DEBUG: Called-Station-Id: [u'00:16:3E:4D:87:9D']
2013-11-20 10:57:21,493: DEBUG: WISPr-Location-Name: [u'TEST LLC,BA01_01009']
2013-11-20 10:57:21,493: DEBUG: NAS-Identifier: [u'C08386']
2013-11-20 10:57:21,493: DEBUG: Proxy-State: ['3330,3132']
2013-11-20 10:57:21,493: DEBUG: GoGo-Total-Input-Voice-Octets: [0]
2013-11-20 10:57:21,493: DEBUG: Acct-Status-Type: ['Interim-Update']
2013-11-20 10:57:21,494: DEBUG: GoGo-Total-Output-Voice-Gigawords: [0]
2013-11-20 10:57:21,494: DEBUG: GoGo-Airline: [u'BA01']
2013-11-20 10:57:21,494: DEBUG: Acct-Session-Id: [u'AAATestNAS_241-1384925191447-00163E4D879D-4']
2013-11-20 10:57:21,494: DEBUG: Acct-Session-Time: [10]
2013-11-20 10:57:21,494: DEBUG: Acct-Input-Packets: [51700]
2013-11-20 10:57:21,494: DEBUG: Acct-Output-Packets: [11215]
2013-11-20 10:57:21,495: DEBUG: GoGo-Acct-Output-Voice-Packets: [0]
2013-11-20 10:57:21,495: DEBUG: GoGo-Acct-Output-Voice-Octets: [0]
2013-11-20 10:57:21,495: DEBUG: Acct-Output-Gigawords: [0]
2013-11-20 10:57:21,495: DEBUG: GoGo-Total-Output-Voice-Packets: [0]
2013-11-20 10:57:21,495: DEBUG: Acct-Input-Gigawords: [0]
2013-11-20 10:57:21,495: DEBUG: Calling-Station-Id: [u'19:21:31:41:52:23']
2013-11-20 10:57:21,495: DEBUG: NAS-Port-Type: ['Wireless-802.11']
2013-11-20 10:57:21,496: DEBUG: GoGo-Total-Output-Voice-Octets: [0]
2013-11-20 10:57:21,496: DEBUG: GoGo-Private-IP-Address: ['192.168.1.179']
2013-11-20 10:57:21,496: DEBUG: GoGo-Acct-Input-Voice-Gigawords: [0]
2013-11-20 10:57:21,496: DEBUG: GoGo-Total-Input-Packets: [51700]
2013-11-20 10:57:21,496: DEBUG: GoGo-Total-Input-Gigawords: [0]
2013-11-20 10:57:21,496: DEBUG: GoGo-Acct-Input-Voice-Packets: [0]
2013-11-20 10:57:21,497: DEBUG: GoGo-Total-Input-Octets: [7552453]
2013-11-20 10:57:21,497: DEBUG: GoGo-Total-Output-Packets: [11215]
2013-11-20 10:57:21,497: DEBUG: WISPr-Location-ID: [u'airline=BA01,tail=01009,network=']
2013-11-20 10:57:21,497: DEBUG: GoGo-Acct-Output-Voice-Gigawords: [0]
2013-11-20 10:57:21,497: DEBUG: Acct-Input-Octets: [7552453]
2013-11-20 10:57:21,500: DEBUG: 

2013-11-20 10:57:21,501: DEBUG: Received response with following attributes:
2013-11-20 10:57:29,502: DEBUG: 

2013-11-20 10:57:29,503: DEBUG: Creating Accounting Update Request with the following Attributes:
2013-11-20 10:57:29,503: DEBUG: User-Name: [u'username18@airborne.aircell.com']
2013-11-20 10:57:29,503: DEBUG: GoGo-Tail-Number: [u'AAATestNAS_241']
2013-11-20 10:57:29,503: DEBUG: Acct-Output-Octets: [8554937]
2013-11-20 10:57:29,504: DEBUG: NAS-IP-Address: ['10.254.246.1']
2013-11-20 10:57:29,504: DEBUG: GoGo-Total-Output-Gigawords: [0]
2013-11-20 10:57:29,504: DEBUG: Framed-IP-Address: ['10.254.246.20']
2013-11-20 10:57:29,504: DEBUG: GoGo-Total-Input-Voice-Gigawords: [0]
2013-11-20 10:57:29,504: DEBUG: GoGo-Total-Output-Octets: [8554937]
2013-11-20 10:57:29,504: DEBUG: GoGo-Acct-Input-Voice-Octets: [0]
2013-11-20 10:57:29,504: DEBUG: GoGo-Total-Input-Voice-Packets: [0]
2013-11-20 10:57:29,504: DEBUG: Called-Station-Id: [u'00:16:3E:4D:87:9D']
2013-11-20 10:57:29,504: DEBUG: WISPr-Location-Name: [u'TEST LLC,BA01_01009']
2013-11-20 10:57:29,505: DEBUG: NAS-Identifier: [u'C08386']
2013-11-20 10:57:29,505: DEBUG: Proxy-State: ['3330,3132']
2013-11-20 10:57:29,505: DEBUG: GoGo-Total-Input-Voice-Octets: [0]
2013-11-20 10:57:29,505: DEBUG: Acct-Status-Type: ['Interim-Update']
2013-11-20 10:57:29,505: DEBUG: GoGo-Total-Output-Voice-Gigawords: [0]
2013-11-20 10:57:29,505: DEBUG: GoGo-Airline: [u'BA01']
2013-11-20 10:57:29,505: DEBUG: Acct-Session-Id: [u'AAATestNAS_241-1384925191447-00163E4D879D-4']
2013-11-20 10:57:29,505: DEBUG: Acct-Session-Time: [8]
2013-11-20 10:57:29,505: DEBUG: Acct-Input-Packets: [3272]
2013-11-20 10:57:29,506: DEBUG: Acct-Output-Packets: [85242]
2013-11-20 10:57:29,506: DEBUG: GoGo-Acct-Output-Voice-Packets: [0]
2013-11-20 10:57:29,506: DEBUG: GoGo-Acct-Output-Voice-Octets: [0]
2013-11-20 10:57:29,506: DEBUG: Acct-Output-Gigawords: [0]
2013-11-20 10:57:29,506: DEBUG: GoGo-Total-Output-Voice-Packets: [0]
2013-11-20 10:57:29,506: DEBUG: Acct-Input-Gigawords: [0]
2013-11-20 10:57:29,506: DEBUG: Calling-Station-Id: [u'19:21:31:41:52:23']
2013-11-20 10:57:29,506: DEBUG: NAS-Port-Type: ['Wireless-802.11']
2013-11-20 10:57:29,506: DEBUG: GoGo-Total-Output-Voice-Octets: [0]
2013-11-20 10:57:29,507: DEBUG: GoGo-Private-IP-Address: ['192.168.1.179']
2013-11-20 10:57:29,507: DEBUG: GoGo-Acct-Input-Voice-Gigawords: [0]
2013-11-20 10:57:29,507: DEBUG: GoGo-Total-Input-Packets: [3272]
2013-11-20 10:57:29,508: DEBUG: GoGo-Total-Input-Gigawords: [0]
2013-11-20 10:57:29,508: DEBUG: GoGo-Acct-Input-Voice-Packets: [0]
2013-11-20 10:57:29,508: DEBUG: GoGo-Total-Input-Octets: [2133773]
2013-11-20 10:57:29,509: DEBUG: GoGo-Total-Output-Packets: [85242]
2013-11-20 10:57:29,509: DEBUG: WISPr-Location-ID: [u'airline=BA01,tail=01009,network=']
2013-11-20 10:57:29,509: DEBUG: GoGo-Acct-Output-Voice-Gigawords: [0]
2013-11-20 10:57:29,510: DEBUG: Acct-Input-Octets: [2133773]
2013-11-20 10:57:29,511: DEBUG: 

2013-11-20 10:57:29,512: DEBUG: Received response with following attributes:
2013-11-20 10:57:54,512: DEBUG: 

2013-11-20 10:57:54,513: DEBUG: Creating Accounting Stop Request with the following Attributes:
2013-11-20 10:57:54,513: DEBUG: User-Name: [u'username18@airborne.aircell.com']
2013-11-20 10:57:54,513: DEBUG: GoGo-Tail-Number: [u'01009']
2013-11-20 10:57:54,513: DEBUG: Acct-Output-Octets: [7360866]
2013-11-20 10:57:54,513: DEBUG: NAS-IP-Address: ['10.254.246.1']
2013-11-20 10:57:54,513: DEBUG: GoGo-Total-Output-Gigawords: [0]
2013-11-20 10:57:54,513: DEBUG: Framed-IP-Address: ['10.254.246.20']
2013-11-20 10:57:54,514: DEBUG: GoGo-Total-Input-Voice-Gigawords: [0]
2013-11-20 10:57:54,514: DEBUG: GoGo-Total-Output-Octets: [7360866]
2013-11-20 10:57:54,514: DEBUG: GoGo-Acct-Input-Voice-Octets: [0]
2013-11-20 10:57:54,514: DEBUG: GoGo-Total-Input-Voice-Packets: [0]
2013-11-20 10:57:54,514: DEBUG: Called-Station-Id: [u'00:16:3E:4D:87:9D']
2013-11-20 10:57:54,514: DEBUG: WISPr-Location-Name: [u'TEST LLC,BA01_01009']
2013-11-20 10:57:54,514: DEBUG: NAS-Identifier: [u'C08386']
2013-11-20 10:57:54,514: DEBUG: Proxy-State: ['3330,3132']
2013-11-20 10:57:54,514: DEBUG: GoGo-Total-Input-Voice-Octets: [0]
2013-11-20 10:57:54,514: DEBUG: Acct-Status-Type: ['Stop']
2013-11-20 10:57:54,515: DEBUG: GoGo-Total-Output-Voice-Gigawords: [0]
2013-11-20 10:57:54,515: DEBUG: GoGo-Airline: [u'BA01']
2013-11-20 10:57:54,515: DEBUG: Acct-Session-Id: [u'AAATestNAS_241-1384925191447-00163E4D879D-4']
2013-11-20 10:57:54,515: DEBUG: Acct-Session-Time: [25]
2013-11-20 10:57:54,515: DEBUG: Acct-Input-Packets: [22829]
2013-11-20 10:57:54,515: DEBUG: Acct-Output-Packets: [15955]
2013-11-20 10:57:54,515: DEBUG: Acct-Terminate-Cause: ['User-Request']
2013-11-20 10:57:54,515: DEBUG: GoGo-Acct-Output-Voice-Octets: [0]
2013-11-20 10:57:54,515: DEBUG: Acct-Output-Gigawords: [0]
2013-11-20 10:57:54,516: DEBUG: GoGo-Total-Output-Voice-Packets: [0]
2013-11-20 10:57:54,516: DEBUG: Acct-Input-Gigawords: [0]
2013-11-20 10:57:54,516: DEBUG: Calling-Station-Id: [u'19:21:31:41:52:23']
2013-11-20 10:57:54,516: DEBUG: NAS-Port-Type: ['Wireless-802.11']
2013-11-20 10:57:54,516: DEBUG: GoGo-Total-Output-Voice-Octets: [0]
2013-11-20 10:57:54,516: DEBUG: GoGo-Private-IP-Address: ['192.168.1.179']
2013-11-20 10:57:54,516: DEBUG: GoGo-Acct-Input-Voice-Gigawords: [0]
2013-11-20 10:57:54,516: DEBUG: GoGo-Total-Input-Packets: [22829]
2013-11-20 10:57:54,516: DEBUG: GoGo-Total-Input-Gigawords: [0]
2013-11-20 10:57:54,516: DEBUG: GoGo-Acct-Input-Voice-Packets: [0]
2013-11-20 10:57:54,517: DEBUG: GoGo-Total-Input-Octets: [5345012]
2013-11-20 10:57:54,517: DEBUG: GoGo-Total-Output-Packets: [15955]
2013-11-20 10:57:54,517: DEBUG: WISPr-Location-ID: [u'airline=BA01,tail=01009,network=']
2013-11-20 10:57:54,517: DEBUG: GoGo-Acct-Output-Voice-Packets: [0]
2013-11-20 10:57:54,517: DEBUG: GoGo-Acct-Output-Voice-Gigawords: [0]
2013-11-20 10:57:54,517: DEBUG: Acct-Input-Octets: [5345012]
2013-11-20 10:57:54,519: DEBUG: 

2013-11-20 10:57:54,520: DEBUG: Received response with following attributes:
2013-11-20 10:57:54,520: DEBUG: Ending the test for this user
2013-11-20 10:57:54,554: DEBUG: Starting the client for the user username18@airborne.aircell.com to the server localhost

