2013-11-20 10:55:41,452: DEBUG: Starting the client for the user username99@airborne.aircell.com to the server localhost

2013-11-20 10:55:41,452: DEBUG: DURATION of the TEST: 95
2013-11-20 10:55:41,452: DEBUG: NAS-IP: 10.254.181.1
2013-11-20 10:55:41,452: DEBUG: NAS-MAC-ADDR: 18:21:31:41:52:57
2013-11-20 10:55:41,452: DEBUG: Abruptly End: False
2013-11-20 10:55:41,452: DEBUG: Framed-IP: 10.254.181.58
2013-11-20 10:55:41,452: DEBUG: User-MAC-Addr: 00:16:3E:72:73:22
2013-11-20 10:55:41,452: DEBUG: 

2013-11-20 10:55:41,453: DEBUG: Creating Authentication Request with the following Attributes:
2013-11-20 10:55:41,453: DEBUG: NAS-Identifier: [u'C08386']
2013-11-20 10:55:41,453: DEBUG: User-Name: [u'username99@airborne.aircell.com']
2013-11-20 10:55:41,453: DEBUG: NAS-IP-Address: ['10.254.181.1']
2013-11-20 10:55:41,453: DEBUG: Service-Type: ['Authenticate-Only']
2013-11-20 10:55:41,453: DEBUG: Proxy-State: ['3237,3134']
2013-11-20 10:55:41,453: DEBUG: Framed-IP-Address: ['10.254.181.58']
2013-11-20 10:55:41,453: DEBUG: GoGo-Airline: [u'BA01']
2013-11-20 10:55:41,454: DEBUG: Acct-Session-Id: [u'AAATestNAS_176-1384925141453-00163E727322-1']
2013-11-20 10:55:41,454: DEBUG: GoGo-Tail-Number: [u'AAATestNAS_176']
2013-11-20 10:55:41,454: DEBUG: GoGo-Private-IP-Address: ['192.168.1.179']
2013-11-20 10:55:41,454: DEBUG: WISPr-Location-ID: [u'airline=BA01,tail=01009,network=']
2013-11-20 10:55:41,454: DEBUG: WISPr-Location-Name: [u'TEST LLC,BA01_01009']
2013-11-20 10:55:41,454: DEBUG: NAS-Port-Type: ['Wireless-802.11']
2013-11-20 10:55:41,454: DEBUG: Called-Station-Id: [u'00:16:3E:72:73:22']
2013-11-20 10:55:41,454: DEBUG: Calling-Station-Id: [u'18:21:31:41:52:57']
2013-11-20 10:55:41,455: DEBUG: 

2013-11-20 10:55:41,455: DEBUG: Received response with code: 2, Accepted
2013-11-20 10:55:41,455: DEBUG: Creating Authentication Request with the following Attributes:
2013-11-20 10:55:41,456: DEBUG: NAS-Identifier: [u'C08386']
2013-11-20 10:55:41,456: DEBUG: User-Name: [u'username99@airborne.aircell.com']
2013-11-20 10:55:41,456: DEBUG: NAS-IP-Address: ['10.254.181.1']
2013-11-20 10:55:41,456: DEBUG: Service-Type: ['Login-User']
2013-11-20 10:55:41,456: DEBUG: Proxy-State: ['3237,3134']
2013-11-20 10:55:41,456: DEBUG: Framed-IP-Address: ['10.254.181.58']
2013-11-20 10:55:41,456: DEBUG: GoGo-Airline: [u'BA01']
2013-11-20 10:55:41,456: DEBUG: Acct-Session-Id: [u'AAATestNAS_176-1384925141455-00163E727322-1']
2013-11-20 10:55:41,456: DEBUG: GoGo-Tail-Number: [u'AAATestNAS_176']
2013-11-20 10:55:41,456: DEBUG: GoGo-Private-IP-Address: ['192.168.1.179']
2013-11-20 10:55:41,456: DEBUG: WISPr-Location-ID: [u'airline=BA01,tail=01009,network=']
2013-11-20 10:55:41,456: DEBUG: WISPr-Location-Name: [u'TEST LLC,BA01_01009']
2013-11-20 10:55:41,456: DEBUG: NAS-Port-Type: ['Wireless-802.11']
2013-11-20 10:55:41,457: DEBUG: Called-Station-Id: [u'00:16:3E:72:73:22']
2013-11-20 10:55:41,457: DEBUG: Calling-Station-Id: [u'18:21:31:41:52:57']
2013-11-20 10:55:41,457: DEBUG: 

2013-11-20 10:55:41,457: DEBUG: Received response with code: 2, Accepted
2013-11-20 10:55:41,458: DEBUG: 

2013-11-20 10:55:41,458: DEBUG: Creating Accounting start Request with the following Attributes:
2013-11-20 10:55:41,458: DEBUG: NAS-Identifier: [u'C08386']
2013-11-20 10:55:41,458: DEBUG: User-Name: [u'username99@airborne.aircell.com']
2013-11-20 10:55:41,458: DEBUG: GoGo-Tail-Number: [u'AAATestNAS_176']
2013-11-20 10:55:41,458: DEBUG: NAS-IP-Address: ['10.254.181.1']
2013-11-20 10:55:41,458: DEBUG: Proxy-State: ['3239,3131']
2013-11-20 10:55:41,458: DEBUG: Acct-Status-Type: ['Start']
2013-11-20 10:55:41,458: DEBUG: GoGo-Airline: [u'BA01']
2013-11-20 10:55:41,458: DEBUG: Acct-Session-Id: [u'AAATestNAS_176-1384925141455-00163E727322-1']
2013-11-20 10:55:41,458: DEBUG: GoGo-Private-IP-Address: ['192.168.1.179']
2013-11-20 10:55:41,458: DEBUG: Framed-IP-Address: ['10.254.181.58']
2013-11-20 10:55:41,459: DEBUG: WISPr-Location-ID: [u'airline=BA01,tail=01009,network=']
2013-11-20 10:55:41,459: DEBUG: WISPr-Location-Name: [u'TEST LLC,BA01_01009']
2013-11-20 10:55:41,459: DEBUG: NAS-Port-Type: ['Wireless-802.11']
2013-11-20 10:55:41,459: DEBUG: Called-Station-Id: [u'00:16:3E:72:73:22']
2013-11-20 10:55:41,459: DEBUG: Calling-Station-Id: [u'18:21:31:41:52:57']
2013-11-20 10:55:41,460: DEBUG: 

2013-11-20 10:55:41,460: DEBUG: Received response with following attributes:
2013-11-20 10:55:51,461: DEBUG: 

2013-11-20 10:55:51,462: DEBUG: Creating Accounting Update Request with the following Attributes:
2013-11-20 10:55:51,462: DEBUG: User-Name: [u'username99@airborne.aircell.com']
2013-11-20 10:55:51,462: DEBUG: GoGo-Tail-Number: [u'AAATestNAS_176']
2013-11-20 10:55:51,462: DEBUG: Acct-Output-Octets: [5135687]
2013-11-20 10:55:51,462: DEBUG: NAS-IP-Address: ['10.254.181.1']
2013-11-20 10:55:51,462: DEBUG: GoGo-Total-Output-Gigawords: [0]
2013-11-20 10:55:51,462: DEBUG: Framed-IP-Address: ['10.254.181.58']
2013-11-20 10:55:51,462: DEBUG: GoGo-Total-Input-Voice-Gigawords: [0]
2013-11-20 10:55:51,462: DEBUG: GoGo-Total-Output-Octets: [5135687]
2013-11-20 10:55:51,462: DEBUG: GoGo-Acct-Input-Voice-Octets: [0]
2013-11-20 10:55:51,462: DEBUG: GoGo-Total-Input-Voice-Packets: [0]
2013-11-20 10:55:51,462: DEBUG: Called-Station-Id: [u'00:16:3E:72:73:22']
2013-11-20 10:55:51,462: DEBUG: WISPr-Location-Name: [u'TEST LLC,BA01_01009']
2013-11-20 10:55:51,463: DEBUG: NAS-Identifier: [u'C08386']
2013-11-20 10:55:51,463: DEBUG: Proxy-State: ['3330,3132']
2013-11-20 10:55:51,463: DEBUG: GoGo-Total-Input-Voice-Octets: [0]
2013-11-20 10:55:51,463: DEBUG: Acct-Status-Type: ['Interim-Update']
2013-11-20 10:55:51,463: DEBUG: GoGo-Total-Output-Voice-Gigawords: [0]
2013-11-20 10:55:51,463: DEBUG: GoGo-Airline: [u'BA01']
2013-11-20 10:55:51,463: DEBUG: Acct-Session-Id: [u'AAATestNAS_176-1384925141455-00163E727322-1']
2013-11-20 10:55:51,463: DEBUG: Acct-Session-Time: [10]
2013-11-20 10:55:51,463: DEBUG: Acct-Input-Packets: [30535]
2013-11-20 10:55:51,463: DEBUG: Acct-Output-Packets: [32067]
2013-11-20 10:55:51,463: DEBUG: GoGo-Acct-Output-Voice-Packets: [0]
2013-11-20 10:55:51,463: DEBUG: GoGo-Acct-Output-Voice-Octets: [0]
2013-11-20 10:55:51,463: DEBUG: Acct-Output-Gigawords: [0]
2013-11-20 10:55:51,463: DEBUG: GoGo-Total-Output-Voice-Packets: [0]
2013-11-20 10:55:51,463: DEBUG: Acct-Input-Gigawords: [0]
2013-11-20 10:55:51,464: DEBUG: Calling-Station-Id: [u'18:21:31:41:52:57']
2013-11-20 10:55:51,464: DEBUG: NAS-Port-Type: ['Wireless-802.11']
2013-11-20 10:55:51,464: DEBUG: GoGo-Total-Output-Voice-Octets: [0]
2013-11-20 10:55:51,464: DEBUG: GoGo-Private-IP-Address: ['192.168.1.179']
2013-11-20 10:55:51,464: DEBUG: GoGo-Acct-Input-Voice-Gigawords: [0]
2013-11-20 10:55:51,464: DEBUG: GoGo-Total-Input-Packets: [30535]
2013-11-20 10:55:51,464: DEBUG: GoGo-Total-Input-Gigawords: [0]
2013-11-20 10:55:51,464: DEBUG: GoGo-Acct-Input-Voice-Packets: [0]
2013-11-20 10:55:51,464: DEBUG: GoGo-Total-Input-Octets: [8868102]
2013-11-20 10:55:51,464: DEBUG: GoGo-Total-Output-Packets: [32067]
2013-11-20 10:55:51,464: DEBUG: WISPr-Location-ID: [u'airline=BA01,tail=01009,network=']
2013-11-20 10:55:51,464: DEBUG: GoGo-Acct-Output-Voice-Gigawords: [0]
2013-11-20 10:55:51,464: DEBUG: Acct-Input-Octets: [8868102]
2013-11-20 10:55:51,466: DEBUG: 

2013-11-20 10:55:51,466: DEBUG: Received response with following attributes:
2013-11-20 10:56:01,466: DEBUG: 

2013-11-20 10:56:01,466: DEBUG: Creating Accounting Update Request with the following Attributes:
2013-11-20 10:56:01,467: DEBUG: User-Name: [u'username99@airborne.aircell.com']
2013-11-20 10:56:01,467: DEBUG: GoGo-Tail-Number: [u'AAATestNAS_176']
2013-11-20 10:56:01,467: DEBUG: Acct-Output-Octets: [9798152]
2013-11-20 10:56:01,467: DEBUG: NAS-IP-Address: ['10.254.181.1']
2013-11-20 10:56:01,467: DEBUG: GoGo-Total-Output-Gigawords: [0]
2013-11-20 10:56:01,467: DEBUG: Framed-IP-Address: ['10.254.181.58']
2013-11-20 10:56:01,467: DEBUG: GoGo-Total-Input-Voice-Gigawords: [0]
2013-11-20 10:56:01,467: DEBUG: GoGo-Total-Output-Octets: [9798152]
2013-11-20 10:56:01,467: DEBUG: GoGo-Acct-Input-Voice-Octets: [0]
2013-11-20 10:56:01,467: DEBUG: GoGo-Total-Input-Voice-Packets: [0]
2013-11-20 10:56:01,467: DEBUG: Called-Station-Id: [u'00:16:3E:72:73:22']
2013-11-20 10:56:01,467: DEBUG: WISPr-Location-Name: [u'TEST LLC,BA01_01009']
2013-11-20 10:56:01,468: DEBUG: NAS-Identifier: [u'C08386']
2013-11-20 10:56:01,468: DEBUG: Proxy-State: ['3330,3132']
2013-11-20 10:56:01,468: DEBUG: GoGo-Total-Input-Voice-Octets: [0]
2013-11-20 10:56:01,468: DEBUG: Acct-Status-Type: ['Interim-Update']
2013-11-20 10:56:01,468: DEBUG: GoGo-Total-Output-Voice-Gigawords: [0]
2013-11-20 10:56:01,468: DEBUG: GoGo-Airline: [u'BA01']
2013-11-20 10:56:01,468: DEBUG: Acct-Session-Id: [u'AAATestNAS_176-1384925141455-00163E727322-1']
2013-11-20 10:56:01,468: DEBUG: Acct-Session-Time: [10]
2013-11-20 10:56:01,468: DEBUG: Acct-Input-Packets: [24738]
2013-11-20 10:56:01,468: DEBUG: Acct-Output-Packets: [96531]
2013-11-20 10:56:01,468: DEBUG: GoGo-Acct-Output-Voice-Packets: [0]
2013-11-20 10:56:01,468: DEBUG: GoGo-Acct-Output-Voice-Octets: [0]
2013-11-20 10:56:01,468: DEBUG: Acct-Output-Gigawords: [0]
2013-11-20 10:56:01,468: DEBUG: GoGo-Total-Output-Voice-Packets: [0]
2013-11-20 10:56:01,469: DEBUG: Acct-Input-Gigawords: [0]
2013-11-20 10:56:01,469: DEBUG: Calling-Station-Id: [u'18:21:31:41:52:57']
2013-11-20 10:56:01,469: DEBUG: NAS-Port-Type: ['Wireless-802.11']
2013-11-20 10:56:01,469: DEBUG: GoGo-Total-Output-Voice-Octets: [0]
2013-11-20 10:56:01,469: DEBUG: GoGo-Private-IP-Address: ['192.168.1.179']
2013-11-20 10:56:01,469: DEBUG: GoGo-Acct-Input-Voice-Gigawords: [0]
2013-11-20 10:56:01,469: DEBUG: GoGo-Total-Input-Packets: [24738]
2013-11-20 10:56:01,469: DEBUG: GoGo-Total-Input-Gigawords: [0]
2013-11-20 10:56:01,469: DEBUG: GoGo-Acct-Input-Voice-Packets: [0]
2013-11-20 10:56:01,469: DEBUG: GoGo-Total-Input-Octets: [6534705]
2013-11-20 10:56:01,469: DEBUG: GoGo-Total-Output-Packets: [96531]
2013-11-20 10:56:01,469: DEBUG: WISPr-Location-ID: [u'airline=BA01,tail=01009,network=']
2013-11-20 10:56:01,469: DEBUG: GoGo-Acct-Output-Voice-Gigawords: [0]
2013-11-20 10:56:01,469: DEBUG: Acct-Input-Octets: [6534705]
2013-11-20 10:56:01,471: DEBUG: 

2013-11-20 10:56:01,471: DEBUG: Received response with following attributes:
2013-11-20 10:56:11,472: DEBUG: 

2013-11-20 10:56:11,472: DEBUG: Creating Accounting Update Request with the following Attributes:
2013-11-20 10:56:11,472: DEBUG: User-Name: [u'username99@airborne.aircell.com']
2013-11-20 10:56:11,472: DEBUG: GoGo-Tail-Number: [u'AAATestNAS_176']
2013-11-20 10:56:11,472: DEBUG: Acct-Output-Octets: [6701675]
2013-11-20 10:56:11,472: DEBUG: NAS-IP-Address: ['10.254.181.1']
2013-11-20 10:56:11,473: DEBUG: GoGo-Total-Output-Gigawords: [0]
2013-11-20 10:56:11,473: DEBUG: Framed-IP-Address: ['10.254.181.58']
2013-11-20 10:56:11,473: DEBUG: GoGo-Total-Input-Voice-Gigawords: [0]
2013-11-20 10:56:11,473: DEBUG: GoGo-Total-Output-Octets: [6701675]
2013-11-20 10:56:11,473: DEBUG: GoGo-Acct-Input-Voice-Octets: [0]
2013-11-20 10:56:11,473: DEBUG: GoGo-Total-Input-Voice-Packets: [0]
2013-11-20 10:56:11,473: DEBUG: Called-Station-Id: [u'00:16:3E:72:73:22']
2013-11-20 10:56:11,473: DEBUG: WISPr-Location-Name: [u'TEST LLC,BA01_01009']
2013-11-20 10:56:11,473: DEBUG: NAS-Identifier: [u'C08386']
2013-11-20 10:56:11,473: DEBUG: Proxy-State: ['3330,3132']
2013-11-20 10:56:11,473: DEBUG: GoGo-Total-Input-Voice-Octets: [0]
2013-11-20 10:56:11,473: DEBUG: Acct-Status-Type: ['Interim-Update']
2013-11-20 10:56:11,473: DEBUG: GoGo-Total-Output-Voice-Gigawords: [0]
2013-11-20 10:56:11,474: DEBUG: GoGo-Airline: [u'BA01']
2013-11-20 10:56:11,474: DEBUG: Acct-Session-Id: [u'AAATestNAS_176-1384925141455-00163E727322-1']
2013-11-20 10:56:11,474: DEBUG: Acct-Session-Time: [10]
2013-11-20 10:56:11,474: DEBUG: Acct-Input-Packets: [35471]
2013-11-20 10:56:11,474: DEBUG: Acct-Output-Packets: [56696]
2013-11-20 10:56:11,474: DEBUG: GoGo-Acct-Output-Voice-Packets: [0]
2013-11-20 10:56:11,474: DEBUG: GoGo-Acct-Output-Voice-Octets: [0]
2013-11-20 10:56:11,474: DEBUG: Acct-Output-Gigawords: [0]
2013-11-20 10:56:11,474: DEBUG: GoGo-Total-Output-Voice-Packets: [0]
2013-11-20 10:56:11,474: DEBUG: Acct-Input-Gigawords: [0]
2013-11-20 10:56:11,474: DEBUG: Calling-Station-Id: [u'18:21:31:41:52:57']
2013-11-20 10:56:11,474: DEBUG: NAS-Port-Type: ['Wireless-802.11']
2013-11-20 10:56:11,474: DEBUG: GoGo-Total-Output-Voice-Octets: [0]
2013-11-20 10:56:11,474: DEBUG: GoGo-Private-IP-Address: ['192.168.1.179']
2013-11-20 10:56:11,475: DEBUG: GoGo-Acct-Input-Voice-Gigawords: [0]
2013-11-20 10:56:11,475: DEBUG: GoGo-Total-Input-Packets: [35471]
2013-11-20 10:56:11,475: DEBUG: GoGo-Total-Input-Gigawords: [0]
2013-11-20 10:56:11,475: DEBUG: GoGo-Acct-Input-Voice-Packets: [0]
2013-11-20 10:56:11,475: DEBUG: GoGo-Total-Input-Octets: [8667773]
2013-11-20 10:56:11,475: DEBUG: GoGo-Total-Output-Packets: [56696]
2013-11-20 10:56:11,475: DEBUG: WISPr-Location-ID: [u'airline=BA01,tail=01009,network=']
2013-11-20 10:56:11,475: DEBUG: GoGo-Acct-Output-Voice-Gigawords: [0]
2013-11-20 10:56:11,475: DEBUG: Acct-Input-Octets: [8667773]
2013-11-20 10:56:11,477: DEBUG: 

2013-11-20 10:56:11,477: DEBUG: Received response with following attributes:
2013-11-20 10:56:21,477: DEBUG: 

2013-11-20 10:56:21,478: DEBUG: Creating Accounting Update Request with the following Attributes:
2013-11-20 10:56:21,478: DEBUG: User-Name: [u'username99@airborne.aircell.com']
2013-11-20 10:56:21,478: DEBUG: GoGo-Tail-Number: [u'AAATestNAS_176']
2013-11-20 10:56:21,478: DEBUG: Acct-Output-Octets: [1042198]
2013-11-20 10:56:21,478: DEBUG: NAS-IP-Address: ['10.254.181.1']
2013-11-20 10:56:21,478: DEBUG: GoGo-Total-Output-Gigawords: [0]
2013-11-20 10:56:21,478: DEBUG: Framed-IP-Address: ['10.254.181.58']
2013-11-20 10:56:21,478: DEBUG: GoGo-Total-Input-Voice-Gigawords: [0]
2013-11-20 10:56:21,478: DEBUG: GoGo-Total-Output-Octets: [1042198]
2013-11-20 10:56:21,478: DEBUG: GoGo-Acct-Input-Voice-Octets: [0]
2013-11-20 10:56:21,478: DEBUG: GoGo-Total-Input-Voice-Packets: [0]
2013-11-20 10:56:21,479: DEBUG: Called-Station-Id: [u'00:16:3E:72:73:22']
2013-11-20 10:56:21,479: DEBUG: WISPr-Location-Name: [u'TEST LLC,BA01_01009']
2013-11-20 10:56:21,479: DEBUG: NAS-Identifier: [u'C08386']
2013-11-20 10:56:21,479: DEBUG: Proxy-State: ['3330,3132']
2013-11-20 10:56:21,479: DEBUG: GoGo-Total-Input-Voice-Octets: [0]
2013-11-20 10:56:21,479: DEBUG: Acct-Status-Type: ['Interim-Update']
2013-11-20 10:56:21,479: DEBUG: GoGo-Total-Output-Voice-Gigawords: [0]
2013-11-20 10:56:21,479: DEBUG: GoGo-Airline: [u'BA01']
2013-11-20 10:56:21,479: DEBUG: Acct-Session-Id: [u'AAATestNAS_176-1384925141455-00163E727322-1']
2013-11-20 10:56:21,479: DEBUG: Acct-Session-Time: [10]
2013-11-20 10:56:21,479: DEBUG: Acct-Input-Packets: [3376]
2013-11-20 10:56:21,479: DEBUG: Acct-Output-Packets: [6016]
2013-11-20 10:56:21,479: DEBUG: GoGo-Acct-Output-Voice-Packets: [0]
2013-11-20 10:56:21,480: DEBUG: GoGo-Acct-Output-Voice-Octets: [0]
2013-11-20 10:56:21,480: DEBUG: Acct-Output-Gigawords: [0]
2013-11-20 10:56:21,480: DEBUG: GoGo-Total-Output-Voice-Packets: [0]
2013-11-20 10:56:21,480: DEBUG: Acct-Input-Gigawords: [0]
2013-11-20 10:56:21,480: DEBUG: Calling-Station-Id: [u'18:21:31:41:52:57']
2013-11-20 10:56:21,480: DEBUG: NAS-Port-Type: ['Wireless-802.11']
2013-11-20 10:56:21,480: DEBUG: GoGo-Total-Output-Voice-Octets: [0]
2013-11-20 10:56:21,480: DEBUG: GoGo-Private-IP-Address: ['192.168.1.179']
2013-11-20 10:56:21,480: DEBUG: GoGo-Acct-Input-Voice-Gigawords: [0]
2013-11-20 10:56:21,480: DEBUG: GoGo-Total-Input-Packets: [3376]
2013-11-20 10:56:21,480: DEBUG: GoGo-Total-Input-Gigawords: [0]
2013-11-20 10:56:21,480: DEBUG: GoGo-Acct-Input-Voice-Packets: [0]
2013-11-20 10:56:21,480: DEBUG: GoGo-Total-Input-Octets: [2639746]
2013-11-20 10:56:21,480: DEBUG: GoGo-Total-Output-Packets: [6016]
2013-11-20 10:56:21,480: DEBUG: WISPr-Location-ID: [u'airline=BA01,tail=01009,network=']
2013-11-20 10:56:21,481: DEBUG: GoGo-Acct-Output-Voice-Gigawords: [0]
2013-11-20 10:56:21,481: DEBUG: Acct-Input-Octets: [2639746]
2013-11-20 10:56:21,482: DEBUG: 

2013-11-20 10:56:21,482: DEBUG: Received response with following attributes:
2013-11-20 10:56:31,483: DEBUG: 

2013-11-20 10:56:31,485: DEBUG: Creating Accounting Update Request with the following Attributes:
2013-11-20 10:56:31,486: DEBUG: User-Name: [u'username99@airborne.aircell.com']
2013-11-20 10:56:31,486: DEBUG: GoGo-Tail-Number: [u'AAATestNAS_176']
2013-11-20 10:56:31,486: DEBUG: Acct-Output-Octets: [9356615]
2013-11-20 10:56:31,486: DEBUG: NAS-IP-Address: ['10.254.181.1']
2013-11-20 10:56:31,487: DEBUG: GoGo-Total-Output-Gigawords: [0]
2013-11-20 10:56:31,488: DEBUG: Framed-IP-Address: ['10.254.181.58']
2013-11-20 10:56:31,488: DEBUG: GoGo-Total-Input-Voice-Gigawords: [0]
2013-11-20 10:56:31,489: DEBUG: GoGo-Total-Output-Octets: [9356615]
2013-11-20 10:56:31,489: DEBUG: GoGo-Acct-Input-Voice-Octets: [0]
2013-11-20 10:56:31,489: DEBUG: GoGo-Total-Input-Voice-Packets: [0]
2013-11-20 10:56:31,490: DEBUG: Called-Station-Id: [u'00:16:3E:72:73:22']
2013-11-20 10:56:31,490: DEBUG: WISPr-Location-Name: [u'TEST LLC,BA01_01009']
2013-11-20 10:56:31,490: DEBUG: NAS-Identifier: [u'C08386']
2013-11-20 10:56:31,491: DEBUG: Proxy-State: ['3330,3132']
2013-11-20 10:56:31,491: DEBUG: GoGo-Total-Input-Voice-Octets: [0]
2013-11-20 10:56:31,491: DEBUG: Acct-Status-Type: ['Interim-Update']
2013-11-20 10:56:31,491: DEBUG: GoGo-Total-Output-Voice-Gigawords: [0]
2013-11-20 10:56:31,492: DEBUG: GoGo-Airline: [u'BA01']
2013-11-20 10:56:31,492: DEBUG: Acct-Session-Id: [u'AAATestNAS_176-1384925141455-00163E727322-1']
2013-11-20 10:56:31,492: DEBUG: Acct-Session-Time: [10]
2013-11-20 10:56:31,492: DEBUG: Acct-Input-Packets: [6326]
2013-11-20 10:56:31,492: DEBUG: Acct-Output-Packets: [27140]
2013-11-20 10:56:31,492: DEBUG: GoGo-Acct-Output-Voice-Packets: [0]
2013-11-20 10:56:31,493: DEBUG: GoGo-Acct-Output-Voice-Octets: [0]
2013-11-20 10:56:31,493: DEBUG: Acct-Output-Gigawords: [0]
2013-11-20 10:56:31,493: DEBUG: GoGo-Total-Output-Voice-Packets: [0]
2013-11-20 10:56:31,493: DEBUG: Acct-Input-Gigawords: [0]
2013-11-20 10:56:31,494: DEBUG: Calling-Station-Id: [u'18:21:31:41:52:57']
2013-11-20 10:56:31,494: DEBUG: NAS-Port-Type: ['Wireless-802.11']
2013-11-20 10:56:31,494: DEBUG: GoGo-Total-Output-Voice-Octets: [0]
2013-11-20 10:56:31,494: DEBUG: GoGo-Private-IP-Address: ['192.168.1.179']
2013-11-20 10:56:31,495: DEBUG: GoGo-Acct-Input-Voice-Gigawords: [0]
2013-11-20 10:56:31,495: DEBUG: GoGo-Total-Input-Packets: [6326]
2013-11-20 10:56:31,495: DEBUG: GoGo-Total-Input-Gigawords: [0]
2013-11-20 10:56:31,495: DEBUG: GoGo-Acct-Input-Voice-Packets: [0]
2013-11-20 10:56:31,495: DEBUG: GoGo-Total-Input-Octets: [1206481]
2013-11-20 10:56:31,496: DEBUG: GoGo-Total-Output-Packets: [27140]
2013-11-20 10:56:31,496: DEBUG: WISPr-Location-ID: [u'airline=BA01,tail=01009,network=']
2013-11-20 10:56:31,496: DEBUG: GoGo-Acct-Output-Voice-Gigawords: [0]
2013-11-20 10:56:31,497: DEBUG: Acct-Input-Octets: [1206481]
2013-11-20 10:56:31,498: DEBUG: 

2013-11-20 10:56:31,498: DEBUG: Received response with following attributes:
2013-11-20 10:56:41,500: DEBUG: 

2013-11-20 10:56:41,500: DEBUG: Creating Accounting Update Request with the following Attributes:
2013-11-20 10:56:41,501: DEBUG: User-Name: [u'username99@airborne.aircell.com']
2013-11-20 10:56:41,501: DEBUG: GoGo-Tail-Number: [u'AAATestNAS_176']
2013-11-20 10:56:41,501: DEBUG: Acct-Output-Octets: [1554359]
2013-11-20 10:56:41,502: DEBUG: NAS-IP-Address: ['10.254.181.1']
2013-11-20 10:56:41,503: DEBUG: GoGo-Total-Output-Gigawords: [0]
2013-11-20 10:56:41,503: DEBUG: Framed-IP-Address: ['10.254.181.58']
2013-11-20 10:56:41,503: DEBUG: GoGo-Total-Input-Voice-Gigawords: [0]
2013-11-20 10:56:41,504: DEBUG: GoGo-Total-Output-Octets: [1554359]
2013-11-20 10:56:41,504: DEBUG: GoGo-Acct-Input-Voice-Octets: [0]
2013-11-20 10:56:41,504: DEBUG: GoGo-Total-Input-Voice-Packets: [0]
2013-11-20 10:56:41,504: DEBUG: Called-Station-Id: [u'00:16:3E:72:73:22']
2013-11-20 10:56:41,504: DEBUG: WISPr-Location-Name: [u'TEST LLC,BA01_01009']
2013-11-20 10:56:41,505: DEBUG: NAS-Identifier: [u'C08386']
2013-11-20 10:56:41,505: DEBUG: Proxy-State: ['3330,3132']
2013-11-20 10:56:41,505: DEBUG: GoGo-Total-Input-Voice-Octets: [0]
2013-11-20 10:56:41,505: DEBUG: Acct-Status-Type: ['Interim-Update']
2013-11-20 10:56:41,506: DEBUG: GoGo-Total-Output-Voice-Gigawords: [0]
2013-11-20 10:56:41,506: DEBUG: GoGo-Airline: [u'BA01']
2013-11-20 10:56:41,506: DEBUG: Acct-Session-Id: [u'AAATestNAS_176-1384925141455-00163E727322-1']
2013-11-20 10:56:41,506: DEBUG: Acct-Session-Time: [10]
2013-11-20 10:56:41,507: DEBUG: Acct-Input-Packets: [40897]
2013-11-20 10:56:41,507: DEBUG: Acct-Output-Packets: [10806]
2013-11-20 10:56:41,507: DEBUG: GoGo-Acct-Output-Voice-Packets: [0]
2013-11-20 10:56:41,507: DEBUG: GoGo-Acct-Output-Voice-Octets: [0]
2013-11-20 10:56:41,508: DEBUG: Acct-Output-Gigawords: [0]
2013-11-20 10:56:41,508: DEBUG: GoGo-Total-Output-Voice-Packets: [0]
2013-11-20 10:56:41,508: DEBUG: Acct-Input-Gigawords: [0]
2013-11-20 10:56:41,508: DEBUG: Calling-Station-Id: [u'18:21:31:41:52:57']
2013-11-20 10:56:41,509: DEBUG: NAS-Port-Type: ['Wireless-802.11']
2013-11-20 10:56:41,509: DEBUG: GoGo-Total-Output-Voice-Octets: [0]
2013-11-20 10:56:41,510: DEBUG: GoGo-Private-IP-Address: ['192.168.1.179']
2013-11-20 10:56:41,510: DEBUG: GoGo-Acct-Input-Voice-Gigawords: [0]
2013-11-20 10:56:41,511: DEBUG: GoGo-Total-Input-Packets: [40897]
2013-11-20 10:56:41,511: DEBUG: GoGo-Total-Input-Gigawords: [0]
2013-11-20 10:56:41,511: DEBUG: GoGo-Acct-Input-Voice-Packets: [0]
2013-11-20 10:56:41,511: DEBUG: GoGo-Total-Input-Octets: [5211232]
2013-11-20 10:56:41,511: DEBUG: GoGo-Total-Output-Packets: [10806]
2013-11-20 10:56:41,512: DEBUG: WISPr-Location-ID: [u'airline=BA01,tail=01009,network=']
2013-11-20 10:56:41,513: DEBUG: GoGo-Acct-Output-Voice-Gigawords: [0]
2013-11-20 10:56:41,513: DEBUG: Acct-Input-Octets: [5211232]
2013-11-20 10:56:41,515: DEBUG: 

2013-11-20 10:56:41,515: DEBUG: Received response with following attributes:
2013-11-20 10:56:51,516: DEBUG: 

2013-11-20 10:56:51,516: DEBUG: Creating Accounting Update Request with the following Attributes:
2013-11-20 10:56:51,517: DEBUG: User-Name: [u'username99@airborne.aircell.com']
2013-11-20 10:56:51,517: DEBUG: GoGo-Tail-Number: [u'AAATestNAS_176']
2013-11-20 10:56:51,517: DEBUG: Acct-Output-Octets: [6210782]
2013-11-20 10:56:51,517: DEBUG: NAS-IP-Address: ['10.254.181.1']
2013-11-20 10:56:51,517: DEBUG: GoGo-Total-Output-Gigawords: [0]
2013-11-20 10:56:51,517: DEBUG: Framed-IP-Address: ['10.254.181.58']
2013-11-20 10:56:51,517: DEBUG: GoGo-Total-Input-Voice-Gigawords: [0]
2013-11-20 10:56:51,517: DEBUG: GoGo-Total-Output-Octets: [6210782]
2013-11-20 10:56:51,517: DEBUG: GoGo-Acct-Input-Voice-Octets: [0]
2013-11-20 10:56:51,517: DEBUG: GoGo-Total-Input-Voice-Packets: [0]
2013-11-20 10:56:51,517: DEBUG: Called-Station-Id: [u'00:16:3E:72:73:22']
2013-11-20 10:56:51,517: DEBUG: WISPr-Location-Name: [u'TEST LLC,BA01_01009']
2013-11-20 10:56:51,517: DEBUG: NAS-Identifier: [u'C08386']
2013-11-20 10:56:51,517: DEBUG: Proxy-State: ['3330,3132']
2013-11-20 10:56:51,518: DEBUG: GoGo-Total-Input-Voice-Octets: [0]
2013-11-20 10:56:51,518: DEBUG: Acct-Status-Type: ['Interim-Update']
2013-11-20 10:56:51,518: DEBUG: GoGo-Total-Output-Voice-Gigawords: [0]
2013-11-20 10:56:51,518: DEBUG: GoGo-Airline: [u'BA01']
2013-11-20 10:56:51,518: DEBUG: Acct-Session-Id: [u'AAATestNAS_176-1384925141455-00163E727322-1']
2013-11-20 10:56:51,518: DEBUG: Acct-Session-Time: [10]
2013-11-20 10:56:51,518: DEBUG: Acct-Input-Packets: [31943]
2013-11-20 10:56:51,518: DEBUG: Acct-Output-Packets: [39794]
2013-11-20 10:56:51,518: DEBUG: GoGo-Acct-Output-Voice-Packets: [0]
2013-11-20 10:56:51,518: DEBUG: GoGo-Acct-Output-Voice-Octets: [0]
2013-11-20 10:56:51,518: DEBUG: Acct-Output-Gigawords: [0]
2013-11-20 10:56:51,518: DEBUG: GoGo-Total-Output-Voice-Packets: [0]
2013-11-20 10:56:51,518: DEBUG: Acct-Input-Gigawords: [0]
2013-11-20 10:56:51,518: DEBUG: Calling-Station-Id: [u'18:21:31:41:52:57']
2013-11-20 10:56:51,518: DEBUG: NAS-Port-Type: ['Wireless-802.11']
2013-11-20 10:56:51,519: DEBUG: GoGo-Total-Output-Voice-Octets: [0]
2013-11-20 10:56:51,519: DEBUG: GoGo-Private-IP-Address: ['192.168.1.179']
2013-11-20 10:56:51,519: DEBUG: GoGo-Acct-Input-Voice-Gigawords: [0]
2013-11-20 10:56:51,519: DEBUG: GoGo-Total-Input-Packets: [31943]
2013-11-20 10:56:51,519: DEBUG: GoGo-Total-Input-Gigawords: [0]
2013-11-20 10:56:51,519: DEBUG: GoGo-Acct-Input-Voice-Packets: [0]
2013-11-20 10:56:51,519: DEBUG: GoGo-Total-Input-Octets: [4901315]
2013-11-20 10:56:51,519: DEBUG: GoGo-Total-Output-Packets: [39794]
2013-11-20 10:56:51,519: DEBUG: WISPr-Location-ID: [u'airline=BA01,tail=01009,network=']
2013-11-20 10:56:51,519: DEBUG: GoGo-Acct-Output-Voice-Gigawords: [0]
2013-11-20 10:56:51,519: DEBUG: Acct-Input-Octets: [4901315]
2013-11-20 10:56:51,521: DEBUG: 

2013-11-20 10:56:51,521: DEBUG: Received response with following attributes:
2013-11-20 10:57:01,522: DEBUG: 

2013-11-20 10:57:01,526: DEBUG: Creating Accounting Update Request with the following Attributes:
2013-11-20 10:57:01,527: DEBUG: User-Name: [u'username99@airborne.aircell.com']
2013-11-20 10:57:01,527: DEBUG: GoGo-Tail-Number: [u'AAATestNAS_176']
2013-11-20 10:57:01,528: DEBUG: Acct-Output-Octets: [4750635]
2013-11-20 10:57:01,531: DEBUG: NAS-IP-Address: ['10.254.181.1']
2013-11-20 10:57:01,532: DEBUG: GoGo-Total-Output-Gigawords: [0]
2013-11-20 10:57:01,532: DEBUG: Framed-IP-Address: ['10.254.181.58']
2013-11-20 10:57:01,533: DEBUG: GoGo-Total-Input-Voice-Gigawords: [0]
2013-11-20 10:57:01,533: DEBUG: GoGo-Total-Output-Octets: [4750635]
2013-11-20 10:57:01,534: DEBUG: GoGo-Acct-Input-Voice-Octets: [0]
2013-11-20 10:57:01,535: DEBUG: GoGo-Total-Input-Voice-Packets: [0]
2013-11-20 10:57:01,536: DEBUG: Called-Station-Id: [u'00:16:3E:72:73:22']
2013-11-20 10:57:01,537: DEBUG: WISPr-Location-Name: [u'TEST LLC,BA01_01009']
2013-11-20 10:57:01,537: DEBUG: NAS-Identifier: [u'C08386']
2013-11-20 10:57:01,538: DEBUG: Proxy-State: ['3330,3132']
2013-11-20 10:57:01,539: DEBUG: GoGo-Total-Input-Voice-Octets: [0]
2013-11-20 10:57:01,540: DEBUG: Acct-Status-Type: ['Interim-Update']
2013-11-20 10:57:01,540: DEBUG: GoGo-Total-Output-Voice-Gigawords: [0]
2013-11-20 10:57:01,542: DEBUG: GoGo-Airline: [u'BA01']
2013-11-20 10:57:01,542: DEBUG: Acct-Session-Id: [u'AAATestNAS_176-1384925141455-00163E727322-1']
2013-11-20 10:57:01,542: DEBUG: Acct-Session-Time: [10]
2013-11-20 10:57:01,545: DEBUG: Acct-Input-Packets: [29391]
2013-11-20 10:57:01,545: DEBUG: Acct-Output-Packets: [18896]
2013-11-20 10:57:01,546: DEBUG: GoGo-Acct-Output-Voice-Packets: [0]
2013-11-20 10:57:01,547: DEBUG: GoGo-Acct-Output-Voice-Octets: [0]
2013-11-20 10:57:01,549: DEBUG: Acct-Output-Gigawords: [0]
2013-11-20 10:57:01,549: DEBUG: GoGo-Total-Output-Voice-Packets: [0]
2013-11-20 10:57:01,551: DEBUG: Acct-Input-Gigawords: [0]
2013-11-20 10:57:01,553: DEBUG: Calling-Station-Id: [u'18:21:31:41:52:57']
2013-11-20 10:57:01,553: DEBUG: NAS-Port-Type: ['Wireless-802.11']
2013-11-20 10:57:01,554: DEBUG: GoGo-Total-Output-Voice-Octets: [0]
2013-11-20 10:57:01,554: DEBUG: GoGo-Private-IP-Address: ['192.168.1.179']
2013-11-20 10:57:01,555: DEBUG: GoGo-Acct-Input-Voice-Gigawords: [0]
2013-11-20 10:57:01,557: DEBUG: GoGo-Total-Input-Packets: [29391]
2013-11-20 10:57:01,557: DEBUG: GoGo-Total-Input-Gigawords: [0]
2013-11-20 10:57:01,557: DEBUG: GoGo-Acct-Input-Voice-Packets: [0]
2013-11-20 10:57:01,558: DEBUG: GoGo-Total-Input-Octets: [7513945]
2013-11-20 10:57:01,558: DEBUG: GoGo-Total-Output-Packets: [18896]
2013-11-20 10:57:01,559: DEBUG: WISPr-Location-ID: [u'airline=BA01,tail=01009,network=']
2013-11-20 10:57:01,560: DEBUG: GoGo-Acct-Output-Voice-Gigawords: [0]
2013-11-20 10:57:01,561: DEBUG: Acct-Input-Octets: [7513945]
2013-11-20 10:57:01,565: DEBUG: 

2013-11-20 10:57:01,565: DEBUG: Received response with following attributes:
2013-11-20 10:57:11,566: DEBUG: 

2013-11-20 10:57:11,566: DEBUG: Creating Accounting Update Request with the following Attributes:
2013-11-20 10:57:11,567: DEBUG: User-Name: [u'username99@airborne.aircell.com']
2013-11-20 10:57:11,567: DEBUG: GoGo-Tail-Number: [u'AAATestNAS_176']
2013-11-20 10:57:11,568: DEBUG: Acct-Output-Octets: [7659424]
2013-11-20 10:57:11,568: DEBUG: NAS-IP-Address: ['10.254.181.1']
2013-11-20 10:57:11,569: DEBUG: GoGo-Total-Output-Gigawords: [0]
2013-11-20 10:57:11,569: DEBUG: Framed-IP-Address: ['10.254.181.58']
2013-11-20 10:57:11,569: DEBUG: GoGo-Total-Input-Voice-Gigawords: [0]
2013-11-20 10:57:11,570: DEBUG: GoGo-Total-Output-Octets: [7659424]
2013-11-20 10:57:11,570: DEBUG: GoGo-Acct-Input-Voice-Octets: [0]
2013-11-20 10:57:11,570: DEBUG: GoGo-Total-Input-Voice-Packets: [0]
2013-11-20 10:57:11,572: DEBUG: Called-Station-Id: [u'00:16:3E:72:73:22']
2013-11-20 10:57:11,572: DEBUG: WISPr-Location-Name: [u'TEST LLC,BA01_01009']
2013-11-20 10:57:11,573: DEBUG: NAS-Identifier: [u'C08386']
2013-11-20 10:57:11,574: DEBUG: Proxy-State: ['3330,3132']
2013-11-20 10:57:11,574: DEBUG: GoGo-Total-Input-Voice-Octets: [0]
2013-11-20 10:57:11,575: DEBUG: Acct-Status-Type: ['Interim-Update']
2013-11-20 10:57:11,575: DEBUG: GoGo-Total-Output-Voice-Gigawords: [0]
2013-11-20 10:57:11,576: DEBUG: GoGo-Airline: [u'BA01']
2013-11-20 10:57:11,576: DEBUG: Acct-Session-Id: [u'AAATestNAS_176-1384925141455-00163E727322-1']
2013-11-20 10:57:11,576: DEBUG: Acct-Session-Time: [10]
2013-11-20 10:57:11,577: DEBUG: Acct-Input-Packets: [8227]
2013-11-20 10:57:11,578: DEBUG: Acct-Output-Packets: [9477]
2013-11-20 10:57:11,579: DEBUG: GoGo-Acct-Output-Voice-Packets: [0]
2013-11-20 10:57:11,580: DEBUG: GoGo-Acct-Output-Voice-Octets: [0]
2013-11-20 10:57:11,580: DEBUG: Acct-Output-Gigawords: [0]
2013-11-20 10:57:11,580: DEBUG: GoGo-Total-Output-Voice-Packets: [0]
2013-11-20 10:57:11,580: DEBUG: Acct-Input-Gigawords: [0]
2013-11-20 10:57:11,581: DEBUG: Calling-Station-Id: [u'18:21:31:41:52:57']
2013-11-20 10:57:11,581: DEBUG: NAS-Port-Type: ['Wireless-802.11']
2013-11-20 10:57:11,582: DEBUG: GoGo-Total-Output-Voice-Octets: [0]
2013-11-20 10:57:11,583: DEBUG: GoGo-Private-IP-Address: ['192.168.1.179']
2013-11-20 10:57:11,583: DEBUG: GoGo-Acct-Input-Voice-Gigawords: [0]
2013-11-20 10:57:11,583: DEBUG: GoGo-Total-Input-Packets: [8227]
2013-11-20 10:57:11,584: DEBUG: GoGo-Total-Input-Gigawords: [0]
2013-11-20 10:57:11,584: DEBUG: GoGo-Acct-Input-Voice-Packets: [0]
2013-11-20 10:57:11,585: DEBUG: GoGo-Total-Input-Octets: [3810946]
2013-11-20 10:57:11,585: DEBUG: GoGo-Total-Output-Packets: [9477]
2013-11-20 10:57:11,585: DEBUG: WISPr-Location-ID: [u'airline=BA01,tail=01009,network=']
2013-11-20 10:57:11,586: DEBUG: GoGo-Acct-Output-Voice-Gigawords: [0]
2013-11-20 10:57:11,586: DEBUG: Acct-Input-Octets: [3810946]
2013-11-20 10:57:11,590: DEBUG: 

2013-11-20 10:57:11,591: DEBUG: Received response with following attributes:
2013-11-20 10:57:34,591: DEBUG: 

2013-11-20 10:57:34,592: DEBUG: Creating Accounting Stop Request with the following Attributes:
2013-11-20 10:57:34,593: DEBUG: User-Name: [u'username99@airborne.aircell.com']
2013-11-20 10:57:34,593: DEBUG: GoGo-Tail-Number: [u'01009']
2013-11-20 10:57:34,593: DEBUG: Acct-Output-Octets: [6187837]
2013-11-20 10:57:34,593: DEBUG: NAS-IP-Address: ['10.254.181.1']
2013-11-20 10:57:34,594: DEBUG: GoGo-Total-Output-Gigawords: [0]
2013-11-20 10:57:34,594: DEBUG: Framed-IP-Address: ['10.254.181.58']
2013-11-20 10:57:34,594: DEBUG: GoGo-Total-Input-Voice-Gigawords: [0]
2013-11-20 10:57:34,594: DEBUG: GoGo-Total-Output-Octets: [6187837]
2013-11-20 10:57:34,595: DEBUG: GoGo-Acct-Input-Voice-Octets: [0]
2013-11-20 10:57:34,595: DEBUG: GoGo-Total-Input-Voice-Packets: [0]
2013-11-20 10:57:34,595: DEBUG: Called-Station-Id: [u'00:16:3E:72:73:22']
2013-11-20 10:57:34,595: DEBUG: WISPr-Location-Name: [u'TEST LLC,BA01_01009']
2013-11-20 10:57:34,595: DEBUG: NAS-Identifier: [u'C08386']
2013-11-20 10:57:34,595: DEBUG: Proxy-State: ['3330,3132']
2013-11-20 10:57:34,595: DEBUG: GoGo-Total-Input-Voice-Octets: [0]
2013-11-20 10:57:34,596: DEBUG: Acct-Status-Type: ['Stop']
2013-11-20 10:57:34,596: DEBUG: GoGo-Total-Output-Voice-Gigawords: [0]
2013-11-20 10:57:34,596: DEBUG: GoGo-Airline: [u'BA01']
2013-11-20 10:57:34,597: DEBUG: Acct-Session-Id: [u'AAATestNAS_176-1384925141455-00163E727322-1']
2013-11-20 10:57:34,597: DEBUG: Acct-Session-Time: [23]
2013-11-20 10:57:34,597: DEBUG: Acct-Input-Packets: [37976]
2013-11-20 10:57:34,597: DEBUG: Acct-Output-Packets: [40761]
2013-11-20 10:57:34,597: DEBUG: Acct-Terminate-Cause: ['User-Request']
2013-11-20 10:57:34,598: DEBUG: GoGo-Acct-Output-Voice-Octets: [0]
2013-11-20 10:57:34,598: DEBUG: Acct-Output-Gigawords: [0]
2013-11-20 10:57:34,598: DEBUG: GoGo-Total-Output-Voice-Packets: [0]
2013-11-20 10:57:34,598: DEBUG: Acct-Input-Gigawords: [0]
2013-11-20 10:57:34,598: DEBUG: Calling-Station-Id: [u'18:21:31:41:52:57']
2013-11-20 10:57:34,598: DEBUG: NAS-Port-Type: ['Wireless-802.11']
2013-11-20 10:57:34,598: DEBUG: GoGo-Total-Output-Voice-Octets: [0]
2013-11-20 10:57:34,599: DEBUG: GoGo-Private-IP-Address: ['192.168.1.179']
2013-11-20 10:57:34,599: DEBUG: GoGo-Acct-Input-Voice-Gigawords: [0]
2013-11-20 10:57:34,599: DEBUG: GoGo-Total-Input-Packets: [37976]
2013-11-20 10:57:34,599: DEBUG: GoGo-Total-Input-Gigawords: [0]
2013-11-20 10:57:34,599: DEBUG: GoGo-Acct-Input-Voice-Packets: [0]
2013-11-20 10:57:34,599: DEBUG: GoGo-Total-Input-Octets: [8485198]
2013-11-20 10:57:34,599: DEBUG: GoGo-Total-Output-Packets: [40761]
2013-11-20 10:57:34,600: DEBUG: WISPr-Location-ID: [u'airline=BA01,tail=01009,network=']
2013-11-20 10:57:34,600: DEBUG: GoGo-Acct-Output-Voice-Packets: [0]
2013-11-20 10:57:34,600: DEBUG: GoGo-Acct-Output-Voice-Gigawords: [0]
2013-11-20 10:57:34,600: DEBUG: Acct-Input-Octets: [8485198]
2013-11-20 10:57:34,600: ERROR: Network error, Reason: 'Network error: Too many open files'
2013-11-20 10:57:34,600: ERROR: Ending the test for this user
2013-11-20 10:57:34,601: DEBUG: Ending the test for this user
