2013-11-20 10:58:11,614: DEBUG: Starting the client for the user username50@airborne.aircell.com to the server localhost

2013-11-20 10:58:11,617: DEBUG: DURATION of the TEST: 87
2013-11-20 10:58:11,618: DEBUG: NAS-IP: 10.254.53.1
2013-11-20 10:58:11,619: DEBUG: NAS-MAC-ADDR: 17:21:31:41:52:18
2013-11-20 10:58:11,620: DEBUG: Abruptly End: False
2013-11-20 10:58:11,621: DEBUG: Framed-IP: 10.254.53.104
2013-11-20 10:58:11,622: DEBUG: User-MAC-Addr: 00:16:3E:1D:4F:5B
2013-11-20 10:58:11,625: DEBUG: 

2013-11-20 10:58:11,627: DEBUG: Creating Authentication Request with the following Attributes:
2013-11-20 10:58:11,628: DEBUG: NAS-Identifier: [u'C08386']
2013-11-20 10:58:11,629: DEBUG: User-Name: [u'username50@airborne.aircell.com']
2013-11-20 10:58:11,631: DEBUG: NAS-IP-Address: ['10.254.53.1']
2013-11-20 10:58:11,633: DEBUG: Service-Type: ['Authenticate-Only']
2013-11-20 10:58:11,634: DEBUG: Proxy-State: ['3237,3134']
2013-11-20 10:58:11,635: DEBUG: Framed-IP-Address: ['10.254.53.104']
2013-11-20 10:58:11,635: DEBUG: GoGo-Airline: [u'BA01']
2013-11-20 10:58:11,635: DEBUG: Acct-Session-Id: [u'AAATestNAS_48-1384925291626-00163E1D4F5B-2']
2013-11-20 10:58:11,636: DEBUG: GoGo-Tail-Number: [u'AAATestNAS_48']
2013-11-20 10:58:11,636: DEBUG: GoGo-Private-IP-Address: ['192.168.1.179']
2013-11-20 10:58:11,637: DEBUG: WISPr-Location-ID: [u'airline=BA01,tail=01009,network=']
2013-11-20 10:58:11,637: DEBUG: WISPr-Location-Name: [u'TEST LLC,BA01_01009']
2013-11-20 10:58:11,638: DEBUG: NAS-Port-Type: ['Wireless-802.11']
2013-11-20 10:58:11,638: DEBUG: Called-Station-Id: [u'00:16:3E:1D:4F:5B']
2013-11-20 10:58:11,639: DEBUG: Calling-Station-Id: [u'17:21:31:41:52:18']
2013-11-20 10:58:11,641: DEBUG: 

2013-11-20 10:58:11,641: DEBUG: Received response with code: 2, Accepted
2013-11-20 10:58:11,641: DEBUG: Creating Authentication Request with the following Attributes:
2013-11-20 10:58:11,642: DEBUG: NAS-Identifier: [u'C08386']
2013-11-20 10:58:11,642: DEBUG: User-Name: [u'username50@airborne.aircell.com']
2013-11-20 10:58:11,643: DEBUG: NAS-IP-Address: ['10.254.53.1']
2013-11-20 10:58:11,643: DEBUG: Service-Type: ['Login-User']
2013-11-20 10:58:11,644: DEBUG: Proxy-State: ['3237,3134']
2013-11-20 10:58:11,644: DEBUG: Framed-IP-Address: ['10.254.53.104']
2013-11-20 10:58:11,645: DEBUG: GoGo-Airline: [u'BA01']
2013-11-20 10:58:11,645: DEBUG: Acct-Session-Id: [u'AAATestNAS_48-1384925291641-00163E1D4F5B-2']
2013-11-20 10:58:11,646: DEBUG: GoGo-Tail-Number: [u'AAATestNAS_48']
2013-11-20 10:58:11,646: DEBUG: GoGo-Private-IP-Address: ['192.168.1.179']
2013-11-20 10:58:11,647: DEBUG: WISPr-Location-ID: [u'airline=BA01,tail=01009,network=']
2013-11-20 10:58:11,647: DEBUG: WISPr-Location-Name: [u'TEST LLC,BA01_01009']
2013-11-20 10:58:11,648: DEBUG: NAS-Port-Type: ['Wireless-802.11']
2013-11-20 10:58:11,648: DEBUG: Called-Station-Id: [u'00:16:3E:1D:4F:5B']
2013-11-20 10:58:11,649: DEBUG: Calling-Station-Id: [u'17:21:31:41:52:18']
2013-11-20 10:58:11,651: DEBUG: 

2013-11-20 10:58:11,652: DEBUG: Received response with code: 2, Accepted
2013-11-20 10:58:11,652: DEBUG: 

2013-11-20 10:58:11,653: DEBUG: Creating Accounting start Request with the following Attributes:
2013-11-20 10:58:11,653: DEBUG: NAS-Identifier: [u'C08386']
2013-11-20 10:58:11,653: DEBUG: User-Name: [u'username50@airborne.aircell.com']
2013-11-20 10:58:11,654: DEBUG: GoGo-Tail-Number: [u'AAATestNAS_48']
2013-11-20 10:58:11,654: DEBUG: NAS-IP-Address: ['10.254.53.1']
2013-11-20 10:58:11,655: DEBUG: Proxy-State: ['3239,3131']
2013-11-20 10:58:11,655: DEBUG: Acct-Status-Type: ['Start']
2013-11-20 10:58:11,655: DEBUG: GoGo-Airline: [u'BA01']
2013-11-20 10:58:11,655: DEBUG: Acct-Session-Id: [u'AAATestNAS_48-1384925291641-00163E1D4F5B-2']
2013-11-20 10:58:11,656: DEBUG: GoGo-Private-IP-Address: ['192.168.1.179']
2013-11-20 10:58:11,656: DEBUG: Framed-IP-Address: ['10.254.53.104']
2013-11-20 10:58:11,656: DEBUG: WISPr-Location-ID: [u'airline=BA01,tail=01009,network=']
2013-11-20 10:58:11,656: DEBUG: WISPr-Location-Name: [u'TEST LLC,BA01_01009']
2013-11-20 10:58:11,656: DEBUG: NAS-Port-Type: ['Wireless-802.11']
2013-11-20 10:58:11,656: DEBUG: Called-Station-Id: [u'00:16:3E:1D:4F:5B']
2013-11-20 10:58:11,657: DEBUG: Calling-Station-Id: [u'17:21:31:41:52:18']
2013-11-20 10:58:11,658: DEBUG: 

2013-11-20 10:58:11,659: DEBUG: Received response with following attributes:
2013-11-20 10:58:21,660: DEBUG: 

2013-11-20 10:58:21,661: DEBUG: Creating Accounting Update Request with the following Attributes:
2013-11-20 10:58:21,661: DEBUG: User-Name: [u'username50@airborne.aircell.com']
2013-11-20 10:58:21,662: DEBUG: GoGo-Tail-Number: [u'AAATestNAS_48']
2013-11-20 10:58:21,662: DEBUG: Acct-Output-Octets: [3648102]
2013-11-20 10:58:21,663: DEBUG: NAS-IP-Address: ['10.254.53.1']
2013-11-20 10:58:21,663: DEBUG: GoGo-Total-Output-Gigawords: [0]
2013-11-20 10:58:21,663: DEBUG: Framed-IP-Address: ['10.254.53.104']
2013-11-20 10:58:21,664: DEBUG: GoGo-Total-Input-Voice-Gigawords: [0]
2013-11-20 10:58:21,664: DEBUG: GoGo-Total-Output-Octets: [3648102]
2013-11-20 10:58:21,665: DEBUG: GoGo-Acct-Input-Voice-Octets: [0]
2013-11-20 10:58:21,665: DEBUG: GoGo-Total-Input-Voice-Packets: [0]
2013-11-20 10:58:21,666: DEBUG: Called-Station-Id: [u'00:16:3E:1D:4F:5B']
2013-11-20 10:58:21,666: DEBUG: WISPr-Location-Name: [u'TEST LLC,BA01_01009']
2013-11-20 10:58:21,666: DEBUG: NAS-Identifier: [u'C08386']
2013-11-20 10:58:21,667: DEBUG: Proxy-State: ['3330,3132']
2013-11-20 10:58:21,667: DEBUG: GoGo-Total-Input-Voice-Octets: [0]
2013-11-20 10:58:21,668: DEBUG: Acct-Status-Type: ['Interim-Update']
2013-11-20 10:58:21,668: DEBUG: GoGo-Total-Output-Voice-Gigawords: [0]
2013-11-20 10:58:21,669: DEBUG: GoGo-Airline: [u'BA01']
2013-11-20 10:58:21,669: DEBUG: Acct-Session-Id: [u'AAATestNAS_48-1384925291641-00163E1D4F5B-2']
2013-11-20 10:58:21,670: DEBUG: Acct-Session-Time: [10]
2013-11-20 10:58:21,670: DEBUG: Acct-Input-Packets: [43560]
2013-11-20 10:58:21,671: DEBUG: Acct-Output-Packets: [11549]
2013-11-20 10:58:21,671: DEBUG: GoGo-Acct-Output-Voice-Packets: [0]
2013-11-20 10:58:21,672: DEBUG: GoGo-Acct-Output-Voice-Octets: [0]
2013-11-20 10:58:21,672: DEBUG: Acct-Output-Gigawords: [0]
2013-11-20 10:58:21,672: DEBUG: GoGo-Total-Output-Voice-Packets: [0]
2013-11-20 10:58:21,673: DEBUG: Acct-Input-Gigawords: [0]
2013-11-20 10:58:21,673: DEBUG: Calling-Station-Id: [u'17:21:31:41:52:18']
2013-11-20 10:58:21,673: DEBUG: NAS-Port-Type: ['Wireless-802.11']
2013-11-20 10:58:21,674: DEBUG: GoGo-Total-Output-Voice-Octets: [0]
2013-11-20 10:58:21,674: DEBUG: GoGo-Private-IP-Address: ['192.168.1.179']
2013-11-20 10:58:21,675: DEBUG: GoGo-Acct-Input-Voice-Gigawords: [0]
2013-11-20 10:58:21,675: DEBUG: GoGo-Total-Input-Packets: [43560]
2013-11-20 10:58:21,675: DEBUG: GoGo-Total-Input-Gigawords: [0]
2013-11-20 10:58:21,675: DEBUG: GoGo-Acct-Input-Voice-Packets: [0]
2013-11-20 10:58:21,675: DEBUG: GoGo-Total-Input-Octets: [8209375]
2013-11-20 10:58:21,675: DEBUG: GoGo-Total-Output-Packets: [11549]
2013-11-20 10:58:21,676: DEBUG: WISPr-Location-ID: [u'airline=BA01,tail=01009,network=']
2013-11-20 10:58:21,676: DEBUG: GoGo-Acct-Output-Voice-Gigawords: [0]
2013-11-20 10:58:21,676: DEBUG: Acct-Input-Octets: [8209375]
2013-11-20 10:58:21,676: ERROR: Network error, Reason: 'Network error: Too many open files'
2013-11-20 10:58:31,677: DEBUG: 

2013-11-20 10:58:31,678: DEBUG: Creating Accounting Update Request with the following Attributes:
2013-11-20 10:58:31,678: DEBUG: User-Name: [u'username50@airborne.aircell.com']
2013-11-20 10:58:31,678: DEBUG: GoGo-Tail-Number: [u'AAATestNAS_48']
2013-11-20 10:58:31,679: DEBUG: Acct-Output-Octets: [1371697]
2013-11-20 10:58:31,680: DEBUG: NAS-IP-Address: ['10.254.53.1']
2013-11-20 10:58:31,680: DEBUG: GoGo-Total-Output-Gigawords: [0]
2013-11-20 10:58:31,680: DEBUG: Framed-IP-Address: ['10.254.53.104']
2013-11-20 10:58:31,681: DEBUG: GoGo-Total-Input-Voice-Gigawords: [0]
2013-11-20 10:58:31,681: DEBUG: GoGo-Total-Output-Octets: [1371697]
2013-11-20 10:58:31,682: DEBUG: GoGo-Acct-Input-Voice-Octets: [0]
2013-11-20 10:58:31,682: DEBUG: GoGo-Total-Input-Voice-Packets: [0]
2013-11-20 10:58:31,683: DEBUG: Called-Station-Id: [u'00:16:3E:1D:4F:5B']
2013-11-20 10:58:31,683: DEBUG: WISPr-Location-Name: [u'TEST LLC,BA01_01009']
2013-11-20 10:58:31,684: DEBUG: NAS-Identifier: [u'C08386']
2013-11-20 10:58:31,684: DEBUG: Proxy-State: ['3330,3132']
2013-11-20 10:58:31,685: DEBUG: GoGo-Total-Input-Voice-Octets: [0]
2013-11-20 10:58:31,685: DEBUG: Acct-Status-Type: ['Interim-Update']
2013-11-20 10:58:31,685: DEBUG: GoGo-Total-Output-Voice-Gigawords: [0]
2013-11-20 10:58:31,686: DEBUG: GoGo-Airline: [u'BA01']
2013-11-20 10:58:31,686: DEBUG: Acct-Session-Id: [u'AAATestNAS_48-1384925291641-00163E1D4F5B-2']
2013-11-20 10:58:31,687: DEBUG: Acct-Session-Time: [10]
2013-11-20 10:58:31,687: DEBUG: Acct-Input-Packets: [2940]
2013-11-20 10:58:31,688: DEBUG: Acct-Output-Packets: [11822]
2013-11-20 10:58:31,688: DEBUG: GoGo-Acct-Output-Voice-Packets: [0]
2013-11-20 10:58:31,689: DEBUG: GoGo-Acct-Output-Voice-Octets: [0]
2013-11-20 10:58:31,689: DEBUG: Acct-Output-Gigawords: [0]
2013-11-20 10:58:31,689: DEBUG: GoGo-Total-Output-Voice-Packets: [0]
2013-11-20 10:58:31,690: DEBUG: Acct-Input-Gigawords: [0]
2013-11-20 10:58:31,690: DEBUG: Calling-Station-Id: [u'17:21:31:41:52:18']
2013-11-20 10:58:31,691: DEBUG: NAS-Port-Type: ['Wireless-802.11']
2013-11-20 10:58:31,691: DEBUG: GoGo-Total-Output-Voice-Octets: [0]
2013-11-20 10:58:31,692: DEBUG: GoGo-Private-IP-Address: ['192.168.1.179']
2013-11-20 10:58:31,693: DEBUG: GoGo-Acct-Input-Voice-Gigawords: [0]
2013-11-20 10:58:31,693: DEBUG: GoGo-Total-Input-Packets: [2940]
2013-11-20 10:58:31,694: DEBUG: GoGo-Total-Input-Gigawords: [0]
2013-11-20 10:58:31,694: DEBUG: GoGo-Acct-Input-Voice-Packets: [0]
2013-11-20 10:58:31,694: DEBUG: GoGo-Total-Input-Octets: [2113656]
2013-11-20 10:58:31,695: DEBUG: GoGo-Total-Output-Packets: [11822]
2013-11-20 10:58:31,695: DEBUG: WISPr-Location-ID: [u'airline=BA01,tail=01009,network=']
2013-11-20 10:58:31,696: DEBUG: GoGo-Acct-Output-Voice-Gigawords: [0]
2013-11-20 10:58:31,696: DEBUG: Acct-Input-Octets: [2113656]
2013-11-20 10:58:31,697: ERROR: Network error, Reason: 'Network error: Too many open files'
2013-11-20 10:58:41,697: DEBUG: 

2013-11-20 10:58:41,698: DEBUG: Creating Accounting Update Request with the following Attributes:
2013-11-20 10:58:41,699: DEBUG: User-Name: [u'username50@airborne.aircell.com']
2013-11-20 10:58:41,700: DEBUG: GoGo-Tail-Number: [u'AAATestNAS_48']
2013-11-20 10:58:41,701: DEBUG: Acct-Output-Octets: [9233459]
2013-11-20 10:58:41,701: DEBUG: NAS-IP-Address: ['10.254.53.1']
2013-11-20 10:58:41,702: DEBUG: GoGo-Total-Output-Gigawords: [0]
2013-11-20 10:58:41,702: DEBUG: Framed-IP-Address: ['10.254.53.104']
2013-11-20 10:58:41,703: DEBUG: GoGo-Total-Input-Voice-Gigawords: [0]
2013-11-20 10:58:41,703: DEBUG: GoGo-Total-Output-Octets: [9233459]
2013-11-20 10:58:41,704: DEBUG: GoGo-Acct-Input-Voice-Octets: [0]
2013-11-20 10:58:41,704: DEBUG: GoGo-Total-Input-Voice-Packets: [0]
2013-11-20 10:58:41,705: DEBUG: Called-Station-Id: [u'00:16:3E:1D:4F:5B']
2013-11-20 10:58:41,705: DEBUG: WISPr-Location-Name: [u'TEST LLC,BA01_01009']
2013-11-20 10:58:41,706: DEBUG: NAS-Identifier: [u'C08386']
2013-11-20 10:58:41,707: DEBUG: Proxy-State: ['3330,3132']
2013-11-20 10:58:41,707: DEBUG: GoGo-Total-Input-Voice-Octets: [0]
2013-11-20 10:58:41,707: DEBUG: Acct-Status-Type: ['Interim-Update']
2013-11-20 10:58:41,708: DEBUG: GoGo-Total-Output-Voice-Gigawords: [0]
2013-11-20 10:58:41,708: DEBUG: GoGo-Airline: [u'BA01']
2013-11-20 10:58:41,709: DEBUG: Acct-Session-Id: [u'AAATestNAS_48-1384925291641-00163E1D4F5B-2']
2013-11-20 10:58:41,710: DEBUG: Acct-Session-Time: [10]
2013-11-20 10:58:41,710: DEBUG: Acct-Input-Packets: [12906]
2013-11-20 10:58:41,711: DEBUG: Acct-Output-Packets: [66227]
2013-11-20 10:58:41,711: DEBUG: GoGo-Acct-Output-Voice-Packets: [0]
2013-11-20 10:58:41,712: DEBUG: GoGo-Acct-Output-Voice-Octets: [0]
2013-11-20 10:58:41,712: DEBUG: Acct-Output-Gigawords: [0]
2013-11-20 10:58:41,713: DEBUG: GoGo-Total-Output-Voice-Packets: [0]
2013-11-20 10:58:41,713: DEBUG: Acct-Input-Gigawords: [0]
2013-11-20 10:58:41,714: DEBUG: Calling-Station-Id: [u'17:21:31:41:52:18']
2013-11-20 10:58:41,714: DEBUG: NAS-Port-Type: ['Wireless-802.11']
2013-11-20 10:58:41,715: DEBUG: GoGo-Total-Output-Voice-Octets: [0]
2013-11-20 10:58:41,715: DEBUG: GoGo-Private-IP-Address: ['192.168.1.179']
2013-11-20 10:58:41,716: DEBUG: GoGo-Acct-Input-Voice-Gigawords: [0]
2013-11-20 10:58:41,716: DEBUG: GoGo-Total-Input-Packets: [12906]
2013-11-20 10:58:41,717: DEBUG: GoGo-Total-Input-Gigawords: [0]
2013-11-20 10:58:41,717: DEBUG: GoGo-Acct-Input-Voice-Packets: [0]
2013-11-20 10:58:41,718: DEBUG: GoGo-Total-Input-Octets: [8080217]
2013-11-20 10:58:41,718: DEBUG: GoGo-Total-Output-Packets: [66227]
2013-11-20 10:58:41,719: DEBUG: WISPr-Location-ID: [u'airline=BA01,tail=01009,network=']
2013-11-20 10:58:41,719: DEBUG: GoGo-Acct-Output-Voice-Gigawords: [0]
2013-11-20 10:58:41,720: DEBUG: Acct-Input-Octets: [8080217]
2013-11-20 10:58:41,721: ERROR: Network error, Reason: 'Network error: Too many open files'
2013-11-20 10:58:51,722: DEBUG: 

2013-11-20 10:58:51,723: DEBUG: Creating Accounting Update Request with the following Attributes:
2013-11-20 10:58:51,723: DEBUG: User-Name: [u'username50@airborne.aircell.com']
2013-11-20 10:58:51,723: DEBUG: GoGo-Tail-Number: [u'AAATestNAS_48']
2013-11-20 10:58:51,723: DEBUG: Acct-Output-Octets: [5940129]
2013-11-20 10:58:51,724: DEBUG: NAS-IP-Address: ['10.254.53.1']
2013-11-20 10:58:51,724: DEBUG: GoGo-Total-Output-Gigawords: [0]
2013-11-20 10:58:51,724: DEBUG: Framed-IP-Address: ['10.254.53.104']
2013-11-20 10:58:51,724: DEBUG: GoGo-Total-Input-Voice-Gigawords: [0]
2013-11-20 10:58:51,724: DEBUG: GoGo-Total-Output-Octets: [5940129]
2013-11-20 10:58:51,724: DEBUG: GoGo-Acct-Input-Voice-Octets: [0]
2013-11-20 10:58:51,725: DEBUG: GoGo-Total-Input-Voice-Packets: [0]
2013-11-20 10:58:51,725: DEBUG: Called-Station-Id: [u'00:16:3E:1D:4F:5B']
2013-11-20 10:58:51,725: DEBUG: WISPr-Location-Name: [u'TEST LLC,BA01_01009']
2013-11-20 10:58:51,725: DEBUG: NAS-Identifier: [u'C08386']
2013-11-20 10:58:51,725: DEBUG: Proxy-State: ['3330,3132']
2013-11-20 10:58:51,725: DEBUG: GoGo-Total-Input-Voice-Octets: [0]
2013-11-20 10:58:51,726: DEBUG: Acct-Status-Type: ['Interim-Update']
2013-11-20 10:58:51,726: DEBUG: GoGo-Total-Output-Voice-Gigawords: [0]
2013-11-20 10:58:51,726: DEBUG: GoGo-Airline: [u'BA01']
2013-11-20 10:58:51,726: DEBUG: Acct-Session-Id: [u'AAATestNAS_48-1384925291641-00163E1D4F5B-2']
2013-11-20 10:58:51,726: DEBUG: Acct-Session-Time: [10]
2013-11-20 10:58:51,726: DEBUG: Acct-Input-Packets: [36640]
2013-11-20 10:58:51,727: DEBUG: Acct-Output-Packets: [40256]
2013-11-20 10:58:51,727: DEBUG: GoGo-Acct-Output-Voice-Packets: [0]
2013-11-20 10:58:51,727: DEBUG: GoGo-Acct-Output-Voice-Octets: [0]
2013-11-20 10:58:51,727: DEBUG: Acct-Output-Gigawords: [0]
2013-11-20 10:58:51,727: DEBUG: GoGo-Total-Output-Voice-Packets: [0]
2013-11-20 10:58:51,727: DEBUG: Acct-Input-Gigawords: [0]
2013-11-20 10:58:51,728: DEBUG: Calling-Station-Id: [u'17:21:31:41:52:18']
2013-11-20 10:58:51,728: DEBUG: NAS-Port-Type: ['Wireless-802.11']
2013-11-20 10:58:51,728: DEBUG: GoGo-Total-Output-Voice-Octets: [0]
2013-11-20 10:58:51,728: DEBUG: GoGo-Private-IP-Address: ['192.168.1.179']
2013-11-20 10:58:51,728: DEBUG: GoGo-Acct-Input-Voice-Gigawords: [0]
2013-11-20 10:58:51,728: DEBUG: GoGo-Total-Input-Packets: [36640]
2013-11-20 10:58:51,729: DEBUG: GoGo-Total-Input-Gigawords: [0]
2013-11-20 10:58:51,729: DEBUG: GoGo-Acct-Input-Voice-Packets: [0]
2013-11-20 10:58:51,729: DEBUG: GoGo-Total-Input-Octets: [8620841]
2013-11-20 10:58:51,729: DEBUG: GoGo-Total-Output-Packets: [40256]
2013-11-20 10:58:51,729: DEBUG: WISPr-Location-ID: [u'airline=BA01,tail=01009,network=']
2013-11-20 10:58:51,729: DEBUG: GoGo-Acct-Output-Voice-Gigawords: [0]
2013-11-20 10:58:51,730: DEBUG: Acct-Input-Octets: [8620841]
2013-11-20 10:58:51,732: DEBUG: 

2013-11-20 10:58:51,732: DEBUG: Received response with following attributes:
2013-11-20 10:59:01,732: DEBUG: 

2013-11-20 10:59:01,733: DEBUG: Creating Accounting Update Request with the following Attributes:
2013-11-20 10:59:01,733: DEBUG: User-Name: [u'username50@airborne.aircell.com']
2013-11-20 10:59:01,733: DEBUG: GoGo-Tail-Number: [u'AAATestNAS_48']
2013-11-20 10:59:01,734: DEBUG: Acct-Output-Octets: [9120795]
2013-11-20 10:59:01,734: DEBUG: NAS-IP-Address: ['10.254.53.1']
2013-11-20 10:59:01,734: DEBUG: GoGo-Total-Output-Gigawords: [0]
2013-11-20 10:59:01,734: DEBUG: Framed-IP-Address: ['10.254.53.104']
2013-11-20 10:59:01,734: DEBUG: GoGo-Total-Input-Voice-Gigawords: [0]
2013-11-20 10:59:01,734: DEBUG: GoGo-Total-Output-Octets: [9120795]
2013-11-20 10:59:01,735: DEBUG: GoGo-Acct-Input-Voice-Octets: [0]
2013-11-20 10:59:01,735: DEBUG: GoGo-Total-Input-Voice-Packets: [0]
2013-11-20 10:59:01,735: DEBUG: Called-Station-Id: [u'00:16:3E:1D:4F:5B']
2013-11-20 10:59:01,735: DEBUG: WISPr-Location-Name: [u'TEST LLC,BA01_01009']
2013-11-20 10:59:01,735: DEBUG: NAS-Identifier: [u'C08386']
2013-11-20 10:59:01,735: DEBUG: Proxy-State: ['3330,3132']
2013-11-20 10:59:01,736: DEBUG: GoGo-Total-Input-Voice-Octets: [0]
2013-11-20 10:59:01,736: DEBUG: Acct-Status-Type: ['Interim-Update']
2013-11-20 10:59:01,736: DEBUG: GoGo-Total-Output-Voice-Gigawords: [0]
2013-11-20 10:59:01,736: DEBUG: GoGo-Airline: [u'BA01']
2013-11-20 10:59:01,736: DEBUG: Acct-Session-Id: [u'AAATestNAS_48-1384925291641-00163E1D4F5B-2']
2013-11-20 10:59:01,736: DEBUG: Acct-Session-Time: [10]
2013-11-20 10:59:01,737: DEBUG: Acct-Input-Packets: [21342]
2013-11-20 10:59:01,737: DEBUG: Acct-Output-Packets: [46426]
2013-11-20 10:59:01,737: DEBUG: GoGo-Acct-Output-Voice-Packets: [0]
2013-11-20 10:59:01,737: DEBUG: GoGo-Acct-Output-Voice-Octets: [0]
2013-11-20 10:59:01,737: DEBUG: Acct-Output-Gigawords: [0]
2013-11-20 10:59:01,737: DEBUG: GoGo-Total-Output-Voice-Packets: [0]
2013-11-20 10:59:01,738: DEBUG: Acct-Input-Gigawords: [0]
2013-11-20 10:59:01,738: DEBUG: Calling-Station-Id: [u'17:21:31:41:52:18']
2013-11-20 10:59:01,738: DEBUG: NAS-Port-Type: ['Wireless-802.11']
2013-11-20 10:59:01,738: DEBUG: GoGo-Total-Output-Voice-Octets: [0]
2013-11-20 10:59:01,738: DEBUG: GoGo-Private-IP-Address: ['192.168.1.179']
2013-11-20 10:59:01,738: DEBUG: GoGo-Acct-Input-Voice-Gigawords: [0]
2013-11-20 10:59:01,739: DEBUG: GoGo-Total-Input-Packets: [21342]
2013-11-20 10:59:01,739: DEBUG: GoGo-Total-Input-Gigawords: [0]
2013-11-20 10:59:01,739: DEBUG: GoGo-Acct-Input-Voice-Packets: [0]
2013-11-20 10:59:01,739: DEBUG: GoGo-Total-Input-Octets: [7340799]
2013-11-20 10:59:01,739: DEBUG: GoGo-Total-Output-Packets: [46426]
2013-11-20 10:59:01,739: DEBUG: WISPr-Location-ID: [u'airline=BA01,tail=01009,network=']
2013-11-20 10:59:01,740: DEBUG: GoGo-Acct-Output-Voice-Gigawords: [0]
2013-11-20 10:59:01,740: DEBUG: Acct-Input-Octets: [7340799]
2013-11-20 10:59:01,740: ERROR: Network error, Reason: 'Network error: Too many open files'
2013-11-20 10:59:11,741: DEBUG: 

2013-11-20 10:59:11,743: DEBUG: Creating Accounting Update Request with the following Attributes:
2013-11-20 10:59:11,743: DEBUG: User-Name: [u'username50@airborne.aircell.com']
2013-11-20 10:59:11,744: DEBUG: GoGo-Tail-Number: [u'AAATestNAS_48']
2013-11-20 10:59:11,744: DEBUG: Acct-Output-Octets: [2577303]
2013-11-20 10:59:11,744: DEBUG: NAS-IP-Address: ['10.254.53.1']
2013-11-20 10:59:11,745: DEBUG: GoGo-Total-Output-Gigawords: [0]
2013-11-20 10:59:11,745: DEBUG: Framed-IP-Address: ['10.254.53.104']
2013-11-20 10:59:11,746: DEBUG: GoGo-Total-Input-Voice-Gigawords: [0]
2013-11-20 10:59:11,746: DEBUG: GoGo-Total-Output-Octets: [2577303]
2013-11-20 10:59:11,746: DEBUG: GoGo-Acct-Input-Voice-Octets: [0]
2013-11-20 10:59:11,746: DEBUG: GoGo-Total-Input-Voice-Packets: [0]
2013-11-20 10:59:11,747: DEBUG: Called-Station-Id: [u'00:16:3E:1D:4F:5B']
2013-11-20 10:59:11,747: DEBUG: WISPr-Location-Name: [u'TEST LLC,BA01_01009']
2013-11-20 10:59:11,747: DEBUG: NAS-Identifier: [u'C08386']
2013-11-20 10:59:11,748: DEBUG: Proxy-State: ['3330,3132']
2013-11-20 10:59:11,748: DEBUG: GoGo-Total-Input-Voice-Octets: [0]
2013-11-20 10:59:11,748: DEBUG: Acct-Status-Type: ['Interim-Update']
2013-11-20 10:59:11,749: DEBUG: GoGo-Total-Output-Voice-Gigawords: [0]
2013-11-20 10:59:11,749: DEBUG: GoGo-Airline: [u'BA01']
2013-11-20 10:59:11,749: DEBUG: Acct-Session-Id: [u'AAATestNAS_48-1384925291641-00163E1D4F5B-2']
2013-11-20 10:59:11,749: DEBUG: Acct-Session-Time: [10]
2013-11-20 10:59:11,750: DEBUG: Acct-Input-Packets: [18949]
2013-11-20 10:59:11,750: DEBUG: Acct-Output-Packets: [9993]
2013-11-20 10:59:11,750: DEBUG: GoGo-Acct-Output-Voice-Packets: [0]
2013-11-20 10:59:11,750: DEBUG: GoGo-Acct-Output-Voice-Octets: [0]
2013-11-20 10:59:11,751: DEBUG: Acct-Output-Gigawords: [0]
2013-11-20 10:59:11,751: DEBUG: GoGo-Total-Output-Voice-Packets: [0]
2013-11-20 10:59:11,751: DEBUG: Acct-Input-Gigawords: [0]
2013-11-20 10:59:11,752: DEBUG: Calling-Station-Id: [u'17:21:31:41:52:18']
2013-11-20 10:59:11,752: DEBUG: NAS-Port-Type: ['Wireless-802.11']
2013-11-20 10:59:11,752: DEBUG: GoGo-Total-Output-Voice-Octets: [0]
2013-11-20 10:59:11,752: DEBUG: GoGo-Private-IP-Address: ['192.168.1.179']
2013-11-20 10:59:11,752: DEBUG: GoGo-Acct-Input-Voice-Gigawords: [0]
2013-11-20 10:59:11,753: DEBUG: GoGo-Total-Input-Packets: [18949]
2013-11-20 10:59:11,753: DEBUG: GoGo-Total-Input-Gigawords: [0]
2013-11-20 10:59:11,753: DEBUG: GoGo-Acct-Input-Voice-Packets: [0]
2013-11-20 10:59:11,753: DEBUG: GoGo-Total-Input-Octets: [8770776]
2013-11-20 10:59:11,754: DEBUG: GoGo-Total-Output-Packets: [9993]
2013-11-20 10:59:11,754: DEBUG: WISPr-Location-ID: [u'airline=BA01,tail=01009,network=']
2013-11-20 10:59:11,754: DEBUG: GoGo-Acct-Output-Voice-Gigawords: [0]
2013-11-20 10:59:11,754: DEBUG: Acct-Input-Octets: [8770776]
2013-11-20 10:59:11,755: ERROR: Network error, Reason: 'Network error: nodename nor servname provided, or not known'
2013-11-20 10:59:21,755: DEBUG: 

2013-11-20 10:59:21,756: DEBUG: Creating Accounting Update Request with the following Attributes:
2013-11-20 10:59:21,757: DEBUG: User-Name: [u'username50@airborne.aircell.com']
2013-11-20 10:59:21,757: DEBUG: GoGo-Tail-Number: [u'AAATestNAS_48']
2013-11-20 10:59:21,757: DEBUG: Acct-Output-Octets: [6194814]
2013-11-20 10:59:21,757: DEBUG: NAS-IP-Address: ['10.254.53.1']
2013-11-20 10:59:21,757: DEBUG: GoGo-Total-Output-Gigawords: [0]
2013-11-20 10:59:21,758: DEBUG: Framed-IP-Address: ['10.254.53.104']
2013-11-20 10:59:21,758: DEBUG: GoGo-Total-Input-Voice-Gigawords: [0]
2013-11-20 10:59:21,758: DEBUG: GoGo-Total-Output-Octets: [6194814]
2013-11-20 10:59:21,758: DEBUG: GoGo-Acct-Input-Voice-Octets: [0]
2013-11-20 10:59:21,758: DEBUG: GoGo-Total-Input-Voice-Packets: [0]
2013-11-20 10:59:21,759: DEBUG: Called-Station-Id: [u'00:16:3E:1D:4F:5B']
2013-11-20 10:59:21,759: DEBUG: WISPr-Location-Name: [u'TEST LLC,BA01_01009']
2013-11-20 10:59:21,759: DEBUG: NAS-Identifier: [u'C08386']
2013-11-20 10:59:21,759: DEBUG: Proxy-State: ['3330,3132']
2013-11-20 10:59:21,759: DEBUG: GoGo-Total-Input-Voice-Octets: [0]
2013-11-20 10:59:21,759: DEBUG: Acct-Status-Type: ['Interim-Update']
2013-11-20 10:59:21,760: DEBUG: GoGo-Total-Output-Voice-Gigawords: [0]
2013-11-20 10:59:21,760: DEBUG: GoGo-Airline: [u'BA01']
2013-11-20 10:59:21,760: DEBUG: Acct-Session-Id: [u'AAATestNAS_48-1384925291641-00163E1D4F5B-2']
2013-11-20 10:59:21,760: DEBUG: Acct-Session-Time: [10]
2013-11-20 10:59:21,760: DEBUG: Acct-Input-Packets: [8353]
2013-11-20 10:59:21,760: DEBUG: Acct-Output-Packets: [57483]
2013-11-20 10:59:21,761: DEBUG: GoGo-Acct-Output-Voice-Packets: [0]
2013-11-20 10:59:21,761: DEBUG: GoGo-Acct-Output-Voice-Octets: [0]
2013-11-20 10:59:21,761: DEBUG: Acct-Output-Gigawords: [0]
2013-11-20 10:59:21,762: DEBUG: GoGo-Total-Output-Voice-Packets: [0]
2013-11-20 10:59:21,762: DEBUG: Acct-Input-Gigawords: [0]
2013-11-20 10:59:21,762: DEBUG: Calling-Station-Id: [u'17:21:31:41:52:18']
2013-11-20 10:59:21,762: DEBUG: NAS-Port-Type: ['Wireless-802.11']
2013-11-20 10:59:21,762: DEBUG: GoGo-Total-Output-Voice-Octets: [0]
2013-11-20 10:59:21,762: DEBUG: GoGo-Private-IP-Address: ['192.168.1.179']
2013-11-20 10:59:21,763: DEBUG: GoGo-Acct-Input-Voice-Gigawords: [0]
2013-11-20 10:59:21,763: DEBUG: GoGo-Total-Input-Packets: [8353]
2013-11-20 10:59:21,763: DEBUG: GoGo-Total-Input-Gigawords: [0]
2013-11-20 10:59:21,763: DEBUG: GoGo-Acct-Input-Voice-Packets: [0]
2013-11-20 10:59:21,763: DEBUG: GoGo-Total-Input-Octets: [2957405]
2013-11-20 10:59:21,763: DEBUG: GoGo-Total-Output-Packets: [57483]
2013-11-20 10:59:21,764: DEBUG: WISPr-Location-ID: [u'airline=BA01,tail=01009,network=']
2013-11-20 10:59:21,764: DEBUG: GoGo-Acct-Output-Voice-Gigawords: [0]
2013-11-20 10:59:21,764: DEBUG: Acct-Input-Octets: [2957405]
2013-11-20 10:59:21,764: ERROR: Network error, Reason: 'Network error: nodename nor servname provided, or not known'
2013-11-20 10:59:31,765: DEBUG: 

2013-11-20 10:59:31,766: DEBUG: Creating Accounting Update Request with the following Attributes:
2013-11-20 10:59:31,767: DEBUG: User-Name: [u'username50@airborne.aircell.com']
2013-11-20 10:59:31,767: DEBUG: GoGo-Tail-Number: [u'AAATestNAS_48']
2013-11-20 10:59:31,767: DEBUG: Acct-Output-Octets: [9975742]
2013-11-20 10:59:31,768: DEBUG: NAS-IP-Address: ['10.254.53.1']
2013-11-20 10:59:31,768: DEBUG: GoGo-Total-Output-Gigawords: [0]
2013-11-20 10:59:31,768: DEBUG: Framed-IP-Address: ['10.254.53.104']
2013-11-20 10:59:31,768: DEBUG: GoGo-Total-Input-Voice-Gigawords: [0]
2013-11-20 10:59:31,769: DEBUG: GoGo-Total-Output-Octets: [9975742]
2013-11-20 10:59:31,769: DEBUG: GoGo-Acct-Input-Voice-Octets: [0]
2013-11-20 10:59:31,769: DEBUG: GoGo-Total-Input-Voice-Packets: [0]
2013-11-20 10:59:31,769: DEBUG: Called-Station-Id: [u'00:16:3E:1D:4F:5B']
2013-11-20 10:59:31,770: DEBUG: WISPr-Location-Name: [u'TEST LLC,BA01_01009']
2013-11-20 10:59:31,770: DEBUG: NAS-Identifier: [u'C08386']
2013-11-20 10:59:31,770: DEBUG: Proxy-State: ['3330,3132']
2013-11-20 10:59:31,770: DEBUG: GoGo-Total-Input-Voice-Octets: [0]
2013-11-20 10:59:31,771: DEBUG: Acct-Status-Type: ['Interim-Update']
2013-11-20 10:59:31,771: DEBUG: GoGo-Total-Output-Voice-Gigawords: [0]
2013-11-20 10:59:31,771: DEBUG: GoGo-Airline: [u'BA01']
2013-11-20 10:59:31,771: DEBUG: Acct-Session-Id: [u'AAATestNAS_48-1384925291641-00163E1D4F5B-2']
2013-11-20 10:59:31,772: DEBUG: Acct-Session-Time: [10]
2013-11-20 10:59:31,772: DEBUG: Acct-Input-Packets: [42578]
2013-11-20 10:59:31,772: DEBUG: Acct-Output-Packets: [13160]
2013-11-20 10:59:31,772: DEBUG: GoGo-Acct-Output-Voice-Packets: [0]
2013-11-20 10:59:31,772: DEBUG: GoGo-Acct-Output-Voice-Octets: [0]
2013-11-20 10:59:31,773: DEBUG: Acct-Output-Gigawords: [0]
2013-11-20 10:59:31,773: DEBUG: GoGo-Total-Output-Voice-Packets: [0]
2013-11-20 10:59:31,773: DEBUG: Acct-Input-Gigawords: [0]
2013-11-20 10:59:31,773: DEBUG: Calling-Station-Id: [u'17:21:31:41:52:18']
2013-11-20 10:59:31,774: DEBUG: NAS-Port-Type: ['Wireless-802.11']
2013-11-20 10:59:31,774: DEBUG: GoGo-Total-Output-Voice-Octets: [0]
2013-11-20 10:59:31,774: DEBUG: GoGo-Private-IP-Address: ['192.168.1.179']
2013-11-20 10:59:31,774: DEBUG: GoGo-Acct-Input-Voice-Gigawords: [0]
2013-11-20 10:59:31,774: DEBUG: GoGo-Total-Input-Packets: [42578]
2013-11-20 10:59:31,774: DEBUG: GoGo-Total-Input-Gigawords: [0]
2013-11-20 10:59:31,775: DEBUG: GoGo-Acct-Input-Voice-Packets: [0]
2013-11-20 10:59:31,775: DEBUG: GoGo-Total-Input-Octets: [4809876]
2013-11-20 10:59:31,775: DEBUG: GoGo-Total-Output-Packets: [13160]
2013-11-20 10:59:31,775: DEBUG: WISPr-Location-ID: [u'airline=BA01,tail=01009,network=']
2013-11-20 10:59:31,775: DEBUG: GoGo-Acct-Output-Voice-Gigawords: [0]
2013-11-20 10:59:31,775: DEBUG: Acct-Input-Octets: [4809876]
2013-11-20 10:59:31,776: ERROR: Network error, Reason: 'Network error: nodename nor servname provided, or not known'
2013-11-20 10:59:38,776: DEBUG: 

2013-11-20 10:59:38,777: DEBUG: Creating Accounting Update Request with the following Attributes:
2013-11-20 10:59:38,778: DEBUG: User-Name: [u'username50@airborne.aircell.com']
2013-11-20 10:59:38,778: DEBUG: GoGo-Tail-Number: [u'AAATestNAS_48']
2013-11-20 10:59:38,778: DEBUG: Acct-Output-Octets: [2461434]
2013-11-20 10:59:38,778: DEBUG: NAS-IP-Address: ['10.254.53.1']
2013-11-20 10:59:38,779: DEBUG: GoGo-Total-Output-Gigawords: [0]
2013-11-20 10:59:38,779: DEBUG: Framed-IP-Address: ['10.254.53.104']
2013-11-20 10:59:38,779: DEBUG: GoGo-Total-Input-Voice-Gigawords: [0]
2013-11-20 10:59:38,779: DEBUG: GoGo-Total-Output-Octets: [2461434]
2013-11-20 10:59:38,780: DEBUG: GoGo-Acct-Input-Voice-Octets: [0]
2013-11-20 10:59:38,780: DEBUG: GoGo-Total-Input-Voice-Packets: [0]
2013-11-20 10:59:38,780: DEBUG: Called-Station-Id: [u'00:16:3E:1D:4F:5B']
2013-11-20 10:59:38,781: DEBUG: WISPr-Location-Name: [u'TEST LLC,BA01_01009']
2013-11-20 10:59:38,781: DEBUG: NAS-Identifier: [u'C08386']
2013-11-20 10:59:38,781: DEBUG: Proxy-State: ['3330,3132']
2013-11-20 10:59:38,781: DEBUG: GoGo-Total-Input-Voice-Octets: [0]
2013-11-20 10:59:38,781: DEBUG: Acct-Status-Type: ['Interim-Update']
2013-11-20 10:59:38,782: DEBUG: GoGo-Total-Output-Voice-Gigawords: [0]
2013-11-20 10:59:38,782: DEBUG: GoGo-Airline: [u'BA01']
2013-11-20 10:59:38,782: DEBUG: Acct-Session-Id: [u'AAATestNAS_48-1384925291641-00163E1D4F5B-2']
2013-11-20 10:59:38,782: DEBUG: Acct-Session-Time: [7]
2013-11-20 10:59:38,782: DEBUG: Acct-Input-Packets: [9667]
2013-11-20 10:59:38,783: DEBUG: Acct-Output-Packets: [16281]
2013-11-20 10:59:38,783: DEBUG: GoGo-Acct-Output-Voice-Packets: [0]
2013-11-20 10:59:38,783: DEBUG: GoGo-Acct-Output-Voice-Octets: [0]
2013-11-20 10:59:38,783: DEBUG: Acct-Output-Gigawords: [0]
2013-11-20 10:59:38,783: DEBUG: GoGo-Total-Output-Voice-Packets: [0]
2013-11-20 10:59:38,784: DEBUG: Acct-Input-Gigawords: [0]
2013-11-20 10:59:38,784: DEBUG: Calling-Station-Id: [u'17:21:31:41:52:18']
2013-11-20 10:59:38,784: DEBUG: NAS-Port-Type: ['Wireless-802.11']
2013-11-20 10:59:38,784: DEBUG: GoGo-Total-Output-Voice-Octets: [0]
2013-11-20 10:59:38,784: DEBUG: GoGo-Private-IP-Address: ['192.168.1.179']
2013-11-20 10:59:38,784: DEBUG: GoGo-Acct-Input-Voice-Gigawords: [0]
2013-11-20 10:59:38,785: DEBUG: GoGo-Total-Input-Packets: [9667]
2013-11-20 10:59:38,785: DEBUG: GoGo-Total-Input-Gigawords: [0]
2013-11-20 10:59:38,785: DEBUG: GoGo-Acct-Input-Voice-Packets: [0]
2013-11-20 10:59:38,785: DEBUG: GoGo-Total-Input-Octets: [1717721]
2013-11-20 10:59:38,785: DEBUG: GoGo-Total-Output-Packets: [16281]
2013-11-20 10:59:38,786: DEBUG: WISPr-Location-ID: [u'airline=BA01,tail=01009,network=']
2013-11-20 10:59:38,786: DEBUG: GoGo-Acct-Output-Voice-Gigawords: [0]
2013-11-20 10:59:38,786: DEBUG: Acct-Input-Octets: [1717721]
2013-11-20 10:59:38,786: ERROR: Network error, Reason: 'Network error: nodename nor servname provided, or not known'
2013-11-20 11:00:04,787: DEBUG: 

2013-11-20 11:00:04,788: DEBUG: Creating Accounting Stop Request with the following Attributes:
2013-11-20 11:00:04,788: DEBUG: User-Name: [u'username50@airborne.aircell.com']
2013-11-20 11:00:04,789: DEBUG: GoGo-Tail-Number: [u'01009']
2013-11-20 11:00:04,789: DEBUG: Acct-Output-Octets: [6808107]
2013-11-20 11:00:04,789: DEBUG: NAS-IP-Address: ['10.254.53.1']
2013-11-20 11:00:04,790: DEBUG: GoGo-Total-Output-Gigawords: [0]
2013-11-20 11:00:04,790: DEBUG: Framed-IP-Address: ['10.254.53.104']
2013-11-20 11:00:04,790: DEBUG: GoGo-Total-Input-Voice-Gigawords: [0]
2013-11-20 11:00:04,790: DEBUG: GoGo-Total-Output-Octets: [6808107]
2013-11-20 11:00:04,791: DEBUG: GoGo-Acct-Input-Voice-Octets: [0]
2013-11-20 11:00:04,791: DEBUG: GoGo-Total-Input-Voice-Packets: [0]
2013-11-20 11:00:04,791: DEBUG: Called-Station-Id: [u'00:16:3E:1D:4F:5B']
2013-11-20 11:00:04,791: DEBUG: WISPr-Location-Name: [u'TEST LLC,BA01_01009']
2013-11-20 11:00:04,791: DEBUG: NAS-Identifier: [u'C08386']
2013-11-20 11:00:04,792: DEBUG: Proxy-State: ['3330,3132']
2013-11-20 11:00:04,792: DEBUG: GoGo-Total-Input-Voice-Octets: [0]
2013-11-20 11:00:04,792: DEBUG: Acct-Status-Type: ['Stop']
2013-11-20 11:00:04,792: DEBUG: GoGo-Total-Output-Voice-Gigawords: [0]
2013-11-20 11:00:04,793: DEBUG: GoGo-Airline: [u'BA01']
2013-11-20 11:00:04,793: DEBUG: Acct-Session-Id: [u'AAATestNAS_48-1384925291641-00163E1D4F5B-2']
2013-11-20 11:00:04,793: DEBUG: Acct-Session-Time: [26]
2013-11-20 11:00:04,793: DEBUG: Acct-Input-Packets: [92975]
2013-11-20 11:00:04,793: DEBUG: Acct-Output-Packets: [21492]
2013-11-20 11:00:04,793: DEBUG: Acct-Terminate-Cause: ['User-Request']
2013-11-20 11:00:04,793: DEBUG: GoGo-Acct-Output-Voice-Octets: [0]
2013-11-20 11:00:04,794: DEBUG: Acct-Output-Gigawords: [0]
2013-11-20 11:00:04,794: DEBUG: GoGo-Total-Output-Voice-Packets: [0]
2013-11-20 11:00:04,794: DEBUG: Acct-Input-Gigawords: [0]
2013-11-20 11:00:04,794: DEBUG: Calling-Station-Id: [u'17:21:31:41:52:18']
2013-11-20 11:00:04,794: DEBUG: NAS-Port-Type: ['Wireless-802.11']
2013-11-20 11:00:04,794: DEBUG: GoGo-Total-Output-Voice-Octets: [0]
2013-11-20 11:00:04,795: DEBUG: GoGo-Private-IP-Address: ['192.168.1.179']
2013-11-20 11:00:04,795: DEBUG: GoGo-Acct-Input-Voice-Gigawords: [0]
2013-11-20 11:00:04,795: DEBUG: GoGo-Total-Input-Packets: [92975]
2013-11-20 11:00:04,795: DEBUG: GoGo-Total-Input-Gigawords: [0]
2013-11-20 11:00:04,795: DEBUG: GoGo-Acct-Input-Voice-Packets: [0]
2013-11-20 11:00:04,795: DEBUG: GoGo-Total-Input-Octets: [9822012]
2013-11-20 11:00:04,796: DEBUG: GoGo-Total-Output-Packets: [21492]
2013-11-20 11:00:04,796: DEBUG: WISPr-Location-ID: [u'airline=BA01,tail=01009,network=']
2013-11-20 11:00:04,796: DEBUG: GoGo-Acct-Output-Voice-Packets: [0]
2013-11-20 11:00:04,796: DEBUG: GoGo-Acct-Output-Voice-Gigawords: [0]
2013-11-20 11:00:04,796: DEBUG: Acct-Input-Octets: [9822012]
2013-11-20 11:00:04,797: ERROR: Network error, Reason: 'Network error: nodename nor servname provided, or not known'
2013-11-20 11:00:04,797: ERROR: Ending the test for this user
2013-11-20 11:00:04,797: DEBUG: Ending the test for this user
